===== 1 [Wed Mar  7 02:07:01 CET 2018] scale:100000 groups:10 work_mem:4MB incremental:on max_workers:0 =====
SELECT * FROM s_1 ORDER BY a, b LIMIT 1000
                                                                 QUERY PLAN                                                                  
---------------------------------------------------------------------------------------------------------------------------------------------
 Limit  (cost=821.15..821.15 rows=1 width=20) (actual time=1.832..1.832 rows=0 loops=1)
   ->  Limit  (cost=793.65..811.15 rows=1000 width=20) (actual time=1.706..1.804 rows=1000 loops=1)
         ->  Incremental Sort  (cost=793.65..2543.87 rows=100000 width=20) (actual time=1.706..1.749 rows=1000 loops=1)
               Sort Key: s_1.a, s_1.b
               Presorted Key: s_1.a
               Sort Method: quicksort  Memory: 582kB
               Sort Groups: 1
               ->  Index Scan using s_1_a_idx on s_1  (cost=0.29..3244.29 rows=100000 width=20) (actual time=0.022..0.722 rows=4982 loops=1)
 Planning time: 0.256 ms
 Execution time: 1.874 ms
(10 rows)

===== 2 [Wed Mar  7 02:07:01 CET 2018] scale:100000 groups:10 work_mem:4MB incremental:on max_workers:0 =====
SELECT * FROM s_2 ORDER BY a, b, c LIMIT 1000
                                                                  QUERY PLAN                                                                   
-----------------------------------------------------------------------------------------------------------------------------------------------
 Limit  (cost=101.72..101.72 rows=1 width=20) (actual time=0.628..0.628 rows=0 loops=1)
   ->  Limit  (cost=74.05..91.72 rows=1000 width=20) (actual time=0.154..0.600 rows=1000 loops=1)
         ->  Incremental Sort  (cost=74.05..1841.95 rows=100000 width=20) (actual time=0.154..0.544 rows=1000 loops=1)
               Sort Key: s_2.a, s_2.b, s_2.c
               Presorted Key: s_2.a, s_2.b
               Sort Method: quicksort  Memory: 66kB
               Sort Groups: 3
               ->  Index Scan using s_2_a_b_idx on s_2  (cost=0.29..4079.04 rows=100000 width=20) (actual time=0.028..0.201 rows=1281 loops=1)
 Planning time: 0.263 ms
 Execution time: 0.651 ms
(10 rows)

===== 3 [Wed Mar  7 02:07:01 CET 2018] scale:100000 groups:10 work_mem:4MB incremental:on max_workers:0 =====
SELECT * FROM s_3 ORDER BY a, b, c, d LIMIT 1000
                                                                   QUERY PLAN                                                                    
-------------------------------------------------------------------------------------------------------------------------------------------------
 Limit  (cost=34.63..34.63 rows=1 width=20) (actual time=0.599..0.599 rows=0 loops=1)
   ->  Limit  (cost=6.16..24.63 rows=1000 width=20) (actual time=0.093..0.570 rows=1000 loops=1)
         ->  Incremental Sort  (cost=6.16..1853.46 rows=100000 width=20) (actual time=0.093..0.515 rows=1000 loops=1)
               Sort Key: s_3.a, s_3.b, s_3.c, s_3.d
               Presorted Key: s_3.a, s_3.b, s_3.c
               Sort Method: quicksort  Memory: 31kB
               Sort Groups: 20
               ->  Index Scan using s_3_a_b_c_idx on s_3  (cost=0.42..4527.17 rows=100000 width=20) (actual time=0.038..0.186 rows=1051 loops=1)
 Planning time: 0.276 ms
 Execution time: 0.622 ms
(10 rows)

===== 4 [Wed Mar  7 02:07:01 CET 2018] scale:100000 groups:10 work_mem:4MB incremental:on max_workers:0 =====
SELECT * FROM s_4 ORDER BY a, b, c, d, e LIMIT 1000
                                                                    QUERY PLAN                                                                     
---------------------------------------------------------------------------------------------------------------------------------------------------
 Limit  (cost=31.15..31.15 rows=1 width=20) (actual time=0.585..0.585 rows=0 loops=1)
   ->  Limit  (cost=1.04..21.15 rows=1000 width=20) (actual time=0.082..0.557 rows=1000 loops=1)
         ->  Incremental Sort  (cost=1.04..2012.29 rows=100000 width=20) (actual time=0.082..0.502 rows=1000 loops=1)
               Sort Key: s_4.a, s_4.b, s_4.c, s_4.d, s_4.e
               Presorted Key: s_4.a, s_4.b, s_4.c, s_4.d
               Sort Method: quicksort  Memory: 28kB
               Sort Groups: 29
               ->  Index Scan using s_4_a_b_c_d_idx on s_4  (cost=0.42..4527.17 rows=100000 width=20) (actual time=0.031..0.167 rows=1001 loops=1)
 Planning time: 0.267 ms
 Execution time: 0.608 ms
(10 rows)

===== 5 [Wed Mar  7 02:07:01 CET 2018] scale:100000 groups:10 work_mem:4MB incremental:off max_workers:0 =====
SELECT * FROM s_1 ORDER BY a, b LIMIT 1000
                                                         QUERY PLAN                                                          
-----------------------------------------------------------------------------------------------------------------------------
 Limit  (cost=7132.39..7132.39 rows=1 width=20) (actual time=13.097..13.097 rows=0 loops=1)
   ->  Limit  (cost=7119.89..7122.39 rows=1000 width=20) (actual time=12.972..13.067 rows=1000 loops=1)
         ->  Sort  (cost=7119.89..7369.89 rows=100000 width=20) (actual time=12.971..13.011 rows=1000 loops=1)
               Sort Key: s_1.a, s_1.b
               Sort Method: top-N heapsort  Memory: 179kB
               ->  Seq Scan on s_1  (cost=0.00..1637.00 rows=100000 width=20) (actual time=0.007..5.059 rows=100000 loops=1)
 Planning time: 0.252 ms
 Execution time: 13.135 ms
(8 rows)

===== 6 [Wed Mar  7 02:07:01 CET 2018] scale:100000 groups:10 work_mem:4MB incremental:off max_workers:0 =====
SELECT * FROM s_2 ORDER BY a, b, c LIMIT 1000
                                                         QUERY PLAN                                                          
-----------------------------------------------------------------------------------------------------------------------------
 Limit  (cost=7132.39..7132.39 rows=1 width=20) (actual time=12.916..12.916 rows=0 loops=1)
   ->  Limit  (cost=7119.89..7122.39 rows=1000 width=20) (actual time=12.792..12.889 rows=1000 loops=1)
         ->  Sort  (cost=7119.89..7369.89 rows=100000 width=20) (actual time=12.791..12.830 rows=1000 loops=1)
               Sort Key: s_2.a, s_2.b, s_2.c
               Sort Method: top-N heapsort  Memory: 139kB
               ->  Seq Scan on s_2  (cost=0.00..1637.00 rows=100000 width=20) (actual time=0.010..5.062 rows=100000 loops=1)
 Planning time: 0.264 ms
 Execution time: 12.953 ms
(8 rows)

===== 7 [Wed Mar  7 02:07:01 CET 2018] scale:100000 groups:10 work_mem:4MB incremental:off max_workers:0 =====
SELECT * FROM s_3 ORDER BY a, b, c, d LIMIT 1000
                                                         QUERY PLAN                                                          
-----------------------------------------------------------------------------------------------------------------------------
 Limit  (cost=7132.39..7132.39 rows=1 width=20) (actual time=13.077..13.077 rows=0 loops=1)
   ->  Limit  (cost=7119.89..7122.39 rows=1000 width=20) (actual time=12.955..13.049 rows=1000 loops=1)
         ->  Sort  (cost=7119.89..7369.89 rows=100000 width=20) (actual time=12.954..12.993 rows=1000 loops=1)
               Sort Key: s_3.a, s_3.b, s_3.c, s_3.d
               Sort Method: top-N heapsort  Memory: 128kB
               ->  Seq Scan on s_3  (cost=0.00..1637.00 rows=100000 width=20) (actual time=0.011..5.049 rows=100000 loops=1)
 Planning time: 0.261 ms
 Execution time: 13.115 ms
(8 rows)

===== 8 [Wed Mar  7 02:07:01 CET 2018] scale:100000 groups:10 work_mem:4MB incremental:off max_workers:0 =====
SELECT * FROM s_4 ORDER BY a, b, c, d, e LIMIT 1000
                                                         QUERY PLAN                                                          
-----------------------------------------------------------------------------------------------------------------------------
 Limit  (cost=7132.39..7132.39 rows=1 width=20) (actual time=13.088..13.088 rows=0 loops=1)
   ->  Limit  (cost=7119.89..7122.39 rows=1000 width=20) (actual time=12.965..13.060 rows=1000 loops=1)
         ->  Sort  (cost=7119.89..7369.89 rows=100000 width=20) (actual time=12.965..13.003 rows=1000 loops=1)
               Sort Key: s_4.a, s_4.b, s_4.c, s_4.d, s_4.e
               Sort Method: top-N heapsort  Memory: 127kB
               ->  Seq Scan on s_4  (cost=0.00..1637.00 rows=100000 width=20) (actual time=0.006..5.051 rows=100000 loops=1)
 Planning time: 0.252 ms
 Execution time: 13.124 ms
(8 rows)

===== 9 [Wed Mar  7 02:07:01 CET 2018] scale:100000 groups:10 work_mem:8MB incremental:on max_workers:0 =====
SELECT * FROM s_1 ORDER BY a, b LIMIT 1000
                                                                 QUERY PLAN                                                                  
---------------------------------------------------------------------------------------------------------------------------------------------
 Limit  (cost=821.15..821.15 rows=1 width=20) (actual time=1.753..1.753 rows=0 loops=1)
   ->  Limit  (cost=793.65..811.15 rows=1000 width=20) (actual time=1.627..1.725 rows=1000 loops=1)
         ->  Incremental Sort  (cost=793.65..2543.87 rows=100000 width=20) (actual time=1.627..1.670 rows=1000 loops=1)
               Sort Key: s_1.a, s_1.b
               Presorted Key: s_1.a
               Sort Method: quicksort  Memory: 582kB
               Sort Groups: 1
               ->  Index Scan using s_1_a_idx on s_1  (cost=0.29..3244.29 rows=100000 width=20) (actual time=0.009..0.646 rows=4982 loops=1)
 Planning time: 0.251 ms
 Execution time: 1.796 ms
(10 rows)

===== 10 [Wed Mar  7 02:07:02 CET 2018] scale:100000 groups:10 work_mem:8MB incremental:on max_workers:0 =====
SELECT * FROM s_2 ORDER BY a, b, c LIMIT 1000
                                                                  QUERY PLAN                                                                   
-----------------------------------------------------------------------------------------------------------------------------------------------
 Limit  (cost=101.72..101.72 rows=1 width=20) (actual time=0.602..0.602 rows=0 loops=1)
   ->  Limit  (cost=74.05..91.72 rows=1000 width=20) (actual time=0.142..0.573 rows=1000 loops=1)
         ->  Incremental Sort  (cost=74.05..1841.95 rows=100000 width=20) (actual time=0.142..0.518 rows=1000 loops=1)
               Sort Key: s_2.a, s_2.b, s_2.c
               Presorted Key: s_2.a, s_2.b
               Sort Method: quicksort  Memory: 66kB
               Sort Groups: 3
               ->  Index Scan using s_2_a_b_idx on s_2  (cost=0.29..4079.04 rows=100000 width=20) (actual time=0.016..0.169 rows=1281 loops=1)
 Planning time: 0.267 ms
 Execution time: 0.625 ms
(10 rows)

===== 11 [Wed Mar  7 02:07:02 CET 2018] scale:100000 groups:10 work_mem:8MB incremental:on max_workers:0 =====
SELECT * FROM s_3 ORDER BY a, b, c, d LIMIT 1000
                                                                   QUERY PLAN                                                                    
-------------------------------------------------------------------------------------------------------------------------------------------------
 Limit  (cost=34.63..34.63 rows=1 width=20) (actual time=0.557..0.557 rows=0 loops=1)
   ->  Limit  (cost=6.16..24.63 rows=1000 width=20) (actual time=0.069..0.529 rows=1000 loops=1)
         ->  Incremental Sort  (cost=6.16..1853.46 rows=100000 width=20) (actual time=0.069..0.474 rows=1000 loops=1)
               Sort Key: s_3.a, s_3.b, s_3.c, s_3.d
               Presorted Key: s_3.a, s_3.b, s_3.c
               Sort Method: quicksort  Memory: 31kB
               Sort Groups: 20
               ->  Index Scan using s_3_a_b_c_idx on s_3  (cost=0.42..4527.17 rows=100000 width=20) (actual time=0.013..0.145 rows=1051 loops=1)
 Planning time: 0.273 ms
 Execution time: 0.580 ms
(10 rows)

===== 12 [Wed Mar  7 02:07:02 CET 2018] scale:100000 groups:10 work_mem:8MB incremental:on max_workers:0 =====
SELECT * FROM s_4 ORDER BY a, b, c, d, e LIMIT 1000
                                                                    QUERY PLAN                                                                     
---------------------------------------------------------------------------------------------------------------------------------------------------
 Limit  (cost=31.15..31.15 rows=1 width=20) (actual time=0.560..0.560 rows=0 loops=1)
   ->  Limit  (cost=1.04..21.15 rows=1000 width=20) (actual time=0.061..0.531 rows=1000 loops=1)
         ->  Incremental Sort  (cost=1.04..2012.29 rows=100000 width=20) (actual time=0.060..0.471 rows=1000 loops=1)
               Sort Key: s_4.a, s_4.b, s_4.c, s_4.d, s_4.e
               Presorted Key: s_4.a, s_4.b, s_4.c, s_4.d
               Sort Method: quicksort  Memory: 28kB
               Sort Groups: 29
               ->  Index Scan using s_4_a_b_c_d_idx on s_4  (cost=0.42..4527.17 rows=100000 width=20) (actual time=0.009..0.136 rows=1001 loops=1)
 Planning time: 0.265 ms
 Execution time: 0.583 ms
(10 rows)

===== 13 [Wed Mar  7 02:07:02 CET 2018] scale:100000 groups:10 work_mem:8MB incremental:off max_workers:0 =====
SELECT * FROM s_1 ORDER BY a, b LIMIT 1000
                                                         QUERY PLAN                                                          
-----------------------------------------------------------------------------------------------------------------------------
 Limit  (cost=7132.39..7132.39 rows=1 width=20) (actual time=13.100..13.100 rows=0 loops=1)
   ->  Limit  (cost=7119.89..7122.39 rows=1000 width=20) (actual time=12.978..13.072 rows=1000 loops=1)
         ->  Sort  (cost=7119.89..7369.89 rows=100000 width=20) (actual time=12.977..13.017 rows=1000 loops=1)
               Sort Key: s_1.a, s_1.b
               Sort Method: top-N heapsort  Memory: 179kB
               ->  Seq Scan on s_1  (cost=0.00..1637.00 rows=100000 width=20) (actual time=0.007..5.056 rows=100000 loops=1)
 Planning time: 0.255 ms
 Execution time: 13.138 ms
(8 rows)

===== 14 [Wed Mar  7 02:07:02 CET 2018] scale:100000 groups:10 work_mem:8MB incremental:off max_workers:0 =====
SELECT * FROM s_2 ORDER BY a, b, c LIMIT 1000
                                                         QUERY PLAN                                                          
-----------------------------------------------------------------------------------------------------------------------------
 Limit  (cost=7132.39..7132.39 rows=1 width=20) (actual time=12.914..12.914 rows=0 loops=1)
   ->  Limit  (cost=7119.89..7122.39 rows=1000 width=20) (actual time=12.793..12.885 rows=1000 loops=1)
         ->  Sort  (cost=7119.89..7369.89 rows=100000 width=20) (actual time=12.792..12.831 rows=1000 loops=1)
               Sort Key: s_2.a, s_2.b, s_2.c
               Sort Method: top-N heapsort  Memory: 139kB
               ->  Seq Scan on s_2  (cost=0.00..1637.00 rows=100000 width=20) (actual time=0.010..5.070 rows=100000 loops=1)
 Planning time: 0.259 ms
 Execution time: 12.951 ms
(8 rows)

===== 15 [Wed Mar  7 02:07:02 CET 2018] scale:100000 groups:10 work_mem:8MB incremental:off max_workers:0 =====
SELECT * FROM s_3 ORDER BY a, b, c, d LIMIT 1000
                                                         QUERY PLAN                                                          
-----------------------------------------------------------------------------------------------------------------------------
 Limit  (cost=7132.39..7132.39 rows=1 width=20) (actual time=13.045..13.045 rows=0 loops=1)
   ->  Limit  (cost=7119.89..7122.39 rows=1000 width=20) (actual time=12.924..13.017 rows=1000 loops=1)
         ->  Sort  (cost=7119.89..7369.89 rows=100000 width=20) (actual time=12.923..12.962 rows=1000 loops=1)
               Sort Key: s_3.a, s_3.b, s_3.c, s_3.d
               Sort Method: top-N heapsort  Memory: 128kB
               ->  Seq Scan on s_3  (cost=0.00..1637.00 rows=100000 width=20) (actual time=0.010..5.051 rows=100000 loops=1)
 Planning time: 0.271 ms
 Execution time: 13.084 ms
(8 rows)

===== 16 [Wed Mar  7 02:07:02 CET 2018] scale:100000 groups:10 work_mem:8MB incremental:off max_workers:0 =====
SELECT * FROM s_4 ORDER BY a, b, c, d, e LIMIT 1000
                                                         QUERY PLAN                                                          
-----------------------------------------------------------------------------------------------------------------------------
 Limit  (cost=7132.39..7132.39 rows=1 width=20) (actual time=13.084..13.084 rows=0 loops=1)
   ->  Limit  (cost=7119.89..7122.39 rows=1000 width=20) (actual time=12.962..13.056 rows=1000 loops=1)
         ->  Sort  (cost=7119.89..7369.89 rows=100000 width=20) (actual time=12.962..13.000 rows=1000 loops=1)
               Sort Key: s_4.a, s_4.b, s_4.c, s_4.d, s_4.e
               Sort Method: top-N heapsort  Memory: 127kB
               ->  Seq Scan on s_4  (cost=0.00..1637.00 rows=100000 width=20) (actual time=0.007..5.067 rows=100000 loops=1)
 Planning time: 0.254 ms
 Execution time: 13.120 ms
(8 rows)

===== 17 [Wed Mar  7 02:07:02 CET 2018] scale:100000 groups:10 work_mem:16MB incremental:on max_workers:0 =====
SELECT * FROM s_1 ORDER BY a, b LIMIT 1000
                                                                 QUERY PLAN                                                                  
---------------------------------------------------------------------------------------------------------------------------------------------
 Limit  (cost=821.15..821.15 rows=1 width=20) (actual time=1.749..1.749 rows=0 loops=1)
   ->  Limit  (cost=793.65..811.15 rows=1000 width=20) (actual time=1.622..1.720 rows=1000 loops=1)
         ->  Incremental Sort  (cost=793.65..2543.87 rows=100000 width=20) (actual time=1.621..1.665 rows=1000 loops=1)
               Sort Key: s_1.a, s_1.b
               Presorted Key: s_1.a
               Sort Method: quicksort  Memory: 582kB
               Sort Groups: 1
               ->  Index Scan using s_1_a_idx on s_1  (cost=0.29..3244.29 rows=100000 width=20) (actual time=0.009..0.644 rows=4982 loops=1)
 Planning time: 0.254 ms
 Execution time: 1.798 ms
(10 rows)

===== 18 [Wed Mar  7 02:07:02 CET 2018] scale:100000 groups:10 work_mem:16MB incremental:on max_workers:0 =====
SELECT * FROM s_2 ORDER BY a, b, c LIMIT 1000
                                                                  QUERY PLAN                                                                   
-----------------------------------------------------------------------------------------------------------------------------------------------
 Limit  (cost=101.72..101.72 rows=1 width=20) (actual time=0.597..0.597 rows=0 loops=1)
   ->  Limit  (cost=74.05..91.72 rows=1000 width=20) (actual time=0.132..0.569 rows=1000 loops=1)
         ->  Incremental Sort  (cost=74.05..1841.95 rows=100000 width=20) (actual time=0.131..0.514 rows=1000 loops=1)
               Sort Key: s_2.a, s_2.b, s_2.c
               Presorted Key: s_2.a, s_2.b
               Sort Method: quicksort  Memory: 66kB
               Sort Groups: 3
               ->  Index Scan using s_2_a_b_idx on s_2  (cost=0.29..4079.04 rows=100000 width=20) (actual time=0.015..0.173 rows=1281 loops=1)
 Planning time: 0.267 ms
 Execution time: 0.620 ms
(10 rows)

===== 19 [Wed Mar  7 02:07:02 CET 2018] scale:100000 groups:10 work_mem:16MB incremental:on max_workers:0 =====
SELECT * FROM s_3 ORDER BY a, b, c, d LIMIT 1000
                                                                   QUERY PLAN                                                                    
-------------------------------------------------------------------------------------------------------------------------------------------------
 Limit  (cost=34.63..34.63 rows=1 width=20) (actual time=0.561..0.561 rows=0 loops=1)
   ->  Limit  (cost=6.16..24.63 rows=1000 width=20) (actual time=0.065..0.532 rows=1000 loops=1)
         ->  Incremental Sort  (cost=6.16..1853.46 rows=100000 width=20) (actual time=0.065..0.477 rows=1000 loops=1)
               Sort Key: s_3.a, s_3.b, s_3.c, s_3.d
               Presorted Key: s_3.a, s_3.b, s_3.c
               Sort Method: quicksort  Memory: 31kB
               Sort Groups: 20
               ->  Index Scan using s_3_a_b_c_idx on s_3  (cost=0.42..4527.17 rows=100000 width=20) (actual time=0.012..0.146 rows=1051 loops=1)
 Planning time: 0.273 ms
 Execution time: 0.583 ms
(10 rows)

===== 20 [Wed Mar  7 02:07:02 CET 2018] scale:100000 groups:10 work_mem:16MB incremental:on max_workers:0 =====
SELECT * FROM s_4 ORDER BY a, b, c, d, e LIMIT 1000
                                                                    QUERY PLAN                                                                     
---------------------------------------------------------------------------------------------------------------------------------------------------
 Limit  (cost=31.15..31.15 rows=1 width=20) (actual time=0.561..0.561 rows=0 loops=1)
   ->  Limit  (cost=1.04..21.15 rows=1000 width=20) (actual time=0.062..0.532 rows=1000 loops=1)
         ->  Incremental Sort  (cost=1.04..2012.29 rows=100000 width=20) (actual time=0.061..0.477 rows=1000 loops=1)
               Sort Key: s_4.a, s_4.b, s_4.c, s_4.d, s_4.e
               Presorted Key: s_4.a, s_4.b, s_4.c, s_4.d
               Sort Method: quicksort  Memory: 28kB
               Sort Groups: 29
               ->  Index Scan using s_4_a_b_c_d_idx on s_4  (cost=0.42..4527.17 rows=100000 width=20) (actual time=0.009..0.136 rows=1001 loops=1)
 Planning time: 0.267 ms
 Execution time: 0.583 ms
(10 rows)

===== 21 [Wed Mar  7 02:07:03 CET 2018] scale:100000 groups:10 work_mem:16MB incremental:off max_workers:0 =====
SELECT * FROM s_1 ORDER BY a, b LIMIT 1000
                                                         QUERY PLAN                                                          
-----------------------------------------------------------------------------------------------------------------------------
 Limit  (cost=7132.39..7132.39 rows=1 width=20) (actual time=13.113..13.113 rows=0 loops=1)
   ->  Limit  (cost=7119.89..7122.39 rows=1000 width=20) (actual time=12.991..13.086 rows=1000 loops=1)
         ->  Sort  (cost=7119.89..7369.89 rows=100000 width=20) (actual time=12.991..13.030 rows=1000 loops=1)
               Sort Key: s_1.a, s_1.b
               Sort Method: top-N heapsort  Memory: 179kB
               ->  Seq Scan on s_1  (cost=0.00..1637.00 rows=100000 width=20) (actual time=0.007..5.070 rows=100000 loops=1)
 Planning time: 0.253 ms
 Execution time: 13.151 ms
(8 rows)

===== 22 [Wed Mar  7 02:07:03 CET 2018] scale:100000 groups:10 work_mem:16MB incremental:off max_workers:0 =====
SELECT * FROM s_2 ORDER BY a, b, c LIMIT 1000
                                                         QUERY PLAN                                                          
-----------------------------------------------------------------------------------------------------------------------------
 Limit  (cost=7132.39..7132.39 rows=1 width=20) (actual time=12.899..12.899 rows=0 loops=1)
   ->  Limit  (cost=7119.89..7122.39 rows=1000 width=20) (actual time=12.777..12.871 rows=1000 loops=1)
         ->  Sort  (cost=7119.89..7369.89 rows=100000 width=20) (actual time=12.777..12.816 rows=1000 loops=1)
               Sort Key: s_2.a, s_2.b, s_2.c
               Sort Method: top-N heapsort  Memory: 139kB
               ->  Seq Scan on s_2  (cost=0.00..1637.00 rows=100000 width=20) (actual time=0.010..5.056 rows=100000 loops=1)
 Planning time: 0.255 ms
 Execution time: 12.936 ms
(8 rows)

===== 23 [Wed Mar  7 02:07:03 CET 2018] scale:100000 groups:10 work_mem:16MB incremental:off max_workers:0 =====
SELECT * FROM s_3 ORDER BY a, b, c, d LIMIT 1000
                                                         QUERY PLAN                                                          
-----------------------------------------------------------------------------------------------------------------------------
 Limit  (cost=7132.39..7132.39 rows=1 width=20) (actual time=13.048..13.048 rows=0 loops=1)
   ->  Limit  (cost=7119.89..7122.39 rows=1000 width=20) (actual time=12.924..13.019 rows=1000 loops=1)
         ->  Sort  (cost=7119.89..7369.89 rows=100000 width=20) (actual time=12.923..12.965 rows=1000 loops=1)
               Sort Key: s_3.a, s_3.b, s_3.c, s_3.d
               Sort Method: top-N heapsort  Memory: 128kB
               ->  Seq Scan on s_3  (cost=0.00..1637.00 rows=100000 width=20) (actual time=0.014..5.053 rows=100000 loops=1)
 Planning time: 0.259 ms
 Execution time: 13.087 ms
(8 rows)

===== 24 [Wed Mar  7 02:07:03 CET 2018] scale:100000 groups:10 work_mem:16MB incremental:off max_workers:0 =====
SELECT * FROM s_4 ORDER BY a, b, c, d, e LIMIT 1000
                                                         QUERY PLAN                                                          
-----------------------------------------------------------------------------------------------------------------------------
 Limit  (cost=7132.39..7132.39 rows=1 width=20) (actual time=13.089..13.089 rows=0 loops=1)
   ->  Limit  (cost=7119.89..7122.39 rows=1000 width=20) (actual time=12.966..13.061 rows=1000 loops=1)
         ->  Sort  (cost=7119.89..7369.89 rows=100000 width=20) (actual time=12.966..13.004 rows=1000 loops=1)
               Sort Key: s_4.a, s_4.b, s_4.c, s_4.d, s_4.e
               Sort Method: top-N heapsort  Memory: 127kB
               ->  Seq Scan on s_4  (cost=0.00..1637.00 rows=100000 width=20) (actual time=0.006..5.047 rows=100000 loops=1)
 Planning time: 0.252 ms
 Execution time: 13.124 ms
(8 rows)

===== 25 [Wed Mar  7 02:07:03 CET 2018] scale:100000 groups:10 work_mem:32MB incremental:on max_workers:0 =====
SELECT * FROM s_1 ORDER BY a, b LIMIT 1000
                                                                 QUERY PLAN                                                                  
---------------------------------------------------------------------------------------------------------------------------------------------
 Limit  (cost=821.15..821.15 rows=1 width=20) (actual time=1.754..1.754 rows=0 loops=1)
   ->  Limit  (cost=793.65..811.15 rows=1000 width=20) (actual time=1.628..1.726 rows=1000 loops=1)
         ->  Incremental Sort  (cost=793.65..2543.87 rows=100000 width=20) (actual time=1.628..1.670 rows=1000 loops=1)
               Sort Key: s_1.a, s_1.b
               Presorted Key: s_1.a
               Sort Method: quicksort  Memory: 582kB
               Sort Groups: 1
               ->  Index Scan using s_1_a_idx on s_1  (cost=0.29..3244.29 rows=100000 width=20) (actual time=0.009..0.652 rows=4982 loops=1)
 Planning time: 0.250 ms
 Execution time: 1.798 ms
(10 rows)

===== 26 [Wed Mar  7 02:07:03 CET 2018] scale:100000 groups:10 work_mem:32MB incremental:on max_workers:0 =====
SELECT * FROM s_2 ORDER BY a, b, c LIMIT 1000
                                                                  QUERY PLAN                                                                   
-----------------------------------------------------------------------------------------------------------------------------------------------
 Limit  (cost=101.72..101.72 rows=1 width=20) (actual time=0.596..0.596 rows=0 loops=1)
   ->  Limit  (cost=74.05..91.72 rows=1000 width=20) (actual time=0.136..0.568 rows=1000 loops=1)
         ->  Incremental Sort  (cost=74.05..1841.95 rows=100000 width=20) (actual time=0.136..0.513 rows=1000 loops=1)
               Sort Key: s_2.a, s_2.b, s_2.c
               Presorted Key: s_2.a, s_2.b
               Sort Method: quicksort  Memory: 66kB
               Sort Groups: 3
               ->  Index Scan using s_2_a_b_idx on s_2  (cost=0.29..4079.04 rows=100000 width=20) (actual time=0.017..0.171 rows=1281 loops=1)
 Planning time: 0.281 ms
 Execution time: 0.619 ms
(10 rows)

===== 27 [Wed Mar  7 02:07:03 CET 2018] scale:100000 groups:10 work_mem:32MB incremental:on max_workers:0 =====
SELECT * FROM s_3 ORDER BY a, b, c, d LIMIT 1000
                                                                   QUERY PLAN                                                                    
-------------------------------------------------------------------------------------------------------------------------------------------------
 Limit  (cost=34.63..34.63 rows=1 width=20) (actual time=0.558..0.558 rows=0 loops=1)
   ->  Limit  (cost=6.16..24.63 rows=1000 width=20) (actual time=0.064..0.529 rows=1000 loops=1)
         ->  Incremental Sort  (cost=6.16..1853.46 rows=100000 width=20) (actual time=0.064..0.474 rows=1000 loops=1)
               Sort Key: s_3.a, s_3.b, s_3.c, s_3.d
               Presorted Key: s_3.a, s_3.b, s_3.c
               Sort Method: quicksort  Memory: 31kB
               Sort Groups: 20
               ->  Index Scan using s_3_a_b_c_idx on s_3  (cost=0.42..4527.17 rows=100000 width=20) (actual time=0.012..0.146 rows=1051 loops=1)
 Planning time: 0.270 ms
 Execution time: 0.581 ms
(10 rows)

===== 28 [Wed Mar  7 02:07:03 CET 2018] scale:100000 groups:10 work_mem:32MB incremental:on max_workers:0 =====
SELECT * FROM s_4 ORDER BY a, b, c, d, e LIMIT 1000
                                                                    QUERY PLAN                                                                     
---------------------------------------------------------------------------------------------------------------------------------------------------
 Limit  (cost=31.15..31.15 rows=1 width=20) (actual time=0.561..0.561 rows=0 loops=1)
   ->  Limit  (cost=1.04..21.15 rows=1000 width=20) (actual time=0.060..0.532 rows=1000 loops=1)
         ->  Incremental Sort  (cost=1.04..2012.29 rows=100000 width=20) (actual time=0.060..0.477 rows=1000 loops=1)
               Sort Key: s_4.a, s_4.b, s_4.c, s_4.d, s_4.e
               Presorted Key: s_4.a, s_4.b, s_4.c, s_4.d
               Sort Method: quicksort  Memory: 28kB
               Sort Groups: 29
               ->  Index Scan using s_4_a_b_c_d_idx on s_4  (cost=0.42..4527.17 rows=100000 width=20) (actual time=0.008..0.143 rows=1001 loops=1)
 Planning time: 0.265 ms
 Execution time: 0.584 ms
(10 rows)

===== 29 [Wed Mar  7 02:07:03 CET 2018] scale:100000 groups:10 work_mem:32MB incremental:off max_workers:0 =====
SELECT * FROM s_1 ORDER BY a, b LIMIT 1000
                                                         QUERY PLAN                                                          
-----------------------------------------------------------------------------------------------------------------------------
 Limit  (cost=7132.39..7132.39 rows=1 width=20) (actual time=13.088..13.088 rows=0 loops=1)
   ->  Limit  (cost=7119.89..7122.39 rows=1000 width=20) (actual time=12.965..13.059 rows=1000 loops=1)
         ->  Sort  (cost=7119.89..7369.89 rows=100000 width=20) (actual time=12.965..13.004 rows=1000 loops=1)
               Sort Key: s_1.a, s_1.b
               Sort Method: top-N heapsort  Memory: 179kB
               ->  Seq Scan on s_1  (cost=0.00..1637.00 rows=100000 width=20) (actual time=0.007..5.059 rows=100000 loops=1)
 Planning time: 0.244 ms
 Execution time: 13.125 ms
(8 rows)

===== 30 [Wed Mar  7 02:07:03 CET 2018] scale:100000 groups:10 work_mem:32MB incremental:off max_workers:0 =====
SELECT * FROM s_2 ORDER BY a, b, c LIMIT 1000
                                                         QUERY PLAN                                                          
-----------------------------------------------------------------------------------------------------------------------------
 Limit  (cost=7132.39..7132.39 rows=1 width=20) (actual time=12.909..12.909 rows=0 loops=1)
   ->  Limit  (cost=7119.89..7122.39 rows=1000 width=20) (actual time=12.787..12.880 rows=1000 loops=1)
         ->  Sort  (cost=7119.89..7369.89 rows=100000 width=20) (actual time=12.786..12.825 rows=1000 loops=1)
               Sort Key: s_2.a, s_2.b, s_2.c
               Sort Method: top-N heapsort  Memory: 139kB
               ->  Seq Scan on s_2  (cost=0.00..1637.00 rows=100000 width=20) (actual time=0.010..5.068 rows=100000 loops=1)
 Planning time: 0.253 ms
 Execution time: 12.946 ms
(8 rows)

===== 31 [Wed Mar  7 02:07:04 CET 2018] scale:100000 groups:10 work_mem:32MB incremental:off max_workers:0 =====
SELECT * FROM s_3 ORDER BY a, b, c, d LIMIT 1000
                                                         QUERY PLAN                                                          
-----------------------------------------------------------------------------------------------------------------------------
 Limit  (cost=7132.39..7132.39 rows=1 width=20) (actual time=13.030..13.030 rows=0 loops=1)
   ->  Limit  (cost=7119.89..7122.39 rows=1000 width=20) (actual time=12.907..13.001 rows=1000 loops=1)
         ->  Sort  (cost=7119.89..7369.89 rows=100000 width=20) (actual time=12.907..12.946 rows=1000 loops=1)
               Sort Key: s_3.a, s_3.b, s_3.c, s_3.d
               Sort Method: top-N heapsort  Memory: 128kB
               ->  Seq Scan on s_3  (cost=0.00..1637.00 rows=100000 width=20) (actual time=0.010..5.051 rows=100000 loops=1)
 Planning time: 0.258 ms
 Execution time: 13.068 ms
(8 rows)

===== 32 [Wed Mar  7 02:07:04 CET 2018] scale:100000 groups:10 work_mem:32MB incremental:off max_workers:0 =====
SELECT * FROM s_4 ORDER BY a, b, c, d, e LIMIT 1000
                                                         QUERY PLAN                                                          
-----------------------------------------------------------------------------------------------------------------------------
 Limit  (cost=7132.39..7132.39 rows=1 width=20) (actual time=13.076..13.076 rows=0 loops=1)
   ->  Limit  (cost=7119.89..7122.39 rows=1000 width=20) (actual time=12.953..13.047 rows=1000 loops=1)
         ->  Sort  (cost=7119.89..7369.89 rows=100000 width=20) (actual time=12.952..12.991 rows=1000 loops=1)
               Sort Key: s_4.a, s_4.b, s_4.c, s_4.d, s_4.e
               Sort Method: top-N heapsort  Memory: 127kB
               ->  Seq Scan on s_4  (cost=0.00..1637.00 rows=100000 width=20) (actual time=0.007..5.051 rows=100000 loops=1)
 Planning time: 0.252 ms
 Execution time: 13.112 ms
(8 rows)

===== 33 [Wed Mar  7 02:07:04 CET 2018] scale:100000 groups:10 work_mem:64MB incremental:on max_workers:0 =====
SELECT * FROM s_1 ORDER BY a, b LIMIT 1000
                                                                 QUERY PLAN                                                                  
---------------------------------------------------------------------------------------------------------------------------------------------
 Limit  (cost=821.15..821.15 rows=1 width=20) (actual time=1.755..1.755 rows=0 loops=1)
   ->  Limit  (cost=793.65..811.15 rows=1000 width=20) (actual time=1.629..1.726 rows=1000 loops=1)
         ->  Incremental Sort  (cost=793.65..2543.87 rows=100000 width=20) (actual time=1.628..1.671 rows=1000 loops=1)
               Sort Key: s_1.a, s_1.b
               Presorted Key: s_1.a
               Sort Method: quicksort  Memory: 582kB
               Sort Groups: 1
               ->  Index Scan using s_1_a_idx on s_1  (cost=0.29..3244.29 rows=100000 width=20) (actual time=0.009..0.648 rows=4982 loops=1)
 Planning time: 0.255 ms
 Execution time: 1.796 ms
(10 rows)

===== 34 [Wed Mar  7 02:07:04 CET 2018] scale:100000 groups:10 work_mem:64MB incremental:on max_workers:0 =====
SELECT * FROM s_2 ORDER BY a, b, c LIMIT 1000
                                                                  QUERY PLAN                                                                   
-----------------------------------------------------------------------------------------------------------------------------------------------
 Limit  (cost=101.72..101.72 rows=1 width=20) (actual time=0.593..0.593 rows=0 loops=1)
   ->  Limit  (cost=74.05..91.72 rows=1000 width=20) (actual time=0.132..0.564 rows=1000 loops=1)
         ->  Incremental Sort  (cost=74.05..1841.95 rows=100000 width=20) (actual time=0.131..0.508 rows=1000 loops=1)
               Sort Key: s_2.a, s_2.b, s_2.c
               Presorted Key: s_2.a, s_2.b
               Sort Method: quicksort  Memory: 66kB
               Sort Groups: 3
               ->  Index Scan using s_2_a_b_idx on s_2  (cost=0.29..4079.04 rows=100000 width=20) (actual time=0.015..0.168 rows=1281 loops=1)
 Planning time: 0.272 ms
 Execution time: 0.616 ms
(10 rows)

===== 35 [Wed Mar  7 02:07:04 CET 2018] scale:100000 groups:10 work_mem:64MB incremental:on max_workers:0 =====
SELECT * FROM s_3 ORDER BY a, b, c, d LIMIT 1000
                                                                   QUERY PLAN                                                                    
-------------------------------------------------------------------------------------------------------------------------------------------------
 Limit  (cost=34.63..34.63 rows=1 width=20) (actual time=0.562..0.562 rows=0 loops=1)
   ->  Limit  (cost=6.16..24.63 rows=1000 width=20) (actual time=0.072..0.533 rows=1000 loops=1)
         ->  Incremental Sort  (cost=6.16..1853.46 rows=100000 width=20) (actual time=0.072..0.478 rows=1000 loops=1)
               Sort Key: s_3.a, s_3.b, s_3.c, s_3.d
               Presorted Key: s_3.a, s_3.b, s_3.c
               Sort Method: quicksort  Memory: 31kB
               Sort Groups: 20
               ->  Index Scan using s_3_a_b_c_idx on s_3  (cost=0.42..4527.17 rows=100000 width=20) (actual time=0.013..0.152 rows=1051 loops=1)
 Planning time: 0.271 ms
 Execution time: 0.585 ms
(10 rows)

===== 36 [Wed Mar  7 02:07:04 CET 2018] scale:100000 groups:10 work_mem:64MB incremental:on max_workers:0 =====
SELECT * FROM s_4 ORDER BY a, b, c, d, e LIMIT 1000
                                                                    QUERY PLAN                                                                     
---------------------------------------------------------------------------------------------------------------------------------------------------
 Limit  (cost=31.15..31.15 rows=1 width=20) (actual time=0.558..0.558 rows=0 loops=1)
   ->  Limit  (cost=1.04..21.15 rows=1000 width=20) (actual time=0.060..0.529 rows=1000 loops=1)
         ->  Incremental Sort  (cost=1.04..2012.29 rows=100000 width=20) (actual time=0.060..0.474 rows=1000 loops=1)
               Sort Key: s_4.a, s_4.b, s_4.c, s_4.d, s_4.e
               Presorted Key: s_4.a, s_4.b, s_4.c, s_4.d
               Sort Method: quicksort  Memory: 28kB
               Sort Groups: 29
               ->  Index Scan using s_4_a_b_c_d_idx on s_4  (cost=0.42..4527.17 rows=100000 width=20) (actual time=0.009..0.141 rows=1001 loops=1)
 Planning time: 0.267 ms
 Execution time: 0.581 ms
(10 rows)

===== 37 [Wed Mar  7 02:07:04 CET 2018] scale:100000 groups:10 work_mem:64MB incremental:off max_workers:0 =====
SELECT * FROM s_1 ORDER BY a, b LIMIT 1000
                                                         QUERY PLAN                                                          
-----------------------------------------------------------------------------------------------------------------------------
 Limit  (cost=7132.39..7132.39 rows=1 width=20) (actual time=13.090..13.090 rows=0 loops=1)
   ->  Limit  (cost=7119.89..7122.39 rows=1000 width=20) (actual time=12.968..13.062 rows=1000 loops=1)
         ->  Sort  (cost=7119.89..7369.89 rows=100000 width=20) (actual time=12.968..13.007 rows=1000 loops=1)
               Sort Key: s_1.a, s_1.b
               Sort Method: top-N heapsort  Memory: 179kB
               ->  Seq Scan on s_1  (cost=0.00..1637.00 rows=100000 width=20) (actual time=0.007..5.066 rows=100000 loops=1)
 Planning time: 0.252 ms
 Execution time: 13.127 ms
(8 rows)

===== 38 [Wed Mar  7 02:07:04 CET 2018] scale:100000 groups:10 work_mem:64MB incremental:off max_workers:0 =====
SELECT * FROM s_2 ORDER BY a, b, c LIMIT 1000
                                                         QUERY PLAN                                                          
-----------------------------------------------------------------------------------------------------------------------------
 Limit  (cost=7132.39..7132.39 rows=1 width=20) (actual time=12.904..12.904 rows=0 loops=1)
   ->  Limit  (cost=7119.89..7122.39 rows=1000 width=20) (actual time=12.782..12.876 rows=1000 loops=1)
         ->  Sort  (cost=7119.89..7369.89 rows=100000 width=20) (actual time=12.781..12.820 rows=1000 loops=1)
               Sort Key: s_2.a, s_2.b, s_2.c
               Sort Method: top-N heapsort  Memory: 139kB
               ->  Seq Scan on s_2  (cost=0.00..1637.00 rows=100000 width=20) (actual time=0.010..5.068 rows=100000 loops=1)
 Planning time: 0.255 ms
 Execution time: 12.942 ms
(8 rows)

===== 39 [Wed Mar  7 02:07:04 CET 2018] scale:100000 groups:10 work_mem:64MB incremental:off max_workers:0 =====
SELECT * FROM s_3 ORDER BY a, b, c, d LIMIT 1000
                                                         QUERY PLAN                                                          
-----------------------------------------------------------------------------------------------------------------------------
 Limit  (cost=7132.39..7132.39 rows=1 width=20) (actual time=13.089..13.089 rows=0 loops=1)
   ->  Limit  (cost=7119.89..7122.39 rows=1000 width=20) (actual time=12.967..13.060 rows=1000 loops=1)
         ->  Sort  (cost=7119.89..7369.89 rows=100000 width=20) (actual time=12.966..13.005 rows=1000 loops=1)
               Sort Key: s_3.a, s_3.b, s_3.c, s_3.d
               Sort Method: top-N heapsort  Memory: 128kB
               ->  Seq Scan on s_3  (cost=0.00..1637.00 rows=100000 width=20) (actual time=0.011..5.051 rows=100000 loops=1)
 Planning time: 0.265 ms
 Execution time: 13.128 ms
(8 rows)

===== 40 [Wed Mar  7 02:07:05 CET 2018] scale:100000 groups:10 work_mem:64MB incremental:off max_workers:0 =====
SELECT * FROM s_4 ORDER BY a, b, c, d, e LIMIT 1000
                                                         QUERY PLAN                                                          
-----------------------------------------------------------------------------------------------------------------------------
 Limit  (cost=7132.39..7132.39 rows=1 width=20) (actual time=13.083..13.083 rows=0 loops=1)
   ->  Limit  (cost=7119.89..7122.39 rows=1000 width=20) (actual time=12.960..13.055 rows=1000 loops=1)
         ->  Sort  (cost=7119.89..7369.89 rows=100000 width=20) (actual time=12.960..12.999 rows=1000 loops=1)
               Sort Key: s_4.a, s_4.b, s_4.c, s_4.d, s_4.e
               Sort Method: top-N heapsort  Memory: 127kB
               ->  Seq Scan on s_4  (cost=0.00..1637.00 rows=100000 width=20) (actual time=0.006..5.048 rows=100000 loops=1)
 Planning time: 0.263 ms
 Execution time: 13.120 ms
(8 rows)

===== 41 [Wed Mar  7 02:07:05 CET 2018] scale:100000 groups:10 work_mem:128MB incremental:on max_workers:0 =====
SELECT * FROM s_1 ORDER BY a, b LIMIT 1000
                                                                 QUERY PLAN                                                                  
---------------------------------------------------------------------------------------------------------------------------------------------
 Limit  (cost=821.15..821.15 rows=1 width=20) (actual time=1.752..1.752 rows=0 loops=1)
   ->  Limit  (cost=793.65..811.15 rows=1000 width=20) (actual time=1.625..1.723 rows=1000 loops=1)
         ->  Incremental Sort  (cost=793.65..2543.87 rows=100000 width=20) (actual time=1.625..1.668 rows=1000 loops=1)
               Sort Key: s_1.a, s_1.b
               Presorted Key: s_1.a
               Sort Method: quicksort  Memory: 582kB
               Sort Groups: 1
               ->  Index Scan using s_1_a_idx on s_1  (cost=0.29..3244.29 rows=100000 width=20) (actual time=0.009..0.645 rows=4982 loops=1)
 Planning time: 0.253 ms
 Execution time: 1.793 ms
(10 rows)

===== 42 [Wed Mar  7 02:07:05 CET 2018] scale:100000 groups:10 work_mem:128MB incremental:on max_workers:0 =====
SELECT * FROM s_2 ORDER BY a, b, c LIMIT 1000
                                                                  QUERY PLAN                                                                   
-----------------------------------------------------------------------------------------------------------------------------------------------
 Limit  (cost=101.72..101.72 rows=1 width=20) (actual time=0.594..0.594 rows=0 loops=1)
   ->  Limit  (cost=74.05..91.72 rows=1000 width=20) (actual time=0.134..0.566 rows=1000 loops=1)
         ->  Incremental Sort  (cost=74.05..1841.95 rows=100000 width=20) (actual time=0.134..0.511 rows=1000 loops=1)
               Sort Key: s_2.a, s_2.b, s_2.c
               Presorted Key: s_2.a, s_2.b
               Sort Method: quicksort  Memory: 66kB
               Sort Groups: 3
               ->  Index Scan using s_2_a_b_idx on s_2  (cost=0.29..4079.04 rows=100000 width=20) (actual time=0.016..0.169 rows=1281 loops=1)
 Planning time: 0.265 ms
 Execution time: 0.617 ms
(10 rows)

===== 43 [Wed Mar  7 02:07:05 CET 2018] scale:100000 groups:10 work_mem:128MB incremental:on max_workers:0 =====
SELECT * FROM s_3 ORDER BY a, b, c, d LIMIT 1000
                                                                   QUERY PLAN                                                                    
-------------------------------------------------------------------------------------------------------------------------------------------------
 Limit  (cost=34.63..34.63 rows=1 width=20) (actual time=0.558..0.558 rows=0 loops=1)
   ->  Limit  (cost=6.16..24.63 rows=1000 width=20) (actual time=0.064..0.529 rows=1000 loops=1)
         ->  Incremental Sort  (cost=6.16..1853.46 rows=100000 width=20) (actual time=0.064..0.474 rows=1000 loops=1)
               Sort Key: s_3.a, s_3.b, s_3.c, s_3.d
               Presorted Key: s_3.a, s_3.b, s_3.c
               Sort Method: quicksort  Memory: 31kB
               Sort Groups: 20
               ->  Index Scan using s_3_a_b_c_idx on s_3  (cost=0.42..4527.17 rows=100000 width=20) (actual time=0.013..0.147 rows=1051 loops=1)
 Planning time: 0.269 ms
 Execution time: 0.580 ms
(10 rows)

===== 44 [Wed Mar  7 02:07:05 CET 2018] scale:100000 groups:10 work_mem:128MB incremental:on max_workers:0 =====
SELECT * FROM s_4 ORDER BY a, b, c, d, e LIMIT 1000
                                                                    QUERY PLAN                                                                     
---------------------------------------------------------------------------------------------------------------------------------------------------
 Limit  (cost=31.15..31.15 rows=1 width=20) (actual time=0.552..0.552 rows=0 loops=1)
   ->  Limit  (cost=1.04..21.15 rows=1000 width=20) (actual time=0.060..0.523 rows=1000 loops=1)
         ->  Incremental Sort  (cost=1.04..2012.29 rows=100000 width=20) (actual time=0.060..0.468 rows=1000 loops=1)
               Sort Key: s_4.a, s_4.b, s_4.c, s_4.d, s_4.e
               Presorted Key: s_4.a, s_4.b, s_4.c, s_4.d
               Sort Method: quicksort  Memory: 28kB
               Sort Groups: 29
               ->  Index Scan using s_4_a_b_c_d_idx on s_4  (cost=0.42..4527.17 rows=100000 width=20) (actual time=0.009..0.135 rows=1001 loops=1)
 Planning time: 0.267 ms
 Execution time: 0.581 ms
(10 rows)

===== 45 [Wed Mar  7 02:07:05 CET 2018] scale:100000 groups:10 work_mem:128MB incremental:off max_workers:0 =====
SELECT * FROM s_1 ORDER BY a, b LIMIT 1000
                                                         QUERY PLAN                                                          
-----------------------------------------------------------------------------------------------------------------------------
 Limit  (cost=7132.39..7132.39 rows=1 width=20) (actual time=13.080..13.080 rows=0 loops=1)
   ->  Limit  (cost=7119.89..7122.39 rows=1000 width=20) (actual time=12.958..13.052 rows=1000 loops=1)
         ->  Sort  (cost=7119.89..7369.89 rows=100000 width=20) (actual time=12.958..12.997 rows=1000 loops=1)
               Sort Key: s_1.a, s_1.b
               Sort Method: top-N heapsort  Memory: 179kB
               ->  Seq Scan on s_1  (cost=0.00..1637.00 rows=100000 width=20) (actual time=0.007..5.052 rows=100000 loops=1)
 Planning time: 0.247 ms
 Execution time: 13.118 ms
(8 rows)

===== 46 [Wed Mar  7 02:07:05 CET 2018] scale:100000 groups:10 work_mem:128MB incremental:off max_workers:0 =====
SELECT * FROM s_2 ORDER BY a, b, c LIMIT 1000
                                                         QUERY PLAN                                                          
-----------------------------------------------------------------------------------------------------------------------------
 Limit  (cost=7132.39..7132.39 rows=1 width=20) (actual time=12.900..12.900 rows=0 loops=1)
   ->  Limit  (cost=7119.89..7122.39 rows=1000 width=20) (actual time=12.779..12.872 rows=1000 loops=1)
         ->  Sort  (cost=7119.89..7369.89 rows=100000 width=20) (actual time=12.779..12.817 rows=1000 loops=1)
               Sort Key: s_2.a, s_2.b, s_2.c
               Sort Method: top-N heapsort  Memory: 139kB
               ->  Seq Scan on s_2  (cost=0.00..1637.00 rows=100000 width=20) (actual time=0.010..5.060 rows=100000 loops=1)
 Planning time: 0.254 ms
 Execution time: 12.938 ms
(8 rows)

===== 47 [Wed Mar  7 02:07:05 CET 2018] scale:100000 groups:10 work_mem:128MB incremental:off max_workers:0 =====
SELECT * FROM s_3 ORDER BY a, b, c, d LIMIT 1000
                                                         QUERY PLAN                                                          
-----------------------------------------------------------------------------------------------------------------------------
 Limit  (cost=7132.39..7132.39 rows=1 width=20) (actual time=13.053..13.053 rows=0 loops=1)
   ->  Limit  (cost=7119.89..7122.39 rows=1000 width=20) (actual time=12.931..13.025 rows=1000 loops=1)
         ->  Sort  (cost=7119.89..7369.89 rows=100000 width=20) (actual time=12.931..12.969 rows=1000 loops=1)
               Sort Key: s_3.a, s_3.b, s_3.c, s_3.d
               Sort Method: top-N heapsort  Memory: 128kB
               ->  Seq Scan on s_3  (cost=0.00..1637.00 rows=100000 width=20) (actual time=0.010..5.049 rows=100000 loops=1)
 Planning time: 0.269 ms
 Execution time: 13.092 ms
(8 rows)

===== 48 [Wed Mar  7 02:07:05 CET 2018] scale:100000 groups:10 work_mem:128MB incremental:off max_workers:0 =====
SELECT * FROM s_4 ORDER BY a, b, c, d, e LIMIT 1000
                                                         QUERY PLAN                                                          
-----------------------------------------------------------------------------------------------------------------------------
 Limit  (cost=7132.39..7132.39 rows=1 width=20) (actual time=13.084..13.084 rows=0 loops=1)
   ->  Limit  (cost=7119.89..7122.39 rows=1000 width=20) (actual time=12.961..13.055 rows=1000 loops=1)
         ->  Sort  (cost=7119.89..7369.89 rows=100000 width=20) (actual time=12.960..12.999 rows=1000 loops=1)
               Sort Key: s_4.a, s_4.b, s_4.c, s_4.d, s_4.e
               Sort Method: top-N heapsort  Memory: 127kB
               ->  Seq Scan on s_4  (cost=0.00..1637.00 rows=100000 width=20) (actual time=0.007..5.063 rows=100000 loops=1)
 Planning time: 0.262 ms
 Execution time: 13.120 ms
(8 rows)

===== 49 [Wed Mar  7 02:07:06 CET 2018] scale:100000 groups:10 work_mem:256MB incremental:on max_workers:0 =====
SELECT * FROM s_1 ORDER BY a, b LIMIT 1000
                                                                 QUERY PLAN                                                                  
---------------------------------------------------------------------------------------------------------------------------------------------
 Limit  (cost=821.15..821.15 rows=1 width=20) (actual time=1.754..1.754 rows=0 loops=1)
   ->  Limit  (cost=793.65..811.15 rows=1000 width=20) (actual time=1.628..1.725 rows=1000 loops=1)
         ->  Incremental Sort  (cost=793.65..2543.87 rows=100000 width=20) (actual time=1.627..1.670 rows=1000 loops=1)
               Sort Key: s_1.a, s_1.b
               Presorted Key: s_1.a
               Sort Method: quicksort  Memory: 582kB
               Sort Groups: 1
               ->  Index Scan using s_1_a_idx on s_1  (cost=0.29..3244.29 rows=100000 width=20) (actual time=0.009..0.645 rows=4982 loops=1)
 Planning time: 0.252 ms
 Execution time: 1.795 ms
(10 rows)

===== 50 [Wed Mar  7 02:07:06 CET 2018] scale:100000 groups:10 work_mem:256MB incremental:on max_workers:0 =====
SELECT * FROM s_2 ORDER BY a, b, c LIMIT 1000
                                                                  QUERY PLAN                                                                   
-----------------------------------------------------------------------------------------------------------------------------------------------
 Limit  (cost=101.72..101.72 rows=1 width=20) (actual time=0.599..0.599 rows=0 loops=1)
   ->  Limit  (cost=74.05..91.72 rows=1000 width=20) (actual time=0.139..0.571 rows=1000 loops=1)
         ->  Incremental Sort  (cost=74.05..1841.95 rows=100000 width=20) (actual time=0.138..0.516 rows=1000 loops=1)
               Sort Key: s_2.a, s_2.b, s_2.c
               Presorted Key: s_2.a, s_2.b
               Sort Method: quicksort  Memory: 66kB
               Sort Groups: 3
               ->  Index Scan using s_2_a_b_idx on s_2  (cost=0.29..4079.04 rows=100000 width=20) (actual time=0.015..0.170 rows=1281 loops=1)
 Planning time: 0.266 ms
 Execution time: 0.622 ms
(10 rows)

===== 51 [Wed Mar  7 02:07:06 CET 2018] scale:100000 groups:10 work_mem:256MB incremental:on max_workers:0 =====
SELECT * FROM s_3 ORDER BY a, b, c, d LIMIT 1000
                                                                   QUERY PLAN                                                                    
-------------------------------------------------------------------------------------------------------------------------------------------------
 Limit  (cost=34.63..34.63 rows=1 width=20) (actual time=0.553..0.553 rows=0 loops=1)
   ->  Limit  (cost=6.16..24.63 rows=1000 width=20) (actual time=0.064..0.524 rows=1000 loops=1)
         ->  Incremental Sort  (cost=6.16..1853.46 rows=100000 width=20) (actual time=0.064..0.469 rows=1000 loops=1)
               Sort Key: s_3.a, s_3.b, s_3.c, s_3.d
               Presorted Key: s_3.a, s_3.b, s_3.c
               Sort Method: quicksort  Memory: 31kB
               Sort Groups: 20
               ->  Index Scan using s_3_a_b_c_idx on s_3  (cost=0.42..4527.17 rows=100000 width=20) (actual time=0.012..0.146 rows=1051 loops=1)
 Planning time: 0.282 ms
 Execution time: 0.576 ms
(10 rows)

===== 52 [Wed Mar  7 02:07:06 CET 2018] scale:100000 groups:10 work_mem:256MB incremental:on max_workers:0 =====
SELECT * FROM s_4 ORDER BY a, b, c, d, e LIMIT 1000
                                                                    QUERY PLAN                                                                     
---------------------------------------------------------------------------------------------------------------------------------------------------
 Limit  (cost=31.15..31.15 rows=1 width=20) (actual time=0.558..0.558 rows=0 loops=1)
   ->  Limit  (cost=1.04..21.15 rows=1000 width=20) (actual time=0.060..0.529 rows=1000 loops=1)
         ->  Incremental Sort  (cost=1.04..2012.29 rows=100000 width=20) (actual time=0.060..0.474 rows=1000 loops=1)
               Sort Key: s_4.a, s_4.b, s_4.c, s_4.d, s_4.e
               Presorted Key: s_4.a, s_4.b, s_4.c, s_4.d
               Sort Method: quicksort  Memory: 28kB
               Sort Groups: 29
               ->  Index Scan using s_4_a_b_c_d_idx on s_4  (cost=0.42..4527.17 rows=100000 width=20) (actual time=0.009..0.136 rows=1001 loops=1)
 Planning time: 0.267 ms
 Execution time: 0.580 ms
(10 rows)

===== 53 [Wed Mar  7 02:07:06 CET 2018] scale:100000 groups:10 work_mem:256MB incremental:off max_workers:0 =====
SELECT * FROM s_1 ORDER BY a, b LIMIT 1000
                                                         QUERY PLAN                                                          
-----------------------------------------------------------------------------------------------------------------------------
 Limit  (cost=7132.39..7132.39 rows=1 width=20) (actual time=13.089..13.089 rows=0 loops=1)
   ->  Limit  (cost=7119.89..7122.39 rows=1000 width=20) (actual time=12.967..13.061 rows=1000 loops=1)
         ->  Sort  (cost=7119.89..7369.89 rows=100000 width=20) (actual time=12.967..13.006 rows=1000 loops=1)
               Sort Key: s_1.a, s_1.b
               Sort Method: top-N heapsort  Memory: 179kB
               ->  Seq Scan on s_1  (cost=0.00..1637.00 rows=100000 width=20) (actual time=0.007..5.049 rows=100000 loops=1)
 Planning time: 0.251 ms
 Execution time: 13.127 ms
(8 rows)

===== 54 [Wed Mar  7 02:07:06 CET 2018] scale:100000 groups:10 work_mem:256MB incremental:off max_workers:0 =====
SELECT * FROM s_2 ORDER BY a, b, c LIMIT 1000
                                                         QUERY PLAN                                                          
-----------------------------------------------------------------------------------------------------------------------------
 Limit  (cost=7132.39..7132.39 rows=1 width=20) (actual time=12.902..12.902 rows=0 loops=1)
   ->  Limit  (cost=7119.89..7122.39 rows=1000 width=20) (actual time=12.780..12.874 rows=1000 loops=1)
         ->  Sort  (cost=7119.89..7369.89 rows=100000 width=20) (actual time=12.780..12.818 rows=1000 loops=1)
               Sort Key: s_2.a, s_2.b, s_2.c
               Sort Method: top-N heapsort  Memory: 139kB
               ->  Seq Scan on s_2  (cost=0.00..1637.00 rows=100000 width=20) (actual time=0.010..5.064 rows=100000 loops=1)
 Planning time: 0.263 ms
 Execution time: 12.938 ms
(8 rows)

===== 55 [Wed Mar  7 02:07:06 CET 2018] scale:100000 groups:10 work_mem:256MB incremental:off max_workers:0 =====
SELECT * FROM s_3 ORDER BY a, b, c, d LIMIT 1000
                                                         QUERY PLAN                                                          
-----------------------------------------------------------------------------------------------------------------------------
 Limit  (cost=7132.39..7132.39 rows=1 width=20) (actual time=13.056..13.056 rows=0 loops=1)
   ->  Limit  (cost=7119.89..7122.39 rows=1000 width=20) (actual time=12.934..13.027 rows=1000 loops=1)
         ->  Sort  (cost=7119.89..7369.89 rows=100000 width=20) (actual time=12.933..12.972 rows=1000 loops=1)
               Sort Key: s_3.a, s_3.b, s_3.c, s_3.d
               Sort Method: top-N heapsort  Memory: 128kB
               ->  Seq Scan on s_3  (cost=0.00..1637.00 rows=100000 width=20) (actual time=0.010..5.046 rows=100000 loops=1)
 Planning time: 0.264 ms
 Execution time: 13.094 ms
(8 rows)

===== 56 [Wed Mar  7 02:07:06 CET 2018] scale:100000 groups:10 work_mem:256MB incremental:off max_workers:0 =====
SELECT * FROM s_4 ORDER BY a, b, c, d, e LIMIT 1000
                                                         QUERY PLAN                                                          
-----------------------------------------------------------------------------------------------------------------------------
 Limit  (cost=7132.39..7132.39 rows=1 width=20) (actual time=13.085..13.085 rows=0 loops=1)
   ->  Limit  (cost=7119.89..7122.39 rows=1000 width=20) (actual time=12.962..13.057 rows=1000 loops=1)
         ->  Sort  (cost=7119.89..7369.89 rows=100000 width=20) (actual time=12.962..13.000 rows=1000 loops=1)
               Sort Key: s_4.a, s_4.b, s_4.c, s_4.d, s_4.e
               Sort Method: top-N heapsort  Memory: 127kB
               ->  Seq Scan on s_4  (cost=0.00..1637.00 rows=100000 width=20) (actual time=0.006..5.052 rows=100000 loops=1)
 Planning time: 0.262 ms
 Execution time: 13.121 ms
(8 rows)

===== 57 [Wed Mar  7 02:07:06 CET 2018] scale:100000 groups:10 work_mem:4MB incremental:on max_workers:2 =====
SELECT * FROM s_1 ORDER BY a, b LIMIT 1000
                                                                 QUERY PLAN                                                                  
---------------------------------------------------------------------------------------------------------------------------------------------
 Limit  (cost=821.15..821.15 rows=1 width=20) (actual time=1.749..1.749 rows=0 loops=1)
   ->  Limit  (cost=793.65..811.15 rows=1000 width=20) (actual time=1.623..1.721 rows=1000 loops=1)
         ->  Incremental Sort  (cost=793.65..2543.87 rows=100000 width=20) (actual time=1.623..1.666 rows=1000 loops=1)
               Sort Key: s_1.a, s_1.b
               Presorted Key: s_1.a
               Sort Method: quicksort  Memory: 582kB
               Sort Groups: 1
               ->  Index Scan using s_1_a_idx on s_1  (cost=0.29..3244.29 rows=100000 width=20) (actual time=0.009..0.648 rows=4982 loops=1)
 Planning time: 0.261 ms
 Execution time: 1.794 ms
(10 rows)

===== 58 [Wed Mar  7 02:07:06 CET 2018] scale:100000 groups:10 work_mem:4MB incremental:on max_workers:2 =====
SELECT * FROM s_2 ORDER BY a, b, c LIMIT 1000
                                                                  QUERY PLAN                                                                   
-----------------------------------------------------------------------------------------------------------------------------------------------
 Limit  (cost=101.72..101.72 rows=1 width=20) (actual time=0.596..0.596 rows=0 loops=1)
   ->  Limit  (cost=74.05..91.72 rows=1000 width=20) (actual time=0.132..0.568 rows=1000 loops=1)
         ->  Incremental Sort  (cost=74.05..1841.95 rows=100000 width=20) (actual time=0.132..0.513 rows=1000 loops=1)
               Sort Key: s_2.a, s_2.b, s_2.c
               Presorted Key: s_2.a, s_2.b
               Sort Method: quicksort  Memory: 66kB
               Sort Groups: 3
               ->  Index Scan using s_2_a_b_idx on s_2  (cost=0.29..4079.04 rows=100000 width=20) (actual time=0.016..0.169 rows=1281 loops=1)
 Planning time: 0.269 ms
 Execution time: 0.620 ms
(10 rows)

===== 59 [Wed Mar  7 02:07:06 CET 2018] scale:100000 groups:10 work_mem:4MB incremental:on max_workers:2 =====
SELECT * FROM s_3 ORDER BY a, b, c, d LIMIT 1000
                                                                   QUERY PLAN                                                                    
-------------------------------------------------------------------------------------------------------------------------------------------------
 Limit  (cost=34.63..34.63 rows=1 width=20) (actual time=0.564..0.564 rows=0 loops=1)
   ->  Limit  (cost=6.16..24.63 rows=1000 width=20) (actual time=0.065..0.535 rows=1000 loops=1)
         ->  Incremental Sort  (cost=6.16..1853.46 rows=100000 width=20) (actual time=0.065..0.480 rows=1000 loops=1)
               Sort Key: s_3.a, s_3.b, s_3.c, s_3.d
               Presorted Key: s_3.a, s_3.b, s_3.c
               Sort Method: quicksort  Memory: 31kB
               Sort Groups: 20
               ->  Index Scan using s_3_a_b_c_idx on s_3  (cost=0.42..4527.17 rows=100000 width=20) (actual time=0.012..0.148 rows=1051 loops=1)
 Planning time: 0.277 ms
 Execution time: 0.587 ms
(10 rows)

===== 60 [Wed Mar  7 02:07:07 CET 2018] scale:100000 groups:10 work_mem:4MB incremental:on max_workers:2 =====
SELECT * FROM s_4 ORDER BY a, b, c, d, e LIMIT 1000
                                                                    QUERY PLAN                                                                     
---------------------------------------------------------------------------------------------------------------------------------------------------
 Limit  (cost=31.15..31.15 rows=1 width=20) (actual time=0.555..0.555 rows=0 loops=1)
   ->  Limit  (cost=1.04..21.15 rows=1000 width=20) (actual time=0.062..0.526 rows=1000 loops=1)
         ->  Incremental Sort  (cost=1.04..2012.29 rows=100000 width=20) (actual time=0.061..0.471 rows=1000 loops=1)
               Sort Key: s_4.a, s_4.b, s_4.c, s_4.d, s_4.e
               Presorted Key: s_4.a, s_4.b, s_4.c, s_4.d
               Sort Method: quicksort  Memory: 28kB
               Sort Groups: 29
               ->  Index Scan using s_4_a_b_c_d_idx on s_4  (cost=0.42..4527.17 rows=100000 width=20) (actual time=0.009..0.135 rows=1001 loops=1)
 Planning time: 0.278 ms
 Execution time: 0.577 ms
(10 rows)

===== 61 [Wed Mar  7 02:07:07 CET 2018] scale:100000 groups:10 work_mem:4MB incremental:off max_workers:2 =====
SELECT * FROM s_1 ORDER BY a, b LIMIT 1000
                                                         QUERY PLAN                                                          
-----------------------------------------------------------------------------------------------------------------------------
 Limit  (cost=7132.39..7132.39 rows=1 width=20) (actual time=13.087..13.087 rows=0 loops=1)
   ->  Limit  (cost=7119.89..7122.39 rows=1000 width=20) (actual time=12.965..13.059 rows=1000 loops=1)
         ->  Sort  (cost=7119.89..7369.89 rows=100000 width=20) (actual time=12.964..13.004 rows=1000 loops=1)
               Sort Key: s_1.a, s_1.b
               Sort Method: top-N heapsort  Memory: 179kB
               ->  Seq Scan on s_1  (cost=0.00..1637.00 rows=100000 width=20) (actual time=0.007..5.046 rows=100000 loops=1)
 Planning time: 0.264 ms
 Execution time: 13.125 ms
(8 rows)

===== 62 [Wed Mar  7 02:07:07 CET 2018] scale:100000 groups:10 work_mem:4MB incremental:off max_workers:2 =====
SELECT * FROM s_2 ORDER BY a, b, c LIMIT 1000
                                                         QUERY PLAN                                                          
-----------------------------------------------------------------------------------------------------------------------------
 Limit  (cost=7132.39..7132.39 rows=1 width=20) (actual time=12.891..12.891 rows=0 loops=1)
   ->  Limit  (cost=7119.89..7122.39 rows=1000 width=20) (actual time=12.769..12.863 rows=1000 loops=1)
         ->  Sort  (cost=7119.89..7369.89 rows=100000 width=20) (actual time=12.769..12.807 rows=1000 loops=1)
               Sort Key: s_2.a, s_2.b, s_2.c
               Sort Method: top-N heapsort  Memory: 139kB
               ->  Seq Scan on s_2  (cost=0.00..1637.00 rows=100000 width=20) (actual time=0.010..5.067 rows=100000 loops=1)
 Planning time: 0.261 ms
 Execution time: 12.934 ms
(8 rows)

===== 63 [Wed Mar  7 02:07:07 CET 2018] scale:100000 groups:10 work_mem:4MB incremental:off max_workers:2 =====
SELECT * FROM s_3 ORDER BY a, b, c, d LIMIT 1000
                                                         QUERY PLAN                                                          
-----------------------------------------------------------------------------------------------------------------------------
 Limit  (cost=7132.39..7132.39 rows=1 width=20) (actual time=13.033..13.033 rows=0 loops=1)
   ->  Limit  (cost=7119.89..7122.39 rows=1000 width=20) (actual time=12.912..13.004 rows=1000 loops=1)
         ->  Sort  (cost=7119.89..7369.89 rows=100000 width=20) (actual time=12.911..12.949 rows=1000 loops=1)
               Sort Key: s_3.a, s_3.b, s_3.c, s_3.d
               Sort Method: top-N heapsort  Memory: 128kB
               ->  Seq Scan on s_3  (cost=0.00..1637.00 rows=100000 width=20) (actual time=0.010..5.061 rows=100000 loops=1)
 Planning time: 0.260 ms
 Execution time: 13.070 ms
(8 rows)

===== 64 [Wed Mar  7 02:07:07 CET 2018] scale:100000 groups:10 work_mem:4MB incremental:off max_workers:2 =====
SELECT * FROM s_4 ORDER BY a, b, c, d, e LIMIT 1000
                                                         QUERY PLAN                                                          
-----------------------------------------------------------------------------------------------------------------------------
 Limit  (cost=7132.39..7132.39 rows=1 width=20) (actual time=13.097..13.097 rows=0 loops=1)
   ->  Limit  (cost=7119.89..7122.39 rows=1000 width=20) (actual time=12.975..13.069 rows=1000 loops=1)
         ->  Sort  (cost=7119.89..7369.89 rows=100000 width=20) (actual time=12.975..13.013 rows=1000 loops=1)
               Sort Key: s_4.a, s_4.b, s_4.c, s_4.d, s_4.e
               Sort Method: top-N heapsort  Memory: 127kB
               ->  Seq Scan on s_4  (cost=0.00..1637.00 rows=100000 width=20) (actual time=0.006..5.074 rows=100000 loops=1)
 Planning time: 0.260 ms
 Execution time: 13.133 ms
(8 rows)

===== 65 [Wed Mar  7 02:07:07 CET 2018] scale:100000 groups:10 work_mem:8MB incremental:on max_workers:2 =====
SELECT * FROM s_1 ORDER BY a, b LIMIT 1000
                                                                 QUERY PLAN                                                                  
---------------------------------------------------------------------------------------------------------------------------------------------
 Limit  (cost=821.15..821.15 rows=1 width=20) (actual time=1.753..1.753 rows=0 loops=1)
   ->  Limit  (cost=793.65..811.15 rows=1000 width=20) (actual time=1.627..1.725 rows=1000 loops=1)
         ->  Incremental Sort  (cost=793.65..2543.87 rows=100000 width=20) (actual time=1.627..1.670 rows=1000 loops=1)
               Sort Key: s_1.a, s_1.b
               Presorted Key: s_1.a
               Sort Method: quicksort  Memory: 582kB
               Sort Groups: 1
               ->  Index Scan using s_1_a_idx on s_1  (cost=0.29..3244.29 rows=100000 width=20) (actual time=0.009..0.641 rows=4982 loops=1)
 Planning time: 0.254 ms
 Execution time: 1.794 ms
(10 rows)

===== 66 [Wed Mar  7 02:07:07 CET 2018] scale:100000 groups:10 work_mem:8MB incremental:on max_workers:2 =====
SELECT * FROM s_2 ORDER BY a, b, c LIMIT 1000
                                                                  QUERY PLAN                                                                   
-----------------------------------------------------------------------------------------------------------------------------------------------
 Limit  (cost=101.72..101.72 rows=1 width=20) (actual time=0.593..0.593 rows=0 loops=1)
   ->  Limit  (cost=74.05..91.72 rows=1000 width=20) (actual time=0.133..0.565 rows=1000 loops=1)
         ->  Incremental Sort  (cost=74.05..1841.95 rows=100000 width=20) (actual time=0.133..0.510 rows=1000 loops=1)
               Sort Key: s_2.a, s_2.b, s_2.c
               Presorted Key: s_2.a, s_2.b
               Sort Method: quicksort  Memory: 66kB
               Sort Groups: 3
               ->  Index Scan using s_2_a_b_idx on s_2  (cost=0.29..4079.04 rows=100000 width=20) (actual time=0.015..0.169 rows=1281 loops=1)
 Planning time: 0.268 ms
 Execution time: 0.620 ms
(10 rows)

===== 67 [Wed Mar  7 02:07:07 CET 2018] scale:100000 groups:10 work_mem:8MB incremental:on max_workers:2 =====
SELECT * FROM s_3 ORDER BY a, b, c, d LIMIT 1000
                                                                   QUERY PLAN                                                                    
-------------------------------------------------------------------------------------------------------------------------------------------------
 Limit  (cost=34.63..34.63 rows=1 width=20) (actual time=0.564..0.564 rows=0 loops=1)
   ->  Limit  (cost=6.16..24.63 rows=1000 width=20) (actual time=0.069..0.535 rows=1000 loops=1)
         ->  Incremental Sort  (cost=6.16..1853.46 rows=100000 width=20) (actual time=0.069..0.480 rows=1000 loops=1)
               Sort Key: s_3.a, s_3.b, s_3.c, s_3.d
               Presorted Key: s_3.a, s_3.b, s_3.c
               Sort Method: quicksort  Memory: 31kB
               Sort Groups: 20
               ->  Index Scan using s_3_a_b_c_idx on s_3  (cost=0.42..4527.17 rows=100000 width=20) (actual time=0.014..0.149 rows=1051 loops=1)
 Planning time: 0.275 ms
 Execution time: 0.587 ms
(10 rows)

===== 68 [Wed Mar  7 02:07:07 CET 2018] scale:100000 groups:10 work_mem:8MB incremental:on max_workers:2 =====
SELECT * FROM s_4 ORDER BY a, b, c, d, e LIMIT 1000
                                                                    QUERY PLAN                                                                     
---------------------------------------------------------------------------------------------------------------------------------------------------
 Limit  (cost=31.15..31.15 rows=1 width=20) (actual time=0.553..0.553 rows=0 loops=1)
   ->  Limit  (cost=1.04..21.15 rows=1000 width=20) (actual time=0.061..0.524 rows=1000 loops=1)
         ->  Incremental Sort  (cost=1.04..2012.29 rows=100000 width=20) (actual time=0.060..0.469 rows=1000 loops=1)
               Sort Key: s_4.a, s_4.b, s_4.c, s_4.d, s_4.e
               Presorted Key: s_4.a, s_4.b, s_4.c, s_4.d
               Sort Method: quicksort  Memory: 28kB
               Sort Groups: 29
               ->  Index Scan using s_4_a_b_c_d_idx on s_4  (cost=0.42..4527.17 rows=100000 width=20) (actual time=0.009..0.135 rows=1001 loops=1)
 Planning time: 0.281 ms
 Execution time: 0.575 ms
(10 rows)

===== 69 [Wed Mar  7 02:07:07 CET 2018] scale:100000 groups:10 work_mem:8MB incremental:off max_workers:2 =====
SELECT * FROM s_1 ORDER BY a, b LIMIT 1000
                                                         QUERY PLAN                                                          
-----------------------------------------------------------------------------------------------------------------------------
 Limit  (cost=7132.39..7132.39 rows=1 width=20) (actual time=13.091..13.091 rows=0 loops=1)
   ->  Limit  (cost=7119.89..7122.39 rows=1000 width=20) (actual time=12.969..13.063 rows=1000 loops=1)
         ->  Sort  (cost=7119.89..7369.89 rows=100000 width=20) (actual time=12.969..13.008 rows=1000 loops=1)
               Sort Key: s_1.a, s_1.b
               Sort Method: top-N heapsort  Memory: 179kB
               ->  Seq Scan on s_1  (cost=0.00..1637.00 rows=100000 width=20) (actual time=0.007..5.057 rows=100000 loops=1)
 Planning time: 0.254 ms
 Execution time: 13.128 ms
(8 rows)

===== 70 [Wed Mar  7 02:07:08 CET 2018] scale:100000 groups:10 work_mem:8MB incremental:off max_workers:2 =====
SELECT * FROM s_2 ORDER BY a, b, c LIMIT 1000
                                                         QUERY PLAN                                                          
-----------------------------------------------------------------------------------------------------------------------------
 Limit  (cost=7132.39..7132.39 rows=1 width=20) (actual time=12.912..12.912 rows=0 loops=1)
   ->  Limit  (cost=7119.89..7122.39 rows=1000 width=20) (actual time=12.790..12.883 rows=1000 loops=1)
         ->  Sort  (cost=7119.89..7369.89 rows=100000 width=20) (actual time=12.790..12.828 rows=1000 loops=1)
               Sort Key: s_2.a, s_2.b, s_2.c
               Sort Method: top-N heapsort  Memory: 139kB
               ->  Seq Scan on s_2  (cost=0.00..1637.00 rows=100000 width=20) (actual time=0.010..5.070 rows=100000 loops=1)
 Planning time: 0.260 ms
 Execution time: 12.949 ms
(8 rows)

===== 71 [Wed Mar  7 02:07:08 CET 2018] scale:100000 groups:10 work_mem:8MB incremental:off max_workers:2 =====
SELECT * FROM s_3 ORDER BY a, b, c, d LIMIT 1000
                                                         QUERY PLAN                                                          
-----------------------------------------------------------------------------------------------------------------------------
 Limit  (cost=7132.39..7132.39 rows=1 width=20) (actual time=13.055..13.055 rows=0 loops=1)
   ->  Limit  (cost=7119.89..7122.39 rows=1000 width=20) (actual time=12.933..13.026 rows=1000 loops=1)
         ->  Sort  (cost=7119.89..7369.89 rows=100000 width=20) (actual time=12.933..12.971 rows=1000 loops=1)
               Sort Key: s_3.a, s_3.b, s_3.c, s_3.d
               Sort Method: top-N heapsort  Memory: 128kB
               ->  Seq Scan on s_3  (cost=0.00..1637.00 rows=100000 width=20) (actual time=0.010..5.044 rows=100000 loops=1)
 Planning time: 0.261 ms
 Execution time: 13.094 ms
(8 rows)

===== 72 [Wed Mar  7 02:07:08 CET 2018] scale:100000 groups:10 work_mem:8MB incremental:off max_workers:2 =====
SELECT * FROM s_4 ORDER BY a, b, c, d, e LIMIT 1000
                                                         QUERY PLAN                                                          
-----------------------------------------------------------------------------------------------------------------------------
 Limit  (cost=7132.39..7132.39 rows=1 width=20) (actual time=13.067..13.067 rows=0 loops=1)
   ->  Limit  (cost=7119.89..7122.39 rows=1000 width=20) (actual time=12.944..13.038 rows=1000 loops=1)
         ->  Sort  (cost=7119.89..7369.89 rows=100000 width=20) (actual time=12.944..12.982 rows=1000 loops=1)
               Sort Key: s_4.a, s_4.b, s_4.c, s_4.d, s_4.e
               Sort Method: top-N heapsort  Memory: 127kB
               ->  Seq Scan on s_4  (cost=0.00..1637.00 rows=100000 width=20) (actual time=0.006..5.058 rows=100000 loops=1)
 Planning time: 0.262 ms
 Execution time: 13.106 ms
(8 rows)

===== 73 [Wed Mar  7 02:07:08 CET 2018] scale:100000 groups:10 work_mem:16MB incremental:on max_workers:2 =====
SELECT * FROM s_1 ORDER BY a, b LIMIT 1000
                                                                 QUERY PLAN                                                                  
---------------------------------------------------------------------------------------------------------------------------------------------
 Limit  (cost=821.15..821.15 rows=1 width=20) (actual time=1.750..1.750 rows=0 loops=1)
   ->  Limit  (cost=793.65..811.15 rows=1000 width=20) (actual time=1.624..1.722 rows=1000 loops=1)
         ->  Incremental Sort  (cost=793.65..2543.87 rows=100000 width=20) (actual time=1.623..1.667 rows=1000 loops=1)
               Sort Key: s_1.a, s_1.b
               Presorted Key: s_1.a
               Sort Method: quicksort  Memory: 582kB
               Sort Groups: 1
               ->  Index Scan using s_1_a_idx on s_1  (cost=0.29..3244.29 rows=100000 width=20) (actual time=0.009..0.641 rows=4982 loops=1)
 Planning time: 0.266 ms
 Execution time: 1.791 ms
(10 rows)

===== 74 [Wed Mar  7 02:07:08 CET 2018] scale:100000 groups:10 work_mem:16MB incremental:on max_workers:2 =====
SELECT * FROM s_2 ORDER BY a, b, c LIMIT 1000
                                                                  QUERY PLAN                                                                   
-----------------------------------------------------------------------------------------------------------------------------------------------
 Limit  (cost=101.72..101.72 rows=1 width=20) (actual time=0.606..0.606 rows=0 loops=1)
   ->  Limit  (cost=74.05..91.72 rows=1000 width=20) (actual time=0.137..0.577 rows=1000 loops=1)
         ->  Incremental Sort  (cost=74.05..1841.95 rows=100000 width=20) (actual time=0.136..0.522 rows=1000 loops=1)
               Sort Key: s_2.a, s_2.b, s_2.c
               Presorted Key: s_2.a, s_2.b
               Sort Method: quicksort  Memory: 66kB
               Sort Groups: 3
               ->  Index Scan using s_2_a_b_idx on s_2  (cost=0.29..4079.04 rows=100000 width=20) (actual time=0.016..0.176 rows=1281 loops=1)
 Planning time: 0.270 ms
 Execution time: 0.629 ms
(10 rows)

===== 75 [Wed Mar  7 02:07:08 CET 2018] scale:100000 groups:10 work_mem:16MB incremental:on max_workers:2 =====
SELECT * FROM s_3 ORDER BY a, b, c, d LIMIT 1000
                                                                   QUERY PLAN                                                                    
-------------------------------------------------------------------------------------------------------------------------------------------------
 Limit  (cost=34.63..34.63 rows=1 width=20) (actual time=0.553..0.553 rows=0 loops=1)
   ->  Limit  (cost=6.16..24.63 rows=1000 width=20) (actual time=0.066..0.525 rows=1000 loops=1)
         ->  Incremental Sort  (cost=6.16..1853.46 rows=100000 width=20) (actual time=0.066..0.470 rows=1000 loops=1)
               Sort Key: s_3.a, s_3.b, s_3.c, s_3.d
               Presorted Key: s_3.a, s_3.b, s_3.c
               Sort Method: quicksort  Memory: 31kB
               Sort Groups: 20
               ->  Index Scan using s_3_a_b_c_idx on s_3  (cost=0.42..4527.17 rows=100000 width=20) (actual time=0.012..0.146 rows=1051 loops=1)
 Planning time: 0.284 ms
 Execution time: 0.576 ms
(10 rows)

===== 76 [Wed Mar  7 02:07:08 CET 2018] scale:100000 groups:10 work_mem:16MB incremental:on max_workers:2 =====
SELECT * FROM s_4 ORDER BY a, b, c, d, e LIMIT 1000
                                                                    QUERY PLAN                                                                     
---------------------------------------------------------------------------------------------------------------------------------------------------
 Limit  (cost=31.15..31.15 rows=1 width=20) (actual time=0.559..0.559 rows=0 loops=1)
   ->  Limit  (cost=1.04..21.15 rows=1000 width=20) (actual time=0.061..0.530 rows=1000 loops=1)
         ->  Incremental Sort  (cost=1.04..2012.29 rows=100000 width=20) (actual time=0.061..0.475 rows=1000 loops=1)
               Sort Key: s_4.a, s_4.b, s_4.c, s_4.d, s_4.e
               Presorted Key: s_4.a, s_4.b, s_4.c, s_4.d
               Sort Method: quicksort  Memory: 28kB
               Sort Groups: 29
               ->  Index Scan using s_4_a_b_c_d_idx on s_4  (cost=0.42..4527.17 rows=100000 width=20) (actual time=0.009..0.143 rows=1001 loops=1)
 Planning time: 0.271 ms
 Execution time: 0.580 ms
(10 rows)

===== 77 [Wed Mar  7 02:07:08 CET 2018] scale:100000 groups:10 work_mem:16MB incremental:off max_workers:2 =====
SELECT * FROM s_1 ORDER BY a, b LIMIT 1000
                                                         QUERY PLAN                                                          
-----------------------------------------------------------------------------------------------------------------------------
 Limit  (cost=7132.39..7132.39 rows=1 width=20) (actual time=13.099..13.099 rows=0 loops=1)
   ->  Limit  (cost=7119.89..7122.39 rows=1000 width=20) (actual time=12.974..13.070 rows=1000 loops=1)
         ->  Sort  (cost=7119.89..7369.89 rows=100000 width=20) (actual time=12.973..13.015 rows=1000 loops=1)
               Sort Key: s_1.a, s_1.b
               Sort Method: top-N heapsort  Memory: 179kB
               ->  Seq Scan on s_1  (cost=0.00..1637.00 rows=100000 width=20) (actual time=0.007..5.059 rows=100000 loops=1)
 Planning time: 0.253 ms
 Execution time: 13.136 ms
(8 rows)

===== 78 [Wed Mar  7 02:07:08 CET 2018] scale:100000 groups:10 work_mem:16MB incremental:off max_workers:2 =====
SELECT * FROM s_2 ORDER BY a, b, c LIMIT 1000
                                                         QUERY PLAN                                                          
-----------------------------------------------------------------------------------------------------------------------------
 Limit  (cost=7132.39..7132.39 rows=1 width=20) (actual time=12.906..12.906 rows=0 loops=1)
   ->  Limit  (cost=7119.89..7122.39 rows=1000 width=20) (actual time=12.782..12.874 rows=1000 loops=1)
         ->  Sort  (cost=7119.89..7369.89 rows=100000 width=20) (actual time=12.781..12.819 rows=1000 loops=1)
               Sort Key: s_2.a, s_2.b, s_2.c
               Sort Method: top-N heapsort  Memory: 139kB
               ->  Seq Scan on s_2  (cost=0.00..1637.00 rows=100000 width=20) (actual time=0.010..5.063 rows=100000 loops=1)
 Planning time: 0.269 ms
 Execution time: 12.944 ms
(8 rows)

===== 79 [Wed Mar  7 02:07:09 CET 2018] scale:100000 groups:10 work_mem:16MB incremental:off max_workers:2 =====
SELECT * FROM s_3 ORDER BY a, b, c, d LIMIT 1000
                                                         QUERY PLAN                                                          
-----------------------------------------------------------------------------------------------------------------------------
 Limit  (cost=7132.39..7132.39 rows=1 width=20) (actual time=13.047..13.047 rows=0 loops=1)
   ->  Limit  (cost=7119.89..7122.39 rows=1000 width=20) (actual time=12.925..13.018 rows=1000 loops=1)
         ->  Sort  (cost=7119.89..7369.89 rows=100000 width=20) (actual time=12.925..12.964 rows=1000 loops=1)
               Sort Key: s_3.a, s_3.b, s_3.c, s_3.d
               Sort Method: top-N heapsort  Memory: 128kB
               ->  Seq Scan on s_3  (cost=0.00..1637.00 rows=100000 width=20) (actual time=0.010..5.048 rows=100000 loops=1)
 Planning time: 0.263 ms
 Execution time: 13.085 ms
(8 rows)

===== 80 [Wed Mar  7 02:07:09 CET 2018] scale:100000 groups:10 work_mem:16MB incremental:off max_workers:2 =====
SELECT * FROM s_4 ORDER BY a, b, c, d, e LIMIT 1000
                                                         QUERY PLAN                                                          
-----------------------------------------------------------------------------------------------------------------------------
 Limit  (cost=7132.39..7132.39 rows=1 width=20) (actual time=13.076..13.076 rows=0 loops=1)
   ->  Limit  (cost=7119.89..7122.39 rows=1000 width=20) (actual time=12.954..13.048 rows=1000 loops=1)
         ->  Sort  (cost=7119.89..7369.89 rows=100000 width=20) (actual time=12.954..12.992 rows=1000 loops=1)
               Sort Key: s_4.a, s_4.b, s_4.c, s_4.d, s_4.e
               Sort Method: top-N heapsort  Memory: 127kB
               ->  Seq Scan on s_4  (cost=0.00..1637.00 rows=100000 width=20) (actual time=0.006..5.047 rows=100000 loops=1)
 Planning time: 0.252 ms
 Execution time: 13.112 ms
(8 rows)

===== 81 [Wed Mar  7 02:07:09 CET 2018] scale:100000 groups:10 work_mem:32MB incremental:on max_workers:2 =====
SELECT * FROM s_1 ORDER BY a, b LIMIT 1000
                                                                 QUERY PLAN                                                                  
---------------------------------------------------------------------------------------------------------------------------------------------
 Limit  (cost=821.15..821.15 rows=1 width=20) (actual time=1.750..1.750 rows=0 loops=1)
   ->  Limit  (cost=793.65..811.15 rows=1000 width=20) (actual time=1.624..1.722 rows=1000 loops=1)
         ->  Incremental Sort  (cost=793.65..2543.87 rows=100000 width=20) (actual time=1.623..1.666 rows=1000 loops=1)
               Sort Key: s_1.a, s_1.b
               Presorted Key: s_1.a
               Sort Method: quicksort  Memory: 582kB
               Sort Groups: 1
               ->  Index Scan using s_1_a_idx on s_1  (cost=0.29..3244.29 rows=100000 width=20) (actual time=0.009..0.648 rows=4982 loops=1)
 Planning time: 0.256 ms
 Execution time: 1.791 ms
(10 rows)

===== 82 [Wed Mar  7 02:07:09 CET 2018] scale:100000 groups:10 work_mem:32MB incremental:on max_workers:2 =====
SELECT * FROM s_2 ORDER BY a, b, c LIMIT 1000
                                                                  QUERY PLAN                                                                   
-----------------------------------------------------------------------------------------------------------------------------------------------
 Limit  (cost=101.72..101.72 rows=1 width=20) (actual time=0.598..0.598 rows=0 loops=1)
   ->  Limit  (cost=74.05..91.72 rows=1000 width=20) (actual time=0.139..0.570 rows=1000 loops=1)
         ->  Incremental Sort  (cost=74.05..1841.95 rows=100000 width=20) (actual time=0.138..0.514 rows=1000 loops=1)
               Sort Key: s_2.a, s_2.b, s_2.c
               Presorted Key: s_2.a, s_2.b
               Sort Method: quicksort  Memory: 66kB
               Sort Groups: 3
               ->  Index Scan using s_2_a_b_idx on s_2  (cost=0.29..4079.04 rows=100000 width=20) (actual time=0.015..0.169 rows=1281 loops=1)
 Planning time: 0.271 ms
 Execution time: 0.621 ms
(10 rows)

===== 83 [Wed Mar  7 02:07:09 CET 2018] scale:100000 groups:10 work_mem:32MB incremental:on max_workers:2 =====
SELECT * FROM s_3 ORDER BY a, b, c, d LIMIT 1000
                                                                   QUERY PLAN                                                                    
-------------------------------------------------------------------------------------------------------------------------------------------------
 Limit  (cost=34.63..34.63 rows=1 width=20) (actual time=0.561..0.561 rows=0 loops=1)
   ->  Limit  (cost=6.16..24.63 rows=1000 width=20) (actual time=0.066..0.532 rows=1000 loops=1)
         ->  Incremental Sort  (cost=6.16..1853.46 rows=100000 width=20) (actual time=0.066..0.477 rows=1000 loops=1)
               Sort Key: s_3.a, s_3.b, s_3.c, s_3.d
               Presorted Key: s_3.a, s_3.b, s_3.c
               Sort Method: quicksort  Memory: 31kB
               Sort Groups: 20
               ->  Index Scan using s_3_a_b_c_idx on s_3  (cost=0.42..4527.17 rows=100000 width=20) (actual time=0.013..0.146 rows=1051 loops=1)
 Planning time: 0.272 ms
 Execution time: 0.583 ms
(10 rows)

===== 84 [Wed Mar  7 02:07:09 CET 2018] scale:100000 groups:10 work_mem:32MB incremental:on max_workers:2 =====
SELECT * FROM s_4 ORDER BY a, b, c, d, e LIMIT 1000
                                                                    QUERY PLAN                                                                     
---------------------------------------------------------------------------------------------------------------------------------------------------
 Limit  (cost=31.15..31.15 rows=1 width=20) (actual time=0.555..0.555 rows=0 loops=1)
   ->  Limit  (cost=1.04..21.15 rows=1000 width=20) (actual time=0.060..0.526 rows=1000 loops=1)
         ->  Incremental Sort  (cost=1.04..2012.29 rows=100000 width=20) (actual time=0.059..0.471 rows=1000 loops=1)
               Sort Key: s_4.a, s_4.b, s_4.c, s_4.d, s_4.e
               Presorted Key: s_4.a, s_4.b, s_4.c, s_4.d
               Sort Method: quicksort  Memory: 28kB
               Sort Groups: 29
               ->  Index Scan using s_4_a_b_c_d_idx on s_4  (cost=0.42..4527.17 rows=100000 width=20) (actual time=0.009..0.138 rows=1001 loops=1)
 Planning time: 0.265 ms
 Execution time: 0.577 ms
(10 rows)

===== 85 [Wed Mar  7 02:07:09 CET 2018] scale:100000 groups:10 work_mem:32MB incremental:off max_workers:2 =====
SELECT * FROM s_1 ORDER BY a, b LIMIT 1000
                                                         QUERY PLAN                                                          
-----------------------------------------------------------------------------------------------------------------------------
 Limit  (cost=7132.39..7132.39 rows=1 width=20) (actual time=13.089..13.089 rows=0 loops=1)
   ->  Limit  (cost=7119.89..7122.39 rows=1000 width=20) (actual time=12.967..13.060 rows=1000 loops=1)
         ->  Sort  (cost=7119.89..7369.89 rows=100000 width=20) (actual time=12.966..13.005 rows=1000 loops=1)
               Sort Key: s_1.a, s_1.b
               Sort Method: top-N heapsort  Memory: 179kB
               ->  Seq Scan on s_1  (cost=0.00..1637.00 rows=100000 width=20) (actual time=0.007..5.062 rows=100000 loops=1)
 Planning time: 0.249 ms
 Execution time: 13.126 ms
(8 rows)

===== 86 [Wed Mar  7 02:07:09 CET 2018] scale:100000 groups:10 work_mem:32MB incremental:off max_workers:2 =====
SELECT * FROM s_2 ORDER BY a, b, c LIMIT 1000
                                                         QUERY PLAN                                                          
-----------------------------------------------------------------------------------------------------------------------------
 Limit  (cost=7132.39..7132.39 rows=1 width=20) (actual time=12.905..12.905 rows=0 loops=1)
   ->  Limit  (cost=7119.89..7122.39 rows=1000 width=20) (actual time=12.783..12.876 rows=1000 loops=1)
         ->  Sort  (cost=7119.89..7369.89 rows=100000 width=20) (actual time=12.783..12.821 rows=1000 loops=1)
               Sort Key: s_2.a, s_2.b, s_2.c
               Sort Method: top-N heapsort  Memory: 139kB
               ->  Seq Scan on s_2  (cost=0.00..1637.00 rows=100000 width=20) (actual time=0.010..5.073 rows=100000 loops=1)
 Planning time: 0.258 ms
 Execution time: 12.942 ms
(8 rows)

===== 87 [Wed Mar  7 02:07:09 CET 2018] scale:100000 groups:10 work_mem:32MB incremental:off max_workers:2 =====
SELECT * FROM s_3 ORDER BY a, b, c, d LIMIT 1000
                                                         QUERY PLAN                                                          
-----------------------------------------------------------------------------------------------------------------------------
 Limit  (cost=7132.39..7132.39 rows=1 width=20) (actual time=13.025..13.025 rows=0 loops=1)
   ->  Limit  (cost=7119.89..7122.39 rows=1000 width=20) (actual time=12.901..12.997 rows=1000 loops=1)
         ->  Sort  (cost=7119.89..7369.89 rows=100000 width=20) (actual time=12.901..12.939 rows=1000 loops=1)
               Sort Key: s_3.a, s_3.b, s_3.c, s_3.d
               Sort Method: top-N heapsort  Memory: 128kB
               ->  Seq Scan on s_3  (cost=0.00..1637.00 rows=100000 width=20) (actual time=0.010..5.037 rows=100000 loops=1)
 Planning time: 0.261 ms
 Execution time: 13.064 ms
(8 rows)

===== 88 [Wed Mar  7 02:07:09 CET 2018] scale:100000 groups:10 work_mem:32MB incremental:off max_workers:2 =====
SELECT * FROM s_4 ORDER BY a, b, c, d, e LIMIT 1000
                                                         QUERY PLAN                                                          
-----------------------------------------------------------------------------------------------------------------------------
 Limit  (cost=7132.39..7132.39 rows=1 width=20) (actual time=13.109..13.109 rows=0 loops=1)
   ->  Limit  (cost=7119.89..7122.39 rows=1000 width=20) (actual time=12.983..13.080 rows=1000 loops=1)
         ->  Sort  (cost=7119.89..7369.89 rows=100000 width=20) (actual time=12.983..13.022 rows=1000 loops=1)
               Sort Key: s_4.a, s_4.b, s_4.c, s_4.d, s_4.e
               Sort Method: top-N heapsort  Memory: 127kB
               ->  Seq Scan on s_4  (cost=0.00..1637.00 rows=100000 width=20) (actual time=0.007..5.058 rows=100000 loops=1)
 Planning time: 0.254 ms
 Execution time: 13.145 ms
(8 rows)

===== 89 [Wed Mar  7 02:07:10 CET 2018] scale:100000 groups:10 work_mem:64MB incremental:on max_workers:2 =====
SELECT * FROM s_1 ORDER BY a, b LIMIT 1000
                                                                 QUERY PLAN                                                                  
---------------------------------------------------------------------------------------------------------------------------------------------
 Limit  (cost=821.15..821.15 rows=1 width=20) (actual time=1.757..1.757 rows=0 loops=1)
   ->  Limit  (cost=793.65..811.15 rows=1000 width=20) (actual time=1.630..1.728 rows=1000 loops=1)
         ->  Incremental Sort  (cost=793.65..2543.87 rows=100000 width=20) (actual time=1.630..1.673 rows=1000 loops=1)
               Sort Key: s_1.a, s_1.b
               Presorted Key: s_1.a
               Sort Method: quicksort  Memory: 582kB
               Sort Groups: 1
               ->  Index Scan using s_1_a_idx on s_1  (cost=0.29..3244.29 rows=100000 width=20) (actual time=0.009..0.652 rows=4982 loops=1)
 Planning time: 0.262 ms
 Execution time: 1.797 ms
(10 rows)

===== 90 [Wed Mar  7 02:07:10 CET 2018] scale:100000 groups:10 work_mem:64MB incremental:on max_workers:2 =====
SELECT * FROM s_2 ORDER BY a, b, c LIMIT 1000
                                                                  QUERY PLAN                                                                   
-----------------------------------------------------------------------------------------------------------------------------------------------
 Limit  (cost=101.72..101.72 rows=1 width=20) (actual time=0.607..0.607 rows=0 loops=1)
   ->  Limit  (cost=74.05..91.72 rows=1000 width=20) (actual time=0.143..0.579 rows=1000 loops=1)
         ->  Incremental Sort  (cost=74.05..1841.95 rows=100000 width=20) (actual time=0.142..0.524 rows=1000 loops=1)
               Sort Key: s_2.a, s_2.b, s_2.c
               Presorted Key: s_2.a, s_2.b
               Sort Method: quicksort  Memory: 66kB
               Sort Groups: 3
               ->  Index Scan using s_2_a_b_idx on s_2  (cost=0.29..4079.04 rows=100000 width=20) (actual time=0.020..0.177 rows=1281 loops=1)
 Planning time: 0.272 ms
 Execution time: 0.631 ms
(10 rows)

===== 91 [Wed Mar  7 02:07:10 CET 2018] scale:100000 groups:10 work_mem:64MB incremental:on max_workers:2 =====
SELECT * FROM s_3 ORDER BY a, b, c, d LIMIT 1000
                                                                   QUERY PLAN                                                                    
-------------------------------------------------------------------------------------------------------------------------------------------------
 Limit  (cost=34.63..34.63 rows=1 width=20) (actual time=0.552..0.552 rows=0 loops=1)
   ->  Limit  (cost=6.16..24.63 rows=1000 width=20) (actual time=0.066..0.523 rows=1000 loops=1)
         ->  Incremental Sort  (cost=6.16..1853.46 rows=100000 width=20) (actual time=0.066..0.468 rows=1000 loops=1)
               Sort Key: s_3.a, s_3.b, s_3.c, s_3.d
               Presorted Key: s_3.a, s_3.b, s_3.c
               Sort Method: quicksort  Memory: 31kB
               Sort Groups: 20
               ->  Index Scan using s_3_a_b_c_idx on s_3  (cost=0.42..4527.17 rows=100000 width=20) (actual time=0.012..0.145 rows=1051 loops=1)
 Planning time: 0.275 ms
 Execution time: 0.575 ms
(10 rows)

===== 92 [Wed Mar  7 02:07:10 CET 2018] scale:100000 groups:10 work_mem:64MB incremental:on max_workers:2 =====
SELECT * FROM s_4 ORDER BY a, b, c, d, e LIMIT 1000
                                                                    QUERY PLAN                                                                     
---------------------------------------------------------------------------------------------------------------------------------------------------
 Limit  (cost=31.15..31.15 rows=1 width=20) (actual time=0.561..0.561 rows=0 loops=1)
   ->  Limit  (cost=1.04..21.15 rows=1000 width=20) (actual time=0.064..0.532 rows=1000 loops=1)
         ->  Incremental Sort  (cost=1.04..2012.29 rows=100000 width=20) (actual time=0.064..0.477 rows=1000 loops=1)
               Sort Key: s_4.a, s_4.b, s_4.c, s_4.d, s_4.e
               Presorted Key: s_4.a, s_4.b, s_4.c, s_4.d
               Sort Method: quicksort  Memory: 28kB
               Sort Groups: 29
               ->  Index Scan using s_4_a_b_c_d_idx on s_4  (cost=0.42..4527.17 rows=100000 width=20) (actual time=0.009..0.136 rows=1001 loops=1)
 Planning time: 0.270 ms
 Execution time: 0.583 ms
(10 rows)

===== 93 [Wed Mar  7 02:07:10 CET 2018] scale:100000 groups:10 work_mem:64MB incremental:off max_workers:2 =====
SELECT * FROM s_1 ORDER BY a, b LIMIT 1000
                                                         QUERY PLAN                                                          
-----------------------------------------------------------------------------------------------------------------------------
 Limit  (cost=7132.39..7132.39 rows=1 width=20) (actual time=13.095..13.095 rows=0 loops=1)
   ->  Limit  (cost=7119.89..7122.39 rows=1000 width=20) (actual time=12.972..13.066 rows=1000 loops=1)
         ->  Sort  (cost=7119.89..7369.89 rows=100000 width=20) (actual time=12.972..13.011 rows=1000 loops=1)
               Sort Key: s_1.a, s_1.b
               Sort Method: top-N heapsort  Memory: 179kB
               ->  Seq Scan on s_1  (cost=0.00..1637.00 rows=100000 width=20) (actual time=0.007..5.058 rows=100000 loops=1)
 Planning time: 0.255 ms
 Execution time: 13.132 ms
(8 rows)

===== 94 [Wed Mar  7 02:07:10 CET 2018] scale:100000 groups:10 work_mem:64MB incremental:off max_workers:2 =====
SELECT * FROM s_2 ORDER BY a, b, c LIMIT 1000
                                                         QUERY PLAN                                                          
-----------------------------------------------------------------------------------------------------------------------------
 Limit  (cost=7132.39..7132.39 rows=1 width=20) (actual time=12.906..12.906 rows=0 loops=1)
   ->  Limit  (cost=7119.89..7122.39 rows=1000 width=20) (actual time=12.786..12.879 rows=1000 loops=1)
         ->  Sort  (cost=7119.89..7369.89 rows=100000 width=20) (actual time=12.786..12.824 rows=1000 loops=1)
               Sort Key: s_2.a, s_2.b, s_2.c
               Sort Method: top-N heapsort  Memory: 139kB
               ->  Seq Scan on s_2  (cost=0.00..1637.00 rows=100000 width=20) (actual time=0.010..5.064 rows=100000 loops=1)
 Planning time: 0.254 ms
 Execution time: 12.944 ms
(8 rows)

===== 95 [Wed Mar  7 02:07:10 CET 2018] scale:100000 groups:10 work_mem:64MB incremental:off max_workers:2 =====
SELECT * FROM s_3 ORDER BY a, b, c, d LIMIT 1000
                                                         QUERY PLAN                                                          
-----------------------------------------------------------------------------------------------------------------------------
 Limit  (cost=7132.39..7132.39 rows=1 width=20) (actual time=13.060..13.060 rows=0 loops=1)
   ->  Limit  (cost=7119.89..7122.39 rows=1000 width=20) (actual time=12.939..13.031 rows=1000 loops=1)
         ->  Sort  (cost=7119.89..7369.89 rows=100000 width=20) (actual time=12.938..12.977 rows=1000 loops=1)
               Sort Key: s_3.a, s_3.b, s_3.c, s_3.d
               Sort Method: top-N heapsort  Memory: 128kB
               ->  Seq Scan on s_3  (cost=0.00..1637.00 rows=100000 width=20) (actual time=0.010..5.051 rows=100000 loops=1)
 Planning time: 0.272 ms
 Execution time: 13.099 ms
(8 rows)

===== 96 [Wed Mar  7 02:07:10 CET 2018] scale:100000 groups:10 work_mem:64MB incremental:off max_workers:2 =====
SELECT * FROM s_4 ORDER BY a, b, c, d, e LIMIT 1000
                                                         QUERY PLAN                                                          
-----------------------------------------------------------------------------------------------------------------------------
 Limit  (cost=7132.39..7132.39 rows=1 width=20) (actual time=13.098..13.098 rows=0 loops=1)
   ->  Limit  (cost=7119.89..7122.39 rows=1000 width=20) (actual time=12.975..13.069 rows=1000 loops=1)
         ->  Sort  (cost=7119.89..7369.89 rows=100000 width=20) (actual time=12.974..13.013 rows=1000 loops=1)
               Sort Key: s_4.a, s_4.b, s_4.c, s_4.d, s_4.e
               Sort Method: top-N heapsort  Memory: 127kB
               ->  Seq Scan on s_4  (cost=0.00..1637.00 rows=100000 width=20) (actual time=0.006..5.061 rows=100000 loops=1)
 Planning time: 0.265 ms
 Execution time: 13.134 ms
(8 rows)

===== 97 [Wed Mar  7 02:07:10 CET 2018] scale:100000 groups:10 work_mem:128MB incremental:on max_workers:2 =====
SELECT * FROM s_1 ORDER BY a, b LIMIT 1000
                                                                 QUERY PLAN                                                                  
---------------------------------------------------------------------------------------------------------------------------------------------
 Limit  (cost=821.15..821.15 rows=1 width=20) (actual time=1.757..1.757 rows=0 loops=1)
   ->  Limit  (cost=793.65..811.15 rows=1000 width=20) (actual time=1.632..1.729 rows=1000 loops=1)
         ->  Incremental Sort  (cost=793.65..2543.87 rows=100000 width=20) (actual time=1.631..1.674 rows=1000 loops=1)
               Sort Key: s_1.a, s_1.b
               Presorted Key: s_1.a
               Sort Method: quicksort  Memory: 582kB
               Sort Groups: 1
               ->  Index Scan using s_1_a_idx on s_1  (cost=0.29..3244.29 rows=100000 width=20) (actual time=0.009..0.647 rows=4982 loops=1)
 Planning time: 0.259 ms
 Execution time: 1.800 ms
(10 rows)

===== 98 [Wed Mar  7 02:07:10 CET 2018] scale:100000 groups:10 work_mem:128MB incremental:on max_workers:2 =====
SELECT * FROM s_2 ORDER BY a, b, c LIMIT 1000
                                                                  QUERY PLAN                                                                   
-----------------------------------------------------------------------------------------------------------------------------------------------
 Limit  (cost=101.72..101.72 rows=1 width=20) (actual time=0.598..0.598 rows=0 loops=1)
   ->  Limit  (cost=74.05..91.72 rows=1000 width=20) (actual time=0.133..0.570 rows=1000 loops=1)
         ->  Incremental Sort  (cost=74.05..1841.95 rows=100000 width=20) (actual time=0.132..0.514 rows=1000 loops=1)
               Sort Key: s_2.a, s_2.b, s_2.c
               Presorted Key: s_2.a, s_2.b
               Sort Method: quicksort  Memory: 66kB
               Sort Groups: 3
               ->  Index Scan using s_2_a_b_idx on s_2  (cost=0.29..4079.04 rows=100000 width=20) (actual time=0.015..0.169 rows=1281 loops=1)
 Planning time: 0.271 ms
 Execution time: 0.621 ms
(10 rows)

===== 99 [Wed Mar  7 02:07:11 CET 2018] scale:100000 groups:10 work_mem:128MB incremental:on max_workers:2 =====
SELECT * FROM s_3 ORDER BY a, b, c, d LIMIT 1000
                                                                   QUERY PLAN                                                                    
-------------------------------------------------------------------------------------------------------------------------------------------------
 Limit  (cost=34.63..34.63 rows=1 width=20) (actual time=0.557..0.557 rows=0 loops=1)
   ->  Limit  (cost=6.16..24.63 rows=1000 width=20) (actual time=0.067..0.528 rows=1000 loops=1)
         ->  Incremental Sort  (cost=6.16..1853.46 rows=100000 width=20) (actual time=0.067..0.473 rows=1000 loops=1)
               Sort Key: s_3.a, s_3.b, s_3.c, s_3.d
               Presorted Key: s_3.a, s_3.b, s_3.c
               Sort Method: quicksort  Memory: 31kB
               Sort Groups: 20
               ->  Index Scan using s_3_a_b_c_idx on s_3  (cost=0.42..4527.17 rows=100000 width=20) (actual time=0.013..0.147 rows=1051 loops=1)
 Planning time: 0.281 ms
 Execution time: 0.579 ms
(10 rows)

===== 100 [Wed Mar  7 02:07:11 CET 2018] scale:100000 groups:10 work_mem:128MB incremental:on max_workers:2 =====
SELECT * FROM s_4 ORDER BY a, b, c, d, e LIMIT 1000
                                                                    QUERY PLAN                                                                     
---------------------------------------------------------------------------------------------------------------------------------------------------
 Limit  (cost=31.15..31.15 rows=1 width=20) (actual time=0.562..0.562 rows=0 loops=1)
   ->  Limit  (cost=1.04..21.15 rows=1000 width=20) (actual time=0.060..0.533 rows=1000 loops=1)
         ->  Incremental Sort  (cost=1.04..2012.29 rows=100000 width=20) (actual time=0.060..0.478 rows=1000 loops=1)
               Sort Key: s_4.a, s_4.b, s_4.c, s_4.d, s_4.e
               Presorted Key: s_4.a, s_4.b, s_4.c, s_4.d
               Sort Method: quicksort  Memory: 28kB
               Sort Groups: 29
               ->  Index Scan using s_4_a_b_c_d_idx on s_4  (cost=0.42..4527.17 rows=100000 width=20) (actual time=0.009..0.144 rows=1001 loops=1)
 Planning time: 0.270 ms
 Execution time: 0.586 ms
(10 rows)

===== 101 [Wed Mar  7 02:07:11 CET 2018] scale:100000 groups:10 work_mem:128MB incremental:off max_workers:2 =====
SELECT * FROM s_1 ORDER BY a, b LIMIT 1000
                                                         QUERY PLAN                                                          
-----------------------------------------------------------------------------------------------------------------------------
 Limit  (cost=7132.39..7132.39 rows=1 width=20) (actual time=13.094..13.094 rows=0 loops=1)
   ->  Limit  (cost=7119.89..7122.39 rows=1000 width=20) (actual time=12.969..13.066 rows=1000 loops=1)
         ->  Sort  (cost=7119.89..7369.89 rows=100000 width=20) (actual time=12.968..13.010 rows=1000 loops=1)
               Sort Key: s_1.a, s_1.b
               Sort Method: top-N heapsort  Memory: 179kB
               ->  Seq Scan on s_1  (cost=0.00..1637.00 rows=100000 width=20) (actual time=0.007..5.057 rows=100000 loops=1)
 Planning time: 0.256 ms
 Execution time: 13.138 ms
(8 rows)

===== 102 [Wed Mar  7 02:07:11 CET 2018] scale:100000 groups:10 work_mem:128MB incremental:off max_workers:2 =====
SELECT * FROM s_2 ORDER BY a, b, c LIMIT 1000
                                                         QUERY PLAN                                                          
-----------------------------------------------------------------------------------------------------------------------------
 Limit  (cost=7132.39..7132.39 rows=1 width=20) (actual time=12.907..12.907 rows=0 loops=1)
   ->  Limit  (cost=7119.89..7122.39 rows=1000 width=20) (actual time=12.782..12.877 rows=1000 loops=1)
         ->  Sort  (cost=7119.89..7369.89 rows=100000 width=20) (actual time=12.782..12.820 rows=1000 loops=1)
               Sort Key: s_2.a, s_2.b, s_2.c
               Sort Method: top-N heapsort  Memory: 139kB
               ->  Seq Scan on s_2  (cost=0.00..1637.00 rows=100000 width=20) (actual time=0.010..5.076 rows=100000 loops=1)
 Planning time: 0.265 ms
 Execution time: 12.945 ms
(8 rows)

===== 103 [Wed Mar  7 02:07:11 CET 2018] scale:100000 groups:10 work_mem:128MB incremental:off max_workers:2 =====
SELECT * FROM s_3 ORDER BY a, b, c, d LIMIT 1000
                                                         QUERY PLAN                                                          
-----------------------------------------------------------------------------------------------------------------------------
 Limit  (cost=7132.39..7132.39 rows=1 width=20) (actual time=13.045..13.045 rows=0 loops=1)
   ->  Limit  (cost=7119.89..7122.39 rows=1000 width=20) (actual time=12.924..13.018 rows=1000 loops=1)
         ->  Sort  (cost=7119.89..7369.89 rows=100000 width=20) (actual time=12.923..12.962 rows=1000 loops=1)
               Sort Key: s_3.a, s_3.b, s_3.c, s_3.d
               Sort Method: top-N heapsort  Memory: 128kB
               ->  Seq Scan on s_3  (cost=0.00..1637.00 rows=100000 width=20) (actual time=0.010..5.049 rows=100000 loops=1)
 Planning time: 0.264 ms
 Execution time: 13.084 ms
(8 rows)

===== 104 [Wed Mar  7 02:07:11 CET 2018] scale:100000 groups:10 work_mem:128MB incremental:off max_workers:2 =====
SELECT * FROM s_4 ORDER BY a, b, c, d, e LIMIT 1000
                                                         QUERY PLAN                                                          
-----------------------------------------------------------------------------------------------------------------------------
 Limit  (cost=7132.39..7132.39 rows=1 width=20) (actual time=13.082..13.082 rows=0 loops=1)
   ->  Limit  (cost=7119.89..7122.39 rows=1000 width=20) (actual time=12.957..13.054 rows=1000 loops=1)
         ->  Sort  (cost=7119.89..7369.89 rows=100000 width=20) (actual time=12.957..12.997 rows=1000 loops=1)
               Sort Key: s_4.a, s_4.b, s_4.c, s_4.d, s_4.e
               Sort Method: top-N heapsort  Memory: 127kB
               ->  Seq Scan on s_4  (cost=0.00..1637.00 rows=100000 width=20) (actual time=0.006..5.056 rows=100000 loops=1)
 Planning time: 0.255 ms
 Execution time: 13.119 ms
(8 rows)

===== 105 [Wed Mar  7 02:07:11 CET 2018] scale:100000 groups:10 work_mem:256MB incremental:on max_workers:2 =====
SELECT * FROM s_1 ORDER BY a, b LIMIT 1000
                                                                 QUERY PLAN                                                                  
---------------------------------------------------------------------------------------------------------------------------------------------
 Limit  (cost=821.15..821.15 rows=1 width=20) (actual time=1.750..1.750 rows=0 loops=1)
   ->  Limit  (cost=793.65..811.15 rows=1000 width=20) (actual time=1.625..1.722 rows=1000 loops=1)
         ->  Incremental Sort  (cost=793.65..2543.87 rows=100000 width=20) (actual time=1.624..1.667 rows=1000 loops=1)
               Sort Key: s_1.a, s_1.b
               Presorted Key: s_1.a
               Sort Method: quicksort  Memory: 582kB
               Sort Groups: 1
               ->  Index Scan using s_1_a_idx on s_1  (cost=0.29..3244.29 rows=100000 width=20) (actual time=0.009..0.643 rows=4982 loops=1)
 Planning time: 0.262 ms
 Execution time: 1.793 ms
(10 rows)

===== 106 [Wed Mar  7 02:07:11 CET 2018] scale:100000 groups:10 work_mem:256MB incremental:on max_workers:2 =====
SELECT * FROM s_2 ORDER BY a, b, c LIMIT 1000
                                                                  QUERY PLAN                                                                   
-----------------------------------------------------------------------------------------------------------------------------------------------
 Limit  (cost=101.72..101.72 rows=1 width=20) (actual time=0.602..0.602 rows=0 loops=1)
   ->  Limit  (cost=74.05..91.72 rows=1000 width=20) (actual time=0.132..0.574 rows=1000 loops=1)
         ->  Incremental Sort  (cost=74.05..1841.95 rows=100000 width=20) (actual time=0.132..0.513 rows=1000 loops=1)
               Sort Key: s_2.a, s_2.b, s_2.c
               Presorted Key: s_2.a, s_2.b
               Sort Method: quicksort  Memory: 66kB
               Sort Groups: 3
               ->  Index Scan using s_2_a_b_idx on s_2  (cost=0.29..4079.04 rows=100000 width=20) (actual time=0.015..0.170 rows=1281 loops=1)
 Planning time: 0.272 ms
 Execution time: 0.626 ms
(10 rows)

===== 107 [Wed Mar  7 02:07:11 CET 2018] scale:100000 groups:10 work_mem:256MB incremental:on max_workers:2 =====
SELECT * FROM s_3 ORDER BY a, b, c, d LIMIT 1000
                                                                   QUERY PLAN                                                                    
-------------------------------------------------------------------------------------------------------------------------------------------------
 Limit  (cost=34.63..34.63 rows=1 width=20) (actual time=0.561..0.561 rows=0 loops=1)
   ->  Limit  (cost=6.16..24.63 rows=1000 width=20) (actual time=0.072..0.532 rows=1000 loops=1)
         ->  Incremental Sort  (cost=6.16..1853.46 rows=100000 width=20) (actual time=0.072..0.477 rows=1000 loops=1)
               Sort Key: s_3.a, s_3.b, s_3.c, s_3.d
               Presorted Key: s_3.a, s_3.b, s_3.c
               Sort Method: quicksort  Memory: 31kB
               Sort Groups: 20
               ->  Index Scan using s_3_a_b_c_idx on s_3  (cost=0.42..4527.17 rows=100000 width=20) (actual time=0.012..0.146 rows=1051 loops=1)
 Planning time: 0.274 ms
 Execution time: 0.586 ms
(10 rows)

===== 108 [Wed Mar  7 02:07:11 CET 2018] scale:100000 groups:10 work_mem:256MB incremental:on max_workers:2 =====
SELECT * FROM s_4 ORDER BY a, b, c, d, e LIMIT 1000
                                                                    QUERY PLAN                                                                     
---------------------------------------------------------------------------------------------------------------------------------------------------
 Limit  (cost=31.15..31.15 rows=1 width=20) (actual time=0.559..0.559 rows=0 loops=1)
   ->  Limit  (cost=1.04..21.15 rows=1000 width=20) (actual time=0.060..0.530 rows=1000 loops=1)
         ->  Incremental Sort  (cost=1.04..2012.29 rows=100000 width=20) (actual time=0.060..0.475 rows=1000 loops=1)
               Sort Key: s_4.a, s_4.b, s_4.c, s_4.d, s_4.e
               Presorted Key: s_4.a, s_4.b, s_4.c, s_4.d
               Sort Method: quicksort  Memory: 28kB
               Sort Groups: 29
               ->  Index Scan using s_4_a_b_c_d_idx on s_4  (cost=0.42..4527.17 rows=100000 width=20) (actual time=0.008..0.136 rows=1001 loops=1)
 Planning time: 0.269 ms
 Execution time: 0.581 ms
(10 rows)

===== 109 [Wed Mar  7 02:07:12 CET 2018] scale:100000 groups:10 work_mem:256MB incremental:off max_workers:2 =====
SELECT * FROM s_1 ORDER BY a, b LIMIT 1000
                                                         QUERY PLAN                                                          
-----------------------------------------------------------------------------------------------------------------------------
 Limit  (cost=7132.39..7132.39 rows=1 width=20) (actual time=13.109..13.109 rows=0 loops=1)
   ->  Limit  (cost=7119.89..7122.39 rows=1000 width=20) (actual time=12.987..13.081 rows=1000 loops=1)
         ->  Sort  (cost=7119.89..7369.89 rows=100000 width=20) (actual time=12.986..13.025 rows=1000 loops=1)
               Sort Key: s_1.a, s_1.b
               Sort Method: top-N heapsort  Memory: 179kB
               ->  Seq Scan on s_1  (cost=0.00..1637.00 rows=100000 width=20) (actual time=0.007..5.065 rows=100000 loops=1)
 Planning time: 0.258 ms
 Execution time: 13.146 ms
(8 rows)

===== 110 [Wed Mar  7 02:07:12 CET 2018] scale:100000 groups:10 work_mem:256MB incremental:off max_workers:2 =====
SELECT * FROM s_2 ORDER BY a, b, c LIMIT 1000
                                                         QUERY PLAN                                                          
-----------------------------------------------------------------------------------------------------------------------------
 Limit  (cost=7132.39..7132.39 rows=1 width=20) (actual time=12.910..12.910 rows=0 loops=1)
   ->  Limit  (cost=7119.89..7122.39 rows=1000 width=20) (actual time=12.788..12.881 rows=1000 loops=1)
         ->  Sort  (cost=7119.89..7369.89 rows=100000 width=20) (actual time=12.788..12.826 rows=1000 loops=1)
               Sort Key: s_2.a, s_2.b, s_2.c
               Sort Method: top-N heapsort  Memory: 139kB
               ->  Seq Scan on s_2  (cost=0.00..1637.00 rows=100000 width=20) (actual time=0.010..5.068 rows=100000 loops=1)
 Planning time: 0.263 ms
 Execution time: 12.947 ms
(8 rows)

===== 111 [Wed Mar  7 02:07:12 CET 2018] scale:100000 groups:10 work_mem:256MB incremental:off max_workers:2 =====
SELECT * FROM s_3 ORDER BY a, b, c, d LIMIT 1000
                                                         QUERY PLAN                                                          
-----------------------------------------------------------------------------------------------------------------------------
 Limit  (cost=7132.39..7132.39 rows=1 width=20) (actual time=13.034..13.034 rows=0 loops=1)
   ->  Limit  (cost=7119.89..7122.39 rows=1000 width=20) (actual time=12.913..13.006 rows=1000 loops=1)
         ->  Sort  (cost=7119.89..7369.89 rows=100000 width=20) (actual time=12.913..12.951 rows=1000 loops=1)
               Sort Key: s_3.a, s_3.b, s_3.c, s_3.d
               Sort Method: top-N heapsort  Memory: 128kB
               ->  Seq Scan on s_3  (cost=0.00..1637.00 rows=100000 width=20) (actual time=0.010..5.051 rows=100000 loops=1)
 Planning time: 0.263 ms
 Execution time: 13.074 ms
(8 rows)

===== 112 [Wed Mar  7 02:07:12 CET 2018] scale:100000 groups:10 work_mem:256MB incremental:off max_workers:2 =====
SELECT * FROM s_4 ORDER BY a, b, c, d, e LIMIT 1000
                                                         QUERY PLAN                                                          
-----------------------------------------------------------------------------------------------------------------------------
 Limit  (cost=7132.39..7132.39 rows=1 width=20) (actual time=13.094..13.094 rows=0 loops=1)
   ->  Limit  (cost=7119.89..7122.39 rows=1000 width=20) (actual time=12.969..13.066 rows=1000 loops=1)
         ->  Sort  (cost=7119.89..7369.89 rows=100000 width=20) (actual time=12.969..13.009 rows=1000 loops=1)
               Sort Key: s_4.a, s_4.b, s_4.c, s_4.d, s_4.e
               Sort Method: top-N heapsort  Memory: 127kB
               ->  Seq Scan on s_4  (cost=0.00..1637.00 rows=100000 width=20) (actual time=0.007..5.063 rows=100000 loops=1)
 Planning time: 0.255 ms
 Execution time: 13.131 ms
(8 rows)

===== 113 [Wed Mar  7 02:07:14 CET 2018] scale:100000 groups:100 work_mem:4MB incremental:on max_workers:0 =====
SELECT * FROM s_1 ORDER BY a, b LIMIT 1000
                                                                 QUERY PLAN                                                                  
---------------------------------------------------------------------------------------------------------------------------------------------
 Limit  (cost=109.20..109.20 rows=1 width=20) (actual time=0.797..0.797 rows=0 loops=1)
   ->  Limit  (cost=81.68..99.20 rows=1000 width=20) (actual time=0.286..0.769 rows=1000 loops=1)
         ->  Incremental Sort  (cost=81.68..1834.51 rows=100000 width=20) (actual time=0.286..0.713 rows=1000 loops=1)
               Sort Key: s_1.a, s_1.b
               Presorted Key: s_1.a
               Sort Method: quicksort  Memory: 104kB
               Sort Groups: 2
               ->  Index Scan using s_1_a_idx on s_1  (cost=0.29..3244.29 rows=100000 width=20) (actual time=0.027..0.240 rows=1538 loops=1)
 Planning time: 0.259 ms
 Execution time: 0.823 ms
(10 rows)

===== 114 [Wed Mar  7 02:07:14 CET 2018] scale:100000 groups:100 work_mem:4MB incremental:on max_workers:0 =====
SELECT * FROM s_2 ORDER BY a, b, c LIMIT 1000
                                                                  QUERY PLAN                                                                   
-----------------------------------------------------------------------------------------------------------------------------------------------
 Limit  (cost=30.93..30.93 rows=1 width=20) (actual time=0.522..0.522 rows=0 loops=1)
   ->  Limit  (cost=0.87..20.93 rows=1000 width=20) (actual time=0.075..0.493 rows=1000 loops=1)
         ->  Incremental Sort  (cost=0.87..2007.69 rows=100000 width=20) (actual time=0.075..0.438 rows=1000 loops=1)
               Sort Key: s_2.a, s_2.b, s_2.c
               Presorted Key: s_2.a, s_2.b
               Sort Method: quicksort  Memory: 28kB
               Sort Groups: 28
               ->  Index Scan using s_2_a_b_idx on s_2  (cost=0.29..4079.04 rows=100000 width=20) (actual time=0.025..0.159 rows=1011 loops=1)
 Planning time: 0.264 ms
 Execution time: 0.545 ms
(10 rows)

===== 115 [Wed Mar  7 02:07:14 CET 2018] scale:100000 groups:100 work_mem:4MB incremental:on max_workers:0 =====
SELECT * FROM s_3 ORDER BY a, b, c, d LIMIT 1000
                                                                   QUERY PLAN                                                                    
-------------------------------------------------------------------------------------------------------------------------------------------------
 Limit  (cost=31.15..31.15 rows=1 width=20) (actual time=0.467..0.467 rows=0 loops=1)
   ->  Limit  (cost=1.04..21.15 rows=1000 width=20) (actual time=0.085..0.438 rows=1000 loops=1)
         ->  Incremental Sort  (cost=1.04..2012.29 rows=100000 width=20) (actual time=0.084..0.383 rows=1000 loops=1)
               Sort Key: s_3.a, s_3.b, s_3.c, s_3.d
               Presorted Key: s_3.a, s_3.b, s_3.c
               Sort Method: quicksort  Memory: 27kB
               Sort Groups: 32
               ->  Index Scan using s_3_a_b_c_idx on s_3  (cost=0.42..4527.17 rows=100000 width=20) (actual time=0.034..0.168 rows=1027 loops=1)
 Planning time: 0.275 ms
 Execution time: 0.490 ms
(10 rows)

===== 116 [Wed Mar  7 02:07:14 CET 2018] scale:100000 groups:100 work_mem:4MB incremental:on max_workers:0 =====
SELECT * FROM s_4 ORDER BY a, b, c, d, e LIMIT 1000
                                                                    QUERY PLAN                                                                     
---------------------------------------------------------------------------------------------------------------------------------------------------
 Limit  (cost=31.15..31.15 rows=1 width=20) (actual time=0.441..0.441 rows=0 loops=1)
   ->  Limit  (cost=1.04..21.15 rows=1000 width=20) (actual time=0.074..0.413 rows=1000 loops=1)
         ->  Incremental Sort  (cost=1.04..2012.29 rows=100000 width=20) (actual time=0.074..0.358 rows=1000 loops=1)
               Sort Key: s_4.a, s_4.b, s_4.c, s_4.d, s_4.e
               Presorted Key: s_4.a, s_4.b, s_4.c, s_4.d
               Sort Method: quicksort  Memory: 27kB
               Sort Groups: 32
               ->  Index Scan using s_4_a_b_c_d_idx on s_4  (cost=0.42..4527.17 rows=100000 width=20) (actual time=0.026..0.173 rows=1025 loops=1)
 Planning time: 0.278 ms
 Execution time: 0.464 ms
(10 rows)

===== 117 [Wed Mar  7 02:07:14 CET 2018] scale:100000 groups:100 work_mem:4MB incremental:off max_workers:0 =====
SELECT * FROM s_1 ORDER BY a, b LIMIT 1000
                                                         QUERY PLAN                                                          
-----------------------------------------------------------------------------------------------------------------------------
 Limit  (cost=7132.39..7132.39 rows=1 width=20) (actual time=12.792..12.792 rows=0 loops=1)
   ->  Limit  (cost=7119.89..7122.39 rows=1000 width=20) (actual time=12.670..12.763 rows=1000 loops=1)
         ->  Sort  (cost=7119.89..7369.89 rows=100000 width=20) (actual time=12.669..12.708 rows=1000 loops=1)
               Sort Key: s_1.a, s_1.b
               Sort Method: top-N heapsort  Memory: 155kB
               ->  Seq Scan on s_1  (cost=0.00..1637.00 rows=100000 width=20) (actual time=0.018..5.063 rows=100000 loops=1)
 Planning time: 0.253 ms
 Execution time: 12.829 ms
(8 rows)

===== 118 [Wed Mar  7 02:07:14 CET 2018] scale:100000 groups:100 work_mem:4MB incremental:off max_workers:0 =====
SELECT * FROM s_2 ORDER BY a, b, c LIMIT 1000
                                                         QUERY PLAN                                                          
-----------------------------------------------------------------------------------------------------------------------------
 Limit  (cost=7132.39..7132.39 rows=1 width=20) (actual time=12.753..12.753 rows=0 loops=1)
   ->  Limit  (cost=7119.89..7122.39 rows=1000 width=20) (actual time=12.632..12.725 rows=1000 loops=1)
         ->  Sort  (cost=7119.89..7369.89 rows=100000 width=20) (actual time=12.631..12.670 rows=1000 loops=1)
               Sort Key: s_2.a, s_2.b, s_2.c
               Sort Method: top-N heapsort  Memory: 127kB
               ->  Seq Scan on s_2  (cost=0.00..1637.00 rows=100000 width=20) (actual time=0.010..5.087 rows=100000 loops=1)
 Planning time: 0.259 ms
 Execution time: 12.791 ms
(8 rows)

===== 119 [Wed Mar  7 02:07:14 CET 2018] scale:100000 groups:100 work_mem:4MB incremental:off max_workers:0 =====
SELECT * FROM s_3 ORDER BY a, b, c, d LIMIT 1000
                                                         QUERY PLAN                                                          
-----------------------------------------------------------------------------------------------------------------------------
 Limit  (cost=7132.39..7132.39 rows=1 width=20) (actual time=12.930..12.930 rows=0 loops=1)
   ->  Limit  (cost=7119.89..7122.39 rows=1000 width=20) (actual time=12.809..12.902 rows=1000 loops=1)
         ->  Sort  (cost=7119.89..7369.89 rows=100000 width=20) (actual time=12.809..12.847 rows=1000 loops=1)
               Sort Key: s_3.a, s_3.b, s_3.c, s_3.d
               Sort Method: top-N heapsort  Memory: 127kB
               ->  Seq Scan on s_3  (cost=0.00..1637.00 rows=100000 width=20) (actual time=0.010..5.056 rows=100000 loops=1)
 Planning time: 0.260 ms
 Execution time: 12.969 ms
(8 rows)

===== 120 [Wed Mar  7 02:07:14 CET 2018] scale:100000 groups:100 work_mem:4MB incremental:off max_workers:0 =====
SELECT * FROM s_4 ORDER BY a, b, c, d, e LIMIT 1000
                                                         QUERY PLAN                                                          
-----------------------------------------------------------------------------------------------------------------------------
 Limit  (cost=7132.39..7132.39 rows=1 width=20) (actual time=12.809..12.809 rows=0 loops=1)
   ->  Limit  (cost=7119.89..7122.39 rows=1000 width=20) (actual time=12.687..12.781 rows=1000 loops=1)
         ->  Sort  (cost=7119.89..7369.89 rows=100000 width=20) (actual time=12.686..12.724 rows=1000 loops=1)
               Sort Key: s_4.a, s_4.b, s_4.c, s_4.d, s_4.e
               Sort Method: top-N heapsort  Memory: 127kB
               ->  Seq Scan on s_4  (cost=0.00..1637.00 rows=100000 width=20) (actual time=0.006..5.053 rows=100000 loops=1)
 Planning time: 0.274 ms
 Execution time: 12.846 ms
(8 rows)

===== 121 [Wed Mar  7 02:07:14 CET 2018] scale:100000 groups:100 work_mem:8MB incremental:on max_workers:0 =====
SELECT * FROM s_1 ORDER BY a, b LIMIT 1000
                                                                 QUERY PLAN                                                                  
---------------------------------------------------------------------------------------------------------------------------------------------
 Limit  (cost=109.20..109.20 rows=1 width=20) (actual time=0.765..0.765 rows=0 loops=1)
   ->  Limit  (cost=81.68..99.20 rows=1000 width=20) (actual time=0.258..0.737 rows=1000 loops=1)
         ->  Incremental Sort  (cost=81.68..1834.51 rows=100000 width=20) (actual time=0.258..0.682 rows=1000 loops=1)
               Sort Key: s_1.a, s_1.b
               Presorted Key: s_1.a
               Sort Method: quicksort  Memory: 104kB
               Sort Groups: 2
               ->  Index Scan using s_1_a_idx on s_1  (cost=0.29..3244.29 rows=100000 width=20) (actual time=0.015..0.221 rows=1538 loops=1)
 Planning time: 0.256 ms
 Execution time: 0.791 ms
(10 rows)

===== 122 [Wed Mar  7 02:07:14 CET 2018] scale:100000 groups:100 work_mem:8MB incremental:on max_workers:0 =====
SELECT * FROM s_2 ORDER BY a, b, c LIMIT 1000
                                                                  QUERY PLAN                                                                   
-----------------------------------------------------------------------------------------------------------------------------------------------
 Limit  (cost=30.93..30.93 rows=1 width=20) (actual time=0.496..0.496 rows=0 loops=1)
   ->  Limit  (cost=0.87..20.93 rows=1000 width=20) (actual time=0.064..0.469 rows=1000 loops=1)
         ->  Incremental Sort  (cost=0.87..2007.69 rows=100000 width=20) (actual time=0.063..0.412 rows=1000 loops=1)
               Sort Key: s_2.a, s_2.b, s_2.c
               Presorted Key: s_2.a, s_2.b
               Sort Method: quicksort  Memory: 28kB
               Sort Groups: 28
               ->  Index Scan using s_2_a_b_idx on s_2  (cost=0.29..4079.04 rows=100000 width=20) (actual time=0.012..0.133 rows=1011 loops=1)
 Planning time: 0.274 ms
 Execution time: 0.520 ms
(10 rows)

===== 123 [Wed Mar  7 02:07:15 CET 2018] scale:100000 groups:100 work_mem:8MB incremental:on max_workers:0 =====
SELECT * FROM s_3 ORDER BY a, b, c, d LIMIT 1000
                                                                   QUERY PLAN                                                                    
-------------------------------------------------------------------------------------------------------------------------------------------------
 Limit  (cost=31.15..31.15 rows=1 width=20) (actual time=0.440..0.440 rows=0 loops=1)
   ->  Limit  (cost=1.04..21.15 rows=1000 width=20) (actual time=0.069..0.411 rows=1000 loops=1)
         ->  Incremental Sort  (cost=1.04..2012.29 rows=100000 width=20) (actual time=0.069..0.356 rows=1000 loops=1)
               Sort Key: s_3.a, s_3.b, s_3.c, s_3.d
               Presorted Key: s_3.a, s_3.b, s_3.c
               Sort Method: quicksort  Memory: 27kB
               Sort Groups: 32
               ->  Index Scan using s_3_a_b_c_idx on s_3  (cost=0.42..4527.17 rows=100000 width=20) (actual time=0.018..0.141 rows=1027 loops=1)
 Planning time: 0.274 ms
 Execution time: 0.462 ms
(10 rows)

===== 124 [Wed Mar  7 02:07:15 CET 2018] scale:100000 groups:100 work_mem:8MB incremental:on max_workers:0 =====
SELECT * FROM s_4 ORDER BY a, b, c, d, e LIMIT 1000
                                                                    QUERY PLAN                                                                     
---------------------------------------------------------------------------------------------------------------------------------------------------
 Limit  (cost=31.15..31.15 rows=1 width=20) (actual time=0.416..0.416 rows=0 loops=1)
   ->  Limit  (cost=1.04..21.15 rows=1000 width=20) (actual time=0.066..0.387 rows=1000 loops=1)
         ->  Incremental Sort  (cost=1.04..2012.29 rows=100000 width=20) (actual time=0.066..0.332 rows=1000 loops=1)
               Sort Key: s_4.a, s_4.b, s_4.c, s_4.d, s_4.e
               Presorted Key: s_4.a, s_4.b, s_4.c, s_4.d
               Sort Method: quicksort  Memory: 27kB
               Sort Groups: 32
               ->  Index Scan using s_4_a_b_c_d_idx on s_4  (cost=0.42..4527.17 rows=100000 width=20) (actual time=0.009..0.140 rows=1025 loops=1)
 Planning time: 0.275 ms
 Execution time: 0.439 ms
(10 rows)

===== 125 [Wed Mar  7 02:07:15 CET 2018] scale:100000 groups:100 work_mem:8MB incremental:off max_workers:0 =====
SELECT * FROM s_1 ORDER BY a, b LIMIT 1000
                                                         QUERY PLAN                                                          
-----------------------------------------------------------------------------------------------------------------------------
 Limit  (cost=7132.39..7132.39 rows=1 width=20) (actual time=12.778..12.778 rows=0 loops=1)
   ->  Limit  (cost=7119.89..7122.39 rows=1000 width=20) (actual time=12.653..12.750 rows=1000 loops=1)
         ->  Sort  (cost=7119.89..7369.89 rows=100000 width=20) (actual time=12.652..12.695 rows=1000 loops=1)
               Sort Key: s_1.a, s_1.b
               Sort Method: top-N heapsort  Memory: 155kB
               ->  Seq Scan on s_1  (cost=0.00..1637.00 rows=100000 width=20) (actual time=0.010..5.068 rows=100000 loops=1)
 Planning time: 0.258 ms
 Execution time: 12.816 ms
(8 rows)

===== 126 [Wed Mar  7 02:07:15 CET 2018] scale:100000 groups:100 work_mem:8MB incremental:off max_workers:0 =====
SELECT * FROM s_2 ORDER BY a, b, c LIMIT 1000
                                                         QUERY PLAN                                                          
-----------------------------------------------------------------------------------------------------------------------------
 Limit  (cost=7132.39..7132.39 rows=1 width=20) (actual time=12.739..12.739 rows=0 loops=1)
   ->  Limit  (cost=7119.89..7122.39 rows=1000 width=20) (actual time=12.618..12.710 rows=1000 loops=1)
         ->  Sort  (cost=7119.89..7369.89 rows=100000 width=20) (actual time=12.617..12.655 rows=1000 loops=1)
               Sort Key: s_2.a, s_2.b, s_2.c
               Sort Method: top-N heapsort  Memory: 127kB
               ->  Seq Scan on s_2  (cost=0.00..1637.00 rows=100000 width=20) (actual time=0.010..5.067 rows=100000 loops=1)
 Planning time: 0.260 ms
 Execution time: 12.776 ms
(8 rows)

===== 127 [Wed Mar  7 02:07:15 CET 2018] scale:100000 groups:100 work_mem:8MB incremental:off max_workers:0 =====
SELECT * FROM s_3 ORDER BY a, b, c, d LIMIT 1000
                                                         QUERY PLAN                                                          
-----------------------------------------------------------------------------------------------------------------------------
 Limit  (cost=7132.39..7132.39 rows=1 width=20) (actual time=12.864..12.864 rows=0 loops=1)
   ->  Limit  (cost=7119.89..7122.39 rows=1000 width=20) (actual time=12.742..12.835 rows=1000 loops=1)
         ->  Sort  (cost=7119.89..7369.89 rows=100000 width=20) (actual time=12.741..12.780 rows=1000 loops=1)
               Sort Key: s_3.a, s_3.b, s_3.c, s_3.d
               Sort Method: top-N heapsort  Memory: 127kB
               ->  Seq Scan on s_3  (cost=0.00..1637.00 rows=100000 width=20) (actual time=0.010..5.051 rows=100000 loops=1)
 Planning time: 0.261 ms
 Execution time: 12.902 ms
(8 rows)

===== 128 [Wed Mar  7 02:07:15 CET 2018] scale:100000 groups:100 work_mem:8MB incremental:off max_workers:0 =====
SELECT * FROM s_4 ORDER BY a, b, c, d, e LIMIT 1000
                                                         QUERY PLAN                                                          
-----------------------------------------------------------------------------------------------------------------------------
 Limit  (cost=7132.39..7132.39 rows=1 width=20) (actual time=12.792..12.792 rows=0 loops=1)
   ->  Limit  (cost=7119.89..7122.39 rows=1000 width=20) (actual time=12.668..12.763 rows=1000 loops=1)
         ->  Sort  (cost=7119.89..7369.89 rows=100000 width=20) (actual time=12.668..12.706 rows=1000 loops=1)
               Sort Key: s_4.a, s_4.b, s_4.c, s_4.d, s_4.e
               Sort Method: top-N heapsort  Memory: 127kB
               ->  Seq Scan on s_4  (cost=0.00..1637.00 rows=100000 width=20) (actual time=0.006..5.048 rows=100000 loops=1)
 Planning time: 0.261 ms
 Execution time: 12.829 ms
(8 rows)

===== 129 [Wed Mar  7 02:07:15 CET 2018] scale:100000 groups:100 work_mem:16MB incremental:on max_workers:0 =====
SELECT * FROM s_1 ORDER BY a, b LIMIT 1000
                                                                 QUERY PLAN                                                                  
---------------------------------------------------------------------------------------------------------------------------------------------
 Limit  (cost=109.20..109.20 rows=1 width=20) (actual time=0.760..0.760 rows=0 loops=1)
   ->  Limit  (cost=81.68..99.20 rows=1000 width=20) (actual time=0.259..0.732 rows=1000 loops=1)
         ->  Incremental Sort  (cost=81.68..1834.51 rows=100000 width=20) (actual time=0.259..0.677 rows=1000 loops=1)
               Sort Key: s_1.a, s_1.b
               Presorted Key: s_1.a
               Sort Method: quicksort  Memory: 104kB
               Sort Groups: 2
               ->  Index Scan using s_1_a_idx on s_1  (cost=0.29..3244.29 rows=100000 width=20) (actual time=0.015..0.208 rows=1538 loops=1)
 Planning time: 0.254 ms
 Execution time: 0.786 ms
(10 rows)

===== 130 [Wed Mar  7 02:07:15 CET 2018] scale:100000 groups:100 work_mem:16MB incremental:on max_workers:0 =====
SELECT * FROM s_2 ORDER BY a, b, c LIMIT 1000
                                                                  QUERY PLAN                                                                   
-----------------------------------------------------------------------------------------------------------------------------------------------
 Limit  (cost=30.93..30.93 rows=1 width=20) (actual time=0.503..0.503 rows=0 loops=1)
   ->  Limit  (cost=0.87..20.93 rows=1000 width=20) (actual time=0.069..0.474 rows=1000 loops=1)
         ->  Incremental Sort  (cost=0.87..2007.69 rows=100000 width=20) (actual time=0.069..0.419 rows=1000 loops=1)
               Sort Key: s_2.a, s_2.b, s_2.c
               Presorted Key: s_2.a, s_2.b
               Sort Method: quicksort  Memory: 28kB
               Sort Groups: 28
               ->  Index Scan using s_2_a_b_idx on s_2  (cost=0.29..4079.04 rows=100000 width=20) (actual time=0.012..0.135 rows=1011 loops=1)
 Planning time: 0.270 ms
 Execution time: 0.526 ms
(10 rows)

===== 131 [Wed Mar  7 02:07:15 CET 2018] scale:100000 groups:100 work_mem:16MB incremental:on max_workers:0 =====
SELECT * FROM s_3 ORDER BY a, b, c, d LIMIT 1000
                                                                   QUERY PLAN                                                                    
-------------------------------------------------------------------------------------------------------------------------------------------------
 Limit  (cost=31.15..31.15 rows=1 width=20) (actual time=0.437..0.437 rows=0 loops=1)
   ->  Limit  (cost=1.04..21.15 rows=1000 width=20) (actual time=0.073..0.409 rows=1000 loops=1)
         ->  Incremental Sort  (cost=1.04..2012.29 rows=100000 width=20) (actual time=0.073..0.353 rows=1000 loops=1)
               Sort Key: s_3.a, s_3.b, s_3.c, s_3.d
               Presorted Key: s_3.a, s_3.b, s_3.c
               Sort Method: quicksort  Memory: 27kB
               Sort Groups: 32
               ->  Index Scan using s_3_a_b_c_idx on s_3  (cost=0.42..4527.17 rows=100000 width=20) (actual time=0.018..0.140 rows=1027 loops=1)
 Planning time: 0.282 ms
 Execution time: 0.460 ms
(10 rows)

===== 132 [Wed Mar  7 02:07:15 CET 2018] scale:100000 groups:100 work_mem:16MB incremental:on max_workers:0 =====
SELECT * FROM s_4 ORDER BY a, b, c, d, e LIMIT 1000
                                                                    QUERY PLAN                                                                     
---------------------------------------------------------------------------------------------------------------------------------------------------
 Limit  (cost=31.15..31.15 rows=1 width=20) (actual time=0.415..0.415 rows=0 loops=1)
   ->  Limit  (cost=1.04..21.15 rows=1000 width=20) (actual time=0.057..0.380 rows=1000 loops=1)
         ->  Incremental Sort  (cost=1.04..2012.29 rows=100000 width=20) (actual time=0.057..0.325 rows=1000 loops=1)
               Sort Key: s_4.a, s_4.b, s_4.c, s_4.d, s_4.e
               Presorted Key: s_4.a, s_4.b, s_4.c, s_4.d
               Sort Method: quicksort  Memory: 27kB
               Sort Groups: 32
               ->  Index Scan using s_4_a_b_c_d_idx on s_4  (cost=0.42..4527.17 rows=100000 width=20) (actual time=0.008..0.141 rows=1025 loops=1)
 Planning time: 0.276 ms
 Execution time: 0.439 ms
(10 rows)

===== 133 [Wed Mar  7 02:07:15 CET 2018] scale:100000 groups:100 work_mem:16MB incremental:off max_workers:0 =====
SELECT * FROM s_1 ORDER BY a, b LIMIT 1000
                                                         QUERY PLAN                                                          
-----------------------------------------------------------------------------------------------------------------------------
 Limit  (cost=7132.39..7132.39 rows=1 width=20) (actual time=12.771..12.771 rows=0 loops=1)
   ->  Limit  (cost=7119.89..7122.39 rows=1000 width=20) (actual time=12.649..12.742 rows=1000 loops=1)
         ->  Sort  (cost=7119.89..7369.89 rows=100000 width=20) (actual time=12.648..12.687 rows=1000 loops=1)
               Sort Key: s_1.a, s_1.b
               Sort Method: top-N heapsort  Memory: 155kB
               ->  Seq Scan on s_1  (cost=0.00..1637.00 rows=100000 width=20) (actual time=0.010..5.063 rows=100000 loops=1)
 Planning time: 0.271 ms
 Execution time: 12.809 ms
(8 rows)

===== 134 [Wed Mar  7 02:07:16 CET 2018] scale:100000 groups:100 work_mem:16MB incremental:off max_workers:0 =====
SELECT * FROM s_2 ORDER BY a, b, c LIMIT 1000
                                                         QUERY PLAN                                                          
-----------------------------------------------------------------------------------------------------------------------------
 Limit  (cost=7132.39..7132.39 rows=1 width=20) (actual time=12.735..12.735 rows=0 loops=1)
   ->  Limit  (cost=7119.89..7122.39 rows=1000 width=20) (actual time=12.613..12.705 rows=1000 loops=1)
         ->  Sort  (cost=7119.89..7369.89 rows=100000 width=20) (actual time=12.613..12.651 rows=1000 loops=1)
               Sort Key: s_2.a, s_2.b, s_2.c
               Sort Method: top-N heapsort  Memory: 127kB
               ->  Seq Scan on s_2  (cost=0.00..1637.00 rows=100000 width=20) (actual time=0.010..5.079 rows=100000 loops=1)
 Planning time: 0.260 ms
 Execution time: 12.772 ms
(8 rows)

===== 135 [Wed Mar  7 02:07:16 CET 2018] scale:100000 groups:100 work_mem:16MB incremental:off max_workers:0 =====
SELECT * FROM s_3 ORDER BY a, b, c, d LIMIT 1000
                                                         QUERY PLAN                                                          
-----------------------------------------------------------------------------------------------------------------------------
 Limit  (cost=7132.39..7132.39 rows=1 width=20) (actual time=12.854..12.854 rows=0 loops=1)
   ->  Limit  (cost=7119.89..7122.39 rows=1000 width=20) (actual time=12.731..12.826 rows=1000 loops=1)
         ->  Sort  (cost=7119.89..7369.89 rows=100000 width=20) (actual time=12.730..12.768 rows=1000 loops=1)
               Sort Key: s_3.a, s_3.b, s_3.c, s_3.d
               Sort Method: top-N heapsort  Memory: 127kB
               ->  Seq Scan on s_3  (cost=0.00..1637.00 rows=100000 width=20) (actual time=0.010..5.054 rows=100000 loops=1)
 Planning time: 0.271 ms
 Execution time: 12.893 ms
(8 rows)

===== 136 [Wed Mar  7 02:07:16 CET 2018] scale:100000 groups:100 work_mem:16MB incremental:off max_workers:0 =====
SELECT * FROM s_4 ORDER BY a, b, c, d, e LIMIT 1000
                                                         QUERY PLAN                                                          
-----------------------------------------------------------------------------------------------------------------------------
 Limit  (cost=7132.39..7132.39 rows=1 width=20) (actual time=12.805..12.805 rows=0 loops=1)
   ->  Limit  (cost=7119.89..7122.39 rows=1000 width=20) (actual time=12.684..12.778 rows=1000 loops=1)
         ->  Sort  (cost=7119.89..7369.89 rows=100000 width=20) (actual time=12.683..12.721 rows=1000 loops=1)
               Sort Key: s_4.a, s_4.b, s_4.c, s_4.d, s_4.e
               Sort Method: top-N heapsort  Memory: 127kB
               ->  Seq Scan on s_4  (cost=0.00..1637.00 rows=100000 width=20) (actual time=0.007..5.059 rows=100000 loops=1)
 Planning time: 0.266 ms
 Execution time: 12.842 ms
(8 rows)

===== 137 [Wed Mar  7 02:07:16 CET 2018] scale:100000 groups:100 work_mem:32MB incremental:on max_workers:0 =====
SELECT * FROM s_1 ORDER BY a, b LIMIT 1000
                                                                 QUERY PLAN                                                                  
---------------------------------------------------------------------------------------------------------------------------------------------
 Limit  (cost=109.20..109.20 rows=1 width=20) (actual time=0.758..0.758 rows=0 loops=1)
   ->  Limit  (cost=81.68..99.20 rows=1000 width=20) (actual time=0.258..0.730 rows=1000 loops=1)
         ->  Incremental Sort  (cost=81.68..1834.51 rows=100000 width=20) (actual time=0.257..0.675 rows=1000 loops=1)
               Sort Key: s_1.a, s_1.b
               Presorted Key: s_1.a
               Sort Method: quicksort  Memory: 104kB
               Sort Groups: 2
               ->  Index Scan using s_1_a_idx on s_1  (cost=0.29..3244.29 rows=100000 width=20) (actual time=0.015..0.209 rows=1538 loops=1)
 Planning time: 0.252 ms
 Execution time: 0.784 ms
(10 rows)

===== 138 [Wed Mar  7 02:07:16 CET 2018] scale:100000 groups:100 work_mem:32MB incremental:on max_workers:0 =====
SELECT * FROM s_2 ORDER BY a, b, c LIMIT 1000
                                                                  QUERY PLAN                                                                   
-----------------------------------------------------------------------------------------------------------------------------------------------
 Limit  (cost=30.93..30.93 rows=1 width=20) (actual time=0.501..0.501 rows=0 loops=1)
   ->  Limit  (cost=0.87..20.93 rows=1000 width=20) (actual time=0.063..0.472 rows=1000 loops=1)
         ->  Incremental Sort  (cost=0.87..2007.69 rows=100000 width=20) (actual time=0.063..0.417 rows=1000 loops=1)
               Sort Key: s_2.a, s_2.b, s_2.c
               Presorted Key: s_2.a, s_2.b
               Sort Method: quicksort  Memory: 28kB
               Sort Groups: 28
               ->  Index Scan using s_2_a_b_idx on s_2  (cost=0.29..4079.04 rows=100000 width=20) (actual time=0.012..0.133 rows=1011 loops=1)
 Planning time: 0.267 ms
 Execution time: 0.524 ms
(10 rows)

===== 139 [Wed Mar  7 02:07:16 CET 2018] scale:100000 groups:100 work_mem:32MB incremental:on max_workers:0 =====
SELECT * FROM s_3 ORDER BY a, b, c, d LIMIT 1000
                                                                   QUERY PLAN                                                                    
-------------------------------------------------------------------------------------------------------------------------------------------------
 Limit  (cost=31.15..31.15 rows=1 width=20) (actual time=0.438..0.438 rows=0 loops=1)
   ->  Limit  (cost=1.04..21.15 rows=1000 width=20) (actual time=0.068..0.409 rows=1000 loops=1)
         ->  Incremental Sort  (cost=1.04..2012.29 rows=100000 width=20) (actual time=0.068..0.354 rows=1000 loops=1)
               Sort Key: s_3.a, s_3.b, s_3.c, s_3.d
               Presorted Key: s_3.a, s_3.b, s_3.c
               Sort Method: quicksort  Memory: 27kB
               Sort Groups: 32
               ->  Index Scan using s_3_a_b_c_idx on s_3  (cost=0.42..4527.17 rows=100000 width=20) (actual time=0.018..0.144 rows=1027 loops=1)
 Planning time: 0.269 ms
 Execution time: 0.461 ms
(10 rows)

===== 140 [Wed Mar  7 02:07:16 CET 2018] scale:100000 groups:100 work_mem:32MB incremental:on max_workers:0 =====
SELECT * FROM s_4 ORDER BY a, b, c, d, e LIMIT 1000
                                                                    QUERY PLAN                                                                     
---------------------------------------------------------------------------------------------------------------------------------------------------
 Limit  (cost=31.15..31.15 rows=1 width=20) (actual time=0.409..0.409 rows=0 loops=1)
   ->  Limit  (cost=1.04..21.15 rows=1000 width=20) (actual time=0.060..0.381 rows=1000 loops=1)
         ->  Incremental Sort  (cost=1.04..2012.29 rows=100000 width=20) (actual time=0.059..0.326 rows=1000 loops=1)
               Sort Key: s_4.a, s_4.b, s_4.c, s_4.d, s_4.e
               Presorted Key: s_4.a, s_4.b, s_4.c, s_4.d
               Sort Method: quicksort  Memory: 27kB
               Sort Groups: 32
               ->  Index Scan using s_4_a_b_c_d_idx on s_4  (cost=0.42..4527.17 rows=100000 width=20) (actual time=0.008..0.139 rows=1025 loops=1)
 Planning time: 0.279 ms
 Execution time: 0.432 ms
(10 rows)

===== 141 [Wed Mar  7 02:07:16 CET 2018] scale:100000 groups:100 work_mem:32MB incremental:off max_workers:0 =====
SELECT * FROM s_1 ORDER BY a, b LIMIT 1000
                                                         QUERY PLAN                                                          
-----------------------------------------------------------------------------------------------------------------------------
 Limit  (cost=7132.39..7132.39 rows=1 width=20) (actual time=12.770..12.770 rows=0 loops=1)
   ->  Limit  (cost=7119.89..7122.39 rows=1000 width=20) (actual time=12.647..12.741 rows=1000 loops=1)
         ->  Sort  (cost=7119.89..7369.89 rows=100000 width=20) (actual time=12.647..12.686 rows=1000 loops=1)
               Sort Key: s_1.a, s_1.b
               Sort Method: top-N heapsort  Memory: 155kB
               ->  Seq Scan on s_1  (cost=0.00..1637.00 rows=100000 width=20) (actual time=0.010..5.066 rows=100000 loops=1)
 Planning time: 0.256 ms
 Execution time: 12.807 ms
(8 rows)

===== 142 [Wed Mar  7 02:07:16 CET 2018] scale:100000 groups:100 work_mem:32MB incremental:off max_workers:0 =====
SELECT * FROM s_2 ORDER BY a, b, c LIMIT 1000
                                                         QUERY PLAN                                                          
-----------------------------------------------------------------------------------------------------------------------------
 Limit  (cost=7132.39..7132.39 rows=1 width=20) (actual time=12.737..12.737 rows=0 loops=1)
   ->  Limit  (cost=7119.89..7122.39 rows=1000 width=20) (actual time=12.615..12.707 rows=1000 loops=1)
         ->  Sort  (cost=7119.89..7369.89 rows=100000 width=20) (actual time=12.615..12.653 rows=1000 loops=1)
               Sort Key: s_2.a, s_2.b, s_2.c
               Sort Method: top-N heapsort  Memory: 127kB
               ->  Seq Scan on s_2  (cost=0.00..1637.00 rows=100000 width=20) (actual time=0.010..5.075 rows=100000 loops=1)
 Planning time: 0.257 ms
 Execution time: 12.775 ms
(8 rows)

===== 143 [Wed Mar  7 02:07:17 CET 2018] scale:100000 groups:100 work_mem:32MB incremental:off max_workers:0 =====
SELECT * FROM s_3 ORDER BY a, b, c, d LIMIT 1000
                                                         QUERY PLAN                                                          
-----------------------------------------------------------------------------------------------------------------------------
 Limit  (cost=7132.39..7132.39 rows=1 width=20) (actual time=12.867..12.867 rows=0 loops=1)
   ->  Limit  (cost=7119.89..7122.39 rows=1000 width=20) (actual time=12.746..12.839 rows=1000 loops=1)
         ->  Sort  (cost=7119.89..7369.89 rows=100000 width=20) (actual time=12.745..12.784 rows=1000 loops=1)
               Sort Key: s_3.a, s_3.b, s_3.c, s_3.d
               Sort Method: top-N heapsort  Memory: 127kB
               ->  Seq Scan on s_3  (cost=0.00..1637.00 rows=100000 width=20) (actual time=0.010..5.064 rows=100000 loops=1)
 Planning time: 0.261 ms
 Execution time: 12.906 ms
(8 rows)

===== 144 [Wed Mar  7 02:07:17 CET 2018] scale:100000 groups:100 work_mem:32MB incremental:off max_workers:0 =====
SELECT * FROM s_4 ORDER BY a, b, c, d, e LIMIT 1000
                                                         QUERY PLAN                                                          
-----------------------------------------------------------------------------------------------------------------------------
 Limit  (cost=7132.39..7132.39 rows=1 width=20) (actual time=12.815..12.815 rows=0 loops=1)
   ->  Limit  (cost=7119.89..7122.39 rows=1000 width=20) (actual time=12.693..12.787 rows=1000 loops=1)
         ->  Sort  (cost=7119.89..7369.89 rows=100000 width=20) (actual time=12.692..12.730 rows=1000 loops=1)
               Sort Key: s_4.a, s_4.b, s_4.c, s_4.d, s_4.e
               Sort Method: top-N heapsort  Memory: 127kB
               ->  Seq Scan on s_4  (cost=0.00..1637.00 rows=100000 width=20) (actual time=0.007..5.055 rows=100000 loops=1)
 Planning time: 0.264 ms
 Execution time: 12.853 ms
(8 rows)

===== 145 [Wed Mar  7 02:07:17 CET 2018] scale:100000 groups:100 work_mem:64MB incremental:on max_workers:0 =====
SELECT * FROM s_1 ORDER BY a, b LIMIT 1000
                                                                 QUERY PLAN                                                                  
---------------------------------------------------------------------------------------------------------------------------------------------
 Limit  (cost=109.20..109.20 rows=1 width=20) (actual time=0.761..0.761 rows=0 loops=1)
   ->  Limit  (cost=81.68..99.20 rows=1000 width=20) (actual time=0.261..0.732 rows=1000 loops=1)
         ->  Incremental Sort  (cost=81.68..1834.51 rows=100000 width=20) (actual time=0.261..0.677 rows=1000 loops=1)
               Sort Key: s_1.a, s_1.b
               Presorted Key: s_1.a
               Sort Method: quicksort  Memory: 104kB
               Sort Groups: 2
               ->  Index Scan using s_1_a_idx on s_1  (cost=0.29..3244.29 rows=100000 width=20) (actual time=0.015..0.208 rows=1538 loops=1)
 Planning time: 0.265 ms
 Execution time: 0.786 ms
(10 rows)

===== 146 [Wed Mar  7 02:07:17 CET 2018] scale:100000 groups:100 work_mem:64MB incremental:on max_workers:0 =====
SELECT * FROM s_2 ORDER BY a, b, c LIMIT 1000
                                                                  QUERY PLAN                                                                   
-----------------------------------------------------------------------------------------------------------------------------------------------
 Limit  (cost=30.93..30.93 rows=1 width=20) (actual time=0.500..0.500 rows=0 loops=1)
   ->  Limit  (cost=0.87..20.93 rows=1000 width=20) (actual time=0.062..0.467 rows=1000 loops=1)
         ->  Incremental Sort  (cost=0.87..2007.69 rows=100000 width=20) (actual time=0.062..0.412 rows=1000 loops=1)
               Sort Key: s_2.a, s_2.b, s_2.c
               Presorted Key: s_2.a, s_2.b
               Sort Method: quicksort  Memory: 28kB
               Sort Groups: 28
               ->  Index Scan using s_2_a_b_idx on s_2  (cost=0.29..4079.04 rows=100000 width=20) (actual time=0.012..0.134 rows=1011 loops=1)
 Planning time: 0.267 ms
 Execution time: 0.523 ms
(10 rows)

===== 147 [Wed Mar  7 02:07:17 CET 2018] scale:100000 groups:100 work_mem:64MB incremental:on max_workers:0 =====
SELECT * FROM s_3 ORDER BY a, b, c, d LIMIT 1000
                                                                   QUERY PLAN                                                                    
-------------------------------------------------------------------------------------------------------------------------------------------------
 Limit  (cost=31.15..31.15 rows=1 width=20) (actual time=0.433..0.433 rows=0 loops=1)
   ->  Limit  (cost=1.04..21.15 rows=1000 width=20) (actual time=0.068..0.404 rows=1000 loops=1)
         ->  Incremental Sort  (cost=1.04..2012.29 rows=100000 width=20) (actual time=0.068..0.349 rows=1000 loops=1)
               Sort Key: s_3.a, s_3.b, s_3.c, s_3.d
               Presorted Key: s_3.a, s_3.b, s_3.c
               Sort Method: quicksort  Memory: 27kB
               Sort Groups: 32
               ->  Index Scan using s_3_a_b_c_idx on s_3  (cost=0.42..4527.17 rows=100000 width=20) (actual time=0.018..0.140 rows=1027 loops=1)
 Planning time: 0.284 ms
 Execution time: 0.455 ms
(10 rows)

===== 148 [Wed Mar  7 02:07:17 CET 2018] scale:100000 groups:100 work_mem:64MB incremental:on max_workers:0 =====
SELECT * FROM s_4 ORDER BY a, b, c, d, e LIMIT 1000
                                                                    QUERY PLAN                                                                     
---------------------------------------------------------------------------------------------------------------------------------------------------
 Limit  (cost=31.15..31.15 rows=1 width=20) (actual time=0.406..0.406 rows=0 loops=1)
   ->  Limit  (cost=1.04..21.15 rows=1000 width=20) (actual time=0.057..0.378 rows=1000 loops=1)
         ->  Incremental Sort  (cost=1.04..2012.29 rows=100000 width=20) (actual time=0.056..0.323 rows=1000 loops=1)
               Sort Key: s_4.a, s_4.b, s_4.c, s_4.d, s_4.e
               Presorted Key: s_4.a, s_4.b, s_4.c, s_4.d
               Sort Method: quicksort  Memory: 27kB
               Sort Groups: 32
               ->  Index Scan using s_4_a_b_c_d_idx on s_4  (cost=0.42..4527.17 rows=100000 width=20) (actual time=0.009..0.140 rows=1025 loops=1)
 Planning time: 0.285 ms
 Execution time: 0.429 ms
(10 rows)

===== 149 [Wed Mar  7 02:07:17 CET 2018] scale:100000 groups:100 work_mem:64MB incremental:off max_workers:0 =====
SELECT * FROM s_1 ORDER BY a, b LIMIT 1000
                                                         QUERY PLAN                                                          
-----------------------------------------------------------------------------------------------------------------------------
 Limit  (cost=7132.39..7132.39 rows=1 width=20) (actual time=12.767..12.767 rows=0 loops=1)
   ->  Limit  (cost=7119.89..7122.39 rows=1000 width=20) (actual time=12.645..12.739 rows=1000 loops=1)
         ->  Sort  (cost=7119.89..7369.89 rows=100000 width=20) (actual time=12.644..12.683 rows=1000 loops=1)
               Sort Key: s_1.a, s_1.b
               Sort Method: top-N heapsort  Memory: 155kB
               ->  Seq Scan on s_1  (cost=0.00..1637.00 rows=100000 width=20) (actual time=0.010..5.071 rows=100000 loops=1)
 Planning time: 0.254 ms
 Execution time: 12.804 ms
(8 rows)

===== 150 [Wed Mar  7 02:07:17 CET 2018] scale:100000 groups:100 work_mem:64MB incremental:off max_workers:0 =====
SELECT * FROM s_2 ORDER BY a, b, c LIMIT 1000
                                                         QUERY PLAN                                                          
-----------------------------------------------------------------------------------------------------------------------------
 Limit  (cost=7132.39..7132.39 rows=1 width=20) (actual time=12.738..12.738 rows=0 loops=1)
   ->  Limit  (cost=7119.89..7122.39 rows=1000 width=20) (actual time=12.616..12.710 rows=1000 loops=1)
         ->  Sort  (cost=7119.89..7369.89 rows=100000 width=20) (actual time=12.616..12.655 rows=1000 loops=1)
               Sort Key: s_2.a, s_2.b, s_2.c
               Sort Method: top-N heapsort  Memory: 127kB
               ->  Seq Scan on s_2  (cost=0.00..1637.00 rows=100000 width=20) (actual time=0.010..5.072 rows=100000 loops=1)
 Planning time: 0.257 ms
 Execution time: 12.777 ms
(8 rows)

===== 151 [Wed Mar  7 02:07:17 CET 2018] scale:100000 groups:100 work_mem:64MB incremental:off max_workers:0 =====
SELECT * FROM s_3 ORDER BY a, b, c, d LIMIT 1000
                                                         QUERY PLAN                                                          
-----------------------------------------------------------------------------------------------------------------------------
 Limit  (cost=7132.39..7132.39 rows=1 width=20) (actual time=12.875..12.875 rows=0 loops=1)
   ->  Limit  (cost=7119.89..7122.39 rows=1000 width=20) (actual time=12.754..12.847 rows=1000 loops=1)
         ->  Sort  (cost=7119.89..7369.89 rows=100000 width=20) (actual time=12.754..12.792 rows=1000 loops=1)
               Sort Key: s_3.a, s_3.b, s_3.c, s_3.d
               Sort Method: top-N heapsort  Memory: 127kB
               ->  Seq Scan on s_3  (cost=0.00..1637.00 rows=100000 width=20) (actual time=0.010..5.055 rows=100000 loops=1)
 Planning time: 0.268 ms
 Execution time: 12.915 ms
(8 rows)

===== 152 [Wed Mar  7 02:07:17 CET 2018] scale:100000 groups:100 work_mem:64MB incremental:off max_workers:0 =====
SELECT * FROM s_4 ORDER BY a, b, c, d, e LIMIT 1000
                                                         QUERY PLAN                                                          
-----------------------------------------------------------------------------------------------------------------------------
 Limit  (cost=7132.39..7132.39 rows=1 width=20) (actual time=12.804..12.804 rows=0 loops=1)
   ->  Limit  (cost=7119.89..7122.39 rows=1000 width=20) (actual time=12.681..12.776 rows=1000 loops=1)
         ->  Sort  (cost=7119.89..7369.89 rows=100000 width=20) (actual time=12.681..12.720 rows=1000 loops=1)
               Sort Key: s_4.a, s_4.b, s_4.c, s_4.d, s_4.e
               Sort Method: top-N heapsort  Memory: 127kB
               ->  Seq Scan on s_4  (cost=0.00..1637.00 rows=100000 width=20) (actual time=0.010..5.055 rows=100000 loops=1)
 Planning time: 0.263 ms
 Execution time: 12.843 ms
(8 rows)

===== 153 [Wed Mar  7 02:07:18 CET 2018] scale:100000 groups:100 work_mem:128MB incremental:on max_workers:0 =====
SELECT * FROM s_1 ORDER BY a, b LIMIT 1000
                                                                 QUERY PLAN                                                                  
---------------------------------------------------------------------------------------------------------------------------------------------
 Limit  (cost=109.20..109.20 rows=1 width=20) (actual time=0.752..0.752 rows=0 loops=1)
   ->  Limit  (cost=81.68..99.20 rows=1000 width=20) (actual time=0.256..0.724 rows=1000 loops=1)
         ->  Incremental Sort  (cost=81.68..1834.51 rows=100000 width=20) (actual time=0.256..0.669 rows=1000 loops=1)
               Sort Key: s_1.a, s_1.b
               Presorted Key: s_1.a
               Sort Method: quicksort  Memory: 104kB
               Sort Groups: 2
               ->  Index Scan using s_1_a_idx on s_1  (cost=0.29..3244.29 rows=100000 width=20) (actual time=0.014..0.208 rows=1538 loops=1)
 Planning time: 0.270 ms
 Execution time: 0.776 ms
(10 rows)

===== 154 [Wed Mar  7 02:07:18 CET 2018] scale:100000 groups:100 work_mem:128MB incremental:on max_workers:0 =====
SELECT * FROM s_2 ORDER BY a, b, c LIMIT 1000
                                                                  QUERY PLAN                                                                   
-----------------------------------------------------------------------------------------------------------------------------------------------
 Limit  (cost=30.93..30.93 rows=1 width=20) (actual time=0.502..0.502 rows=0 loops=1)
   ->  Limit  (cost=0.87..20.93 rows=1000 width=20) (actual time=0.069..0.473 rows=1000 loops=1)
         ->  Incremental Sort  (cost=0.87..2007.69 rows=100000 width=20) (actual time=0.069..0.418 rows=1000 loops=1)
               Sort Key: s_2.a, s_2.b, s_2.c
               Presorted Key: s_2.a, s_2.b
               Sort Method: quicksort  Memory: 28kB
               Sort Groups: 28
               ->  Index Scan using s_2_a_b_idx on s_2  (cost=0.29..4079.04 rows=100000 width=20) (actual time=0.012..0.135 rows=1011 loops=1)
 Planning time: 0.271 ms
 Execution time: 0.525 ms
(10 rows)

===== 155 [Wed Mar  7 02:07:18 CET 2018] scale:100000 groups:100 work_mem:128MB incremental:on max_workers:0 =====
SELECT * FROM s_3 ORDER BY a, b, c, d LIMIT 1000
                                                                   QUERY PLAN                                                                    
-------------------------------------------------------------------------------------------------------------------------------------------------
 Limit  (cost=31.15..31.15 rows=1 width=20) (actual time=0.435..0.435 rows=0 loops=1)
   ->  Limit  (cost=1.04..21.15 rows=1000 width=20) (actual time=0.069..0.406 rows=1000 loops=1)
         ->  Incremental Sort  (cost=1.04..2012.29 rows=100000 width=20) (actual time=0.068..0.351 rows=1000 loops=1)
               Sort Key: s_3.a, s_3.b, s_3.c, s_3.d
               Presorted Key: s_3.a, s_3.b, s_3.c
               Sort Method: quicksort  Memory: 27kB
               Sort Groups: 32
               ->  Index Scan using s_3_a_b_c_idx on s_3  (cost=0.42..4527.17 rows=100000 width=20) (actual time=0.018..0.140 rows=1027 loops=1)
 Planning time: 0.283 ms
 Execution time: 0.457 ms
(10 rows)

===== 156 [Wed Mar  7 02:07:18 CET 2018] scale:100000 groups:100 work_mem:128MB incremental:on max_workers:0 =====
SELECT * FROM s_4 ORDER BY a, b, c, d, e LIMIT 1000
                                                                    QUERY PLAN                                                                     
---------------------------------------------------------------------------------------------------------------------------------------------------
 Limit  (cost=31.15..31.15 rows=1 width=20) (actual time=0.407..0.407 rows=0 loops=1)
   ->  Limit  (cost=1.04..21.15 rows=1000 width=20) (actual time=0.058..0.378 rows=1000 loops=1)
         ->  Incremental Sort  (cost=1.04..2012.29 rows=100000 width=20) (actual time=0.058..0.323 rows=1000 loops=1)
               Sort Key: s_4.a, s_4.b, s_4.c, s_4.d, s_4.e
               Presorted Key: s_4.a, s_4.b, s_4.c, s_4.d
               Sort Method: quicksort  Memory: 27kB
               Sort Groups: 32
               ->  Index Scan using s_4_a_b_c_d_idx on s_4  (cost=0.42..4527.17 rows=100000 width=20) (actual time=0.008..0.140 rows=1025 loops=1)
 Planning time: 0.278 ms
 Execution time: 0.436 ms
(10 rows)

===== 157 [Wed Mar  7 02:07:18 CET 2018] scale:100000 groups:100 work_mem:128MB incremental:off max_workers:0 =====
SELECT * FROM s_1 ORDER BY a, b LIMIT 1000
                                                         QUERY PLAN                                                          
-----------------------------------------------------------------------------------------------------------------------------
 Limit  (cost=7132.39..7132.39 rows=1 width=20) (actual time=12.775..12.775 rows=0 loops=1)
   ->  Limit  (cost=7119.89..7122.39 rows=1000 width=20) (actual time=12.652..12.747 rows=1000 loops=1)
         ->  Sort  (cost=7119.89..7369.89 rows=100000 width=20) (actual time=12.652..12.691 rows=1000 loops=1)
               Sort Key: s_1.a, s_1.b
               Sort Method: top-N heapsort  Memory: 155kB
               ->  Seq Scan on s_1  (cost=0.00..1637.00 rows=100000 width=20) (actual time=0.010..5.059 rows=100000 loops=1)
 Planning time: 0.253 ms
 Execution time: 12.811 ms
(8 rows)

===== 158 [Wed Mar  7 02:07:18 CET 2018] scale:100000 groups:100 work_mem:128MB incremental:off max_workers:0 =====
SELECT * FROM s_2 ORDER BY a, b, c LIMIT 1000
                                                         QUERY PLAN                                                          
-----------------------------------------------------------------------------------------------------------------------------
 Limit  (cost=7132.39..7132.39 rows=1 width=20) (actual time=12.741..12.741 rows=0 loops=1)
   ->  Limit  (cost=7119.89..7122.39 rows=1000 width=20) (actual time=12.619..12.712 rows=1000 loops=1)
         ->  Sort  (cost=7119.89..7369.89 rows=100000 width=20) (actual time=12.619..12.657 rows=1000 loops=1)
               Sort Key: s_2.a, s_2.b, s_2.c
               Sort Method: top-N heapsort  Memory: 127kB
               ->  Seq Scan on s_2  (cost=0.00..1637.00 rows=100000 width=20) (actual time=0.010..5.071 rows=100000 loops=1)
 Planning time: 0.260 ms
 Execution time: 12.778 ms
(8 rows)

===== 159 [Wed Mar  7 02:07:18 CET 2018] scale:100000 groups:100 work_mem:128MB incremental:off max_workers:0 =====
SELECT * FROM s_3 ORDER BY a, b, c, d LIMIT 1000
                                                         QUERY PLAN                                                          
-----------------------------------------------------------------------------------------------------------------------------
 Limit  (cost=7132.39..7132.39 rows=1 width=20) (actual time=12.937..12.937 rows=0 loops=1)
   ->  Limit  (cost=7119.89..7122.39 rows=1000 width=20) (actual time=12.817..12.909 rows=1000 loops=1)
         ->  Sort  (cost=7119.89..7369.89 rows=100000 width=20) (actual time=12.816..12.854 rows=1000 loops=1)
               Sort Key: s_3.a, s_3.b, s_3.c, s_3.d
               Sort Method: top-N heapsort  Memory: 127kB
               ->  Seq Scan on s_3  (cost=0.00..1637.00 rows=100000 width=20) (actual time=0.010..5.054 rows=100000 loops=1)
 Planning time: 0.264 ms
 Execution time: 12.978 ms
(8 rows)

===== 160 [Wed Mar  7 02:07:18 CET 2018] scale:100000 groups:100 work_mem:128MB incremental:off max_workers:0 =====
SELECT * FROM s_4 ORDER BY a, b, c, d, e LIMIT 1000
                                                         QUERY PLAN                                                          
-----------------------------------------------------------------------------------------------------------------------------
 Limit  (cost=7132.39..7132.39 rows=1 width=20) (actual time=12.799..12.799 rows=0 loops=1)
   ->  Limit  (cost=7119.89..7122.39 rows=1000 width=20) (actual time=12.677..12.770 rows=1000 loops=1)
         ->  Sort  (cost=7119.89..7369.89 rows=100000 width=20) (actual time=12.676..12.714 rows=1000 loops=1)
               Sort Key: s_4.a, s_4.b, s_4.c, s_4.d, s_4.e
               Sort Method: top-N heapsort  Memory: 127kB
               ->  Seq Scan on s_4  (cost=0.00..1637.00 rows=100000 width=20) (actual time=0.007..5.057 rows=100000 loops=1)
 Planning time: 0.262 ms
 Execution time: 12.837 ms
(8 rows)

===== 161 [Wed Mar  7 02:07:18 CET 2018] scale:100000 groups:100 work_mem:256MB incremental:on max_workers:0 =====
SELECT * FROM s_1 ORDER BY a, b LIMIT 1000
                                                                 QUERY PLAN                                                                  
---------------------------------------------------------------------------------------------------------------------------------------------
 Limit  (cost=109.20..109.20 rows=1 width=20) (actual time=0.767..0.767 rows=0 loops=1)
   ->  Limit  (cost=81.68..99.20 rows=1000 width=20) (actual time=0.271..0.739 rows=1000 loops=1)
         ->  Incremental Sort  (cost=81.68..1834.51 rows=100000 width=20) (actual time=0.271..0.684 rows=1000 loops=1)
               Sort Key: s_1.a, s_1.b
               Presorted Key: s_1.a
               Sort Method: quicksort  Memory: 104kB
               Sort Groups: 2
               ->  Index Scan using s_1_a_idx on s_1  (cost=0.29..3244.29 rows=100000 width=20) (actual time=0.015..0.208 rows=1538 loops=1)
 Planning time: 0.261 ms
 Execution time: 0.793 ms
(10 rows)

===== 162 [Wed Mar  7 02:07:18 CET 2018] scale:100000 groups:100 work_mem:256MB incremental:on max_workers:0 =====
SELECT * FROM s_2 ORDER BY a, b, c LIMIT 1000
                                                                  QUERY PLAN                                                                   
-----------------------------------------------------------------------------------------------------------------------------------------------
 Limit  (cost=30.93..30.93 rows=1 width=20) (actual time=0.495..0.495 rows=0 loops=1)
   ->  Limit  (cost=0.87..20.93 rows=1000 width=20) (actual time=0.062..0.467 rows=1000 loops=1)
         ->  Incremental Sort  (cost=0.87..2007.69 rows=100000 width=20) (actual time=0.062..0.411 rows=1000 loops=1)
               Sort Key: s_2.a, s_2.b, s_2.c
               Presorted Key: s_2.a, s_2.b
               Sort Method: quicksort  Memory: 28kB
               Sort Groups: 28
               ->  Index Scan using s_2_a_b_idx on s_2  (cost=0.29..4079.04 rows=100000 width=20) (actual time=0.012..0.134 rows=1011 loops=1)
 Planning time: 0.270 ms
 Execution time: 0.520 ms
(10 rows)

===== 163 [Wed Mar  7 02:07:19 CET 2018] scale:100000 groups:100 work_mem:256MB incremental:on max_workers:0 =====
SELECT * FROM s_3 ORDER BY a, b, c, d LIMIT 1000
                                                                   QUERY PLAN                                                                    
-------------------------------------------------------------------------------------------------------------------------------------------------
 Limit  (cost=31.15..31.15 rows=1 width=20) (actual time=0.445..0.445 rows=0 loops=1)
   ->  Limit  (cost=1.04..21.15 rows=1000 width=20) (actual time=0.069..0.416 rows=1000 loops=1)
         ->  Incremental Sort  (cost=1.04..2012.29 rows=100000 width=20) (actual time=0.069..0.361 rows=1000 loops=1)
               Sort Key: s_3.a, s_3.b, s_3.c, s_3.d
               Presorted Key: s_3.a, s_3.b, s_3.c
               Sort Method: quicksort  Memory: 27kB
               Sort Groups: 32
               ->  Index Scan using s_3_a_b_c_idx on s_3  (cost=0.42..4527.17 rows=100000 width=20) (actual time=0.018..0.149 rows=1027 loops=1)
 Planning time: 0.271 ms
 Execution time: 0.467 ms
(10 rows)

===== 164 [Wed Mar  7 02:07:19 CET 2018] scale:100000 groups:100 work_mem:256MB incremental:on max_workers:0 =====
SELECT * FROM s_4 ORDER BY a, b, c, d, e LIMIT 1000
                                                                    QUERY PLAN                                                                     
---------------------------------------------------------------------------------------------------------------------------------------------------
 Limit  (cost=31.15..31.15 rows=1 width=20) (actual time=0.412..0.412 rows=0 loops=1)
   ->  Limit  (cost=1.04..21.15 rows=1000 width=20) (actual time=0.057..0.384 rows=1000 loops=1)
         ->  Incremental Sort  (cost=1.04..2012.29 rows=100000 width=20) (actual time=0.057..0.329 rows=1000 loops=1)
               Sort Key: s_4.a, s_4.b, s_4.c, s_4.d, s_4.e
               Presorted Key: s_4.a, s_4.b, s_4.c, s_4.d
               Sort Method: quicksort  Memory: 27kB
               Sort Groups: 32
               ->  Index Scan using s_4_a_b_c_d_idx on s_4  (cost=0.42..4527.17 rows=100000 width=20) (actual time=0.009..0.145 rows=1025 loops=1)
 Planning time: 0.276 ms
 Execution time: 0.437 ms
(10 rows)

===== 165 [Wed Mar  7 02:07:19 CET 2018] scale:100000 groups:100 work_mem:256MB incremental:off max_workers:0 =====
SELECT * FROM s_1 ORDER BY a, b LIMIT 1000
                                                         QUERY PLAN                                                          
-----------------------------------------------------------------------------------------------------------------------------
 Limit  (cost=7132.39..7132.39 rows=1 width=20) (actual time=12.762..12.762 rows=0 loops=1)
   ->  Limit  (cost=7119.89..7122.39 rows=1000 width=20) (actual time=12.640..12.734 rows=1000 loops=1)
         ->  Sort  (cost=7119.89..7369.89 rows=100000 width=20) (actual time=12.639..12.678 rows=1000 loops=1)
               Sort Key: s_1.a, s_1.b
               Sort Method: top-N heapsort  Memory: 155kB
               ->  Seq Scan on s_1  (cost=0.00..1637.00 rows=100000 width=20) (actual time=0.010..5.049 rows=100000 loops=1)
 Planning time: 0.253 ms
 Execution time: 12.799 ms
(8 rows)

===== 166 [Wed Mar  7 02:07:19 CET 2018] scale:100000 groups:100 work_mem:256MB incremental:off max_workers:0 =====
SELECT * FROM s_2 ORDER BY a, b, c LIMIT 1000
                                                         QUERY PLAN                                                          
-----------------------------------------------------------------------------------------------------------------------------
 Limit  (cost=7132.39..7132.39 rows=1 width=20) (actual time=12.742..12.742 rows=0 loops=1)
   ->  Limit  (cost=7119.89..7122.39 rows=1000 width=20) (actual time=12.620..12.714 rows=1000 loops=1)
         ->  Sort  (cost=7119.89..7369.89 rows=100000 width=20) (actual time=12.620..12.658 rows=1000 loops=1)
               Sort Key: s_2.a, s_2.b, s_2.c
               Sort Method: top-N heapsort  Memory: 127kB
               ->  Seq Scan on s_2  (cost=0.00..1637.00 rows=100000 width=20) (actual time=0.010..5.076 rows=100000 loops=1)
 Planning time: 0.260 ms
 Execution time: 12.778 ms
(8 rows)

===== 167 [Wed Mar  7 02:07:19 CET 2018] scale:100000 groups:100 work_mem:256MB incremental:off max_workers:0 =====
SELECT * FROM s_3 ORDER BY a, b, c, d LIMIT 1000
                                                         QUERY PLAN                                                          
-----------------------------------------------------------------------------------------------------------------------------
 Limit  (cost=7132.39..7132.39 rows=1 width=20) (actual time=12.859..12.859 rows=0 loops=1)
   ->  Limit  (cost=7119.89..7122.39 rows=1000 width=20) (actual time=12.738..12.831 rows=1000 loops=1)
         ->  Sort  (cost=7119.89..7369.89 rows=100000 width=20) (actual time=12.737..12.776 rows=1000 loops=1)
               Sort Key: s_3.a, s_3.b, s_3.c, s_3.d
               Sort Method: top-N heapsort  Memory: 127kB
               ->  Seq Scan on s_3  (cost=0.00..1637.00 rows=100000 width=20) (actual time=0.010..5.058 rows=100000 loops=1)
 Planning time: 0.261 ms
 Execution time: 12.897 ms
(8 rows)

===== 168 [Wed Mar  7 02:07:19 CET 2018] scale:100000 groups:100 work_mem:256MB incremental:off max_workers:0 =====
SELECT * FROM s_4 ORDER BY a, b, c, d, e LIMIT 1000
                                                         QUERY PLAN                                                          
-----------------------------------------------------------------------------------------------------------------------------
 Limit  (cost=7132.39..7132.39 rows=1 width=20) (actual time=12.797..12.797 rows=0 loops=1)
   ->  Limit  (cost=7119.89..7122.39 rows=1000 width=20) (actual time=12.675..12.769 rows=1000 loops=1)
         ->  Sort  (cost=7119.89..7369.89 rows=100000 width=20) (actual time=12.675..12.713 rows=1000 loops=1)
               Sort Key: s_4.a, s_4.b, s_4.c, s_4.d, s_4.e
               Sort Method: top-N heapsort  Memory: 127kB
               ->  Seq Scan on s_4  (cost=0.00..1637.00 rows=100000 width=20) (actual time=0.006..5.049 rows=100000 loops=1)
 Planning time: 0.271 ms
 Execution time: 12.834 ms
(8 rows)

===== 169 [Wed Mar  7 02:07:19 CET 2018] scale:100000 groups:100 work_mem:4MB incremental:on max_workers:2 =====
SELECT * FROM s_1 ORDER BY a, b LIMIT 1000
                                                                 QUERY PLAN                                                                  
---------------------------------------------------------------------------------------------------------------------------------------------
 Limit  (cost=109.20..109.20 rows=1 width=20) (actual time=0.761..0.761 rows=0 loops=1)
   ->  Limit  (cost=81.68..99.20 rows=1000 width=20) (actual time=0.267..0.733 rows=1000 loops=1)
         ->  Incremental Sort  (cost=81.68..1834.51 rows=100000 width=20) (actual time=0.267..0.677 rows=1000 loops=1)
               Sort Key: s_1.a, s_1.b
               Presorted Key: s_1.a
               Sort Method: quicksort  Memory: 104kB
               Sort Groups: 2
               ->  Index Scan using s_1_a_idx on s_1  (cost=0.29..3244.29 rows=100000 width=20) (actual time=0.014..0.207 rows=1538 loops=1)
 Planning time: 0.266 ms
 Execution time: 0.787 ms
(10 rows)

===== 170 [Wed Mar  7 02:07:19 CET 2018] scale:100000 groups:100 work_mem:4MB incremental:on max_workers:2 =====
SELECT * FROM s_2 ORDER BY a, b, c LIMIT 1000
                                                                  QUERY PLAN                                                                   
-----------------------------------------------------------------------------------------------------------------------------------------------
 Limit  (cost=30.93..30.93 rows=1 width=20) (actual time=0.502..0.502 rows=0 loops=1)
   ->  Limit  (cost=0.87..20.93 rows=1000 width=20) (actual time=0.062..0.473 rows=1000 loops=1)
         ->  Incremental Sort  (cost=0.87..2007.69 rows=100000 width=20) (actual time=0.062..0.418 rows=1000 loops=1)
               Sort Key: s_2.a, s_2.b, s_2.c
               Presorted Key: s_2.a, s_2.b
               Sort Method: quicksort  Memory: 28kB
               Sort Groups: 28
               ->  Index Scan using s_2_a_b_idx on s_2  (cost=0.29..4079.04 rows=100000 width=20) (actual time=0.012..0.135 rows=1011 loops=1)
 Planning time: 0.270 ms
 Execution time: 0.524 ms
(10 rows)

===== 171 [Wed Mar  7 02:07:19 CET 2018] scale:100000 groups:100 work_mem:4MB incremental:on max_workers:2 =====
SELECT * FROM s_3 ORDER BY a, b, c, d LIMIT 1000
                                                                   QUERY PLAN                                                                    
-------------------------------------------------------------------------------------------------------------------------------------------------
 Limit  (cost=31.15..31.15 rows=1 width=20) (actual time=0.433..0.433 rows=0 loops=1)
   ->  Limit  (cost=1.04..21.15 rows=1000 width=20) (actual time=0.068..0.404 rows=1000 loops=1)
         ->  Incremental Sort  (cost=1.04..2012.29 rows=100000 width=20) (actual time=0.068..0.349 rows=1000 loops=1)
               Sort Key: s_3.a, s_3.b, s_3.c, s_3.d
               Presorted Key: s_3.a, s_3.b, s_3.c
               Sort Method: quicksort  Memory: 27kB
               Sort Groups: 32
               ->  Index Scan using s_3_a_b_c_idx on s_3  (cost=0.42..4527.17 rows=100000 width=20) (actual time=0.018..0.140 rows=1027 loops=1)
 Planning time: 0.273 ms
 Execution time: 0.456 ms
(10 rows)

===== 172 [Wed Mar  7 02:07:19 CET 2018] scale:100000 groups:100 work_mem:4MB incremental:on max_workers:2 =====
SELECT * FROM s_4 ORDER BY a, b, c, d, e LIMIT 1000
                                                                    QUERY PLAN                                                                     
---------------------------------------------------------------------------------------------------------------------------------------------------
 Limit  (cost=31.15..31.15 rows=1 width=20) (actual time=0.407..0.407 rows=0 loops=1)
   ->  Limit  (cost=1.04..21.15 rows=1000 width=20) (actual time=0.056..0.378 rows=1000 loops=1)
         ->  Incremental Sort  (cost=1.04..2012.29 rows=100000 width=20) (actual time=0.056..0.323 rows=1000 loops=1)
               Sort Key: s_4.a, s_4.b, s_4.c, s_4.d, s_4.e
               Presorted Key: s_4.a, s_4.b, s_4.c, s_4.d
               Sort Method: quicksort  Memory: 27kB
               Sort Groups: 32
               ->  Index Scan using s_4_a_b_c_d_idx on s_4  (cost=0.42..4527.17 rows=100000 width=20) (actual time=0.008..0.140 rows=1025 loops=1)
 Planning time: 0.282 ms
 Execution time: 0.430 ms
(10 rows)

===== 173 [Wed Mar  7 02:07:19 CET 2018] scale:100000 groups:100 work_mem:4MB incremental:off max_workers:2 =====
SELECT * FROM s_1 ORDER BY a, b LIMIT 1000
                                                         QUERY PLAN                                                          
-----------------------------------------------------------------------------------------------------------------------------
 Limit  (cost=7132.39..7132.39 rows=1 width=20) (actual time=12.782..12.782 rows=0 loops=1)
   ->  Limit  (cost=7119.89..7122.39 rows=1000 width=20) (actual time=12.660..12.753 rows=1000 loops=1)
         ->  Sort  (cost=7119.89..7369.89 rows=100000 width=20) (actual time=12.659..12.697 rows=1000 loops=1)
               Sort Key: s_1.a, s_1.b
               Sort Method: top-N heapsort  Memory: 155kB
               ->  Seq Scan on s_1  (cost=0.00..1637.00 rows=100000 width=20) (actual time=0.010..5.065 rows=100000 loops=1)
 Planning time: 0.273 ms
 Execution time: 12.819 ms
(8 rows)

===== 174 [Wed Mar  7 02:07:20 CET 2018] scale:100000 groups:100 work_mem:4MB incremental:off max_workers:2 =====
SELECT * FROM s_2 ORDER BY a, b, c LIMIT 1000
                                                         QUERY PLAN                                                          
-----------------------------------------------------------------------------------------------------------------------------
 Limit  (cost=7132.39..7132.39 rows=1 width=20) (actual time=12.737..12.737 rows=0 loops=1)
   ->  Limit  (cost=7119.89..7122.39 rows=1000 width=20) (actual time=12.616..12.709 rows=1000 loops=1)
         ->  Sort  (cost=7119.89..7369.89 rows=100000 width=20) (actual time=12.615..12.653 rows=1000 loops=1)
               Sort Key: s_2.a, s_2.b, s_2.c
               Sort Method: top-N heapsort  Memory: 127kB
               ->  Seq Scan on s_2  (cost=0.00..1637.00 rows=100000 width=20) (actual time=0.010..5.076 rows=100000 loops=1)
 Planning time: 0.263 ms
 Execution time: 12.773 ms
(8 rows)

===== 175 [Wed Mar  7 02:07:20 CET 2018] scale:100000 groups:100 work_mem:4MB incremental:off max_workers:2 =====
SELECT * FROM s_3 ORDER BY a, b, c, d LIMIT 1000
                                                         QUERY PLAN                                                          
-----------------------------------------------------------------------------------------------------------------------------
 Limit  (cost=7132.39..7132.39 rows=1 width=20) (actual time=12.845..12.845 rows=0 loops=1)
   ->  Limit  (cost=7119.89..7122.39 rows=1000 width=20) (actual time=12.724..12.816 rows=1000 loops=1)
         ->  Sort  (cost=7119.89..7369.89 rows=100000 width=20) (actual time=12.724..12.762 rows=1000 loops=1)
               Sort Key: s_3.a, s_3.b, s_3.c, s_3.d
               Sort Method: top-N heapsort  Memory: 127kB
               ->  Seq Scan on s_3  (cost=0.00..1637.00 rows=100000 width=20) (actual time=0.010..5.057 rows=100000 loops=1)
 Planning time: 0.273 ms
 Execution time: 12.886 ms
(8 rows)

===== 176 [Wed Mar  7 02:07:20 CET 2018] scale:100000 groups:100 work_mem:4MB incremental:off max_workers:2 =====
SELECT * FROM s_4 ORDER BY a, b, c, d, e LIMIT 1000
                                                         QUERY PLAN                                                          
-----------------------------------------------------------------------------------------------------------------------------
 Limit  (cost=7132.39..7132.39 rows=1 width=20) (actual time=12.797..12.797 rows=0 loops=1)
   ->  Limit  (cost=7119.89..7122.39 rows=1000 width=20) (actual time=12.674..12.769 rows=1000 loops=1)
         ->  Sort  (cost=7119.89..7369.89 rows=100000 width=20) (actual time=12.674..12.712 rows=1000 loops=1)
               Sort Key: s_4.a, s_4.b, s_4.c, s_4.d, s_4.e
               Sort Method: top-N heapsort  Memory: 127kB
               ->  Seq Scan on s_4  (cost=0.00..1637.00 rows=100000 width=20) (actual time=0.007..5.048 rows=100000 loops=1)
 Planning time: 0.270 ms
 Execution time: 12.835 ms
(8 rows)

===== 177 [Wed Mar  7 02:07:20 CET 2018] scale:100000 groups:100 work_mem:8MB incremental:on max_workers:2 =====
SELECT * FROM s_1 ORDER BY a, b LIMIT 1000
                                                                 QUERY PLAN                                                                  
---------------------------------------------------------------------------------------------------------------------------------------------
 Limit  (cost=109.20..109.20 rows=1 width=20) (actual time=0.756..0.756 rows=0 loops=1)
   ->  Limit  (cost=81.68..99.20 rows=1000 width=20) (actual time=0.257..0.728 rows=1000 loops=1)
         ->  Incremental Sort  (cost=81.68..1834.51 rows=100000 width=20) (actual time=0.257..0.673 rows=1000 loops=1)
               Sort Key: s_1.a, s_1.b
               Presorted Key: s_1.a
               Sort Method: quicksort  Memory: 104kB
               Sort Groups: 2
               ->  Index Scan using s_1_a_idx on s_1  (cost=0.29..3244.29 rows=100000 width=20) (actual time=0.015..0.207 rows=1538 loops=1)
 Planning time: 0.258 ms
 Execution time: 0.781 ms
(10 rows)

===== 178 [Wed Mar  7 02:07:20 CET 2018] scale:100000 groups:100 work_mem:8MB incremental:on max_workers:2 =====
SELECT * FROM s_2 ORDER BY a, b, c LIMIT 1000
                                                                  QUERY PLAN                                                                   
-----------------------------------------------------------------------------------------------------------------------------------------------
 Limit  (cost=30.93..30.93 rows=1 width=20) (actual time=0.498..0.498 rows=0 loops=1)
   ->  Limit  (cost=0.87..20.93 rows=1000 width=20) (actual time=0.063..0.469 rows=1000 loops=1)
         ->  Incremental Sort  (cost=0.87..2007.69 rows=100000 width=20) (actual time=0.063..0.414 rows=1000 loops=1)
               Sort Key: s_2.a, s_2.b, s_2.c
               Presorted Key: s_2.a, s_2.b
               Sort Method: quicksort  Memory: 28kB
               Sort Groups: 28
               ->  Index Scan using s_2_a_b_idx on s_2  (cost=0.29..4079.04 rows=100000 width=20) (actual time=0.012..0.133 rows=1011 loops=1)
 Planning time: 0.273 ms
 Execution time: 0.521 ms
(10 rows)

===== 179 [Wed Mar  7 02:07:20 CET 2018] scale:100000 groups:100 work_mem:8MB incremental:on max_workers:2 =====
SELECT * FROM s_3 ORDER BY a, b, c, d LIMIT 1000
                                                                   QUERY PLAN                                                                    
-------------------------------------------------------------------------------------------------------------------------------------------------
 Limit  (cost=31.15..31.15 rows=1 width=20) (actual time=0.436..0.436 rows=0 loops=1)
   ->  Limit  (cost=1.04..21.15 rows=1000 width=20) (actual time=0.070..0.407 rows=1000 loops=1)
         ->  Incremental Sort  (cost=1.04..2012.29 rows=100000 width=20) (actual time=0.070..0.352 rows=1000 loops=1)
               Sort Key: s_3.a, s_3.b, s_3.c, s_3.d
               Presorted Key: s_3.a, s_3.b, s_3.c
               Sort Method: quicksort  Memory: 27kB
               Sort Groups: 32
               ->  Index Scan using s_3_a_b_c_idx on s_3  (cost=0.42..4527.17 rows=100000 width=20) (actual time=0.018..0.140 rows=1027 loops=1)
 Planning time: 0.273 ms
 Execution time: 0.457 ms
(10 rows)

===== 180 [Wed Mar  7 02:07:20 CET 2018] scale:100000 groups:100 work_mem:8MB incremental:on max_workers:2 =====
SELECT * FROM s_4 ORDER BY a, b, c, d, e LIMIT 1000
                                                                    QUERY PLAN                                                                     
---------------------------------------------------------------------------------------------------------------------------------------------------
 Limit  (cost=31.15..31.15 rows=1 width=20) (actual time=0.414..0.414 rows=0 loops=1)
   ->  Limit  (cost=1.04..21.15 rows=1000 width=20) (actual time=0.065..0.386 rows=1000 loops=1)
         ->  Incremental Sort  (cost=1.04..2012.29 rows=100000 width=20) (actual time=0.065..0.331 rows=1000 loops=1)
               Sort Key: s_4.a, s_4.b, s_4.c, s_4.d, s_4.e
               Presorted Key: s_4.a, s_4.b, s_4.c, s_4.d
               Sort Method: quicksort  Memory: 27kB
               Sort Groups: 32
               ->  Index Scan using s_4_a_b_c_d_idx on s_4  (cost=0.42..4527.17 rows=100000 width=20) (actual time=0.017..0.147 rows=1025 loops=1)
 Planning time: 0.283 ms
 Execution time: 0.440 ms
(10 rows)

===== 181 [Wed Mar  7 02:07:20 CET 2018] scale:100000 groups:100 work_mem:8MB incremental:off max_workers:2 =====
SELECT * FROM s_1 ORDER BY a, b LIMIT 1000
                                                         QUERY PLAN                                                          
-----------------------------------------------------------------------------------------------------------------------------
 Limit  (cost=7132.39..7132.39 rows=1 width=20) (actual time=12.774..12.774 rows=0 loops=1)
   ->  Limit  (cost=7119.89..7122.39 rows=1000 width=20) (actual time=12.652..12.746 rows=1000 loops=1)
         ->  Sort  (cost=7119.89..7369.89 rows=100000 width=20) (actual time=12.651..12.690 rows=1000 loops=1)
               Sort Key: s_1.a, s_1.b
               Sort Method: top-N heapsort  Memory: 155kB
               ->  Seq Scan on s_1  (cost=0.00..1637.00 rows=100000 width=20) (actual time=0.010..5.056 rows=100000 loops=1)
 Planning time: 0.256 ms
 Execution time: 12.810 ms
(8 rows)

===== 182 [Wed Mar  7 02:07:20 CET 2018] scale:100000 groups:100 work_mem:8MB incremental:off max_workers:2 =====
SELECT * FROM s_2 ORDER BY a, b, c LIMIT 1000
                                                         QUERY PLAN                                                          
-----------------------------------------------------------------------------------------------------------------------------
 Limit  (cost=7132.39..7132.39 rows=1 width=20) (actual time=12.736..12.736 rows=0 loops=1)
   ->  Limit  (cost=7119.89..7122.39 rows=1000 width=20) (actual time=12.614..12.707 rows=1000 loops=1)
         ->  Sort  (cost=7119.89..7369.89 rows=100000 width=20) (actual time=12.614..12.652 rows=1000 loops=1)
               Sort Key: s_2.a, s_2.b, s_2.c
               Sort Method: top-N heapsort  Memory: 127kB
               ->  Seq Scan on s_2  (cost=0.00..1637.00 rows=100000 width=20) (actual time=0.010..5.073 rows=100000 loops=1)
 Planning time: 0.261 ms
 Execution time: 12.773 ms
(8 rows)

===== 183 [Wed Mar  7 02:07:21 CET 2018] scale:100000 groups:100 work_mem:8MB incremental:off max_workers:2 =====
SELECT * FROM s_3 ORDER BY a, b, c, d LIMIT 1000
                                                         QUERY PLAN                                                          
-----------------------------------------------------------------------------------------------------------------------------
 Limit  (cost=7132.39..7132.39 rows=1 width=20) (actual time=12.873..12.873 rows=0 loops=1)
   ->  Limit  (cost=7119.89..7122.39 rows=1000 width=20) (actual time=12.752..12.845 rows=1000 loops=1)
         ->  Sort  (cost=7119.89..7369.89 rows=100000 width=20) (actual time=12.751..12.790 rows=1000 loops=1)
               Sort Key: s_3.a, s_3.b, s_3.c, s_3.d
               Sort Method: top-N heapsort  Memory: 127kB
               ->  Seq Scan on s_3  (cost=0.00..1637.00 rows=100000 width=20) (actual time=0.010..5.052 rows=100000 loops=1)
 Planning time: 0.267 ms
 Execution time: 12.912 ms
(8 rows)

===== 184 [Wed Mar  7 02:07:21 CET 2018] scale:100000 groups:100 work_mem:8MB incremental:off max_workers:2 =====
SELECT * FROM s_4 ORDER BY a, b, c, d, e LIMIT 1000
                                                         QUERY PLAN                                                          
-----------------------------------------------------------------------------------------------------------------------------
 Limit  (cost=7132.39..7132.39 rows=1 width=20) (actual time=12.806..12.806 rows=0 loops=1)
   ->  Limit  (cost=7119.89..7122.39 rows=1000 width=20) (actual time=12.681..12.778 rows=1000 loops=1)
         ->  Sort  (cost=7119.89..7369.89 rows=100000 width=20) (actual time=12.681..12.719 rows=1000 loops=1)
               Sort Key: s_4.a, s_4.b, s_4.c, s_4.d, s_4.e
               Sort Method: top-N heapsort  Memory: 127kB
               ->  Seq Scan on s_4  (cost=0.00..1637.00 rows=100000 width=20) (actual time=0.007..5.051 rows=100000 loops=1)
 Planning time: 0.267 ms
 Execution time: 12.843 ms
(8 rows)

===== 185 [Wed Mar  7 02:07:21 CET 2018] scale:100000 groups:100 work_mem:16MB incremental:on max_workers:2 =====
SELECT * FROM s_1 ORDER BY a, b LIMIT 1000
                                                                 QUERY PLAN                                                                  
---------------------------------------------------------------------------------------------------------------------------------------------
 Limit  (cost=109.20..109.20 rows=1 width=20) (actual time=0.752..0.752 rows=0 loops=1)
   ->  Limit  (cost=81.68..99.20 rows=1000 width=20) (actual time=0.258..0.723 rows=1000 loops=1)
         ->  Incremental Sort  (cost=81.68..1834.51 rows=100000 width=20) (actual time=0.258..0.668 rows=1000 loops=1)
               Sort Key: s_1.a, s_1.b
               Presorted Key: s_1.a
               Sort Method: quicksort  Memory: 104kB
               Sort Groups: 2
               ->  Index Scan using s_1_a_idx on s_1  (cost=0.29..3244.29 rows=100000 width=20) (actual time=0.015..0.209 rows=1538 loops=1)
 Planning time: 0.286 ms
 Execution time: 0.775 ms
(10 rows)

===== 186 [Wed Mar  7 02:07:21 CET 2018] scale:100000 groups:100 work_mem:16MB incremental:on max_workers:2 =====
SELECT * FROM s_2 ORDER BY a, b, c LIMIT 1000
                                                                  QUERY PLAN                                                                   
-----------------------------------------------------------------------------------------------------------------------------------------------
 Limit  (cost=30.93..30.93 rows=1 width=20) (actual time=0.503..0.503 rows=0 loops=1)
   ->  Limit  (cost=0.87..20.93 rows=1000 width=20) (actual time=0.065..0.475 rows=1000 loops=1)
         ->  Incremental Sort  (cost=0.87..2007.69 rows=100000 width=20) (actual time=0.065..0.419 rows=1000 loops=1)
               Sort Key: s_2.a, s_2.b, s_2.c
               Presorted Key: s_2.a, s_2.b
               Sort Method: quicksort  Memory: 28kB
               Sort Groups: 28
               ->  Index Scan using s_2_a_b_idx on s_2  (cost=0.29..4079.04 rows=100000 width=20) (actual time=0.012..0.136 rows=1011 loops=1)
 Planning time: 0.268 ms
 Execution time: 0.526 ms
(10 rows)

===== 187 [Wed Mar  7 02:07:21 CET 2018] scale:100000 groups:100 work_mem:16MB incremental:on max_workers:2 =====
SELECT * FROM s_3 ORDER BY a, b, c, d LIMIT 1000
                                                                   QUERY PLAN                                                                    
-------------------------------------------------------------------------------------------------------------------------------------------------
 Limit  (cost=31.15..31.15 rows=1 width=20) (actual time=0.435..0.435 rows=0 loops=1)
   ->  Limit  (cost=1.04..21.15 rows=1000 width=20) (actual time=0.069..0.407 rows=1000 loops=1)
         ->  Incremental Sort  (cost=1.04..2012.29 rows=100000 width=20) (actual time=0.069..0.352 rows=1000 loops=1)
               Sort Key: s_3.a, s_3.b, s_3.c, s_3.d
               Presorted Key: s_3.a, s_3.b, s_3.c
               Sort Method: quicksort  Memory: 27kB
               Sort Groups: 32
               ->  Index Scan using s_3_a_b_c_idx on s_3  (cost=0.42..4527.17 rows=100000 width=20) (actual time=0.018..0.140 rows=1027 loops=1)
 Planning time: 0.285 ms
 Execution time: 0.459 ms
(10 rows)

===== 188 [Wed Mar  7 02:07:21 CET 2018] scale:100000 groups:100 work_mem:16MB incremental:on max_workers:2 =====
SELECT * FROM s_4 ORDER BY a, b, c, d, e LIMIT 1000
                                                                    QUERY PLAN                                                                     
---------------------------------------------------------------------------------------------------------------------------------------------------
 Limit  (cost=31.15..31.15 rows=1 width=20) (actual time=0.407..0.407 rows=0 loops=1)
   ->  Limit  (cost=1.04..21.15 rows=1000 width=20) (actual time=0.059..0.379 rows=1000 loops=1)
         ->  Incremental Sort  (cost=1.04..2012.29 rows=100000 width=20) (actual time=0.058..0.323 rows=1000 loops=1)
               Sort Key: s_4.a, s_4.b, s_4.c, s_4.d, s_4.e
               Presorted Key: s_4.a, s_4.b, s_4.c, s_4.d
               Sort Method: quicksort  Memory: 27kB
               Sort Groups: 32
               ->  Index Scan using s_4_a_b_c_d_idx on s_4  (cost=0.42..4527.17 rows=100000 width=20) (actual time=0.009..0.140 rows=1025 loops=1)
 Planning time: 0.290 ms
 Execution time: 0.429 ms
(10 rows)

===== 189 [Wed Mar  7 02:07:21 CET 2018] scale:100000 groups:100 work_mem:16MB incremental:off max_workers:2 =====
SELECT * FROM s_1 ORDER BY a, b LIMIT 1000
                                                         QUERY PLAN                                                          
-----------------------------------------------------------------------------------------------------------------------------
 Limit  (cost=7132.39..7132.39 rows=1 width=20) (actual time=12.783..12.783 rows=0 loops=1)
   ->  Limit  (cost=7119.89..7122.39 rows=1000 width=20) (actual time=12.660..12.755 rows=1000 loops=1)
         ->  Sort  (cost=7119.89..7369.89 rows=100000 width=20) (actual time=12.660..12.699 rows=1000 loops=1)
               Sort Key: s_1.a, s_1.b
               Sort Method: top-N heapsort  Memory: 155kB
               ->  Seq Scan on s_1  (cost=0.00..1637.00 rows=100000 width=20) (actual time=0.010..5.053 rows=100000 loops=1)
 Planning time: 0.258 ms
 Execution time: 12.820 ms
(8 rows)

===== 190 [Wed Mar  7 02:07:21 CET 2018] scale:100000 groups:100 work_mem:16MB incremental:off max_workers:2 =====
SELECT * FROM s_2 ORDER BY a, b, c LIMIT 1000
                                                         QUERY PLAN                                                          
-----------------------------------------------------------------------------------------------------------------------------
 Limit  (cost=7132.39..7132.39 rows=1 width=20) (actual time=12.735..12.735 rows=0 loops=1)
   ->  Limit  (cost=7119.89..7122.39 rows=1000 width=20) (actual time=12.614..12.707 rows=1000 loops=1)
         ->  Sort  (cost=7119.89..7369.89 rows=100000 width=20) (actual time=12.614..12.652 rows=1000 loops=1)
               Sort Key: s_2.a, s_2.b, s_2.c
               Sort Method: top-N heapsort  Memory: 127kB
               ->  Seq Scan on s_2  (cost=0.00..1637.00 rows=100000 width=20) (actual time=0.010..5.074 rows=100000 loops=1)
 Planning time: 0.273 ms
 Execution time: 12.775 ms
(8 rows)

===== 191 [Wed Mar  7 02:07:21 CET 2018] scale:100000 groups:100 work_mem:16MB incremental:off max_workers:2 =====
SELECT * FROM s_3 ORDER BY a, b, c, d LIMIT 1000
                                                         QUERY PLAN                                                          
-----------------------------------------------------------------------------------------------------------------------------
 Limit  (cost=7132.39..7132.39 rows=1 width=20) (actual time=12.846..12.846 rows=0 loops=1)
   ->  Limit  (cost=7119.89..7122.39 rows=1000 width=20) (actual time=12.725..12.818 rows=1000 loops=1)
         ->  Sort  (cost=7119.89..7369.89 rows=100000 width=20) (actual time=12.725..12.763 rows=1000 loops=1)
               Sort Key: s_3.a, s_3.b, s_3.c, s_3.d
               Sort Method: top-N heapsort  Memory: 127kB
               ->  Seq Scan on s_3  (cost=0.00..1637.00 rows=100000 width=20) (actual time=0.010..5.053 rows=100000 loops=1)
 Planning time: 0.264 ms
 Execution time: 12.886 ms
(8 rows)

===== 192 [Wed Mar  7 02:07:21 CET 2018] scale:100000 groups:100 work_mem:16MB incremental:off max_workers:2 =====
SELECT * FROM s_4 ORDER BY a, b, c, d, e LIMIT 1000
                                                         QUERY PLAN                                                          
-----------------------------------------------------------------------------------------------------------------------------
 Limit  (cost=7132.39..7132.39 rows=1 width=20) (actual time=12.806..12.806 rows=0 loops=1)
   ->  Limit  (cost=7119.89..7122.39 rows=1000 width=20) (actual time=12.684..12.778 rows=1000 loops=1)
         ->  Sort  (cost=7119.89..7369.89 rows=100000 width=20) (actual time=12.683..12.722 rows=1000 loops=1)
               Sort Key: s_4.a, s_4.b, s_4.c, s_4.d, s_4.e
               Sort Method: top-N heapsort  Memory: 127kB
               ->  Seq Scan on s_4  (cost=0.00..1637.00 rows=100000 width=20) (actual time=0.007..5.055 rows=100000 loops=1)
 Planning time: 0.275 ms
 Execution time: 12.846 ms
(8 rows)

===== 193 [Wed Mar  7 02:07:22 CET 2018] scale:100000 groups:100 work_mem:32MB incremental:on max_workers:2 =====
SELECT * FROM s_1 ORDER BY a, b LIMIT 1000
                                                                 QUERY PLAN                                                                  
---------------------------------------------------------------------------------------------------------------------------------------------
 Limit  (cost=109.20..109.20 rows=1 width=20) (actual time=0.758..0.758 rows=0 loops=1)
   ->  Limit  (cost=81.68..99.20 rows=1000 width=20) (actual time=0.260..0.730 rows=1000 loops=1)
         ->  Incremental Sort  (cost=81.68..1834.51 rows=100000 width=20) (actual time=0.259..0.675 rows=1000 loops=1)
               Sort Key: s_1.a, s_1.b
               Presorted Key: s_1.a
               Sort Method: quicksort  Memory: 104kB
               Sort Groups: 2
               ->  Index Scan using s_1_a_idx on s_1  (cost=0.29..3244.29 rows=100000 width=20) (actual time=0.015..0.212 rows=1538 loops=1)
 Planning time: 0.256 ms
 Execution time: 0.783 ms
(10 rows)

===== 194 [Wed Mar  7 02:07:22 CET 2018] scale:100000 groups:100 work_mem:32MB incremental:on max_workers:2 =====
SELECT * FROM s_2 ORDER BY a, b, c LIMIT 1000
                                                                  QUERY PLAN                                                                   
-----------------------------------------------------------------------------------------------------------------------------------------------
 Limit  (cost=30.93..30.93 rows=1 width=20) (actual time=0.501..0.501 rows=0 loops=1)
   ->  Limit  (cost=0.87..20.93 rows=1000 width=20) (actual time=0.069..0.473 rows=1000 loops=1)
         ->  Incremental Sort  (cost=0.87..2007.69 rows=100000 width=20) (actual time=0.069..0.417 rows=1000 loops=1)
               Sort Key: s_2.a, s_2.b, s_2.c
               Presorted Key: s_2.a, s_2.b
               Sort Method: quicksort  Memory: 28kB
               Sort Groups: 28
               ->  Index Scan using s_2_a_b_idx on s_2  (cost=0.29..4079.04 rows=100000 width=20) (actual time=0.012..0.133 rows=1011 loops=1)
 Planning time: 0.269 ms
 Execution time: 0.524 ms
(10 rows)

===== 195 [Wed Mar  7 02:07:22 CET 2018] scale:100000 groups:100 work_mem:32MB incremental:on max_workers:2 =====
SELECT * FROM s_3 ORDER BY a, b, c, d LIMIT 1000
                                                                   QUERY PLAN                                                                    
-------------------------------------------------------------------------------------------------------------------------------------------------
 Limit  (cost=31.15..31.15 rows=1 width=20) (actual time=0.439..0.439 rows=0 loops=1)
   ->  Limit  (cost=1.04..21.15 rows=1000 width=20) (actual time=0.074..0.411 rows=1000 loops=1)
         ->  Incremental Sort  (cost=1.04..2012.29 rows=100000 width=20) (actual time=0.074..0.356 rows=1000 loops=1)
               Sort Key: s_3.a, s_3.b, s_3.c, s_3.d
               Presorted Key: s_3.a, s_3.b, s_3.c
               Sort Method: quicksort  Memory: 27kB
               Sort Groups: 32
               ->  Index Scan using s_3_a_b_c_idx on s_3  (cost=0.42..4527.17 rows=100000 width=20) (actual time=0.018..0.140 rows=1027 loops=1)
 Planning time: 0.276 ms
 Execution time: 0.464 ms
(10 rows)

===== 196 [Wed Mar  7 02:07:22 CET 2018] scale:100000 groups:100 work_mem:32MB incremental:on max_workers:2 =====
SELECT * FROM s_4 ORDER BY a, b, c, d, e LIMIT 1000
                                                                    QUERY PLAN                                                                     
---------------------------------------------------------------------------------------------------------------------------------------------------
 Limit  (cost=31.15..31.15 rows=1 width=20) (actual time=0.415..0.415 rows=0 loops=1)
   ->  Limit  (cost=1.04..21.15 rows=1000 width=20) (actual time=0.057..0.387 rows=1000 loops=1)
         ->  Incremental Sort  (cost=1.04..2012.29 rows=100000 width=20) (actual time=0.057..0.331 rows=1000 loops=1)
               Sort Key: s_4.a, s_4.b, s_4.c, s_4.d, s_4.e
               Presorted Key: s_4.a, s_4.b, s_4.c, s_4.d
               Sort Method: quicksort  Memory: 27kB
               Sort Groups: 32
               ->  Index Scan using s_4_a_b_c_d_idx on s_4  (cost=0.42..4527.17 rows=100000 width=20) (actual time=0.008..0.141 rows=1025 loops=1)
 Planning time: 0.280 ms
 Execution time: 0.438 ms
(10 rows)

===== 197 [Wed Mar  7 02:07:22 CET 2018] scale:100000 groups:100 work_mem:32MB incremental:off max_workers:2 =====
SELECT * FROM s_1 ORDER BY a, b LIMIT 1000
                                                         QUERY PLAN                                                          
-----------------------------------------------------------------------------------------------------------------------------
 Limit  (cost=7132.39..7132.39 rows=1 width=20) (actual time=12.775..12.775 rows=0 loops=1)
   ->  Limit  (cost=7119.89..7122.39 rows=1000 width=20) (actual time=12.653..12.747 rows=1000 loops=1)
         ->  Sort  (cost=7119.89..7369.89 rows=100000 width=20) (actual time=12.652..12.691 rows=1000 loops=1)
               Sort Key: s_1.a, s_1.b
               Sort Method: top-N heapsort  Memory: 155kB
               ->  Seq Scan on s_1  (cost=0.00..1637.00 rows=100000 width=20) (actual time=0.010..5.060 rows=100000 loops=1)
 Planning time: 0.254 ms
 Execution time: 12.813 ms
(8 rows)

===== 198 [Wed Mar  7 02:07:22 CET 2018] scale:100000 groups:100 work_mem:32MB incremental:off max_workers:2 =====
SELECT * FROM s_2 ORDER BY a, b, c LIMIT 1000
                                                         QUERY PLAN                                                          
-----------------------------------------------------------------------------------------------------------------------------
 Limit  (cost=7132.39..7132.39 rows=1 width=20) (actual time=12.735..12.735 rows=0 loops=1)
   ->  Limit  (cost=7119.89..7122.39 rows=1000 width=20) (actual time=12.613..12.707 rows=1000 loops=1)
         ->  Sort  (cost=7119.89..7369.89 rows=100000 width=20) (actual time=12.613..12.651 rows=1000 loops=1)
               Sort Key: s_2.a, s_2.b, s_2.c
               Sort Method: top-N heapsort  Memory: 127kB
               ->  Seq Scan on s_2  (cost=0.00..1637.00 rows=100000 width=20) (actual time=0.010..5.068 rows=100000 loops=1)
 Planning time: 0.261 ms
 Execution time: 12.772 ms
(8 rows)

===== 199 [Wed Mar  7 02:07:22 CET 2018] scale:100000 groups:100 work_mem:32MB incremental:off max_workers:2 =====
SELECT * FROM s_3 ORDER BY a, b, c, d LIMIT 1000
                                                         QUERY PLAN                                                          
-----------------------------------------------------------------------------------------------------------------------------
 Limit  (cost=7132.39..7132.39 rows=1 width=20) (actual time=12.873..12.873 rows=0 loops=1)
   ->  Limit  (cost=7119.89..7122.39 rows=1000 width=20) (actual time=12.752..12.844 rows=1000 loops=1)
         ->  Sort  (cost=7119.89..7369.89 rows=100000 width=20) (actual time=12.751..12.789 rows=1000 loops=1)
               Sort Key: s_3.a, s_3.b, s_3.c, s_3.d
               Sort Method: top-N heapsort  Memory: 127kB
               ->  Seq Scan on s_3  (cost=0.00..1637.00 rows=100000 width=20) (actual time=0.010..5.053 rows=100000 loops=1)
 Planning time: 0.271 ms
 Execution time: 12.911 ms
(8 rows)

===== 200 [Wed Mar  7 02:07:22 CET 2018] scale:100000 groups:100 work_mem:32MB incremental:off max_workers:2 =====
SELECT * FROM s_4 ORDER BY a, b, c, d, e LIMIT 1000
                                                         QUERY PLAN                                                          
-----------------------------------------------------------------------------------------------------------------------------
 Limit  (cost=7132.39..7132.39 rows=1 width=20) (actual time=12.807..12.807 rows=0 loops=1)
   ->  Limit  (cost=7119.89..7122.39 rows=1000 width=20) (actual time=12.684..12.778 rows=1000 loops=1)
         ->  Sort  (cost=7119.89..7369.89 rows=100000 width=20) (actual time=12.684..12.722 rows=1000 loops=1)
               Sort Key: s_4.a, s_4.b, s_4.c, s_4.d, s_4.e
               Sort Method: top-N heapsort  Memory: 127kB
               ->  Seq Scan on s_4  (cost=0.00..1637.00 rows=100000 width=20) (actual time=0.007..5.052 rows=100000 loops=1)
 Planning time: 0.269 ms
 Execution time: 12.843 ms
(8 rows)

===== 201 [Wed Mar  7 02:07:22 CET 2018] scale:100000 groups:100 work_mem:64MB incremental:on max_workers:2 =====
SELECT * FROM s_1 ORDER BY a, b LIMIT 1000
                                                                 QUERY PLAN                                                                  
---------------------------------------------------------------------------------------------------------------------------------------------
 Limit  (cost=109.20..109.20 rows=1 width=20) (actual time=0.763..0.763 rows=0 loops=1)
   ->  Limit  (cost=81.68..99.20 rows=1000 width=20) (actual time=0.261..0.734 rows=1000 loops=1)
         ->  Incremental Sort  (cost=81.68..1834.51 rows=100000 width=20) (actual time=0.261..0.679 rows=1000 loops=1)
               Sort Key: s_1.a, s_1.b
               Presorted Key: s_1.a
               Sort Method: quicksort  Memory: 104kB
               Sort Groups: 2
               ->  Index Scan using s_1_a_idx on s_1  (cost=0.29..3244.29 rows=100000 width=20) (actual time=0.015..0.216 rows=1538 loops=1)
 Planning time: 0.260 ms
 Execution time: 0.788 ms
(10 rows)

===== 202 [Wed Mar  7 02:07:22 CET 2018] scale:100000 groups:100 work_mem:64MB incremental:on max_workers:2 =====
SELECT * FROM s_2 ORDER BY a, b, c LIMIT 1000
                                                                  QUERY PLAN                                                                   
-----------------------------------------------------------------------------------------------------------------------------------------------
 Limit  (cost=30.93..30.93 rows=1 width=20) (actual time=0.504..0.504 rows=0 loops=1)
   ->  Limit  (cost=0.87..20.93 rows=1000 width=20) (actual time=0.071..0.476 rows=1000 loops=1)
         ->  Incremental Sort  (cost=0.87..2007.69 rows=100000 width=20) (actual time=0.071..0.420 rows=1000 loops=1)
               Sort Key: s_2.a, s_2.b, s_2.c
               Presorted Key: s_2.a, s_2.b
               Sort Method: quicksort  Memory: 28kB
               Sort Groups: 28
               ->  Index Scan using s_2_a_b_idx on s_2  (cost=0.29..4079.04 rows=100000 width=20) (actual time=0.012..0.133 rows=1011 loops=1)
 Planning time: 0.271 ms
 Execution time: 0.528 ms
(10 rows)

===== 203 [Wed Mar  7 02:07:23 CET 2018] scale:100000 groups:100 work_mem:64MB incremental:on max_workers:2 =====
SELECT * FROM s_3 ORDER BY a, b, c, d LIMIT 1000
                                                                   QUERY PLAN                                                                    
-------------------------------------------------------------------------------------------------------------------------------------------------
 Limit  (cost=31.15..31.15 rows=1 width=20) (actual time=0.441..0.441 rows=0 loops=1)
   ->  Limit  (cost=1.04..21.15 rows=1000 width=20) (actual time=0.077..0.412 rows=1000 loops=1)
         ->  Incremental Sort  (cost=1.04..2012.29 rows=100000 width=20) (actual time=0.076..0.357 rows=1000 loops=1)
               Sort Key: s_3.a, s_3.b, s_3.c, s_3.d
               Presorted Key: s_3.a, s_3.b, s_3.c
               Sort Method: quicksort  Memory: 27kB
               Sort Groups: 32
               ->  Index Scan using s_3_a_b_c_idx on s_3  (cost=0.42..4527.17 rows=100000 width=20) (actual time=0.018..0.140 rows=1027 loops=1)
 Planning time: 0.278 ms
 Execution time: 0.463 ms
(10 rows)

===== 204 [Wed Mar  7 02:07:23 CET 2018] scale:100000 groups:100 work_mem:64MB incremental:on max_workers:2 =====
SELECT * FROM s_4 ORDER BY a, b, c, d, e LIMIT 1000
                                                                    QUERY PLAN                                                                     
---------------------------------------------------------------------------------------------------------------------------------------------------
 Limit  (cost=31.15..31.15 rows=1 width=20) (actual time=0.410..0.410 rows=0 loops=1)
   ->  Limit  (cost=1.04..21.15 rows=1000 width=20) (actual time=0.061..0.382 rows=1000 loops=1)
         ->  Incremental Sort  (cost=1.04..2012.29 rows=100000 width=20) (actual time=0.060..0.327 rows=1000 loops=1)
               Sort Key: s_4.a, s_4.b, s_4.c, s_4.d, s_4.e
               Presorted Key: s_4.a, s_4.b, s_4.c, s_4.d
               Sort Method: quicksort  Memory: 27kB
               Sort Groups: 32
               ->  Index Scan using s_4_a_b_c_d_idx on s_4  (cost=0.42..4527.17 rows=100000 width=20) (actual time=0.009..0.141 rows=1025 loops=1)
 Planning time: 0.283 ms
 Execution time: 0.434 ms
(10 rows)

===== 205 [Wed Mar  7 02:07:23 CET 2018] scale:100000 groups:100 work_mem:64MB incremental:off max_workers:2 =====
SELECT * FROM s_1 ORDER BY a, b LIMIT 1000
                                                         QUERY PLAN                                                          
-----------------------------------------------------------------------------------------------------------------------------
 Limit  (cost=7132.39..7132.39 rows=1 width=20) (actual time=12.784..12.784 rows=0 loops=1)
   ->  Limit  (cost=7119.89..7122.39 rows=1000 width=20) (actual time=12.662..12.756 rows=1000 loops=1)
         ->  Sort  (cost=7119.89..7369.89 rows=100000 width=20) (actual time=12.662..12.700 rows=1000 loops=1)
               Sort Key: s_1.a, s_1.b
               Sort Method: top-N heapsort  Memory: 155kB
               ->  Seq Scan on s_1  (cost=0.00..1637.00 rows=100000 width=20) (actual time=0.010..5.076 rows=100000 loops=1)
 Planning time: 0.254 ms
 Execution time: 12.821 ms
(8 rows)

===== 206 [Wed Mar  7 02:07:23 CET 2018] scale:100000 groups:100 work_mem:64MB incremental:off max_workers:2 =====
SELECT * FROM s_2 ORDER BY a, b, c LIMIT 1000
                                                         QUERY PLAN                                                          
-----------------------------------------------------------------------------------------------------------------------------
 Limit  (cost=7132.39..7132.39 rows=1 width=20) (actual time=12.733..12.733 rows=0 loops=1)
   ->  Limit  (cost=7119.89..7122.39 rows=1000 width=20) (actual time=12.611..12.704 rows=1000 loops=1)
         ->  Sort  (cost=7119.89..7369.89 rows=100000 width=20) (actual time=12.610..12.649 rows=1000 loops=1)
               Sort Key: s_2.a, s_2.b, s_2.c
               Sort Method: top-N heapsort  Memory: 127kB
               ->  Seq Scan on s_2  (cost=0.00..1637.00 rows=100000 width=20) (actual time=0.010..5.062 rows=100000 loops=1)
 Planning time: 0.259 ms
 Execution time: 12.770 ms
(8 rows)

===== 207 [Wed Mar  7 02:07:23 CET 2018] scale:100000 groups:100 work_mem:64MB incremental:off max_workers:2 =====
SELECT * FROM s_3 ORDER BY a, b, c, d LIMIT 1000
                                                         QUERY PLAN                                                          
-----------------------------------------------------------------------------------------------------------------------------
 Limit  (cost=7132.39..7132.39 rows=1 width=20) (actual time=12.883..12.883 rows=0 loops=1)
   ->  Limit  (cost=7119.89..7122.39 rows=1000 width=20) (actual time=12.762..12.855 rows=1000 loops=1)
         ->  Sort  (cost=7119.89..7369.89 rows=100000 width=20) (actual time=12.761..12.800 rows=1000 loops=1)
               Sort Key: s_3.a, s_3.b, s_3.c, s_3.d
               Sort Method: top-N heapsort  Memory: 127kB
               ->  Seq Scan on s_3  (cost=0.00..1637.00 rows=100000 width=20) (actual time=0.010..5.059 rows=100000 loops=1)
 Planning time: 0.267 ms
 Execution time: 12.921 ms
(8 rows)

===== 208 [Wed Mar  7 02:07:23 CET 2018] scale:100000 groups:100 work_mem:64MB incremental:off max_workers:2 =====
SELECT * FROM s_4 ORDER BY a, b, c, d, e LIMIT 1000
                                                         QUERY PLAN                                                          
-----------------------------------------------------------------------------------------------------------------------------
 Limit  (cost=7132.39..7132.39 rows=1 width=20) (actual time=12.811..12.811 rows=0 loops=1)
   ->  Limit  (cost=7119.89..7122.39 rows=1000 width=20) (actual time=12.689..12.783 rows=1000 loops=1)
         ->  Sort  (cost=7119.89..7369.89 rows=100000 width=20) (actual time=12.689..12.726 rows=1000 loops=1)
               Sort Key: s_4.a, s_4.b, s_4.c, s_4.d, s_4.e
               Sort Method: top-N heapsort  Memory: 127kB
               ->  Seq Scan on s_4  (cost=0.00..1637.00 rows=100000 width=20) (actual time=0.007..5.056 rows=100000 loops=1)
 Planning time: 0.271 ms
 Execution time: 12.848 ms
(8 rows)

===== 209 [Wed Mar  7 02:07:23 CET 2018] scale:100000 groups:100 work_mem:128MB incremental:on max_workers:2 =====
SELECT * FROM s_1 ORDER BY a, b LIMIT 1000
                                                                 QUERY PLAN                                                                  
---------------------------------------------------------------------------------------------------------------------------------------------
 Limit  (cost=109.20..109.20 rows=1 width=20) (actual time=0.760..0.760 rows=0 loops=1)
   ->  Limit  (cost=81.68..99.20 rows=1000 width=20) (actual time=0.258..0.732 rows=1000 loops=1)
         ->  Incremental Sort  (cost=81.68..1834.51 rows=100000 width=20) (actual time=0.258..0.676 rows=1000 loops=1)
               Sort Key: s_1.a, s_1.b
               Presorted Key: s_1.a
               Sort Method: quicksort  Memory: 104kB
               Sort Groups: 2
               ->  Index Scan using s_1_a_idx on s_1  (cost=0.29..3244.29 rows=100000 width=20) (actual time=0.015..0.207 rows=1538 loops=1)
 Planning time: 0.259 ms
 Execution time: 0.786 ms
(10 rows)

===== 210 [Wed Mar  7 02:07:23 CET 2018] scale:100000 groups:100 work_mem:128MB incremental:on max_workers:2 =====
SELECT * FROM s_2 ORDER BY a, b, c LIMIT 1000
                                                                  QUERY PLAN                                                                   
-----------------------------------------------------------------------------------------------------------------------------------------------
 Limit  (cost=30.93..30.93 rows=1 width=20) (actual time=0.494..0.494 rows=0 loops=1)
   ->  Limit  (cost=0.87..20.93 rows=1000 width=20) (actual time=0.062..0.465 rows=1000 loops=1)
         ->  Incremental Sort  (cost=0.87..2007.69 rows=100000 width=20) (actual time=0.061..0.410 rows=1000 loops=1)
               Sort Key: s_2.a, s_2.b, s_2.c
               Presorted Key: s_2.a, s_2.b
               Sort Method: quicksort  Memory: 28kB
               Sort Groups: 28
               ->  Index Scan using s_2_a_b_idx on s_2  (cost=0.29..4079.04 rows=100000 width=20) (actual time=0.012..0.133 rows=1011 loops=1)
 Planning time: 0.277 ms
 Execution time: 0.518 ms
(10 rows)

===== 211 [Wed Mar  7 02:07:23 CET 2018] scale:100000 groups:100 work_mem:128MB incremental:on max_workers:2 =====
SELECT * FROM s_3 ORDER BY a, b, c, d LIMIT 1000
                                                                   QUERY PLAN                                                                    
-------------------------------------------------------------------------------------------------------------------------------------------------
 Limit  (cost=31.15..31.15 rows=1 width=20) (actual time=0.437..0.437 rows=0 loops=1)
   ->  Limit  (cost=1.04..21.15 rows=1000 width=20) (actual time=0.072..0.408 rows=1000 loops=1)
         ->  Incremental Sort  (cost=1.04..2012.29 rows=100000 width=20) (actual time=0.071..0.353 rows=1000 loops=1)
               Sort Key: s_3.a, s_3.b, s_3.c, s_3.d
               Presorted Key: s_3.a, s_3.b, s_3.c
               Sort Method: quicksort  Memory: 27kB
               Sort Groups: 32
               ->  Index Scan using s_3_a_b_c_idx on s_3  (cost=0.42..4527.17 rows=100000 width=20) (actual time=0.019..0.141 rows=1027 loops=1)
 Planning time: 0.275 ms
 Execution time: 0.460 ms
(10 rows)

===== 212 [Wed Mar  7 02:07:23 CET 2018] scale:100000 groups:100 work_mem:128MB incremental:on max_workers:2 =====
SELECT * FROM s_4 ORDER BY a, b, c, d, e LIMIT 1000
                                                                    QUERY PLAN                                                                     
---------------------------------------------------------------------------------------------------------------------------------------------------
 Limit  (cost=31.15..31.15 rows=1 width=20) (actual time=0.407..0.407 rows=0 loops=1)
   ->  Limit  (cost=1.04..21.15 rows=1000 width=20) (actual time=0.057..0.378 rows=1000 loops=1)
         ->  Incremental Sort  (cost=1.04..2012.29 rows=100000 width=20) (actual time=0.056..0.323 rows=1000 loops=1)
               Sort Key: s_4.a, s_4.b, s_4.c, s_4.d, s_4.e
               Presorted Key: s_4.a, s_4.b, s_4.c, s_4.d
               Sort Method: quicksort  Memory: 27kB
               Sort Groups: 32
               ->  Index Scan using s_4_a_b_c_d_idx on s_4  (cost=0.42..4527.17 rows=100000 width=20) (actual time=0.009..0.140 rows=1025 loops=1)
 Planning time: 0.280 ms
 Execution time: 0.430 ms
(10 rows)

===== 213 [Wed Mar  7 02:07:24 CET 2018] scale:100000 groups:100 work_mem:128MB incremental:off max_workers:2 =====
SELECT * FROM s_1 ORDER BY a, b LIMIT 1000
                                                         QUERY PLAN                                                          
-----------------------------------------------------------------------------------------------------------------------------
 Limit  (cost=7132.39..7132.39 rows=1 width=20) (actual time=12.763..12.763 rows=0 loops=1)
   ->  Limit  (cost=7119.89..7122.39 rows=1000 width=20) (actual time=12.640..12.735 rows=1000 loops=1)
         ->  Sort  (cost=7119.89..7369.89 rows=100000 width=20) (actual time=12.640..12.679 rows=1000 loops=1)
               Sort Key: s_1.a, s_1.b
               Sort Method: top-N heapsort  Memory: 155kB
               ->  Seq Scan on s_1  (cost=0.00..1637.00 rows=100000 width=20) (actual time=0.010..5.059 rows=100000 loops=1)
 Planning time: 0.255 ms
 Execution time: 12.807 ms
(8 rows)

===== 214 [Wed Mar  7 02:07:24 CET 2018] scale:100000 groups:100 work_mem:128MB incremental:off max_workers:2 =====
SELECT * FROM s_2 ORDER BY a, b, c LIMIT 1000
                                                         QUERY PLAN                                                          
-----------------------------------------------------------------------------------------------------------------------------
 Limit  (cost=7132.39..7132.39 rows=1 width=20) (actual time=12.725..12.725 rows=0 loops=1)
   ->  Limit  (cost=7119.89..7122.39 rows=1000 width=20) (actual time=12.604..12.697 rows=1000 loops=1)
         ->  Sort  (cost=7119.89..7369.89 rows=100000 width=20) (actual time=12.603..12.642 rows=1000 loops=1)
               Sort Key: s_2.a, s_2.b, s_2.c
               Sort Method: top-N heapsort  Memory: 127kB
               ->  Seq Scan on s_2  (cost=0.00..1637.00 rows=100000 width=20) (actual time=0.010..5.064 rows=100000 loops=1)
 Planning time: 0.258 ms
 Execution time: 12.764 ms
(8 rows)

===== 215 [Wed Mar  7 02:07:24 CET 2018] scale:100000 groups:100 work_mem:128MB incremental:off max_workers:2 =====
SELECT * FROM s_3 ORDER BY a, b, c, d LIMIT 1000
                                                         QUERY PLAN                                                          
-----------------------------------------------------------------------------------------------------------------------------
 Limit  (cost=7132.39..7132.39 rows=1 width=20) (actual time=12.856..12.856 rows=0 loops=1)
   ->  Limit  (cost=7119.89..7122.39 rows=1000 width=20) (actual time=12.735..12.828 rows=1000 loops=1)
         ->  Sort  (cost=7119.89..7369.89 rows=100000 width=20) (actual time=12.735..12.773 rows=1000 loops=1)
               Sort Key: s_3.a, s_3.b, s_3.c, s_3.d
               Sort Method: top-N heapsort  Memory: 127kB
               ->  Seq Scan on s_3  (cost=0.00..1637.00 rows=100000 width=20) (actual time=0.010..5.054 rows=100000 loops=1)
 Planning time: 0.274 ms
 Execution time: 12.895 ms
(8 rows)

===== 216 [Wed Mar  7 02:07:24 CET 2018] scale:100000 groups:100 work_mem:128MB incremental:off max_workers:2 =====
SELECT * FROM s_4 ORDER BY a, b, c, d, e LIMIT 1000
                                                         QUERY PLAN                                                          
-----------------------------------------------------------------------------------------------------------------------------
 Limit  (cost=7132.39..7132.39 rows=1 width=20) (actual time=12.804..12.804 rows=0 loops=1)
   ->  Limit  (cost=7119.89..7122.39 rows=1000 width=20) (actual time=12.682..12.776 rows=1000 loops=1)
         ->  Sort  (cost=7119.89..7369.89 rows=100000 width=20) (actual time=12.681..12.719 rows=1000 loops=1)
               Sort Key: s_4.a, s_4.b, s_4.c, s_4.d, s_4.e
               Sort Method: top-N heapsort  Memory: 127kB
               ->  Seq Scan on s_4  (cost=0.00..1637.00 rows=100000 width=20) (actual time=0.006..5.053 rows=100000 loops=1)
 Planning time: 0.268 ms
 Execution time: 12.842 ms
(8 rows)

===== 217 [Wed Mar  7 02:07:24 CET 2018] scale:100000 groups:100 work_mem:256MB incremental:on max_workers:2 =====
SELECT * FROM s_1 ORDER BY a, b LIMIT 1000
                                                                 QUERY PLAN                                                                  
---------------------------------------------------------------------------------------------------------------------------------------------
 Limit  (cost=109.20..109.20 rows=1 width=20) (actual time=0.759..0.759 rows=0 loops=1)
   ->  Limit  (cost=81.68..99.20 rows=1000 width=20) (actual time=0.263..0.731 rows=1000 loops=1)
         ->  Incremental Sort  (cost=81.68..1834.51 rows=100000 width=20) (actual time=0.263..0.675 rows=1000 loops=1)
               Sort Key: s_1.a, s_1.b
               Presorted Key: s_1.a
               Sort Method: quicksort  Memory: 104kB
               Sort Groups: 2
               ->  Index Scan using s_1_a_idx on s_1  (cost=0.29..3244.29 rows=100000 width=20) (actual time=0.015..0.208 rows=1538 loops=1)
 Planning time: 0.259 ms
 Execution time: 0.786 ms
(10 rows)

===== 218 [Wed Mar  7 02:07:24 CET 2018] scale:100000 groups:100 work_mem:256MB incremental:on max_workers:2 =====
SELECT * FROM s_2 ORDER BY a, b, c LIMIT 1000
                                                                  QUERY PLAN                                                                   
-----------------------------------------------------------------------------------------------------------------------------------------------
 Limit  (cost=30.93..30.93 rows=1 width=20) (actual time=0.501..0.501 rows=0 loops=1)
   ->  Limit  (cost=0.87..20.93 rows=1000 width=20) (actual time=0.063..0.473 rows=1000 loops=1)
         ->  Incremental Sort  (cost=0.87..2007.69 rows=100000 width=20) (actual time=0.062..0.417 rows=1000 loops=1)
               Sort Key: s_2.a, s_2.b, s_2.c
               Presorted Key: s_2.a, s_2.b
               Sort Method: quicksort  Memory: 28kB
               Sort Groups: 28
               ->  Index Scan using s_2_a_b_idx on s_2  (cost=0.29..4079.04 rows=100000 width=20) (actual time=0.012..0.134 rows=1011 loops=1)
 Planning time: 0.273 ms
 Execution time: 0.524 ms
(10 rows)

===== 219 [Wed Mar  7 02:07:24 CET 2018] scale:100000 groups:100 work_mem:256MB incremental:on max_workers:2 =====
SELECT * FROM s_3 ORDER BY a, b, c, d LIMIT 1000
                                                                   QUERY PLAN                                                                    
-------------------------------------------------------------------------------------------------------------------------------------------------
 Limit  (cost=31.15..31.15 rows=1 width=20) (actual time=0.442..0.442 rows=0 loops=1)
   ->  Limit  (cost=1.04..21.15 rows=1000 width=20) (actual time=0.069..0.413 rows=1000 loops=1)
         ->  Incremental Sort  (cost=1.04..2012.29 rows=100000 width=20) (actual time=0.069..0.358 rows=1000 loops=1)
               Sort Key: s_3.a, s_3.b, s_3.c, s_3.d
               Presorted Key: s_3.a, s_3.b, s_3.c
               Sort Method: quicksort  Memory: 27kB
               Sort Groups: 32
               ->  Index Scan using s_3_a_b_c_idx on s_3  (cost=0.42..4527.17 rows=100000 width=20) (actual time=0.018..0.140 rows=1027 loops=1)
 Planning time: 0.277 ms
 Execution time: 0.465 ms
(10 rows)

===== 220 [Wed Mar  7 02:07:24 CET 2018] scale:100000 groups:100 work_mem:256MB incremental:on max_workers:2 =====
SELECT * FROM s_4 ORDER BY a, b, c, d, e LIMIT 1000
                                                                    QUERY PLAN                                                                     
---------------------------------------------------------------------------------------------------------------------------------------------------
 Limit  (cost=31.15..31.15 rows=1 width=20) (actual time=0.405..0.405 rows=0 loops=1)
   ->  Limit  (cost=1.04..21.15 rows=1000 width=20) (actual time=0.056..0.377 rows=1000 loops=1)
         ->  Incremental Sort  (cost=1.04..2012.29 rows=100000 width=20) (actual time=0.056..0.322 rows=1000 loops=1)
               Sort Key: s_4.a, s_4.b, s_4.c, s_4.d, s_4.e
               Presorted Key: s_4.a, s_4.b, s_4.c, s_4.d
               Sort Method: quicksort  Memory: 27kB
               Sort Groups: 32
               ->  Index Scan using s_4_a_b_c_d_idx on s_4  (cost=0.42..4527.17 rows=100000 width=20) (actual time=0.008..0.140 rows=1025 loops=1)
 Planning time: 0.276 ms
 Execution time: 0.430 ms
(10 rows)

===== 221 [Wed Mar  7 02:07:24 CET 2018] scale:100000 groups:100 work_mem:256MB incremental:off max_workers:2 =====
SELECT * FROM s_1 ORDER BY a, b LIMIT 1000
                                                         QUERY PLAN                                                          
-----------------------------------------------------------------------------------------------------------------------------
 Limit  (cost=7132.39..7132.39 rows=1 width=20) (actual time=12.784..12.784 rows=0 loops=1)
   ->  Limit  (cost=7119.89..7122.39 rows=1000 width=20) (actual time=12.662..12.757 rows=1000 loops=1)
         ->  Sort  (cost=7119.89..7369.89 rows=100000 width=20) (actual time=12.661..12.701 rows=1000 loops=1)
               Sort Key: s_1.a, s_1.b
               Sort Method: top-N heapsort  Memory: 155kB
               ->  Seq Scan on s_1  (cost=0.00..1637.00 rows=100000 width=20) (actual time=0.010..5.060 rows=100000 loops=1)
 Planning time: 0.253 ms
 Execution time: 12.821 ms
(8 rows)

===== 222 [Wed Mar  7 02:07:24 CET 2018] scale:100000 groups:100 work_mem:256MB incremental:off max_workers:2 =====
SELECT * FROM s_2 ORDER BY a, b, c LIMIT 1000
                                                         QUERY PLAN                                                          
-----------------------------------------------------------------------------------------------------------------------------
 Limit  (cost=7132.39..7132.39 rows=1 width=20) (actual time=12.734..12.734 rows=0 loops=1)
   ->  Limit  (cost=7119.89..7122.39 rows=1000 width=20) (actual time=12.612..12.706 rows=1000 loops=1)
         ->  Sort  (cost=7119.89..7369.89 rows=100000 width=20) (actual time=12.611..12.650 rows=1000 loops=1)
               Sort Key: s_2.a, s_2.b, s_2.c
               Sort Method: top-N heapsort  Memory: 127kB
               ->  Seq Scan on s_2  (cost=0.00..1637.00 rows=100000 width=20) (actual time=0.010..5.070 rows=100000 loops=1)
 Planning time: 0.262 ms
 Execution time: 12.776 ms
(8 rows)

===== 223 [Wed Mar  7 02:07:25 CET 2018] scale:100000 groups:100 work_mem:256MB incremental:off max_workers:2 =====
SELECT * FROM s_3 ORDER BY a, b, c, d LIMIT 1000
                                                         QUERY PLAN                                                          
-----------------------------------------------------------------------------------------------------------------------------
 Limit  (cost=7132.39..7132.39 rows=1 width=20) (actual time=12.882..12.882 rows=0 loops=1)
   ->  Limit  (cost=7119.89..7122.39 rows=1000 width=20) (actual time=12.761..12.853 rows=1000 loops=1)
         ->  Sort  (cost=7119.89..7369.89 rows=100000 width=20) (actual time=12.760..12.798 rows=1000 loops=1)
               Sort Key: s_3.a, s_3.b, s_3.c, s_3.d
               Sort Method: top-N heapsort  Memory: 127kB
               ->  Seq Scan on s_3  (cost=0.00..1637.00 rows=100000 width=20) (actual time=0.010..5.052 rows=100000 loops=1)
 Planning time: 0.268 ms
 Execution time: 12.921 ms
(8 rows)

===== 224 [Wed Mar  7 02:07:25 CET 2018] scale:100000 groups:100 work_mem:256MB incremental:off max_workers:2 =====
SELECT * FROM s_4 ORDER BY a, b, c, d, e LIMIT 1000
                                                         QUERY PLAN                                                          
-----------------------------------------------------------------------------------------------------------------------------
 Limit  (cost=7132.39..7132.39 rows=1 width=20) (actual time=12.809..12.809 rows=0 loops=1)
   ->  Limit  (cost=7119.89..7122.39 rows=1000 width=20) (actual time=12.687..12.781 rows=1000 loops=1)
         ->  Sort  (cost=7119.89..7369.89 rows=100000 width=20) (actual time=12.686..12.724 rows=1000 loops=1)
               Sort Key: s_4.a, s_4.b, s_4.c, s_4.d, s_4.e
               Sort Method: top-N heapsort  Memory: 127kB
               ->  Seq Scan on s_4  (cost=0.00..1637.00 rows=100000 width=20) (actual time=0.007..5.061 rows=100000 loops=1)
 Planning time: 0.268 ms
 Execution time: 12.846 ms
(8 rows)

===== 225 [Wed Mar  7 02:07:26 CET 2018] scale:100000 groups:1000 work_mem:4MB incremental:on max_workers:0 =====
SELECT * FROM s_1 ORDER BY a, b LIMIT 1000
                                                                 QUERY PLAN                                                                  
---------------------------------------------------------------------------------------------------------------------------------------------
 Limit  (cost=35.14..35.14 rows=1 width=20) (actual time=0.547..0.547 rows=0 loops=1)
   ->  Limit  (cost=6.85..25.14 rows=1000 width=20) (actual time=0.074..0.519 rows=1000 loops=1)
         ->  Incremental Sort  (cost=6.85..1835.96 rows=100000 width=20) (actual time=0.074..0.464 rows=1000 loops=1)
               Sort Key: s_1.a, s_1.b
               Presorted Key: s_1.a
               Sort Method: quicksort  Memory: 34kB
               Sort Groups: 11
               ->  Index Scan using s_1_a_idx on s_1  (cost=0.29..3244.29 rows=100000 width=20) (actual time=0.022..0.152 rows=1067 loops=1)
 Planning time: 0.282 ms
 Execution time: 0.573 ms
(10 rows)

===== 226 [Wed Mar  7 02:07:26 CET 2018] scale:100000 groups:1000 work_mem:4MB incremental:on max_workers:0 =====
SELECT * FROM s_2 ORDER BY a, b, c LIMIT 1000
                                                                  QUERY PLAN                                                                   
-----------------------------------------------------------------------------------------------------------------------------------------------
 Limit  (cost=30.93..30.93 rows=1 width=20) (actual time=0.433..0.433 rows=0 loops=1)
   ->  Limit  (cost=0.87..20.93 rows=1000 width=20) (actual time=0.069..0.405 rows=1000 loops=1)
         ->  Incremental Sort  (cost=0.87..2007.69 rows=100000 width=20) (actual time=0.069..0.349 rows=1000 loops=1)
               Sort Key: s_2.a, s_2.b, s_2.c
               Presorted Key: s_2.a, s_2.b
               Sort Method: quicksort  Memory: 27kB
               Sort Groups: 32
               ->  Index Scan using s_2_a_b_idx on s_2  (cost=0.29..4079.04 rows=100000 width=20) (actual time=0.028..0.155 rows=1026 loops=1)
 Planning time: 0.278 ms
 Execution time: 0.456 ms
(10 rows)

===== 227 [Wed Mar  7 02:07:26 CET 2018] scale:100000 groups:1000 work_mem:4MB incremental:on max_workers:0 =====
SELECT * FROM s_3 ORDER BY a, b, c, d LIMIT 1000
                                                                   QUERY PLAN                                                                    
-------------------------------------------------------------------------------------------------------------------------------------------------
 Limit  (cost=31.15..31.15 rows=1 width=20) (actual time=0.427..0.427 rows=0 loops=1)
   ->  Limit  (cost=1.04..21.15 rows=1000 width=20) (actual time=0.079..0.399 rows=1000 loops=1)
         ->  Incremental Sort  (cost=1.04..2012.29 rows=100000 width=20) (actual time=0.079..0.344 rows=1000 loops=1)
               Sort Key: s_3.a, s_3.b, s_3.c, s_3.d
               Presorted Key: s_3.a, s_3.b, s_3.c
               Sort Method: quicksort  Memory: 27kB
               Sort Groups: 32
               ->  Index Scan using s_3_a_b_c_idx on s_3  (cost=0.42..4527.17 rows=100000 width=20) (actual time=0.034..0.168 rows=1025 loops=1)
 Planning time: 0.279 ms
 Execution time: 0.450 ms
(10 rows)

===== 228 [Wed Mar  7 02:07:27 CET 2018] scale:100000 groups:1000 work_mem:4MB incremental:on max_workers:0 =====
SELECT * FROM s_4 ORDER BY a, b, c, d, e LIMIT 1000
                                                                    QUERY PLAN                                                                     
---------------------------------------------------------------------------------------------------------------------------------------------------
 Limit  (cost=31.15..31.15 rows=1 width=20) (actual time=0.414..0.414 rows=0 loops=1)
   ->  Limit  (cost=1.04..21.15 rows=1000 width=20) (actual time=0.074..0.386 rows=1000 loops=1)
         ->  Incremental Sort  (cost=1.04..2012.29 rows=100000 width=20) (actual time=0.074..0.331 rows=1000 loops=1)
               Sort Key: s_4.a, s_4.b, s_4.c, s_4.d, s_4.e
               Presorted Key: s_4.a, s_4.b, s_4.c, s_4.d
               Sort Method: quicksort  Memory: 27kB
               Sort Groups: 32
               ->  Index Scan using s_4_a_b_c_d_idx on s_4  (cost=0.42..4527.17 rows=100000 width=20) (actual time=0.029..0.159 rows=1025 loops=1)
 Planning time: 0.283 ms
 Execution time: 0.439 ms
(10 rows)

===== 229 [Wed Mar  7 02:07:27 CET 2018] scale:100000 groups:1000 work_mem:4MB incremental:off max_workers:0 =====
SELECT * FROM s_1 ORDER BY a, b LIMIT 1000
                                                         QUERY PLAN                                                          
-----------------------------------------------------------------------------------------------------------------------------
 Limit  (cost=7132.39..7132.39 rows=1 width=20) (actual time=12.621..12.621 rows=0 loops=1)
   ->  Limit  (cost=7119.89..7122.39 rows=1000 width=20) (actual time=12.500..12.593 rows=1000 loops=1)
         ->  Sort  (cost=7119.89..7369.89 rows=100000 width=20) (actual time=12.499..12.538 rows=1000 loops=1)
               Sort Key: s_1.a, s_1.b
               Sort Method: top-N heapsort  Memory: 128kB
               ->  Seq Scan on s_1  (cost=0.00..1637.00 rows=100000 width=20) (actual time=0.007..5.055 rows=100000 loops=1)
 Planning time: 0.261 ms
 Execution time: 12.658 ms
(8 rows)

===== 230 [Wed Mar  7 02:07:27 CET 2018] scale:100000 groups:1000 work_mem:4MB incremental:off max_workers:0 =====
SELECT * FROM s_2 ORDER BY a, b, c LIMIT 1000
                                                         QUERY PLAN                                                          
-----------------------------------------------------------------------------------------------------------------------------
 Limit  (cost=7132.39..7132.39 rows=1 width=20) (actual time=12.630..12.630 rows=0 loops=1)
   ->  Limit  (cost=7119.89..7122.39 rows=1000 width=20) (actual time=12.507..12.602 rows=1000 loops=1)
         ->  Sort  (cost=7119.89..7369.89 rows=100000 width=20) (actual time=12.506..12.544 rows=1000 loops=1)
               Sort Key: s_2.a, s_2.b, s_2.c
               Sort Method: top-N heapsort  Memory: 127kB
               ->  Seq Scan on s_2  (cost=0.00..1637.00 rows=100000 width=20) (actual time=0.010..5.051 rows=100000 loops=1)
 Planning time: 0.267 ms
 Execution time: 12.668 ms
(8 rows)

===== 231 [Wed Mar  7 02:07:27 CET 2018] scale:100000 groups:1000 work_mem:4MB incremental:off max_workers:0 =====
SELECT * FROM s_3 ORDER BY a, b, c, d LIMIT 1000
                                                         QUERY PLAN                                                          
-----------------------------------------------------------------------------------------------------------------------------
 Limit  (cost=7132.39..7132.39 rows=1 width=20) (actual time=12.771..12.771 rows=0 loops=1)
   ->  Limit  (cost=7119.89..7122.39 rows=1000 width=20) (actual time=12.650..12.743 rows=1000 loops=1)
         ->  Sort  (cost=7119.89..7369.89 rows=100000 width=20) (actual time=12.649..12.688 rows=1000 loops=1)
               Sort Key: s_3.a, s_3.b, s_3.c, s_3.d
               Sort Method: top-N heapsort  Memory: 127kB
               ->  Seq Scan on s_3  (cost=0.00..1637.00 rows=100000 width=20) (actual time=0.013..5.040 rows=100000 loops=1)
 Planning time: 0.269 ms
 Execution time: 12.809 ms
(8 rows)

===== 232 [Wed Mar  7 02:07:27 CET 2018] scale:100000 groups:1000 work_mem:4MB incremental:off max_workers:0 =====
SELECT * FROM s_4 ORDER BY a, b, c, d, e LIMIT 1000
                                                         QUERY PLAN                                                          
-----------------------------------------------------------------------------------------------------------------------------
 Limit  (cost=7132.39..7132.39 rows=1 width=20) (actual time=12.675..12.675 rows=0 loops=1)
   ->  Limit  (cost=7119.89..7122.39 rows=1000 width=20) (actual time=12.553..12.647 rows=1000 loops=1)
         ->  Sort  (cost=7119.89..7369.89 rows=100000 width=20) (actual time=12.553..12.590 rows=1000 loops=1)
               Sort Key: s_4.a, s_4.b, s_4.c, s_4.d, s_4.e
               Sort Method: top-N heapsort  Memory: 127kB
               ->  Seq Scan on s_4  (cost=0.00..1637.00 rows=100000 width=20) (actual time=0.009..5.040 rows=100000 loops=1)
 Planning time: 0.266 ms
 Execution time: 12.713 ms
(8 rows)

===== 233 [Wed Mar  7 02:07:27 CET 2018] scale:100000 groups:1000 work_mem:8MB incremental:on max_workers:0 =====
SELECT * FROM s_1 ORDER BY a, b LIMIT 1000
                                                                 QUERY PLAN                                                                  
---------------------------------------------------------------------------------------------------------------------------------------------
 Limit  (cost=35.14..35.14 rows=1 width=20) (actual time=0.533..0.533 rows=0 loops=1)
   ->  Limit  (cost=6.85..25.14 rows=1000 width=20) (actual time=0.062..0.504 rows=1000 loops=1)
         ->  Incremental Sort  (cost=6.85..1835.96 rows=100000 width=20) (actual time=0.061..0.449 rows=1000 loops=1)
               Sort Key: s_1.a, s_1.b
               Presorted Key: s_1.a
               Sort Method: quicksort  Memory: 34kB
               Sort Groups: 11
               ->  Index Scan using s_1_a_idx on s_1  (cost=0.29..3244.29 rows=100000 width=20) (actual time=0.009..0.133 rows=1067 loops=1)
 Planning time: 0.266 ms
 Execution time: 0.558 ms
(10 rows)

===== 234 [Wed Mar  7 02:07:27 CET 2018] scale:100000 groups:1000 work_mem:8MB incremental:on max_workers:0 =====
SELECT * FROM s_2 ORDER BY a, b, c LIMIT 1000
                                                                  QUERY PLAN                                                                   
-----------------------------------------------------------------------------------------------------------------------------------------------
 Limit  (cost=30.93..30.93 rows=1 width=20) (actual time=0.406..0.406 rows=0 loops=1)
   ->  Limit  (cost=0.87..20.93 rows=1000 width=20) (actual time=0.057..0.377 rows=1000 loops=1)
         ->  Incremental Sort  (cost=0.87..2007.69 rows=100000 width=20) (actual time=0.056..0.322 rows=1000 loops=1)
               Sort Key: s_2.a, s_2.b, s_2.c
               Presorted Key: s_2.a, s_2.b
               Sort Method: quicksort  Memory: 27kB
               Sort Groups: 32
               ->  Index Scan using s_2_a_b_idx on s_2  (cost=0.29..4079.04 rows=100000 width=20) (actual time=0.015..0.134 rows=1026 loops=1)
 Planning time: 0.290 ms
 Execution time: 0.429 ms
(10 rows)

===== 235 [Wed Mar  7 02:07:27 CET 2018] scale:100000 groups:1000 work_mem:8MB incremental:on max_workers:0 =====
SELECT * FROM s_3 ORDER BY a, b, c, d LIMIT 1000
                                                                   QUERY PLAN                                                                    
-------------------------------------------------------------------------------------------------------------------------------------------------
 Limit  (cost=31.15..31.15 rows=1 width=20) (actual time=0.399..0.399 rows=0 loops=1)
   ->  Limit  (cost=1.04..21.15 rows=1000 width=20) (actual time=0.063..0.371 rows=1000 loops=1)
         ->  Incremental Sort  (cost=1.04..2012.29 rows=100000 width=20) (actual time=0.062..0.315 rows=1000 loops=1)
               Sort Key: s_3.a, s_3.b, s_3.c, s_3.d
               Presorted Key: s_3.a, s_3.b, s_3.c
               Sort Method: quicksort  Memory: 27kB
               Sort Groups: 32
               ->  Index Scan using s_3_a_b_c_idx on s_3  (cost=0.42..4527.17 rows=100000 width=20) (actual time=0.018..0.144 rows=1025 loops=1)
 Planning time: 0.277 ms
 Execution time: 0.422 ms
(10 rows)

===== 236 [Wed Mar  7 02:07:27 CET 2018] scale:100000 groups:1000 work_mem:8MB incremental:on max_workers:0 =====
SELECT * FROM s_4 ORDER BY a, b, c, d, e LIMIT 1000
                                                                    QUERY PLAN                                                                     
---------------------------------------------------------------------------------------------------------------------------------------------------
 Limit  (cost=31.15..31.15 rows=1 width=20) (actual time=0.383..0.383 rows=0 loops=1)
   ->  Limit  (cost=1.04..21.15 rows=1000 width=20) (actual time=0.055..0.354 rows=1000 loops=1)
         ->  Incremental Sort  (cost=1.04..2012.29 rows=100000 width=20) (actual time=0.055..0.299 rows=1000 loops=1)
               Sort Key: s_4.a, s_4.b, s_4.c, s_4.d, s_4.e
               Presorted Key: s_4.a, s_4.b, s_4.c, s_4.d
               Sort Method: quicksort  Memory: 27kB
               Sort Groups: 32
               ->  Index Scan using s_4_a_b_c_d_idx on s_4  (cost=0.42..4527.17 rows=100000 width=20) (actual time=0.012..0.129 rows=1025 loops=1)
 Planning time: 0.276 ms
 Execution time: 0.405 ms
(10 rows)

===== 237 [Wed Mar  7 02:07:27 CET 2018] scale:100000 groups:1000 work_mem:8MB incremental:off max_workers:0 =====
SELECT * FROM s_1 ORDER BY a, b LIMIT 1000
                                                         QUERY PLAN                                                          
-----------------------------------------------------------------------------------------------------------------------------
 Limit  (cost=7132.39..7132.39 rows=1 width=20) (actual time=12.625..12.625 rows=0 loops=1)
   ->  Limit  (cost=7119.89..7122.39 rows=1000 width=20) (actual time=12.502..12.597 rows=1000 loops=1)
         ->  Sort  (cost=7119.89..7369.89 rows=100000 width=20) (actual time=12.502..12.541 rows=1000 loops=1)
               Sort Key: s_1.a, s_1.b
               Sort Method: top-N heapsort  Memory: 128kB
               ->  Seq Scan on s_1  (cost=0.00..1637.00 rows=100000 width=20) (actual time=0.007..5.051 rows=100000 loops=1)
 Planning time: 0.260 ms
 Execution time: 12.663 ms
(8 rows)

===== 238 [Wed Mar  7 02:07:28 CET 2018] scale:100000 groups:1000 work_mem:8MB incremental:off max_workers:0 =====
SELECT * FROM s_2 ORDER BY a, b, c LIMIT 1000
                                                         QUERY PLAN                                                          
-----------------------------------------------------------------------------------------------------------------------------
 Limit  (cost=7132.39..7132.39 rows=1 width=20) (actual time=12.636..12.636 rows=0 loops=1)
   ->  Limit  (cost=7119.89..7122.39 rows=1000 width=20) (actual time=12.515..12.608 rows=1000 loops=1)
         ->  Sort  (cost=7119.89..7369.89 rows=100000 width=20) (actual time=12.515..12.553 rows=1000 loops=1)
               Sort Key: s_2.a, s_2.b, s_2.c
               Sort Method: top-N heapsort  Memory: 127kB
               ->  Seq Scan on s_2  (cost=0.00..1637.00 rows=100000 width=20) (actual time=0.010..5.060 rows=100000 loops=1)
 Planning time: 0.269 ms
 Execution time: 12.674 ms
(8 rows)

===== 239 [Wed Mar  7 02:07:28 CET 2018] scale:100000 groups:1000 work_mem:8MB incremental:off max_workers:0 =====
SELECT * FROM s_3 ORDER BY a, b, c, d LIMIT 1000
                                                         QUERY PLAN                                                          
-----------------------------------------------------------------------------------------------------------------------------
 Limit  (cost=7132.39..7132.39 rows=1 width=20) (actual time=12.768..12.768 rows=0 loops=1)
   ->  Limit  (cost=7119.89..7122.39 rows=1000 width=20) (actual time=12.648..12.741 rows=1000 loops=1)
         ->  Sort  (cost=7119.89..7369.89 rows=100000 width=20) (actual time=12.647..12.685 rows=1000 loops=1)
               Sort Key: s_3.a, s_3.b, s_3.c, s_3.d
               Sort Method: top-N heapsort  Memory: 127kB
               ->  Seq Scan on s_3  (cost=0.00..1637.00 rows=100000 width=20) (actual time=0.013..5.044 rows=100000 loops=1)
 Planning time: 0.268 ms
 Execution time: 12.806 ms
(8 rows)

===== 240 [Wed Mar  7 02:07:28 CET 2018] scale:100000 groups:1000 work_mem:8MB incremental:off max_workers:0 =====
SELECT * FROM s_4 ORDER BY a, b, c, d, e LIMIT 1000
                                                         QUERY PLAN                                                          
-----------------------------------------------------------------------------------------------------------------------------
 Limit  (cost=7132.39..7132.39 rows=1 width=20) (actual time=12.677..12.677 rows=0 loops=1)
   ->  Limit  (cost=7119.89..7122.39 rows=1000 width=20) (actual time=12.555..12.649 rows=1000 loops=1)
         ->  Sort  (cost=7119.89..7369.89 rows=100000 width=20) (actual time=12.554..12.592 rows=1000 loops=1)
               Sort Key: s_4.a, s_4.b, s_4.c, s_4.d, s_4.e
               Sort Method: top-N heapsort  Memory: 127kB
               ->  Seq Scan on s_4  (cost=0.00..1637.00 rows=100000 width=20) (actual time=0.009..5.043 rows=100000 loops=1)
 Planning time: 0.264 ms
 Execution time: 12.714 ms
(8 rows)

===== 241 [Wed Mar  7 02:07:28 CET 2018] scale:100000 groups:1000 work_mem:16MB incremental:on max_workers:0 =====
SELECT * FROM s_1 ORDER BY a, b LIMIT 1000
                                                                 QUERY PLAN                                                                  
---------------------------------------------------------------------------------------------------------------------------------------------
 Limit  (cost=35.14..35.14 rows=1 width=20) (actual time=0.534..0.534 rows=0 loops=1)
   ->  Limit  (cost=6.85..25.14 rows=1000 width=20) (actual time=0.071..0.506 rows=1000 loops=1)
         ->  Incremental Sort  (cost=6.85..1835.96 rows=100000 width=20) (actual time=0.070..0.451 rows=1000 loops=1)
               Sort Key: s_1.a, s_1.b
               Presorted Key: s_1.a
               Sort Method: quicksort  Memory: 34kB
               Sort Groups: 11
               ->  Index Scan using s_1_a_idx on s_1  (cost=0.29..3244.29 rows=100000 width=20) (actual time=0.009..0.132 rows=1067 loops=1)
 Planning time: 0.268 ms
 Execution time: 0.560 ms
(10 rows)

===== 242 [Wed Mar  7 02:07:28 CET 2018] scale:100000 groups:1000 work_mem:16MB incremental:on max_workers:0 =====
SELECT * FROM s_2 ORDER BY a, b, c LIMIT 1000
                                                                  QUERY PLAN                                                                   
-----------------------------------------------------------------------------------------------------------------------------------------------
 Limit  (cost=30.93..30.93 rows=1 width=20) (actual time=0.404..0.404 rows=0 loops=1)
   ->  Limit  (cost=0.87..20.93 rows=1000 width=20) (actual time=0.055..0.376 rows=1000 loops=1)
         ->  Incremental Sort  (cost=0.87..2007.69 rows=100000 width=20) (actual time=0.055..0.321 rows=1000 loops=1)
               Sort Key: s_2.a, s_2.b, s_2.c
               Presorted Key: s_2.a, s_2.b
               Sort Method: quicksort  Memory: 27kB
               Sort Groups: 32
               ->  Index Scan using s_2_a_b_idx on s_2  (cost=0.29..4079.04 rows=100000 width=20) (actual time=0.015..0.134 rows=1026 loops=1)
 Planning time: 0.294 ms
 Execution time: 0.427 ms
(10 rows)

===== 243 [Wed Mar  7 02:07:28 CET 2018] scale:100000 groups:1000 work_mem:16MB incremental:on max_workers:0 =====
SELECT * FROM s_3 ORDER BY a, b, c, d LIMIT 1000
                                                                   QUERY PLAN                                                                    
-------------------------------------------------------------------------------------------------------------------------------------------------
 Limit  (cost=31.15..31.15 rows=1 width=20) (actual time=0.402..0.402 rows=0 loops=1)
   ->  Limit  (cost=1.04..21.15 rows=1000 width=20) (actual time=0.061..0.373 rows=1000 loops=1)
         ->  Incremental Sort  (cost=1.04..2012.29 rows=100000 width=20) (actual time=0.061..0.318 rows=1000 loops=1)
               Sort Key: s_3.a, s_3.b, s_3.c, s_3.d
               Presorted Key: s_3.a, s_3.b, s_3.c
               Sort Method: quicksort  Memory: 27kB
               Sort Groups: 32
               ->  Index Scan using s_3_a_b_c_idx on s_3  (cost=0.42..4527.17 rows=100000 width=20) (actual time=0.017..0.139 rows=1025 loops=1)
 Planning time: 0.280 ms
 Execution time: 0.425 ms
(10 rows)

===== 244 [Wed Mar  7 02:07:28 CET 2018] scale:100000 groups:1000 work_mem:16MB incremental:on max_workers:0 =====
SELECT * FROM s_4 ORDER BY a, b, c, d, e LIMIT 1000
                                                                    QUERY PLAN                                                                     
---------------------------------------------------------------------------------------------------------------------------------------------------
 Limit  (cost=31.15..31.15 rows=1 width=20) (actual time=0.384..0.384 rows=0 loops=1)
   ->  Limit  (cost=1.04..21.15 rows=1000 width=20) (actual time=0.056..0.356 rows=1000 loops=1)
         ->  Incremental Sort  (cost=1.04..2012.29 rows=100000 width=20) (actual time=0.056..0.301 rows=1000 loops=1)
               Sort Key: s_4.a, s_4.b, s_4.c, s_4.d, s_4.e
               Presorted Key: s_4.a, s_4.b, s_4.c, s_4.d
               Sort Method: quicksort  Memory: 27kB
               Sort Groups: 32
               ->  Index Scan using s_4_a_b_c_d_idx on s_4  (cost=0.42..4527.17 rows=100000 width=20) (actual time=0.012..0.130 rows=1025 loops=1)
 Planning time: 0.287 ms
 Execution time: 0.406 ms
(10 rows)

===== 245 [Wed Mar  7 02:07:28 CET 2018] scale:100000 groups:1000 work_mem:16MB incremental:off max_workers:0 =====
SELECT * FROM s_1 ORDER BY a, b LIMIT 1000
                                                         QUERY PLAN                                                          
-----------------------------------------------------------------------------------------------------------------------------
 Limit  (cost=7132.39..7132.39 rows=1 width=20) (actual time=12.616..12.616 rows=0 loops=1)
   ->  Limit  (cost=7119.89..7122.39 rows=1000 width=20) (actual time=12.494..12.587 rows=1000 loops=1)
         ->  Sort  (cost=7119.89..7369.89 rows=100000 width=20) (actual time=12.494..12.532 rows=1000 loops=1)
               Sort Key: s_1.a, s_1.b
               Sort Method: top-N heapsort  Memory: 128kB
               ->  Seq Scan on s_1  (cost=0.00..1637.00 rows=100000 width=20) (actual time=0.007..5.053 rows=100000 loops=1)
 Planning time: 0.261 ms
 Execution time: 12.656 ms
(8 rows)

===== 246 [Wed Mar  7 02:07:28 CET 2018] scale:100000 groups:1000 work_mem:16MB incremental:off max_workers:0 =====
SELECT * FROM s_2 ORDER BY a, b, c LIMIT 1000
                                                         QUERY PLAN                                                          
-----------------------------------------------------------------------------------------------------------------------------
 Limit  (cost=7132.39..7132.39 rows=1 width=20) (actual time=12.651..12.651 rows=0 loops=1)
   ->  Limit  (cost=7119.89..7122.39 rows=1000 width=20) (actual time=12.531..12.623 rows=1000 loops=1)
         ->  Sort  (cost=7119.89..7369.89 rows=100000 width=20) (actual time=12.530..12.568 rows=1000 loops=1)
               Sort Key: s_2.a, s_2.b, s_2.c
               Sort Method: top-N heapsort  Memory: 127kB
               ->  Seq Scan on s_2  (cost=0.00..1637.00 rows=100000 width=20) (actual time=0.010..5.069 rows=100000 loops=1)
 Planning time: 0.268 ms
 Execution time: 12.689 ms
(8 rows)

===== 247 [Wed Mar  7 02:07:28 CET 2018] scale:100000 groups:1000 work_mem:16MB incremental:off max_workers:0 =====
SELECT * FROM s_3 ORDER BY a, b, c, d LIMIT 1000
                                                         QUERY PLAN                                                          
-----------------------------------------------------------------------------------------------------------------------------
 Limit  (cost=7132.39..7132.39 rows=1 width=20) (actual time=12.752..12.752 rows=0 loops=1)
   ->  Limit  (cost=7119.89..7122.39 rows=1000 width=20) (actual time=12.630..12.724 rows=1000 loops=1)
         ->  Sort  (cost=7119.89..7369.89 rows=100000 width=20) (actual time=12.630..12.669 rows=1000 loops=1)
               Sort Key: s_3.a, s_3.b, s_3.c, s_3.d
               Sort Method: top-N heapsort  Memory: 127kB
               ->  Seq Scan on s_3  (cost=0.00..1637.00 rows=100000 width=20) (actual time=0.016..5.042 rows=100000 loops=1)
 Planning time: 0.270 ms
 Execution time: 12.789 ms
(8 rows)

===== 248 [Wed Mar  7 02:07:29 CET 2018] scale:100000 groups:1000 work_mem:16MB incremental:off max_workers:0 =====
SELECT * FROM s_4 ORDER BY a, b, c, d, e LIMIT 1000
                                                         QUERY PLAN                                                          
-----------------------------------------------------------------------------------------------------------------------------
 Limit  (cost=7132.39..7132.39 rows=1 width=20) (actual time=12.686..12.686 rows=0 loops=1)
   ->  Limit  (cost=7119.89..7122.39 rows=1000 width=20) (actual time=12.564..12.658 rows=1000 loops=1)
         ->  Sort  (cost=7119.89..7369.89 rows=100000 width=20) (actual time=12.564..12.602 rows=1000 loops=1)
               Sort Key: s_4.a, s_4.b, s_4.c, s_4.d, s_4.e
               Sort Method: top-N heapsort  Memory: 127kB
               ->  Seq Scan on s_4  (cost=0.00..1637.00 rows=100000 width=20) (actual time=0.009..5.051 rows=100000 loops=1)
 Planning time: 0.267 ms
 Execution time: 12.724 ms
(8 rows)

===== 249 [Wed Mar  7 02:07:29 CET 2018] scale:100000 groups:1000 work_mem:32MB incremental:on max_workers:0 =====
SELECT * FROM s_1 ORDER BY a, b LIMIT 1000
                                                                 QUERY PLAN                                                                  
---------------------------------------------------------------------------------------------------------------------------------------------
 Limit  (cost=35.14..35.14 rows=1 width=20) (actual time=0.526..0.526 rows=0 loops=1)
   ->  Limit  (cost=6.85..25.14 rows=1000 width=20) (actual time=0.062..0.498 rows=1000 loops=1)
         ->  Incremental Sort  (cost=6.85..1835.96 rows=100000 width=20) (actual time=0.062..0.442 rows=1000 loops=1)
               Sort Key: s_1.a, s_1.b
               Presorted Key: s_1.a
               Sort Method: quicksort  Memory: 34kB
               Sort Groups: 11
               ->  Index Scan using s_1_a_idx on s_1  (cost=0.29..3244.29 rows=100000 width=20) (actual time=0.009..0.132 rows=1067 loops=1)
 Planning time: 0.280 ms
 Execution time: 0.551 ms
(10 rows)

===== 250 [Wed Mar  7 02:07:29 CET 2018] scale:100000 groups:1000 work_mem:32MB incremental:on max_workers:0 =====
SELECT * FROM s_2 ORDER BY a, b, c LIMIT 1000
                                                                  QUERY PLAN                                                                   
-----------------------------------------------------------------------------------------------------------------------------------------------
 Limit  (cost=30.93..30.93 rows=1 width=20) (actual time=0.404..0.404 rows=0 loops=1)
   ->  Limit  (cost=0.87..20.93 rows=1000 width=20) (actual time=0.055..0.376 rows=1000 loops=1)
         ->  Incremental Sort  (cost=0.87..2007.69 rows=100000 width=20) (actual time=0.055..0.320 rows=1000 loops=1)
               Sort Key: s_2.a, s_2.b, s_2.c
               Presorted Key: s_2.a, s_2.b
               Sort Method: quicksort  Memory: 27kB
               Sort Groups: 32
               ->  Index Scan using s_2_a_b_idx on s_2  (cost=0.29..4079.04 rows=100000 width=20) (actual time=0.015..0.134 rows=1026 loops=1)
 Planning time: 0.272 ms
 Execution time: 0.428 ms
(10 rows)

===== 251 [Wed Mar  7 02:07:29 CET 2018] scale:100000 groups:1000 work_mem:32MB incremental:on max_workers:0 =====
SELECT * FROM s_3 ORDER BY a, b, c, d LIMIT 1000
                                                                   QUERY PLAN                                                                    
-------------------------------------------------------------------------------------------------------------------------------------------------
 Limit  (cost=31.15..31.15 rows=1 width=20) (actual time=0.398..0.398 rows=0 loops=1)
   ->  Limit  (cost=1.04..21.15 rows=1000 width=20) (actual time=0.066..0.369 rows=1000 loops=1)
         ->  Incremental Sort  (cost=1.04..2012.29 rows=100000 width=20) (actual time=0.066..0.314 rows=1000 loops=1)
               Sort Key: s_3.a, s_3.b, s_3.c, s_3.d
               Presorted Key: s_3.a, s_3.b, s_3.c
               Sort Method: quicksort  Memory: 27kB
               Sort Groups: 32
               ->  Index Scan using s_3_a_b_c_idx on s_3  (cost=0.42..4527.17 rows=100000 width=20) (actual time=0.018..0.140 rows=1025 loops=1)
 Planning time: 0.278 ms
 Execution time: 0.421 ms
(10 rows)

===== 252 [Wed Mar  7 02:07:29 CET 2018] scale:100000 groups:1000 work_mem:32MB incremental:on max_workers:0 =====
SELECT * FROM s_4 ORDER BY a, b, c, d, e LIMIT 1000
                                                                    QUERY PLAN                                                                     
---------------------------------------------------------------------------------------------------------------------------------------------------
 Limit  (cost=31.15..31.15 rows=1 width=20) (actual time=0.384..0.384 rows=0 loops=1)
   ->  Limit  (cost=1.04..21.15 rows=1000 width=20) (actual time=0.057..0.356 rows=1000 loops=1)
         ->  Incremental Sort  (cost=1.04..2012.29 rows=100000 width=20) (actual time=0.056..0.301 rows=1000 loops=1)
               Sort Key: s_4.a, s_4.b, s_4.c, s_4.d, s_4.e
               Presorted Key: s_4.a, s_4.b, s_4.c, s_4.d
               Sort Method: quicksort  Memory: 27kB
               Sort Groups: 32
               ->  Index Scan using s_4_a_b_c_d_idx on s_4  (cost=0.42..4527.17 rows=100000 width=20) (actual time=0.012..0.130 rows=1025 loops=1)
 Planning time: 0.277 ms
 Execution time: 0.407 ms
(10 rows)

===== 253 [Wed Mar  7 02:07:29 CET 2018] scale:100000 groups:1000 work_mem:32MB incremental:off max_workers:0 =====
SELECT * FROM s_1 ORDER BY a, b LIMIT 1000
                                                         QUERY PLAN                                                          
-----------------------------------------------------------------------------------------------------------------------------
 Limit  (cost=7132.39..7132.39 rows=1 width=20) (actual time=12.610..12.610 rows=0 loops=1)
   ->  Limit  (cost=7119.89..7122.39 rows=1000 width=20) (actual time=12.488..12.582 rows=1000 loops=1)
         ->  Sort  (cost=7119.89..7369.89 rows=100000 width=20) (actual time=12.488..12.527 rows=1000 loops=1)
               Sort Key: s_1.a, s_1.b
               Sort Method: top-N heapsort  Memory: 128kB
               ->  Seq Scan on s_1  (cost=0.00..1637.00 rows=100000 width=20) (actual time=0.007..5.053 rows=100000 loops=1)
 Planning time: 0.269 ms
 Execution time: 12.647 ms
(8 rows)

===== 254 [Wed Mar  7 02:07:29 CET 2018] scale:100000 groups:1000 work_mem:32MB incremental:off max_workers:0 =====
SELECT * FROM s_2 ORDER BY a, b, c LIMIT 1000
                                                         QUERY PLAN                                                          
-----------------------------------------------------------------------------------------------------------------------------
 Limit  (cost=7132.39..7132.39 rows=1 width=20) (actual time=12.646..12.646 rows=0 loops=1)
   ->  Limit  (cost=7119.89..7122.39 rows=1000 width=20) (actual time=12.524..12.617 rows=1000 loops=1)
         ->  Sort  (cost=7119.89..7369.89 rows=100000 width=20) (actual time=12.523..12.562 rows=1000 loops=1)
               Sort Key: s_2.a, s_2.b, s_2.c
               Sort Method: top-N heapsort  Memory: 127kB
               ->  Seq Scan on s_2  (cost=0.00..1637.00 rows=100000 width=20) (actual time=0.010..5.069 rows=100000 loops=1)
 Planning time: 0.271 ms
 Execution time: 12.683 ms
(8 rows)

===== 255 [Wed Mar  7 02:07:29 CET 2018] scale:100000 groups:1000 work_mem:32MB incremental:off max_workers:0 =====
SELECT * FROM s_3 ORDER BY a, b, c, d LIMIT 1000
                                                         QUERY PLAN                                                          
-----------------------------------------------------------------------------------------------------------------------------
 Limit  (cost=7132.39..7132.39 rows=1 width=20) (actual time=12.734..12.734 rows=0 loops=1)
   ->  Limit  (cost=7119.89..7122.39 rows=1000 width=20) (actual time=12.613..12.706 rows=1000 loops=1)
         ->  Sort  (cost=7119.89..7369.89 rows=100000 width=20) (actual time=12.612..12.651 rows=1000 loops=1)
               Sort Key: s_3.a, s_3.b, s_3.c, s_3.d
               Sort Method: top-N heapsort  Memory: 127kB
               ->  Seq Scan on s_3  (cost=0.00..1637.00 rows=100000 width=20) (actual time=0.013..5.049 rows=100000 loops=1)
 Planning time: 0.270 ms
 Execution time: 12.771 ms
(8 rows)

===== 256 [Wed Mar  7 02:07:29 CET 2018] scale:100000 groups:1000 work_mem:32MB incremental:off max_workers:0 =====
SELECT * FROM s_4 ORDER BY a, b, c, d, e LIMIT 1000
                                                         QUERY PLAN                                                          
-----------------------------------------------------------------------------------------------------------------------------
 Limit  (cost=7132.39..7132.39 rows=1 width=20) (actual time=12.699..12.699 rows=0 loops=1)
   ->  Limit  (cost=7119.89..7122.39 rows=1000 width=20) (actual time=12.577..12.671 rows=1000 loops=1)
         ->  Sort  (cost=7119.89..7369.89 rows=100000 width=20) (actual time=12.576..12.614 rows=1000 loops=1)
               Sort Key: s_4.a, s_4.b, s_4.c, s_4.d, s_4.e
               Sort Method: top-N heapsort  Memory: 127kB
               ->  Seq Scan on s_4  (cost=0.00..1637.00 rows=100000 width=20) (actual time=0.009..5.050 rows=100000 loops=1)
 Planning time: 0.267 ms
 Execution time: 12.736 ms
(8 rows)

===== 257 [Wed Mar  7 02:07:30 CET 2018] scale:100000 groups:1000 work_mem:64MB incremental:on max_workers:0 =====
SELECT * FROM s_1 ORDER BY a, b LIMIT 1000
                                                                 QUERY PLAN                                                                  
---------------------------------------------------------------------------------------------------------------------------------------------
 Limit  (cost=35.14..35.14 rows=1 width=20) (actual time=0.525..0.525 rows=0 loops=1)
   ->  Limit  (cost=6.85..25.14 rows=1000 width=20) (actual time=0.062..0.497 rows=1000 loops=1)
         ->  Incremental Sort  (cost=6.85..1835.96 rows=100000 width=20) (actual time=0.061..0.441 rows=1000 loops=1)
               Sort Key: s_1.a, s_1.b
               Presorted Key: s_1.a
               Sort Method: quicksort  Memory: 34kB
               Sort Groups: 11
               ->  Index Scan using s_1_a_idx on s_1  (cost=0.29..3244.29 rows=100000 width=20) (actual time=0.009..0.132 rows=1067 loops=1)
 Planning time: 0.268 ms
 Execution time: 0.563 ms
(10 rows)

===== 258 [Wed Mar  7 02:07:30 CET 2018] scale:100000 groups:1000 work_mem:64MB incremental:on max_workers:0 =====
SELECT * FROM s_2 ORDER BY a, b, c LIMIT 1000
                                                                  QUERY PLAN                                                                   
-----------------------------------------------------------------------------------------------------------------------------------------------
 Limit  (cost=30.93..30.93 rows=1 width=20) (actual time=0.405..0.405 rows=0 loops=1)
   ->  Limit  (cost=0.87..20.93 rows=1000 width=20) (actual time=0.056..0.377 rows=1000 loops=1)
         ->  Incremental Sort  (cost=0.87..2007.69 rows=100000 width=20) (actual time=0.056..0.321 rows=1000 loops=1)
               Sort Key: s_2.a, s_2.b, s_2.c
               Presorted Key: s_2.a, s_2.b
               Sort Method: quicksort  Memory: 27kB
               Sort Groups: 32
               ->  Index Scan using s_2_a_b_idx on s_2  (cost=0.29..4079.04 rows=100000 width=20) (actual time=0.015..0.134 rows=1026 loops=1)
 Planning time: 0.276 ms
 Execution time: 0.428 ms
(10 rows)

===== 259 [Wed Mar  7 02:07:30 CET 2018] scale:100000 groups:1000 work_mem:64MB incremental:on max_workers:0 =====
SELECT * FROM s_3 ORDER BY a, b, c, d LIMIT 1000
                                                                   QUERY PLAN                                                                    
-------------------------------------------------------------------------------------------------------------------------------------------------
 Limit  (cost=31.15..31.15 rows=1 width=20) (actual time=0.394..0.394 rows=0 loops=1)
   ->  Limit  (cost=1.04..21.15 rows=1000 width=20) (actual time=0.063..0.366 rows=1000 loops=1)
         ->  Incremental Sort  (cost=1.04..2012.29 rows=100000 width=20) (actual time=0.062..0.310 rows=1000 loops=1)
               Sort Key: s_3.a, s_3.b, s_3.c, s_3.d
               Presorted Key: s_3.a, s_3.b, s_3.c
               Sort Method: quicksort  Memory: 27kB
               Sort Groups: 32
               ->  Index Scan using s_3_a_b_c_idx on s_3  (cost=0.42..4527.17 rows=100000 width=20) (actual time=0.018..0.140 rows=1025 loops=1)
 Planning time: 0.286 ms
 Execution time: 0.417 ms
(10 rows)

===== 260 [Wed Mar  7 02:07:30 CET 2018] scale:100000 groups:1000 work_mem:64MB incremental:on max_workers:0 =====
SELECT * FROM s_4 ORDER BY a, b, c, d, e LIMIT 1000
                                                                    QUERY PLAN                                                                     
---------------------------------------------------------------------------------------------------------------------------------------------------
 Limit  (cost=31.15..31.15 rows=1 width=20) (actual time=0.394..0.394 rows=0 loops=1)
   ->  Limit  (cost=1.04..21.15 rows=1000 width=20) (actual time=0.055..0.365 rows=1000 loops=1)
         ->  Incremental Sort  (cost=1.04..2012.29 rows=100000 width=20) (actual time=0.055..0.310 rows=1000 loops=1)
               Sort Key: s_4.a, s_4.b, s_4.c, s_4.d, s_4.e
               Presorted Key: s_4.a, s_4.b, s_4.c, s_4.d
               Sort Method: quicksort  Memory: 27kB
               Sort Groups: 32
               ->  Index Scan using s_4_a_b_c_d_idx on s_4  (cost=0.42..4527.17 rows=100000 width=20) (actual time=0.011..0.131 rows=1025 loops=1)
 Planning time: 0.275 ms
 Execution time: 0.416 ms
(10 rows)

===== 261 [Wed Mar  7 02:07:30 CET 2018] scale:100000 groups:1000 work_mem:64MB incremental:off max_workers:0 =====
SELECT * FROM s_1 ORDER BY a, b LIMIT 1000
                                                         QUERY PLAN                                                          
-----------------------------------------------------------------------------------------------------------------------------
 Limit  (cost=7132.39..7132.39 rows=1 width=20) (actual time=12.616..12.616 rows=0 loops=1)
   ->  Limit  (cost=7119.89..7122.39 rows=1000 width=20) (actual time=12.493..12.587 rows=1000 loops=1)
         ->  Sort  (cost=7119.89..7369.89 rows=100000 width=20) (actual time=12.493..12.532 rows=1000 loops=1)
               Sort Key: s_1.a, s_1.b
               Sort Method: top-N heapsort  Memory: 128kB
               ->  Seq Scan on s_1  (cost=0.00..1637.00 rows=100000 width=20) (actual time=0.007..5.046 rows=100000 loops=1)
 Planning time: 0.273 ms
 Execution time: 12.653 ms
(8 rows)

===== 262 [Wed Mar  7 02:07:30 CET 2018] scale:100000 groups:1000 work_mem:64MB incremental:off max_workers:0 =====
SELECT * FROM s_2 ORDER BY a, b, c LIMIT 1000
                                                         QUERY PLAN                                                          
-----------------------------------------------------------------------------------------------------------------------------
 Limit  (cost=7132.39..7132.39 rows=1 width=20) (actual time=12.651..12.651 rows=0 loops=1)
   ->  Limit  (cost=7119.89..7122.39 rows=1000 width=20) (actual time=12.528..12.620 rows=1000 loops=1)
         ->  Sort  (cost=7119.89..7369.89 rows=100000 width=20) (actual time=12.528..12.566 rows=1000 loops=1)
               Sort Key: s_2.a, s_2.b, s_2.c
               Sort Method: top-N heapsort  Memory: 127kB
               ->  Seq Scan on s_2  (cost=0.00..1637.00 rows=100000 width=20) (actual time=0.010..5.059 rows=100000 loops=1)
 Planning time: 0.264 ms
 Execution time: 12.689 ms
(8 rows)

===== 263 [Wed Mar  7 02:07:30 CET 2018] scale:100000 groups:1000 work_mem:64MB incremental:off max_workers:0 =====
SELECT * FROM s_3 ORDER BY a, b, c, d LIMIT 1000
                                                         QUERY PLAN                                                          
-----------------------------------------------------------------------------------------------------------------------------
 Limit  (cost=7132.39..7132.39 rows=1 width=20) (actual time=12.741..12.741 rows=0 loops=1)
   ->  Limit  (cost=7119.89..7122.39 rows=1000 width=20) (actual time=12.620..12.712 rows=1000 loops=1)
         ->  Sort  (cost=7119.89..7369.89 rows=100000 width=20) (actual time=12.620..12.658 rows=1000 loops=1)
               Sort Key: s_3.a, s_3.b, s_3.c, s_3.d
               Sort Method: top-N heapsort  Memory: 127kB
               ->  Seq Scan on s_3  (cost=0.00..1637.00 rows=100000 width=20) (actual time=0.012..5.047 rows=100000 loops=1)
 Planning time: 0.271 ms
 Execution time: 12.779 ms
(8 rows)

===== 264 [Wed Mar  7 02:07:30 CET 2018] scale:100000 groups:1000 work_mem:64MB incremental:off max_workers:0 =====
SELECT * FROM s_4 ORDER BY a, b, c, d, e LIMIT 1000
                                                         QUERY PLAN                                                          
-----------------------------------------------------------------------------------------------------------------------------
 Limit  (cost=7132.39..7132.39 rows=1 width=20) (actual time=12.699..12.699 rows=0 loops=1)
   ->  Limit  (cost=7119.89..7122.39 rows=1000 width=20) (actual time=12.576..12.670 rows=1000 loops=1)
         ->  Sort  (cost=7119.89..7369.89 rows=100000 width=20) (actual time=12.575..12.614 rows=1000 loops=1)
               Sort Key: s_4.a, s_4.b, s_4.c, s_4.d, s_4.e
               Sort Method: top-N heapsort  Memory: 127kB
               ->  Seq Scan on s_4  (cost=0.00..1637.00 rows=100000 width=20) (actual time=0.010..5.059 rows=100000 loops=1)
 Planning time: 0.274 ms
 Execution time: 12.736 ms
(8 rows)

===== 265 [Wed Mar  7 02:07:30 CET 2018] scale:100000 groups:1000 work_mem:128MB incremental:on max_workers:0 =====
SELECT * FROM s_1 ORDER BY a, b LIMIT 1000
                                                                 QUERY PLAN                                                                  
---------------------------------------------------------------------------------------------------------------------------------------------
 Limit  (cost=35.14..35.14 rows=1 width=20) (actual time=0.534..0.534 rows=0 loops=1)
   ->  Limit  (cost=6.85..25.14 rows=1000 width=20) (actual time=0.061..0.505 rows=1000 loops=1)
         ->  Incremental Sort  (cost=6.85..1835.96 rows=100000 width=20) (actual time=0.061..0.450 rows=1000 loops=1)
               Sort Key: s_1.a, s_1.b
               Presorted Key: s_1.a
               Sort Method: quicksort  Memory: 34kB
               Sort Groups: 11
               ->  Index Scan using s_1_a_idx on s_1  (cost=0.29..3244.29 rows=100000 width=20) (actual time=0.009..0.139 rows=1067 loops=1)
 Planning time: 0.270 ms
 Execution time: 0.559 ms
(10 rows)

===== 266 [Wed Mar  7 02:07:30 CET 2018] scale:100000 groups:1000 work_mem:128MB incremental:on max_workers:0 =====
SELECT * FROM s_2 ORDER BY a, b, c LIMIT 1000
                                                                  QUERY PLAN                                                                   
-----------------------------------------------------------------------------------------------------------------------------------------------
 Limit  (cost=30.93..30.93 rows=1 width=20) (actual time=0.411..0.411 rows=0 loops=1)
   ->  Limit  (cost=0.87..20.93 rows=1000 width=20) (actual time=0.056..0.382 rows=1000 loops=1)
         ->  Incremental Sort  (cost=0.87..2007.69 rows=100000 width=20) (actual time=0.056..0.327 rows=1000 loops=1)
               Sort Key: s_2.a, s_2.b, s_2.c
               Presorted Key: s_2.a, s_2.b
               Sort Method: quicksort  Memory: 27kB
               Sort Groups: 32
               ->  Index Scan using s_2_a_b_idx on s_2  (cost=0.29..4079.04 rows=100000 width=20) (actual time=0.015..0.139 rows=1026 loops=1)
 Planning time: 0.277 ms
 Execution time: 0.434 ms
(10 rows)

===== 267 [Wed Mar  7 02:07:30 CET 2018] scale:100000 groups:1000 work_mem:128MB incremental:on max_workers:0 =====
SELECT * FROM s_3 ORDER BY a, b, c, d LIMIT 1000
                                                                   QUERY PLAN                                                                    
-------------------------------------------------------------------------------------------------------------------------------------------------
 Limit  (cost=31.15..31.15 rows=1 width=20) (actual time=0.403..0.403 rows=0 loops=1)
   ->  Limit  (cost=1.04..21.15 rows=1000 width=20) (actual time=0.062..0.374 rows=1000 loops=1)
         ->  Incremental Sort  (cost=1.04..2012.29 rows=100000 width=20) (actual time=0.061..0.319 rows=1000 loops=1)
               Sort Key: s_3.a, s_3.b, s_3.c, s_3.d
               Presorted Key: s_3.a, s_3.b, s_3.c
               Sort Method: quicksort  Memory: 27kB
               Sort Groups: 32
               ->  Index Scan using s_3_a_b_c_idx on s_3  (cost=0.42..4527.17 rows=100000 width=20) (actual time=0.018..0.141 rows=1025 loops=1)
 Planning time: 0.276 ms
 Execution time: 0.425 ms
(10 rows)

===== 268 [Wed Mar  7 02:07:31 CET 2018] scale:100000 groups:1000 work_mem:128MB incremental:on max_workers:0 =====
SELECT * FROM s_4 ORDER BY a, b, c, d, e LIMIT 1000
                                                                    QUERY PLAN                                                                     
---------------------------------------------------------------------------------------------------------------------------------------------------
 Limit  (cost=31.15..31.15 rows=1 width=20) (actual time=0.391..0.391 rows=0 loops=1)
   ->  Limit  (cost=1.04..21.15 rows=1000 width=20) (actual time=0.055..0.362 rows=1000 loops=1)
         ->  Incremental Sort  (cost=1.04..2012.29 rows=100000 width=20) (actual time=0.055..0.307 rows=1000 loops=1)
               Sort Key: s_4.a, s_4.b, s_4.c, s_4.d, s_4.e
               Presorted Key: s_4.a, s_4.b, s_4.c, s_4.d
               Sort Method: quicksort  Memory: 27kB
               Sort Groups: 32
               ->  Index Scan using s_4_a_b_c_d_idx on s_4  (cost=0.42..4527.17 rows=100000 width=20) (actual time=0.011..0.136 rows=1025 loops=1)
 Planning time: 0.278 ms
 Execution time: 0.414 ms
(10 rows)

===== 269 [Wed Mar  7 02:07:31 CET 2018] scale:100000 groups:1000 work_mem:128MB incremental:off max_workers:0 =====
SELECT * FROM s_1 ORDER BY a, b LIMIT 1000
                                                         QUERY PLAN                                                          
-----------------------------------------------------------------------------------------------------------------------------
 Limit  (cost=7132.39..7132.39 rows=1 width=20) (actual time=12.606..12.606 rows=0 loops=1)
   ->  Limit  (cost=7119.89..7122.39 rows=1000 width=20) (actual time=12.485..12.578 rows=1000 loops=1)
         ->  Sort  (cost=7119.89..7369.89 rows=100000 width=20) (actual time=12.484..12.523 rows=1000 loops=1)
               Sort Key: s_1.a, s_1.b
               Sort Method: top-N heapsort  Memory: 128kB
               ->  Seq Scan on s_1  (cost=0.00..1637.00 rows=100000 width=20) (actual time=0.007..5.053 rows=100000 loops=1)
 Planning time: 0.267 ms
 Execution time: 12.650 ms
(8 rows)

===== 270 [Wed Mar  7 02:07:31 CET 2018] scale:100000 groups:1000 work_mem:128MB incremental:off max_workers:0 =====
SELECT * FROM s_2 ORDER BY a, b, c LIMIT 1000
                                                         QUERY PLAN                                                          
-----------------------------------------------------------------------------------------------------------------------------
 Limit  (cost=7132.39..7132.39 rows=1 width=20) (actual time=12.632..12.632 rows=0 loops=1)
   ->  Limit  (cost=7119.89..7122.39 rows=1000 width=20) (actual time=12.511..12.603 rows=1000 loops=1)
         ->  Sort  (cost=7119.89..7369.89 rows=100000 width=20) (actual time=12.510..12.548 rows=1000 loops=1)
               Sort Key: s_2.a, s_2.b, s_2.c
               Sort Method: top-N heapsort  Memory: 127kB
               ->  Seq Scan on s_2  (cost=0.00..1637.00 rows=100000 width=20) (actual time=0.010..5.052 rows=100000 loops=1)
 Planning time: 0.269 ms
 Execution time: 12.669 ms
(8 rows)

===== 271 [Wed Mar  7 02:07:31 CET 2018] scale:100000 groups:1000 work_mem:128MB incremental:off max_workers:0 =====
SELECT * FROM s_3 ORDER BY a, b, c, d LIMIT 1000
                                                         QUERY PLAN                                                          
-----------------------------------------------------------------------------------------------------------------------------
 Limit  (cost=7132.39..7132.39 rows=1 width=20) (actual time=12.734..12.734 rows=0 loops=1)
   ->  Limit  (cost=7119.89..7122.39 rows=1000 width=20) (actual time=12.614..12.706 rows=1000 loops=1)
         ->  Sort  (cost=7119.89..7369.89 rows=100000 width=20) (actual time=12.613..12.651 rows=1000 loops=1)
               Sort Key: s_3.a, s_3.b, s_3.c, s_3.d
               Sort Method: top-N heapsort  Memory: 127kB
               ->  Seq Scan on s_3  (cost=0.00..1637.00 rows=100000 width=20) (actual time=0.012..5.037 rows=100000 loops=1)
 Planning time: 0.269 ms
 Execution time: 12.772 ms
(8 rows)

===== 272 [Wed Mar  7 02:07:31 CET 2018] scale:100000 groups:1000 work_mem:128MB incremental:off max_workers:0 =====
SELECT * FROM s_4 ORDER BY a, b, c, d, e LIMIT 1000
                                                         QUERY PLAN                                                          
-----------------------------------------------------------------------------------------------------------------------------
 Limit  (cost=7132.39..7132.39 rows=1 width=20) (actual time=12.682..12.682 rows=0 loops=1)
   ->  Limit  (cost=7119.89..7122.39 rows=1000 width=20) (actual time=12.558..12.653 rows=1000 loops=1)
         ->  Sort  (cost=7119.89..7369.89 rows=100000 width=20) (actual time=12.558..12.597 rows=1000 loops=1)
               Sort Key: s_4.a, s_4.b, s_4.c, s_4.d, s_4.e
               Sort Method: top-N heapsort  Memory: 127kB
               ->  Seq Scan on s_4  (cost=0.00..1637.00 rows=100000 width=20) (actual time=0.009..5.051 rows=100000 loops=1)
 Planning time: 0.265 ms
 Execution time: 12.720 ms
(8 rows)

===== 273 [Wed Mar  7 02:07:31 CET 2018] scale:100000 groups:1000 work_mem:256MB incremental:on max_workers:0 =====
SELECT * FROM s_1 ORDER BY a, b LIMIT 1000
                                                                 QUERY PLAN                                                                  
---------------------------------------------------------------------------------------------------------------------------------------------
 Limit  (cost=35.14..35.14 rows=1 width=20) (actual time=0.530..0.530 rows=0 loops=1)
   ->  Limit  (cost=6.85..25.14 rows=1000 width=20) (actual time=0.061..0.501 rows=1000 loops=1)
         ->  Incremental Sort  (cost=6.85..1835.96 rows=100000 width=20) (actual time=0.061..0.446 rows=1000 loops=1)
               Sort Key: s_1.a, s_1.b
               Presorted Key: s_1.a
               Sort Method: quicksort  Memory: 34kB
               Sort Groups: 11
               ->  Index Scan using s_1_a_idx on s_1  (cost=0.29..3244.29 rows=100000 width=20) (actual time=0.009..0.136 rows=1067 loops=1)
 Planning time: 0.263 ms
 Execution time: 0.556 ms
(10 rows)

===== 274 [Wed Mar  7 02:07:31 CET 2018] scale:100000 groups:1000 work_mem:256MB incremental:on max_workers:0 =====
SELECT * FROM s_2 ORDER BY a, b, c LIMIT 1000
                                                                  QUERY PLAN                                                                   
-----------------------------------------------------------------------------------------------------------------------------------------------
 Limit  (cost=30.93..30.93 rows=1 width=20) (actual time=0.406..0.406 rows=0 loops=1)
   ->  Limit  (cost=0.87..20.93 rows=1000 width=20) (actual time=0.056..0.377 rows=1000 loops=1)
         ->  Incremental Sort  (cost=0.87..2007.69 rows=100000 width=20) (actual time=0.056..0.322 rows=1000 loops=1)
               Sort Key: s_2.a, s_2.b, s_2.c
               Presorted Key: s_2.a, s_2.b
               Sort Method: quicksort  Memory: 27kB
               Sort Groups: 32
               ->  Index Scan using s_2_a_b_idx on s_2  (cost=0.29..4079.04 rows=100000 width=20) (actual time=0.015..0.134 rows=1026 loops=1)
 Planning time: 0.283 ms
 Execution time: 0.429 ms
(10 rows)

===== 275 [Wed Mar  7 02:07:31 CET 2018] scale:100000 groups:1000 work_mem:256MB incremental:on max_workers:0 =====
SELECT * FROM s_3 ORDER BY a, b, c, d LIMIT 1000
                                                                   QUERY PLAN                                                                    
-------------------------------------------------------------------------------------------------------------------------------------------------
 Limit  (cost=31.15..31.15 rows=1 width=20) (actual time=0.398..0.398 rows=0 loops=1)
   ->  Limit  (cost=1.04..21.15 rows=1000 width=20) (actual time=0.062..0.369 rows=1000 loops=1)
         ->  Incremental Sort  (cost=1.04..2012.29 rows=100000 width=20) (actual time=0.061..0.314 rows=1000 loops=1)
               Sort Key: s_3.a, s_3.b, s_3.c, s_3.d
               Presorted Key: s_3.a, s_3.b, s_3.c
               Sort Method: quicksort  Memory: 27kB
               Sort Groups: 32
               ->  Index Scan using s_3_a_b_c_idx on s_3  (cost=0.42..4527.17 rows=100000 width=20) (actual time=0.018..0.139 rows=1025 loops=1)
 Planning time: 0.280 ms
 Execution time: 0.421 ms
(10 rows)

===== 276 [Wed Mar  7 02:07:31 CET 2018] scale:100000 groups:1000 work_mem:256MB incremental:on max_workers:0 =====
SELECT * FROM s_4 ORDER BY a, b, c, d, e LIMIT 1000
                                                                    QUERY PLAN                                                                     
---------------------------------------------------------------------------------------------------------------------------------------------------
 Limit  (cost=31.15..31.15 rows=1 width=20) (actual time=0.384..0.384 rows=0 loops=1)
   ->  Limit  (cost=1.04..21.15 rows=1000 width=20) (actual time=0.056..0.355 rows=1000 loops=1)
         ->  Incremental Sort  (cost=1.04..2012.29 rows=100000 width=20) (actual time=0.055..0.300 rows=1000 loops=1)
               Sort Key: s_4.a, s_4.b, s_4.c, s_4.d, s_4.e
               Presorted Key: s_4.a, s_4.b, s_4.c, s_4.d
               Sort Method: quicksort  Memory: 27kB
               Sort Groups: 32
               ->  Index Scan using s_4_a_b_c_d_idx on s_4  (cost=0.42..4527.17 rows=100000 width=20) (actual time=0.012..0.130 rows=1025 loops=1)
 Planning time: 0.274 ms
 Execution time: 0.408 ms
(10 rows)

===== 277 [Wed Mar  7 02:07:31 CET 2018] scale:100000 groups:1000 work_mem:256MB incremental:off max_workers:0 =====
SELECT * FROM s_1 ORDER BY a, b LIMIT 1000
                                                         QUERY PLAN                                                          
-----------------------------------------------------------------------------------------------------------------------------
 Limit  (cost=7132.39..7132.39 rows=1 width=20) (actual time=12.612..12.612 rows=0 loops=1)
   ->  Limit  (cost=7119.89..7122.39 rows=1000 width=20) (actual time=12.491..12.584 rows=1000 loops=1)
         ->  Sort  (cost=7119.89..7369.89 rows=100000 width=20) (actual time=12.490..12.529 rows=1000 loops=1)
               Sort Key: s_1.a, s_1.b
               Sort Method: top-N heapsort  Memory: 128kB
               ->  Seq Scan on s_1  (cost=0.00..1637.00 rows=100000 width=20) (actual time=0.007..5.054 rows=100000 loops=1)
 Planning time: 0.273 ms
 Execution time: 12.650 ms
(8 rows)

===== 278 [Wed Mar  7 02:07:32 CET 2018] scale:100000 groups:1000 work_mem:256MB incremental:off max_workers:0 =====
SELECT * FROM s_2 ORDER BY a, b, c LIMIT 1000
                                                         QUERY PLAN                                                          
-----------------------------------------------------------------------------------------------------------------------------
 Limit  (cost=7132.39..7132.39 rows=1 width=20) (actual time=12.647..12.647 rows=0 loops=1)
   ->  Limit  (cost=7119.89..7122.39 rows=1000 width=20) (actual time=12.526..12.619 rows=1000 loops=1)
         ->  Sort  (cost=7119.89..7369.89 rows=100000 width=20) (actual time=12.525..12.564 rows=1000 loops=1)
               Sort Key: s_2.a, s_2.b, s_2.c
               Sort Method: top-N heapsort  Memory: 127kB
               ->  Seq Scan on s_2  (cost=0.00..1637.00 rows=100000 width=20) (actual time=0.010..5.069 rows=100000 loops=1)
 Planning time: 0.266 ms
 Execution time: 12.685 ms
(8 rows)

===== 279 [Wed Mar  7 02:07:32 CET 2018] scale:100000 groups:1000 work_mem:256MB incremental:off max_workers:0 =====
SELECT * FROM s_3 ORDER BY a, b, c, d LIMIT 1000
                                                         QUERY PLAN                                                          
-----------------------------------------------------------------------------------------------------------------------------
 Limit  (cost=7132.39..7132.39 rows=1 width=20) (actual time=12.720..12.720 rows=0 loops=1)
   ->  Limit  (cost=7119.89..7122.39 rows=1000 width=20) (actual time=12.600..12.692 rows=1000 loops=1)
         ->  Sort  (cost=7119.89..7369.89 rows=100000 width=20) (actual time=12.599..12.637 rows=1000 loops=1)
               Sort Key: s_3.a, s_3.b, s_3.c, s_3.d
               Sort Method: top-N heapsort  Memory: 127kB
               ->  Seq Scan on s_3  (cost=0.00..1637.00 rows=100000 width=20) (actual time=0.013..5.035 rows=100000 loops=1)
 Planning time: 0.267 ms
 Execution time: 12.758 ms
(8 rows)

===== 280 [Wed Mar  7 02:07:32 CET 2018] scale:100000 groups:1000 work_mem:256MB incremental:off max_workers:0 =====
SELECT * FROM s_4 ORDER BY a, b, c, d, e LIMIT 1000
                                                         QUERY PLAN                                                          
-----------------------------------------------------------------------------------------------------------------------------
 Limit  (cost=7132.39..7132.39 rows=1 width=20) (actual time=12.708..12.708 rows=0 loops=1)
   ->  Limit  (cost=7119.89..7122.39 rows=1000 width=20) (actual time=12.586..12.680 rows=1000 loops=1)
         ->  Sort  (cost=7119.89..7369.89 rows=100000 width=20) (actual time=12.585..12.624 rows=1000 loops=1)
               Sort Key: s_4.a, s_4.b, s_4.c, s_4.d, s_4.e
               Sort Method: top-N heapsort  Memory: 127kB
               ->  Seq Scan on s_4  (cost=0.00..1637.00 rows=100000 width=20) (actual time=0.009..5.050 rows=100000 loops=1)
 Planning time: 0.267 ms
 Execution time: 12.745 ms
(8 rows)

===== 281 [Wed Mar  7 02:07:32 CET 2018] scale:100000 groups:1000 work_mem:4MB incremental:on max_workers:2 =====
SELECT * FROM s_1 ORDER BY a, b LIMIT 1000
                                                                 QUERY PLAN                                                                  
---------------------------------------------------------------------------------------------------------------------------------------------
 Limit  (cost=35.14..35.14 rows=1 width=20) (actual time=0.527..0.527 rows=0 loops=1)
   ->  Limit  (cost=6.85..25.14 rows=1000 width=20) (actual time=0.062..0.498 rows=1000 loops=1)
         ->  Incremental Sort  (cost=6.85..1835.96 rows=100000 width=20) (actual time=0.062..0.443 rows=1000 loops=1)
               Sort Key: s_1.a, s_1.b
               Presorted Key: s_1.a
               Sort Method: quicksort  Memory: 34kB
               Sort Groups: 11
               ->  Index Scan using s_1_a_idx on s_1  (cost=0.29..3244.29 rows=100000 width=20) (actual time=0.009..0.132 rows=1067 loops=1)
 Planning time: 0.287 ms
 Execution time: 0.551 ms
(10 rows)

===== 282 [Wed Mar  7 02:07:32 CET 2018] scale:100000 groups:1000 work_mem:4MB incremental:on max_workers:2 =====
SELECT * FROM s_2 ORDER BY a, b, c LIMIT 1000
                                                                  QUERY PLAN                                                                   
-----------------------------------------------------------------------------------------------------------------------------------------------
 Limit  (cost=30.93..30.93 rows=1 width=20) (actual time=0.409..0.409 rows=0 loops=1)
   ->  Limit  (cost=0.87..20.93 rows=1000 width=20) (actual time=0.057..0.380 rows=1000 loops=1)
         ->  Incremental Sort  (cost=0.87..2007.69 rows=100000 width=20) (actual time=0.057..0.325 rows=1000 loops=1)
               Sort Key: s_2.a, s_2.b, s_2.c
               Presorted Key: s_2.a, s_2.b
               Sort Method: quicksort  Memory: 27kB
               Sort Groups: 32
               ->  Index Scan using s_2_a_b_idx on s_2  (cost=0.29..4079.04 rows=100000 width=20) (actual time=0.015..0.137 rows=1026 loops=1)
 Planning time: 0.288 ms
 Execution time: 0.432 ms
(10 rows)

===== 283 [Wed Mar  7 02:07:32 CET 2018] scale:100000 groups:1000 work_mem:4MB incremental:on max_workers:2 =====
SELECT * FROM s_3 ORDER BY a, b, c, d LIMIT 1000
                                                                   QUERY PLAN                                                                    
-------------------------------------------------------------------------------------------------------------------------------------------------
 Limit  (cost=31.15..31.15 rows=1 width=20) (actual time=0.398..0.398 rows=0 loops=1)
   ->  Limit  (cost=1.04..21.15 rows=1000 width=20) (actual time=0.062..0.365 rows=1000 loops=1)
         ->  Incremental Sort  (cost=1.04..2012.29 rows=100000 width=20) (actual time=0.062..0.310 rows=1000 loops=1)
               Sort Key: s_3.a, s_3.b, s_3.c, s_3.d
               Presorted Key: s_3.a, s_3.b, s_3.c
               Sort Method: quicksort  Memory: 27kB
               Sort Groups: 32
               ->  Index Scan using s_3_a_b_c_idx on s_3  (cost=0.42..4527.17 rows=100000 width=20) (actual time=0.018..0.140 rows=1025 loops=1)
 Planning time: 0.280 ms
 Execution time: 0.422 ms
(10 rows)

===== 284 [Wed Mar  7 02:07:32 CET 2018] scale:100000 groups:1000 work_mem:4MB incremental:on max_workers:2 =====
SELECT * FROM s_4 ORDER BY a, b, c, d, e LIMIT 1000
                                                                    QUERY PLAN                                                                     
---------------------------------------------------------------------------------------------------------------------------------------------------
 Limit  (cost=31.15..31.15 rows=1 width=20) (actual time=0.399..0.399 rows=0 loops=1)
   ->  Limit  (cost=1.04..21.15 rows=1000 width=20) (actual time=0.059..0.370 rows=1000 loops=1)
         ->  Incremental Sort  (cost=1.04..2012.29 rows=100000 width=20) (actual time=0.059..0.305 rows=1000 loops=1)
               Sort Key: s_4.a, s_4.b, s_4.c, s_4.d, s_4.e
               Presorted Key: s_4.a, s_4.b, s_4.c, s_4.d
               Sort Method: quicksort  Memory: 27kB
               Sort Groups: 32
               ->  Index Scan using s_4_a_b_c_d_idx on s_4  (cost=0.42..4527.17 rows=100000 width=20) (actual time=0.011..0.132 rows=1025 loops=1)
 Planning time: 0.279 ms
 Execution time: 0.421 ms
(10 rows)

===== 285 [Wed Mar  7 02:07:32 CET 2018] scale:100000 groups:1000 work_mem:4MB incremental:off max_workers:2 =====
SELECT * FROM s_1 ORDER BY a, b LIMIT 1000
                                                         QUERY PLAN                                                          
-----------------------------------------------------------------------------------------------------------------------------
 Limit  (cost=7132.39..7132.39 rows=1 width=20) (actual time=12.618..12.618 rows=0 loops=1)
   ->  Limit  (cost=7119.89..7122.39 rows=1000 width=20) (actual time=12.495..12.589 rows=1000 loops=1)
         ->  Sort  (cost=7119.89..7369.89 rows=100000 width=20) (actual time=12.494..12.534 rows=1000 loops=1)
               Sort Key: s_1.a, s_1.b
               Sort Method: top-N heapsort  Memory: 128kB
               ->  Seq Scan on s_1  (cost=0.00..1637.00 rows=100000 width=20) (actual time=0.007..5.056 rows=100000 loops=1)
 Planning time: 0.263 ms
 Execution time: 12.655 ms
(8 rows)

===== 286 [Wed Mar  7 02:07:32 CET 2018] scale:100000 groups:1000 work_mem:4MB incremental:off max_workers:2 =====
SELECT * FROM s_2 ORDER BY a, b, c LIMIT 1000
                                                         QUERY PLAN                                                          
-----------------------------------------------------------------------------------------------------------------------------
 Limit  (cost=7132.39..7132.39 rows=1 width=20) (actual time=12.641..12.641 rows=0 loops=1)
   ->  Limit  (cost=7119.89..7122.39 rows=1000 width=20) (actual time=12.517..12.613 rows=1000 loops=1)
         ->  Sort  (cost=7119.89..7369.89 rows=100000 width=20) (actual time=12.516..12.554 rows=1000 loops=1)
               Sort Key: s_2.a, s_2.b, s_2.c
               Sort Method: top-N heapsort  Memory: 127kB
               ->  Seq Scan on s_2  (cost=0.00..1637.00 rows=100000 width=20) (actual time=0.010..5.069 rows=100000 loops=1)
 Planning time: 0.270 ms
 Execution time: 12.678 ms
(8 rows)

===== 287 [Wed Mar  7 02:07:32 CET 2018] scale:100000 groups:1000 work_mem:4MB incremental:off max_workers:2 =====
SELECT * FROM s_3 ORDER BY a, b, c, d LIMIT 1000
                                                         QUERY PLAN                                                          
-----------------------------------------------------------------------------------------------------------------------------
 Limit  (cost=7132.39..7132.39 rows=1 width=20) (actual time=12.750..12.750 rows=0 loops=1)
   ->  Limit  (cost=7119.89..7122.39 rows=1000 width=20) (actual time=12.629..12.722 rows=1000 loops=1)
         ->  Sort  (cost=7119.89..7369.89 rows=100000 width=20) (actual time=12.628..12.667 rows=1000 loops=1)
               Sort Key: s_3.a, s_3.b, s_3.c, s_3.d
               Sort Method: top-N heapsort  Memory: 127kB
               ->  Seq Scan on s_3  (cost=0.00..1637.00 rows=100000 width=20) (actual time=0.013..5.038 rows=100000 loops=1)
 Planning time: 0.271 ms
 Execution time: 12.786 ms
(8 rows)

===== 288 [Wed Mar  7 02:07:33 CET 2018] scale:100000 groups:1000 work_mem:4MB incremental:off max_workers:2 =====
SELECT * FROM s_4 ORDER BY a, b, c, d, e LIMIT 1000
                                                         QUERY PLAN                                                          
-----------------------------------------------------------------------------------------------------------------------------
 Limit  (cost=7132.39..7132.39 rows=1 width=20) (actual time=12.694..12.694 rows=0 loops=1)
   ->  Limit  (cost=7119.89..7122.39 rows=1000 width=20) (actual time=12.571..12.666 rows=1000 loops=1)
         ->  Sort  (cost=7119.89..7369.89 rows=100000 width=20) (actual time=12.571..12.609 rows=1000 loops=1)
               Sort Key: s_4.a, s_4.b, s_4.c, s_4.d, s_4.e
               Sort Method: top-N heapsort  Memory: 127kB
               ->  Seq Scan on s_4  (cost=0.00..1637.00 rows=100000 width=20) (actual time=0.010..5.064 rows=100000 loops=1)
 Planning time: 0.264 ms
 Execution time: 12.730 ms
(8 rows)

===== 289 [Wed Mar  7 02:07:33 CET 2018] scale:100000 groups:1000 work_mem:8MB incremental:on max_workers:2 =====
SELECT * FROM s_1 ORDER BY a, b LIMIT 1000
                                                                 QUERY PLAN                                                                  
---------------------------------------------------------------------------------------------------------------------------------------------
 Limit  (cost=35.14..35.14 rows=1 width=20) (actual time=0.535..0.535 rows=0 loops=1)
   ->  Limit  (cost=6.85..25.14 rows=1000 width=20) (actual time=0.070..0.507 rows=1000 loops=1)
         ->  Incremental Sort  (cost=6.85..1835.96 rows=100000 width=20) (actual time=0.070..0.452 rows=1000 loops=1)
               Sort Key: s_1.a, s_1.b
               Presorted Key: s_1.a
               Sort Method: quicksort  Memory: 34kB
               Sort Groups: 11
               ->  Index Scan using s_1_a_idx on s_1  (cost=0.29..3244.29 rows=100000 width=20) (actual time=0.009..0.132 rows=1067 loops=1)
 Planning time: 0.270 ms
 Execution time: 0.560 ms
(10 rows)

===== 290 [Wed Mar  7 02:07:33 CET 2018] scale:100000 groups:1000 work_mem:8MB incremental:on max_workers:2 =====
SELECT * FROM s_2 ORDER BY a, b, c LIMIT 1000
                                                                  QUERY PLAN                                                                   
-----------------------------------------------------------------------------------------------------------------------------------------------
 Limit  (cost=30.93..30.93 rows=1 width=20) (actual time=0.405..0.405 rows=0 loops=1)
   ->  Limit  (cost=0.87..20.93 rows=1000 width=20) (actual time=0.055..0.377 rows=1000 loops=1)
         ->  Incremental Sort  (cost=0.87..2007.69 rows=100000 width=20) (actual time=0.055..0.321 rows=1000 loops=1)
               Sort Key: s_2.a, s_2.b, s_2.c
               Presorted Key: s_2.a, s_2.b
               Sort Method: quicksort  Memory: 27kB
               Sort Groups: 32
               ->  Index Scan using s_2_a_b_idx on s_2  (cost=0.29..4079.04 rows=100000 width=20) (actual time=0.015..0.134 rows=1026 loops=1)
 Planning time: 0.280 ms
 Execution time: 0.428 ms
(10 rows)

===== 291 [Wed Mar  7 02:07:33 CET 2018] scale:100000 groups:1000 work_mem:8MB incremental:on max_workers:2 =====
SELECT * FROM s_3 ORDER BY a, b, c, d LIMIT 1000
                                                                   QUERY PLAN                                                                    
-------------------------------------------------------------------------------------------------------------------------------------------------
 Limit  (cost=31.15..31.15 rows=1 width=20) (actual time=0.392..0.392 rows=0 loops=1)
   ->  Limit  (cost=1.04..21.15 rows=1000 width=20) (actual time=0.062..0.363 rows=1000 loops=1)
         ->  Incremental Sort  (cost=1.04..2012.29 rows=100000 width=20) (actual time=0.062..0.309 rows=1000 loops=1)
               Sort Key: s_3.a, s_3.b, s_3.c, s_3.d
               Presorted Key: s_3.a, s_3.b, s_3.c
               Sort Method: quicksort  Memory: 27kB
               Sort Groups: 32
               ->  Index Scan using s_3_a_b_c_idx on s_3  (cost=0.42..4527.17 rows=100000 width=20) (actual time=0.018..0.139 rows=1025 loops=1)
 Planning time: 0.285 ms
 Execution time: 0.417 ms
(10 rows)

===== 292 [Wed Mar  7 02:07:33 CET 2018] scale:100000 groups:1000 work_mem:8MB incremental:on max_workers:2 =====
SELECT * FROM s_4 ORDER BY a, b, c, d, e LIMIT 1000
                                                                    QUERY PLAN                                                                     
---------------------------------------------------------------------------------------------------------------------------------------------------
 Limit  (cost=31.15..31.15 rows=1 width=20) (actual time=0.390..0.390 rows=0 loops=1)
   ->  Limit  (cost=1.04..21.15 rows=1000 width=20) (actual time=0.055..0.362 rows=1000 loops=1)
         ->  Incremental Sort  (cost=1.04..2012.29 rows=100000 width=20) (actual time=0.055..0.307 rows=1000 loops=1)
               Sort Key: s_4.a, s_4.b, s_4.c, s_4.d, s_4.e
               Presorted Key: s_4.a, s_4.b, s_4.c, s_4.d
               Sort Method: quicksort  Memory: 27kB
               Sort Groups: 32
               ->  Index Scan using s_4_a_b_c_d_idx on s_4  (cost=0.42..4527.17 rows=100000 width=20) (actual time=0.012..0.132 rows=1025 loops=1)
 Planning time: 0.278 ms
 Execution time: 0.413 ms
(10 rows)

===== 293 [Wed Mar  7 02:07:33 CET 2018] scale:100000 groups:1000 work_mem:8MB incremental:off max_workers:2 =====
SELECT * FROM s_1 ORDER BY a, b LIMIT 1000
                                                         QUERY PLAN                                                          
-----------------------------------------------------------------------------------------------------------------------------
 Limit  (cost=7132.39..7132.39 rows=1 width=20) (actual time=12.640..12.640 rows=0 loops=1)
   ->  Limit  (cost=7119.89..7122.39 rows=1000 width=20) (actual time=12.518..12.613 rows=1000 loops=1)
         ->  Sort  (cost=7119.89..7369.89 rows=100000 width=20) (actual time=12.518..12.557 rows=1000 loops=1)
               Sort Key: s_1.a, s_1.b
               Sort Method: top-N heapsort  Memory: 128kB
               ->  Seq Scan on s_1  (cost=0.00..1637.00 rows=100000 width=20) (actual time=0.007..5.060 rows=100000 loops=1)
 Planning time: 0.267 ms
 Execution time: 12.677 ms
(8 rows)

===== 294 [Wed Mar  7 02:07:33 CET 2018] scale:100000 groups:1000 work_mem:8MB incremental:off max_workers:2 =====
SELECT * FROM s_2 ORDER BY a, b, c LIMIT 1000
                                                         QUERY PLAN                                                          
-----------------------------------------------------------------------------------------------------------------------------
 Limit  (cost=7132.39..7132.39 rows=1 width=20) (actual time=12.631..12.631 rows=0 loops=1)
   ->  Limit  (cost=7119.89..7122.39 rows=1000 width=20) (actual time=12.508..12.601 rows=1000 loops=1)
         ->  Sort  (cost=7119.89..7369.89 rows=100000 width=20) (actual time=12.507..12.545 rows=1000 loops=1)
               Sort Key: s_2.a, s_2.b, s_2.c
               Sort Method: top-N heapsort  Memory: 127kB
               ->  Seq Scan on s_2  (cost=0.00..1637.00 rows=100000 width=20) (actual time=0.010..5.051 rows=100000 loops=1)
 Planning time: 0.265 ms
 Execution time: 12.669 ms
(8 rows)

===== 295 [Wed Mar  7 02:07:33 CET 2018] scale:100000 groups:1000 work_mem:8MB incremental:off max_workers:2 =====
SELECT * FROM s_3 ORDER BY a, b, c, d LIMIT 1000
                                                         QUERY PLAN                                                          
-----------------------------------------------------------------------------------------------------------------------------
 Limit  (cost=7132.39..7132.39 rows=1 width=20) (actual time=12.728..12.728 rows=0 loops=1)
   ->  Limit  (cost=7119.89..7122.39 rows=1000 width=20) (actual time=12.607..12.699 rows=1000 loops=1)
         ->  Sort  (cost=7119.89..7369.89 rows=100000 width=20) (actual time=12.607..12.645 rows=1000 loops=1)
               Sort Key: s_3.a, s_3.b, s_3.c, s_3.d
               Sort Method: top-N heapsort  Memory: 127kB
               ->  Seq Scan on s_3  (cost=0.00..1637.00 rows=100000 width=20) (actual time=0.013..5.041 rows=100000 loops=1)
 Planning time: 0.268 ms
 Execution time: 12.765 ms
(8 rows)

===== 296 [Wed Mar  7 02:07:33 CET 2018] scale:100000 groups:1000 work_mem:8MB incremental:off max_workers:2 =====
SELECT * FROM s_4 ORDER BY a, b, c, d, e LIMIT 1000
                                                         QUERY PLAN                                                          
-----------------------------------------------------------------------------------------------------------------------------
 Limit  (cost=7132.39..7132.39 rows=1 width=20) (actual time=12.693..12.693 rows=0 loops=1)
   ->  Limit  (cost=7119.89..7122.39 rows=1000 width=20) (actual time=12.571..12.665 rows=1000 loops=1)
         ->  Sort  (cost=7119.89..7369.89 rows=100000 width=20) (actual time=12.570..12.608 rows=1000 loops=1)
               Sort Key: s_4.a, s_4.b, s_4.c, s_4.d, s_4.e
               Sort Method: top-N heapsort  Memory: 127kB
               ->  Seq Scan on s_4  (cost=0.00..1637.00 rows=100000 width=20) (actual time=0.010..5.051 rows=100000 loops=1)
 Planning time: 0.270 ms
 Execution time: 12.731 ms
(8 rows)

===== 297 [Wed Mar  7 02:07:34 CET 2018] scale:100000 groups:1000 work_mem:16MB incremental:on max_workers:2 =====
SELECT * FROM s_1 ORDER BY a, b LIMIT 1000
                                                                 QUERY PLAN                                                                  
---------------------------------------------------------------------------------------------------------------------------------------------
 Limit  (cost=35.14..35.14 rows=1 width=20) (actual time=0.540..0.540 rows=0 loops=1)
   ->  Limit  (cost=6.85..25.14 rows=1000 width=20) (actual time=0.063..0.502 rows=1000 loops=1)
         ->  Incremental Sort  (cost=6.85..1835.96 rows=100000 width=20) (actual time=0.063..0.446 rows=1000 loops=1)
               Sort Key: s_1.a, s_1.b
               Presorted Key: s_1.a
               Sort Method: quicksort  Memory: 34kB
               Sort Groups: 11
               ->  Index Scan using s_1_a_idx on s_1  (cost=0.29..3244.29 rows=100000 width=20) (actual time=0.009..0.133 rows=1067 loops=1)
 Planning time: 0.267 ms
 Execution time: 0.565 ms
(10 rows)

===== 298 [Wed Mar  7 02:07:34 CET 2018] scale:100000 groups:1000 work_mem:16MB incremental:on max_workers:2 =====
SELECT * FROM s_2 ORDER BY a, b, c LIMIT 1000
                                                                  QUERY PLAN                                                                   
-----------------------------------------------------------------------------------------------------------------------------------------------
 Limit  (cost=30.93..30.93 rows=1 width=20) (actual time=0.413..0.413 rows=0 loops=1)
   ->  Limit  (cost=0.87..20.93 rows=1000 width=20) (actual time=0.057..0.384 rows=1000 loops=1)
         ->  Incremental Sort  (cost=0.87..2007.69 rows=100000 width=20) (actual time=0.057..0.329 rows=1000 loops=1)
               Sort Key: s_2.a, s_2.b, s_2.c
               Presorted Key: s_2.a, s_2.b
               Sort Method: quicksort  Memory: 27kB
               Sort Groups: 32
               ->  Index Scan using s_2_a_b_idx on s_2  (cost=0.29..4079.04 rows=100000 width=20) (actual time=0.015..0.141 rows=1026 loops=1)
 Planning time: 0.279 ms
 Execution time: 0.436 ms
(10 rows)

===== 299 [Wed Mar  7 02:07:34 CET 2018] scale:100000 groups:1000 work_mem:16MB incremental:on max_workers:2 =====
SELECT * FROM s_3 ORDER BY a, b, c, d LIMIT 1000
                                                                   QUERY PLAN                                                                    
-------------------------------------------------------------------------------------------------------------------------------------------------
 Limit  (cost=31.15..31.15 rows=1 width=20) (actual time=0.400..0.400 rows=0 loops=1)
   ->  Limit  (cost=1.04..21.15 rows=1000 width=20) (actual time=0.062..0.372 rows=1000 loops=1)
         ->  Incremental Sort  (cost=1.04..2012.29 rows=100000 width=20) (actual time=0.062..0.316 rows=1000 loops=1)
               Sort Key: s_3.a, s_3.b, s_3.c, s_3.d
               Presorted Key: s_3.a, s_3.b, s_3.c
               Sort Method: quicksort  Memory: 27kB
               Sort Groups: 32
               ->  Index Scan using s_3_a_b_c_idx on s_3  (cost=0.42..4527.17 rows=100000 width=20) (actual time=0.018..0.145 rows=1025 loops=1)
 Planning time: 0.280 ms
 Execution time: 0.423 ms
(10 rows)

===== 300 [Wed Mar  7 02:07:34 CET 2018] scale:100000 groups:1000 work_mem:16MB incremental:on max_workers:2 =====
SELECT * FROM s_4 ORDER BY a, b, c, d, e LIMIT 1000
                                                                    QUERY PLAN                                                                     
---------------------------------------------------------------------------------------------------------------------------------------------------
 Limit  (cost=31.15..31.15 rows=1 width=20) (actual time=0.393..0.393 rows=0 loops=1)
   ->  Limit  (cost=1.04..21.15 rows=1000 width=20) (actual time=0.056..0.358 rows=1000 loops=1)
         ->  Incremental Sort  (cost=1.04..2012.29 rows=100000 width=20) (actual time=0.055..0.303 rows=1000 loops=1)
               Sort Key: s_4.a, s_4.b, s_4.c, s_4.d, s_4.e
               Presorted Key: s_4.a, s_4.b, s_4.c, s_4.d
               Sort Method: quicksort  Memory: 27kB
               Sort Groups: 32
               ->  Index Scan using s_4_a_b_c_d_idx on s_4  (cost=0.42..4527.17 rows=100000 width=20) (actual time=0.012..0.132 rows=1025 loops=1)
 Planning time: 0.280 ms
 Execution time: 0.415 ms
(10 rows)

===== 301 [Wed Mar  7 02:07:34 CET 2018] scale:100000 groups:1000 work_mem:16MB incremental:off max_workers:2 =====
SELECT * FROM s_1 ORDER BY a, b LIMIT 1000
                                                         QUERY PLAN                                                          
-----------------------------------------------------------------------------------------------------------------------------
 Limit  (cost=7132.39..7132.39 rows=1 width=20) (actual time=12.614..12.614 rows=0 loops=1)
   ->  Limit  (cost=7119.89..7122.39 rows=1000 width=20) (actual time=12.493..12.587 rows=1000 loops=1)
         ->  Sort  (cost=7119.89..7369.89 rows=100000 width=20) (actual time=12.492..12.531 rows=1000 loops=1)
               Sort Key: s_1.a, s_1.b
               Sort Method: top-N heapsort  Memory: 128kB
               ->  Seq Scan on s_1  (cost=0.00..1637.00 rows=100000 width=20) (actual time=0.007..5.063 rows=100000 loops=1)
 Planning time: 0.270 ms
 Execution time: 12.653 ms
(8 rows)

===== 302 [Wed Mar  7 02:07:34 CET 2018] scale:100000 groups:1000 work_mem:16MB incremental:off max_workers:2 =====
SELECT * FROM s_2 ORDER BY a, b, c LIMIT 1000
                                                         QUERY PLAN                                                          
-----------------------------------------------------------------------------------------------------------------------------
 Limit  (cost=7132.39..7132.39 rows=1 width=20) (actual time=12.642..12.642 rows=0 loops=1)
   ->  Limit  (cost=7119.89..7122.39 rows=1000 width=20) (actual time=12.521..12.614 rows=1000 loops=1)
         ->  Sort  (cost=7119.89..7369.89 rows=100000 width=20) (actual time=12.520..12.558 rows=1000 loops=1)
               Sort Key: s_2.a, s_2.b, s_2.c
               Sort Method: top-N heapsort  Memory: 127kB
               ->  Seq Scan on s_2  (cost=0.00..1637.00 rows=100000 width=20) (actual time=0.010..5.069 rows=100000 loops=1)
 Planning time: 0.267 ms
 Execution time: 12.679 ms
(8 rows)

===== 303 [Wed Mar  7 02:07:34 CET 2018] scale:100000 groups:1000 work_mem:16MB incremental:off max_workers:2 =====
SELECT * FROM s_3 ORDER BY a, b, c, d LIMIT 1000
                                                         QUERY PLAN                                                          
-----------------------------------------------------------------------------------------------------------------------------
 Limit  (cost=7132.39..7132.39 rows=1 width=20) (actual time=12.723..12.723 rows=0 loops=1)
   ->  Limit  (cost=7119.89..7122.39 rows=1000 width=20) (actual time=12.601..12.694 rows=1000 loops=1)
         ->  Sort  (cost=7119.89..7369.89 rows=100000 width=20) (actual time=12.600..12.639 rows=1000 loops=1)
               Sort Key: s_3.a, s_3.b, s_3.c, s_3.d
               Sort Method: top-N heapsort  Memory: 127kB
               ->  Seq Scan on s_3  (cost=0.00..1637.00 rows=100000 width=20) (actual time=0.013..5.042 rows=100000 loops=1)
 Planning time: 0.268 ms
 Execution time: 12.760 ms
(8 rows)

===== 304 [Wed Mar  7 02:07:34 CET 2018] scale:100000 groups:1000 work_mem:16MB incremental:off max_workers:2 =====
SELECT * FROM s_4 ORDER BY a, b, c, d, e LIMIT 1000
                                                         QUERY PLAN                                                          
-----------------------------------------------------------------------------------------------------------------------------
 Limit  (cost=7132.39..7132.39 rows=1 width=20) (actual time=12.694..12.694 rows=0 loops=1)
   ->  Limit  (cost=7119.89..7122.39 rows=1000 width=20) (actual time=12.572..12.666 rows=1000 loops=1)
         ->  Sort  (cost=7119.89..7369.89 rows=100000 width=20) (actual time=12.571..12.609 rows=1000 loops=1)
               Sort Key: s_4.a, s_4.b, s_4.c, s_4.d, s_4.e
               Sort Method: top-N heapsort  Memory: 127kB
               ->  Seq Scan on s_4  (cost=0.00..1637.00 rows=100000 width=20) (actual time=0.010..5.050 rows=100000 loops=1)
 Planning time: 0.273 ms
 Execution time: 12.731 ms
(8 rows)

===== 305 [Wed Mar  7 02:07:34 CET 2018] scale:100000 groups:1000 work_mem:32MB incremental:on max_workers:2 =====
SELECT * FROM s_1 ORDER BY a, b LIMIT 1000
                                                                 QUERY PLAN                                                                  
---------------------------------------------------------------------------------------------------------------------------------------------
 Limit  (cost=35.14..35.14 rows=1 width=20) (actual time=0.525..0.525 rows=0 loops=1)
   ->  Limit  (cost=6.85..25.14 rows=1000 width=20) (actual time=0.062..0.497 rows=1000 loops=1)
         ->  Incremental Sort  (cost=6.85..1835.96 rows=100000 width=20) (actual time=0.062..0.442 rows=1000 loops=1)
               Sort Key: s_1.a, s_1.b
               Presorted Key: s_1.a
               Sort Method: quicksort  Memory: 34kB
               Sort Groups: 11
               ->  Index Scan using s_1_a_idx on s_1  (cost=0.29..3244.29 rows=100000 width=20) (actual time=0.009..0.132 rows=1067 loops=1)
 Planning time: 0.283 ms
 Execution time: 0.551 ms
(10 rows)

===== 306 [Wed Mar  7 02:07:34 CET 2018] scale:100000 groups:1000 work_mem:32MB incremental:on max_workers:2 =====
SELECT * FROM s_2 ORDER BY a, b, c LIMIT 1000
                                                                  QUERY PLAN                                                                   
-----------------------------------------------------------------------------------------------------------------------------------------------
 Limit  (cost=30.93..30.93 rows=1 width=20) (actual time=0.405..0.405 rows=0 loops=1)
   ->  Limit  (cost=0.87..20.93 rows=1000 width=20) (actual time=0.056..0.377 rows=1000 loops=1)
         ->  Incremental Sort  (cost=0.87..2007.69 rows=100000 width=20) (actual time=0.055..0.321 rows=1000 loops=1)
               Sort Key: s_2.a, s_2.b, s_2.c
               Presorted Key: s_2.a, s_2.b
               Sort Method: quicksort  Memory: 27kB
               Sort Groups: 32
               ->  Index Scan using s_2_a_b_idx on s_2  (cost=0.29..4079.04 rows=100000 width=20) (actual time=0.016..0.135 rows=1026 loops=1)
 Planning time: 0.288 ms
 Execution time: 0.428 ms
(10 rows)

===== 307 [Wed Mar  7 02:07:34 CET 2018] scale:100000 groups:1000 work_mem:32MB incremental:on max_workers:2 =====
SELECT * FROM s_3 ORDER BY a, b, c, d LIMIT 1000
                                                                   QUERY PLAN                                                                    
-------------------------------------------------------------------------------------------------------------------------------------------------
 Limit  (cost=31.15..31.15 rows=1 width=20) (actual time=0.394..0.394 rows=0 loops=1)
   ->  Limit  (cost=1.04..21.15 rows=1000 width=20) (actual time=0.063..0.365 rows=1000 loops=1)
         ->  Incremental Sort  (cost=1.04..2012.29 rows=100000 width=20) (actual time=0.063..0.310 rows=1000 loops=1)
               Sort Key: s_3.a, s_3.b, s_3.c, s_3.d
               Presorted Key: s_3.a, s_3.b, s_3.c
               Sort Method: quicksort  Memory: 27kB
               Sort Groups: 32
               ->  Index Scan using s_3_a_b_c_idx on s_3  (cost=0.42..4527.17 rows=100000 width=20) (actual time=0.018..0.139 rows=1025 loops=1)
 Planning time: 0.285 ms
 Execution time: 0.416 ms
(10 rows)

===== 308 [Wed Mar  7 02:07:35 CET 2018] scale:100000 groups:1000 work_mem:32MB incremental:on max_workers:2 =====
SELECT * FROM s_4 ORDER BY a, b, c, d, e LIMIT 1000
                                                                    QUERY PLAN                                                                     
---------------------------------------------------------------------------------------------------------------------------------------------------
 Limit  (cost=31.15..31.15 rows=1 width=20) (actual time=0.390..0.390 rows=0 loops=1)
   ->  Limit  (cost=1.04..21.15 rows=1000 width=20) (actual time=0.056..0.356 rows=1000 loops=1)
         ->  Incremental Sort  (cost=1.04..2012.29 rows=100000 width=20) (actual time=0.055..0.302 rows=1000 loops=1)
               Sort Key: s_4.a, s_4.b, s_4.c, s_4.d, s_4.e
               Presorted Key: s_4.a, s_4.b, s_4.c, s_4.d
               Sort Method: quicksort  Memory: 27kB
               Sort Groups: 32
               ->  Index Scan using s_4_a_b_c_d_idx on s_4  (cost=0.42..4527.17 rows=100000 width=20) (actual time=0.011..0.131 rows=1025 loops=1)
 Planning time: 0.281 ms
 Execution time: 0.412 ms
(10 rows)

===== 309 [Wed Mar  7 02:07:35 CET 2018] scale:100000 groups:1000 work_mem:32MB incremental:off max_workers:2 =====
SELECT * FROM s_1 ORDER BY a, b LIMIT 1000
                                                         QUERY PLAN                                                          
-----------------------------------------------------------------------------------------------------------------------------
 Limit  (cost=7132.39..7132.39 rows=1 width=20) (actual time=12.618..12.618 rows=0 loops=1)
   ->  Limit  (cost=7119.89..7122.39 rows=1000 width=20) (actual time=12.496..12.590 rows=1000 loops=1)
         ->  Sort  (cost=7119.89..7369.89 rows=100000 width=20) (actual time=12.495..12.534 rows=1000 loops=1)
               Sort Key: s_1.a, s_1.b
               Sort Method: top-N heapsort  Memory: 128kB
               ->  Seq Scan on s_1  (cost=0.00..1637.00 rows=100000 width=20) (actual time=0.007..5.066 rows=100000 loops=1)
 Planning time: 0.261 ms
 Execution time: 12.655 ms
(8 rows)

===== 310 [Wed Mar  7 02:07:35 CET 2018] scale:100000 groups:1000 work_mem:32MB incremental:off max_workers:2 =====
SELECT * FROM s_2 ORDER BY a, b, c LIMIT 1000
                                                         QUERY PLAN                                                          
-----------------------------------------------------------------------------------------------------------------------------
 Limit  (cost=7132.39..7132.39 rows=1 width=20) (actual time=12.634..12.634 rows=0 loops=1)
   ->  Limit  (cost=7119.89..7122.39 rows=1000 width=20) (actual time=12.513..12.605 rows=1000 loops=1)
         ->  Sort  (cost=7119.89..7369.89 rows=100000 width=20) (actual time=12.513..12.550 rows=1000 loops=1)
               Sort Key: s_2.a, s_2.b, s_2.c
               Sort Method: top-N heapsort  Memory: 127kB
               ->  Seq Scan on s_2  (cost=0.00..1637.00 rows=100000 width=20) (actual time=0.010..5.052 rows=100000 loops=1)
 Planning time: 0.276 ms
 Execution time: 12.671 ms
(8 rows)

===== 311 [Wed Mar  7 02:07:35 CET 2018] scale:100000 groups:1000 work_mem:32MB incremental:off max_workers:2 =====
SELECT * FROM s_3 ORDER BY a, b, c, d LIMIT 1000
                                                         QUERY PLAN                                                          
-----------------------------------------------------------------------------------------------------------------------------
 Limit  (cost=7132.39..7132.39 rows=1 width=20) (actual time=12.757..12.757 rows=0 loops=1)
   ->  Limit  (cost=7119.89..7122.39 rows=1000 width=20) (actual time=12.633..12.728 rows=1000 loops=1)
         ->  Sort  (cost=7119.89..7369.89 rows=100000 width=20) (actual time=12.632..12.673 rows=1000 loops=1)
               Sort Key: s_3.a, s_3.b, s_3.c, s_3.d
               Sort Method: top-N heapsort  Memory: 127kB
               ->  Seq Scan on s_3  (cost=0.00..1637.00 rows=100000 width=20) (actual time=0.013..5.040 rows=100000 loops=1)
 Planning time: 0.272 ms
 Execution time: 12.795 ms
(8 rows)

===== 312 [Wed Mar  7 02:07:35 CET 2018] scale:100000 groups:1000 work_mem:32MB incremental:off max_workers:2 =====
SELECT * FROM s_4 ORDER BY a, b, c, d, e LIMIT 1000
                                                         QUERY PLAN                                                          
-----------------------------------------------------------------------------------------------------------------------------
 Limit  (cost=7132.39..7132.39 rows=1 width=20) (actual time=12.686..12.686 rows=0 loops=1)
   ->  Limit  (cost=7119.89..7122.39 rows=1000 width=20) (actual time=12.563..12.657 rows=1000 loops=1)
         ->  Sort  (cost=7119.89..7369.89 rows=100000 width=20) (actual time=12.563..12.601 rows=1000 loops=1)
               Sort Key: s_4.a, s_4.b, s_4.c, s_4.d, s_4.e
               Sort Method: top-N heapsort  Memory: 127kB
               ->  Seq Scan on s_4  (cost=0.00..1637.00 rows=100000 width=20) (actual time=0.009..5.054 rows=100000 loops=1)
 Planning time: 0.267 ms
 Execution time: 12.723 ms
(8 rows)

===== 313 [Wed Mar  7 02:07:35 CET 2018] scale:100000 groups:1000 work_mem:64MB incremental:on max_workers:2 =====
SELECT * FROM s_1 ORDER BY a, b LIMIT 1000
                                                                 QUERY PLAN                                                                  
---------------------------------------------------------------------------------------------------------------------------------------------
 Limit  (cost=35.14..35.14 rows=1 width=20) (actual time=0.523..0.523 rows=0 loops=1)
   ->  Limit  (cost=6.85..25.14 rows=1000 width=20) (actual time=0.059..0.495 rows=1000 loops=1)
         ->  Incremental Sort  (cost=6.85..1835.96 rows=100000 width=20) (actual time=0.059..0.439 rows=1000 loops=1)
               Sort Key: s_1.a, s_1.b
               Presorted Key: s_1.a
               Sort Method: quicksort  Memory: 34kB
               Sort Groups: 11
               ->  Index Scan using s_1_a_idx on s_1  (cost=0.29..3244.29 rows=100000 width=20) (actual time=0.009..0.131 rows=1067 loops=1)
 Planning time: 0.295 ms
 Execution time: 0.546 ms
(10 rows)

===== 314 [Wed Mar  7 02:07:35 CET 2018] scale:100000 groups:1000 work_mem:64MB incremental:on max_workers:2 =====
SELECT * FROM s_2 ORDER BY a, b, c LIMIT 1000
                                                                  QUERY PLAN                                                                   
-----------------------------------------------------------------------------------------------------------------------------------------------
 Limit  (cost=30.93..30.93 rows=1 width=20) (actual time=0.417..0.417 rows=0 loops=1)
   ->  Limit  (cost=0.87..20.93 rows=1000 width=20) (actual time=0.057..0.382 rows=1000 loops=1)
         ->  Incremental Sort  (cost=0.87..2007.69 rows=100000 width=20) (actual time=0.057..0.327 rows=1000 loops=1)
               Sort Key: s_2.a, s_2.b, s_2.c
               Presorted Key: s_2.a, s_2.b
               Sort Method: quicksort  Memory: 27kB
               Sort Groups: 32
               ->  Index Scan using s_2_a_b_idx on s_2  (cost=0.29..4079.04 rows=100000 width=20) (actual time=0.015..0.137 rows=1026 loops=1)
 Planning time: 0.282 ms
 Execution time: 0.440 ms
(10 rows)

===== 315 [Wed Mar  7 02:07:35 CET 2018] scale:100000 groups:1000 work_mem:64MB incremental:on max_workers:2 =====
SELECT * FROM s_3 ORDER BY a, b, c, d LIMIT 1000
                                                                   QUERY PLAN                                                                    
-------------------------------------------------------------------------------------------------------------------------------------------------
 Limit  (cost=31.15..31.15 rows=1 width=20) (actual time=0.398..0.398 rows=0 loops=1)
   ->  Limit  (cost=1.04..21.15 rows=1000 width=20) (actual time=0.061..0.370 rows=1000 loops=1)
         ->  Incremental Sort  (cost=1.04..2012.29 rows=100000 width=20) (actual time=0.061..0.315 rows=1000 loops=1)
               Sort Key: s_3.a, s_3.b, s_3.c, s_3.d
               Presorted Key: s_3.a, s_3.b, s_3.c
               Sort Method: quicksort  Memory: 27kB
               Sort Groups: 32
               ->  Index Scan using s_3_a_b_c_idx on s_3  (cost=0.42..4527.17 rows=100000 width=20) (actual time=0.017..0.139 rows=1025 loops=1)
 Planning time: 0.280 ms
 Execution time: 0.421 ms
(10 rows)

===== 316 [Wed Mar  7 02:07:35 CET 2018] scale:100000 groups:1000 work_mem:64MB incremental:on max_workers:2 =====
SELECT * FROM s_4 ORDER BY a, b, c, d, e LIMIT 1000
                                                                    QUERY PLAN                                                                     
---------------------------------------------------------------------------------------------------------------------------------------------------
 Limit  (cost=31.15..31.15 rows=1 width=20) (actual time=0.391..0.391 rows=0 loops=1)
   ->  Limit  (cost=1.04..21.15 rows=1000 width=20) (actual time=0.059..0.362 rows=1000 loops=1)
         ->  Incremental Sort  (cost=1.04..2012.29 rows=100000 width=20) (actual time=0.058..0.302 rows=1000 loops=1)
               Sort Key: s_4.a, s_4.b, s_4.c, s_4.d, s_4.e
               Presorted Key: s_4.a, s_4.b, s_4.c, s_4.d
               Sort Method: quicksort  Memory: 27kB
               Sort Groups: 32
               ->  Index Scan using s_4_a_b_c_d_idx on s_4  (cost=0.42..4527.17 rows=100000 width=20) (actual time=0.012..0.131 rows=1025 loops=1)
 Planning time: 0.278 ms
 Execution time: 0.413 ms
(10 rows)

===== 317 [Wed Mar  7 02:07:35 CET 2018] scale:100000 groups:1000 work_mem:64MB incremental:off max_workers:2 =====
SELECT * FROM s_1 ORDER BY a, b LIMIT 1000
                                                         QUERY PLAN                                                          
-----------------------------------------------------------------------------------------------------------------------------
 Limit  (cost=7132.39..7132.39 rows=1 width=20) (actual time=12.619..12.619 rows=0 loops=1)
   ->  Limit  (cost=7119.89..7122.39 rows=1000 width=20) (actual time=12.495..12.591 rows=1000 loops=1)
         ->  Sort  (cost=7119.89..7369.89 rows=100000 width=20) (actual time=12.494..12.536 rows=1000 loops=1)
               Sort Key: s_1.a, s_1.b
               Sort Method: top-N heapsort  Memory: 128kB
               ->  Seq Scan on s_1  (cost=0.00..1637.00 rows=100000 width=20) (actual time=0.007..5.049 rows=100000 loops=1)
 Planning time: 0.266 ms
 Execution time: 12.658 ms
(8 rows)

===== 318 [Wed Mar  7 02:07:36 CET 2018] scale:100000 groups:1000 work_mem:64MB incremental:off max_workers:2 =====
SELECT * FROM s_2 ORDER BY a, b, c LIMIT 1000
                                                         QUERY PLAN                                                          
-----------------------------------------------------------------------------------------------------------------------------
 Limit  (cost=7132.39..7132.39 rows=1 width=20) (actual time=12.642..12.642 rows=0 loops=1)
   ->  Limit  (cost=7119.89..7122.39 rows=1000 width=20) (actual time=12.521..12.614 rows=1000 loops=1)
         ->  Sort  (cost=7119.89..7369.89 rows=100000 width=20) (actual time=12.520..12.559 rows=1000 loops=1)
               Sort Key: s_2.a, s_2.b, s_2.c
               Sort Method: top-N heapsort  Memory: 127kB
               ->  Seq Scan on s_2  (cost=0.00..1637.00 rows=100000 width=20) (actual time=0.010..5.061 rows=100000 loops=1)
 Planning time: 0.267 ms
 Execution time: 12.680 ms
(8 rows)

===== 319 [Wed Mar  7 02:07:36 CET 2018] scale:100000 groups:1000 work_mem:64MB incremental:off max_workers:2 =====
SELECT * FROM s_3 ORDER BY a, b, c, d LIMIT 1000
                                                         QUERY PLAN                                                          
-----------------------------------------------------------------------------------------------------------------------------
 Limit  (cost=7132.39..7132.39 rows=1 width=20) (actual time=12.777..12.777 rows=0 loops=1)
   ->  Limit  (cost=7119.89..7122.39 rows=1000 width=20) (actual time=12.657..12.749 rows=1000 loops=1)
         ->  Sort  (cost=7119.89..7369.89 rows=100000 width=20) (actual time=12.656..12.695 rows=1000 loops=1)
               Sort Key: s_3.a, s_3.b, s_3.c, s_3.d
               Sort Method: top-N heapsort  Memory: 127kB
               ->  Seq Scan on s_3  (cost=0.00..1637.00 rows=100000 width=20) (actual time=0.013..5.040 rows=100000 loops=1)
 Planning time: 0.269 ms
 Execution time: 12.816 ms
(8 rows)

===== 320 [Wed Mar  7 02:07:36 CET 2018] scale:100000 groups:1000 work_mem:64MB incremental:off max_workers:2 =====
SELECT * FROM s_4 ORDER BY a, b, c, d, e LIMIT 1000
                                                         QUERY PLAN                                                          
-----------------------------------------------------------------------------------------------------------------------------
 Limit  (cost=7132.39..7132.39 rows=1 width=20) (actual time=12.693..12.693 rows=0 loops=1)
   ->  Limit  (cost=7119.89..7122.39 rows=1000 width=20) (actual time=12.570..12.664 rows=1000 loops=1)
         ->  Sort  (cost=7119.89..7369.89 rows=100000 width=20) (actual time=12.570..12.608 rows=1000 loops=1)
               Sort Key: s_4.a, s_4.b, s_4.c, s_4.d, s_4.e
               Sort Method: top-N heapsort  Memory: 127kB
               ->  Seq Scan on s_4  (cost=0.00..1637.00 rows=100000 width=20) (actual time=0.010..5.048 rows=100000 loops=1)
 Planning time: 0.265 ms
 Execution time: 12.730 ms
(8 rows)

===== 321 [Wed Mar  7 02:07:36 CET 2018] scale:100000 groups:1000 work_mem:128MB incremental:on max_workers:2 =====
SELECT * FROM s_1 ORDER BY a, b LIMIT 1000
                                                                 QUERY PLAN                                                                  
---------------------------------------------------------------------------------------------------------------------------------------------
 Limit  (cost=35.14..35.14 rows=1 width=20) (actual time=0.525..0.525 rows=0 loops=1)
   ->  Limit  (cost=6.85..25.14 rows=1000 width=20) (actual time=0.062..0.496 rows=1000 loops=1)
         ->  Incremental Sort  (cost=6.85..1835.96 rows=100000 width=20) (actual time=0.061..0.441 rows=1000 loops=1)
               Sort Key: s_1.a, s_1.b
               Presorted Key: s_1.a
               Sort Method: quicksort  Memory: 34kB
               Sort Groups: 11
               ->  Index Scan using s_1_a_idx on s_1  (cost=0.29..3244.29 rows=100000 width=20) (actual time=0.009..0.132 rows=1067 loops=1)
 Planning time: 0.283 ms
 Execution time: 0.550 ms
(10 rows)

===== 322 [Wed Mar  7 02:07:36 CET 2018] scale:100000 groups:1000 work_mem:128MB incremental:on max_workers:2 =====
SELECT * FROM s_2 ORDER BY a, b, c LIMIT 1000
                                                                  QUERY PLAN                                                                   
-----------------------------------------------------------------------------------------------------------------------------------------------
 Limit  (cost=30.93..30.93 rows=1 width=20) (actual time=0.412..0.412 rows=0 loops=1)
   ->  Limit  (cost=0.87..20.93 rows=1000 width=20) (actual time=0.055..0.383 rows=1000 loops=1)
         ->  Incremental Sort  (cost=0.87..2007.69 rows=100000 width=20) (actual time=0.055..0.328 rows=1000 loops=1)
               Sort Key: s_2.a, s_2.b, s_2.c
               Presorted Key: s_2.a, s_2.b
               Sort Method: quicksort  Memory: 27kB
               Sort Groups: 32
               ->  Index Scan using s_2_a_b_idx on s_2  (cost=0.29..4079.04 rows=100000 width=20) (actual time=0.015..0.141 rows=1026 loops=1)
 Planning time: 0.281 ms
 Execution time: 0.435 ms
(10 rows)

===== 323 [Wed Mar  7 02:07:36 CET 2018] scale:100000 groups:1000 work_mem:128MB incremental:on max_workers:2 =====
SELECT * FROM s_3 ORDER BY a, b, c, d LIMIT 1000
                                                                   QUERY PLAN                                                                    
-------------------------------------------------------------------------------------------------------------------------------------------------
 Limit  (cost=31.15..31.15 rows=1 width=20) (actual time=0.398..0.398 rows=0 loops=1)
   ->  Limit  (cost=1.04..21.15 rows=1000 width=20) (actual time=0.061..0.369 rows=1000 loops=1)
         ->  Incremental Sort  (cost=1.04..2012.29 rows=100000 width=20) (actual time=0.060..0.314 rows=1000 loops=1)
               Sort Key: s_3.a, s_3.b, s_3.c, s_3.d
               Presorted Key: s_3.a, s_3.b, s_3.c
               Sort Method: quicksort  Memory: 27kB
               Sort Groups: 32
               ->  Index Scan using s_3_a_b_c_idx on s_3  (cost=0.42..4527.17 rows=100000 width=20) (actual time=0.017..0.140 rows=1025 loops=1)
 Planning time: 0.283 ms
 Execution time: 0.420 ms
(10 rows)

===== 324 [Wed Mar  7 02:07:36 CET 2018] scale:100000 groups:1000 work_mem:128MB incremental:on max_workers:2 =====
SELECT * FROM s_4 ORDER BY a, b, c, d, e LIMIT 1000
                                                                    QUERY PLAN                                                                     
---------------------------------------------------------------------------------------------------------------------------------------------------
 Limit  (cost=31.15..31.15 rows=1 width=20) (actual time=0.383..0.383 rows=0 loops=1)
   ->  Limit  (cost=1.04..21.15 rows=1000 width=20) (actual time=0.056..0.355 rows=1000 loops=1)
         ->  Incremental Sort  (cost=1.04..2012.29 rows=100000 width=20) (actual time=0.055..0.300 rows=1000 loops=1)
               Sort Key: s_4.a, s_4.b, s_4.c, s_4.d, s_4.e
               Presorted Key: s_4.a, s_4.b, s_4.c, s_4.d
               Sort Method: quicksort  Memory: 27kB
               Sort Groups: 32
               ->  Index Scan using s_4_a_b_c_d_idx on s_4  (cost=0.42..4527.17 rows=100000 width=20) (actual time=0.012..0.130 rows=1025 loops=1)
 Planning time: 0.279 ms
 Execution time: 0.405 ms
(10 rows)

===== 325 [Wed Mar  7 02:07:36 CET 2018] scale:100000 groups:1000 work_mem:128MB incremental:off max_workers:2 =====
SELECT * FROM s_1 ORDER BY a, b LIMIT 1000
                                                         QUERY PLAN                                                          
-----------------------------------------------------------------------------------------------------------------------------
 Limit  (cost=7132.39..7132.39 rows=1 width=20) (actual time=12.640..12.640 rows=0 loops=1)
   ->  Limit  (cost=7119.89..7122.39 rows=1000 width=20) (actual time=12.515..12.611 rows=1000 loops=1)
         ->  Sort  (cost=7119.89..7369.89 rows=100000 width=20) (actual time=12.514..12.554 rows=1000 loops=1)
               Sort Key: s_1.a, s_1.b
               Sort Method: top-N heapsort  Memory: 128kB
               ->  Seq Scan on s_1  (cost=0.00..1637.00 rows=100000 width=20) (actual time=0.007..5.045 rows=100000 loops=1)
 Planning time: 0.263 ms
 Execution time: 12.677 ms
(8 rows)

===== 326 [Wed Mar  7 02:07:36 CET 2018] scale:100000 groups:1000 work_mem:128MB incremental:off max_workers:2 =====
SELECT * FROM s_2 ORDER BY a, b, c LIMIT 1000
                                                         QUERY PLAN                                                          
-----------------------------------------------------------------------------------------------------------------------------
 Limit  (cost=7132.39..7132.39 rows=1 width=20) (actual time=12.628..12.628 rows=0 loops=1)
   ->  Limit  (cost=7119.89..7122.39 rows=1000 width=20) (actual time=12.507..12.599 rows=1000 loops=1)
         ->  Sort  (cost=7119.89..7369.89 rows=100000 width=20) (actual time=12.506..12.544 rows=1000 loops=1)
               Sort Key: s_2.a, s_2.b, s_2.c
               Sort Method: top-N heapsort  Memory: 127kB
               ->  Seq Scan on s_2  (cost=0.00..1637.00 rows=100000 width=20) (actual time=0.010..5.058 rows=100000 loops=1)
 Planning time: 0.274 ms
 Execution time: 12.665 ms
(8 rows)

===== 327 [Wed Mar  7 02:07:36 CET 2018] scale:100000 groups:1000 work_mem:128MB incremental:off max_workers:2 =====
SELECT * FROM s_3 ORDER BY a, b, c, d LIMIT 1000
                                                         QUERY PLAN                                                          
-----------------------------------------------------------------------------------------------------------------------------
 Limit  (cost=7132.39..7132.39 rows=1 width=20) (actual time=12.776..12.776 rows=0 loops=1)
   ->  Limit  (cost=7119.89..7122.39 rows=1000 width=20) (actual time=12.654..12.748 rows=1000 loops=1)
         ->  Sort  (cost=7119.89..7369.89 rows=100000 width=20) (actual time=12.654..12.693 rows=1000 loops=1)
               Sort Key: s_3.a, s_3.b, s_3.c, s_3.d
               Sort Method: top-N heapsort  Memory: 127kB
               ->  Seq Scan on s_3  (cost=0.00..1637.00 rows=100000 width=20) (actual time=0.013..5.041 rows=100000 loops=1)
 Planning time: 0.268 ms
 Execution time: 12.814 ms
(8 rows)

===== 328 [Wed Mar  7 02:07:37 CET 2018] scale:100000 groups:1000 work_mem:128MB incremental:off max_workers:2 =====
SELECT * FROM s_4 ORDER BY a, b, c, d, e LIMIT 1000
                                                         QUERY PLAN                                                          
-----------------------------------------------------------------------------------------------------------------------------
 Limit  (cost=7132.39..7132.39 rows=1 width=20) (actual time=12.689..12.689 rows=0 loops=1)
   ->  Limit  (cost=7119.89..7122.39 rows=1000 width=20) (actual time=12.567..12.661 rows=1000 loops=1)
         ->  Sort  (cost=7119.89..7369.89 rows=100000 width=20) (actual time=12.566..12.604 rows=1000 loops=1)
               Sort Key: s_4.a, s_4.b, s_4.c, s_4.d, s_4.e
               Sort Method: top-N heapsort  Memory: 127kB
               ->  Seq Scan on s_4  (cost=0.00..1637.00 rows=100000 width=20) (actual time=0.009..5.047 rows=100000 loops=1)
 Planning time: 0.265 ms
 Execution time: 12.726 ms
(8 rows)

===== 329 [Wed Mar  7 02:07:37 CET 2018] scale:100000 groups:1000 work_mem:256MB incremental:on max_workers:2 =====
SELECT * FROM s_1 ORDER BY a, b LIMIT 1000
                                                                 QUERY PLAN                                                                  
---------------------------------------------------------------------------------------------------------------------------------------------
 Limit  (cost=35.14..35.14 rows=1 width=20) (actual time=0.527..0.527 rows=0 loops=1)
   ->  Limit  (cost=6.85..25.14 rows=1000 width=20) (actual time=0.063..0.499 rows=1000 loops=1)
         ->  Incremental Sort  (cost=6.85..1835.96 rows=100000 width=20) (actual time=0.062..0.444 rows=1000 loops=1)
               Sort Key: s_1.a, s_1.b
               Presorted Key: s_1.a
               Sort Method: quicksort  Memory: 34kB
               Sort Groups: 11
               ->  Index Scan using s_1_a_idx on s_1  (cost=0.29..3244.29 rows=100000 width=20) (actual time=0.009..0.132 rows=1067 loops=1)
 Planning time: 0.275 ms
 Execution time: 0.552 ms
(10 rows)

===== 330 [Wed Mar  7 02:07:37 CET 2018] scale:100000 groups:1000 work_mem:256MB incremental:on max_workers:2 =====
SELECT * FROM s_2 ORDER BY a, b, c LIMIT 1000
                                                                  QUERY PLAN                                                                   
-----------------------------------------------------------------------------------------------------------------------------------------------
 Limit  (cost=30.93..30.93 rows=1 width=20) (actual time=0.405..0.405 rows=0 loops=1)
   ->  Limit  (cost=0.87..20.93 rows=1000 width=20) (actual time=0.056..0.377 rows=1000 loops=1)
         ->  Incremental Sort  (cost=0.87..2007.69 rows=100000 width=20) (actual time=0.055..0.321 rows=1000 loops=1)
               Sort Key: s_2.a, s_2.b, s_2.c
               Presorted Key: s_2.a, s_2.b
               Sort Method: quicksort  Memory: 27kB
               Sort Groups: 32
               ->  Index Scan using s_2_a_b_idx on s_2  (cost=0.29..4079.04 rows=100000 width=20) (actual time=0.015..0.135 rows=1026 loops=1)
 Planning time: 0.287 ms
 Execution time: 0.428 ms
(10 rows)

===== 331 [Wed Mar  7 02:07:37 CET 2018] scale:100000 groups:1000 work_mem:256MB incremental:on max_workers:2 =====
SELECT * FROM s_3 ORDER BY a, b, c, d LIMIT 1000
                                                                   QUERY PLAN                                                                    
-------------------------------------------------------------------------------------------------------------------------------------------------
 Limit  (cost=31.15..31.15 rows=1 width=20) (actual time=0.393..0.393 rows=0 loops=1)
   ->  Limit  (cost=1.04..21.15 rows=1000 width=20) (actual time=0.062..0.364 rows=1000 loops=1)
         ->  Incremental Sort  (cost=1.04..2012.29 rows=100000 width=20) (actual time=0.061..0.309 rows=1000 loops=1)
               Sort Key: s_3.a, s_3.b, s_3.c, s_3.d
               Presorted Key: s_3.a, s_3.b, s_3.c
               Sort Method: quicksort  Memory: 27kB
               Sort Groups: 32
               ->  Index Scan using s_3_a_b_c_idx on s_3  (cost=0.42..4527.17 rows=100000 width=20) (actual time=0.018..0.139 rows=1025 loops=1)
 Planning time: 0.288 ms
 Execution time: 0.415 ms
(10 rows)

===== 332 [Wed Mar  7 02:07:37 CET 2018] scale:100000 groups:1000 work_mem:256MB incremental:on max_workers:2 =====
SELECT * FROM s_4 ORDER BY a, b, c, d, e LIMIT 1000
                                                                    QUERY PLAN                                                                     
---------------------------------------------------------------------------------------------------------------------------------------------------
 Limit  (cost=31.15..31.15 rows=1 width=20) (actual time=0.385..0.385 rows=0 loops=1)
   ->  Limit  (cost=1.04..21.15 rows=1000 width=20) (actual time=0.057..0.356 rows=1000 loops=1)
         ->  Incremental Sort  (cost=1.04..2012.29 rows=100000 width=20) (actual time=0.057..0.301 rows=1000 loops=1)
               Sort Key: s_4.a, s_4.b, s_4.c, s_4.d, s_4.e
               Presorted Key: s_4.a, s_4.b, s_4.c, s_4.d
               Sort Method: quicksort  Memory: 27kB
               Sort Groups: 32
               ->  Index Scan using s_4_a_b_c_d_idx on s_4  (cost=0.42..4527.17 rows=100000 width=20) (actual time=0.011..0.129 rows=1025 loops=1)
 Planning time: 0.277 ms
 Execution time: 0.411 ms
(10 rows)

===== 333 [Wed Mar  7 02:07:37 CET 2018] scale:100000 groups:1000 work_mem:256MB incremental:off max_workers:2 =====
SELECT * FROM s_1 ORDER BY a, b LIMIT 1000
                                                         QUERY PLAN                                                          
-----------------------------------------------------------------------------------------------------------------------------
 Limit  (cost=7132.39..7132.39 rows=1 width=20) (actual time=12.630..12.630 rows=0 loops=1)
   ->  Limit  (cost=7119.89..7122.39 rows=1000 width=20) (actual time=12.508..12.601 rows=1000 loops=1)
         ->  Sort  (cost=7119.89..7369.89 rows=100000 width=20) (actual time=12.508..12.546 rows=1000 loops=1)
               Sort Key: s_1.a, s_1.b
               Sort Method: top-N heapsort  Memory: 128kB
               ->  Seq Scan on s_1  (cost=0.00..1637.00 rows=100000 width=20) (actual time=0.007..5.054 rows=100000 loops=1)
 Planning time: 0.271 ms
 Execution time: 12.667 ms
(8 rows)

===== 334 [Wed Mar  7 02:07:37 CET 2018] scale:100000 groups:1000 work_mem:256MB incremental:off max_workers:2 =====
SELECT * FROM s_2 ORDER BY a, b, c LIMIT 1000
                                                         QUERY PLAN                                                          
-----------------------------------------------------------------------------------------------------------------------------
 Limit  (cost=7132.39..7132.39 rows=1 width=20) (actual time=12.649..12.649 rows=0 loops=1)
   ->  Limit  (cost=7119.89..7122.39 rows=1000 width=20) (actual time=12.526..12.621 rows=1000 loops=1)
         ->  Sort  (cost=7119.89..7369.89 rows=100000 width=20) (actual time=12.525..12.563 rows=1000 loops=1)
               Sort Key: s_2.a, s_2.b, s_2.c
               Sort Method: top-N heapsort  Memory: 127kB
               ->  Seq Scan on s_2  (cost=0.00..1637.00 rows=100000 width=20) (actual time=0.010..5.066 rows=100000 loops=1)
 Planning time: 0.270 ms
 Execution time: 12.688 ms
(8 rows)

===== 335 [Wed Mar  7 02:07:37 CET 2018] scale:100000 groups:1000 work_mem:256MB incremental:off max_workers:2 =====
SELECT * FROM s_3 ORDER BY a, b, c, d LIMIT 1000
                                                         QUERY PLAN                                                          
-----------------------------------------------------------------------------------------------------------------------------
 Limit  (cost=7132.39..7132.39 rows=1 width=20) (actual time=12.773..12.773 rows=0 loops=1)
   ->  Limit  (cost=7119.89..7122.39 rows=1000 width=20) (actual time=12.652..12.744 rows=1000 loops=1)
         ->  Sort  (cost=7119.89..7369.89 rows=100000 width=20) (actual time=12.651..12.690 rows=1000 loops=1)
               Sort Key: s_3.a, s_3.b, s_3.c, s_3.d
               Sort Method: top-N heapsort  Memory: 127kB
               ->  Seq Scan on s_3  (cost=0.00..1637.00 rows=100000 width=20) (actual time=0.013..5.047 rows=100000 loops=1)
 Planning time: 0.267 ms
 Execution time: 12.809 ms
(8 rows)

===== 336 [Wed Mar  7 02:07:37 CET 2018] scale:100000 groups:1000 work_mem:256MB incremental:off max_workers:2 =====
SELECT * FROM s_4 ORDER BY a, b, c, d, e LIMIT 1000
                                                         QUERY PLAN                                                          
-----------------------------------------------------------------------------------------------------------------------------
 Limit  (cost=7132.39..7132.39 rows=1 width=20) (actual time=12.687..12.687 rows=0 loops=1)
   ->  Limit  (cost=7119.89..7122.39 rows=1000 width=20) (actual time=12.565..12.659 rows=1000 loops=1)
         ->  Sort  (cost=7119.89..7369.89 rows=100000 width=20) (actual time=12.565..12.603 rows=1000 loops=1)
               Sort Key: s_4.a, s_4.b, s_4.c, s_4.d, s_4.e
               Sort Method: top-N heapsort  Memory: 127kB
               ->  Seq Scan on s_4  (cost=0.00..1637.00 rows=100000 width=20) (actual time=0.009..5.043 rows=100000 loops=1)
 Planning time: 0.267 ms
 Execution time: 12.724 ms
(8 rows)

===== 337 [Wed Mar  7 02:07:39 CET 2018] scale:100000 groups:10000 work_mem:4MB incremental:on max_workers:0 =====
SELECT * FROM s_1 ORDER BY a, b LIMIT 1000
                                                                 QUERY PLAN                                                                  
---------------------------------------------------------------------------------------------------------------------------------------------
 Limit  (cost=30.74..30.74 rows=1 width=20) (actual time=0.485..0.485 rows=0 loops=1)
   ->  Limit  (cost=0.79..20.74 rows=1000 width=20) (actual time=0.073..0.458 rows=1000 loops=1)
         ->  Incremental Sort  (cost=0.79..1995.53 rows=100000 width=20) (actual time=0.073..0.402 rows=1000 loops=1)
               Sort Key: s_1.a, s_1.b
               Presorted Key: s_1.a
               Sort Method: quicksort  Memory: 28kB
               Sort Groups: 29
               ->  Index Scan using s_1_a_idx on s_1  (cost=0.29..3244.29 rows=100000 width=20) (actual time=0.022..0.160 rows=1025 loops=1)
 Planning time: 0.261 ms
 Execution time: 0.511 ms
(10 rows)

===== 338 [Wed Mar  7 02:07:39 CET 2018] scale:100000 groups:10000 work_mem:4MB incremental:on max_workers:0 =====
SELECT * FROM s_2 ORDER BY a, b, c LIMIT 1000
                                                                  QUERY PLAN                                                                   
-----------------------------------------------------------------------------------------------------------------------------------------------
 Limit  (cost=30.93..30.93 rows=1 width=20) (actual time=0.408..0.408 rows=0 loops=1)
   ->  Limit  (cost=0.87..20.93 rows=1000 width=20) (actual time=0.071..0.380 rows=1000 loops=1)
         ->  Incremental Sort  (cost=0.87..2007.69 rows=100000 width=20) (actual time=0.071..0.324 rows=1000 loops=1)
               Sort Key: s_2.a, s_2.b, s_2.c
               Presorted Key: s_2.a, s_2.b
               Sort Method: quicksort  Memory: 27kB
               Sort Groups: 32
               ->  Index Scan using s_2_a_b_idx on s_2  (cost=0.29..4079.04 rows=100000 width=20) (actual time=0.028..0.157 rows=1025 loops=1)
 Planning time: 0.279 ms
 Execution time: 0.432 ms
(10 rows)

===== 339 [Wed Mar  7 02:07:39 CET 2018] scale:100000 groups:10000 work_mem:4MB incremental:on max_workers:0 =====
SELECT * FROM s_3 ORDER BY a, b, c, d LIMIT 1000
                                                                   QUERY PLAN                                                                    
-------------------------------------------------------------------------------------------------------------------------------------------------
 Limit  (cost=31.15..31.15 rows=1 width=20) (actual time=0.435..0.435 rows=0 loops=1)
   ->  Limit  (cost=1.04..21.15 rows=1000 width=20) (actual time=0.080..0.406 rows=1000 loops=1)
         ->  Incremental Sort  (cost=1.04..2012.29 rows=100000 width=20) (actual time=0.079..0.351 rows=1000 loops=1)
               Sort Key: s_3.a, s_3.b, s_3.c, s_3.d
               Presorted Key: s_3.a, s_3.b, s_3.c
               Sort Method: quicksort  Memory: 27kB
               Sort Groups: 32
               ->  Index Scan using s_3_a_b_c_idx on s_3  (cost=0.42..4527.17 rows=100000 width=20) (actual time=0.032..0.177 rows=1025 loops=1)
 Planning time: 0.272 ms
 Execution time: 0.458 ms
(10 rows)

===== 340 [Wed Mar  7 02:07:39 CET 2018] scale:100000 groups:10000 work_mem:4MB incremental:on max_workers:0 =====
SELECT * FROM s_4 ORDER BY a, b, c, d, e LIMIT 1000
                                                                    QUERY PLAN                                                                     
---------------------------------------------------------------------------------------------------------------------------------------------------
 Limit  (cost=31.15..31.15 rows=1 width=20) (actual time=0.419..0.419 rows=0 loops=1)
   ->  Limit  (cost=1.04..21.15 rows=1000 width=20) (actual time=0.075..0.391 rows=1000 loops=1)
         ->  Incremental Sort  (cost=1.04..2012.29 rows=100000 width=20) (actual time=0.075..0.335 rows=1000 loops=1)
               Sort Key: s_4.a, s_4.b, s_4.c, s_4.d, s_4.e
               Presorted Key: s_4.a, s_4.b, s_4.c, s_4.d
               Sort Method: quicksort  Memory: 27kB
               Sort Groups: 32
               ->  Index Scan using s_4_a_b_c_d_idx on s_4  (cost=0.42..4527.17 rows=100000 width=20) (actual time=0.028..0.161 rows=1025 loops=1)
 Planning time: 0.272 ms
 Execution time: 0.442 ms
(10 rows)

===== 341 [Wed Mar  7 02:07:39 CET 2018] scale:100000 groups:10000 work_mem:4MB incremental:off max_workers:0 =====
SELECT * FROM s_1 ORDER BY a, b LIMIT 1000
                                                         QUERY PLAN                                                          
-----------------------------------------------------------------------------------------------------------------------------
 Limit  (cost=7132.39..7132.39 rows=1 width=20) (actual time=12.597..12.597 rows=0 loops=1)
   ->  Limit  (cost=7119.89..7122.39 rows=1000 width=20) (actual time=12.475..12.569 rows=1000 loops=1)
         ->  Sort  (cost=7119.89..7369.89 rows=100000 width=20) (actual time=12.474..12.513 rows=1000 loops=1)
               Sort Key: s_1.a, s_1.b
               Sort Method: top-N heapsort  Memory: 127kB
               ->  Seq Scan on s_1  (cost=0.00..1637.00 rows=100000 width=20) (actual time=0.007..5.057 rows=100000 loops=1)
 Planning time: 0.278 ms
 Execution time: 12.637 ms
(8 rows)

===== 342 [Wed Mar  7 02:07:39 CET 2018] scale:100000 groups:10000 work_mem:4MB incremental:off max_workers:0 =====
SELECT * FROM s_2 ORDER BY a, b, c LIMIT 1000
                                                         QUERY PLAN                                                          
-----------------------------------------------------------------------------------------------------------------------------
 Limit  (cost=7132.39..7132.39 rows=1 width=20) (actual time=12.573..12.573 rows=0 loops=1)
   ->  Limit  (cost=7119.89..7122.39 rows=1000 width=20) (actual time=12.452..12.545 rows=1000 loops=1)
         ->  Sort  (cost=7119.89..7369.89 rows=100000 width=20) (actual time=12.451..12.490 rows=1000 loops=1)
               Sort Key: s_2.a, s_2.b, s_2.c
               Sort Method: top-N heapsort  Memory: 127kB
               ->  Seq Scan on s_2  (cost=0.00..1637.00 rows=100000 width=20) (actual time=0.010..5.059 rows=100000 loops=1)
 Planning time: 0.265 ms
 Execution time: 12.611 ms
(8 rows)

===== 343 [Wed Mar  7 02:07:40 CET 2018] scale:100000 groups:10000 work_mem:4MB incremental:off max_workers:0 =====
SELECT * FROM s_3 ORDER BY a, b, c, d LIMIT 1000
                                                         QUERY PLAN                                                          
-----------------------------------------------------------------------------------------------------------------------------
 Limit  (cost=7132.39..7132.39 rows=1 width=20) (actual time=12.672..12.672 rows=0 loops=1)
   ->  Limit  (cost=7119.89..7122.39 rows=1000 width=20) (actual time=12.550..12.643 rows=1000 loops=1)
         ->  Sort  (cost=7119.89..7369.89 rows=100000 width=20) (actual time=12.550..12.588 rows=1000 loops=1)
               Sort Key: s_3.a, s_3.b, s_3.c, s_3.d
               Sort Method: top-N heapsort  Memory: 127kB
               ->  Seq Scan on s_3  (cost=0.00..1637.00 rows=100000 width=20) (actual time=0.010..5.044 rows=100000 loops=1)
 Planning time: 0.255 ms
 Execution time: 12.708 ms
(8 rows)

===== 344 [Wed Mar  7 02:07:40 CET 2018] scale:100000 groups:10000 work_mem:4MB incremental:off max_workers:0 =====
SELECT * FROM s_4 ORDER BY a, b, c, d, e LIMIT 1000
                                                         QUERY PLAN                                                          
-----------------------------------------------------------------------------------------------------------------------------
 Limit  (cost=7132.39..7132.39 rows=1 width=20) (actual time=12.635..12.635 rows=0 loops=1)
   ->  Limit  (cost=7119.89..7122.39 rows=1000 width=20) (actual time=12.512..12.606 rows=1000 loops=1)
         ->  Sort  (cost=7119.89..7369.89 rows=100000 width=20) (actual time=12.512..12.549 rows=1000 loops=1)
               Sort Key: s_4.a, s_4.b, s_4.c, s_4.d, s_4.e
               Sort Method: top-N heapsort  Memory: 127kB
               ->  Seq Scan on s_4  (cost=0.00..1637.00 rows=100000 width=20) (actual time=0.012..5.053 rows=100000 loops=1)
 Planning time: 0.268 ms
 Execution time: 12.672 ms
(8 rows)

===== 345 [Wed Mar  7 02:07:40 CET 2018] scale:100000 groups:10000 work_mem:8MB incremental:on max_workers:0 =====
SELECT * FROM s_1 ORDER BY a, b LIMIT 1000
                                                                 QUERY PLAN                                                                  
---------------------------------------------------------------------------------------------------------------------------------------------
 Limit  (cost=30.74..30.74 rows=1 width=20) (actual time=0.449..0.449 rows=0 loops=1)
   ->  Limit  (cost=0.79..20.74 rows=1000 width=20) (actual time=0.058..0.421 rows=1000 loops=1)
         ->  Incremental Sort  (cost=0.79..1995.53 rows=100000 width=20) (actual time=0.057..0.366 rows=1000 loops=1)
               Sort Key: s_1.a, s_1.b
               Presorted Key: s_1.a
               Sort Method: quicksort  Memory: 28kB
               Sort Groups: 29
               ->  Index Scan using s_1_a_idx on s_1  (cost=0.29..3244.29 rows=100000 width=20) (actual time=0.009..0.127 rows=1025 loops=1)
 Planning time: 0.289 ms
 Execution time: 0.472 ms
(10 rows)

===== 346 [Wed Mar  7 02:07:40 CET 2018] scale:100000 groups:10000 work_mem:8MB incremental:on max_workers:0 =====
SELECT * FROM s_2 ORDER BY a, b, c LIMIT 1000
                                                                  QUERY PLAN                                                                   
-----------------------------------------------------------------------------------------------------------------------------------------------
 Limit  (cost=30.93..30.93 rows=1 width=20) (actual time=0.394..0.394 rows=0 loops=1)
   ->  Limit  (cost=0.87..20.93 rows=1000 width=20) (actual time=0.061..0.366 rows=1000 loops=1)
         ->  Incremental Sort  (cost=0.87..2007.69 rows=100000 width=20) (actual time=0.061..0.310 rows=1000 loops=1)
               Sort Key: s_2.a, s_2.b, s_2.c
               Presorted Key: s_2.a, s_2.b
               Sort Method: quicksort  Memory: 27kB
               Sort Groups: 32
               ->  Index Scan using s_2_a_b_idx on s_2  (cost=0.29..4079.04 rows=100000 width=20) (actual time=0.015..0.139 rows=1025 loops=1)
 Planning time: 0.271 ms
 Execution time: 0.424 ms
(10 rows)

===== 347 [Wed Mar  7 02:07:40 CET 2018] scale:100000 groups:10000 work_mem:8MB incremental:on max_workers:0 =====
SELECT * FROM s_3 ORDER BY a, b, c, d LIMIT 1000
                                                                   QUERY PLAN                                                                    
-------------------------------------------------------------------------------------------------------------------------------------------------
 Limit  (cost=31.15..31.15 rows=1 width=20) (actual time=0.400..0.400 rows=0 loops=1)
   ->  Limit  (cost=1.04..21.15 rows=1000 width=20) (actual time=0.062..0.372 rows=1000 loops=1)
         ->  Incremental Sort  (cost=1.04..2012.29 rows=100000 width=20) (actual time=0.062..0.313 rows=1000 loops=1)
               Sort Key: s_3.a, s_3.b, s_3.c, s_3.d
               Presorted Key: s_3.a, s_3.b, s_3.c
               Sort Method: quicksort  Memory: 27kB
               Sort Groups: 32
               ->  Index Scan using s_3_a_b_c_idx on s_3  (cost=0.42..4527.17 rows=100000 width=20) (actual time=0.015..0.140 rows=1025 loops=1)
 Planning time: 0.272 ms
 Execution time: 0.423 ms
(10 rows)

===== 348 [Wed Mar  7 02:07:40 CET 2018] scale:100000 groups:10000 work_mem:8MB incremental:on max_workers:0 =====
SELECT * FROM s_4 ORDER BY a, b, c, d, e LIMIT 1000
                                                                    QUERY PLAN                                                                     
---------------------------------------------------------------------------------------------------------------------------------------------------
 Limit  (cost=31.15..31.15 rows=1 width=20) (actual time=0.390..0.390 rows=0 loops=1)
   ->  Limit  (cost=1.04..21.15 rows=1000 width=20) (actual time=0.061..0.362 rows=1000 loops=1)
         ->  Incremental Sort  (cost=1.04..2012.29 rows=100000 width=20) (actual time=0.061..0.307 rows=1000 loops=1)
               Sort Key: s_4.a, s_4.b, s_4.c, s_4.d, s_4.e
               Presorted Key: s_4.a, s_4.b, s_4.c, s_4.d
               Sort Method: quicksort  Memory: 27kB
               Sort Groups: 32
               ->  Index Scan using s_4_a_b_c_d_idx on s_4  (cost=0.42..4527.17 rows=100000 width=20) (actual time=0.012..0.134 rows=1025 loops=1)
 Planning time: 0.269 ms
 Execution time: 0.413 ms
(10 rows)

===== 349 [Wed Mar  7 02:07:40 CET 2018] scale:100000 groups:10000 work_mem:8MB incremental:off max_workers:0 =====
SELECT * FROM s_1 ORDER BY a, b LIMIT 1000
                                                         QUERY PLAN                                                          
-----------------------------------------------------------------------------------------------------------------------------
 Limit  (cost=7132.39..7132.39 rows=1 width=20) (actual time=12.590..12.590 rows=0 loops=1)
   ->  Limit  (cost=7119.89..7122.39 rows=1000 width=20) (actual time=12.468..12.562 rows=1000 loops=1)
         ->  Sort  (cost=7119.89..7369.89 rows=100000 width=20) (actual time=12.467..12.507 rows=1000 loops=1)
               Sort Key: s_1.a, s_1.b
               Sort Method: top-N heapsort  Memory: 127kB
               ->  Seq Scan on s_1  (cost=0.00..1637.00 rows=100000 width=20) (actual time=0.007..5.061 rows=100000 loops=1)
 Planning time: 0.276 ms
 Execution time: 12.628 ms
(8 rows)

===== 350 [Wed Mar  7 02:07:40 CET 2018] scale:100000 groups:10000 work_mem:8MB incremental:off max_workers:0 =====
SELECT * FROM s_2 ORDER BY a, b, c LIMIT 1000
                                                         QUERY PLAN                                                          
-----------------------------------------------------------------------------------------------------------------------------
 Limit  (cost=7132.39..7132.39 rows=1 width=20) (actual time=12.577..12.577 rows=0 loops=1)
   ->  Limit  (cost=7119.89..7122.39 rows=1000 width=20) (actual time=12.455..12.549 rows=1000 loops=1)
         ->  Sort  (cost=7119.89..7369.89 rows=100000 width=20) (actual time=12.455..12.493 rows=1000 loops=1)
               Sort Key: s_2.a, s_2.b, s_2.c
               Sort Method: top-N heapsort  Memory: 127kB
               ->  Seq Scan on s_2  (cost=0.00..1637.00 rows=100000 width=20) (actual time=0.010..5.051 rows=100000 loops=1)
 Planning time: 0.262 ms
 Execution time: 12.614 ms
(8 rows)

===== 351 [Wed Mar  7 02:07:40 CET 2018] scale:100000 groups:10000 work_mem:8MB incremental:off max_workers:0 =====
SELECT * FROM s_3 ORDER BY a, b, c, d LIMIT 1000
                                                         QUERY PLAN                                                          
-----------------------------------------------------------------------------------------------------------------------------
 Limit  (cost=7132.39..7132.39 rows=1 width=20) (actual time=12.694..12.694 rows=0 loops=1)
   ->  Limit  (cost=7119.89..7122.39 rows=1000 width=20) (actual time=12.572..12.666 rows=1000 loops=1)
         ->  Sort  (cost=7119.89..7369.89 rows=100000 width=20) (actual time=12.572..12.610 rows=1000 loops=1)
               Sort Key: s_3.a, s_3.b, s_3.c, s_3.d
               Sort Method: top-N heapsort  Memory: 127kB
               ->  Seq Scan on s_3  (cost=0.00..1637.00 rows=100000 width=20) (actual time=0.010..5.040 rows=100000 loops=1)
 Planning time: 0.259 ms
 Execution time: 12.731 ms
(8 rows)

===== 352 [Wed Mar  7 02:07:40 CET 2018] scale:100000 groups:10000 work_mem:8MB incremental:off max_workers:0 =====
SELECT * FROM s_4 ORDER BY a, b, c, d, e LIMIT 1000
                                                         QUERY PLAN                                                          
-----------------------------------------------------------------------------------------------------------------------------
 Limit  (cost=7132.39..7132.39 rows=1 width=20) (actual time=12.630..12.630 rows=0 loops=1)
   ->  Limit  (cost=7119.89..7122.39 rows=1000 width=20) (actual time=12.505..12.602 rows=1000 loops=1)
         ->  Sort  (cost=7119.89..7369.89 rows=100000 width=20) (actual time=12.505..12.545 rows=1000 loops=1)
               Sort Key: s_4.a, s_4.b, s_4.c, s_4.d, s_4.e
               Sort Method: top-N heapsort  Memory: 127kB
               ->  Seq Scan on s_4  (cost=0.00..1637.00 rows=100000 width=20) (actual time=0.011..5.053 rows=100000 loops=1)
 Planning time: 0.255 ms
 Execution time: 12.668 ms
(8 rows)

===== 353 [Wed Mar  7 02:07:41 CET 2018] scale:100000 groups:10000 work_mem:16MB incremental:on max_workers:0 =====
SELECT * FROM s_1 ORDER BY a, b LIMIT 1000
                                                                 QUERY PLAN                                                                  
---------------------------------------------------------------------------------------------------------------------------------------------
 Limit  (cost=30.74..30.74 rows=1 width=20) (actual time=0.451..0.451 rows=0 loops=1)
   ->  Limit  (cost=0.79..20.74 rows=1000 width=20) (actual time=0.061..0.423 rows=1000 loops=1)
         ->  Incremental Sort  (cost=0.79..1995.53 rows=100000 width=20) (actual time=0.061..0.368 rows=1000 loops=1)
               Sort Key: s_1.a, s_1.b
               Presorted Key: s_1.a
               Sort Method: quicksort  Memory: 28kB
               Sort Groups: 29
               ->  Index Scan using s_1_a_idx on s_1  (cost=0.29..3244.29 rows=100000 width=20) (actual time=0.009..0.128 rows=1025 loops=1)
 Planning time: 0.278 ms
 Execution time: 0.477 ms
(10 rows)

===== 354 [Wed Mar  7 02:07:41 CET 2018] scale:100000 groups:10000 work_mem:16MB incremental:on max_workers:0 =====
SELECT * FROM s_2 ORDER BY a, b, c LIMIT 1000
                                                                  QUERY PLAN                                                                   
-----------------------------------------------------------------------------------------------------------------------------------------------
 Limit  (cost=30.93..30.93 rows=1 width=20) (actual time=0.387..0.387 rows=0 loops=1)
   ->  Limit  (cost=0.87..20.93 rows=1000 width=20) (actual time=0.057..0.358 rows=1000 loops=1)
         ->  Incremental Sort  (cost=0.87..2007.69 rows=100000 width=20) (actual time=0.057..0.303 rows=1000 loops=1)
               Sort Key: s_2.a, s_2.b, s_2.c
               Presorted Key: s_2.a, s_2.b
               Sort Method: quicksort  Memory: 27kB
               Sort Groups: 32
               ->  Index Scan using s_2_a_b_idx on s_2  (cost=0.29..4079.04 rows=100000 width=20) (actual time=0.015..0.137 rows=1025 loops=1)
 Planning time: 0.272 ms
 Execution time: 0.410 ms
(10 rows)

===== 355 [Wed Mar  7 02:07:41 CET 2018] scale:100000 groups:10000 work_mem:16MB incremental:on max_workers:0 =====
SELECT * FROM s_3 ORDER BY a, b, c, d LIMIT 1000
                                                                   QUERY PLAN                                                                    
-------------------------------------------------------------------------------------------------------------------------------------------------
 Limit  (cost=31.15..31.15 rows=1 width=20) (actual time=0.404..0.404 rows=0 loops=1)
   ->  Limit  (cost=1.04..21.15 rows=1000 width=20) (actual time=0.062..0.375 rows=1000 loops=1)
         ->  Incremental Sort  (cost=1.04..2012.29 rows=100000 width=20) (actual time=0.061..0.320 rows=1000 loops=1)
               Sort Key: s_3.a, s_3.b, s_3.c, s_3.d
               Presorted Key: s_3.a, s_3.b, s_3.c
               Sort Method: quicksort  Memory: 27kB
               Sort Groups: 32
               ->  Index Scan using s_3_a_b_c_idx on s_3  (cost=0.42..4527.17 rows=100000 width=20) (actual time=0.015..0.147 rows=1025 loops=1)
 Planning time: 0.273 ms
 Execution time: 0.426 ms
(10 rows)

===== 356 [Wed Mar  7 02:07:41 CET 2018] scale:100000 groups:10000 work_mem:16MB incremental:on max_workers:0 =====
SELECT * FROM s_4 ORDER BY a, b, c, d, e LIMIT 1000
                                                                    QUERY PLAN                                                                     
---------------------------------------------------------------------------------------------------------------------------------------------------
 Limit  (cost=31.15..31.15 rows=1 width=20) (actual time=0.390..0.390 rows=0 loops=1)
   ->  Limit  (cost=1.04..21.15 rows=1000 width=20) (actual time=0.058..0.361 rows=1000 loops=1)
         ->  Incremental Sort  (cost=1.04..2012.29 rows=100000 width=20) (actual time=0.058..0.306 rows=1000 loops=1)
               Sort Key: s_4.a, s_4.b, s_4.c, s_4.d, s_4.e
               Presorted Key: s_4.a, s_4.b, s_4.c, s_4.d
               Sort Method: quicksort  Memory: 27kB
               Sort Groups: 32
               ->  Index Scan using s_4_a_b_c_d_idx on s_4  (cost=0.42..4527.17 rows=100000 width=20) (actual time=0.012..0.133 rows=1025 loops=1)
 Planning time: 0.271 ms
 Execution time: 0.413 ms
(10 rows)

===== 357 [Wed Mar  7 02:07:41 CET 2018] scale:100000 groups:10000 work_mem:16MB incremental:off max_workers:0 =====
SELECT * FROM s_1 ORDER BY a, b LIMIT 1000
                                                         QUERY PLAN                                                          
-----------------------------------------------------------------------------------------------------------------------------
 Limit  (cost=7132.39..7132.39 rows=1 width=20) (actual time=12.584..12.584 rows=0 loops=1)
   ->  Limit  (cost=7119.89..7122.39 rows=1000 width=20) (actual time=12.462..12.556 rows=1000 loops=1)
         ->  Sort  (cost=7119.89..7369.89 rows=100000 width=20) (actual time=12.461..12.500 rows=1000 loops=1)
               Sort Key: s_1.a, s_1.b
               Sort Method: top-N heapsort  Memory: 127kB
               ->  Seq Scan on s_1  (cost=0.00..1637.00 rows=100000 width=20) (actual time=0.007..5.054 rows=100000 loops=1)
 Planning time: 0.267 ms
 Execution time: 12.621 ms
(8 rows)

===== 358 [Wed Mar  7 02:07:41 CET 2018] scale:100000 groups:10000 work_mem:16MB incremental:off max_workers:0 =====
SELECT * FROM s_2 ORDER BY a, b, c LIMIT 1000
                                                         QUERY PLAN                                                          
-----------------------------------------------------------------------------------------------------------------------------
 Limit  (cost=7132.39..7132.39 rows=1 width=20) (actual time=12.585..12.585 rows=0 loops=1)
   ->  Limit  (cost=7119.89..7122.39 rows=1000 width=20) (actual time=12.464..12.557 rows=1000 loops=1)
         ->  Sort  (cost=7119.89..7369.89 rows=100000 width=20) (actual time=12.464..12.502 rows=1000 loops=1)
               Sort Key: s_2.a, s_2.b, s_2.c
               Sort Method: top-N heapsort  Memory: 127kB
               ->  Seq Scan on s_2  (cost=0.00..1637.00 rows=100000 width=20) (actual time=0.011..5.061 rows=100000 loops=1)
 Planning time: 0.266 ms
 Execution time: 12.622 ms
(8 rows)

===== 359 [Wed Mar  7 02:07:41 CET 2018] scale:100000 groups:10000 work_mem:16MB incremental:off max_workers:0 =====
SELECT * FROM s_3 ORDER BY a, b, c, d LIMIT 1000
                                                         QUERY PLAN                                                          
-----------------------------------------------------------------------------------------------------------------------------
 Limit  (cost=7132.39..7132.39 rows=1 width=20) (actual time=12.710..12.710 rows=0 loops=1)
   ->  Limit  (cost=7119.89..7122.39 rows=1000 width=20) (actual time=12.589..12.683 rows=1000 loops=1)
         ->  Sort  (cost=7119.89..7369.89 rows=100000 width=20) (actual time=12.588..12.627 rows=1000 loops=1)
               Sort Key: s_3.a, s_3.b, s_3.c, s_3.d
               Sort Method: top-N heapsort  Memory: 127kB
               ->  Seq Scan on s_3  (cost=0.00..1637.00 rows=100000 width=20) (actual time=0.010..5.034 rows=100000 loops=1)
 Planning time: 0.259 ms
 Execution time: 12.747 ms
(8 rows)

===== 360 [Wed Mar  7 02:07:41 CET 2018] scale:100000 groups:10000 work_mem:16MB incremental:off max_workers:0 =====
SELECT * FROM s_4 ORDER BY a, b, c, d, e LIMIT 1000
                                                         QUERY PLAN                                                          
-----------------------------------------------------------------------------------------------------------------------------
 Limit  (cost=7132.39..7132.39 rows=1 width=20) (actual time=12.653..12.653 rows=0 loops=1)
   ->  Limit  (cost=7119.89..7122.39 rows=1000 width=20) (actual time=12.530..12.624 rows=1000 loops=1)
         ->  Sort  (cost=7119.89..7369.89 rows=100000 width=20) (actual time=12.529..12.568 rows=1000 loops=1)
               Sort Key: s_4.a, s_4.b, s_4.c, s_4.d, s_4.e
               Sort Method: top-N heapsort  Memory: 127kB
               ->  Seq Scan on s_4  (cost=0.00..1637.00 rows=100000 width=20) (actual time=0.012..5.064 rows=100000 loops=1)
 Planning time: 0.257 ms
 Execution time: 12.690 ms
(8 rows)

===== 361 [Wed Mar  7 02:07:41 CET 2018] scale:100000 groups:10000 work_mem:32MB incremental:on max_workers:0 =====
SELECT * FROM s_1 ORDER BY a, b LIMIT 1000
                                                                 QUERY PLAN                                                                  
---------------------------------------------------------------------------------------------------------------------------------------------
 Limit  (cost=30.74..30.74 rows=1 width=20) (actual time=0.461..0.461 rows=0 loops=1)
   ->  Limit  (cost=0.79..20.74 rows=1000 width=20) (actual time=0.061..0.432 rows=1000 loops=1)
         ->  Incremental Sort  (cost=0.79..1995.53 rows=100000 width=20) (actual time=0.061..0.377 rows=1000 loops=1)
               Sort Key: s_1.a, s_1.b
               Presorted Key: s_1.a
               Sort Method: quicksort  Memory: 28kB
               Sort Groups: 29
               ->  Index Scan using s_1_a_idx on s_1  (cost=0.29..3244.29 rows=100000 width=20) (actual time=0.009..0.135 rows=1025 loops=1)
 Planning time: 0.263 ms
 Execution time: 0.486 ms
(10 rows)

===== 362 [Wed Mar  7 02:07:41 CET 2018] scale:100000 groups:10000 work_mem:32MB incremental:on max_workers:0 =====
SELECT * FROM s_2 ORDER BY a, b, c LIMIT 1000
                                                                  QUERY PLAN                                                                   
-----------------------------------------------------------------------------------------------------------------------------------------------
 Limit  (cost=30.93..30.93 rows=1 width=20) (actual time=0.396..0.396 rows=0 loops=1)
   ->  Limit  (cost=0.87..20.93 rows=1000 width=20) (actual time=0.060..0.367 rows=1000 loops=1)
         ->  Incremental Sort  (cost=0.87..2007.69 rows=100000 width=20) (actual time=0.060..0.312 rows=1000 loops=1)
               Sort Key: s_2.a, s_2.b, s_2.c
               Presorted Key: s_2.a, s_2.b
               Sort Method: quicksort  Memory: 27kB
               Sort Groups: 32
               ->  Index Scan using s_2_a_b_idx on s_2  (cost=0.29..4079.04 rows=100000 width=20) (actual time=0.015..0.142 rows=1025 loops=1)
 Planning time: 0.272 ms
 Execution time: 0.419 ms
(10 rows)

===== 363 [Wed Mar  7 02:07:42 CET 2018] scale:100000 groups:10000 work_mem:32MB incremental:on max_workers:0 =====
SELECT * FROM s_3 ORDER BY a, b, c, d LIMIT 1000
                                                                   QUERY PLAN                                                                    
-------------------------------------------------------------------------------------------------------------------------------------------------
 Limit  (cost=31.15..31.15 rows=1 width=20) (actual time=0.403..0.403 rows=0 loops=1)
   ->  Limit  (cost=1.04..21.15 rows=1000 width=20) (actual time=0.063..0.374 rows=1000 loops=1)
         ->  Incremental Sort  (cost=1.04..2012.29 rows=100000 width=20) (actual time=0.062..0.319 rows=1000 loops=1)
               Sort Key: s_3.a, s_3.b, s_3.c, s_3.d
               Presorted Key: s_3.a, s_3.b, s_3.c
               Sort Method: quicksort  Memory: 27kB
               Sort Groups: 32
               ->  Index Scan using s_3_a_b_c_idx on s_3  (cost=0.42..4527.17 rows=100000 width=20) (actual time=0.015..0.145 rows=1025 loops=1)
 Planning time: 0.272 ms
 Execution time: 0.425 ms
(10 rows)

===== 364 [Wed Mar  7 02:07:42 CET 2018] scale:100000 groups:10000 work_mem:32MB incremental:on max_workers:0 =====
SELECT * FROM s_4 ORDER BY a, b, c, d, e LIMIT 1000
                                                                    QUERY PLAN                                                                     
---------------------------------------------------------------------------------------------------------------------------------------------------
 Limit  (cost=31.15..31.15 rows=1 width=20) (actual time=0.389..0.389 rows=0 loops=1)
   ->  Limit  (cost=1.04..21.15 rows=1000 width=20) (actual time=0.058..0.361 rows=1000 loops=1)
         ->  Incremental Sort  (cost=1.04..2012.29 rows=100000 width=20) (actual time=0.058..0.305 rows=1000 loops=1)
               Sort Key: s_4.a, s_4.b, s_4.c, s_4.d, s_4.e
               Presorted Key: s_4.a, s_4.b, s_4.c, s_4.d
               Sort Method: quicksort  Memory: 27kB
               Sort Groups: 32
               ->  Index Scan using s_4_a_b_c_d_idx on s_4  (cost=0.42..4527.17 rows=100000 width=20) (actual time=0.012..0.133 rows=1025 loops=1)
 Planning time: 0.269 ms
 Execution time: 0.411 ms
(10 rows)

===== 365 [Wed Mar  7 02:07:42 CET 2018] scale:100000 groups:10000 work_mem:32MB incremental:off max_workers:0 =====
SELECT * FROM s_1 ORDER BY a, b LIMIT 1000
                                                         QUERY PLAN                                                          
-----------------------------------------------------------------------------------------------------------------------------
 Limit  (cost=7132.39..7132.39 rows=1 width=20) (actual time=12.586..12.586 rows=0 loops=1)
   ->  Limit  (cost=7119.89..7122.39 rows=1000 width=20) (actual time=12.461..12.557 rows=1000 loops=1)
         ->  Sort  (cost=7119.89..7369.89 rows=100000 width=20) (actual time=12.460..12.499 rows=1000 loops=1)
               Sort Key: s_1.a, s_1.b
               Sort Method: top-N heapsort  Memory: 127kB
               ->  Seq Scan on s_1  (cost=0.00..1637.00 rows=100000 width=20) (actual time=0.007..5.066 rows=100000 loops=1)
 Planning time: 0.263 ms
 Execution time: 12.624 ms
(8 rows)

===== 366 [Wed Mar  7 02:07:42 CET 2018] scale:100000 groups:10000 work_mem:32MB incremental:off max_workers:0 =====
SELECT * FROM s_2 ORDER BY a, b, c LIMIT 1000
                                                         QUERY PLAN                                                          
-----------------------------------------------------------------------------------------------------------------------------
 Limit  (cost=7132.39..7132.39 rows=1 width=20) (actual time=12.571..12.571 rows=0 loops=1)
   ->  Limit  (cost=7119.89..7122.39 rows=1000 width=20) (actual time=12.449..12.543 rows=1000 loops=1)
         ->  Sort  (cost=7119.89..7369.89 rows=100000 width=20) (actual time=12.449..12.488 rows=1000 loops=1)
               Sort Key: s_2.a, s_2.b, s_2.c
               Sort Method: top-N heapsort  Memory: 127kB
               ->  Seq Scan on s_2  (cost=0.00..1637.00 rows=100000 width=20) (actual time=0.010..5.058 rows=100000 loops=1)
 Planning time: 0.263 ms
 Execution time: 12.609 ms
(8 rows)

===== 367 [Wed Mar  7 02:07:42 CET 2018] scale:100000 groups:10000 work_mem:32MB incremental:off max_workers:0 =====
SELECT * FROM s_3 ORDER BY a, b, c, d LIMIT 1000
                                                         QUERY PLAN                                                          
-----------------------------------------------------------------------------------------------------------------------------
 Limit  (cost=7132.39..7132.39 rows=1 width=20) (actual time=12.661..12.661 rows=0 loops=1)
   ->  Limit  (cost=7119.89..7122.39 rows=1000 width=20) (actual time=12.540..12.633 rows=1000 loops=1)
         ->  Sort  (cost=7119.89..7369.89 rows=100000 width=20) (actual time=12.540..12.578 rows=1000 loops=1)
               Sort Key: s_3.a, s_3.b, s_3.c, s_3.d
               Sort Method: top-N heapsort  Memory: 127kB
               ->  Seq Scan on s_3  (cost=0.00..1637.00 rows=100000 width=20) (actual time=0.010..5.053 rows=100000 loops=1)
 Planning time: 0.261 ms
 Execution time: 12.698 ms
(8 rows)

===== 368 [Wed Mar  7 02:07:42 CET 2018] scale:100000 groups:10000 work_mem:32MB incremental:off max_workers:0 =====
SELECT * FROM s_4 ORDER BY a, b, c, d, e LIMIT 1000
                                                         QUERY PLAN                                                          
-----------------------------------------------------------------------------------------------------------------------------
 Limit  (cost=7132.39..7132.39 rows=1 width=20) (actual time=12.638..12.638 rows=0 loops=1)
   ->  Limit  (cost=7119.89..7122.39 rows=1000 width=20) (actual time=12.517..12.610 rows=1000 loops=1)
         ->  Sort  (cost=7119.89..7369.89 rows=100000 width=20) (actual time=12.516..12.554 rows=1000 loops=1)
               Sort Key: s_4.a, s_4.b, s_4.c, s_4.d, s_4.e
               Sort Method: top-N heapsort  Memory: 127kB
               ->  Seq Scan on s_4  (cost=0.00..1637.00 rows=100000 width=20) (actual time=0.012..5.064 rows=100000 loops=1)
 Planning time: 0.259 ms
 Execution time: 12.675 ms
(8 rows)

===== 369 [Wed Mar  7 02:07:42 CET 2018] scale:100000 groups:10000 work_mem:64MB incremental:on max_workers:0 =====
SELECT * FROM s_1 ORDER BY a, b LIMIT 1000
                                                                 QUERY PLAN                                                                  
---------------------------------------------------------------------------------------------------------------------------------------------
 Limit  (cost=30.74..30.74 rows=1 width=20) (actual time=0.453..0.453 rows=0 loops=1)
   ->  Limit  (cost=0.79..20.74 rows=1000 width=20) (actual time=0.062..0.425 rows=1000 loops=1)
         ->  Incremental Sort  (cost=0.79..1995.53 rows=100000 width=20) (actual time=0.062..0.369 rows=1000 loops=1)
               Sort Key: s_1.a, s_1.b
               Presorted Key: s_1.a
               Sort Method: quicksort  Memory: 28kB
               Sort Groups: 29
               ->  Index Scan using s_1_a_idx on s_1  (cost=0.29..3244.29 rows=100000 width=20) (actual time=0.009..0.128 rows=1025 loops=1)
 Planning time: 0.266 ms
 Execution time: 0.481 ms
(10 rows)

===== 370 [Wed Mar  7 02:07:42 CET 2018] scale:100000 groups:10000 work_mem:64MB incremental:on max_workers:0 =====
SELECT * FROM s_2 ORDER BY a, b, c LIMIT 1000
                                                                  QUERY PLAN                                                                   
-----------------------------------------------------------------------------------------------------------------------------------------------
 Limit  (cost=30.93..30.93 rows=1 width=20) (actual time=0.392..0.392 rows=0 loops=1)
   ->  Limit  (cost=0.87..20.93 rows=1000 width=20) (actual time=0.062..0.364 rows=1000 loops=1)
         ->  Incremental Sort  (cost=0.87..2007.69 rows=100000 width=20) (actual time=0.062..0.308 rows=1000 loops=1)
               Sort Key: s_2.a, s_2.b, s_2.c
               Presorted Key: s_2.a, s_2.b
               Sort Method: quicksort  Memory: 27kB
               Sort Groups: 32
               ->  Index Scan using s_2_a_b_idx on s_2  (cost=0.29..4079.04 rows=100000 width=20) (actual time=0.019..0.141 rows=1025 loops=1)
 Planning time: 0.279 ms
 Execution time: 0.415 ms
(10 rows)

===== 371 [Wed Mar  7 02:07:42 CET 2018] scale:100000 groups:10000 work_mem:64MB incremental:on max_workers:0 =====
SELECT * FROM s_3 ORDER BY a, b, c, d LIMIT 1000
                                                                   QUERY PLAN                                                                    
-------------------------------------------------------------------------------------------------------------------------------------------------
 Limit  (cost=31.15..31.15 rows=1 width=20) (actual time=0.397..0.397 rows=0 loops=1)
   ->  Limit  (cost=1.04..21.15 rows=1000 width=20) (actual time=0.063..0.368 rows=1000 loops=1)
         ->  Incremental Sort  (cost=1.04..2012.29 rows=100000 width=20) (actual time=0.063..0.313 rows=1000 loops=1)
               Sort Key: s_3.a, s_3.b, s_3.c, s_3.d
               Presorted Key: s_3.a, s_3.b, s_3.c
               Sort Method: quicksort  Memory: 27kB
               Sort Groups: 32
               ->  Index Scan using s_3_a_b_c_idx on s_3  (cost=0.42..4527.17 rows=100000 width=20) (actual time=0.015..0.139 rows=1025 loops=1)
 Planning time: 0.271 ms
 Execution time: 0.421 ms
(10 rows)

===== 372 [Wed Mar  7 02:07:42 CET 2018] scale:100000 groups:10000 work_mem:64MB incremental:on max_workers:0 =====
SELECT * FROM s_4 ORDER BY a, b, c, d, e LIMIT 1000
                                                                    QUERY PLAN                                                                     
---------------------------------------------------------------------------------------------------------------------------------------------------
 Limit  (cost=31.15..31.15 rows=1 width=20) (actual time=0.390..0.390 rows=0 loops=1)
   ->  Limit  (cost=1.04..21.15 rows=1000 width=20) (actual time=0.059..0.361 rows=1000 loops=1)
         ->  Incremental Sort  (cost=1.04..2012.29 rows=100000 width=20) (actual time=0.058..0.306 rows=1000 loops=1)
               Sort Key: s_4.a, s_4.b, s_4.c, s_4.d, s_4.e
               Presorted Key: s_4.a, s_4.b, s_4.c, s_4.d
               Sort Method: quicksort  Memory: 27kB
               Sort Groups: 32
               ->  Index Scan using s_4_a_b_c_d_idx on s_4  (cost=0.42..4527.17 rows=100000 width=20) (actual time=0.012..0.133 rows=1025 loops=1)
 Planning time: 0.271 ms
 Execution time: 0.412 ms
(10 rows)

===== 373 [Wed Mar  7 02:07:43 CET 2018] scale:100000 groups:10000 work_mem:64MB incremental:off max_workers:0 =====
SELECT * FROM s_1 ORDER BY a, b LIMIT 1000
                                                         QUERY PLAN                                                          
-----------------------------------------------------------------------------------------------------------------------------
 Limit  (cost=7132.39..7132.39 rows=1 width=20) (actual time=12.584..12.584 rows=0 loops=1)
   ->  Limit  (cost=7119.89..7122.39 rows=1000 width=20) (actual time=12.459..12.556 rows=1000 loops=1)
         ->  Sort  (cost=7119.89..7369.89 rows=100000 width=20) (actual time=12.458..12.497 rows=1000 loops=1)
               Sort Key: s_1.a, s_1.b
               Sort Method: top-N heapsort  Memory: 127kB
               ->  Seq Scan on s_1  (cost=0.00..1637.00 rows=100000 width=20) (actual time=0.007..5.065 rows=100000 loops=1)
 Planning time: 0.260 ms
 Execution time: 12.624 ms
(8 rows)

===== 374 [Wed Mar  7 02:07:43 CET 2018] scale:100000 groups:10000 work_mem:64MB incremental:off max_workers:0 =====
SELECT * FROM s_2 ORDER BY a, b, c LIMIT 1000
                                                         QUERY PLAN                                                          
-----------------------------------------------------------------------------------------------------------------------------
 Limit  (cost=7132.39..7132.39 rows=1 width=20) (actual time=12.577..12.577 rows=0 loops=1)
   ->  Limit  (cost=7119.89..7122.39 rows=1000 width=20) (actual time=12.455..12.549 rows=1000 loops=1)
         ->  Sort  (cost=7119.89..7369.89 rows=100000 width=20) (actual time=12.454..12.493 rows=1000 loops=1)
               Sort Key: s_2.a, s_2.b, s_2.c
               Sort Method: top-N heapsort  Memory: 127kB
               ->  Seq Scan on s_2  (cost=0.00..1637.00 rows=100000 width=20) (actual time=0.010..5.056 rows=100000 loops=1)
 Planning time: 0.270 ms
 Execution time: 12.615 ms
(8 rows)

===== 375 [Wed Mar  7 02:07:43 CET 2018] scale:100000 groups:10000 work_mem:64MB incremental:off max_workers:0 =====
SELECT * FROM s_3 ORDER BY a, b, c, d LIMIT 1000
                                                         QUERY PLAN                                                          
-----------------------------------------------------------------------------------------------------------------------------
 Limit  (cost=7132.39..7132.39 rows=1 width=20) (actual time=12.825..12.825 rows=0 loops=1)
   ->  Limit  (cost=7119.89..7122.39 rows=1000 width=20) (actual time=12.704..12.797 rows=1000 loops=1)
         ->  Sort  (cost=7119.89..7369.89 rows=100000 width=20) (actual time=12.703..12.741 rows=1000 loops=1)
               Sort Key: s_3.a, s_3.b, s_3.c, s_3.d
               Sort Method: top-N heapsort  Memory: 127kB
               ->  Seq Scan on s_3  (cost=0.00..1637.00 rows=100000 width=20) (actual time=0.010..5.041 rows=100000 loops=1)
 Planning time: 0.267 ms
 Execution time: 12.861 ms
(8 rows)

===== 376 [Wed Mar  7 02:07:43 CET 2018] scale:100000 groups:10000 work_mem:64MB incremental:off max_workers:0 =====
SELECT * FROM s_4 ORDER BY a, b, c, d, e LIMIT 1000
                                                         QUERY PLAN                                                          
-----------------------------------------------------------------------------------------------------------------------------
 Limit  (cost=7132.39..7132.39 rows=1 width=20) (actual time=12.643..12.643 rows=0 loops=1)
   ->  Limit  (cost=7119.89..7122.39 rows=1000 width=20) (actual time=12.518..12.614 rows=1000 loops=1)
         ->  Sort  (cost=7119.89..7369.89 rows=100000 width=20) (actual time=12.517..12.556 rows=1000 loops=1)
               Sort Key: s_4.a, s_4.b, s_4.c, s_4.d, s_4.e
               Sort Method: top-N heapsort  Memory: 127kB
               ->  Seq Scan on s_4  (cost=0.00..1637.00 rows=100000 width=20) (actual time=0.011..5.063 rows=100000 loops=1)
 Planning time: 0.257 ms
 Execution time: 12.680 ms
(8 rows)

===== 377 [Wed Mar  7 02:07:43 CET 2018] scale:100000 groups:10000 work_mem:128MB incremental:on max_workers:0 =====
SELECT * FROM s_1 ORDER BY a, b LIMIT 1000
                                                                 QUERY PLAN                                                                  
---------------------------------------------------------------------------------------------------------------------------------------------
 Limit  (cost=30.74..30.74 rows=1 width=20) (actual time=0.456..0.456 rows=0 loops=1)
   ->  Limit  (cost=0.79..20.74 rows=1000 width=20) (actual time=0.063..0.427 rows=1000 loops=1)
         ->  Incremental Sort  (cost=0.79..1995.53 rows=100000 width=20) (actual time=0.063..0.372 rows=1000 loops=1)
               Sort Key: s_1.a, s_1.b
               Presorted Key: s_1.a
               Sort Method: quicksort  Memory: 28kB
               Sort Groups: 29
               ->  Index Scan using s_1_a_idx on s_1  (cost=0.29..3244.29 rows=100000 width=20) (actual time=0.009..0.127 rows=1025 loops=1)
 Planning time: 0.271 ms
 Execution time: 0.479 ms
(10 rows)

===== 378 [Wed Mar  7 02:07:43 CET 2018] scale:100000 groups:10000 work_mem:128MB incremental:on max_workers:0 =====
SELECT * FROM s_2 ORDER BY a, b, c LIMIT 1000
                                                                  QUERY PLAN                                                                   
-----------------------------------------------------------------------------------------------------------------------------------------------
 Limit  (cost=30.93..30.93 rows=1 width=20) (actual time=0.395..0.395 rows=0 loops=1)
   ->  Limit  (cost=0.87..20.93 rows=1000 width=20) (actual time=0.061..0.367 rows=1000 loops=1)
         ->  Incremental Sort  (cost=0.87..2007.69 rows=100000 width=20) (actual time=0.061..0.311 rows=1000 loops=1)
               Sort Key: s_2.a, s_2.b, s_2.c
               Presorted Key: s_2.a, s_2.b
               Sort Method: quicksort  Memory: 27kB
               Sort Groups: 32
               ->  Index Scan using s_2_a_b_idx on s_2  (cost=0.29..4079.04 rows=100000 width=20) (actual time=0.015..0.140 rows=1025 loops=1)
 Planning time: 0.284 ms
 Execution time: 0.418 ms
(10 rows)

===== 379 [Wed Mar  7 02:07:43 CET 2018] scale:100000 groups:10000 work_mem:128MB incremental:on max_workers:0 =====
SELECT * FROM s_3 ORDER BY a, b, c, d LIMIT 1000
                                                                   QUERY PLAN                                                                    
-------------------------------------------------------------------------------------------------------------------------------------------------
 Limit  (cost=31.15..31.15 rows=1 width=20) (actual time=0.395..0.395 rows=0 loops=1)
   ->  Limit  (cost=1.04..21.15 rows=1000 width=20) (actual time=0.063..0.366 rows=1000 loops=1)
         ->  Incremental Sort  (cost=1.04..2012.29 rows=100000 width=20) (actual time=0.062..0.311 rows=1000 loops=1)
               Sort Key: s_3.a, s_3.b, s_3.c, s_3.d
               Presorted Key: s_3.a, s_3.b, s_3.c
               Sort Method: quicksort  Memory: 27kB
               Sort Groups: 32
               ->  Index Scan using s_3_a_b_c_idx on s_3  (cost=0.42..4527.17 rows=100000 width=20) (actual time=0.015..0.139 rows=1025 loops=1)
 Planning time: 0.276 ms
 Execution time: 0.418 ms
(10 rows)

===== 380 [Wed Mar  7 02:07:43 CET 2018] scale:100000 groups:10000 work_mem:128MB incremental:on max_workers:0 =====
SELECT * FROM s_4 ORDER BY a, b, c, d, e LIMIT 1000
                                                                    QUERY PLAN                                                                     
---------------------------------------------------------------------------------------------------------------------------------------------------
 Limit  (cost=31.15..31.15 rows=1 width=20) (actual time=0.398..0.398 rows=0 loops=1)
   ->  Limit  (cost=1.04..21.15 rows=1000 width=20) (actual time=0.062..0.369 rows=1000 loops=1)
         ->  Incremental Sort  (cost=1.04..2012.29 rows=100000 width=20) (actual time=0.062..0.314 rows=1000 loops=1)
               Sort Key: s_4.a, s_4.b, s_4.c, s_4.d, s_4.e
               Presorted Key: s_4.a, s_4.b, s_4.c, s_4.d
               Sort Method: quicksort  Memory: 27kB
               Sort Groups: 32
               ->  Index Scan using s_4_a_b_c_d_idx on s_4  (cost=0.42..4527.17 rows=100000 width=20) (actual time=0.012..0.135 rows=1025 loops=1)
 Planning time: 0.264 ms
 Execution time: 0.420 ms
(10 rows)

===== 381 [Wed Mar  7 02:07:43 CET 2018] scale:100000 groups:10000 work_mem:128MB incremental:off max_workers:0 =====
SELECT * FROM s_1 ORDER BY a, b LIMIT 1000
                                                         QUERY PLAN                                                          
-----------------------------------------------------------------------------------------------------------------------------
 Limit  (cost=7132.39..7132.39 rows=1 width=20) (actual time=12.600..12.600 rows=0 loops=1)
   ->  Limit  (cost=7119.89..7122.39 rows=1000 width=20) (actual time=12.479..12.572 rows=1000 loops=1)
         ->  Sort  (cost=7119.89..7369.89 rows=100000 width=20) (actual time=12.478..12.517 rows=1000 loops=1)
               Sort Key: s_1.a, s_1.b
               Sort Method: top-N heapsort  Memory: 127kB
               ->  Seq Scan on s_1  (cost=0.00..1637.00 rows=100000 width=20) (actual time=0.007..5.059 rows=100000 loops=1)
 Planning time: 0.267 ms
 Execution time: 12.638 ms
(8 rows)

===== 382 [Wed Mar  7 02:07:43 CET 2018] scale:100000 groups:10000 work_mem:128MB incremental:off max_workers:0 =====
SELECT * FROM s_2 ORDER BY a, b, c LIMIT 1000
                                                         QUERY PLAN                                                          
-----------------------------------------------------------------------------------------------------------------------------
 Limit  (cost=7132.39..7132.39 rows=1 width=20) (actual time=12.581..12.581 rows=0 loops=1)
   ->  Limit  (cost=7119.89..7122.39 rows=1000 width=20) (actual time=12.460..12.553 rows=1000 loops=1)
         ->  Sort  (cost=7119.89..7369.89 rows=100000 width=20) (actual time=12.459..12.498 rows=1000 loops=1)
               Sort Key: s_2.a, s_2.b, s_2.c
               Sort Method: top-N heapsort  Memory: 127kB
               ->  Seq Scan on s_2  (cost=0.00..1637.00 rows=100000 width=20) (actual time=0.010..5.063 rows=100000 loops=1)
 Planning time: 0.264 ms
 Execution time: 12.620 ms
(8 rows)

===== 383 [Wed Mar  7 02:07:44 CET 2018] scale:100000 groups:10000 work_mem:128MB incremental:off max_workers:0 =====
SELECT * FROM s_3 ORDER BY a, b, c, d LIMIT 1000
                                                         QUERY PLAN                                                          
-----------------------------------------------------------------------------------------------------------------------------
 Limit  (cost=7132.39..7132.39 rows=1 width=20) (actual time=12.673..12.673 rows=0 loops=1)
   ->  Limit  (cost=7119.89..7122.39 rows=1000 width=20) (actual time=12.552..12.645 rows=1000 loops=1)
         ->  Sort  (cost=7119.89..7369.89 rows=100000 width=20) (actual time=12.551..12.590 rows=1000 loops=1)
               Sort Key: s_3.a, s_3.b, s_3.c, s_3.d
               Sort Method: top-N heapsort  Memory: 127kB
               ->  Seq Scan on s_3  (cost=0.00..1637.00 rows=100000 width=20) (actual time=0.010..5.046 rows=100000 loops=1)
 Planning time: 0.259 ms
 Execution time: 12.710 ms
(8 rows)

===== 384 [Wed Mar  7 02:07:44 CET 2018] scale:100000 groups:10000 work_mem:128MB incremental:off max_workers:0 =====
SELECT * FROM s_4 ORDER BY a, b, c, d, e LIMIT 1000
                                                         QUERY PLAN                                                          
-----------------------------------------------------------------------------------------------------------------------------
 Limit  (cost=7132.39..7132.39 rows=1 width=20) (actual time=12.633..12.633 rows=0 loops=1)
   ->  Limit  (cost=7119.89..7122.39 rows=1000 width=20) (actual time=12.510..12.605 rows=1000 loops=1)
         ->  Sort  (cost=7119.89..7369.89 rows=100000 width=20) (actual time=12.510..12.548 rows=1000 loops=1)
               Sort Key: s_4.a, s_4.b, s_4.c, s_4.d, s_4.e
               Sort Method: top-N heapsort  Memory: 127kB
               ->  Seq Scan on s_4  (cost=0.00..1637.00 rows=100000 width=20) (actual time=0.011..5.064 rows=100000 loops=1)
 Planning time: 0.258 ms
 Execution time: 12.669 ms
(8 rows)

===== 385 [Wed Mar  7 02:07:44 CET 2018] scale:100000 groups:10000 work_mem:256MB incremental:on max_workers:0 =====
SELECT * FROM s_1 ORDER BY a, b LIMIT 1000
                                                                 QUERY PLAN                                                                  
---------------------------------------------------------------------------------------------------------------------------------------------
 Limit  (cost=30.74..30.74 rows=1 width=20) (actual time=0.447..0.447 rows=0 loops=1)
   ->  Limit  (cost=0.79..20.74 rows=1000 width=20) (actual time=0.057..0.418 rows=1000 loops=1)
         ->  Incremental Sort  (cost=0.79..1995.53 rows=100000 width=20) (actual time=0.056..0.363 rows=1000 loops=1)
               Sort Key: s_1.a, s_1.b
               Presorted Key: s_1.a
               Sort Method: quicksort  Memory: 28kB
               Sort Groups: 29
               ->  Index Scan using s_1_a_idx on s_1  (cost=0.29..3244.29 rows=100000 width=20) (actual time=0.009..0.126 rows=1025 loops=1)
 Planning time: 0.278 ms
 Execution time: 0.470 ms
(10 rows)

===== 386 [Wed Mar  7 02:07:44 CET 2018] scale:100000 groups:10000 work_mem:256MB incremental:on max_workers:0 =====
SELECT * FROM s_2 ORDER BY a, b, c LIMIT 1000
                                                                  QUERY PLAN                                                                   
-----------------------------------------------------------------------------------------------------------------------------------------------
 Limit  (cost=30.93..30.93 rows=1 width=20) (actual time=0.400..0.400 rows=0 loops=1)
   ->  Limit  (cost=0.87..20.93 rows=1000 width=20) (actual time=0.060..0.367 rows=1000 loops=1)
         ->  Incremental Sort  (cost=0.87..2007.69 rows=100000 width=20) (actual time=0.060..0.311 rows=1000 loops=1)
               Sort Key: s_2.a, s_2.b, s_2.c
               Presorted Key: s_2.a, s_2.b
               Sort Method: quicksort  Memory: 27kB
               Sort Groups: 32
               ->  Index Scan using s_2_a_b_idx on s_2  (cost=0.29..4079.04 rows=100000 width=20) (actual time=0.015..0.140 rows=1025 loops=1)
 Planning time: 0.275 ms
 Execution time: 0.423 ms
(10 rows)

===== 387 [Wed Mar  7 02:07:44 CET 2018] scale:100000 groups:10000 work_mem:256MB incremental:on max_workers:0 =====
SELECT * FROM s_3 ORDER BY a, b, c, d LIMIT 1000
                                                                   QUERY PLAN                                                                    
-------------------------------------------------------------------------------------------------------------------------------------------------
 Limit  (cost=31.15..31.15 rows=1 width=20) (actual time=0.400..0.400 rows=0 loops=1)
   ->  Limit  (cost=1.04..21.15 rows=1000 width=20) (actual time=0.061..0.371 rows=1000 loops=1)
         ->  Incremental Sort  (cost=1.04..2012.29 rows=100000 width=20) (actual time=0.061..0.312 rows=1000 loops=1)
               Sort Key: s_3.a, s_3.b, s_3.c, s_3.d
               Presorted Key: s_3.a, s_3.b, s_3.c
               Sort Method: quicksort  Memory: 27kB
               Sort Groups: 32
               ->  Index Scan using s_3_a_b_c_idx on s_3  (cost=0.42..4527.17 rows=100000 width=20) (actual time=0.015..0.140 rows=1025 loops=1)
 Planning time: 0.269 ms
 Execution time: 0.422 ms
(10 rows)

===== 388 [Wed Mar  7 02:07:44 CET 2018] scale:100000 groups:10000 work_mem:256MB incremental:on max_workers:0 =====
SELECT * FROM s_4 ORDER BY a, b, c, d, e LIMIT 1000
                                                                    QUERY PLAN                                                                     
---------------------------------------------------------------------------------------------------------------------------------------------------
 Limit  (cost=31.15..31.15 rows=1 width=20) (actual time=0.390..0.390 rows=0 loops=1)
   ->  Limit  (cost=1.04..21.15 rows=1000 width=20) (actual time=0.061..0.362 rows=1000 loops=1)
         ->  Incremental Sort  (cost=1.04..2012.29 rows=100000 width=20) (actual time=0.061..0.306 rows=1000 loops=1)
               Sort Key: s_4.a, s_4.b, s_4.c, s_4.d, s_4.e
               Presorted Key: s_4.a, s_4.b, s_4.c, s_4.d
               Sort Method: quicksort  Memory: 27kB
               Sort Groups: 32
               ->  Index Scan using s_4_a_b_c_d_idx on s_4  (cost=0.42..4527.17 rows=100000 width=20) (actual time=0.012..0.133 rows=1025 loops=1)
 Planning time: 0.275 ms
 Execution time: 0.412 ms
(10 rows)

===== 389 [Wed Mar  7 02:07:44 CET 2018] scale:100000 groups:10000 work_mem:256MB incremental:off max_workers:0 =====
SELECT * FROM s_1 ORDER BY a, b LIMIT 1000
                                                         QUERY PLAN                                                          
-----------------------------------------------------------------------------------------------------------------------------
 Limit  (cost=7132.39..7132.39 rows=1 width=20) (actual time=12.583..12.583 rows=0 loops=1)
   ->  Limit  (cost=7119.89..7122.39 rows=1000 width=20) (actual time=12.459..12.555 rows=1000 loops=1)
         ->  Sort  (cost=7119.89..7369.89 rows=100000 width=20) (actual time=12.459..12.499 rows=1000 loops=1)
               Sort Key: s_1.a, s_1.b
               Sort Method: top-N heapsort  Memory: 127kB
               ->  Seq Scan on s_1  (cost=0.00..1637.00 rows=100000 width=20) (actual time=0.007..5.058 rows=100000 loops=1)
 Planning time: 0.257 ms
 Execution time: 12.620 ms
(8 rows)

===== 390 [Wed Mar  7 02:07:44 CET 2018] scale:100000 groups:10000 work_mem:256MB incremental:off max_workers:0 =====
SELECT * FROM s_2 ORDER BY a, b, c LIMIT 1000
                                                         QUERY PLAN                                                          
-----------------------------------------------------------------------------------------------------------------------------
 Limit  (cost=7132.39..7132.39 rows=1 width=20) (actual time=12.575..12.575 rows=0 loops=1)
   ->  Limit  (cost=7119.89..7122.39 rows=1000 width=20) (actual time=12.453..12.547 rows=1000 loops=1)
         ->  Sort  (cost=7119.89..7369.89 rows=100000 width=20) (actual time=12.453..12.492 rows=1000 loops=1)
               Sort Key: s_2.a, s_2.b, s_2.c
               Sort Method: top-N heapsort  Memory: 127kB
               ->  Seq Scan on s_2  (cost=0.00..1637.00 rows=100000 width=20) (actual time=0.010..5.060 rows=100000 loops=1)
 Planning time: 0.262 ms
 Execution time: 12.612 ms
(8 rows)

===== 391 [Wed Mar  7 02:07:44 CET 2018] scale:100000 groups:10000 work_mem:256MB incremental:off max_workers:0 =====
SELECT * FROM s_3 ORDER BY a, b, c, d LIMIT 1000
                                                         QUERY PLAN                                                          
-----------------------------------------------------------------------------------------------------------------------------
 Limit  (cost=7132.39..7132.39 rows=1 width=20) (actual time=12.679..12.679 rows=0 loops=1)
   ->  Limit  (cost=7119.89..7122.39 rows=1000 width=20) (actual time=12.558..12.650 rows=1000 loops=1)
         ->  Sort  (cost=7119.89..7369.89 rows=100000 width=20) (actual time=12.557..12.595 rows=1000 loops=1)
               Sort Key: s_3.a, s_3.b, s_3.c, s_3.d
               Sort Method: top-N heapsort  Memory: 127kB
               ->  Seq Scan on s_3  (cost=0.00..1637.00 rows=100000 width=20) (actual time=0.010..5.041 rows=100000 loops=1)
 Planning time: 0.269 ms
 Execution time: 12.716 ms
(8 rows)

===== 392 [Wed Mar  7 02:07:44 CET 2018] scale:100000 groups:10000 work_mem:256MB incremental:off max_workers:0 =====
SELECT * FROM s_4 ORDER BY a, b, c, d, e LIMIT 1000
                                                         QUERY PLAN                                                          
-----------------------------------------------------------------------------------------------------------------------------
 Limit  (cost=7132.39..7132.39 rows=1 width=20) (actual time=12.639..12.639 rows=0 loops=1)
   ->  Limit  (cost=7119.89..7122.39 rows=1000 width=20) (actual time=12.517..12.611 rows=1000 loops=1)
         ->  Sort  (cost=7119.89..7369.89 rows=100000 width=20) (actual time=12.516..12.554 rows=1000 loops=1)
               Sort Key: s_4.a, s_4.b, s_4.c, s_4.d, s_4.e
               Sort Method: top-N heapsort  Memory: 127kB
               ->  Seq Scan on s_4  (cost=0.00..1637.00 rows=100000 width=20) (actual time=0.012..5.053 rows=100000 loops=1)
 Planning time: 0.260 ms
 Execution time: 12.676 ms
(8 rows)

===== 393 [Wed Mar  7 02:07:45 CET 2018] scale:100000 groups:10000 work_mem:4MB incremental:on max_workers:2 =====
SELECT * FROM s_1 ORDER BY a, b LIMIT 1000
                                                                 QUERY PLAN                                                                  
---------------------------------------------------------------------------------------------------------------------------------------------
 Limit  (cost=30.74..30.74 rows=1 width=20) (actual time=0.447..0.447 rows=0 loops=1)
   ->  Limit  (cost=0.79..20.74 rows=1000 width=20) (actual time=0.056..0.418 rows=1000 loops=1)
         ->  Incremental Sort  (cost=0.79..1995.53 rows=100000 width=20) (actual time=0.056..0.363 rows=1000 loops=1)
               Sort Key: s_1.a, s_1.b
               Presorted Key: s_1.a
               Sort Method: quicksort  Memory: 28kB
               Sort Groups: 29
               ->  Index Scan using s_1_a_idx on s_1  (cost=0.29..3244.29 rows=100000 width=20) (actual time=0.008..0.126 rows=1025 loops=1)
 Planning time: 0.277 ms
 Execution time: 0.470 ms
(10 rows)

===== 394 [Wed Mar  7 02:07:45 CET 2018] scale:100000 groups:10000 work_mem:4MB incremental:on max_workers:2 =====
SELECT * FROM s_2 ORDER BY a, b, c LIMIT 1000
                                                                  QUERY PLAN                                                                   
-----------------------------------------------------------------------------------------------------------------------------------------------
 Limit  (cost=30.93..30.93 rows=1 width=20) (actual time=0.399..0.399 rows=0 loops=1)
   ->  Limit  (cost=0.87..20.93 rows=1000 width=20) (actual time=0.066..0.371 rows=1000 loops=1)
         ->  Incremental Sort  (cost=0.87..2007.69 rows=100000 width=20) (actual time=0.065..0.316 rows=1000 loops=1)
               Sort Key: s_2.a, s_2.b, s_2.c
               Presorted Key: s_2.a, s_2.b
               Sort Method: quicksort  Memory: 27kB
               Sort Groups: 32
               ->  Index Scan using s_2_a_b_idx on s_2  (cost=0.29..4079.04 rows=100000 width=20) (actual time=0.015..0.140 rows=1025 loops=1)
 Planning time: 0.279 ms
 Execution time: 0.422 ms
(10 rows)

===== 395 [Wed Mar  7 02:07:45 CET 2018] scale:100000 groups:10000 work_mem:4MB incremental:on max_workers:2 =====
SELECT * FROM s_3 ORDER BY a, b, c, d LIMIT 1000
                                                                   QUERY PLAN                                                                    
-------------------------------------------------------------------------------------------------------------------------------------------------
 Limit  (cost=31.15..31.15 rows=1 width=20) (actual time=0.394..0.394 rows=0 loops=1)
   ->  Limit  (cost=1.04..21.15 rows=1000 width=20) (actual time=0.062..0.366 rows=1000 loops=1)
         ->  Incremental Sort  (cost=1.04..2012.29 rows=100000 width=20) (actual time=0.062..0.311 rows=1000 loops=1)
               Sort Key: s_3.a, s_3.b, s_3.c, s_3.d
               Presorted Key: s_3.a, s_3.b, s_3.c
               Sort Method: quicksort  Memory: 27kB
               Sort Groups: 32
               ->  Index Scan using s_3_a_b_c_idx on s_3  (cost=0.42..4527.17 rows=100000 width=20) (actual time=0.015..0.139 rows=1025 loops=1)
 Planning time: 0.281 ms
 Execution time: 0.418 ms
(10 rows)

===== 396 [Wed Mar  7 02:07:45 CET 2018] scale:100000 groups:10000 work_mem:4MB incremental:on max_workers:2 =====
SELECT * FROM s_4 ORDER BY a, b, c, d, e LIMIT 1000
                                                                    QUERY PLAN                                                                     
---------------------------------------------------------------------------------------------------------------------------------------------------
 Limit  (cost=31.15..31.15 rows=1 width=20) (actual time=0.391..0.391 rows=0 loops=1)
   ->  Limit  (cost=1.04..21.15 rows=1000 width=20) (actual time=0.061..0.363 rows=1000 loops=1)
         ->  Incremental Sort  (cost=1.04..2012.29 rows=100000 width=20) (actual time=0.061..0.307 rows=1000 loops=1)
               Sort Key: s_4.a, s_4.b, s_4.c, s_4.d, s_4.e
               Presorted Key: s_4.a, s_4.b, s_4.c, s_4.d
               Sort Method: quicksort  Memory: 27kB
               Sort Groups: 32
               ->  Index Scan using s_4_a_b_c_d_idx on s_4  (cost=0.42..4527.17 rows=100000 width=20) (actual time=0.012..0.134 rows=1025 loops=1)
 Planning time: 0.271 ms
 Execution time: 0.414 ms
(10 rows)

===== 397 [Wed Mar  7 02:07:45 CET 2018] scale:100000 groups:10000 work_mem:4MB incremental:off max_workers:2 =====
SELECT * FROM s_1 ORDER BY a, b LIMIT 1000
                                                         QUERY PLAN                                                          
-----------------------------------------------------------------------------------------------------------------------------
 Limit  (cost=7132.39..7132.39 rows=1 width=20) (actual time=12.595..12.595 rows=0 loops=1)
   ->  Limit  (cost=7119.89..7122.39 rows=1000 width=20) (actual time=12.472..12.567 rows=1000 loops=1)
         ->  Sort  (cost=7119.89..7369.89 rows=100000 width=20) (actual time=12.472..12.511 rows=1000 loops=1)
               Sort Key: s_1.a, s_1.b
               Sort Method: top-N heapsort  Memory: 127kB
               ->  Seq Scan on s_1  (cost=0.00..1637.00 rows=100000 width=20) (actual time=0.007..5.063 rows=100000 loops=1)
 Planning time: 0.261 ms
 Execution time: 12.635 ms
(8 rows)

===== 398 [Wed Mar  7 02:07:45 CET 2018] scale:100000 groups:10000 work_mem:4MB incremental:off max_workers:2 =====
SELECT * FROM s_2 ORDER BY a, b, c LIMIT 1000
                                                         QUERY PLAN                                                          
-----------------------------------------------------------------------------------------------------------------------------
 Limit  (cost=7132.39..7132.39 rows=1 width=20) (actual time=12.590..12.590 rows=0 loops=1)
   ->  Limit  (cost=7119.89..7122.39 rows=1000 width=20) (actual time=12.470..12.562 rows=1000 loops=1)
         ->  Sort  (cost=7119.89..7369.89 rows=100000 width=20) (actual time=12.469..12.508 rows=1000 loops=1)
               Sort Key: s_2.a, s_2.b, s_2.c
               Sort Method: top-N heapsort  Memory: 127kB
               ->  Seq Scan on s_2  (cost=0.00..1637.00 rows=100000 width=20) (actual time=0.010..5.065 rows=100000 loops=1)
 Planning time: 0.264 ms
 Execution time: 12.627 ms
(8 rows)

===== 399 [Wed Mar  7 02:07:45 CET 2018] scale:100000 groups:10000 work_mem:4MB incremental:off max_workers:2 =====
SELECT * FROM s_3 ORDER BY a, b, c, d LIMIT 1000
                                                         QUERY PLAN                                                          
-----------------------------------------------------------------------------------------------------------------------------
 Limit  (cost=7132.39..7132.39 rows=1 width=20) (actual time=12.688..12.688 rows=0 loops=1)
   ->  Limit  (cost=7119.89..7122.39 rows=1000 width=20) (actual time=12.567..12.660 rows=1000 loops=1)
         ->  Sort  (cost=7119.89..7369.89 rows=100000 width=20) (actual time=12.567..12.605 rows=1000 loops=1)
               Sort Key: s_3.a, s_3.b, s_3.c, s_3.d
               Sort Method: top-N heapsort  Memory: 127kB
               ->  Seq Scan on s_3  (cost=0.00..1637.00 rows=100000 width=20) (actual time=0.010..5.050 rows=100000 loops=1)
 Planning time: 0.261 ms
 Execution time: 12.726 ms
(8 rows)

===== 400 [Wed Mar  7 02:07:45 CET 2018] scale:100000 groups:10000 work_mem:4MB incremental:off max_workers:2 =====
SELECT * FROM s_4 ORDER BY a, b, c, d, e LIMIT 1000
                                                         QUERY PLAN                                                          
-----------------------------------------------------------------------------------------------------------------------------
 Limit  (cost=7132.39..7132.39 rows=1 width=20) (actual time=12.653..12.653 rows=0 loops=1)
   ->  Limit  (cost=7119.89..7122.39 rows=1000 width=20) (actual time=12.531..12.625 rows=1000 loops=1)
         ->  Sort  (cost=7119.89..7369.89 rows=100000 width=20) (actual time=12.530..12.568 rows=1000 loops=1)
               Sort Key: s_4.a, s_4.b, s_4.c, s_4.d, s_4.e
               Sort Method: top-N heapsort  Memory: 127kB
               ->  Seq Scan on s_4  (cost=0.00..1637.00 rows=100000 width=20) (actual time=0.011..5.067 rows=100000 loops=1)
 Planning time: 0.262 ms
 Execution time: 12.691 ms
(8 rows)

===== 401 [Wed Mar  7 02:07:45 CET 2018] scale:100000 groups:10000 work_mem:8MB incremental:on max_workers:2 =====
SELECT * FROM s_1 ORDER BY a, b LIMIT 1000
                                                                 QUERY PLAN                                                                  
---------------------------------------------------------------------------------------------------------------------------------------------
 Limit  (cost=30.74..30.74 rows=1 width=20) (actual time=0.454..0.454 rows=0 loops=1)
   ->  Limit  (cost=0.79..20.74 rows=1000 width=20) (actual time=0.060..0.427 rows=1000 loops=1)
         ->  Incremental Sort  (cost=0.79..1995.53 rows=100000 width=20) (actual time=0.060..0.371 rows=1000 loops=1)
               Sort Key: s_1.a, s_1.b
               Presorted Key: s_1.a
               Sort Method: quicksort  Memory: 28kB
               Sort Groups: 29
               ->  Index Scan using s_1_a_idx on s_1  (cost=0.29..3244.29 rows=100000 width=20) (actual time=0.009..0.130 rows=1025 loops=1)
 Planning time: 0.264 ms
 Execution time: 0.479 ms
(10 rows)

===== 402 [Wed Mar  7 02:07:45 CET 2018] scale:100000 groups:10000 work_mem:8MB incremental:on max_workers:2 =====
SELECT * FROM s_2 ORDER BY a, b, c LIMIT 1000
                                                                  QUERY PLAN                                                                   
-----------------------------------------------------------------------------------------------------------------------------------------------
 Limit  (cost=30.93..30.93 rows=1 width=20) (actual time=0.387..0.387 rows=0 loops=1)
   ->  Limit  (cost=0.87..20.93 rows=1000 width=20) (actual time=0.058..0.359 rows=1000 loops=1)
         ->  Incremental Sort  (cost=0.87..2007.69 rows=100000 width=20) (actual time=0.058..0.303 rows=1000 loops=1)
               Sort Key: s_2.a, s_2.b, s_2.c
               Presorted Key: s_2.a, s_2.b
               Sort Method: quicksort  Memory: 27kB
               Sort Groups: 32
               ->  Index Scan using s_2_a_b_idx on s_2  (cost=0.29..4079.04 rows=100000 width=20) (actual time=0.015..0.137 rows=1025 loops=1)
 Planning time: 0.280 ms
 Execution time: 0.410 ms
(10 rows)

===== 403 [Wed Mar  7 02:07:46 CET 2018] scale:100000 groups:10000 work_mem:8MB incremental:on max_workers:2 =====
SELECT * FROM s_3 ORDER BY a, b, c, d LIMIT 1000
                                                                   QUERY PLAN                                                                    
-------------------------------------------------------------------------------------------------------------------------------------------------
 Limit  (cost=31.15..31.15 rows=1 width=20) (actual time=0.405..0.405 rows=0 loops=1)
   ->  Limit  (cost=1.04..21.15 rows=1000 width=20) (actual time=0.063..0.376 rows=1000 loops=1)
         ->  Incremental Sort  (cost=1.04..2012.29 rows=100000 width=20) (actual time=0.062..0.315 rows=1000 loops=1)
               Sort Key: s_3.a, s_3.b, s_3.c, s_3.d
               Presorted Key: s_3.a, s_3.b, s_3.c
               Sort Method: quicksort  Memory: 27kB
               Sort Groups: 32
               ->  Index Scan using s_3_a_b_c_idx on s_3  (cost=0.42..4527.17 rows=100000 width=20) (actual time=0.015..0.141 rows=1025 loops=1)
 Planning time: 0.273 ms
 Execution time: 0.428 ms
(10 rows)

===== 404 [Wed Mar  7 02:07:46 CET 2018] scale:100000 groups:10000 work_mem:8MB incremental:on max_workers:2 =====
SELECT * FROM s_4 ORDER BY a, b, c, d, e LIMIT 1000
                                                                    QUERY PLAN                                                                     
---------------------------------------------------------------------------------------------------------------------------------------------------
 Limit  (cost=31.15..31.15 rows=1 width=20) (actual time=0.394..0.394 rows=0 loops=1)
   ->  Limit  (cost=1.04..21.15 rows=1000 width=20) (actual time=0.058..0.366 rows=1000 loops=1)
         ->  Incremental Sort  (cost=1.04..2012.29 rows=100000 width=20) (actual time=0.058..0.311 rows=1000 loops=1)
               Sort Key: s_4.a, s_4.b, s_4.c, s_4.d, s_4.e
               Presorted Key: s_4.a, s_4.b, s_4.c, s_4.d
               Sort Method: quicksort  Memory: 27kB
               Sort Groups: 32
               ->  Index Scan using s_4_a_b_c_d_idx on s_4  (cost=0.42..4527.17 rows=100000 width=20) (actual time=0.012..0.134 rows=1025 loops=1)
 Planning time: 0.274 ms
 Execution time: 0.417 ms
(10 rows)

===== 405 [Wed Mar  7 02:07:46 CET 2018] scale:100000 groups:10000 work_mem:8MB incremental:off max_workers:2 =====
SELECT * FROM s_1 ORDER BY a, b LIMIT 1000
                                                         QUERY PLAN                                                          
-----------------------------------------------------------------------------------------------------------------------------
 Limit  (cost=7132.39..7132.39 rows=1 width=20) (actual time=12.590..12.590 rows=0 loops=1)
   ->  Limit  (cost=7119.89..7122.39 rows=1000 width=20) (actual time=12.468..12.562 rows=1000 loops=1)
         ->  Sort  (cost=7119.89..7369.89 rows=100000 width=20) (actual time=12.467..12.507 rows=1000 loops=1)
               Sort Key: s_1.a, s_1.b
               Sort Method: top-N heapsort  Memory: 127kB
               ->  Seq Scan on s_1  (cost=0.00..1637.00 rows=100000 width=20) (actual time=0.007..5.061 rows=100000 loops=1)
 Planning time: 0.264 ms
 Execution time: 12.628 ms
(8 rows)

===== 406 [Wed Mar  7 02:07:46 CET 2018] scale:100000 groups:10000 work_mem:8MB incremental:off max_workers:2 =====
SELECT * FROM s_2 ORDER BY a, b, c LIMIT 1000
                                                         QUERY PLAN                                                          
-----------------------------------------------------------------------------------------------------------------------------
 Limit  (cost=7132.39..7132.39 rows=1 width=20) (actual time=12.590..12.590 rows=0 loops=1)
   ->  Limit  (cost=7119.89..7122.39 rows=1000 width=20) (actual time=12.469..12.562 rows=1000 loops=1)
         ->  Sort  (cost=7119.89..7369.89 rows=100000 width=20) (actual time=12.469..12.507 rows=1000 loops=1)
               Sort Key: s_2.a, s_2.b, s_2.c
               Sort Method: top-N heapsort  Memory: 127kB
               ->  Seq Scan on s_2  (cost=0.00..1637.00 rows=100000 width=20) (actual time=0.010..5.062 rows=100000 loops=1)
 Planning time: 0.273 ms
 Execution time: 12.628 ms
(8 rows)

===== 407 [Wed Mar  7 02:07:46 CET 2018] scale:100000 groups:10000 work_mem:8MB incremental:off max_workers:2 =====
SELECT * FROM s_3 ORDER BY a, b, c, d LIMIT 1000
                                                         QUERY PLAN                                                          
-----------------------------------------------------------------------------------------------------------------------------
 Limit  (cost=7132.39..7132.39 rows=1 width=20) (actual time=12.686..12.686 rows=0 loops=1)
   ->  Limit  (cost=7119.89..7122.39 rows=1000 width=20) (actual time=12.565..12.658 rows=1000 loops=1)
         ->  Sort  (cost=7119.89..7369.89 rows=100000 width=20) (actual time=12.564..12.602 rows=1000 loops=1)
               Sort Key: s_3.a, s_3.b, s_3.c, s_3.d
               Sort Method: top-N heapsort  Memory: 127kB
               ->  Seq Scan on s_3  (cost=0.00..1637.00 rows=100000 width=20) (actual time=0.011..5.044 rows=100000 loops=1)
 Planning time: 0.262 ms
 Execution time: 12.724 ms
(8 rows)

===== 408 [Wed Mar  7 02:07:46 CET 2018] scale:100000 groups:10000 work_mem:8MB incremental:off max_workers:2 =====
SELECT * FROM s_4 ORDER BY a, b, c, d, e LIMIT 1000
                                                         QUERY PLAN                                                          
-----------------------------------------------------------------------------------------------------------------------------
 Limit  (cost=7132.39..7132.39 rows=1 width=20) (actual time=12.637..12.637 rows=0 loops=1)
   ->  Limit  (cost=7119.89..7122.39 rows=1000 width=20) (actual time=12.514..12.609 rows=1000 loops=1)
         ->  Sort  (cost=7119.89..7369.89 rows=100000 width=20) (actual time=12.513..12.552 rows=1000 loops=1)
               Sort Key: s_4.a, s_4.b, s_4.c, s_4.d, s_4.e
               Sort Method: top-N heapsort  Memory: 127kB
               ->  Seq Scan on s_4  (cost=0.00..1637.00 rows=100000 width=20) (actual time=0.011..5.046 rows=100000 loops=1)
 Planning time: 0.258 ms
 Execution time: 12.674 ms
(8 rows)

===== 409 [Wed Mar  7 02:07:46 CET 2018] scale:100000 groups:10000 work_mem:16MB incremental:on max_workers:2 =====
SELECT * FROM s_1 ORDER BY a, b LIMIT 1000
                                                                 QUERY PLAN                                                                  
---------------------------------------------------------------------------------------------------------------------------------------------
 Limit  (cost=30.74..30.74 rows=1 width=20) (actual time=0.452..0.452 rows=0 loops=1)
   ->  Limit  (cost=0.79..20.74 rows=1000 width=20) (actual time=0.062..0.424 rows=1000 loops=1)
         ->  Incremental Sort  (cost=0.79..1995.53 rows=100000 width=20) (actual time=0.062..0.369 rows=1000 loops=1)
               Sort Key: s_1.a, s_1.b
               Presorted Key: s_1.a
               Sort Method: quicksort  Memory: 28kB
               Sort Groups: 29
               ->  Index Scan using s_1_a_idx on s_1  (cost=0.29..3244.29 rows=100000 width=20) (actual time=0.009..0.128 rows=1025 loops=1)
 Planning time: 0.267 ms
 Execution time: 0.480 ms
(10 rows)

===== 410 [Wed Mar  7 02:07:46 CET 2018] scale:100000 groups:10000 work_mem:16MB incremental:on max_workers:2 =====
SELECT * FROM s_2 ORDER BY a, b, c LIMIT 1000
                                                                  QUERY PLAN                                                                   
-----------------------------------------------------------------------------------------------------------------------------------------------
 Limit  (cost=30.93..30.93 rows=1 width=20) (actual time=0.396..0.396 rows=0 loops=1)
   ->  Limit  (cost=0.87..20.93 rows=1000 width=20) (actual time=0.058..0.367 rows=1000 loops=1)
         ->  Incremental Sort  (cost=0.87..2007.69 rows=100000 width=20) (actual time=0.058..0.306 rows=1000 loops=1)
               Sort Key: s_2.a, s_2.b, s_2.c
               Presorted Key: s_2.a, s_2.b
               Sort Method: quicksort  Memory: 27kB
               Sort Groups: 32
               ->  Index Scan using s_2_a_b_idx on s_2  (cost=0.29..4079.04 rows=100000 width=20) (actual time=0.015..0.139 rows=1025 loops=1)
 Planning time: 0.275 ms
 Execution time: 0.421 ms
(10 rows)

===== 411 [Wed Mar  7 02:07:46 CET 2018] scale:100000 groups:10000 work_mem:16MB incremental:on max_workers:2 =====
SELECT * FROM s_3 ORDER BY a, b, c, d LIMIT 1000
                                                                   QUERY PLAN                                                                    
-------------------------------------------------------------------------------------------------------------------------------------------------
 Limit  (cost=31.15..31.15 rows=1 width=20) (actual time=0.397..0.397 rows=0 loops=1)
   ->  Limit  (cost=1.04..21.15 rows=1000 width=20) (actual time=0.064..0.369 rows=1000 loops=1)
         ->  Incremental Sort  (cost=1.04..2012.29 rows=100000 width=20) (actual time=0.063..0.313 rows=1000 loops=1)
               Sort Key: s_3.a, s_3.b, s_3.c, s_3.d
               Presorted Key: s_3.a, s_3.b, s_3.c
               Sort Method: quicksort  Memory: 27kB
               Sort Groups: 32
               ->  Index Scan using s_3_a_b_c_idx on s_3  (cost=0.42..4527.17 rows=100000 width=20) (actual time=0.015..0.139 rows=1025 loops=1)
 Planning time: 0.278 ms
 Execution time: 0.420 ms
(10 rows)

===== 412 [Wed Mar  7 02:07:46 CET 2018] scale:100000 groups:10000 work_mem:16MB incremental:on max_workers:2 =====
SELECT * FROM s_4 ORDER BY a, b, c, d, e LIMIT 1000
                                                                    QUERY PLAN                                                                     
---------------------------------------------------------------------------------------------------------------------------------------------------
 Limit  (cost=31.15..31.15 rows=1 width=20) (actual time=0.389..0.389 rows=0 loops=1)
   ->  Limit  (cost=1.04..21.15 rows=1000 width=20) (actual time=0.059..0.361 rows=1000 loops=1)
         ->  Incremental Sort  (cost=1.04..2012.29 rows=100000 width=20) (actual time=0.058..0.305 rows=1000 loops=1)
               Sort Key: s_4.a, s_4.b, s_4.c, s_4.d, s_4.e
               Presorted Key: s_4.a, s_4.b, s_4.c, s_4.d
               Sort Method: quicksort  Memory: 27kB
               Sort Groups: 32
               ->  Index Scan using s_4_a_b_c_d_idx on s_4  (cost=0.42..4527.17 rows=100000 width=20) (actual time=0.012..0.133 rows=1025 loops=1)
 Planning time: 0.278 ms
 Execution time: 0.411 ms
(10 rows)

===== 413 [Wed Mar  7 02:07:47 CET 2018] scale:100000 groups:10000 work_mem:16MB incremental:off max_workers:2 =====
SELECT * FROM s_1 ORDER BY a, b LIMIT 1000
                                                         QUERY PLAN                                                          
-----------------------------------------------------------------------------------------------------------------------------
 Limit  (cost=7132.39..7132.39 rows=1 width=20) (actual time=12.588..12.588 rows=0 loops=1)
   ->  Limit  (cost=7119.89..7122.39 rows=1000 width=20) (actual time=12.466..12.560 rows=1000 loops=1)
         ->  Sort  (cost=7119.89..7369.89 rows=100000 width=20) (actual time=12.465..12.504 rows=1000 loops=1)
               Sort Key: s_1.a, s_1.b
               Sort Method: top-N heapsort  Memory: 127kB
               ->  Seq Scan on s_1  (cost=0.00..1637.00 rows=100000 width=20) (actual time=0.007..5.066 rows=100000 loops=1)
 Planning time: 0.262 ms
 Execution time: 12.626 ms
(8 rows)

===== 414 [Wed Mar  7 02:07:47 CET 2018] scale:100000 groups:10000 work_mem:16MB incremental:off max_workers:2 =====
SELECT * FROM s_2 ORDER BY a, b, c LIMIT 1000
                                                         QUERY PLAN                                                          
-----------------------------------------------------------------------------------------------------------------------------
 Limit  (cost=7132.39..7132.39 rows=1 width=20) (actual time=12.580..12.580 rows=0 loops=1)
   ->  Limit  (cost=7119.89..7122.39 rows=1000 width=20) (actual time=12.459..12.552 rows=1000 loops=1)
         ->  Sort  (cost=7119.89..7369.89 rows=100000 width=20) (actual time=12.459..12.497 rows=1000 loops=1)
               Sort Key: s_2.a, s_2.b, s_2.c
               Sort Method: top-N heapsort  Memory: 127kB
               ->  Seq Scan on s_2  (cost=0.00..1637.00 rows=100000 width=20) (actual time=0.010..5.061 rows=100000 loops=1)
 Planning time: 0.269 ms
 Execution time: 12.618 ms
(8 rows)

===== 415 [Wed Mar  7 02:07:47 CET 2018] scale:100000 groups:10000 work_mem:16MB incremental:off max_workers:2 =====
SELECT * FROM s_3 ORDER BY a, b, c, d LIMIT 1000
                                                         QUERY PLAN                                                          
-----------------------------------------------------------------------------------------------------------------------------
 Limit  (cost=7132.39..7132.39 rows=1 width=20) (actual time=12.670..12.670 rows=0 loops=1)
   ->  Limit  (cost=7119.89..7122.39 rows=1000 width=20) (actual time=12.549..12.642 rows=1000 loops=1)
         ->  Sort  (cost=7119.89..7369.89 rows=100000 width=20) (actual time=12.548..12.587 rows=1000 loops=1)
               Sort Key: s_3.a, s_3.b, s_3.c, s_3.d
               Sort Method: top-N heapsort  Memory: 127kB
               ->  Seq Scan on s_3  (cost=0.00..1637.00 rows=100000 width=20) (actual time=0.010..5.058 rows=100000 loops=1)
 Planning time: 0.262 ms
 Execution time: 12.707 ms
(8 rows)

===== 416 [Wed Mar  7 02:07:47 CET 2018] scale:100000 groups:10000 work_mem:16MB incremental:off max_workers:2 =====
SELECT * FROM s_4 ORDER BY a, b, c, d, e LIMIT 1000
                                                         QUERY PLAN                                                          
-----------------------------------------------------------------------------------------------------------------------------
 Limit  (cost=7132.39..7132.39 rows=1 width=20) (actual time=12.654..12.654 rows=0 loops=1)
   ->  Limit  (cost=7119.89..7122.39 rows=1000 width=20) (actual time=12.531..12.625 rows=1000 loops=1)
         ->  Sort  (cost=7119.89..7369.89 rows=100000 width=20) (actual time=12.531..12.569 rows=1000 loops=1)
               Sort Key: s_4.a, s_4.b, s_4.c, s_4.d, s_4.e
               Sort Method: top-N heapsort  Memory: 127kB
               ->  Seq Scan on s_4  (cost=0.00..1637.00 rows=100000 width=20) (actual time=0.012..5.059 rows=100000 loops=1)
 Planning time: 0.264 ms
 Execution time: 12.691 ms
(8 rows)

===== 417 [Wed Mar  7 02:07:47 CET 2018] scale:100000 groups:10000 work_mem:32MB incremental:on max_workers:2 =====
SELECT * FROM s_1 ORDER BY a, b LIMIT 1000
                                                                 QUERY PLAN                                                                  
---------------------------------------------------------------------------------------------------------------------------------------------
 Limit  (cost=30.74..30.74 rows=1 width=20) (actual time=0.464..0.464 rows=0 loops=1)
   ->  Limit  (cost=0.79..20.74 rows=1000 width=20) (actual time=0.063..0.435 rows=1000 loops=1)
         ->  Incremental Sort  (cost=0.79..1995.53 rows=100000 width=20) (actual time=0.063..0.380 rows=1000 loops=1)
               Sort Key: s_1.a, s_1.b
               Presorted Key: s_1.a
               Sort Method: quicksort  Memory: 28kB
               Sort Groups: 29
               ->  Index Scan using s_1_a_idx on s_1  (cost=0.29..3244.29 rows=100000 width=20) (actual time=0.009..0.127 rows=1025 loops=1)
 Planning time: 0.267 ms
 Execution time: 0.489 ms
(10 rows)

===== 418 [Wed Mar  7 02:07:47 CET 2018] scale:100000 groups:10000 work_mem:32MB incremental:on max_workers:2 =====
SELECT * FROM s_2 ORDER BY a, b, c LIMIT 1000
                                                                  QUERY PLAN                                                                   
-----------------------------------------------------------------------------------------------------------------------------------------------
 Limit  (cost=30.93..30.93 rows=1 width=20) (actual time=0.394..0.394 rows=0 loops=1)
   ->  Limit  (cost=0.87..20.93 rows=1000 width=20) (actual time=0.057..0.365 rows=1000 loops=1)
         ->  Incremental Sort  (cost=0.87..2007.69 rows=100000 width=20) (actual time=0.057..0.310 rows=1000 loops=1)
               Sort Key: s_2.a, s_2.b, s_2.c
               Presorted Key: s_2.a, s_2.b
               Sort Method: quicksort  Memory: 27kB
               Sort Groups: 32
               ->  Index Scan using s_2_a_b_idx on s_2  (cost=0.29..4079.04 rows=100000 width=20) (actual time=0.015..0.143 rows=1025 loops=1)
 Planning time: 0.269 ms
 Execution time: 0.418 ms
(10 rows)

===== 419 [Wed Mar  7 02:07:47 CET 2018] scale:100000 groups:10000 work_mem:32MB incremental:on max_workers:2 =====
SELECT * FROM s_3 ORDER BY a, b, c, d LIMIT 1000
                                                                   QUERY PLAN                                                                    
-------------------------------------------------------------------------------------------------------------------------------------------------
 Limit  (cost=31.15..31.15 rows=1 width=20) (actual time=0.404..0.404 rows=0 loops=1)
   ->  Limit  (cost=1.04..21.15 rows=1000 width=20) (actual time=0.063..0.375 rows=1000 loops=1)
         ->  Incremental Sort  (cost=1.04..2012.29 rows=100000 width=20) (actual time=0.063..0.319 rows=1000 loops=1)
               Sort Key: s_3.a, s_3.b, s_3.c, s_3.d
               Presorted Key: s_3.a, s_3.b, s_3.c
               Sort Method: quicksort  Memory: 27kB
               Sort Groups: 32
               ->  Index Scan using s_3_a_b_c_idx on s_3  (cost=0.42..4527.17 rows=100000 width=20) (actual time=0.015..0.141 rows=1025 loops=1)
 Planning time: 0.273 ms
 Execution time: 0.426 ms
(10 rows)

===== 420 [Wed Mar  7 02:07:47 CET 2018] scale:100000 groups:10000 work_mem:32MB incremental:on max_workers:2 =====
SELECT * FROM s_4 ORDER BY a, b, c, d, e LIMIT 1000
                                                                    QUERY PLAN                                                                     
---------------------------------------------------------------------------------------------------------------------------------------------------
 Limit  (cost=31.15..31.15 rows=1 width=20) (actual time=0.395..0.395 rows=0 loops=1)
   ->  Limit  (cost=1.04..21.15 rows=1000 width=20) (actual time=0.058..0.363 rows=1000 loops=1)
         ->  Incremental Sort  (cost=1.04..2012.29 rows=100000 width=20) (actual time=0.058..0.307 rows=1000 loops=1)
               Sort Key: s_4.a, s_4.b, s_4.c, s_4.d, s_4.e
               Presorted Key: s_4.a, s_4.b, s_4.c, s_4.d
               Sort Method: quicksort  Memory: 27kB
               Sort Groups: 32
               ->  Index Scan using s_4_a_b_c_d_idx on s_4  (cost=0.42..4527.17 rows=100000 width=20) (actual time=0.011..0.134 rows=1025 loops=1)
 Planning time: 0.274 ms
 Execution time: 0.417 ms
(10 rows)

===== 421 [Wed Mar  7 02:07:47 CET 2018] scale:100000 groups:10000 work_mem:32MB incremental:off max_workers:2 =====
SELECT * FROM s_1 ORDER BY a, b LIMIT 1000
                                                         QUERY PLAN                                                          
-----------------------------------------------------------------------------------------------------------------------------
 Limit  (cost=7132.39..7132.39 rows=1 width=20) (actual time=12.592..12.592 rows=0 loops=1)
   ->  Limit  (cost=7119.89..7122.39 rows=1000 width=20) (actual time=12.468..12.562 rows=1000 loops=1)
         ->  Sort  (cost=7119.89..7369.89 rows=100000 width=20) (actual time=12.467..12.506 rows=1000 loops=1)
               Sort Key: s_1.a, s_1.b
               Sort Method: top-N heapsort  Memory: 127kB
               ->  Seq Scan on s_1  (cost=0.00..1637.00 rows=100000 width=20) (actual time=0.007..5.054 rows=100000 loops=1)
 Planning time: 0.264 ms
 Execution time: 12.629 ms
(8 rows)

===== 422 [Wed Mar  7 02:07:47 CET 2018] scale:100000 groups:10000 work_mem:32MB incremental:off max_workers:2 =====
SELECT * FROM s_2 ORDER BY a, b, c LIMIT 1000
                                                         QUERY PLAN                                                          
-----------------------------------------------------------------------------------------------------------------------------
 Limit  (cost=7132.39..7132.39 rows=1 width=20) (actual time=12.582..12.582 rows=0 loops=1)
   ->  Limit  (cost=7119.89..7122.39 rows=1000 width=20) (actual time=12.460..12.554 rows=1000 loops=1)
         ->  Sort  (cost=7119.89..7369.89 rows=100000 width=20) (actual time=12.460..12.499 rows=1000 loops=1)
               Sort Key: s_2.a, s_2.b, s_2.c
               Sort Method: top-N heapsort  Memory: 127kB
               ->  Seq Scan on s_2  (cost=0.00..1637.00 rows=100000 width=20) (actual time=0.010..5.057 rows=100000 loops=1)
 Planning time: 0.265 ms
 Execution time: 12.620 ms
(8 rows)

===== 423 [Wed Mar  7 02:07:48 CET 2018] scale:100000 groups:10000 work_mem:32MB incremental:off max_workers:2 =====
SELECT * FROM s_3 ORDER BY a, b, c, d LIMIT 1000
                                                         QUERY PLAN                                                          
-----------------------------------------------------------------------------------------------------------------------------
 Limit  (cost=7132.39..7132.39 rows=1 width=20) (actual time=12.677..12.677 rows=0 loops=1)
   ->  Limit  (cost=7119.89..7122.39 rows=1000 width=20) (actual time=12.556..12.649 rows=1000 loops=1)
         ->  Sort  (cost=7119.89..7369.89 rows=100000 width=20) (actual time=12.555..12.593 rows=1000 loops=1)
               Sort Key: s_3.a, s_3.b, s_3.c, s_3.d
               Sort Method: top-N heapsort  Memory: 127kB
               ->  Seq Scan on s_3  (cost=0.00..1637.00 rows=100000 width=20) (actual time=0.010..5.057 rows=100000 loops=1)
 Planning time: 0.271 ms
 Execution time: 12.715 ms
(8 rows)

===== 424 [Wed Mar  7 02:07:48 CET 2018] scale:100000 groups:10000 work_mem:32MB incremental:off max_workers:2 =====
SELECT * FROM s_4 ORDER BY a, b, c, d, e LIMIT 1000
                                                         QUERY PLAN                                                          
-----------------------------------------------------------------------------------------------------------------------------
 Limit  (cost=7132.39..7132.39 rows=1 width=20) (actual time=12.625..12.625 rows=0 loops=1)
   ->  Limit  (cost=7119.89..7122.39 rows=1000 width=20) (actual time=12.502..12.597 rows=1000 loops=1)
         ->  Sort  (cost=7119.89..7369.89 rows=100000 width=20) (actual time=12.502..12.540 rows=1000 loops=1)
               Sort Key: s_4.a, s_4.b, s_4.c, s_4.d, s_4.e
               Sort Method: top-N heapsort  Memory: 127kB
               ->  Seq Scan on s_4  (cost=0.00..1637.00 rows=100000 width=20) (actual time=0.012..5.055 rows=100000 loops=1)
 Planning time: 0.263 ms
 Execution time: 12.667 ms
(8 rows)

===== 425 [Wed Mar  7 02:07:48 CET 2018] scale:100000 groups:10000 work_mem:64MB incremental:on max_workers:2 =====
SELECT * FROM s_1 ORDER BY a, b LIMIT 1000
                                                                 QUERY PLAN                                                                  
---------------------------------------------------------------------------------------------------------------------------------------------
 Limit  (cost=30.74..30.74 rows=1 width=20) (actual time=0.449..0.449 rows=0 loops=1)
   ->  Limit  (cost=0.79..20.74 rows=1000 width=20) (actual time=0.057..0.420 rows=1000 loops=1)
         ->  Incremental Sort  (cost=0.79..1995.53 rows=100000 width=20) (actual time=0.056..0.364 rows=1000 loops=1)
               Sort Key: s_1.a, s_1.b
               Presorted Key: s_1.a
               Sort Method: quicksort  Memory: 28kB
               Sort Groups: 29
               ->  Index Scan using s_1_a_idx on s_1  (cost=0.29..3244.29 rows=100000 width=20) (actual time=0.009..0.127 rows=1025 loops=1)
 Planning time: 0.283 ms
 Execution time: 0.472 ms
(10 rows)

===== 426 [Wed Mar  7 02:07:48 CET 2018] scale:100000 groups:10000 work_mem:64MB incremental:on max_workers:2 =====
SELECT * FROM s_2 ORDER BY a, b, c LIMIT 1000
                                                                  QUERY PLAN                                                                   
-----------------------------------------------------------------------------------------------------------------------------------------------
 Limit  (cost=30.93..30.93 rows=1 width=20) (actual time=0.392..0.392 rows=0 loops=1)
   ->  Limit  (cost=0.87..20.93 rows=1000 width=20) (actual time=0.060..0.363 rows=1000 loops=1)
         ->  Incremental Sort  (cost=0.87..2007.69 rows=100000 width=20) (actual time=0.060..0.308 rows=1000 loops=1)
               Sort Key: s_2.a, s_2.b, s_2.c
               Presorted Key: s_2.a, s_2.b
               Sort Method: quicksort  Memory: 27kB
               Sort Groups: 32
               ->  Index Scan using s_2_a_b_idx on s_2  (cost=0.29..4079.04 rows=100000 width=20) (actual time=0.015..0.139 rows=1025 loops=1)
 Planning time: 0.281 ms
 Execution time: 0.415 ms
(10 rows)

===== 427 [Wed Mar  7 02:07:48 CET 2018] scale:100000 groups:10000 work_mem:64MB incremental:on max_workers:2 =====
SELECT * FROM s_3 ORDER BY a, b, c, d LIMIT 1000
                                                                   QUERY PLAN                                                                    
-------------------------------------------------------------------------------------------------------------------------------------------------
 Limit  (cost=31.15..31.15 rows=1 width=20) (actual time=0.394..0.394 rows=0 loops=1)
   ->  Limit  (cost=1.04..21.15 rows=1000 width=20) (actual time=0.062..0.365 rows=1000 loops=1)
         ->  Incremental Sort  (cost=1.04..2012.29 rows=100000 width=20) (actual time=0.062..0.311 rows=1000 loops=1)
               Sort Key: s_3.a, s_3.b, s_3.c, s_3.d
               Presorted Key: s_3.a, s_3.b, s_3.c
               Sort Method: quicksort  Memory: 27kB
               Sort Groups: 32
               ->  Index Scan using s_3_a_b_c_idx on s_3  (cost=0.42..4527.17 rows=100000 width=20) (actual time=0.015..0.139 rows=1025 loops=1)
 Planning time: 0.277 ms
 Execution time: 0.421 ms
(10 rows)

===== 428 [Wed Mar  7 02:07:48 CET 2018] scale:100000 groups:10000 work_mem:64MB incremental:on max_workers:2 =====
SELECT * FROM s_4 ORDER BY a, b, c, d, e LIMIT 1000
                                                                    QUERY PLAN                                                                     
---------------------------------------------------------------------------------------------------------------------------------------------------
 Limit  (cost=31.15..31.15 rows=1 width=20) (actual time=0.402..0.402 rows=0 loops=1)
   ->  Limit  (cost=1.04..21.15 rows=1000 width=20) (actual time=0.072..0.373 rows=1000 loops=1)
         ->  Incremental Sort  (cost=1.04..2012.29 rows=100000 width=20) (actual time=0.072..0.318 rows=1000 loops=1)
               Sort Key: s_4.a, s_4.b, s_4.c, s_4.d, s_4.e
               Presorted Key: s_4.a, s_4.b, s_4.c, s_4.d
               Sort Method: quicksort  Memory: 27kB
               Sort Groups: 32
               ->  Index Scan using s_4_a_b_c_d_idx on s_4  (cost=0.42..4527.17 rows=100000 width=20) (actual time=0.013..0.135 rows=1025 loops=1)
 Planning time: 0.277 ms
 Execution time: 0.425 ms
(10 rows)

===== 429 [Wed Mar  7 02:07:48 CET 2018] scale:100000 groups:10000 work_mem:64MB incremental:off max_workers:2 =====
SELECT * FROM s_1 ORDER BY a, b LIMIT 1000
                                                         QUERY PLAN                                                          
-----------------------------------------------------------------------------------------------------------------------------
 Limit  (cost=7132.39..7132.39 rows=1 width=20) (actual time=12.588..12.588 rows=0 loops=1)
   ->  Limit  (cost=7119.89..7122.39 rows=1000 width=20) (actual time=12.467..12.559 rows=1000 loops=1)
         ->  Sort  (cost=7119.89..7369.89 rows=100000 width=20) (actual time=12.466..12.505 rows=1000 loops=1)
               Sort Key: s_1.a, s_1.b
               Sort Method: top-N heapsort  Memory: 127kB
               ->  Seq Scan on s_1  (cost=0.00..1637.00 rows=100000 width=20) (actual time=0.007..5.051 rows=100000 loops=1)
 Planning time: 0.269 ms
 Execution time: 12.626 ms
(8 rows)

===== 430 [Wed Mar  7 02:07:48 CET 2018] scale:100000 groups:10000 work_mem:64MB incremental:off max_workers:2 =====
SELECT * FROM s_2 ORDER BY a, b, c LIMIT 1000
                                                         QUERY PLAN                                                          
-----------------------------------------------------------------------------------------------------------------------------
 Limit  (cost=7132.39..7132.39 rows=1 width=20) (actual time=12.567..12.567 rows=0 loops=1)
   ->  Limit  (cost=7119.89..7122.39 rows=1000 width=20) (actual time=12.446..12.538 rows=1000 loops=1)
         ->  Sort  (cost=7119.89..7369.89 rows=100000 width=20) (actual time=12.445..12.483 rows=1000 loops=1)
               Sort Key: s_2.a, s_2.b, s_2.c
               Sort Method: top-N heapsort  Memory: 127kB
               ->  Seq Scan on s_2  (cost=0.00..1637.00 rows=100000 width=20) (actual time=0.010..5.059 rows=100000 loops=1)
 Planning time: 0.261 ms
 Execution time: 12.604 ms
(8 rows)

===== 431 [Wed Mar  7 02:07:48 CET 2018] scale:100000 groups:10000 work_mem:64MB incremental:off max_workers:2 =====
SELECT * FROM s_3 ORDER BY a, b, c, d LIMIT 1000
                                                         QUERY PLAN                                                          
-----------------------------------------------------------------------------------------------------------------------------
 Limit  (cost=7132.39..7132.39 rows=1 width=20) (actual time=12.733..12.733 rows=0 loops=1)
   ->  Limit  (cost=7119.89..7122.39 rows=1000 width=20) (actual time=12.609..12.706 rows=1000 loops=1)
         ->  Sort  (cost=7119.89..7369.89 rows=100000 width=20) (actual time=12.609..12.650 rows=1000 loops=1)
               Sort Key: s_3.a, s_3.b, s_3.c, s_3.d
               Sort Method: top-N heapsort  Memory: 127kB
               ->  Seq Scan on s_3  (cost=0.00..1637.00 rows=100000 width=20) (actual time=0.010..5.045 rows=100000 loops=1)
 Planning time: 0.258 ms
 Execution time: 12.771 ms
(8 rows)

===== 432 [Wed Mar  7 02:07:48 CET 2018] scale:100000 groups:10000 work_mem:64MB incremental:off max_workers:2 =====
SELECT * FROM s_4 ORDER BY a, b, c, d, e LIMIT 1000
                                                         QUERY PLAN                                                          
-----------------------------------------------------------------------------------------------------------------------------
 Limit  (cost=7132.39..7132.39 rows=1 width=20) (actual time=12.650..12.650 rows=0 loops=1)
   ->  Limit  (cost=7119.89..7122.39 rows=1000 width=20) (actual time=12.525..12.621 rows=1000 loops=1)
         ->  Sort  (cost=7119.89..7369.89 rows=100000 width=20) (actual time=12.524..12.563 rows=1000 loops=1)
               Sort Key: s_4.a, s_4.b, s_4.c, s_4.d, s_4.e
               Sort Method: top-N heapsort  Memory: 127kB
               ->  Seq Scan on s_4  (cost=0.00..1637.00 rows=100000 width=20) (actual time=0.011..5.068 rows=100000 loops=1)
 Planning time: 0.262 ms
 Execution time: 12.688 ms
(8 rows)

===== 433 [Wed Mar  7 02:07:49 CET 2018] scale:100000 groups:10000 work_mem:128MB incremental:on max_workers:2 =====
SELECT * FROM s_1 ORDER BY a, b LIMIT 1000
                                                                 QUERY PLAN                                                                  
---------------------------------------------------------------------------------------------------------------------------------------------
 Limit  (cost=30.74..30.74 rows=1 width=20) (actual time=0.454..0.454 rows=0 loops=1)
   ->  Limit  (cost=0.79..20.74 rows=1000 width=20) (actual time=0.062..0.425 rows=1000 loops=1)
         ->  Incremental Sort  (cost=0.79..1995.53 rows=100000 width=20) (actual time=0.062..0.370 rows=1000 loops=1)
               Sort Key: s_1.a, s_1.b
               Presorted Key: s_1.a
               Sort Method: quicksort  Memory: 28kB
               Sort Groups: 29
               ->  Index Scan using s_1_a_idx on s_1  (cost=0.29..3244.29 rows=100000 width=20) (actual time=0.014..0.131 rows=1025 loops=1)
 Planning time: 0.274 ms
 Execution time: 0.478 ms
(10 rows)

===== 434 [Wed Mar  7 02:07:49 CET 2018] scale:100000 groups:10000 work_mem:128MB incremental:on max_workers:2 =====
SELECT * FROM s_2 ORDER BY a, b, c LIMIT 1000
                                                                  QUERY PLAN                                                                   
-----------------------------------------------------------------------------------------------------------------------------------------------
 Limit  (cost=30.93..30.93 rows=1 width=20) (actual time=0.393..0.393 rows=0 loops=1)
   ->  Limit  (cost=0.87..20.93 rows=1000 width=20) (actual time=0.060..0.364 rows=1000 loops=1)
         ->  Incremental Sort  (cost=0.87..2007.69 rows=100000 width=20) (actual time=0.060..0.309 rows=1000 loops=1)
               Sort Key: s_2.a, s_2.b, s_2.c
               Presorted Key: s_2.a, s_2.b
               Sort Method: quicksort  Memory: 27kB
               Sort Groups: 32
               ->  Index Scan using s_2_a_b_idx on s_2  (cost=0.29..4079.04 rows=100000 width=20) (actual time=0.015..0.139 rows=1025 loops=1)
 Planning time: 0.276 ms
 Execution time: 0.417 ms
(10 rows)

===== 435 [Wed Mar  7 02:07:49 CET 2018] scale:100000 groups:10000 work_mem:128MB incremental:on max_workers:2 =====
SELECT * FROM s_3 ORDER BY a, b, c, d LIMIT 1000
                                                                   QUERY PLAN                                                                    
-------------------------------------------------------------------------------------------------------------------------------------------------
 Limit  (cost=31.15..31.15 rows=1 width=20) (actual time=0.397..0.397 rows=0 loops=1)
   ->  Limit  (cost=1.04..21.15 rows=1000 width=20) (actual time=0.064..0.368 rows=1000 loops=1)
         ->  Incremental Sort  (cost=1.04..2012.29 rows=100000 width=20) (actual time=0.064..0.313 rows=1000 loops=1)
               Sort Key: s_3.a, s_3.b, s_3.c, s_3.d
               Presorted Key: s_3.a, s_3.b, s_3.c
               Sort Method: quicksort  Memory: 27kB
               Sort Groups: 32
               ->  Index Scan using s_3_a_b_c_idx on s_3  (cost=0.42..4527.17 rows=100000 width=20) (actual time=0.015..0.140 rows=1025 loops=1)
 Planning time: 0.274 ms
 Execution time: 0.419 ms
(10 rows)

===== 436 [Wed Mar  7 02:07:49 CET 2018] scale:100000 groups:10000 work_mem:128MB incremental:on max_workers:2 =====
SELECT * FROM s_4 ORDER BY a, b, c, d, e LIMIT 1000
                                                                    QUERY PLAN                                                                     
---------------------------------------------------------------------------------------------------------------------------------------------------
 Limit  (cost=31.15..31.15 rows=1 width=20) (actual time=0.400..0.400 rows=0 loops=1)
   ->  Limit  (cost=1.04..21.15 rows=1000 width=20) (actual time=0.063..0.371 rows=1000 loops=1)
         ->  Incremental Sort  (cost=1.04..2012.29 rows=100000 width=20) (actual time=0.062..0.316 rows=1000 loops=1)
               Sort Key: s_4.a, s_4.b, s_4.c, s_4.d, s_4.e
               Presorted Key: s_4.a, s_4.b, s_4.c, s_4.d
               Sort Method: quicksort  Memory: 27kB
               Sort Groups: 32
               ->  Index Scan using s_4_a_b_c_d_idx on s_4  (cost=0.42..4527.17 rows=100000 width=20) (actual time=0.012..0.134 rows=1025 loops=1)
 Planning time: 0.273 ms
 Execution time: 0.422 ms
(10 rows)

===== 437 [Wed Mar  7 02:07:49 CET 2018] scale:100000 groups:10000 work_mem:128MB incremental:off max_workers:2 =====
SELECT * FROM s_1 ORDER BY a, b LIMIT 1000
                                                         QUERY PLAN                                                          
-----------------------------------------------------------------------------------------------------------------------------
 Limit  (cost=7132.39..7132.39 rows=1 width=20) (actual time=12.593..12.593 rows=0 loops=1)
   ->  Limit  (cost=7119.89..7122.39 rows=1000 width=20) (actual time=12.472..12.565 rows=1000 loops=1)
         ->  Sort  (cost=7119.89..7369.89 rows=100000 width=20) (actual time=12.471..12.510 rows=1000 loops=1)
               Sort Key: s_1.a, s_1.b
               Sort Method: top-N heapsort  Memory: 127kB
               ->  Seq Scan on s_1  (cost=0.00..1637.00 rows=100000 width=20) (actual time=0.008..5.056 rows=100000 loops=1)
 Planning time: 0.265 ms
 Execution time: 12.630 ms
(8 rows)

===== 438 [Wed Mar  7 02:07:49 CET 2018] scale:100000 groups:10000 work_mem:128MB incremental:off max_workers:2 =====
SELECT * FROM s_2 ORDER BY a, b, c LIMIT 1000
                                                         QUERY PLAN                                                          
-----------------------------------------------------------------------------------------------------------------------------
 Limit  (cost=7132.39..7132.39 rows=1 width=20) (actual time=12.581..12.581 rows=0 loops=1)
   ->  Limit  (cost=7119.89..7122.39 rows=1000 width=20) (actual time=12.460..12.553 rows=1000 loops=1)
         ->  Sort  (cost=7119.89..7369.89 rows=100000 width=20) (actual time=12.460..12.498 rows=1000 loops=1)
               Sort Key: s_2.a, s_2.b, s_2.c
               Sort Method: top-N heapsort  Memory: 127kB
               ->  Seq Scan on s_2  (cost=0.00..1637.00 rows=100000 width=20) (actual time=0.010..5.054 rows=100000 loops=1)
 Planning time: 0.267 ms
 Execution time: 12.621 ms
(8 rows)

===== 439 [Wed Mar  7 02:07:49 CET 2018] scale:100000 groups:10000 work_mem:128MB incremental:off max_workers:2 =====
SELECT * FROM s_3 ORDER BY a, b, c, d LIMIT 1000
                                                         QUERY PLAN                                                          
-----------------------------------------------------------------------------------------------------------------------------
 Limit  (cost=7132.39..7132.39 rows=1 width=20) (actual time=12.731..12.731 rows=0 loops=1)
   ->  Limit  (cost=7119.89..7122.39 rows=1000 width=20) (actual time=12.610..12.703 rows=1000 loops=1)
         ->  Sort  (cost=7119.89..7369.89 rows=100000 width=20) (actual time=12.609..12.648 rows=1000 loops=1)
               Sort Key: s_3.a, s_3.b, s_3.c, s_3.d
               Sort Method: top-N heapsort  Memory: 127kB
               ->  Seq Scan on s_3  (cost=0.00..1637.00 rows=100000 width=20) (actual time=0.010..5.052 rows=100000 loops=1)
 Planning time: 0.264 ms
 Execution time: 12.767 ms
(8 rows)

===== 440 [Wed Mar  7 02:07:49 CET 2018] scale:100000 groups:10000 work_mem:128MB incremental:off max_workers:2 =====
SELECT * FROM s_4 ORDER BY a, b, c, d, e LIMIT 1000
                                                         QUERY PLAN                                                          
-----------------------------------------------------------------------------------------------------------------------------
 Limit  (cost=7132.39..7132.39 rows=1 width=20) (actual time=12.633..12.633 rows=0 loops=1)
   ->  Limit  (cost=7119.89..7122.39 rows=1000 width=20) (actual time=12.510..12.604 rows=1000 loops=1)
         ->  Sort  (cost=7119.89..7369.89 rows=100000 width=20) (actual time=12.509..12.548 rows=1000 loops=1)
               Sort Key: s_4.a, s_4.b, s_4.c, s_4.d, s_4.e
               Sort Method: top-N heapsort  Memory: 127kB
               ->  Seq Scan on s_4  (cost=0.00..1637.00 rows=100000 width=20) (actual time=0.012..5.054 rows=100000 loops=1)
 Planning time: 0.263 ms
 Execution time: 12.671 ms
(8 rows)

===== 441 [Wed Mar  7 02:07:49 CET 2018] scale:100000 groups:10000 work_mem:256MB incremental:on max_workers:2 =====
SELECT * FROM s_1 ORDER BY a, b LIMIT 1000
                                                                 QUERY PLAN                                                                  
---------------------------------------------------------------------------------------------------------------------------------------------
 Limit  (cost=30.74..30.74 rows=1 width=20) (actual time=0.453..0.453 rows=0 loops=1)
   ->  Limit  (cost=0.79..20.74 rows=1000 width=20) (actual time=0.063..0.425 rows=1000 loops=1)
         ->  Incremental Sort  (cost=0.79..1995.53 rows=100000 width=20) (actual time=0.063..0.369 rows=1000 loops=1)
               Sort Key: s_1.a, s_1.b
               Presorted Key: s_1.a
               Sort Method: quicksort  Memory: 28kB
               Sort Groups: 29
               ->  Index Scan using s_1_a_idx on s_1  (cost=0.29..3244.29 rows=100000 width=20) (actual time=0.009..0.127 rows=1025 loops=1)
 Planning time: 0.271 ms
 Execution time: 0.478 ms
(10 rows)

===== 442 [Wed Mar  7 02:07:49 CET 2018] scale:100000 groups:10000 work_mem:256MB incremental:on max_workers:2 =====
SELECT * FROM s_2 ORDER BY a, b, c LIMIT 1000
                                                                  QUERY PLAN                                                                   
-----------------------------------------------------------------------------------------------------------------------------------------------
 Limit  (cost=30.93..30.93 rows=1 width=20) (actual time=0.388..0.388 rows=0 loops=1)
   ->  Limit  (cost=0.87..20.93 rows=1000 width=20) (actual time=0.058..0.359 rows=1000 loops=1)
         ->  Incremental Sort  (cost=0.87..2007.69 rows=100000 width=20) (actual time=0.058..0.304 rows=1000 loops=1)
               Sort Key: s_2.a, s_2.b, s_2.c
               Presorted Key: s_2.a, s_2.b
               Sort Method: quicksort  Memory: 27kB
               Sort Groups: 32
               ->  Index Scan using s_2_a_b_idx on s_2  (cost=0.29..4079.04 rows=100000 width=20) (actual time=0.015..0.137 rows=1025 loops=1)
 Planning time: 0.281 ms
 Execution time: 0.411 ms
(10 rows)

===== 443 [Wed Mar  7 02:07:50 CET 2018] scale:100000 groups:10000 work_mem:256MB incremental:on max_workers:2 =====
SELECT * FROM s_3 ORDER BY a, b, c, d LIMIT 1000
                                                                   QUERY PLAN                                                                    
-------------------------------------------------------------------------------------------------------------------------------------------------
 Limit  (cost=31.15..31.15 rows=1 width=20) (actual time=0.396..0.396 rows=0 loops=1)
   ->  Limit  (cost=1.04..21.15 rows=1000 width=20) (actual time=0.062..0.367 rows=1000 loops=1)
         ->  Incremental Sort  (cost=1.04..2012.29 rows=100000 width=20) (actual time=0.062..0.312 rows=1000 loops=1)
               Sort Key: s_3.a, s_3.b, s_3.c, s_3.d
               Presorted Key: s_3.a, s_3.b, s_3.c
               Sort Method: quicksort  Memory: 27kB
               Sort Groups: 32
               ->  Index Scan using s_3_a_b_c_idx on s_3  (cost=0.42..4527.17 rows=100000 width=20) (actual time=0.015..0.140 rows=1025 loops=1)
 Planning time: 0.274 ms
 Execution time: 0.419 ms
(10 rows)

===== 444 [Wed Mar  7 02:07:50 CET 2018] scale:100000 groups:10000 work_mem:256MB incremental:on max_workers:2 =====
SELECT * FROM s_4 ORDER BY a, b, c, d, e LIMIT 1000
                                                                    QUERY PLAN                                                                     
---------------------------------------------------------------------------------------------------------------------------------------------------
 Limit  (cost=31.15..31.15 rows=1 width=20) (actual time=0.389..0.389 rows=0 loops=1)
   ->  Limit  (cost=1.04..21.15 rows=1000 width=20) (actual time=0.059..0.361 rows=1000 loops=1)
         ->  Incremental Sort  (cost=1.04..2012.29 rows=100000 width=20) (actual time=0.058..0.305 rows=1000 loops=1)
               Sort Key: s_4.a, s_4.b, s_4.c, s_4.d, s_4.e
               Presorted Key: s_4.a, s_4.b, s_4.c, s_4.d
               Sort Method: quicksort  Memory: 27kB
               Sort Groups: 32
               ->  Index Scan using s_4_a_b_c_d_idx on s_4  (cost=0.42..4527.17 rows=100000 width=20) (actual time=0.012..0.133 rows=1025 loops=1)
 Planning time: 0.277 ms
 Execution time: 0.412 ms
(10 rows)

===== 445 [Wed Mar  7 02:07:50 CET 2018] scale:100000 groups:10000 work_mem:256MB incremental:off max_workers:2 =====
SELECT * FROM s_1 ORDER BY a, b LIMIT 1000
                                                         QUERY PLAN                                                          
-----------------------------------------------------------------------------------------------------------------------------
 Limit  (cost=7132.39..7132.39 rows=1 width=20) (actual time=12.595..12.595 rows=0 loops=1)
   ->  Limit  (cost=7119.89..7122.39 rows=1000 width=20) (actual time=12.473..12.567 rows=1000 loops=1)
         ->  Sort  (cost=7119.89..7369.89 rows=100000 width=20) (actual time=12.472..12.511 rows=1000 loops=1)
               Sort Key: s_1.a, s_1.b
               Sort Method: top-N heapsort  Memory: 127kB
               ->  Seq Scan on s_1  (cost=0.00..1637.00 rows=100000 width=20) (actual time=0.007..5.047 rows=100000 loops=1)
 Planning time: 0.265 ms
 Execution time: 12.634 ms
(8 rows)

===== 446 [Wed Mar  7 02:07:50 CET 2018] scale:100000 groups:10000 work_mem:256MB incremental:off max_workers:2 =====
SELECT * FROM s_2 ORDER BY a, b, c LIMIT 1000
                                                         QUERY PLAN                                                          
-----------------------------------------------------------------------------------------------------------------------------
 Limit  (cost=7132.39..7132.39 rows=1 width=20) (actual time=12.578..12.578 rows=0 loops=1)
   ->  Limit  (cost=7119.89..7122.39 rows=1000 width=20) (actual time=12.454..12.549 rows=1000 loops=1)
         ->  Sort  (cost=7119.89..7369.89 rows=100000 width=20) (actual time=12.454..12.491 rows=1000 loops=1)
               Sort Key: s_2.a, s_2.b, s_2.c
               Sort Method: top-N heapsort  Memory: 127kB
               ->  Seq Scan on s_2  (cost=0.00..1637.00 rows=100000 width=20) (actual time=0.010..5.057 rows=100000 loops=1)
 Planning time: 0.262 ms
 Execution time: 12.616 ms
(8 rows)

===== 447 [Wed Mar  7 02:07:50 CET 2018] scale:100000 groups:10000 work_mem:256MB incremental:off max_workers:2 =====
SELECT * FROM s_3 ORDER BY a, b, c, d LIMIT 1000
                                                         QUERY PLAN                                                          
-----------------------------------------------------------------------------------------------------------------------------
 Limit  (cost=7132.39..7132.39 rows=1 width=20) (actual time=12.665..12.665 rows=0 loops=1)
   ->  Limit  (cost=7119.89..7122.39 rows=1000 width=20) (actual time=12.544..12.637 rows=1000 loops=1)
         ->  Sort  (cost=7119.89..7369.89 rows=100000 width=20) (actual time=12.543..12.582 rows=1000 loops=1)
               Sort Key: s_3.a, s_3.b, s_3.c, s_3.d
               Sort Method: top-N heapsort  Memory: 127kB
               ->  Seq Scan on s_3  (cost=0.00..1637.00 rows=100000 width=20) (actual time=0.010..5.044 rows=100000 loops=1)
 Planning time: 0.257 ms
 Execution time: 12.702 ms
(8 rows)

===== 448 [Wed Mar  7 02:07:50 CET 2018] scale:100000 groups:10000 work_mem:256MB incremental:off max_workers:2 =====
SELECT * FROM s_4 ORDER BY a, b, c, d, e LIMIT 1000
                                                         QUERY PLAN                                                          
-----------------------------------------------------------------------------------------------------------------------------
 Limit  (cost=7132.39..7132.39 rows=1 width=20) (actual time=12.632..12.632 rows=0 loops=1)
   ->  Limit  (cost=7119.89..7122.39 rows=1000 width=20) (actual time=12.509..12.604 rows=1000 loops=1)
         ->  Sort  (cost=7119.89..7369.89 rows=100000 width=20) (actual time=12.509..12.547 rows=1000 loops=1)
               Sort Key: s_4.a, s_4.b, s_4.c, s_4.d, s_4.e
               Sort Method: top-N heapsort  Memory: 127kB
               ->  Seq Scan on s_4  (cost=0.00..1637.00 rows=100000 width=20) (actual time=0.012..5.062 rows=100000 loops=1)
 Planning time: 0.267 ms
 Execution time: 12.669 ms
(8 rows)

