===== 1 [Wed Mar  7 02:09:27 CET 2018] scale:100000 groups:10 work_mem:4MB incremental:on max_workers:0 =====
SELECT * FROM s_1 ORDER BY a, b LIMIT 1000
                                                                        QUERY PLAN                                                                        
----------------------------------------------------------------------------------------------------------------------------------------------------------
 Limit  (cost=844.18..844.18 rows=1 width=20) (actual time=2.024..2.024 rows=0 loops=1)
   ->  Limit  (cost=816.68..834.18 rows=1000 width=20) (actual time=1.899..1.996 rows=1000 loops=1)
         ->  Incremental Sort  (cost=816.68..2566.90 rows=100000 width=20) (actual time=1.899..1.941 rows=1000 loops=1)
               Sort Key: s_1.a, s_1.b
               Presorted Key: s_1.a
               Sort Method: quicksort  Memory: 578kB
               Sort Groups: 1
               ->  Index Only Scan using s_1_a_e_d_c_b_idx on s_1  (cost=0.42..3496.42 rows=100000 width=20) (actual time=0.044..0.806 rows=4932 loops=1)
                     Heap Fetches: 0
 Planning time: 0.267 ms
 Execution time: 2.069 ms
(11 rows)

===== 2 [Wed Mar  7 02:09:27 CET 2018] scale:100000 groups:10 work_mem:4MB incremental:on max_workers:0 =====
SELECT * FROM s_2 ORDER BY a, b, c LIMIT 1000
                                                                        QUERY PLAN                                                                        
----------------------------------------------------------------------------------------------------------------------------------------------------------
 Limit  (cost=97.02..97.02 rows=1 width=20) (actual time=0.676..0.676 rows=0 loops=1)
   ->  Limit  (cost=69.35..87.02 rows=1000 width=20) (actual time=0.170..0.648 rows=1000 loops=1)
         ->  Incremental Sort  (cost=69.35..1836.25 rows=100000 width=20) (actual time=0.170..0.588 rows=1000 loops=1)
               Sort Key: s_2.a, s_2.b, s_2.c
               Presorted Key: s_2.a, s_2.b
               Sort Method: quicksort  Memory: 65kB
               Sort Groups: 3
               ->  Index Only Scan using s_2_a_b_e_d_c_idx on s_2  (cost=0.42..3496.42 rows=100000 width=20) (actual time=0.041..0.228 rows=1240 loops=1)
                     Heap Fetches: 0
 Planning time: 0.274 ms
 Execution time: 0.703 ms
(11 rows)

===== 3 [Wed Mar  7 02:09:27 CET 2018] scale:100000 groups:10 work_mem:4MB incremental:on max_workers:0 =====
SELECT * FROM s_3 ORDER BY a, b, c, d LIMIT 1000
                                                                        QUERY PLAN                                                                        
----------------------------------------------------------------------------------------------------------------------------------------------------------
 Limit  (cost=33.76..33.76 rows=1 width=20) (actual time=0.622..0.622 rows=0 loops=1)
   ->  Limit  (cost=5.38..23.76 rows=1000 width=20) (actual time=0.094..0.594 rows=1000 loops=1)
         ->  Incremental Sort  (cost=5.38..1843.15 rows=100000 width=20) (actual time=0.094..0.538 rows=1000 loops=1)
               Sort Key: s_3.a, s_3.b, s_3.c, s_3.d
               Presorted Key: s_3.a, s_3.b, s_3.c
               Sort Method: quicksort  Memory: 29kB
               Sort Groups: 22
               ->  Index Only Scan using s_3_a_b_c_e_d_idx on s_3  (cost=0.42..3496.42 rows=100000 width=20) (actual time=0.041..0.192 rows=1039 loops=1)
                     Heap Fetches: 0
 Planning time: 0.280 ms
 Execution time: 0.652 ms
(11 rows)

===== 4 [Wed Mar  7 02:09:27 CET 2018] scale:100000 groups:10 work_mem:4MB incremental:off max_workers:0 =====
SELECT * FROM s_1 ORDER BY a, b LIMIT 1000
                                                         QUERY PLAN                                                          
-----------------------------------------------------------------------------------------------------------------------------
 Limit  (cost=7132.39..7132.39 rows=1 width=20) (actual time=13.090..13.090 rows=0 loops=1)
   ->  Limit  (cost=7119.89..7122.39 rows=1000 width=20) (actual time=12.969..13.061 rows=1000 loops=1)
         ->  Sort  (cost=7119.89..7369.89 rows=100000 width=20) (actual time=12.968..13.006 rows=1000 loops=1)
               Sort Key: s_1.a, s_1.b
               Sort Method: top-N heapsort  Memory: 177kB
               ->  Seq Scan on s_1  (cost=0.00..1637.00 rows=100000 width=20) (actual time=0.010..5.066 rows=100000 loops=1)
 Planning time: 0.260 ms
 Execution time: 13.127 ms
(8 rows)

===== 5 [Wed Mar  7 02:09:27 CET 2018] scale:100000 groups:10 work_mem:4MB incremental:off max_workers:0 =====
SELECT * FROM s_2 ORDER BY a, b, c LIMIT 1000
                                                         QUERY PLAN                                                          
-----------------------------------------------------------------------------------------------------------------------------
 Limit  (cost=7132.39..7132.39 rows=1 width=20) (actual time=12.906..12.906 rows=0 loops=1)
   ->  Limit  (cost=7119.89..7122.39 rows=1000 width=20) (actual time=12.785..12.877 rows=1000 loops=1)
         ->  Sort  (cost=7119.89..7369.89 rows=100000 width=20) (actual time=12.784..12.822 rows=1000 loops=1)
               Sort Key: s_2.a, s_2.b, s_2.c
               Sort Method: top-N heapsort  Memory: 138kB
               ->  Seq Scan on s_2  (cost=0.00..1637.00 rows=100000 width=20) (actual time=0.011..5.077 rows=100000 loops=1)
 Planning time: 0.270 ms
 Execution time: 12.944 ms
(8 rows)

===== 6 [Wed Mar  7 02:09:27 CET 2018] scale:100000 groups:10 work_mem:4MB incremental:off max_workers:0 =====
SELECT * FROM s_3 ORDER BY a, b, c, d LIMIT 1000
                                                         QUERY PLAN                                                          
-----------------------------------------------------------------------------------------------------------------------------
 Limit  (cost=7132.39..7132.39 rows=1 width=20) (actual time=12.875..12.875 rows=0 loops=1)
   ->  Limit  (cost=7119.89..7122.39 rows=1000 width=20) (actual time=12.751..12.845 rows=1000 loops=1)
         ->  Sort  (cost=7119.89..7369.89 rows=100000 width=20) (actual time=12.751..12.789 rows=1000 loops=1)
               Sort Key: s_3.a, s_3.b, s_3.c, s_3.d
               Sort Method: top-N heapsort  Memory: 127kB
               ->  Seq Scan on s_3  (cost=0.00..1637.00 rows=100000 width=20) (actual time=0.010..5.049 rows=100000 loops=1)
 Planning time: 0.278 ms
 Execution time: 12.916 ms
(8 rows)

===== 7 [Wed Mar  7 02:09:27 CET 2018] scale:100000 groups:10 work_mem:8MB incremental:on max_workers:0 =====
SELECT * FROM s_1 ORDER BY a, b LIMIT 1000
                                                                        QUERY PLAN                                                                        
----------------------------------------------------------------------------------------------------------------------------------------------------------
 Limit  (cost=844.18..844.18 rows=1 width=20) (actual time=1.901..1.901 rows=0 loops=1)
   ->  Limit  (cost=816.68..834.18 rows=1000 width=20) (actual time=1.766..1.864 rows=1000 loops=1)
         ->  Incremental Sort  (cost=816.68..2566.90 rows=100000 width=20) (actual time=1.766..1.809 rows=1000 loops=1)
               Sort Key: s_1.a, s_1.b
               Presorted Key: s_1.a
               Sort Method: quicksort  Memory: 578kB
               Sort Groups: 1
               ->  Index Only Scan using s_1_a_e_d_c_b_idx on s_1  (cost=0.42..3496.42 rows=100000 width=20) (actual time=0.027..0.684 rows=4932 loops=1)
                     Heap Fetches: 0
 Planning time: 0.273 ms
 Execution time: 1.945 ms
(11 rows)

===== 8 [Wed Mar  7 02:09:27 CET 2018] scale:100000 groups:10 work_mem:8MB incremental:on max_workers:0 =====
SELECT * FROM s_2 ORDER BY a, b, c LIMIT 1000
                                                                        QUERY PLAN                                                                        
----------------------------------------------------------------------------------------------------------------------------------------------------------
 Limit  (cost=97.02..97.02 rows=1 width=20) (actual time=0.627..0.627 rows=0 loops=1)
   ->  Limit  (cost=69.35..87.02 rows=1000 width=20) (actual time=0.147..0.599 rows=1000 loops=1)
         ->  Incremental Sort  (cost=69.35..1836.25 rows=100000 width=20) (actual time=0.147..0.544 rows=1000 loops=1)
               Sort Key: s_2.a, s_2.b, s_2.c
               Presorted Key: s_2.a, s_2.b
               Sort Method: quicksort  Memory: 65kB
               Sort Groups: 3
               ->  Index Only Scan using s_2_a_b_e_d_c_idx on s_2  (cost=0.42..3496.42 rows=100000 width=20) (actual time=0.025..0.183 rows=1240 loops=1)
                     Heap Fetches: 0
 Planning time: 0.276 ms
 Execution time: 0.652 ms
(11 rows)

===== 9 [Wed Mar  7 02:09:27 CET 2018] scale:100000 groups:10 work_mem:8MB incremental:on max_workers:0 =====
SELECT * FROM s_3 ORDER BY a, b, c, d LIMIT 1000
                                                                        QUERY PLAN                                                                        
----------------------------------------------------------------------------------------------------------------------------------------------------------
 Limit  (cost=33.76..33.76 rows=1 width=20) (actual time=0.581..0.581 rows=0 loops=1)
   ->  Limit  (cost=5.38..23.76 rows=1000 width=20) (actual time=0.075..0.553 rows=1000 loops=1)
         ->  Incremental Sort  (cost=5.38..1843.15 rows=100000 width=20) (actual time=0.075..0.497 rows=1000 loops=1)
               Sort Key: s_3.a, s_3.b, s_3.c, s_3.d
               Presorted Key: s_3.a, s_3.b, s_3.c
               Sort Method: quicksort  Memory: 29kB
               Sort Groups: 22
               ->  Index Only Scan using s_3_a_b_c_e_d_idx on s_3  (cost=0.42..3496.42 rows=100000 width=20) (actual time=0.023..0.154 rows=1039 loops=1)
                     Heap Fetches: 0
 Planning time: 0.286 ms
 Execution time: 0.605 ms
(11 rows)

===== 10 [Wed Mar  7 02:09:28 CET 2018] scale:100000 groups:10 work_mem:8MB incremental:off max_workers:0 =====
SELECT * FROM s_1 ORDER BY a, b LIMIT 1000
                                                         QUERY PLAN                                                          
-----------------------------------------------------------------------------------------------------------------------------
 Limit  (cost=7132.39..7132.39 rows=1 width=20) (actual time=13.086..13.086 rows=0 loops=1)
   ->  Limit  (cost=7119.89..7122.39 rows=1000 width=20) (actual time=12.964..13.058 rows=1000 loops=1)
         ->  Sort  (cost=7119.89..7369.89 rows=100000 width=20) (actual time=12.963..13.002 rows=1000 loops=1)
               Sort Key: s_1.a, s_1.b
               Sort Method: top-N heapsort  Memory: 177kB
               ->  Seq Scan on s_1  (cost=0.00..1637.00 rows=100000 width=20) (actual time=0.010..5.063 rows=100000 loops=1)
 Planning time: 0.259 ms
 Execution time: 13.123 ms
(8 rows)

===== 11 [Wed Mar  7 02:09:28 CET 2018] scale:100000 groups:10 work_mem:8MB incremental:off max_workers:0 =====
SELECT * FROM s_2 ORDER BY a, b, c LIMIT 1000
                                                         QUERY PLAN                                                          
-----------------------------------------------------------------------------------------------------------------------------
 Limit  (cost=7132.39..7132.39 rows=1 width=20) (actual time=12.903..12.903 rows=0 loops=1)
   ->  Limit  (cost=7119.89..7122.39 rows=1000 width=20) (actual time=12.782..12.875 rows=1000 loops=1)
         ->  Sort  (cost=7119.89..7369.89 rows=100000 width=20) (actual time=12.781..12.819 rows=1000 loops=1)
               Sort Key: s_2.a, s_2.b, s_2.c
               Sort Method: top-N heapsort  Memory: 138kB
               ->  Seq Scan on s_2  (cost=0.00..1637.00 rows=100000 width=20) (actual time=0.010..5.072 rows=100000 loops=1)
 Planning time: 0.268 ms
 Execution time: 12.941 ms
(8 rows)

===== 12 [Wed Mar  7 02:09:28 CET 2018] scale:100000 groups:10 work_mem:8MB incremental:off max_workers:0 =====
SELECT * FROM s_3 ORDER BY a, b, c, d LIMIT 1000
                                                         QUERY PLAN                                                          
-----------------------------------------------------------------------------------------------------------------------------
 Limit  (cost=7132.39..7132.39 rows=1 width=20) (actual time=12.867..12.867 rows=0 loops=1)
   ->  Limit  (cost=7119.89..7122.39 rows=1000 width=20) (actual time=12.746..12.838 rows=1000 loops=1)
         ->  Sort  (cost=7119.89..7369.89 rows=100000 width=20) (actual time=12.745..12.784 rows=1000 loops=1)
               Sort Key: s_3.a, s_3.b, s_3.c, s_3.d
               Sort Method: top-N heapsort  Memory: 127kB
               ->  Seq Scan on s_3  (cost=0.00..1637.00 rows=100000 width=20) (actual time=0.010..5.047 rows=100000 loops=1)
 Planning time: 0.272 ms
 Execution time: 12.906 ms
(8 rows)

===== 13 [Wed Mar  7 02:09:28 CET 2018] scale:100000 groups:10 work_mem:16MB incremental:on max_workers:0 =====
SELECT * FROM s_1 ORDER BY a, b LIMIT 1000
                                                                        QUERY PLAN                                                                        
----------------------------------------------------------------------------------------------------------------------------------------------------------
 Limit  (cost=844.18..844.18 rows=1 width=20) (actual time=1.899..1.899 rows=0 loops=1)
   ->  Limit  (cost=816.68..834.18 rows=1000 width=20) (actual time=1.773..1.871 rows=1000 loops=1)
         ->  Incremental Sort  (cost=816.68..2566.90 rows=100000 width=20) (actual time=1.773..1.816 rows=1000 loops=1)
               Sort Key: s_1.a, s_1.b
               Presorted Key: s_1.a
               Sort Method: quicksort  Memory: 578kB
               Sort Groups: 1
               ->  Index Only Scan using s_1_a_e_d_c_b_idx on s_1  (cost=0.42..3496.42 rows=100000 width=20) (actual time=0.027..0.693 rows=4932 loops=1)
                     Heap Fetches: 0
 Planning time: 0.265 ms
 Execution time: 1.942 ms
(11 rows)

===== 14 [Wed Mar  7 02:09:28 CET 2018] scale:100000 groups:10 work_mem:16MB incremental:on max_workers:0 =====
SELECT * FROM s_2 ORDER BY a, b, c LIMIT 1000
                                                                        QUERY PLAN                                                                        
----------------------------------------------------------------------------------------------------------------------------------------------------------
 Limit  (cost=97.02..97.02 rows=1 width=20) (actual time=0.629..0.629 rows=0 loops=1)
   ->  Limit  (cost=69.35..87.02 rows=1000 width=20) (actual time=0.148..0.602 rows=1000 loops=1)
         ->  Incremental Sort  (cost=69.35..1836.25 rows=100000 width=20) (actual time=0.148..0.546 rows=1000 loops=1)
               Sort Key: s_2.a, s_2.b, s_2.c
               Presorted Key: s_2.a, s_2.b
               Sort Method: quicksort  Memory: 65kB
               Sort Groups: 3
               ->  Index Only Scan using s_2_a_b_e_d_c_idx on s_2  (cost=0.42..3496.42 rows=100000 width=20) (actual time=0.025..0.183 rows=1240 loops=1)
                     Heap Fetches: 0
 Planning time: 0.274 ms
 Execution time: 0.655 ms
(11 rows)

===== 15 [Wed Mar  7 02:09:28 CET 2018] scale:100000 groups:10 work_mem:16MB incremental:on max_workers:0 =====
SELECT * FROM s_3 ORDER BY a, b, c, d LIMIT 1000
                                                                        QUERY PLAN                                                                        
----------------------------------------------------------------------------------------------------------------------------------------------------------
 Limit  (cost=33.76..33.76 rows=1 width=20) (actual time=0.588..0.588 rows=0 loops=1)
   ->  Limit  (cost=5.38..23.76 rows=1000 width=20) (actual time=0.082..0.560 rows=1000 loops=1)
         ->  Incremental Sort  (cost=5.38..1843.15 rows=100000 width=20) (actual time=0.082..0.505 rows=1000 loops=1)
               Sort Key: s_3.a, s_3.b, s_3.c, s_3.d
               Presorted Key: s_3.a, s_3.b, s_3.c
               Sort Method: quicksort  Memory: 29kB
               Sort Groups: 22
               ->  Index Only Scan using s_3_a_b_c_e_d_idx on s_3  (cost=0.42..3496.42 rows=100000 width=20) (actual time=0.024..0.156 rows=1039 loops=1)
                     Heap Fetches: 0
 Planning time: 0.282 ms
 Execution time: 0.613 ms
(11 rows)

===== 16 [Wed Mar  7 02:09:28 CET 2018] scale:100000 groups:10 work_mem:16MB incremental:off max_workers:0 =====
SELECT * FROM s_1 ORDER BY a, b LIMIT 1000
                                                         QUERY PLAN                                                          
-----------------------------------------------------------------------------------------------------------------------------
 Limit  (cost=7132.39..7132.39 rows=1 width=20) (actual time=13.084..13.084 rows=0 loops=1)
   ->  Limit  (cost=7119.89..7122.39 rows=1000 width=20) (actual time=12.961..13.055 rows=1000 loops=1)
         ->  Sort  (cost=7119.89..7369.89 rows=100000 width=20) (actual time=12.961..13.000 rows=1000 loops=1)
               Sort Key: s_1.a, s_1.b
               Sort Method: top-N heapsort  Memory: 177kB
               ->  Seq Scan on s_1  (cost=0.00..1637.00 rows=100000 width=20) (actual time=0.010..5.064 rows=100000 loops=1)
 Planning time: 0.265 ms
 Execution time: 13.122 ms
(8 rows)

===== 17 [Wed Mar  7 02:09:28 CET 2018] scale:100000 groups:10 work_mem:16MB incremental:off max_workers:0 =====
SELECT * FROM s_2 ORDER BY a, b, c LIMIT 1000
                                                         QUERY PLAN                                                          
-----------------------------------------------------------------------------------------------------------------------------
 Limit  (cost=7132.39..7132.39 rows=1 width=20) (actual time=12.916..12.916 rows=0 loops=1)
   ->  Limit  (cost=7119.89..7122.39 rows=1000 width=20) (actual time=12.792..12.885 rows=1000 loops=1)
         ->  Sort  (cost=7119.89..7369.89 rows=100000 width=20) (actual time=12.792..12.830 rows=1000 loops=1)
               Sort Key: s_2.a, s_2.b, s_2.c
               Sort Method: top-N heapsort  Memory: 138kB
               ->  Seq Scan on s_2  (cost=0.00..1637.00 rows=100000 width=20) (actual time=0.010..5.071 rows=100000 loops=1)
 Planning time: 0.284 ms
 Execution time: 12.953 ms
(8 rows)

===== 18 [Wed Mar  7 02:09:28 CET 2018] scale:100000 groups:10 work_mem:16MB incremental:off max_workers:0 =====
SELECT * FROM s_3 ORDER BY a, b, c, d LIMIT 1000
                                                         QUERY PLAN                                                          
-----------------------------------------------------------------------------------------------------------------------------
 Limit  (cost=7132.39..7132.39 rows=1 width=20) (actual time=12.868..12.868 rows=0 loops=1)
   ->  Limit  (cost=7119.89..7122.39 rows=1000 width=20) (actual time=12.747..12.839 rows=1000 loops=1)
         ->  Sort  (cost=7119.89..7369.89 rows=100000 width=20) (actual time=12.746..12.785 rows=1000 loops=1)
               Sort Key: s_3.a, s_3.b, s_3.c, s_3.d
               Sort Method: top-N heapsort  Memory: 127kB
               ->  Seq Scan on s_3  (cost=0.00..1637.00 rows=100000 width=20) (actual time=0.010..5.051 rows=100000 loops=1)
 Planning time: 0.273 ms
 Execution time: 12.907 ms
(8 rows)

===== 19 [Wed Mar  7 02:09:29 CET 2018] scale:100000 groups:10 work_mem:32MB incremental:on max_workers:0 =====
SELECT * FROM s_1 ORDER BY a, b LIMIT 1000
                                                                        QUERY PLAN                                                                        
----------------------------------------------------------------------------------------------------------------------------------------------------------
 Limit  (cost=844.18..844.18 rows=1 width=20) (actual time=1.901..1.901 rows=0 loops=1)
   ->  Limit  (cost=816.68..834.18 rows=1000 width=20) (actual time=1.776..1.873 rows=1000 loops=1)
         ->  Incremental Sort  (cost=816.68..2566.90 rows=100000 width=20) (actual time=1.775..1.818 rows=1000 loops=1)
               Sort Key: s_1.a, s_1.b
               Presorted Key: s_1.a
               Sort Method: quicksort  Memory: 578kB
               Sort Groups: 1
               ->  Index Only Scan using s_1_a_e_d_c_b_idx on s_1  (cost=0.42..3496.42 rows=100000 width=20) (actual time=0.029..0.696 rows=4932 loops=1)
                     Heap Fetches: 0
 Planning time: 0.268 ms
 Execution time: 1.944 ms
(11 rows)

===== 20 [Wed Mar  7 02:09:29 CET 2018] scale:100000 groups:10 work_mem:32MB incremental:on max_workers:0 =====
SELECT * FROM s_2 ORDER BY a, b, c LIMIT 1000
                                                                        QUERY PLAN                                                                        
----------------------------------------------------------------------------------------------------------------------------------------------------------
 Limit  (cost=97.02..97.02 rows=1 width=20) (actual time=0.628..0.628 rows=0 loops=1)
   ->  Limit  (cost=69.35..87.02 rows=1000 width=20) (actual time=0.150..0.600 rows=1000 loops=1)
         ->  Incremental Sort  (cost=69.35..1836.25 rows=100000 width=20) (actual time=0.149..0.545 rows=1000 loops=1)
               Sort Key: s_2.a, s_2.b, s_2.c
               Presorted Key: s_2.a, s_2.b
               Sort Method: quicksort  Memory: 65kB
               Sort Groups: 3
               ->  Index Only Scan using s_2_a_b_e_d_c_idx on s_2  (cost=0.42..3496.42 rows=100000 width=20) (actual time=0.025..0.182 rows=1240 loops=1)
                     Heap Fetches: 0
 Planning time: 0.268 ms
 Execution time: 0.653 ms
(11 rows)

===== 21 [Wed Mar  7 02:09:29 CET 2018] scale:100000 groups:10 work_mem:32MB incremental:on max_workers:0 =====
SELECT * FROM s_3 ORDER BY a, b, c, d LIMIT 1000
                                                                        QUERY PLAN                                                                        
----------------------------------------------------------------------------------------------------------------------------------------------------------
 Limit  (cost=33.76..33.76 rows=1 width=20) (actual time=0.583..0.583 rows=0 loops=1)
   ->  Limit  (cost=5.38..23.76 rows=1000 width=20) (actual time=0.078..0.556 rows=1000 loops=1)
         ->  Incremental Sort  (cost=5.38..1843.15 rows=100000 width=20) (actual time=0.077..0.500 rows=1000 loops=1)
               Sort Key: s_3.a, s_3.b, s_3.c, s_3.d
               Presorted Key: s_3.a, s_3.b, s_3.c
               Sort Method: quicksort  Memory: 29kB
               Sort Groups: 22
               ->  Index Only Scan using s_3_a_b_c_e_d_idx on s_3  (cost=0.42..3496.42 rows=100000 width=20) (actual time=0.024..0.155 rows=1039 loops=1)
                     Heap Fetches: 0
 Planning time: 0.279 ms
 Execution time: 0.616 ms
(11 rows)

===== 22 [Wed Mar  7 02:09:29 CET 2018] scale:100000 groups:10 work_mem:32MB incremental:off max_workers:0 =====
SELECT * FROM s_1 ORDER BY a, b LIMIT 1000
                                                         QUERY PLAN                                                          
-----------------------------------------------------------------------------------------------------------------------------
 Limit  (cost=7132.39..7132.39 rows=1 width=20) (actual time=13.102..13.102 rows=0 loops=1)
   ->  Limit  (cost=7119.89..7122.39 rows=1000 width=20) (actual time=12.980..13.073 rows=1000 loops=1)
         ->  Sort  (cost=7119.89..7369.89 rows=100000 width=20) (actual time=12.979..13.018 rows=1000 loops=1)
               Sort Key: s_1.a, s_1.b
               Sort Method: top-N heapsort  Memory: 177kB
               ->  Seq Scan on s_1  (cost=0.00..1637.00 rows=100000 width=20) (actual time=0.010..5.067 rows=100000 loops=1)
 Planning time: 0.262 ms
 Execution time: 13.140 ms
(8 rows)

===== 23 [Wed Mar  7 02:09:29 CET 2018] scale:100000 groups:10 work_mem:32MB incremental:off max_workers:0 =====
SELECT * FROM s_2 ORDER BY a, b, c LIMIT 1000
                                                         QUERY PLAN                                                          
-----------------------------------------------------------------------------------------------------------------------------
 Limit  (cost=7132.39..7132.39 rows=1 width=20) (actual time=12.917..12.917 rows=0 loops=1)
   ->  Limit  (cost=7119.89..7122.39 rows=1000 width=20) (actual time=12.796..12.889 rows=1000 loops=1)
         ->  Sort  (cost=7119.89..7369.89 rows=100000 width=20) (actual time=12.795..12.834 rows=1000 loops=1)
               Sort Key: s_2.a, s_2.b, s_2.c
               Sort Method: top-N heapsort  Memory: 138kB
               ->  Seq Scan on s_2  (cost=0.00..1637.00 rows=100000 width=20) (actual time=0.010..5.067 rows=100000 loops=1)
 Planning time: 0.270 ms
 Execution time: 12.955 ms
(8 rows)

===== 24 [Wed Mar  7 02:09:29 CET 2018] scale:100000 groups:10 work_mem:32MB incremental:off max_workers:0 =====
SELECT * FROM s_3 ORDER BY a, b, c, d LIMIT 1000
                                                         QUERY PLAN                                                          
-----------------------------------------------------------------------------------------------------------------------------
 Limit  (cost=7132.39..7132.39 rows=1 width=20) (actual time=12.870..12.870 rows=0 loops=1)
   ->  Limit  (cost=7119.89..7122.39 rows=1000 width=20) (actual time=12.748..12.841 rows=1000 loops=1)
         ->  Sort  (cost=7119.89..7369.89 rows=100000 width=20) (actual time=12.747..12.786 rows=1000 loops=1)
               Sort Key: s_3.a, s_3.b, s_3.c, s_3.d
               Sort Method: top-N heapsort  Memory: 127kB
               ->  Seq Scan on s_3  (cost=0.00..1637.00 rows=100000 width=20) (actual time=0.010..5.042 rows=100000 loops=1)
 Planning time: 0.274 ms
 Execution time: 12.907 ms
(8 rows)

===== 25 [Wed Mar  7 02:09:29 CET 2018] scale:100000 groups:10 work_mem:64MB incremental:on max_workers:0 =====
SELECT * FROM s_1 ORDER BY a, b LIMIT 1000
                                                                        QUERY PLAN                                                                        
----------------------------------------------------------------------------------------------------------------------------------------------------------
 Limit  (cost=844.18..844.18 rows=1 width=20) (actual time=1.898..1.898 rows=0 loops=1)
   ->  Limit  (cost=816.68..834.18 rows=1000 width=20) (actual time=1.773..1.870 rows=1000 loops=1)
         ->  Incremental Sort  (cost=816.68..2566.90 rows=100000 width=20) (actual time=1.773..1.815 rows=1000 loops=1)
               Sort Key: s_1.a, s_1.b
               Presorted Key: s_1.a
               Sort Method: quicksort  Memory: 578kB
               Sort Groups: 1
               ->  Index Only Scan using s_1_a_e_d_c_b_idx on s_1  (cost=0.42..3496.42 rows=100000 width=20) (actual time=0.027..0.688 rows=4932 loops=1)
                     Heap Fetches: 0
 Planning time: 0.262 ms
 Execution time: 1.942 ms
(11 rows)

===== 26 [Wed Mar  7 02:09:29 CET 2018] scale:100000 groups:10 work_mem:64MB incremental:on max_workers:0 =====
SELECT * FROM s_2 ORDER BY a, b, c LIMIT 1000
                                                                        QUERY PLAN                                                                        
----------------------------------------------------------------------------------------------------------------------------------------------------------
 Limit  (cost=97.02..97.02 rows=1 width=20) (actual time=0.630..0.630 rows=0 loops=1)
   ->  Limit  (cost=69.35..87.02 rows=1000 width=20) (actual time=0.156..0.602 rows=1000 loops=1)
         ->  Incremental Sort  (cost=69.35..1836.25 rows=100000 width=20) (actual time=0.156..0.547 rows=1000 loops=1)
               Sort Key: s_2.a, s_2.b, s_2.c
               Presorted Key: s_2.a, s_2.b
               Sort Method: quicksort  Memory: 65kB
               Sort Groups: 3
               ->  Index Only Scan using s_2_a_b_e_d_c_idx on s_2  (cost=0.42..3496.42 rows=100000 width=20) (actual time=0.025..0.182 rows=1240 loops=1)
                     Heap Fetches: 0
 Planning time: 0.273 ms
 Execution time: 0.655 ms
(11 rows)

===== 27 [Wed Mar  7 02:09:29 CET 2018] scale:100000 groups:10 work_mem:64MB incremental:on max_workers:0 =====
SELECT * FROM s_3 ORDER BY a, b, c, d LIMIT 1000
                                                                        QUERY PLAN                                                                        
----------------------------------------------------------------------------------------------------------------------------------------------------------
 Limit  (cost=33.76..33.76 rows=1 width=20) (actual time=0.582..0.582 rows=0 loops=1)
   ->  Limit  (cost=5.38..23.76 rows=1000 width=20) (actual time=0.076..0.554 rows=1000 loops=1)
         ->  Incremental Sort  (cost=5.38..1843.15 rows=100000 width=20) (actual time=0.076..0.499 rows=1000 loops=1)
               Sort Key: s_3.a, s_3.b, s_3.c, s_3.d
               Presorted Key: s_3.a, s_3.b, s_3.c
               Sort Method: quicksort  Memory: 29kB
               Sort Groups: 22
               ->  Index Only Scan using s_3_a_b_c_e_d_idx on s_3  (cost=0.42..3496.42 rows=100000 width=20) (actual time=0.023..0.155 rows=1039 loops=1)
                     Heap Fetches: 0
 Planning time: 0.283 ms
 Execution time: 0.606 ms
(11 rows)

===== 28 [Wed Mar  7 02:09:29 CET 2018] scale:100000 groups:10 work_mem:64MB incremental:off max_workers:0 =====
SELECT * FROM s_1 ORDER BY a, b LIMIT 1000
                                                         QUERY PLAN                                                          
-----------------------------------------------------------------------------------------------------------------------------
 Limit  (cost=7132.39..7132.39 rows=1 width=20) (actual time=13.088..13.088 rows=0 loops=1)
   ->  Limit  (cost=7119.89..7122.39 rows=1000 width=20) (actual time=12.965..13.059 rows=1000 loops=1)
         ->  Sort  (cost=7119.89..7369.89 rows=100000 width=20) (actual time=12.965..13.004 rows=1000 loops=1)
               Sort Key: s_1.a, s_1.b
               Sort Method: top-N heapsort  Memory: 177kB
               ->  Seq Scan on s_1  (cost=0.00..1637.00 rows=100000 width=20) (actual time=0.010..5.053 rows=100000 loops=1)
 Planning time: 0.278 ms
 Execution time: 13.125 ms
(8 rows)

===== 29 [Wed Mar  7 02:09:30 CET 2018] scale:100000 groups:10 work_mem:64MB incremental:off max_workers:0 =====
SELECT * FROM s_2 ORDER BY a, b, c LIMIT 1000
                                                         QUERY PLAN                                                          
-----------------------------------------------------------------------------------------------------------------------------
 Limit  (cost=7132.39..7132.39 rows=1 width=20) (actual time=12.913..12.913 rows=0 loops=1)
   ->  Limit  (cost=7119.89..7122.39 rows=1000 width=20) (actual time=12.791..12.884 rows=1000 loops=1)
         ->  Sort  (cost=7119.89..7369.89 rows=100000 width=20) (actual time=12.791..12.830 rows=1000 loops=1)
               Sort Key: s_2.a, s_2.b, s_2.c
               Sort Method: top-N heapsort  Memory: 138kB
               ->  Seq Scan on s_2  (cost=0.00..1637.00 rows=100000 width=20) (actual time=0.011..5.072 rows=100000 loops=1)
 Planning time: 0.273 ms
 Execution time: 12.951 ms
(8 rows)

===== 30 [Wed Mar  7 02:09:30 CET 2018] scale:100000 groups:10 work_mem:64MB incremental:off max_workers:0 =====
SELECT * FROM s_3 ORDER BY a, b, c, d LIMIT 1000
                                                         QUERY PLAN                                                          
-----------------------------------------------------------------------------------------------------------------------------
 Limit  (cost=7132.39..7132.39 rows=1 width=20) (actual time=12.864..12.864 rows=0 loops=1)
   ->  Limit  (cost=7119.89..7122.39 rows=1000 width=20) (actual time=12.742..12.835 rows=1000 loops=1)
         ->  Sort  (cost=7119.89..7369.89 rows=100000 width=20) (actual time=12.741..12.780 rows=1000 loops=1)
               Sort Key: s_3.a, s_3.b, s_3.c, s_3.d
               Sort Method: top-N heapsort  Memory: 127kB
               ->  Seq Scan on s_3  (cost=0.00..1637.00 rows=100000 width=20) (actual time=0.010..5.046 rows=100000 loops=1)
 Planning time: 0.276 ms
 Execution time: 12.903 ms
(8 rows)

===== 31 [Wed Mar  7 02:09:30 CET 2018] scale:100000 groups:10 work_mem:128MB incremental:on max_workers:0 =====
SELECT * FROM s_1 ORDER BY a, b LIMIT 1000
                                                                        QUERY PLAN                                                                        
----------------------------------------------------------------------------------------------------------------------------------------------------------
 Limit  (cost=844.18..844.18 rows=1 width=20) (actual time=1.895..1.895 rows=0 loops=1)
   ->  Limit  (cost=816.68..834.18 rows=1000 width=20) (actual time=1.770..1.867 rows=1000 loops=1)
         ->  Incremental Sort  (cost=816.68..2566.90 rows=100000 width=20) (actual time=1.769..1.812 rows=1000 loops=1)
               Sort Key: s_1.a, s_1.b
               Presorted Key: s_1.a
               Sort Method: quicksort  Memory: 578kB
               Sort Groups: 1
               ->  Index Only Scan using s_1_a_e_d_c_b_idx on s_1  (cost=0.42..3496.42 rows=100000 width=20) (actual time=0.027..0.687 rows=4932 loops=1)
                     Heap Fetches: 0
 Planning time: 0.266 ms
 Execution time: 1.941 ms
(11 rows)

===== 32 [Wed Mar  7 02:09:30 CET 2018] scale:100000 groups:10 work_mem:128MB incremental:on max_workers:0 =====
SELECT * FROM s_2 ORDER BY a, b, c LIMIT 1000
                                                                        QUERY PLAN                                                                        
----------------------------------------------------------------------------------------------------------------------------------------------------------
 Limit  (cost=97.02..97.02 rows=1 width=20) (actual time=0.623..0.623 rows=0 loops=1)
   ->  Limit  (cost=69.35..87.02 rows=1000 width=20) (actual time=0.148..0.596 rows=1000 loops=1)
         ->  Incremental Sort  (cost=69.35..1836.25 rows=100000 width=20) (actual time=0.148..0.540 rows=1000 loops=1)
               Sort Key: s_2.a, s_2.b, s_2.c
               Presorted Key: s_2.a, s_2.b
               Sort Method: quicksort  Memory: 65kB
               Sort Groups: 3
               ->  Index Only Scan using s_2_a_b_e_d_c_idx on s_2  (cost=0.42..3496.42 rows=100000 width=20) (actual time=0.025..0.183 rows=1240 loops=1)
                     Heap Fetches: 0
 Planning time: 0.280 ms
 Execution time: 0.648 ms
(11 rows)

===== 33 [Wed Mar  7 02:09:30 CET 2018] scale:100000 groups:10 work_mem:128MB incremental:on max_workers:0 =====
SELECT * FROM s_3 ORDER BY a, b, c, d LIMIT 1000
                                                                        QUERY PLAN                                                                        
----------------------------------------------------------------------------------------------------------------------------------------------------------
 Limit  (cost=33.76..33.76 rows=1 width=20) (actual time=0.588..0.588 rows=0 loops=1)
   ->  Limit  (cost=5.38..23.76 rows=1000 width=20) (actual time=0.076..0.560 rows=1000 loops=1)
         ->  Incremental Sort  (cost=5.38..1843.15 rows=100000 width=20) (actual time=0.076..0.505 rows=1000 loops=1)
               Sort Key: s_3.a, s_3.b, s_3.c, s_3.d
               Presorted Key: s_3.a, s_3.b, s_3.c
               Sort Method: quicksort  Memory: 29kB
               Sort Groups: 22
               ->  Index Only Scan using s_3_a_b_c_e_d_idx on s_3  (cost=0.42..3496.42 rows=100000 width=20) (actual time=0.024..0.155 rows=1039 loops=1)
                     Heap Fetches: 0
 Planning time: 0.281 ms
 Execution time: 0.613 ms
(11 rows)

===== 34 [Wed Mar  7 02:09:30 CET 2018] scale:100000 groups:10 work_mem:128MB incremental:off max_workers:0 =====
SELECT * FROM s_1 ORDER BY a, b LIMIT 1000
                                                         QUERY PLAN                                                          
-----------------------------------------------------------------------------------------------------------------------------
 Limit  (cost=7132.39..7132.39 rows=1 width=20) (actual time=13.084..13.084 rows=0 loops=1)
   ->  Limit  (cost=7119.89..7122.39 rows=1000 width=20) (actual time=12.962..13.055 rows=1000 loops=1)
         ->  Sort  (cost=7119.89..7369.89 rows=100000 width=20) (actual time=12.961..12.999 rows=1000 loops=1)
               Sort Key: s_1.a, s_1.b
               Sort Method: top-N heapsort  Memory: 177kB
               ->  Seq Scan on s_1  (cost=0.00..1637.00 rows=100000 width=20) (actual time=0.010..5.063 rows=100000 loops=1)
 Planning time: 0.260 ms
 Execution time: 13.121 ms
(8 rows)

===== 35 [Wed Mar  7 02:09:30 CET 2018] scale:100000 groups:10 work_mem:128MB incremental:off max_workers:0 =====
SELECT * FROM s_2 ORDER BY a, b, c LIMIT 1000
                                                         QUERY PLAN                                                          
-----------------------------------------------------------------------------------------------------------------------------
 Limit  (cost=7132.39..7132.39 rows=1 width=20) (actual time=12.890..12.890 rows=0 loops=1)
   ->  Limit  (cost=7119.89..7122.39 rows=1000 width=20) (actual time=12.767..12.861 rows=1000 loops=1)
         ->  Sort  (cost=7119.89..7369.89 rows=100000 width=20) (actual time=12.767..12.806 rows=1000 loops=1)
               Sort Key: s_2.a, s_2.b, s_2.c
               Sort Method: top-N heapsort  Memory: 138kB
               ->  Seq Scan on s_2  (cost=0.00..1637.00 rows=100000 width=20) (actual time=0.010..5.070 rows=100000 loops=1)
 Planning time: 0.265 ms
 Execution time: 12.927 ms
(8 rows)

===== 36 [Wed Mar  7 02:09:30 CET 2018] scale:100000 groups:10 work_mem:128MB incremental:off max_workers:0 =====
SELECT * FROM s_3 ORDER BY a, b, c, d LIMIT 1000
                                                         QUERY PLAN                                                          
-----------------------------------------------------------------------------------------------------------------------------
 Limit  (cost=7132.39..7132.39 rows=1 width=20) (actual time=12.880..12.880 rows=0 loops=1)
   ->  Limit  (cost=7119.89..7122.39 rows=1000 width=20) (actual time=12.759..12.852 rows=1000 loops=1)
         ->  Sort  (cost=7119.89..7369.89 rows=100000 width=20) (actual time=12.758..12.797 rows=1000 loops=1)
               Sort Key: s_3.a, s_3.b, s_3.c, s_3.d
               Sort Method: top-N heapsort  Memory: 127kB
               ->  Seq Scan on s_3  (cost=0.00..1637.00 rows=100000 width=20) (actual time=0.011..5.053 rows=100000 loops=1)
 Planning time: 0.280 ms
 Execution time: 12.919 ms
(8 rows)

===== 37 [Wed Mar  7 02:09:31 CET 2018] scale:100000 groups:10 work_mem:256MB incremental:on max_workers:0 =====
SELECT * FROM s_1 ORDER BY a, b LIMIT 1000
                                                                        QUERY PLAN                                                                        
----------------------------------------------------------------------------------------------------------------------------------------------------------
 Limit  (cost=844.18..844.18 rows=1 width=20) (actual time=1.897..1.897 rows=0 loops=1)
   ->  Limit  (cost=816.68..834.18 rows=1000 width=20) (actual time=1.771..1.869 rows=1000 loops=1)
         ->  Incremental Sort  (cost=816.68..2566.90 rows=100000 width=20) (actual time=1.771..1.814 rows=1000 loops=1)
               Sort Key: s_1.a, s_1.b
               Presorted Key: s_1.a
               Sort Method: quicksort  Memory: 578kB
               Sort Groups: 1
               ->  Index Only Scan using s_1_a_e_d_c_b_idx on s_1  (cost=0.42..3496.42 rows=100000 width=20) (actual time=0.028..0.684 rows=4932 loops=1)
                     Heap Fetches: 0
 Planning time: 0.262 ms
 Execution time: 1.940 ms
(11 rows)

===== 38 [Wed Mar  7 02:09:31 CET 2018] scale:100000 groups:10 work_mem:256MB incremental:on max_workers:0 =====
SELECT * FROM s_2 ORDER BY a, b, c LIMIT 1000
                                                                        QUERY PLAN                                                                        
----------------------------------------------------------------------------------------------------------------------------------------------------------
 Limit  (cost=97.02..97.02 rows=1 width=20) (actual time=0.628..0.628 rows=0 loops=1)
   ->  Limit  (cost=69.35..87.02 rows=1000 width=20) (actual time=0.149..0.597 rows=1000 loops=1)
         ->  Incremental Sort  (cost=69.35..1836.25 rows=100000 width=20) (actual time=0.148..0.542 rows=1000 loops=1)
               Sort Key: s_2.a, s_2.b, s_2.c
               Presorted Key: s_2.a, s_2.b
               Sort Method: quicksort  Memory: 65kB
               Sort Groups: 3
               ->  Index Only Scan using s_2_a_b_e_d_c_idx on s_2  (cost=0.42..3496.42 rows=100000 width=20) (actual time=0.025..0.182 rows=1240 loops=1)
                     Heap Fetches: 0
 Planning time: 0.274 ms
 Execution time: 0.654 ms
(11 rows)

===== 39 [Wed Mar  7 02:09:31 CET 2018] scale:100000 groups:10 work_mem:256MB incremental:on max_workers:0 =====
SELECT * FROM s_3 ORDER BY a, b, c, d LIMIT 1000
                                                                        QUERY PLAN                                                                        
----------------------------------------------------------------------------------------------------------------------------------------------------------
 Limit  (cost=33.76..33.76 rows=1 width=20) (actual time=0.589..0.589 rows=0 loops=1)
   ->  Limit  (cost=5.38..23.76 rows=1000 width=20) (actual time=0.084..0.561 rows=1000 loops=1)
         ->  Incremental Sort  (cost=5.38..1843.15 rows=100000 width=20) (actual time=0.083..0.506 rows=1000 loops=1)
               Sort Key: s_3.a, s_3.b, s_3.c, s_3.d
               Presorted Key: s_3.a, s_3.b, s_3.c
               Sort Method: quicksort  Memory: 29kB
               Sort Groups: 22
               ->  Index Only Scan using s_3_a_b_c_e_d_idx on s_3  (cost=0.42..3496.42 rows=100000 width=20) (actual time=0.024..0.155 rows=1039 loops=1)
                     Heap Fetches: 0
 Planning time: 0.282 ms
 Execution time: 0.614 ms
(11 rows)

===== 40 [Wed Mar  7 02:09:31 CET 2018] scale:100000 groups:10 work_mem:256MB incremental:off max_workers:0 =====
SELECT * FROM s_1 ORDER BY a, b LIMIT 1000
                                                         QUERY PLAN                                                          
-----------------------------------------------------------------------------------------------------------------------------
 Limit  (cost=7132.39..7132.39 rows=1 width=20) (actual time=13.090..13.090 rows=0 loops=1)
   ->  Limit  (cost=7119.89..7122.39 rows=1000 width=20) (actual time=12.967..13.062 rows=1000 loops=1)
         ->  Sort  (cost=7119.89..7369.89 rows=100000 width=20) (actual time=12.967..13.006 rows=1000 loops=1)
               Sort Key: s_1.a, s_1.b
               Sort Method: top-N heapsort  Memory: 177kB
               ->  Seq Scan on s_1  (cost=0.00..1637.00 rows=100000 width=20) (actual time=0.010..5.066 rows=100000 loops=1)
 Planning time: 0.277 ms
 Execution time: 13.128 ms
(8 rows)

===== 41 [Wed Mar  7 02:09:31 CET 2018] scale:100000 groups:10 work_mem:256MB incremental:off max_workers:0 =====
SELECT * FROM s_2 ORDER BY a, b, c LIMIT 1000
                                                         QUERY PLAN                                                          
-----------------------------------------------------------------------------------------------------------------------------
 Limit  (cost=7132.39..7132.39 rows=1 width=20) (actual time=12.899..12.899 rows=0 loops=1)
   ->  Limit  (cost=7119.89..7122.39 rows=1000 width=20) (actual time=12.777..12.870 rows=1000 loops=1)
         ->  Sort  (cost=7119.89..7369.89 rows=100000 width=20) (actual time=12.777..12.815 rows=1000 loops=1)
               Sort Key: s_2.a, s_2.b, s_2.c
               Sort Method: top-N heapsort  Memory: 138kB
               ->  Seq Scan on s_2  (cost=0.00..1637.00 rows=100000 width=20) (actual time=0.010..5.075 rows=100000 loops=1)
 Planning time: 0.271 ms
 Execution time: 12.936 ms
(8 rows)

===== 42 [Wed Mar  7 02:09:31 CET 2018] scale:100000 groups:10 work_mem:256MB incremental:off max_workers:0 =====
SELECT * FROM s_3 ORDER BY a, b, c, d LIMIT 1000
                                                         QUERY PLAN                                                          
-----------------------------------------------------------------------------------------------------------------------------
 Limit  (cost=7132.39..7132.39 rows=1 width=20) (actual time=12.865..12.865 rows=0 loops=1)
   ->  Limit  (cost=7119.89..7122.39 rows=1000 width=20) (actual time=12.742..12.837 rows=1000 loops=1)
         ->  Sort  (cost=7119.89..7369.89 rows=100000 width=20) (actual time=12.742..12.781 rows=1000 loops=1)
               Sort Key: s_3.a, s_3.b, s_3.c, s_3.d
               Sort Method: top-N heapsort  Memory: 127kB
               ->  Seq Scan on s_3  (cost=0.00..1637.00 rows=100000 width=20) (actual time=0.011..5.048 rows=100000 loops=1)
 Planning time: 0.275 ms
 Execution time: 12.904 ms
(8 rows)

===== 43 [Wed Mar  7 02:09:31 CET 2018] scale:100000 groups:10 work_mem:4MB incremental:on max_workers:2 =====
SELECT * FROM s_1 ORDER BY a, b LIMIT 1000
                                                                        QUERY PLAN                                                                        
----------------------------------------------------------------------------------------------------------------------------------------------------------
 Limit  (cost=844.18..844.18 rows=1 width=20) (actual time=1.905..1.905 rows=0 loops=1)
   ->  Limit  (cost=816.68..834.18 rows=1000 width=20) (actual time=1.780..1.877 rows=1000 loops=1)
         ->  Incremental Sort  (cost=816.68..2566.90 rows=100000 width=20) (actual time=1.780..1.822 rows=1000 loops=1)
               Sort Key: s_1.a, s_1.b
               Presorted Key: s_1.a
               Sort Method: quicksort  Memory: 578kB
               Sort Groups: 1
               ->  Index Only Scan using s_1_a_e_d_c_b_idx on s_1  (cost=0.42..3496.42 rows=100000 width=20) (actual time=0.028..0.693 rows=4932 loops=1)
                     Heap Fetches: 0
 Planning time: 0.268 ms
 Execution time: 1.949 ms
(11 rows)

===== 44 [Wed Mar  7 02:09:31 CET 2018] scale:100000 groups:10 work_mem:4MB incremental:on max_workers:2 =====
SELECT * FROM s_2 ORDER BY a, b, c LIMIT 1000
                                                                        QUERY PLAN                                                                        
----------------------------------------------------------------------------------------------------------------------------------------------------------
 Limit  (cost=97.02..97.02 rows=1 width=20) (actual time=0.627..0.627 rows=0 loops=1)
   ->  Limit  (cost=69.35..87.02 rows=1000 width=20) (actual time=0.150..0.599 rows=1000 loops=1)
         ->  Incremental Sort  (cost=69.35..1836.25 rows=100000 width=20) (actual time=0.150..0.544 rows=1000 loops=1)
               Sort Key: s_2.a, s_2.b, s_2.c
               Presorted Key: s_2.a, s_2.b
               Sort Method: quicksort  Memory: 65kB
               Sort Groups: 3
               ->  Index Only Scan using s_2_a_b_e_d_c_idx on s_2  (cost=0.42..3496.42 rows=100000 width=20) (actual time=0.025..0.182 rows=1240 loops=1)
                     Heap Fetches: 0
 Planning time: 0.282 ms
 Execution time: 0.657 ms
(11 rows)

===== 45 [Wed Mar  7 02:09:31 CET 2018] scale:100000 groups:10 work_mem:4MB incremental:on max_workers:2 =====
SELECT * FROM s_3 ORDER BY a, b, c, d LIMIT 1000
                                                                        QUERY PLAN                                                                        
----------------------------------------------------------------------------------------------------------------------------------------------------------
 Limit  (cost=33.76..33.76 rows=1 width=20) (actual time=0.588..0.588 rows=0 loops=1)
   ->  Limit  (cost=5.38..23.76 rows=1000 width=20) (actual time=0.079..0.560 rows=1000 loops=1)
         ->  Incremental Sort  (cost=5.38..1843.15 rows=100000 width=20) (actual time=0.079..0.499 rows=1000 loops=1)
               Sort Key: s_3.a, s_3.b, s_3.c, s_3.d
               Presorted Key: s_3.a, s_3.b, s_3.c
               Sort Method: quicksort  Memory: 29kB
               Sort Groups: 22
               ->  Index Only Scan using s_3_a_b_c_e_d_idx on s_3  (cost=0.42..3496.42 rows=100000 width=20) (actual time=0.024..0.157 rows=1039 loops=1)
                     Heap Fetches: 0
 Planning time: 0.284 ms
 Execution time: 0.614 ms
(11 rows)

===== 46 [Wed Mar  7 02:09:31 CET 2018] scale:100000 groups:10 work_mem:4MB incremental:off max_workers:2 =====
SELECT * FROM s_1 ORDER BY a, b LIMIT 1000
                                                                               QUERY PLAN                                                                                
-------------------------------------------------------------------------------------------------------------------------------------------------------------------------
 Limit  (cost=6324.34..6324.34 rows=1 width=20) (actual time=11.116..11.116 rows=0 loops=1)
   ->  Limit  (cost=6197.66..6314.34 rows=1000 width=20) (actual time=10.877..11.087 rows=1000 loops=1)
         ->  Gather Merge  (cost=6197.66..15920.64 rows=83334 width=20) (actual time=10.876..11.027 rows=1000 loops=1)
               Workers Planned: 2
               Workers Launched: 2
               ->  Sort  (cost=5197.64..5301.81 rows=41667 width=20) (actual time=9.357..9.403 rows=1000 loops=3)
                     Sort Key: s_1.a, s_1.b
                     Sort Method: top-N heapsort  Memory: 176kB
                     Worker 0:  Sort Method: top-N heapsort  Memory: 178kB
                     Worker 1:  Sort Method: top-N heapsort  Memory: 177kB
                     ->  Parallel Index Only Scan using s_1_a_e_d_c_b_idx on s_1  (cost=0.42..2913.08 rows=41667 width=20) (actual time=0.038..5.083 rows=33333 loops=3)
                           Heap Fetches: 0
 Planning time: 0.284 ms
 Execution time: 11.756 ms
(14 rows)

===== 47 [Wed Mar  7 02:09:32 CET 2018] scale:100000 groups:10 work_mem:4MB incremental:off max_workers:2 =====
SELECT * FROM s_2 ORDER BY a, b, c LIMIT 1000
                                                                               QUERY PLAN                                                                                
-------------------------------------------------------------------------------------------------------------------------------------------------------------------------
 Limit  (cost=6324.34..6324.34 rows=1 width=20) (actual time=11.075..11.075 rows=0 loops=1)
   ->  Limit  (cost=6197.66..6314.34 rows=1000 width=20) (actual time=10.835..11.046 rows=1000 loops=1)
         ->  Gather Merge  (cost=6197.66..15920.64 rows=83334 width=20) (actual time=10.835..10.989 rows=1000 loops=1)
               Workers Planned: 2
               Workers Launched: 2
               ->  Sort  (cost=5197.64..5301.81 rows=41667 width=20) (actual time=9.295..9.338 rows=1000 loops=3)
                     Sort Key: s_2.a, s_2.b, s_2.c
                     Sort Method: top-N heapsort  Memory: 140kB
                     Worker 0:  Sort Method: top-N heapsort  Memory: 136kB
                     Worker 1:  Sort Method: top-N heapsort  Memory: 136kB
                     ->  Parallel Index Only Scan using s_2_a_b_e_d_c_idx on s_2  (cost=0.42..2913.08 rows=41667 width=20) (actual time=0.043..5.105 rows=33333 loops=3)
                           Heap Fetches: 0
 Planning time: 0.289 ms
 Execution time: 11.737 ms
(14 rows)

===== 48 [Wed Mar  7 02:09:32 CET 2018] scale:100000 groups:10 work_mem:4MB incremental:off max_workers:2 =====
SELECT * FROM s_3 ORDER BY a, b, c, d LIMIT 1000
                                                                               QUERY PLAN                                                                                
-------------------------------------------------------------------------------------------------------------------------------------------------------------------------
 Limit  (cost=6324.34..6324.34 rows=1 width=20) (actual time=11.162..11.162 rows=0 loops=1)
   ->  Limit  (cost=6197.66..6314.34 rows=1000 width=20) (actual time=10.932..11.133 rows=1000 loops=1)
         ->  Gather Merge  (cost=6197.66..15920.64 rows=83334 width=20) (actual time=10.932..11.069 rows=1000 loops=1)
               Workers Planned: 2
               Workers Launched: 2
               ->  Sort  (cost=5197.64..5301.81 rows=41667 width=20) (actual time=9.405..9.445 rows=1000 loops=3)
                     Sort Key: s_3.a, s_3.b, s_3.c, s_3.d
                     Sort Method: top-N heapsort  Memory: 128kB
                     Worker 0:  Sort Method: top-N heapsort  Memory: 127kB
                     Worker 1:  Sort Method: top-N heapsort  Memory: 128kB
                     ->  Parallel Index Only Scan using s_3_a_b_c_e_d_idx on s_3  (cost=0.42..2913.08 rows=41667 width=20) (actual time=0.045..5.156 rows=33333 loops=3)
                           Heap Fetches: 0
 Planning time: 0.289 ms
 Execution time: 11.854 ms
(14 rows)

===== 49 [Wed Mar  7 02:09:32 CET 2018] scale:100000 groups:10 work_mem:8MB incremental:on max_workers:2 =====
SELECT * FROM s_1 ORDER BY a, b LIMIT 1000
                                                                        QUERY PLAN                                                                        
----------------------------------------------------------------------------------------------------------------------------------------------------------
 Limit  (cost=844.18..844.18 rows=1 width=20) (actual time=1.901..1.901 rows=0 loops=1)
   ->  Limit  (cost=816.68..834.18 rows=1000 width=20) (actual time=1.776..1.873 rows=1000 loops=1)
         ->  Incremental Sort  (cost=816.68..2566.90 rows=100000 width=20) (actual time=1.775..1.818 rows=1000 loops=1)
               Sort Key: s_1.a, s_1.b
               Presorted Key: s_1.a
               Sort Method: quicksort  Memory: 578kB
               Sort Groups: 1
               ->  Index Only Scan using s_1_a_e_d_c_b_idx on s_1  (cost=0.42..3496.42 rows=100000 width=20) (actual time=0.028..0.691 rows=4932 loops=1)
                     Heap Fetches: 0
 Planning time: 0.268 ms
 Execution time: 1.945 ms
(11 rows)

===== 50 [Wed Mar  7 02:09:32 CET 2018] scale:100000 groups:10 work_mem:8MB incremental:on max_workers:2 =====
SELECT * FROM s_2 ORDER BY a, b, c LIMIT 1000
                                                                        QUERY PLAN                                                                        
----------------------------------------------------------------------------------------------------------------------------------------------------------
 Limit  (cost=97.02..97.02 rows=1 width=20) (actual time=0.626..0.626 rows=0 loops=1)
   ->  Limit  (cost=69.35..87.02 rows=1000 width=20) (actual time=0.153..0.598 rows=1000 loops=1)
         ->  Incremental Sort  (cost=69.35..1836.25 rows=100000 width=20) (actual time=0.153..0.542 rows=1000 loops=1)
               Sort Key: s_2.a, s_2.b, s_2.c
               Presorted Key: s_2.a, s_2.b
               Sort Method: quicksort  Memory: 65kB
               Sort Groups: 3
               ->  Index Only Scan using s_2_a_b_e_d_c_idx on s_2  (cost=0.42..3496.42 rows=100000 width=20) (actual time=0.029..0.186 rows=1240 loops=1)
                     Heap Fetches: 0
 Planning time: 0.278 ms
 Execution time: 0.656 ms
(11 rows)

===== 51 [Wed Mar  7 02:09:32 CET 2018] scale:100000 groups:10 work_mem:8MB incremental:on max_workers:2 =====
SELECT * FROM s_3 ORDER BY a, b, c, d LIMIT 1000
                                                                        QUERY PLAN                                                                        
----------------------------------------------------------------------------------------------------------------------------------------------------------
 Limit  (cost=33.76..33.76 rows=1 width=20) (actual time=0.584..0.584 rows=0 loops=1)
   ->  Limit  (cost=5.38..23.76 rows=1000 width=20) (actual time=0.078..0.556 rows=1000 loops=1)
         ->  Incremental Sort  (cost=5.38..1843.15 rows=100000 width=20) (actual time=0.078..0.501 rows=1000 loops=1)
               Sort Key: s_3.a, s_3.b, s_3.c, s_3.d
               Presorted Key: s_3.a, s_3.b, s_3.c
               Sort Method: quicksort  Memory: 29kB
               Sort Groups: 22
               ->  Index Only Scan using s_3_a_b_c_e_d_idx on s_3  (cost=0.42..3496.42 rows=100000 width=20) (actual time=0.026..0.158 rows=1039 loops=1)
                     Heap Fetches: 0
 Planning time: 0.281 ms
 Execution time: 0.608 ms
(11 rows)

===== 52 [Wed Mar  7 02:09:32 CET 2018] scale:100000 groups:10 work_mem:8MB incremental:off max_workers:2 =====
SELECT * FROM s_1 ORDER BY a, b LIMIT 1000
                                                                               QUERY PLAN                                                                                
-------------------------------------------------------------------------------------------------------------------------------------------------------------------------
 Limit  (cost=6324.34..6324.34 rows=1 width=20) (actual time=10.606..10.606 rows=0 loops=1)
   ->  Limit  (cost=6197.66..6314.34 rows=1000 width=20) (actual time=10.365..10.577 rows=1000 loops=1)
         ->  Gather Merge  (cost=6197.66..15920.64 rows=83334 width=20) (actual time=10.365..10.515 rows=1000 loops=1)
               Workers Planned: 2
               Workers Launched: 2
               ->  Sort  (cost=5197.64..5301.81 rows=41667 width=20) (actual time=8.550..8.593 rows=1000 loops=3)
                     Sort Key: s_1.a, s_1.b
                     Sort Method: top-N heapsort  Memory: 176kB
                     Worker 0:  Sort Method: top-N heapsort  Memory: 128kB
                     Worker 1:  Sort Method: top-N heapsort  Memory: 179kB
                     ->  Parallel Index Only Scan using s_1_a_e_d_c_b_idx on s_1  (cost=0.42..2913.08 rows=41667 width=20) (actual time=0.022..4.367 rows=33333 loops=3)
                           Heap Fetches: 0
 Planning time: 0.270 ms
 Execution time: 11.196 ms
(14 rows)

===== 53 [Wed Mar  7 02:09:32 CET 2018] scale:100000 groups:10 work_mem:8MB incremental:off max_workers:2 =====
SELECT * FROM s_2 ORDER BY a, b, c LIMIT 1000
                                                                               QUERY PLAN                                                                                
-------------------------------------------------------------------------------------------------------------------------------------------------------------------------
 Limit  (cost=6324.34..6324.34 rows=1 width=20) (actual time=10.222..10.222 rows=0 loops=1)
   ->  Limit  (cost=6197.66..6314.34 rows=1000 width=20) (actual time=9.987..10.193 rows=1000 loops=1)
         ->  Gather Merge  (cost=6197.66..15920.64 rows=83334 width=20) (actual time=9.986..10.131 rows=1000 loops=1)
               Workers Planned: 2
               Workers Launched: 2
               ->  Sort  (cost=5197.64..5301.81 rows=41667 width=20) (actual time=8.448..8.492 rows=1000 loops=3)
                     Sort Key: s_2.a, s_2.b, s_2.c
                     Sort Method: top-N heapsort  Memory: 140kB
                     Worker 0:  Sort Method: top-N heapsort  Memory: 128kB
                     Worker 1:  Sort Method: top-N heapsort  Memory: 128kB
                     ->  Parallel Index Only Scan using s_2_a_b_e_d_c_idx on s_2  (cost=0.42..2913.08 rows=41667 width=20) (actual time=0.025..4.335 rows=33333 loops=3)
                           Heap Fetches: 0
 Planning time: 0.285 ms
 Execution time: 10.825 ms
(14 rows)

===== 54 [Wed Mar  7 02:09:32 CET 2018] scale:100000 groups:10 work_mem:8MB incremental:off max_workers:2 =====
SELECT * FROM s_3 ORDER BY a, b, c, d LIMIT 1000
                                                                               QUERY PLAN                                                                                
-------------------------------------------------------------------------------------------------------------------------------------------------------------------------
 Limit  (cost=6324.34..6324.34 rows=1 width=20) (actual time=10.263..10.263 rows=0 loops=1)
   ->  Limit  (cost=6197.66..6314.34 rows=1000 width=20) (actual time=10.034..10.234 rows=1000 loops=1)
         ->  Gather Merge  (cost=6197.66..15920.64 rows=83334 width=20) (actual time=10.033..10.173 rows=1000 loops=1)
               Workers Planned: 2
               Workers Launched: 2
               ->  Sort  (cost=5197.64..5301.81 rows=41667 width=20) (actual time=8.524..8.565 rows=1000 loops=3)
                     Sort Key: s_3.a, s_3.b, s_3.c, s_3.d
                     Sort Method: top-N heapsort  Memory: 128kB
                     Worker 0:  Sort Method: top-N heapsort  Memory: 128kB
                     Worker 1:  Sort Method: top-N heapsort  Memory: 128kB
                     ->  Parallel Index Only Scan using s_3_a_b_c_e_d_idx on s_3  (cost=0.42..2913.08 rows=41667 width=20) (actual time=0.033..4.331 rows=33333 loops=3)
                           Heap Fetches: 0
 Planning time: 0.293 ms
 Execution time: 10.925 ms
(14 rows)

===== 55 [Wed Mar  7 02:09:32 CET 2018] scale:100000 groups:10 work_mem:16MB incremental:on max_workers:2 =====
SELECT * FROM s_1 ORDER BY a, b LIMIT 1000
                                                                        QUERY PLAN                                                                        
----------------------------------------------------------------------------------------------------------------------------------------------------------
 Limit  (cost=844.18..844.18 rows=1 width=20) (actual time=1.898..1.898 rows=0 loops=1)
   ->  Limit  (cost=816.68..834.18 rows=1000 width=20) (actual time=1.772..1.870 rows=1000 loops=1)
         ->  Incremental Sort  (cost=816.68..2566.90 rows=100000 width=20) (actual time=1.772..1.814 rows=1000 loops=1)
               Sort Key: s_1.a, s_1.b
               Presorted Key: s_1.a
               Sort Method: quicksort  Memory: 578kB
               Sort Groups: 1
               ->  Index Only Scan using s_1_a_e_d_c_b_idx on s_1  (cost=0.42..3496.42 rows=100000 width=20) (actual time=0.027..0.686 rows=4932 loops=1)
                     Heap Fetches: 0
 Planning time: 0.279 ms
 Execution time: 1.941 ms
(11 rows)

===== 56 [Wed Mar  7 02:09:33 CET 2018] scale:100000 groups:10 work_mem:16MB incremental:on max_workers:2 =====
SELECT * FROM s_2 ORDER BY a, b, c LIMIT 1000
                                                                        QUERY PLAN                                                                        
----------------------------------------------------------------------------------------------------------------------------------------------------------
 Limit  (cost=97.02..97.02 rows=1 width=20) (actual time=0.629..0.629 rows=0 loops=1)
   ->  Limit  (cost=69.35..87.02 rows=1000 width=20) (actual time=0.150..0.601 rows=1000 loops=1)
         ->  Incremental Sort  (cost=69.35..1836.25 rows=100000 width=20) (actual time=0.150..0.546 rows=1000 loops=1)
               Sort Key: s_2.a, s_2.b, s_2.c
               Presorted Key: s_2.a, s_2.b
               Sort Method: quicksort  Memory: 65kB
               Sort Groups: 3
               ->  Index Only Scan using s_2_a_b_e_d_c_idx on s_2  (cost=0.42..3496.42 rows=100000 width=20) (actual time=0.025..0.183 rows=1240 loops=1)
                     Heap Fetches: 0
 Planning time: 0.282 ms
 Execution time: 0.659 ms
(11 rows)

===== 57 [Wed Mar  7 02:09:33 CET 2018] scale:100000 groups:10 work_mem:16MB incremental:on max_workers:2 =====
SELECT * FROM s_3 ORDER BY a, b, c, d LIMIT 1000
                                                                        QUERY PLAN                                                                        
----------------------------------------------------------------------------------------------------------------------------------------------------------
 Limit  (cost=33.76..33.76 rows=1 width=20) (actual time=0.589..0.589 rows=0 loops=1)
   ->  Limit  (cost=5.38..23.76 rows=1000 width=20) (actual time=0.076..0.555 rows=1000 loops=1)
         ->  Incremental Sort  (cost=5.38..1843.15 rows=100000 width=20) (actual time=0.076..0.500 rows=1000 loops=1)
               Sort Key: s_3.a, s_3.b, s_3.c, s_3.d
               Presorted Key: s_3.a, s_3.b, s_3.c
               Sort Method: quicksort  Memory: 29kB
               Sort Groups: 22
               ->  Index Only Scan using s_3_a_b_c_e_d_idx on s_3  (cost=0.42..3496.42 rows=100000 width=20) (actual time=0.024..0.156 rows=1039 loops=1)
                     Heap Fetches: 0
 Planning time: 0.290 ms
 Execution time: 0.615 ms
(11 rows)

===== 58 [Wed Mar  7 02:09:33 CET 2018] scale:100000 groups:10 work_mem:16MB incremental:off max_workers:2 =====
SELECT * FROM s_1 ORDER BY a, b LIMIT 1000
                                                                               QUERY PLAN                                                                                
-------------------------------------------------------------------------------------------------------------------------------------------------------------------------
 Limit  (cost=6324.34..6324.34 rows=1 width=20) (actual time=10.382..10.382 rows=0 loops=1)
   ->  Limit  (cost=6197.66..6314.34 rows=1000 width=20) (actual time=10.141..10.354 rows=1000 loops=1)
         ->  Gather Merge  (cost=6197.66..15920.64 rows=83334 width=20) (actual time=10.141..10.290 rows=1000 loops=1)
               Workers Planned: 2
               Workers Launched: 2
               ->  Sort  (cost=5197.64..5301.81 rows=41667 width=20) (actual time=8.574..8.620 rows=1000 loops=3)
                     Sort Key: s_1.a, s_1.b
                     Sort Method: top-N heapsort  Memory: 176kB
                     Worker 0:  Sort Method: top-N heapsort  Memory: 177kB
                     Worker 1:  Sort Method: top-N heapsort  Memory: 177kB
                     ->  Parallel Index Only Scan using s_1_a_e_d_c_b_idx on s_1  (cost=0.42..2913.08 rows=41667 width=20) (actual time=0.020..4.357 rows=33333 loops=3)
                           Heap Fetches: 0
 Planning time: 0.273 ms
 Execution time: 10.983 ms
(14 rows)

===== 59 [Wed Mar  7 02:09:33 CET 2018] scale:100000 groups:10 work_mem:16MB incremental:off max_workers:2 =====
SELECT * FROM s_2 ORDER BY a, b, c LIMIT 1000
                                                                               QUERY PLAN                                                                                
-------------------------------------------------------------------------------------------------------------------------------------------------------------------------
 Limit  (cost=6324.34..6324.34 rows=1 width=20) (actual time=10.200..10.200 rows=0 loops=1)
   ->  Limit  (cost=6197.66..6314.34 rows=1000 width=20) (actual time=9.972..10.171 rows=1000 loops=1)
         ->  Gather Merge  (cost=6197.66..15920.64 rows=83334 width=20) (actual time=9.972..10.115 rows=1000 loops=1)
               Workers Planned: 2
               Workers Launched: 2
               ->  Sort  (cost=5197.64..5301.81 rows=41667 width=20) (actual time=8.454..8.497 rows=1000 loops=3)
                     Sort Key: s_2.a, s_2.b, s_2.c
                     Sort Method: top-N heapsort  Memory: 140kB
                     Worker 0:  Sort Method: top-N heapsort  Memory: 128kB
                     Worker 1:  Sort Method: top-N heapsort  Memory: 128kB
                     ->  Parallel Index Only Scan using s_2_a_b_e_d_c_idx on s_2  (cost=0.42..2913.08 rows=41667 width=20) (actual time=0.025..4.338 rows=33333 loops=3)
                           Heap Fetches: 0
 Planning time: 0.286 ms
 Execution time: 10.869 ms
(14 rows)

===== 60 [Wed Mar  7 02:09:33 CET 2018] scale:100000 groups:10 work_mem:16MB incremental:off max_workers:2 =====
SELECT * FROM s_3 ORDER BY a, b, c, d LIMIT 1000
                                                                               QUERY PLAN                                                                                
-------------------------------------------------------------------------------------------------------------------------------------------------------------------------
 Limit  (cost=6324.34..6324.34 rows=1 width=20) (actual time=10.281..10.281 rows=0 loops=1)
   ->  Limit  (cost=6197.66..6314.34 rows=1000 width=20) (actual time=10.053..10.252 rows=1000 loops=1)
         ->  Gather Merge  (cost=6197.66..15920.64 rows=83334 width=20) (actual time=10.052..10.192 rows=1000 loops=1)
               Workers Planned: 2
               Workers Launched: 2
               ->  Sort  (cost=5197.64..5301.81 rows=41667 width=20) (actual time=8.535..8.576 rows=1000 loops=3)
                     Sort Key: s_3.a, s_3.b, s_3.c, s_3.d
                     Sort Method: top-N heapsort  Memory: 128kB
                     Worker 0:  Sort Method: top-N heapsort  Memory: 128kB
                     Worker 1:  Sort Method: top-N heapsort  Memory: 128kB
                     ->  Parallel Index Only Scan using s_3_a_b_c_e_d_idx on s_3  (cost=0.42..2913.08 rows=41667 width=20) (actual time=0.028..4.342 rows=33333 loops=3)
                           Heap Fetches: 0
 Planning time: 0.289 ms
 Execution time: 10.919 ms
(14 rows)

===== 61 [Wed Mar  7 02:09:33 CET 2018] scale:100000 groups:10 work_mem:32MB incremental:on max_workers:2 =====
SELECT * FROM s_1 ORDER BY a, b LIMIT 1000
                                                                        QUERY PLAN                                                                        
----------------------------------------------------------------------------------------------------------------------------------------------------------
 Limit  (cost=844.18..844.18 rows=1 width=20) (actual time=1.899..1.899 rows=0 loops=1)
   ->  Limit  (cost=816.68..834.18 rows=1000 width=20) (actual time=1.773..1.871 rows=1000 loops=1)
         ->  Incremental Sort  (cost=816.68..2566.90 rows=100000 width=20) (actual time=1.773..1.816 rows=1000 loops=1)
               Sort Key: s_1.a, s_1.b
               Presorted Key: s_1.a
               Sort Method: quicksort  Memory: 578kB
               Sort Groups: 1
               ->  Index Only Scan using s_1_a_e_d_c_b_idx on s_1  (cost=0.42..3496.42 rows=100000 width=20) (actual time=0.034..0.694 rows=4932 loops=1)
                     Heap Fetches: 0
 Planning time: 0.268 ms
 Execution time: 1.942 ms
(11 rows)

===== 62 [Wed Mar  7 02:09:33 CET 2018] scale:100000 groups:10 work_mem:32MB incremental:on max_workers:2 =====
SELECT * FROM s_2 ORDER BY a, b, c LIMIT 1000
                                                                        QUERY PLAN                                                                        
----------------------------------------------------------------------------------------------------------------------------------------------------------
 Limit  (cost=97.02..97.02 rows=1 width=20) (actual time=0.621..0.621 rows=0 loops=1)
   ->  Limit  (cost=69.35..87.02 rows=1000 width=20) (actual time=0.151..0.593 rows=1000 loops=1)
         ->  Incremental Sort  (cost=69.35..1836.25 rows=100000 width=20) (actual time=0.151..0.538 rows=1000 loops=1)
               Sort Key: s_2.a, s_2.b, s_2.c
               Presorted Key: s_2.a, s_2.b
               Sort Method: quicksort  Memory: 65kB
               Sort Groups: 3
               ->  Index Only Scan using s_2_a_b_e_d_c_idx on s_2  (cost=0.42..3496.42 rows=100000 width=20) (actual time=0.025..0.182 rows=1240 loops=1)
                     Heap Fetches: 0
 Planning time: 0.285 ms
 Execution time: 0.653 ms
(11 rows)

===== 63 [Wed Mar  7 02:09:33 CET 2018] scale:100000 groups:10 work_mem:32MB incremental:on max_workers:2 =====
SELECT * FROM s_3 ORDER BY a, b, c, d LIMIT 1000
                                                                        QUERY PLAN                                                                        
----------------------------------------------------------------------------------------------------------------------------------------------------------
 Limit  (cost=33.76..33.76 rows=1 width=20) (actual time=0.594..0.594 rows=0 loops=1)
   ->  Limit  (cost=5.38..23.76 rows=1000 width=20) (actual time=0.079..0.566 rows=1000 loops=1)
         ->  Incremental Sort  (cost=5.38..1843.15 rows=100000 width=20) (actual time=0.079..0.510 rows=1000 loops=1)
               Sort Key: s_3.a, s_3.b, s_3.c, s_3.d
               Presorted Key: s_3.a, s_3.b, s_3.c
               Sort Method: quicksort  Memory: 29kB
               Sort Groups: 22
               ->  Index Only Scan using s_3_a_b_c_e_d_idx on s_3  (cost=0.42..3496.42 rows=100000 width=20) (actual time=0.025..0.157 rows=1039 loops=1)
                     Heap Fetches: 0
 Planning time: 0.286 ms
 Execution time: 0.618 ms
(11 rows)

===== 64 [Wed Mar  7 02:09:33 CET 2018] scale:100000 groups:10 work_mem:32MB incremental:off max_workers:2 =====
SELECT * FROM s_1 ORDER BY a, b LIMIT 1000
                                                                               QUERY PLAN                                                                                
-------------------------------------------------------------------------------------------------------------------------------------------------------------------------
 Limit  (cost=6324.34..6324.34 rows=1 width=20) (actual time=10.314..10.314 rows=0 loops=1)
   ->  Limit  (cost=6197.66..6314.34 rows=1000 width=20) (actual time=10.076..10.286 rows=1000 loops=1)
         ->  Gather Merge  (cost=6197.66..15920.64 rows=83334 width=20) (actual time=10.075..10.223 rows=1000 loops=1)
               Workers Planned: 2
               Workers Launched: 2
               ->  Sort  (cost=5197.64..5301.81 rows=41667 width=20) (actual time=8.582..8.625 rows=1000 loops=3)
                     Sort Key: s_1.a, s_1.b
                     Sort Method: top-N heapsort  Memory: 176kB
                     Worker 0:  Sort Method: top-N heapsort  Memory: 178kB
                     Worker 1:  Sort Method: top-N heapsort  Memory: 177kB
                     ->  Parallel Index Only Scan using s_1_a_e_d_c_b_idx on s_1  (cost=0.42..2913.08 rows=41667 width=20) (actual time=0.022..4.357 rows=33333 loops=3)
                           Heap Fetches: 0
 Planning time: 0.272 ms
 Execution time: 10.959 ms
(14 rows)

===== 65 [Wed Mar  7 02:09:34 CET 2018] scale:100000 groups:10 work_mem:32MB incremental:off max_workers:2 =====
SELECT * FROM s_2 ORDER BY a, b, c LIMIT 1000
                                                                               QUERY PLAN                                                                                
-------------------------------------------------------------------------------------------------------------------------------------------------------------------------
 Limit  (cost=6324.34..6324.34 rows=1 width=20) (actual time=10.172..10.172 rows=0 loops=1)
   ->  Limit  (cost=6197.66..6314.34 rows=1000 width=20) (actual time=9.940..10.143 rows=1000 loops=1)
         ->  Gather Merge  (cost=6197.66..15920.64 rows=83334 width=20) (actual time=9.939..10.082 rows=1000 loops=1)
               Workers Planned: 2
               Workers Launched: 2
               ->  Sort  (cost=5197.64..5301.81 rows=41667 width=20) (actual time=8.453..8.494 rows=1000 loops=3)
                     Sort Key: s_2.a, s_2.b, s_2.c
                     Sort Method: top-N heapsort  Memory: 140kB
                     Worker 0:  Sort Method: top-N heapsort  Memory: 131kB
                     Worker 1:  Sort Method: top-N heapsort  Memory: 128kB
                     ->  Parallel Index Only Scan using s_2_a_b_e_d_c_idx on s_2  (cost=0.42..2913.08 rows=41667 width=20) (actual time=0.025..4.338 rows=33333 loops=3)
                           Heap Fetches: 0
 Planning time: 0.286 ms
 Execution time: 10.813 ms
(14 rows)

===== 66 [Wed Mar  7 02:09:34 CET 2018] scale:100000 groups:10 work_mem:32MB incremental:off max_workers:2 =====
SELECT * FROM s_3 ORDER BY a, b, c, d LIMIT 1000
                                                                               QUERY PLAN                                                                                
-------------------------------------------------------------------------------------------------------------------------------------------------------------------------
 Limit  (cost=6324.34..6324.34 rows=1 width=20) (actual time=10.274..10.274 rows=0 loops=1)
   ->  Limit  (cost=6197.66..6314.34 rows=1000 width=20) (actual time=10.040..10.244 rows=1000 loops=1)
         ->  Gather Merge  (cost=6197.66..15920.64 rows=83334 width=20) (actual time=10.039..10.183 rows=1000 loops=1)
               Workers Planned: 2
               Workers Launched: 2
               ->  Sort  (cost=5197.64..5301.81 rows=41667 width=20) (actual time=8.515..8.556 rows=1000 loops=3)
                     Sort Key: s_3.a, s_3.b, s_3.c, s_3.d
                     Sort Method: top-N heapsort  Memory: 128kB
                     Worker 0:  Sort Method: top-N heapsort  Memory: 128kB
                     Worker 1:  Sort Method: top-N heapsort  Memory: 128kB
                     ->  Parallel Index Only Scan using s_3_a_b_c_e_d_idx on s_3  (cost=0.42..2913.08 rows=41667 width=20) (actual time=0.027..4.327 rows=33333 loops=3)
                           Heap Fetches: 0
 Planning time: 0.288 ms
 Execution time: 10.909 ms
(14 rows)

===== 67 [Wed Mar  7 02:09:34 CET 2018] scale:100000 groups:10 work_mem:64MB incremental:on max_workers:2 =====
SELECT * FROM s_1 ORDER BY a, b LIMIT 1000
                                                                        QUERY PLAN                                                                        
----------------------------------------------------------------------------------------------------------------------------------------------------------
 Limit  (cost=844.18..844.18 rows=1 width=20) (actual time=1.897..1.897 rows=0 loops=1)
   ->  Limit  (cost=816.68..834.18 rows=1000 width=20) (actual time=1.771..1.869 rows=1000 loops=1)
         ->  Incremental Sort  (cost=816.68..2566.90 rows=100000 width=20) (actual time=1.771..1.814 rows=1000 loops=1)
               Sort Key: s_1.a, s_1.b
               Presorted Key: s_1.a
               Sort Method: quicksort  Memory: 578kB
               Sort Groups: 1
               ->  Index Only Scan using s_1_a_e_d_c_b_idx on s_1  (cost=0.42..3496.42 rows=100000 width=20) (actual time=0.027..0.690 rows=4932 loops=1)
                     Heap Fetches: 0
 Planning time: 0.269 ms
 Execution time: 1.940 ms
(11 rows)

===== 68 [Wed Mar  7 02:09:34 CET 2018] scale:100000 groups:10 work_mem:64MB incremental:on max_workers:2 =====
SELECT * FROM s_2 ORDER BY a, b, c LIMIT 1000
                                                                        QUERY PLAN                                                                        
----------------------------------------------------------------------------------------------------------------------------------------------------------
 Limit  (cost=97.02..97.02 rows=1 width=20) (actual time=0.623..0.623 rows=0 loops=1)
   ->  Limit  (cost=69.35..87.02 rows=1000 width=20) (actual time=0.149..0.595 rows=1000 loops=1)
         ->  Incremental Sort  (cost=69.35..1836.25 rows=100000 width=20) (actual time=0.149..0.540 rows=1000 loops=1)
               Sort Key: s_2.a, s_2.b, s_2.c
               Presorted Key: s_2.a, s_2.b
               Sort Method: quicksort  Memory: 65kB
               Sort Groups: 3
               ->  Index Only Scan using s_2_a_b_e_d_c_idx on s_2  (cost=0.42..3496.42 rows=100000 width=20) (actual time=0.025..0.182 rows=1240 loops=1)
                     Heap Fetches: 0
 Planning time: 0.290 ms
 Execution time: 0.652 ms
(11 rows)

===== 69 [Wed Mar  7 02:09:34 CET 2018] scale:100000 groups:10 work_mem:64MB incremental:on max_workers:2 =====
SELECT * FROM s_3 ORDER BY a, b, c, d LIMIT 1000
                                                                        QUERY PLAN                                                                        
----------------------------------------------------------------------------------------------------------------------------------------------------------
 Limit  (cost=33.76..33.76 rows=1 width=20) (actual time=0.586..0.586 rows=0 loops=1)
   ->  Limit  (cost=5.38..23.76 rows=1000 width=20) (actual time=0.076..0.558 rows=1000 loops=1)
         ->  Incremental Sort  (cost=5.38..1843.15 rows=100000 width=20) (actual time=0.075..0.500 rows=1000 loops=1)
               Sort Key: s_3.a, s_3.b, s_3.c, s_3.d
               Presorted Key: s_3.a, s_3.b, s_3.c
               Sort Method: quicksort  Memory: 29kB
               Sort Groups: 22
               ->  Index Only Scan using s_3_a_b_c_e_d_idx on s_3  (cost=0.42..3496.42 rows=100000 width=20) (actual time=0.024..0.156 rows=1039 loops=1)
                     Heap Fetches: 0
 Planning time: 0.284 ms
 Execution time: 0.610 ms
(11 rows)

===== 70 [Wed Mar  7 02:09:34 CET 2018] scale:100000 groups:10 work_mem:64MB incremental:off max_workers:2 =====
SELECT * FROM s_1 ORDER BY a, b LIMIT 1000
                                                                               QUERY PLAN                                                                                
-------------------------------------------------------------------------------------------------------------------------------------------------------------------------
 Limit  (cost=6324.34..6324.34 rows=1 width=20) (actual time=10.315..10.315 rows=0 loops=1)
   ->  Limit  (cost=6197.66..6314.34 rows=1000 width=20) (actual time=10.077..10.286 rows=1000 loops=1)
         ->  Gather Merge  (cost=6197.66..15920.64 rows=83334 width=20) (actual time=10.077..10.224 rows=1000 loops=1)
               Workers Planned: 2
               Workers Launched: 2
               ->  Sort  (cost=5197.64..5301.81 rows=41667 width=20) (actual time=8.578..8.622 rows=1000 loops=3)
                     Sort Key: s_1.a, s_1.b
                     Sort Method: top-N heapsort  Memory: 176kB
                     Worker 0:  Sort Method: top-N heapsort  Memory: 178kB
                     Worker 1:  Sort Method: top-N heapsort  Memory: 178kB
                     ->  Parallel Index Only Scan using s_1_a_e_d_c_b_idx on s_1  (cost=0.42..2913.08 rows=41667 width=20) (actual time=0.024..4.344 rows=33333 loops=3)
                           Heap Fetches: 0
 Planning time: 0.279 ms
 Execution time: 10.930 ms
(14 rows)

===== 71 [Wed Mar  7 02:09:34 CET 2018] scale:100000 groups:10 work_mem:64MB incremental:off max_workers:2 =====
SELECT * FROM s_2 ORDER BY a, b, c LIMIT 1000
                                                                               QUERY PLAN                                                                                
-------------------------------------------------------------------------------------------------------------------------------------------------------------------------
 Limit  (cost=6324.34..6324.34 rows=1 width=20) (actual time=10.203..10.203 rows=0 loops=1)
   ->  Limit  (cost=6197.66..6314.34 rows=1000 width=20) (actual time=9.967..10.174 rows=1000 loops=1)
         ->  Gather Merge  (cost=6197.66..15920.64 rows=83334 width=20) (actual time=9.966..10.115 rows=1000 loops=1)
               Workers Planned: 2
               Workers Launched: 2
               ->  Sort  (cost=5197.64..5301.81 rows=41667 width=20) (actual time=8.455..8.496 rows=1000 loops=3)
                     Sort Key: s_2.a, s_2.b, s_2.c
                     Sort Method: top-N heapsort  Memory: 140kB
                     Worker 0:  Sort Method: top-N heapsort  Memory: 128kB
                     Worker 1:  Sort Method: top-N heapsort  Memory: 131kB
                     ->  Parallel Index Only Scan using s_2_a_b_e_d_c_idx on s_2  (cost=0.42..2913.08 rows=41667 width=20) (actual time=0.026..4.333 rows=33333 loops=3)
                           Heap Fetches: 0
 Planning time: 0.283 ms
 Execution time: 10.814 ms
(14 rows)

===== 72 [Wed Mar  7 02:09:34 CET 2018] scale:100000 groups:10 work_mem:64MB incremental:off max_workers:2 =====
SELECT * FROM s_3 ORDER BY a, b, c, d LIMIT 1000
                                                                               QUERY PLAN                                                                                
-------------------------------------------------------------------------------------------------------------------------------------------------------------------------
 Limit  (cost=6324.34..6324.34 rows=1 width=20) (actual time=10.294..10.294 rows=0 loops=1)
   ->  Limit  (cost=6197.66..6314.34 rows=1000 width=20) (actual time=10.060..10.261 rows=1000 loops=1)
         ->  Gather Merge  (cost=6197.66..15920.64 rows=83334 width=20) (actual time=10.060..10.200 rows=1000 loops=1)
               Workers Planned: 2
               Workers Launched: 2
               ->  Sort  (cost=5197.64..5301.81 rows=41667 width=20) (actual time=8.530..8.571 rows=1000 loops=3)
                     Sort Key: s_3.a, s_3.b, s_3.c, s_3.d
                     Sort Method: top-N heapsort  Memory: 128kB
                     Worker 0:  Sort Method: top-N heapsort  Memory: 128kB
                     Worker 1:  Sort Method: top-N heapsort  Memory: 128kB
                     ->  Parallel Index Only Scan using s_3_a_b_c_e_d_idx on s_3  (cost=0.42..2913.08 rows=41667 width=20) (actual time=0.029..4.337 rows=33333 loops=3)
                           Heap Fetches: 0
 Planning time: 0.288 ms
 Execution time: 10.963 ms
(14 rows)

===== 73 [Wed Mar  7 02:09:34 CET 2018] scale:100000 groups:10 work_mem:128MB incremental:on max_workers:2 =====
SELECT * FROM s_1 ORDER BY a, b LIMIT 1000
                                                                        QUERY PLAN                                                                        
----------------------------------------------------------------------------------------------------------------------------------------------------------
 Limit  (cost=844.18..844.18 rows=1 width=20) (actual time=1.898..1.898 rows=0 loops=1)
   ->  Limit  (cost=816.68..834.18 rows=1000 width=20) (actual time=1.772..1.870 rows=1000 loops=1)
         ->  Incremental Sort  (cost=816.68..2566.90 rows=100000 width=20) (actual time=1.772..1.815 rows=1000 loops=1)
               Sort Key: s_1.a, s_1.b
               Presorted Key: s_1.a
               Sort Method: quicksort  Memory: 578kB
               Sort Groups: 1
               ->  Index Only Scan using s_1_a_e_d_c_b_idx on s_1  (cost=0.42..3496.42 rows=100000 width=20) (actual time=0.028..0.693 rows=4932 loops=1)
                     Heap Fetches: 0
 Planning time: 0.275 ms
 Execution time: 1.942 ms
(11 rows)

===== 74 [Wed Mar  7 02:09:35 CET 2018] scale:100000 groups:10 work_mem:128MB incremental:on max_workers:2 =====
SELECT * FROM s_2 ORDER BY a, b, c LIMIT 1000
                                                                        QUERY PLAN                                                                        
----------------------------------------------------------------------------------------------------------------------------------------------------------
 Limit  (cost=97.02..97.02 rows=1 width=20) (actual time=0.624..0.624 rows=0 loops=1)
   ->  Limit  (cost=69.35..87.02 rows=1000 width=20) (actual time=0.151..0.596 rows=1000 loops=1)
         ->  Incremental Sort  (cost=69.35..1836.25 rows=100000 width=20) (actual time=0.151..0.541 rows=1000 loops=1)
               Sort Key: s_2.a, s_2.b, s_2.c
               Presorted Key: s_2.a, s_2.b
               Sort Method: quicksort  Memory: 65kB
               Sort Groups: 3
               ->  Index Only Scan using s_2_a_b_e_d_c_idx on s_2  (cost=0.42..3496.42 rows=100000 width=20) (actual time=0.025..0.182 rows=1240 loops=1)
                     Heap Fetches: 0
 Planning time: 0.290 ms
 Execution time: 0.653 ms
(11 rows)

===== 75 [Wed Mar  7 02:09:35 CET 2018] scale:100000 groups:10 work_mem:128MB incremental:on max_workers:2 =====
SELECT * FROM s_3 ORDER BY a, b, c, d LIMIT 1000
                                                                        QUERY PLAN                                                                        
----------------------------------------------------------------------------------------------------------------------------------------------------------
 Limit  (cost=33.76..33.76 rows=1 width=20) (actual time=0.591..0.591 rows=0 loops=1)
   ->  Limit  (cost=5.38..23.76 rows=1000 width=20) (actual time=0.078..0.563 rows=1000 loops=1)
         ->  Incremental Sort  (cost=5.38..1843.15 rows=100000 width=20) (actual time=0.078..0.507 rows=1000 loops=1)
               Sort Key: s_3.a, s_3.b, s_3.c, s_3.d
               Presorted Key: s_3.a, s_3.b, s_3.c
               Sort Method: quicksort  Memory: 29kB
               Sort Groups: 22
               ->  Index Only Scan using s_3_a_b_c_e_d_idx on s_3  (cost=0.42..3496.42 rows=100000 width=20) (actual time=0.024..0.156 rows=1039 loops=1)
                     Heap Fetches: 0
 Planning time: 0.284 ms
 Execution time: 0.615 ms
(11 rows)

===== 76 [Wed Mar  7 02:09:35 CET 2018] scale:100000 groups:10 work_mem:128MB incremental:off max_workers:2 =====
SELECT * FROM s_1 ORDER BY a, b LIMIT 1000
                                                                               QUERY PLAN                                                                                
-------------------------------------------------------------------------------------------------------------------------------------------------------------------------
 Limit  (cost=6324.34..6324.34 rows=1 width=20) (actual time=10.309..10.309 rows=0 loops=1)
   ->  Limit  (cost=6197.66..6314.34 rows=1000 width=20) (actual time=10.072..10.281 rows=1000 loops=1)
         ->  Gather Merge  (cost=6197.66..15920.64 rows=83334 width=20) (actual time=10.072..10.222 rows=1000 loops=1)
               Workers Planned: 2
               Workers Launched: 2
               ->  Sort  (cost=5197.64..5301.81 rows=41667 width=20) (actual time=8.571..8.614 rows=1000 loops=3)
                     Sort Key: s_1.a, s_1.b
                     Sort Method: top-N heapsort  Memory: 176kB
                     Worker 0:  Sort Method: top-N heapsort  Memory: 178kB
                     Worker 1:  Sort Method: top-N heapsort  Memory: 178kB
                     ->  Parallel Index Only Scan using s_1_a_e_d_c_b_idx on s_1  (cost=0.42..2913.08 rows=41667 width=20) (actual time=0.024..4.331 rows=33333 loops=3)
                           Heap Fetches: 0
 Planning time: 0.281 ms
 Execution time: 10.908 ms
(14 rows)

===== 77 [Wed Mar  7 02:09:35 CET 2018] scale:100000 groups:10 work_mem:128MB incremental:off max_workers:2 =====
SELECT * FROM s_2 ORDER BY a, b, c LIMIT 1000
                                                                               QUERY PLAN                                                                                
-------------------------------------------------------------------------------------------------------------------------------------------------------------------------
 Limit  (cost=6324.34..6324.34 rows=1 width=20) (actual time=10.483..10.483 rows=0 loops=1)
   ->  Limit  (cost=6197.66..6314.34 rows=1000 width=20) (actual time=10.247..10.452 rows=1000 loops=1)
         ->  Gather Merge  (cost=6197.66..15920.64 rows=83334 width=20) (actual time=10.246..10.385 rows=1000 loops=1)
               Workers Planned: 2
               Workers Launched: 2
               ->  Sort  (cost=5197.64..5301.81 rows=41667 width=20) (actual time=8.452..8.493 rows=1000 loops=3)
                     Sort Key: s_2.a, s_2.b, s_2.c
                     Sort Method: top-N heapsort  Memory: 140kB
                     Worker 0:  Sort Method: top-N heapsort  Memory: 128kB
                     Worker 1:  Sort Method: top-N heapsort  Memory: 137kB
                     ->  Parallel Index Only Scan using s_2_a_b_e_d_c_idx on s_2  (cost=0.42..2913.08 rows=41667 width=20) (actual time=0.023..4.329 rows=33333 loops=3)
                           Heap Fetches: 0
 Planning time: 0.285 ms
 Execution time: 11.071 ms
(14 rows)

===== 78 [Wed Mar  7 02:09:35 CET 2018] scale:100000 groups:10 work_mem:128MB incremental:off max_workers:2 =====
SELECT * FROM s_3 ORDER BY a, b, c, d LIMIT 1000
                                                                               QUERY PLAN                                                                                
-------------------------------------------------------------------------------------------------------------------------------------------------------------------------
 Limit  (cost=6324.34..6324.34 rows=1 width=20) (actual time=10.239..10.239 rows=0 loops=1)
   ->  Limit  (cost=6197.66..6314.34 rows=1000 width=20) (actual time=10.012..10.210 rows=1000 loops=1)
         ->  Gather Merge  (cost=6197.66..15920.64 rows=83334 width=20) (actual time=10.011..10.149 rows=1000 loops=1)
               Workers Planned: 2
               Workers Launched: 2
               ->  Sort  (cost=5197.64..5301.81 rows=41667 width=20) (actual time=8.509..8.551 rows=1000 loops=3)
                     Sort Key: s_3.a, s_3.b, s_3.c, s_3.d
                     Sort Method: top-N heapsort  Memory: 128kB
                     Worker 0:  Sort Method: top-N heapsort  Memory: 128kB
                     Worker 1:  Sort Method: top-N heapsort  Memory: 128kB
                     ->  Parallel Index Only Scan using s_3_a_b_c_e_d_idx on s_3  (cost=0.42..2913.08 rows=41667 width=20) (actual time=0.028..4.320 rows=33333 loops=3)
                           Heap Fetches: 0
 Planning time: 0.290 ms
 Execution time: 10.899 ms
(14 rows)

===== 79 [Wed Mar  7 02:09:35 CET 2018] scale:100000 groups:10 work_mem:256MB incremental:on max_workers:2 =====
SELECT * FROM s_1 ORDER BY a, b LIMIT 1000
                                                                        QUERY PLAN                                                                        
----------------------------------------------------------------------------------------------------------------------------------------------------------
 Limit  (cost=844.18..844.18 rows=1 width=20) (actual time=1.904..1.904 rows=0 loops=1)
   ->  Limit  (cost=816.68..834.18 rows=1000 width=20) (actual time=1.777..1.876 rows=1000 loops=1)
         ->  Incremental Sort  (cost=816.68..2566.90 rows=100000 width=20) (actual time=1.777..1.821 rows=1000 loops=1)
               Sort Key: s_1.a, s_1.b
               Presorted Key: s_1.a
               Sort Method: quicksort  Memory: 578kB
               Sort Groups: 1
               ->  Index Only Scan using s_1_a_e_d_c_b_idx on s_1  (cost=0.42..3496.42 rows=100000 width=20) (actual time=0.028..0.685 rows=4932 loops=1)
                     Heap Fetches: 0
 Planning time: 0.267 ms
 Execution time: 1.947 ms
(11 rows)

===== 80 [Wed Mar  7 02:09:35 CET 2018] scale:100000 groups:10 work_mem:256MB incremental:on max_workers:2 =====
SELECT * FROM s_2 ORDER BY a, b, c LIMIT 1000
                                                                        QUERY PLAN                                                                        
----------------------------------------------------------------------------------------------------------------------------------------------------------
 Limit  (cost=97.02..97.02 rows=1 width=20) (actual time=0.630..0.630 rows=0 loops=1)
   ->  Limit  (cost=69.35..87.02 rows=1000 width=20) (actual time=0.151..0.602 rows=1000 loops=1)
         ->  Incremental Sort  (cost=69.35..1836.25 rows=100000 width=20) (actual time=0.151..0.541 rows=1000 loops=1)
               Sort Key: s_2.a, s_2.b, s_2.c
               Presorted Key: s_2.a, s_2.b
               Sort Method: quicksort  Memory: 65kB
               Sort Groups: 3
               ->  Index Only Scan using s_2_a_b_e_d_c_idx on s_2  (cost=0.42..3496.42 rows=100000 width=20) (actual time=0.025..0.182 rows=1240 loops=1)
                     Heap Fetches: 0
 Planning time: 0.282 ms
 Execution time: 0.659 ms
(11 rows)

===== 81 [Wed Mar  7 02:09:35 CET 2018] scale:100000 groups:10 work_mem:256MB incremental:on max_workers:2 =====
SELECT * FROM s_3 ORDER BY a, b, c, d LIMIT 1000
                                                                        QUERY PLAN                                                                        
----------------------------------------------------------------------------------------------------------------------------------------------------------
 Limit  (cost=33.76..33.76 rows=1 width=20) (actual time=0.580..0.580 rows=0 loops=1)
   ->  Limit  (cost=5.38..23.76 rows=1000 width=20) (actual time=0.078..0.551 rows=1000 loops=1)
         ->  Incremental Sort  (cost=5.38..1843.15 rows=100000 width=20) (actual time=0.078..0.496 rows=1000 loops=1)
               Sort Key: s_3.a, s_3.b, s_3.c, s_3.d
               Presorted Key: s_3.a, s_3.b, s_3.c
               Sort Method: quicksort  Memory: 29kB
               Sort Groups: 22
               ->  Index Only Scan using s_3_a_b_c_e_d_idx on s_3  (cost=0.42..3496.42 rows=100000 width=20) (actual time=0.025..0.156 rows=1039 loops=1)
                     Heap Fetches: 0
 Planning time: 0.294 ms
 Execution time: 0.604 ms
(11 rows)

===== 82 [Wed Mar  7 02:09:35 CET 2018] scale:100000 groups:10 work_mem:256MB incremental:off max_workers:2 =====
SELECT * FROM s_1 ORDER BY a, b LIMIT 1000
                                                                               QUERY PLAN                                                                                
-------------------------------------------------------------------------------------------------------------------------------------------------------------------------
 Limit  (cost=6324.34..6324.34 rows=1 width=20) (actual time=10.300..10.300 rows=0 loops=1)
   ->  Limit  (cost=6197.66..6314.34 rows=1000 width=20) (actual time=10.062..10.271 rows=1000 loops=1)
         ->  Gather Merge  (cost=6197.66..15920.64 rows=83334 width=20) (actual time=10.061..10.208 rows=1000 loops=1)
               Workers Planned: 2
               Workers Launched: 2
               ->  Sort  (cost=5197.64..5301.81 rows=41667 width=20) (actual time=8.576..8.619 rows=1000 loops=3)
                     Sort Key: s_1.a, s_1.b
                     Sort Method: top-N heapsort  Memory: 176kB
                     Worker 0:  Sort Method: top-N heapsort  Memory: 178kB
                     Worker 1:  Sort Method: top-N heapsort  Memory: 178kB
                     ->  Parallel Index Only Scan using s_1_a_e_d_c_b_idx on s_1  (cost=0.42..2913.08 rows=41667 width=20) (actual time=0.025..4.345 rows=33333 loops=3)
                           Heap Fetches: 0
 Planning time: 0.286 ms
 Execution time: 10.924 ms
(14 rows)

===== 83 [Wed Mar  7 02:09:35 CET 2018] scale:100000 groups:10 work_mem:256MB incremental:off max_workers:2 =====
SELECT * FROM s_2 ORDER BY a, b, c LIMIT 1000
                                                                               QUERY PLAN                                                                                
-------------------------------------------------------------------------------------------------------------------------------------------------------------------------
 Limit  (cost=6324.34..6324.34 rows=1 width=20) (actual time=10.194..10.194 rows=0 loops=1)
   ->  Limit  (cost=6197.66..6314.34 rows=1000 width=20) (actual time=9.961..10.164 rows=1000 loops=1)
         ->  Gather Merge  (cost=6197.66..15920.64 rows=83334 width=20) (actual time=9.961..10.107 rows=1000 loops=1)
               Workers Planned: 2
               Workers Launched: 2
               ->  Sort  (cost=5197.64..5301.81 rows=41667 width=20) (actual time=8.494..8.536 rows=1000 loops=3)
                     Sort Key: s_2.a, s_2.b, s_2.c
                     Sort Method: top-N heapsort  Memory: 140kB
                     Worker 0:  Sort Method: top-N heapsort  Memory: 136kB
                     Worker 1:  Sort Method: top-N heapsort  Memory: 136kB
                     ->  Parallel Index Only Scan using s_2_a_b_e_d_c_idx on s_2  (cost=0.42..2913.08 rows=41667 width=20) (actual time=0.028..4.343 rows=33333 loops=3)
                           Heap Fetches: 0
 Planning time: 0.289 ms
 Execution time: 10.831 ms
(14 rows)

===== 84 [Wed Mar  7 02:09:36 CET 2018] scale:100000 groups:10 work_mem:256MB incremental:off max_workers:2 =====
SELECT * FROM s_3 ORDER BY a, b, c, d LIMIT 1000
                                                                               QUERY PLAN                                                                                
-------------------------------------------------------------------------------------------------------------------------------------------------------------------------
 Limit  (cost=6324.34..6324.34 rows=1 width=20) (actual time=10.274..10.274 rows=0 loops=1)
   ->  Limit  (cost=6197.66..6314.34 rows=1000 width=20) (actual time=10.040..10.245 rows=1000 loops=1)
         ->  Gather Merge  (cost=6197.66..15920.64 rows=83334 width=20) (actual time=10.040..10.187 rows=1000 loops=1)
               Workers Planned: 2
               Workers Launched: 2
               ->  Sort  (cost=5197.64..5301.81 rows=41667 width=20) (actual time=8.535..8.576 rows=1000 loops=3)
                     Sort Key: s_3.a, s_3.b, s_3.c, s_3.d
                     Sort Method: top-N heapsort  Memory: 128kB
                     Worker 0:  Sort Method: top-N heapsort  Memory: 128kB
                     Worker 1:  Sort Method: top-N heapsort  Memory: 128kB
                     ->  Parallel Index Only Scan using s_3_a_b_c_e_d_idx on s_3  (cost=0.42..2913.08 rows=41667 width=20) (actual time=0.028..4.340 rows=33333 loops=3)
                           Heap Fetches: 0
 Planning time: 0.293 ms
 Execution time: 10.911 ms
(14 rows)

===== 85 [Wed Mar  7 02:09:37 CET 2018] scale:100000 groups:100 work_mem:4MB incremental:on max_workers:0 =====
SELECT * FROM s_1 ORDER BY a, b LIMIT 1000
                                                                        QUERY PLAN                                                                        
----------------------------------------------------------------------------------------------------------------------------------------------------------
 Limit  (cost=111.82..111.82 rows=1 width=20) (actual time=0.852..0.852 rows=0 loops=1)
   ->  Limit  (cost=84.30..101.82 rows=1000 width=20) (actual time=0.303..0.824 rows=1000 loops=1)
         ->  Incremental Sort  (cost=84.30..1837.15 rows=100000 width=20) (actual time=0.303..0.756 rows=1000 loops=1)
               Sort Key: s_1.a, s_1.b
               Presorted Key: s_1.a
               Sort Method: quicksort  Memory: 102kB
               Sort Groups: 2
               ->  Index Only Scan using s_1_a_e_d_c_b_idx on s_1  (cost=0.42..3496.42 rows=100000 width=20) (actual time=0.041..0.272 rows=1518 loops=1)
                     Heap Fetches: 0
 Planning time: 0.278 ms
 Execution time: 0.877 ms
(11 rows)

===== 86 [Wed Mar  7 02:09:37 CET 2018] scale:100000 groups:100 work_mem:4MB incremental:on max_workers:0 =====
SELECT * FROM s_2 ORDER BY a, b, c LIMIT 1000
                                                                        QUERY PLAN                                                                        
----------------------------------------------------------------------------------------------------------------------------------------------------------
 Limit  (cost=30.94..30.94 rows=1 width=20) (actual time=0.582..0.582 rows=0 loops=1)
   ->  Limit  (cost=0.93..20.94 rows=1000 width=20) (actual time=0.096..0.554 rows=1000 loops=1)
         ->  Incremental Sort  (cost=0.93..2001.99 rows=100000 width=20) (actual time=0.096..0.498 rows=1000 loops=1)
               Sort Key: s_2.a, s_2.b, s_2.c
               Presorted Key: s_2.a, s_2.b
               Sort Method: quicksort  Memory: 28kB
               Sort Groups: 28
               ->  Index Only Scan using s_2_a_b_e_d_c_idx on s_2  (cost=0.42..3496.42 rows=100000 width=20) (actual time=0.043..0.188 rows=1014 loops=1)
                     Heap Fetches: 0
 Planning time: 0.283 ms
 Execution time: 0.607 ms
(11 rows)

===== 87 [Wed Mar  7 02:09:37 CET 2018] scale:100000 groups:100 work_mem:4MB incremental:on max_workers:0 =====
SELECT * FROM s_3 ORDER BY a, b, c, d LIMIT 1000
                                                                        QUERY PLAN                                                                        
----------------------------------------------------------------------------------------------------------------------------------------------------------
 Limit  (cost=30.94..30.94 rows=1 width=20) (actual time=0.537..0.537 rows=0 loops=1)
   ->  Limit  (cost=0.93..20.94 rows=1000 width=20) (actual time=0.092..0.509 rows=1000 loops=1)
         ->  Incremental Sort  (cost=0.93..2001.99 rows=100000 width=20) (actual time=0.092..0.453 rows=1000 loops=1)
               Sort Key: s_3.a, s_3.b, s_3.c, s_3.d
               Presorted Key: s_3.a, s_3.b, s_3.c
               Sort Method: quicksort  Memory: 27kB
               Sort Groups: 32
               ->  Index Only Scan using s_3_a_b_c_e_d_idx on s_3  (cost=0.42..3496.42 rows=100000 width=20) (actual time=0.043..0.198 rows=1027 loops=1)
                     Heap Fetches: 0
 Planning time: 0.283 ms
 Execution time: 0.567 ms
(11 rows)

===== 88 [Wed Mar  7 02:09:37 CET 2018] scale:100000 groups:100 work_mem:4MB incremental:off max_workers:0 =====
SELECT * FROM s_1 ORDER BY a, b LIMIT 1000
                                                         QUERY PLAN                                                          
-----------------------------------------------------------------------------------------------------------------------------
 Limit  (cost=7132.39..7132.39 rows=1 width=20) (actual time=12.749..12.749 rows=0 loops=1)
   ->  Limit  (cost=7119.89..7122.39 rows=1000 width=20) (actual time=12.627..12.720 rows=1000 loops=1)
         ->  Sort  (cost=7119.89..7369.89 rows=100000 width=20) (actual time=12.627..12.665 rows=1000 loops=1)
               Sort Key: s_1.a, s_1.b
               Sort Method: top-N heapsort  Memory: 153kB
               ->  Seq Scan on s_1  (cost=0.00..1637.00 rows=100000 width=20) (actual time=0.007..5.069 rows=100000 loops=1)
 Planning time: 0.283 ms
 Execution time: 12.786 ms
(8 rows)

===== 89 [Wed Mar  7 02:09:38 CET 2018] scale:100000 groups:100 work_mem:4MB incremental:off max_workers:0 =====
SELECT * FROM s_2 ORDER BY a, b, c LIMIT 1000
                                                         QUERY PLAN                                                          
-----------------------------------------------------------------------------------------------------------------------------
 Limit  (cost=7132.39..7132.39 rows=1 width=20) (actual time=12.714..12.714 rows=0 loops=1)
   ->  Limit  (cost=7119.89..7122.39 rows=1000 width=20) (actual time=12.592..12.686 rows=1000 loops=1)
         ->  Sort  (cost=7119.89..7369.89 rows=100000 width=20) (actual time=12.591..12.630 rows=1000 loops=1)
               Sort Key: s_2.a, s_2.b, s_2.c
               Sort Method: top-N heapsort  Memory: 127kB
               ->  Seq Scan on s_2  (cost=0.00..1637.00 rows=100000 width=20) (actual time=0.010..5.070 rows=100000 loops=1)
 Planning time: 0.273 ms
 Execution time: 12.750 ms
(8 rows)

===== 90 [Wed Mar  7 02:09:38 CET 2018] scale:100000 groups:100 work_mem:4MB incremental:off max_workers:0 =====
SELECT * FROM s_3 ORDER BY a, b, c, d LIMIT 1000
                                                         QUERY PLAN                                                          
-----------------------------------------------------------------------------------------------------------------------------
 Limit  (cost=7132.39..7132.39 rows=1 width=20) (actual time=12.675..12.675 rows=0 loops=1)
   ->  Limit  (cost=7119.89..7122.39 rows=1000 width=20) (actual time=12.553..12.646 rows=1000 loops=1)
         ->  Sort  (cost=7119.89..7369.89 rows=100000 width=20) (actual time=12.553..12.591 rows=1000 loops=1)
               Sort Key: s_3.a, s_3.b, s_3.c, s_3.d
               Sort Method: top-N heapsort  Memory: 127kB
               ->  Seq Scan on s_3  (cost=0.00..1637.00 rows=100000 width=20) (actual time=0.011..5.042 rows=100000 loops=1)
 Planning time: 0.290 ms
 Execution time: 12.713 ms
(8 rows)

===== 91 [Wed Mar  7 02:09:38 CET 2018] scale:100000 groups:100 work_mem:8MB incremental:on max_workers:0 =====
SELECT * FROM s_1 ORDER BY a, b LIMIT 1000
                                                                        QUERY PLAN                                                                        
----------------------------------------------------------------------------------------------------------------------------------------------------------
 Limit  (cost=111.82..111.82 rows=1 width=20) (actual time=0.796..0.796 rows=0 loops=1)
   ->  Limit  (cost=84.30..101.82 rows=1000 width=20) (actual time=0.277..0.769 rows=1000 loops=1)
         ->  Incremental Sort  (cost=84.30..1837.15 rows=100000 width=20) (actual time=0.277..0.713 rows=1000 loops=1)
               Sort Key: s_1.a, s_1.b
               Presorted Key: s_1.a
               Sort Method: quicksort  Memory: 102kB
               Sort Groups: 2
               ->  Index Only Scan using s_1_a_e_d_c_b_idx on s_1  (cost=0.42..3496.42 rows=100000 width=20) (actual time=0.025..0.226 rows=1518 loops=1)
                     Heap Fetches: 0
 Planning time: 0.270 ms
 Execution time: 0.822 ms
(11 rows)

===== 92 [Wed Mar  7 02:09:38 CET 2018] scale:100000 groups:100 work_mem:8MB incremental:on max_workers:0 =====
SELECT * FROM s_2 ORDER BY a, b, c LIMIT 1000
                                                                        QUERY PLAN                                                                        
----------------------------------------------------------------------------------------------------------------------------------------------------------
 Limit  (cost=30.94..30.94 rows=1 width=20) (actual time=0.549..0.549 rows=0 loops=1)
   ->  Limit  (cost=0.93..20.94 rows=1000 width=20) (actual time=0.077..0.521 rows=1000 loops=1)
         ->  Incremental Sort  (cost=0.93..2001.99 rows=100000 width=20) (actual time=0.077..0.465 rows=1000 loops=1)
               Sort Key: s_2.a, s_2.b, s_2.c
               Presorted Key: s_2.a, s_2.b
               Sort Method: quicksort  Memory: 28kB
               Sort Groups: 28
               ->  Index Only Scan using s_2_a_b_e_d_c_idx on s_2  (cost=0.42..3496.42 rows=100000 width=20) (actual time=0.026..0.151 rows=1014 loops=1)
                     Heap Fetches: 0
 Planning time: 0.275 ms
 Execution time: 0.575 ms
(11 rows)

===== 93 [Wed Mar  7 02:09:38 CET 2018] scale:100000 groups:100 work_mem:8MB incremental:on max_workers:0 =====
SELECT * FROM s_3 ORDER BY a, b, c, d LIMIT 1000
                                                                        QUERY PLAN                                                                        
----------------------------------------------------------------------------------------------------------------------------------------------------------
 Limit  (cost=30.94..30.94 rows=1 width=20) (actual time=0.495..0.495 rows=0 loops=1)
   ->  Limit  (cost=0.93..20.94 rows=1000 width=20) (actual time=0.073..0.467 rows=1000 loops=1)
         ->  Incremental Sort  (cost=0.93..2001.99 rows=100000 width=20) (actual time=0.073..0.412 rows=1000 loops=1)
               Sort Key: s_3.a, s_3.b, s_3.c, s_3.d
               Presorted Key: s_3.a, s_3.b, s_3.c
               Sort Method: quicksort  Memory: 27kB
               Sort Groups: 32
               ->  Index Only Scan using s_3_a_b_c_e_d_idx on s_3  (cost=0.42..3496.42 rows=100000 width=20) (actual time=0.026..0.156 rows=1027 loops=1)
                     Heap Fetches: 0
 Planning time: 0.284 ms
 Execution time: 0.520 ms
(11 rows)

===== 94 [Wed Mar  7 02:09:38 CET 2018] scale:100000 groups:100 work_mem:8MB incremental:off max_workers:0 =====
SELECT * FROM s_1 ORDER BY a, b LIMIT 1000
                                                         QUERY PLAN                                                          
-----------------------------------------------------------------------------------------------------------------------------
 Limit  (cost=7132.39..7132.39 rows=1 width=20) (actual time=12.731..12.731 rows=0 loops=1)
   ->  Limit  (cost=7119.89..7122.39 rows=1000 width=20) (actual time=12.609..12.702 rows=1000 loops=1)
         ->  Sort  (cost=7119.89..7369.89 rows=100000 width=20) (actual time=12.609..12.647 rows=1000 loops=1)
               Sort Key: s_1.a, s_1.b
               Sort Method: top-N heapsort  Memory: 153kB
               ->  Seq Scan on s_1  (cost=0.00..1637.00 rows=100000 width=20) (actual time=0.007..5.047 rows=100000 loops=1)
 Planning time: 0.274 ms
 Execution time: 12.768 ms
(8 rows)

===== 95 [Wed Mar  7 02:09:38 CET 2018] scale:100000 groups:100 work_mem:8MB incremental:off max_workers:0 =====
SELECT * FROM s_2 ORDER BY a, b, c LIMIT 1000
                                                         QUERY PLAN                                                          
-----------------------------------------------------------------------------------------------------------------------------
 Limit  (cost=7132.39..7132.39 rows=1 width=20) (actual time=12.747..12.747 rows=0 loops=1)
   ->  Limit  (cost=7119.89..7122.39 rows=1000 width=20) (actual time=12.626..12.719 rows=1000 loops=1)
         ->  Sort  (cost=7119.89..7369.89 rows=100000 width=20) (actual time=12.626..12.664 rows=1000 loops=1)
               Sort Key: s_2.a, s_2.b, s_2.c
               Sort Method: top-N heapsort  Memory: 127kB
               ->  Seq Scan on s_2  (cost=0.00..1637.00 rows=100000 width=20) (actual time=0.010..5.074 rows=100000 loops=1)
 Planning time: 0.276 ms
 Execution time: 12.785 ms
(8 rows)

===== 96 [Wed Mar  7 02:09:38 CET 2018] scale:100000 groups:100 work_mem:8MB incremental:off max_workers:0 =====
SELECT * FROM s_3 ORDER BY a, b, c, d LIMIT 1000
                                                         QUERY PLAN                                                          
-----------------------------------------------------------------------------------------------------------------------------
 Limit  (cost=7132.39..7132.39 rows=1 width=20) (actual time=12.673..12.673 rows=0 loops=1)
   ->  Limit  (cost=7119.89..7122.39 rows=1000 width=20) (actual time=12.552..12.645 rows=1000 loops=1)
         ->  Sort  (cost=7119.89..7369.89 rows=100000 width=20) (actual time=12.551..12.590 rows=1000 loops=1)
               Sort Key: s_3.a, s_3.b, s_3.c, s_3.d
               Sort Method: top-N heapsort  Memory: 127kB
               ->  Seq Scan on s_3  (cost=0.00..1637.00 rows=100000 width=20) (actual time=0.011..5.030 rows=100000 loops=1)
 Planning time: 0.286 ms
 Execution time: 12.711 ms
(8 rows)

===== 97 [Wed Mar  7 02:09:38 CET 2018] scale:100000 groups:100 work_mem:16MB incremental:on max_workers:0 =====
SELECT * FROM s_1 ORDER BY a, b LIMIT 1000
                                                                        QUERY PLAN                                                                        
----------------------------------------------------------------------------------------------------------------------------------------------------------
 Limit  (cost=111.82..111.82 rows=1 width=20) (actual time=0.802..0.802 rows=0 loops=1)
   ->  Limit  (cost=84.30..101.82 rows=1000 width=20) (actual time=0.279..0.774 rows=1000 loops=1)
         ->  Incremental Sort  (cost=84.30..1837.15 rows=100000 width=20) (actual time=0.279..0.719 rows=1000 loops=1)
               Sort Key: s_1.a, s_1.b
               Presorted Key: s_1.a
               Sort Method: quicksort  Memory: 102kB
               Sort Groups: 2
               ->  Index Only Scan using s_1_a_e_d_c_b_idx on s_1  (cost=0.42..3496.42 rows=100000 width=20) (actual time=0.024..0.226 rows=1518 loops=1)
                     Heap Fetches: 0
 Planning time: 0.269 ms
 Execution time: 0.828 ms
(11 rows)

===== 98 [Wed Mar  7 02:09:39 CET 2018] scale:100000 groups:100 work_mem:16MB incremental:on max_workers:0 =====
SELECT * FROM s_2 ORDER BY a, b, c LIMIT 1000
                                                                        QUERY PLAN                                                                        
----------------------------------------------------------------------------------------------------------------------------------------------------------
 Limit  (cost=30.94..30.94 rows=1 width=20) (actual time=0.540..0.540 rows=0 loops=1)
   ->  Limit  (cost=0.93..20.94 rows=1000 width=20) (actual time=0.077..0.513 rows=1000 loops=1)
         ->  Incremental Sort  (cost=0.93..2001.99 rows=100000 width=20) (actual time=0.076..0.457 rows=1000 loops=1)
               Sort Key: s_2.a, s_2.b, s_2.c
               Presorted Key: s_2.a, s_2.b
               Sort Method: quicksort  Memory: 28kB
               Sort Groups: 28
               ->  Index Only Scan using s_2_a_b_e_d_c_idx on s_2  (cost=0.42..3496.42 rows=100000 width=20) (actual time=0.025..0.150 rows=1014 loops=1)
                     Heap Fetches: 0
 Planning time: 0.284 ms
 Execution time: 0.566 ms
(11 rows)

===== 99 [Wed Mar  7 02:09:39 CET 2018] scale:100000 groups:100 work_mem:16MB incremental:on max_workers:0 =====
SELECT * FROM s_3 ORDER BY a, b, c, d LIMIT 1000
                                                                        QUERY PLAN                                                                        
----------------------------------------------------------------------------------------------------------------------------------------------------------
 Limit  (cost=30.94..30.94 rows=1 width=20) (actual time=0.492..0.492 rows=0 loops=1)
   ->  Limit  (cost=0.93..20.94 rows=1000 width=20) (actual time=0.073..0.464 rows=1000 loops=1)
         ->  Incremental Sort  (cost=0.93..2001.99 rows=100000 width=20) (actual time=0.073..0.409 rows=1000 loops=1)
               Sort Key: s_3.a, s_3.b, s_3.c, s_3.d
               Presorted Key: s_3.a, s_3.b, s_3.c
               Sort Method: quicksort  Memory: 27kB
               Sort Groups: 32
               ->  Index Only Scan using s_3_a_b_c_e_d_idx on s_3  (cost=0.42..3496.42 rows=100000 width=20) (actual time=0.027..0.157 rows=1027 loops=1)
                     Heap Fetches: 0
 Planning time: 0.285 ms
 Execution time: 0.517 ms
(11 rows)

===== 100 [Wed Mar  7 02:09:39 CET 2018] scale:100000 groups:100 work_mem:16MB incremental:off max_workers:0 =====
SELECT * FROM s_1 ORDER BY a, b LIMIT 1000
                                                         QUERY PLAN                                                          
-----------------------------------------------------------------------------------------------------------------------------
 Limit  (cost=7132.39..7132.39 rows=1 width=20) (actual time=12.736..12.736 rows=0 loops=1)
   ->  Limit  (cost=7119.89..7122.39 rows=1000 width=20) (actual time=12.614..12.707 rows=1000 loops=1)
         ->  Sort  (cost=7119.89..7369.89 rows=100000 width=20) (actual time=12.613..12.652 rows=1000 loops=1)
               Sort Key: s_1.a, s_1.b
               Sort Method: top-N heapsort  Memory: 153kB
               ->  Seq Scan on s_1  (cost=0.00..1637.00 rows=100000 width=20) (actual time=0.007..5.049 rows=100000 loops=1)
 Planning time: 0.266 ms
 Execution time: 12.774 ms
(8 rows)

===== 101 [Wed Mar  7 02:09:39 CET 2018] scale:100000 groups:100 work_mem:16MB incremental:off max_workers:0 =====
SELECT * FROM s_2 ORDER BY a, b, c LIMIT 1000
                                                         QUERY PLAN                                                          
-----------------------------------------------------------------------------------------------------------------------------
 Limit  (cost=7132.39..7132.39 rows=1 width=20) (actual time=12.728..12.728 rows=0 loops=1)
   ->  Limit  (cost=7119.89..7122.39 rows=1000 width=20) (actual time=12.608..12.700 rows=1000 loops=1)
         ->  Sort  (cost=7119.89..7369.89 rows=100000 width=20) (actual time=12.608..12.646 rows=1000 loops=1)
               Sort Key: s_2.a, s_2.b, s_2.c
               Sort Method: top-N heapsort  Memory: 127kB
               ->  Seq Scan on s_2  (cost=0.00..1637.00 rows=100000 width=20) (actual time=0.011..5.068 rows=100000 loops=1)
 Planning time: 0.272 ms
 Execution time: 12.768 ms
(8 rows)

===== 102 [Wed Mar  7 02:09:39 CET 2018] scale:100000 groups:100 work_mem:16MB incremental:off max_workers:0 =====
SELECT * FROM s_3 ORDER BY a, b, c, d LIMIT 1000
                                                         QUERY PLAN                                                          
-----------------------------------------------------------------------------------------------------------------------------
 Limit  (cost=7132.39..7132.39 rows=1 width=20) (actual time=12.679..12.679 rows=0 loops=1)
   ->  Limit  (cost=7119.89..7122.39 rows=1000 width=20) (actual time=12.558..12.651 rows=1000 loops=1)
         ->  Sort  (cost=7119.89..7369.89 rows=100000 width=20) (actual time=12.557..12.595 rows=1000 loops=1)
               Sort Key: s_3.a, s_3.b, s_3.c, s_3.d
               Sort Method: top-N heapsort  Memory: 127kB
               ->  Seq Scan on s_3  (cost=0.00..1637.00 rows=100000 width=20) (actual time=0.011..5.052 rows=100000 loops=1)
 Planning time: 0.286 ms
 Execution time: 12.718 ms
(8 rows)

===== 103 [Wed Mar  7 02:09:39 CET 2018] scale:100000 groups:100 work_mem:32MB incremental:on max_workers:0 =====
SELECT * FROM s_1 ORDER BY a, b LIMIT 1000
                                                                        QUERY PLAN                                                                        
----------------------------------------------------------------------------------------------------------------------------------------------------------
 Limit  (cost=111.82..111.82 rows=1 width=20) (actual time=0.800..0.800 rows=0 loops=1)
   ->  Limit  (cost=84.30..101.82 rows=1000 width=20) (actual time=0.279..0.772 rows=1000 loops=1)
         ->  Incremental Sort  (cost=84.30..1837.15 rows=100000 width=20) (actual time=0.279..0.717 rows=1000 loops=1)
               Sort Key: s_1.a, s_1.b
               Presorted Key: s_1.a
               Sort Method: quicksort  Memory: 102kB
               Sort Groups: 2
               ->  Index Only Scan using s_1_a_e_d_c_b_idx on s_1  (cost=0.42..3496.42 rows=100000 width=20) (actual time=0.024..0.226 rows=1518 loops=1)
                     Heap Fetches: 0
 Planning time: 0.274 ms
 Execution time: 0.826 ms
(11 rows)

===== 104 [Wed Mar  7 02:09:39 CET 2018] scale:100000 groups:100 work_mem:32MB incremental:on max_workers:0 =====
SELECT * FROM s_2 ORDER BY a, b, c LIMIT 1000
                                                                        QUERY PLAN                                                                        
----------------------------------------------------------------------------------------------------------------------------------------------------------
 Limit  (cost=30.94..30.94 rows=1 width=20) (actual time=0.542..0.542 rows=0 loops=1)
   ->  Limit  (cost=0.93..20.94 rows=1000 width=20) (actual time=0.077..0.514 rows=1000 loops=1)
         ->  Incremental Sort  (cost=0.93..2001.99 rows=100000 width=20) (actual time=0.077..0.458 rows=1000 loops=1)
               Sort Key: s_2.a, s_2.b, s_2.c
               Presorted Key: s_2.a, s_2.b
               Sort Method: quicksort  Memory: 28kB
               Sort Groups: 28
               ->  Index Only Scan using s_2_a_b_e_d_c_idx on s_2  (cost=0.42..3496.42 rows=100000 width=20) (actual time=0.026..0.151 rows=1014 loops=1)
                     Heap Fetches: 0
 Planning time: 0.289 ms
 Execution time: 0.567 ms
(11 rows)

===== 105 [Wed Mar  7 02:09:39 CET 2018] scale:100000 groups:100 work_mem:32MB incremental:on max_workers:0 =====
SELECT * FROM s_3 ORDER BY a, b, c, d LIMIT 1000
                                                                        QUERY PLAN                                                                        
----------------------------------------------------------------------------------------------------------------------------------------------------------
 Limit  (cost=30.94..30.94 rows=1 width=20) (actual time=0.491..0.491 rows=0 loops=1)
   ->  Limit  (cost=0.93..20.94 rows=1000 width=20) (actual time=0.074..0.463 rows=1000 loops=1)
         ->  Incremental Sort  (cost=0.93..2001.99 rows=100000 width=20) (actual time=0.074..0.408 rows=1000 loops=1)
               Sort Key: s_3.a, s_3.b, s_3.c, s_3.d
               Presorted Key: s_3.a, s_3.b, s_3.c
               Sort Method: quicksort  Memory: 27kB
               Sort Groups: 32
               ->  Index Only Scan using s_3_a_b_c_e_d_idx on s_3  (cost=0.42..3496.42 rows=100000 width=20) (actual time=0.027..0.156 rows=1027 loops=1)
                     Heap Fetches: 0
 Planning time: 0.293 ms
 Execution time: 0.518 ms
(11 rows)

===== 106 [Wed Mar  7 02:09:39 CET 2018] scale:100000 groups:100 work_mem:32MB incremental:off max_workers:0 =====
SELECT * FROM s_1 ORDER BY a, b LIMIT 1000
                                                         QUERY PLAN                                                          
-----------------------------------------------------------------------------------------------------------------------------
 Limit  (cost=7132.39..7132.39 rows=1 width=20) (actual time=12.726..12.726 rows=0 loops=1)
   ->  Limit  (cost=7119.89..7122.39 rows=1000 width=20) (actual time=12.605..12.698 rows=1000 loops=1)
         ->  Sort  (cost=7119.89..7369.89 rows=100000 width=20) (actual time=12.604..12.642 rows=1000 loops=1)
               Sort Key: s_1.a, s_1.b
               Sort Method: top-N heapsort  Memory: 153kB
               ->  Seq Scan on s_1  (cost=0.00..1637.00 rows=100000 width=20) (actual time=0.007..5.061 rows=100000 loops=1)
 Planning time: 0.290 ms
 Execution time: 12.764 ms
(8 rows)

===== 107 [Wed Mar  7 02:09:39 CET 2018] scale:100000 groups:100 work_mem:32MB incremental:off max_workers:0 =====
SELECT * FROM s_2 ORDER BY a, b, c LIMIT 1000
                                                         QUERY PLAN                                                          
-----------------------------------------------------------------------------------------------------------------------------
 Limit  (cost=7132.39..7132.39 rows=1 width=20) (actual time=12.753..12.753 rows=0 loops=1)
   ->  Limit  (cost=7119.89..7122.39 rows=1000 width=20) (actual time=12.632..12.725 rows=1000 loops=1)
         ->  Sort  (cost=7119.89..7369.89 rows=100000 width=20) (actual time=12.631..12.670 rows=1000 loops=1)
               Sort Key: s_2.a, s_2.b, s_2.c
               Sort Method: top-N heapsort  Memory: 127kB
               ->  Seq Scan on s_2  (cost=0.00..1637.00 rows=100000 width=20) (actual time=0.010..5.093 rows=100000 loops=1)
 Planning time: 0.272 ms
 Execution time: 12.793 ms
(8 rows)

===== 108 [Wed Mar  7 02:09:40 CET 2018] scale:100000 groups:100 work_mem:32MB incremental:off max_workers:0 =====
SELECT * FROM s_3 ORDER BY a, b, c, d LIMIT 1000
                                                         QUERY PLAN                                                          
-----------------------------------------------------------------------------------------------------------------------------
 Limit  (cost=7132.39..7132.39 rows=1 width=20) (actual time=12.768..12.768 rows=0 loops=1)
   ->  Limit  (cost=7119.89..7122.39 rows=1000 width=20) (actual time=12.647..12.739 rows=1000 loops=1)
         ->  Sort  (cost=7119.89..7369.89 rows=100000 width=20) (actual time=12.646..12.684 rows=1000 loops=1)
               Sort Key: s_3.a, s_3.b, s_3.c, s_3.d
               Sort Method: top-N heapsort  Memory: 127kB
               ->  Seq Scan on s_3  (cost=0.00..1637.00 rows=100000 width=20) (actual time=0.010..5.080 rows=100000 loops=1)
 Planning time: 0.276 ms
 Execution time: 12.804 ms
(8 rows)

===== 109 [Wed Mar  7 02:09:40 CET 2018] scale:100000 groups:100 work_mem:64MB incremental:on max_workers:0 =====
SELECT * FROM s_1 ORDER BY a, b LIMIT 1000
                                                                        QUERY PLAN                                                                        
----------------------------------------------------------------------------------------------------------------------------------------------------------
 Limit  (cost=111.82..111.82 rows=1 width=20) (actual time=0.792..0.792 rows=0 loops=1)
   ->  Limit  (cost=84.30..101.82 rows=1000 width=20) (actual time=0.280..0.764 rows=1000 loops=1)
         ->  Incremental Sort  (cost=84.30..1837.15 rows=100000 width=20) (actual time=0.280..0.709 rows=1000 loops=1)
               Sort Key: s_1.a, s_1.b
               Presorted Key: s_1.a
               Sort Method: quicksort  Memory: 102kB
               Sort Groups: 2
               ->  Index Only Scan using s_1_a_e_d_c_b_idx on s_1  (cost=0.42..3496.42 rows=100000 width=20) (actual time=0.028..0.228 rows=1518 loops=1)
                     Heap Fetches: 0
 Planning time: 0.288 ms
 Execution time: 0.818 ms
(11 rows)

===== 110 [Wed Mar  7 02:09:40 CET 2018] scale:100000 groups:100 work_mem:64MB incremental:on max_workers:0 =====
SELECT * FROM s_2 ORDER BY a, b, c LIMIT 1000
                                                                        QUERY PLAN                                                                        
----------------------------------------------------------------------------------------------------------------------------------------------------------
 Limit  (cost=30.94..30.94 rows=1 width=20) (actual time=0.543..0.543 rows=0 loops=1)
   ->  Limit  (cost=0.93..20.94 rows=1000 width=20) (actual time=0.078..0.516 rows=1000 loops=1)
         ->  Incremental Sort  (cost=0.93..2001.99 rows=100000 width=20) (actual time=0.078..0.460 rows=1000 loops=1)
               Sort Key: s_2.a, s_2.b, s_2.c
               Presorted Key: s_2.a, s_2.b
               Sort Method: quicksort  Memory: 28kB
               Sort Groups: 28
               ->  Index Only Scan using s_2_a_b_e_d_c_idx on s_2  (cost=0.42..3496.42 rows=100000 width=20) (actual time=0.025..0.150 rows=1014 loops=1)
                     Heap Fetches: 0
 Planning time: 0.274 ms
 Execution time: 0.568 ms
(11 rows)

===== 111 [Wed Mar  7 02:09:40 CET 2018] scale:100000 groups:100 work_mem:64MB incremental:on max_workers:0 =====
SELECT * FROM s_3 ORDER BY a, b, c, d LIMIT 1000
                                                                        QUERY PLAN                                                                        
----------------------------------------------------------------------------------------------------------------------------------------------------------
 Limit  (cost=30.94..30.94 rows=1 width=20) (actual time=0.491..0.491 rows=0 loops=1)
   ->  Limit  (cost=0.93..20.94 rows=1000 width=20) (actual time=0.073..0.463 rows=1000 loops=1)
         ->  Incremental Sort  (cost=0.93..2001.99 rows=100000 width=20) (actual time=0.073..0.408 rows=1000 loops=1)
               Sort Key: s_3.a, s_3.b, s_3.c, s_3.d
               Presorted Key: s_3.a, s_3.b, s_3.c
               Sort Method: quicksort  Memory: 27kB
               Sort Groups: 32
               ->  Index Only Scan using s_3_a_b_c_e_d_idx on s_3  (cost=0.42..3496.42 rows=100000 width=20) (actual time=0.027..0.156 rows=1027 loops=1)
                     Heap Fetches: 0
 Planning time: 0.288 ms
 Execution time: 0.517 ms
(11 rows)

===== 112 [Wed Mar  7 02:09:40 CET 2018] scale:100000 groups:100 work_mem:64MB incremental:off max_workers:0 =====
SELECT * FROM s_1 ORDER BY a, b LIMIT 1000
                                                         QUERY PLAN                                                          
-----------------------------------------------------------------------------------------------------------------------------
 Limit  (cost=7132.39..7132.39 rows=1 width=20) (actual time=12.733..12.733 rows=0 loops=1)
   ->  Limit  (cost=7119.89..7122.39 rows=1000 width=20) (actual time=12.610..12.705 rows=1000 loops=1)
         ->  Sort  (cost=7119.89..7369.89 rows=100000 width=20) (actual time=12.610..12.649 rows=1000 loops=1)
               Sort Key: s_1.a, s_1.b
               Sort Method: top-N heapsort  Memory: 153kB
               ->  Seq Scan on s_1  (cost=0.00..1637.00 rows=100000 width=20) (actual time=0.007..5.056 rows=100000 loops=1)
 Planning time: 0.267 ms
 Execution time: 12.770 ms
(8 rows)

===== 113 [Wed Mar  7 02:09:40 CET 2018] scale:100000 groups:100 work_mem:64MB incremental:off max_workers:0 =====
SELECT * FROM s_2 ORDER BY a, b, c LIMIT 1000
                                                         QUERY PLAN                                                          
-----------------------------------------------------------------------------------------------------------------------------
 Limit  (cost=7132.39..7132.39 rows=1 width=20) (actual time=12.740..12.740 rows=0 loops=1)
   ->  Limit  (cost=7119.89..7122.39 rows=1000 width=20) (actual time=12.616..12.711 rows=1000 loops=1)
         ->  Sort  (cost=7119.89..7369.89 rows=100000 width=20) (actual time=12.615..12.654 rows=1000 loops=1)
               Sort Key: s_2.a, s_2.b, s_2.c
               Sort Method: top-N heapsort  Memory: 127kB
               ->  Seq Scan on s_2  (cost=0.00..1637.00 rows=100000 width=20) (actual time=0.010..5.069 rows=100000 loops=1)
 Planning time: 0.270 ms
 Execution time: 12.777 ms
(8 rows)

===== 114 [Wed Mar  7 02:09:40 CET 2018] scale:100000 groups:100 work_mem:64MB incremental:off max_workers:0 =====
SELECT * FROM s_3 ORDER BY a, b, c, d LIMIT 1000
                                                         QUERY PLAN                                                          
-----------------------------------------------------------------------------------------------------------------------------
 Limit  (cost=7132.39..7132.39 rows=1 width=20) (actual time=12.687..12.687 rows=0 loops=1)
   ->  Limit  (cost=7119.89..7122.39 rows=1000 width=20) (actual time=12.566..12.660 rows=1000 loops=1)
         ->  Sort  (cost=7119.89..7369.89 rows=100000 width=20) (actual time=12.565..12.604 rows=1000 loops=1)
               Sort Key: s_3.a, s_3.b, s_3.c, s_3.d
               Sort Method: top-N heapsort  Memory: 127kB
               ->  Seq Scan on s_3  (cost=0.00..1637.00 rows=100000 width=20) (actual time=0.011..5.039 rows=100000 loops=1)
 Planning time: 0.277 ms
 Execution time: 12.726 ms
(8 rows)

===== 115 [Wed Mar  7 02:09:40 CET 2018] scale:100000 groups:100 work_mem:128MB incremental:on max_workers:0 =====
SELECT * FROM s_1 ORDER BY a, b LIMIT 1000
                                                                        QUERY PLAN                                                                        
----------------------------------------------------------------------------------------------------------------------------------------------------------
 Limit  (cost=111.82..111.82 rows=1 width=20) (actual time=0.802..0.802 rows=0 loops=1)
   ->  Limit  (cost=84.30..101.82 rows=1000 width=20) (actual time=0.283..0.774 rows=1000 loops=1)
         ->  Incremental Sort  (cost=84.30..1837.15 rows=100000 width=20) (actual time=0.283..0.719 rows=1000 loops=1)
               Sort Key: s_1.a, s_1.b
               Presorted Key: s_1.a
               Sort Method: quicksort  Memory: 102kB
               Sort Groups: 2
               ->  Index Only Scan using s_1_a_e_d_c_b_idx on s_1  (cost=0.42..3496.42 rows=100000 width=20) (actual time=0.026..0.227 rows=1518 loops=1)
                     Heap Fetches: 0
 Planning time: 0.275 ms
 Execution time: 0.827 ms
(11 rows)

===== 116 [Wed Mar  7 02:09:40 CET 2018] scale:100000 groups:100 work_mem:128MB incremental:on max_workers:0 =====
SELECT * FROM s_2 ORDER BY a, b, c LIMIT 1000
                                                                        QUERY PLAN                                                                        
----------------------------------------------------------------------------------------------------------------------------------------------------------
 Limit  (cost=30.94..30.94 rows=1 width=20) (actual time=0.547..0.547 rows=0 loops=1)
   ->  Limit  (cost=0.93..20.94 rows=1000 width=20) (actual time=0.077..0.520 rows=1000 loops=1)
         ->  Incremental Sort  (cost=0.93..2001.99 rows=100000 width=20) (actual time=0.077..0.464 rows=1000 loops=1)
               Sort Key: s_2.a, s_2.b, s_2.c
               Presorted Key: s_2.a, s_2.b
               Sort Method: quicksort  Memory: 28kB
               Sort Groups: 28
               ->  Index Only Scan using s_2_a_b_e_d_c_idx on s_2  (cost=0.42..3496.42 rows=100000 width=20) (actual time=0.025..0.151 rows=1014 loops=1)
                     Heap Fetches: 0
 Planning time: 0.276 ms
 Execution time: 0.573 ms
(11 rows)

===== 117 [Wed Mar  7 02:09:40 CET 2018] scale:100000 groups:100 work_mem:128MB incremental:on max_workers:0 =====
SELECT * FROM s_3 ORDER BY a, b, c, d LIMIT 1000
                                                                        QUERY PLAN                                                                        
----------------------------------------------------------------------------------------------------------------------------------------------------------
 Limit  (cost=30.94..30.94 rows=1 width=20) (actual time=0.488..0.488 rows=0 loops=1)
   ->  Limit  (cost=0.93..20.94 rows=1000 width=20) (actual time=0.075..0.459 rows=1000 loops=1)
         ->  Incremental Sort  (cost=0.93..2001.99 rows=100000 width=20) (actual time=0.075..0.404 rows=1000 loops=1)
               Sort Key: s_3.a, s_3.b, s_3.c, s_3.d
               Presorted Key: s_3.a, s_3.b, s_3.c
               Sort Method: quicksort  Memory: 27kB
               Sort Groups: 32
               ->  Index Only Scan using s_3_a_b_c_e_d_idx on s_3  (cost=0.42..3496.42 rows=100000 width=20) (actual time=0.028..0.157 rows=1027 loops=1)
                     Heap Fetches: 0
 Planning time: 0.289 ms
 Execution time: 0.515 ms
(11 rows)

===== 118 [Wed Mar  7 02:09:41 CET 2018] scale:100000 groups:100 work_mem:128MB incremental:off max_workers:0 =====
SELECT * FROM s_1 ORDER BY a, b LIMIT 1000
                                                         QUERY PLAN                                                          
-----------------------------------------------------------------------------------------------------------------------------
 Limit  (cost=7132.39..7132.39 rows=1 width=20) (actual time=12.748..12.748 rows=0 loops=1)
   ->  Limit  (cost=7119.89..7122.39 rows=1000 width=20) (actual time=12.626..12.719 rows=1000 loops=1)
         ->  Sort  (cost=7119.89..7369.89 rows=100000 width=20) (actual time=12.625..12.664 rows=1000 loops=1)
               Sort Key: s_1.a, s_1.b
               Sort Method: top-N heapsort  Memory: 153kB
               ->  Seq Scan on s_1  (cost=0.00..1637.00 rows=100000 width=20) (actual time=0.007..5.055 rows=100000 loops=1)
 Planning time: 0.279 ms
 Execution time: 12.790 ms
(8 rows)

===== 119 [Wed Mar  7 02:09:41 CET 2018] scale:100000 groups:100 work_mem:128MB incremental:off max_workers:0 =====
SELECT * FROM s_2 ORDER BY a, b, c LIMIT 1000
                                                         QUERY PLAN                                                          
-----------------------------------------------------------------------------------------------------------------------------
 Limit  (cost=7132.39..7132.39 rows=1 width=20) (actual time=12.727..12.727 rows=0 loops=1)
   ->  Limit  (cost=7119.89..7122.39 rows=1000 width=20) (actual time=12.606..12.699 rows=1000 loops=1)
         ->  Sort  (cost=7119.89..7369.89 rows=100000 width=20) (actual time=12.606..12.644 rows=1000 loops=1)
               Sort Key: s_2.a, s_2.b, s_2.c
               Sort Method: top-N heapsort  Memory: 127kB
               ->  Seq Scan on s_2  (cost=0.00..1637.00 rows=100000 width=20) (actual time=0.011..5.070 rows=100000 loops=1)
 Planning time: 0.277 ms
 Execution time: 12.764 ms
(8 rows)

===== 120 [Wed Mar  7 02:09:41 CET 2018] scale:100000 groups:100 work_mem:128MB incremental:off max_workers:0 =====
SELECT * FROM s_3 ORDER BY a, b, c, d LIMIT 1000
                                                         QUERY PLAN                                                          
-----------------------------------------------------------------------------------------------------------------------------
 Limit  (cost=7132.39..7132.39 rows=1 width=20) (actual time=12.668..12.668 rows=0 loops=1)
   ->  Limit  (cost=7119.89..7122.39 rows=1000 width=20) (actual time=12.547..12.640 rows=1000 loops=1)
         ->  Sort  (cost=7119.89..7369.89 rows=100000 width=20) (actual time=12.546..12.585 rows=1000 loops=1)
               Sort Key: s_3.a, s_3.b, s_3.c, s_3.d
               Sort Method: top-N heapsort  Memory: 127kB
               ->  Seq Scan on s_3  (cost=0.00..1637.00 rows=100000 width=20) (actual time=0.011..5.043 rows=100000 loops=1)
 Planning time: 0.282 ms
 Execution time: 12.707 ms
(8 rows)

===== 121 [Wed Mar  7 02:09:41 CET 2018] scale:100000 groups:100 work_mem:256MB incremental:on max_workers:0 =====
SELECT * FROM s_1 ORDER BY a, b LIMIT 1000
                                                                        QUERY PLAN                                                                        
----------------------------------------------------------------------------------------------------------------------------------------------------------
 Limit  (cost=111.82..111.82 rows=1 width=20) (actual time=0.798..0.798 rows=0 loops=1)
   ->  Limit  (cost=84.30..101.82 rows=1000 width=20) (actual time=0.279..0.770 rows=1000 loops=1)
         ->  Incremental Sort  (cost=84.30..1837.15 rows=100000 width=20) (actual time=0.279..0.715 rows=1000 loops=1)
               Sort Key: s_1.a, s_1.b
               Presorted Key: s_1.a
               Sort Method: quicksort  Memory: 102kB
               Sort Groups: 2
               ->  Index Only Scan using s_1_a_e_d_c_b_idx on s_1  (cost=0.42..3496.42 rows=100000 width=20) (actual time=0.024..0.226 rows=1518 loops=1)
                     Heap Fetches: 0
 Planning time: 0.270 ms
 Execution time: 0.824 ms
(11 rows)

===== 122 [Wed Mar  7 02:09:41 CET 2018] scale:100000 groups:100 work_mem:256MB incremental:on max_workers:0 =====
SELECT * FROM s_2 ORDER BY a, b, c LIMIT 1000
                                                                        QUERY PLAN                                                                        
----------------------------------------------------------------------------------------------------------------------------------------------------------
 Limit  (cost=30.94..30.94 rows=1 width=20) (actual time=0.542..0.542 rows=0 loops=1)
   ->  Limit  (cost=0.93..20.94 rows=1000 width=20) (actual time=0.077..0.514 rows=1000 loops=1)
         ->  Incremental Sort  (cost=0.93..2001.99 rows=100000 width=20) (actual time=0.077..0.458 rows=1000 loops=1)
               Sort Key: s_2.a, s_2.b, s_2.c
               Presorted Key: s_2.a, s_2.b
               Sort Method: quicksort  Memory: 28kB
               Sort Groups: 28
               ->  Index Only Scan using s_2_a_b_e_d_c_idx on s_2  (cost=0.42..3496.42 rows=100000 width=20) (actual time=0.025..0.150 rows=1014 loops=1)
                     Heap Fetches: 0
 Planning time: 0.274 ms
 Execution time: 0.567 ms
(11 rows)

===== 123 [Wed Mar  7 02:09:41 CET 2018] scale:100000 groups:100 work_mem:256MB incremental:on max_workers:0 =====
SELECT * FROM s_3 ORDER BY a, b, c, d LIMIT 1000
                                                                        QUERY PLAN                                                                        
----------------------------------------------------------------------------------------------------------------------------------------------------------
 Limit  (cost=30.94..30.94 rows=1 width=20) (actual time=0.497..0.497 rows=0 loops=1)
   ->  Limit  (cost=0.93..20.94 rows=1000 width=20) (actual time=0.074..0.468 rows=1000 loops=1)
         ->  Incremental Sort  (cost=0.93..2001.99 rows=100000 width=20) (actual time=0.073..0.413 rows=1000 loops=1)
               Sort Key: s_3.a, s_3.b, s_3.c, s_3.d
               Presorted Key: s_3.a, s_3.b, s_3.c
               Sort Method: quicksort  Memory: 27kB
               Sort Groups: 32
               ->  Index Only Scan using s_3_a_b_c_e_d_idx on s_3  (cost=0.42..3496.42 rows=100000 width=20) (actual time=0.026..0.156 rows=1027 loops=1)
                     Heap Fetches: 0
 Planning time: 0.282 ms
 Execution time: 0.522 ms
(11 rows)

===== 124 [Wed Mar  7 02:09:41 CET 2018] scale:100000 groups:100 work_mem:256MB incremental:off max_workers:0 =====
SELECT * FROM s_1 ORDER BY a, b LIMIT 1000
                                                         QUERY PLAN                                                          
-----------------------------------------------------------------------------------------------------------------------------
 Limit  (cost=7132.39..7132.39 rows=1 width=20) (actual time=12.750..12.750 rows=0 loops=1)
   ->  Limit  (cost=7119.89..7122.39 rows=1000 width=20) (actual time=12.628..12.721 rows=1000 loops=1)
         ->  Sort  (cost=7119.89..7369.89 rows=100000 width=20) (actual time=12.628..12.666 rows=1000 loops=1)
               Sort Key: s_1.a, s_1.b
               Sort Method: top-N heapsort  Memory: 153kB
               ->  Seq Scan on s_1  (cost=0.00..1637.00 rows=100000 width=20) (actual time=0.007..5.066 rows=100000 loops=1)
 Planning time: 0.275 ms
 Execution time: 12.788 ms
(8 rows)

===== 125 [Wed Mar  7 02:09:41 CET 2018] scale:100000 groups:100 work_mem:256MB incremental:off max_workers:0 =====
SELECT * FROM s_2 ORDER BY a, b, c LIMIT 1000
                                                         QUERY PLAN                                                          
-----------------------------------------------------------------------------------------------------------------------------
 Limit  (cost=7132.39..7132.39 rows=1 width=20) (actual time=12.748..12.748 rows=0 loops=1)
   ->  Limit  (cost=7119.89..7122.39 rows=1000 width=20) (actual time=12.624..12.719 rows=1000 loops=1)
         ->  Sort  (cost=7119.89..7369.89 rows=100000 width=20) (actual time=12.623..12.664 rows=1000 loops=1)
               Sort Key: s_2.a, s_2.b, s_2.c
               Sort Method: top-N heapsort  Memory: 127kB
               ->  Seq Scan on s_2  (cost=0.00..1637.00 rows=100000 width=20) (actual time=0.010..5.077 rows=100000 loops=1)
 Planning time: 0.272 ms
 Execution time: 12.786 ms
(8 rows)

===== 126 [Wed Mar  7 02:09:41 CET 2018] scale:100000 groups:100 work_mem:256MB incremental:off max_workers:0 =====
SELECT * FROM s_3 ORDER BY a, b, c, d LIMIT 1000
                                                         QUERY PLAN                                                          
-----------------------------------------------------------------------------------------------------------------------------
 Limit  (cost=7132.39..7132.39 rows=1 width=20) (actual time=12.662..12.662 rows=0 loops=1)
   ->  Limit  (cost=7119.89..7122.39 rows=1000 width=20) (actual time=12.540..12.633 rows=1000 loops=1)
         ->  Sort  (cost=7119.89..7369.89 rows=100000 width=20) (actual time=12.540..12.578 rows=1000 loops=1)
               Sort Key: s_3.a, s_3.b, s_3.c, s_3.d
               Sort Method: top-N heapsort  Memory: 127kB
               ->  Seq Scan on s_3  (cost=0.00..1637.00 rows=100000 width=20) (actual time=0.010..5.034 rows=100000 loops=1)
 Planning time: 0.278 ms
 Execution time: 12.700 ms
(8 rows)

===== 127 [Wed Mar  7 02:09:42 CET 2018] scale:100000 groups:100 work_mem:4MB incremental:on max_workers:2 =====
SELECT * FROM s_1 ORDER BY a, b LIMIT 1000
                                                                        QUERY PLAN                                                                        
----------------------------------------------------------------------------------------------------------------------------------------------------------
 Limit  (cost=111.82..111.82 rows=1 width=20) (actual time=0.806..0.806 rows=0 loops=1)
   ->  Limit  (cost=84.30..101.82 rows=1000 width=20) (actual time=0.282..0.777 rows=1000 loops=1)
         ->  Incremental Sort  (cost=84.30..1837.15 rows=100000 width=20) (actual time=0.282..0.712 rows=1000 loops=1)
               Sort Key: s_1.a, s_1.b
               Presorted Key: s_1.a
               Sort Method: quicksort  Memory: 102kB
               Sort Groups: 2
               ->  Index Only Scan using s_1_a_e_d_c_b_idx on s_1  (cost=0.42..3496.42 rows=100000 width=20) (actual time=0.026..0.228 rows=1518 loops=1)
                     Heap Fetches: 0
 Planning time: 0.283 ms
 Execution time: 0.832 ms
(11 rows)

===== 128 [Wed Mar  7 02:09:42 CET 2018] scale:100000 groups:100 work_mem:4MB incremental:on max_workers:2 =====
SELECT * FROM s_2 ORDER BY a, b, c LIMIT 1000
                                                                        QUERY PLAN                                                                        
----------------------------------------------------------------------------------------------------------------------------------------------------------
 Limit  (cost=30.94..30.94 rows=1 width=20) (actual time=0.544..0.544 rows=0 loops=1)
   ->  Limit  (cost=0.93..20.94 rows=1000 width=20) (actual time=0.079..0.517 rows=1000 loops=1)
         ->  Incremental Sort  (cost=0.93..2001.99 rows=100000 width=20) (actual time=0.079..0.461 rows=1000 loops=1)
               Sort Key: s_2.a, s_2.b, s_2.c
               Presorted Key: s_2.a, s_2.b
               Sort Method: quicksort  Memory: 28kB
               Sort Groups: 28
               ->  Index Only Scan using s_2_a_b_e_d_c_idx on s_2  (cost=0.42..3496.42 rows=100000 width=20) (actual time=0.025..0.150 rows=1014 loops=1)
                     Heap Fetches: 0
 Planning time: 0.282 ms
 Execution time: 0.573 ms
(11 rows)

===== 129 [Wed Mar  7 02:09:42 CET 2018] scale:100000 groups:100 work_mem:4MB incremental:on max_workers:2 =====
SELECT * FROM s_3 ORDER BY a, b, c, d LIMIT 1000
                                                                        QUERY PLAN                                                                        
----------------------------------------------------------------------------------------------------------------------------------------------------------
 Limit  (cost=30.94..30.94 rows=1 width=20) (actual time=0.492..0.492 rows=0 loops=1)
   ->  Limit  (cost=0.93..20.94 rows=1000 width=20) (actual time=0.076..0.464 rows=1000 loops=1)
         ->  Incremental Sort  (cost=0.93..2001.99 rows=100000 width=20) (actual time=0.076..0.409 rows=1000 loops=1)
               Sort Key: s_3.a, s_3.b, s_3.c, s_3.d
               Presorted Key: s_3.a, s_3.b, s_3.c
               Sort Method: quicksort  Memory: 27kB
               Sort Groups: 32
               ->  Index Only Scan using s_3_a_b_c_e_d_idx on s_3  (cost=0.42..3496.42 rows=100000 width=20) (actual time=0.028..0.160 rows=1027 loops=1)
                     Heap Fetches: 0
 Planning time: 0.289 ms
 Execution time: 0.517 ms
(11 rows)

===== 130 [Wed Mar  7 02:09:42 CET 2018] scale:100000 groups:100 work_mem:4MB incremental:off max_workers:2 =====
SELECT * FROM s_1 ORDER BY a, b LIMIT 1000
                                                                               QUERY PLAN                                                                                
-------------------------------------------------------------------------------------------------------------------------------------------------------------------------
 Limit  (cost=6324.34..6324.34 rows=1 width=20) (actual time=10.900..10.900 rows=0 loops=1)
   ->  Limit  (cost=6197.66..6314.34 rows=1000 width=20) (actual time=10.663..10.871 rows=1000 loops=1)
         ->  Gather Merge  (cost=6197.66..15920.64 rows=83334 width=20) (actual time=10.662..10.809 rows=1000 loops=1)
               Workers Planned: 2
               Workers Launched: 2
               ->  Sort  (cost=5197.64..5301.81 rows=41667 width=20) (actual time=9.111..9.154 rows=1000 loops=3)
                     Sort Key: s_1.a, s_1.b
                     Sort Method: top-N heapsort  Memory: 153kB
                     Worker 0:  Sort Method: top-N heapsort  Memory: 128kB
                     Worker 1:  Sort Method: top-N heapsort  Memory: 139kB
                     ->  Parallel Index Only Scan using s_1_a_e_d_c_b_idx on s_1  (cost=0.42..2913.08 rows=41667 width=20) (actual time=0.031..5.102 rows=33333 loops=3)
                           Heap Fetches: 0
 Planning time: 0.293 ms
 Execution time: 11.528 ms
(14 rows)

===== 131 [Wed Mar  7 02:09:42 CET 2018] scale:100000 groups:100 work_mem:4MB incremental:off max_workers:2 =====
SELECT * FROM s_2 ORDER BY a, b, c LIMIT 1000
                                                                               QUERY PLAN                                                                                
-------------------------------------------------------------------------------------------------------------------------------------------------------------------------
 Limit  (cost=6324.34..6324.34 rows=1 width=20) (actual time=10.927..10.927 rows=0 loops=1)
   ->  Limit  (cost=6197.66..6314.34 rows=1000 width=20) (actual time=10.692..10.898 rows=1000 loops=1)
         ->  Gather Merge  (cost=6197.66..15920.64 rows=83334 width=20) (actual time=10.691..10.831 rows=1000 loops=1)
               Workers Planned: 2
               Workers Launched: 2
               ->  Sort  (cost=5197.64..5301.81 rows=41667 width=20) (actual time=9.179..9.220 rows=1000 loops=3)
                     Sort Key: s_2.a, s_2.b, s_2.c
                     Sort Method: top-N heapsort  Memory: 127kB
                     Worker 0:  Sort Method: top-N heapsort  Memory: 127kB
                     Worker 1:  Sort Method: top-N heapsort  Memory: 127kB
                     ->  Parallel Index Only Scan using s_2_a_b_e_d_c_idx on s_2  (cost=0.42..2913.08 rows=41667 width=20) (actual time=0.041..5.139 rows=33333 loops=3)
                           Heap Fetches: 0
 Planning time: 0.285 ms
 Execution time: 11.582 ms
(14 rows)

===== 132 [Wed Mar  7 02:09:42 CET 2018] scale:100000 groups:100 work_mem:4MB incremental:off max_workers:2 =====
SELECT * FROM s_3 ORDER BY a, b, c, d LIMIT 1000
                                                                               QUERY PLAN                                                                                
-------------------------------------------------------------------------------------------------------------------------------------------------------------------------
 Limit  (cost=6324.34..6324.34 rows=1 width=20) (actual time=10.917..10.917 rows=0 loops=1)
   ->  Limit  (cost=6197.66..6314.34 rows=1000 width=20) (actual time=10.680..10.888 rows=1000 loops=1)
         ->  Gather Merge  (cost=6197.66..15920.64 rows=83334 width=20) (actual time=10.680..10.824 rows=1000 loops=1)
               Workers Planned: 2
               Workers Launched: 2
               ->  Sort  (cost=5197.64..5301.81 rows=41667 width=20) (actual time=9.195..9.237 rows=1000 loops=3)
                     Sort Key: s_3.a, s_3.b, s_3.c, s_3.d
                     Sort Method: top-N heapsort  Memory: 127kB
                     Worker 0:  Sort Method: top-N heapsort  Memory: 127kB
                     Worker 1:  Sort Method: top-N heapsort  Memory: 127kB
                     ->  Parallel Index Only Scan using s_3_a_b_c_e_d_idx on s_3  (cost=0.42..2913.08 rows=41667 width=20) (actual time=0.050..5.122 rows=33333 loops=3)
                           Heap Fetches: 0
 Planning time: 0.299 ms
 Execution time: 11.598 ms
(14 rows)

===== 133 [Wed Mar  7 02:09:42 CET 2018] scale:100000 groups:100 work_mem:8MB incremental:on max_workers:2 =====
SELECT * FROM s_1 ORDER BY a, b LIMIT 1000
                                                                        QUERY PLAN                                                                        
----------------------------------------------------------------------------------------------------------------------------------------------------------
 Limit  (cost=111.82..111.82 rows=1 width=20) (actual time=0.795..0.795 rows=0 loops=1)
   ->  Limit  (cost=84.30..101.82 rows=1000 width=20) (actual time=0.283..0.766 rows=1000 loops=1)
         ->  Incremental Sort  (cost=84.30..1837.15 rows=100000 width=20) (actual time=0.283..0.712 rows=1000 loops=1)
               Sort Key: s_1.a, s_1.b
               Presorted Key: s_1.a
               Sort Method: quicksort  Memory: 102kB
               Sort Groups: 2
               ->  Index Only Scan using s_1_a_e_d_c_b_idx on s_1  (cost=0.42..3496.42 rows=100000 width=20) (actual time=0.026..0.227 rows=1518 loops=1)
                     Heap Fetches: 0
 Planning time: 0.277 ms
 Execution time: 0.828 ms
(11 rows)

===== 134 [Wed Mar  7 02:09:42 CET 2018] scale:100000 groups:100 work_mem:8MB incremental:on max_workers:2 =====
SELECT * FROM s_2 ORDER BY a, b, c LIMIT 1000
                                                                        QUERY PLAN                                                                        
----------------------------------------------------------------------------------------------------------------------------------------------------------
 Limit  (cost=30.94..30.94 rows=1 width=20) (actual time=0.544..0.544 rows=0 loops=1)
   ->  Limit  (cost=0.93..20.94 rows=1000 width=20) (actual time=0.080..0.515 rows=1000 loops=1)
         ->  Incremental Sort  (cost=0.93..2001.99 rows=100000 width=20) (actual time=0.079..0.460 rows=1000 loops=1)
               Sort Key: s_2.a, s_2.b, s_2.c
               Presorted Key: s_2.a, s_2.b
               Sort Method: quicksort  Memory: 28kB
               Sort Groups: 28
               ->  Index Only Scan using s_2_a_b_e_d_c_idx on s_2  (cost=0.42..3496.42 rows=100000 width=20) (actual time=0.025..0.150 rows=1014 loops=1)
                     Heap Fetches: 0
 Planning time: 0.294 ms
 Execution time: 0.573 ms
(11 rows)

===== 135 [Wed Mar  7 02:09:42 CET 2018] scale:100000 groups:100 work_mem:8MB incremental:on max_workers:2 =====
SELECT * FROM s_3 ORDER BY a, b, c, d LIMIT 1000
                                                                        QUERY PLAN                                                                        
----------------------------------------------------------------------------------------------------------------------------------------------------------
 Limit  (cost=30.94..30.94 rows=1 width=20) (actual time=0.489..0.489 rows=0 loops=1)
   ->  Limit  (cost=0.93..20.94 rows=1000 width=20) (actual time=0.076..0.461 rows=1000 loops=1)
         ->  Incremental Sort  (cost=0.93..2001.99 rows=100000 width=20) (actual time=0.076..0.405 rows=1000 loops=1)
               Sort Key: s_3.a, s_3.b, s_3.c, s_3.d
               Presorted Key: s_3.a, s_3.b, s_3.c
               Sort Method: quicksort  Memory: 27kB
               Sort Groups: 32
               ->  Index Only Scan using s_3_a_b_c_e_d_idx on s_3  (cost=0.42..3496.42 rows=100000 width=20) (actual time=0.028..0.157 rows=1027 loops=1)
                     Heap Fetches: 0
 Planning time: 0.296 ms
 Execution time: 0.514 ms
(11 rows)

===== 136 [Wed Mar  7 02:09:42 CET 2018] scale:100000 groups:100 work_mem:8MB incremental:off max_workers:2 =====
SELECT * FROM s_1 ORDER BY a, b LIMIT 1000
                                                                               QUERY PLAN                                                                                
-------------------------------------------------------------------------------------------------------------------------------------------------------------------------
 Limit  (cost=6324.34..6324.34 rows=1 width=20) (actual time=10.062..10.062 rows=0 loops=1)
   ->  Limit  (cost=6197.66..6314.34 rows=1000 width=20) (actual time=9.821..10.027 rows=1000 loops=1)
         ->  Gather Merge  (cost=6197.66..15920.64 rows=83334 width=20) (actual time=9.821..9.966 rows=1000 loops=1)
               Workers Planned: 2
               Workers Launched: 2
               ->  Sort  (cost=5197.64..5301.81 rows=41667 width=20) (actual time=8.333..8.376 rows=1000 loops=3)
                     Sort Key: s_1.a, s_1.b
                     Sort Method: top-N heapsort  Memory: 153kB
                     Worker 0:  Sort Method: top-N heapsort  Memory: 132kB
                     Worker 1:  Sort Method: top-N heapsort  Memory: 138kB
                     ->  Parallel Index Only Scan using s_1_a_e_d_c_b_idx on s_1  (cost=0.42..2913.08 rows=41667 width=20) (actual time=0.025..4.369 rows=33333 loops=3)
                           Heap Fetches: 0
 Planning time: 0.284 ms
 Execution time: 10.670 ms
(14 rows)

===== 137 [Wed Mar  7 02:09:43 CET 2018] scale:100000 groups:100 work_mem:8MB incremental:off max_workers:2 =====
SELECT * FROM s_2 ORDER BY a, b, c LIMIT 1000
                                                                               QUERY PLAN                                                                                
-------------------------------------------------------------------------------------------------------------------------------------------------------------------------
 Limit  (cost=6324.34..6324.34 rows=1 width=20) (actual time=10.086..10.086 rows=0 loops=1)
   ->  Limit  (cost=6197.66..6314.34 rows=1000 width=20) (actual time=9.852..10.055 rows=1000 loops=1)
         ->  Gather Merge  (cost=6197.66..15920.64 rows=83334 width=20) (actual time=9.851..9.995 rows=1000 loops=1)
               Workers Planned: 2
               Workers Launched: 2
               ->  Sort  (cost=5197.64..5301.81 rows=41667 width=20) (actual time=8.320..8.362 rows=1000 loops=3)
                     Sort Key: s_2.a, s_2.b, s_2.c
                     Sort Method: top-N heapsort  Memory: 127kB
                     Worker 0:  Sort Method: top-N heapsort  Memory: 127kB
                     Worker 1:  Sort Method: top-N heapsort  Memory: 127kB
                     ->  Parallel Index Only Scan using s_2_a_b_e_d_c_idx on s_2  (cost=0.42..2913.08 rows=41667 width=20) (actual time=0.027..4.339 rows=33333 loops=3)
                           Heap Fetches: 0
 Planning time: 0.285 ms
 Execution time: 10.680 ms
(14 rows)

===== 138 [Wed Mar  7 02:09:43 CET 2018] scale:100000 groups:100 work_mem:8MB incremental:off max_workers:2 =====
SELECT * FROM s_3 ORDER BY a, b, c, d LIMIT 1000
                                                                               QUERY PLAN                                                                                
-------------------------------------------------------------------------------------------------------------------------------------------------------------------------
 Limit  (cost=6324.34..6324.34 rows=1 width=20) (actual time=10.135..10.135 rows=0 loops=1)
   ->  Limit  (cost=6197.66..6314.34 rows=1000 width=20) (actual time=9.900..10.103 rows=1000 loops=1)
         ->  Gather Merge  (cost=6197.66..15920.64 rows=83334 width=20) (actual time=9.899..10.038 rows=1000 loops=1)
               Workers Planned: 2
               Workers Launched: 2
               ->  Sort  (cost=5197.64..5301.81 rows=41667 width=20) (actual time=8.364..8.405 rows=1000 loops=3)
                     Sort Key: s_3.a, s_3.b, s_3.c, s_3.d
                     Sort Method: top-N heapsort  Memory: 127kB
                     Worker 0:  Sort Method: top-N heapsort  Memory: 127kB
                     Worker 1:  Sort Method: top-N heapsort  Memory: 127kB
                     ->  Parallel Index Only Scan using s_3_a_b_c_e_d_idx on s_3  (cost=0.42..2913.08 rows=41667 width=20) (actual time=0.027..4.345 rows=33333 loops=3)
                           Heap Fetches: 0
 Planning time: 0.290 ms
 Execution time: 10.737 ms
(14 rows)

===== 139 [Wed Mar  7 02:09:43 CET 2018] scale:100000 groups:100 work_mem:16MB incremental:on max_workers:2 =====
SELECT * FROM s_1 ORDER BY a, b LIMIT 1000
                                                                        QUERY PLAN                                                                        
----------------------------------------------------------------------------------------------------------------------------------------------------------
 Limit  (cost=111.82..111.82 rows=1 width=20) (actual time=0.795..0.795 rows=0 loops=1)
   ->  Limit  (cost=84.30..101.82 rows=1000 width=20) (actual time=0.277..0.767 rows=1000 loops=1)
         ->  Incremental Sort  (cost=84.30..1837.15 rows=100000 width=20) (actual time=0.277..0.712 rows=1000 loops=1)
               Sort Key: s_1.a, s_1.b
               Presorted Key: s_1.a
               Sort Method: quicksort  Memory: 102kB
               Sort Groups: 2
               ->  Index Only Scan using s_1_a_e_d_c_b_idx on s_1  (cost=0.42..3496.42 rows=100000 width=20) (actual time=0.024..0.226 rows=1518 loops=1)
                     Heap Fetches: 0
 Planning time: 0.276 ms
 Execution time: 0.823 ms
(11 rows)

===== 140 [Wed Mar  7 02:09:43 CET 2018] scale:100000 groups:100 work_mem:16MB incremental:on max_workers:2 =====
SELECT * FROM s_2 ORDER BY a, b, c LIMIT 1000
                                                                        QUERY PLAN                                                                        
----------------------------------------------------------------------------------------------------------------------------------------------------------
 Limit  (cost=30.94..30.94 rows=1 width=20) (actual time=0.542..0.542 rows=0 loops=1)
   ->  Limit  (cost=0.93..20.94 rows=1000 width=20) (actual time=0.078..0.515 rows=1000 loops=1)
         ->  Incremental Sort  (cost=0.93..2001.99 rows=100000 width=20) (actual time=0.077..0.458 rows=1000 loops=1)
               Sort Key: s_2.a, s_2.b, s_2.c
               Presorted Key: s_2.a, s_2.b
               Sort Method: quicksort  Memory: 28kB
               Sort Groups: 28
               ->  Index Only Scan using s_2_a_b_e_d_c_idx on s_2  (cost=0.42..3496.42 rows=100000 width=20) (actual time=0.025..0.150 rows=1014 loops=1)
                     Heap Fetches: 0
 Planning time: 0.295 ms
 Execution time: 0.571 ms
(11 rows)

===== 141 [Wed Mar  7 02:09:43 CET 2018] scale:100000 groups:100 work_mem:16MB incremental:on max_workers:2 =====
SELECT * FROM s_3 ORDER BY a, b, c, d LIMIT 1000
                                                                        QUERY PLAN                                                                        
----------------------------------------------------------------------------------------------------------------------------------------------------------
 Limit  (cost=30.94..30.94 rows=1 width=20) (actual time=0.501..0.501 rows=0 loops=1)
   ->  Limit  (cost=0.93..20.94 rows=1000 width=20) (actual time=0.082..0.473 rows=1000 loops=1)
         ->  Incremental Sort  (cost=0.93..2001.99 rows=100000 width=20) (actual time=0.082..0.418 rows=1000 loops=1)
               Sort Key: s_3.a, s_3.b, s_3.c, s_3.d
               Presorted Key: s_3.a, s_3.b, s_3.c
               Sort Method: quicksort  Memory: 27kB
               Sort Groups: 32
               ->  Index Only Scan using s_3_a_b_c_e_d_idx on s_3  (cost=0.42..3496.42 rows=100000 width=20) (actual time=0.027..0.158 rows=1027 loops=1)
                     Heap Fetches: 0
 Planning time: 0.288 ms
 Execution time: 0.527 ms
(11 rows)

===== 142 [Wed Mar  7 02:09:43 CET 2018] scale:100000 groups:100 work_mem:16MB incremental:off max_workers:2 =====
SELECT * FROM s_1 ORDER BY a, b LIMIT 1000
                                                                               QUERY PLAN                                                                                
-------------------------------------------------------------------------------------------------------------------------------------------------------------------------
 Limit  (cost=6324.34..6324.34 rows=1 width=20) (actual time=10.023..10.023 rows=0 loops=1)
   ->  Limit  (cost=6197.66..6314.34 rows=1000 width=20) (actual time=9.789..9.994 rows=1000 loops=1)
         ->  Gather Merge  (cost=6197.66..15920.64 rows=83334 width=20) (actual time=9.789..9.932 rows=1000 loops=1)
               Workers Planned: 2
               Workers Launched: 2
               ->  Sort  (cost=5197.64..5301.81 rows=41667 width=20) (actual time=8.293..8.334 rows=1000 loops=3)
                     Sort Key: s_1.a, s_1.b
                     Sort Method: top-N heapsort  Memory: 153kB
                     Worker 0:  Sort Method: top-N heapsort  Memory: 138kB
                     Worker 1:  Sort Method: top-N heapsort  Memory: 132kB
                     ->  Parallel Index Only Scan using s_1_a_e_d_c_b_idx on s_1  (cost=0.42..2913.08 rows=41667 width=20) (actual time=0.028..4.329 rows=33333 loops=3)
                           Heap Fetches: 0
 Planning time: 0.289 ms
 Execution time: 10.618 ms
(14 rows)

===== 143 [Wed Mar  7 02:09:43 CET 2018] scale:100000 groups:100 work_mem:16MB incremental:off max_workers:2 =====
SELECT * FROM s_2 ORDER BY a, b, c LIMIT 1000
                                                                               QUERY PLAN                                                                                
-------------------------------------------------------------------------------------------------------------------------------------------------------------------------
 Limit  (cost=6324.34..6324.34 rows=1 width=20) (actual time=10.110..10.110 rows=0 loops=1)
   ->  Limit  (cost=6197.66..6314.34 rows=1000 width=20) (actual time=9.878..10.081 rows=1000 loops=1)
         ->  Gather Merge  (cost=6197.66..15920.64 rows=83334 width=20) (actual time=9.877..10.022 rows=1000 loops=1)
               Workers Planned: 2
               Workers Launched: 2
               ->  Sort  (cost=5197.64..5301.81 rows=41667 width=20) (actual time=8.338..8.379 rows=1000 loops=3)
                     Sort Key: s_2.a, s_2.b, s_2.c
                     Sort Method: top-N heapsort  Memory: 127kB
                     Worker 0:  Sort Method: top-N heapsort  Memory: 127kB
                     Worker 1:  Sort Method: top-N heapsort  Memory: 127kB
                     ->  Parallel Index Only Scan using s_2_a_b_e_d_c_idx on s_2  (cost=0.42..2913.08 rows=41667 width=20) (actual time=0.028..4.347 rows=33333 loops=3)
                           Heap Fetches: 0
 Planning time: 0.300 ms
 Execution time: 10.728 ms
(14 rows)

===== 144 [Wed Mar  7 02:09:43 CET 2018] scale:100000 groups:100 work_mem:16MB incremental:off max_workers:2 =====
SELECT * FROM s_3 ORDER BY a, b, c, d LIMIT 1000
                                                                               QUERY PLAN                                                                                
-------------------------------------------------------------------------------------------------------------------------------------------------------------------------
 Limit  (cost=6324.34..6324.34 rows=1 width=20) (actual time=10.078..10.078 rows=0 loops=1)
   ->  Limit  (cost=6197.66..6314.34 rows=1000 width=20) (actual time=9.844..10.049 rows=1000 loops=1)
         ->  Gather Merge  (cost=6197.66..15920.64 rows=83334 width=20) (actual time=9.844..9.990 rows=1000 loops=1)
               Workers Planned: 2
               Workers Launched: 2
               ->  Sort  (cost=5197.64..5301.81 rows=41667 width=20) (actual time=8.367..8.411 rows=1000 loops=3)
                     Sort Key: s_3.a, s_3.b, s_3.c, s_3.d
                     Sort Method: top-N heapsort  Memory: 127kB
                     Worker 0:  Sort Method: top-N heapsort  Memory: 127kB
                     Worker 1:  Sort Method: top-N heapsort  Memory: 127kB
                     ->  Parallel Index Only Scan using s_3_a_b_c_e_d_idx on s_3  (cost=0.42..2913.08 rows=41667 width=20) (actual time=0.027..4.334 rows=33333 loops=3)
                           Heap Fetches: 0
 Planning time: 0.305 ms
 Execution time: 10.708 ms
(14 rows)

===== 145 [Wed Mar  7 02:09:44 CET 2018] scale:100000 groups:100 work_mem:32MB incremental:on max_workers:2 =====
SELECT * FROM s_1 ORDER BY a, b LIMIT 1000
                                                                        QUERY PLAN                                                                        
----------------------------------------------------------------------------------------------------------------------------------------------------------
 Limit  (cost=111.82..111.82 rows=1 width=20) (actual time=0.797..0.797 rows=0 loops=1)
   ->  Limit  (cost=84.30..101.82 rows=1000 width=20) (actual time=0.279..0.769 rows=1000 loops=1)
         ->  Incremental Sort  (cost=84.30..1837.15 rows=100000 width=20) (actual time=0.279..0.714 rows=1000 loops=1)
               Sort Key: s_1.a, s_1.b
               Presorted Key: s_1.a
               Sort Method: quicksort  Memory: 102kB
               Sort Groups: 2
               ->  Index Only Scan using s_1_a_e_d_c_b_idx on s_1  (cost=0.42..3496.42 rows=100000 width=20) (actual time=0.025..0.232 rows=1518 loops=1)
                     Heap Fetches: 0
 Planning time: 0.277 ms
 Execution time: 0.823 ms
(11 rows)

===== 146 [Wed Mar  7 02:09:44 CET 2018] scale:100000 groups:100 work_mem:32MB incremental:on max_workers:2 =====
SELECT * FROM s_2 ORDER BY a, b, c LIMIT 1000
                                                                        QUERY PLAN                                                                        
----------------------------------------------------------------------------------------------------------------------------------------------------------
 Limit  (cost=30.94..30.94 rows=1 width=20) (actual time=0.547..0.547 rows=0 loops=1)
   ->  Limit  (cost=0.93..20.94 rows=1000 width=20) (actual time=0.084..0.520 rows=1000 loops=1)
         ->  Incremental Sort  (cost=0.93..2001.99 rows=100000 width=20) (actual time=0.083..0.464 rows=1000 loops=1)
               Sort Key: s_2.a, s_2.b, s_2.c
               Presorted Key: s_2.a, s_2.b
               Sort Method: quicksort  Memory: 28kB
               Sort Groups: 28
               ->  Index Only Scan using s_2_a_b_e_d_c_idx on s_2  (cost=0.42..3496.42 rows=100000 width=20) (actual time=0.031..0.156 rows=1014 loops=1)
                     Heap Fetches: 0
 Planning time: 0.283 ms
 Execution time: 0.577 ms
(11 rows)

===== 147 [Wed Mar  7 02:09:44 CET 2018] scale:100000 groups:100 work_mem:32MB incremental:on max_workers:2 =====
SELECT * FROM s_3 ORDER BY a, b, c, d LIMIT 1000
                                                                        QUERY PLAN                                                                        
----------------------------------------------------------------------------------------------------------------------------------------------------------
 Limit  (cost=30.94..30.94 rows=1 width=20) (actual time=0.497..0.497 rows=0 loops=1)
   ->  Limit  (cost=0.93..20.94 rows=1000 width=20) (actual time=0.072..0.469 rows=1000 loops=1)
         ->  Incremental Sort  (cost=0.93..2001.99 rows=100000 width=20) (actual time=0.072..0.409 rows=1000 loops=1)
               Sort Key: s_3.a, s_3.b, s_3.c, s_3.d
               Presorted Key: s_3.a, s_3.b, s_3.c
               Sort Method: quicksort  Memory: 27kB
               Sort Groups: 32
               ->  Index Only Scan using s_3_a_b_c_e_d_idx on s_3  (cost=0.42..3496.42 rows=100000 width=20) (actual time=0.026..0.157 rows=1027 loops=1)
                     Heap Fetches: 0
 Planning time: 0.286 ms
 Execution time: 0.521 ms
(11 rows)

===== 148 [Wed Mar  7 02:09:44 CET 2018] scale:100000 groups:100 work_mem:32MB incremental:off max_workers:2 =====
SELECT * FROM s_1 ORDER BY a, b LIMIT 1000
                                                                               QUERY PLAN                                                                                
-------------------------------------------------------------------------------------------------------------------------------------------------------------------------
 Limit  (cost=6324.34..6324.34 rows=1 width=20) (actual time=9.992..9.992 rows=0 loops=1)
   ->  Limit  (cost=6197.66..6314.34 rows=1000 width=20) (actual time=9.763..9.961 rows=1000 loops=1)
         ->  Gather Merge  (cost=6197.66..15920.64 rows=83334 width=20) (actual time=9.762..9.904 rows=1000 loops=1)
               Workers Planned: 2
               Workers Launched: 2
               ->  Sort  (cost=5197.64..5301.81 rows=41667 width=20) (actual time=8.288..8.329 rows=1000 loops=3)
                     Sort Key: s_1.a, s_1.b
                     Sort Method: top-N heapsort  Memory: 153kB
                     Worker 0:  Sort Method: top-N heapsort  Memory: 138kB
                     Worker 1:  Sort Method: top-N heapsort  Memory: 132kB
                     ->  Parallel Index Only Scan using s_1_a_e_d_c_b_idx on s_1  (cost=0.42..2913.08 rows=41667 width=20) (actual time=0.023..4.337 rows=33333 loops=3)
                           Heap Fetches: 0
 Planning time: 0.276 ms
 Execution time: 10.620 ms
(14 rows)

===== 149 [Wed Mar  7 02:09:44 CET 2018] scale:100000 groups:100 work_mem:32MB incremental:off max_workers:2 =====
SELECT * FROM s_2 ORDER BY a, b, c LIMIT 1000
                                                                               QUERY PLAN                                                                                
-------------------------------------------------------------------------------------------------------------------------------------------------------------------------
 Limit  (cost=6324.34..6324.34 rows=1 width=20) (actual time=10.095..10.095 rows=0 loops=1)
   ->  Limit  (cost=6197.66..6314.34 rows=1000 width=20) (actual time=9.863..10.064 rows=1000 loops=1)
         ->  Gather Merge  (cost=6197.66..15920.64 rows=83334 width=20) (actual time=9.862..10.004 rows=1000 loops=1)
               Workers Planned: 2
               Workers Launched: 2
               ->  Sort  (cost=5197.64..5301.81 rows=41667 width=20) (actual time=8.322..8.363 rows=1000 loops=3)
                     Sort Key: s_2.a, s_2.b, s_2.c
                     Sort Method: top-N heapsort  Memory: 127kB
                     Worker 0:  Sort Method: top-N heapsort  Memory: 127kB
                     Worker 1:  Sort Method: top-N heapsort  Memory: 127kB
                     ->  Parallel Index Only Scan using s_2_a_b_e_d_c_idx on s_2  (cost=0.42..2913.08 rows=41667 width=20) (actual time=0.028..4.345 rows=33333 loops=3)
                           Heap Fetches: 0
 Planning time: 0.296 ms
 Execution time: 10.684 ms
(14 rows)

===== 150 [Wed Mar  7 02:09:44 CET 2018] scale:100000 groups:100 work_mem:32MB incremental:off max_workers:2 =====
SELECT * FROM s_3 ORDER BY a, b, c, d LIMIT 1000
                                                                               QUERY PLAN                                                                                
-------------------------------------------------------------------------------------------------------------------------------------------------------------------------
 Limit  (cost=6324.34..6324.34 rows=1 width=20) (actual time=10.099..10.099 rows=0 loops=1)
   ->  Limit  (cost=6197.66..6314.34 rows=1000 width=20) (actual time=9.867..10.068 rows=1000 loops=1)
         ->  Gather Merge  (cost=6197.66..15920.64 rows=83334 width=20) (actual time=9.866..10.006 rows=1000 loops=1)
               Workers Planned: 2
               Workers Launched: 2
               ->  Sort  (cost=5197.64..5301.81 rows=41667 width=20) (actual time=8.344..8.385 rows=1000 loops=3)
                     Sort Key: s_3.a, s_3.b, s_3.c, s_3.d
                     Sort Method: top-N heapsort  Memory: 127kB
                     Worker 0:  Sort Method: top-N heapsort  Memory: 127kB
                     Worker 1:  Sort Method: top-N heapsort  Memory: 127kB
                     ->  Parallel Index Only Scan using s_3_a_b_c_e_d_idx on s_3  (cost=0.42..2913.08 rows=41667 width=20) (actual time=0.027..4.331 rows=33333 loops=3)
                           Heap Fetches: 0
 Planning time: 0.298 ms
 Execution time: 10.734 ms
(14 rows)

===== 151 [Wed Mar  7 02:09:44 CET 2018] scale:100000 groups:100 work_mem:64MB incremental:on max_workers:2 =====
SELECT * FROM s_1 ORDER BY a, b LIMIT 1000
                                                                        QUERY PLAN                                                                        
----------------------------------------------------------------------------------------------------------------------------------------------------------
 Limit  (cost=111.82..111.82 rows=1 width=20) (actual time=0.797..0.797 rows=0 loops=1)
   ->  Limit  (cost=84.30..101.82 rows=1000 width=20) (actual time=0.285..0.770 rows=1000 loops=1)
         ->  Incremental Sort  (cost=84.30..1837.15 rows=100000 width=20) (actual time=0.285..0.715 rows=1000 loops=1)
               Sort Key: s_1.a, s_1.b
               Presorted Key: s_1.a
               Sort Method: quicksort  Memory: 102kB
               Sort Groups: 2
               ->  Index Only Scan using s_1_a_e_d_c_b_idx on s_1  (cost=0.42..3496.42 rows=100000 width=20) (actual time=0.025..0.226 rows=1518 loops=1)
                     Heap Fetches: 0
 Planning time: 0.277 ms
 Execution time: 0.823 ms
(11 rows)

===== 152 [Wed Mar  7 02:09:44 CET 2018] scale:100000 groups:100 work_mem:64MB incremental:on max_workers:2 =====
SELECT * FROM s_2 ORDER BY a, b, c LIMIT 1000
                                                                        QUERY PLAN                                                                        
----------------------------------------------------------------------------------------------------------------------------------------------------------
 Limit  (cost=30.94..30.94 rows=1 width=20) (actual time=0.540..0.540 rows=0 loops=1)
   ->  Limit  (cost=0.93..20.94 rows=1000 width=20) (actual time=0.077..0.511 rows=1000 loops=1)
         ->  Incremental Sort  (cost=0.93..2001.99 rows=100000 width=20) (actual time=0.077..0.457 rows=1000 loops=1)
               Sort Key: s_2.a, s_2.b, s_2.c
               Presorted Key: s_2.a, s_2.b
               Sort Method: quicksort  Memory: 28kB
               Sort Groups: 28
               ->  Index Only Scan using s_2_a_b_e_d_c_idx on s_2  (cost=0.42..3496.42 rows=100000 width=20) (actual time=0.025..0.149 rows=1014 loops=1)
                     Heap Fetches: 0
 Planning time: 0.290 ms
 Execution time: 0.569 ms
(11 rows)

===== 153 [Wed Mar  7 02:09:44 CET 2018] scale:100000 groups:100 work_mem:64MB incremental:on max_workers:2 =====
SELECT * FROM s_3 ORDER BY a, b, c, d LIMIT 1000
                                                                        QUERY PLAN                                                                        
----------------------------------------------------------------------------------------------------------------------------------------------------------
 Limit  (cost=30.94..30.94 rows=1 width=20) (actual time=0.492..0.492 rows=0 loops=1)
   ->  Limit  (cost=0.93..20.94 rows=1000 width=20) (actual time=0.074..0.464 rows=1000 loops=1)
         ->  Incremental Sort  (cost=0.93..2001.99 rows=100000 width=20) (actual time=0.074..0.408 rows=1000 loops=1)
               Sort Key: s_3.a, s_3.b, s_3.c, s_3.d
               Presorted Key: s_3.a, s_3.b, s_3.c
               Sort Method: quicksort  Memory: 27kB
               Sort Groups: 32
               ->  Index Only Scan using s_3_a_b_c_e_d_idx on s_3  (cost=0.42..3496.42 rows=100000 width=20) (actual time=0.026..0.156 rows=1027 loops=1)
                     Heap Fetches: 0
 Planning time: 0.294 ms
 Execution time: 0.517 ms
(11 rows)

===== 154 [Wed Mar  7 02:09:44 CET 2018] scale:100000 groups:100 work_mem:64MB incremental:off max_workers:2 =====
SELECT * FROM s_1 ORDER BY a, b LIMIT 1000
                                                                               QUERY PLAN                                                                                
-------------------------------------------------------------------------------------------------------------------------------------------------------------------------
 Limit  (cost=6324.34..6324.34 rows=1 width=20) (actual time=10.045..10.045 rows=0 loops=1)
   ->  Limit  (cost=6197.66..6314.34 rows=1000 width=20) (actual time=9.812..10.014 rows=1000 loops=1)
         ->  Gather Merge  (cost=6197.66..15920.64 rows=83334 width=20) (actual time=9.812..9.952 rows=1000 loops=1)
               Workers Planned: 2
               Workers Launched: 2
               ->  Sort  (cost=5197.64..5301.81 rows=41667 width=20) (actual time=8.271..8.312 rows=1000 loops=3)
                     Sort Key: s_1.a, s_1.b
                     Sort Method: top-N heapsort  Memory: 153kB
                     Worker 0:  Sort Method: top-N heapsort  Memory: 128kB
                     Worker 1:  Sort Method: top-N heapsort  Memory: 132kB
                     ->  Parallel Index Only Scan using s_1_a_e_d_c_b_idx on s_1  (cost=0.42..2913.08 rows=41667 width=20) (actual time=0.021..4.325 rows=33333 loops=3)
                           Heap Fetches: 0
 Planning time: 0.287 ms
 Execution time: 10.691 ms
(14 rows)

===== 155 [Wed Mar  7 02:09:45 CET 2018] scale:100000 groups:100 work_mem:64MB incremental:off max_workers:2 =====
SELECT * FROM s_2 ORDER BY a, b, c LIMIT 1000
                                                                               QUERY PLAN                                                                                
-------------------------------------------------------------------------------------------------------------------------------------------------------------------------
 Limit  (cost=6324.34..6324.34 rows=1 width=20) (actual time=10.063..10.063 rows=0 loops=1)
   ->  Limit  (cost=6197.66..6314.34 rows=1000 width=20) (actual time=9.831..10.030 rows=1000 loops=1)
         ->  Gather Merge  (cost=6197.66..15920.64 rows=83334 width=20) (actual time=9.830..9.970 rows=1000 loops=1)
               Workers Planned: 2
               Workers Launched: 2
               ->  Sort  (cost=5197.64..5301.81 rows=41667 width=20) (actual time=8.320..8.361 rows=1000 loops=3)
                     Sort Key: s_2.a, s_2.b, s_2.c
                     Sort Method: top-N heapsort  Memory: 127kB
                     Worker 0:  Sort Method: top-N heapsort  Memory: 127kB
                     Worker 1:  Sort Method: top-N heapsort  Memory: 127kB
                     ->  Parallel Index Only Scan using s_2_a_b_e_d_c_idx on s_2  (cost=0.42..2913.08 rows=41667 width=20) (actual time=0.027..4.334 rows=33333 loops=3)
                           Heap Fetches: 0
 Planning time: 0.286 ms
 Execution time: 10.667 ms
(14 rows)

===== 156 [Wed Mar  7 02:09:45 CET 2018] scale:100000 groups:100 work_mem:64MB incremental:off max_workers:2 =====
SELECT * FROM s_3 ORDER BY a, b, c, d LIMIT 1000
                                                                               QUERY PLAN                                                                                
-------------------------------------------------------------------------------------------------------------------------------------------------------------------------
 Limit  (cost=6324.34..6324.34 rows=1 width=20) (actual time=10.128..10.128 rows=0 loops=1)
   ->  Limit  (cost=6197.66..6314.34 rows=1000 width=20) (actual time=9.896..10.099 rows=1000 loops=1)
         ->  Gather Merge  (cost=6197.66..15920.64 rows=83334 width=20) (actual time=9.895..10.040 rows=1000 loops=1)
               Workers Planned: 2
               Workers Launched: 2
               ->  Sort  (cost=5197.64..5301.81 rows=41667 width=20) (actual time=8.366..8.407 rows=1000 loops=3)
                     Sort Key: s_3.a, s_3.b, s_3.c, s_3.d
                     Sort Method: top-N heapsort  Memory: 127kB
                     Worker 0:  Sort Method: top-N heapsort  Memory: 127kB
                     Worker 1:  Sort Method: top-N heapsort  Memory: 127kB
                     ->  Parallel Index Only Scan using s_3_a_b_c_e_d_idx on s_3  (cost=0.42..2913.08 rows=41667 width=20) (actual time=0.027..4.349 rows=33333 loops=3)
                           Heap Fetches: 0
 Planning time: 0.292 ms
 Execution time: 10.760 ms
(14 rows)

===== 157 [Wed Mar  7 02:09:45 CET 2018] scale:100000 groups:100 work_mem:128MB incremental:on max_workers:2 =====
SELECT * FROM s_1 ORDER BY a, b LIMIT 1000
                                                                        QUERY PLAN                                                                        
----------------------------------------------------------------------------------------------------------------------------------------------------------
 Limit  (cost=111.82..111.82 rows=1 width=20) (actual time=0.789..0.789 rows=0 loops=1)
   ->  Limit  (cost=84.30..101.82 rows=1000 width=20) (actual time=0.276..0.761 rows=1000 loops=1)
         ->  Incremental Sort  (cost=84.30..1837.15 rows=100000 width=20) (actual time=0.276..0.706 rows=1000 loops=1)
               Sort Key: s_1.a, s_1.b
               Presorted Key: s_1.a
               Sort Method: quicksort  Memory: 102kB
               Sort Groups: 2
               ->  Index Only Scan using s_1_a_e_d_c_b_idx on s_1  (cost=0.42..3496.42 rows=100000 width=20) (actual time=0.024..0.225 rows=1518 loops=1)
                     Heap Fetches: 0
 Planning time: 0.284 ms
 Execution time: 0.815 ms
(11 rows)

===== 158 [Wed Mar  7 02:09:45 CET 2018] scale:100000 groups:100 work_mem:128MB incremental:on max_workers:2 =====
SELECT * FROM s_2 ORDER BY a, b, c LIMIT 1000
                                                                        QUERY PLAN                                                                        
----------------------------------------------------------------------------------------------------------------------------------------------------------
 Limit  (cost=30.94..30.94 rows=1 width=20) (actual time=0.542..0.542 rows=0 loops=1)
   ->  Limit  (cost=0.93..20.94 rows=1000 width=20) (actual time=0.079..0.515 rows=1000 loops=1)
         ->  Incremental Sort  (cost=0.93..2001.99 rows=100000 width=20) (actual time=0.079..0.459 rows=1000 loops=1)
               Sort Key: s_2.a, s_2.b, s_2.c
               Presorted Key: s_2.a, s_2.b
               Sort Method: quicksort  Memory: 28kB
               Sort Groups: 28
               ->  Index Only Scan using s_2_a_b_e_d_c_idx on s_2  (cost=0.42..3496.42 rows=100000 width=20) (actual time=0.025..0.150 rows=1014 loops=1)
                     Heap Fetches: 0
 Planning time: 0.282 ms
 Execution time: 0.571 ms
(11 rows)

===== 159 [Wed Mar  7 02:09:45 CET 2018] scale:100000 groups:100 work_mem:128MB incremental:on max_workers:2 =====
SELECT * FROM s_3 ORDER BY a, b, c, d LIMIT 1000
                                                                        QUERY PLAN                                                                        
----------------------------------------------------------------------------------------------------------------------------------------------------------
 Limit  (cost=30.94..30.94 rows=1 width=20) (actual time=0.494..0.494 rows=0 loops=1)
   ->  Limit  (cost=0.93..20.94 rows=1000 width=20) (actual time=0.073..0.466 rows=1000 loops=1)
         ->  Incremental Sort  (cost=0.93..2001.99 rows=100000 width=20) (actual time=0.073..0.411 rows=1000 loops=1)
               Sort Key: s_3.a, s_3.b, s_3.c, s_3.d
               Presorted Key: s_3.a, s_3.b, s_3.c
               Sort Method: quicksort  Memory: 27kB
               Sort Groups: 32
               ->  Index Only Scan using s_3_a_b_c_e_d_idx on s_3  (cost=0.42..3496.42 rows=100000 width=20) (actual time=0.027..0.156 rows=1027 loops=1)
                     Heap Fetches: 0
 Planning time: 0.290 ms
 Execution time: 0.519 ms
(11 rows)

===== 160 [Wed Mar  7 02:09:45 CET 2018] scale:100000 groups:100 work_mem:128MB incremental:off max_workers:2 =====
SELECT * FROM s_1 ORDER BY a, b LIMIT 1000
                                                                               QUERY PLAN                                                                                
-------------------------------------------------------------------------------------------------------------------------------------------------------------------------
 Limit  (cost=6324.34..6324.34 rows=1 width=20) (actual time=10.018..10.018 rows=0 loops=1)
   ->  Limit  (cost=6197.66..6314.34 rows=1000 width=20) (actual time=9.785..9.989 rows=1000 loops=1)
         ->  Gather Merge  (cost=6197.66..15920.64 rows=83334 width=20) (actual time=9.785..9.930 rows=1000 loops=1)
               Workers Planned: 2
               Workers Launched: 2
               ->  Sort  (cost=5197.64..5301.81 rows=41667 width=20) (actual time=8.294..8.335 rows=1000 loops=3)
                     Sort Key: s_1.a, s_1.b
                     Sort Method: top-N heapsort  Memory: 153kB
                     Worker 0:  Sort Method: top-N heapsort  Memory: 138kB
                     Worker 1:  Sort Method: top-N heapsort  Memory: 132kB
                     ->  Parallel Index Only Scan using s_1_a_e_d_c_b_idx on s_1  (cost=0.42..2913.08 rows=41667 width=20) (actual time=0.026..4.334 rows=33333 loops=3)
                           Heap Fetches: 0
 Planning time: 0.284 ms
 Execution time: 10.640 ms
(14 rows)

===== 161 [Wed Mar  7 02:09:45 CET 2018] scale:100000 groups:100 work_mem:128MB incremental:off max_workers:2 =====
SELECT * FROM s_2 ORDER BY a, b, c LIMIT 1000
                                                                               QUERY PLAN                                                                                
-------------------------------------------------------------------------------------------------------------------------------------------------------------------------
 Limit  (cost=6324.34..6324.34 rows=1 width=20) (actual time=10.071..10.071 rows=0 loops=1)
   ->  Limit  (cost=6197.66..6314.34 rows=1000 width=20) (actual time=9.839..10.041 rows=1000 loops=1)
         ->  Gather Merge  (cost=6197.66..15920.64 rows=83334 width=20) (actual time=9.839..9.977 rows=1000 loops=1)
               Workers Planned: 2
               Workers Launched: 2
               ->  Sort  (cost=5197.64..5301.81 rows=41667 width=20) (actual time=8.309..8.351 rows=1000 loops=3)
                     Sort Key: s_2.a, s_2.b, s_2.c
                     Sort Method: top-N heapsort  Memory: 127kB
                     Worker 0:  Sort Method: top-N heapsort  Memory: 127kB
                     Worker 1:  Sort Method: top-N heapsort  Memory: 127kB
                     ->  Parallel Index Only Scan using s_2_a_b_e_d_c_idx on s_2  (cost=0.42..2913.08 rows=41667 width=20) (actual time=0.027..4.326 rows=33333 loops=3)
                           Heap Fetches: 0
 Planning time: 0.297 ms
 Execution time: 10.672 ms
(14 rows)

===== 162 [Wed Mar  7 02:09:45 CET 2018] scale:100000 groups:100 work_mem:128MB incremental:off max_workers:2 =====
SELECT * FROM s_3 ORDER BY a, b, c, d LIMIT 1000
                                                                               QUERY PLAN                                                                                
-------------------------------------------------------------------------------------------------------------------------------------------------------------------------
 Limit  (cost=6324.34..6324.34 rows=1 width=20) (actual time=10.121..10.121 rows=0 loops=1)
   ->  Limit  (cost=6197.66..6314.34 rows=1000 width=20) (actual time=9.890..10.090 rows=1000 loops=1)
         ->  Gather Merge  (cost=6197.66..15920.64 rows=83334 width=20) (actual time=9.889..10.029 rows=1000 loops=1)
               Workers Planned: 2
               Workers Launched: 2
               ->  Sort  (cost=5197.64..5301.81 rows=41667 width=20) (actual time=8.350..8.392 rows=1000 loops=3)
                     Sort Key: s_3.a, s_3.b, s_3.c, s_3.d
                     Sort Method: top-N heapsort  Memory: 127kB
                     Worker 0:  Sort Method: top-N heapsort  Memory: 127kB
                     Worker 1:  Sort Method: top-N heapsort  Memory: 127kB
                     ->  Parallel Index Only Scan using s_3_a_b_c_e_d_idx on s_3  (cost=0.42..2913.08 rows=41667 width=20) (actual time=0.028..4.334 rows=33333 loops=3)
                           Heap Fetches: 0
 Planning time: 0.298 ms
 Execution time: 10.708 ms
(14 rows)

===== 163 [Wed Mar  7 02:09:45 CET 2018] scale:100000 groups:100 work_mem:256MB incremental:on max_workers:2 =====
SELECT * FROM s_1 ORDER BY a, b LIMIT 1000
                                                                        QUERY PLAN                                                                        
----------------------------------------------------------------------------------------------------------------------------------------------------------
 Limit  (cost=111.82..111.82 rows=1 width=20) (actual time=0.793..0.793 rows=0 loops=1)
   ->  Limit  (cost=84.30..101.82 rows=1000 width=20) (actual time=0.279..0.766 rows=1000 loops=1)
         ->  Incremental Sort  (cost=84.30..1837.15 rows=100000 width=20) (actual time=0.279..0.710 rows=1000 loops=1)
               Sort Key: s_1.a, s_1.b
               Presorted Key: s_1.a
               Sort Method: quicksort  Memory: 102kB
               Sort Groups: 2
               ->  Index Only Scan using s_1_a_e_d_c_b_idx on s_1  (cost=0.42..3496.42 rows=100000 width=20) (actual time=0.025..0.226 rows=1518 loops=1)
                     Heap Fetches: 0
 Planning time: 0.287 ms
 Execution time: 0.822 ms
(11 rows)

===== 164 [Wed Mar  7 02:09:46 CET 2018] scale:100000 groups:100 work_mem:256MB incremental:on max_workers:2 =====
SELECT * FROM s_2 ORDER BY a, b, c LIMIT 1000
                                                                        QUERY PLAN                                                                        
----------------------------------------------------------------------------------------------------------------------------------------------------------
 Limit  (cost=30.94..30.94 rows=1 width=20) (actual time=0.550..0.550 rows=0 loops=1)
   ->  Limit  (cost=0.93..20.94 rows=1000 width=20) (actual time=0.079..0.522 rows=1000 loops=1)
         ->  Incremental Sort  (cost=0.93..2001.99 rows=100000 width=20) (actual time=0.079..0.467 rows=1000 loops=1)
               Sort Key: s_2.a, s_2.b, s_2.c
               Presorted Key: s_2.a, s_2.b
               Sort Method: quicksort  Memory: 28kB
               Sort Groups: 28
               ->  Index Only Scan using s_2_a_b_e_d_c_idx on s_2  (cost=0.42..3496.42 rows=100000 width=20) (actual time=0.025..0.151 rows=1014 loops=1)
                     Heap Fetches: 0
 Planning time: 0.282 ms
 Execution time: 0.578 ms
(11 rows)

===== 165 [Wed Mar  7 02:09:46 CET 2018] scale:100000 groups:100 work_mem:256MB incremental:on max_workers:2 =====
SELECT * FROM s_3 ORDER BY a, b, c, d LIMIT 1000
                                                                        QUERY PLAN                                                                        
----------------------------------------------------------------------------------------------------------------------------------------------------------
 Limit  (cost=30.94..30.94 rows=1 width=20) (actual time=0.491..0.491 rows=0 loops=1)
   ->  Limit  (cost=0.93..20.94 rows=1000 width=20) (actual time=0.073..0.463 rows=1000 loops=1)
         ->  Incremental Sort  (cost=0.93..2001.99 rows=100000 width=20) (actual time=0.073..0.408 rows=1000 loops=1)
               Sort Key: s_3.a, s_3.b, s_3.c, s_3.d
               Presorted Key: s_3.a, s_3.b, s_3.c
               Sort Method: quicksort  Memory: 27kB
               Sort Groups: 32
               ->  Index Only Scan using s_3_a_b_c_e_d_idx on s_3  (cost=0.42..3496.42 rows=100000 width=20) (actual time=0.027..0.157 rows=1027 loops=1)
                     Heap Fetches: 0
 Planning time: 0.295 ms
 Execution time: 0.516 ms
(11 rows)

===== 166 [Wed Mar  7 02:09:46 CET 2018] scale:100000 groups:100 work_mem:256MB incremental:off max_workers:2 =====
SELECT * FROM s_1 ORDER BY a, b LIMIT 1000
                                                                               QUERY PLAN                                                                                
-------------------------------------------------------------------------------------------------------------------------------------------------------------------------
 Limit  (cost=6324.34..6324.34 rows=1 width=20) (actual time=10.040..10.040 rows=0 loops=1)
   ->  Limit  (cost=6197.66..6314.34 rows=1000 width=20) (actual time=9.805..10.011 rows=1000 loops=1)
         ->  Gather Merge  (cost=6197.66..15920.64 rows=83334 width=20) (actual time=9.805..9.948 rows=1000 loops=1)
               Workers Planned: 2
               Workers Launched: 2
               ->  Sort  (cost=5197.64..5301.81 rows=41667 width=20) (actual time=8.307..8.350 rows=1000 loops=3)
                     Sort Key: s_1.a, s_1.b
                     Sort Method: top-N heapsort  Memory: 153kB
                     Worker 0:  Sort Method: top-N heapsort  Memory: 138kB
                     Worker 1:  Sort Method: top-N heapsort  Memory: 139kB
                     ->  Parallel Index Only Scan using s_1_a_e_d_c_b_idx on s_1  (cost=0.42..2913.08 rows=41667 width=20) (actual time=0.026..4.341 rows=33333 loops=3)
                           Heap Fetches: 0
 Planning time: 0.291 ms
 Execution time: 10.647 ms
(14 rows)

===== 167 [Wed Mar  7 02:09:46 CET 2018] scale:100000 groups:100 work_mem:256MB incremental:off max_workers:2 =====
SELECT * FROM s_2 ORDER BY a, b, c LIMIT 1000
                                                                               QUERY PLAN                                                                                
-------------------------------------------------------------------------------------------------------------------------------------------------------------------------
 Limit  (cost=6324.34..6324.34 rows=1 width=20) (actual time=10.047..10.047 rows=0 loops=1)
   ->  Limit  (cost=6197.66..6314.34 rows=1000 width=20) (actual time=9.815..10.018 rows=1000 loops=1)
         ->  Gather Merge  (cost=6197.66..15920.64 rows=83334 width=20) (actual time=9.814..9.957 rows=1000 loops=1)
               Workers Planned: 2
               Workers Launched: 2
               ->  Sort  (cost=5197.64..5301.81 rows=41667 width=20) (actual time=8.352..8.393 rows=1000 loops=3)
                     Sort Key: s_2.a, s_2.b, s_2.c
                     Sort Method: top-N heapsort  Memory: 127kB
                     Worker 0:  Sort Method: top-N heapsort  Memory: 127kB
                     Worker 1:  Sort Method: top-N heapsort  Memory: 127kB
                     ->  Parallel Index Only Scan using s_2_a_b_e_d_c_idx on s_2  (cost=0.42..2913.08 rows=41667 width=20) (actual time=0.027..4.360 rows=33333 loops=3)
                           Heap Fetches: 0
 Planning time: 0.287 ms
 Execution time: 10.681 ms
(14 rows)

===== 168 [Wed Mar  7 02:09:46 CET 2018] scale:100000 groups:100 work_mem:256MB incremental:off max_workers:2 =====
SELECT * FROM s_3 ORDER BY a, b, c, d LIMIT 1000
                                                                               QUERY PLAN                                                                                
-------------------------------------------------------------------------------------------------------------------------------------------------------------------------
 Limit  (cost=6324.34..6324.34 rows=1 width=20) (actual time=10.130..10.130 rows=0 loops=1)
   ->  Limit  (cost=6197.66..6314.34 rows=1000 width=20) (actual time=9.893..10.099 rows=1000 loops=1)
         ->  Gather Merge  (cost=6197.66..15920.64 rows=83334 width=20) (actual time=9.892..10.036 rows=1000 loops=1)
               Workers Planned: 2
               Workers Launched: 2
               ->  Sort  (cost=5197.64..5301.81 rows=41667 width=20) (actual time=8.368..8.409 rows=1000 loops=3)
                     Sort Key: s_3.a, s_3.b, s_3.c, s_3.d
                     Sort Method: top-N heapsort  Memory: 127kB
                     Worker 0:  Sort Method: top-N heapsort  Memory: 127kB
                     Worker 1:  Sort Method: top-N heapsort  Memory: 127kB
                     ->  Parallel Index Only Scan using s_3_a_b_c_e_d_idx on s_3  (cost=0.42..2913.08 rows=41667 width=20) (actual time=0.028..4.352 rows=33333 loops=3)
                           Heap Fetches: 0
 Planning time: 0.291 ms
 Execution time: 10.739 ms
(14 rows)

===== 169 [Wed Mar  7 02:09:47 CET 2018] scale:100000 groups:1000 work_mem:4MB incremental:on max_workers:0 =====
SELECT * FROM s_1 ORDER BY a, b LIMIT 1000
                                                                        QUERY PLAN                                                                        
----------------------------------------------------------------------------------------------------------------------------------------------------------
 Limit  (cost=35.54..35.54 rows=1 width=20) (actual time=0.627..0.627 rows=0 loops=1)
   ->  Limit  (cost=7.23..25.54 rows=1000 width=20) (actual time=0.106..0.599 rows=1000 loops=1)
         ->  Incremental Sort  (cost=7.23..1838.61 rows=100000 width=20) (actual time=0.106..0.544 rows=1000 loops=1)
               Sort Key: s_1.a, s_1.b
               Presorted Key: s_1.a
               Sort Method: quicksort  Memory: 33kB
               Sort Groups: 11
               ->  Index Only Scan using s_1_a_e_d_c_b_idx on s_1  (cost=0.42..3496.42 rows=100000 width=20) (actual time=0.046..0.205 rows=1073 loops=1)
                     Heap Fetches: 0
 Planning time: 0.279 ms
 Execution time: 0.653 ms
(11 rows)

===== 170 [Wed Mar  7 02:09:48 CET 2018] scale:100000 groups:1000 work_mem:4MB incremental:on max_workers:0 =====
SELECT * FROM s_2 ORDER BY a, b, c LIMIT 1000
                                                                        QUERY PLAN                                                                        
----------------------------------------------------------------------------------------------------------------------------------------------------------
 Limit  (cost=30.94..30.94 rows=1 width=20) (actual time=0.525..0.525 rows=0 loops=1)
   ->  Limit  (cost=0.93..20.94 rows=1000 width=20) (actual time=0.096..0.497 rows=1000 loops=1)
         ->  Incremental Sort  (cost=0.93..2001.99 rows=100000 width=20) (actual time=0.096..0.441 rows=1000 loops=1)
               Sort Key: s_2.a, s_2.b, s_2.c
               Presorted Key: s_2.a, s_2.b
               Sort Method: quicksort  Memory: 27kB
               Sort Groups: 32
               ->  Index Only Scan using s_2_a_b_e_d_c_idx on s_2  (cost=0.42..3496.42 rows=100000 width=20) (actual time=0.045..0.200 rows=1029 loops=1)
                     Heap Fetches: 0
 Planning time: 0.280 ms
 Execution time: 0.550 ms
(11 rows)

===== 171 [Wed Mar  7 02:09:48 CET 2018] scale:100000 groups:1000 work_mem:4MB incremental:on max_workers:0 =====
SELECT * FROM s_3 ORDER BY a, b, c, d LIMIT 1000
                                                                        QUERY PLAN                                                                        
----------------------------------------------------------------------------------------------------------------------------------------------------------
 Limit  (cost=30.94..30.94 rows=1 width=20) (actual time=0.489..0.489 rows=0 loops=1)
   ->  Limit  (cost=0.93..20.94 rows=1000 width=20) (actual time=0.090..0.461 rows=1000 loops=1)
         ->  Incremental Sort  (cost=0.93..2001.99 rows=100000 width=20) (actual time=0.090..0.405 rows=1000 loops=1)
               Sort Key: s_3.a, s_3.b, s_3.c, s_3.d
               Presorted Key: s_3.a, s_3.b, s_3.c
               Sort Method: quicksort  Memory: 27kB
               Sort Groups: 32
               ->  Index Only Scan using s_3_a_b_c_e_d_idx on s_3  (cost=0.42..3496.42 rows=100000 width=20) (actual time=0.046..0.199 rows=1025 loops=1)
                     Heap Fetches: 0
 Planning time: 0.286 ms
 Execution time: 0.525 ms
(11 rows)

===== 172 [Wed Mar  7 02:09:48 CET 2018] scale:100000 groups:1000 work_mem:4MB incremental:off max_workers:0 =====
SELECT * FROM s_1 ORDER BY a, b LIMIT 1000
                                                         QUERY PLAN                                                          
-----------------------------------------------------------------------------------------------------------------------------
 Limit  (cost=7132.39..7132.39 rows=1 width=20) (actual time=12.584..12.584 rows=0 loops=1)
   ->  Limit  (cost=7119.89..7122.39 rows=1000 width=20) (actual time=12.460..12.556 rows=1000 loops=1)
         ->  Sort  (cost=7119.89..7369.89 rows=100000 width=20) (actual time=12.459..12.500 rows=1000 loops=1)
               Sort Key: s_1.a, s_1.b
               Sort Method: top-N heapsort  Memory: 130kB
               ->  Seq Scan on s_1  (cost=0.00..1637.00 rows=100000 width=20) (actual time=0.007..5.050 rows=100000 loops=1)
 Planning time: 0.273 ms
 Execution time: 12.621 ms
(8 rows)

===== 173 [Wed Mar  7 02:09:48 CET 2018] scale:100000 groups:1000 work_mem:4MB incremental:off max_workers:0 =====
SELECT * FROM s_2 ORDER BY a, b, c LIMIT 1000
                                                         QUERY PLAN                                                          
-----------------------------------------------------------------------------------------------------------------------------
 Limit  (cost=7132.39..7132.39 rows=1 width=20) (actual time=12.658..12.658 rows=0 loops=1)
   ->  Limit  (cost=7119.89..7122.39 rows=1000 width=20) (actual time=12.537..12.629 rows=1000 loops=1)
         ->  Sort  (cost=7119.89..7369.89 rows=100000 width=20) (actual time=12.536..12.574 rows=1000 loops=1)
               Sort Key: s_2.a, s_2.b, s_2.c
               Sort Method: top-N heapsort  Memory: 127kB
               ->  Seq Scan on s_2  (cost=0.00..1637.00 rows=100000 width=20) (actual time=0.010..5.080 rows=100000 loops=1)
 Planning time: 0.281 ms
 Execution time: 12.695 ms
(8 rows)

===== 174 [Wed Mar  7 02:09:48 CET 2018] scale:100000 groups:1000 work_mem:4MB incremental:off max_workers:0 =====
SELECT * FROM s_3 ORDER BY a, b, c, d LIMIT 1000
                                                         QUERY PLAN                                                          
-----------------------------------------------------------------------------------------------------------------------------
 Limit  (cost=7132.39..7132.39 rows=1 width=20) (actual time=12.567..12.567 rows=0 loops=1)
   ->  Limit  (cost=7119.89..7122.39 rows=1000 width=20) (actual time=12.446..12.538 rows=1000 loops=1)
         ->  Sort  (cost=7119.89..7369.89 rows=100000 width=20) (actual time=12.446..12.483 rows=1000 loops=1)
               Sort Key: s_3.a, s_3.b, s_3.c, s_3.d
               Sort Method: top-N heapsort  Memory: 127kB
               ->  Seq Scan on s_3  (cost=0.00..1637.00 rows=100000 width=20) (actual time=0.013..5.041 rows=100000 loops=1)
 Planning time: 0.288 ms
 Execution time: 12.605 ms
(8 rows)

===== 175 [Wed Mar  7 02:09:48 CET 2018] scale:100000 groups:1000 work_mem:8MB incremental:on max_workers:0 =====
SELECT * FROM s_1 ORDER BY a, b LIMIT 1000
                                                                        QUERY PLAN                                                                        
----------------------------------------------------------------------------------------------------------------------------------------------------------
 Limit  (cost=35.54..35.54 rows=1 width=20) (actual time=0.592..0.592 rows=0 loops=1)
   ->  Limit  (cost=7.23..25.54 rows=1000 width=20) (actual time=0.089..0.556 rows=1000 loops=1)
         ->  Incremental Sort  (cost=7.23..1838.61 rows=100000 width=20) (actual time=0.089..0.502 rows=1000 loops=1)
               Sort Key: s_1.a, s_1.b
               Presorted Key: s_1.a
               Sort Method: quicksort  Memory: 33kB
               Sort Groups: 11
               ->  Index Only Scan using s_1_a_e_d_c_b_idx on s_1  (cost=0.42..3496.42 rows=100000 width=20) (actual time=0.029..0.164 rows=1073 loops=1)
                     Heap Fetches: 0
 Planning time: 0.272 ms
 Execution time: 0.618 ms
(11 rows)

===== 176 [Wed Mar  7 02:09:48 CET 2018] scale:100000 groups:1000 work_mem:8MB incremental:on max_workers:0 =====
SELECT * FROM s_2 ORDER BY a, b, c LIMIT 1000
                                                                        QUERY PLAN                                                                        
----------------------------------------------------------------------------------------------------------------------------------------------------------
 Limit  (cost=30.94..30.94 rows=1 width=20) (actual time=0.477..0.477 rows=0 loops=1)
   ->  Limit  (cost=0.93..20.94 rows=1000 width=20) (actual time=0.075..0.449 rows=1000 loops=1)
         ->  Incremental Sort  (cost=0.93..2001.99 rows=100000 width=20) (actual time=0.075..0.393 rows=1000 loops=1)
               Sort Key: s_2.a, s_2.b, s_2.c
               Presorted Key: s_2.a, s_2.b
               Sort Method: quicksort  Memory: 27kB
               Sort Groups: 32
               ->  Index Only Scan using s_2_a_b_e_d_c_idx on s_2  (cost=0.42..3496.42 rows=100000 width=20) (actual time=0.030..0.160 rows=1029 loops=1)
                     Heap Fetches: 0
 Planning time: 0.280 ms
 Execution time: 0.503 ms
(11 rows)

===== 177 [Wed Mar  7 02:09:48 CET 2018] scale:100000 groups:1000 work_mem:8MB incremental:on max_workers:0 =====
SELECT * FROM s_3 ORDER BY a, b, c, d LIMIT 1000
                                                                        QUERY PLAN                                                                        
----------------------------------------------------------------------------------------------------------------------------------------------------------
 Limit  (cost=30.94..30.94 rows=1 width=20) (actual time=0.444..0.444 rows=0 loops=1)
   ->  Limit  (cost=0.93..20.94 rows=1000 width=20) (actual time=0.073..0.416 rows=1000 loops=1)
         ->  Incremental Sort  (cost=0.93..2001.99 rows=100000 width=20) (actual time=0.073..0.361 rows=1000 loops=1)
               Sort Key: s_3.a, s_3.b, s_3.c, s_3.d
               Presorted Key: s_3.a, s_3.b, s_3.c
               Sort Method: quicksort  Memory: 27kB
               Sort Groups: 32
               ->  Index Only Scan using s_3_a_b_c_e_d_idx on s_3  (cost=0.42..3496.42 rows=100000 width=20) (actual time=0.028..0.157 rows=1025 loops=1)
                     Heap Fetches: 0
 Planning time: 0.287 ms
 Execution time: 0.470 ms
(11 rows)

===== 178 [Wed Mar  7 02:09:48 CET 2018] scale:100000 groups:1000 work_mem:8MB incremental:off max_workers:0 =====
SELECT * FROM s_1 ORDER BY a, b LIMIT 1000
                                                         QUERY PLAN                                                          
-----------------------------------------------------------------------------------------------------------------------------
 Limit  (cost=7132.39..7132.39 rows=1 width=20) (actual time=12.604..12.604 rows=0 loops=1)
   ->  Limit  (cost=7119.89..7122.39 rows=1000 width=20) (actual time=12.482..12.575 rows=1000 loops=1)
         ->  Sort  (cost=7119.89..7369.89 rows=100000 width=20) (actual time=12.481..12.520 rows=1000 loops=1)
               Sort Key: s_1.a, s_1.b
               Sort Method: top-N heapsort  Memory: 130kB
               ->  Seq Scan on s_1  (cost=0.00..1637.00 rows=100000 width=20) (actual time=0.007..5.060 rows=100000 loops=1)
 Planning time: 0.272 ms
 Execution time: 12.640 ms
(8 rows)

===== 179 [Wed Mar  7 02:09:48 CET 2018] scale:100000 groups:1000 work_mem:8MB incremental:off max_workers:0 =====
SELECT * FROM s_2 ORDER BY a, b, c LIMIT 1000
                                                         QUERY PLAN                                                          
-----------------------------------------------------------------------------------------------------------------------------
 Limit  (cost=7132.39..7132.39 rows=1 width=20) (actual time=12.662..12.662 rows=0 loops=1)
   ->  Limit  (cost=7119.89..7122.39 rows=1000 width=20) (actual time=12.541..12.634 rows=1000 loops=1)
         ->  Sort  (cost=7119.89..7369.89 rows=100000 width=20) (actual time=12.541..12.579 rows=1000 loops=1)
               Sort Key: s_2.a, s_2.b, s_2.c
               Sort Method: top-N heapsort  Memory: 127kB
               ->  Seq Scan on s_2  (cost=0.00..1637.00 rows=100000 width=20) (actual time=0.010..5.085 rows=100000 loops=1)
 Planning time: 0.282 ms
 Execution time: 12.700 ms
(8 rows)

===== 180 [Wed Mar  7 02:09:49 CET 2018] scale:100000 groups:1000 work_mem:8MB incremental:off max_workers:0 =====
SELECT * FROM s_3 ORDER BY a, b, c, d LIMIT 1000
                                                         QUERY PLAN                                                          
-----------------------------------------------------------------------------------------------------------------------------
 Limit  (cost=7132.39..7132.39 rows=1 width=20) (actual time=12.572..12.572 rows=0 loops=1)
   ->  Limit  (cost=7119.89..7122.39 rows=1000 width=20) (actual time=12.451..12.545 rows=1000 loops=1)
         ->  Sort  (cost=7119.89..7369.89 rows=100000 width=20) (actual time=12.450..12.489 rows=1000 loops=1)
               Sort Key: s_3.a, s_3.b, s_3.c, s_3.d
               Sort Method: top-N heapsort  Memory: 127kB
               ->  Seq Scan on s_3  (cost=0.00..1637.00 rows=100000 width=20) (actual time=0.013..5.044 rows=100000 loops=1)
 Planning time: 0.278 ms
 Execution time: 12.612 ms
(8 rows)

===== 181 [Wed Mar  7 02:09:49 CET 2018] scale:100000 groups:1000 work_mem:16MB incremental:on max_workers:0 =====
SELECT * FROM s_1 ORDER BY a, b LIMIT 1000
                                                                        QUERY PLAN                                                                        
----------------------------------------------------------------------------------------------------------------------------------------------------------
 Limit  (cost=35.54..35.54 rows=1 width=20) (actual time=0.588..0.588 rows=0 loops=1)
   ->  Limit  (cost=7.23..25.54 rows=1000 width=20) (actual time=0.090..0.560 rows=1000 loops=1)
         ->  Incremental Sort  (cost=7.23..1838.61 rows=100000 width=20) (actual time=0.089..0.505 rows=1000 loops=1)
               Sort Key: s_1.a, s_1.b
               Presorted Key: s_1.a
               Sort Method: quicksort  Memory: 33kB
               Sort Groups: 11
               ->  Index Only Scan using s_1_a_e_d_c_b_idx on s_1  (cost=0.42..3496.42 rows=100000 width=20) (actual time=0.029..0.164 rows=1073 loops=1)
                     Heap Fetches: 0
 Planning time: 0.277 ms
 Execution time: 0.613 ms
(11 rows)

===== 182 [Wed Mar  7 02:09:49 CET 2018] scale:100000 groups:1000 work_mem:16MB incremental:on max_workers:0 =====
SELECT * FROM s_2 ORDER BY a, b, c LIMIT 1000
                                                                        QUERY PLAN                                                                        
----------------------------------------------------------------------------------------------------------------------------------------------------------
 Limit  (cost=30.94..30.94 rows=1 width=20) (actual time=0.477..0.477 rows=0 loops=1)
   ->  Limit  (cost=0.93..20.94 rows=1000 width=20) (actual time=0.075..0.449 rows=1000 loops=1)
         ->  Incremental Sort  (cost=0.93..2001.99 rows=100000 width=20) (actual time=0.075..0.394 rows=1000 loops=1)
               Sort Key: s_2.a, s_2.b, s_2.c
               Presorted Key: s_2.a, s_2.b
               Sort Method: quicksort  Memory: 27kB
               Sort Groups: 32
               ->  Index Only Scan using s_2_a_b_e_d_c_idx on s_2  (cost=0.42..3496.42 rows=100000 width=20) (actual time=0.030..0.160 rows=1029 loops=1)
                     Heap Fetches: 0
 Planning time: 0.280 ms
 Execution time: 0.504 ms
(11 rows)

===== 183 [Wed Mar  7 02:09:49 CET 2018] scale:100000 groups:1000 work_mem:16MB incremental:on max_workers:0 =====
SELECT * FROM s_3 ORDER BY a, b, c, d LIMIT 1000
                                                                        QUERY PLAN                                                                        
----------------------------------------------------------------------------------------------------------------------------------------------------------
 Limit  (cost=30.94..30.94 rows=1 width=20) (actual time=0.445..0.445 rows=0 loops=1)
   ->  Limit  (cost=0.93..20.94 rows=1000 width=20) (actual time=0.073..0.417 rows=1000 loops=1)
         ->  Incremental Sort  (cost=0.93..2001.99 rows=100000 width=20) (actual time=0.073..0.362 rows=1000 loops=1)
               Sort Key: s_3.a, s_3.b, s_3.c, s_3.d
               Presorted Key: s_3.a, s_3.b, s_3.c
               Sort Method: quicksort  Memory: 27kB
               Sort Groups: 32
               ->  Index Only Scan using s_3_a_b_c_e_d_idx on s_3  (cost=0.42..3496.42 rows=100000 width=20) (actual time=0.029..0.158 rows=1025 loops=1)
                     Heap Fetches: 0
 Planning time: 0.285 ms
 Execution time: 0.470 ms
(11 rows)

===== 184 [Wed Mar  7 02:09:49 CET 2018] scale:100000 groups:1000 work_mem:16MB incremental:off max_workers:0 =====
SELECT * FROM s_1 ORDER BY a, b LIMIT 1000
                                                         QUERY PLAN                                                          
-----------------------------------------------------------------------------------------------------------------------------
 Limit  (cost=7132.39..7132.39 rows=1 width=20) (actual time=12.593..12.593 rows=0 loops=1)
   ->  Limit  (cost=7119.89..7122.39 rows=1000 width=20) (actual time=12.469..12.564 rows=1000 loops=1)
         ->  Sort  (cost=7119.89..7369.89 rows=100000 width=20) (actual time=12.468..12.509 rows=1000 loops=1)
               Sort Key: s_1.a, s_1.b
               Sort Method: top-N heapsort  Memory: 130kB
               ->  Seq Scan on s_1  (cost=0.00..1637.00 rows=100000 width=20) (actual time=0.007..5.055 rows=100000 loops=1)
 Planning time: 0.270 ms
 Execution time: 12.632 ms
(8 rows)

===== 185 [Wed Mar  7 02:09:49 CET 2018] scale:100000 groups:1000 work_mem:16MB incremental:off max_workers:0 =====
SELECT * FROM s_2 ORDER BY a, b, c LIMIT 1000
                                                         QUERY PLAN                                                          
-----------------------------------------------------------------------------------------------------------------------------
 Limit  (cost=7132.39..7132.39 rows=1 width=20) (actual time=12.653..12.653 rows=0 loops=1)
   ->  Limit  (cost=7119.89..7122.39 rows=1000 width=20) (actual time=12.532..12.624 rows=1000 loops=1)
         ->  Sort  (cost=7119.89..7369.89 rows=100000 width=20) (actual time=12.532..12.569 rows=1000 loops=1)
               Sort Key: s_2.a, s_2.b, s_2.c
               Sort Method: top-N heapsort  Memory: 127kB
               ->  Seq Scan on s_2  (cost=0.00..1637.00 rows=100000 width=20) (actual time=0.010..5.078 rows=100000 loops=1)
 Planning time: 0.277 ms
 Execution time: 12.690 ms
(8 rows)

===== 186 [Wed Mar  7 02:09:49 CET 2018] scale:100000 groups:1000 work_mem:16MB incremental:off max_workers:0 =====
SELECT * FROM s_3 ORDER BY a, b, c, d LIMIT 1000
                                                         QUERY PLAN                                                          
-----------------------------------------------------------------------------------------------------------------------------
 Limit  (cost=7132.39..7132.39 rows=1 width=20) (actual time=12.566..12.566 rows=0 loops=1)
   ->  Limit  (cost=7119.89..7122.39 rows=1000 width=20) (actual time=12.446..12.538 rows=1000 loops=1)
         ->  Sort  (cost=7119.89..7369.89 rows=100000 width=20) (actual time=12.445..12.483 rows=1000 loops=1)
               Sort Key: s_3.a, s_3.b, s_3.c, s_3.d
               Sort Method: top-N heapsort  Memory: 127kB
               ->  Seq Scan on s_3  (cost=0.00..1637.00 rows=100000 width=20) (actual time=0.013..5.045 rows=100000 loops=1)
 Planning time: 0.288 ms
 Execution time: 12.604 ms
(8 rows)

===== 187 [Wed Mar  7 02:09:49 CET 2018] scale:100000 groups:1000 work_mem:32MB incremental:on max_workers:0 =====
SELECT * FROM s_1 ORDER BY a, b LIMIT 1000
                                                                        QUERY PLAN                                                                        
----------------------------------------------------------------------------------------------------------------------------------------------------------
 Limit  (cost=35.54..35.54 rows=1 width=20) (actual time=0.584..0.584 rows=0 loops=1)
   ->  Limit  (cost=7.23..25.54 rows=1000 width=20) (actual time=0.090..0.556 rows=1000 loops=1)
         ->  Incremental Sort  (cost=7.23..1838.61 rows=100000 width=20) (actual time=0.090..0.501 rows=1000 loops=1)
               Sort Key: s_1.a, s_1.b
               Presorted Key: s_1.a
               Sort Method: quicksort  Memory: 33kB
               Sort Groups: 11
               ->  Index Only Scan using s_1_a_e_d_c_b_idx on s_1  (cost=0.42..3496.42 rows=100000 width=20) (actual time=0.030..0.164 rows=1073 loops=1)
                     Heap Fetches: 0
 Planning time: 0.281 ms
 Execution time: 0.609 ms
(11 rows)

===== 188 [Wed Mar  7 02:09:49 CET 2018] scale:100000 groups:1000 work_mem:32MB incremental:on max_workers:0 =====
SELECT * FROM s_2 ORDER BY a, b, c LIMIT 1000
                                                                        QUERY PLAN                                                                        
----------------------------------------------------------------------------------------------------------------------------------------------------------
 Limit  (cost=30.94..30.94 rows=1 width=20) (actual time=0.478..0.478 rows=0 loops=1)
   ->  Limit  (cost=0.93..20.94 rows=1000 width=20) (actual time=0.077..0.450 rows=1000 loops=1)
         ->  Incremental Sort  (cost=0.93..2001.99 rows=100000 width=20) (actual time=0.077..0.395 rows=1000 loops=1)
               Sort Key: s_2.a, s_2.b, s_2.c
               Presorted Key: s_2.a, s_2.b
               Sort Method: quicksort  Memory: 27kB
               Sort Groups: 32
               ->  Index Only Scan using s_2_a_b_e_d_c_idx on s_2  (cost=0.42..3496.42 rows=100000 width=20) (actual time=0.030..0.160 rows=1029 loops=1)
                     Heap Fetches: 0
 Planning time: 0.279 ms
 Execution time: 0.503 ms
(11 rows)

===== 189 [Wed Mar  7 02:09:50 CET 2018] scale:100000 groups:1000 work_mem:32MB incremental:on max_workers:0 =====
SELECT * FROM s_3 ORDER BY a, b, c, d LIMIT 1000
                                                                        QUERY PLAN                                                                        
----------------------------------------------------------------------------------------------------------------------------------------------------------
 Limit  (cost=30.94..30.94 rows=1 width=20) (actual time=0.453..0.453 rows=0 loops=1)
   ->  Limit  (cost=0.93..20.94 rows=1000 width=20) (actual time=0.076..0.425 rows=1000 loops=1)
         ->  Incremental Sort  (cost=0.93..2001.99 rows=100000 width=20) (actual time=0.076..0.370 rows=1000 loops=1)
               Sort Key: s_3.a, s_3.b, s_3.c, s_3.d
               Presorted Key: s_3.a, s_3.b, s_3.c
               Sort Method: quicksort  Memory: 27kB
               Sort Groups: 32
               ->  Index Only Scan using s_3_a_b_c_e_d_idx on s_3  (cost=0.42..3496.42 rows=100000 width=20) (actual time=0.030..0.167 rows=1025 loops=1)
                     Heap Fetches: 0
 Planning time: 0.285 ms
 Execution time: 0.478 ms
(11 rows)

===== 190 [Wed Mar  7 02:09:50 CET 2018] scale:100000 groups:1000 work_mem:32MB incremental:off max_workers:0 =====
SELECT * FROM s_1 ORDER BY a, b LIMIT 1000
                                                         QUERY PLAN                                                          
-----------------------------------------------------------------------------------------------------------------------------
 Limit  (cost=7132.39..7132.39 rows=1 width=20) (actual time=12.594..12.594 rows=0 loops=1)
   ->  Limit  (cost=7119.89..7122.39 rows=1000 width=20) (actual time=12.470..12.565 rows=1000 loops=1)
         ->  Sort  (cost=7119.89..7369.89 rows=100000 width=20) (actual time=12.469..12.508 rows=1000 loops=1)
               Sort Key: s_1.a, s_1.b
               Sort Method: top-N heapsort  Memory: 130kB
               ->  Seq Scan on s_1  (cost=0.00..1637.00 rows=100000 width=20) (actual time=0.007..5.054 rows=100000 loops=1)
 Planning time: 0.269 ms
 Execution time: 12.632 ms
(8 rows)

===== 191 [Wed Mar  7 02:09:50 CET 2018] scale:100000 groups:1000 work_mem:32MB incremental:off max_workers:0 =====
SELECT * FROM s_2 ORDER BY a, b, c LIMIT 1000
                                                         QUERY PLAN                                                          
-----------------------------------------------------------------------------------------------------------------------------
 Limit  (cost=7132.39..7132.39 rows=1 width=20) (actual time=12.657..12.657 rows=0 loops=1)
   ->  Limit  (cost=7119.89..7122.39 rows=1000 width=20) (actual time=12.536..12.628 rows=1000 loops=1)
         ->  Sort  (cost=7119.89..7369.89 rows=100000 width=20) (actual time=12.535..12.574 rows=1000 loops=1)
               Sort Key: s_2.a, s_2.b, s_2.c
               Sort Method: top-N heapsort  Memory: 127kB
               ->  Seq Scan on s_2  (cost=0.00..1637.00 rows=100000 width=20) (actual time=0.010..5.084 rows=100000 loops=1)
 Planning time: 0.274 ms
 Execution time: 12.696 ms
(8 rows)

===== 192 [Wed Mar  7 02:09:50 CET 2018] scale:100000 groups:1000 work_mem:32MB incremental:off max_workers:0 =====
SELECT * FROM s_3 ORDER BY a, b, c, d LIMIT 1000
                                                         QUERY PLAN                                                          
-----------------------------------------------------------------------------------------------------------------------------
 Limit  (cost=7132.39..7132.39 rows=1 width=20) (actual time=12.584..12.584 rows=0 loops=1)
   ->  Limit  (cost=7119.89..7122.39 rows=1000 width=20) (actual time=12.463..12.555 rows=1000 loops=1)
         ->  Sort  (cost=7119.89..7369.89 rows=100000 width=20) (actual time=12.462..12.500 rows=1000 loops=1)
               Sort Key: s_3.a, s_3.b, s_3.c, s_3.d
               Sort Method: top-N heapsort  Memory: 127kB
               ->  Seq Scan on s_3  (cost=0.00..1637.00 rows=100000 width=20) (actual time=0.013..5.041 rows=100000 loops=1)
 Planning time: 0.277 ms
 Execution time: 12.621 ms
(8 rows)

===== 193 [Wed Mar  7 02:09:50 CET 2018] scale:100000 groups:1000 work_mem:64MB incremental:on max_workers:0 =====
SELECT * FROM s_1 ORDER BY a, b LIMIT 1000
                                                                        QUERY PLAN                                                                        
----------------------------------------------------------------------------------------------------------------------------------------------------------
 Limit  (cost=35.54..35.54 rows=1 width=20) (actual time=0.591..0.591 rows=0 loops=1)
   ->  Limit  (cost=7.23..25.54 rows=1000 width=20) (actual time=0.091..0.560 rows=1000 loops=1)
         ->  Incremental Sort  (cost=7.23..1838.61 rows=100000 width=20) (actual time=0.091..0.504 rows=1000 loops=1)
               Sort Key: s_1.a, s_1.b
               Presorted Key: s_1.a
               Sort Method: quicksort  Memory: 33kB
               Sort Groups: 11
               ->  Index Only Scan using s_1_a_e_d_c_b_idx on s_1  (cost=0.42..3496.42 rows=100000 width=20) (actual time=0.029..0.165 rows=1073 loops=1)
                     Heap Fetches: 0
 Planning time: 0.274 ms
 Execution time: 0.617 ms
(11 rows)

===== 194 [Wed Mar  7 02:09:50 CET 2018] scale:100000 groups:1000 work_mem:64MB incremental:on max_workers:0 =====
SELECT * FROM s_2 ORDER BY a, b, c LIMIT 1000
                                                                        QUERY PLAN                                                                        
----------------------------------------------------------------------------------------------------------------------------------------------------------
 Limit  (cost=30.94..30.94 rows=1 width=20) (actual time=0.485..0.485 rows=0 loops=1)
   ->  Limit  (cost=0.93..20.94 rows=1000 width=20) (actual time=0.076..0.457 rows=1000 loops=1)
         ->  Incremental Sort  (cost=0.93..2001.99 rows=100000 width=20) (actual time=0.076..0.402 rows=1000 loops=1)
               Sort Key: s_2.a, s_2.b, s_2.c
               Presorted Key: s_2.a, s_2.b
               Sort Method: quicksort  Memory: 27kB
               Sort Groups: 32
               ->  Index Only Scan using s_2_a_b_e_d_c_idx on s_2  (cost=0.42..3496.42 rows=100000 width=20) (actual time=0.030..0.167 rows=1029 loops=1)
                     Heap Fetches: 0
 Planning time: 0.280 ms
 Execution time: 0.511 ms
(11 rows)

===== 195 [Wed Mar  7 02:09:50 CET 2018] scale:100000 groups:1000 work_mem:64MB incremental:on max_workers:0 =====
SELECT * FROM s_3 ORDER BY a, b, c, d LIMIT 1000
                                                                        QUERY PLAN                                                                        
----------------------------------------------------------------------------------------------------------------------------------------------------------
 Limit  (cost=30.94..30.94 rows=1 width=20) (actual time=0.444..0.444 rows=0 loops=1)
   ->  Limit  (cost=0.93..20.94 rows=1000 width=20) (actual time=0.073..0.416 rows=1000 loops=1)
         ->  Incremental Sort  (cost=0.93..2001.99 rows=100000 width=20) (actual time=0.073..0.361 rows=1000 loops=1)
               Sort Key: s_3.a, s_3.b, s_3.c, s_3.d
               Presorted Key: s_3.a, s_3.b, s_3.c
               Sort Method: quicksort  Memory: 27kB
               Sort Groups: 32
               ->  Index Only Scan using s_3_a_b_c_e_d_idx on s_3  (cost=0.42..3496.42 rows=100000 width=20) (actual time=0.029..0.158 rows=1025 loops=1)
                     Heap Fetches: 0
 Planning time: 0.290 ms
 Execution time: 0.469 ms
(11 rows)

===== 196 [Wed Mar  7 02:09:50 CET 2018] scale:100000 groups:1000 work_mem:64MB incremental:off max_workers:0 =====
SELECT * FROM s_1 ORDER BY a, b LIMIT 1000
                                                         QUERY PLAN                                                          
-----------------------------------------------------------------------------------------------------------------------------
 Limit  (cost=7132.39..7132.39 rows=1 width=20) (actual time=12.596..12.596 rows=0 loops=1)
   ->  Limit  (cost=7119.89..7122.39 rows=1000 width=20) (actual time=12.472..12.566 rows=1000 loops=1)
         ->  Sort  (cost=7119.89..7369.89 rows=100000 width=20) (actual time=12.471..12.510 rows=1000 loops=1)
               Sort Key: s_1.a, s_1.b
               Sort Method: top-N heapsort  Memory: 130kB
               ->  Seq Scan on s_1  (cost=0.00..1637.00 rows=100000 width=20) (actual time=0.007..5.052 rows=100000 loops=1)
 Planning time: 0.272 ms
 Execution time: 12.634 ms
(8 rows)

===== 197 [Wed Mar  7 02:09:50 CET 2018] scale:100000 groups:1000 work_mem:64MB incremental:off max_workers:0 =====
SELECT * FROM s_2 ORDER BY a, b, c LIMIT 1000
                                                         QUERY PLAN                                                          
-----------------------------------------------------------------------------------------------------------------------------
 Limit  (cost=7132.39..7132.39 rows=1 width=20) (actual time=12.654..12.654 rows=0 loops=1)
   ->  Limit  (cost=7119.89..7122.39 rows=1000 width=20) (actual time=12.533..12.626 rows=1000 loops=1)
         ->  Sort  (cost=7119.89..7369.89 rows=100000 width=20) (actual time=12.533..12.571 rows=1000 loops=1)
               Sort Key: s_2.a, s_2.b, s_2.c
               Sort Method: top-N heapsort  Memory: 127kB
               ->  Seq Scan on s_2  (cost=0.00..1637.00 rows=100000 width=20) (actual time=0.010..5.074 rows=100000 loops=1)
 Planning time: 0.275 ms
 Execution time: 12.692 ms
(8 rows)

===== 198 [Wed Mar  7 02:09:50 CET 2018] scale:100000 groups:1000 work_mem:64MB incremental:off max_workers:0 =====
SELECT * FROM s_3 ORDER BY a, b, c, d LIMIT 1000
                                                         QUERY PLAN                                                          
-----------------------------------------------------------------------------------------------------------------------------
 Limit  (cost=7132.39..7132.39 rows=1 width=20) (actual time=12.592..12.592 rows=0 loops=1)
   ->  Limit  (cost=7119.89..7122.39 rows=1000 width=20) (actual time=12.471..12.564 rows=1000 loops=1)
         ->  Sort  (cost=7119.89..7369.89 rows=100000 width=20) (actual time=12.470..12.509 rows=1000 loops=1)
               Sort Key: s_3.a, s_3.b, s_3.c, s_3.d
               Sort Method: top-N heapsort  Memory: 127kB
               ->  Seq Scan on s_3  (cost=0.00..1637.00 rows=100000 width=20) (actual time=0.013..5.044 rows=100000 loops=1)
 Planning time: 0.280 ms
 Execution time: 12.629 ms
(8 rows)

===== 199 [Wed Mar  7 02:09:51 CET 2018] scale:100000 groups:1000 work_mem:128MB incremental:on max_workers:0 =====
SELECT * FROM s_1 ORDER BY a, b LIMIT 1000
                                                                        QUERY PLAN                                                                        
----------------------------------------------------------------------------------------------------------------------------------------------------------
 Limit  (cost=35.54..35.54 rows=1 width=20) (actual time=0.583..0.583 rows=0 loops=1)
   ->  Limit  (cost=7.23..25.54 rows=1000 width=20) (actual time=0.089..0.556 rows=1000 loops=1)
         ->  Incremental Sort  (cost=7.23..1838.61 rows=100000 width=20) (actual time=0.088..0.500 rows=1000 loops=1)
               Sort Key: s_1.a, s_1.b
               Presorted Key: s_1.a
               Sort Method: quicksort  Memory: 33kB
               Sort Groups: 11
               ->  Index Only Scan using s_1_a_e_d_c_b_idx on s_1  (cost=0.42..3496.42 rows=100000 width=20) (actual time=0.030..0.164 rows=1073 loops=1)
                     Heap Fetches: 0
 Planning time: 0.289 ms
 Execution time: 0.609 ms
(11 rows)

===== 200 [Wed Mar  7 02:09:51 CET 2018] scale:100000 groups:1000 work_mem:128MB incremental:on max_workers:0 =====
SELECT * FROM s_2 ORDER BY a, b, c LIMIT 1000
                                                                        QUERY PLAN                                                                        
----------------------------------------------------------------------------------------------------------------------------------------------------------
 Limit  (cost=30.94..30.94 rows=1 width=20) (actual time=0.485..0.485 rows=0 loops=1)
   ->  Limit  (cost=0.93..20.94 rows=1000 width=20) (actual time=0.075..0.456 rows=1000 loops=1)
         ->  Incremental Sort  (cost=0.93..2001.99 rows=100000 width=20) (actual time=0.075..0.401 rows=1000 loops=1)
               Sort Key: s_2.a, s_2.b, s_2.c
               Presorted Key: s_2.a, s_2.b
               Sort Method: quicksort  Memory: 27kB
               Sort Groups: 32
               ->  Index Only Scan using s_2_a_b_e_d_c_idx on s_2  (cost=0.42..3496.42 rows=100000 width=20) (actual time=0.030..0.161 rows=1029 loops=1)
                     Heap Fetches: 0
 Planning time: 0.280 ms
 Execution time: 0.509 ms
(11 rows)

===== 201 [Wed Mar  7 02:09:51 CET 2018] scale:100000 groups:1000 work_mem:128MB incremental:on max_workers:0 =====
SELECT * FROM s_3 ORDER BY a, b, c, d LIMIT 1000
                                                                        QUERY PLAN                                                                        
----------------------------------------------------------------------------------------------------------------------------------------------------------
 Limit  (cost=30.94..30.94 rows=1 width=20) (actual time=0.453..0.453 rows=0 loops=1)
   ->  Limit  (cost=0.93..20.94 rows=1000 width=20) (actual time=0.080..0.425 rows=1000 loops=1)
         ->  Incremental Sort  (cost=0.93..2001.99 rows=100000 width=20) (actual time=0.080..0.369 rows=1000 loops=1)
               Sort Key: s_3.a, s_3.b, s_3.c, s_3.d
               Presorted Key: s_3.a, s_3.b, s_3.c
               Sort Method: quicksort  Memory: 27kB
               Sort Groups: 32
               ->  Index Only Scan using s_3_a_b_c_e_d_idx on s_3  (cost=0.42..3496.42 rows=100000 width=20) (actual time=0.029..0.159 rows=1025 loops=1)
                     Heap Fetches: 0
 Planning time: 0.283 ms
 Execution time: 0.478 ms
(11 rows)

===== 202 [Wed Mar  7 02:09:51 CET 2018] scale:100000 groups:1000 work_mem:128MB incremental:off max_workers:0 =====
SELECT * FROM s_1 ORDER BY a, b LIMIT 1000
                                                         QUERY PLAN                                                          
-----------------------------------------------------------------------------------------------------------------------------
 Limit  (cost=7132.39..7132.39 rows=1 width=20) (actual time=12.605..12.605 rows=0 loops=1)
   ->  Limit  (cost=7119.89..7122.39 rows=1000 width=20) (actual time=12.483..12.576 rows=1000 loops=1)
         ->  Sort  (cost=7119.89..7369.89 rows=100000 width=20) (actual time=12.482..12.521 rows=1000 loops=1)
               Sort Key: s_1.a, s_1.b
               Sort Method: top-N heapsort  Memory: 130kB
               ->  Seq Scan on s_1  (cost=0.00..1637.00 rows=100000 width=20) (actual time=0.007..5.062 rows=100000 loops=1)
 Planning time: 0.271 ms
 Execution time: 12.642 ms
(8 rows)

===== 203 [Wed Mar  7 02:09:51 CET 2018] scale:100000 groups:1000 work_mem:128MB incremental:off max_workers:0 =====
SELECT * FROM s_2 ORDER BY a, b, c LIMIT 1000
                                                         QUERY PLAN                                                          
-----------------------------------------------------------------------------------------------------------------------------
 Limit  (cost=7132.39..7132.39 rows=1 width=20) (actual time=12.646..12.646 rows=0 loops=1)
   ->  Limit  (cost=7119.89..7122.39 rows=1000 width=20) (actual time=12.525..12.618 rows=1000 loops=1)
         ->  Sort  (cost=7119.89..7369.89 rows=100000 width=20) (actual time=12.524..12.562 rows=1000 loops=1)
               Sort Key: s_2.a, s_2.b, s_2.c
               Sort Method: top-N heapsort  Memory: 127kB
               ->  Seq Scan on s_2  (cost=0.00..1637.00 rows=100000 width=20) (actual time=0.011..5.070 rows=100000 loops=1)
 Planning time: 0.276 ms
 Execution time: 12.684 ms
(8 rows)

===== 204 [Wed Mar  7 02:09:51 CET 2018] scale:100000 groups:1000 work_mem:128MB incremental:off max_workers:0 =====
SELECT * FROM s_3 ORDER BY a, b, c, d LIMIT 1000
                                                         QUERY PLAN                                                          
-----------------------------------------------------------------------------------------------------------------------------
 Limit  (cost=7132.39..7132.39 rows=1 width=20) (actual time=12.571..12.571 rows=0 loops=1)
   ->  Limit  (cost=7119.89..7122.39 rows=1000 width=20) (actual time=12.451..12.543 rows=1000 loops=1)
         ->  Sort  (cost=7119.89..7369.89 rows=100000 width=20) (actual time=12.450..12.488 rows=1000 loops=1)
               Sort Key: s_3.a, s_3.b, s_3.c, s_3.d
               Sort Method: top-N heapsort  Memory: 127kB
               ->  Seq Scan on s_3  (cost=0.00..1637.00 rows=100000 width=20) (actual time=0.013..5.056 rows=100000 loops=1)
 Planning time: 0.276 ms
 Execution time: 12.610 ms
(8 rows)

===== 205 [Wed Mar  7 02:09:51 CET 2018] scale:100000 groups:1000 work_mem:256MB incremental:on max_workers:0 =====
SELECT * FROM s_1 ORDER BY a, b LIMIT 1000
                                                                        QUERY PLAN                                                                        
----------------------------------------------------------------------------------------------------------------------------------------------------------
 Limit  (cost=35.54..35.54 rows=1 width=20) (actual time=0.590..0.590 rows=0 loops=1)
   ->  Limit  (cost=7.23..25.54 rows=1000 width=20) (actual time=0.091..0.563 rows=1000 loops=1)
         ->  Incremental Sort  (cost=7.23..1838.61 rows=100000 width=20) (actual time=0.090..0.503 rows=1000 loops=1)
               Sort Key: s_1.a, s_1.b
               Presorted Key: s_1.a
               Sort Method: quicksort  Memory: 33kB
               Sort Groups: 11
               ->  Index Only Scan using s_1_a_e_d_c_b_idx on s_1  (cost=0.42..3496.42 rows=100000 width=20) (actual time=0.030..0.165 rows=1073 loops=1)
                     Heap Fetches: 0
 Planning time: 0.273 ms
 Execution time: 0.615 ms
(11 rows)

===== 206 [Wed Mar  7 02:09:51 CET 2018] scale:100000 groups:1000 work_mem:256MB incremental:on max_workers:0 =====
SELECT * FROM s_2 ORDER BY a, b, c LIMIT 1000
                                                                        QUERY PLAN                                                                        
----------------------------------------------------------------------------------------------------------------------------------------------------------
 Limit  (cost=30.94..30.94 rows=1 width=20) (actual time=0.487..0.487 rows=0 loops=1)
   ->  Limit  (cost=0.93..20.94 rows=1000 width=20) (actual time=0.077..0.459 rows=1000 loops=1)
         ->  Incremental Sort  (cost=0.93..2001.99 rows=100000 width=20) (actual time=0.077..0.404 rows=1000 loops=1)
               Sort Key: s_2.a, s_2.b, s_2.c
               Presorted Key: s_2.a, s_2.b
               Sort Method: quicksort  Memory: 27kB
               Sort Groups: 32
               ->  Index Only Scan using s_2_a_b_e_d_c_idx on s_2  (cost=0.42..3496.42 rows=100000 width=20) (actual time=0.030..0.161 rows=1029 loops=1)
                     Heap Fetches: 0
 Planning time: 0.278 ms
 Execution time: 0.512 ms
(11 rows)

===== 207 [Wed Mar  7 02:09:51 CET 2018] scale:100000 groups:1000 work_mem:256MB incremental:on max_workers:0 =====
SELECT * FROM s_3 ORDER BY a, b, c, d LIMIT 1000
                                                                        QUERY PLAN                                                                        
----------------------------------------------------------------------------------------------------------------------------------------------------------
 Limit  (cost=30.94..30.94 rows=1 width=20) (actual time=0.444..0.444 rows=0 loops=1)
   ->  Limit  (cost=0.93..20.94 rows=1000 width=20) (actual time=0.076..0.416 rows=1000 loops=1)
         ->  Incremental Sort  (cost=0.93..2001.99 rows=100000 width=20) (actual time=0.076..0.361 rows=1000 loops=1)
               Sort Key: s_3.a, s_3.b, s_3.c, s_3.d
               Presorted Key: s_3.a, s_3.b, s_3.c
               Sort Method: quicksort  Memory: 27kB
               Sort Groups: 32
               ->  Index Only Scan using s_3_a_b_c_e_d_idx on s_3  (cost=0.42..3496.42 rows=100000 width=20) (actual time=0.030..0.158 rows=1025 loops=1)
                     Heap Fetches: 0
 Planning time: 0.291 ms
 Execution time: 0.470 ms
(11 rows)

===== 208 [Wed Mar  7 02:09:52 CET 2018] scale:100000 groups:1000 work_mem:256MB incremental:off max_workers:0 =====
SELECT * FROM s_1 ORDER BY a, b LIMIT 1000
                                                         QUERY PLAN                                                          
-----------------------------------------------------------------------------------------------------------------------------
 Limit  (cost=7132.39..7132.39 rows=1 width=20) (actual time=12.600..12.600 rows=0 loops=1)
   ->  Limit  (cost=7119.89..7122.39 rows=1000 width=20) (actual time=12.478..12.572 rows=1000 loops=1)
         ->  Sort  (cost=7119.89..7369.89 rows=100000 width=20) (actual time=12.478..12.516 rows=1000 loops=1)
               Sort Key: s_1.a, s_1.b
               Sort Method: top-N heapsort  Memory: 130kB
               ->  Seq Scan on s_1  (cost=0.00..1637.00 rows=100000 width=20) (actual time=0.007..5.058 rows=100000 loops=1)
 Planning time: 0.274 ms
 Execution time: 12.638 ms
(8 rows)

===== 209 [Wed Mar  7 02:09:52 CET 2018] scale:100000 groups:1000 work_mem:256MB incremental:off max_workers:0 =====
SELECT * FROM s_2 ORDER BY a, b, c LIMIT 1000
                                                         QUERY PLAN                                                          
-----------------------------------------------------------------------------------------------------------------------------
 Limit  (cost=7132.39..7132.39 rows=1 width=20) (actual time=12.647..12.647 rows=0 loops=1)
   ->  Limit  (cost=7119.89..7122.39 rows=1000 width=20) (actual time=12.527..12.619 rows=1000 loops=1)
         ->  Sort  (cost=7119.89..7369.89 rows=100000 width=20) (actual time=12.526..12.564 rows=1000 loops=1)
               Sort Key: s_2.a, s_2.b, s_2.c
               Sort Method: top-N heapsort  Memory: 127kB
               ->  Seq Scan on s_2  (cost=0.00..1637.00 rows=100000 width=20) (actual time=0.010..5.066 rows=100000 loops=1)
 Planning time: 0.283 ms
 Execution time: 12.686 ms
(8 rows)

===== 210 [Wed Mar  7 02:09:52 CET 2018] scale:100000 groups:1000 work_mem:256MB incremental:off max_workers:0 =====
SELECT * FROM s_3 ORDER BY a, b, c, d LIMIT 1000
                                                         QUERY PLAN                                                          
-----------------------------------------------------------------------------------------------------------------------------
 Limit  (cost=7132.39..7132.39 rows=1 width=20) (actual time=12.594..12.594 rows=0 loops=1)
   ->  Limit  (cost=7119.89..7122.39 rows=1000 width=20) (actual time=12.473..12.566 rows=1000 loops=1)
         ->  Sort  (cost=7119.89..7369.89 rows=100000 width=20) (actual time=12.473..12.511 rows=1000 loops=1)
               Sort Key: s_3.a, s_3.b, s_3.c, s_3.d
               Sort Method: top-N heapsort  Memory: 127kB
               ->  Seq Scan on s_3  (cost=0.00..1637.00 rows=100000 width=20) (actual time=0.013..5.059 rows=100000 loops=1)
 Planning time: 0.279 ms
 Execution time: 12.632 ms
(8 rows)

===== 211 [Wed Mar  7 02:09:52 CET 2018] scale:100000 groups:1000 work_mem:4MB incremental:on max_workers:2 =====
SELECT * FROM s_1 ORDER BY a, b LIMIT 1000
                                                                        QUERY PLAN                                                                        
----------------------------------------------------------------------------------------------------------------------------------------------------------
 Limit  (cost=35.54..35.54 rows=1 width=20) (actual time=0.592..0.592 rows=0 loops=1)
   ->  Limit  (cost=7.23..25.54 rows=1000 width=20) (actual time=0.090..0.563 rows=1000 loops=1)
         ->  Incremental Sort  (cost=7.23..1838.61 rows=100000 width=20) (actual time=0.090..0.509 rows=1000 loops=1)
               Sort Key: s_1.a, s_1.b
               Presorted Key: s_1.a
               Sort Method: quicksort  Memory: 33kB
               Sort Groups: 11
               ->  Index Only Scan using s_1_a_e_d_c_b_idx on s_1  (cost=0.42..3496.42 rows=100000 width=20) (actual time=0.029..0.164 rows=1073 loops=1)
                     Heap Fetches: 0
 Planning time: 0.274 ms
 Execution time: 0.617 ms
(11 rows)

===== 212 [Wed Mar  7 02:09:52 CET 2018] scale:100000 groups:1000 work_mem:4MB incremental:on max_workers:2 =====
SELECT * FROM s_2 ORDER BY a, b, c LIMIT 1000
                                                                        QUERY PLAN                                                                        
----------------------------------------------------------------------------------------------------------------------------------------------------------
 Limit  (cost=30.94..30.94 rows=1 width=20) (actual time=0.478..0.478 rows=0 loops=1)
   ->  Limit  (cost=0.93..20.94 rows=1000 width=20) (actual time=0.076..0.449 rows=1000 loops=1)
         ->  Incremental Sort  (cost=0.93..2001.99 rows=100000 width=20) (actual time=0.075..0.394 rows=1000 loops=1)
               Sort Key: s_2.a, s_2.b, s_2.c
               Presorted Key: s_2.a, s_2.b
               Sort Method: quicksort  Memory: 27kB
               Sort Groups: 32
               ->  Index Only Scan using s_2_a_b_e_d_c_idx on s_2  (cost=0.42..3496.42 rows=100000 width=20) (actual time=0.030..0.160 rows=1029 loops=1)
                     Heap Fetches: 0
 Planning time: 0.291 ms
 Execution time: 0.508 ms
(11 rows)

===== 213 [Wed Mar  7 02:09:52 CET 2018] scale:100000 groups:1000 work_mem:4MB incremental:on max_workers:2 =====
SELECT * FROM s_3 ORDER BY a, b, c, d LIMIT 1000
                                                                        QUERY PLAN                                                                        
----------------------------------------------------------------------------------------------------------------------------------------------------------
 Limit  (cost=30.94..30.94 rows=1 width=20) (actual time=0.445..0.445 rows=0 loops=1)
   ->  Limit  (cost=0.93..20.94 rows=1000 width=20) (actual time=0.073..0.417 rows=1000 loops=1)
         ->  Incremental Sort  (cost=0.93..2001.99 rows=100000 width=20) (actual time=0.073..0.361 rows=1000 loops=1)
               Sort Key: s_3.a, s_3.b, s_3.c, s_3.d
               Presorted Key: s_3.a, s_3.b, s_3.c
               Sort Method: quicksort  Memory: 27kB
               Sort Groups: 32
               ->  Index Only Scan using s_3_a_b_c_e_d_idx on s_3  (cost=0.42..3496.42 rows=100000 width=20) (actual time=0.029..0.158 rows=1025 loops=1)
                     Heap Fetches: 0
 Planning time: 0.289 ms
 Execution time: 0.470 ms
(11 rows)

===== 214 [Wed Mar  7 02:09:52 CET 2018] scale:100000 groups:1000 work_mem:4MB incremental:off max_workers:2 =====
SELECT * FROM s_1 ORDER BY a, b LIMIT 1000
                                                                               QUERY PLAN                                                                                
-------------------------------------------------------------------------------------------------------------------------------------------------------------------------
 Limit  (cost=6324.34..6324.34 rows=1 width=20) (actual time=10.778..10.778 rows=0 loops=1)
   ->  Limit  (cost=6197.66..6314.34 rows=1000 width=20) (actual time=10.544..10.744 rows=1000 loops=1)
         ->  Gather Merge  (cost=6197.66..15920.64 rows=83334 width=20) (actual time=10.544..10.682 rows=1000 loops=1)
               Workers Planned: 2
               Workers Launched: 2
               ->  Sort  (cost=5197.64..5301.81 rows=41667 width=20) (actual time=9.034..9.075 rows=1000 loops=3)
                     Sort Key: s_1.a, s_1.b
                     Sort Method: top-N heapsort  Memory: 129kB
                     Worker 0:  Sort Method: top-N heapsort  Memory: 127kB
                     Worker 1:  Sort Method: top-N heapsort  Memory: 128kB
                     ->  Parallel Index Only Scan using s_1_a_e_d_c_b_idx on s_1  (cost=0.42..2913.08 rows=41667 width=20) (actual time=0.039..5.119 rows=33333 loops=3)
                           Heap Fetches: 0
 Planning time: 0.292 ms
 Execution time: 11.409 ms
(14 rows)

===== 215 [Wed Mar  7 02:09:52 CET 2018] scale:100000 groups:1000 work_mem:4MB incremental:off max_workers:2 =====
SELECT * FROM s_2 ORDER BY a, b, c LIMIT 1000
                                                                               QUERY PLAN                                                                                
-------------------------------------------------------------------------------------------------------------------------------------------------------------------------
 Limit  (cost=6324.34..6324.34 rows=1 width=20) (actual time=10.869..10.869 rows=0 loops=1)
   ->  Limit  (cost=6197.66..6314.34 rows=1000 width=20) (actual time=10.640..10.838 rows=1000 loops=1)
         ->  Gather Merge  (cost=6197.66..15920.64 rows=83334 width=20) (actual time=10.639..10.779 rows=1000 loops=1)
               Workers Planned: 2
               Workers Launched: 2
               ->  Sort  (cost=5197.64..5301.81 rows=41667 width=20) (actual time=9.085..9.125 rows=1000 loops=3)
                     Sort Key: s_2.a, s_2.b, s_2.c
                     Sort Method: top-N heapsort  Memory: 127kB
                     Worker 0:  Sort Method: top-N heapsort  Memory: 127kB
                     Worker 1:  Sort Method: top-N heapsort  Memory: 127kB
                     ->  Parallel Index Only Scan using s_2_a_b_e_d_c_idx on s_2  (cost=0.42..2913.08 rows=41667 width=20) (actual time=0.040..5.123 rows=33333 loops=3)
                           Heap Fetches: 0
 Planning time: 0.284 ms
 Execution time: 11.491 ms
(14 rows)

===== 216 [Wed Mar  7 02:09:52 CET 2018] scale:100000 groups:1000 work_mem:4MB incremental:off max_workers:2 =====
SELECT * FROM s_3 ORDER BY a, b, c, d LIMIT 1000
                                                                               QUERY PLAN                                                                                
-------------------------------------------------------------------------------------------------------------------------------------------------------------------------
 Limit  (cost=6324.34..6324.34 rows=1 width=20) (actual time=10.873..10.873 rows=0 loops=1)
   ->  Limit  (cost=6197.66..6314.34 rows=1000 width=20) (actual time=10.644..10.844 rows=1000 loops=1)
         ->  Gather Merge  (cost=6197.66..15920.64 rows=83334 width=20) (actual time=10.643..10.784 rows=1000 loops=1)
               Workers Planned: 2
               Workers Launched: 2
               ->  Sort  (cost=5197.64..5301.81 rows=41667 width=20) (actual time=9.119..9.159 rows=1000 loops=3)
                     Sort Key: s_3.a, s_3.b, s_3.c, s_3.d
                     Sort Method: top-N heapsort  Memory: 127kB
                     Worker 0:  Sort Method: top-N heapsort  Memory: 127kB
                     Worker 1:  Sort Method: top-N heapsort  Memory: 127kB
                     ->  Parallel Index Only Scan using s_3_a_b_c_e_d_idx on s_3  (cost=0.42..2913.08 rows=41667 width=20) (actual time=0.045..5.156 rows=33333 loops=3)
                           Heap Fetches: 0
 Planning time: 0.292 ms
 Execution time: 11.574 ms
(14 rows)

===== 217 [Wed Mar  7 02:09:53 CET 2018] scale:100000 groups:1000 work_mem:8MB incremental:on max_workers:2 =====
SELECT * FROM s_1 ORDER BY a, b LIMIT 1000
                                                                        QUERY PLAN                                                                        
----------------------------------------------------------------------------------------------------------------------------------------------------------
 Limit  (cost=35.54..35.54 rows=1 width=20) (actual time=0.590..0.590 rows=0 loops=1)
   ->  Limit  (cost=7.23..25.54 rows=1000 width=20) (actual time=0.091..0.562 rows=1000 loops=1)
         ->  Incremental Sort  (cost=7.23..1838.61 rows=100000 width=20) (actual time=0.091..0.507 rows=1000 loops=1)
               Sort Key: s_1.a, s_1.b
               Presorted Key: s_1.a
               Sort Method: quicksort  Memory: 33kB
               Sort Groups: 11
               ->  Index Only Scan using s_1_a_e_d_c_b_idx on s_1  (cost=0.42..3496.42 rows=100000 width=20) (actual time=0.030..0.165 rows=1073 loops=1)
                     Heap Fetches: 0
 Planning time: 0.278 ms
 Execution time: 0.616 ms
(11 rows)

===== 218 [Wed Mar  7 02:09:53 CET 2018] scale:100000 groups:1000 work_mem:8MB incremental:on max_workers:2 =====
SELECT * FROM s_2 ORDER BY a, b, c LIMIT 1000
                                                                        QUERY PLAN                                                                        
----------------------------------------------------------------------------------------------------------------------------------------------------------
 Limit  (cost=30.94..30.94 rows=1 width=20) (actual time=0.478..0.478 rows=0 loops=1)
   ->  Limit  (cost=0.93..20.94 rows=1000 width=20) (actual time=0.077..0.450 rows=1000 loops=1)
         ->  Incremental Sort  (cost=0.93..2001.99 rows=100000 width=20) (actual time=0.076..0.395 rows=1000 loops=1)
               Sort Key: s_2.a, s_2.b, s_2.c
               Presorted Key: s_2.a, s_2.b
               Sort Method: quicksort  Memory: 27kB
               Sort Groups: 32
               ->  Index Only Scan using s_2_a_b_e_d_c_idx on s_2  (cost=0.42..3496.42 rows=100000 width=20) (actual time=0.030..0.160 rows=1029 loops=1)
                     Heap Fetches: 0
 Planning time: 0.283 ms
 Execution time: 0.507 ms
(11 rows)

===== 219 [Wed Mar  7 02:09:53 CET 2018] scale:100000 groups:1000 work_mem:8MB incremental:on max_workers:2 =====
SELECT * FROM s_3 ORDER BY a, b, c, d LIMIT 1000
                                                                        QUERY PLAN                                                                        
----------------------------------------------------------------------------------------------------------------------------------------------------------
 Limit  (cost=30.94..30.94 rows=1 width=20) (actual time=0.445..0.445 rows=0 loops=1)
   ->  Limit  (cost=0.93..20.94 rows=1000 width=20) (actual time=0.074..0.417 rows=1000 loops=1)
         ->  Incremental Sort  (cost=0.93..2001.99 rows=100000 width=20) (actual time=0.073..0.362 rows=1000 loops=1)
               Sort Key: s_3.a, s_3.b, s_3.c, s_3.d
               Presorted Key: s_3.a, s_3.b, s_3.c
               Sort Method: quicksort  Memory: 27kB
               Sort Groups: 32
               ->  Index Only Scan using s_3_a_b_c_e_d_idx on s_3  (cost=0.42..3496.42 rows=100000 width=20) (actual time=0.029..0.158 rows=1025 loops=1)
                     Heap Fetches: 0
 Planning time: 0.287 ms
 Execution time: 0.471 ms
(11 rows)

===== 220 [Wed Mar  7 02:09:53 CET 2018] scale:100000 groups:1000 work_mem:8MB incremental:off max_workers:2 =====
SELECT * FROM s_1 ORDER BY a, b LIMIT 1000
                                                                               QUERY PLAN                                                                                
-------------------------------------------------------------------------------------------------------------------------------------------------------------------------
 Limit  (cost=6324.34..6324.34 rows=1 width=20) (actual time=9.921..9.921 rows=0 loops=1)
   ->  Limit  (cost=6197.66..6314.34 rows=1000 width=20) (actual time=9.686..9.892 rows=1000 loops=1)
         ->  Gather Merge  (cost=6197.66..15920.64 rows=83334 width=20) (actual time=9.685..9.828 rows=1000 loops=1)
               Workers Planned: 2
               Workers Launched: 2
               ->  Sort  (cost=5197.64..5301.81 rows=41667 width=20) (actual time=8.220..8.261 rows=1000 loops=3)
                     Sort Key: s_1.a, s_1.b
                     Sort Method: top-N heapsort  Memory: 129kB
                     Worker 0:  Sort Method: top-N heapsort  Memory: 128kB
                     Worker 1:  Sort Method: top-N heapsort  Memory: 128kB
                     ->  Parallel Index Only Scan using s_1_a_e_d_c_b_idx on s_1  (cost=0.42..2913.08 rows=41667 width=20) (actual time=0.027..4.342 rows=33333 loops=3)
                           Heap Fetches: 0
 Planning time: 0.281 ms
 Execution time: 10.551 ms
(14 rows)

===== 221 [Wed Mar  7 02:09:53 CET 2018] scale:100000 groups:1000 work_mem:8MB incremental:off max_workers:2 =====
SELECT * FROM s_2 ORDER BY a, b, c LIMIT 1000
                                                                               QUERY PLAN                                                                                
-------------------------------------------------------------------------------------------------------------------------------------------------------------------------
 Limit  (cost=6324.34..6324.34 rows=1 width=20) (actual time=10.039..10.039 rows=0 loops=1)
   ->  Limit  (cost=6197.66..6314.34 rows=1000 width=20) (actual time=9.807..10.010 rows=1000 loops=1)
         ->  Gather Merge  (cost=6197.66..15920.64 rows=83334 width=20) (actual time=9.807..9.947 rows=1000 loops=1)
               Workers Planned: 2
               Workers Launched: 2
               ->  Sort  (cost=5197.64..5301.81 rows=41667 width=20) (actual time=8.267..8.308 rows=1000 loops=3)
                     Sort Key: s_2.a, s_2.b, s_2.c
                     Sort Method: top-N heapsort  Memory: 127kB
                     Worker 0:  Sort Method: top-N heapsort  Memory: 127kB
                     Worker 1:  Sort Method: top-N heapsort  Memory: 127kB
                     ->  Parallel Index Only Scan using s_2_a_b_e_d_c_idx on s_2  (cost=0.42..2913.08 rows=41667 width=20) (actual time=0.028..4.343 rows=33333 loops=3)
                           Heap Fetches: 0
 Planning time: 0.288 ms
 Execution time: 10.679 ms
(14 rows)

===== 222 [Wed Mar  7 02:09:53 CET 2018] scale:100000 groups:1000 work_mem:8MB incremental:off max_workers:2 =====
SELECT * FROM s_3 ORDER BY a, b, c, d LIMIT 1000
                                                                               QUERY PLAN                                                                                
-------------------------------------------------------------------------------------------------------------------------------------------------------------------------
 Limit  (cost=6324.34..6324.34 rows=1 width=20) (actual time=10.006..10.006 rows=0 loops=1)
   ->  Limit  (cost=6197.66..6314.34 rows=1000 width=20) (actual time=9.774..9.977 rows=1000 loops=1)
         ->  Gather Merge  (cost=6197.66..15920.64 rows=83334 width=20) (actual time=9.773..9.915 rows=1000 loops=1)
               Workers Planned: 2
               Workers Launched: 2
               ->  Sort  (cost=5197.64..5301.81 rows=41667 width=20) (actual time=8.284..8.325 rows=1000 loops=3)
                     Sort Key: s_3.a, s_3.b, s_3.c, s_3.d
                     Sort Method: top-N heapsort  Memory: 127kB
                     Worker 0:  Sort Method: top-N heapsort  Memory: 127kB
                     Worker 1:  Sort Method: top-N heapsort  Memory: 127kB
                     ->  Parallel Index Only Scan using s_3_a_b_c_e_d_idx on s_3  (cost=0.42..2913.08 rows=41667 width=20) (actual time=0.028..4.346 rows=33333 loops=3)
                           Heap Fetches: 0
 Planning time: 0.291 ms
 Execution time: 10.643 ms
(14 rows)

===== 223 [Wed Mar  7 02:09:53 CET 2018] scale:100000 groups:1000 work_mem:16MB incremental:on max_workers:2 =====
SELECT * FROM s_1 ORDER BY a, b LIMIT 1000
                                                                        QUERY PLAN                                                                        
----------------------------------------------------------------------------------------------------------------------------------------------------------
 Limit  (cost=35.54..35.54 rows=1 width=20) (actual time=0.589..0.589 rows=0 loops=1)
   ->  Limit  (cost=7.23..25.54 rows=1000 width=20) (actual time=0.088..0.560 rows=1000 loops=1)
         ->  Incremental Sort  (cost=7.23..1838.61 rows=100000 width=20) (actual time=0.088..0.506 rows=1000 loops=1)
               Sort Key: s_1.a, s_1.b
               Presorted Key: s_1.a
               Sort Method: quicksort  Memory: 33kB
               Sort Groups: 11
               ->  Index Only Scan using s_1_a_e_d_c_b_idx on s_1  (cost=0.42..3496.42 rows=100000 width=20) (actual time=0.029..0.165 rows=1073 loops=1)
                     Heap Fetches: 0
 Planning time: 0.277 ms
 Execution time: 0.614 ms
(11 rows)

===== 224 [Wed Mar  7 02:09:53 CET 2018] scale:100000 groups:1000 work_mem:16MB incremental:on max_workers:2 =====
SELECT * FROM s_2 ORDER BY a, b, c LIMIT 1000
                                                                        QUERY PLAN                                                                        
----------------------------------------------------------------------------------------------------------------------------------------------------------
 Limit  (cost=30.94..30.94 rows=1 width=20) (actual time=0.477..0.477 rows=0 loops=1)
   ->  Limit  (cost=0.93..20.94 rows=1000 width=20) (actual time=0.075..0.449 rows=1000 loops=1)
         ->  Incremental Sort  (cost=0.93..2001.99 rows=100000 width=20) (actual time=0.075..0.394 rows=1000 loops=1)
               Sort Key: s_2.a, s_2.b, s_2.c
               Presorted Key: s_2.a, s_2.b
               Sort Method: quicksort  Memory: 27kB
               Sort Groups: 32
               ->  Index Only Scan using s_2_a_b_e_d_c_idx on s_2  (cost=0.42..3496.42 rows=100000 width=20) (actual time=0.029..0.159 rows=1029 loops=1)
                     Heap Fetches: 0
 Planning time: 0.283 ms
 Execution time: 0.507 ms
(11 rows)

===== 225 [Wed Mar  7 02:09:53 CET 2018] scale:100000 groups:1000 work_mem:16MB incremental:on max_workers:2 =====
SELECT * FROM s_3 ORDER BY a, b, c, d LIMIT 1000
                                                                        QUERY PLAN                                                                        
----------------------------------------------------------------------------------------------------------------------------------------------------------
 Limit  (cost=30.94..30.94 rows=1 width=20) (actual time=0.451..0.451 rows=0 loops=1)
   ->  Limit  (cost=0.93..20.94 rows=1000 width=20) (actual time=0.080..0.423 rows=1000 loops=1)
         ->  Incremental Sort  (cost=0.93..2001.99 rows=100000 width=20) (actual time=0.080..0.368 rows=1000 loops=1)
               Sort Key: s_3.a, s_3.b, s_3.c, s_3.d
               Presorted Key: s_3.a, s_3.b, s_3.c
               Sort Method: quicksort  Memory: 27kB
               Sort Groups: 32
               ->  Index Only Scan using s_3_a_b_c_e_d_idx on s_3  (cost=0.42..3496.42 rows=100000 width=20) (actual time=0.036..0.165 rows=1025 loops=1)
                     Heap Fetches: 0
 Planning time: 0.287 ms
 Execution time: 0.478 ms
(11 rows)

===== 226 [Wed Mar  7 02:09:53 CET 2018] scale:100000 groups:1000 work_mem:16MB incremental:off max_workers:2 =====
SELECT * FROM s_1 ORDER BY a, b LIMIT 1000
                                                                               QUERY PLAN                                                                                
-------------------------------------------------------------------------------------------------------------------------------------------------------------------------
 Limit  (cost=6324.34..6324.34 rows=1 width=20) (actual time=9.985..9.985 rows=0 loops=1)
   ->  Limit  (cost=6197.66..6314.34 rows=1000 width=20) (actual time=9.753..9.956 rows=1000 loops=1)
         ->  Gather Merge  (cost=6197.66..15920.64 rows=83334 width=20) (actual time=9.753..9.893 rows=1000 loops=1)
               Workers Planned: 2
               Workers Launched: 2
               ->  Sort  (cost=5197.64..5301.81 rows=41667 width=20) (actual time=8.228..8.269 rows=1000 loops=3)
                     Sort Key: s_1.a, s_1.b
                     Sort Method: top-N heapsort  Memory: 129kB
                     Worker 0:  Sort Method: top-N heapsort  Memory: 128kB
                     Worker 1:  Sort Method: top-N heapsort  Memory: 128kB
                     ->  Parallel Index Only Scan using s_1_a_e_d_c_b_idx on s_1  (cost=0.42..2913.08 rows=41667 width=20) (actual time=0.028..4.341 rows=33333 loops=3)
                           Heap Fetches: 0
 Planning time: 0.277 ms
 Execution time: 10.641 ms
(14 rows)

===== 227 [Wed Mar  7 02:09:54 CET 2018] scale:100000 groups:1000 work_mem:16MB incremental:off max_workers:2 =====
SELECT * FROM s_2 ORDER BY a, b, c LIMIT 1000
                                                                               QUERY PLAN                                                                                
-------------------------------------------------------------------------------------------------------------------------------------------------------------------------
 Limit  (cost=6324.34..6324.34 rows=1 width=20) (actual time=10.034..10.034 rows=0 loops=1)
   ->  Limit  (cost=6197.66..6314.34 rows=1000 width=20) (actual time=9.801..10.000 rows=1000 loops=1)
         ->  Gather Merge  (cost=6197.66..15920.64 rows=83334 width=20) (actual time=9.800..9.940 rows=1000 loops=1)
               Workers Planned: 2
               Workers Launched: 2
               ->  Sort  (cost=5197.64..5301.81 rows=41667 width=20) (actual time=8.279..8.320 rows=1000 loops=3)
                     Sort Key: s_2.a, s_2.b, s_2.c
                     Sort Method: top-N heapsort  Memory: 127kB
                     Worker 0:  Sort Method: top-N heapsort  Memory: 127kB
                     Worker 1:  Sort Method: top-N heapsort  Memory: 127kB
                     ->  Parallel Index Only Scan using s_2_a_b_e_d_c_idx on s_2  (cost=0.42..2913.08 rows=41667 width=20) (actual time=0.027..4.362 rows=33333 loops=3)
                           Heap Fetches: 0
 Planning time: 0.292 ms
 Execution time: 10.642 ms
(14 rows)

===== 228 [Wed Mar  7 02:09:54 CET 2018] scale:100000 groups:1000 work_mem:16MB incremental:off max_workers:2 =====
SELECT * FROM s_3 ORDER BY a, b, c, d LIMIT 1000
                                                                               QUERY PLAN                                                                                
-------------------------------------------------------------------------------------------------------------------------------------------------------------------------
 Limit  (cost=6324.34..6324.34 rows=1 width=20) (actual time=10.015..10.015 rows=0 loops=1)
   ->  Limit  (cost=6197.66..6314.34 rows=1000 width=20) (actual time=9.784..9.986 rows=1000 loops=1)
         ->  Gather Merge  (cost=6197.66..15920.64 rows=83334 width=20) (actual time=9.783..9.922 rows=1000 loops=1)
               Workers Planned: 2
               Workers Launched: 2
               ->  Sort  (cost=5197.64..5301.81 rows=41667 width=20) (actual time=8.260..8.300 rows=1000 loops=3)
                     Sort Key: s_3.a, s_3.b, s_3.c, s_3.d
                     Sort Method: top-N heapsort  Memory: 127kB
                     Worker 0:  Sort Method: top-N heapsort  Memory: 127kB
                     Worker 1:  Sort Method: top-N heapsort  Memory: 127kB
                     ->  Parallel Index Only Scan using s_3_a_b_c_e_d_idx on s_3  (cost=0.42..2913.08 rows=41667 width=20) (actual time=0.027..4.335 rows=33333 loops=3)
                           Heap Fetches: 0
 Planning time: 0.288 ms
 Execution time: 10.687 ms
(14 rows)

===== 229 [Wed Mar  7 02:09:54 CET 2018] scale:100000 groups:1000 work_mem:32MB incremental:on max_workers:2 =====
SELECT * FROM s_1 ORDER BY a, b LIMIT 1000
                                                                        QUERY PLAN                                                                        
----------------------------------------------------------------------------------------------------------------------------------------------------------
 Limit  (cost=35.54..35.54 rows=1 width=20) (actual time=0.588..0.588 rows=0 loops=1)
   ->  Limit  (cost=7.23..25.54 rows=1000 width=20) (actual time=0.089..0.560 rows=1000 loops=1)
         ->  Incremental Sort  (cost=7.23..1838.61 rows=100000 width=20) (actual time=0.089..0.505 rows=1000 loops=1)
               Sort Key: s_1.a, s_1.b
               Presorted Key: s_1.a
               Sort Method: quicksort  Memory: 33kB
               Sort Groups: 11
               ->  Index Only Scan using s_1_a_e_d_c_b_idx on s_1  (cost=0.42..3496.42 rows=100000 width=20) (actual time=0.030..0.165 rows=1073 loops=1)
                     Heap Fetches: 0
 Planning time: 0.281 ms
 Execution time: 0.616 ms
(11 rows)

===== 230 [Wed Mar  7 02:09:54 CET 2018] scale:100000 groups:1000 work_mem:32MB incremental:on max_workers:2 =====
SELECT * FROM s_2 ORDER BY a, b, c LIMIT 1000
                                                                        QUERY PLAN                                                                        
----------------------------------------------------------------------------------------------------------------------------------------------------------
 Limit  (cost=30.94..30.94 rows=1 width=20) (actual time=0.480..0.480 rows=0 loops=1)
   ->  Limit  (cost=0.93..20.94 rows=1000 width=20) (actual time=0.079..0.452 rows=1000 loops=1)
         ->  Incremental Sort  (cost=0.93..2001.99 rows=100000 width=20) (actual time=0.079..0.397 rows=1000 loops=1)
               Sort Key: s_2.a, s_2.b, s_2.c
               Presorted Key: s_2.a, s_2.b
               Sort Method: quicksort  Memory: 27kB
               Sort Groups: 32
               ->  Index Only Scan using s_2_a_b_e_d_c_idx on s_2  (cost=0.42..3496.42 rows=100000 width=20) (actual time=0.030..0.160 rows=1029 loops=1)
                     Heap Fetches: 0
 Planning time: 0.293 ms
 Execution time: 0.509 ms
(11 rows)

===== 231 [Wed Mar  7 02:09:54 CET 2018] scale:100000 groups:1000 work_mem:32MB incremental:on max_workers:2 =====
SELECT * FROM s_3 ORDER BY a, b, c, d LIMIT 1000
                                                                        QUERY PLAN                                                                        
----------------------------------------------------------------------------------------------------------------------------------------------------------
 Limit  (cost=30.94..30.94 rows=1 width=20) (actual time=0.445..0.445 rows=0 loops=1)
   ->  Limit  (cost=0.93..20.94 rows=1000 width=20) (actual time=0.073..0.417 rows=1000 loops=1)
         ->  Incremental Sort  (cost=0.93..2001.99 rows=100000 width=20) (actual time=0.073..0.361 rows=1000 loops=1)
               Sort Key: s_3.a, s_3.b, s_3.c, s_3.d
               Presorted Key: s_3.a, s_3.b, s_3.c
               Sort Method: quicksort  Memory: 27kB
               Sort Groups: 32
               ->  Index Only Scan using s_3_a_b_c_e_d_idx on s_3  (cost=0.42..3496.42 rows=100000 width=20) (actual time=0.029..0.158 rows=1025 loops=1)
                     Heap Fetches: 0
 Planning time: 0.293 ms
 Execution time: 0.471 ms
(11 rows)

===== 232 [Wed Mar  7 02:09:54 CET 2018] scale:100000 groups:1000 work_mem:32MB incremental:off max_workers:2 =====
SELECT * FROM s_1 ORDER BY a, b LIMIT 1000
                                                                               QUERY PLAN                                                                                
-------------------------------------------------------------------------------------------------------------------------------------------------------------------------
 Limit  (cost=6324.34..6324.34 rows=1 width=20) (actual time=9.929..9.929 rows=0 loops=1)
   ->  Limit  (cost=6197.66..6314.34 rows=1000 width=20) (actual time=9.699..9.901 rows=1000 loops=1)
         ->  Gather Merge  (cost=6197.66..15920.64 rows=83334 width=20) (actual time=9.698..9.837 rows=1000 loops=1)
               Workers Planned: 2
               Workers Launched: 2
               ->  Sort  (cost=5197.64..5301.81 rows=41667 width=20) (actual time=8.241..8.282 rows=1000 loops=3)
                     Sort Key: s_1.a, s_1.b
                     Sort Method: top-N heapsort  Memory: 129kB
                     Worker 0:  Sort Method: top-N heapsort  Memory: 128kB
                     Worker 1:  Sort Method: top-N heapsort  Memory: 128kB
                     ->  Parallel Index Only Scan using s_1_a_e_d_c_b_idx on s_1  (cost=0.42..2913.08 rows=41667 width=20) (actual time=0.027..4.352 rows=33333 loops=3)
                           Heap Fetches: 0
 Planning time: 0.288 ms
 Execution time: 10.573 ms
(14 rows)

===== 233 [Wed Mar  7 02:09:54 CET 2018] scale:100000 groups:1000 work_mem:32MB incremental:off max_workers:2 =====
SELECT * FROM s_2 ORDER BY a, b, c LIMIT 1000
                                                                               QUERY PLAN                                                                                
-------------------------------------------------------------------------------------------------------------------------------------------------------------------------
 Limit  (cost=6324.34..6324.34 rows=1 width=20) (actual time=10.022..10.022 rows=0 loops=1)
   ->  Limit  (cost=6197.66..6314.34 rows=1000 width=20) (actual time=9.794..9.993 rows=1000 loops=1)
         ->  Gather Merge  (cost=6197.66..15920.64 rows=83334 width=20) (actual time=9.794..9.936 rows=1000 loops=1)
               Workers Planned: 2
               Workers Launched: 2
               ->  Sort  (cost=5197.64..5301.81 rows=41667 width=20) (actual time=8.289..8.330 rows=1000 loops=3)
                     Sort Key: s_2.a, s_2.b, s_2.c
                     Sort Method: top-N heapsort  Memory: 127kB
                     Worker 0:  Sort Method: top-N heapsort  Memory: 127kB
                     Worker 1:  Sort Method: top-N heapsort  Memory: 127kB
                     ->  Parallel Index Only Scan using s_2_a_b_e_d_c_idx on s_2  (cost=0.42..2913.08 rows=41667 width=20) (actual time=0.027..4.371 rows=33333 loops=3)
                           Heap Fetches: 0
 Planning time: 0.292 ms
 Execution time: 10.672 ms
(14 rows)

===== 234 [Wed Mar  7 02:09:54 CET 2018] scale:100000 groups:1000 work_mem:32MB incremental:off max_workers:2 =====
SELECT * FROM s_3 ORDER BY a, b, c, d LIMIT 1000
                                                                               QUERY PLAN                                                                                
-------------------------------------------------------------------------------------------------------------------------------------------------------------------------
 Limit  (cost=6324.34..6324.34 rows=1 width=20) (actual time=10.001..10.001 rows=0 loops=1)
   ->  Limit  (cost=6197.66..6314.34 rows=1000 width=20) (actual time=9.773..9.972 rows=1000 loops=1)
         ->  Gather Merge  (cost=6197.66..15920.64 rows=83334 width=20) (actual time=9.772..9.910 rows=1000 loops=1)
               Workers Planned: 2
               Workers Launched: 2
               ->  Sort  (cost=5197.64..5301.81 rows=41667 width=20) (actual time=8.265..8.306 rows=1000 loops=3)
                     Sort Key: s_3.a, s_3.b, s_3.c, s_3.d
                     Sort Method: top-N heapsort  Memory: 127kB
                     Worker 0:  Sort Method: top-N heapsort  Memory: 127kB
                     Worker 1:  Sort Method: top-N heapsort  Memory: 127kB
                     ->  Parallel Index Only Scan using s_3_a_b_c_e_d_idx on s_3  (cost=0.42..2913.08 rows=41667 width=20) (actual time=0.028..4.344 rows=33333 loops=3)
                           Heap Fetches: 0
 Planning time: 0.290 ms
 Execution time: 10.644 ms
(14 rows)

===== 235 [Wed Mar  7 02:09:54 CET 2018] scale:100000 groups:1000 work_mem:64MB incremental:on max_workers:2 =====
SELECT * FROM s_1 ORDER BY a, b LIMIT 1000
                                                                        QUERY PLAN                                                                        
----------------------------------------------------------------------------------------------------------------------------------------------------------
 Limit  (cost=35.54..35.54 rows=1 width=20) (actual time=0.584..0.584 rows=0 loops=1)
   ->  Limit  (cost=7.23..25.54 rows=1000 width=20) (actual time=0.091..0.558 rows=1000 loops=1)
         ->  Incremental Sort  (cost=7.23..1838.61 rows=100000 width=20) (actual time=0.091..0.501 rows=1000 loops=1)
               Sort Key: s_1.a, s_1.b
               Presorted Key: s_1.a
               Sort Method: quicksort  Memory: 33kB
               Sort Groups: 11
               ->  Index Only Scan using s_1_a_e_d_c_b_idx on s_1  (cost=0.42..3496.42 rows=100000 width=20) (actual time=0.030..0.164 rows=1073 loops=1)
                     Heap Fetches: 0
 Planning time: 0.291 ms
 Execution time: 0.609 ms
(11 rows)

===== 236 [Wed Mar  7 02:09:55 CET 2018] scale:100000 groups:1000 work_mem:64MB incremental:on max_workers:2 =====
SELECT * FROM s_2 ORDER BY a, b, c LIMIT 1000
                                                                        QUERY PLAN                                                                        
----------------------------------------------------------------------------------------------------------------------------------------------------------
 Limit  (cost=30.94..30.94 rows=1 width=20) (actual time=0.486..0.486 rows=0 loops=1)
   ->  Limit  (cost=0.93..20.94 rows=1000 width=20) (actual time=0.084..0.458 rows=1000 loops=1)
         ->  Incremental Sort  (cost=0.93..2001.99 rows=100000 width=20) (actual time=0.083..0.403 rows=1000 loops=1)
               Sort Key: s_2.a, s_2.b, s_2.c
               Presorted Key: s_2.a, s_2.b
               Sort Method: quicksort  Memory: 27kB
               Sort Groups: 32
               ->  Index Only Scan using s_2_a_b_e_d_c_idx on s_2  (cost=0.42..3496.42 rows=100000 width=20) (actual time=0.030..0.160 rows=1029 loops=1)
                     Heap Fetches: 0
 Planning time: 0.287 ms
 Execution time: 0.514 ms
(11 rows)

===== 237 [Wed Mar  7 02:09:55 CET 2018] scale:100000 groups:1000 work_mem:64MB incremental:on max_workers:2 =====
SELECT * FROM s_3 ORDER BY a, b, c, d LIMIT 1000
                                                                        QUERY PLAN                                                                        
----------------------------------------------------------------------------------------------------------------------------------------------------------
 Limit  (cost=30.94..30.94 rows=1 width=20) (actual time=0.454..0.454 rows=0 loops=1)
   ->  Limit  (cost=0.93..20.94 rows=1000 width=20) (actual time=0.074..0.425 rows=1000 loops=1)
         ->  Incremental Sort  (cost=0.93..2001.99 rows=100000 width=20) (actual time=0.073..0.370 rows=1000 loops=1)
               Sort Key: s_3.a, s_3.b, s_3.c, s_3.d
               Presorted Key: s_3.a, s_3.b, s_3.c
               Sort Method: quicksort  Memory: 27kB
               Sort Groups: 32
               ->  Index Only Scan using s_3_a_b_c_e_d_idx on s_3  (cost=0.42..3496.42 rows=100000 width=20) (actual time=0.029..0.159 rows=1025 loops=1)
                     Heap Fetches: 0
 Planning time: 0.283 ms
 Execution time: 0.478 ms
(11 rows)

===== 238 [Wed Mar  7 02:09:55 CET 2018] scale:100000 groups:1000 work_mem:64MB incremental:off max_workers:2 =====
SELECT * FROM s_1 ORDER BY a, b LIMIT 1000
                                                                               QUERY PLAN                                                                                
-------------------------------------------------------------------------------------------------------------------------------------------------------------------------
 Limit  (cost=6324.34..6324.34 rows=1 width=20) (actual time=9.928..9.928 rows=0 loops=1)
   ->  Limit  (cost=6197.66..6314.34 rows=1000 width=20) (actual time=9.693..9.899 rows=1000 loops=1)
         ->  Gather Merge  (cost=6197.66..15920.64 rows=83334 width=20) (actual time=9.693..9.835 rows=1000 loops=1)
               Workers Planned: 2
               Workers Launched: 2
               ->  Sort  (cost=5197.64..5301.81 rows=41667 width=20) (actual time=8.222..8.264 rows=1000 loops=3)
                     Sort Key: s_1.a, s_1.b
                     Sort Method: top-N heapsort  Memory: 129kB
                     Worker 0:  Sort Method: top-N heapsort  Memory: 128kB
                     Worker 1:  Sort Method: top-N heapsort  Memory: 128kB
                     ->  Parallel Index Only Scan using s_1_a_e_d_c_b_idx on s_1  (cost=0.42..2913.08 rows=41667 width=20) (actual time=0.027..4.351 rows=33333 loops=3)
                           Heap Fetches: 0
 Planning time: 0.284 ms
 Execution time: 10.542 ms
(14 rows)

===== 239 [Wed Mar  7 02:09:55 CET 2018] scale:100000 groups:1000 work_mem:64MB incremental:off max_workers:2 =====
SELECT * FROM s_2 ORDER BY a, b, c LIMIT 1000
                                                                               QUERY PLAN                                                                                
-------------------------------------------------------------------------------------------------------------------------------------------------------------------------
 Limit  (cost=6324.34..6324.34 rows=1 width=20) (actual time=9.982..9.982 rows=0 loops=1)
   ->  Limit  (cost=6197.66..6314.34 rows=1000 width=20) (actual time=9.751..9.953 rows=1000 loops=1)
         ->  Gather Merge  (cost=6197.66..15920.64 rows=83334 width=20) (actual time=9.751..9.891 rows=1000 loops=1)
               Workers Planned: 2
               Workers Launched: 2
               ->  Sort  (cost=5197.64..5301.81 rows=41667 width=20) (actual time=8.264..8.304 rows=1000 loops=3)
                     Sort Key: s_2.a, s_2.b, s_2.c
                     Sort Method: top-N heapsort  Memory: 127kB
                     Worker 0:  Sort Method: top-N heapsort  Memory: 127kB
                     Worker 1:  Sort Method: top-N heapsort  Memory: 127kB
                     ->  Parallel Index Only Scan using s_2_a_b_e_d_c_idx on s_2  (cost=0.42..2913.08 rows=41667 width=20) (actual time=0.026..4.346 rows=33333 loops=3)
                           Heap Fetches: 0
 Planning time: 0.288 ms
 Execution time: 10.634 ms
(14 rows)

===== 240 [Wed Mar  7 02:09:55 CET 2018] scale:100000 groups:1000 work_mem:64MB incremental:off max_workers:2 =====
SELECT * FROM s_3 ORDER BY a, b, c, d LIMIT 1000
                                                                               QUERY PLAN                                                                                
-------------------------------------------------------------------------------------------------------------------------------------------------------------------------
 Limit  (cost=6324.34..6324.34 rows=1 width=20) (actual time=10.027..10.027 rows=0 loops=1)
   ->  Limit  (cost=6197.66..6314.34 rows=1000 width=20) (actual time=9.793..9.998 rows=1000 loops=1)
         ->  Gather Merge  (cost=6197.66..15920.64 rows=83334 width=20) (actual time=9.792..9.939 rows=1000 loops=1)
               Workers Planned: 2
               Workers Launched: 2
               ->  Sort  (cost=5197.64..5301.81 rows=41667 width=20) (actual time=8.274..8.315 rows=1000 loops=3)
                     Sort Key: s_3.a, s_3.b, s_3.c, s_3.d
                     Sort Method: top-N heapsort  Memory: 127kB
                     Worker 0:  Sort Method: top-N heapsort  Memory: 127kB
                     Worker 1:  Sort Method: top-N heapsort  Memory: 127kB
                     ->  Parallel Index Only Scan using s_3_a_b_c_e_d_idx on s_3  (cost=0.42..2913.08 rows=41667 width=20) (actual time=0.028..4.350 rows=33333 loops=3)
                           Heap Fetches: 0
 Planning time: 0.290 ms
 Execution time: 10.671 ms
(14 rows)

===== 241 [Wed Mar  7 02:09:55 CET 2018] scale:100000 groups:1000 work_mem:128MB incremental:on max_workers:2 =====
SELECT * FROM s_1 ORDER BY a, b LIMIT 1000
                                                                        QUERY PLAN                                                                        
----------------------------------------------------------------------------------------------------------------------------------------------------------
 Limit  (cost=35.54..35.54 rows=1 width=20) (actual time=0.591..0.591 rows=0 loops=1)
   ->  Limit  (cost=7.23..25.54 rows=1000 width=20) (actual time=0.089..0.563 rows=1000 loops=1)
         ->  Incremental Sort  (cost=7.23..1838.61 rows=100000 width=20) (actual time=0.089..0.507 rows=1000 loops=1)
               Sort Key: s_1.a, s_1.b
               Presorted Key: s_1.a
               Sort Method: quicksort  Memory: 33kB
               Sort Groups: 11
               ->  Index Only Scan using s_1_a_e_d_c_b_idx on s_1  (cost=0.42..3496.42 rows=100000 width=20) (actual time=0.030..0.165 rows=1073 loops=1)
                     Heap Fetches: 0
 Planning time: 0.280 ms
 Execution time: 0.616 ms
(11 rows)

===== 242 [Wed Mar  7 02:09:55 CET 2018] scale:100000 groups:1000 work_mem:128MB incremental:on max_workers:2 =====
SELECT * FROM s_2 ORDER BY a, b, c LIMIT 1000
                                                                        QUERY PLAN                                                                        
----------------------------------------------------------------------------------------------------------------------------------------------------------
 Limit  (cost=30.94..30.94 rows=1 width=20) (actual time=0.484..0.484 rows=0 loops=1)
   ->  Limit  (cost=0.93..20.94 rows=1000 width=20) (actual time=0.076..0.455 rows=1000 loops=1)
         ->  Incremental Sort  (cost=0.93..2001.99 rows=100000 width=20) (actual time=0.076..0.400 rows=1000 loops=1)
               Sort Key: s_2.a, s_2.b, s_2.c
               Presorted Key: s_2.a, s_2.b
               Sort Method: quicksort  Memory: 27kB
               Sort Groups: 32
               ->  Index Only Scan using s_2_a_b_e_d_c_idx on s_2  (cost=0.42..3496.42 rows=100000 width=20) (actual time=0.030..0.161 rows=1029 loops=1)
                     Heap Fetches: 0
 Planning time: 0.290 ms
 Execution time: 0.513 ms
(11 rows)

===== 243 [Wed Mar  7 02:09:55 CET 2018] scale:100000 groups:1000 work_mem:128MB incremental:on max_workers:2 =====
SELECT * FROM s_3 ORDER BY a, b, c, d LIMIT 1000
                                                                        QUERY PLAN                                                                        
----------------------------------------------------------------------------------------------------------------------------------------------------------
 Limit  (cost=30.94..30.94 rows=1 width=20) (actual time=0.446..0.446 rows=0 loops=1)
   ->  Limit  (cost=0.93..20.94 rows=1000 width=20) (actual time=0.074..0.418 rows=1000 loops=1)
         ->  Incremental Sort  (cost=0.93..2001.99 rows=100000 width=20) (actual time=0.074..0.363 rows=1000 loops=1)
               Sort Key: s_3.a, s_3.b, s_3.c, s_3.d
               Presorted Key: s_3.a, s_3.b, s_3.c
               Sort Method: quicksort  Memory: 27kB
               Sort Groups: 32
               ->  Index Only Scan using s_3_a_b_c_e_d_idx on s_3  (cost=0.42..3496.42 rows=100000 width=20) (actual time=0.029..0.158 rows=1025 loops=1)
                     Heap Fetches: 0
 Planning time: 0.292 ms
 Execution time: 0.473 ms
(11 rows)

===== 244 [Wed Mar  7 02:09:55 CET 2018] scale:100000 groups:1000 work_mem:128MB incremental:off max_workers:2 =====
SELECT * FROM s_1 ORDER BY a, b LIMIT 1000
                                                                               QUERY PLAN                                                                                
-------------------------------------------------------------------------------------------------------------------------------------------------------------------------
 Limit  (cost=6324.34..6324.34 rows=1 width=20) (actual time=9.975..9.975 rows=0 loops=1)
   ->  Limit  (cost=6197.66..6314.34 rows=1000 width=20) (actual time=9.745..9.946 rows=1000 loops=1)
         ->  Gather Merge  (cost=6197.66..15920.64 rows=83334 width=20) (actual time=9.745..9.885 rows=1000 loops=1)
               Workers Planned: 2
               Workers Launched: 2
               ->  Sort  (cost=5197.64..5301.81 rows=41667 width=20) (actual time=8.231..8.272 rows=1000 loops=3)
                     Sort Key: s_1.a, s_1.b
                     Sort Method: top-N heapsort  Memory: 129kB
                     Worker 0:  Sort Method: top-N heapsort  Memory: 128kB
                     Worker 1:  Sort Method: top-N heapsort  Memory: 128kB
                     ->  Parallel Index Only Scan using s_1_a_e_d_c_b_idx on s_1  (cost=0.42..2913.08 rows=41667 width=20) (actual time=0.032..4.354 rows=33333 loops=3)
                           Heap Fetches: 0
 Planning time: 0.285 ms
 Execution time: 10.650 ms
(14 rows)

===== 245 [Wed Mar  7 02:09:55 CET 2018] scale:100000 groups:1000 work_mem:128MB incremental:off max_workers:2 =====
SELECT * FROM s_2 ORDER BY a, b, c LIMIT 1000
                                                                               QUERY PLAN                                                                                
-------------------------------------------------------------------------------------------------------------------------------------------------------------------------
 Limit  (cost=6324.34..6324.34 rows=1 width=20) (actual time=10.015..10.015 rows=0 loops=1)
   ->  Limit  (cost=6197.66..6314.34 rows=1000 width=20) (actual time=9.781..9.986 rows=1000 loops=1)
         ->  Gather Merge  (cost=6197.66..15920.64 rows=83334 width=20) (actual time=9.781..9.927 rows=1000 loops=1)
               Workers Planned: 2
               Workers Launched: 2
               ->  Sort  (cost=5197.64..5301.81 rows=41667 width=20) (actual time=8.269..8.310 rows=1000 loops=3)
                     Sort Key: s_2.a, s_2.b, s_2.c
                     Sort Method: top-N heapsort  Memory: 127kB
                     Worker 0:  Sort Method: top-N heapsort  Memory: 127kB
                     Worker 1:  Sort Method: top-N heapsort  Memory: 127kB
                     ->  Parallel Index Only Scan using s_2_a_b_e_d_c_idx on s_2  (cost=0.42..2913.08 rows=41667 width=20) (actual time=0.027..4.347 rows=33333 loops=3)
                           Heap Fetches: 0
 Planning time: 0.292 ms
 Execution time: 10.642 ms
(14 rows)

===== 246 [Wed Mar  7 02:09:56 CET 2018] scale:100000 groups:1000 work_mem:128MB incremental:off max_workers:2 =====
SELECT * FROM s_3 ORDER BY a, b, c, d LIMIT 1000
                                                                               QUERY PLAN                                                                                
-------------------------------------------------------------------------------------------------------------------------------------------------------------------------
 Limit  (cost=6324.34..6324.34 rows=1 width=20) (actual time=10.014..10.014 rows=0 loops=1)
   ->  Limit  (cost=6197.66..6314.34 rows=1000 width=20) (actual time=9.788..9.985 rows=1000 loops=1)
         ->  Gather Merge  (cost=6197.66..15920.64 rows=83334 width=20) (actual time=9.787..9.926 rows=1000 loops=1)
               Workers Planned: 2
               Workers Launched: 2
               ->  Sort  (cost=5197.64..5301.81 rows=41667 width=20) (actual time=8.260..8.301 rows=1000 loops=3)
                     Sort Key: s_3.a, s_3.b, s_3.c, s_3.d
                     Sort Method: top-N heapsort  Memory: 127kB
                     Worker 0:  Sort Method: top-N heapsort  Memory: 127kB
                     Worker 1:  Sort Method: top-N heapsort  Memory: 127kB
                     ->  Parallel Index Only Scan using s_3_a_b_c_e_d_idx on s_3  (cost=0.42..2913.08 rows=41667 width=20) (actual time=0.027..4.332 rows=33333 loops=3)
                           Heap Fetches: 0
 Planning time: 0.294 ms
 Execution time: 10.663 ms
(14 rows)

===== 247 [Wed Mar  7 02:09:56 CET 2018] scale:100000 groups:1000 work_mem:256MB incremental:on max_workers:2 =====
SELECT * FROM s_1 ORDER BY a, b LIMIT 1000
                                                                        QUERY PLAN                                                                        
----------------------------------------------------------------------------------------------------------------------------------------------------------
 Limit  (cost=35.54..35.54 rows=1 width=20) (actual time=0.591..0.591 rows=0 loops=1)
   ->  Limit  (cost=7.23..25.54 rows=1000 width=20) (actual time=0.089..0.563 rows=1000 loops=1)
         ->  Incremental Sort  (cost=7.23..1838.61 rows=100000 width=20) (actual time=0.088..0.508 rows=1000 loops=1)
               Sort Key: s_1.a, s_1.b
               Presorted Key: s_1.a
               Sort Method: quicksort  Memory: 33kB
               Sort Groups: 11
               ->  Index Only Scan using s_1_a_e_d_c_b_idx on s_1  (cost=0.42..3496.42 rows=100000 width=20) (actual time=0.030..0.164 rows=1073 loops=1)
                     Heap Fetches: 0
 Planning time: 0.278 ms
 Execution time: 0.617 ms
(11 rows)

===== 248 [Wed Mar  7 02:09:56 CET 2018] scale:100000 groups:1000 work_mem:256MB incremental:on max_workers:2 =====
SELECT * FROM s_2 ORDER BY a, b, c LIMIT 1000
                                                                        QUERY PLAN                                                                        
----------------------------------------------------------------------------------------------------------------------------------------------------------
 Limit  (cost=30.94..30.94 rows=1 width=20) (actual time=0.486..0.486 rows=0 loops=1)
   ->  Limit  (cost=0.93..20.94 rows=1000 width=20) (actual time=0.076..0.458 rows=1000 loops=1)
         ->  Incremental Sort  (cost=0.93..2001.99 rows=100000 width=20) (actual time=0.075..0.396 rows=1000 loops=1)
               Sort Key: s_2.a, s_2.b, s_2.c
               Presorted Key: s_2.a, s_2.b
               Sort Method: quicksort  Memory: 27kB
               Sort Groups: 32
               ->  Index Only Scan using s_2_a_b_e_d_c_idx on s_2  (cost=0.42..3496.42 rows=100000 width=20) (actual time=0.030..0.161 rows=1029 loops=1)
                     Heap Fetches: 0
 Planning time: 0.283 ms
 Execution time: 0.516 ms
(11 rows)

===== 249 [Wed Mar  7 02:09:56 CET 2018] scale:100000 groups:1000 work_mem:256MB incremental:on max_workers:2 =====
SELECT * FROM s_3 ORDER BY a, b, c, d LIMIT 1000
                                                                        QUERY PLAN                                                                        
----------------------------------------------------------------------------------------------------------------------------------------------------------
 Limit  (cost=30.94..30.94 rows=1 width=20) (actual time=0.451..0.451 rows=0 loops=1)
   ->  Limit  (cost=0.93..20.94 rows=1000 width=20) (actual time=0.079..0.423 rows=1000 loops=1)
         ->  Incremental Sort  (cost=0.93..2001.99 rows=100000 width=20) (actual time=0.079..0.367 rows=1000 loops=1)
               Sort Key: s_3.a, s_3.b, s_3.c, s_3.d
               Presorted Key: s_3.a, s_3.b, s_3.c
               Sort Method: quicksort  Memory: 27kB
               Sort Groups: 32
               ->  Index Only Scan using s_3_a_b_c_e_d_idx on s_3  (cost=0.42..3496.42 rows=100000 width=20) (actual time=0.029..0.159 rows=1025 loops=1)
                     Heap Fetches: 0
 Planning time: 0.290 ms
 Execution time: 0.476 ms
(11 rows)

===== 250 [Wed Mar  7 02:09:56 CET 2018] scale:100000 groups:1000 work_mem:256MB incremental:off max_workers:2 =====
SELECT * FROM s_1 ORDER BY a, b LIMIT 1000
                                                                               QUERY PLAN                                                                                
-------------------------------------------------------------------------------------------------------------------------------------------------------------------------
 Limit  (cost=6324.34..6324.34 rows=1 width=20) (actual time=9.945..9.945 rows=0 loops=1)
   ->  Limit  (cost=6197.66..6314.34 rows=1000 width=20) (actual time=9.713..9.916 rows=1000 loops=1)
         ->  Gather Merge  (cost=6197.66..15920.64 rows=83334 width=20) (actual time=9.713..9.855 rows=1000 loops=1)
               Workers Planned: 2
               Workers Launched: 2
               ->  Sort  (cost=5197.64..5301.81 rows=41667 width=20) (actual time=8.250..8.291 rows=1000 loops=3)
                     Sort Key: s_1.a, s_1.b
                     Sort Method: top-N heapsort  Memory: 129kB
                     Worker 0:  Sort Method: top-N heapsort  Memory: 128kB
                     Worker 1:  Sort Method: top-N heapsort  Memory: 128kB
                     ->  Parallel Index Only Scan using s_1_a_e_d_c_b_idx on s_1  (cost=0.42..2913.08 rows=41667 width=20) (actual time=0.027..4.375 rows=33333 loops=3)
                           Heap Fetches: 0
 Planning time: 0.290 ms
 Execution time: 10.622 ms
(14 rows)

===== 251 [Wed Mar  7 02:09:56 CET 2018] scale:100000 groups:1000 work_mem:256MB incremental:off max_workers:2 =====
SELECT * FROM s_2 ORDER BY a, b, c LIMIT 1000
                                                                               QUERY PLAN                                                                                
-------------------------------------------------------------------------------------------------------------------------------------------------------------------------
 Limit  (cost=6324.34..6324.34 rows=1 width=20) (actual time=10.010..10.010 rows=0 loops=1)
   ->  Limit  (cost=6197.66..6314.34 rows=1000 width=20) (actual time=9.776..9.979 rows=1000 loops=1)
         ->  Gather Merge  (cost=6197.66..15920.64 rows=83334 width=20) (actual time=9.776..9.917 rows=1000 loops=1)
               Workers Planned: 2
               Workers Launched: 2
               ->  Sort  (cost=5197.64..5301.81 rows=41667 width=20) (actual time=8.260..8.301 rows=1000 loops=3)
                     Sort Key: s_2.a, s_2.b, s_2.c
                     Sort Method: top-N heapsort  Memory: 127kB
                     Worker 0:  Sort Method: top-N heapsort  Memory: 127kB
                     Worker 1:  Sort Method: top-N heapsort  Memory: 127kB
                     ->  Parallel Index Only Scan using s_2_a_b_e_d_c_idx on s_2  (cost=0.42..2913.08 rows=41667 width=20) (actual time=0.027..4.344 rows=33333 loops=3)
                           Heap Fetches: 0
 Planning time: 0.293 ms
 Execution time: 10.641 ms
(14 rows)

===== 252 [Wed Mar  7 02:09:56 CET 2018] scale:100000 groups:1000 work_mem:256MB incremental:off max_workers:2 =====
SELECT * FROM s_3 ORDER BY a, b, c, d LIMIT 1000
                                                                               QUERY PLAN                                                                                
-------------------------------------------------------------------------------------------------------------------------------------------------------------------------
 Limit  (cost=6324.34..6324.34 rows=1 width=20) (actual time=10.004..10.004 rows=0 loops=1)
   ->  Limit  (cost=6197.66..6314.34 rows=1000 width=20) (actual time=9.771..9.975 rows=1000 loops=1)
         ->  Gather Merge  (cost=6197.66..15920.64 rows=83334 width=20) (actual time=9.770..9.911 rows=1000 loops=1)
               Workers Planned: 2
               Workers Launched: 2
               ->  Sort  (cost=5197.64..5301.81 rows=41667 width=20) (actual time=8.265..8.306 rows=1000 loops=3)
                     Sort Key: s_3.a, s_3.b, s_3.c, s_3.d
                     Sort Method: top-N heapsort  Memory: 127kB
                     Worker 0:  Sort Method: top-N heapsort  Memory: 127kB
                     Worker 1:  Sort Method: top-N heapsort  Memory: 127kB
                     ->  Parallel Index Only Scan using s_3_a_b_c_e_d_idx on s_3  (cost=0.42..2913.08 rows=41667 width=20) (actual time=0.031..4.339 rows=33333 loops=3)
                           Heap Fetches: 0
 Planning time: 0.296 ms
 Execution time: 10.633 ms
(14 rows)

===== 253 [Wed Mar  7 02:09:58 CET 2018] scale:100000 groups:10000 work_mem:4MB incremental:on max_workers:0 =====
SELECT * FROM s_1 ORDER BY a, b LIMIT 1000
                                                                        QUERY PLAN                                                                        
----------------------------------------------------------------------------------------------------------------------------------------------------------
 Limit  (cost=30.93..30.93 rows=1 width=20) (actual time=0.572..0.572 rows=0 loops=1)
   ->  Limit  (cost=0.94..20.93 rows=1000 width=20) (actual time=0.099..0.544 rows=1000 loops=1)
         ->  Incremental Sort  (cost=0.94..1999.71 rows=100000 width=20) (actual time=0.099..0.489 rows=1000 loops=1)
               Sort Key: s_1.a, s_1.b
               Presorted Key: s_1.a
               Sort Method: quicksort  Memory: 28kB
               Sort Groups: 28
               ->  Index Only Scan using s_1_a_e_d_c_b_idx on s_1  (cost=0.42..3496.42 rows=100000 width=20) (actual time=0.043..0.205 rows=1036 loops=1)
                     Heap Fetches: 0
 Planning time: 0.269 ms
 Execution time: 0.598 ms
(11 rows)

===== 254 [Wed Mar  7 02:09:58 CET 2018] scale:100000 groups:10000 work_mem:4MB incremental:on max_workers:0 =====
SELECT * FROM s_2 ORDER BY a, b, c LIMIT 1000
                                                                        QUERY PLAN                                                                        
----------------------------------------------------------------------------------------------------------------------------------------------------------
 Limit  (cost=30.94..30.94 rows=1 width=20) (actual time=0.500..0.500 rows=0 loops=1)
   ->  Limit  (cost=0.93..20.94 rows=1000 width=20) (actual time=0.101..0.471 rows=1000 loops=1)
         ->  Incremental Sort  (cost=0.93..2001.99 rows=100000 width=20) (actual time=0.101..0.416 rows=1000 loops=1)
               Sort Key: s_2.a, s_2.b, s_2.c
               Presorted Key: s_2.a, s_2.b
               Sort Method: quicksort  Memory: 27kB
               Sort Groups: 32
               ->  Index Only Scan using s_2_a_b_e_d_c_idx on s_2  (cost=0.42..3496.42 rows=100000 width=20) (actual time=0.048..0.206 rows=1025 loops=1)
                     Heap Fetches: 0
 Planning time: 0.271 ms
 Execution time: 0.525 ms
(11 rows)

===== 255 [Wed Mar  7 02:09:58 CET 2018] scale:100000 groups:10000 work_mem:4MB incremental:on max_workers:0 =====
SELECT * FROM s_3 ORDER BY a, b, c, d LIMIT 1000
                                                                        QUERY PLAN                                                                        
----------------------------------------------------------------------------------------------------------------------------------------------------------
 Limit  (cost=30.94..30.94 rows=1 width=20) (actual time=0.497..0.497 rows=0 loops=1)
   ->  Limit  (cost=0.93..20.94 rows=1000 width=20) (actual time=0.094..0.468 rows=1000 loops=1)
         ->  Incremental Sort  (cost=0.93..2001.99 rows=100000 width=20) (actual time=0.094..0.413 rows=1000 loops=1)
               Sort Key: s_3.a, s_3.b, s_3.c, s_3.d
               Presorted Key: s_3.a, s_3.b, s_3.c
               Sort Method: quicksort  Memory: 27kB
               Sort Groups: 32
               ->  Index Only Scan using s_3_a_b_c_e_d_idx on s_3  (cost=0.42..3496.42 rows=100000 width=20) (actual time=0.043..0.197 rows=1025 loops=1)
                     Heap Fetches: 0
 Planning time: 0.276 ms
 Execution time: 0.521 ms
(11 rows)

===== 256 [Wed Mar  7 02:09:58 CET 2018] scale:100000 groups:10000 work_mem:4MB incremental:off max_workers:0 =====
SELECT * FROM s_1 ORDER BY a, b LIMIT 1000
                                                         QUERY PLAN                                                          
-----------------------------------------------------------------------------------------------------------------------------
 Limit  (cost=7132.39..7132.39 rows=1 width=20) (actual time=12.560..12.560 rows=0 loops=1)
   ->  Limit  (cost=7119.89..7122.39 rows=1000 width=20) (actual time=12.436..12.532 rows=1000 loops=1)
         ->  Sort  (cost=7119.89..7369.89 rows=100000 width=20) (actual time=12.435..12.476 rows=1000 loops=1)
               Sort Key: s_1.a, s_1.b
               Sort Method: top-N heapsort  Memory: 127kB
               ->  Seq Scan on s_1  (cost=0.00..1637.00 rows=100000 width=20) (actual time=0.010..5.072 rows=100000 loops=1)
 Planning time: 0.265 ms
 Execution time: 12.597 ms
(8 rows)

===== 257 [Wed Mar  7 02:09:58 CET 2018] scale:100000 groups:10000 work_mem:4MB incremental:off max_workers:0 =====
SELECT * FROM s_2 ORDER BY a, b, c LIMIT 1000
                                                         QUERY PLAN                                                          
-----------------------------------------------------------------------------------------------------------------------------
 Limit  (cost=7132.39..7132.39 rows=1 width=20) (actual time=12.612..12.612 rows=0 loops=1)
   ->  Limit  (cost=7119.89..7122.39 rows=1000 width=20) (actual time=12.491..12.583 rows=1000 loops=1)
         ->  Sort  (cost=7119.89..7369.89 rows=100000 width=20) (actual time=12.490..12.528 rows=1000 loops=1)
               Sort Key: s_2.a, s_2.b, s_2.c
               Sort Method: top-N heapsort  Memory: 127kB
               ->  Seq Scan on s_2  (cost=0.00..1637.00 rows=100000 width=20) (actual time=0.010..5.090 rows=100000 loops=1)
 Planning time: 0.267 ms
 Execution time: 12.649 ms
(8 rows)

===== 258 [Wed Mar  7 02:09:58 CET 2018] scale:100000 groups:10000 work_mem:4MB incremental:off max_workers:0 =====
SELECT * FROM s_3 ORDER BY a, b, c, d LIMIT 1000
                                                         QUERY PLAN                                                          
-----------------------------------------------------------------------------------------------------------------------------
 Limit  (cost=7132.39..7132.39 rows=1 width=20) (actual time=12.544..12.544 rows=0 loops=1)
   ->  Limit  (cost=7119.89..7122.39 rows=1000 width=20) (actual time=12.423..12.516 rows=1000 loops=1)
         ->  Sort  (cost=7119.89..7369.89 rows=100000 width=20) (actual time=12.422..12.461 rows=1000 loops=1)
               Sort Key: s_3.a, s_3.b, s_3.c, s_3.d
               Sort Method: top-N heapsort  Memory: 127kB
               ->  Seq Scan on s_3  (cost=0.00..1637.00 rows=100000 width=20) (actual time=0.010..5.058 rows=100000 loops=1)
 Planning time: 0.264 ms
 Execution time: 12.581 ms
(8 rows)

===== 259 [Wed Mar  7 02:09:58 CET 2018] scale:100000 groups:10000 work_mem:8MB incremental:on max_workers:0 =====
SELECT * FROM s_1 ORDER BY a, b LIMIT 1000
                                                                        QUERY PLAN                                                                        
----------------------------------------------------------------------------------------------------------------------------------------------------------
 Limit  (cost=30.93..30.93 rows=1 width=20) (actual time=0.525..0.525 rows=0 loops=1)
   ->  Limit  (cost=0.94..20.93 rows=1000 width=20) (actual time=0.084..0.495 rows=1000 loops=1)
         ->  Incremental Sort  (cost=0.94..1999.71 rows=100000 width=20) (actual time=0.084..0.441 rows=1000 loops=1)
               Sort Key: s_1.a, s_1.b
               Presorted Key: s_1.a
               Sort Method: quicksort  Memory: 28kB
               Sort Groups: 28
               ->  Index Only Scan using s_1_a_e_d_c_b_idx on s_1  (cost=0.42..3496.42 rows=100000 width=20) (actual time=0.027..0.161 rows=1036 loops=1)
                     Heap Fetches: 0
 Planning time: 0.271 ms
 Execution time: 0.551 ms
(11 rows)

===== 260 [Wed Mar  7 02:09:58 CET 2018] scale:100000 groups:10000 work_mem:8MB incremental:on max_workers:0 =====
SELECT * FROM s_2 ORDER BY a, b, c LIMIT 1000
                                                                        QUERY PLAN                                                                        
----------------------------------------------------------------------------------------------------------------------------------------------------------
 Limit  (cost=30.94..30.94 rows=1 width=20) (actual time=0.449..0.449 rows=0 loops=1)
   ->  Limit  (cost=0.93..20.94 rows=1000 width=20) (actual time=0.086..0.420 rows=1000 loops=1)
         ->  Incremental Sort  (cost=0.93..2001.99 rows=100000 width=20) (actual time=0.086..0.365 rows=1000 loops=1)
               Sort Key: s_2.a, s_2.b, s_2.c
               Presorted Key: s_2.a, s_2.b
               Sort Method: quicksort  Memory: 27kB
               Sort Groups: 32
               ->  Index Only Scan using s_2_a_b_e_d_c_idx on s_2  (cost=0.42..3496.42 rows=100000 width=20) (actual time=0.033..0.158 rows=1025 loops=1)
                     Heap Fetches: 0
 Planning time: 0.276 ms
 Execution time: 0.474 ms
(11 rows)

===== 261 [Wed Mar  7 02:09:58 CET 2018] scale:100000 groups:10000 work_mem:8MB incremental:on max_workers:0 =====
SELECT * FROM s_3 ORDER BY a, b, c, d LIMIT 1000
                                                                        QUERY PLAN                                                                        
----------------------------------------------------------------------------------------------------------------------------------------------------------
 Limit  (cost=30.94..30.94 rows=1 width=20) (actual time=0.453..0.453 rows=0 loops=1)
   ->  Limit  (cost=0.93..20.94 rows=1000 width=20) (actual time=0.078..0.425 rows=1000 loops=1)
         ->  Incremental Sort  (cost=0.93..2001.99 rows=100000 width=20) (actual time=0.078..0.369 rows=1000 loops=1)
               Sort Key: s_3.a, s_3.b, s_3.c, s_3.d
               Presorted Key: s_3.a, s_3.b, s_3.c
               Sort Method: quicksort  Memory: 27kB
               Sort Groups: 32
               ->  Index Only Scan using s_3_a_b_c_e_d_idx on s_3  (cost=0.42..3496.42 rows=100000 width=20) (actual time=0.027..0.162 rows=1025 loops=1)
                     Heap Fetches: 0
 Planning time: 0.270 ms
 Execution time: 0.477 ms
(11 rows)

===== 262 [Wed Mar  7 02:09:59 CET 2018] scale:100000 groups:10000 work_mem:8MB incremental:off max_workers:0 =====
SELECT * FROM s_1 ORDER BY a, b LIMIT 1000
                                                         QUERY PLAN                                                          
-----------------------------------------------------------------------------------------------------------------------------
 Limit  (cost=7132.39..7132.39 rows=1 width=20) (actual time=12.551..12.551 rows=0 loops=1)
   ->  Limit  (cost=7119.89..7122.39 rows=1000 width=20) (actual time=12.430..12.523 rows=1000 loops=1)
         ->  Sort  (cost=7119.89..7369.89 rows=100000 width=20) (actual time=12.429..12.467 rows=1000 loops=1)
               Sort Key: s_1.a, s_1.b
               Sort Method: top-N heapsort  Memory: 127kB
               ->  Seq Scan on s_1  (cost=0.00..1637.00 rows=100000 width=20) (actual time=0.010..5.064 rows=100000 loops=1)
 Planning time: 0.259 ms
 Execution time: 12.589 ms
(8 rows)

===== 263 [Wed Mar  7 02:09:59 CET 2018] scale:100000 groups:10000 work_mem:8MB incremental:off max_workers:0 =====
SELECT * FROM s_2 ORDER BY a, b, c LIMIT 1000
                                                         QUERY PLAN                                                          
-----------------------------------------------------------------------------------------------------------------------------
 Limit  (cost=7132.39..7132.39 rows=1 width=20) (actual time=12.626..12.626 rows=0 loops=1)
   ->  Limit  (cost=7119.89..7122.39 rows=1000 width=20) (actual time=12.504..12.597 rows=1000 loops=1)
         ->  Sort  (cost=7119.89..7369.89 rows=100000 width=20) (actual time=12.504..12.542 rows=1000 loops=1)
               Sort Key: s_2.a, s_2.b, s_2.c
               Sort Method: top-N heapsort  Memory: 127kB
               ->  Seq Scan on s_2  (cost=0.00..1637.00 rows=100000 width=20) (actual time=0.010..5.099 rows=100000 loops=1)
 Planning time: 0.269 ms
 Execution time: 12.665 ms
(8 rows)

===== 264 [Wed Mar  7 02:09:59 CET 2018] scale:100000 groups:10000 work_mem:8MB incremental:off max_workers:0 =====
SELECT * FROM s_3 ORDER BY a, b, c, d LIMIT 1000
                                                         QUERY PLAN                                                          
-----------------------------------------------------------------------------------------------------------------------------
 Limit  (cost=7132.39..7132.39 rows=1 width=20) (actual time=12.532..12.532 rows=0 loops=1)
   ->  Limit  (cost=7119.89..7122.39 rows=1000 width=20) (actual time=12.411..12.503 rows=1000 loops=1)
         ->  Sort  (cost=7119.89..7369.89 rows=100000 width=20) (actual time=12.410..12.448 rows=1000 loops=1)
               Sort Key: s_3.a, s_3.b, s_3.c, s_3.d
               Sort Method: top-N heapsort  Memory: 127kB
               ->  Seq Scan on s_3  (cost=0.00..1637.00 rows=100000 width=20) (actual time=0.010..5.059 rows=100000 loops=1)
 Planning time: 0.266 ms
 Execution time: 12.569 ms
(8 rows)

===== 265 [Wed Mar  7 02:09:59 CET 2018] scale:100000 groups:10000 work_mem:16MB incremental:on max_workers:0 =====
SELECT * FROM s_1 ORDER BY a, b LIMIT 1000
                                                                        QUERY PLAN                                                                        
----------------------------------------------------------------------------------------------------------------------------------------------------------
 Limit  (cost=30.93..30.93 rows=1 width=20) (actual time=0.531..0.531 rows=0 loops=1)
   ->  Limit  (cost=0.94..20.93 rows=1000 width=20) (actual time=0.085..0.503 rows=1000 loops=1)
         ->  Incremental Sort  (cost=0.94..1999.71 rows=100000 width=20) (actual time=0.085..0.448 rows=1000 loops=1)
               Sort Key: s_1.a, s_1.b
               Presorted Key: s_1.a
               Sort Method: quicksort  Memory: 28kB
               Sort Groups: 28
               ->  Index Only Scan using s_1_a_e_d_c_b_idx on s_1  (cost=0.42..3496.42 rows=100000 width=20) (actual time=0.027..0.161 rows=1036 loops=1)
                     Heap Fetches: 0
 Planning time: 0.263 ms
 Execution time: 0.556 ms
(11 rows)

===== 266 [Wed Mar  7 02:09:59 CET 2018] scale:100000 groups:10000 work_mem:16MB incremental:on max_workers:0 =====
SELECT * FROM s_2 ORDER BY a, b, c LIMIT 1000
                                                                        QUERY PLAN                                                                        
----------------------------------------------------------------------------------------------------------------------------------------------------------
 Limit  (cost=30.94..30.94 rows=1 width=20) (actual time=0.448..0.448 rows=0 loops=1)
   ->  Limit  (cost=0.93..20.94 rows=1000 width=20) (actual time=0.084..0.420 rows=1000 loops=1)
         ->  Incremental Sort  (cost=0.93..2001.99 rows=100000 width=20) (actual time=0.084..0.365 rows=1000 loops=1)
               Sort Key: s_2.a, s_2.b, s_2.c
               Presorted Key: s_2.a, s_2.b
               Sort Method: quicksort  Memory: 27kB
               Sort Groups: 32
               ->  Index Only Scan using s_2_a_b_e_d_c_idx on s_2  (cost=0.42..3496.42 rows=100000 width=20) (actual time=0.033..0.159 rows=1025 loops=1)
                     Heap Fetches: 0
 Planning time: 0.267 ms
 Execution time: 0.473 ms
(11 rows)

===== 267 [Wed Mar  7 02:09:59 CET 2018] scale:100000 groups:10000 work_mem:16MB incremental:on max_workers:0 =====
SELECT * FROM s_3 ORDER BY a, b, c, d LIMIT 1000
                                                                        QUERY PLAN                                                                        
----------------------------------------------------------------------------------------------------------------------------------------------------------
 Limit  (cost=30.94..30.94 rows=1 width=20) (actual time=0.446..0.446 rows=0 loops=1)
   ->  Limit  (cost=0.93..20.94 rows=1000 width=20) (actual time=0.076..0.418 rows=1000 loops=1)
         ->  Incremental Sort  (cost=0.93..2001.99 rows=100000 width=20) (actual time=0.076..0.363 rows=1000 loops=1)
               Sort Key: s_3.a, s_3.b, s_3.c, s_3.d
               Presorted Key: s_3.a, s_3.b, s_3.c
               Sort Method: quicksort  Memory: 27kB
               Sort Groups: 32
               ->  Index Only Scan using s_3_a_b_c_e_d_idx on s_3  (cost=0.42..3496.42 rows=100000 width=20) (actual time=0.026..0.155 rows=1025 loops=1)
                     Heap Fetches: 0
 Planning time: 0.280 ms
 Execution time: 0.471 ms
(11 rows)

===== 268 [Wed Mar  7 02:09:59 CET 2018] scale:100000 groups:10000 work_mem:16MB incremental:off max_workers:0 =====
SELECT * FROM s_1 ORDER BY a, b LIMIT 1000
                                                         QUERY PLAN                                                          
-----------------------------------------------------------------------------------------------------------------------------
 Limit  (cost=7132.39..7132.39 rows=1 width=20) (actual time=12.572..12.572 rows=0 loops=1)
   ->  Limit  (cost=7119.89..7122.39 rows=1000 width=20) (actual time=12.447..12.543 rows=1000 loops=1)
         ->  Sort  (cost=7119.89..7369.89 rows=100000 width=20) (actual time=12.447..12.488 rows=1000 loops=1)
               Sort Key: s_1.a, s_1.b
               Sort Method: top-N heapsort  Memory: 127kB
               ->  Seq Scan on s_1  (cost=0.00..1637.00 rows=100000 width=20) (actual time=0.010..5.083 rows=100000 loops=1)
 Planning time: 0.262 ms
 Execution time: 12.609 ms
(8 rows)

===== 269 [Wed Mar  7 02:09:59 CET 2018] scale:100000 groups:10000 work_mem:16MB incremental:off max_workers:0 =====
SELECT * FROM s_2 ORDER BY a, b, c LIMIT 1000
                                                         QUERY PLAN                                                          
-----------------------------------------------------------------------------------------------------------------------------
 Limit  (cost=7132.39..7132.39 rows=1 width=20) (actual time=12.606..12.606 rows=0 loops=1)
   ->  Limit  (cost=7119.89..7122.39 rows=1000 width=20) (actual time=12.484..12.578 rows=1000 loops=1)
         ->  Sort  (cost=7119.89..7369.89 rows=100000 width=20) (actual time=12.484..12.522 rows=1000 loops=1)
               Sort Key: s_2.a, s_2.b, s_2.c
               Sort Method: top-N heapsort  Memory: 127kB
               ->  Seq Scan on s_2  (cost=0.00..1637.00 rows=100000 width=20) (actual time=0.010..5.087 rows=100000 loops=1)
 Planning time: 0.266 ms
 Execution time: 12.644 ms
(8 rows)

===== 270 [Wed Mar  7 02:09:59 CET 2018] scale:100000 groups:10000 work_mem:16MB incremental:off max_workers:0 =====
SELECT * FROM s_3 ORDER BY a, b, c, d LIMIT 1000
                                                         QUERY PLAN                                                          
-----------------------------------------------------------------------------------------------------------------------------
 Limit  (cost=7132.39..7132.39 rows=1 width=20) (actual time=12.531..12.531 rows=0 loops=1)
   ->  Limit  (cost=7119.89..7122.39 rows=1000 width=20) (actual time=12.410..12.502 rows=1000 loops=1)
         ->  Sort  (cost=7119.89..7369.89 rows=100000 width=20) (actual time=12.409..12.447 rows=1000 loops=1)
               Sort Key: s_3.a, s_3.b, s_3.c, s_3.d
               Sort Method: top-N heapsort  Memory: 127kB
               ->  Seq Scan on s_3  (cost=0.00..1637.00 rows=100000 width=20) (actual time=0.010..5.060 rows=100000 loops=1)
 Planning time: 0.265 ms
 Execution time: 12.568 ms
(8 rows)

===== 271 [Wed Mar  7 02:10:00 CET 2018] scale:100000 groups:10000 work_mem:32MB incremental:on max_workers:0 =====
SELECT * FROM s_1 ORDER BY a, b LIMIT 1000
                                                                        QUERY PLAN                                                                        
----------------------------------------------------------------------------------------------------------------------------------------------------------
 Limit  (cost=30.93..30.93 rows=1 width=20) (actual time=0.524..0.524 rows=0 loops=1)
   ->  Limit  (cost=0.94..20.93 rows=1000 width=20) (actual time=0.083..0.495 rows=1000 loops=1)
         ->  Incremental Sort  (cost=0.94..1999.71 rows=100000 width=20) (actual time=0.083..0.441 rows=1000 loops=1)
               Sort Key: s_1.a, s_1.b
               Presorted Key: s_1.a
               Sort Method: quicksort  Memory: 28kB
               Sort Groups: 28
               ->  Index Only Scan using s_1_a_e_d_c_b_idx on s_1  (cost=0.42..3496.42 rows=100000 width=20) (actual time=0.027..0.161 rows=1036 loops=1)
                     Heap Fetches: 0
 Planning time: 0.280 ms
 Execution time: 0.550 ms
(11 rows)

===== 272 [Wed Mar  7 02:10:00 CET 2018] scale:100000 groups:10000 work_mem:32MB incremental:on max_workers:0 =====
SELECT * FROM s_2 ORDER BY a, b, c LIMIT 1000
                                                                        QUERY PLAN                                                                        
----------------------------------------------------------------------------------------------------------------------------------------------------------
 Limit  (cost=30.94..30.94 rows=1 width=20) (actual time=0.449..0.449 rows=0 loops=1)
   ->  Limit  (cost=0.93..20.94 rows=1000 width=20) (actual time=0.085..0.420 rows=1000 loops=1)
         ->  Incremental Sort  (cost=0.93..2001.99 rows=100000 width=20) (actual time=0.085..0.365 rows=1000 loops=1)
               Sort Key: s_2.a, s_2.b, s_2.c
               Presorted Key: s_2.a, s_2.b
               Sort Method: quicksort  Memory: 27kB
               Sort Groups: 32
               ->  Index Only Scan using s_2_a_b_e_d_c_idx on s_2  (cost=0.42..3496.42 rows=100000 width=20) (actual time=0.032..0.158 rows=1025 loops=1)
                     Heap Fetches: 0
 Planning time: 0.277 ms
 Execution time: 0.473 ms
(11 rows)

===== 273 [Wed Mar  7 02:10:00 CET 2018] scale:100000 groups:10000 work_mem:32MB incremental:on max_workers:0 =====
SELECT * FROM s_3 ORDER BY a, b, c, d LIMIT 1000
                                                                        QUERY PLAN                                                                        
----------------------------------------------------------------------------------------------------------------------------------------------------------
 Limit  (cost=30.94..30.94 rows=1 width=20) (actual time=0.453..0.453 rows=0 loops=1)
   ->  Limit  (cost=0.93..20.94 rows=1000 width=20) (actual time=0.076..0.424 rows=1000 loops=1)
         ->  Incremental Sort  (cost=0.93..2001.99 rows=100000 width=20) (actual time=0.076..0.369 rows=1000 loops=1)
               Sort Key: s_3.a, s_3.b, s_3.c, s_3.d
               Presorted Key: s_3.a, s_3.b, s_3.c
               Sort Method: quicksort  Memory: 27kB
               Sort Groups: 32
               ->  Index Only Scan using s_3_a_b_c_e_d_idx on s_3  (cost=0.42..3496.42 rows=100000 width=20) (actual time=0.026..0.156 rows=1025 loops=1)
                     Heap Fetches: 0
 Planning time: 0.274 ms
 Execution time: 0.478 ms
(11 rows)

===== 274 [Wed Mar  7 02:10:00 CET 2018] scale:100000 groups:10000 work_mem:32MB incremental:off max_workers:0 =====
SELECT * FROM s_1 ORDER BY a, b LIMIT 1000
                                                         QUERY PLAN                                                          
-----------------------------------------------------------------------------------------------------------------------------
 Limit  (cost=7132.39..7132.39 rows=1 width=20) (actual time=12.555..12.555 rows=0 loops=1)
   ->  Limit  (cost=7119.89..7122.39 rows=1000 width=20) (actual time=12.433..12.526 rows=1000 loops=1)
         ->  Sort  (cost=7119.89..7369.89 rows=100000 width=20) (actual time=12.432..12.471 rows=1000 loops=1)
               Sort Key: s_1.a, s_1.b
               Sort Method: top-N heapsort  Memory: 127kB
               ->  Seq Scan on s_1  (cost=0.00..1637.00 rows=100000 width=20) (actual time=0.010..5.064 rows=100000 loops=1)
 Planning time: 0.273 ms
 Execution time: 12.591 ms
(8 rows)

===== 275 [Wed Mar  7 02:10:00 CET 2018] scale:100000 groups:10000 work_mem:32MB incremental:off max_workers:0 =====
SELECT * FROM s_2 ORDER BY a, b, c LIMIT 1000
                                                         QUERY PLAN                                                          
-----------------------------------------------------------------------------------------------------------------------------
 Limit  (cost=7132.39..7132.39 rows=1 width=20) (actual time=12.615..12.615 rows=0 loops=1)
   ->  Limit  (cost=7119.89..7122.39 rows=1000 width=20) (actual time=12.491..12.587 rows=1000 loops=1)
         ->  Sort  (cost=7119.89..7369.89 rows=100000 width=20) (actual time=12.491..12.529 rows=1000 loops=1)
               Sort Key: s_2.a, s_2.b, s_2.c
               Sort Method: top-N heapsort  Memory: 127kB
               ->  Seq Scan on s_2  (cost=0.00..1637.00 rows=100000 width=20) (actual time=0.010..5.084 rows=100000 loops=1)
 Planning time: 0.266 ms
 Execution time: 12.653 ms
(8 rows)

===== 276 [Wed Mar  7 02:10:00 CET 2018] scale:100000 groups:10000 work_mem:32MB incremental:off max_workers:0 =====
SELECT * FROM s_3 ORDER BY a, b, c, d LIMIT 1000
                                                         QUERY PLAN                                                          
-----------------------------------------------------------------------------------------------------------------------------
 Limit  (cost=7132.39..7132.39 rows=1 width=20) (actual time=12.531..12.531 rows=0 loops=1)
   ->  Limit  (cost=7119.89..7122.39 rows=1000 width=20) (actual time=12.409..12.502 rows=1000 loops=1)
         ->  Sort  (cost=7119.89..7369.89 rows=100000 width=20) (actual time=12.409..12.447 rows=1000 loops=1)
               Sort Key: s_3.a, s_3.b, s_3.c, s_3.d
               Sort Method: top-N heapsort  Memory: 127kB
               ->  Seq Scan on s_3  (cost=0.00..1637.00 rows=100000 width=20) (actual time=0.010..5.057 rows=100000 loops=1)
 Planning time: 0.269 ms
 Execution time: 12.567 ms
(8 rows)

===== 277 [Wed Mar  7 02:10:00 CET 2018] scale:100000 groups:10000 work_mem:64MB incremental:on max_workers:0 =====
SELECT * FROM s_1 ORDER BY a, b LIMIT 1000
                                                                        QUERY PLAN                                                                        
----------------------------------------------------------------------------------------------------------------------------------------------------------
 Limit  (cost=30.93..30.93 rows=1 width=20) (actual time=0.531..0.531 rows=0 loops=1)
   ->  Limit  (cost=0.94..20.93 rows=1000 width=20) (actual time=0.086..0.503 rows=1000 loops=1)
         ->  Incremental Sort  (cost=0.94..1999.71 rows=100000 width=20) (actual time=0.086..0.447 rows=1000 loops=1)
               Sort Key: s_1.a, s_1.b
               Presorted Key: s_1.a
               Sort Method: quicksort  Memory: 28kB
               Sort Groups: 28
               ->  Index Only Scan using s_1_a_e_d_c_b_idx on s_1  (cost=0.42..3496.42 rows=100000 width=20) (actual time=0.027..0.165 rows=1036 loops=1)
                     Heap Fetches: 0
 Planning time: 0.262 ms
 Execution time: 0.556 ms
(11 rows)

===== 278 [Wed Mar  7 02:10:00 CET 2018] scale:100000 groups:10000 work_mem:64MB incremental:on max_workers:0 =====
SELECT * FROM s_2 ORDER BY a, b, c LIMIT 1000
                                                                        QUERY PLAN                                                                        
----------------------------------------------------------------------------------------------------------------------------------------------------------
 Limit  (cost=30.94..30.94 rows=1 width=20) (actual time=0.455..0.455 rows=0 loops=1)
   ->  Limit  (cost=0.93..20.94 rows=1000 width=20) (actual time=0.091..0.427 rows=1000 loops=1)
         ->  Incremental Sort  (cost=0.93..2001.99 rows=100000 width=20) (actual time=0.091..0.372 rows=1000 loops=1)
               Sort Key: s_2.a, s_2.b, s_2.c
               Presorted Key: s_2.a, s_2.b
               Sort Method: quicksort  Memory: 27kB
               Sort Groups: 32
               ->  Index Only Scan using s_2_a_b_e_d_c_idx on s_2  (cost=0.42..3496.42 rows=100000 width=20) (actual time=0.033..0.166 rows=1025 loops=1)
                     Heap Fetches: 0
 Planning time: 0.273 ms
 Execution time: 0.481 ms
(11 rows)

===== 279 [Wed Mar  7 02:10:00 CET 2018] scale:100000 groups:10000 work_mem:64MB incremental:on max_workers:0 =====
SELECT * FROM s_3 ORDER BY a, b, c, d LIMIT 1000
                                                                        QUERY PLAN                                                                        
----------------------------------------------------------------------------------------------------------------------------------------------------------
 Limit  (cost=30.94..30.94 rows=1 width=20) (actual time=0.452..0.452 rows=0 loops=1)
   ->  Limit  (cost=0.93..20.94 rows=1000 width=20) (actual time=0.078..0.424 rows=1000 loops=1)
         ->  Incremental Sort  (cost=0.93..2001.99 rows=100000 width=20) (actual time=0.078..0.368 rows=1000 loops=1)
               Sort Key: s_3.a, s_3.b, s_3.c, s_3.d
               Presorted Key: s_3.a, s_3.b, s_3.c
               Sort Method: quicksort  Memory: 27kB
               Sort Groups: 32
               ->  Index Only Scan using s_3_a_b_c_e_d_idx on s_3  (cost=0.42..3496.42 rows=100000 width=20) (actual time=0.027..0.157 rows=1025 loops=1)
                     Heap Fetches: 0
 Planning time: 0.271 ms
 Execution time: 0.476 ms
(11 rows)

===== 280 [Wed Mar  7 02:10:00 CET 2018] scale:100000 groups:10000 work_mem:64MB incremental:off max_workers:0 =====
SELECT * FROM s_1 ORDER BY a, b LIMIT 1000
                                                         QUERY PLAN                                                          
-----------------------------------------------------------------------------------------------------------------------------
 Limit  (cost=7132.39..7132.39 rows=1 width=20) (actual time=12.563..12.563 rows=0 loops=1)
   ->  Limit  (cost=7119.89..7122.39 rows=1000 width=20) (actual time=12.441..12.534 rows=1000 loops=1)
         ->  Sort  (cost=7119.89..7369.89 rows=100000 width=20) (actual time=12.441..12.479 rows=1000 loops=1)
               Sort Key: s_1.a, s_1.b
               Sort Method: top-N heapsort  Memory: 127kB
               ->  Seq Scan on s_1  (cost=0.00..1637.00 rows=100000 width=20) (actual time=0.010..5.066 rows=100000 loops=1)
 Planning time: 0.278 ms
 Execution time: 12.601 ms
(8 rows)

===== 281 [Wed Mar  7 02:10:01 CET 2018] scale:100000 groups:10000 work_mem:64MB incremental:off max_workers:0 =====
SELECT * FROM s_2 ORDER BY a, b, c LIMIT 1000
                                                         QUERY PLAN                                                          
-----------------------------------------------------------------------------------------------------------------------------
 Limit  (cost=7132.39..7132.39 rows=1 width=20) (actual time=12.592..12.592 rows=0 loops=1)
   ->  Limit  (cost=7119.89..7122.39 rows=1000 width=20) (actual time=12.471..12.563 rows=1000 loops=1)
         ->  Sort  (cost=7119.89..7369.89 rows=100000 width=20) (actual time=12.471..12.508 rows=1000 loops=1)
               Sort Key: s_2.a, s_2.b, s_2.c
               Sort Method: top-N heapsort  Memory: 127kB
               ->  Seq Scan on s_2  (cost=0.00..1637.00 rows=100000 width=20) (actual time=0.010..5.084 rows=100000 loops=1)
 Planning time: 0.278 ms
 Execution time: 12.628 ms
(8 rows)

===== 282 [Wed Mar  7 02:10:01 CET 2018] scale:100000 groups:10000 work_mem:64MB incremental:off max_workers:0 =====
SELECT * FROM s_3 ORDER BY a, b, c, d LIMIT 1000
                                                         QUERY PLAN                                                          
-----------------------------------------------------------------------------------------------------------------------------
 Limit  (cost=7132.39..7132.39 rows=1 width=20) (actual time=12.524..12.524 rows=0 loops=1)
   ->  Limit  (cost=7119.89..7122.39 rows=1000 width=20) (actual time=12.404..12.496 rows=1000 loops=1)
         ->  Sort  (cost=7119.89..7369.89 rows=100000 width=20) (actual time=12.403..12.442 rows=1000 loops=1)
               Sort Key: s_3.a, s_3.b, s_3.c, s_3.d
               Sort Method: top-N heapsort  Memory: 127kB
               ->  Seq Scan on s_3  (cost=0.00..1637.00 rows=100000 width=20) (actual time=0.010..5.062 rows=100000 loops=1)
 Planning time: 0.277 ms
 Execution time: 12.562 ms
(8 rows)

===== 283 [Wed Mar  7 02:10:01 CET 2018] scale:100000 groups:10000 work_mem:128MB incremental:on max_workers:0 =====
SELECT * FROM s_1 ORDER BY a, b LIMIT 1000
                                                                        QUERY PLAN                                                                        
----------------------------------------------------------------------------------------------------------------------------------------------------------
 Limit  (cost=30.93..30.93 rows=1 width=20) (actual time=0.530..0.530 rows=0 loops=1)
   ->  Limit  (cost=0.94..20.93 rows=1000 width=20) (actual time=0.083..0.502 rows=1000 loops=1)
         ->  Incremental Sort  (cost=0.94..1999.71 rows=100000 width=20) (actual time=0.082..0.443 rows=1000 loops=1)
               Sort Key: s_1.a, s_1.b
               Presorted Key: s_1.a
               Sort Method: quicksort  Memory: 28kB
               Sort Groups: 28
               ->  Index Only Scan using s_1_a_e_d_c_b_idx on s_1  (cost=0.42..3496.42 rows=100000 width=20) (actual time=0.027..0.162 rows=1036 loops=1)
                     Heap Fetches: 0
 Planning time: 0.273 ms
 Execution time: 0.555 ms
(11 rows)

===== 284 [Wed Mar  7 02:10:01 CET 2018] scale:100000 groups:10000 work_mem:128MB incremental:on max_workers:0 =====
SELECT * FROM s_2 ORDER BY a, b, c LIMIT 1000
                                                                        QUERY PLAN                                                                        
----------------------------------------------------------------------------------------------------------------------------------------------------------
 Limit  (cost=30.94..30.94 rows=1 width=20) (actual time=0.457..0.457 rows=0 loops=1)
   ->  Limit  (cost=0.93..20.94 rows=1000 width=20) (actual time=0.092..0.429 rows=1000 loops=1)
         ->  Incremental Sort  (cost=0.93..2001.99 rows=100000 width=20) (actual time=0.092..0.373 rows=1000 loops=1)
               Sort Key: s_2.a, s_2.b, s_2.c
               Presorted Key: s_2.a, s_2.b
               Sort Method: quicksort  Memory: 27kB
               Sort Groups: 32
               ->  Index Only Scan using s_2_a_b_e_d_c_idx on s_2  (cost=0.42..3496.42 rows=100000 width=20) (actual time=0.033..0.160 rows=1025 loops=1)
                     Heap Fetches: 0
 Planning time: 0.268 ms
 Execution time: 0.481 ms
(11 rows)

===== 285 [Wed Mar  7 02:10:01 CET 2018] scale:100000 groups:10000 work_mem:128MB incremental:on max_workers:0 =====
SELECT * FROM s_3 ORDER BY a, b, c, d LIMIT 1000
                                                                        QUERY PLAN                                                                        
----------------------------------------------------------------------------------------------------------------------------------------------------------
 Limit  (cost=30.94..30.94 rows=1 width=20) (actual time=0.454..0.454 rows=0 loops=1)
   ->  Limit  (cost=0.93..20.94 rows=1000 width=20) (actual time=0.083..0.426 rows=1000 loops=1)
         ->  Incremental Sort  (cost=0.93..2001.99 rows=100000 width=20) (actual time=0.083..0.370 rows=1000 loops=1)
               Sort Key: s_3.a, s_3.b, s_3.c, s_3.d
               Presorted Key: s_3.a, s_3.b, s_3.c
               Sort Method: quicksort  Memory: 27kB
               Sort Groups: 32
               ->  Index Only Scan using s_3_a_b_c_e_d_idx on s_3  (cost=0.42..3496.42 rows=100000 width=20) (actual time=0.026..0.161 rows=1025 loops=1)
                     Heap Fetches: 0
 Planning time: 0.279 ms
 Execution time: 0.479 ms
(11 rows)

===== 286 [Wed Mar  7 02:10:01 CET 2018] scale:100000 groups:10000 work_mem:128MB incremental:off max_workers:0 =====
SELECT * FROM s_1 ORDER BY a, b LIMIT 1000
                                                         QUERY PLAN                                                          
-----------------------------------------------------------------------------------------------------------------------------
 Limit  (cost=7132.39..7132.39 rows=1 width=20) (actual time=12.562..12.562 rows=0 loops=1)
   ->  Limit  (cost=7119.89..7122.39 rows=1000 width=20) (actual time=12.440..12.533 rows=1000 loops=1)
         ->  Sort  (cost=7119.89..7369.89 rows=100000 width=20) (actual time=12.440..12.477 rows=1000 loops=1)
               Sort Key: s_1.a, s_1.b
               Sort Method: top-N heapsort  Memory: 127kB
               ->  Seq Scan on s_1  (cost=0.00..1637.00 rows=100000 width=20) (actual time=0.010..5.067 rows=100000 loops=1)
 Planning time: 0.267 ms
 Execution time: 12.600 ms
(8 rows)

===== 287 [Wed Mar  7 02:10:01 CET 2018] scale:100000 groups:10000 work_mem:128MB incremental:off max_workers:0 =====
SELECT * FROM s_2 ORDER BY a, b, c LIMIT 1000
                                                         QUERY PLAN                                                          
-----------------------------------------------------------------------------------------------------------------------------
 Limit  (cost=7132.39..7132.39 rows=1 width=20) (actual time=12.607..12.607 rows=0 loops=1)
   ->  Limit  (cost=7119.89..7122.39 rows=1000 width=20) (actual time=12.486..12.579 rows=1000 loops=1)
         ->  Sort  (cost=7119.89..7369.89 rows=100000 width=20) (actual time=12.485..12.524 rows=1000 loops=1)
               Sort Key: s_2.a, s_2.b, s_2.c
               Sort Method: top-N heapsort  Memory: 127kB
               ->  Seq Scan on s_2  (cost=0.00..1637.00 rows=100000 width=20) (actual time=0.010..5.086 rows=100000 loops=1)
 Planning time: 0.270 ms
 Execution time: 12.644 ms
(8 rows)

===== 288 [Wed Mar  7 02:10:01 CET 2018] scale:100000 groups:10000 work_mem:128MB incremental:off max_workers:0 =====
SELECT * FROM s_3 ORDER BY a, b, c, d LIMIT 1000
                                                         QUERY PLAN                                                          
-----------------------------------------------------------------------------------------------------------------------------
 Limit  (cost=7132.39..7132.39 rows=1 width=20) (actual time=12.523..12.523 rows=0 loops=1)
   ->  Limit  (cost=7119.89..7122.39 rows=1000 width=20) (actual time=12.402..12.495 rows=1000 loops=1)
         ->  Sort  (cost=7119.89..7369.89 rows=100000 width=20) (actual time=12.402..12.440 rows=1000 loops=1)
               Sort Key: s_3.a, s_3.b, s_3.c, s_3.d
               Sort Method: top-N heapsort  Memory: 127kB
               ->  Seq Scan on s_3  (cost=0.00..1637.00 rows=100000 width=20) (actual time=0.010..5.063 rows=100000 loops=1)
 Planning time: 0.278 ms
 Execution time: 12.560 ms
(8 rows)

===== 289 [Wed Mar  7 02:10:02 CET 2018] scale:100000 groups:10000 work_mem:256MB incremental:on max_workers:0 =====
SELECT * FROM s_1 ORDER BY a, b LIMIT 1000
                                                                        QUERY PLAN                                                                        
----------------------------------------------------------------------------------------------------------------------------------------------------------
 Limit  (cost=30.93..30.93 rows=1 width=20) (actual time=0.527..0.527 rows=0 loops=1)
   ->  Limit  (cost=0.94..20.93 rows=1000 width=20) (actual time=0.085..0.499 rows=1000 loops=1)
         ->  Incremental Sort  (cost=0.94..1999.71 rows=100000 width=20) (actual time=0.085..0.444 rows=1000 loops=1)
               Sort Key: s_1.a, s_1.b
               Presorted Key: s_1.a
               Sort Method: quicksort  Memory: 28kB
               Sort Groups: 28
               ->  Index Only Scan using s_1_a_e_d_c_b_idx on s_1  (cost=0.42..3496.42 rows=100000 width=20) (actual time=0.027..0.161 rows=1036 loops=1)
                     Heap Fetches: 0
 Planning time: 0.279 ms
 Execution time: 0.554 ms
(11 rows)

===== 290 [Wed Mar  7 02:10:02 CET 2018] scale:100000 groups:10000 work_mem:256MB incremental:on max_workers:0 =====
SELECT * FROM s_2 ORDER BY a, b, c LIMIT 1000
                                                                        QUERY PLAN                                                                        
----------------------------------------------------------------------------------------------------------------------------------------------------------
 Limit  (cost=30.94..30.94 rows=1 width=20) (actual time=0.449..0.449 rows=0 loops=1)
   ->  Limit  (cost=0.93..20.94 rows=1000 width=20) (actual time=0.085..0.421 rows=1000 loops=1)
         ->  Incremental Sort  (cost=0.93..2001.99 rows=100000 width=20) (actual time=0.085..0.365 rows=1000 loops=1)
               Sort Key: s_2.a, s_2.b, s_2.c
               Presorted Key: s_2.a, s_2.b
               Sort Method: quicksort  Memory: 27kB
               Sort Groups: 32
               ->  Index Only Scan using s_2_a_b_e_d_c_idx on s_2  (cost=0.42..3496.42 rows=100000 width=20) (actual time=0.033..0.159 rows=1025 loops=1)
                     Heap Fetches: 0
 Planning time: 0.277 ms
 Execution time: 0.474 ms
(11 rows)

===== 291 [Wed Mar  7 02:10:02 CET 2018] scale:100000 groups:10000 work_mem:256MB incremental:on max_workers:0 =====
SELECT * FROM s_3 ORDER BY a, b, c, d LIMIT 1000
                                                                        QUERY PLAN                                                                        
----------------------------------------------------------------------------------------------------------------------------------------------------------
 Limit  (cost=30.94..30.94 rows=1 width=20) (actual time=0.452..0.452 rows=0 loops=1)
   ->  Limit  (cost=0.93..20.94 rows=1000 width=20) (actual time=0.076..0.424 rows=1000 loops=1)
         ->  Incremental Sort  (cost=0.93..2001.99 rows=100000 width=20) (actual time=0.076..0.368 rows=1000 loops=1)
               Sort Key: s_3.a, s_3.b, s_3.c, s_3.d
               Presorted Key: s_3.a, s_3.b, s_3.c
               Sort Method: quicksort  Memory: 27kB
               Sort Groups: 32
               ->  Index Only Scan using s_3_a_b_c_e_d_idx on s_3  (cost=0.42..3496.42 rows=100000 width=20) (actual time=0.026..0.156 rows=1025 loops=1)
                     Heap Fetches: 0
 Planning time: 0.273 ms
 Execution time: 0.476 ms
(11 rows)

===== 292 [Wed Mar  7 02:10:02 CET 2018] scale:100000 groups:10000 work_mem:256MB incremental:off max_workers:0 =====
SELECT * FROM s_1 ORDER BY a, b LIMIT 1000
                                                         QUERY PLAN                                                          
-----------------------------------------------------------------------------------------------------------------------------
 Limit  (cost=7132.39..7132.39 rows=1 width=20) (actual time=12.566..12.566 rows=0 loops=1)
   ->  Limit  (cost=7119.89..7122.39 rows=1000 width=20) (actual time=12.441..12.537 rows=1000 loops=1)
         ->  Sort  (cost=7119.89..7369.89 rows=100000 width=20) (actual time=12.441..12.482 rows=1000 loops=1)
               Sort Key: s_1.a, s_1.b
               Sort Method: top-N heapsort  Memory: 127kB
               ->  Seq Scan on s_1  (cost=0.00..1637.00 rows=100000 width=20) (actual time=0.010..5.074 rows=100000 loops=1)
 Planning time: 0.266 ms
 Execution time: 12.603 ms
(8 rows)

===== 293 [Wed Mar  7 02:10:02 CET 2018] scale:100000 groups:10000 work_mem:256MB incremental:off max_workers:0 =====
SELECT * FROM s_2 ORDER BY a, b, c LIMIT 1000
                                                         QUERY PLAN                                                          
-----------------------------------------------------------------------------------------------------------------------------
 Limit  (cost=7132.39..7132.39 rows=1 width=20) (actual time=12.612..12.612 rows=0 loops=1)
   ->  Limit  (cost=7119.89..7122.39 rows=1000 width=20) (actual time=12.490..12.583 rows=1000 loops=1)
         ->  Sort  (cost=7119.89..7369.89 rows=100000 width=20) (actual time=12.490..12.528 rows=1000 loops=1)
               Sort Key: s_2.a, s_2.b, s_2.c
               Sort Method: top-N heapsort  Memory: 127kB
               ->  Seq Scan on s_2  (cost=0.00..1637.00 rows=100000 width=20) (actual time=0.010..5.074 rows=100000 loops=1)
 Planning time: 0.267 ms
 Execution time: 12.648 ms
(8 rows)

===== 294 [Wed Mar  7 02:10:02 CET 2018] scale:100000 groups:10000 work_mem:256MB incremental:off max_workers:0 =====
SELECT * FROM s_3 ORDER BY a, b, c, d LIMIT 1000
                                                         QUERY PLAN                                                          
-----------------------------------------------------------------------------------------------------------------------------
 Limit  (cost=7132.39..7132.39 rows=1 width=20) (actual time=12.529..12.529 rows=0 loops=1)
   ->  Limit  (cost=7119.89..7122.39 rows=1000 width=20) (actual time=12.405..12.501 rows=1000 loops=1)
         ->  Sort  (cost=7119.89..7369.89 rows=100000 width=20) (actual time=12.404..12.443 rows=1000 loops=1)
               Sort Key: s_3.a, s_3.b, s_3.c, s_3.d
               Sort Method: top-N heapsort  Memory: 127kB
               ->  Seq Scan on s_3  (cost=0.00..1637.00 rows=100000 width=20) (actual time=0.010..5.052 rows=100000 loops=1)
 Planning time: 0.266 ms
 Execution time: 12.566 ms
(8 rows)

===== 295 [Wed Mar  7 02:10:02 CET 2018] scale:100000 groups:10000 work_mem:4MB incremental:on max_workers:2 =====
SELECT * FROM s_1 ORDER BY a, b LIMIT 1000
                                                                        QUERY PLAN                                                                        
----------------------------------------------------------------------------------------------------------------------------------------------------------
 Limit  (cost=30.93..30.93 rows=1 width=20) (actual time=0.525..0.525 rows=0 loops=1)
   ->  Limit  (cost=0.94..20.93 rows=1000 width=20) (actual time=0.083..0.497 rows=1000 loops=1)
         ->  Incremental Sort  (cost=0.94..1999.71 rows=100000 width=20) (actual time=0.082..0.441 rows=1000 loops=1)
               Sort Key: s_1.a, s_1.b
               Presorted Key: s_1.a
               Sort Method: quicksort  Memory: 28kB
               Sort Groups: 28
               ->  Index Only Scan using s_1_a_e_d_c_b_idx on s_1  (cost=0.42..3496.42 rows=100000 width=20) (actual time=0.027..0.161 rows=1036 loops=1)
                     Heap Fetches: 0
 Planning time: 0.276 ms
 Execution time: 0.551 ms
(11 rows)

===== 296 [Wed Mar  7 02:10:02 CET 2018] scale:100000 groups:10000 work_mem:4MB incremental:on max_workers:2 =====
SELECT * FROM s_2 ORDER BY a, b, c LIMIT 1000
                                                                        QUERY PLAN                                                                        
----------------------------------------------------------------------------------------------------------------------------------------------------------
 Limit  (cost=30.94..30.94 rows=1 width=20) (actual time=0.455..0.455 rows=0 loops=1)
   ->  Limit  (cost=0.93..20.94 rows=1000 width=20) (actual time=0.086..0.426 rows=1000 loops=1)
         ->  Incremental Sort  (cost=0.93..2001.99 rows=100000 width=20) (actual time=0.085..0.371 rows=1000 loops=1)
               Sort Key: s_2.a, s_2.b, s_2.c
               Presorted Key: s_2.a, s_2.b
               Sort Method: quicksort  Memory: 27kB
               Sort Groups: 32
               ->  Index Only Scan using s_2_a_b_e_d_c_idx on s_2  (cost=0.42..3496.42 rows=100000 width=20) (actual time=0.033..0.160 rows=1025 loops=1)
                     Heap Fetches: 0
 Planning time: 0.277 ms
 Execution time: 0.483 ms
(11 rows)

===== 297 [Wed Mar  7 02:10:02 CET 2018] scale:100000 groups:10000 work_mem:4MB incremental:on max_workers:2 =====
SELECT * FROM s_3 ORDER BY a, b, c, d LIMIT 1000
                                                                        QUERY PLAN                                                                        
----------------------------------------------------------------------------------------------------------------------------------------------------------
 Limit  (cost=30.94..30.94 rows=1 width=20) (actual time=0.450..0.450 rows=0 loops=1)
   ->  Limit  (cost=0.93..20.94 rows=1000 width=20) (actual time=0.076..0.422 rows=1000 loops=1)
         ->  Incremental Sort  (cost=0.93..2001.99 rows=100000 width=20) (actual time=0.075..0.367 rows=1000 loops=1)
               Sort Key: s_3.a, s_3.b, s_3.c, s_3.d
               Presorted Key: s_3.a, s_3.b, s_3.c
               Sort Method: quicksort  Memory: 27kB
               Sort Groups: 32
               ->  Index Only Scan using s_3_a_b_c_e_d_idx on s_3  (cost=0.42..3496.42 rows=100000 width=20) (actual time=0.026..0.156 rows=1025 loops=1)
                     Heap Fetches: 0
 Planning time: 0.279 ms
 Execution time: 0.475 ms
(11 rows)

===== 298 [Wed Mar  7 02:10:02 CET 2018] scale:100000 groups:10000 work_mem:4MB incremental:off max_workers:2 =====
SELECT * FROM s_1 ORDER BY a, b LIMIT 1000
                                                                               QUERY PLAN                                                                                
-------------------------------------------------------------------------------------------------------------------------------------------------------------------------
 Limit  (cost=6324.34..6324.34 rows=1 width=20) (actual time=10.737..10.737 rows=0 loops=1)
   ->  Limit  (cost=6197.66..6314.34 rows=1000 width=20) (actual time=10.504..10.708 rows=1000 loops=1)
         ->  Gather Merge  (cost=6197.66..15920.64 rows=83334 width=20) (actual time=10.504..10.642 rows=1000 loops=1)
               Workers Planned: 2
               Workers Launched: 2
               ->  Sort  (cost=5197.64..5301.81 rows=41667 width=20) (actual time=9.010..9.050 rows=1000 loops=3)
                     Sort Key: s_1.a, s_1.b
                     Sort Method: top-N heapsort  Memory: 127kB
                     Worker 0:  Sort Method: top-N heapsort  Memory: 127kB
                     Worker 1:  Sort Method: top-N heapsort  Memory: 127kB
                     ->  Parallel Index Only Scan using s_1_a_e_d_c_b_idx on s_1  (cost=0.42..2913.08 rows=41667 width=20) (actual time=0.029..5.109 rows=33333 loops=3)
                           Heap Fetches: 0
 Planning time: 0.287 ms
 Execution time: 11.387 ms
(14 rows)

===== 299 [Wed Mar  7 02:10:02 CET 2018] scale:100000 groups:10000 work_mem:4MB incremental:off max_workers:2 =====
SELECT * FROM s_2 ORDER BY a, b, c LIMIT 1000
                                                                               QUERY PLAN                                                                                
-------------------------------------------------------------------------------------------------------------------------------------------------------------------------
 Limit  (cost=6324.34..6324.34 rows=1 width=20) (actual time=10.832..10.832 rows=0 loops=1)
   ->  Limit  (cost=6197.66..6314.34 rows=1000 width=20) (actual time=10.603..10.803 rows=1000 loops=1)
         ->  Gather Merge  (cost=6197.66..15920.64 rows=83334 width=20) (actual time=10.603..10.742 rows=1000 loops=1)
               Workers Planned: 2
               Workers Launched: 2
               ->  Sort  (cost=5197.64..5301.81 rows=41667 width=20) (actual time=9.063..9.103 rows=1000 loops=3)
                     Sort Key: s_2.a, s_2.b, s_2.c
                     Sort Method: top-N heapsort  Memory: 127kB
                     Worker 0:  Sort Method: top-N heapsort  Memory: 127kB
                     Worker 1:  Sort Method: top-N heapsort  Memory: 127kB
                     ->  Parallel Index Only Scan using s_2_a_b_e_d_c_idx on s_2  (cost=0.42..2913.08 rows=41667 width=20) (actual time=0.045..5.160 rows=33333 loops=3)
                           Heap Fetches: 0
 Planning time: 0.281 ms
 Execution time: 11.506 ms
(14 rows)

===== 300 [Wed Mar  7 02:10:03 CET 2018] scale:100000 groups:10000 work_mem:4MB incremental:off max_workers:2 =====
SELECT * FROM s_3 ORDER BY a, b, c, d LIMIT 1000
                                                                               QUERY PLAN                                                                                
-------------------------------------------------------------------------------------------------------------------------------------------------------------------------
 Limit  (cost=6324.34..6324.34 rows=1 width=20) (actual time=10.821..10.821 rows=0 loops=1)
   ->  Limit  (cost=6197.66..6314.34 rows=1000 width=20) (actual time=10.592..10.792 rows=1000 loops=1)
         ->  Gather Merge  (cost=6197.66..15920.64 rows=83334 width=20) (actual time=10.591..10.730 rows=1000 loops=1)
               Workers Planned: 2
               Workers Launched: 2
               ->  Sort  (cost=5197.64..5301.81 rows=41667 width=20) (actual time=9.070..9.111 rows=1000 loops=3)
                     Sort Key: s_3.a, s_3.b, s_3.c, s_3.d
                     Sort Method: top-N heapsort  Memory: 127kB
                     Worker 0:  Sort Method: top-N heapsort  Memory: 127kB
                     Worker 1:  Sort Method: top-N heapsort  Memory: 127kB
                     ->  Parallel Index Only Scan using s_3_a_b_c_e_d_idx on s_3  (cost=0.42..2913.08 rows=41667 width=20) (actual time=0.044..5.165 rows=33333 loops=3)
                           Heap Fetches: 0
 Planning time: 0.280 ms
 Execution time: 11.479 ms
(14 rows)

===== 301 [Wed Mar  7 02:10:03 CET 2018] scale:100000 groups:10000 work_mem:8MB incremental:on max_workers:2 =====
SELECT * FROM s_1 ORDER BY a, b LIMIT 1000
                                                                        QUERY PLAN                                                                        
----------------------------------------------------------------------------------------------------------------------------------------------------------
 Limit  (cost=30.93..30.93 rows=1 width=20) (actual time=0.531..0.531 rows=0 loops=1)
   ->  Limit  (cost=0.94..20.93 rows=1000 width=20) (actual time=0.084..0.502 rows=1000 loops=1)
         ->  Incremental Sort  (cost=0.94..1999.71 rows=100000 width=20) (actual time=0.084..0.447 rows=1000 loops=1)
               Sort Key: s_1.a, s_1.b
               Presorted Key: s_1.a
               Sort Method: quicksort  Memory: 28kB
               Sort Groups: 28
               ->  Index Only Scan using s_1_a_e_d_c_b_idx on s_1  (cost=0.42..3496.42 rows=100000 width=20) (actual time=0.027..0.166 rows=1036 loops=1)
                     Heap Fetches: 0
 Planning time: 0.272 ms
 Execution time: 0.556 ms
(11 rows)

===== 302 [Wed Mar  7 02:10:03 CET 2018] scale:100000 groups:10000 work_mem:8MB incremental:on max_workers:2 =====
SELECT * FROM s_2 ORDER BY a, b, c LIMIT 1000
                                                                        QUERY PLAN                                                                        
----------------------------------------------------------------------------------------------------------------------------------------------------------
 Limit  (cost=30.94..30.94 rows=1 width=20) (actual time=0.459..0.459 rows=0 loops=1)
   ->  Limit  (cost=0.93..20.94 rows=1000 width=20) (actual time=0.087..0.430 rows=1000 loops=1)
         ->  Incremental Sort  (cost=0.93..2001.99 rows=100000 width=20) (actual time=0.087..0.375 rows=1000 loops=1)
               Sort Key: s_2.a, s_2.b, s_2.c
               Presorted Key: s_2.a, s_2.b
               Sort Method: quicksort  Memory: 27kB
               Sort Groups: 32
               ->  Index Only Scan using s_2_a_b_e_d_c_idx on s_2  (cost=0.42..3496.42 rows=100000 width=20) (actual time=0.033..0.160 rows=1025 loops=1)
                     Heap Fetches: 0
 Planning time: 0.279 ms
 Execution time: 0.487 ms
(11 rows)

===== 303 [Wed Mar  7 02:10:03 CET 2018] scale:100000 groups:10000 work_mem:8MB incremental:on max_workers:2 =====
SELECT * FROM s_3 ORDER BY a, b, c, d LIMIT 1000
                                                                        QUERY PLAN                                                                        
----------------------------------------------------------------------------------------------------------------------------------------------------------
 Limit  (cost=30.94..30.94 rows=1 width=20) (actual time=0.445..0.445 rows=0 loops=1)
   ->  Limit  (cost=0.93..20.94 rows=1000 width=20) (actual time=0.075..0.417 rows=1000 loops=1)
         ->  Incremental Sort  (cost=0.93..2001.99 rows=100000 width=20) (actual time=0.074..0.362 rows=1000 loops=1)
               Sort Key: s_3.a, s_3.b, s_3.c, s_3.d
               Presorted Key: s_3.a, s_3.b, s_3.c
               Sort Method: quicksort  Memory: 27kB
               Sort Groups: 32
               ->  Index Only Scan using s_3_a_b_c_e_d_idx on s_3  (cost=0.42..3496.42 rows=100000 width=20) (actual time=0.026..0.154 rows=1025 loops=1)
                     Heap Fetches: 0
 Planning time: 0.276 ms
 Execution time: 0.470 ms
(11 rows)

===== 304 [Wed Mar  7 02:10:03 CET 2018] scale:100000 groups:10000 work_mem:8MB incremental:off max_workers:2 =====
SELECT * FROM s_1 ORDER BY a, b LIMIT 1000
                                                                               QUERY PLAN                                                                                
-------------------------------------------------------------------------------------------------------------------------------------------------------------------------
 Limit  (cost=6324.34..6324.34 rows=1 width=20) (actual time=9.947..9.947 rows=0 loops=1)
   ->  Limit  (cost=6197.66..6314.34 rows=1000 width=20) (actual time=9.714..9.915 rows=1000 loops=1)
         ->  Gather Merge  (cost=6197.66..15920.64 rows=83334 width=20) (actual time=9.713..9.856 rows=1000 loops=1)
               Workers Planned: 2
               Workers Launched: 2
               ->  Sort  (cost=5197.64..5301.81 rows=41667 width=20) (actual time=8.219..8.259 rows=1000 loops=3)
                     Sort Key: s_1.a, s_1.b
                     Sort Method: top-N heapsort  Memory: 127kB
                     Worker 0:  Sort Method: top-N heapsort  Memory: 127kB
                     Worker 1:  Sort Method: top-N heapsort  Memory: 127kB
                     ->  Parallel Index Only Scan using s_1_a_e_d_c_b_idx on s_1  (cost=0.42..2913.08 rows=41667 width=20) (actual time=0.025..4.363 rows=33333 loops=3)
                           Heap Fetches: 0
 Planning time: 0.280 ms
 Execution time: 10.586 ms
(14 rows)

===== 305 [Wed Mar  7 02:10:03 CET 2018] scale:100000 groups:10000 work_mem:8MB incremental:off max_workers:2 =====
SELECT * FROM s_2 ORDER BY a, b, c LIMIT 1000
                                                                               QUERY PLAN                                                                                
-------------------------------------------------------------------------------------------------------------------------------------------------------------------------
 Limit  (cost=6324.34..6324.34 rows=1 width=20) (actual time=9.965..9.965 rows=0 loops=1)
   ->  Limit  (cost=6197.66..6314.34 rows=1000 width=20) (actual time=9.737..9.936 rows=1000 loops=1)
         ->  Gather Merge  (cost=6197.66..15920.64 rows=83334 width=20) (actual time=9.736..9.876 rows=1000 loops=1)
               Workers Planned: 2
               Workers Launched: 2
               ->  Sort  (cost=5197.64..5301.81 rows=41667 width=20) (actual time=8.219..8.260 rows=1000 loops=3)
                     Sort Key: s_2.a, s_2.b, s_2.c
                     Sort Method: top-N heapsort  Memory: 127kB
                     Worker 0:  Sort Method: top-N heapsort  Memory: 127kB
                     Worker 1:  Sort Method: top-N heapsort  Memory: 127kB
                     ->  Parallel Index Only Scan using s_2_a_b_e_d_c_idx on s_2  (cost=0.42..2913.08 rows=41667 width=20) (actual time=0.029..4.352 rows=33333 loops=3)
                           Heap Fetches: 0
 Planning time: 0.280 ms
 Execution time: 10.588 ms
(14 rows)

===== 306 [Wed Mar  7 02:10:03 CET 2018] scale:100000 groups:10000 work_mem:8MB incremental:off max_workers:2 =====
SELECT * FROM s_3 ORDER BY a, b, c, d LIMIT 1000
                                                                               QUERY PLAN                                                                                
-------------------------------------------------------------------------------------------------------------------------------------------------------------------------
 Limit  (cost=6324.34..6324.34 rows=1 width=20) (actual time=9.955..9.955 rows=0 loops=1)
   ->  Limit  (cost=6197.66..6314.34 rows=1000 width=20) (actual time=9.723..9.924 rows=1000 loops=1)
         ->  Gather Merge  (cost=6197.66..15920.64 rows=83334 width=20) (actual time=9.723..9.864 rows=1000 loops=1)
               Workers Planned: 2
               Workers Launched: 2
               ->  Sort  (cost=5197.64..5301.81 rows=41667 width=20) (actual time=8.219..8.259 rows=1000 loops=3)
                     Sort Key: s_3.a, s_3.b, s_3.c, s_3.d
                     Sort Method: top-N heapsort  Memory: 127kB
                     Worker 0:  Sort Method: top-N heapsort  Memory: 127kB
                     Worker 1:  Sort Method: top-N heapsort  Memory: 127kB
                     ->  Parallel Index Only Scan using s_3_a_b_c_e_d_idx on s_3  (cost=0.42..2913.08 rows=41667 width=20) (actual time=0.027..4.347 rows=33333 loops=3)
                           Heap Fetches: 0
 Planning time: 0.284 ms
 Execution time: 10.605 ms
(14 rows)

===== 307 [Wed Mar  7 02:10:03 CET 2018] scale:100000 groups:10000 work_mem:16MB incremental:on max_workers:2 =====
SELECT * FROM s_1 ORDER BY a, b LIMIT 1000
                                                                        QUERY PLAN                                                                        
----------------------------------------------------------------------------------------------------------------------------------------------------------
 Limit  (cost=30.93..30.93 rows=1 width=20) (actual time=0.529..0.529 rows=0 loops=1)
   ->  Limit  (cost=0.94..20.93 rows=1000 width=20) (actual time=0.084..0.501 rows=1000 loops=1)
         ->  Incremental Sort  (cost=0.94..1999.71 rows=100000 width=20) (actual time=0.083..0.446 rows=1000 loops=1)
               Sort Key: s_1.a, s_1.b
               Presorted Key: s_1.a
               Sort Method: quicksort  Memory: 28kB
               Sort Groups: 28
               ->  Index Only Scan using s_1_a_e_d_c_b_idx on s_1  (cost=0.42..3496.42 rows=100000 width=20) (actual time=0.027..0.164 rows=1036 loops=1)
                     Heap Fetches: 0
 Planning time: 0.272 ms
 Execution time: 0.554 ms
(11 rows)

===== 308 [Wed Mar  7 02:10:03 CET 2018] scale:100000 groups:10000 work_mem:16MB incremental:on max_workers:2 =====
SELECT * FROM s_2 ORDER BY a, b, c LIMIT 1000
                                                                        QUERY PLAN                                                                        
----------------------------------------------------------------------------------------------------------------------------------------------------------
 Limit  (cost=30.94..30.94 rows=1 width=20) (actual time=0.452..0.452 rows=0 loops=1)
   ->  Limit  (cost=0.93..20.94 rows=1000 width=20) (actual time=0.088..0.423 rows=1000 loops=1)
         ->  Incremental Sort  (cost=0.93..2001.99 rows=100000 width=20) (actual time=0.088..0.368 rows=1000 loops=1)
               Sort Key: s_2.a, s_2.b, s_2.c
               Presorted Key: s_2.a, s_2.b
               Sort Method: quicksort  Memory: 27kB
               Sort Groups: 32
               ->  Index Only Scan using s_2_a_b_e_d_c_idx on s_2  (cost=0.42..3496.42 rows=100000 width=20) (actual time=0.036..0.162 rows=1025 loops=1)
                     Heap Fetches: 0
 Planning time: 0.279 ms
 Execution time: 0.480 ms
(11 rows)

===== 309 [Wed Mar  7 02:10:04 CET 2018] scale:100000 groups:10000 work_mem:16MB incremental:on max_workers:2 =====
SELECT * FROM s_3 ORDER BY a, b, c, d LIMIT 1000
                                                                        QUERY PLAN                                                                        
----------------------------------------------------------------------------------------------------------------------------------------------------------
 Limit  (cost=30.94..30.94 rows=1 width=20) (actual time=0.455..0.455 rows=0 loops=1)
   ->  Limit  (cost=0.93..20.94 rows=1000 width=20) (actual time=0.084..0.427 rows=1000 loops=1)
         ->  Incremental Sort  (cost=0.93..2001.99 rows=100000 width=20) (actual time=0.084..0.371 rows=1000 loops=1)
               Sort Key: s_3.a, s_3.b, s_3.c, s_3.d
               Presorted Key: s_3.a, s_3.b, s_3.c
               Sort Method: quicksort  Memory: 27kB
               Sort Groups: 32
               ->  Index Only Scan using s_3_a_b_c_e_d_idx on s_3  (cost=0.42..3496.42 rows=100000 width=20) (actual time=0.026..0.155 rows=1025 loops=1)
                     Heap Fetches: 0
 Planning time: 0.280 ms
 Execution time: 0.479 ms
(11 rows)

===== 310 [Wed Mar  7 02:10:04 CET 2018] scale:100000 groups:10000 work_mem:16MB incremental:off max_workers:2 =====
SELECT * FROM s_1 ORDER BY a, b LIMIT 1000
                                                                               QUERY PLAN                                                                                
-------------------------------------------------------------------------------------------------------------------------------------------------------------------------
 Limit  (cost=6324.34..6324.34 rows=1 width=20) (actual time=9.903..9.903 rows=0 loops=1)
   ->  Limit  (cost=6197.66..6314.34 rows=1000 width=20) (actual time=9.676..9.875 rows=1000 loops=1)
         ->  Gather Merge  (cost=6197.66..15920.64 rows=83334 width=20) (actual time=9.675..9.815 rows=1000 loops=1)
               Workers Planned: 2
               Workers Launched: 2
               ->  Sort  (cost=5197.64..5301.81 rows=41667 width=20) (actual time=8.222..8.263 rows=1000 loops=3)
                     Sort Key: s_1.a, s_1.b
                     Sort Method: top-N heapsort  Memory: 127kB
                     Worker 0:  Sort Method: top-N heapsort  Memory: 127kB
                     Worker 1:  Sort Method: top-N heapsort  Memory: 127kB
                     ->  Parallel Index Only Scan using s_1_a_e_d_c_b_idx on s_1  (cost=0.42..2913.08 rows=41667 width=20) (actual time=0.022..4.374 rows=33333 loops=3)
                           Heap Fetches: 0
 Planning time: 0.274 ms
 Execution time: 10.540 ms
(14 rows)

===== 311 [Wed Mar  7 02:10:04 CET 2018] scale:100000 groups:10000 work_mem:16MB incremental:off max_workers:2 =====
SELECT * FROM s_2 ORDER BY a, b, c LIMIT 1000
                                                                               QUERY PLAN                                                                                
-------------------------------------------------------------------------------------------------------------------------------------------------------------------------
 Limit  (cost=6324.34..6324.34 rows=1 width=20) (actual time=9.960..9.960 rows=0 loops=1)
   ->  Limit  (cost=6197.66..6314.34 rows=1000 width=20) (actual time=9.732..9.931 rows=1000 loops=1)
         ->  Gather Merge  (cost=6197.66..15920.64 rows=83334 width=20) (actual time=9.732..9.870 rows=1000 loops=1)
               Workers Planned: 2
               Workers Launched: 2
               ->  Sort  (cost=5197.64..5301.81 rows=41667 width=20) (actual time=8.224..8.264 rows=1000 loops=3)
                     Sort Key: s_2.a, s_2.b, s_2.c
                     Sort Method: top-N heapsort  Memory: 127kB
                     Worker 0:  Sort Method: top-N heapsort  Memory: 127kB
                     Worker 1:  Sort Method: top-N heapsort  Memory: 127kB
                     ->  Parallel Index Only Scan using s_2_a_b_e_d_c_idx on s_2  (cost=0.42..2913.08 rows=41667 width=20) (actual time=0.029..4.358 rows=33333 loops=3)
                           Heap Fetches: 0
 Planning time: 0.280 ms
 Execution time: 10.596 ms
(14 rows)

===== 312 [Wed Mar  7 02:10:04 CET 2018] scale:100000 groups:10000 work_mem:16MB incremental:off max_workers:2 =====
SELECT * FROM s_3 ORDER BY a, b, c, d LIMIT 1000
                                                                               QUERY PLAN                                                                                
-------------------------------------------------------------------------------------------------------------------------------------------------------------------------
 Limit  (cost=6324.34..6324.34 rows=1 width=20) (actual time=9.958..9.958 rows=0 loops=1)
   ->  Limit  (cost=6197.66..6314.34 rows=1000 width=20) (actual time=9.726..9.929 rows=1000 loops=1)
         ->  Gather Merge  (cost=6197.66..15920.64 rows=83334 width=20) (actual time=9.726..9.866 rows=1000 loops=1)
               Workers Planned: 2
               Workers Launched: 2
               ->  Sort  (cost=5197.64..5301.81 rows=41667 width=20) (actual time=8.220..8.260 rows=1000 loops=3)
                     Sort Key: s_3.a, s_3.b, s_3.c, s_3.d
                     Sort Method: top-N heapsort  Memory: 127kB
                     Worker 0:  Sort Method: top-N heapsort  Memory: 127kB
                     Worker 1:  Sort Method: top-N heapsort  Memory: 127kB
                     ->  Parallel Index Only Scan using s_3_a_b_c_e_d_idx on s_3  (cost=0.42..2913.08 rows=41667 width=20) (actual time=0.027..4.348 rows=33333 loops=3)
                           Heap Fetches: 0
 Planning time: 0.277 ms
 Execution time: 10.613 ms
(14 rows)

===== 313 [Wed Mar  7 02:10:04 CET 2018] scale:100000 groups:10000 work_mem:32MB incremental:on max_workers:2 =====
SELECT * FROM s_1 ORDER BY a, b LIMIT 1000
                                                                        QUERY PLAN                                                                        
----------------------------------------------------------------------------------------------------------------------------------------------------------
 Limit  (cost=30.93..30.93 rows=1 width=20) (actual time=0.527..0.527 rows=0 loops=1)
   ->  Limit  (cost=0.94..20.93 rows=1000 width=20) (actual time=0.086..0.500 rows=1000 loops=1)
         ->  Incremental Sort  (cost=0.94..1999.71 rows=100000 width=20) (actual time=0.085..0.444 rows=1000 loops=1)
               Sort Key: s_1.a, s_1.b
               Presorted Key: s_1.a
               Sort Method: quicksort  Memory: 28kB
               Sort Groups: 28
               ->  Index Only Scan using s_1_a_e_d_c_b_idx on s_1  (cost=0.42..3496.42 rows=100000 width=20) (actual time=0.027..0.162 rows=1036 loops=1)
                     Heap Fetches: 0
 Planning time: 0.285 ms
 Execution time: 0.553 ms
(11 rows)

===== 314 [Wed Mar  7 02:10:04 CET 2018] scale:100000 groups:10000 work_mem:32MB incremental:on max_workers:2 =====
SELECT * FROM s_2 ORDER BY a, b, c LIMIT 1000
                                                                        QUERY PLAN                                                                        
----------------------------------------------------------------------------------------------------------------------------------------------------------
 Limit  (cost=30.94..30.94 rows=1 width=20) (actual time=0.449..0.449 rows=0 loops=1)
   ->  Limit  (cost=0.93..20.94 rows=1000 width=20) (actual time=0.085..0.422 rows=1000 loops=1)
         ->  Incremental Sort  (cost=0.93..2001.99 rows=100000 width=20) (actual time=0.084..0.365 rows=1000 loops=1)
               Sort Key: s_2.a, s_2.b, s_2.c
               Presorted Key: s_2.a, s_2.b
               Sort Method: quicksort  Memory: 27kB
               Sort Groups: 32
               ->  Index Only Scan using s_2_a_b_e_d_c_idx on s_2  (cost=0.42..3496.42 rows=100000 width=20) (actual time=0.033..0.160 rows=1025 loops=1)
                     Heap Fetches: 0
 Planning time: 0.279 ms
 Execution time: 0.483 ms
(11 rows)

===== 315 [Wed Mar  7 02:10:04 CET 2018] scale:100000 groups:10000 work_mem:32MB incremental:on max_workers:2 =====
SELECT * FROM s_3 ORDER BY a, b, c, d LIMIT 1000
                                                                        QUERY PLAN                                                                        
----------------------------------------------------------------------------------------------------------------------------------------------------------
 Limit  (cost=30.94..30.94 rows=1 width=20) (actual time=0.452..0.452 rows=0 loops=1)
   ->  Limit  (cost=0.93..20.94 rows=1000 width=20) (actual time=0.076..0.424 rows=1000 loops=1)
         ->  Incremental Sort  (cost=0.93..2001.99 rows=100000 width=20) (actual time=0.076..0.368 rows=1000 loops=1)
               Sort Key: s_3.a, s_3.b, s_3.c, s_3.d
               Presorted Key: s_3.a, s_3.b, s_3.c
               Sort Method: quicksort  Memory: 27kB
               Sort Groups: 32
               ->  Index Only Scan using s_3_a_b_c_e_d_idx on s_3  (cost=0.42..3496.42 rows=100000 width=20) (actual time=0.026..0.159 rows=1025 loops=1)
                     Heap Fetches: 0
 Planning time: 0.275 ms
 Execution time: 0.476 ms
(11 rows)

===== 316 [Wed Mar  7 02:10:04 CET 2018] scale:100000 groups:10000 work_mem:32MB incremental:off max_workers:2 =====
SELECT * FROM s_1 ORDER BY a, b LIMIT 1000
                                                                               QUERY PLAN                                                                                
-------------------------------------------------------------------------------------------------------------------------------------------------------------------------
 Limit  (cost=6324.34..6324.34 rows=1 width=20) (actual time=9.942..9.942 rows=0 loops=1)
   ->  Limit  (cost=6197.66..6314.34 rows=1000 width=20) (actual time=9.707..9.913 rows=1000 loops=1)
         ->  Gather Merge  (cost=6197.66..15920.64 rows=83334 width=20) (actual time=9.707..9.854 rows=1000 loops=1)
               Workers Planned: 2
               Workers Launched: 2
               ->  Sort  (cost=5197.64..5301.81 rows=41667 width=20) (actual time=8.220..8.262 rows=1000 loops=3)
                     Sort Key: s_1.a, s_1.b
                     Sort Method: top-N heapsort  Memory: 127kB
                     Worker 0:  Sort Method: top-N heapsort  Memory: 127kB
                     Worker 1:  Sort Method: top-N heapsort  Memory: 127kB
                     ->  Parallel Index Only Scan using s_1_a_e_d_c_b_idx on s_1  (cost=0.42..2913.08 rows=41667 width=20) (actual time=0.025..4.373 rows=33333 loops=3)
                           Heap Fetches: 0
 Planning time: 0.279 ms
 Execution time: 10.606 ms
(14 rows)

===== 317 [Wed Mar  7 02:10:04 CET 2018] scale:100000 groups:10000 work_mem:32MB incremental:off max_workers:2 =====
SELECT * FROM s_2 ORDER BY a, b, c LIMIT 1000
                                                                               QUERY PLAN                                                                                
-------------------------------------------------------------------------------------------------------------------------------------------------------------------------
 Limit  (cost=6324.34..6324.34 rows=1 width=20) (actual time=9.926..9.926 rows=0 loops=1)
   ->  Limit  (cost=6197.66..6314.34 rows=1000 width=20) (actual time=9.698..9.897 rows=1000 loops=1)
         ->  Gather Merge  (cost=6197.66..15920.64 rows=83334 width=20) (actual time=9.697..9.836 rows=1000 loops=1)
               Workers Planned: 2
               Workers Launched: 2
               ->  Sort  (cost=5197.64..5301.81 rows=41667 width=20) (actual time=8.198..8.239 rows=1000 loops=3)
                     Sort Key: s_2.a, s_2.b, s_2.c
                     Sort Method: top-N heapsort  Memory: 127kB
                     Worker 0:  Sort Method: top-N heapsort  Memory: 127kB
                     Worker 1:  Sort Method: top-N heapsort  Memory: 127kB
                     ->  Parallel Index Only Scan using s_2_a_b_e_d_c_idx on s_2  (cost=0.42..2913.08 rows=41667 width=20) (actual time=0.029..4.343 rows=33333 loops=3)
                           Heap Fetches: 0
 Planning time: 0.289 ms
 Execution time: 10.572 ms
(14 rows)

===== 318 [Wed Mar  7 02:10:05 CET 2018] scale:100000 groups:10000 work_mem:32MB incremental:off max_workers:2 =====
SELECT * FROM s_3 ORDER BY a, b, c, d LIMIT 1000
                                                                               QUERY PLAN                                                                                
-------------------------------------------------------------------------------------------------------------------------------------------------------------------------
 Limit  (cost=6324.34..6324.34 rows=1 width=20) (actual time=9.990..9.990 rows=0 loops=1)
   ->  Limit  (cost=6197.66..6314.34 rows=1000 width=20) (actual time=9.759..9.960 rows=1000 loops=1)
         ->  Gather Merge  (cost=6197.66..15920.64 rows=83334 width=20) (actual time=9.759..9.897 rows=1000 loops=1)
               Workers Planned: 2
               Workers Launched: 2
               ->  Sort  (cost=5197.64..5301.81 rows=41667 width=20) (actual time=8.232..8.273 rows=1000 loops=3)
                     Sort Key: s_3.a, s_3.b, s_3.c, s_3.d
                     Sort Method: top-N heapsort  Memory: 127kB
                     Worker 0:  Sort Method: top-N heapsort  Memory: 127kB
                     Worker 1:  Sort Method: top-N heapsort  Memory: 127kB
                     ->  Parallel Index Only Scan using s_3_a_b_c_e_d_idx on s_3  (cost=0.42..2913.08 rows=41667 width=20) (actual time=0.032..4.356 rows=33333 loops=3)
                           Heap Fetches: 0
 Planning time: 0.279 ms
 Execution time: 10.596 ms
(14 rows)

===== 319 [Wed Mar  7 02:10:05 CET 2018] scale:100000 groups:10000 work_mem:64MB incremental:on max_workers:2 =====
SELECT * FROM s_1 ORDER BY a, b LIMIT 1000
                                                                        QUERY PLAN                                                                        
----------------------------------------------------------------------------------------------------------------------------------------------------------
 Limit  (cost=30.93..30.93 rows=1 width=20) (actual time=0.534..0.534 rows=0 loops=1)
   ->  Limit  (cost=0.94..20.93 rows=1000 width=20) (actual time=0.092..0.506 rows=1000 loops=1)
         ->  Incremental Sort  (cost=0.94..1999.71 rows=100000 width=20) (actual time=0.092..0.450 rows=1000 loops=1)
               Sort Key: s_1.a, s_1.b
               Presorted Key: s_1.a
               Sort Method: quicksort  Memory: 28kB
               Sort Groups: 28
               ->  Index Only Scan using s_1_a_e_d_c_b_idx on s_1  (cost=0.42..3496.42 rows=100000 width=20) (actual time=0.028..0.162 rows=1036 loops=1)
                     Heap Fetches: 0
 Planning time: 0.279 ms
 Execution time: 0.560 ms
(11 rows)

===== 320 [Wed Mar  7 02:10:05 CET 2018] scale:100000 groups:10000 work_mem:64MB incremental:on max_workers:2 =====
SELECT * FROM s_2 ORDER BY a, b, c LIMIT 1000
                                                                        QUERY PLAN                                                                        
----------------------------------------------------------------------------------------------------------------------------------------------------------
 Limit  (cost=30.94..30.94 rows=1 width=20) (actual time=0.455..0.455 rows=0 loops=1)
   ->  Limit  (cost=0.93..20.94 rows=1000 width=20) (actual time=0.086..0.426 rows=1000 loops=1)
         ->  Incremental Sort  (cost=0.93..2001.99 rows=100000 width=20) (actual time=0.086..0.367 rows=1000 loops=1)
               Sort Key: s_2.a, s_2.b, s_2.c
               Presorted Key: s_2.a, s_2.b
               Sort Method: quicksort  Memory: 27kB
               Sort Groups: 32
               ->  Index Only Scan using s_2_a_b_e_d_c_idx on s_2  (cost=0.42..3496.42 rows=100000 width=20) (actual time=0.033..0.160 rows=1025 loops=1)
                     Heap Fetches: 0
 Planning time: 0.282 ms
 Execution time: 0.486 ms
(11 rows)

===== 321 [Wed Mar  7 02:10:05 CET 2018] scale:100000 groups:10000 work_mem:64MB incremental:on max_workers:2 =====
SELECT * FROM s_3 ORDER BY a, b, c, d LIMIT 1000
                                                                        QUERY PLAN                                                                        
----------------------------------------------------------------------------------------------------------------------------------------------------------
 Limit  (cost=30.94..30.94 rows=1 width=20) (actual time=0.445..0.445 rows=0 loops=1)
   ->  Limit  (cost=0.93..20.94 rows=1000 width=20) (actual time=0.075..0.417 rows=1000 loops=1)
         ->  Incremental Sort  (cost=0.93..2001.99 rows=100000 width=20) (actual time=0.075..0.362 rows=1000 loops=1)
               Sort Key: s_3.a, s_3.b, s_3.c, s_3.d
               Presorted Key: s_3.a, s_3.b, s_3.c
               Sort Method: quicksort  Memory: 27kB
               Sort Groups: 32
               ->  Index Only Scan using s_3_a_b_c_e_d_idx on s_3  (cost=0.42..3496.42 rows=100000 width=20) (actual time=0.025..0.154 rows=1025 loops=1)
                     Heap Fetches: 0
 Planning time: 0.286 ms
 Execution time: 0.469 ms
(11 rows)

===== 322 [Wed Mar  7 02:10:05 CET 2018] scale:100000 groups:10000 work_mem:64MB incremental:off max_workers:2 =====
SELECT * FROM s_1 ORDER BY a, b LIMIT 1000
                                                                               QUERY PLAN                                                                                
-------------------------------------------------------------------------------------------------------------------------------------------------------------------------
 Limit  (cost=6324.34..6324.34 rows=1 width=20) (actual time=9.897..9.897 rows=0 loops=1)
   ->  Limit  (cost=6197.66..6314.34 rows=1000 width=20) (actual time=9.664..9.867 rows=1000 loops=1)
         ->  Gather Merge  (cost=6197.66..15920.64 rows=83334 width=20) (actual time=9.664..9.804 rows=1000 loops=1)
               Workers Planned: 2
               Workers Launched: 2
               ->  Sort  (cost=5197.64..5301.81 rows=41667 width=20) (actual time=8.198..8.238 rows=1000 loops=3)
                     Sort Key: s_1.a, s_1.b
                     Sort Method: top-N heapsort  Memory: 127kB
                     Worker 0:  Sort Method: top-N heapsort  Memory: 127kB
                     Worker 1:  Sort Method: top-N heapsort  Memory: 127kB
                     ->  Parallel Index Only Scan using s_1_a_e_d_c_b_idx on s_1  (cost=0.42..2913.08 rows=41667 width=20) (actual time=0.028..4.355 rows=33333 loops=3)
                           Heap Fetches: 0
 Planning time: 0.294 ms
 Execution time: 10.552 ms
(14 rows)

===== 323 [Wed Mar  7 02:10:05 CET 2018] scale:100000 groups:10000 work_mem:64MB incremental:off max_workers:2 =====
SELECT * FROM s_2 ORDER BY a, b, c LIMIT 1000
                                                                               QUERY PLAN                                                                                
-------------------------------------------------------------------------------------------------------------------------------------------------------------------------
 Limit  (cost=6324.34..6324.34 rows=1 width=20) (actual time=9.971..9.971 rows=0 loops=1)
   ->  Limit  (cost=6197.66..6314.34 rows=1000 width=20) (actual time=9.738..9.942 rows=1000 loops=1)
         ->  Gather Merge  (cost=6197.66..15920.64 rows=83334 width=20) (actual time=9.738..9.879 rows=1000 loops=1)
               Workers Planned: 2
               Workers Launched: 2
               ->  Sort  (cost=5197.64..5301.81 rows=41667 width=20) (actual time=8.228..8.268 rows=1000 loops=3)
                     Sort Key: s_2.a, s_2.b, s_2.c
                     Sort Method: top-N heapsort  Memory: 127kB
                     Worker 0:  Sort Method: top-N heapsort  Memory: 127kB
                     Worker 1:  Sort Method: top-N heapsort  Memory: 127kB
                     ->  Parallel Index Only Scan using s_2_a_b_e_d_c_idx on s_2  (cost=0.42..2913.08 rows=41667 width=20) (actual time=0.031..4.369 rows=33333 loops=3)
                           Heap Fetches: 0
 Planning time: 0.284 ms
 Execution time: 10.621 ms
(14 rows)

===== 324 [Wed Mar  7 02:10:05 CET 2018] scale:100000 groups:10000 work_mem:64MB incremental:off max_workers:2 =====
SELECT * FROM s_3 ORDER BY a, b, c, d LIMIT 1000
                                                                               QUERY PLAN                                                                                
-------------------------------------------------------------------------------------------------------------------------------------------------------------------------
 Limit  (cost=6324.34..6324.34 rows=1 width=20) (actual time=9.903..9.903 rows=0 loops=1)
   ->  Limit  (cost=6197.66..6314.34 rows=1000 width=20) (actual time=9.671..9.873 rows=1000 loops=1)
         ->  Gather Merge  (cost=6197.66..15920.64 rows=83334 width=20) (actual time=9.670..9.810 rows=1000 loops=1)
               Workers Planned: 2
               Workers Launched: 2
               ->  Sort  (cost=5197.64..5301.81 rows=41667 width=20) (actual time=8.211..8.253 rows=1000 loops=3)
                     Sort Key: s_3.a, s_3.b, s_3.c, s_3.d
                     Sort Method: top-N heapsort  Memory: 127kB
                     Worker 0:  Sort Method: top-N heapsort  Memory: 127kB
                     Worker 1:  Sort Method: top-N heapsort  Memory: 127kB
                     ->  Parallel Index Only Scan using s_3_a_b_c_e_d_idx on s_3  (cost=0.42..2913.08 rows=41667 width=20) (actual time=0.027..4.342 rows=33333 loops=3)
                           Heap Fetches: 0
 Planning time: 0.293 ms
 Execution time: 10.558 ms
(14 rows)

===== 325 [Wed Mar  7 02:10:05 CET 2018] scale:100000 groups:10000 work_mem:128MB incremental:on max_workers:2 =====
SELECT * FROM s_1 ORDER BY a, b LIMIT 1000
                                                                        QUERY PLAN                                                                        
----------------------------------------------------------------------------------------------------------------------------------------------------------
 Limit  (cost=30.93..30.93 rows=1 width=20) (actual time=0.530..0.530 rows=0 loops=1)
   ->  Limit  (cost=0.94..20.93 rows=1000 width=20) (actual time=0.082..0.502 rows=1000 loops=1)
         ->  Incremental Sort  (cost=0.94..1999.71 rows=100000 width=20) (actual time=0.082..0.447 rows=1000 loops=1)
               Sort Key: s_1.a, s_1.b
               Presorted Key: s_1.a
               Sort Method: quicksort  Memory: 28kB
               Sort Groups: 28
               ->  Index Only Scan using s_1_a_e_d_c_b_idx on s_1  (cost=0.42..3496.42 rows=100000 width=20) (actual time=0.027..0.162 rows=1036 loops=1)
                     Heap Fetches: 0
 Planning time: 0.274 ms
 Execution time: 0.556 ms
(11 rows)

===== 326 [Wed Mar  7 02:10:05 CET 2018] scale:100000 groups:10000 work_mem:128MB incremental:on max_workers:2 =====
SELECT * FROM s_2 ORDER BY a, b, c LIMIT 1000
                                                                        QUERY PLAN                                                                        
----------------------------------------------------------------------------------------------------------------------------------------------------------
 Limit  (cost=30.94..30.94 rows=1 width=20) (actual time=0.450..0.450 rows=0 loops=1)
   ->  Limit  (cost=0.93..20.94 rows=1000 width=20) (actual time=0.087..0.422 rows=1000 loops=1)
         ->  Incremental Sort  (cost=0.93..2001.99 rows=100000 width=20) (actual time=0.086..0.367 rows=1000 loops=1)
               Sort Key: s_2.a, s_2.b, s_2.c
               Presorted Key: s_2.a, s_2.b
               Sort Method: quicksort  Memory: 27kB
               Sort Groups: 32
               ->  Index Only Scan using s_2_a_b_e_d_c_idx on s_2  (cost=0.42..3496.42 rows=100000 width=20) (actual time=0.033..0.160 rows=1025 loops=1)
                     Heap Fetches: 0
 Planning time: 0.278 ms
 Execution time: 0.479 ms
(11 rows)

===== 327 [Wed Mar  7 02:10:05 CET 2018] scale:100000 groups:10000 work_mem:128MB incremental:on max_workers:2 =====
SELECT * FROM s_3 ORDER BY a, b, c, d LIMIT 1000
                                                                        QUERY PLAN                                                                        
----------------------------------------------------------------------------------------------------------------------------------------------------------
 Limit  (cost=30.94..30.94 rows=1 width=20) (actual time=0.450..0.450 rows=0 loops=1)
   ->  Limit  (cost=0.93..20.94 rows=1000 width=20) (actual time=0.075..0.422 rows=1000 loops=1)
         ->  Incremental Sort  (cost=0.93..2001.99 rows=100000 width=20) (actual time=0.075..0.366 rows=1000 loops=1)
               Sort Key: s_3.a, s_3.b, s_3.c, s_3.d
               Presorted Key: s_3.a, s_3.b, s_3.c
               Sort Method: quicksort  Memory: 27kB
               Sort Groups: 32
               ->  Index Only Scan using s_3_a_b_c_e_d_idx on s_3  (cost=0.42..3496.42 rows=100000 width=20) (actual time=0.026..0.155 rows=1025 loops=1)
                     Heap Fetches: 0
 Planning time: 0.279 ms
 Execution time: 0.474 ms
(11 rows)

===== 328 [Wed Mar  7 02:10:06 CET 2018] scale:100000 groups:10000 work_mem:128MB incremental:off max_workers:2 =====
SELECT * FROM s_1 ORDER BY a, b LIMIT 1000
                                                                               QUERY PLAN                                                                                
-------------------------------------------------------------------------------------------------------------------------------------------------------------------------
 Limit  (cost=6324.34..6324.34 rows=1 width=20) (actual time=9.965..9.965 rows=0 loops=1)
   ->  Limit  (cost=6197.66..6314.34 rows=1000 width=20) (actual time=9.731..9.936 rows=1000 loops=1)
         ->  Gather Merge  (cost=6197.66..15920.64 rows=83334 width=20) (actual time=9.730..9.874 rows=1000 loops=1)
               Workers Planned: 2
               Workers Launched: 2
               ->  Sort  (cost=5197.64..5301.81 rows=41667 width=20) (actual time=8.215..8.257 rows=1000 loops=3)
                     Sort Key: s_1.a, s_1.b
                     Sort Method: top-N heapsort  Memory: 127kB
                     Worker 0:  Sort Method: top-N heapsort  Memory: 127kB
                     Worker 1:  Sort Method: top-N heapsort  Memory: 127kB
                     ->  Parallel Index Only Scan using s_1_a_e_d_c_b_idx on s_1  (cost=0.42..2913.08 rows=41667 width=20) (actual time=0.028..4.358 rows=33333 loops=3)
                           Heap Fetches: 0
 Planning time: 0.281 ms
 Execution time: 10.595 ms
(14 rows)

===== 329 [Wed Mar  7 02:10:06 CET 2018] scale:100000 groups:10000 work_mem:128MB incremental:off max_workers:2 =====
SELECT * FROM s_2 ORDER BY a, b, c LIMIT 1000
                                                                               QUERY PLAN                                                                                
-------------------------------------------------------------------------------------------------------------------------------------------------------------------------
 Limit  (cost=6324.34..6324.34 rows=1 width=20) (actual time=9.988..9.988 rows=0 loops=1)
   ->  Limit  (cost=6197.66..6314.34 rows=1000 width=20) (actual time=9.759..9.959 rows=1000 loops=1)
         ->  Gather Merge  (cost=6197.66..15920.64 rows=83334 width=20) (actual time=9.759..9.898 rows=1000 loops=1)
               Workers Planned: 2
               Workers Launched: 2
               ->  Sort  (cost=5197.64..5301.81 rows=41667 width=20) (actual time=8.216..8.258 rows=1000 loops=3)
                     Sort Key: s_2.a, s_2.b, s_2.c
                     Sort Method: top-N heapsort  Memory: 127kB
                     Worker 0:  Sort Method: top-N heapsort  Memory: 127kB
                     Worker 1:  Sort Method: top-N heapsort  Memory: 127kB
                     ->  Parallel Index Only Scan using s_2_a_b_e_d_c_idx on s_2  (cost=0.42..2913.08 rows=41667 width=20) (actual time=0.035..4.344 rows=33333 loops=3)
                           Heap Fetches: 0
 Planning time: 0.292 ms
 Execution time: 10.655 ms
(14 rows)

===== 330 [Wed Mar  7 02:10:06 CET 2018] scale:100000 groups:10000 work_mem:128MB incremental:off max_workers:2 =====
SELECT * FROM s_3 ORDER BY a, b, c, d LIMIT 1000
                                                                               QUERY PLAN                                                                                
-------------------------------------------------------------------------------------------------------------------------------------------------------------------------
 Limit  (cost=6324.34..6324.34 rows=1 width=20) (actual time=9.973..9.973 rows=0 loops=1)
   ->  Limit  (cost=6197.66..6314.34 rows=1000 width=20) (actual time=9.739..9.942 rows=1000 loops=1)
         ->  Gather Merge  (cost=6197.66..15920.64 rows=83334 width=20) (actual time=9.739..9.878 rows=1000 loops=1)
               Workers Planned: 2
               Workers Launched: 2
               ->  Sort  (cost=5197.64..5301.81 rows=41667 width=20) (actual time=8.231..8.271 rows=1000 loops=3)
                     Sort Key: s_3.a, s_3.b, s_3.c, s_3.d
                     Sort Method: top-N heapsort  Memory: 127kB
                     Worker 0:  Sort Method: top-N heapsort  Memory: 127kB
                     Worker 1:  Sort Method: top-N heapsort  Memory: 127kB
                     ->  Parallel Index Only Scan using s_3_a_b_c_e_d_idx on s_3  (cost=0.42..2913.08 rows=41667 width=20) (actual time=0.028..4.364 rows=33333 loops=3)
                           Heap Fetches: 0
 Planning time: 0.283 ms
 Execution time: 10.568 ms
(14 rows)

===== 331 [Wed Mar  7 02:10:06 CET 2018] scale:100000 groups:10000 work_mem:256MB incremental:on max_workers:2 =====
SELECT * FROM s_1 ORDER BY a, b LIMIT 1000
                                                                        QUERY PLAN                                                                        
----------------------------------------------------------------------------------------------------------------------------------------------------------
 Limit  (cost=30.93..30.93 rows=1 width=20) (actual time=0.530..0.530 rows=0 loops=1)
   ->  Limit  (cost=0.94..20.93 rows=1000 width=20) (actual time=0.084..0.501 rows=1000 loops=1)
         ->  Incremental Sort  (cost=0.94..1999.71 rows=100000 width=20) (actual time=0.084..0.446 rows=1000 loops=1)
               Sort Key: s_1.a, s_1.b
               Presorted Key: s_1.a
               Sort Method: quicksort  Memory: 28kB
               Sort Groups: 28
               ->  Index Only Scan using s_1_a_e_d_c_b_idx on s_1  (cost=0.42..3496.42 rows=100000 width=20) (actual time=0.027..0.162 rows=1036 loops=1)
                     Heap Fetches: 0
 Planning time: 0.275 ms
 Execution time: 0.555 ms
(11 rows)

===== 332 [Wed Mar  7 02:10:06 CET 2018] scale:100000 groups:10000 work_mem:256MB incremental:on max_workers:2 =====
SELECT * FROM s_2 ORDER BY a, b, c LIMIT 1000
                                                                        QUERY PLAN                                                                        
----------------------------------------------------------------------------------------------------------------------------------------------------------
 Limit  (cost=30.94..30.94 rows=1 width=20) (actual time=0.447..0.447 rows=0 loops=1)
   ->  Limit  (cost=0.93..20.94 rows=1000 width=20) (actual time=0.084..0.420 rows=1000 loops=1)
         ->  Incremental Sort  (cost=0.93..2001.99 rows=100000 width=20) (actual time=0.083..0.364 rows=1000 loops=1)
               Sort Key: s_2.a, s_2.b, s_2.c
               Presorted Key: s_2.a, s_2.b
               Sort Method: quicksort  Memory: 27kB
               Sort Groups: 32
               ->  Index Only Scan using s_2_a_b_e_d_c_idx on s_2  (cost=0.42..3496.42 rows=100000 width=20) (actual time=0.033..0.158 rows=1025 loops=1)
                     Heap Fetches: 0
 Planning time: 0.287 ms
 Execution time: 0.476 ms
(11 rows)

===== 333 [Wed Mar  7 02:10:06 CET 2018] scale:100000 groups:10000 work_mem:256MB incremental:on max_workers:2 =====
SELECT * FROM s_3 ORDER BY a, b, c, d LIMIT 1000
                                                                        QUERY PLAN                                                                        
----------------------------------------------------------------------------------------------------------------------------------------------------------
 Limit  (cost=30.94..30.94 rows=1 width=20) (actual time=0.453..0.453 rows=0 loops=1)
   ->  Limit  (cost=0.93..20.94 rows=1000 width=20) (actual time=0.078..0.420 rows=1000 loops=1)
         ->  Incremental Sort  (cost=0.93..2001.99 rows=100000 width=20) (actual time=0.078..0.364 rows=1000 loops=1)
               Sort Key: s_3.a, s_3.b, s_3.c, s_3.d
               Presorted Key: s_3.a, s_3.b, s_3.c
               Sort Method: quicksort  Memory: 27kB
               Sort Groups: 32
               ->  Index Only Scan using s_3_a_b_c_e_d_idx on s_3  (cost=0.42..3496.42 rows=100000 width=20) (actual time=0.027..0.157 rows=1025 loops=1)
                     Heap Fetches: 0
 Planning time: 0.274 ms
 Execution time: 0.476 ms
(11 rows)

===== 334 [Wed Mar  7 02:10:06 CET 2018] scale:100000 groups:10000 work_mem:256MB incremental:off max_workers:2 =====
SELECT * FROM s_1 ORDER BY a, b LIMIT 1000
                                                                               QUERY PLAN                                                                                
-------------------------------------------------------------------------------------------------------------------------------------------------------------------------
 Limit  (cost=6324.34..6324.34 rows=1 width=20) (actual time=9.920..9.920 rows=0 loops=1)
   ->  Limit  (cost=6197.66..6314.34 rows=1000 width=20) (actual time=9.686..9.891 rows=1000 loops=1)
         ->  Gather Merge  (cost=6197.66..15920.64 rows=83334 width=20) (actual time=9.685..9.832 rows=1000 loops=1)
               Workers Planned: 2
               Workers Launched: 2
               ->  Sort  (cost=5197.64..5301.81 rows=41667 width=20) (actual time=8.209..8.251 rows=1000 loops=3)
                     Sort Key: s_1.a, s_1.b
                     Sort Method: top-N heapsort  Memory: 127kB
                     Worker 0:  Sort Method: top-N heapsort  Memory: 127kB
                     Worker 1:  Sort Method: top-N heapsort  Memory: 127kB
                     ->  Parallel Index Only Scan using s_1_a_e_d_c_b_idx on s_1  (cost=0.42..2913.08 rows=41667 width=20) (actual time=0.025..4.353 rows=33333 loops=3)
                           Heap Fetches: 0
 Planning time: 0.278 ms
 Execution time: 10.540 ms
(14 rows)

===== 335 [Wed Mar  7 02:10:06 CET 2018] scale:100000 groups:10000 work_mem:256MB incremental:off max_workers:2 =====
SELECT * FROM s_2 ORDER BY a, b, c LIMIT 1000
                                                                               QUERY PLAN                                                                                
-------------------------------------------------------------------------------------------------------------------------------------------------------------------------
 Limit  (cost=6324.34..6324.34 rows=1 width=20) (actual time=9.980..9.980 rows=0 loops=1)
   ->  Limit  (cost=6197.66..6314.34 rows=1000 width=20) (actual time=9.746..9.951 rows=1000 loops=1)
         ->  Gather Merge  (cost=6197.66..15920.64 rows=83334 width=20) (actual time=9.746..9.890 rows=1000 loops=1)
               Workers Planned: 2
               Workers Launched: 2
               ->  Sort  (cost=5197.64..5301.81 rows=41667 width=20) (actual time=8.233..8.274 rows=1000 loops=3)
                     Sort Key: s_2.a, s_2.b, s_2.c
                     Sort Method: top-N heapsort  Memory: 127kB
                     Worker 0:  Sort Method: top-N heapsort  Memory: 127kB
                     Worker 1:  Sort Method: top-N heapsort  Memory: 127kB
                     ->  Parallel Index Only Scan using s_2_a_b_e_d_c_idx on s_2  (cost=0.42..2913.08 rows=41667 width=20) (actual time=0.031..4.367 rows=33333 loops=3)
                           Heap Fetches: 0
 Planning time: 0.281 ms
 Execution time: 10.583 ms
(14 rows)

===== 336 [Wed Mar  7 02:10:06 CET 2018] scale:100000 groups:10000 work_mem:256MB incremental:off max_workers:2 =====
SELECT * FROM s_3 ORDER BY a, b, c, d LIMIT 1000
                                                                               QUERY PLAN                                                                                
-------------------------------------------------------------------------------------------------------------------------------------------------------------------------
 Limit  (cost=6324.34..6324.34 rows=1 width=20) (actual time=10.005..10.005 rows=0 loops=1)
   ->  Limit  (cost=6197.66..6314.34 rows=1000 width=20) (actual time=9.771..9.976 rows=1000 loops=1)
         ->  Gather Merge  (cost=6197.66..15920.64 rows=83334 width=20) (actual time=9.770..9.910 rows=1000 loops=1)
               Workers Planned: 2
               Workers Launched: 2
               ->  Sort  (cost=5197.64..5301.81 rows=41667 width=20) (actual time=8.243..8.286 rows=1000 loops=3)
                     Sort Key: s_3.a, s_3.b, s_3.c, s_3.d
                     Sort Method: top-N heapsort  Memory: 127kB
                     Worker 0:  Sort Method: top-N heapsort  Memory: 127kB
                     Worker 1:  Sort Method: top-N heapsort  Memory: 127kB
                     ->  Parallel Index Only Scan using s_3_a_b_c_e_d_idx on s_3  (cost=0.42..2913.08 rows=41667 width=20) (actual time=0.047..4.367 rows=33333 loops=3)
                           Heap Fetches: 0
 Planning time: 0.296 ms
 Execution time: 10.631 ms
(14 rows)

