===== 1 [Wed Mar  7 02:07:52 CET 2018] scale:100000 groups:10 work_mem:4MB incremental:on max_workers:0 =====
SELECT * FROM s_1 ORDER BY a, b
                                                                      QUERY PLAN                                                                       
-------------------------------------------------------------------------------------------------------------------------------------------------------
 Limit  (cost=12821.74..12821.74 rows=1 width=20) (actual time=40.034..40.034 rows=0 loops=1)
   ->  Incremental Sort  (cost=915.97..11821.74 rows=100000 width=20) (actual time=1.927..37.867 rows=100000 loops=1)
         Sort Key: s_1.a, s_1.b
         Presorted Key: s_1.a
         Sort Method: quicksort  Memory: 1175kB
         Sort Groups: 11
         ->  Index Only Scan using s_1_a_e_d_c_b_idx on s_1  (cost=0.42..3496.42 rows=100000 width=20) (actual time=0.042..14.911 rows=100000 loops=1)
               Heap Fetches: 0
 Planning time: 0.268 ms
 Execution time: 40.072 ms
(10 rows)

===== 2 [Wed Mar  7 02:07:52 CET 2018] scale:100000 groups:10 work_mem:4MB incremental:on max_workers:0 =====
SELECT * FROM s_2 ORDER BY a, b, c
                                                                      QUERY PLAN                                                                       
-------------------------------------------------------------------------------------------------------------------------------------------------------
 Limit  (cost=11094.23..11094.23 rows=1 width=20) (actual time=40.578..40.578 rows=0 loops=1)
   ->  Incremental Sort  (cost=69.35..10094.23 rows=100000 width=20) (actual time=0.176..38.412 rows=100000 loops=1)
         Sort Key: s_2.a, s_2.b, s_2.c
         Presorted Key: s_2.a, s_2.b
         Sort Method: quicksort  Memory: 132kB
         Sort Groups: 121
         ->  Index Only Scan using s_2_a_b_e_d_c_idx on s_2  (cost=0.42..3496.42 rows=100000 width=20) (actual time=0.037..14.626 rows=100000 loops=1)
               Heap Fetches: 0
 Planning time: 0.272 ms
 Execution time: 40.616 ms
(10 rows)

===== 3 [Wed Mar  7 02:07:52 CET 2018] scale:100000 groups:10 work_mem:4MB incremental:on max_workers:0 =====
SELECT * FROM s_3 ORDER BY a, b, c, d
                                                                      QUERY PLAN                                                                       
-------------------------------------------------------------------------------------------------------------------------------------------------------
 Limit  (cost=9388.71..9388.71 rows=1 width=20) (actual time=45.691..45.691 rows=0 loops=1)
   ->  Incremental Sort  (cost=5.38..8388.71 rows=100000 width=20) (actual time=0.098..43.507 rows=100000 loops=1)
         Sort Key: s_3.a, s_3.b, s_3.c, s_3.d
         Presorted Key: s_3.a, s_3.b, s_3.c
         Sort Method: quicksort  Memory: 35kB
         Sort Groups: 1262
         ->  Index Only Scan using s_3_a_b_c_e_d_idx on s_3  (cost=0.42..3496.42 rows=100000 width=20) (actual time=0.041..14.573 rows=100000 loops=1)
               Heap Fetches: 0
 Planning time: 0.286 ms
 Execution time: 45.715 ms
(10 rows)

===== 4 [Wed Mar  7 02:07:52 CET 2018] scale:100000 groups:10 work_mem:4MB incremental:off max_workers:0 =====
SELECT * FROM s_1 ORDER BY a, b
                                                      QUERY PLAN                                                       
-----------------------------------------------------------------------------------------------------------------------
 Limit  (cost=13242.82..13242.82 rows=1 width=20) (actual time=38.736..38.736 rows=0 loops=1)
   ->  Sort  (cost=11992.82..12242.82 rows=100000 width=20) (actual time=29.080..36.552 rows=100000 loops=1)
         Sort Key: s_1.a, s_1.b
         Sort Method: external merge  Disk: 2936kB
         ->  Seq Scan on s_1  (cost=0.00..1637.00 rows=100000 width=20) (actual time=0.007..5.474 rows=100000 loops=1)
 Planning time: 0.249 ms
 Execution time: 39.308 ms
(7 rows)

===== 5 [Wed Mar  7 02:07:53 CET 2018] scale:100000 groups:10 work_mem:4MB incremental:off max_workers:0 =====
SELECT * FROM s_2 ORDER BY a, b, c
                                                      QUERY PLAN                                                       
-----------------------------------------------------------------------------------------------------------------------
 Limit  (cost=13242.82..13242.82 rows=1 width=20) (actual time=45.625..45.625 rows=0 loops=1)
   ->  Sort  (cost=11992.82..12242.82 rows=100000 width=20) (actual time=36.119..43.441 rows=100000 loops=1)
         Sort Key: s_2.a, s_2.b, s_2.c
         Sort Method: external merge  Disk: 2936kB
         ->  Seq Scan on s_2  (cost=0.00..1637.00 rows=100000 width=20) (actual time=0.010..5.486 rows=100000 loops=1)
 Planning time: 0.266 ms
 Execution time: 46.192 ms
(7 rows)

===== 6 [Wed Mar  7 02:07:53 CET 2018] scale:100000 groups:10 work_mem:4MB incremental:off max_workers:0 =====
SELECT * FROM s_3 ORDER BY a, b, c, d
                                                      QUERY PLAN                                                       
-----------------------------------------------------------------------------------------------------------------------
 Limit  (cost=13242.82..13242.82 rows=1 width=20) (actual time=57.136..57.136 rows=0 loops=1)
   ->  Sort  (cost=11992.82..12242.82 rows=100000 width=20) (actual time=47.651..54.942 rows=100000 loops=1)
         Sort Key: s_3.a, s_3.b, s_3.c, s_3.d
         Sort Method: external merge  Disk: 2936kB
         ->  Seq Scan on s_3  (cost=0.00..1637.00 rows=100000 width=20) (actual time=0.011..5.502 rows=100000 loops=1)
 Planning time: 0.273 ms
 Execution time: 57.699 ms
(7 rows)

===== 7 [Wed Mar  7 02:07:53 CET 2018] scale:100000 groups:10 work_mem:8MB incremental:on max_workers:0 =====
SELECT * FROM s_1 ORDER BY a, b
                                                      QUERY PLAN                                                       
-----------------------------------------------------------------------------------------------------------------------
 Limit  (cost=11191.82..11191.82 rows=1 width=20) (actual time=41.560..41.560 rows=0 loops=1)
   ->  Sort  (cost=9941.82..10191.82 rows=100000 width=20) (actual time=32.131..39.371 rows=100000 loops=1)
         Sort Key: s_1.a, s_1.b
         Sort Method: external merge  Disk: 2936kB
         ->  Seq Scan on s_1  (cost=0.00..1637.00 rows=100000 width=20) (actual time=0.007..5.564 rows=100000 loops=1)
 Planning time: 0.254 ms
 Execution time: 41.955 ms
(7 rows)

===== 8 [Wed Mar  7 02:07:54 CET 2018] scale:100000 groups:10 work_mem:8MB incremental:on max_workers:0 =====
SELECT * FROM s_2 ORDER BY a, b, c
                                                                      QUERY PLAN                                                                       
-------------------------------------------------------------------------------------------------------------------------------------------------------
 Limit  (cost=11094.23..11094.23 rows=1 width=20) (actual time=38.278..38.278 rows=0 loops=1)
   ->  Incremental Sort  (cost=69.35..10094.23 rows=100000 width=20) (actual time=0.161..36.111 rows=100000 loops=1)
         Sort Key: s_2.a, s_2.b, s_2.c
         Presorted Key: s_2.a, s_2.b
         Sort Method: quicksort  Memory: 132kB
         Sort Groups: 121
         ->  Index Only Scan using s_2_a_b_e_d_c_idx on s_2  (cost=0.42..3496.42 rows=100000 width=20) (actual time=0.021..12.514 rows=100000 loops=1)
               Heap Fetches: 0
 Planning time: 0.276 ms
 Execution time: 38.310 ms
(10 rows)

===== 9 [Wed Mar  7 02:07:54 CET 2018] scale:100000 groups:10 work_mem:8MB incremental:on max_workers:0 =====
SELECT * FROM s_3 ORDER BY a, b, c, d
                                                                      QUERY PLAN                                                                       
-------------------------------------------------------------------------------------------------------------------------------------------------------
 Limit  (cost=9388.71..9388.71 rows=1 width=20) (actual time=43.289..43.289 rows=0 loops=1)
   ->  Incremental Sort  (cost=5.38..8388.71 rows=100000 width=20) (actual time=0.081..41.115 rows=100000 loops=1)
         Sort Key: s_3.a, s_3.b, s_3.c, s_3.d
         Presorted Key: s_3.a, s_3.b, s_3.c
         Sort Method: quicksort  Memory: 35kB
         Sort Groups: 1262
         ->  Index Only Scan using s_3_a_b_c_e_d_idx on s_3  (cost=0.42..3496.42 rows=100000 width=20) (actual time=0.023..12.458 rows=100000 loops=1)
               Heap Fetches: 0
 Planning time: 0.279 ms
 Execution time: 43.312 ms
(10 rows)

===== 10 [Wed Mar  7 02:07:54 CET 2018] scale:100000 groups:10 work_mem:8MB incremental:off max_workers:0 =====
SELECT * FROM s_1 ORDER BY a, b
                                                      QUERY PLAN                                                       
-----------------------------------------------------------------------------------------------------------------------
 Limit  (cost=11191.82..11191.82 rows=1 width=20) (actual time=41.522..41.522 rows=0 loops=1)
   ->  Sort  (cost=9941.82..10191.82 rows=100000 width=20) (actual time=32.130..39.335 rows=100000 loops=1)
         Sort Key: s_1.a, s_1.b
         Sort Method: external merge  Disk: 2936kB
         ->  Seq Scan on s_1  (cost=0.00..1637.00 rows=100000 width=20) (actual time=0.007..5.585 rows=100000 loops=1)
 Planning time: 0.253 ms
 Execution time: 41.916 ms
(7 rows)

===== 11 [Wed Mar  7 02:07:55 CET 2018] scale:100000 groups:10 work_mem:8MB incremental:off max_workers:0 =====
SELECT * FROM s_2 ORDER BY a, b, c
                                                      QUERY PLAN                                                       
-----------------------------------------------------------------------------------------------------------------------
 Limit  (cost=11191.82..11191.82 rows=1 width=20) (actual time=48.858..48.858 rows=0 loops=1)
   ->  Sort  (cost=9941.82..10191.82 rows=100000 width=20) (actual time=39.503..46.670 rows=100000 loops=1)
         Sort Key: s_2.a, s_2.b, s_2.c
         Sort Method: external merge  Disk: 2936kB
         ->  Seq Scan on s_2  (cost=0.00..1637.00 rows=100000 width=20) (actual time=0.010..5.581 rows=100000 loops=1)
 Planning time: 0.266 ms
 Execution time: 49.262 ms
(7 rows)

===== 12 [Wed Mar  7 02:07:55 CET 2018] scale:100000 groups:10 work_mem:8MB incremental:off max_workers:0 =====
SELECT * FROM s_3 ORDER BY a, b, c, d
                                                      QUERY PLAN                                                       
-----------------------------------------------------------------------------------------------------------------------
 Limit  (cost=11191.82..11191.82 rows=1 width=20) (actual time=59.602..59.602 rows=0 loops=1)
   ->  Sort  (cost=9941.82..10191.82 rows=100000 width=20) (actual time=50.239..57.405 rows=100000 loops=1)
         Sort Key: s_3.a, s_3.b, s_3.c, s_3.d
         Sort Method: external merge  Disk: 2936kB
         ->  Seq Scan on s_3  (cost=0.00..1637.00 rows=100000 width=20) (actual time=0.011..5.605 rows=100000 loops=1)
 Planning time: 0.269 ms
 Execution time: 59.999 ms
(7 rows)

===== 13 [Wed Mar  7 02:07:55 CET 2018] scale:100000 groups:10 work_mem:16MB incremental:on max_workers:0 =====
SELECT * FROM s_1 ORDER BY a, b
                                                      QUERY PLAN                                                       
-----------------------------------------------------------------------------------------------------------------------
 Limit  (cost=11191.82..11191.82 rows=1 width=20) (actual time=33.362..33.362 rows=0 loops=1)
   ->  Sort  (cost=9941.82..10191.82 rows=100000 width=20) (actual time=24.676..31.191 rows=100000 loops=1)
         Sort Key: s_1.a, s_1.b
         Sort Method: quicksort  Memory: 10885kB
         ->  Seq Scan on s_1  (cost=0.00..1637.00 rows=100000 width=20) (actual time=0.007..5.552 rows=100000 loops=1)
 Planning time: 0.251 ms
 Execution time: 33.845 ms
(7 rows)

===== 14 [Wed Mar  7 02:07:56 CET 2018] scale:100000 groups:10 work_mem:16MB incremental:on max_workers:0 =====
SELECT * FROM s_2 ORDER BY a, b, c
                                                                      QUERY PLAN                                                                       
-------------------------------------------------------------------------------------------------------------------------------------------------------
 Limit  (cost=11094.23..11094.23 rows=1 width=20) (actual time=38.287..38.287 rows=0 loops=1)
   ->  Incremental Sort  (cost=69.35..10094.23 rows=100000 width=20) (actual time=0.158..36.119 rows=100000 loops=1)
         Sort Key: s_2.a, s_2.b, s_2.c
         Presorted Key: s_2.a, s_2.b
         Sort Method: quicksort  Memory: 132kB
         Sort Groups: 121
         ->  Index Only Scan using s_2_a_b_e_d_c_idx on s_2  (cost=0.42..3496.42 rows=100000 width=20) (actual time=0.020..12.514 rows=100000 loops=1)
               Heap Fetches: 0
 Planning time: 0.283 ms
 Execution time: 38.319 ms
(10 rows)

===== 15 [Wed Mar  7 02:07:56 CET 2018] scale:100000 groups:10 work_mem:16MB incremental:on max_workers:0 =====
SELECT * FROM s_3 ORDER BY a, b, c, d
                                                                      QUERY PLAN                                                                       
-------------------------------------------------------------------------------------------------------------------------------------------------------
 Limit  (cost=9388.71..9388.71 rows=1 width=20) (actual time=43.299..43.299 rows=0 loops=1)
   ->  Incremental Sort  (cost=5.38..8388.71 rows=100000 width=20) (actual time=0.080..41.122 rows=100000 loops=1)
         Sort Key: s_3.a, s_3.b, s_3.c, s_3.d
         Presorted Key: s_3.a, s_3.b, s_3.c
         Sort Method: quicksort  Memory: 35kB
         Sort Groups: 1262
         ->  Index Only Scan using s_3_a_b_c_e_d_idx on s_3  (cost=0.42..3496.42 rows=100000 width=20) (actual time=0.023..12.450 rows=100000 loops=1)
               Heap Fetches: 0
 Planning time: 0.279 ms
 Execution time: 43.322 ms
(10 rows)

===== 16 [Wed Mar  7 02:07:56 CET 2018] scale:100000 groups:10 work_mem:16MB incremental:off max_workers:0 =====
SELECT * FROM s_1 ORDER BY a, b
                                                      QUERY PLAN                                                       
-----------------------------------------------------------------------------------------------------------------------
 Limit  (cost=11191.82..11191.82 rows=1 width=20) (actual time=33.185..33.185 rows=0 loops=1)
   ->  Sort  (cost=9941.82..10191.82 rows=100000 width=20) (actual time=24.634..31.024 rows=100000 loops=1)
         Sort Key: s_1.a, s_1.b
         Sort Method: quicksort  Memory: 10885kB
         ->  Seq Scan on s_1  (cost=0.00..1637.00 rows=100000 width=20) (actual time=0.007..5.586 rows=100000 loops=1)
 Planning time: 0.254 ms
 Execution time: 33.662 ms
(7 rows)

===== 17 [Wed Mar  7 02:07:56 CET 2018] scale:100000 groups:10 work_mem:16MB incremental:off max_workers:0 =====
SELECT * FROM s_2 ORDER BY a, b, c
                                                      QUERY PLAN                                                       
-----------------------------------------------------------------------------------------------------------------------
 Limit  (cost=11191.82..11191.82 rows=1 width=20) (actual time=39.974..39.974 rows=0 loops=1)
   ->  Sort  (cost=9941.82..10191.82 rows=100000 width=20) (actual time=32.297..37.804 rows=100000 loops=1)
         Sort Key: s_2.a, s_2.b, s_2.c
         Sort Method: quicksort  Memory: 10885kB
         ->  Seq Scan on s_2  (cost=0.00..1637.00 rows=100000 width=20) (actual time=0.010..5.586 rows=100000 loops=1)
 Planning time: 0.268 ms
 Execution time: 40.453 ms
(7 rows)

===== 18 [Wed Mar  7 02:07:57 CET 2018] scale:100000 groups:10 work_mem:16MB incremental:off max_workers:0 =====
SELECT * FROM s_3 ORDER BY a, b, c, d
                                                      QUERY PLAN                                                       
-----------------------------------------------------------------------------------------------------------------------
 Limit  (cost=11191.82..11191.82 rows=1 width=20) (actual time=50.708..50.708 rows=0 loops=1)
   ->  Sort  (cost=9941.82..10191.82 rows=100000 width=20) (actual time=44.039..48.549 rows=100000 loops=1)
         Sort Key: s_3.a, s_3.b, s_3.c, s_3.d
         Sort Method: quicksort  Memory: 10885kB
         ->  Seq Scan on s_3  (cost=0.00..1637.00 rows=100000 width=20) (actual time=0.010..5.605 rows=100000 loops=1)
 Planning time: 0.276 ms
 Execution time: 51.186 ms
(7 rows)

===== 19 [Wed Mar  7 02:07:57 CET 2018] scale:100000 groups:10 work_mem:32MB incremental:on max_workers:0 =====
SELECT * FROM s_1 ORDER BY a, b
                                                      QUERY PLAN                                                       
-----------------------------------------------------------------------------------------------------------------------
 Limit  (cost=11191.82..11191.82 rows=1 width=20) (actual time=33.287..33.287 rows=0 loops=1)
   ->  Sort  (cost=9941.82..10191.82 rows=100000 width=20) (actual time=24.637..31.117 rows=100000 loops=1)
         Sort Key: s_1.a, s_1.b
         Sort Method: quicksort  Memory: 10885kB
         ->  Seq Scan on s_1  (cost=0.00..1637.00 rows=100000 width=20) (actual time=0.008..5.575 rows=100000 loops=1)
 Planning time: 0.255 ms
 Execution time: 33.762 ms
(7 rows)

===== 20 [Wed Mar  7 02:07:57 CET 2018] scale:100000 groups:10 work_mem:32MB incremental:on max_workers:0 =====
SELECT * FROM s_2 ORDER BY a, b, c
                                                                      QUERY PLAN                                                                       
-------------------------------------------------------------------------------------------------------------------------------------------------------
 Limit  (cost=11094.23..11094.23 rows=1 width=20) (actual time=38.128..38.128 rows=0 loops=1)
   ->  Incremental Sort  (cost=69.35..10094.23 rows=100000 width=20) (actual time=0.159..35.949 rows=100000 loops=1)
         Sort Key: s_2.a, s_2.b, s_2.c
         Presorted Key: s_2.a, s_2.b
         Sort Method: quicksort  Memory: 132kB
         Sort Groups: 121
         ->  Index Only Scan using s_2_a_b_e_d_c_idx on s_2  (cost=0.42..3496.42 rows=100000 width=20) (actual time=0.022..12.514 rows=100000 loops=1)
               Heap Fetches: 0
 Planning time: 0.278 ms
 Execution time: 38.159 ms
(10 rows)

===== 21 [Wed Mar  7 02:07:57 CET 2018] scale:100000 groups:10 work_mem:32MB incremental:on max_workers:0 =====
SELECT * FROM s_3 ORDER BY a, b, c, d
                                                                      QUERY PLAN                                                                       
-------------------------------------------------------------------------------------------------------------------------------------------------------
 Limit  (cost=9388.71..9388.71 rows=1 width=20) (actual time=43.049..43.049 rows=0 loops=1)
   ->  Incremental Sort  (cost=5.38..8388.71 rows=100000 width=20) (actual time=0.084..40.876 rows=100000 loops=1)
         Sort Key: s_3.a, s_3.b, s_3.c, s_3.d
         Presorted Key: s_3.a, s_3.b, s_3.c
         Sort Method: quicksort  Memory: 35kB
         Sort Groups: 1262
         ->  Index Only Scan using s_3_a_b_c_e_d_idx on s_3  (cost=0.42..3496.42 rows=100000 width=20) (actual time=0.024..12.429 rows=100000 loops=1)
               Heap Fetches: 0
 Planning time: 0.273 ms
 Execution time: 43.071 ms
(10 rows)

===== 22 [Wed Mar  7 02:07:58 CET 2018] scale:100000 groups:10 work_mem:32MB incremental:off max_workers:0 =====
SELECT * FROM s_1 ORDER BY a, b
                                                      QUERY PLAN                                                       
-----------------------------------------------------------------------------------------------------------------------
 Limit  (cost=11191.82..11191.82 rows=1 width=20) (actual time=33.199..33.199 rows=0 loops=1)
   ->  Sort  (cost=9941.82..10191.82 rows=100000 width=20) (actual time=24.606..31.026 rows=100000 loops=1)
         Sort Key: s_1.a, s_1.b
         Sort Method: quicksort  Memory: 10885kB
         ->  Seq Scan on s_1  (cost=0.00..1637.00 rows=100000 width=20) (actual time=0.007..5.589 rows=100000 loops=1)
 Planning time: 0.248 ms
 Execution time: 33.679 ms
(7 rows)

===== 23 [Wed Mar  7 02:07:58 CET 2018] scale:100000 groups:10 work_mem:32MB incremental:off max_workers:0 =====
SELECT * FROM s_2 ORDER BY a, b, c
                                                      QUERY PLAN                                                       
-----------------------------------------------------------------------------------------------------------------------
 Limit  (cost=11191.82..11191.82 rows=1 width=20) (actual time=39.998..39.998 rows=0 loops=1)
   ->  Sort  (cost=9941.82..10191.82 rows=100000 width=20) (actual time=32.312..37.819 rows=100000 loops=1)
         Sort Key: s_2.a, s_2.b, s_2.c
         Sort Method: quicksort  Memory: 10885kB
         ->  Seq Scan on s_2  (cost=0.00..1637.00 rows=100000 width=20) (actual time=0.010..5.588 rows=100000 loops=1)
 Planning time: 0.263 ms
 Execution time: 40.477 ms
(7 rows)

===== 24 [Wed Mar  7 02:07:58 CET 2018] scale:100000 groups:10 work_mem:32MB incremental:off max_workers:0 =====
SELECT * FROM s_3 ORDER BY a, b, c, d
                                                      QUERY PLAN                                                       
-----------------------------------------------------------------------------------------------------------------------
 Limit  (cost=11191.82..11191.82 rows=1 width=20) (actual time=50.758..50.758 rows=0 loops=1)
   ->  Sort  (cost=9941.82..10191.82 rows=100000 width=20) (actual time=44.083..48.594 rows=100000 loops=1)
         Sort Key: s_3.a, s_3.b, s_3.c, s_3.d
         Sort Method: quicksort  Memory: 10885kB
         ->  Seq Scan on s_3  (cost=0.00..1637.00 rows=100000 width=20) (actual time=0.010..5.602 rows=100000 loops=1)
 Planning time: 0.275 ms
 Execution time: 51.241 ms
(7 rows)

===== 25 [Wed Mar  7 02:07:59 CET 2018] scale:100000 groups:10 work_mem:64MB incremental:on max_workers:0 =====
SELECT * FROM s_1 ORDER BY a, b
                                                      QUERY PLAN                                                       
-----------------------------------------------------------------------------------------------------------------------
 Limit  (cost=11191.82..11191.82 rows=1 width=20) (actual time=33.356..33.356 rows=0 loops=1)
   ->  Sort  (cost=9941.82..10191.82 rows=100000 width=20) (actual time=24.666..31.186 rows=100000 loops=1)
         Sort Key: s_1.a, s_1.b
         Sort Method: quicksort  Memory: 10885kB
         ->  Seq Scan on s_1  (cost=0.00..1637.00 rows=100000 width=20) (actual time=0.008..5.565 rows=100000 loops=1)
 Planning time: 0.254 ms
 Execution time: 33.840 ms
(7 rows)

===== 26 [Wed Mar  7 02:07:59 CET 2018] scale:100000 groups:10 work_mem:64MB incremental:on max_workers:0 =====
SELECT * FROM s_2 ORDER BY a, b, c
                                                                      QUERY PLAN                                                                       
-------------------------------------------------------------------------------------------------------------------------------------------------------
 Limit  (cost=11094.23..11094.23 rows=1 width=20) (actual time=38.264..38.264 rows=0 loops=1)
   ->  Incremental Sort  (cost=69.35..10094.23 rows=100000 width=20) (actual time=0.156..36.102 rows=100000 loops=1)
         Sort Key: s_2.a, s_2.b, s_2.c
         Presorted Key: s_2.a, s_2.b
         Sort Method: quicksort  Memory: 132kB
         Sort Groups: 121
         ->  Index Only Scan using s_2_a_b_e_d_c_idx on s_2  (cost=0.42..3496.42 rows=100000 width=20) (actual time=0.020..12.495 rows=100000 loops=1)
               Heap Fetches: 0
 Planning time: 0.279 ms
 Execution time: 38.296 ms
(10 rows)

===== 27 [Wed Mar  7 02:07:59 CET 2018] scale:100000 groups:10 work_mem:64MB incremental:on max_workers:0 =====
SELECT * FROM s_3 ORDER BY a, b, c, d
                                                                      QUERY PLAN                                                                       
-------------------------------------------------------------------------------------------------------------------------------------------------------
 Limit  (cost=9388.71..9388.71 rows=1 width=20) (actual time=43.260..43.260 rows=0 loops=1)
   ->  Incremental Sort  (cost=5.38..8388.71 rows=100000 width=20) (actual time=0.081..41.081 rows=100000 loops=1)
         Sort Key: s_3.a, s_3.b, s_3.c, s_3.d
         Presorted Key: s_3.a, s_3.b, s_3.c
         Sort Method: quicksort  Memory: 35kB
         Sort Groups: 1262
         ->  Index Only Scan using s_3_a_b_c_e_d_idx on s_3  (cost=0.42..3496.42 rows=100000 width=20) (actual time=0.024..12.472 rows=100000 loops=1)
               Heap Fetches: 0
 Planning time: 0.276 ms
 Execution time: 43.283 ms
(10 rows)

===== 28 [Wed Mar  7 02:07:59 CET 2018] scale:100000 groups:10 work_mem:64MB incremental:off max_workers:0 =====
SELECT * FROM s_1 ORDER BY a, b
                                                      QUERY PLAN                                                       
-----------------------------------------------------------------------------------------------------------------------
 Limit  (cost=11191.82..11191.82 rows=1 width=20) (actual time=33.214..33.214 rows=0 loops=1)
   ->  Sort  (cost=9941.82..10191.82 rows=100000 width=20) (actual time=24.624..31.048 rows=100000 loops=1)
         Sort Key: s_1.a, s_1.b
         Sort Method: quicksort  Memory: 10885kB
         ->  Seq Scan on s_1  (cost=0.00..1637.00 rows=100000 width=20) (actual time=0.007..5.581 rows=100000 loops=1)
 Planning time: 0.251 ms
 Execution time: 33.687 ms
(7 rows)

===== 29 [Wed Mar  7 02:08:00 CET 2018] scale:100000 groups:10 work_mem:64MB incremental:off max_workers:0 =====
SELECT * FROM s_2 ORDER BY a, b, c
                                                      QUERY PLAN                                                       
-----------------------------------------------------------------------------------------------------------------------
 Limit  (cost=11191.82..11191.82 rows=1 width=20) (actual time=39.938..39.938 rows=0 loops=1)
   ->  Sort  (cost=9941.82..10191.82 rows=100000 width=20) (actual time=32.272..37.765 rows=100000 loops=1)
         Sort Key: s_2.a, s_2.b, s_2.c
         Sort Method: quicksort  Memory: 10885kB
         ->  Seq Scan on s_2  (cost=0.00..1637.00 rows=100000 width=20) (actual time=0.010..5.581 rows=100000 loops=1)
 Planning time: 0.267 ms
 Execution time: 40.416 ms
(7 rows)

===== 30 [Wed Mar  7 02:08:00 CET 2018] scale:100000 groups:10 work_mem:64MB incremental:off max_workers:0 =====
SELECT * FROM s_3 ORDER BY a, b, c, d
                                                      QUERY PLAN                                                       
-----------------------------------------------------------------------------------------------------------------------
 Limit  (cost=11191.82..11191.82 rows=1 width=20) (actual time=50.742..50.742 rows=0 loops=1)
   ->  Sort  (cost=9941.82..10191.82 rows=100000 width=20) (actual time=44.057..48.571 rows=100000 loops=1)
         Sort Key: s_3.a, s_3.b, s_3.c, s_3.d
         Sort Method: quicksort  Memory: 10885kB
         ->  Seq Scan on s_3  (cost=0.00..1637.00 rows=100000 width=20) (actual time=0.011..5.599 rows=100000 loops=1)
 Planning time: 0.268 ms
 Execution time: 51.219 ms
(7 rows)

===== 31 [Wed Mar  7 02:08:00 CET 2018] scale:100000 groups:10 work_mem:128MB incremental:on max_workers:0 =====
SELECT * FROM s_1 ORDER BY a, b
                                                      QUERY PLAN                                                       
-----------------------------------------------------------------------------------------------------------------------
 Limit  (cost=11191.82..11191.82 rows=1 width=20) (actual time=33.345..33.345 rows=0 loops=1)
   ->  Sort  (cost=9941.82..10191.82 rows=100000 width=20) (actual time=24.633..31.173 rows=100000 loops=1)
         Sort Key: s_1.a, s_1.b
         Sort Method: quicksort  Memory: 10885kB
         ->  Seq Scan on s_1  (cost=0.00..1637.00 rows=100000 width=20) (actual time=0.007..5.552 rows=100000 loops=1)
 Planning time: 0.252 ms
 Execution time: 33.823 ms
(7 rows)

===== 32 [Wed Mar  7 02:08:01 CET 2018] scale:100000 groups:10 work_mem:128MB incremental:on max_workers:0 =====
SELECT * FROM s_2 ORDER BY a, b, c
                                                                      QUERY PLAN                                                                       
-------------------------------------------------------------------------------------------------------------------------------------------------------
 Limit  (cost=11094.23..11094.23 rows=1 width=20) (actual time=38.267..38.267 rows=0 loops=1)
   ->  Incremental Sort  (cost=69.35..10094.23 rows=100000 width=20) (actual time=0.156..36.098 rows=100000 loops=1)
         Sort Key: s_2.a, s_2.b, s_2.c
         Presorted Key: s_2.a, s_2.b
         Sort Method: quicksort  Memory: 132kB
         Sort Groups: 121
         ->  Index Only Scan using s_2_a_b_e_d_c_idx on s_2  (cost=0.42..3496.42 rows=100000 width=20) (actual time=0.021..12.511 rows=100000 loops=1)
               Heap Fetches: 0
 Planning time: 0.274 ms
 Execution time: 38.300 ms
(10 rows)

===== 33 [Wed Mar  7 02:08:01 CET 2018] scale:100000 groups:10 work_mem:128MB incremental:on max_workers:0 =====
SELECT * FROM s_3 ORDER BY a, b, c, d
                                                                      QUERY PLAN                                                                       
-------------------------------------------------------------------------------------------------------------------------------------------------------
 Limit  (cost=9388.71..9388.71 rows=1 width=20) (actual time=43.285..43.285 rows=0 loops=1)
   ->  Incremental Sort  (cost=5.38..8388.71 rows=100000 width=20) (actual time=0.081..41.109 rows=100000 loops=1)
         Sort Key: s_3.a, s_3.b, s_3.c, s_3.d
         Presorted Key: s_3.a, s_3.b, s_3.c
         Sort Method: quicksort  Memory: 35kB
         Sort Groups: 1262
         ->  Index Only Scan using s_3_a_b_c_e_d_idx on s_3  (cost=0.42..3496.42 rows=100000 width=20) (actual time=0.023..12.467 rows=100000 loops=1)
               Heap Fetches: 0
 Planning time: 0.275 ms
 Execution time: 43.308 ms
(10 rows)

===== 34 [Wed Mar  7 02:08:01 CET 2018] scale:100000 groups:10 work_mem:128MB incremental:off max_workers:0 =====
SELECT * FROM s_1 ORDER BY a, b
                                                      QUERY PLAN                                                       
-----------------------------------------------------------------------------------------------------------------------
 Limit  (cost=11191.82..11191.82 rows=1 width=20) (actual time=33.269..33.269 rows=0 loops=1)
   ->  Sort  (cost=9941.82..10191.82 rows=100000 width=20) (actual time=24.629..31.105 rows=100000 loops=1)
         Sort Key: s_1.a, s_1.b
         Sort Method: quicksort  Memory: 10885kB
         ->  Seq Scan on s_1  (cost=0.00..1637.00 rows=100000 width=20) (actual time=0.007..5.581 rows=100000 loops=1)
 Planning time: 0.254 ms
 Execution time: 33.749 ms
(7 rows)

===== 35 [Wed Mar  7 02:08:01 CET 2018] scale:100000 groups:10 work_mem:128MB incremental:off max_workers:0 =====
SELECT * FROM s_2 ORDER BY a, b, c
                                                      QUERY PLAN                                                       
-----------------------------------------------------------------------------------------------------------------------
 Limit  (cost=11191.82..11191.82 rows=1 width=20) (actual time=39.968..39.968 rows=0 loops=1)
   ->  Sort  (cost=9941.82..10191.82 rows=100000 width=20) (actual time=32.298..37.797 rows=100000 loops=1)
         Sort Key: s_2.a, s_2.b, s_2.c
         Sort Method: quicksort  Memory: 10885kB
         ->  Seq Scan on s_2  (cost=0.00..1637.00 rows=100000 width=20) (actual time=0.010..5.587 rows=100000 loops=1)
 Planning time: 0.266 ms
 Execution time: 40.448 ms
(7 rows)

===== 36 [Wed Mar  7 02:08:02 CET 2018] scale:100000 groups:10 work_mem:128MB incremental:off max_workers:0 =====
SELECT * FROM s_3 ORDER BY a, b, c, d
                                                      QUERY PLAN                                                       
-----------------------------------------------------------------------------------------------------------------------
 Limit  (cost=11191.82..11191.82 rows=1 width=20) (actual time=50.736..50.736 rows=0 loops=1)
   ->  Sort  (cost=9941.82..10191.82 rows=100000 width=20) (actual time=44.045..48.571 rows=100000 loops=1)
         Sort Key: s_3.a, s_3.b, s_3.c, s_3.d
         Sort Method: quicksort  Memory: 10885kB
         ->  Seq Scan on s_3  (cost=0.00..1637.00 rows=100000 width=20) (actual time=0.010..5.594 rows=100000 loops=1)
 Planning time: 0.270 ms
 Execution time: 51.210 ms
(7 rows)

===== 37 [Wed Mar  7 02:08:02 CET 2018] scale:100000 groups:10 work_mem:256MB incremental:on max_workers:0 =====
SELECT * FROM s_1 ORDER BY a, b
                                                      QUERY PLAN                                                       
-----------------------------------------------------------------------------------------------------------------------
 Limit  (cost=11191.82..11191.82 rows=1 width=20) (actual time=33.355..33.355 rows=0 loops=1)
   ->  Sort  (cost=9941.82..10191.82 rows=100000 width=20) (actual time=24.686..31.189 rows=100000 loops=1)
         Sort Key: s_1.a, s_1.b
         Sort Method: quicksort  Memory: 10885kB
         ->  Seq Scan on s_1  (cost=0.00..1637.00 rows=100000 width=20) (actual time=0.007..5.559 rows=100000 loops=1)
 Planning time: 0.259 ms
 Execution time: 33.830 ms
(7 rows)

===== 38 [Wed Mar  7 02:08:02 CET 2018] scale:100000 groups:10 work_mem:256MB incremental:on max_workers:0 =====
SELECT * FROM s_2 ORDER BY a, b, c
                                                                      QUERY PLAN                                                                       
-------------------------------------------------------------------------------------------------------------------------------------------------------
 Limit  (cost=11094.23..11094.23 rows=1 width=20) (actual time=38.270..38.270 rows=0 loops=1)
   ->  Incremental Sort  (cost=69.35..10094.23 rows=100000 width=20) (actual time=0.154..36.110 rows=100000 loops=1)
         Sort Key: s_2.a, s_2.b, s_2.c
         Presorted Key: s_2.a, s_2.b
         Sort Method: quicksort  Memory: 132kB
         Sort Groups: 121
         ->  Index Only Scan using s_2_a_b_e_d_c_idx on s_2  (cost=0.42..3496.42 rows=100000 width=20) (actual time=0.020..12.506 rows=100000 loops=1)
               Heap Fetches: 0
 Planning time: 0.273 ms
 Execution time: 38.302 ms
(10 rows)

===== 39 [Wed Mar  7 02:08:02 CET 2018] scale:100000 groups:10 work_mem:256MB incremental:on max_workers:0 =====
SELECT * FROM s_3 ORDER BY a, b, c, d
                                                                      QUERY PLAN                                                                       
-------------------------------------------------------------------------------------------------------------------------------------------------------
 Limit  (cost=9388.71..9388.71 rows=1 width=20) (actual time=43.315..43.315 rows=0 loops=1)
   ->  Incremental Sort  (cost=5.38..8388.71 rows=100000 width=20) (actual time=0.080..41.142 rows=100000 loops=1)
         Sort Key: s_3.a, s_3.b, s_3.c, s_3.d
         Presorted Key: s_3.a, s_3.b, s_3.c
         Sort Method: quicksort  Memory: 35kB
         Sort Groups: 1262
         ->  Index Only Scan using s_3_a_b_c_e_d_idx on s_3  (cost=0.42..3496.42 rows=100000 width=20) (actual time=0.024..12.475 rows=100000 loops=1)
               Heap Fetches: 0
 Planning time: 0.278 ms
 Execution time: 43.337 ms
(10 rows)

===== 40 [Wed Mar  7 02:08:03 CET 2018] scale:100000 groups:10 work_mem:256MB incremental:off max_workers:0 =====
SELECT * FROM s_1 ORDER BY a, b
                                                      QUERY PLAN                                                       
-----------------------------------------------------------------------------------------------------------------------
 Limit  (cost=11191.82..11191.82 rows=1 width=20) (actual time=33.242..33.242 rows=0 loops=1)
   ->  Sort  (cost=9941.82..10191.82 rows=100000 width=20) (actual time=24.623..31.069 rows=100000 loops=1)
         Sort Key: s_1.a, s_1.b
         Sort Method: quicksort  Memory: 10885kB
         ->  Seq Scan on s_1  (cost=0.00..1637.00 rows=100000 width=20) (actual time=0.007..5.591 rows=100000 loops=1)
 Planning time: 0.248 ms
 Execution time: 33.722 ms
(7 rows)

===== 41 [Wed Mar  7 02:08:03 CET 2018] scale:100000 groups:10 work_mem:256MB incremental:off max_workers:0 =====
SELECT * FROM s_2 ORDER BY a, b, c
                                                      QUERY PLAN                                                       
-----------------------------------------------------------------------------------------------------------------------
 Limit  (cost=11191.82..11191.82 rows=1 width=20) (actual time=39.944..39.944 rows=0 loops=1)
   ->  Sort  (cost=9941.82..10191.82 rows=100000 width=20) (actual time=32.282..37.767 rows=100000 loops=1)
         Sort Key: s_2.a, s_2.b, s_2.c
         Sort Method: quicksort  Memory: 10885kB
         ->  Seq Scan on s_2  (cost=0.00..1637.00 rows=100000 width=20) (actual time=0.010..5.592 rows=100000 loops=1)
 Planning time: 0.264 ms
 Execution time: 40.418 ms
(7 rows)

===== 42 [Wed Mar  7 02:08:03 CET 2018] scale:100000 groups:10 work_mem:256MB incremental:off max_workers:0 =====
SELECT * FROM s_3 ORDER BY a, b, c, d
                                                      QUERY PLAN                                                       
-----------------------------------------------------------------------------------------------------------------------
 Limit  (cost=11191.82..11191.82 rows=1 width=20) (actual time=50.715..50.715 rows=0 loops=1)
   ->  Sort  (cost=9941.82..10191.82 rows=100000 width=20) (actual time=44.037..48.547 rows=100000 loops=1)
         Sort Key: s_3.a, s_3.b, s_3.c, s_3.d
         Sort Method: quicksort  Memory: 10885kB
         ->  Seq Scan on s_3  (cost=0.00..1637.00 rows=100000 width=20) (actual time=0.010..5.603 rows=100000 loops=1)
 Planning time: 0.272 ms
 Execution time: 51.195 ms
(7 rows)

===== 43 [Wed Mar  7 02:08:04 CET 2018] scale:100000 groups:10 work_mem:4MB incremental:on max_workers:2 =====
SELECT * FROM s_1 ORDER BY a, b
                                                                      QUERY PLAN                                                                       
-------------------------------------------------------------------------------------------------------------------------------------------------------
 Limit  (cost=12821.74..12821.74 rows=1 width=20) (actual time=37.771..37.771 rows=0 loops=1)
   ->  Incremental Sort  (cost=915.97..11821.74 rows=100000 width=20) (actual time=1.799..35.609 rows=100000 loops=1)
         Sort Key: s_1.a, s_1.b
         Presorted Key: s_1.a
         Sort Method: quicksort  Memory: 1175kB
         Sort Groups: 11
         ->  Index Only Scan using s_1_a_e_d_c_b_idx on s_1  (cost=0.42..3496.42 rows=100000 width=20) (actual time=0.024..12.890 rows=100000 loops=1)
               Heap Fetches: 0
 Planning time: 0.266 ms
 Execution time: 37.805 ms
(10 rows)

===== 44 [Wed Mar  7 02:08:04 CET 2018] scale:100000 groups:10 work_mem:4MB incremental:on max_workers:2 =====
SELECT * FROM s_2 ORDER BY a, b, c
                                                                      QUERY PLAN                                                                       
-------------------------------------------------------------------------------------------------------------------------------------------------------
 Limit  (cost=11094.23..11094.23 rows=1 width=20) (actual time=38.276..38.276 rows=0 loops=1)
   ->  Incremental Sort  (cost=69.35..10094.23 rows=100000 width=20) (actual time=0.164..36.115 rows=100000 loops=1)
         Sort Key: s_2.a, s_2.b, s_2.c
         Presorted Key: s_2.a, s_2.b
         Sort Method: quicksort  Memory: 132kB
         Sort Groups: 121
         ->  Index Only Scan using s_2_a_b_e_d_c_idx on s_2  (cost=0.42..3496.42 rows=100000 width=20) (actual time=0.021..12.512 rows=100000 loops=1)
               Heap Fetches: 0
 Planning time: 0.275 ms
 Execution time: 38.309 ms
(10 rows)

===== 45 [Wed Mar  7 02:08:04 CET 2018] scale:100000 groups:10 work_mem:4MB incremental:on max_workers:2 =====
SELECT * FROM s_3 ORDER BY a, b, c, d
                                                                      QUERY PLAN                                                                       
-------------------------------------------------------------------------------------------------------------------------------------------------------
 Limit  (cost=9388.71..9388.71 rows=1 width=20) (actual time=42.700..42.700 rows=0 loops=1)
   ->  Incremental Sort  (cost=5.38..8388.71 rows=100000 width=20) (actual time=0.081..40.514 rows=100000 loops=1)
         Sort Key: s_3.a, s_3.b, s_3.c, s_3.d
         Presorted Key: s_3.a, s_3.b, s_3.c
         Sort Method: quicksort  Memory: 35kB
         Sort Groups: 1262
         ->  Index Only Scan using s_3_a_b_c_e_d_idx on s_3  (cost=0.42..3496.42 rows=100000 width=20) (actual time=0.023..12.566 rows=100000 loops=1)
               Heap Fetches: 0
 Planning time: 0.297 ms
 Execution time: 42.722 ms
(10 rows)

===== 46 [Wed Mar  7 02:08:04 CET 2018] scale:100000 groups:10 work_mem:4MB incremental:off max_workers:2 =====
SELECT * FROM s_1 ORDER BY a, b
                                                      QUERY PLAN                                                       
-----------------------------------------------------------------------------------------------------------------------
 Limit  (cost=13242.82..13242.82 rows=1 width=20) (actual time=38.776..38.776 rows=0 loops=1)
   ->  Sort  (cost=11992.82..12242.82 rows=100000 width=20) (actual time=29.126..36.588 rows=100000 loops=1)
         Sort Key: s_1.a, s_1.b
         Sort Method: external merge  Disk: 2936kB
         ->  Seq Scan on s_1  (cost=0.00..1637.00 rows=100000 width=20) (actual time=0.007..5.470 rows=100000 loops=1)
 Planning time: 0.260 ms
 Execution time: 39.346 ms
(7 rows)

===== 47 [Wed Mar  7 02:08:05 CET 2018] scale:100000 groups:10 work_mem:4MB incremental:off max_workers:2 =====
SELECT * FROM s_2 ORDER BY a, b, c
                                                      QUERY PLAN                                                       
-----------------------------------------------------------------------------------------------------------------------
 Limit  (cost=13242.82..13242.82 rows=1 width=20) (actual time=45.583..45.583 rows=0 loops=1)
   ->  Sort  (cost=11992.82..12242.82 rows=100000 width=20) (actual time=36.087..43.402 rows=100000 loops=1)
         Sort Key: s_2.a, s_2.b, s_2.c
         Sort Method: external merge  Disk: 2936kB
         ->  Seq Scan on s_2  (cost=0.00..1637.00 rows=100000 width=20) (actual time=0.010..5.485 rows=100000 loops=1)
 Planning time: 0.276 ms
 Execution time: 46.154 ms
(7 rows)

===== 48 [Wed Mar  7 02:08:05 CET 2018] scale:100000 groups:10 work_mem:4MB incremental:off max_workers:2 =====
SELECT * FROM s_3 ORDER BY a, b, c, d
                                                      QUERY PLAN                                                       
-----------------------------------------------------------------------------------------------------------------------
 Limit  (cost=13242.82..13242.82 rows=1 width=20) (actual time=57.285..57.285 rows=0 loops=1)
   ->  Sort  (cost=11992.82..12242.82 rows=100000 width=20) (actual time=47.783..55.092 rows=100000 loops=1)
         Sort Key: s_3.a, s_3.b, s_3.c, s_3.d
         Sort Method: external merge  Disk: 2936kB
         ->  Seq Scan on s_3  (cost=0.00..1637.00 rows=100000 width=20) (actual time=0.011..5.500 rows=100000 loops=1)
 Planning time: 0.283 ms
 Execution time: 57.856 ms
(7 rows)

===== 49 [Wed Mar  7 02:08:05 CET 2018] scale:100000 groups:10 work_mem:8MB incremental:on max_workers:2 =====
SELECT * FROM s_1 ORDER BY a, b
                                                      QUERY PLAN                                                       
-----------------------------------------------------------------------------------------------------------------------
 Limit  (cost=11191.82..11191.82 rows=1 width=20) (actual time=41.618..41.618 rows=0 loops=1)
   ->  Sort  (cost=9941.82..10191.82 rows=100000 width=20) (actual time=32.181..39.429 rows=100000 loops=1)
         Sort Key: s_1.a, s_1.b
         Sort Method: external merge  Disk: 2936kB
         ->  Seq Scan on s_1  (cost=0.00..1637.00 rows=100000 width=20) (actual time=0.007..5.561 rows=100000 loops=1)
 Planning time: 0.266 ms
 Execution time: 42.030 ms
(7 rows)

===== 50 [Wed Mar  7 02:08:06 CET 2018] scale:100000 groups:10 work_mem:8MB incremental:on max_workers:2 =====
SELECT * FROM s_2 ORDER BY a, b, c
                                                                      QUERY PLAN                                                                       
-------------------------------------------------------------------------------------------------------------------------------------------------------
 Limit  (cost=11094.23..11094.23 rows=1 width=20) (actual time=38.287..38.287 rows=0 loops=1)
   ->  Incremental Sort  (cost=69.35..10094.23 rows=100000 width=20) (actual time=0.157..36.116 rows=100000 loops=1)
         Sort Key: s_2.a, s_2.b, s_2.c
         Presorted Key: s_2.a, s_2.b
         Sort Method: quicksort  Memory: 132kB
         Sort Groups: 121
         ->  Index Only Scan using s_2_a_b_e_d_c_idx on s_2  (cost=0.42..3496.42 rows=100000 width=20) (actual time=0.021..12.506 rows=100000 loops=1)
               Heap Fetches: 0
 Planning time: 0.277 ms
 Execution time: 38.325 ms
(10 rows)

===== 51 [Wed Mar  7 02:08:06 CET 2018] scale:100000 groups:10 work_mem:8MB incremental:on max_workers:2 =====
SELECT * FROM s_3 ORDER BY a, b, c, d
                                                                      QUERY PLAN                                                                       
-------------------------------------------------------------------------------------------------------------------------------------------------------
 Limit  (cost=9388.71..9388.71 rows=1 width=20) (actual time=42.786..42.786 rows=0 loops=1)
   ->  Incremental Sort  (cost=5.38..8388.71 rows=100000 width=20) (actual time=0.081..40.615 rows=100000 loops=1)
         Sort Key: s_3.a, s_3.b, s_3.c, s_3.d
         Presorted Key: s_3.a, s_3.b, s_3.c
         Sort Method: quicksort  Memory: 35kB
         Sort Groups: 1262
         ->  Index Only Scan using s_3_a_b_c_e_d_idx on s_3  (cost=0.42..3496.42 rows=100000 width=20) (actual time=0.024..12.567 rows=100000 loops=1)
               Heap Fetches: 0
 Planning time: 0.288 ms
 Execution time: 42.808 ms
(10 rows)

===== 52 [Wed Mar  7 02:08:06 CET 2018] scale:100000 groups:10 work_mem:8MB incremental:off max_workers:2 =====
SELECT * FROM s_1 ORDER BY a, b
                                                      QUERY PLAN                                                       
-----------------------------------------------------------------------------------------------------------------------
 Limit  (cost=11191.82..11191.82 rows=1 width=20) (actual time=41.523..41.523 rows=0 loops=1)
   ->  Sort  (cost=9941.82..10191.82 rows=100000 width=20) (actual time=32.119..39.337 rows=100000 loops=1)
         Sort Key: s_1.a, s_1.b
         Sort Method: external merge  Disk: 2936kB
         ->  Seq Scan on s_1  (cost=0.00..1637.00 rows=100000 width=20) (actual time=0.007..5.594 rows=100000 loops=1)
 Planning time: 0.260 ms
 Execution time: 41.919 ms
(7 rows)

===== 53 [Wed Mar  7 02:08:07 CET 2018] scale:100000 groups:10 work_mem:8MB incremental:off max_workers:2 =====
SELECT * FROM s_2 ORDER BY a, b, c
                                                      QUERY PLAN                                                       
-----------------------------------------------------------------------------------------------------------------------
 Limit  (cost=11191.82..11191.82 rows=1 width=20) (actual time=48.878..48.878 rows=0 loops=1)
   ->  Sort  (cost=9941.82..10191.82 rows=100000 width=20) (actual time=39.521..46.690 rows=100000 loops=1)
         Sort Key: s_2.a, s_2.b, s_2.c
         Sort Method: external merge  Disk: 2936kB
         ->  Seq Scan on s_2  (cost=0.00..1637.00 rows=100000 width=20) (actual time=0.010..5.583 rows=100000 loops=1)
 Planning time: 0.281 ms
 Execution time: 49.273 ms
(7 rows)

===== 54 [Wed Mar  7 02:08:07 CET 2018] scale:100000 groups:10 work_mem:8MB incremental:off max_workers:2 =====
SELECT * FROM s_3 ORDER BY a, b, c, d
                                                      QUERY PLAN                                                       
-----------------------------------------------------------------------------------------------------------------------
 Limit  (cost=11191.82..11191.82 rows=1 width=20) (actual time=59.667..59.667 rows=0 loops=1)
   ->  Sort  (cost=9941.82..10191.82 rows=100000 width=20) (actual time=50.295..57.474 rows=100000 loops=1)
         Sort Key: s_3.a, s_3.b, s_3.c, s_3.d
         Sort Method: external merge  Disk: 2936kB
         ->  Seq Scan on s_3  (cost=0.00..1637.00 rows=100000 width=20) (actual time=0.010..5.608 rows=100000 loops=1)
 Planning time: 0.277 ms
 Execution time: 60.076 ms
(7 rows)

===== 55 [Wed Mar  7 02:08:07 CET 2018] scale:100000 groups:10 work_mem:16MB incremental:on max_workers:2 =====
SELECT * FROM s_1 ORDER BY a, b
                                                      QUERY PLAN                                                       
-----------------------------------------------------------------------------------------------------------------------
 Limit  (cost=11191.82..11191.82 rows=1 width=20) (actual time=33.277..33.277 rows=0 loops=1)
   ->  Sort  (cost=9941.82..10191.82 rows=100000 width=20) (actual time=24.618..31.102 rows=100000 loops=1)
         Sort Key: s_1.a, s_1.b
         Sort Method: quicksort  Memory: 10885kB
         ->  Seq Scan on s_1  (cost=0.00..1637.00 rows=100000 width=20) (actual time=0.007..5.581 rows=100000 loops=1)
 Planning time: 0.261 ms
 Execution time: 33.750 ms
(7 rows)

===== 56 [Wed Mar  7 02:08:07 CET 2018] scale:100000 groups:10 work_mem:16MB incremental:on max_workers:2 =====
SELECT * FROM s_2 ORDER BY a, b, c
                                                                      QUERY PLAN                                                                       
-------------------------------------------------------------------------------------------------------------------------------------------------------
 Limit  (cost=11094.23..11094.23 rows=1 width=20) (actual time=38.146..38.146 rows=0 loops=1)
   ->  Incremental Sort  (cost=69.35..10094.23 rows=100000 width=20) (actual time=0.164..35.975 rows=100000 loops=1)
         Sort Key: s_2.a, s_2.b, s_2.c
         Presorted Key: s_2.a, s_2.b
         Sort Method: quicksort  Memory: 132kB
         Sort Groups: 121
         ->  Index Only Scan using s_2_a_b_e_d_c_idx on s_2  (cost=0.42..3496.42 rows=100000 width=20) (actual time=0.022..12.520 rows=100000 loops=1)
               Heap Fetches: 0
 Planning time: 0.279 ms
 Execution time: 38.178 ms
(10 rows)

===== 57 [Wed Mar  7 02:08:08 CET 2018] scale:100000 groups:10 work_mem:16MB incremental:on max_workers:2 =====
SELECT * FROM s_3 ORDER BY a, b, c, d
                                                                      QUERY PLAN                                                                       
-------------------------------------------------------------------------------------------------------------------------------------------------------
 Limit  (cost=9388.71..9388.71 rows=1 width=20) (actual time=43.019..43.019 rows=0 loops=1)
   ->  Incremental Sort  (cost=5.38..8388.71 rows=100000 width=20) (actual time=0.083..40.858 rows=100000 loops=1)
         Sort Key: s_3.a, s_3.b, s_3.c, s_3.d
         Presorted Key: s_3.a, s_3.b, s_3.c
         Sort Method: quicksort  Memory: 35kB
         Sort Groups: 1262
         ->  Index Only Scan using s_3_a_b_c_e_d_idx on s_3  (cost=0.42..3496.42 rows=100000 width=20) (actual time=0.025..12.415 rows=100000 loops=1)
               Heap Fetches: 0
 Planning time: 0.291 ms
 Execution time: 43.041 ms
(10 rows)

===== 58 [Wed Mar  7 02:08:08 CET 2018] scale:100000 groups:10 work_mem:16MB incremental:off max_workers:2 =====
SELECT * FROM s_1 ORDER BY a, b
                                                      QUERY PLAN                                                       
-----------------------------------------------------------------------------------------------------------------------
 Limit  (cost=11191.82..11191.82 rows=1 width=20) (actual time=33.347..33.347 rows=0 loops=1)
   ->  Sort  (cost=9941.82..10191.82 rows=100000 width=20) (actual time=24.659..31.187 rows=100000 loops=1)
         Sort Key: s_1.a, s_1.b
         Sort Method: quicksort  Memory: 10885kB
         ->  Seq Scan on s_1  (cost=0.00..1637.00 rows=100000 width=20) (actual time=0.007..5.598 rows=100000 loops=1)
 Planning time: 0.259 ms
 Execution time: 33.830 ms
(7 rows)

===== 59 [Wed Mar  7 02:08:08 CET 2018] scale:100000 groups:10 work_mem:16MB incremental:off max_workers:2 =====
SELECT * FROM s_2 ORDER BY a, b, c
                                                      QUERY PLAN                                                       
-----------------------------------------------------------------------------------------------------------------------
 Limit  (cost=11191.82..11191.82 rows=1 width=20) (actual time=40.015..40.015 rows=0 loops=1)
   ->  Sort  (cost=9941.82..10191.82 rows=100000 width=20) (actual time=32.319..37.843 rows=100000 loops=1)
         Sort Key: s_2.a, s_2.b, s_2.c
         Sort Method: quicksort  Memory: 10885kB
         ->  Seq Scan on s_2  (cost=0.00..1637.00 rows=100000 width=20) (actual time=0.010..5.590 rows=100000 loops=1)
 Planning time: 0.274 ms
 Execution time: 40.494 ms
(7 rows)

===== 60 [Wed Mar  7 02:08:09 CET 2018] scale:100000 groups:10 work_mem:16MB incremental:off max_workers:2 =====
SELECT * FROM s_3 ORDER BY a, b, c, d
                                                      QUERY PLAN                                                       
-----------------------------------------------------------------------------------------------------------------------
 Limit  (cost=11191.82..11191.82 rows=1 width=20) (actual time=50.673..50.673 rows=0 loops=1)
   ->  Sort  (cost=9941.82..10191.82 rows=100000 width=20) (actual time=44.006..48.501 rows=100000 loops=1)
         Sort Key: s_3.a, s_3.b, s_3.c, s_3.d
         Sort Method: quicksort  Memory: 10885kB
         ->  Seq Scan on s_3  (cost=0.00..1637.00 rows=100000 width=20) (actual time=0.012..5.590 rows=100000 loops=1)
 Planning time: 0.278 ms
 Execution time: 51.148 ms
(7 rows)

===== 61 [Wed Mar  7 02:08:09 CET 2018] scale:100000 groups:10 work_mem:32MB incremental:on max_workers:2 =====
SELECT * FROM s_1 ORDER BY a, b
                                                      QUERY PLAN                                                       
-----------------------------------------------------------------------------------------------------------------------
 Limit  (cost=11191.82..11191.82 rows=1 width=20) (actual time=33.259..33.259 rows=0 loops=1)
   ->  Sort  (cost=9941.82..10191.82 rows=100000 width=20) (actual time=24.633..31.091 rows=100000 loops=1)
         Sort Key: s_1.a, s_1.b
         Sort Method: quicksort  Memory: 10885kB
         ->  Seq Scan on s_1  (cost=0.00..1637.00 rows=100000 width=20) (actual time=0.007..5.573 rows=100000 loops=1)
 Planning time: 0.266 ms
 Execution time: 33.742 ms
(7 rows)

===== 62 [Wed Mar  7 02:08:09 CET 2018] scale:100000 groups:10 work_mem:32MB incremental:on max_workers:2 =====
SELECT * FROM s_2 ORDER BY a, b, c
                                                                      QUERY PLAN                                                                       
-------------------------------------------------------------------------------------------------------------------------------------------------------
 Limit  (cost=11094.23..11094.23 rows=1 width=20) (actual time=38.263..38.263 rows=0 loops=1)
   ->  Incremental Sort  (cost=69.35..10094.23 rows=100000 width=20) (actual time=0.162..36.098 rows=100000 loops=1)
         Sort Key: s_2.a, s_2.b, s_2.c
         Presorted Key: s_2.a, s_2.b
         Sort Method: quicksort  Memory: 132kB
         Sort Groups: 121
         ->  Index Only Scan using s_2_a_b_e_d_c_idx on s_2  (cost=0.42..3496.42 rows=100000 width=20) (actual time=0.020..12.494 rows=100000 loops=1)
               Heap Fetches: 0
 Planning time: 0.280 ms
 Execution time: 38.296 ms
(10 rows)

===== 63 [Wed Mar  7 02:08:09 CET 2018] scale:100000 groups:10 work_mem:32MB incremental:on max_workers:2 =====
SELECT * FROM s_3 ORDER BY a, b, c, d
                                                                      QUERY PLAN                                                                       
-------------------------------------------------------------------------------------------------------------------------------------------------------
 Limit  (cost=9388.71..9388.71 rows=1 width=20) (actual time=42.712..42.712 rows=0 loops=1)
   ->  Incremental Sort  (cost=5.38..8388.71 rows=100000 width=20) (actual time=0.081..40.540 rows=100000 loops=1)
         Sort Key: s_3.a, s_3.b, s_3.c, s_3.d
         Presorted Key: s_3.a, s_3.b, s_3.c
         Sort Method: quicksort  Memory: 35kB
         Sort Groups: 1262
         ->  Index Only Scan using s_3_a_b_c_e_d_idx on s_3  (cost=0.42..3496.42 rows=100000 width=20) (actual time=0.023..12.564 rows=100000 loops=1)
               Heap Fetches: 0
 Planning time: 0.294 ms
 Execution time: 42.734 ms
(10 rows)

===== 64 [Wed Mar  7 02:08:10 CET 2018] scale:100000 groups:10 work_mem:32MB incremental:off max_workers:2 =====
SELECT * FROM s_1 ORDER BY a, b
                                                      QUERY PLAN                                                       
-----------------------------------------------------------------------------------------------------------------------
 Limit  (cost=11191.82..11191.82 rows=1 width=20) (actual time=33.148..33.148 rows=0 loops=1)
   ->  Sort  (cost=9941.82..10191.82 rows=100000 width=20) (actual time=24.593..30.979 rows=100000 loops=1)
         Sort Key: s_1.a, s_1.b
         Sort Method: quicksort  Memory: 10885kB
         ->  Seq Scan on s_1  (cost=0.00..1637.00 rows=100000 width=20) (actual time=0.007..5.584 rows=100000 loops=1)
 Planning time: 0.257 ms
 Execution time: 33.629 ms
(7 rows)

===== 65 [Wed Mar  7 02:08:10 CET 2018] scale:100000 groups:10 work_mem:32MB incremental:off max_workers:2 =====
SELECT * FROM s_2 ORDER BY a, b, c
                                                      QUERY PLAN                                                       
-----------------------------------------------------------------------------------------------------------------------
 Limit  (cost=11191.82..11191.82 rows=1 width=20) (actual time=39.980..39.980 rows=0 loops=1)
   ->  Sort  (cost=9941.82..10191.82 rows=100000 width=20) (actual time=32.302..37.818 rows=100000 loops=1)
         Sort Key: s_2.a, s_2.b, s_2.c
         Sort Method: quicksort  Memory: 10885kB
         ->  Seq Scan on s_2  (cost=0.00..1637.00 rows=100000 width=20) (actual time=0.010..5.589 rows=100000 loops=1)
 Planning time: 0.281 ms
 Execution time: 40.455 ms
(7 rows)

===== 66 [Wed Mar  7 02:08:10 CET 2018] scale:100000 groups:10 work_mem:32MB incremental:off max_workers:2 =====
SELECT * FROM s_3 ORDER BY a, b, c, d
                                                      QUERY PLAN                                                       
-----------------------------------------------------------------------------------------------------------------------
 Limit  (cost=11191.82..11191.82 rows=1 width=20) (actual time=50.686..50.686 rows=0 loops=1)
   ->  Sort  (cost=9941.82..10191.82 rows=100000 width=20) (actual time=44.032..48.524 rows=100000 loops=1)
         Sort Key: s_3.a, s_3.b, s_3.c, s_3.d
         Sort Method: quicksort  Memory: 10885kB
         ->  Seq Scan on s_3  (cost=0.00..1637.00 rows=100000 width=20) (actual time=0.011..5.613 rows=100000 loops=1)
 Planning time: 0.283 ms
 Execution time: 51.170 ms
(7 rows)

===== 67 [Wed Mar  7 02:08:11 CET 2018] scale:100000 groups:10 work_mem:64MB incremental:on max_workers:2 =====
SELECT * FROM s_1 ORDER BY a, b
                                                      QUERY PLAN                                                       
-----------------------------------------------------------------------------------------------------------------------
 Limit  (cost=11191.82..11191.82 rows=1 width=20) (actual time=33.404..33.404 rows=0 loops=1)
   ->  Sort  (cost=9941.82..10191.82 rows=100000 width=20) (actual time=24.691..31.235 rows=100000 loops=1)
         Sort Key: s_1.a, s_1.b
         Sort Method: quicksort  Memory: 10885kB
         ->  Seq Scan on s_1  (cost=0.00..1637.00 rows=100000 width=20) (actual time=0.007..5.558 rows=100000 loops=1)
 Planning time: 0.273 ms
 Execution time: 33.881 ms
(7 rows)

===== 68 [Wed Mar  7 02:08:11 CET 2018] scale:100000 groups:10 work_mem:64MB incremental:on max_workers:2 =====
SELECT * FROM s_2 ORDER BY a, b, c
                                                                      QUERY PLAN                                                                       
-------------------------------------------------------------------------------------------------------------------------------------------------------
 Limit  (cost=11094.23..11094.23 rows=1 width=20) (actual time=38.261..38.261 rows=0 loops=1)
   ->  Incremental Sort  (cost=69.35..10094.23 rows=100000 width=20) (actual time=0.155..36.096 rows=100000 loops=1)
         Sort Key: s_2.a, s_2.b, s_2.c
         Presorted Key: s_2.a, s_2.b
         Sort Method: quicksort  Memory: 132kB
         Sort Groups: 121
         ->  Index Only Scan using s_2_a_b_e_d_c_idx on s_2  (cost=0.42..3496.42 rows=100000 width=20) (actual time=0.020..12.499 rows=100000 loops=1)
               Heap Fetches: 0
 Planning time: 0.284 ms
 Execution time: 38.292 ms
(10 rows)

===== 69 [Wed Mar  7 02:08:11 CET 2018] scale:100000 groups:10 work_mem:64MB incremental:on max_workers:2 =====
SELECT * FROM s_3 ORDER BY a, b, c, d
                                                                      QUERY PLAN                                                                       
-------------------------------------------------------------------------------------------------------------------------------------------------------
 Limit  (cost=9388.71..9388.71 rows=1 width=20) (actual time=42.716..42.716 rows=0 loops=1)
   ->  Incremental Sort  (cost=5.38..8388.71 rows=100000 width=20) (actual time=0.080..40.544 rows=100000 loops=1)
         Sort Key: s_3.a, s_3.b, s_3.c, s_3.d
         Presorted Key: s_3.a, s_3.b, s_3.c
         Sort Method: quicksort  Memory: 35kB
         Sort Groups: 1262
         ->  Index Only Scan using s_3_a_b_c_e_d_idx on s_3  (cost=0.42..3496.42 rows=100000 width=20) (actual time=0.024..12.538 rows=100000 loops=1)
               Heap Fetches: 0
 Planning time: 0.286 ms
 Execution time: 42.738 ms
(10 rows)

===== 70 [Wed Mar  7 02:08:11 CET 2018] scale:100000 groups:10 work_mem:64MB incremental:off max_workers:2 =====
SELECT * FROM s_1 ORDER BY a, b
                                                      QUERY PLAN                                                       
-----------------------------------------------------------------------------------------------------------------------
 Limit  (cost=11191.82..11191.82 rows=1 width=20) (actual time=33.232..33.232 rows=0 loops=1)
   ->  Sort  (cost=9941.82..10191.82 rows=100000 width=20) (actual time=24.615..31.070 rows=100000 loops=1)
         Sort Key: s_1.a, s_1.b
         Sort Method: quicksort  Memory: 10885kB
         ->  Seq Scan on s_1  (cost=0.00..1637.00 rows=100000 width=20) (actual time=0.007..5.581 rows=100000 loops=1)
 Planning time: 0.261 ms
 Execution time: 33.711 ms
(7 rows)

===== 71 [Wed Mar  7 02:08:12 CET 2018] scale:100000 groups:10 work_mem:64MB incremental:off max_workers:2 =====
SELECT * FROM s_2 ORDER BY a, b, c
                                                      QUERY PLAN                                                       
-----------------------------------------------------------------------------------------------------------------------
 Limit  (cost=11191.82..11191.82 rows=1 width=20) (actual time=39.992..39.992 rows=0 loops=1)
   ->  Sort  (cost=9941.82..10191.82 rows=100000 width=20) (actual time=32.313..37.825 rows=100000 loops=1)
         Sort Key: s_2.a, s_2.b, s_2.c
         Sort Method: quicksort  Memory: 10885kB
         ->  Seq Scan on s_2  (cost=0.00..1637.00 rows=100000 width=20) (actual time=0.011..5.584 rows=100000 loops=1)
 Planning time: 0.275 ms
 Execution time: 40.473 ms
(7 rows)

===== 72 [Wed Mar  7 02:08:12 CET 2018] scale:100000 groups:10 work_mem:64MB incremental:off max_workers:2 =====
SELECT * FROM s_3 ORDER BY a, b, c, d
                                                      QUERY PLAN                                                       
-----------------------------------------------------------------------------------------------------------------------
 Limit  (cost=11191.82..11191.82 rows=1 width=20) (actual time=50.674..50.674 rows=0 loops=1)
   ->  Sort  (cost=9941.82..10191.82 rows=100000 width=20) (actual time=44.014..48.507 rows=100000 loops=1)
         Sort Key: s_3.a, s_3.b, s_3.c, s_3.d
         Sort Method: quicksort  Memory: 10885kB
         ->  Seq Scan on s_3  (cost=0.00..1637.00 rows=100000 width=20) (actual time=0.010..5.623 rows=100000 loops=1)
 Planning time: 0.278 ms
 Execution time: 51.154 ms
(7 rows)

===== 73 [Wed Mar  7 02:08:12 CET 2018] scale:100000 groups:10 work_mem:128MB incremental:on max_workers:2 =====
SELECT * FROM s_1 ORDER BY a, b
                                                      QUERY PLAN                                                       
-----------------------------------------------------------------------------------------------------------------------
 Limit  (cost=11191.82..11191.82 rows=1 width=20) (actual time=33.339..33.339 rows=0 loops=1)
   ->  Sort  (cost=9941.82..10191.82 rows=100000 width=20) (actual time=24.670..31.166 rows=100000 loops=1)
         Sort Key: s_1.a, s_1.b
         Sort Method: quicksort  Memory: 10885kB
         ->  Seq Scan on s_1  (cost=0.00..1637.00 rows=100000 width=20) (actual time=0.007..5.567 rows=100000 loops=1)
 Planning time: 0.271 ms
 Execution time: 33.818 ms
(7 rows)

===== 74 [Wed Mar  7 02:08:12 CET 2018] scale:100000 groups:10 work_mem:128MB incremental:on max_workers:2 =====
SELECT * FROM s_2 ORDER BY a, b, c
                                                                      QUERY PLAN                                                                       
-------------------------------------------------------------------------------------------------------------------------------------------------------
 Limit  (cost=11094.23..11094.23 rows=1 width=20) (actual time=38.269..38.269 rows=0 loops=1)
   ->  Incremental Sort  (cost=69.35..10094.23 rows=100000 width=20) (actual time=0.162..36.107 rows=100000 loops=1)
         Sort Key: s_2.a, s_2.b, s_2.c
         Presorted Key: s_2.a, s_2.b
         Sort Method: quicksort  Memory: 132kB
         Sort Groups: 121
         ->  Index Only Scan using s_2_a_b_e_d_c_idx on s_2  (cost=0.42..3496.42 rows=100000 width=20) (actual time=0.020..12.503 rows=100000 loops=1)
               Heap Fetches: 0
 Planning time: 0.280 ms
 Execution time: 38.301 ms
(10 rows)

===== 75 [Wed Mar  7 02:08:13 CET 2018] scale:100000 groups:10 work_mem:128MB incremental:on max_workers:2 =====
SELECT * FROM s_3 ORDER BY a, b, c, d
                                                                      QUERY PLAN                                                                       
-------------------------------------------------------------------------------------------------------------------------------------------------------
 Limit  (cost=9388.71..9388.71 rows=1 width=20) (actual time=42.715..42.715 rows=0 loops=1)
   ->  Incremental Sort  (cost=5.38..8388.71 rows=100000 width=20) (actual time=0.081..40.539 rows=100000 loops=1)
         Sort Key: s_3.a, s_3.b, s_3.c, s_3.d
         Presorted Key: s_3.a, s_3.b, s_3.c
         Sort Method: quicksort  Memory: 35kB
         Sort Groups: 1262
         ->  Index Only Scan using s_3_a_b_c_e_d_idx on s_3  (cost=0.42..3496.42 rows=100000 width=20) (actual time=0.023..12.568 rows=100000 loops=1)
               Heap Fetches: 0
 Planning time: 0.287 ms
 Execution time: 42.738 ms
(10 rows)

===== 76 [Wed Mar  7 02:08:13 CET 2018] scale:100000 groups:10 work_mem:128MB incremental:off max_workers:2 =====
SELECT * FROM s_1 ORDER BY a, b
                                                      QUERY PLAN                                                       
-----------------------------------------------------------------------------------------------------------------------
 Limit  (cost=11191.82..11191.82 rows=1 width=20) (actual time=33.234..33.234 rows=0 loops=1)
   ->  Sort  (cost=9941.82..10191.82 rows=100000 width=20) (actual time=24.618..31.064 rows=100000 loops=1)
         Sort Key: s_1.a, s_1.b
         Sort Method: quicksort  Memory: 10885kB
         ->  Seq Scan on s_1  (cost=0.00..1637.00 rows=100000 width=20) (actual time=0.007..5.591 rows=100000 loops=1)
 Planning time: 0.260 ms
 Execution time: 33.715 ms
(7 rows)

===== 77 [Wed Mar  7 02:08:13 CET 2018] scale:100000 groups:10 work_mem:128MB incremental:off max_workers:2 =====
SELECT * FROM s_2 ORDER BY a, b, c
                                                      QUERY PLAN                                                       
-----------------------------------------------------------------------------------------------------------------------
 Limit  (cost=11191.82..11191.82 rows=1 width=20) (actual time=39.994..39.994 rows=0 loops=1)
   ->  Sort  (cost=9941.82..10191.82 rows=100000 width=20) (actual time=32.283..37.822 rows=100000 loops=1)
         Sort Key: s_2.a, s_2.b, s_2.c
         Sort Method: quicksort  Memory: 10885kB
         ->  Seq Scan on s_2  (cost=0.00..1637.00 rows=100000 width=20) (actual time=0.010..5.593 rows=100000 loops=1)
 Planning time: 0.272 ms
 Execution time: 40.474 ms
(7 rows)

===== 78 [Wed Mar  7 02:08:14 CET 2018] scale:100000 groups:10 work_mem:128MB incremental:off max_workers:2 =====
SELECT * FROM s_3 ORDER BY a, b, c, d
                                                      QUERY PLAN                                                       
-----------------------------------------------------------------------------------------------------------------------
 Limit  (cost=11191.82..11191.82 rows=1 width=20) (actual time=50.733..50.733 rows=0 loops=1)
   ->  Sort  (cost=9941.82..10191.82 rows=100000 width=20) (actual time=44.061..48.565 rows=100000 loops=1)
         Sort Key: s_3.a, s_3.b, s_3.c, s_3.d
         Sort Method: quicksort  Memory: 10885kB
         ->  Seq Scan on s_3  (cost=0.00..1637.00 rows=100000 width=20) (actual time=0.010..5.605 rows=100000 loops=1)
 Planning time: 0.277 ms
 Execution time: 51.206 ms
(7 rows)

===== 79 [Wed Mar  7 02:08:14 CET 2018] scale:100000 groups:10 work_mem:256MB incremental:on max_workers:2 =====
SELECT * FROM s_1 ORDER BY a, b
                                                      QUERY PLAN                                                       
-----------------------------------------------------------------------------------------------------------------------
 Limit  (cost=11191.82..11191.82 rows=1 width=20) (actual time=33.295..33.295 rows=0 loops=1)
   ->  Sort  (cost=9941.82..10191.82 rows=100000 width=20) (actual time=24.623..31.122 rows=100000 loops=1)
         Sort Key: s_1.a, s_1.b
         Sort Method: quicksort  Memory: 10885kB
         ->  Seq Scan on s_1  (cost=0.00..1637.00 rows=100000 width=20) (actual time=0.007..5.564 rows=100000 loops=1)
 Planning time: 0.272 ms
 Execution time: 33.771 ms
(7 rows)

===== 80 [Wed Mar  7 02:08:14 CET 2018] scale:100000 groups:10 work_mem:256MB incremental:on max_workers:2 =====
SELECT * FROM s_2 ORDER BY a, b, c
                                                                      QUERY PLAN                                                                       
-------------------------------------------------------------------------------------------------------------------------------------------------------
 Limit  (cost=11094.23..11094.23 rows=1 width=20) (actual time=38.295..38.295 rows=0 loops=1)
   ->  Incremental Sort  (cost=69.35..10094.23 rows=100000 width=20) (actual time=0.163..36.136 rows=100000 loops=1)
         Sort Key: s_2.a, s_2.b, s_2.c
         Presorted Key: s_2.a, s_2.b
         Sort Method: quicksort  Memory: 132kB
         Sort Groups: 121
         ->  Index Only Scan using s_2_a_b_e_d_c_idx on s_2  (cost=0.42..3496.42 rows=100000 width=20) (actual time=0.020..12.527 rows=100000 loops=1)
               Heap Fetches: 0
 Planning time: 0.279 ms
 Execution time: 38.326 ms
(10 rows)

===== 81 [Wed Mar  7 02:08:14 CET 2018] scale:100000 groups:10 work_mem:256MB incremental:on max_workers:2 =====
SELECT * FROM s_3 ORDER BY a, b, c, d
                                                                      QUERY PLAN                                                                       
-------------------------------------------------------------------------------------------------------------------------------------------------------
 Limit  (cost=9388.71..9388.71 rows=1 width=20) (actual time=42.741..42.741 rows=0 loops=1)
   ->  Incremental Sort  (cost=5.38..8388.71 rows=100000 width=20) (actual time=0.081..40.563 rows=100000 loops=1)
         Sort Key: s_3.a, s_3.b, s_3.c, s_3.d
         Presorted Key: s_3.a, s_3.b, s_3.c
         Sort Method: quicksort  Memory: 35kB
         Sort Groups: 1262
         ->  Index Only Scan using s_3_a_b_c_e_d_idx on s_3  (cost=0.42..3496.42 rows=100000 width=20) (actual time=0.024..12.576 rows=100000 loops=1)
               Heap Fetches: 0
 Planning time: 0.290 ms
 Execution time: 42.765 ms
(10 rows)

===== 82 [Wed Mar  7 02:08:15 CET 2018] scale:100000 groups:10 work_mem:256MB incremental:off max_workers:2 =====
SELECT * FROM s_1 ORDER BY a, b
                                                      QUERY PLAN                                                       
-----------------------------------------------------------------------------------------------------------------------
 Limit  (cost=11191.82..11191.82 rows=1 width=20) (actual time=33.344..33.344 rows=0 loops=1)
   ->  Sort  (cost=9941.82..10191.82 rows=100000 width=20) (actual time=24.629..31.182 rows=100000 loops=1)
         Sort Key: s_1.a, s_1.b
         Sort Method: quicksort  Memory: 10885kB
         ->  Seq Scan on s_1  (cost=0.00..1637.00 rows=100000 width=20) (actual time=0.007..5.593 rows=100000 loops=1)
 Planning time: 0.265 ms
 Execution time: 33.834 ms
(7 rows)

===== 83 [Wed Mar  7 02:08:15 CET 2018] scale:100000 groups:10 work_mem:256MB incremental:off max_workers:2 =====
SELECT * FROM s_2 ORDER BY a, b, c
                                                      QUERY PLAN                                                       
-----------------------------------------------------------------------------------------------------------------------
 Limit  (cost=11191.82..11191.82 rows=1 width=20) (actual time=40.018..40.018 rows=0 loops=1)
   ->  Sort  (cost=9941.82..10191.82 rows=100000 width=20) (actual time=32.306..37.848 rows=100000 loops=1)
         Sort Key: s_2.a, s_2.b, s_2.c
         Sort Method: quicksort  Memory: 10885kB
         ->  Seq Scan on s_2  (cost=0.00..1637.00 rows=100000 width=20) (actual time=0.010..5.598 rows=100000 loops=1)
 Planning time: 0.276 ms
 Execution time: 40.500 ms
(7 rows)

===== 84 [Wed Mar  7 02:08:15 CET 2018] scale:100000 groups:10 work_mem:256MB incremental:off max_workers:2 =====
SELECT * FROM s_3 ORDER BY a, b, c, d
                                                      QUERY PLAN                                                       
-----------------------------------------------------------------------------------------------------------------------
 Limit  (cost=11191.82..11191.82 rows=1 width=20) (actual time=50.750..50.750 rows=0 loops=1)
   ->  Sort  (cost=9941.82..10191.82 rows=100000 width=20) (actual time=44.059..48.582 rows=100000 loops=1)
         Sort Key: s_3.a, s_3.b, s_3.c, s_3.d
         Sort Method: quicksort  Memory: 10885kB
         ->  Seq Scan on s_3  (cost=0.00..1637.00 rows=100000 width=20) (actual time=0.010..5.610 rows=100000 loops=1)
 Planning time: 0.280 ms
 Execution time: 51.225 ms
(7 rows)

===== 85 [Wed Mar  7 02:08:17 CET 2018] scale:100000 groups:100 work_mem:4MB incremental:on max_workers:0 =====
SELECT * FROM s_1 ORDER BY a, b
                                                                      QUERY PLAN                                                                       
-------------------------------------------------------------------------------------------------------------------------------------------------------
 Limit  (cost=11224.15..11224.15 rows=1 width=20) (actual time=44.339..44.339 rows=0 loops=1)
   ->  Incremental Sort  (cost=84.30..10224.15 rows=100000 width=20) (actual time=0.291..42.174 rows=100000 loops=1)
         Sort Key: s_1.a, s_1.b
         Presorted Key: s_1.a
         Sort Method: quicksort  Memory: 133kB
         Sort Groups: 101
         ->  Index Only Scan using s_1_a_e_d_c_b_idx on s_1  (cost=0.42..3496.42 rows=100000 width=20) (actual time=0.043..14.618 rows=100000 loops=1)
               Heap Fetches: 0
 Planning time: 0.285 ms
 Execution time: 44.371 ms
(10 rows)

===== 86 [Wed Mar  7 02:08:17 CET 2018] scale:100000 groups:100 work_mem:4MB incremental:on max_workers:0 =====
SELECT * FROM s_2 ORDER BY a, b, c
                                                                      QUERY PLAN                                                                       
-------------------------------------------------------------------------------------------------------------------------------------------------------
 Limit  (cost=8107.38..8107.38 rows=1 width=20) (actual time=43.524..43.524 rows=0 loops=1)
   ->  Incremental Sort  (cost=0.93..7107.38 rows=100000 width=20) (actual time=0.089..41.335 rows=100000 loops=1)
         Sort Key: s_2.a, s_2.b, s_2.c
         Presorted Key: s_2.a, s_2.b
         Sort Method: quicksort  Memory: 29kB
         Sort Groups: 2711
         ->  Index Only Scan using s_2_a_b_e_d_c_idx on s_2  (cost=0.42..3496.42 rows=100000 width=20) (actual time=0.040..14.543 rows=100000 loops=1)
               Heap Fetches: 0
 Planning time: 0.281 ms
 Execution time: 43.548 ms
(10 rows)

===== 87 [Wed Mar  7 02:08:18 CET 2018] scale:100000 groups:100 work_mem:4MB incremental:on max_workers:0 =====
SELECT * FROM s_3 ORDER BY a, b, c, d
                                                                      QUERY PLAN                                                                       
-------------------------------------------------------------------------------------------------------------------------------------------------------
 Limit  (cost=8107.38..8107.38 rows=1 width=20) (actual time=36.875..36.875 rows=0 loops=1)
   ->  Incremental Sort  (cost=0.93..7107.38 rows=100000 width=20) (actual time=0.088..34.673 rows=100000 loops=1)
         Sort Key: s_3.a, s_3.b, s_3.c, s_3.d
         Presorted Key: s_3.a, s_3.b, s_3.c
         Sort Method: quicksort  Memory: 27kB
         Sort Groups: 3121
         ->  Index Only Scan using s_3_a_b_c_e_d_idx on s_3  (cost=0.42..3496.42 rows=100000 width=20) (actual time=0.041..14.547 rows=100000 loops=1)
               Heap Fetches: 0
 Planning time: 0.280 ms
 Execution time: 36.899 ms
(10 rows)

===== 88 [Wed Mar  7 02:08:18 CET 2018] scale:100000 groups:100 work_mem:4MB incremental:off max_workers:0 =====
SELECT * FROM s_1 ORDER BY a, b
                                                      QUERY PLAN                                                       
-----------------------------------------------------------------------------------------------------------------------
 Limit  (cost=13242.82..13242.82 rows=1 width=20) (actual time=47.308..47.308 rows=0 loops=1)
   ->  Sort  (cost=11992.82..12242.82 rows=100000 width=20) (actual time=37.895..45.131 rows=100000 loops=1)
         Sort Key: s_1.a, s_1.b
         Sort Method: external merge  Disk: 2936kB
         ->  Seq Scan on s_1  (cost=0.00..1637.00 rows=100000 width=20) (actual time=0.007..5.489 rows=100000 loops=1)
 Planning time: 0.272 ms
 Execution time: 47.878 ms
(7 rows)

===== 89 [Wed Mar  7 02:08:18 CET 2018] scale:100000 groups:100 work_mem:4MB incremental:off max_workers:0 =====
SELECT * FROM s_2 ORDER BY a, b, c
                                                      QUERY PLAN                                                       
-----------------------------------------------------------------------------------------------------------------------
 Limit  (cost=13242.82..13242.82 rows=1 width=20) (actual time=53.547..53.547 rows=0 loops=1)
   ->  Sort  (cost=11992.82..12242.82 rows=100000 width=20) (actual time=44.166..51.368 rows=100000 loops=1)
         Sort Key: s_2.a, s_2.b, s_2.c
         Sort Method: external merge  Disk: 2936kB
         ->  Seq Scan on s_2  (cost=0.00..1637.00 rows=100000 width=20) (actual time=0.010..5.514 rows=100000 loops=1)
 Planning time: 0.274 ms
 Execution time: 54.110 ms
(7 rows)

===== 90 [Wed Mar  7 02:08:18 CET 2018] scale:100000 groups:100 work_mem:4MB incremental:off max_workers:0 =====
SELECT * FROM s_3 ORDER BY a, b, c, d
                                                      QUERY PLAN                                                       
-----------------------------------------------------------------------------------------------------------------------
 Limit  (cost=13242.82..13242.82 rows=1 width=20) (actual time=48.479..48.479 rows=0 loops=1)
   ->  Sort  (cost=11992.82..12242.82 rows=100000 width=20) (actual time=39.104..46.306 rows=100000 loops=1)
         Sort Key: s_3.a, s_3.b, s_3.c, s_3.d
         Sort Method: external merge  Disk: 2936kB
         ->  Seq Scan on s_3  (cost=0.00..1637.00 rows=100000 width=20) (actual time=0.011..5.493 rows=100000 loops=1)
 Planning time: 0.271 ms
 Execution time: 49.043 ms
(7 rows)

===== 91 [Wed Mar  7 02:08:19 CET 2018] scale:100000 groups:100 work_mem:8MB incremental:on max_workers:0 =====
SELECT * FROM s_1 ORDER BY a, b
                                                                      QUERY PLAN                                                                       
-------------------------------------------------------------------------------------------------------------------------------------------------------
 Limit  (cost=11224.15..11224.15 rows=1 width=20) (actual time=41.907..41.907 rows=0 loops=1)
   ->  Incremental Sort  (cost=84.30..10224.15 rows=100000 width=20) (actual time=0.268..39.734 rows=100000 loops=1)
         Sort Key: s_1.a, s_1.b
         Presorted Key: s_1.a
         Sort Method: quicksort  Memory: 133kB
         Sort Groups: 101
         ->  Index Only Scan using s_1_a_e_d_c_b_idx on s_1  (cost=0.42..3496.42 rows=100000 width=20) (actual time=0.028..12.490 rows=100000 loops=1)
               Heap Fetches: 0
 Planning time: 0.286 ms
 Execution time: 41.937 ms
(10 rows)

===== 92 [Wed Mar  7 02:08:19 CET 2018] scale:100000 groups:100 work_mem:8MB incremental:on max_workers:0 =====
SELECT * FROM s_2 ORDER BY a, b, c
                                                                      QUERY PLAN                                                                       
-------------------------------------------------------------------------------------------------------------------------------------------------------
 Limit  (cost=8107.38..8107.38 rows=1 width=20) (actual time=40.829..40.829 rows=0 loops=1)
   ->  Incremental Sort  (cost=0.93..7107.38 rows=100000 width=20) (actual time=0.075..38.633 rows=100000 loops=1)
         Sort Key: s_2.a, s_2.b, s_2.c
         Presorted Key: s_2.a, s_2.b
         Sort Method: quicksort  Memory: 29kB
         Sort Groups: 2711
         ->  Index Only Scan using s_2_a_b_e_d_c_idx on s_2  (cost=0.42..3496.42 rows=100000 width=20) (actual time=0.024..12.493 rows=100000 loops=1)
               Heap Fetches: 0
 Planning time: 0.292 ms
 Execution time: 40.851 ms
(10 rows)

===== 93 [Wed Mar  7 02:08:19 CET 2018] scale:100000 groups:100 work_mem:8MB incremental:on max_workers:0 =====
SELECT * FROM s_3 ORDER BY a, b, c, d
                                                                      QUERY PLAN                                                                       
-------------------------------------------------------------------------------------------------------------------------------------------------------
 Limit  (cost=8107.38..8107.38 rows=1 width=20) (actual time=34.402..34.402 rows=0 loops=1)
   ->  Incremental Sort  (cost=0.93..7107.38 rows=100000 width=20) (actual time=0.072..32.216 rows=100000 loops=1)
         Sort Key: s_3.a, s_3.b, s_3.c, s_3.d
         Presorted Key: s_3.a, s_3.b, s_3.c
         Sort Method: quicksort  Memory: 27kB
         Sort Groups: 3121
         ->  Index Only Scan using s_3_a_b_c_e_d_idx on s_3  (cost=0.42..3496.42 rows=100000 width=20) (actual time=0.025..12.429 rows=100000 loops=1)
               Heap Fetches: 0
 Planning time: 0.278 ms
 Execution time: 34.425 ms
(10 rows)

===== 94 [Wed Mar  7 02:08:20 CET 2018] scale:100000 groups:100 work_mem:8MB incremental:off max_workers:0 =====
SELECT * FROM s_1 ORDER BY a, b
                                                      QUERY PLAN                                                       
-----------------------------------------------------------------------------------------------------------------------
 Limit  (cost=11191.82..11191.82 rows=1 width=20) (actual time=50.570..50.570 rows=0 loops=1)
   ->  Sort  (cost=9941.82..10191.82 rows=100000 width=20) (actual time=41.273..48.380 rows=100000 loops=1)
         Sort Key: s_1.a, s_1.b
         Sort Method: external merge  Disk: 2936kB
         ->  Seq Scan on s_1  (cost=0.00..1637.00 rows=100000 width=20) (actual time=0.007..5.598 rows=100000 loops=1)
 Planning time: 0.269 ms
 Execution time: 50.975 ms
(7 rows)

===== 95 [Wed Mar  7 02:08:20 CET 2018] scale:100000 groups:100 work_mem:8MB incremental:off max_workers:0 =====
SELECT * FROM s_2 ORDER BY a, b, c
                                                      QUERY PLAN                                                       
-----------------------------------------------------------------------------------------------------------------------
 Limit  (cost=11191.82..11191.82 rows=1 width=20) (actual time=55.669..55.669 rows=0 loops=1)
   ->  Sort  (cost=9941.82..10191.82 rows=100000 width=20) (actual time=46.383..53.486 rows=100000 loops=1)
         Sort Key: s_2.a, s_2.b, s_2.c
         Sort Method: external merge  Disk: 2936kB
         ->  Seq Scan on s_2  (cost=0.00..1637.00 rows=100000 width=20) (actual time=0.010..5.600 rows=100000 loops=1)
 Planning time: 0.275 ms
 Execution time: 56.063 ms
(7 rows)

===== 96 [Wed Mar  7 02:08:20 CET 2018] scale:100000 groups:100 work_mem:8MB incremental:off max_workers:0 =====
SELECT * FROM s_3 ORDER BY a, b, c, d
                                                      QUERY PLAN                                                       
-----------------------------------------------------------------------------------------------------------------------
 Limit  (cost=11191.82..11191.82 rows=1 width=20) (actual time=50.604..50.604 rows=0 loops=1)
   ->  Sort  (cost=9941.82..10191.82 rows=100000 width=20) (actual time=41.294..48.412 rows=100000 loops=1)
         Sort Key: s_3.a, s_3.b, s_3.c, s_3.d
         Sort Method: external merge  Disk: 2936kB
         ->  Seq Scan on s_3  (cost=0.00..1637.00 rows=100000 width=20) (actual time=0.010..5.625 rows=100000 loops=1)
 Planning time: 0.275 ms
 Execution time: 51.021 ms
(7 rows)

===== 97 [Wed Mar  7 02:08:21 CET 2018] scale:100000 groups:100 work_mem:16MB incremental:on max_workers:0 =====
SELECT * FROM s_1 ORDER BY a, b
                                                                      QUERY PLAN                                                                       
-------------------------------------------------------------------------------------------------------------------------------------------------------
 Limit  (cost=11224.15..11224.15 rows=1 width=20) (actual time=42.016..42.016 rows=0 loops=1)
   ->  Incremental Sort  (cost=84.30..10224.15 rows=100000 width=20) (actual time=0.265..39.851 rows=100000 loops=1)
         Sort Key: s_1.a, s_1.b
         Presorted Key: s_1.a
         Sort Method: quicksort  Memory: 133kB
         Sort Groups: 101
         ->  Index Only Scan using s_1_a_e_d_c_b_idx on s_1  (cost=0.42..3496.42 rows=100000 width=20) (actual time=0.026..12.479 rows=100000 loops=1)
               Heap Fetches: 0
 Planning time: 0.277 ms
 Execution time: 42.046 ms
(10 rows)

===== 98 [Wed Mar  7 02:08:21 CET 2018] scale:100000 groups:100 work_mem:16MB incremental:on max_workers:0 =====
SELECT * FROM s_2 ORDER BY a, b, c
                                                                      QUERY PLAN                                                                       
-------------------------------------------------------------------------------------------------------------------------------------------------------
 Limit  (cost=8107.38..8107.38 rows=1 width=20) (actual time=41.177..41.177 rows=0 loops=1)
   ->  Incremental Sort  (cost=0.93..7107.38 rows=100000 width=20) (actual time=0.070..38.998 rows=100000 loops=1)
         Sort Key: s_2.a, s_2.b, s_2.c
         Presorted Key: s_2.a, s_2.b
         Sort Method: quicksort  Memory: 29kB
         Sort Groups: 2711
         ->  Index Only Scan using s_2_a_b_e_d_c_idx on s_2  (cost=0.42..3496.42 rows=100000 width=20) (actual time=0.023..12.480 rows=100000 loops=1)
               Heap Fetches: 0
 Planning time: 0.281 ms
 Execution time: 41.200 ms
(10 rows)

===== 99 [Wed Mar  7 02:08:21 CET 2018] scale:100000 groups:100 work_mem:16MB incremental:on max_workers:0 =====
SELECT * FROM s_3 ORDER BY a, b, c, d
                                                                      QUERY PLAN                                                                       
-------------------------------------------------------------------------------------------------------------------------------------------------------
 Limit  (cost=8107.38..8107.38 rows=1 width=20) (actual time=34.491..34.491 rows=0 loops=1)
   ->  Incremental Sort  (cost=0.93..7107.38 rows=100000 width=20) (actual time=0.073..32.300 rows=100000 loops=1)
         Sort Key: s_3.a, s_3.b, s_3.c, s_3.d
         Presorted Key: s_3.a, s_3.b, s_3.c
         Sort Method: quicksort  Memory: 27kB
         Sort Groups: 3121
         ->  Index Only Scan using s_3_a_b_c_e_d_idx on s_3  (cost=0.42..3496.42 rows=100000 width=20) (actual time=0.027..12.464 rows=100000 loops=1)
               Heap Fetches: 0
 Planning time: 0.280 ms
 Execution time: 34.513 ms
(10 rows)

===== 100 [Wed Mar  7 02:08:21 CET 2018] scale:100000 groups:100 work_mem:16MB incremental:off max_workers:0 =====
SELECT * FROM s_1 ORDER BY a, b
                                                      QUERY PLAN                                                       
-----------------------------------------------------------------------------------------------------------------------
 Limit  (cost=11191.82..11191.82 rows=1 width=20) (actual time=40.653..40.653 rows=0 loops=1)
   ->  Sort  (cost=9941.82..10191.82 rows=100000 width=20) (actual time=33.839..38.480 rows=100000 loops=1)
         Sort Key: s_1.a, s_1.b
         Sort Method: quicksort  Memory: 10885kB
         ->  Seq Scan on s_1  (cost=0.00..1637.00 rows=100000 width=20) (actual time=0.007..5.607 rows=100000 loops=1)
 Planning time: 0.269 ms
 Execution time: 41.128 ms
(7 rows)

===== 101 [Wed Mar  7 02:08:22 CET 2018] scale:100000 groups:100 work_mem:16MB incremental:off max_workers:0 =====
SELECT * FROM s_2 ORDER BY a, b, c
                                                      QUERY PLAN                                                       
-----------------------------------------------------------------------------------------------------------------------
 Limit  (cost=11191.82..11191.82 rows=1 width=20) (actual time=46.620..46.620 rows=0 loops=1)
   ->  Sort  (cost=9941.82..10191.82 rows=100000 width=20) (actual time=40.556..44.440 rows=100000 loops=1)
         Sort Key: s_2.a, s_2.b, s_2.c
         Sort Method: quicksort  Memory: 10885kB
         ->  Seq Scan on s_2  (cost=0.00..1637.00 rows=100000 width=20) (actual time=0.010..5.595 rows=100000 loops=1)
 Planning time: 0.287 ms
 Execution time: 47.100 ms
(7 rows)

===== 102 [Wed Mar  7 02:08:22 CET 2018] scale:100000 groups:100 work_mem:16MB incremental:off max_workers:0 =====
SELECT * FROM s_3 ORDER BY a, b, c, d
                                                      QUERY PLAN                                                       
-----------------------------------------------------------------------------------------------------------------------
 Limit  (cost=11191.82..11191.82 rows=1 width=20) (actual time=41.008..41.008 rows=0 loops=1)
   ->  Sort  (cost=9941.82..10191.82 rows=100000 width=20) (actual time=35.554..38.823 rows=100000 loops=1)
         Sort Key: s_3.a, s_3.b, s_3.c, s_3.d
         Sort Method: quicksort  Memory: 10885kB
         ->  Seq Scan on s_3  (cost=0.00..1637.00 rows=100000 width=20) (actual time=0.010..5.621 rows=100000 loops=1)
 Planning time: 0.270 ms
 Execution time: 41.484 ms
(7 rows)

===== 103 [Wed Mar  7 02:08:22 CET 2018] scale:100000 groups:100 work_mem:32MB incremental:on max_workers:0 =====
SELECT * FROM s_1 ORDER BY a, b
                                                                      QUERY PLAN                                                                       
-------------------------------------------------------------------------------------------------------------------------------------------------------
 Limit  (cost=11224.15..11224.15 rows=1 width=20) (actual time=42.058..42.058 rows=0 loops=1)
   ->  Incremental Sort  (cost=84.30..10224.15 rows=100000 width=20) (actual time=0.265..39.896 rows=100000 loops=1)
         Sort Key: s_1.a, s_1.b
         Presorted Key: s_1.a
         Sort Method: quicksort  Memory: 133kB
         Sort Groups: 101
         ->  Index Only Scan using s_1_a_e_d_c_b_idx on s_1  (cost=0.42..3496.42 rows=100000 width=20) (actual time=0.026..12.485 rows=100000 loops=1)
               Heap Fetches: 0
 Planning time: 0.270 ms
 Execution time: 42.088 ms
(10 rows)

===== 104 [Wed Mar  7 02:08:23 CET 2018] scale:100000 groups:100 work_mem:32MB incremental:on max_workers:0 =====
SELECT * FROM s_2 ORDER BY a, b, c
                                                                      QUERY PLAN                                                                       
-------------------------------------------------------------------------------------------------------------------------------------------------------
 Limit  (cost=8107.38..8107.38 rows=1 width=20) (actual time=41.166..41.166 rows=0 loops=1)
   ->  Incremental Sort  (cost=0.93..7107.38 rows=100000 width=20) (actual time=0.072..38.992 rows=100000 loops=1)
         Sort Key: s_2.a, s_2.b, s_2.c
         Presorted Key: s_2.a, s_2.b
         Sort Method: quicksort  Memory: 29kB
         Sort Groups: 2711
         ->  Index Only Scan using s_2_a_b_e_d_c_idx on s_2  (cost=0.42..3496.42 rows=100000 width=20) (actual time=0.023..12.493 rows=100000 loops=1)
               Heap Fetches: 0
 Planning time: 0.278 ms
 Execution time: 41.188 ms
(10 rows)

===== 105 [Wed Mar  7 02:08:23 CET 2018] scale:100000 groups:100 work_mem:32MB incremental:on max_workers:0 =====
SELECT * FROM s_3 ORDER BY a, b, c, d
                                                                      QUERY PLAN                                                                       
-------------------------------------------------------------------------------------------------------------------------------------------------------
 Limit  (cost=8107.38..8107.38 rows=1 width=20) (actual time=34.491..34.491 rows=0 loops=1)
   ->  Incremental Sort  (cost=0.93..7107.38 rows=100000 width=20) (actual time=0.077..32.305 rows=100000 loops=1)
         Sort Key: s_3.a, s_3.b, s_3.c, s_3.d
         Presorted Key: s_3.a, s_3.b, s_3.c
         Sort Method: quicksort  Memory: 27kB
         Sort Groups: 3121
         ->  Index Only Scan using s_3_a_b_c_e_d_idx on s_3  (cost=0.42..3496.42 rows=100000 width=20) (actual time=0.029..12.471 rows=100000 loops=1)
               Heap Fetches: 0
 Planning time: 0.278 ms
 Execution time: 34.514 ms
(10 rows)

===== 106 [Wed Mar  7 02:08:23 CET 2018] scale:100000 groups:100 work_mem:32MB incremental:off max_workers:0 =====
SELECT * FROM s_1 ORDER BY a, b
                                                      QUERY PLAN                                                       
-----------------------------------------------------------------------------------------------------------------------
 Limit  (cost=11191.82..11191.82 rows=1 width=20) (actual time=40.672..40.672 rows=0 loops=1)
   ->  Sort  (cost=9941.82..10191.82 rows=100000 width=20) (actual time=33.833..38.499 rows=100000 loops=1)
         Sort Key: s_1.a, s_1.b
         Sort Method: quicksort  Memory: 10885kB
         ->  Seq Scan on s_1  (cost=0.00..1637.00 rows=100000 width=20) (actual time=0.007..5.592 rows=100000 loops=1)
 Planning time: 0.282 ms
 Execution time: 41.147 ms
(7 rows)

===== 107 [Wed Mar  7 02:08:23 CET 2018] scale:100000 groups:100 work_mem:32MB incremental:off max_workers:0 =====
SELECT * FROM s_2 ORDER BY a, b, c
                                                      QUERY PLAN                                                       
-----------------------------------------------------------------------------------------------------------------------
 Limit  (cost=11191.82..11191.82 rows=1 width=20) (actual time=46.633..46.633 rows=0 loops=1)
   ->  Sort  (cost=9941.82..10191.82 rows=100000 width=20) (actual time=40.568..44.450 rows=100000 loops=1)
         Sort Key: s_2.a, s_2.b, s_2.c
         Sort Method: quicksort  Memory: 10885kB
         ->  Seq Scan on s_2  (cost=0.00..1637.00 rows=100000 width=20) (actual time=0.010..5.606 rows=100000 loops=1)
 Planning time: 0.272 ms
 Execution time: 47.104 ms
(7 rows)

===== 108 [Wed Mar  7 02:08:24 CET 2018] scale:100000 groups:100 work_mem:32MB incremental:off max_workers:0 =====
SELECT * FROM s_3 ORDER BY a, b, c, d
                                                      QUERY PLAN                                                       
-----------------------------------------------------------------------------------------------------------------------
 Limit  (cost=11191.82..11191.82 rows=1 width=20) (actual time=41.027..41.027 rows=0 loops=1)
   ->  Sort  (cost=9941.82..10191.82 rows=100000 width=20) (actual time=35.566..38.841 rows=100000 loops=1)
         Sort Key: s_3.a, s_3.b, s_3.c, s_3.d
         Sort Method: quicksort  Memory: 10885kB
         ->  Seq Scan on s_3  (cost=0.00..1637.00 rows=100000 width=20) (actual time=0.011..5.616 rows=100000 loops=1)
 Planning time: 0.271 ms
 Execution time: 41.505 ms
(7 rows)

===== 109 [Wed Mar  7 02:08:24 CET 2018] scale:100000 groups:100 work_mem:64MB incremental:on max_workers:0 =====
SELECT * FROM s_1 ORDER BY a, b
                                                                      QUERY PLAN                                                                       
-------------------------------------------------------------------------------------------------------------------------------------------------------
 Limit  (cost=11224.15..11224.15 rows=1 width=20) (actual time=42.028..42.028 rows=0 loops=1)
   ->  Incremental Sort  (cost=84.30..10224.15 rows=100000 width=20) (actual time=0.266..39.870 rows=100000 loops=1)
         Sort Key: s_1.a, s_1.b
         Presorted Key: s_1.a
         Sort Method: quicksort  Memory: 133kB
         Sort Groups: 101
         ->  Index Only Scan using s_1_a_e_d_c_b_idx on s_1  (cost=0.42..3496.42 rows=100000 width=20) (actual time=0.027..12.483 rows=100000 loops=1)
               Heap Fetches: 0
 Planning time: 0.272 ms
 Execution time: 42.057 ms
(10 rows)

===== 110 [Wed Mar  7 02:08:24 CET 2018] scale:100000 groups:100 work_mem:64MB incremental:on max_workers:0 =====
SELECT * FROM s_2 ORDER BY a, b, c
                                                                      QUERY PLAN                                                                       
-------------------------------------------------------------------------------------------------------------------------------------------------------
 Limit  (cost=8107.38..8107.38 rows=1 width=20) (actual time=41.205..41.205 rows=0 loops=1)
   ->  Incremental Sort  (cost=0.93..7107.38 rows=100000 width=20) (actual time=0.071..39.029 rows=100000 loops=1)
         Sort Key: s_2.a, s_2.b, s_2.c
         Presorted Key: s_2.a, s_2.b
         Sort Method: quicksort  Memory: 29kB
         Sort Groups: 2711
         ->  Index Only Scan using s_2_a_b_e_d_c_idx on s_2  (cost=0.42..3496.42 rows=100000 width=20) (actual time=0.023..12.482 rows=100000 loops=1)
               Heap Fetches: 0
 Planning time: 0.282 ms
 Execution time: 41.227 ms
(10 rows)

===== 111 [Wed Mar  7 02:08:25 CET 2018] scale:100000 groups:100 work_mem:64MB incremental:on max_workers:0 =====
SELECT * FROM s_3 ORDER BY a, b, c, d
                                                                      QUERY PLAN                                                                       
-------------------------------------------------------------------------------------------------------------------------------------------------------
 Limit  (cost=8107.38..8107.38 rows=1 width=20) (actual time=34.473..34.473 rows=0 loops=1)
   ->  Incremental Sort  (cost=0.93..7107.38 rows=100000 width=20) (actual time=0.070..32.290 rows=100000 loops=1)
         Sort Key: s_3.a, s_3.b, s_3.c, s_3.d
         Presorted Key: s_3.a, s_3.b, s_3.c
         Sort Method: quicksort  Memory: 27kB
         Sort Groups: 3121
         ->  Index Only Scan using s_3_a_b_c_e_d_idx on s_3  (cost=0.42..3496.42 rows=100000 width=20) (actual time=0.024..12.467 rows=100000 loops=1)
               Heap Fetches: 0
 Planning time: 0.277 ms
 Execution time: 34.496 ms
(10 rows)

===== 112 [Wed Mar  7 02:08:25 CET 2018] scale:100000 groups:100 work_mem:64MB incremental:off max_workers:0 =====
SELECT * FROM s_1 ORDER BY a, b
                                                      QUERY PLAN                                                       
-----------------------------------------------------------------------------------------------------------------------
 Limit  (cost=11191.82..11191.82 rows=1 width=20) (actual time=40.684..40.684 rows=0 loops=1)
   ->  Sort  (cost=9941.82..10191.82 rows=100000 width=20) (actual time=33.829..38.521 rows=100000 loops=1)
         Sort Key: s_1.a, s_1.b
         Sort Method: quicksort  Memory: 10885kB
         ->  Seq Scan on s_1  (cost=0.00..1637.00 rows=100000 width=20) (actual time=0.007..5.601 rows=100000 loops=1)
 Planning time: 0.261 ms
 Execution time: 41.154 ms
(7 rows)

===== 113 [Wed Mar  7 02:08:25 CET 2018] scale:100000 groups:100 work_mem:64MB incremental:off max_workers:0 =====
SELECT * FROM s_2 ORDER BY a, b, c
                                                      QUERY PLAN                                                       
-----------------------------------------------------------------------------------------------------------------------
 Limit  (cost=11191.82..11191.82 rows=1 width=20) (actual time=46.644..46.644 rows=0 loops=1)
   ->  Sort  (cost=9941.82..10191.82 rows=100000 width=20) (actual time=40.568..44.460 rows=100000 loops=1)
         Sort Key: s_2.a, s_2.b, s_2.c
         Sort Method: quicksort  Memory: 10885kB
         ->  Seq Scan on s_2  (cost=0.00..1637.00 rows=100000 width=20) (actual time=0.010..5.602 rows=100000 loops=1)
 Planning time: 0.277 ms
 Execution time: 47.120 ms
(7 rows)

===== 114 [Wed Mar  7 02:08:25 CET 2018] scale:100000 groups:100 work_mem:64MB incremental:off max_workers:0 =====
SELECT * FROM s_3 ORDER BY a, b, c, d
                                                      QUERY PLAN                                                       
-----------------------------------------------------------------------------------------------------------------------
 Limit  (cost=11191.82..11191.82 rows=1 width=20) (actual time=40.975..40.975 rows=0 loops=1)
   ->  Sort  (cost=9941.82..10191.82 rows=100000 width=20) (actual time=35.516..38.799 rows=100000 loops=1)
         Sort Key: s_3.a, s_3.b, s_3.c, s_3.d
         Sort Method: quicksort  Memory: 10885kB
         ->  Seq Scan on s_3  (cost=0.00..1637.00 rows=100000 width=20) (actual time=0.010..5.620 rows=100000 loops=1)
 Planning time: 0.271 ms
 Execution time: 41.453 ms
(7 rows)

===== 115 [Wed Mar  7 02:08:26 CET 2018] scale:100000 groups:100 work_mem:128MB incremental:on max_workers:0 =====
SELECT * FROM s_1 ORDER BY a, b
                                                                      QUERY PLAN                                                                       
-------------------------------------------------------------------------------------------------------------------------------------------------------
 Limit  (cost=11224.15..11224.15 rows=1 width=20) (actual time=42.023..42.023 rows=0 loops=1)
   ->  Incremental Sort  (cost=84.30..10224.15 rows=100000 width=20) (actual time=0.266..39.858 rows=100000 loops=1)
         Sort Key: s_1.a, s_1.b
         Presorted Key: s_1.a
         Sort Method: quicksort  Memory: 133kB
         Sort Groups: 101
         ->  Index Only Scan using s_1_a_e_d_c_b_idx on s_1  (cost=0.42..3496.42 rows=100000 width=20) (actual time=0.027..12.474 rows=100000 loops=1)
               Heap Fetches: 0
 Planning time: 0.268 ms
 Execution time: 42.053 ms
(10 rows)

===== 116 [Wed Mar  7 02:08:26 CET 2018] scale:100000 groups:100 work_mem:128MB incremental:on max_workers:0 =====
SELECT * FROM s_2 ORDER BY a, b, c
                                                                      QUERY PLAN                                                                       
-------------------------------------------------------------------------------------------------------------------------------------------------------
 Limit  (cost=8107.38..8107.38 rows=1 width=20) (actual time=41.183..41.183 rows=0 loops=1)
   ->  Incremental Sort  (cost=0.93..7107.38 rows=100000 width=20) (actual time=0.070..39.007 rows=100000 loops=1)
         Sort Key: s_2.a, s_2.b, s_2.c
         Presorted Key: s_2.a, s_2.b
         Sort Method: quicksort  Memory: 29kB
         Sort Groups: 2711
         ->  Index Only Scan using s_2_a_b_e_d_c_idx on s_2  (cost=0.42..3496.42 rows=100000 width=20) (actual time=0.023..12.491 rows=100000 loops=1)
               Heap Fetches: 0
 Planning time: 0.285 ms
 Execution time: 41.206 ms
(10 rows)

===== 117 [Wed Mar  7 02:08:26 CET 2018] scale:100000 groups:100 work_mem:128MB incremental:on max_workers:0 =====
SELECT * FROM s_3 ORDER BY a, b, c, d
                                                                      QUERY PLAN                                                                       
-------------------------------------------------------------------------------------------------------------------------------------------------------
 Limit  (cost=8107.38..8107.38 rows=1 width=20) (actual time=34.485..34.485 rows=0 loops=1)
   ->  Incremental Sort  (cost=0.93..7107.38 rows=100000 width=20) (actual time=0.070..32.302 rows=100000 loops=1)
         Sort Key: s_3.a, s_3.b, s_3.c, s_3.d
         Presorted Key: s_3.a, s_3.b, s_3.c
         Sort Method: quicksort  Memory: 27kB
         Sort Groups: 3121
         ->  Index Only Scan using s_3_a_b_c_e_d_idx on s_3  (cost=0.42..3496.42 rows=100000 width=20) (actual time=0.024..12.478 rows=100000 loops=1)
               Heap Fetches: 0
 Planning time: 0.278 ms
 Execution time: 34.509 ms
(10 rows)

===== 118 [Wed Mar  7 02:08:27 CET 2018] scale:100000 groups:100 work_mem:128MB incremental:off max_workers:0 =====
SELECT * FROM s_1 ORDER BY a, b
                                                      QUERY PLAN                                                       
-----------------------------------------------------------------------------------------------------------------------
 Limit  (cost=11191.82..11191.82 rows=1 width=20) (actual time=40.616..40.616 rows=0 loops=1)
   ->  Sort  (cost=9941.82..10191.82 rows=100000 width=20) (actual time=33.811..38.449 rows=100000 loops=1)
         Sort Key: s_1.a, s_1.b
         Sort Method: quicksort  Memory: 10885kB
         ->  Seq Scan on s_1  (cost=0.00..1637.00 rows=100000 width=20) (actual time=0.007..5.603 rows=100000 loops=1)
 Planning time: 0.262 ms
 Execution time: 41.088 ms
(7 rows)

===== 119 [Wed Mar  7 02:08:27 CET 2018] scale:100000 groups:100 work_mem:128MB incremental:off max_workers:0 =====
SELECT * FROM s_2 ORDER BY a, b, c
                                                      QUERY PLAN                                                       
-----------------------------------------------------------------------------------------------------------------------
 Limit  (cost=11191.82..11191.82 rows=1 width=20) (actual time=46.659..46.659 rows=0 loops=1)
   ->  Sort  (cost=9941.82..10191.82 rows=100000 width=20) (actual time=40.585..44.487 rows=100000 loops=1)
         Sort Key: s_2.a, s_2.b, s_2.c
         Sort Method: quicksort  Memory: 10885kB
         ->  Seq Scan on s_2  (cost=0.00..1637.00 rows=100000 width=20) (actual time=0.010..5.613 rows=100000 loops=1)
 Planning time: 0.281 ms
 Execution time: 47.137 ms
(7 rows)

===== 120 [Wed Mar  7 02:08:27 CET 2018] scale:100000 groups:100 work_mem:128MB incremental:off max_workers:0 =====
SELECT * FROM s_3 ORDER BY a, b, c, d
                                                      QUERY PLAN                                                       
-----------------------------------------------------------------------------------------------------------------------
 Limit  (cost=11191.82..11191.82 rows=1 width=20) (actual time=41.017..41.017 rows=0 loops=1)
   ->  Sort  (cost=9941.82..10191.82 rows=100000 width=20) (actual time=35.564..38.842 rows=100000 loops=1)
         Sort Key: s_3.a, s_3.b, s_3.c, s_3.d
         Sort Method: quicksort  Memory: 10885kB
         ->  Seq Scan on s_3  (cost=0.00..1637.00 rows=100000 width=20) (actual time=0.011..5.625 rows=100000 loops=1)
 Planning time: 0.279 ms
 Execution time: 41.498 ms
(7 rows)

===== 121 [Wed Mar  7 02:08:27 CET 2018] scale:100000 groups:100 work_mem:256MB incremental:on max_workers:0 =====
SELECT * FROM s_1 ORDER BY a, b
                                                                      QUERY PLAN                                                                       
-------------------------------------------------------------------------------------------------------------------------------------------------------
 Limit  (cost=11224.15..11224.15 rows=1 width=20) (actual time=42.025..42.025 rows=0 loops=1)
   ->  Incremental Sort  (cost=84.30..10224.15 rows=100000 width=20) (actual time=0.266..39.860 rows=100000 loops=1)
         Sort Key: s_1.a, s_1.b
         Presorted Key: s_1.a
         Sort Method: quicksort  Memory: 133kB
         Sort Groups: 101
         ->  Index Only Scan using s_1_a_e_d_c_b_idx on s_1  (cost=0.42..3496.42 rows=100000 width=20) (actual time=0.026..12.495 rows=100000 loops=1)
               Heap Fetches: 0
 Planning time: 0.278 ms
 Execution time: 42.055 ms
(10 rows)

===== 122 [Wed Mar  7 02:08:28 CET 2018] scale:100000 groups:100 work_mem:256MB incremental:on max_workers:0 =====
SELECT * FROM s_2 ORDER BY a, b, c
                                                                      QUERY PLAN                                                                       
-------------------------------------------------------------------------------------------------------------------------------------------------------
 Limit  (cost=8107.38..8107.38 rows=1 width=20) (actual time=41.158..41.158 rows=0 loops=1)
   ->  Incremental Sort  (cost=0.93..7107.38 rows=100000 width=20) (actual time=0.070..38.985 rows=100000 loops=1)
         Sort Key: s_2.a, s_2.b, s_2.c
         Presorted Key: s_2.a, s_2.b
         Sort Method: quicksort  Memory: 29kB
         Sort Groups: 2711
         ->  Index Only Scan using s_2_a_b_e_d_c_idx on s_2  (cost=0.42..3496.42 rows=100000 width=20) (actual time=0.022..12.486 rows=100000 loops=1)
               Heap Fetches: 0
 Planning time: 0.285 ms
 Execution time: 41.180 ms
(10 rows)

===== 123 [Wed Mar  7 02:08:28 CET 2018] scale:100000 groups:100 work_mem:256MB incremental:on max_workers:0 =====
SELECT * FROM s_3 ORDER BY a, b, c, d
                                                                      QUERY PLAN                                                                       
-------------------------------------------------------------------------------------------------------------------------------------------------------
 Limit  (cost=8107.38..8107.38 rows=1 width=20) (actual time=34.485..34.485 rows=0 loops=1)
   ->  Incremental Sort  (cost=0.93..7107.38 rows=100000 width=20) (actual time=0.070..32.294 rows=100000 loops=1)
         Sort Key: s_3.a, s_3.b, s_3.c, s_3.d
         Presorted Key: s_3.a, s_3.b, s_3.c
         Sort Method: quicksort  Memory: 27kB
         Sort Groups: 3121
         ->  Index Only Scan using s_3_a_b_c_e_d_idx on s_3  (cost=0.42..3496.42 rows=100000 width=20) (actual time=0.024..12.462 rows=100000 loops=1)
               Heap Fetches: 0
 Planning time: 0.278 ms
 Execution time: 34.507 ms
(10 rows)

===== 124 [Wed Mar  7 02:08:28 CET 2018] scale:100000 groups:100 work_mem:256MB incremental:off max_workers:0 =====
SELECT * FROM s_1 ORDER BY a, b
                                                      QUERY PLAN                                                       
-----------------------------------------------------------------------------------------------------------------------
 Limit  (cost=11191.82..11191.82 rows=1 width=20) (actual time=40.636..40.636 rows=0 loops=1)
   ->  Sort  (cost=9941.82..10191.82 rows=100000 width=20) (actual time=33.816..38.463 rows=100000 loops=1)
         Sort Key: s_1.a, s_1.b
         Sort Method: quicksort  Memory: 10885kB
         ->  Seq Scan on s_1  (cost=0.00..1637.00 rows=100000 width=20) (actual time=0.007..5.601 rows=100000 loops=1)
 Planning time: 0.267 ms
 Execution time: 41.116 ms
(7 rows)

===== 125 [Wed Mar  7 02:08:29 CET 2018] scale:100000 groups:100 work_mem:256MB incremental:off max_workers:0 =====
SELECT * FROM s_2 ORDER BY a, b, c
                                                      QUERY PLAN                                                       
-----------------------------------------------------------------------------------------------------------------------
 Limit  (cost=11191.82..11191.82 rows=1 width=20) (actual time=46.633..46.633 rows=0 loops=1)
   ->  Sort  (cost=9941.82..10191.82 rows=100000 width=20) (actual time=40.566..44.452 rows=100000 loops=1)
         Sort Key: s_2.a, s_2.b, s_2.c
         Sort Method: quicksort  Memory: 10885kB
         ->  Seq Scan on s_2  (cost=0.00..1637.00 rows=100000 width=20) (actual time=0.010..5.604 rows=100000 loops=1)
 Planning time: 0.273 ms
 Execution time: 47.105 ms
(7 rows)

===== 126 [Wed Mar  7 02:08:29 CET 2018] scale:100000 groups:100 work_mem:256MB incremental:off max_workers:0 =====
SELECT * FROM s_3 ORDER BY a, b, c, d
                                                      QUERY PLAN                                                       
-----------------------------------------------------------------------------------------------------------------------
 Limit  (cost=11191.82..11191.82 rows=1 width=20) (actual time=41.018..41.018 rows=0 loops=1)
   ->  Sort  (cost=9941.82..10191.82 rows=100000 width=20) (actual time=35.564..38.835 rows=100000 loops=1)
         Sort Key: s_3.a, s_3.b, s_3.c, s_3.d
         Sort Method: quicksort  Memory: 10885kB
         ->  Seq Scan on s_3  (cost=0.00..1637.00 rows=100000 width=20) (actual time=0.010..5.625 rows=100000 loops=1)
 Planning time: 0.270 ms
 Execution time: 41.498 ms
(7 rows)

===== 127 [Wed Mar  7 02:08:29 CET 2018] scale:100000 groups:100 work_mem:4MB incremental:on max_workers:2 =====
SELECT * FROM s_1 ORDER BY a, b
                                                                      QUERY PLAN                                                                       
-------------------------------------------------------------------------------------------------------------------------------------------------------
 Limit  (cost=11224.15..11224.15 rows=1 width=20) (actual time=42.027..42.027 rows=0 loops=1)
   ->  Incremental Sort  (cost=84.30..10224.15 rows=100000 width=20) (actual time=0.270..39.860 rows=100000 loops=1)
         Sort Key: s_1.a, s_1.b
         Presorted Key: s_1.a
         Sort Method: quicksort  Memory: 133kB
         Sort Groups: 101
         ->  Index Only Scan using s_1_a_e_d_c_b_idx on s_1  (cost=0.42..3496.42 rows=100000 width=20) (actual time=0.026..12.501 rows=100000 loops=1)
               Heap Fetches: 0
 Planning time: 0.276 ms
 Execution time: 42.056 ms
(10 rows)

===== 128 [Wed Mar  7 02:08:29 CET 2018] scale:100000 groups:100 work_mem:4MB incremental:on max_workers:2 =====
SELECT * FROM s_2 ORDER BY a, b, c
                                                                      QUERY PLAN                                                                       
-------------------------------------------------------------------------------------------------------------------------------------------------------
 Limit  (cost=8107.38..8107.38 rows=1 width=20) (actual time=41.171..41.171 rows=0 loops=1)
   ->  Incremental Sort  (cost=0.93..7107.38 rows=100000 width=20) (actual time=0.071..38.994 rows=100000 loops=1)
         Sort Key: s_2.a, s_2.b, s_2.c
         Presorted Key: s_2.a, s_2.b
         Sort Method: quicksort  Memory: 29kB
         Sort Groups: 2711
         ->  Index Only Scan using s_2_a_b_e_d_c_idx on s_2  (cost=0.42..3496.42 rows=100000 width=20) (actual time=0.023..12.481 rows=100000 loops=1)
               Heap Fetches: 0
 Planning time: 0.288 ms
 Execution time: 41.194 ms
(10 rows)

===== 129 [Wed Mar  7 02:08:30 CET 2018] scale:100000 groups:100 work_mem:4MB incremental:on max_workers:2 =====
SELECT * FROM s_3 ORDER BY a, b, c, d
                                                                      QUERY PLAN                                                                       
-------------------------------------------------------------------------------------------------------------------------------------------------------
 Limit  (cost=8107.38..8107.38 rows=1 width=20) (actual time=34.524..34.524 rows=0 loops=1)
   ->  Incremental Sort  (cost=0.93..7107.38 rows=100000 width=20) (actual time=0.076..32.354 rows=100000 loops=1)
         Sort Key: s_3.a, s_3.b, s_3.c, s_3.d
         Presorted Key: s_3.a, s_3.b, s_3.c
         Sort Method: quicksort  Memory: 27kB
         Sort Groups: 3121
         ->  Index Only Scan using s_3_a_b_c_e_d_idx on s_3  (cost=0.42..3496.42 rows=100000 width=20) (actual time=0.028..12.566 rows=100000 loops=1)
               Heap Fetches: 0
 Planning time: 0.284 ms
 Execution time: 34.547 ms
(10 rows)

===== 130 [Wed Mar  7 02:08:30 CET 2018] scale:100000 groups:100 work_mem:4MB incremental:off max_workers:2 =====
SELECT * FROM s_1 ORDER BY a, b
                                                      QUERY PLAN                                                       
-----------------------------------------------------------------------------------------------------------------------
 Limit  (cost=13242.82..13242.82 rows=1 width=20) (actual time=47.263..47.263 rows=0 loops=1)
   ->  Sort  (cost=11992.82..12242.82 rows=100000 width=20) (actual time=37.852..45.085 rows=100000 loops=1)
         Sort Key: s_1.a, s_1.b
         Sort Method: external merge  Disk: 2936kB
         ->  Seq Scan on s_1  (cost=0.00..1637.00 rows=100000 width=20) (actual time=0.007..5.493 rows=100000 loops=1)
 Planning time: 0.274 ms
 Execution time: 47.839 ms
(7 rows)

===== 131 [Wed Mar  7 02:08:30 CET 2018] scale:100000 groups:100 work_mem:4MB incremental:off max_workers:2 =====
SELECT * FROM s_2 ORDER BY a, b, c
                                                      QUERY PLAN                                                       
-----------------------------------------------------------------------------------------------------------------------
 Limit  (cost=13242.82..13242.82 rows=1 width=20) (actual time=53.485..53.485 rows=0 loops=1)
   ->  Sort  (cost=11992.82..12242.82 rows=100000 width=20) (actual time=44.090..51.305 rows=100000 loops=1)
         Sort Key: s_2.a, s_2.b, s_2.c
         Sort Method: external merge  Disk: 2936kB
         ->  Seq Scan on s_2  (cost=0.00..1637.00 rows=100000 width=20) (actual time=0.010..5.498 rows=100000 loops=1)
 Planning time: 0.288 ms
 Execution time: 54.061 ms
(7 rows)

===== 132 [Wed Mar  7 02:08:31 CET 2018] scale:100000 groups:100 work_mem:4MB incremental:off max_workers:2 =====
SELECT * FROM s_3 ORDER BY a, b, c, d
                                                      QUERY PLAN                                                       
-----------------------------------------------------------------------------------------------------------------------
 Limit  (cost=13242.82..13242.82 rows=1 width=20) (actual time=48.539..48.539 rows=0 loops=1)
   ->  Sort  (cost=11992.82..12242.82 rows=100000 width=20) (actual time=39.156..46.358 rows=100000 loops=1)
         Sort Key: s_3.a, s_3.b, s_3.c, s_3.d
         Sort Method: external merge  Disk: 2936kB
         ->  Seq Scan on s_3  (cost=0.00..1637.00 rows=100000 width=20) (actual time=0.011..5.512 rows=100000 loops=1)
 Planning time: 0.281 ms
 Execution time: 49.111 ms
(7 rows)

===== 133 [Wed Mar  7 02:08:31 CET 2018] scale:100000 groups:100 work_mem:8MB incremental:on max_workers:2 =====
SELECT * FROM s_1 ORDER BY a, b
                                                                      QUERY PLAN                                                                       
-------------------------------------------------------------------------------------------------------------------------------------------------------
 Limit  (cost=11224.15..11224.15 rows=1 width=20) (actual time=42.019..42.019 rows=0 loops=1)
   ->  Incremental Sort  (cost=84.30..10224.15 rows=100000 width=20) (actual time=0.269..39.857 rows=100000 loops=1)
         Sort Key: s_1.a, s_1.b
         Presorted Key: s_1.a
         Sort Method: quicksort  Memory: 133kB
         Sort Groups: 101
         ->  Index Only Scan using s_1_a_e_d_c_b_idx on s_1  (cost=0.42..3496.42 rows=100000 width=20) (actual time=0.027..12.499 rows=100000 loops=1)
               Heap Fetches: 0
 Planning time: 0.280 ms
 Execution time: 42.049 ms
(10 rows)

===== 134 [Wed Mar  7 02:08:31 CET 2018] scale:100000 groups:100 work_mem:8MB incremental:on max_workers:2 =====
SELECT * FROM s_2 ORDER BY a, b, c
                                                                      QUERY PLAN                                                                       
-------------------------------------------------------------------------------------------------------------------------------------------------------
 Limit  (cost=8107.38..8107.38 rows=1 width=20) (actual time=41.179..41.179 rows=0 loops=1)
   ->  Incremental Sort  (cost=0.93..7107.38 rows=100000 width=20) (actual time=0.071..39.002 rows=100000 loops=1)
         Sort Key: s_2.a, s_2.b, s_2.c
         Presorted Key: s_2.a, s_2.b
         Sort Method: quicksort  Memory: 29kB
         Sort Groups: 2711
         ->  Index Only Scan using s_2_a_b_e_d_c_idx on s_2  (cost=0.42..3496.42 rows=100000 width=20) (actual time=0.023..12.479 rows=100000 loops=1)
               Heap Fetches: 0
 Planning time: 0.296 ms
 Execution time: 41.201 ms
(10 rows)

===== 135 [Wed Mar  7 02:08:32 CET 2018] scale:100000 groups:100 work_mem:8MB incremental:on max_workers:2 =====
SELECT * FROM s_3 ORDER BY a, b, c, d
                                                                      QUERY PLAN                                                                       
-------------------------------------------------------------------------------------------------------------------------------------------------------
 Limit  (cost=8107.38..8107.38 rows=1 width=20) (actual time=34.517..34.517 rows=0 loops=1)
   ->  Incremental Sort  (cost=0.93..7107.38 rows=100000 width=20) (actual time=0.072..32.342 rows=100000 loops=1)
         Sort Key: s_3.a, s_3.b, s_3.c, s_3.d
         Presorted Key: s_3.a, s_3.b, s_3.c
         Sort Method: quicksort  Memory: 27kB
         Sort Groups: 3121
         ->  Index Only Scan using s_3_a_b_c_e_d_idx on s_3  (cost=0.42..3496.42 rows=100000 width=20) (actual time=0.024..12.558 rows=100000 loops=1)
               Heap Fetches: 0
 Planning time: 0.287 ms
 Execution time: 34.547 ms
(10 rows)

===== 136 [Wed Mar  7 02:08:32 CET 2018] scale:100000 groups:100 work_mem:8MB incremental:off max_workers:2 =====
SELECT * FROM s_1 ORDER BY a, b
                                                      QUERY PLAN                                                       
-----------------------------------------------------------------------------------------------------------------------
 Limit  (cost=11191.82..11191.82 rows=1 width=20) (actual time=50.612..50.612 rows=0 loops=1)
   ->  Sort  (cost=9941.82..10191.82 rows=100000 width=20) (actual time=41.322..48.429 rows=100000 loops=1)
         Sort Key: s_1.a, s_1.b
         Sort Method: external merge  Disk: 2936kB
         ->  Seq Scan on s_1  (cost=0.00..1637.00 rows=100000 width=20) (actual time=0.007..5.588 rows=100000 loops=1)
 Planning time: 0.284 ms
 Execution time: 51.020 ms
(7 rows)

===== 137 [Wed Mar  7 02:08:32 CET 2018] scale:100000 groups:100 work_mem:8MB incremental:off max_workers:2 =====
SELECT * FROM s_2 ORDER BY a, b, c
                                                      QUERY PLAN                                                       
-----------------------------------------------------------------------------------------------------------------------
 Limit  (cost=11191.82..11191.82 rows=1 width=20) (actual time=55.689..55.689 rows=0 loops=1)
   ->  Sort  (cost=9941.82..10191.82 rows=100000 width=20) (actual time=46.407..53.502 rows=100000 loops=1)
         Sort Key: s_2.a, s_2.b, s_2.c
         Sort Method: external merge  Disk: 2936kB
         ->  Seq Scan on s_2  (cost=0.00..1637.00 rows=100000 width=20) (actual time=0.010..5.591 rows=100000 loops=1)
 Planning time: 0.298 ms
 Execution time: 56.085 ms
(7 rows)

===== 138 [Wed Mar  7 02:08:32 CET 2018] scale:100000 groups:100 work_mem:8MB incremental:off max_workers:2 =====
SELECT * FROM s_3 ORDER BY a, b, c, d
                                                      QUERY PLAN                                                       
-----------------------------------------------------------------------------------------------------------------------
 Limit  (cost=11191.82..11191.82 rows=1 width=20) (actual time=50.561..50.561 rows=0 loops=1)
   ->  Sort  (cost=9941.82..10191.82 rows=100000 width=20) (actual time=41.241..48.368 rows=100000 loops=1)
         Sort Key: s_3.a, s_3.b, s_3.c, s_3.d
         Sort Method: external merge  Disk: 2936kB
         ->  Seq Scan on s_3  (cost=0.00..1637.00 rows=100000 width=20) (actual time=0.011..5.625 rows=100000 loops=1)
 Planning time: 0.290 ms
 Execution time: 50.974 ms
(7 rows)

===== 139 [Wed Mar  7 02:08:33 CET 2018] scale:100000 groups:100 work_mem:16MB incremental:on max_workers:2 =====
SELECT * FROM s_1 ORDER BY a, b
                                                                      QUERY PLAN                                                                       
-------------------------------------------------------------------------------------------------------------------------------------------------------
 Limit  (cost=11224.15..11224.15 rows=1 width=20) (actual time=42.014..42.014 rows=0 loops=1)
   ->  Incremental Sort  (cost=84.30..10224.15 rows=100000 width=20) (actual time=0.270..39.850 rows=100000 loops=1)
         Sort Key: s_1.a, s_1.b
         Presorted Key: s_1.a
         Sort Method: quicksort  Memory: 133kB
         Sort Groups: 101
         ->  Index Only Scan using s_1_a_e_d_c_b_idx on s_1  (cost=0.42..3496.42 rows=100000 width=20) (actual time=0.027..12.487 rows=100000 loops=1)
               Heap Fetches: 0
 Planning time: 0.279 ms
 Execution time: 42.044 ms
(10 rows)

===== 140 [Wed Mar  7 02:08:33 CET 2018] scale:100000 groups:100 work_mem:16MB incremental:on max_workers:2 =====
SELECT * FROM s_2 ORDER BY a, b, c
                                                                      QUERY PLAN                                                                       
-------------------------------------------------------------------------------------------------------------------------------------------------------
 Limit  (cost=8107.38..8107.38 rows=1 width=20) (actual time=41.187..41.187 rows=0 loops=1)
   ->  Incremental Sort  (cost=0.93..7107.38 rows=100000 width=20) (actual time=0.071..39.010 rows=100000 loops=1)
         Sort Key: s_2.a, s_2.b, s_2.c
         Presorted Key: s_2.a, s_2.b
         Sort Method: quicksort  Memory: 29kB
         Sort Groups: 2711
         ->  Index Only Scan using s_2_a_b_e_d_c_idx on s_2  (cost=0.42..3496.42 rows=100000 width=20) (actual time=0.023..12.486 rows=100000 loops=1)
               Heap Fetches: 0
 Planning time: 0.287 ms
 Execution time: 41.210 ms
(10 rows)

===== 141 [Wed Mar  7 02:08:33 CET 2018] scale:100000 groups:100 work_mem:16MB incremental:on max_workers:2 =====
SELECT * FROM s_3 ORDER BY a, b, c, d
                                                                      QUERY PLAN                                                                       
-------------------------------------------------------------------------------------------------------------------------------------------------------
 Limit  (cost=8107.38..8107.38 rows=1 width=20) (actual time=34.543..34.543 rows=0 loops=1)
   ->  Incremental Sort  (cost=0.93..7107.38 rows=100000 width=20) (actual time=0.070..32.375 rows=100000 loops=1)
         Sort Key: s_3.a, s_3.b, s_3.c, s_3.d
         Presorted Key: s_3.a, s_3.b, s_3.c
         Sort Method: quicksort  Memory: 27kB
         Sort Groups: 3121
         ->  Index Only Scan using s_3_a_b_c_e_d_idx on s_3  (cost=0.42..3496.42 rows=100000 width=20) (actual time=0.024..12.568 rows=100000 loops=1)
               Heap Fetches: 0
 Planning time: 0.286 ms
 Execution time: 34.565 ms
(10 rows)

===== 142 [Wed Mar  7 02:08:34 CET 2018] scale:100000 groups:100 work_mem:16MB incremental:off max_workers:2 =====
SELECT * FROM s_1 ORDER BY a, b
                                                      QUERY PLAN                                                       
-----------------------------------------------------------------------------------------------------------------------
 Limit  (cost=11191.82..11191.82 rows=1 width=20) (actual time=40.643..40.643 rows=0 loops=1)
   ->  Sort  (cost=9941.82..10191.82 rows=100000 width=20) (actual time=33.792..38.474 rows=100000 loops=1)
         Sort Key: s_1.a, s_1.b
         Sort Method: quicksort  Memory: 10885kB
         ->  Seq Scan on s_1  (cost=0.00..1637.00 rows=100000 width=20) (actual time=0.007..5.593 rows=100000 loops=1)
 Planning time: 0.274 ms
 Execution time: 41.121 ms
(7 rows)

===== 143 [Wed Mar  7 02:08:34 CET 2018] scale:100000 groups:100 work_mem:16MB incremental:off max_workers:2 =====
SELECT * FROM s_2 ORDER BY a, b, c
                                                      QUERY PLAN                                                       
-----------------------------------------------------------------------------------------------------------------------
 Limit  (cost=11191.82..11191.82 rows=1 width=20) (actual time=46.645..46.645 rows=0 loops=1)
   ->  Sort  (cost=9941.82..10191.82 rows=100000 width=20) (actual time=40.570..44.456 rows=100000 loops=1)
         Sort Key: s_2.a, s_2.b, s_2.c
         Sort Method: quicksort  Memory: 10885kB
         ->  Seq Scan on s_2  (cost=0.00..1637.00 rows=100000 width=20) (actual time=0.010..5.605 rows=100000 loops=1)
 Planning time: 0.285 ms
 Execution time: 47.121 ms
(7 rows)

===== 144 [Wed Mar  7 02:08:34 CET 2018] scale:100000 groups:100 work_mem:16MB incremental:off max_workers:2 =====
SELECT * FROM s_3 ORDER BY a, b, c, d
                                                      QUERY PLAN                                                       
-----------------------------------------------------------------------------------------------------------------------
 Limit  (cost=11191.82..11191.82 rows=1 width=20) (actual time=41.049..41.049 rows=0 loops=1)
   ->  Sort  (cost=9941.82..10191.82 rows=100000 width=20) (actual time=35.589..38.874 rows=100000 loops=1)
         Sort Key: s_3.a, s_3.b, s_3.c, s_3.d
         Sort Method: quicksort  Memory: 10885kB
         ->  Seq Scan on s_3  (cost=0.00..1637.00 rows=100000 width=20) (actual time=0.010..5.628 rows=100000 loops=1)
 Planning time: 0.288 ms
 Execution time: 41.522 ms
(7 rows)

===== 145 [Wed Mar  7 02:08:35 CET 2018] scale:100000 groups:100 work_mem:32MB incremental:on max_workers:2 =====
SELECT * FROM s_1 ORDER BY a, b
                                                                      QUERY PLAN                                                                       
-------------------------------------------------------------------------------------------------------------------------------------------------------
 Limit  (cost=11224.15..11224.15 rows=1 width=20) (actual time=42.007..42.007 rows=0 loops=1)
   ->  Incremental Sort  (cost=84.30..10224.15 rows=100000 width=20) (actual time=0.271..39.842 rows=100000 loops=1)
         Sort Key: s_1.a, s_1.b
         Presorted Key: s_1.a
         Sort Method: quicksort  Memory: 133kB
         Sort Groups: 101
         ->  Index Only Scan using s_1_a_e_d_c_b_idx on s_1  (cost=0.42..3496.42 rows=100000 width=20) (actual time=0.026..12.492 rows=100000 loops=1)
               Heap Fetches: 0
 Planning time: 0.278 ms
 Execution time: 42.039 ms
(10 rows)

===== 146 [Wed Mar  7 02:08:35 CET 2018] scale:100000 groups:100 work_mem:32MB incremental:on max_workers:2 =====
SELECT * FROM s_2 ORDER BY a, b, c
                                                                      QUERY PLAN                                                                       
-------------------------------------------------------------------------------------------------------------------------------------------------------
 Limit  (cost=8107.38..8107.38 rows=1 width=20) (actual time=41.168..41.168 rows=0 loops=1)
   ->  Incremental Sort  (cost=0.93..7107.38 rows=100000 width=20) (actual time=0.071..38.991 rows=100000 loops=1)
         Sort Key: s_2.a, s_2.b, s_2.c
         Presorted Key: s_2.a, s_2.b
         Sort Method: quicksort  Memory: 29kB
         Sort Groups: 2711
         ->  Index Only Scan using s_2_a_b_e_d_c_idx on s_2  (cost=0.42..3496.42 rows=100000 width=20) (actual time=0.024..12.483 rows=100000 loops=1)
               Heap Fetches: 0
 Planning time: 0.281 ms
 Execution time: 41.191 ms
(10 rows)

===== 147 [Wed Mar  7 02:08:35 CET 2018] scale:100000 groups:100 work_mem:32MB incremental:on max_workers:2 =====
SELECT * FROM s_3 ORDER BY a, b, c, d
                                                                      QUERY PLAN                                                                       
-------------------------------------------------------------------------------------------------------------------------------------------------------
 Limit  (cost=8107.38..8107.38 rows=1 width=20) (actual time=34.522..34.522 rows=0 loops=1)
   ->  Incremental Sort  (cost=0.93..7107.38 rows=100000 width=20) (actual time=0.071..32.346 rows=100000 loops=1)
         Sort Key: s_3.a, s_3.b, s_3.c, s_3.d
         Presorted Key: s_3.a, s_3.b, s_3.c
         Sort Method: quicksort  Memory: 27kB
         Sort Groups: 3121
         ->  Index Only Scan using s_3_a_b_c_e_d_idx on s_3  (cost=0.42..3496.42 rows=100000 width=20) (actual time=0.024..12.567 rows=100000 loops=1)
               Heap Fetches: 0
 Planning time: 0.293 ms
 Execution time: 34.545 ms
(10 rows)

===== 148 [Wed Mar  7 02:08:35 CET 2018] scale:100000 groups:100 work_mem:32MB incremental:off max_workers:2 =====
SELECT * FROM s_1 ORDER BY a, b
                                                      QUERY PLAN                                                       
-----------------------------------------------------------------------------------------------------------------------
 Limit  (cost=11191.82..11191.82 rows=1 width=20) (actual time=40.646..40.646 rows=0 loops=1)
   ->  Sort  (cost=9941.82..10191.82 rows=100000 width=20) (actual time=33.823..38.474 rows=100000 loops=1)
         Sort Key: s_1.a, s_1.b
         Sort Method: quicksort  Memory: 10885kB
         ->  Seq Scan on s_1  (cost=0.00..1637.00 rows=100000 width=20) (actual time=0.007..5.613 rows=100000 loops=1)
 Planning time: 0.271 ms
 Execution time: 41.118 ms
(7 rows)

===== 149 [Wed Mar  7 02:08:36 CET 2018] scale:100000 groups:100 work_mem:32MB incremental:off max_workers:2 =====
SELECT * FROM s_2 ORDER BY a, b, c
                                                      QUERY PLAN                                                       
-----------------------------------------------------------------------------------------------------------------------
 Limit  (cost=11191.82..11191.82 rows=1 width=20) (actual time=46.670..46.670 rows=0 loops=1)
   ->  Sort  (cost=9941.82..10191.82 rows=100000 width=20) (actual time=40.589..44.479 rows=100000 loops=1)
         Sort Key: s_2.a, s_2.b, s_2.c
         Sort Method: quicksort  Memory: 10885kB
         ->  Seq Scan on s_2  (cost=0.00..1637.00 rows=100000 width=20) (actual time=0.010..5.635 rows=100000 loops=1)
 Planning time: 0.283 ms
 Execution time: 47.143 ms
(7 rows)

===== 150 [Wed Mar  7 02:08:36 CET 2018] scale:100000 groups:100 work_mem:32MB incremental:off max_workers:2 =====
SELECT * FROM s_3 ORDER BY a, b, c, d
                                                      QUERY PLAN                                                       
-----------------------------------------------------------------------------------------------------------------------
 Limit  (cost=11191.82..11191.82 rows=1 width=20) (actual time=41.052..41.052 rows=0 loops=1)
   ->  Sort  (cost=9941.82..10191.82 rows=100000 width=20) (actual time=35.588..38.876 rows=100000 loops=1)
         Sort Key: s_3.a, s_3.b, s_3.c, s_3.d
         Sort Method: quicksort  Memory: 10885kB
         ->  Seq Scan on s_3  (cost=0.00..1637.00 rows=100000 width=20) (actual time=0.011..5.632 rows=100000 loops=1)
 Planning time: 0.281 ms
 Execution time: 41.528 ms
(7 rows)

===== 151 [Wed Mar  7 02:08:36 CET 2018] scale:100000 groups:100 work_mem:64MB incremental:on max_workers:2 =====
SELECT * FROM s_1 ORDER BY a, b
                                                                      QUERY PLAN                                                                       
-------------------------------------------------------------------------------------------------------------------------------------------------------
 Limit  (cost=11224.15..11224.15 rows=1 width=20) (actual time=42.014..42.014 rows=0 loops=1)
   ->  Incremental Sort  (cost=84.30..10224.15 rows=100000 width=20) (actual time=0.265..39.851 rows=100000 loops=1)
         Sort Key: s_1.a, s_1.b
         Presorted Key: s_1.a
         Sort Method: quicksort  Memory: 133kB
         Sort Groups: 101
         ->  Index Only Scan using s_1_a_e_d_c_b_idx on s_1  (cost=0.42..3496.42 rows=100000 width=20) (actual time=0.026..12.494 rows=100000 loops=1)
               Heap Fetches: 0
 Planning time: 0.274 ms
 Execution time: 42.044 ms
(10 rows)

===== 152 [Wed Mar  7 02:08:37 CET 2018] scale:100000 groups:100 work_mem:64MB incremental:on max_workers:2 =====
SELECT * FROM s_2 ORDER BY a, b, c
                                                                      QUERY PLAN                                                                       
-------------------------------------------------------------------------------------------------------------------------------------------------------
 Limit  (cost=8107.38..8107.38 rows=1 width=20) (actual time=41.174..41.174 rows=0 loops=1)
   ->  Incremental Sort  (cost=0.93..7107.38 rows=100000 width=20) (actual time=0.072..39.000 rows=100000 loops=1)
         Sort Key: s_2.a, s_2.b, s_2.c
         Presorted Key: s_2.a, s_2.b
         Sort Method: quicksort  Memory: 29kB
         Sort Groups: 2711
         ->  Index Only Scan using s_2_a_b_e_d_c_idx on s_2  (cost=0.42..3496.42 rows=100000 width=20) (actual time=0.023..12.479 rows=100000 loops=1)
               Heap Fetches: 0
 Planning time: 0.295 ms
 Execution time: 41.197 ms
(10 rows)

===== 153 [Wed Mar  7 02:08:37 CET 2018] scale:100000 groups:100 work_mem:64MB incremental:on max_workers:2 =====
SELECT * FROM s_3 ORDER BY a, b, c, d
                                                                      QUERY PLAN                                                                       
-------------------------------------------------------------------------------------------------------------------------------------------------------
 Limit  (cost=8107.38..8107.38 rows=1 width=20) (actual time=34.535..34.535 rows=0 loops=1)
   ->  Incremental Sort  (cost=0.93..7107.38 rows=100000 width=20) (actual time=0.070..32.361 rows=100000 loops=1)
         Sort Key: s_3.a, s_3.b, s_3.c, s_3.d
         Presorted Key: s_3.a, s_3.b, s_3.c
         Sort Method: quicksort  Memory: 27kB
         Sort Groups: 3121
         ->  Index Only Scan using s_3_a_b_c_e_d_idx on s_3  (cost=0.42..3496.42 rows=100000 width=20) (actual time=0.024..12.562 rows=100000 loops=1)
               Heap Fetches: 0
 Planning time: 0.283 ms
 Execution time: 34.558 ms
(10 rows)

===== 154 [Wed Mar  7 02:08:37 CET 2018] scale:100000 groups:100 work_mem:64MB incremental:off max_workers:2 =====
SELECT * FROM s_1 ORDER BY a, b
                                                      QUERY PLAN                                                       
-----------------------------------------------------------------------------------------------------------------------
 Limit  (cost=11191.82..11191.82 rows=1 width=20) (actual time=40.688..40.688 rows=0 loops=1)
   ->  Sort  (cost=9941.82..10191.82 rows=100000 width=20) (actual time=33.836..38.518 rows=100000 loops=1)
         Sort Key: s_1.a, s_1.b
         Sort Method: quicksort  Memory: 10885kB
         ->  Seq Scan on s_1  (cost=0.00..1637.00 rows=100000 width=20) (actual time=0.007..5.591 rows=100000 loops=1)
 Planning time: 0.273 ms
 Execution time: 41.165 ms
(7 rows)

===== 155 [Wed Mar  7 02:08:37 CET 2018] scale:100000 groups:100 work_mem:64MB incremental:off max_workers:2 =====
SELECT * FROM s_2 ORDER BY a, b, c
                                                      QUERY PLAN                                                       
-----------------------------------------------------------------------------------------------------------------------
 Limit  (cost=11191.82..11191.82 rows=1 width=20) (actual time=46.626..46.626 rows=0 loops=1)
   ->  Sort  (cost=9941.82..10191.82 rows=100000 width=20) (actual time=40.552..44.448 rows=100000 loops=1)
         Sort Key: s_2.a, s_2.b, s_2.c
         Sort Method: quicksort  Memory: 10885kB
         ->  Seq Scan on s_2  (cost=0.00..1637.00 rows=100000 width=20) (actual time=0.010..5.603 rows=100000 loops=1)
 Planning time: 0.281 ms
 Execution time: 47.098 ms
(7 rows)

===== 156 [Wed Mar  7 02:08:38 CET 2018] scale:100000 groups:100 work_mem:64MB incremental:off max_workers:2 =====
SELECT * FROM s_3 ORDER BY a, b, c, d
                                                      QUERY PLAN                                                       
-----------------------------------------------------------------------------------------------------------------------
 Limit  (cost=11191.82..11191.82 rows=1 width=20) (actual time=40.965..40.965 rows=0 loops=1)
   ->  Sort  (cost=9941.82..10191.82 rows=100000 width=20) (actual time=35.509..38.783 rows=100000 loops=1)
         Sort Key: s_3.a, s_3.b, s_3.c, s_3.d
         Sort Method: quicksort  Memory: 10885kB
         ->  Seq Scan on s_3  (cost=0.00..1637.00 rows=100000 width=20) (actual time=0.011..5.625 rows=100000 loops=1)
 Planning time: 0.288 ms
 Execution time: 41.440 ms
(7 rows)

===== 157 [Wed Mar  7 02:08:38 CET 2018] scale:100000 groups:100 work_mem:128MB incremental:on max_workers:2 =====
SELECT * FROM s_1 ORDER BY a, b
                                                                      QUERY PLAN                                                                       
-------------------------------------------------------------------------------------------------------------------------------------------------------
 Limit  (cost=11224.15..11224.15 rows=1 width=20) (actual time=41.879..41.879 rows=0 loops=1)
   ->  Incremental Sort  (cost=84.30..10224.15 rows=100000 width=20) (actual time=0.277..39.711 rows=100000 loops=1)
         Sort Key: s_1.a, s_1.b
         Presorted Key: s_1.a
         Sort Method: quicksort  Memory: 133kB
         Sort Groups: 101
         ->  Index Only Scan using s_1_a_e_d_c_b_idx on s_1  (cost=0.42..3496.42 rows=100000 width=20) (actual time=0.029..12.513 rows=100000 loops=1)
               Heap Fetches: 0
 Planning time: 0.276 ms
 Execution time: 41.909 ms
(10 rows)

===== 158 [Wed Mar  7 02:08:38 CET 2018] scale:100000 groups:100 work_mem:128MB incremental:on max_workers:2 =====
SELECT * FROM s_2 ORDER BY a, b, c
                                                                      QUERY PLAN                                                                       
-------------------------------------------------------------------------------------------------------------------------------------------------------
 Limit  (cost=8107.38..8107.38 rows=1 width=20) (actual time=40.821..40.821 rows=0 loops=1)
   ->  Incremental Sort  (cost=0.93..7107.38 rows=100000 width=20) (actual time=0.075..38.625 rows=100000 loops=1)
         Sort Key: s_2.a, s_2.b, s_2.c
         Presorted Key: s_2.a, s_2.b
         Sort Method: quicksort  Memory: 29kB
         Sort Groups: 2711
         ->  Index Only Scan using s_2_a_b_e_d_c_idx on s_2  (cost=0.42..3496.42 rows=100000 width=20) (actual time=0.026..12.492 rows=100000 loops=1)
               Heap Fetches: 0
 Planning time: 0.283 ms
 Execution time: 40.844 ms
(10 rows)

===== 159 [Wed Mar  7 02:08:38 CET 2018] scale:100000 groups:100 work_mem:128MB incremental:on max_workers:2 =====
SELECT * FROM s_3 ORDER BY a, b, c, d
                                                                      QUERY PLAN                                                                       
-------------------------------------------------------------------------------------------------------------------------------------------------------
 Limit  (cost=8107.38..8107.38 rows=1 width=20) (actual time=34.447..34.447 rows=0 loops=1)
   ->  Incremental Sort  (cost=0.93..7107.38 rows=100000 width=20) (actual time=0.074..32.282 rows=100000 loops=1)
         Sort Key: s_3.a, s_3.b, s_3.c, s_3.d
         Presorted Key: s_3.a, s_3.b, s_3.c
         Sort Method: quicksort  Memory: 27kB
         Sort Groups: 3121
         ->  Index Only Scan using s_3_a_b_c_e_d_idx on s_3  (cost=0.42..3496.42 rows=100000 width=20) (actual time=0.025..12.412 rows=100000 loops=1)
               Heap Fetches: 0
 Planning time: 0.290 ms
 Execution time: 34.469 ms
(10 rows)

===== 160 [Wed Mar  7 02:08:39 CET 2018] scale:100000 groups:100 work_mem:128MB incremental:off max_workers:2 =====
SELECT * FROM s_1 ORDER BY a, b
                                                      QUERY PLAN                                                       
-----------------------------------------------------------------------------------------------------------------------
 Limit  (cost=11191.82..11191.82 rows=1 width=20) (actual time=40.609..40.609 rows=0 loops=1)
   ->  Sort  (cost=9941.82..10191.82 rows=100000 width=20) (actual time=33.805..38.440 rows=100000 loops=1)
         Sort Key: s_1.a, s_1.b
         Sort Method: quicksort  Memory: 10885kB
         ->  Seq Scan on s_1  (cost=0.00..1637.00 rows=100000 width=20) (actual time=0.007..5.590 rows=100000 loops=1)
 Planning time: 0.277 ms
 Execution time: 41.087 ms
(7 rows)

===== 161 [Wed Mar  7 02:08:39 CET 2018] scale:100000 groups:100 work_mem:128MB incremental:off max_workers:2 =====
SELECT * FROM s_2 ORDER BY a, b, c
                                                      QUERY PLAN                                                       
-----------------------------------------------------------------------------------------------------------------------
 Limit  (cost=11191.82..11191.82 rows=1 width=20) (actual time=46.671..46.671 rows=0 loops=1)
   ->  Sort  (cost=9941.82..10191.82 rows=100000 width=20) (actual time=40.592..44.486 rows=100000 loops=1)
         Sort Key: s_2.a, s_2.b, s_2.c
         Sort Method: quicksort  Memory: 10885kB
         ->  Seq Scan on s_2  (cost=0.00..1637.00 rows=100000 width=20) (actual time=0.010..5.602 rows=100000 loops=1)
 Planning time: 0.286 ms
 Execution time: 47.145 ms
(7 rows)

===== 162 [Wed Mar  7 02:08:39 CET 2018] scale:100000 groups:100 work_mem:128MB incremental:off max_workers:2 =====
SELECT * FROM s_3 ORDER BY a, b, c, d
                                                      QUERY PLAN                                                       
-----------------------------------------------------------------------------------------------------------------------
 Limit  (cost=11191.82..11191.82 rows=1 width=20) (actual time=41.034..41.034 rows=0 loops=1)
   ->  Sort  (cost=9941.82..10191.82 rows=100000 width=20) (actual time=35.572..38.856 rows=100000 loops=1)
         Sort Key: s_3.a, s_3.b, s_3.c, s_3.d
         Sort Method: quicksort  Memory: 10885kB
         ->  Seq Scan on s_3  (cost=0.00..1637.00 rows=100000 width=20) (actual time=0.010..5.614 rows=100000 loops=1)
 Planning time: 0.279 ms
 Execution time: 41.507 ms
(7 rows)

===== 163 [Wed Mar  7 02:08:40 CET 2018] scale:100000 groups:100 work_mem:256MB incremental:on max_workers:2 =====
SELECT * FROM s_1 ORDER BY a, b
                                                                      QUERY PLAN                                                                       
-------------------------------------------------------------------------------------------------------------------------------------------------------
 Limit  (cost=11224.15..11224.15 rows=1 width=20) (actual time=41.882..41.882 rows=0 loops=1)
   ->  Incremental Sort  (cost=84.30..10224.15 rows=100000 width=20) (actual time=0.271..39.712 rows=100000 loops=1)
         Sort Key: s_1.a, s_1.b
         Presorted Key: s_1.a
         Sort Method: quicksort  Memory: 133kB
         Sort Groups: 101
         ->  Index Only Scan using s_1_a_e_d_c_b_idx on s_1  (cost=0.42..3496.42 rows=100000 width=20) (actual time=0.029..12.515 rows=100000 loops=1)
               Heap Fetches: 0
 Planning time: 0.285 ms
 Execution time: 41.912 ms
(10 rows)

===== 164 [Wed Mar  7 02:08:40 CET 2018] scale:100000 groups:100 work_mem:256MB incremental:on max_workers:2 =====
SELECT * FROM s_2 ORDER BY a, b, c
                                                                      QUERY PLAN                                                                       
-------------------------------------------------------------------------------------------------------------------------------------------------------
 Limit  (cost=8107.38..8107.38 rows=1 width=20) (actual time=40.832..40.832 rows=0 loops=1)
   ->  Incremental Sort  (cost=0.93..7107.38 rows=100000 width=20) (actual time=0.074..38.637 rows=100000 loops=1)
         Sort Key: s_2.a, s_2.b, s_2.c
         Presorted Key: s_2.a, s_2.b
         Sort Method: quicksort  Memory: 29kB
         Sort Groups: 2711
         ->  Index Only Scan using s_2_a_b_e_d_c_idx on s_2  (cost=0.42..3496.42 rows=100000 width=20) (actual time=0.024..12.501 rows=100000 loops=1)
               Heap Fetches: 0
 Planning time: 0.283 ms
 Execution time: 40.855 ms
(10 rows)

===== 165 [Wed Mar  7 02:08:40 CET 2018] scale:100000 groups:100 work_mem:256MB incremental:on max_workers:2 =====
SELECT * FROM s_3 ORDER BY a, b, c, d
                                                                      QUERY PLAN                                                                       
-------------------------------------------------------------------------------------------------------------------------------------------------------
 Limit  (cost=8107.38..8107.38 rows=1 width=20) (actual time=34.403..34.403 rows=0 loops=1)
   ->  Incremental Sort  (cost=0.93..7107.38 rows=100000 width=20) (actual time=0.075..32.241 rows=100000 loops=1)
         Sort Key: s_3.a, s_3.b, s_3.c, s_3.d
         Presorted Key: s_3.a, s_3.b, s_3.c
         Sort Method: quicksort  Memory: 27kB
         Sort Groups: 3121
         ->  Index Only Scan using s_3_a_b_c_e_d_idx on s_3  (cost=0.42..3496.42 rows=100000 width=20) (actual time=0.025..12.405 rows=100000 loops=1)
               Heap Fetches: 0
 Planning time: 0.297 ms
 Execution time: 34.425 ms
(10 rows)

===== 166 [Wed Mar  7 02:08:40 CET 2018] scale:100000 groups:100 work_mem:256MB incremental:off max_workers:2 =====
SELECT * FROM s_1 ORDER BY a, b
                                                      QUERY PLAN                                                       
-----------------------------------------------------------------------------------------------------------------------
 Limit  (cost=11191.82..11191.82 rows=1 width=20) (actual time=40.658..40.658 rows=0 loops=1)
   ->  Sort  (cost=9941.82..10191.82 rows=100000 width=20) (actual time=33.844..38.489 rows=100000 loops=1)
         Sort Key: s_1.a, s_1.b
         Sort Method: quicksort  Memory: 10885kB
         ->  Seq Scan on s_1  (cost=0.00..1637.00 rows=100000 width=20) (actual time=0.007..5.584 rows=100000 loops=1)
 Planning time: 0.270 ms
 Execution time: 41.131 ms
(7 rows)

===== 167 [Wed Mar  7 02:08:41 CET 2018] scale:100000 groups:100 work_mem:256MB incremental:off max_workers:2 =====
SELECT * FROM s_2 ORDER BY a, b, c
                                                      QUERY PLAN                                                       
-----------------------------------------------------------------------------------------------------------------------
 Limit  (cost=11191.82..11191.82 rows=1 width=20) (actual time=46.613..46.613 rows=0 loops=1)
   ->  Sort  (cost=9941.82..10191.82 rows=100000 width=20) (actual time=40.531..44.425 rows=100000 loops=1)
         Sort Key: s_2.a, s_2.b, s_2.c
         Sort Method: quicksort  Memory: 10885kB
         ->  Seq Scan on s_2  (cost=0.00..1637.00 rows=100000 width=20) (actual time=0.010..5.612 rows=100000 loops=1)
 Planning time: 0.285 ms
 Execution time: 47.085 ms
(7 rows)

===== 168 [Wed Mar  7 02:08:41 CET 2018] scale:100000 groups:100 work_mem:256MB incremental:off max_workers:2 =====
SELECT * FROM s_3 ORDER BY a, b, c, d
                                                      QUERY PLAN                                                       
-----------------------------------------------------------------------------------------------------------------------
 Limit  (cost=11191.82..11191.82 rows=1 width=20) (actual time=41.030..41.030 rows=0 loops=1)
   ->  Sort  (cost=9941.82..10191.82 rows=100000 width=20) (actual time=35.566..38.841 rows=100000 loops=1)
         Sort Key: s_3.a, s_3.b, s_3.c, s_3.d
         Sort Method: quicksort  Memory: 10885kB
         ->  Seq Scan on s_3  (cost=0.00..1637.00 rows=100000 width=20) (actual time=0.011..5.630 rows=100000 loops=1)
 Planning time: 0.280 ms
 Execution time: 41.504 ms
(7 rows)

===== 169 [Wed Mar  7 02:08:43 CET 2018] scale:100000 groups:1000 work_mem:4MB incremental:on max_workers:0 =====
SELECT * FROM s_1 ORDER BY a, b
                                                                      QUERY PLAN                                                                       
-------------------------------------------------------------------------------------------------------------------------------------------------------
 Limit  (cost=9587.64..9587.64 rows=1 width=20) (actual time=44.347..44.347 rows=0 loops=1)
   ->  Incremental Sort  (cost=7.23..8587.64 rows=100000 width=20) (actual time=0.105..42.172 rows=100000 loops=1)
         Sort Key: s_1.a, s_1.b
         Presorted Key: s_1.a
         Sort Method: quicksort  Memory: 35kB
         Sort Groups: 1001
         ->  Index Only Scan using s_1_a_e_d_c_b_idx on s_1  (cost=0.42..3496.42 rows=100000 width=20) (actual time=0.043..14.563 rows=100000 loops=1)
               Heap Fetches: 0
 Planning time: 0.273 ms
 Execution time: 44.371 ms
(10 rows)

===== 170 [Wed Mar  7 02:08:43 CET 2018] scale:100000 groups:1000 work_mem:4MB incremental:on max_workers:0 =====
SELECT * FROM s_2 ORDER BY a, b, c
                                                                      QUERY PLAN                                                                       
-------------------------------------------------------------------------------------------------------------------------------------------------------
 Limit  (cost=8107.38..8107.38 rows=1 width=20) (actual time=35.272..35.272 rows=0 loops=1)
   ->  Incremental Sort  (cost=0.93..7107.38 rows=100000 width=20) (actual time=0.094..33.069 rows=100000 loops=1)
         Sort Key: s_2.a, s_2.b, s_2.c
         Presorted Key: s_2.a, s_2.b
         Sort Method: quicksort  Memory: 27kB
         Sort Groups: 3121
         ->  Index Only Scan using s_2_a_b_e_d_c_idx on s_2  (cost=0.42..3496.42 rows=100000 width=20) (actual time=0.042..14.524 rows=100000 loops=1)
               Heap Fetches: 0
 Planning time: 0.276 ms
 Execution time: 35.295 ms
(10 rows)

===== 171 [Wed Mar  7 02:08:43 CET 2018] scale:100000 groups:1000 work_mem:4MB incremental:on max_workers:0 =====
SELECT * FROM s_3 ORDER BY a, b, c, d
                                                                      QUERY PLAN                                                                       
-------------------------------------------------------------------------------------------------------------------------------------------------------
 Limit  (cost=8107.38..8107.38 rows=1 width=20) (actual time=32.749..32.749 rows=0 loops=1)
   ->  Incremental Sort  (cost=0.93..7107.38 rows=100000 width=20) (actual time=0.095..30.556 rows=100000 loops=1)
         Sort Key: s_3.a, s_3.b, s_3.c, s_3.d
         Presorted Key: s_3.a, s_3.b, s_3.c
         Sort Method: quicksort  Memory: 27kB
         Sort Groups: 3125
         ->  Index Only Scan using s_3_a_b_c_e_d_idx on s_3  (cost=0.42..3496.42 rows=100000 width=20) (actual time=0.040..14.515 rows=100000 loops=1)
               Heap Fetches: 0
 Planning time: 0.285 ms
 Execution time: 32.773 ms
(10 rows)

===== 172 [Wed Mar  7 02:08:43 CET 2018] scale:100000 groups:1000 work_mem:4MB incremental:off max_workers:0 =====
SELECT * FROM s_1 ORDER BY a, b
                                                      QUERY PLAN                                                       
-----------------------------------------------------------------------------------------------------------------------
 Limit  (cost=13242.82..13242.82 rows=1 width=20) (actual time=49.463..49.463 rows=0 loops=1)
   ->  Sort  (cost=11992.82..12242.82 rows=100000 width=20) (actual time=40.098..47.282 rows=100000 loops=1)
         Sort Key: s_1.a, s_1.b
         Sort Method: external merge  Disk: 2936kB
         ->  Seq Scan on s_1  (cost=0.00..1637.00 rows=100000 width=20) (actual time=0.007..5.483 rows=100000 loops=1)
 Planning time: 0.275 ms
 Execution time: 50.021 ms
(7 rows)

===== 173 [Wed Mar  7 02:08:44 CET 2018] scale:100000 groups:1000 work_mem:4MB incremental:off max_workers:0 =====
SELECT * FROM s_2 ORDER BY a, b, c
                                                      QUERY PLAN                                                       
-----------------------------------------------------------------------------------------------------------------------
 Limit  (cost=13242.82..13242.82 rows=1 width=20) (actual time=43.663..43.663 rows=0 loops=1)
   ->  Sort  (cost=11992.82..12242.82 rows=100000 width=20) (actual time=34.300..41.489 rows=100000 loops=1)
         Sort Key: s_2.a, s_2.b, s_2.c
         Sort Method: external merge  Disk: 2936kB
         ->  Seq Scan on s_2  (cost=0.00..1637.00 rows=100000 width=20) (actual time=0.013..5.502 rows=100000 loops=1)
 Planning time: 0.272 ms
 Execution time: 44.228 ms
(7 rows)

===== 174 [Wed Mar  7 02:08:44 CET 2018] scale:100000 groups:1000 work_mem:4MB incremental:off max_workers:0 =====
SELECT * FROM s_3 ORDER BY a, b, c, d
                                                      QUERY PLAN                                                       
-----------------------------------------------------------------------------------------------------------------------
 Limit  (cost=13242.82..13242.82 rows=1 width=20) (actual time=32.716..32.716 rows=0 loops=1)
   ->  Sort  (cost=11992.82..12242.82 rows=100000 width=20) (actual time=23.337..30.538 rows=100000 loops=1)
         Sort Key: s_3.a, s_3.b, s_3.c, s_3.d
         Sort Method: external merge  Disk: 2936kB
         ->  Seq Scan on s_3  (cost=0.00..1637.00 rows=100000 width=20) (actual time=0.010..5.499 rows=100000 loops=1)
 Planning time: 0.270 ms
 Execution time: 33.277 ms
(7 rows)

===== 175 [Wed Mar  7 02:08:44 CET 2018] scale:100000 groups:1000 work_mem:8MB incremental:on max_workers:0 =====
SELECT * FROM s_1 ORDER BY a, b
                                                                      QUERY PLAN                                                                       
-------------------------------------------------------------------------------------------------------------------------------------------------------
 Limit  (cost=9587.64..9587.64 rows=1 width=20) (actual time=41.970..41.970 rows=0 loops=1)
   ->  Incremental Sort  (cost=7.23..8587.64 rows=100000 width=20) (actual time=0.085..39.800 rows=100000 loops=1)
         Sort Key: s_1.a, s_1.b
         Presorted Key: s_1.a
         Sort Method: quicksort  Memory: 35kB
         Sort Groups: 1001
         ->  Index Only Scan using s_1_a_e_d_c_b_idx on s_1  (cost=0.42..3496.42 rows=100000 width=20) (actual time=0.024..12.458 rows=100000 loops=1)
               Heap Fetches: 0
 Planning time: 0.273 ms
 Execution time: 41.993 ms
(10 rows)

===== 176 [Wed Mar  7 02:08:45 CET 2018] scale:100000 groups:1000 work_mem:8MB incremental:on max_workers:0 =====
SELECT * FROM s_2 ORDER BY a, b, c
                                                                      QUERY PLAN                                                                       
-------------------------------------------------------------------------------------------------------------------------------------------------------
 Limit  (cost=8107.38..8107.38 rows=1 width=20) (actual time=32.914..32.914 rows=0 loops=1)
   ->  Incremental Sort  (cost=0.93..7107.38 rows=100000 width=20) (actual time=0.078..30.720 rows=100000 loops=1)
         Sort Key: s_2.a, s_2.b, s_2.c
         Presorted Key: s_2.a, s_2.b
         Sort Method: quicksort  Memory: 27kB
         Sort Groups: 3121
         ->  Index Only Scan using s_2_a_b_e_d_c_idx on s_2  (cost=0.42..3496.42 rows=100000 width=20) (actual time=0.026..12.452 rows=100000 loops=1)
               Heap Fetches: 0
 Planning time: 0.285 ms
 Execution time: 32.937 ms
(10 rows)

===== 177 [Wed Mar  7 02:08:45 CET 2018] scale:100000 groups:1000 work_mem:8MB incremental:on max_workers:0 =====
SELECT * FROM s_3 ORDER BY a, b, c, d
                                                                      QUERY PLAN                                                                       
-------------------------------------------------------------------------------------------------------------------------------------------------------
 Limit  (cost=8107.38..8107.38 rows=1 width=20) (actual time=30.481..30.481 rows=0 loops=1)
   ->  Incremental Sort  (cost=0.93..7107.38 rows=100000 width=20) (actual time=0.076..28.300 rows=100000 loops=1)
         Sort Key: s_3.a, s_3.b, s_3.c, s_3.d
         Presorted Key: s_3.a, s_3.b, s_3.c
         Sort Method: quicksort  Memory: 27kB
         Sort Groups: 3125
         ->  Index Only Scan using s_3_a_b_c_e_d_idx on s_3  (cost=0.42..3496.42 rows=100000 width=20) (actual time=0.023..12.444 rows=100000 loops=1)
               Heap Fetches: 0
 Planning time: 0.280 ms
 Execution time: 30.504 ms
(10 rows)

===== 178 [Wed Mar  7 02:08:45 CET 2018] scale:100000 groups:1000 work_mem:8MB incremental:off max_workers:0 =====
SELECT * FROM s_1 ORDER BY a, b
                                                      QUERY PLAN                                                       
-----------------------------------------------------------------------------------------------------------------------
 Limit  (cost=11191.82..11191.82 rows=1 width=20) (actual time=52.773..52.773 rows=0 loops=1)
   ->  Sort  (cost=9941.82..10191.82 rows=100000 width=20) (actual time=43.502..50.587 rows=100000 loops=1)
         Sort Key: s_1.a, s_1.b
         Sort Method: external merge  Disk: 2936kB
         ->  Seq Scan on s_1  (cost=0.00..1637.00 rows=100000 width=20) (actual time=0.007..5.597 rows=100000 loops=1)
 Planning time: 0.267 ms
 Execution time: 53.175 ms
(7 rows)

===== 179 [Wed Mar  7 02:08:45 CET 2018] scale:100000 groups:1000 work_mem:8MB incremental:off max_workers:0 =====
SELECT * FROM s_2 ORDER BY a, b, c
                                                      QUERY PLAN                                                       
-----------------------------------------------------------------------------------------------------------------------
 Limit  (cost=11191.82..11191.82 rows=1 width=20) (actual time=46.062..46.062 rows=0 loops=1)
   ->  Sort  (cost=9941.82..10191.82 rows=100000 width=20) (actual time=36.780..43.877 rows=100000 loops=1)
         Sort Key: s_2.a, s_2.b, s_2.c
         Sort Method: external merge  Disk: 2936kB
         ->  Seq Scan on s_2  (cost=0.00..1637.00 rows=100000 width=20) (actual time=0.013..5.609 rows=100000 loops=1)
 Planning time: 0.270 ms
 Execution time: 46.449 ms
(7 rows)

===== 180 [Wed Mar  7 02:08:46 CET 2018] scale:100000 groups:1000 work_mem:8MB incremental:off max_workers:0 =====
SELECT * FROM s_3 ORDER BY a, b, c, d
                                                      QUERY PLAN                                                       
-----------------------------------------------------------------------------------------------------------------------
 Limit  (cost=11191.82..11191.82 rows=1 width=20) (actual time=35.439..35.439 rows=0 loops=1)
   ->  Sort  (cost=9941.82..10191.82 rows=100000 width=20) (actual time=26.132..33.255 rows=100000 loops=1)
         Sort Key: s_3.a, s_3.b, s_3.c, s_3.d
         Sort Method: external merge  Disk: 2936kB
         ->  Seq Scan on s_3  (cost=0.00..1637.00 rows=100000 width=20) (actual time=0.010..5.609 rows=100000 loops=1)
 Planning time: 0.270 ms
 Execution time: 35.844 ms
(7 rows)

===== 181 [Wed Mar  7 02:08:46 CET 2018] scale:100000 groups:1000 work_mem:16MB incremental:on max_workers:0 =====
SELECT * FROM s_1 ORDER BY a, b
                                                                      QUERY PLAN                                                                       
-------------------------------------------------------------------------------------------------------------------------------------------------------
 Limit  (cost=9587.64..9587.64 rows=1 width=20) (actual time=41.751..41.751 rows=0 loops=1)
   ->  Incremental Sort  (cost=7.23..8587.64 rows=100000 width=20) (actual time=0.085..39.557 rows=100000 loops=1)
         Sort Key: s_1.a, s_1.b
         Presorted Key: s_1.a
         Sort Method: quicksort  Memory: 35kB
         Sort Groups: 1001
         ->  Index Only Scan using s_1_a_e_d_c_b_idx on s_1  (cost=0.42..3496.42 rows=100000 width=20) (actual time=0.024..12.470 rows=100000 loops=1)
               Heap Fetches: 0
 Planning time: 0.269 ms
 Execution time: 41.774 ms
(10 rows)

===== 182 [Wed Mar  7 02:08:46 CET 2018] scale:100000 groups:1000 work_mem:16MB incremental:on max_workers:0 =====
SELECT * FROM s_2 ORDER BY a, b, c
                                                                      QUERY PLAN                                                                       
-------------------------------------------------------------------------------------------------------------------------------------------------------
 Limit  (cost=8107.38..8107.38 rows=1 width=20) (actual time=32.582..32.582 rows=0 loops=1)
   ->  Incremental Sort  (cost=0.93..7107.38 rows=100000 width=20) (actual time=0.082..30.395 rows=100000 loops=1)
         Sort Key: s_2.a, s_2.b, s_2.c
         Presorted Key: s_2.a, s_2.b
         Sort Method: quicksort  Memory: 27kB
         Sort Groups: 3121
         ->  Index Only Scan using s_2_a_b_e_d_c_idx on s_2  (cost=0.42..3496.42 rows=100000 width=20) (actual time=0.029..12.482 rows=100000 loops=1)
               Heap Fetches: 0
 Planning time: 0.281 ms
 Execution time: 32.605 ms
(10 rows)

===== 183 [Wed Mar  7 02:08:46 CET 2018] scale:100000 groups:1000 work_mem:16MB incremental:on max_workers:0 =====
SELECT * FROM s_3 ORDER BY a, b, c, d
                                                                      QUERY PLAN                                                                       
-------------------------------------------------------------------------------------------------------------------------------------------------------
 Limit  (cost=8107.38..8107.38 rows=1 width=20) (actual time=30.316..30.316 rows=0 loops=1)
   ->  Incremental Sort  (cost=0.93..7107.38 rows=100000 width=20) (actual time=0.080..28.137 rows=100000 loops=1)
         Sort Key: s_3.a, s_3.b, s_3.c, s_3.d
         Presorted Key: s_3.a, s_3.b, s_3.c
         Sort Method: quicksort  Memory: 27kB
         Sort Groups: 3125
         ->  Index Only Scan using s_3_a_b_c_e_d_idx on s_3  (cost=0.42..3496.42 rows=100000 width=20) (actual time=0.024..12.408 rows=100000 loops=1)
               Heap Fetches: 0
 Planning time: 0.286 ms
 Execution time: 30.338 ms
(10 rows)

===== 184 [Wed Mar  7 02:08:47 CET 2018] scale:100000 groups:1000 work_mem:16MB incremental:off max_workers:0 =====
SELECT * FROM s_1 ORDER BY a, b
                                                      QUERY PLAN                                                       
-----------------------------------------------------------------------------------------------------------------------
 Limit  (cost=11191.82..11191.82 rows=1 width=20) (actual time=44.469..44.469 rows=0 loops=1)
   ->  Sort  (cost=9941.82..10191.82 rows=100000 width=20) (actual time=36.846..42.297 rows=100000 loops=1)
         Sort Key: s_1.a, s_1.b
         Sort Method: quicksort  Memory: 10885kB
         ->  Seq Scan on s_1  (cost=0.00..1637.00 rows=100000 width=20) (actual time=0.007..5.593 rows=100000 loops=1)
 Planning time: 0.266 ms
 Execution time: 44.948 ms
(7 rows)

===== 185 [Wed Mar  7 02:08:47 CET 2018] scale:100000 groups:1000 work_mem:16MB incremental:off max_workers:0 =====
SELECT * FROM s_2 ORDER BY a, b, c
                                                      QUERY PLAN                                                       
-----------------------------------------------------------------------------------------------------------------------
 Limit  (cost=11191.82..11191.82 rows=1 width=20) (actual time=36.435..36.435 rows=0 loops=1)
   ->  Sort  (cost=9941.82..10191.82 rows=100000 width=20) (actual time=31.014..34.253 rows=100000 loops=1)
         Sort Key: s_2.a, s_2.b, s_2.c
         Sort Method: quicksort  Memory: 10885kB
         ->  Seq Scan on s_2  (cost=0.00..1637.00 rows=100000 width=20) (actual time=0.013..5.592 rows=100000 loops=1)
 Planning time: 0.270 ms
 Execution time: 36.907 ms
(7 rows)

===== 186 [Wed Mar  7 02:08:47 CET 2018] scale:100000 groups:1000 work_mem:16MB incremental:off max_workers:0 =====
SELECT * FROM s_3 ORDER BY a, b, c, d
                                                      QUERY PLAN                                                       
-----------------------------------------------------------------------------------------------------------------------
 Limit  (cost=11191.82..11191.82 rows=1 width=20) (actual time=27.178..27.178 rows=0 loops=1)
   ->  Sort  (cost=9941.82..10191.82 rows=100000 width=20) (actual time=21.736..24.991 rows=100000 loops=1)
         Sort Key: s_3.a, s_3.b, s_3.c, s_3.d
         Sort Method: quicksort  Memory: 10885kB
         ->  Seq Scan on s_3  (cost=0.00..1637.00 rows=100000 width=20) (actual time=0.010..5.614 rows=100000 loops=1)
 Planning time: 0.272 ms
 Execution time: 27.655 ms
(7 rows)

===== 187 [Wed Mar  7 02:08:47 CET 2018] scale:100000 groups:1000 work_mem:32MB incremental:on max_workers:0 =====
SELECT * FROM s_1 ORDER BY a, b
                                                                      QUERY PLAN                                                                       
-------------------------------------------------------------------------------------------------------------------------------------------------------
 Limit  (cost=9587.64..9587.64 rows=1 width=20) (actual time=41.977..41.977 rows=0 loops=1)
   ->  Incremental Sort  (cost=7.23..8587.64 rows=100000 width=20) (actual time=0.086..39.797 rows=100000 loops=1)
         Sort Key: s_1.a, s_1.b
         Presorted Key: s_1.a
         Sort Method: quicksort  Memory: 35kB
         Sort Groups: 1001
         ->  Index Only Scan using s_1_a_e_d_c_b_idx on s_1  (cost=0.42..3496.42 rows=100000 width=20) (actual time=0.024..12.451 rows=100000 loops=1)
               Heap Fetches: 0
 Planning time: 0.275 ms
 Execution time: 42.000 ms
(10 rows)

===== 188 [Wed Mar  7 02:08:48 CET 2018] scale:100000 groups:1000 work_mem:32MB incremental:on max_workers:0 =====
SELECT * FROM s_2 ORDER BY a, b, c
                                                                      QUERY PLAN                                                                       
-------------------------------------------------------------------------------------------------------------------------------------------------------
 Limit  (cost=8107.38..8107.38 rows=1 width=20) (actual time=32.922..32.922 rows=0 loops=1)
   ->  Incremental Sort  (cost=0.93..7107.38 rows=100000 width=20) (actual time=0.078..30.731 rows=100000 loops=1)
         Sort Key: s_2.a, s_2.b, s_2.c
         Presorted Key: s_2.a, s_2.b
         Sort Method: quicksort  Memory: 27kB
         Sort Groups: 3121
         ->  Index Only Scan using s_2_a_b_e_d_c_idx on s_2  (cost=0.42..3496.42 rows=100000 width=20) (actual time=0.026..12.464 rows=100000 loops=1)
               Heap Fetches: 0
 Planning time: 0.280 ms
 Execution time: 32.951 ms
(10 rows)

===== 189 [Wed Mar  7 02:08:48 CET 2018] scale:100000 groups:1000 work_mem:32MB incremental:on max_workers:0 =====
SELECT * FROM s_3 ORDER BY a, b, c, d
                                                                      QUERY PLAN                                                                       
-------------------------------------------------------------------------------------------------------------------------------------------------------
 Limit  (cost=8107.38..8107.38 rows=1 width=20) (actual time=30.481..30.481 rows=0 loops=1)
   ->  Incremental Sort  (cost=0.93..7107.38 rows=100000 width=20) (actual time=0.076..28.296 rows=100000 loops=1)
         Sort Key: s_3.a, s_3.b, s_3.c, s_3.d
         Presorted Key: s_3.a, s_3.b, s_3.c
         Sort Method: quicksort  Memory: 27kB
         Sort Groups: 3125
         ->  Index Only Scan using s_3_a_b_c_e_d_idx on s_3  (cost=0.42..3496.42 rows=100000 width=20) (actual time=0.023..12.436 rows=100000 loops=1)
               Heap Fetches: 0
 Planning time: 0.280 ms
 Execution time: 30.505 ms
(10 rows)

===== 190 [Wed Mar  7 02:08:48 CET 2018] scale:100000 groups:1000 work_mem:32MB incremental:off max_workers:0 =====
SELECT * FROM s_1 ORDER BY a, b
                                                      QUERY PLAN                                                       
-----------------------------------------------------------------------------------------------------------------------
 Limit  (cost=11191.82..11191.82 rows=1 width=20) (actual time=44.365..44.365 rows=0 loops=1)
   ->  Sort  (cost=9941.82..10191.82 rows=100000 width=20) (actual time=36.764..42.189 rows=100000 loops=1)
         Sort Key: s_1.a, s_1.b
         Sort Method: quicksort  Memory: 10885kB
         ->  Seq Scan on s_1  (cost=0.00..1637.00 rows=100000 width=20) (actual time=0.007..5.585 rows=100000 loops=1)
 Planning time: 0.268 ms
 Execution time: 44.842 ms
(7 rows)

===== 191 [Wed Mar  7 02:08:49 CET 2018] scale:100000 groups:1000 work_mem:32MB incremental:off max_workers:0 =====
SELECT * FROM s_2 ORDER BY a, b, c
                                                      QUERY PLAN                                                       
-----------------------------------------------------------------------------------------------------------------------
 Limit  (cost=11191.82..11191.82 rows=1 width=20) (actual time=36.431..36.431 rows=0 loops=1)
   ->  Sort  (cost=9941.82..10191.82 rows=100000 width=20) (actual time=31.012..34.258 rows=100000 loops=1)
         Sort Key: s_2.a, s_2.b, s_2.c
         Sort Method: quicksort  Memory: 10885kB
         ->  Seq Scan on s_2  (cost=0.00..1637.00 rows=100000 width=20) (actual time=0.013..5.606 rows=100000 loops=1)
 Planning time: 0.273 ms
 Execution time: 36.910 ms
(7 rows)

===== 192 [Wed Mar  7 02:08:49 CET 2018] scale:100000 groups:1000 work_mem:32MB incremental:off max_workers:0 =====
SELECT * FROM s_3 ORDER BY a, b, c, d
                                                      QUERY PLAN                                                       
-----------------------------------------------------------------------------------------------------------------------
 Limit  (cost=11191.82..11191.82 rows=1 width=20) (actual time=27.196..27.196 rows=0 loops=1)
   ->  Sort  (cost=9941.82..10191.82 rows=100000 width=20) (actual time=21.751..25.010 rows=100000 loops=1)
         Sort Key: s_3.a, s_3.b, s_3.c, s_3.d
         Sort Method: quicksort  Memory: 10885kB
         ->  Seq Scan on s_3  (cost=0.00..1637.00 rows=100000 width=20) (actual time=0.010..5.608 rows=100000 loops=1)
 Planning time: 0.273 ms
 Execution time: 27.676 ms
(7 rows)

===== 193 [Wed Mar  7 02:08:49 CET 2018] scale:100000 groups:1000 work_mem:64MB incremental:on max_workers:0 =====
SELECT * FROM s_1 ORDER BY a, b
                                                                      QUERY PLAN                                                                       
-------------------------------------------------------------------------------------------------------------------------------------------------------
 Limit  (cost=9587.64..9587.64 rows=1 width=20) (actual time=41.978..41.978 rows=0 loops=1)
   ->  Incremental Sort  (cost=7.23..8587.64 rows=100000 width=20) (actual time=0.087..39.796 rows=100000 loops=1)
         Sort Key: s_1.a, s_1.b
         Presorted Key: s_1.a
         Sort Method: quicksort  Memory: 35kB
         Sort Groups: 1001
         ->  Index Only Scan using s_1_a_e_d_c_b_idx on s_1  (cost=0.42..3496.42 rows=100000 width=20) (actual time=0.024..12.453 rows=100000 loops=1)
               Heap Fetches: 0
 Planning time: 0.269 ms
 Execution time: 42.001 ms
(10 rows)

===== 194 [Wed Mar  7 02:08:49 CET 2018] scale:100000 groups:1000 work_mem:64MB incremental:on max_workers:0 =====
SELECT * FROM s_2 ORDER BY a, b, c
                                                                      QUERY PLAN                                                                       
-------------------------------------------------------------------------------------------------------------------------------------------------------
 Limit  (cost=8107.38..8107.38 rows=1 width=20) (actual time=32.920..32.920 rows=0 loops=1)
   ->  Incremental Sort  (cost=0.93..7107.38 rows=100000 width=20) (actual time=0.085..30.733 rows=100000 loops=1)
         Sort Key: s_2.a, s_2.b, s_2.c
         Presorted Key: s_2.a, s_2.b
         Sort Method: quicksort  Memory: 27kB
         Sort Groups: 3121
         ->  Index Only Scan using s_2_a_b_e_d_c_idx on s_2  (cost=0.42..3496.42 rows=100000 width=20) (actual time=0.027..12.464 rows=100000 loops=1)
               Heap Fetches: 0
 Planning time: 0.277 ms
 Execution time: 32.943 ms
(10 rows)

===== 195 [Wed Mar  7 02:08:49 CET 2018] scale:100000 groups:1000 work_mem:64MB incremental:on max_workers:0 =====
SELECT * FROM s_3 ORDER BY a, b, c, d
                                                                      QUERY PLAN                                                                       
-------------------------------------------------------------------------------------------------------------------------------------------------------
 Limit  (cost=8107.38..8107.38 rows=1 width=20) (actual time=30.379..30.379 rows=0 loops=1)
   ->  Incremental Sort  (cost=0.93..7107.38 rows=100000 width=20) (actual time=0.077..28.191 rows=100000 loops=1)
         Sort Key: s_3.a, s_3.b, s_3.c, s_3.d
         Presorted Key: s_3.a, s_3.b, s_3.c
         Sort Method: quicksort  Memory: 27kB
         Sort Groups: 3125
         ->  Index Only Scan using s_3_a_b_c_e_d_idx on s_3  (cost=0.42..3496.42 rows=100000 width=20) (actual time=0.023..12.448 rows=100000 loops=1)
               Heap Fetches: 0
 Planning time: 0.279 ms
 Execution time: 30.402 ms
(10 rows)

===== 196 [Wed Mar  7 02:08:50 CET 2018] scale:100000 groups:1000 work_mem:64MB incremental:off max_workers:0 =====
SELECT * FROM s_1 ORDER BY a, b
                                                      QUERY PLAN                                                       
-----------------------------------------------------------------------------------------------------------------------
 Limit  (cost=11191.82..11191.82 rows=1 width=20) (actual time=44.392..44.392 rows=0 loops=1)
   ->  Sort  (cost=9941.82..10191.82 rows=100000 width=20) (actual time=36.806..42.215 rows=100000 loops=1)
         Sort Key: s_1.a, s_1.b
         Sort Method: quicksort  Memory: 10885kB
         ->  Seq Scan on s_1  (cost=0.00..1637.00 rows=100000 width=20) (actual time=0.007..5.598 rows=100000 loops=1)
 Planning time: 0.263 ms
 Execution time: 44.868 ms
(7 rows)

===== 197 [Wed Mar  7 02:08:50 CET 2018] scale:100000 groups:1000 work_mem:64MB incremental:off max_workers:0 =====
SELECT * FROM s_2 ORDER BY a, b, c
                                                      QUERY PLAN                                                       
-----------------------------------------------------------------------------------------------------------------------
 Limit  (cost=11191.82..11191.82 rows=1 width=20) (actual time=36.460..36.460 rows=0 loops=1)
   ->  Sort  (cost=9941.82..10191.82 rows=100000 width=20) (actual time=31.032..34.273 rows=100000 loops=1)
         Sort Key: s_2.a, s_2.b, s_2.c
         Sort Method: quicksort  Memory: 10885kB
         ->  Seq Scan on s_2  (cost=0.00..1637.00 rows=100000 width=20) (actual time=0.012..5.602 rows=100000 loops=1)
 Planning time: 0.280 ms
 Execution time: 36.944 ms
(7 rows)

===== 198 [Wed Mar  7 02:08:50 CET 2018] scale:100000 groups:1000 work_mem:64MB incremental:off max_workers:0 =====
SELECT * FROM s_3 ORDER BY a, b, c, d
                                                      QUERY PLAN                                                       
-----------------------------------------------------------------------------------------------------------------------
 Limit  (cost=11191.82..11191.82 rows=1 width=20) (actual time=27.165..27.165 rows=0 loops=1)
   ->  Sort  (cost=9941.82..10191.82 rows=100000 width=20) (actual time=21.720..24.981 rows=100000 loops=1)
         Sort Key: s_3.a, s_3.b, s_3.c, s_3.d
         Sort Method: quicksort  Memory: 10885kB
         ->  Seq Scan on s_3  (cost=0.00..1637.00 rows=100000 width=20) (actual time=0.011..5.618 rows=100000 loops=1)
 Planning time: 0.288 ms
 Execution time: 27.643 ms
(7 rows)

===== 199 [Wed Mar  7 02:08:50 CET 2018] scale:100000 groups:1000 work_mem:128MB incremental:on max_workers:0 =====
SELECT * FROM s_1 ORDER BY a, b
                                                                      QUERY PLAN                                                                       
-------------------------------------------------------------------------------------------------------------------------------------------------------
 Limit  (cost=9587.64..9587.64 rows=1 width=20) (actual time=41.969..41.969 rows=0 loops=1)
   ->  Incremental Sort  (cost=7.23..8587.64 rows=100000 width=20) (actual time=0.087..39.796 rows=100000 loops=1)
         Sort Key: s_1.a, s_1.b
         Presorted Key: s_1.a
         Sort Method: quicksort  Memory: 35kB
         Sort Groups: 1001
         ->  Index Only Scan using s_1_a_e_d_c_b_idx on s_1  (cost=0.42..3496.42 rows=100000 width=20) (actual time=0.024..12.469 rows=100000 loops=1)
               Heap Fetches: 0
 Planning time: 0.268 ms
 Execution time: 41.992 ms
(10 rows)

===== 200 [Wed Mar  7 02:08:51 CET 2018] scale:100000 groups:1000 work_mem:128MB incremental:on max_workers:0 =====
SELECT * FROM s_2 ORDER BY a, b, c
                                                                      QUERY PLAN                                                                       
-------------------------------------------------------------------------------------------------------------------------------------------------------
 Limit  (cost=8107.38..8107.38 rows=1 width=20) (actual time=32.926..32.926 rows=0 loops=1)
   ->  Incremental Sort  (cost=0.93..7107.38 rows=100000 width=20) (actual time=0.083..30.741 rows=100000 loops=1)
         Sort Key: s_2.a, s_2.b, s_2.c
         Presorted Key: s_2.a, s_2.b
         Sort Method: quicksort  Memory: 27kB
         Sort Groups: 3121
         ->  Index Only Scan using s_2_a_b_e_d_c_idx on s_2  (cost=0.42..3496.42 rows=100000 width=20) (actual time=0.026..12.474 rows=100000 loops=1)
               Heap Fetches: 0
 Planning time: 0.278 ms
 Execution time: 32.949 ms
(10 rows)

===== 201 [Wed Mar  7 02:08:51 CET 2018] scale:100000 groups:1000 work_mem:128MB incremental:on max_workers:0 =====
SELECT * FROM s_3 ORDER BY a, b, c, d
                                                                      QUERY PLAN                                                                       
-------------------------------------------------------------------------------------------------------------------------------------------------------
 Limit  (cost=8107.38..8107.38 rows=1 width=20) (actual time=30.405..30.405 rows=0 loops=1)
   ->  Incremental Sort  (cost=0.93..7107.38 rows=100000 width=20) (actual time=0.077..28.220 rows=100000 loops=1)
         Sort Key: s_3.a, s_3.b, s_3.c, s_3.d
         Presorted Key: s_3.a, s_3.b, s_3.c
         Sort Method: quicksort  Memory: 27kB
         Sort Groups: 3125
         ->  Index Only Scan using s_3_a_b_c_e_d_idx on s_3  (cost=0.42..3496.42 rows=100000 width=20) (actual time=0.024..12.445 rows=100000 loops=1)
               Heap Fetches: 0
 Planning time: 0.278 ms
 Execution time: 30.429 ms
(10 rows)

===== 202 [Wed Mar  7 02:08:51 CET 2018] scale:100000 groups:1000 work_mem:128MB incremental:off max_workers:0 =====
SELECT * FROM s_1 ORDER BY a, b
                                                      QUERY PLAN                                                       
-----------------------------------------------------------------------------------------------------------------------
 Limit  (cost=11191.82..11191.82 rows=1 width=20) (actual time=44.409..44.409 rows=0 loops=1)
   ->  Sort  (cost=9941.82..10191.82 rows=100000 width=20) (actual time=36.793..42.234 rows=100000 loops=1)
         Sort Key: s_1.a, s_1.b
         Sort Method: quicksort  Memory: 10885kB
         ->  Seq Scan on s_1  (cost=0.00..1637.00 rows=100000 width=20) (actual time=0.007..5.582 rows=100000 loops=1)
 Planning time: 0.263 ms
 Execution time: 44.888 ms
(7 rows)

===== 203 [Wed Mar  7 02:08:52 CET 2018] scale:100000 groups:1000 work_mem:128MB incremental:off max_workers:0 =====
SELECT * FROM s_2 ORDER BY a, b, c
                                                      QUERY PLAN                                                       
-----------------------------------------------------------------------------------------------------------------------
 Limit  (cost=11191.82..11191.82 rows=1 width=20) (actual time=36.435..36.435 rows=0 loops=1)
   ->  Sort  (cost=9941.82..10191.82 rows=100000 width=20) (actual time=31.013..34.258 rows=100000 loops=1)
         Sort Key: s_2.a, s_2.b, s_2.c
         Sort Method: quicksort  Memory: 10885kB
         ->  Seq Scan on s_2  (cost=0.00..1637.00 rows=100000 width=20) (actual time=0.013..5.583 rows=100000 loops=1)
 Planning time: 0.279 ms
 Execution time: 36.915 ms
(7 rows)

===== 204 [Wed Mar  7 02:08:52 CET 2018] scale:100000 groups:1000 work_mem:128MB incremental:off max_workers:0 =====
SELECT * FROM s_3 ORDER BY a, b, c, d
                                                      QUERY PLAN                                                       
-----------------------------------------------------------------------------------------------------------------------
 Limit  (cost=11191.82..11191.82 rows=1 width=20) (actual time=27.218..27.218 rows=0 loops=1)
   ->  Sort  (cost=9941.82..10191.82 rows=100000 width=20) (actual time=21.767..25.034 rows=100000 loops=1)
         Sort Key: s_3.a, s_3.b, s_3.c, s_3.d
         Sort Method: quicksort  Memory: 10885kB
         ->  Seq Scan on s_3  (cost=0.00..1637.00 rows=100000 width=20) (actual time=0.011..5.622 rows=100000 loops=1)
 Planning time: 0.282 ms
 Execution time: 27.694 ms
(7 rows)

===== 205 [Wed Mar  7 02:08:52 CET 2018] scale:100000 groups:1000 work_mem:256MB incremental:on max_workers:0 =====
SELECT * FROM s_1 ORDER BY a, b
                                                                      QUERY PLAN                                                                       
-------------------------------------------------------------------------------------------------------------------------------------------------------
 Limit  (cost=9587.64..9587.64 rows=1 width=20) (actual time=41.970..41.970 rows=0 loops=1)
   ->  Incremental Sort  (cost=7.23..8587.64 rows=100000 width=20) (actual time=0.085..39.798 rows=100000 loops=1)
         Sort Key: s_1.a, s_1.b
         Presorted Key: s_1.a
         Sort Method: quicksort  Memory: 35kB
         Sort Groups: 1001
         ->  Index Only Scan using s_1_a_e_d_c_b_idx on s_1  (cost=0.42..3496.42 rows=100000 width=20) (actual time=0.024..12.477 rows=100000 loops=1)
               Heap Fetches: 0
 Planning time: 0.271 ms
 Execution time: 41.992 ms
(10 rows)

===== 206 [Wed Mar  7 02:08:52 CET 2018] scale:100000 groups:1000 work_mem:256MB incremental:on max_workers:0 =====
SELECT * FROM s_2 ORDER BY a, b, c
                                                                      QUERY PLAN                                                                       
-------------------------------------------------------------------------------------------------------------------------------------------------------
 Limit  (cost=8107.38..8107.38 rows=1 width=20) (actual time=32.913..32.913 rows=0 loops=1)
   ->  Incremental Sort  (cost=0.93..7107.38 rows=100000 width=20) (actual time=0.083..30.724 rows=100000 loops=1)
         Sort Key: s_2.a, s_2.b, s_2.c
         Presorted Key: s_2.a, s_2.b
         Sort Method: quicksort  Memory: 27kB
         Sort Groups: 3121
         ->  Index Only Scan using s_2_a_b_e_d_c_idx on s_2  (cost=0.42..3496.42 rows=100000 width=20) (actual time=0.026..12.457 rows=100000 loops=1)
               Heap Fetches: 0
 Planning time: 0.279 ms
 Execution time: 32.935 ms
(10 rows)

===== 207 [Wed Mar  7 02:08:53 CET 2018] scale:100000 groups:1000 work_mem:256MB incremental:on max_workers:0 =====
SELECT * FROM s_3 ORDER BY a, b, c, d
                                                                      QUERY PLAN                                                                       
-------------------------------------------------------------------------------------------------------------------------------------------------------
 Limit  (cost=8107.38..8107.38 rows=1 width=20) (actual time=30.467..30.467 rows=0 loops=1)
   ->  Incremental Sort  (cost=0.93..7107.38 rows=100000 width=20) (actual time=0.078..28.276 rows=100000 loops=1)
         Sort Key: s_3.a, s_3.b, s_3.c, s_3.d
         Presorted Key: s_3.a, s_3.b, s_3.c
         Sort Method: quicksort  Memory: 27kB
         Sort Groups: 3125
         ->  Index Only Scan using s_3_a_b_c_e_d_idx on s_3  (cost=0.42..3496.42 rows=100000 width=20) (actual time=0.024..12.430 rows=100000 loops=1)
               Heap Fetches: 0
 Planning time: 0.289 ms
 Execution time: 30.491 ms
(10 rows)

===== 208 [Wed Mar  7 02:08:53 CET 2018] scale:100000 groups:1000 work_mem:256MB incremental:off max_workers:0 =====
SELECT * FROM s_1 ORDER BY a, b
                                                      QUERY PLAN                                                       
-----------------------------------------------------------------------------------------------------------------------
 Limit  (cost=11191.82..11191.82 rows=1 width=20) (actual time=44.365..44.365 rows=0 loops=1)
   ->  Sort  (cost=9941.82..10191.82 rows=100000 width=20) (actual time=36.815..42.194 rows=100000 loops=1)
         Sort Key: s_1.a, s_1.b
         Sort Method: quicksort  Memory: 10885kB
         ->  Seq Scan on s_1  (cost=0.00..1637.00 rows=100000 width=20) (actual time=0.007..5.575 rows=100000 loops=1)
 Planning time: 0.277 ms
 Execution time: 44.837 ms
(7 rows)

===== 209 [Wed Mar  7 02:08:53 CET 2018] scale:100000 groups:1000 work_mem:256MB incremental:off max_workers:0 =====
SELECT * FROM s_2 ORDER BY a, b, c
                                                      QUERY PLAN                                                       
-----------------------------------------------------------------------------------------------------------------------
 Limit  (cost=11191.82..11191.82 rows=1 width=20) (actual time=36.457..36.457 rows=0 loops=1)
   ->  Sort  (cost=9941.82..10191.82 rows=100000 width=20) (actual time=31.032..34.277 rows=100000 loops=1)
         Sort Key: s_2.a, s_2.b, s_2.c
         Sort Method: quicksort  Memory: 10885kB
         ->  Seq Scan on s_2  (cost=0.00..1637.00 rows=100000 width=20) (actual time=0.013..5.595 rows=100000 loops=1)
 Planning time: 0.271 ms
 Execution time: 36.934 ms
(7 rows)

===== 210 [Wed Mar  7 02:08:53 CET 2018] scale:100000 groups:1000 work_mem:256MB incremental:off max_workers:0 =====
SELECT * FROM s_3 ORDER BY a, b, c, d
                                                      QUERY PLAN                                                       
-----------------------------------------------------------------------------------------------------------------------
 Limit  (cost=11191.82..11191.82 rows=1 width=20) (actual time=27.181..27.181 rows=0 loops=1)
   ->  Sort  (cost=9941.82..10191.82 rows=100000 width=20) (actual time=21.734..24.991 rows=100000 loops=1)
         Sort Key: s_3.a, s_3.b, s_3.c, s_3.d
         Sort Method: quicksort  Memory: 10885kB
         ->  Seq Scan on s_3  (cost=0.00..1637.00 rows=100000 width=20) (actual time=0.011..5.609 rows=100000 loops=1)
 Planning time: 0.272 ms
 Execution time: 27.651 ms
(7 rows)

===== 211 [Wed Mar  7 02:08:53 CET 2018] scale:100000 groups:1000 work_mem:4MB incremental:on max_workers:2 =====
SELECT * FROM s_1 ORDER BY a, b
                                                                      QUERY PLAN                                                                       
-------------------------------------------------------------------------------------------------------------------------------------------------------
 Limit  (cost=9587.64..9587.64 rows=1 width=20) (actual time=41.964..41.964 rows=0 loops=1)
   ->  Incremental Sort  (cost=7.23..8587.64 rows=100000 width=20) (actual time=0.093..39.785 rows=100000 loops=1)
         Sort Key: s_1.a, s_1.b
         Presorted Key: s_1.a
         Sort Method: quicksort  Memory: 35kB
         Sort Groups: 1001
         ->  Index Only Scan using s_1_a_e_d_c_b_idx on s_1  (cost=0.42..3496.42 rows=100000 width=20) (actual time=0.024..12.458 rows=100000 loops=1)
               Heap Fetches: 0
 Planning time: 0.279 ms
 Execution time: 41.987 ms
(10 rows)

===== 212 [Wed Mar  7 02:08:54 CET 2018] scale:100000 groups:1000 work_mem:4MB incremental:on max_workers:2 =====
SELECT * FROM s_2 ORDER BY a, b, c
                                                                      QUERY PLAN                                                                       
-------------------------------------------------------------------------------------------------------------------------------------------------------
 Limit  (cost=8107.38..8107.38 rows=1 width=20) (actual time=32.936..32.936 rows=0 loops=1)
   ->  Incremental Sort  (cost=0.93..7107.38 rows=100000 width=20) (actual time=0.078..30.745 rows=100000 loops=1)
         Sort Key: s_2.a, s_2.b, s_2.c
         Presorted Key: s_2.a, s_2.b
         Sort Method: quicksort  Memory: 27kB
         Sort Groups: 3121
         ->  Index Only Scan using s_2_a_b_e_d_c_idx on s_2  (cost=0.42..3496.42 rows=100000 width=20) (actual time=0.026..12.457 rows=100000 loops=1)
               Heap Fetches: 0
 Planning time: 0.283 ms
 Execution time: 32.959 ms
(10 rows)

===== 213 [Wed Mar  7 02:08:54 CET 2018] scale:100000 groups:1000 work_mem:4MB incremental:on max_workers:2 =====
SELECT * FROM s_3 ORDER BY a, b, c, d
                                                                      QUERY PLAN                                                                       
-------------------------------------------------------------------------------------------------------------------------------------------------------
 Limit  (cost=8107.38..8107.38 rows=1 width=20) (actual time=30.523..30.523 rows=0 loops=1)
   ->  Incremental Sort  (cost=0.93..7107.38 rows=100000 width=20) (actual time=0.084..28.346 rows=100000 loops=1)
         Sort Key: s_3.a, s_3.b, s_3.c, s_3.d
         Presorted Key: s_3.a, s_3.b, s_3.c
         Sort Method: quicksort  Memory: 27kB
         Sort Groups: 3125
         ->  Index Only Scan using s_3_a_b_c_e_d_idx on s_3  (cost=0.42..3496.42 rows=100000 width=20) (actual time=0.024..12.540 rows=100000 loops=1)
               Heap Fetches: 0
 Planning time: 0.289 ms
 Execution time: 30.546 ms
(10 rows)

===== 214 [Wed Mar  7 02:08:54 CET 2018] scale:100000 groups:1000 work_mem:4MB incremental:off max_workers:2 =====
SELECT * FROM s_1 ORDER BY a, b
                                                      QUERY PLAN                                                       
-----------------------------------------------------------------------------------------------------------------------
 Limit  (cost=13242.82..13242.82 rows=1 width=20) (actual time=49.593..49.593 rows=0 loops=1)
   ->  Sort  (cost=11992.82..12242.82 rows=100000 width=20) (actual time=40.223..47.413 rows=100000 loops=1)
         Sort Key: s_1.a, s_1.b
         Sort Method: external merge  Disk: 2936kB
         ->  Seq Scan on s_1  (cost=0.00..1637.00 rows=100000 width=20) (actual time=0.015..5.488 rows=100000 loops=1)
 Planning time: 0.276 ms
 Execution time: 50.160 ms
(7 rows)

===== 215 [Wed Mar  7 02:08:55 CET 2018] scale:100000 groups:1000 work_mem:4MB incremental:off max_workers:2 =====
SELECT * FROM s_2 ORDER BY a, b, c
                                                      QUERY PLAN                                                       
-----------------------------------------------------------------------------------------------------------------------
 Limit  (cost=13242.82..13242.82 rows=1 width=20) (actual time=43.657..43.657 rows=0 loops=1)
   ->  Sort  (cost=11992.82..12242.82 rows=100000 width=20) (actual time=34.288..41.474 rows=100000 loops=1)
         Sort Key: s_2.a, s_2.b, s_2.c
         Sort Method: external merge  Disk: 2936kB
         ->  Seq Scan on s_2  (cost=0.00..1637.00 rows=100000 width=20) (actual time=0.012..5.499 rows=100000 loops=1)
 Planning time: 0.278 ms
 Execution time: 44.228 ms
(7 rows)

===== 216 [Wed Mar  7 02:08:55 CET 2018] scale:100000 groups:1000 work_mem:4MB incremental:off max_workers:2 =====
SELECT * FROM s_3 ORDER BY a, b, c, d
                                                      QUERY PLAN                                                       
-----------------------------------------------------------------------------------------------------------------------
 Limit  (cost=13242.82..13242.82 rows=1 width=20) (actual time=32.711..32.711 rows=0 loops=1)
   ->  Sort  (cost=11992.82..12242.82 rows=100000 width=20) (actual time=23.340..30.533 rows=100000 loops=1)
         Sort Key: s_3.a, s_3.b, s_3.c, s_3.d
         Sort Method: external merge  Disk: 2936kB
         ->  Seq Scan on s_3  (cost=0.00..1637.00 rows=100000 width=20) (actual time=0.010..5.498 rows=100000 loops=1)
 Planning time: 0.280 ms
 Execution time: 33.279 ms
(7 rows)

===== 217 [Wed Mar  7 02:08:55 CET 2018] scale:100000 groups:1000 work_mem:8MB incremental:on max_workers:2 =====
SELECT * FROM s_1 ORDER BY a, b
                                                                      QUERY PLAN                                                                       
-------------------------------------------------------------------------------------------------------------------------------------------------------
 Limit  (cost=9587.64..9587.64 rows=1 width=20) (actual time=41.984..41.984 rows=0 loops=1)
   ->  Incremental Sort  (cost=7.23..8587.64 rows=100000 width=20) (actual time=0.093..39.808 rows=100000 loops=1)
         Sort Key: s_1.a, s_1.b
         Presorted Key: s_1.a
         Sort Method: quicksort  Memory: 35kB
         Sort Groups: 1001
         ->  Index Only Scan using s_1_a_e_d_c_b_idx on s_1  (cost=0.42..3496.42 rows=100000 width=20) (actual time=0.031..12.459 rows=100000 loops=1)
               Heap Fetches: 0
 Planning time: 0.277 ms
 Execution time: 42.007 ms
(10 rows)

===== 218 [Wed Mar  7 02:08:55 CET 2018] scale:100000 groups:1000 work_mem:8MB incremental:on max_workers:2 =====
SELECT * FROM s_2 ORDER BY a, b, c
                                                                      QUERY PLAN                                                                       
-------------------------------------------------------------------------------------------------------------------------------------------------------
 Limit  (cost=8107.38..8107.38 rows=1 width=20) (actual time=32.928..32.928 rows=0 loops=1)
   ->  Incremental Sort  (cost=0.93..7107.38 rows=100000 width=20) (actual time=0.078..30.736 rows=100000 loops=1)
         Sort Key: s_2.a, s_2.b, s_2.c
         Presorted Key: s_2.a, s_2.b
         Sort Method: quicksort  Memory: 27kB
         Sort Groups: 3121
         ->  Index Only Scan using s_2_a_b_e_d_c_idx on s_2  (cost=0.42..3496.42 rows=100000 width=20) (actual time=0.026..12.450 rows=100000 loops=1)
               Heap Fetches: 0
 Planning time: 0.291 ms
 Execution time: 32.951 ms
(10 rows)

===== 219 [Wed Mar  7 02:08:56 CET 2018] scale:100000 groups:1000 work_mem:8MB incremental:on max_workers:2 =====
SELECT * FROM s_3 ORDER BY a, b, c, d
                                                                      QUERY PLAN                                                                       
-------------------------------------------------------------------------------------------------------------------------------------------------------
 Limit  (cost=8107.38..8107.38 rows=1 width=20) (actual time=30.520..30.520 rows=0 loops=1)
   ->  Incremental Sort  (cost=0.93..7107.38 rows=100000 width=20) (actual time=0.075..28.344 rows=100000 loops=1)
         Sort Key: s_3.a, s_3.b, s_3.c, s_3.d
         Presorted Key: s_3.a, s_3.b, s_3.c
         Sort Method: quicksort  Memory: 27kB
         Sort Groups: 3125
         ->  Index Only Scan using s_3_a_b_c_e_d_idx on s_3  (cost=0.42..3496.42 rows=100000 width=20) (actual time=0.023..12.536 rows=100000 loops=1)
               Heap Fetches: 0
 Planning time: 0.284 ms
 Execution time: 30.543 ms
(10 rows)

===== 220 [Wed Mar  7 02:08:56 CET 2018] scale:100000 groups:1000 work_mem:8MB incremental:off max_workers:2 =====
SELECT * FROM s_1 ORDER BY a, b
                                                      QUERY PLAN                                                       
-----------------------------------------------------------------------------------------------------------------------
 Limit  (cost=11191.82..11191.82 rows=1 width=20) (actual time=52.931..52.931 rows=0 loops=1)
   ->  Sort  (cost=9941.82..10191.82 rows=100000 width=20) (actual time=43.666..50.749 rows=100000 loops=1)
         Sort Key: s_1.a, s_1.b
         Sort Method: external merge  Disk: 2936kB
         ->  Seq Scan on s_1  (cost=0.00..1637.00 rows=100000 width=20) (actual time=0.007..5.587 rows=100000 loops=1)
 Planning time: 0.283 ms
 Execution time: 53.334 ms
(7 rows)

===== 221 [Wed Mar  7 02:08:56 CET 2018] scale:100000 groups:1000 work_mem:8MB incremental:off max_workers:2 =====
SELECT * FROM s_2 ORDER BY a, b, c
                                                      QUERY PLAN                                                       
-----------------------------------------------------------------------------------------------------------------------
 Limit  (cost=11191.82..11191.82 rows=1 width=20) (actual time=46.107..46.107 rows=0 loops=1)
   ->  Sort  (cost=9941.82..10191.82 rows=100000 width=20) (actual time=36.822..43.923 rows=100000 loops=1)
         Sort Key: s_2.a, s_2.b, s_2.c
         Sort Method: external merge  Disk: 2936kB
         ->  Seq Scan on s_2  (cost=0.00..1637.00 rows=100000 width=20) (actual time=0.013..5.584 rows=100000 loops=1)
 Planning time: 0.277 ms
 Execution time: 46.498 ms
(7 rows)

===== 222 [Wed Mar  7 02:08:57 CET 2018] scale:100000 groups:1000 work_mem:8MB incremental:off max_workers:2 =====
SELECT * FROM s_3 ORDER BY a, b, c, d
                                                      QUERY PLAN                                                       
-----------------------------------------------------------------------------------------------------------------------
 Limit  (cost=11191.82..11191.82 rows=1 width=20) (actual time=35.526..35.526 rows=0 loops=1)
   ->  Sort  (cost=9941.82..10191.82 rows=100000 width=20) (actual time=26.210..33.339 rows=100000 loops=1)
         Sort Key: s_3.a, s_3.b, s_3.c, s_3.d
         Sort Method: external merge  Disk: 2936kB
         ->  Seq Scan on s_3  (cost=0.00..1637.00 rows=100000 width=20) (actual time=0.011..5.606 rows=100000 loops=1)
 Planning time: 0.283 ms
 Execution time: 35.928 ms
(7 rows)

===== 223 [Wed Mar  7 02:08:57 CET 2018] scale:100000 groups:1000 work_mem:16MB incremental:on max_workers:2 =====
SELECT * FROM s_1 ORDER BY a, b
                                                                      QUERY PLAN                                                                       
-------------------------------------------------------------------------------------------------------------------------------------------------------
 Limit  (cost=9587.64..9587.64 rows=1 width=20) (actual time=42.015..42.015 rows=0 loops=1)
   ->  Incremental Sort  (cost=7.23..8587.64 rows=100000 width=20) (actual time=0.084..39.809 rows=100000 loops=1)
         Sort Key: s_1.a, s_1.b
         Presorted Key: s_1.a
         Sort Method: quicksort  Memory: 35kB
         Sort Groups: 1001
         ->  Index Only Scan using s_1_a_e_d_c_b_idx on s_1  (cost=0.42..3496.42 rows=100000 width=20) (actual time=0.024..12.444 rows=100000 loops=1)
               Heap Fetches: 0
 Planning time: 0.275 ms
 Execution time: 42.037 ms
(10 rows)

===== 224 [Wed Mar  7 02:08:57 CET 2018] scale:100000 groups:1000 work_mem:16MB incremental:on max_workers:2 =====
SELECT * FROM s_2 ORDER BY a, b, c
                                                                      QUERY PLAN                                                                       
-------------------------------------------------------------------------------------------------------------------------------------------------------
 Limit  (cost=8107.38..8107.38 rows=1 width=20) (actual time=32.931..32.931 rows=0 loops=1)
   ->  Incremental Sort  (cost=0.93..7107.38 rows=100000 width=20) (actual time=0.077..30.740 rows=100000 loops=1)
         Sort Key: s_2.a, s_2.b, s_2.c
         Presorted Key: s_2.a, s_2.b
         Sort Method: quicksort  Memory: 27kB
         Sort Groups: 3121
         ->  Index Only Scan using s_2_a_b_e_d_c_idx on s_2  (cost=0.42..3496.42 rows=100000 width=20) (actual time=0.026..12.450 rows=100000 loops=1)
               Heap Fetches: 0
 Planning time: 0.281 ms
 Execution time: 32.953 ms
(10 rows)

===== 225 [Wed Mar  7 02:08:57 CET 2018] scale:100000 groups:1000 work_mem:16MB incremental:on max_workers:2 =====
SELECT * FROM s_3 ORDER BY a, b, c, d
                                                                      QUERY PLAN                                                                       
-------------------------------------------------------------------------------------------------------------------------------------------------------
 Limit  (cost=8107.38..8107.38 rows=1 width=20) (actual time=30.529..30.529 rows=0 loops=1)
   ->  Incremental Sort  (cost=0.93..7107.38 rows=100000 width=20) (actual time=0.077..28.357 rows=100000 loops=1)
         Sort Key: s_3.a, s_3.b, s_3.c, s_3.d
         Presorted Key: s_3.a, s_3.b, s_3.c
         Sort Method: quicksort  Memory: 27kB
         Sort Groups: 3125
         ->  Index Only Scan using s_3_a_b_c_e_d_idx on s_3  (cost=0.42..3496.42 rows=100000 width=20) (actual time=0.023..12.553 rows=100000 loops=1)
               Heap Fetches: 0
 Planning time: 0.288 ms
 Execution time: 30.552 ms
(10 rows)

===== 226 [Wed Mar  7 02:08:58 CET 2018] scale:100000 groups:1000 work_mem:16MB incremental:off max_workers:2 =====
SELECT * FROM s_1 ORDER BY a, b
                                                      QUERY PLAN                                                       
-----------------------------------------------------------------------------------------------------------------------
 Limit  (cost=11191.82..11191.82 rows=1 width=20) (actual time=44.419..44.419 rows=0 loops=1)
   ->  Sort  (cost=9941.82..10191.82 rows=100000 width=20) (actual time=36.807..42.248 rows=100000 loops=1)
         Sort Key: s_1.a, s_1.b
         Sort Method: quicksort  Memory: 10885kB
         ->  Seq Scan on s_1  (cost=0.00..1637.00 rows=100000 width=20) (actual time=0.007..5.579 rows=100000 loops=1)
 Planning time: 0.274 ms
 Execution time: 44.899 ms
(7 rows)

===== 227 [Wed Mar  7 02:08:58 CET 2018] scale:100000 groups:1000 work_mem:16MB incremental:off max_workers:2 =====
SELECT * FROM s_2 ORDER BY a, b, c
                                                      QUERY PLAN                                                       
-----------------------------------------------------------------------------------------------------------------------
 Limit  (cost=11191.82..11191.82 rows=1 width=20) (actual time=36.457..36.457 rows=0 loops=1)
   ->  Sort  (cost=9941.82..10191.82 rows=100000 width=20) (actual time=31.042..34.284 rows=100000 loops=1)
         Sort Key: s_2.a, s_2.b, s_2.c
         Sort Method: quicksort  Memory: 10885kB
         ->  Seq Scan on s_2  (cost=0.00..1637.00 rows=100000 width=20) (actual time=0.013..5.595 rows=100000 loops=1)
 Planning time: 0.279 ms
 Execution time: 36.941 ms
(7 rows)

===== 228 [Wed Mar  7 02:08:58 CET 2018] scale:100000 groups:1000 work_mem:16MB incremental:off max_workers:2 =====
SELECT * FROM s_3 ORDER BY a, b, c, d
                                                      QUERY PLAN                                                       
-----------------------------------------------------------------------------------------------------------------------
 Limit  (cost=11191.82..11191.82 rows=1 width=20) (actual time=27.156..27.156 rows=0 loops=1)
   ->  Sort  (cost=9941.82..10191.82 rows=100000 width=20) (actual time=21.712..24.963 rows=100000 loops=1)
         Sort Key: s_3.a, s_3.b, s_3.c, s_3.d
         Sort Method: quicksort  Memory: 10885kB
         ->  Seq Scan on s_3  (cost=0.00..1637.00 rows=100000 width=20) (actual time=0.010..5.615 rows=100000 loops=1)
 Planning time: 0.292 ms
 Execution time: 27.629 ms
(7 rows)

===== 229 [Wed Mar  7 02:08:58 CET 2018] scale:100000 groups:1000 work_mem:32MB incremental:on max_workers:2 =====
SELECT * FROM s_1 ORDER BY a, b
                                                                      QUERY PLAN                                                                       
-------------------------------------------------------------------------------------------------------------------------------------------------------
 Limit  (cost=9587.64..9587.64 rows=1 width=20) (actual time=41.755..41.755 rows=0 loops=1)
   ->  Incremental Sort  (cost=7.23..8587.64 rows=100000 width=20) (actual time=0.088..39.560 rows=100000 loops=1)
         Sort Key: s_1.a, s_1.b
         Presorted Key: s_1.a
         Sort Method: quicksort  Memory: 35kB
         Sort Groups: 1001
         ->  Index Only Scan using s_1_a_e_d_c_b_idx on s_1  (cost=0.42..3496.42 rows=100000 width=20) (actual time=0.025..12.471 rows=100000 loops=1)
               Heap Fetches: 0
 Planning time: 0.271 ms
 Execution time: 41.778 ms
(10 rows)

===== 230 [Wed Mar  7 02:08:59 CET 2018] scale:100000 groups:1000 work_mem:32MB incremental:on max_workers:2 =====
SELECT * FROM s_2 ORDER BY a, b, c
                                                                      QUERY PLAN                                                                       
-------------------------------------------------------------------------------------------------------------------------------------------------------
 Limit  (cost=8107.38..8107.38 rows=1 width=20) (actual time=32.552..32.552 rows=0 loops=1)
   ->  Incremental Sort  (cost=0.93..7107.38 rows=100000 width=20) (actual time=0.083..30.366 rows=100000 loops=1)
         Sort Key: s_2.a, s_2.b, s_2.c
         Presorted Key: s_2.a, s_2.b
         Sort Method: quicksort  Memory: 27kB
         Sort Groups: 3121
         ->  Index Only Scan using s_2_a_b_e_d_c_idx on s_2  (cost=0.42..3496.42 rows=100000 width=20) (actual time=0.030..12.458 rows=100000 loops=1)
               Heap Fetches: 0
 Planning time: 0.278 ms
 Execution time: 32.575 ms
(10 rows)

===== 231 [Wed Mar  7 02:08:59 CET 2018] scale:100000 groups:1000 work_mem:32MB incremental:on max_workers:2 =====
SELECT * FROM s_3 ORDER BY a, b, c, d
                                                                      QUERY PLAN                                                                       
-------------------------------------------------------------------------------------------------------------------------------------------------------
 Limit  (cost=8107.38..8107.38 rows=1 width=20) (actual time=30.326..30.326 rows=0 loops=1)
   ->  Incremental Sort  (cost=0.93..7107.38 rows=100000 width=20) (actual time=0.080..28.159 rows=100000 loops=1)
         Sort Key: s_3.a, s_3.b, s_3.c, s_3.d
         Presorted Key: s_3.a, s_3.b, s_3.c
         Sort Method: quicksort  Memory: 27kB
         Sort Groups: 3125
         ->  Index Only Scan using s_3_a_b_c_e_d_idx on s_3  (cost=0.42..3496.42 rows=100000 width=20) (actual time=0.025..12.405 rows=100000 loops=1)
               Heap Fetches: 0
 Planning time: 0.288 ms
 Execution time: 30.349 ms
(10 rows)

===== 232 [Wed Mar  7 02:08:59 CET 2018] scale:100000 groups:1000 work_mem:32MB incremental:off max_workers:2 =====
SELECT * FROM s_1 ORDER BY a, b
                                                      QUERY PLAN                                                       
-----------------------------------------------------------------------------------------------------------------------
 Limit  (cost=11191.82..11191.82 rows=1 width=20) (actual time=44.381..44.381 rows=0 loops=1)
   ->  Sort  (cost=9941.82..10191.82 rows=100000 width=20) (actual time=36.780..42.208 rows=100000 loops=1)
         Sort Key: s_1.a, s_1.b
         Sort Method: quicksort  Memory: 10885kB
         ->  Seq Scan on s_1  (cost=0.00..1637.00 rows=100000 width=20) (actual time=0.007..5.583 rows=100000 loops=1)
 Planning time: 0.272 ms
 Execution time: 44.854 ms
(7 rows)

===== 233 [Wed Mar  7 02:08:59 CET 2018] scale:100000 groups:1000 work_mem:32MB incremental:off max_workers:2 =====
SELECT * FROM s_2 ORDER BY a, b, c
                                                      QUERY PLAN                                                       
-----------------------------------------------------------------------------------------------------------------------
 Limit  (cost=11191.82..11191.82 rows=1 width=20) (actual time=36.443..36.443 rows=0 loops=1)
   ->  Sort  (cost=9941.82..10191.82 rows=100000 width=20) (actual time=31.013..34.268 rows=100000 loops=1)
         Sort Key: s_2.a, s_2.b, s_2.c
         Sort Method: quicksort  Memory: 10885kB
         ->  Seq Scan on s_2  (cost=0.00..1637.00 rows=100000 width=20) (actual time=0.013..5.591 rows=100000 loops=1)
 Planning time: 0.277 ms
 Execution time: 36.916 ms
(7 rows)

===== 234 [Wed Mar  7 02:09:00 CET 2018] scale:100000 groups:1000 work_mem:32MB incremental:off max_workers:2 =====
SELECT * FROM s_3 ORDER BY a, b, c, d
                                                      QUERY PLAN                                                       
-----------------------------------------------------------------------------------------------------------------------
 Limit  (cost=11191.82..11191.82 rows=1 width=20) (actual time=27.175..27.175 rows=0 loops=1)
   ->  Sort  (cost=9941.82..10191.82 rows=100000 width=20) (actual time=21.733..24.987 rows=100000 loops=1)
         Sort Key: s_3.a, s_3.b, s_3.c, s_3.d
         Sort Method: quicksort  Memory: 10885kB
         ->  Seq Scan on s_3  (cost=0.00..1637.00 rows=100000 width=20) (actual time=0.010..5.615 rows=100000 loops=1)
 Planning time: 0.279 ms
 Execution time: 27.651 ms
(7 rows)

===== 235 [Wed Mar  7 02:09:00 CET 2018] scale:100000 groups:1000 work_mem:64MB incremental:on max_workers:2 =====
SELECT * FROM s_1 ORDER BY a, b
                                                                      QUERY PLAN                                                                       
-------------------------------------------------------------------------------------------------------------------------------------------------------
 Limit  (cost=9587.64..9587.64 rows=1 width=20) (actual time=41.765..41.765 rows=0 loops=1)
   ->  Incremental Sort  (cost=7.23..8587.64 rows=100000 width=20) (actual time=0.086..39.573 rows=100000 loops=1)
         Sort Key: s_1.a, s_1.b
         Presorted Key: s_1.a
         Sort Method: quicksort  Memory: 35kB
         Sort Groups: 1001
         ->  Index Only Scan using s_1_a_e_d_c_b_idx on s_1  (cost=0.42..3496.42 rows=100000 width=20) (actual time=0.025..12.467 rows=100000 loops=1)
               Heap Fetches: 0
 Planning time: 0.274 ms
 Execution time: 41.788 ms
(10 rows)

===== 236 [Wed Mar  7 02:09:00 CET 2018] scale:100000 groups:1000 work_mem:64MB incremental:on max_workers:2 =====
SELECT * FROM s_2 ORDER BY a, b, c
                                                                      QUERY PLAN                                                                       
-------------------------------------------------------------------------------------------------------------------------------------------------------
 Limit  (cost=8107.38..8107.38 rows=1 width=20) (actual time=32.551..32.551 rows=0 loops=1)
   ->  Incremental Sort  (cost=0.93..7107.38 rows=100000 width=20) (actual time=0.081..30.364 rows=100000 loops=1)
         Sort Key: s_2.a, s_2.b, s_2.c
         Presorted Key: s_2.a, s_2.b
         Sort Method: quicksort  Memory: 27kB
         Sort Groups: 3121
         ->  Index Only Scan using s_2_a_b_e_d_c_idx on s_2  (cost=0.42..3496.42 rows=100000 width=20) (actual time=0.028..12.448 rows=100000 loops=1)
               Heap Fetches: 0
 Planning time: 0.283 ms
 Execution time: 32.573 ms
(10 rows)

===== 237 [Wed Mar  7 02:09:00 CET 2018] scale:100000 groups:1000 work_mem:64MB incremental:on max_workers:2 =====
SELECT * FROM s_3 ORDER BY a, b, c, d
                                                                      QUERY PLAN                                                                       
-------------------------------------------------------------------------------------------------------------------------------------------------------
 Limit  (cost=8107.38..8107.38 rows=1 width=20) (actual time=30.297..30.297 rows=0 loops=1)
   ->  Incremental Sort  (cost=0.93..7107.38 rows=100000 width=20) (actual time=0.084..28.124 rows=100000 loops=1)
         Sort Key: s_3.a, s_3.b, s_3.c, s_3.d
         Presorted Key: s_3.a, s_3.b, s_3.c
         Sort Method: quicksort  Memory: 27kB
         Sort Groups: 3125
         ->  Index Only Scan using s_3_a_b_c_e_d_idx on s_3  (cost=0.42..3496.42 rows=100000 width=20) (actual time=0.024..12.393 rows=100000 loops=1)
               Heap Fetches: 0
 Planning time: 0.289 ms
 Execution time: 30.319 ms
(10 rows)

===== 238 [Wed Mar  7 02:09:01 CET 2018] scale:100000 groups:1000 work_mem:64MB incremental:off max_workers:2 =====
SELECT * FROM s_1 ORDER BY a, b
                                                      QUERY PLAN                                                       
-----------------------------------------------------------------------------------------------------------------------
 Limit  (cost=11191.82..11191.82 rows=1 width=20) (actual time=44.386..44.386 rows=0 loops=1)
   ->  Sort  (cost=9941.82..10191.82 rows=100000 width=20) (actual time=36.773..42.217 rows=100000 loops=1)
         Sort Key: s_1.a, s_1.b
         Sort Method: quicksort  Memory: 10885kB
         ->  Seq Scan on s_1  (cost=0.00..1637.00 rows=100000 width=20) (actual time=0.007..5.585 rows=100000 loops=1)
 Planning time: 0.273 ms
 Execution time: 44.863 ms
(7 rows)

===== 239 [Wed Mar  7 02:09:01 CET 2018] scale:100000 groups:1000 work_mem:64MB incremental:off max_workers:2 =====
SELECT * FROM s_2 ORDER BY a, b, c
                                                      QUERY PLAN                                                       
-----------------------------------------------------------------------------------------------------------------------
 Limit  (cost=11191.82..11191.82 rows=1 width=20) (actual time=36.439..36.439 rows=0 loops=1)
   ->  Sort  (cost=9941.82..10191.82 rows=100000 width=20) (actual time=31.004..34.267 rows=100000 loops=1)
         Sort Key: s_2.a, s_2.b, s_2.c
         Sort Method: quicksort  Memory: 10885kB
         ->  Seq Scan on s_2  (cost=0.00..1637.00 rows=100000 width=20) (actual time=0.013..5.580 rows=100000 loops=1)
 Planning time: 0.285 ms
 Execution time: 36.916 ms
(7 rows)

===== 240 [Wed Mar  7 02:09:01 CET 2018] scale:100000 groups:1000 work_mem:64MB incremental:off max_workers:2 =====
SELECT * FROM s_3 ORDER BY a, b, c, d
                                                      QUERY PLAN                                                       
-----------------------------------------------------------------------------------------------------------------------
 Limit  (cost=11191.82..11191.82 rows=1 width=20) (actual time=27.188..27.188 rows=0 loops=1)
   ->  Sort  (cost=9941.82..10191.82 rows=100000 width=20) (actual time=21.746..25.001 rows=100000 loops=1)
         Sort Key: s_3.a, s_3.b, s_3.c, s_3.d
         Sort Method: quicksort  Memory: 10885kB
         ->  Seq Scan on s_3  (cost=0.00..1637.00 rows=100000 width=20) (actual time=0.010..5.612 rows=100000 loops=1)
 Planning time: 0.282 ms
 Execution time: 27.662 ms
(7 rows)

===== 241 [Wed Mar  7 02:09:01 CET 2018] scale:100000 groups:1000 work_mem:128MB incremental:on max_workers:2 =====
SELECT * FROM s_1 ORDER BY a, b
                                                                      QUERY PLAN                                                                       
-------------------------------------------------------------------------------------------------------------------------------------------------------
 Limit  (cost=9587.64..9587.64 rows=1 width=20) (actual time=41.759..41.759 rows=0 loops=1)
   ->  Incremental Sort  (cost=7.23..8587.64 rows=100000 width=20) (actual time=0.088..39.561 rows=100000 loops=1)
         Sort Key: s_1.a, s_1.b
         Presorted Key: s_1.a
         Sort Method: quicksort  Memory: 35kB
         Sort Groups: 1001
         ->  Index Only Scan using s_1_a_e_d_c_b_idx on s_1  (cost=0.42..3496.42 rows=100000 width=20) (actual time=0.025..12.467 rows=100000 loops=1)
               Heap Fetches: 0
 Planning time: 0.285 ms
 Execution time: 41.782 ms
(10 rows)

===== 242 [Wed Mar  7 02:09:02 CET 2018] scale:100000 groups:1000 work_mem:128MB incremental:on max_workers:2 =====
SELECT * FROM s_2 ORDER BY a, b, c
                                                                      QUERY PLAN                                                                       
-------------------------------------------------------------------------------------------------------------------------------------------------------
 Limit  (cost=8107.38..8107.38 rows=1 width=20) (actual time=32.554..32.554 rows=0 loops=1)
   ->  Incremental Sort  (cost=0.93..7107.38 rows=100000 width=20) (actual time=0.087..30.365 rows=100000 loops=1)
         Sort Key: s_2.a, s_2.b, s_2.c
         Presorted Key: s_2.a, s_2.b
         Sort Method: quicksort  Memory: 27kB
         Sort Groups: 3121
         ->  Index Only Scan using s_2_a_b_e_d_c_idx on s_2  (cost=0.42..3496.42 rows=100000 width=20) (actual time=0.033..12.455 rows=100000 loops=1)
               Heap Fetches: 0
 Planning time: 0.282 ms
 Execution time: 32.576 ms
(10 rows)

===== 243 [Wed Mar  7 02:09:02 CET 2018] scale:100000 groups:1000 work_mem:128MB incremental:on max_workers:2 =====
SELECT * FROM s_3 ORDER BY a, b, c, d
                                                                      QUERY PLAN                                                                       
-------------------------------------------------------------------------------------------------------------------------------------------------------
 Limit  (cost=8107.38..8107.38 rows=1 width=20) (actual time=30.306..30.306 rows=0 loops=1)
   ->  Incremental Sort  (cost=0.93..7107.38 rows=100000 width=20) (actual time=0.079..28.138 rows=100000 loops=1)
         Sort Key: s_3.a, s_3.b, s_3.c, s_3.d
         Presorted Key: s_3.a, s_3.b, s_3.c
         Sort Method: quicksort  Memory: 27kB
         Sort Groups: 3125
         ->  Index Only Scan using s_3_a_b_c_e_d_idx on s_3  (cost=0.42..3496.42 rows=100000 width=20) (actual time=0.024..12.403 rows=100000 loops=1)
               Heap Fetches: 0
 Planning time: 0.293 ms
 Execution time: 30.329 ms
(10 rows)

===== 244 [Wed Mar  7 02:09:02 CET 2018] scale:100000 groups:1000 work_mem:128MB incremental:off max_workers:2 =====
SELECT * FROM s_1 ORDER BY a, b
                                                      QUERY PLAN                                                       
-----------------------------------------------------------------------------------------------------------------------
 Limit  (cost=11191.82..11191.82 rows=1 width=20) (actual time=44.388..44.388 rows=0 loops=1)
   ->  Sort  (cost=9941.82..10191.82 rows=100000 width=20) (actual time=36.791..42.215 rows=100000 loops=1)
         Sort Key: s_1.a, s_1.b
         Sort Method: quicksort  Memory: 10885kB
         ->  Seq Scan on s_1  (cost=0.00..1637.00 rows=100000 width=20) (actual time=0.007..5.592 rows=100000 loops=1)
 Planning time: 0.298 ms
 Execution time: 44.861 ms
(7 rows)

===== 245 [Wed Mar  7 02:09:02 CET 2018] scale:100000 groups:1000 work_mem:128MB incremental:off max_workers:2 =====
SELECT * FROM s_2 ORDER BY a, b, c
                                                      QUERY PLAN                                                       
-----------------------------------------------------------------------------------------------------------------------
 Limit  (cost=11191.82..11191.82 rows=1 width=20) (actual time=36.447..36.447 rows=0 loops=1)
   ->  Sort  (cost=9941.82..10191.82 rows=100000 width=20) (actual time=31.016..34.267 rows=100000 loops=1)
         Sort Key: s_2.a, s_2.b, s_2.c
         Sort Method: quicksort  Memory: 10885kB
         ->  Seq Scan on s_2  (cost=0.00..1637.00 rows=100000 width=20) (actual time=0.013..5.605 rows=100000 loops=1)
 Planning time: 0.276 ms
 Execution time: 36.921 ms
(7 rows)

===== 246 [Wed Mar  7 02:09:03 CET 2018] scale:100000 groups:1000 work_mem:128MB incremental:off max_workers:2 =====
SELECT * FROM s_3 ORDER BY a, b, c, d
                                                      QUERY PLAN                                                       
-----------------------------------------------------------------------------------------------------------------------
 Limit  (cost=11191.82..11191.82 rows=1 width=20) (actual time=27.190..27.190 rows=0 loops=1)
   ->  Sort  (cost=9941.82..10191.82 rows=100000 width=20) (actual time=21.750..25.012 rows=100000 loops=1)
         Sort Key: s_3.a, s_3.b, s_3.c, s_3.d
         Sort Method: quicksort  Memory: 10885kB
         ->  Seq Scan on s_3  (cost=0.00..1637.00 rows=100000 width=20) (actual time=0.010..5.613 rows=100000 loops=1)
 Planning time: 0.279 ms
 Execution time: 27.664 ms
(7 rows)

===== 247 [Wed Mar  7 02:09:03 CET 2018] scale:100000 groups:1000 work_mem:256MB incremental:on max_workers:2 =====
SELECT * FROM s_1 ORDER BY a, b
                                                                      QUERY PLAN                                                                       
-------------------------------------------------------------------------------------------------------------------------------------------------------
 Limit  (cost=9587.64..9587.64 rows=1 width=20) (actual time=41.979..41.979 rows=0 loops=1)
   ->  Incremental Sort  (cost=7.23..8587.64 rows=100000 width=20) (actual time=0.085..39.803 rows=100000 loops=1)
         Sort Key: s_1.a, s_1.b
         Presorted Key: s_1.a
         Sort Method: quicksort  Memory: 35kB
         Sort Groups: 1001
         ->  Index Only Scan using s_1_a_e_d_c_b_idx on s_1  (cost=0.42..3496.42 rows=100000 width=20) (actual time=0.024..12.463 rows=100000 loops=1)
               Heap Fetches: 0
 Planning time: 0.284 ms
 Execution time: 42.001 ms
(10 rows)

===== 248 [Wed Mar  7 02:09:03 CET 2018] scale:100000 groups:1000 work_mem:256MB incremental:on max_workers:2 =====
SELECT * FROM s_2 ORDER BY a, b, c
                                                                      QUERY PLAN                                                                       
-------------------------------------------------------------------------------------------------------------------------------------------------------
 Limit  (cost=8107.38..8107.38 rows=1 width=20) (actual time=32.918..32.918 rows=0 loops=1)
   ->  Incremental Sort  (cost=0.93..7107.38 rows=100000 width=20) (actual time=0.077..30.727 rows=100000 loops=1)
         Sort Key: s_2.a, s_2.b, s_2.c
         Presorted Key: s_2.a, s_2.b
         Sort Method: quicksort  Memory: 27kB
         Sort Groups: 3121
         ->  Index Only Scan using s_2_a_b_e_d_c_idx on s_2  (cost=0.42..3496.42 rows=100000 width=20) (actual time=0.026..12.462 rows=100000 loops=1)
               Heap Fetches: 0
 Planning time: 0.281 ms
 Execution time: 32.945 ms
(10 rows)

===== 249 [Wed Mar  7 02:09:03 CET 2018] scale:100000 groups:1000 work_mem:256MB incremental:on max_workers:2 =====
SELECT * FROM s_3 ORDER BY a, b, c, d
                                                                      QUERY PLAN                                                                       
-------------------------------------------------------------------------------------------------------------------------------------------------------
 Limit  (cost=8107.38..8107.38 rows=1 width=20) (actual time=30.538..30.538 rows=0 loops=1)
   ->  Incremental Sort  (cost=0.93..7107.38 rows=100000 width=20) (actual time=0.077..28.365 rows=100000 loops=1)
         Sort Key: s_3.a, s_3.b, s_3.c, s_3.d
         Presorted Key: s_3.a, s_3.b, s_3.c
         Sort Method: quicksort  Memory: 27kB
         Sort Groups: 3125
         ->  Index Only Scan using s_3_a_b_c_e_d_idx on s_3  (cost=0.42..3496.42 rows=100000 width=20) (actual time=0.024..12.538 rows=100000 loops=1)
               Heap Fetches: 0
 Planning time: 0.286 ms
 Execution time: 30.560 ms
(10 rows)

===== 250 [Wed Mar  7 02:09:04 CET 2018] scale:100000 groups:1000 work_mem:256MB incremental:off max_workers:2 =====
SELECT * FROM s_1 ORDER BY a, b
                                                      QUERY PLAN                                                       
-----------------------------------------------------------------------------------------------------------------------
 Limit  (cost=11191.82..11191.82 rows=1 width=20) (actual time=44.391..44.391 rows=0 loops=1)
   ->  Sort  (cost=9941.82..10191.82 rows=100000 width=20) (actual time=36.801..42.217 rows=100000 loops=1)
         Sort Key: s_1.a, s_1.b
         Sort Method: quicksort  Memory: 10885kB
         ->  Seq Scan on s_1  (cost=0.00..1637.00 rows=100000 width=20) (actual time=0.007..5.587 rows=100000 loops=1)
 Planning time: 0.269 ms
 Execution time: 44.869 ms
(7 rows)

===== 251 [Wed Mar  7 02:09:04 CET 2018] scale:100000 groups:1000 work_mem:256MB incremental:off max_workers:2 =====
SELECT * FROM s_2 ORDER BY a, b, c
                                                      QUERY PLAN                                                       
-----------------------------------------------------------------------------------------------------------------------
 Limit  (cost=11191.82..11191.82 rows=1 width=20) (actual time=36.473..36.473 rows=0 loops=1)
   ->  Sort  (cost=9941.82..10191.82 rows=100000 width=20) (actual time=31.042..34.307 rows=100000 loops=1)
         Sort Key: s_2.a, s_2.b, s_2.c
         Sort Method: quicksort  Memory: 10885kB
         ->  Seq Scan on s_2  (cost=0.00..1637.00 rows=100000 width=20) (actual time=0.013..5.597 rows=100000 loops=1)
 Planning time: 0.278 ms
 Execution time: 36.944 ms
(7 rows)

===== 252 [Wed Mar  7 02:09:04 CET 2018] scale:100000 groups:1000 work_mem:256MB incremental:off max_workers:2 =====
SELECT * FROM s_3 ORDER BY a, b, c, d
                                                      QUERY PLAN                                                       
-----------------------------------------------------------------------------------------------------------------------
 Limit  (cost=11191.82..11191.82 rows=1 width=20) (actual time=27.209..27.209 rows=0 loops=1)
   ->  Sort  (cost=9941.82..10191.82 rows=100000 width=20) (actual time=21.764..25.018 rows=100000 loops=1)
         Sort Key: s_3.a, s_3.b, s_3.c, s_3.d
         Sort Method: quicksort  Memory: 10885kB
         ->  Seq Scan on s_3  (cost=0.00..1637.00 rows=100000 width=20) (actual time=0.010..5.621 rows=100000 loops=1)
 Planning time: 0.281 ms
 Execution time: 27.689 ms
(7 rows)

===== 253 [Wed Mar  7 02:09:06 CET 2018] scale:100000 groups:10000 work_mem:4MB incremental:on max_workers:0 =====
SELECT * FROM s_1 ORDER BY a, b
                                                                      QUERY PLAN                                                                       
-------------------------------------------------------------------------------------------------------------------------------------------------------
 Limit  (cost=8117.47..8117.47 rows=1 width=20) (actual time=39.062..39.062 rows=0 loops=1)
   ->  Incremental Sort  (cost=0.94..7117.47 rows=100000 width=20) (actual time=0.096..36.866 rows=100000 loops=1)
         Sort Key: s_1.a, s_1.b
         Presorted Key: s_1.a
         Sort Method: quicksort  Memory: 28kB
         Sort Groups: 2712
         ->  Index Only Scan using s_1_a_e_d_c_b_idx on s_1  (cost=0.42..3496.42 rows=100000 width=20) (actual time=0.043..14.530 rows=100000 loops=1)
               Heap Fetches: 0
 Planning time: 0.268 ms
 Execution time: 39.088 ms
(10 rows)

===== 254 [Wed Mar  7 02:09:06 CET 2018] scale:100000 groups:10000 work_mem:4MB incremental:on max_workers:0 =====
SELECT * FROM s_2 ORDER BY a, b, c
                                                                      QUERY PLAN                                                                       
-------------------------------------------------------------------------------------------------------------------------------------------------------
 Limit  (cost=8107.38..8107.38 rows=1 width=20) (actual time=32.375..32.375 rows=0 loops=1)
   ->  Incremental Sort  (cost=0.93..7107.38 rows=100000 width=20) (actual time=0.092..30.183 rows=100000 loops=1)
         Sort Key: s_2.a, s_2.b, s_2.c
         Presorted Key: s_2.a, s_2.b
         Sort Method: quicksort  Memory: 27kB
         Sort Groups: 3125
         ->  Index Only Scan using s_2_a_b_e_d_c_idx on s_2  (cost=0.42..3496.42 rows=100000 width=20) (actual time=0.042..14.550 rows=100000 loops=1)
               Heap Fetches: 0
 Planning time: 0.287 ms
 Execution time: 32.399 ms
(10 rows)

===== 255 [Wed Mar  7 02:09:06 CET 2018] scale:100000 groups:10000 work_mem:4MB incremental:on max_workers:0 =====
SELECT * FROM s_3 ORDER BY a, b, c, d
                                                                      QUERY PLAN                                                                       
-------------------------------------------------------------------------------------------------------------------------------------------------------
 Limit  (cost=8107.38..8107.38 rows=1 width=20) (actual time=32.500..32.500 rows=0 loops=1)
   ->  Incremental Sort  (cost=0.93..7107.38 rows=100000 width=20) (actual time=0.093..30.309 rows=100000 loops=1)
         Sort Key: s_3.a, s_3.b, s_3.c, s_3.d
         Presorted Key: s_3.a, s_3.b, s_3.c
         Sort Method: quicksort  Memory: 27kB
         Sort Groups: 3125
         ->  Index Only Scan using s_3_a_b_c_e_d_idx on s_3  (cost=0.42..3496.42 rows=100000 width=20) (actual time=0.040..14.493 rows=100000 loops=1)
               Heap Fetches: 0
 Planning time: 0.298 ms
 Execution time: 32.525 ms
(10 rows)

===== 256 [Wed Mar  7 02:09:06 CET 2018] scale:100000 groups:10000 work_mem:4MB incremental:off max_workers:0 =====
SELECT * FROM s_1 ORDER BY a, b
                                                      QUERY PLAN                                                       
-----------------------------------------------------------------------------------------------------------------------
 Limit  (cost=13242.82..13242.82 rows=1 width=20) (actual time=44.947..44.947 rows=0 loops=1)
   ->  Sort  (cost=11992.82..12242.82 rows=100000 width=20) (actual time=35.572..42.766 rows=100000 loops=1)
         Sort Key: s_1.a, s_1.b
         Sort Method: external merge  Disk: 2936kB
         ->  Seq Scan on s_1  (cost=0.00..1637.00 rows=100000 width=20) (actual time=0.007..5.478 rows=100000 loops=1)
 Planning time: 0.265 ms
 Execution time: 45.520 ms
(7 rows)

===== 257 [Wed Mar  7 02:09:07 CET 2018] scale:100000 groups:10000 work_mem:4MB incremental:off max_workers:0 =====
SELECT * FROM s_2 ORDER BY a, b, c
                                                      QUERY PLAN                                                       
-----------------------------------------------------------------------------------------------------------------------
 Limit  (cost=13242.82..13242.82 rows=1 width=20) (actual time=36.574..36.574 rows=0 loops=1)
   ->  Sort  (cost=11992.82..12242.82 rows=100000 width=20) (actual time=27.206..34.396 rows=100000 loops=1)
         Sort Key: s_2.a, s_2.b, s_2.c
         Sort Method: external merge  Disk: 2936kB
         ->  Seq Scan on s_2  (cost=0.00..1637.00 rows=100000 width=20) (actual time=0.010..5.493 rows=100000 loops=1)
 Planning time: 0.274 ms
 Execution time: 37.139 ms
(7 rows)

===== 258 [Wed Mar  7 02:09:07 CET 2018] scale:100000 groups:10000 work_mem:4MB incremental:off max_workers:0 =====
SELECT * FROM s_3 ORDER BY a, b, c, d
                                                      QUERY PLAN                                                       
-----------------------------------------------------------------------------------------------------------------------
 Limit  (cost=13242.82..13242.82 rows=1 width=20) (actual time=31.603..31.603 rows=0 loops=1)
   ->  Sort  (cost=11992.82..12242.82 rows=100000 width=20) (actual time=22.223..29.428 rows=100000 loops=1)
         Sort Key: s_3.a, s_3.b, s_3.c, s_3.d
         Sort Method: external merge  Disk: 2936kB
         ->  Seq Scan on s_3  (cost=0.00..1637.00 rows=100000 width=20) (actual time=0.010..5.512 rows=100000 loops=1)
 Planning time: 0.286 ms
 Execution time: 32.173 ms
(7 rows)

===== 259 [Wed Mar  7 02:09:07 CET 2018] scale:100000 groups:10000 work_mem:8MB incremental:on max_workers:0 =====
SELECT * FROM s_1 ORDER BY a, b
                                                                      QUERY PLAN                                                                       
-------------------------------------------------------------------------------------------------------------------------------------------------------
 Limit  (cost=8117.47..8117.47 rows=1 width=20) (actual time=37.074..37.074 rows=0 loops=1)
   ->  Incremental Sort  (cost=0.94..7117.47 rows=100000 width=20) (actual time=0.081..34.897 rows=100000 loops=1)
         Sort Key: s_1.a, s_1.b
         Presorted Key: s_1.a
         Sort Method: quicksort  Memory: 28kB
         Sort Groups: 2712
         ->  Index Only Scan using s_1_a_e_d_c_b_idx on s_1  (cost=0.42..3496.42 rows=100000 width=20) (actual time=0.027..12.442 rows=100000 loops=1)
               Heap Fetches: 0
 Planning time: 0.280 ms
 Execution time: 37.097 ms
(10 rows)

===== 260 [Wed Mar  7 02:09:07 CET 2018] scale:100000 groups:10000 work_mem:8MB incremental:on max_workers:0 =====
SELECT * FROM s_2 ORDER BY a, b, c
                                                                      QUERY PLAN                                                                       
-------------------------------------------------------------------------------------------------------------------------------------------------------
 Limit  (cost=8107.38..8107.38 rows=1 width=20) (actual time=30.315..30.315 rows=0 loops=1)
   ->  Incremental Sort  (cost=0.93..7107.38 rows=100000 width=20) (actual time=0.074..28.114 rows=100000 loops=1)
         Sort Key: s_2.a, s_2.b, s_2.c
         Presorted Key: s_2.a, s_2.b
         Sort Method: quicksort  Memory: 27kB
         Sort Groups: 3125
         ->  Index Only Scan using s_2_a_b_e_d_c_idx on s_2  (cost=0.42..3496.42 rows=100000 width=20) (actual time=0.023..12.454 rows=100000 loops=1)
               Heap Fetches: 0
 Planning time: 0.281 ms
 Execution time: 30.338 ms
(10 rows)

===== 261 [Wed Mar  7 02:09:08 CET 2018] scale:100000 groups:10000 work_mem:8MB incremental:on max_workers:0 =====
SELECT * FROM s_3 ORDER BY a, b, c, d
                                                                      QUERY PLAN                                                                       
-------------------------------------------------------------------------------------------------------------------------------------------------------
 Limit  (cost=8107.38..8107.38 rows=1 width=20) (actual time=30.285..30.285 rows=0 loops=1)
   ->  Incremental Sort  (cost=0.93..7107.38 rows=100000 width=20) (actual time=0.074..28.098 rows=100000 loops=1)
         Sort Key: s_3.a, s_3.b, s_3.c, s_3.d
         Presorted Key: s_3.a, s_3.b, s_3.c
         Sort Method: quicksort  Memory: 27kB
         Sort Groups: 3125
         ->  Index Only Scan using s_3_a_b_c_e_d_idx on s_3  (cost=0.42..3496.42 rows=100000 width=20) (actual time=0.023..12.432 rows=100000 loops=1)
               Heap Fetches: 0
 Planning time: 0.293 ms
 Execution time: 30.308 ms
(10 rows)

===== 262 [Wed Mar  7 02:09:08 CET 2018] scale:100000 groups:10000 work_mem:8MB incremental:off max_workers:0 =====
SELECT * FROM s_1 ORDER BY a, b
                                                      QUERY PLAN                                                       
-----------------------------------------------------------------------------------------------------------------------
 Limit  (cost=11191.82..11191.82 rows=1 width=20) (actual time=47.366..47.366 rows=0 loops=1)
   ->  Sort  (cost=9941.82..10191.82 rows=100000 width=20) (actual time=38.090..45.181 rows=100000 loops=1)
         Sort Key: s_1.a, s_1.b
         Sort Method: external merge  Disk: 2936kB
         ->  Seq Scan on s_1  (cost=0.00..1637.00 rows=100000 width=20) (actual time=0.007..5.590 rows=100000 loops=1)
 Planning time: 0.266 ms
 Execution time: 47.776 ms
(7 rows)

===== 263 [Wed Mar  7 02:09:08 CET 2018] scale:100000 groups:10000 work_mem:8MB incremental:off max_workers:0 =====
SELECT * FROM s_2 ORDER BY a, b, c
                                                      QUERY PLAN                                                       
-----------------------------------------------------------------------------------------------------------------------
 Limit  (cost=11191.82..11191.82 rows=1 width=20) (actual time=38.679..38.679 rows=0 loops=1)
   ->  Sort  (cost=9941.82..10191.82 rows=100000 width=20) (actual time=29.403..36.490 rows=100000 loops=1)
         Sort Key: s_2.a, s_2.b, s_2.c
         Sort Method: external merge  Disk: 2936kB
         ->  Seq Scan on s_2  (cost=0.00..1637.00 rows=100000 width=20) (actual time=0.010..5.591 rows=100000 loops=1)
 Planning time: 0.273 ms
 Execution time: 39.094 ms
(7 rows)

===== 264 [Wed Mar  7 02:09:08 CET 2018] scale:100000 groups:10000 work_mem:8MB incremental:off max_workers:0 =====
SELECT * FROM s_3 ORDER BY a, b, c, d
                                                      QUERY PLAN                                                       
-----------------------------------------------------------------------------------------------------------------------
 Limit  (cost=11191.82..11191.82 rows=1 width=20) (actual time=33.212..33.212 rows=0 loops=1)
   ->  Sort  (cost=9941.82..10191.82 rows=100000 width=20) (actual time=23.899..31.024 rows=100000 loops=1)
         Sort Key: s_3.a, s_3.b, s_3.c, s_3.d
         Sort Method: external merge  Disk: 2936kB
         ->  Seq Scan on s_3  (cost=0.00..1637.00 rows=100000 width=20) (actual time=0.010..5.614 rows=100000 loops=1)
 Planning time: 0.287 ms
 Execution time: 33.619 ms
(7 rows)

===== 265 [Wed Mar  7 02:09:09 CET 2018] scale:100000 groups:10000 work_mem:16MB incremental:on max_workers:0 =====
SELECT * FROM s_1 ORDER BY a, b
                                                                      QUERY PLAN                                                                       
-------------------------------------------------------------------------------------------------------------------------------------------------------
 Limit  (cost=8117.47..8117.47 rows=1 width=20) (actual time=37.057..37.057 rows=0 loops=1)
   ->  Incremental Sort  (cost=0.94..7117.47 rows=100000 width=20) (actual time=0.081..34.882 rows=100000 loops=1)
         Sort Key: s_1.a, s_1.b
         Presorted Key: s_1.a
         Sort Method: quicksort  Memory: 28kB
         Sort Groups: 2712
         ->  Index Only Scan using s_1_a_e_d_c_b_idx on s_1  (cost=0.42..3496.42 rows=100000 width=20) (actual time=0.027..12.451 rows=100000 loops=1)
               Heap Fetches: 0
 Planning time: 0.270 ms
 Execution time: 37.081 ms
(10 rows)

===== 266 [Wed Mar  7 02:09:09 CET 2018] scale:100000 groups:10000 work_mem:16MB incremental:on max_workers:0 =====
SELECT * FROM s_2 ORDER BY a, b, c
                                                                      QUERY PLAN                                                                       
-------------------------------------------------------------------------------------------------------------------------------------------------------
 Limit  (cost=8107.38..8107.38 rows=1 width=20) (actual time=30.323..30.323 rows=0 loops=1)
   ->  Incremental Sort  (cost=0.93..7107.38 rows=100000 width=20) (actual time=0.071..28.128 rows=100000 loops=1)
         Sort Key: s_2.a, s_2.b, s_2.c
         Presorted Key: s_2.a, s_2.b
         Sort Method: quicksort  Memory: 27kB
         Sort Groups: 3125
         ->  Index Only Scan using s_2_a_b_e_d_c_idx on s_2  (cost=0.42..3496.42 rows=100000 width=20) (actual time=0.024..12.469 rows=100000 loops=1)
               Heap Fetches: 0
 Planning time: 0.283 ms
 Execution time: 30.346 ms
(10 rows)

===== 267 [Wed Mar  7 02:09:09 CET 2018] scale:100000 groups:10000 work_mem:16MB incremental:on max_workers:0 =====
SELECT * FROM s_3 ORDER BY a, b, c, d
                                                                      QUERY PLAN                                                                       
-------------------------------------------------------------------------------------------------------------------------------------------------------
 Limit  (cost=8107.38..8107.38 rows=1 width=20) (actual time=30.368..30.368 rows=0 loops=1)
   ->  Incremental Sort  (cost=0.93..7107.38 rows=100000 width=20) (actual time=0.085..28.179 rows=100000 loops=1)
         Sort Key: s_3.a, s_3.b, s_3.c, s_3.d
         Presorted Key: s_3.a, s_3.b, s_3.c
         Sort Method: quicksort  Memory: 27kB
         Sort Groups: 3125
         ->  Index Only Scan using s_3_a_b_c_e_d_idx on s_3  (cost=0.42..3496.42 rows=100000 width=20) (actual time=0.033..12.440 rows=100000 loops=1)
               Heap Fetches: 0
 Planning time: 0.296 ms
 Execution time: 30.391 ms
(10 rows)

===== 268 [Wed Mar  7 02:09:09 CET 2018] scale:100000 groups:10000 work_mem:16MB incremental:off max_workers:0 =====
SELECT * FROM s_1 ORDER BY a, b
                                                      QUERY PLAN                                                       
-----------------------------------------------------------------------------------------------------------------------
 Limit  (cost=11191.82..11191.82 rows=1 width=20) (actual time=38.152..38.152 rows=0 loops=1)
   ->  Sort  (cost=9941.82..10191.82 rows=100000 width=20) (actual time=32.284..35.970 rows=100000 loops=1)
         Sort Key: s_1.a, s_1.b
         Sort Method: quicksort  Memory: 10885kB
         ->  Seq Scan on s_1  (cost=0.00..1637.00 rows=100000 width=20) (actual time=0.007..5.576 rows=100000 loops=1)
 Planning time: 0.271 ms
 Execution time: 38.627 ms
(7 rows)

===== 269 [Wed Mar  7 02:09:10 CET 2018] scale:100000 groups:10000 work_mem:16MB incremental:off max_workers:0 =====
SELECT * FROM s_2 ORDER BY a, b, c
                                                      QUERY PLAN                                                       
-----------------------------------------------------------------------------------------------------------------------
 Limit  (cost=11191.82..11191.82 rows=1 width=20) (actual time=29.553..29.553 rows=0 loops=1)
   ->  Sort  (cost=9941.82..10191.82 rows=100000 width=20) (actual time=24.141..27.368 rows=100000 loops=1)
         Sort Key: s_2.a, s_2.b, s_2.c
         Sort Method: quicksort  Memory: 10885kB
         ->  Seq Scan on s_2  (cost=0.00..1637.00 rows=100000 width=20) (actual time=0.010..5.595 rows=100000 loops=1)
 Planning time: 0.276 ms
 Execution time: 30.028 ms
(7 rows)

===== 270 [Wed Mar  7 02:09:10 CET 2018] scale:100000 groups:10000 work_mem:16MB incremental:off max_workers:0 =====
SELECT * FROM s_3 ORDER BY a, b, c, d
                                                      QUERY PLAN                                                       
-----------------------------------------------------------------------------------------------------------------------
 Limit  (cost=11191.82..11191.82 rows=1 width=20) (actual time=23.099..23.099 rows=0 loops=1)
   ->  Sort  (cost=9941.82..10191.82 rows=100000 width=20) (actual time=17.571..20.903 rows=100000 loops=1)
         Sort Key: s_3.a, s_3.b, s_3.c, s_3.d
         Sort Method: quicksort  Memory: 10885kB
         ->  Seq Scan on s_3  (cost=0.00..1637.00 rows=100000 width=20) (actual time=0.010..5.619 rows=100000 loops=1)
 Planning time: 0.287 ms
 Execution time: 23.570 ms
(7 rows)

===== 271 [Wed Mar  7 02:09:10 CET 2018] scale:100000 groups:10000 work_mem:32MB incremental:on max_workers:0 =====
SELECT * FROM s_1 ORDER BY a, b
                                                                      QUERY PLAN                                                                       
-------------------------------------------------------------------------------------------------------------------------------------------------------
 Limit  (cost=8117.47..8117.47 rows=1 width=20) (actual time=37.079..37.079 rows=0 loops=1)
   ->  Incremental Sort  (cost=0.94..7117.47 rows=100000 width=20) (actual time=0.080..34.895 rows=100000 loops=1)
         Sort Key: s_1.a, s_1.b
         Presorted Key: s_1.a
         Sort Method: quicksort  Memory: 28kB
         Sort Groups: 2712
         ->  Index Only Scan using s_1_a_e_d_c_b_idx on s_1  (cost=0.42..3496.42 rows=100000 width=20) (actual time=0.027..12.453 rows=100000 loops=1)
               Heap Fetches: 0
 Planning time: 0.270 ms
 Execution time: 37.101 ms
(10 rows)

===== 272 [Wed Mar  7 02:09:10 CET 2018] scale:100000 groups:10000 work_mem:32MB incremental:on max_workers:0 =====
SELECT * FROM s_2 ORDER BY a, b, c
                                                                      QUERY PLAN                                                                       
-------------------------------------------------------------------------------------------------------------------------------------------------------
 Limit  (cost=8107.38..8107.38 rows=1 width=20) (actual time=30.290..30.290 rows=0 loops=1)
   ->  Incremental Sort  (cost=0.93..7107.38 rows=100000 width=20) (actual time=0.071..28.096 rows=100000 loops=1)
         Sort Key: s_2.a, s_2.b, s_2.c
         Presorted Key: s_2.a, s_2.b
         Sort Method: quicksort  Memory: 27kB
         Sort Groups: 3125
         ->  Index Only Scan using s_2_a_b_e_d_c_idx on s_2  (cost=0.42..3496.42 rows=100000 width=20) (actual time=0.023..12.450 rows=100000 loops=1)
               Heap Fetches: 0
 Planning time: 0.291 ms
 Execution time: 30.314 ms
(10 rows)

===== 273 [Wed Mar  7 02:09:10 CET 2018] scale:100000 groups:10000 work_mem:32MB incremental:on max_workers:0 =====
SELECT * FROM s_3 ORDER BY a, b, c, d
                                                                      QUERY PLAN                                                                       
-------------------------------------------------------------------------------------------------------------------------------------------------------
 Limit  (cost=8107.38..8107.38 rows=1 width=20) (actual time=30.285..30.285 rows=0 loops=1)
   ->  Incremental Sort  (cost=0.93..7107.38 rows=100000 width=20) (actual time=0.074..28.096 rows=100000 loops=1)
         Sort Key: s_3.a, s_3.b, s_3.c, s_3.d
         Presorted Key: s_3.a, s_3.b, s_3.c
         Sort Method: quicksort  Memory: 27kB
         Sort Groups: 3125
         ->  Index Only Scan using s_3_a_b_c_e_d_idx on s_3  (cost=0.42..3496.42 rows=100000 width=20) (actual time=0.023..12.439 rows=100000 loops=1)
               Heap Fetches: 0
 Planning time: 0.287 ms
 Execution time: 30.308 ms
(10 rows)

===== 274 [Wed Mar  7 02:09:11 CET 2018] scale:100000 groups:10000 work_mem:32MB incremental:off max_workers:0 =====
SELECT * FROM s_1 ORDER BY a, b
                                                      QUERY PLAN                                                       
-----------------------------------------------------------------------------------------------------------------------
 Limit  (cost=11191.82..11191.82 rows=1 width=20) (actual time=38.169..38.169 rows=0 loops=1)
   ->  Sort  (cost=9941.82..10191.82 rows=100000 width=20) (actual time=32.303..35.991 rows=100000 loops=1)
         Sort Key: s_1.a, s_1.b
         Sort Method: quicksort  Memory: 10885kB
         ->  Seq Scan on s_1  (cost=0.00..1637.00 rows=100000 width=20) (actual time=0.007..5.582 rows=100000 loops=1)
 Planning time: 0.269 ms
 Execution time: 38.650 ms
(7 rows)

===== 275 [Wed Mar  7 02:09:11 CET 2018] scale:100000 groups:10000 work_mem:32MB incremental:off max_workers:0 =====
SELECT * FROM s_2 ORDER BY a, b, c
                                                      QUERY PLAN                                                       
-----------------------------------------------------------------------------------------------------------------------
 Limit  (cost=11191.82..11191.82 rows=1 width=20) (actual time=29.569..29.569 rows=0 loops=1)
   ->  Sort  (cost=9941.82..10191.82 rows=100000 width=20) (actual time=24.150..27.393 rows=100000 loops=1)
         Sort Key: s_2.a, s_2.b, s_2.c
         Sort Method: quicksort  Memory: 10885kB
         ->  Seq Scan on s_2  (cost=0.00..1637.00 rows=100000 width=20) (actual time=0.010..5.607 rows=100000 loops=1)
 Planning time: 0.281 ms
 Execution time: 30.046 ms
(7 rows)

===== 276 [Wed Mar  7 02:09:11 CET 2018] scale:100000 groups:10000 work_mem:32MB incremental:off max_workers:0 =====
SELECT * FROM s_3 ORDER BY a, b, c, d
                                                      QUERY PLAN                                                       
-----------------------------------------------------------------------------------------------------------------------
 Limit  (cost=11191.82..11191.82 rows=1 width=20) (actual time=23.084..23.084 rows=0 loops=1)
   ->  Sort  (cost=9941.82..10191.82 rows=100000 width=20) (actual time=17.552..20.893 rows=100000 loops=1)
         Sort Key: s_3.a, s_3.b, s_3.c, s_3.d
         Sort Method: quicksort  Memory: 10885kB
         ->  Seq Scan on s_3  (cost=0.00..1637.00 rows=100000 width=20) (actual time=0.010..5.601 rows=100000 loops=1)
 Planning time: 0.282 ms
 Execution time: 23.557 ms
(7 rows)

===== 277 [Wed Mar  7 02:09:11 CET 2018] scale:100000 groups:10000 work_mem:64MB incremental:on max_workers:0 =====
SELECT * FROM s_1 ORDER BY a, b
                                                                      QUERY PLAN                                                                       
-------------------------------------------------------------------------------------------------------------------------------------------------------
 Limit  (cost=8117.47..8117.47 rows=1 width=20) (actual time=37.091..37.091 rows=0 loops=1)
   ->  Incremental Sort  (cost=0.94..7117.47 rows=100000 width=20) (actual time=0.081..34.918 rows=100000 loops=1)
         Sort Key: s_1.a, s_1.b
         Presorted Key: s_1.a
         Sort Method: quicksort  Memory: 28kB
         Sort Groups: 2712
         ->  Index Only Scan using s_1_a_e_d_c_b_idx on s_1  (cost=0.42..3496.42 rows=100000 width=20) (actual time=0.026..12.436 rows=100000 loops=1)
               Heap Fetches: 0
 Planning time: 0.270 ms
 Execution time: 37.114 ms
(10 rows)

===== 278 [Wed Mar  7 02:09:12 CET 2018] scale:100000 groups:10000 work_mem:64MB incremental:on max_workers:0 =====
SELECT * FROM s_2 ORDER BY a, b, c
                                                                      QUERY PLAN                                                                       
-------------------------------------------------------------------------------------------------------------------------------------------------------
 Limit  (cost=8107.38..8107.38 rows=1 width=20) (actual time=30.302..30.302 rows=0 loops=1)
   ->  Incremental Sort  (cost=0.93..7107.38 rows=100000 width=20) (actual time=0.071..28.112 rows=100000 loops=1)
         Sort Key: s_2.a, s_2.b, s_2.c
         Presorted Key: s_2.a, s_2.b
         Sort Method: quicksort  Memory: 27kB
         Sort Groups: 3125
         ->  Index Only Scan using s_2_a_b_e_d_c_idx on s_2  (cost=0.42..3496.42 rows=100000 width=20) (actual time=0.023..12.460 rows=100000 loops=1)
               Heap Fetches: 0
 Planning time: 0.281 ms
 Execution time: 30.325 ms
(10 rows)

===== 279 [Wed Mar  7 02:09:12 CET 2018] scale:100000 groups:10000 work_mem:64MB incremental:on max_workers:0 =====
SELECT * FROM s_3 ORDER BY a, b, c, d
                                                                      QUERY PLAN                                                                       
-------------------------------------------------------------------------------------------------------------------------------------------------------
 Limit  (cost=8107.38..8107.38 rows=1 width=20) (actual time=30.281..30.281 rows=0 loops=1)
   ->  Incremental Sort  (cost=0.93..7107.38 rows=100000 width=20) (actual time=0.073..28.093 rows=100000 loops=1)
         Sort Key: s_3.a, s_3.b, s_3.c, s_3.d
         Presorted Key: s_3.a, s_3.b, s_3.c
         Sort Method: quicksort  Memory: 27kB
         Sort Groups: 3125
         ->  Index Only Scan using s_3_a_b_c_e_d_idx on s_3  (cost=0.42..3496.42 rows=100000 width=20) (actual time=0.023..12.432 rows=100000 loops=1)
               Heap Fetches: 0
 Planning time: 0.290 ms
 Execution time: 30.304 ms
(10 rows)

===== 280 [Wed Mar  7 02:09:12 CET 2018] scale:100000 groups:10000 work_mem:64MB incremental:off max_workers:0 =====
SELECT * FROM s_1 ORDER BY a, b
                                                      QUERY PLAN                                                       
-----------------------------------------------------------------------------------------------------------------------
 Limit  (cost=11191.82..11191.82 rows=1 width=20) (actual time=38.187..38.187 rows=0 loops=1)
   ->  Sort  (cost=9941.82..10191.82 rows=100000 width=20) (actual time=32.313..36.005 rows=100000 loops=1)
         Sort Key: s_1.a, s_1.b
         Sort Method: quicksort  Memory: 10885kB
         ->  Seq Scan on s_1  (cost=0.00..1637.00 rows=100000 width=20) (actual time=0.007..5.593 rows=100000 loops=1)
 Planning time: 0.267 ms
 Execution time: 38.669 ms
(7 rows)

===== 281 [Wed Mar  7 02:09:12 CET 2018] scale:100000 groups:10000 work_mem:64MB incremental:off max_workers:0 =====
SELECT * FROM s_2 ORDER BY a, b, c
                                                      QUERY PLAN                                                       
-----------------------------------------------------------------------------------------------------------------------
 Limit  (cost=11191.82..11191.82 rows=1 width=20) (actual time=29.563..29.563 rows=0 loops=1)
   ->  Sort  (cost=9941.82..10191.82 rows=100000 width=20) (actual time=24.152..27.387 rows=100000 loops=1)
         Sort Key: s_2.a, s_2.b, s_2.c
         Sort Method: quicksort  Memory: 10885kB
         ->  Seq Scan on s_2  (cost=0.00..1637.00 rows=100000 width=20) (actual time=0.010..5.597 rows=100000 loops=1)
 Planning time: 0.274 ms
 Execution time: 30.038 ms
(7 rows)

===== 282 [Wed Mar  7 02:09:13 CET 2018] scale:100000 groups:10000 work_mem:64MB incremental:off max_workers:0 =====
SELECT * FROM s_3 ORDER BY a, b, c, d
                                                      QUERY PLAN                                                       
-----------------------------------------------------------------------------------------------------------------------
 Limit  (cost=11191.82..11191.82 rows=1 width=20) (actual time=23.098..23.098 rows=0 loops=1)
   ->  Sort  (cost=9941.82..10191.82 rows=100000 width=20) (actual time=17.572..20.912 rows=100000 loops=1)
         Sort Key: s_3.a, s_3.b, s_3.c, s_3.d
         Sort Method: quicksort  Memory: 10885kB
         ->  Seq Scan on s_3  (cost=0.00..1637.00 rows=100000 width=20) (actual time=0.010..5.610 rows=100000 loops=1)
 Planning time: 0.285 ms
 Execution time: 23.570 ms
(7 rows)

===== 283 [Wed Mar  7 02:09:13 CET 2018] scale:100000 groups:10000 work_mem:128MB incremental:on max_workers:0 =====
SELECT * FROM s_1 ORDER BY a, b
                                                                      QUERY PLAN                                                                       
-------------------------------------------------------------------------------------------------------------------------------------------------------
 Limit  (cost=8117.47..8117.47 rows=1 width=20) (actual time=37.065..37.065 rows=0 loops=1)
   ->  Incremental Sort  (cost=0.94..7117.47 rows=100000 width=20) (actual time=0.081..34.891 rows=100000 loops=1)
         Sort Key: s_1.a, s_1.b
         Presorted Key: s_1.a
         Sort Method: quicksort  Memory: 28kB
         Sort Groups: 2712
         ->  Index Only Scan using s_1_a_e_d_c_b_idx on s_1  (cost=0.42..3496.42 rows=100000 width=20) (actual time=0.027..12.445 rows=100000 loops=1)
               Heap Fetches: 0
 Planning time: 0.270 ms
 Execution time: 37.090 ms
(10 rows)

===== 284 [Wed Mar  7 02:09:13 CET 2018] scale:100000 groups:10000 work_mem:128MB incremental:on max_workers:0 =====
SELECT * FROM s_2 ORDER BY a, b, c
                                                                      QUERY PLAN                                                                       
-------------------------------------------------------------------------------------------------------------------------------------------------------
 Limit  (cost=8107.38..8107.38 rows=1 width=20) (actual time=30.288..30.288 rows=0 loops=1)
   ->  Incremental Sort  (cost=0.93..7107.38 rows=100000 width=20) (actual time=0.075..28.091 rows=100000 loops=1)
         Sort Key: s_2.a, s_2.b, s_2.c
         Presorted Key: s_2.a, s_2.b
         Sort Method: quicksort  Memory: 27kB
         Sort Groups: 3125
         ->  Index Only Scan using s_2_a_b_e_d_c_idx on s_2  (cost=0.42..3496.42 rows=100000 width=20) (actual time=0.027..12.452 rows=100000 loops=1)
               Heap Fetches: 0
 Planning time: 0.283 ms
 Execution time: 30.310 ms
(10 rows)

===== 285 [Wed Mar  7 02:09:13 CET 2018] scale:100000 groups:10000 work_mem:128MB incremental:on max_workers:0 =====
SELECT * FROM s_3 ORDER BY a, b, c, d
                                                                      QUERY PLAN                                                                       
-------------------------------------------------------------------------------------------------------------------------------------------------------
 Limit  (cost=8107.38..8107.38 rows=1 width=20) (actual time=30.329..30.329 rows=0 loops=1)
   ->  Incremental Sort  (cost=0.93..7107.38 rows=100000 width=20) (actual time=0.075..28.140 rows=100000 loops=1)
         Sort Key: s_3.a, s_3.b, s_3.c, s_3.d
         Presorted Key: s_3.a, s_3.b, s_3.c
         Sort Method: quicksort  Memory: 27kB
         Sort Groups: 3125
         ->  Index Only Scan using s_3_a_b_c_e_d_idx on s_3  (cost=0.42..3496.42 rows=100000 width=20) (actual time=0.023..12.438 rows=100000 loops=1)
               Heap Fetches: 0
 Planning time: 0.292 ms
 Execution time: 30.352 ms
(10 rows)

===== 286 [Wed Mar  7 02:09:13 CET 2018] scale:100000 groups:10000 work_mem:128MB incremental:off max_workers:0 =====
SELECT * FROM s_1 ORDER BY a, b
                                                      QUERY PLAN                                                       
-----------------------------------------------------------------------------------------------------------------------
 Limit  (cost=11191.82..11191.82 rows=1 width=20) (actual time=38.212..38.212 rows=0 loops=1)
   ->  Sort  (cost=9941.82..10191.82 rows=100000 width=20) (actual time=32.334..36.033 rows=100000 loops=1)
         Sort Key: s_1.a, s_1.b
         Sort Method: quicksort  Memory: 10885kB
         ->  Seq Scan on s_1  (cost=0.00..1637.00 rows=100000 width=20) (actual time=0.007..5.585 rows=100000 loops=1)
 Planning time: 0.270 ms
 Execution time: 38.688 ms
(7 rows)

===== 287 [Wed Mar  7 02:09:14 CET 2018] scale:100000 groups:10000 work_mem:128MB incremental:off max_workers:0 =====
SELECT * FROM s_2 ORDER BY a, b, c
                                                      QUERY PLAN                                                       
-----------------------------------------------------------------------------------------------------------------------
 Limit  (cost=11191.82..11191.82 rows=1 width=20) (actual time=29.533..29.533 rows=0 loops=1)
   ->  Sort  (cost=9941.82..10191.82 rows=100000 width=20) (actual time=24.126..27.352 rows=100000 loops=1)
         Sort Key: s_2.a, s_2.b, s_2.c
         Sort Method: quicksort  Memory: 10885kB
         ->  Seq Scan on s_2  (cost=0.00..1637.00 rows=100000 width=20) (actual time=0.010..5.596 rows=100000 loops=1)
 Planning time: 0.285 ms
 Execution time: 30.010 ms
(7 rows)

===== 288 [Wed Mar  7 02:09:14 CET 2018] scale:100000 groups:10000 work_mem:128MB incremental:off max_workers:0 =====
SELECT * FROM s_3 ORDER BY a, b, c, d
                                                      QUERY PLAN                                                       
-----------------------------------------------------------------------------------------------------------------------
 Limit  (cost=11191.82..11191.82 rows=1 width=20) (actual time=23.111..23.111 rows=0 loops=1)
   ->  Sort  (cost=9941.82..10191.82 rows=100000 width=20) (actual time=17.601..20.923 rows=100000 loops=1)
         Sort Key: s_3.a, s_3.b, s_3.c, s_3.d
         Sort Method: quicksort  Memory: 10885kB
         ->  Seq Scan on s_3  (cost=0.00..1637.00 rows=100000 width=20) (actual time=0.010..5.611 rows=100000 loops=1)
 Planning time: 0.277 ms
 Execution time: 23.589 ms
(7 rows)

===== 289 [Wed Mar  7 02:09:14 CET 2018] scale:100000 groups:10000 work_mem:256MB incremental:on max_workers:0 =====
SELECT * FROM s_1 ORDER BY a, b
                                                                      QUERY PLAN                                                                       
-------------------------------------------------------------------------------------------------------------------------------------------------------
 Limit  (cost=8117.47..8117.47 rows=1 width=20) (actual time=37.073..37.073 rows=0 loops=1)
   ->  Incremental Sort  (cost=0.94..7117.47 rows=100000 width=20) (actual time=0.080..34.902 rows=100000 loops=1)
         Sort Key: s_1.a, s_1.b
         Presorted Key: s_1.a
         Sort Method: quicksort  Memory: 28kB
         Sort Groups: 2712
         ->  Index Only Scan using s_1_a_e_d_c_b_idx on s_1  (cost=0.42..3496.42 rows=100000 width=20) (actual time=0.027..12.442 rows=100000 loops=1)
               Heap Fetches: 0
 Planning time: 0.270 ms
 Execution time: 37.096 ms
(10 rows)

===== 290 [Wed Mar  7 02:09:14 CET 2018] scale:100000 groups:10000 work_mem:256MB incremental:on max_workers:0 =====
SELECT * FROM s_2 ORDER BY a, b, c
                                                                      QUERY PLAN                                                                       
-------------------------------------------------------------------------------------------------------------------------------------------------------
 Limit  (cost=8107.38..8107.38 rows=1 width=20) (actual time=30.293..30.293 rows=0 loops=1)
   ->  Incremental Sort  (cost=0.93..7107.38 rows=100000 width=20) (actual time=0.075..28.099 rows=100000 loops=1)
         Sort Key: s_2.a, s_2.b, s_2.c
         Presorted Key: s_2.a, s_2.b
         Sort Method: quicksort  Memory: 27kB
         Sort Groups: 3125
         ->  Index Only Scan using s_2_a_b_e_d_c_idx on s_2  (cost=0.42..3496.42 rows=100000 width=20) (actual time=0.023..12.442 rows=100000 loops=1)
               Heap Fetches: 0
 Planning time: 0.286 ms
 Execution time: 30.315 ms
(10 rows)

===== 291 [Wed Mar  7 02:09:15 CET 2018] scale:100000 groups:10000 work_mem:256MB incremental:on max_workers:0 =====
SELECT * FROM s_3 ORDER BY a, b, c, d
                                                                      QUERY PLAN                                                                       
-------------------------------------------------------------------------------------------------------------------------------------------------------
 Limit  (cost=8107.38..8107.38 rows=1 width=20) (actual time=30.272..30.272 rows=0 loops=1)
   ->  Incremental Sort  (cost=0.93..7107.38 rows=100000 width=20) (actual time=0.074..28.087 rows=100000 loops=1)
         Sort Key: s_3.a, s_3.b, s_3.c, s_3.d
         Presorted Key: s_3.a, s_3.b, s_3.c
         Sort Method: quicksort  Memory: 27kB
         Sort Groups: 3125
         ->  Index Only Scan using s_3_a_b_c_e_d_idx on s_3  (cost=0.42..3496.42 rows=100000 width=20) (actual time=0.023..12.438 rows=100000 loops=1)
               Heap Fetches: 0
 Planning time: 0.296 ms
 Execution time: 30.294 ms
(10 rows)

===== 292 [Wed Mar  7 02:09:15 CET 2018] scale:100000 groups:10000 work_mem:256MB incremental:off max_workers:0 =====
SELECT * FROM s_1 ORDER BY a, b
                                                      QUERY PLAN                                                       
-----------------------------------------------------------------------------------------------------------------------
 Limit  (cost=11191.82..11191.82 rows=1 width=20) (actual time=38.217..38.217 rows=0 loops=1)
   ->  Sort  (cost=9941.82..10191.82 rows=100000 width=20) (actual time=32.348..36.031 rows=100000 loops=1)
         Sort Key: s_1.a, s_1.b
         Sort Method: quicksort  Memory: 10885kB
         ->  Seq Scan on s_1  (cost=0.00..1637.00 rows=100000 width=20) (actual time=0.007..5.590 rows=100000 loops=1)
 Planning time: 0.265 ms
 Execution time: 38.696 ms
(7 rows)

===== 293 [Wed Mar  7 02:09:15 CET 2018] scale:100000 groups:10000 work_mem:256MB incremental:off max_workers:0 =====
SELECT * FROM s_2 ORDER BY a, b, c
                                                      QUERY PLAN                                                       
-----------------------------------------------------------------------------------------------------------------------
 Limit  (cost=11191.82..11191.82 rows=1 width=20) (actual time=29.599..29.599 rows=0 loops=1)
   ->  Sort  (cost=9941.82..10191.82 rows=100000 width=20) (actual time=24.177..27.412 rows=100000 loops=1)
         Sort Key: s_2.a, s_2.b, s_2.c
         Sort Method: quicksort  Memory: 10885kB
         ->  Seq Scan on s_2  (cost=0.00..1637.00 rows=100000 width=20) (actual time=0.010..5.602 rows=100000 loops=1)
 Planning time: 0.277 ms
 Execution time: 30.077 ms
(7 rows)

===== 294 [Wed Mar  7 02:09:15 CET 2018] scale:100000 groups:10000 work_mem:256MB incremental:off max_workers:0 =====
SELECT * FROM s_3 ORDER BY a, b, c, d
                                                      QUERY PLAN                                                       
-----------------------------------------------------------------------------------------------------------------------
 Limit  (cost=11191.82..11191.82 rows=1 width=20) (actual time=23.124..23.124 rows=0 loops=1)
   ->  Sort  (cost=9941.82..10191.82 rows=100000 width=20) (actual time=17.591..20.932 rows=100000 loops=1)
         Sort Key: s_3.a, s_3.b, s_3.c, s_3.d
         Sort Method: quicksort  Memory: 10885kB
         ->  Seq Scan on s_3  (cost=0.00..1637.00 rows=100000 width=20) (actual time=0.011..5.622 rows=100000 loops=1)
 Planning time: 0.295 ms
 Execution time: 23.600 ms
(7 rows)

===== 295 [Wed Mar  7 02:09:15 CET 2018] scale:100000 groups:10000 work_mem:4MB incremental:on max_workers:2 =====
SELECT * FROM s_1 ORDER BY a, b
                                                                      QUERY PLAN                                                                       
-------------------------------------------------------------------------------------------------------------------------------------------------------
 Limit  (cost=8117.47..8117.47 rows=1 width=20) (actual time=37.075..37.075 rows=0 loops=1)
   ->  Incremental Sort  (cost=0.94..7117.47 rows=100000 width=20) (actual time=0.081..34.901 rows=100000 loops=1)
         Sort Key: s_1.a, s_1.b
         Presorted Key: s_1.a
         Sort Method: quicksort  Memory: 28kB
         Sort Groups: 2712
         ->  Index Only Scan using s_1_a_e_d_c_b_idx on s_1  (cost=0.42..3496.42 rows=100000 width=20) (actual time=0.027..12.449 rows=100000 loops=1)
               Heap Fetches: 0
 Planning time: 0.289 ms
 Execution time: 37.099 ms
(10 rows)

===== 296 [Wed Mar  7 02:09:16 CET 2018] scale:100000 groups:10000 work_mem:4MB incremental:on max_workers:2 =====
SELECT * FROM s_2 ORDER BY a, b, c
                                                                      QUERY PLAN                                                                       
-------------------------------------------------------------------------------------------------------------------------------------------------------
 Limit  (cost=8107.38..8107.38 rows=1 width=20) (actual time=30.306..30.306 rows=0 loops=1)
   ->  Incremental Sort  (cost=0.93..7107.38 rows=100000 width=20) (actual time=0.073..28.112 rows=100000 loops=1)
         Sort Key: s_2.a, s_2.b, s_2.c
         Presorted Key: s_2.a, s_2.b
         Sort Method: quicksort  Memory: 27kB
         Sort Groups: 3125
         ->  Index Only Scan using s_2_a_b_e_d_c_idx on s_2  (cost=0.42..3496.42 rows=100000 width=20) (actual time=0.023..12.453 rows=100000 loops=1)
               Heap Fetches: 0
 Planning time: 0.290 ms
 Execution time: 30.332 ms
(10 rows)

===== 297 [Wed Mar  7 02:09:16 CET 2018] scale:100000 groups:10000 work_mem:4MB incremental:on max_workers:2 =====
SELECT * FROM s_3 ORDER BY a, b, c, d
                                                                      QUERY PLAN                                                                       
-------------------------------------------------------------------------------------------------------------------------------------------------------
 Limit  (cost=8107.38..8107.38 rows=1 width=20) (actual time=30.434..30.434 rows=0 loops=1)
   ->  Incremental Sort  (cost=0.93..7107.38 rows=100000 width=20) (actual time=0.073..28.260 rows=100000 loops=1)
         Sort Key: s_3.a, s_3.b, s_3.c, s_3.d
         Presorted Key: s_3.a, s_3.b, s_3.c
         Sort Method: quicksort  Memory: 27kB
         Sort Groups: 3125
         ->  Index Only Scan using s_3_a_b_c_e_d_idx on s_3  (cost=0.42..3496.42 rows=100000 width=20) (actual time=0.023..12.551 rows=100000 loops=1)
               Heap Fetches: 0
 Planning time: 0.294 ms
 Execution time: 30.457 ms
(10 rows)

===== 298 [Wed Mar  7 02:09:16 CET 2018] scale:100000 groups:10000 work_mem:4MB incremental:off max_workers:2 =====
SELECT * FROM s_1 ORDER BY a, b
                                                      QUERY PLAN                                                       
-----------------------------------------------------------------------------------------------------------------------
 Limit  (cost=13242.82..13242.82 rows=1 width=20) (actual time=44.943..44.943 rows=0 loops=1)
   ->  Sort  (cost=11992.82..12242.82 rows=100000 width=20) (actual time=35.573..42.766 rows=100000 loops=1)
         Sort Key: s_1.a, s_1.b
         Sort Method: external merge  Disk: 2936kB
         ->  Seq Scan on s_1  (cost=0.00..1637.00 rows=100000 width=20) (actual time=0.007..5.490 rows=100000 loops=1)
 Planning time: 0.272 ms
 Execution time: 45.512 ms
(7 rows)

===== 299 [Wed Mar  7 02:09:16 CET 2018] scale:100000 groups:10000 work_mem:4MB incremental:off max_workers:2 =====
SELECT * FROM s_2 ORDER BY a, b, c
                                                      QUERY PLAN                                                       
-----------------------------------------------------------------------------------------------------------------------
 Limit  (cost=13242.82..13242.82 rows=1 width=20) (actual time=36.557..36.557 rows=0 loops=1)
   ->  Sort  (cost=11992.82..12242.82 rows=100000 width=20) (actual time=27.186..34.380 rows=100000 loops=1)
         Sort Key: s_2.a, s_2.b, s_2.c
         Sort Method: external merge  Disk: 2936kB
         ->  Seq Scan on s_2  (cost=0.00..1637.00 rows=100000 width=20) (actual time=0.010..5.490 rows=100000 loops=1)
 Planning time: 0.281 ms
 Execution time: 37.120 ms
(7 rows)

===== 300 [Wed Mar  7 02:09:17 CET 2018] scale:100000 groups:10000 work_mem:4MB incremental:off max_workers:2 =====
SELECT * FROM s_3 ORDER BY a, b, c, d
                                                      QUERY PLAN                                                       
-----------------------------------------------------------------------------------------------------------------------
 Limit  (cost=13242.82..13242.82 rows=1 width=20) (actual time=31.581..31.581 rows=0 loops=1)
   ->  Sort  (cost=11992.82..12242.82 rows=100000 width=20) (actual time=22.211..29.406 rows=100000 loops=1)
         Sort Key: s_3.a, s_3.b, s_3.c, s_3.d
         Sort Method: external merge  Disk: 2936kB
         ->  Seq Scan on s_3  (cost=0.00..1637.00 rows=100000 width=20) (actual time=0.011..5.504 rows=100000 loops=1)
 Planning time: 0.299 ms
 Execution time: 32.158 ms
(7 rows)

===== 301 [Wed Mar  7 02:09:17 CET 2018] scale:100000 groups:10000 work_mem:8MB incremental:on max_workers:2 =====
SELECT * FROM s_1 ORDER BY a, b
                                                                      QUERY PLAN                                                                       
-------------------------------------------------------------------------------------------------------------------------------------------------------
 Limit  (cost=8117.47..8117.47 rows=1 width=20) (actual time=37.080..37.080 rows=0 loops=1)
   ->  Incremental Sort  (cost=0.94..7117.47 rows=100000 width=20) (actual time=0.081..34.903 rows=100000 loops=1)
         Sort Key: s_1.a, s_1.b
         Presorted Key: s_1.a
         Sort Method: quicksort  Memory: 28kB
         Sort Groups: 2712
         ->  Index Only Scan using s_1_a_e_d_c_b_idx on s_1  (cost=0.42..3496.42 rows=100000 width=20) (actual time=0.027..12.460 rows=100000 loops=1)
               Heap Fetches: 0
 Planning time: 0.289 ms
 Execution time: 37.105 ms
(10 rows)

===== 302 [Wed Mar  7 02:09:17 CET 2018] scale:100000 groups:10000 work_mem:8MB incremental:on max_workers:2 =====
SELECT * FROM s_2 ORDER BY a, b, c
                                                                      QUERY PLAN                                                                       
-------------------------------------------------------------------------------------------------------------------------------------------------------
 Limit  (cost=8107.38..8107.38 rows=1 width=20) (actual time=30.318..30.318 rows=0 loops=1)
   ->  Incremental Sort  (cost=0.93..7107.38 rows=100000 width=20) (actual time=0.071..28.124 rows=100000 loops=1)
         Sort Key: s_2.a, s_2.b, s_2.c
         Presorted Key: s_2.a, s_2.b
         Sort Method: quicksort  Memory: 27kB
         Sort Groups: 3125
         ->  Index Only Scan using s_2_a_b_e_d_c_idx on s_2  (cost=0.42..3496.42 rows=100000 width=20) (actual time=0.023..12.449 rows=100000 loops=1)
               Heap Fetches: 0
 Planning time: 0.301 ms
 Execution time: 30.341 ms
(10 rows)

===== 303 [Wed Mar  7 02:09:17 CET 2018] scale:100000 groups:10000 work_mem:8MB incremental:on max_workers:2 =====
SELECT * FROM s_3 ORDER BY a, b, c, d
                                                                      QUERY PLAN                                                                       
-------------------------------------------------------------------------------------------------------------------------------------------------------
 Limit  (cost=8107.38..8107.38 rows=1 width=20) (actual time=30.399..30.399 rows=0 loops=1)
   ->  Incremental Sort  (cost=0.93..7107.38 rows=100000 width=20) (actual time=0.073..28.226 rows=100000 loops=1)
         Sort Key: s_3.a, s_3.b, s_3.c, s_3.d
         Presorted Key: s_3.a, s_3.b, s_3.c
         Sort Method: quicksort  Memory: 27kB
         Sort Groups: 3125
         ->  Index Only Scan using s_3_a_b_c_e_d_idx on s_3  (cost=0.42..3496.42 rows=100000 width=20) (actual time=0.023..12.524 rows=100000 loops=1)
               Heap Fetches: 0
 Planning time: 0.293 ms
 Execution time: 30.423 ms
(10 rows)

===== 304 [Wed Mar  7 02:09:18 CET 2018] scale:100000 groups:10000 work_mem:8MB incremental:off max_workers:2 =====
SELECT * FROM s_1 ORDER BY a, b
                                                      QUERY PLAN                                                       
-----------------------------------------------------------------------------------------------------------------------
 Limit  (cost=11191.82..11191.82 rows=1 width=20) (actual time=47.406..47.406 rows=0 loops=1)
   ->  Sort  (cost=9941.82..10191.82 rows=100000 width=20) (actual time=38.121..45.218 rows=100000 loops=1)
         Sort Key: s_1.a, s_1.b
         Sort Method: external merge  Disk: 2936kB
         ->  Seq Scan on s_1  (cost=0.00..1637.00 rows=100000 width=20) (actual time=0.007..5.589 rows=100000 loops=1)
 Planning time: 0.275 ms
 Execution time: 47.821 ms
(7 rows)

===== 305 [Wed Mar  7 02:09:18 CET 2018] scale:100000 groups:10000 work_mem:8MB incremental:off max_workers:2 =====
SELECT * FROM s_2 ORDER BY a, b, c
                                                      QUERY PLAN                                                       
-----------------------------------------------------------------------------------------------------------------------
 Limit  (cost=11191.82..11191.82 rows=1 width=20) (actual time=38.780..38.780 rows=0 loops=1)
   ->  Sort  (cost=9941.82..10191.82 rows=100000 width=20) (actual time=29.505..36.596 rows=100000 loops=1)
         Sort Key: s_2.a, s_2.b, s_2.c
         Sort Method: external merge  Disk: 2936kB
         ->  Seq Scan on s_2  (cost=0.00..1637.00 rows=100000 width=20) (actual time=0.010..5.595 rows=100000 loops=1)
 Planning time: 0.285 ms
 Execution time: 39.188 ms
(7 rows)

===== 306 [Wed Mar  7 02:09:18 CET 2018] scale:100000 groups:10000 work_mem:8MB incremental:off max_workers:2 =====
SELECT * FROM s_3 ORDER BY a, b, c, d
                                                      QUERY PLAN                                                       
-----------------------------------------------------------------------------------------------------------------------
 Limit  (cost=11191.82..11191.82 rows=1 width=20) (actual time=33.198..33.198 rows=0 loops=1)
   ->  Sort  (cost=9941.82..10191.82 rows=100000 width=20) (actual time=23.887..31.011 rows=100000 loops=1)
         Sort Key: s_3.a, s_3.b, s_3.c, s_3.d
         Sort Method: external merge  Disk: 2936kB
         ->  Seq Scan on s_3  (cost=0.00..1637.00 rows=100000 width=20) (actual time=0.010..5.610 rows=100000 loops=1)
 Planning time: 0.297 ms
 Execution time: 33.600 ms
(7 rows)

===== 307 [Wed Mar  7 02:09:18 CET 2018] scale:100000 groups:10000 work_mem:16MB incremental:on max_workers:2 =====
SELECT * FROM s_1 ORDER BY a, b
                                                                      QUERY PLAN                                                                       
-------------------------------------------------------------------------------------------------------------------------------------------------------
 Limit  (cost=8117.47..8117.47 rows=1 width=20) (actual time=36.720..36.720 rows=0 loops=1)
   ->  Incremental Sort  (cost=0.94..7117.47 rows=100000 width=20) (actual time=0.083..34.526 rows=100000 loops=1)
         Sort Key: s_1.a, s_1.b
         Presorted Key: s_1.a
         Sort Method: quicksort  Memory: 28kB
         Sort Groups: 2712
         ->  Index Only Scan using s_1_a_e_d_c_b_idx on s_1  (cost=0.42..3496.42 rows=100000 width=20) (actual time=0.028..12.463 rows=100000 loops=1)
               Heap Fetches: 0
 Planning time: 0.280 ms
 Execution time: 36.743 ms
(10 rows)

===== 308 [Wed Mar  7 02:09:19 CET 2018] scale:100000 groups:10000 work_mem:16MB incremental:on max_workers:2 =====
SELECT * FROM s_2 ORDER BY a, b, c
                                                                      QUERY PLAN                                                                       
-------------------------------------------------------------------------------------------------------------------------------------------------------
 Limit  (cost=8107.38..8107.38 rows=1 width=20) (actual time=30.030..30.030 rows=0 loops=1)
   ->  Incremental Sort  (cost=0.93..7107.38 rows=100000 width=20) (actual time=0.079..27.853 rows=100000 loops=1)
         Sort Key: s_2.a, s_2.b, s_2.c
         Presorted Key: s_2.a, s_2.b
         Sort Method: quicksort  Memory: 27kB
         Sort Groups: 3125
         ->  Index Only Scan using s_2_a_b_e_d_c_idx on s_2  (cost=0.42..3496.42 rows=100000 width=20) (actual time=0.025..12.456 rows=100000 loops=1)
               Heap Fetches: 0
 Planning time: 0.288 ms
 Execution time: 30.052 ms
(10 rows)

===== 309 [Wed Mar  7 02:09:19 CET 2018] scale:100000 groups:10000 work_mem:16MB incremental:on max_workers:2 =====
SELECT * FROM s_3 ORDER BY a, b, c, d
                                                                      QUERY PLAN                                                                       
-------------------------------------------------------------------------------------------------------------------------------------------------------
 Limit  (cost=8107.38..8107.38 rows=1 width=20) (actual time=30.221..30.221 rows=0 loops=1)
   ->  Incremental Sort  (cost=0.93..7107.38 rows=100000 width=20) (actual time=0.077..28.055 rows=100000 loops=1)
         Sort Key: s_3.a, s_3.b, s_3.c, s_3.d
         Presorted Key: s_3.a, s_3.b, s_3.c
         Sort Method: quicksort  Memory: 27kB
         Sort Groups: 3125
         ->  Index Only Scan using s_3_a_b_c_e_d_idx on s_3  (cost=0.42..3496.42 rows=100000 width=20) (actual time=0.024..12.403 rows=100000 loops=1)
               Heap Fetches: 0
 Planning time: 0.293 ms
 Execution time: 30.244 ms
(10 rows)

===== 310 [Wed Mar  7 02:09:19 CET 2018] scale:100000 groups:10000 work_mem:16MB incremental:off max_workers:2 =====
SELECT * FROM s_1 ORDER BY a, b
                                                      QUERY PLAN                                                       
-----------------------------------------------------------------------------------------------------------------------
 Limit  (cost=11191.82..11191.82 rows=1 width=20) (actual time=38.183..38.183 rows=0 loops=1)
   ->  Sort  (cost=9941.82..10191.82 rows=100000 width=20) (actual time=32.303..36.009 rows=100000 loops=1)
         Sort Key: s_1.a, s_1.b
         Sort Method: quicksort  Memory: 10885kB
         ->  Seq Scan on s_1  (cost=0.00..1637.00 rows=100000 width=20) (actual time=0.007..5.584 rows=100000 loops=1)
 Planning time: 0.284 ms
 Execution time: 38.656 ms
(7 rows)

===== 311 [Wed Mar  7 02:09:19 CET 2018] scale:100000 groups:10000 work_mem:16MB incremental:off max_workers:2 =====
SELECT * FROM s_2 ORDER BY a, b, c
                                                      QUERY PLAN                                                       
-----------------------------------------------------------------------------------------------------------------------
 Limit  (cost=11191.82..11191.82 rows=1 width=20) (actual time=29.554..29.554 rows=0 loops=1)
   ->  Sort  (cost=9941.82..10191.82 rows=100000 width=20) (actual time=24.148..27.374 rows=100000 loops=1)
         Sort Key: s_2.a, s_2.b, s_2.c
         Sort Method: quicksort  Memory: 10885kB
         ->  Seq Scan on s_2  (cost=0.00..1637.00 rows=100000 width=20) (actual time=0.010..5.589 rows=100000 loops=1)
 Planning time: 0.283 ms
 Execution time: 30.036 ms
(7 rows)

===== 312 [Wed Mar  7 02:09:20 CET 2018] scale:100000 groups:10000 work_mem:16MB incremental:off max_workers:2 =====
SELECT * FROM s_3 ORDER BY a, b, c, d
                                                      QUERY PLAN                                                       
-----------------------------------------------------------------------------------------------------------------------
 Limit  (cost=11191.82..11191.82 rows=1 width=20) (actual time=23.118..23.118 rows=0 loops=1)
   ->  Sort  (cost=9941.82..10191.82 rows=100000 width=20) (actual time=17.600..20.926 rows=100000 loops=1)
         Sort Key: s_3.a, s_3.b, s_3.c, s_3.d
         Sort Method: quicksort  Memory: 10885kB
         ->  Seq Scan on s_3  (cost=0.00..1637.00 rows=100000 width=20) (actual time=0.011..5.623 rows=100000 loops=1)
 Planning time: 0.289 ms
 Execution time: 23.595 ms
(7 rows)

===== 313 [Wed Mar  7 02:09:20 CET 2018] scale:100000 groups:10000 work_mem:32MB incremental:on max_workers:2 =====
SELECT * FROM s_1 ORDER BY a, b
                                                                      QUERY PLAN                                                                       
-------------------------------------------------------------------------------------------------------------------------------------------------------
 Limit  (cost=8117.47..8117.47 rows=1 width=20) (actual time=37.071..37.071 rows=0 loops=1)
   ->  Incremental Sort  (cost=0.94..7117.47 rows=100000 width=20) (actual time=0.082..34.898 rows=100000 loops=1)
         Sort Key: s_1.a, s_1.b
         Presorted Key: s_1.a
         Sort Method: quicksort  Memory: 28kB
         Sort Groups: 2712
         ->  Index Only Scan using s_1_a_e_d_c_b_idx on s_1  (cost=0.42..3496.42 rows=100000 width=20) (actual time=0.027..12.459 rows=100000 loops=1)
               Heap Fetches: 0
 Planning time: 0.288 ms
 Execution time: 37.094 ms
(10 rows)

===== 314 [Wed Mar  7 02:09:20 CET 2018] scale:100000 groups:10000 work_mem:32MB incremental:on max_workers:2 =====
SELECT * FROM s_2 ORDER BY a, b, c
                                                                      QUERY PLAN                                                                       
-------------------------------------------------------------------------------------------------------------------------------------------------------
 Limit  (cost=8107.38..8107.38 rows=1 width=20) (actual time=30.309..30.309 rows=0 loops=1)
   ->  Incremental Sort  (cost=0.93..7107.38 rows=100000 width=20) (actual time=0.072..28.111 rows=100000 loops=1)
         Sort Key: s_2.a, s_2.b, s_2.c
         Presorted Key: s_2.a, s_2.b
         Sort Method: quicksort  Memory: 27kB
         Sort Groups: 3125
         ->  Index Only Scan using s_2_a_b_e_d_c_idx on s_2  (cost=0.42..3496.42 rows=100000 width=20) (actual time=0.023..12.456 rows=100000 loops=1)
               Heap Fetches: 0
 Planning time: 0.288 ms
 Execution time: 30.334 ms
(10 rows)

===== 315 [Wed Mar  7 02:09:20 CET 2018] scale:100000 groups:10000 work_mem:32MB incremental:on max_workers:2 =====
SELECT * FROM s_3 ORDER BY a, b, c, d
                                                                      QUERY PLAN                                                                       
-------------------------------------------------------------------------------------------------------------------------------------------------------
 Limit  (cost=8107.38..8107.38 rows=1 width=20) (actual time=30.434..30.434 rows=0 loops=1)
   ->  Incremental Sort  (cost=0.93..7107.38 rows=100000 width=20) (actual time=0.074..28.254 rows=100000 loops=1)
         Sort Key: s_3.a, s_3.b, s_3.c, s_3.d
         Presorted Key: s_3.a, s_3.b, s_3.c
         Sort Method: quicksort  Memory: 27kB
         Sort Groups: 3125
         ->  Index Only Scan using s_3_a_b_c_e_d_idx on s_3  (cost=0.42..3496.42 rows=100000 width=20) (actual time=0.023..12.535 rows=100000 loops=1)
               Heap Fetches: 0
 Planning time: 0.302 ms
 Execution time: 30.456 ms
(10 rows)

===== 316 [Wed Mar  7 02:09:20 CET 2018] scale:100000 groups:10000 work_mem:32MB incremental:off max_workers:2 =====
SELECT * FROM s_1 ORDER BY a, b
                                                      QUERY PLAN                                                       
-----------------------------------------------------------------------------------------------------------------------
 Limit  (cost=11191.82..11191.82 rows=1 width=20) (actual time=38.170..38.170 rows=0 loops=1)
   ->  Sort  (cost=9941.82..10191.82 rows=100000 width=20) (actual time=32.284..35.997 rows=100000 loops=1)
         Sort Key: s_1.a, s_1.b
         Sort Method: quicksort  Memory: 10885kB
         ->  Seq Scan on s_1  (cost=0.00..1637.00 rows=100000 width=20) (actual time=0.007..5.597 rows=100000 loops=1)
 Planning time: 0.276 ms
 Execution time: 38.650 ms
(7 rows)

===== 317 [Wed Mar  7 02:09:21 CET 2018] scale:100000 groups:10000 work_mem:32MB incremental:off max_workers:2 =====
SELECT * FROM s_2 ORDER BY a, b, c
                                                      QUERY PLAN                                                       
-----------------------------------------------------------------------------------------------------------------------
 Limit  (cost=11191.82..11191.82 rows=1 width=20) (actual time=29.568..29.568 rows=0 loops=1)
   ->  Sort  (cost=9941.82..10191.82 rows=100000 width=20) (actual time=24.153..27.397 rows=100000 loops=1)
         Sort Key: s_2.a, s_2.b, s_2.c
         Sort Method: quicksort  Memory: 10885kB
         ->  Seq Scan on s_2  (cost=0.00..1637.00 rows=100000 width=20) (actual time=0.010..5.583 rows=100000 loops=1)
 Planning time: 0.279 ms
 Execution time: 30.040 ms
(7 rows)

===== 318 [Wed Mar  7 02:09:21 CET 2018] scale:100000 groups:10000 work_mem:32MB incremental:off max_workers:2 =====
SELECT * FROM s_3 ORDER BY a, b, c, d
                                                      QUERY PLAN                                                       
-----------------------------------------------------------------------------------------------------------------------
 Limit  (cost=11191.82..11191.82 rows=1 width=20) (actual time=23.136..23.136 rows=0 loops=1)
   ->  Sort  (cost=9941.82..10191.82 rows=100000 width=20) (actual time=17.602..20.943 rows=100000 loops=1)
         Sort Key: s_3.a, s_3.b, s_3.c, s_3.d
         Sort Method: quicksort  Memory: 10885kB
         ->  Seq Scan on s_3  (cost=0.00..1637.00 rows=100000 width=20) (actual time=0.011..5.609 rows=100000 loops=1)
 Planning time: 0.287 ms
 Execution time: 23.607 ms
(7 rows)

===== 319 [Wed Mar  7 02:09:21 CET 2018] scale:100000 groups:10000 work_mem:64MB incremental:on max_workers:2 =====
SELECT * FROM s_1 ORDER BY a, b
                                                                      QUERY PLAN                                                                       
-------------------------------------------------------------------------------------------------------------------------------------------------------
 Limit  (cost=8117.47..8117.47 rows=1 width=20) (actual time=37.083..37.083 rows=0 loops=1)
   ->  Incremental Sort  (cost=0.94..7117.47 rows=100000 width=20) (actual time=0.083..34.907 rows=100000 loops=1)
         Sort Key: s_1.a, s_1.b
         Presorted Key: s_1.a
         Sort Method: quicksort  Memory: 28kB
         Sort Groups: 2712
         ->  Index Only Scan using s_1_a_e_d_c_b_idx on s_1  (cost=0.42..3496.42 rows=100000 width=20) (actual time=0.027..12.443 rows=100000 loops=1)
               Heap Fetches: 0
 Planning time: 0.282 ms
 Execution time: 37.106 ms
(10 rows)

===== 320 [Wed Mar  7 02:09:21 CET 2018] scale:100000 groups:10000 work_mem:64MB incremental:on max_workers:2 =====
SELECT * FROM s_2 ORDER BY a, b, c
                                                                      QUERY PLAN                                                                       
-------------------------------------------------------------------------------------------------------------------------------------------------------
 Limit  (cost=8107.38..8107.38 rows=1 width=20) (actual time=30.297..30.297 rows=0 loops=1)
   ->  Incremental Sort  (cost=0.93..7107.38 rows=100000 width=20) (actual time=0.073..28.104 rows=100000 loops=1)
         Sort Key: s_2.a, s_2.b, s_2.c
         Presorted Key: s_2.a, s_2.b
         Sort Method: quicksort  Memory: 27kB
         Sort Groups: 3125
         ->  Index Only Scan using s_2_a_b_e_d_c_idx on s_2  (cost=0.42..3496.42 rows=100000 width=20) (actual time=0.023..12.439 rows=100000 loops=1)
               Heap Fetches: 0
 Planning time: 0.283 ms
 Execution time: 30.320 ms
(10 rows)

===== 321 [Wed Mar  7 02:09:22 CET 2018] scale:100000 groups:10000 work_mem:64MB incremental:on max_workers:2 =====
SELECT * FROM s_3 ORDER BY a, b, c, d
                                                                      QUERY PLAN                                                                       
-------------------------------------------------------------------------------------------------------------------------------------------------------
 Limit  (cost=8107.38..8107.38 rows=1 width=20) (actual time=30.418..30.418 rows=0 loops=1)
   ->  Incremental Sort  (cost=0.93..7107.38 rows=100000 width=20) (actual time=0.074..28.247 rows=100000 loops=1)
         Sort Key: s_3.a, s_3.b, s_3.c, s_3.d
         Presorted Key: s_3.a, s_3.b, s_3.c
         Sort Method: quicksort  Memory: 27kB
         Sort Groups: 3125
         ->  Index Only Scan using s_3_a_b_c_e_d_idx on s_3  (cost=0.42..3496.42 rows=100000 width=20) (actual time=0.023..12.540 rows=100000 loops=1)
               Heap Fetches: 0
 Planning time: 0.294 ms
 Execution time: 30.441 ms
(10 rows)

===== 322 [Wed Mar  7 02:09:22 CET 2018] scale:100000 groups:10000 work_mem:64MB incremental:off max_workers:2 =====
SELECT * FROM s_1 ORDER BY a, b
                                                      QUERY PLAN                                                       
-----------------------------------------------------------------------------------------------------------------------
 Limit  (cost=11191.82..11191.82 rows=1 width=20) (actual time=38.221..38.221 rows=0 loops=1)
   ->  Sort  (cost=9941.82..10191.82 rows=100000 width=20) (actual time=32.344..36.043 rows=100000 loops=1)
         Sort Key: s_1.a, s_1.b
         Sort Method: quicksort  Memory: 10885kB
         ->  Seq Scan on s_1  (cost=0.00..1637.00 rows=100000 width=20) (actual time=0.007..5.576 rows=100000 loops=1)
 Planning time: 0.274 ms
 Execution time: 38.701 ms
(7 rows)

===== 323 [Wed Mar  7 02:09:22 CET 2018] scale:100000 groups:10000 work_mem:64MB incremental:off max_workers:2 =====
SELECT * FROM s_2 ORDER BY a, b, c
                                                      QUERY PLAN                                                       
-----------------------------------------------------------------------------------------------------------------------
 Limit  (cost=11191.82..11191.82 rows=1 width=20) (actual time=29.548..29.548 rows=0 loops=1)
   ->  Sort  (cost=9941.82..10191.82 rows=100000 width=20) (actual time=24.136..27.373 rows=100000 loops=1)
         Sort Key: s_2.a, s_2.b, s_2.c
         Sort Method: quicksort  Memory: 10885kB
         ->  Seq Scan on s_2  (cost=0.00..1637.00 rows=100000 width=20) (actual time=0.010..5.583 rows=100000 loops=1)
 Planning time: 0.283 ms
 Execution time: 30.031 ms
(7 rows)

===== 324 [Wed Mar  7 02:09:22 CET 2018] scale:100000 groups:10000 work_mem:64MB incremental:off max_workers:2 =====
SELECT * FROM s_3 ORDER BY a, b, c, d
                                                      QUERY PLAN                                                       
-----------------------------------------------------------------------------------------------------------------------
 Limit  (cost=11191.82..11191.82 rows=1 width=20) (actual time=23.085..23.085 rows=0 loops=1)
   ->  Sort  (cost=9941.82..10191.82 rows=100000 width=20) (actual time=17.560..20.894 rows=100000 loops=1)
         Sort Key: s_3.a, s_3.b, s_3.c, s_3.d
         Sort Method: quicksort  Memory: 10885kB
         ->  Seq Scan on s_3  (cost=0.00..1637.00 rows=100000 width=20) (actual time=0.010..5.599 rows=100000 loops=1)
 Planning time: 0.287 ms
 Execution time: 23.559 ms
(7 rows)

===== 325 [Wed Mar  7 02:09:23 CET 2018] scale:100000 groups:10000 work_mem:128MB incremental:on max_workers:2 =====
SELECT * FROM s_1 ORDER BY a, b
                                                                      QUERY PLAN                                                                       
-------------------------------------------------------------------------------------------------------------------------------------------------------
 Limit  (cost=8117.47..8117.47 rows=1 width=20) (actual time=36.765..36.765 rows=0 loops=1)
   ->  Incremental Sort  (cost=0.94..7117.47 rows=100000 width=20) (actual time=0.082..34.571 rows=100000 loops=1)
         Sort Key: s_1.a, s_1.b
         Presorted Key: s_1.a
         Sort Method: quicksort  Memory: 28kB
         Sort Groups: 2712
         ->  Index Only Scan using s_1_a_e_d_c_b_idx on s_1  (cost=0.42..3496.42 rows=100000 width=20) (actual time=0.028..12.482 rows=100000 loops=1)
               Heap Fetches: 0
 Planning time: 0.285 ms
 Execution time: 36.787 ms
(10 rows)

===== 326 [Wed Mar  7 02:09:23 CET 2018] scale:100000 groups:10000 work_mem:128MB incremental:on max_workers:2 =====
SELECT * FROM s_2 ORDER BY a, b, c
                                                                      QUERY PLAN                                                                       
-------------------------------------------------------------------------------------------------------------------------------------------------------
 Limit  (cost=8107.38..8107.38 rows=1 width=20) (actual time=30.042..30.042 rows=0 loops=1)
   ->  Incremental Sort  (cost=0.93..7107.38 rows=100000 width=20) (actual time=0.078..27.857 rows=100000 loops=1)
         Sort Key: s_2.a, s_2.b, s_2.c
         Presorted Key: s_2.a, s_2.b
         Sort Method: quicksort  Memory: 27kB
         Sort Groups: 3125
         ->  Index Only Scan using s_2_a_b_e_d_c_idx on s_2  (cost=0.42..3496.42 rows=100000 width=20) (actual time=0.028..12.466 rows=100000 loops=1)
               Heap Fetches: 0
 Planning time: 0.291 ms
 Execution time: 30.065 ms
(10 rows)

===== 327 [Wed Mar  7 02:09:23 CET 2018] scale:100000 groups:10000 work_mem:128MB incremental:on max_workers:2 =====
SELECT * FROM s_3 ORDER BY a, b, c, d
                                                                      QUERY PLAN                                                                       
-------------------------------------------------------------------------------------------------------------------------------------------------------
 Limit  (cost=8107.38..8107.38 rows=1 width=20) (actual time=30.216..30.216 rows=0 loops=1)
   ->  Incremental Sort  (cost=0.93..7107.38 rows=100000 width=20) (actual time=0.077..28.037 rows=100000 loops=1)
         Sort Key: s_3.a, s_3.b, s_3.c, s_3.d
         Presorted Key: s_3.a, s_3.b, s_3.c
         Sort Method: quicksort  Memory: 27kB
         Sort Groups: 3125
         ->  Index Only Scan using s_3_a_b_c_e_d_idx on s_3  (cost=0.42..3496.42 rows=100000 width=20) (actual time=0.025..12.390 rows=100000 loops=1)
               Heap Fetches: 0
 Planning time: 0.293 ms
 Execution time: 30.238 ms
(10 rows)

===== 328 [Wed Mar  7 02:09:23 CET 2018] scale:100000 groups:10000 work_mem:128MB incremental:off max_workers:2 =====
SELECT * FROM s_1 ORDER BY a, b
                                                      QUERY PLAN                                                       
-----------------------------------------------------------------------------------------------------------------------
 Limit  (cost=11191.82..11191.82 rows=1 width=20) (actual time=38.152..38.152 rows=0 loops=1)
   ->  Sort  (cost=9941.82..10191.82 rows=100000 width=20) (actual time=32.293..35.969 rows=100000 loops=1)
         Sort Key: s_1.a, s_1.b
         Sort Method: quicksort  Memory: 10885kB
         ->  Seq Scan on s_1  (cost=0.00..1637.00 rows=100000 width=20) (actual time=0.007..5.597 rows=100000 loops=1)
 Planning time: 0.279 ms
 Execution time: 38.624 ms
(7 rows)

===== 329 [Wed Mar  7 02:09:23 CET 2018] scale:100000 groups:10000 work_mem:128MB incremental:off max_workers:2 =====
SELECT * FROM s_2 ORDER BY a, b, c
                                                      QUERY PLAN                                                       
-----------------------------------------------------------------------------------------------------------------------
 Limit  (cost=11191.82..11191.82 rows=1 width=20) (actual time=29.594..29.594 rows=0 loops=1)
   ->  Sort  (cost=9941.82..10191.82 rows=100000 width=20) (actual time=24.176..27.418 rows=100000 loops=1)
         Sort Key: s_2.a, s_2.b, s_2.c
         Sort Method: quicksort  Memory: 10885kB
         ->  Seq Scan on s_2  (cost=0.00..1637.00 rows=100000 width=20) (actual time=0.010..5.594 rows=100000 loops=1)
 Planning time: 0.284 ms
 Execution time: 30.073 ms
(7 rows)

===== 330 [Wed Mar  7 02:09:24 CET 2018] scale:100000 groups:10000 work_mem:128MB incremental:off max_workers:2 =====
SELECT * FROM s_3 ORDER BY a, b, c, d
                                                      QUERY PLAN                                                       
-----------------------------------------------------------------------------------------------------------------------
 Limit  (cost=11191.82..11191.82 rows=1 width=20) (actual time=23.106..23.106 rows=0 loops=1)
   ->  Sort  (cost=9941.82..10191.82 rows=100000 width=20) (actual time=17.588..20.912 rows=100000 loops=1)
         Sort Key: s_3.a, s_3.b, s_3.c, s_3.d
         Sort Method: quicksort  Memory: 10885kB
         ->  Seq Scan on s_3  (cost=0.00..1637.00 rows=100000 width=20) (actual time=0.010..5.615 rows=100000 loops=1)
 Planning time: 0.288 ms
 Execution time: 23.581 ms
(7 rows)

===== 331 [Wed Mar  7 02:09:24 CET 2018] scale:100000 groups:10000 work_mem:256MB incremental:on max_workers:2 =====
SELECT * FROM s_1 ORDER BY a, b
                                                                      QUERY PLAN                                                                       
-------------------------------------------------------------------------------------------------------------------------------------------------------
 Limit  (cost=8117.47..8117.47 rows=1 width=20) (actual time=37.077..37.077 rows=0 loops=1)
   ->  Incremental Sort  (cost=0.94..7117.47 rows=100000 width=20) (actual time=0.079..34.897 rows=100000 loops=1)
         Sort Key: s_1.a, s_1.b
         Presorted Key: s_1.a
         Sort Method: quicksort  Memory: 28kB
         Sort Groups: 2712
         ->  Index Only Scan using s_1_a_e_d_c_b_idx on s_1  (cost=0.42..3496.42 rows=100000 width=20) (actual time=0.026..12.443 rows=100000 loops=1)
               Heap Fetches: 0
 Planning time: 0.278 ms
 Execution time: 37.099 ms
(10 rows)

===== 332 [Wed Mar  7 02:09:24 CET 2018] scale:100000 groups:10000 work_mem:256MB incremental:on max_workers:2 =====
SELECT * FROM s_2 ORDER BY a, b, c
                                                                      QUERY PLAN                                                                       
-------------------------------------------------------------------------------------------------------------------------------------------------------
 Limit  (cost=8107.38..8107.38 rows=1 width=20) (actual time=30.317..30.317 rows=0 loops=1)
   ->  Incremental Sort  (cost=0.93..7107.38 rows=100000 width=20) (actual time=0.074..28.126 rows=100000 loops=1)
         Sort Key: s_2.a, s_2.b, s_2.c
         Presorted Key: s_2.a, s_2.b
         Sort Method: quicksort  Memory: 27kB
         Sort Groups: 3125
         ->  Index Only Scan using s_2_a_b_e_d_c_idx on s_2  (cost=0.42..3496.42 rows=100000 width=20) (actual time=0.025..12.456 rows=100000 loops=1)
               Heap Fetches: 0
 Planning time: 0.285 ms
 Execution time: 30.340 ms
(10 rows)

===== 333 [Wed Mar  7 02:09:24 CET 2018] scale:100000 groups:10000 work_mem:256MB incremental:on max_workers:2 =====
SELECT * FROM s_3 ORDER BY a, b, c, d
                                                                      QUERY PLAN                                                                       
-------------------------------------------------------------------------------------------------------------------------------------------------------
 Limit  (cost=8107.38..8107.38 rows=1 width=20) (actual time=30.417..30.417 rows=0 loops=1)
   ->  Incremental Sort  (cost=0.93..7107.38 rows=100000 width=20) (actual time=0.074..28.245 rows=100000 loops=1)
         Sort Key: s_3.a, s_3.b, s_3.c, s_3.d
         Presorted Key: s_3.a, s_3.b, s_3.c
         Sort Method: quicksort  Memory: 27kB
         Sort Groups: 3125
         ->  Index Only Scan using s_3_a_b_c_e_d_idx on s_3  (cost=0.42..3496.42 rows=100000 width=20) (actual time=0.024..12.541 rows=100000 loops=1)
               Heap Fetches: 0
 Planning time: 0.304 ms
 Execution time: 30.439 ms
(10 rows)

===== 334 [Wed Mar  7 02:09:25 CET 2018] scale:100000 groups:10000 work_mem:256MB incremental:off max_workers:2 =====
SELECT * FROM s_1 ORDER BY a, b
                                                      QUERY PLAN                                                       
-----------------------------------------------------------------------------------------------------------------------
 Limit  (cost=11191.82..11191.82 rows=1 width=20) (actual time=38.201..38.201 rows=0 loops=1)
   ->  Sort  (cost=9941.82..10191.82 rows=100000 width=20) (actual time=32.324..36.021 rows=100000 loops=1)
         Sort Key: s_1.a, s_1.b
         Sort Method: quicksort  Memory: 10885kB
         ->  Seq Scan on s_1  (cost=0.00..1637.00 rows=100000 width=20) (actual time=0.007..5.591 rows=100000 loops=1)
 Planning time: 0.275 ms
 Execution time: 38.683 ms
(7 rows)

===== 335 [Wed Mar  7 02:09:25 CET 2018] scale:100000 groups:10000 work_mem:256MB incremental:off max_workers:2 =====
SELECT * FROM s_2 ORDER BY a, b, c
                                                      QUERY PLAN                                                       
-----------------------------------------------------------------------------------------------------------------------
 Limit  (cost=11191.82..11191.82 rows=1 width=20) (actual time=29.557..29.557 rows=0 loops=1)
   ->  Sort  (cost=9941.82..10191.82 rows=100000 width=20) (actual time=24.151..27.376 rows=100000 loops=1)
         Sort Key: s_2.a, s_2.b, s_2.c
         Sort Method: quicksort  Memory: 10885kB
         ->  Seq Scan on s_2  (cost=0.00..1637.00 rows=100000 width=20) (actual time=0.010..5.596 rows=100000 loops=1)
 Planning time: 0.286 ms
 Execution time: 30.036 ms
(7 rows)

===== 336 [Wed Mar  7 02:09:25 CET 2018] scale:100000 groups:10000 work_mem:256MB incremental:off max_workers:2 =====
SELECT * FROM s_3 ORDER BY a, b, c, d
                                                      QUERY PLAN                                                       
-----------------------------------------------------------------------------------------------------------------------
 Limit  (cost=11191.82..11191.82 rows=1 width=20) (actual time=23.128..23.128 rows=0 loops=1)
   ->  Sort  (cost=9941.82..10191.82 rows=100000 width=20) (actual time=17.607..20.937 rows=100000 loops=1)
         Sort Key: s_3.a, s_3.b, s_3.c, s_3.d
         Sort Method: quicksort  Memory: 10885kB
         ->  Seq Scan on s_3  (cost=0.00..1637.00 rows=100000 width=20) (actual time=0.010..5.612 rows=100000 loops=1)
 Planning time: 0.289 ms
 Execution time: 23.599 ms
(7 rows)

