===== 1 [Wed Mar  7 02:03:31 CET 2018] scale:100000 groups:10 work_mem:4MB incremental:on max_workers:0 =====
SELECT * FROM (SELECT * FROM s_1 ORDER BY a) foo ORDER BY a, b LIMIT 1000
                                                            QUERY PLAN                                                             
-----------------------------------------------------------------------------------------------------------------------------------
 Limit  (cost=12632.40..12632.40 rows=1 width=20) (actual time=22.568..22.568 rows=0 loops=1)
   ->  Limit  (cost=12604.90..12622.40 rows=1000 width=20) (actual time=22.442..22.540 rows=1000 loops=1)
         ->  Incremental Sort  (cost=12604.90..14355.12 rows=100000 width=20) (actual time=22.441..22.484 rows=1000 loops=1)
               Sort Key: s_1.a, s_1.b
               Presorted Key: s_1.a
               Sort Method: quicksort  Memory: 579kB
               Sort Groups: 1
               ->  Sort  (cost=11992.82..12242.82 rows=100000 width=20) (actual time=21.211..21.646 rows=4952 loops=1)
                     Sort Key: s_1.a
                     Sort Method: external merge  Disk: 2936kB
                     ->  Seq Scan on s_1  (cost=0.00..1637.00 rows=100000 width=20) (actual time=0.007..5.483 rows=100000 loops=1)
 Planning time: 0.221 ms
 Execution time: 23.149 ms
(13 rows)

===== 2 [Wed Mar  7 02:03:31 CET 2018] scale:100000 groups:10 work_mem:4MB incremental:on max_workers:0 =====
SELECT * FROM (SELECT * FROM s_2 ORDER BY a, b) foo ORDER BY a, b, c LIMIT 1000
                                                            QUERY PLAN                                                             
-----------------------------------------------------------------------------------------------------------------------------------
 Limit  (cost=12070.83..12070.83 rows=1 width=20) (actual time=22.928..22.928 rows=0 loops=1)
   ->  Limit  (cost=12043.20..12060.83 rows=1000 width=20) (actual time=22.537..22.899 rows=1000 loops=1)
         ->  Incremental Sort  (cost=12043.20..13806.19 rows=100000 width=20) (actual time=22.537..22.844 rows=1000 loops=1)
               Sort Key: s_2.a, s_2.b, s_2.c
               Presorted Key: s_2.a, s_2.b
               Sort Method: quicksort  Memory: 66kB
               Sort Groups: 3
               ->  Sort  (cost=11992.82..12242.82 rows=100000 width=20) (actual time=22.432..22.541 rows=1214 loops=1)
                     Sort Key: s_2.a, s_2.b
                     Sort Method: external merge  Disk: 2936kB
                     ->  Seq Scan on s_2  (cost=0.00..1637.00 rows=100000 width=20) (actual time=0.010..5.501 rows=100000 loops=1)
 Planning time: 0.218 ms
 Execution time: 23.495 ms
(13 rows)

===== 3 [Wed Mar  7 02:03:31 CET 2018] scale:100000 groups:10 work_mem:4MB incremental:on max_workers:0 =====
SELECT * FROM (SELECT * FROM s_3 ORDER BY a, b, c) foo ORDER BY a, b, c, d LIMIT 1000
                                                            QUERY PLAN                                                             
-----------------------------------------------------------------------------------------------------------------------------------
 Limit  (cost=12024.27..12024.27 rows=1 width=20) (actual time=24.142..24.142 rows=0 loops=1)
   ->  Limit  (cost=11996.10..12014.27 rows=1000 width=20) (actual time=23.713..24.112 rows=1000 loops=1)
         ->  Incremental Sort  (cost=11996.10..13813.10 rows=100000 width=20) (actual time=23.712..24.057 rows=1000 loops=1)
               Sort Key: s_3.a, s_3.b, s_3.c, s_3.d
               Presorted Key: s_3.a, s_3.b, s_3.c
               Sort Method: quicksort  Memory: 30kB
               Sort Groups: 20
               ->  Sort  (cost=11992.82..12242.82 rows=100000 width=20) (actual time=23.648..23.742 rows=1029 loops=1)
                     Sort Key: s_3.a, s_3.b, s_3.c
                     Sort Method: external merge  Disk: 2936kB
                     ->  Seq Scan on s_3  (cost=0.00..1637.00 rows=100000 width=20) (actual time=0.010..5.459 rows=100000 loops=1)
 Planning time: 0.224 ms
 Execution time: 24.689 ms
(13 rows)

===== 4 [Wed Mar  7 02:03:31 CET 2018] scale:100000 groups:10 work_mem:4MB incremental:on max_workers:0 =====
SELECT * FROM (SELECT * FROM s_4 ORDER BY a, b, c, d) foo ORDER BY a, b, c, d, e LIMIT 1000
                                                            QUERY PLAN                                                             
-----------------------------------------------------------------------------------------------------------------------------------
 Limit  (cost=12022.90..12022.90 rows=1 width=20) (actual time=24.975..24.975 rows=0 loops=1)
   ->  Limit  (cost=11993.11..12012.90 rows=1000 width=20) (actual time=24.519..24.945 rows=1000 loops=1)
         ->  Incremental Sort  (cost=11993.11..13971.93 rows=100000 width=20) (actual time=24.519..24.890 rows=1000 loops=1)
               Sort Key: s_4.a, s_4.b, s_4.c, s_4.d, s_4.e
               Presorted Key: s_4.a, s_4.b, s_4.c, s_4.d
               Sort Method: quicksort  Memory: 27kB
               Sort Groups: 30
               ->  Sort  (cost=11992.82..12242.82 rows=100000 width=20) (actual time=24.464..24.557 rows=1014 loops=1)
                     Sort Key: s_4.a, s_4.b, s_4.c, s_4.d
                     Sort Method: external merge  Disk: 2936kB
                     ->  Seq Scan on s_4  (cost=0.00..1637.00 rows=100000 width=20) (actual time=0.006..5.462 rows=100000 loops=1)
 Planning time: 0.229 ms
 Execution time: 25.531 ms
(13 rows)

===== 5 [Wed Mar  7 02:03:31 CET 2018] scale:100000 groups:10 work_mem:4MB incremental:off max_workers:0 =====
SELECT * FROM (SELECT * FROM s_1 ORDER BY a) foo ORDER BY a, b LIMIT 1000
                                                            QUERY PLAN                                                             
-----------------------------------------------------------------------------------------------------------------------------------
 Limit  (cost=18738.21..18738.21 rows=1 width=20) (actual time=36.352..36.352 rows=0 loops=1)
   ->  Limit  (cost=18725.71..18728.21 rows=1000 width=20) (actual time=36.230..36.324 rows=1000 loops=1)
         ->  Sort  (cost=18725.71..18975.71 rows=100000 width=20) (actual time=36.230..36.268 rows=1000 loops=1)
               Sort Key: s_1.a, s_1.b
               Sort Method: top-N heapsort  Memory: 176kB
               ->  Sort  (cost=11992.82..12242.82 rows=100000 width=20) (actual time=21.142..29.452 rows=100000 loops=1)
                     Sort Key: s_1.a
                     Sort Method: external merge  Disk: 2936kB
                     ->  Seq Scan on s_1  (cost=0.00..1637.00 rows=100000 width=20) (actual time=0.007..5.469 rows=100000 loops=1)
 Planning time: 0.214 ms
 Execution time: 36.932 ms
(11 rows)

===== 6 [Wed Mar  7 02:03:32 CET 2018] scale:100000 groups:10 work_mem:4MB incremental:off max_workers:0 =====
SELECT * FROM (SELECT * FROM s_2 ORDER BY a, b) foo ORDER BY a, b, c LIMIT 1000
                                                            QUERY PLAN                                                             
-----------------------------------------------------------------------------------------------------------------------------------
 Limit  (cost=18738.21..18738.21 rows=1 width=20) (actual time=37.518..37.518 rows=0 loops=1)
   ->  Limit  (cost=18725.71..18728.21 rows=1000 width=20) (actual time=37.396..37.490 rows=1000 loops=1)
         ->  Sort  (cost=18725.71..18975.71 rows=100000 width=20) (actual time=37.396..37.435 rows=1000 loops=1)
               Sort Key: s_2.a, s_2.b, s_2.c
               Sort Method: top-N heapsort  Memory: 138kB
               ->  Sort  (cost=11992.82..12242.82 rows=100000 width=20) (actual time=22.369..30.757 rows=100000 loops=1)
                     Sort Key: s_2.a, s_2.b
                     Sort Method: external merge  Disk: 2936kB
                     ->  Seq Scan on s_2  (cost=0.00..1637.00 rows=100000 width=20) (actual time=0.010..5.481 rows=100000 loops=1)
 Planning time: 0.209 ms
 Execution time: 38.073 ms
(11 rows)

===== 7 [Wed Mar  7 02:03:32 CET 2018] scale:100000 groups:10 work_mem:4MB incremental:off max_workers:0 =====
SELECT * FROM (SELECT * FROM s_3 ORDER BY a, b, c) foo ORDER BY a, b, c, d LIMIT 1000
                                                            QUERY PLAN                                                             
-----------------------------------------------------------------------------------------------------------------------------------
 Limit  (cost=18738.21..18738.21 rows=1 width=20) (actual time=39.972..39.972 rows=0 loops=1)
   ->  Limit  (cost=18725.71..18728.21 rows=1000 width=20) (actual time=39.850..39.943 rows=1000 loops=1)
         ->  Sort  (cost=18725.71..18975.71 rows=100000 width=20) (actual time=39.850..39.888 rows=1000 loops=1)
               Sort Key: s_3.a, s_3.b, s_3.c, s_3.d
               Sort Method: top-N heapsort  Memory: 128kB
               ->  Sort  (cost=11992.82..12242.82 rows=100000 width=20) (actual time=23.634..32.711 rows=100000 loops=1)
                     Sort Key: s_3.a, s_3.b, s_3.c
                     Sort Method: external merge  Disk: 2936kB
                     ->  Seq Scan on s_3  (cost=0.00..1637.00 rows=100000 width=20) (actual time=0.011..5.428 rows=100000 loops=1)
 Planning time: 0.234 ms
 Execution time: 40.551 ms
(11 rows)

===== 8 [Wed Mar  7 02:03:32 CET 2018] scale:100000 groups:10 work_mem:4MB incremental:off max_workers:0 =====
SELECT * FROM (SELECT * FROM s_4 ORDER BY a, b, c, d) foo ORDER BY a, b, c, d, e LIMIT 1000
                                                            QUERY PLAN                                                             
-----------------------------------------------------------------------------------------------------------------------------------
 Limit  (cost=18738.21..18738.21 rows=1 width=20) (actual time=40.817..40.817 rows=0 loops=1)
   ->  Limit  (cost=18725.71..18728.21 rows=1000 width=20) (actual time=40.695..40.788 rows=1000 loops=1)
         ->  Sort  (cost=18725.71..18975.71 rows=100000 width=20) (actual time=40.694..40.733 rows=1000 loops=1)
               Sort Key: s_4.a, s_4.b, s_4.c, s_4.d, s_4.e
               Sort Method: top-N heapsort  Memory: 127kB
               ->  Sort  (cost=11992.82..12242.82 rows=100000 width=20) (actual time=24.396..33.473 rows=100000 loops=1)
                     Sort Key: s_4.a, s_4.b, s_4.c, s_4.d
                     Sort Method: external merge  Disk: 2936kB
                     ->  Seq Scan on s_4  (cost=0.00..1637.00 rows=100000 width=20) (actual time=0.011..5.418 rows=100000 loops=1)
 Planning time: 0.224 ms
 Execution time: 41.383 ms
(11 rows)

===== 9 [Wed Mar  7 02:03:32 CET 2018] scale:100000 groups:10 work_mem:8MB incremental:on max_workers:0 =====
SELECT * FROM (SELECT * FROM s_1 ORDER BY a) foo ORDER BY a, b LIMIT 1000
                                                            QUERY PLAN                                                             
-----------------------------------------------------------------------------------------------------------------------------------
 Limit  (cost=10581.40..10581.40 rows=1 width=20) (actual time=24.061..24.061 rows=0 loops=1)
   ->  Limit  (cost=10553.90..10571.40 rows=1000 width=20) (actual time=23.935..24.032 rows=1000 loops=1)
         ->  Incremental Sort  (cost=10553.90..12304.12 rows=100000 width=20) (actual time=23.934..23.977 rows=1000 loops=1)
               Sort Key: s_1.a, s_1.b
               Presorted Key: s_1.a
               Sort Method: quicksort  Memory: 579kB
               Sort Groups: 1
               ->  Sort  (cost=9941.82..10191.82 rows=100000 width=20) (actual time=22.773..23.176 rows=4952 loops=1)
                     Sort Key: s_1.a
                     Sort Method: external merge  Disk: 2936kB
                     ->  Seq Scan on s_1  (cost=0.00..1637.00 rows=100000 width=20) (actual time=0.007..5.622 rows=100000 loops=1)
 Planning time: 0.214 ms
 Execution time: 24.564 ms
(13 rows)

===== 10 [Wed Mar  7 02:03:33 CET 2018] scale:100000 groups:10 work_mem:8MB incremental:on max_workers:0 =====
SELECT * FROM (SELECT * FROM s_2 ORDER BY a, b) foo ORDER BY a, b, c LIMIT 1000
                                                            QUERY PLAN                                                             
-----------------------------------------------------------------------------------------------------------------------------------
 Limit  (cost=10019.83..10019.83 rows=1 width=20) (actual time=24.621..24.621 rows=0 loops=1)
   ->  Limit  (cost=9992.20..10009.83 rows=1000 width=20) (actual time=24.236..24.593 rows=1000 loops=1)
         ->  Incremental Sort  (cost=9992.20..11755.19 rows=100000 width=20) (actual time=24.236..24.537 rows=1000 loops=1)
               Sort Key: s_2.a, s_2.b, s_2.c
               Presorted Key: s_2.a, s_2.b
               Sort Method: quicksort  Memory: 66kB
               Sort Groups: 3
               ->  Sort  (cost=9941.82..10191.82 rows=100000 width=20) (actual time=24.132..24.234 rows=1214 loops=1)
                     Sort Key: s_2.a, s_2.b
                     Sort Method: external merge  Disk: 2936kB
                     ->  Seq Scan on s_2  (cost=0.00..1637.00 rows=100000 width=20) (actual time=0.010..5.631 rows=100000 loops=1)
 Planning time: 0.218 ms
 Execution time: 25.144 ms
(13 rows)

===== 11 [Wed Mar  7 02:03:33 CET 2018] scale:100000 groups:10 work_mem:8MB incremental:on max_workers:0 =====
SELECT * FROM (SELECT * FROM s_3 ORDER BY a, b, c) foo ORDER BY a, b, c, d LIMIT 1000
                                                            QUERY PLAN                                                             
-----------------------------------------------------------------------------------------------------------------------------------
 Limit  (cost=9973.27..9973.27 rows=1 width=20) (actual time=25.845..25.845 rows=0 loops=1)
   ->  Limit  (cost=9945.10..9963.27 rows=1000 width=20) (actual time=25.419..25.815 rows=1000 loops=1)
         ->  Incremental Sort  (cost=9945.10..11762.10 rows=100000 width=20) (actual time=25.419..25.760 rows=1000 loops=1)
               Sort Key: s_3.a, s_3.b, s_3.c, s_3.d
               Presorted Key: s_3.a, s_3.b, s_3.c
               Sort Method: quicksort  Memory: 30kB
               Sort Groups: 20
               ->  Sort  (cost=9941.82..10191.82 rows=100000 width=20) (actual time=25.356..25.444 rows=1029 loops=1)
                     Sort Key: s_3.a, s_3.b, s_3.c
                     Sort Method: external merge  Disk: 2936kB
                     ->  Seq Scan on s_3  (cost=0.00..1637.00 rows=100000 width=20) (actual time=0.010..5.586 rows=100000 loops=1)
 Planning time: 0.224 ms
 Execution time: 26.357 ms
(13 rows)

===== 12 [Wed Mar  7 02:03:33 CET 2018] scale:100000 groups:10 work_mem:8MB incremental:on max_workers:0 =====
SELECT * FROM (SELECT * FROM s_4 ORDER BY a, b, c, d) foo ORDER BY a, b, c, d, e LIMIT 1000
                                                            QUERY PLAN                                                             
-----------------------------------------------------------------------------------------------------------------------------------
 Limit  (cost=9971.90..9971.90 rows=1 width=20) (actual time=26.556..26.556 rows=0 loops=1)
   ->  Limit  (cost=9942.11..9961.90 rows=1000 width=20) (actual time=26.109..26.527 rows=1000 loops=1)
         ->  Incremental Sort  (cost=9942.11..11920.93 rows=100000 width=20) (actual time=26.109..26.469 rows=1000 loops=1)
               Sort Key: s_4.a, s_4.b, s_4.c, s_4.d, s_4.e
               Presorted Key: s_4.a, s_4.b, s_4.c, s_4.d
               Sort Method: quicksort  Memory: 27kB
               Sort Groups: 30
               ->  Sort  (cost=9941.82..10191.82 rows=100000 width=20) (actual time=26.054..26.142 rows=1014 loops=1)
                     Sort Key: s_4.a, s_4.b, s_4.c, s_4.d
                     Sort Method: external merge  Disk: 2936kB
                     ->  Seq Scan on s_4  (cost=0.00..1637.00 rows=100000 width=20) (actual time=0.007..5.571 rows=100000 loops=1)
 Planning time: 0.227 ms
 Execution time: 27.064 ms
(13 rows)

===== 13 [Wed Mar  7 02:03:33 CET 2018] scale:100000 groups:10 work_mem:8MB incremental:off max_workers:0 =====
SELECT * FROM (SELECT * FROM s_1 ORDER BY a) foo ORDER BY a, b LIMIT 1000
                                                            QUERY PLAN                                                             
-----------------------------------------------------------------------------------------------------------------------------------
 Limit  (cost=16687.21..16687.21 rows=1 width=20) (actual time=37.741..37.741 rows=0 loops=1)
   ->  Limit  (cost=16674.71..16677.21 rows=1000 width=20) (actual time=37.618..37.712 rows=1000 loops=1)
         ->  Sort  (cost=16674.71..16924.71 rows=100000 width=20) (actual time=37.618..37.657 rows=1000 loops=1)
               Sort Key: s_1.a, s_1.b
               Sort Method: top-N heapsort  Memory: 176kB
               ->  Sort  (cost=9941.82..10191.82 rows=100000 width=20) (actual time=22.660..30.827 rows=100000 loops=1)
                     Sort Key: s_1.a
                     Sort Method: external merge  Disk: 2936kB
                     ->  Seq Scan on s_1  (cost=0.00..1637.00 rows=100000 width=20) (actual time=0.007..5.597 rows=100000 loops=1)
 Planning time: 0.214 ms
 Execution time: 38.154 ms
(11 rows)

===== 14 [Wed Mar  7 02:03:33 CET 2018] scale:100000 groups:10 work_mem:8MB incremental:off max_workers:0 =====
SELECT * FROM (SELECT * FROM s_2 ORDER BY a, b) foo ORDER BY a, b, c LIMIT 1000
                                                            QUERY PLAN                                                             
-----------------------------------------------------------------------------------------------------------------------------------
 Limit  (cost=16687.21..16687.21 rows=1 width=20) (actual time=39.020..39.020 rows=0 loops=1)
   ->  Limit  (cost=16674.71..16677.21 rows=1000 width=20) (actual time=38.898..38.992 rows=1000 loops=1)
         ->  Sort  (cost=16674.71..16924.71 rows=100000 width=20) (actual time=38.897..38.936 rows=1000 loops=1)
               Sort Key: s_2.a, s_2.b, s_2.c
               Sort Method: top-N heapsort  Memory: 138kB
               ->  Sort  (cost=9941.82..10191.82 rows=100000 width=20) (actual time=24.033..32.274 rows=100000 loops=1)
                     Sort Key: s_2.a, s_2.b
                     Sort Method: external merge  Disk: 2936kB
                     ->  Seq Scan on s_2  (cost=0.00..1637.00 rows=100000 width=20) (actual time=0.015..5.605 rows=100000 loops=1)
 Planning time: 0.210 ms
 Execution time: 39.443 ms
(11 rows)

===== 15 [Wed Mar  7 02:03:34 CET 2018] scale:100000 groups:10 work_mem:8MB incremental:off max_workers:0 =====
SELECT * FROM (SELECT * FROM s_3 ORDER BY a, b, c) foo ORDER BY a, b, c, d LIMIT 1000
                                                            QUERY PLAN                                                             
-----------------------------------------------------------------------------------------------------------------------------------
 Limit  (cost=16687.21..16687.21 rows=1 width=20) (actual time=41.363..41.363 rows=0 loops=1)
   ->  Limit  (cost=16674.71..16677.21 rows=1000 width=20) (actual time=41.240..41.335 rows=1000 loops=1)
         ->  Sort  (cost=16674.71..16924.71 rows=100000 width=20) (actual time=41.240..41.279 rows=1000 loops=1)
               Sort Key: s_3.a, s_3.b, s_3.c, s_3.d
               Sort Method: top-N heapsort  Memory: 128kB
               ->  Sort  (cost=9941.82..10191.82 rows=100000 width=20) (actual time=25.199..34.147 rows=100000 loops=1)
                     Sort Key: s_3.a, s_3.b, s_3.c
                     Sort Method: external merge  Disk: 2936kB
                     ->  Seq Scan on s_3  (cost=0.00..1637.00 rows=100000 width=20) (actual time=0.010..5.544 rows=100000 loops=1)
 Planning time: 0.224 ms
 Execution time: 41.788 ms
(11 rows)

===== 16 [Wed Mar  7 02:03:34 CET 2018] scale:100000 groups:10 work_mem:8MB incremental:off max_workers:0 =====
SELECT * FROM (SELECT * FROM s_4 ORDER BY a, b, c, d) foo ORDER BY a, b, c, d, e LIMIT 1000
                                                            QUERY PLAN                                                             
-----------------------------------------------------------------------------------------------------------------------------------
 Limit  (cost=16687.21..16687.21 rows=1 width=20) (actual time=42.246..42.246 rows=0 loops=1)
   ->  Limit  (cost=16674.71..16677.21 rows=1000 width=20) (actual time=42.123..42.217 rows=1000 loops=1)
         ->  Sort  (cost=16674.71..16924.71 rows=100000 width=20) (actual time=42.123..42.162 rows=1000 loops=1)
               Sort Key: s_4.a, s_4.b, s_4.c, s_4.d, s_4.e
               Sort Method: top-N heapsort  Memory: 127kB
               ->  Sort  (cost=9941.82..10191.82 rows=100000 width=20) (actual time=25.997..34.952 rows=100000 loops=1)
                     Sort Key: s_4.a, s_4.b, s_4.c, s_4.d
                     Sort Method: external merge  Disk: 2936kB
                     ->  Seq Scan on s_4  (cost=0.00..1637.00 rows=100000 width=20) (actual time=0.007..5.538 rows=100000 loops=1)
 Planning time: 0.222 ms
 Execution time: 42.670 ms
(11 rows)

===== 17 [Wed Mar  7 02:03:34 CET 2018] scale:100000 groups:10 work_mem:16MB incremental:on max_workers:0 =====
SELECT * FROM (SELECT * FROM s_1 ORDER BY a) foo ORDER BY a, b LIMIT 1000
                                                            QUERY PLAN                                                             
-----------------------------------------------------------------------------------------------------------------------------------
 Limit  (cost=10581.40..10581.40 rows=1 width=20) (actual time=17.760..17.760 rows=0 loops=1)
   ->  Limit  (cost=10553.90..10571.40 rows=1000 width=20) (actual time=17.634..17.732 rows=1000 loops=1)
         ->  Incremental Sort  (cost=10553.90..12304.12 rows=100000 width=20) (actual time=17.634..17.676 rows=1000 loops=1)
               Sort Key: s_1.a, s_1.b
               Presorted Key: s_1.a
               Sort Method: quicksort  Memory: 579kB
               Sort Groups: 1
               ->  Sort  (cost=9941.82..10191.82 rows=100000 width=20) (actual time=16.500..16.682 rows=4952 loops=1)
                     Sort Key: s_1.a
                     Sort Method: quicksort  Memory: 10885kB
                     ->  Seq Scan on s_1  (cost=0.00..1637.00 rows=100000 width=20) (actual time=0.007..5.626 rows=100000 loops=1)
 Planning time: 0.219 ms
 Execution time: 18.234 ms
(13 rows)

===== 18 [Wed Mar  7 02:03:34 CET 2018] scale:100000 groups:10 work_mem:16MB incremental:on max_workers:0 =====
SELECT * FROM (SELECT * FROM s_2 ORDER BY a, b) foo ORDER BY a, b, c LIMIT 1000
                                                            QUERY PLAN                                                             
-----------------------------------------------------------------------------------------------------------------------------------
 Limit  (cost=10019.83..10019.83 rows=1 width=20) (actual time=18.272..18.272 rows=0 loops=1)
   ->  Limit  (cost=9992.20..10009.83 rows=1000 width=20) (actual time=17.918..18.244 rows=1000 loops=1)
         ->  Incremental Sort  (cost=9992.20..11755.19 rows=100000 width=20) (actual time=17.917..18.189 rows=1000 loops=1)
               Sort Key: s_2.a, s_2.b, s_2.c
               Presorted Key: s_2.a, s_2.b
               Sort Method: quicksort  Memory: 66kB
               Sort Groups: 3
               ->  Sort  (cost=9941.82..10191.82 rows=100000 width=20) (actual time=17.817..17.861 rows=1214 loops=1)
                     Sort Key: s_2.a, s_2.b
                     Sort Method: quicksort  Memory: 10885kB
                     ->  Seq Scan on s_2  (cost=0.00..1637.00 rows=100000 width=20) (actual time=0.010..5.635 rows=100000 loops=1)
 Planning time: 0.216 ms
 Execution time: 18.745 ms
(13 rows)

===== 19 [Wed Mar  7 02:03:35 CET 2018] scale:100000 groups:10 work_mem:16MB incremental:on max_workers:0 =====
SELECT * FROM (SELECT * FROM s_3 ORDER BY a, b, c) foo ORDER BY a, b, c, d LIMIT 1000
                                                            QUERY PLAN                                                             
-----------------------------------------------------------------------------------------------------------------------------------
 Limit  (cost=9973.27..9973.27 rows=1 width=20) (actual time=19.460..19.460 rows=0 loops=1)
   ->  Limit  (cost=9945.10..9963.27 rows=1000 width=20) (actual time=19.067..19.431 rows=1000 loops=1)
         ->  Incremental Sort  (cost=9945.10..11762.10 rows=100000 width=20) (actual time=19.067..19.369 rows=1000 loops=1)
               Sort Key: s_3.a, s_3.b, s_3.c, s_3.d
               Presorted Key: s_3.a, s_3.b, s_3.c
               Sort Method: quicksort  Memory: 30kB
               Sort Groups: 20
               ->  Sort  (cost=9941.82..10191.82 rows=100000 width=20) (actual time=19.003..19.043 rows=1029 loops=1)
                     Sort Key: s_3.a, s_3.b, s_3.c
                     Sort Method: quicksort  Memory: 10885kB
                     ->  Seq Scan on s_3  (cost=0.00..1637.00 rows=100000 width=20) (actual time=0.010..5.583 rows=100000 loops=1)
 Planning time: 0.228 ms
 Execution time: 19.935 ms
(13 rows)

===== 20 [Wed Mar  7 02:03:35 CET 2018] scale:100000 groups:10 work_mem:16MB incremental:on max_workers:0 =====
SELECT * FROM (SELECT * FROM s_4 ORDER BY a, b, c, d) foo ORDER BY a, b, c, d, e LIMIT 1000
                                                            QUERY PLAN                                                             
-----------------------------------------------------------------------------------------------------------------------------------
 Limit  (cost=9971.90..9971.90 rows=1 width=20) (actual time=20.211..20.211 rows=0 loops=1)
   ->  Limit  (cost=9942.11..9961.90 rows=1000 width=20) (actual time=19.792..20.181 rows=1000 loops=1)
         ->  Incremental Sort  (cost=9942.11..11920.93 rows=100000 width=20) (actual time=19.791..20.126 rows=1000 loops=1)
               Sort Key: s_4.a, s_4.b, s_4.c, s_4.d, s_4.e
               Presorted Key: s_4.a, s_4.b, s_4.c, s_4.d
               Sort Method: quicksort  Memory: 27kB
               Sort Groups: 30
               ->  Sort  (cost=9941.82..10191.82 rows=100000 width=20) (actual time=19.737..19.778 rows=1014 loops=1)
                     Sort Key: s_4.a, s_4.b, s_4.c, s_4.d
                     Sort Method: quicksort  Memory: 10885kB
                     ->  Seq Scan on s_4  (cost=0.00..1637.00 rows=100000 width=20) (actual time=0.007..5.583 rows=100000 loops=1)
 Planning time: 0.238 ms
 Execution time: 20.684 ms
(13 rows)

===== 21 [Wed Mar  7 02:03:35 CET 2018] scale:100000 groups:10 work_mem:16MB incremental:off max_workers:0 =====
SELECT * FROM (SELECT * FROM s_1 ORDER BY a) foo ORDER BY a, b LIMIT 1000
                                                            QUERY PLAN                                                             
-----------------------------------------------------------------------------------------------------------------------------------
 Limit  (cost=16687.21..16687.21 rows=1 width=20) (actual time=27.573..27.573 rows=0 loops=1)
   ->  Limit  (cost=16674.71..16677.21 rows=1000 width=20) (actual time=27.451..27.545 rows=1000 loops=1)
         ->  Sort  (cost=16674.71..16924.71 rows=100000 width=20) (actual time=27.450..27.489 rows=1000 loops=1)
               Sort Key: s_1.a, s_1.b
               Sort Method: top-N heapsort  Memory: 176kB
               ->  Sort  (cost=9941.82..10191.82 rows=100000 width=20) (actual time=16.435..19.908 rows=100000 loops=1)
                     Sort Key: s_1.a
                     Sort Method: quicksort  Memory: 10885kB
                     ->  Seq Scan on s_1  (cost=0.00..1637.00 rows=100000 width=20) (actual time=0.007..5.583 rows=100000 loops=1)
 Planning time: 0.211 ms
 Execution time: 28.055 ms
(11 rows)

===== 22 [Wed Mar  7 02:03:35 CET 2018] scale:100000 groups:10 work_mem:16MB incremental:off max_workers:0 =====
SELECT * FROM (SELECT * FROM s_2 ORDER BY a, b) foo ORDER BY a, b, c LIMIT 1000
                                                            QUERY PLAN                                                             
-----------------------------------------------------------------------------------------------------------------------------------
 Limit  (cost=16687.21..16687.21 rows=1 width=20) (actual time=28.739..28.739 rows=0 loops=1)
   ->  Limit  (cost=16674.71..16677.21 rows=1000 width=20) (actual time=28.617..28.711 rows=1000 loops=1)
         ->  Sort  (cost=16674.71..16924.71 rows=100000 width=20) (actual time=28.616..28.655 rows=1000 loops=1)
               Sort Key: s_2.a, s_2.b, s_2.c
               Sort Method: top-N heapsort  Memory: 138kB
               ->  Sort  (cost=9941.82..10191.82 rows=100000 width=20) (actual time=17.744..21.244 rows=100000 loops=1)
                     Sort Key: s_2.a, s_2.b
                     Sort Method: quicksort  Memory: 10885kB
                     ->  Seq Scan on s_2  (cost=0.00..1637.00 rows=100000 width=20) (actual time=0.010..5.596 rows=100000 loops=1)
 Planning time: 0.215 ms
 Execution time: 29.228 ms
(11 rows)

===== 23 [Wed Mar  7 02:03:35 CET 2018] scale:100000 groups:10 work_mem:16MB incremental:off max_workers:0 =====
SELECT * FROM (SELECT * FROM s_3 ORDER BY a, b, c) foo ORDER BY a, b, c, d LIMIT 1000
                                                            QUERY PLAN                                                             
-----------------------------------------------------------------------------------------------------------------------------------
 Limit  (cost=16687.21..16687.21 rows=1 width=20) (actual time=30.515..30.515 rows=0 loops=1)
   ->  Limit  (cost=16674.71..16677.21 rows=1000 width=20) (actual time=30.393..30.486 rows=1000 loops=1)
         ->  Sort  (cost=16674.71..16924.71 rows=100000 width=20) (actual time=30.392..30.431 rows=1000 loops=1)
               Sort Key: s_3.a, s_3.b, s_3.c, s_3.d
               Sort Method: top-N heapsort  Memory: 128kB
               ->  Sort  (cost=9941.82..10191.82 rows=100000 width=20) (actual time=18.914..22.474 rows=100000 loops=1)
                     Sort Key: s_3.a, s_3.b, s_3.c
                     Sort Method: quicksort  Memory: 10885kB
                     ->  Seq Scan on s_3  (cost=0.00..1637.00 rows=100000 width=20) (actual time=0.010..5.560 rows=100000 loops=1)
 Planning time: 0.223 ms
 Execution time: 31.003 ms
(11 rows)

===== 24 [Wed Mar  7 02:03:35 CET 2018] scale:100000 groups:10 work_mem:16MB incremental:off max_workers:0 =====
SELECT * FROM (SELECT * FROM s_4 ORDER BY a, b, c, d) foo ORDER BY a, b, c, d, e LIMIT 1000
                                                            QUERY PLAN                                                             
-----------------------------------------------------------------------------------------------------------------------------------
 Limit  (cost=16687.21..16687.21 rows=1 width=20) (actual time=31.409..31.409 rows=0 loops=1)
   ->  Limit  (cost=16674.71..16677.21 rows=1000 width=20) (actual time=31.288..31.381 rows=1000 loops=1)
         ->  Sort  (cost=16674.71..16924.71 rows=100000 width=20) (actual time=31.287..31.325 rows=1000 loops=1)
               Sort Key: s_4.a, s_4.b, s_4.c, s_4.d, s_4.e
               Sort Method: top-N heapsort  Memory: 127kB
               ->  Sort  (cost=9941.82..10191.82 rows=100000 width=20) (actual time=19.708..23.256 rows=100000 loops=1)
                     Sort Key: s_4.a, s_4.b, s_4.c, s_4.d
                     Sort Method: quicksort  Memory: 10885kB
                     ->  Seq Scan on s_4  (cost=0.00..1637.00 rows=100000 width=20) (actual time=0.007..5.546 rows=100000 loops=1)
 Planning time: 0.224 ms
 Execution time: 31.892 ms
(11 rows)

===== 25 [Wed Mar  7 02:03:36 CET 2018] scale:100000 groups:10 work_mem:32MB incremental:on max_workers:0 =====
SELECT * FROM (SELECT * FROM s_1 ORDER BY a) foo ORDER BY a, b LIMIT 1000
                                                            QUERY PLAN                                                             
-----------------------------------------------------------------------------------------------------------------------------------
 Limit  (cost=10581.40..10581.40 rows=1 width=20) (actual time=17.757..17.757 rows=0 loops=1)
   ->  Limit  (cost=10553.90..10571.40 rows=1000 width=20) (actual time=17.631..17.729 rows=1000 loops=1)
         ->  Incremental Sort  (cost=10553.90..12304.12 rows=100000 width=20) (actual time=17.631..17.673 rows=1000 loops=1)
               Sort Key: s_1.a, s_1.b
               Presorted Key: s_1.a
               Sort Method: quicksort  Memory: 579kB
               Sort Groups: 1
               ->  Sort  (cost=9941.82..10191.82 rows=100000 width=20) (actual time=16.493..16.674 rows=4952 loops=1)
                     Sort Key: s_1.a
                     Sort Method: quicksort  Memory: 10885kB
                     ->  Seq Scan on s_1  (cost=0.00..1637.00 rows=100000 width=20) (actual time=0.007..5.604 rows=100000 loops=1)
 Planning time: 0.222 ms
 Execution time: 18.224 ms
(13 rows)

===== 26 [Wed Mar  7 02:03:36 CET 2018] scale:100000 groups:10 work_mem:32MB incremental:on max_workers:0 =====
SELECT * FROM (SELECT * FROM s_2 ORDER BY a, b) foo ORDER BY a, b, c LIMIT 1000
                                                            QUERY PLAN                                                             
-----------------------------------------------------------------------------------------------------------------------------------
 Limit  (cost=10019.83..10019.83 rows=1 width=20) (actual time=18.233..18.233 rows=0 loops=1)
   ->  Limit  (cost=9992.20..10009.83 rows=1000 width=20) (actual time=17.877..18.205 rows=1000 loops=1)
         ->  Incremental Sort  (cost=9992.20..11755.19 rows=100000 width=20) (actual time=17.877..18.149 rows=1000 loops=1)
               Sort Key: s_2.a, s_2.b, s_2.c
               Presorted Key: s_2.a, s_2.b
               Sort Method: quicksort  Memory: 66kB
               Sort Groups: 3
               ->  Sort  (cost=9941.82..10191.82 rows=100000 width=20) (actual time=17.775..17.820 rows=1214 loops=1)
                     Sort Key: s_2.a, s_2.b
                     Sort Method: quicksort  Memory: 10885kB
                     ->  Seq Scan on s_2  (cost=0.00..1637.00 rows=100000 width=20) (actual time=0.010..5.619 rows=100000 loops=1)
 Planning time: 0.217 ms
 Execution time: 18.708 ms
(13 rows)

===== 27 [Wed Mar  7 02:03:36 CET 2018] scale:100000 groups:10 work_mem:32MB incremental:on max_workers:0 =====
SELECT * FROM (SELECT * FROM s_3 ORDER BY a, b, c) foo ORDER BY a, b, c, d LIMIT 1000
                                                            QUERY PLAN                                                             
-----------------------------------------------------------------------------------------------------------------------------------
 Limit  (cost=9973.27..9973.27 rows=1 width=20) (actual time=19.419..19.419 rows=0 loops=1)
   ->  Limit  (cost=9945.10..9963.27 rows=1000 width=20) (actual time=19.027..19.390 rows=1000 loops=1)
         ->  Incremental Sort  (cost=9945.10..11762.10 rows=100000 width=20) (actual time=19.027..19.334 rows=1000 loops=1)
               Sort Key: s_3.a, s_3.b, s_3.c, s_3.d
               Presorted Key: s_3.a, s_3.b, s_3.c
               Sort Method: quicksort  Memory: 30kB
               Sort Groups: 20
               ->  Sort  (cost=9941.82..10191.82 rows=100000 width=20) (actual time=18.962..19.001 rows=1029 loops=1)
                     Sort Key: s_3.a, s_3.b, s_3.c
                     Sort Method: quicksort  Memory: 10885kB
                     ->  Seq Scan on s_3  (cost=0.00..1637.00 rows=100000 width=20) (actual time=0.010..5.579 rows=100000 loops=1)
 Planning time: 0.227 ms
 Execution time: 19.894 ms
(13 rows)

===== 28 [Wed Mar  7 02:03:36 CET 2018] scale:100000 groups:10 work_mem:32MB incremental:on max_workers:0 =====
SELECT * FROM (SELECT * FROM s_4 ORDER BY a, b, c, d) foo ORDER BY a, b, c, d, e LIMIT 1000
                                                            QUERY PLAN                                                             
-----------------------------------------------------------------------------------------------------------------------------------
 Limit  (cost=9971.90..9971.90 rows=1 width=20) (actual time=20.220..20.220 rows=0 loops=1)
   ->  Limit  (cost=9942.11..9961.90 rows=1000 width=20) (actual time=19.809..20.191 rows=1000 loops=1)
         ->  Incremental Sort  (cost=9942.11..11920.93 rows=100000 width=20) (actual time=19.808..20.136 rows=1000 loops=1)
               Sort Key: s_4.a, s_4.b, s_4.c, s_4.d, s_4.e
               Presorted Key: s_4.a, s_4.b, s_4.c, s_4.d
               Sort Method: quicksort  Memory: 27kB
               Sort Groups: 30
               ->  Sort  (cost=9941.82..10191.82 rows=100000 width=20) (actual time=19.755..19.795 rows=1014 loops=1)
                     Sort Key: s_4.a, s_4.b, s_4.c, s_4.d
                     Sort Method: quicksort  Memory: 10885kB
                     ->  Seq Scan on s_4  (cost=0.00..1637.00 rows=100000 width=20) (actual time=0.007..5.570 rows=100000 loops=1)
 Planning time: 0.227 ms
 Execution time: 20.705 ms
(13 rows)

===== 29 [Wed Mar  7 02:03:36 CET 2018] scale:100000 groups:10 work_mem:32MB incremental:off max_workers:0 =====
SELECT * FROM (SELECT * FROM s_1 ORDER BY a) foo ORDER BY a, b LIMIT 1000
                                                            QUERY PLAN                                                             
-----------------------------------------------------------------------------------------------------------------------------------
 Limit  (cost=16687.21..16687.21 rows=1 width=20) (actual time=27.542..27.542 rows=0 loops=1)
   ->  Limit  (cost=16674.71..16677.21 rows=1000 width=20) (actual time=27.420..27.514 rows=1000 loops=1)
         ->  Sort  (cost=16674.71..16924.71 rows=100000 width=20) (actual time=27.419..27.458 rows=1000 loops=1)
               Sort Key: s_1.a, s_1.b
               Sort Method: top-N heapsort  Memory: 176kB
               ->  Sort  (cost=9941.82..10191.82 rows=100000 width=20) (actual time=16.397..19.872 rows=100000 loops=1)
                     Sort Key: s_1.a
                     Sort Method: quicksort  Memory: 10885kB
                     ->  Seq Scan on s_1  (cost=0.00..1637.00 rows=100000 width=20) (actual time=0.007..5.599 rows=100000 loops=1)
 Planning time: 0.211 ms
 Execution time: 28.023 ms
(11 rows)

===== 30 [Wed Mar  7 02:03:37 CET 2018] scale:100000 groups:10 work_mem:32MB incremental:off max_workers:0 =====
SELECT * FROM (SELECT * FROM s_2 ORDER BY a, b) foo ORDER BY a, b, c LIMIT 1000
                                                            QUERY PLAN                                                             
-----------------------------------------------------------------------------------------------------------------------------------
 Limit  (cost=16687.21..16687.21 rows=1 width=20) (actual time=28.714..28.714 rows=0 loops=1)
   ->  Limit  (cost=16674.71..16677.21 rows=1000 width=20) (actual time=28.592..28.686 rows=1000 loops=1)
         ->  Sort  (cost=16674.71..16924.71 rows=100000 width=20) (actual time=28.591..28.630 rows=1000 loops=1)
               Sort Key: s_2.a, s_2.b, s_2.c
               Sort Method: top-N heapsort  Memory: 138kB
               ->  Sort  (cost=9941.82..10191.82 rows=100000 width=20) (actual time=17.719..21.207 rows=100000 loops=1)
                     Sort Key: s_2.a, s_2.b
                     Sort Method: quicksort  Memory: 10885kB
                     ->  Seq Scan on s_2  (cost=0.00..1637.00 rows=100000 width=20) (actual time=0.010..5.603 rows=100000 loops=1)
 Planning time: 0.207 ms
 Execution time: 29.199 ms
(11 rows)

===== 31 [Wed Mar  7 02:03:37 CET 2018] scale:100000 groups:10 work_mem:32MB incremental:off max_workers:0 =====
SELECT * FROM (SELECT * FROM s_3 ORDER BY a, b, c) foo ORDER BY a, b, c, d LIMIT 1000
                                                            QUERY PLAN                                                             
-----------------------------------------------------------------------------------------------------------------------------------
 Limit  (cost=16687.21..16687.21 rows=1 width=20) (actual time=30.504..30.504 rows=0 loops=1)
   ->  Limit  (cost=16674.71..16677.21 rows=1000 width=20) (actual time=30.383..30.476 rows=1000 loops=1)
         ->  Sort  (cost=16674.71..16924.71 rows=100000 width=20) (actual time=30.382..30.420 rows=1000 loops=1)
               Sort Key: s_3.a, s_3.b, s_3.c, s_3.d
               Sort Method: top-N heapsort  Memory: 128kB
               ->  Sort  (cost=9941.82..10191.82 rows=100000 width=20) (actual time=18.891..22.439 rows=100000 loops=1)
                     Sort Key: s_3.a, s_3.b, s_3.c
                     Sort Method: quicksort  Memory: 10885kB
                     ->  Seq Scan on s_3  (cost=0.00..1637.00 rows=100000 width=20) (actual time=0.010..5.562 rows=100000 loops=1)
 Planning time: 0.221 ms
 Execution time: 30.986 ms
(11 rows)

===== 32 [Wed Mar  7 02:03:37 CET 2018] scale:100000 groups:10 work_mem:32MB incremental:off max_workers:0 =====
SELECT * FROM (SELECT * FROM s_4 ORDER BY a, b, c, d) foo ORDER BY a, b, c, d, e LIMIT 1000
                                                            QUERY PLAN                                                             
-----------------------------------------------------------------------------------------------------------------------------------
 Limit  (cost=16687.21..16687.21 rows=1 width=20) (actual time=31.412..31.412 rows=0 loops=1)
   ->  Limit  (cost=16674.71..16677.21 rows=1000 width=20) (actual time=31.288..31.384 rows=1000 loops=1)
         ->  Sort  (cost=16674.71..16924.71 rows=100000 width=20) (actual time=31.287..31.326 rows=1000 loops=1)
               Sort Key: s_4.a, s_4.b, s_4.c, s_4.d, s_4.e
               Sort Method: top-N heapsort  Memory: 127kB
               ->  Sort  (cost=9941.82..10191.82 rows=100000 width=20) (actual time=19.716..23.272 rows=100000 loops=1)
                     Sort Key: s_4.a, s_4.b, s_4.c, s_4.d
                     Sort Method: quicksort  Memory: 10885kB
                     ->  Seq Scan on s_4  (cost=0.00..1637.00 rows=100000 width=20) (actual time=0.007..5.546 rows=100000 loops=1)
 Planning time: 0.220 ms
 Execution time: 31.898 ms
(11 rows)

===== 33 [Wed Mar  7 02:03:37 CET 2018] scale:100000 groups:10 work_mem:64MB incremental:on max_workers:0 =====
SELECT * FROM (SELECT * FROM s_1 ORDER BY a) foo ORDER BY a, b LIMIT 1000
                                                            QUERY PLAN                                                             
-----------------------------------------------------------------------------------------------------------------------------------
 Limit  (cost=10581.40..10581.40 rows=1 width=20) (actual time=17.676..17.676 rows=0 loops=1)
   ->  Limit  (cost=10553.90..10571.40 rows=1000 width=20) (actual time=17.549..17.646 rows=1000 loops=1)
         ->  Incremental Sort  (cost=10553.90..12304.12 rows=100000 width=20) (actual time=17.548..17.591 rows=1000 loops=1)
               Sort Key: s_1.a, s_1.b
               Presorted Key: s_1.a
               Sort Method: quicksort  Memory: 579kB
               Sort Groups: 1
               ->  Sort  (cost=9941.82..10191.82 rows=100000 width=20) (actual time=16.410..16.592 rows=4952 loops=1)
                     Sort Key: s_1.a
                     Sort Method: quicksort  Memory: 10885kB
                     ->  Seq Scan on s_1  (cost=0.00..1637.00 rows=100000 width=20) (actual time=0.007..5.630 rows=100000 loops=1)
 Planning time: 0.211 ms
 Execution time: 18.142 ms
(13 rows)

===== 34 [Wed Mar  7 02:03:37 CET 2018] scale:100000 groups:10 work_mem:64MB incremental:on max_workers:0 =====
SELECT * FROM (SELECT * FROM s_2 ORDER BY a, b) foo ORDER BY a, b, c LIMIT 1000
                                                            QUERY PLAN                                                             
-----------------------------------------------------------------------------------------------------------------------------------
 Limit  (cost=10019.83..10019.83 rows=1 width=20) (actual time=18.223..18.223 rows=0 loops=1)
   ->  Limit  (cost=9992.20..10009.83 rows=1000 width=20) (actual time=17.877..18.194 rows=1000 loops=1)
         ->  Incremental Sort  (cost=9992.20..11755.19 rows=100000 width=20) (actual time=17.877..18.139 rows=1000 loops=1)
               Sort Key: s_2.a, s_2.b, s_2.c
               Presorted Key: s_2.a, s_2.b
               Sort Method: quicksort  Memory: 66kB
               Sort Groups: 3
               ->  Sort  (cost=9941.82..10191.82 rows=100000 width=20) (actual time=17.776..17.820 rows=1214 loops=1)
                     Sort Key: s_2.a, s_2.b
                     Sort Method: quicksort  Memory: 10885kB
                     ->  Seq Scan on s_2  (cost=0.00..1637.00 rows=100000 width=20) (actual time=0.010..5.630 rows=100000 loops=1)
 Planning time: 0.212 ms
 Execution time: 18.706 ms
(13 rows)

===== 35 [Wed Mar  7 02:03:37 CET 2018] scale:100000 groups:10 work_mem:64MB incremental:on max_workers:0 =====
SELECT * FROM (SELECT * FROM s_3 ORDER BY a, b, c) foo ORDER BY a, b, c, d LIMIT 1000
                                                            QUERY PLAN                                                             
-----------------------------------------------------------------------------------------------------------------------------------
 Limit  (cost=9973.27..9973.27 rows=1 width=20) (actual time=19.416..19.416 rows=0 loops=1)
   ->  Limit  (cost=9945.10..9963.27 rows=1000 width=20) (actual time=19.028..19.387 rows=1000 loops=1)
         ->  Incremental Sort  (cost=9945.10..11762.10 rows=100000 width=20) (actual time=19.027..19.332 rows=1000 loops=1)
               Sort Key: s_3.a, s_3.b, s_3.c, s_3.d
               Presorted Key: s_3.a, s_3.b, s_3.c
               Sort Method: quicksort  Memory: 30kB
               Sort Groups: 20
               ->  Sort  (cost=9941.82..10191.82 rows=100000 width=20) (actual time=18.963..19.003 rows=1029 loops=1)
                     Sort Key: s_3.a, s_3.b, s_3.c
                     Sort Method: quicksort  Memory: 10885kB
                     ->  Seq Scan on s_3  (cost=0.00..1637.00 rows=100000 width=20) (actual time=0.010..5.587 rows=100000 loops=1)
 Planning time: 0.228 ms
 Execution time: 19.893 ms
(13 rows)

===== 36 [Wed Mar  7 02:03:38 CET 2018] scale:100000 groups:10 work_mem:64MB incremental:on max_workers:0 =====
SELECT * FROM (SELECT * FROM s_4 ORDER BY a, b, c, d) foo ORDER BY a, b, c, d, e LIMIT 1000
                                                            QUERY PLAN                                                             
-----------------------------------------------------------------------------------------------------------------------------------
 Limit  (cost=9971.90..9971.90 rows=1 width=20) (actual time=20.221..20.221 rows=0 loops=1)
   ->  Limit  (cost=9942.11..9961.90 rows=1000 width=20) (actual time=19.812..20.193 rows=1000 loops=1)
         ->  Incremental Sort  (cost=9942.11..11920.93 rows=100000 width=20) (actual time=19.811..20.137 rows=1000 loops=1)
               Sort Key: s_4.a, s_4.b, s_4.c, s_4.d, s_4.e
               Presorted Key: s_4.a, s_4.b, s_4.c, s_4.d
               Sort Method: quicksort  Memory: 27kB
               Sort Groups: 30
               ->  Sort  (cost=9941.82..10191.82 rows=100000 width=20) (actual time=19.751..19.792 rows=1014 loops=1)
                     Sort Key: s_4.a, s_4.b, s_4.c, s_4.d
                     Sort Method: quicksort  Memory: 10885kB
                     ->  Seq Scan on s_4  (cost=0.00..1637.00 rows=100000 width=20) (actual time=0.007..5.596 rows=100000 loops=1)
 Planning time: 0.232 ms
 Execution time: 20.695 ms
(13 rows)

===== 37 [Wed Mar  7 02:03:38 CET 2018] scale:100000 groups:10 work_mem:64MB incremental:off max_workers:0 =====
SELECT * FROM (SELECT * FROM s_1 ORDER BY a) foo ORDER BY a, b LIMIT 1000
                                                            QUERY PLAN                                                             
-----------------------------------------------------------------------------------------------------------------------------------
 Limit  (cost=16687.21..16687.21 rows=1 width=20) (actual time=27.552..27.552 rows=0 loops=1)
   ->  Limit  (cost=16674.71..16677.21 rows=1000 width=20) (actual time=27.429..27.524 rows=1000 loops=1)
         ->  Sort  (cost=16674.71..16924.71 rows=100000 width=20) (actual time=27.428..27.468 rows=1000 loops=1)
               Sort Key: s_1.a, s_1.b
               Sort Method: top-N heapsort  Memory: 176kB
               ->  Sort  (cost=9941.82..10191.82 rows=100000 width=20) (actual time=16.407..19.879 rows=100000 loops=1)
                     Sort Key: s_1.a
                     Sort Method: quicksort  Memory: 10885kB
                     ->  Seq Scan on s_1  (cost=0.00..1637.00 rows=100000 width=20) (actual time=0.007..5.571 rows=100000 loops=1)
 Planning time: 0.220 ms
 Execution time: 28.042 ms
(11 rows)

===== 38 [Wed Mar  7 02:03:38 CET 2018] scale:100000 groups:10 work_mem:64MB incremental:off max_workers:0 =====
SELECT * FROM (SELECT * FROM s_2 ORDER BY a, b) foo ORDER BY a, b, c LIMIT 1000
                                                            QUERY PLAN                                                             
-----------------------------------------------------------------------------------------------------------------------------------
 Limit  (cost=16687.21..16687.21 rows=1 width=20) (actual time=28.776..28.776 rows=0 loops=1)
   ->  Limit  (cost=16674.71..16677.21 rows=1000 width=20) (actual time=28.654..28.748 rows=1000 loops=1)
         ->  Sort  (cost=16674.71..16924.71 rows=100000 width=20) (actual time=28.653..28.692 rows=1000 loops=1)
               Sort Key: s_2.a, s_2.b, s_2.c
               Sort Method: top-N heapsort  Memory: 138kB
               ->  Sort  (cost=9941.82..10191.82 rows=100000 width=20) (actual time=17.751..21.263 rows=100000 loops=1)
                     Sort Key: s_2.a, s_2.b
                     Sort Method: quicksort  Memory: 10885kB
                     ->  Seq Scan on s_2  (cost=0.00..1637.00 rows=100000 width=20) (actual time=0.010..5.609 rows=100000 loops=1)
 Planning time: 0.214 ms
 Execution time: 29.262 ms
(11 rows)

===== 39 [Wed Mar  7 02:03:38 CET 2018] scale:100000 groups:10 work_mem:64MB incremental:off max_workers:0 =====
SELECT * FROM (SELECT * FROM s_3 ORDER BY a, b, c) foo ORDER BY a, b, c, d LIMIT 1000
                                                            QUERY PLAN                                                             
-----------------------------------------------------------------------------------------------------------------------------------
 Limit  (cost=16687.21..16687.21 rows=1 width=20) (actual time=30.505..30.505 rows=0 loops=1)
   ->  Limit  (cost=16674.71..16677.21 rows=1000 width=20) (actual time=30.380..30.476 rows=1000 loops=1)
         ->  Sort  (cost=16674.71..16924.71 rows=100000 width=20) (actual time=30.379..30.418 rows=1000 loops=1)
               Sort Key: s_3.a, s_3.b, s_3.c, s_3.d
               Sort Method: top-N heapsort  Memory: 128kB
               ->  Sort  (cost=9941.82..10191.82 rows=100000 width=20) (actual time=18.903..22.465 rows=100000 loops=1)
                     Sort Key: s_3.a, s_3.b, s_3.c
                     Sort Method: quicksort  Memory: 10885kB
                     ->  Seq Scan on s_3  (cost=0.00..1637.00 rows=100000 width=20) (actual time=0.010..5.554 rows=100000 loops=1)
 Planning time: 0.220 ms
 Execution time: 30.986 ms
(11 rows)

===== 40 [Wed Mar  7 02:03:38 CET 2018] scale:100000 groups:10 work_mem:64MB incremental:off max_workers:0 =====
SELECT * FROM (SELECT * FROM s_4 ORDER BY a, b, c, d) foo ORDER BY a, b, c, d, e LIMIT 1000
                                                            QUERY PLAN                                                             
-----------------------------------------------------------------------------------------------------------------------------------
 Limit  (cost=16687.21..16687.21 rows=1 width=20) (actual time=31.369..31.369 rows=0 loops=1)
   ->  Limit  (cost=16674.71..16677.21 rows=1000 width=20) (actual time=31.247..31.341 rows=1000 loops=1)
         ->  Sort  (cost=16674.71..16924.71 rows=100000 width=20) (actual time=31.247..31.285 rows=1000 loops=1)
               Sort Key: s_4.a, s_4.b, s_4.c, s_4.d, s_4.e
               Sort Method: top-N heapsort  Memory: 127kB
               ->  Sort  (cost=9941.82..10191.82 rows=100000 width=20) (actual time=19.691..23.251 rows=100000 loops=1)
                     Sort Key: s_4.a, s_4.b, s_4.c, s_4.d
                     Sort Method: quicksort  Memory: 10885kB
                     ->  Seq Scan on s_4  (cost=0.00..1637.00 rows=100000 width=20) (actual time=0.007..5.545 rows=100000 loops=1)
 Planning time: 0.226 ms
 Execution time: 31.859 ms
(11 rows)

===== 41 [Wed Mar  7 02:03:39 CET 2018] scale:100000 groups:10 work_mem:128MB incremental:on max_workers:0 =====
SELECT * FROM (SELECT * FROM s_1 ORDER BY a) foo ORDER BY a, b LIMIT 1000
                                                            QUERY PLAN                                                             
-----------------------------------------------------------------------------------------------------------------------------------
 Limit  (cost=10581.40..10581.40 rows=1 width=20) (actual time=17.758..17.758 rows=0 loops=1)
   ->  Limit  (cost=10553.90..10571.40 rows=1000 width=20) (actual time=17.628..17.727 rows=1000 loops=1)
         ->  Incremental Sort  (cost=10553.90..12304.12 rows=100000 width=20) (actual time=17.628..17.671 rows=1000 loops=1)
               Sort Key: s_1.a, s_1.b
               Presorted Key: s_1.a
               Sort Method: quicksort  Memory: 579kB
               Sort Groups: 1
               ->  Sort  (cost=9941.82..10191.82 rows=100000 width=20) (actual time=16.492..16.673 rows=4952 loops=1)
                     Sort Key: s_1.a
                     Sort Method: quicksort  Memory: 10885kB
                     ->  Seq Scan on s_1  (cost=0.00..1637.00 rows=100000 width=20) (actual time=0.007..5.608 rows=100000 loops=1)
 Planning time: 0.219 ms
 Execution time: 18.223 ms
(13 rows)

===== 42 [Wed Mar  7 02:03:39 CET 2018] scale:100000 groups:10 work_mem:128MB incremental:on max_workers:0 =====
SELECT * FROM (SELECT * FROM s_2 ORDER BY a, b) foo ORDER BY a, b, c LIMIT 1000
                                                            QUERY PLAN                                                             
-----------------------------------------------------------------------------------------------------------------------------------
 Limit  (cost=10019.83..10019.83 rows=1 width=20) (actual time=18.245..18.245 rows=0 loops=1)
   ->  Limit  (cost=9992.20..10009.83 rows=1000 width=20) (actual time=17.893..18.217 rows=1000 loops=1)
         ->  Incremental Sort  (cost=9992.20..11755.19 rows=100000 width=20) (actual time=17.893..18.161 rows=1000 loops=1)
               Sort Key: s_2.a, s_2.b, s_2.c
               Presorted Key: s_2.a, s_2.b
               Sort Method: quicksort  Memory: 66kB
               Sort Groups: 3
               ->  Sort  (cost=9941.82..10191.82 rows=100000 width=20) (actual time=17.789..17.839 rows=1214 loops=1)
                     Sort Key: s_2.a, s_2.b
                     Sort Method: quicksort  Memory: 10885kB
                     ->  Seq Scan on s_2  (cost=0.00..1637.00 rows=100000 width=20) (actual time=0.011..5.623 rows=100000 loops=1)
 Planning time: 0.218 ms
 Execution time: 18.720 ms
(13 rows)

===== 43 [Wed Mar  7 02:03:39 CET 2018] scale:100000 groups:10 work_mem:128MB incremental:on max_workers:0 =====
SELECT * FROM (SELECT * FROM s_3 ORDER BY a, b, c) foo ORDER BY a, b, c, d LIMIT 1000
                                                            QUERY PLAN                                                             
-----------------------------------------------------------------------------------------------------------------------------------
 Limit  (cost=9973.27..9973.27 rows=1 width=20) (actual time=19.472..19.472 rows=0 loops=1)
   ->  Limit  (cost=9945.10..9963.27 rows=1000 width=20) (actual time=19.080..19.442 rows=1000 loops=1)
         ->  Incremental Sort  (cost=9945.10..11762.10 rows=100000 width=20) (actual time=19.080..19.382 rows=1000 loops=1)
               Sort Key: s_3.a, s_3.b, s_3.c, s_3.d
               Presorted Key: s_3.a, s_3.b, s_3.c
               Sort Method: quicksort  Memory: 30kB
               Sort Groups: 20
               ->  Sort  (cost=9941.82..10191.82 rows=100000 width=20) (actual time=19.014..19.054 rows=1029 loops=1)
                     Sort Key: s_3.a, s_3.b, s_3.c
                     Sort Method: quicksort  Memory: 10885kB
                     ->  Seq Scan on s_3  (cost=0.00..1637.00 rows=100000 width=20) (actual time=0.010..5.591 rows=100000 loops=1)
 Planning time: 0.226 ms
 Execution time: 19.950 ms
(13 rows)

===== 44 [Wed Mar  7 02:03:39 CET 2018] scale:100000 groups:10 work_mem:128MB incremental:on max_workers:0 =====
SELECT * FROM (SELECT * FROM s_4 ORDER BY a, b, c, d) foo ORDER BY a, b, c, d, e LIMIT 1000
                                                            QUERY PLAN                                                             
-----------------------------------------------------------------------------------------------------------------------------------
 Limit  (cost=9971.90..9971.90 rows=1 width=20) (actual time=20.214..20.214 rows=0 loops=1)
   ->  Limit  (cost=9942.11..9961.90 rows=1000 width=20) (actual time=19.802..20.185 rows=1000 loops=1)
         ->  Incremental Sort  (cost=9942.11..11920.93 rows=100000 width=20) (actual time=19.801..20.129 rows=1000 loops=1)
               Sort Key: s_4.a, s_4.b, s_4.c, s_4.d, s_4.e
               Presorted Key: s_4.a, s_4.b, s_4.c, s_4.d
               Sort Method: quicksort  Memory: 27kB
               Sort Groups: 30
               ->  Sort  (cost=9941.82..10191.82 rows=100000 width=20) (actual time=19.747..19.788 rows=1014 loops=1)
                     Sort Key: s_4.a, s_4.b, s_4.c, s_4.d
                     Sort Method: quicksort  Memory: 10885kB
                     ->  Seq Scan on s_4  (cost=0.00..1637.00 rows=100000 width=20) (actual time=0.006..5.594 rows=100000 loops=1)
 Planning time: 0.228 ms
 Execution time: 20.697 ms
(13 rows)

===== 45 [Wed Mar  7 02:03:39 CET 2018] scale:100000 groups:10 work_mem:128MB incremental:off max_workers:0 =====
SELECT * FROM (SELECT * FROM s_1 ORDER BY a) foo ORDER BY a, b LIMIT 1000
                                                            QUERY PLAN                                                             
-----------------------------------------------------------------------------------------------------------------------------------
 Limit  (cost=16687.21..16687.21 rows=1 width=20) (actual time=27.592..27.592 rows=0 loops=1)
   ->  Limit  (cost=16674.71..16677.21 rows=1000 width=20) (actual time=27.466..27.564 rows=1000 loops=1)
         ->  Sort  (cost=16674.71..16924.71 rows=100000 width=20) (actual time=27.466..27.508 rows=1000 loops=1)
               Sort Key: s_1.a, s_1.b
               Sort Method: top-N heapsort  Memory: 176kB
               ->  Sort  (cost=9941.82..10191.82 rows=100000 width=20) (actual time=16.438..19.914 rows=100000 loops=1)
                     Sort Key: s_1.a
                     Sort Method: quicksort  Memory: 10885kB
                     ->  Seq Scan on s_1  (cost=0.00..1637.00 rows=100000 width=20) (actual time=0.007..5.591 rows=100000 loops=1)
 Planning time: 0.207 ms
 Execution time: 28.079 ms
(11 rows)

===== 46 [Wed Mar  7 02:03:39 CET 2018] scale:100000 groups:10 work_mem:128MB incremental:off max_workers:0 =====
SELECT * FROM (SELECT * FROM s_2 ORDER BY a, b) foo ORDER BY a, b, c LIMIT 1000
                                                            QUERY PLAN                                                             
-----------------------------------------------------------------------------------------------------------------------------------
 Limit  (cost=16687.21..16687.21 rows=1 width=20) (actual time=28.722..28.722 rows=0 loops=1)
   ->  Limit  (cost=16674.71..16677.21 rows=1000 width=20) (actual time=28.600..28.694 rows=1000 loops=1)
         ->  Sort  (cost=16674.71..16924.71 rows=100000 width=20) (actual time=28.599..28.638 rows=1000 loops=1)
               Sort Key: s_2.a, s_2.b, s_2.c
               Sort Method: top-N heapsort  Memory: 138kB
               ->  Sort  (cost=9941.82..10191.82 rows=100000 width=20) (actual time=17.729..21.227 rows=100000 loops=1)
                     Sort Key: s_2.a, s_2.b
                     Sort Method: quicksort  Memory: 10885kB
                     ->  Seq Scan on s_2  (cost=0.00..1637.00 rows=100000 width=20) (actual time=0.010..5.602 rows=100000 loops=1)
 Planning time: 0.220 ms
 Execution time: 29.209 ms
(11 rows)

===== 47 [Wed Mar  7 02:03:40 CET 2018] scale:100000 groups:10 work_mem:128MB incremental:off max_workers:0 =====
SELECT * FROM (SELECT * FROM s_3 ORDER BY a, b, c) foo ORDER BY a, b, c, d LIMIT 1000
                                                            QUERY PLAN                                                             
-----------------------------------------------------------------------------------------------------------------------------------
 Limit  (cost=16687.21..16687.21 rows=1 width=20) (actual time=30.516..30.516 rows=0 loops=1)
   ->  Limit  (cost=16674.71..16677.21 rows=1000 width=20) (actual time=30.394..30.487 rows=1000 loops=1)
         ->  Sort  (cost=16674.71..16924.71 rows=100000 width=20) (actual time=30.394..30.432 rows=1000 loops=1)
               Sort Key: s_3.a, s_3.b, s_3.c, s_3.d
               Sort Method: top-N heapsort  Memory: 128kB
               ->  Sort  (cost=9941.82..10191.82 rows=100000 width=20) (actual time=18.915..22.462 rows=100000 loops=1)
                     Sort Key: s_3.a, s_3.b, s_3.c
                     Sort Method: quicksort  Memory: 10885kB
                     ->  Seq Scan on s_3  (cost=0.00..1637.00 rows=100000 width=20) (actual time=0.010..5.550 rows=100000 loops=1)
 Planning time: 0.220 ms
 Execution time: 31.006 ms
(11 rows)

===== 48 [Wed Mar  7 02:03:40 CET 2018] scale:100000 groups:10 work_mem:128MB incremental:off max_workers:0 =====
SELECT * FROM (SELECT * FROM s_4 ORDER BY a, b, c, d) foo ORDER BY a, b, c, d, e LIMIT 1000
                                                            QUERY PLAN                                                             
-----------------------------------------------------------------------------------------------------------------------------------
 Limit  (cost=16687.21..16687.21 rows=1 width=20) (actual time=31.409..31.409 rows=0 loops=1)
   ->  Limit  (cost=16674.71..16677.21 rows=1000 width=20) (actual time=31.287..31.380 rows=1000 loops=1)
         ->  Sort  (cost=16674.71..16924.71 rows=100000 width=20) (actual time=31.286..31.325 rows=1000 loops=1)
               Sort Key: s_4.a, s_4.b, s_4.c, s_4.d, s_4.e
               Sort Method: top-N heapsort  Memory: 127kB
               ->  Sort  (cost=9941.82..10191.82 rows=100000 width=20) (actual time=19.717..23.271 rows=100000 loops=1)
                     Sort Key: s_4.a, s_4.b, s_4.c, s_4.d
                     Sort Method: quicksort  Memory: 10885kB
                     ->  Seq Scan on s_4  (cost=0.00..1637.00 rows=100000 width=20) (actual time=0.007..5.566 rows=100000 loops=1)
 Planning time: 0.229 ms
 Execution time: 31.894 ms
(11 rows)

===== 49 [Wed Mar  7 02:03:40 CET 2018] scale:100000 groups:10 work_mem:256MB incremental:on max_workers:0 =====
SELECT * FROM (SELECT * FROM s_1 ORDER BY a) foo ORDER BY a, b LIMIT 1000
                                                            QUERY PLAN                                                             
-----------------------------------------------------------------------------------------------------------------------------------
 Limit  (cost=10581.40..10581.40 rows=1 width=20) (actual time=17.729..17.729 rows=0 loops=1)
   ->  Limit  (cost=10553.90..10571.40 rows=1000 width=20) (actual time=17.604..17.701 rows=1000 loops=1)
         ->  Incremental Sort  (cost=10553.90..12304.12 rows=100000 width=20) (actual time=17.603..17.645 rows=1000 loops=1)
               Sort Key: s_1.a, s_1.b
               Presorted Key: s_1.a
               Sort Method: quicksort  Memory: 579kB
               Sort Groups: 1
               ->  Sort  (cost=9941.82..10191.82 rows=100000 width=20) (actual time=16.467..16.650 rows=4952 loops=1)
                     Sort Key: s_1.a
                     Sort Method: quicksort  Memory: 10885kB
                     ->  Seq Scan on s_1  (cost=0.00..1637.00 rows=100000 width=20) (actual time=0.007..5.623 rows=100000 loops=1)
 Planning time: 0.214 ms
 Execution time: 18.197 ms
(13 rows)

===== 50 [Wed Mar  7 02:03:40 CET 2018] scale:100000 groups:10 work_mem:256MB incremental:on max_workers:0 =====
SELECT * FROM (SELECT * FROM s_2 ORDER BY a, b) foo ORDER BY a, b, c LIMIT 1000
                                                            QUERY PLAN                                                             
-----------------------------------------------------------------------------------------------------------------------------------
 Limit  (cost=10019.83..10019.83 rows=1 width=20) (actual time=18.295..18.295 rows=0 loops=1)
   ->  Limit  (cost=9992.20..10009.83 rows=1000 width=20) (actual time=17.943..18.267 rows=1000 loops=1)
         ->  Incremental Sort  (cost=9992.20..11755.19 rows=100000 width=20) (actual time=17.942..18.205 rows=1000 loops=1)
               Sort Key: s_2.a, s_2.b, s_2.c
               Presorted Key: s_2.a, s_2.b
               Sort Method: quicksort  Memory: 66kB
               Sort Groups: 3
               ->  Sort  (cost=9941.82..10191.82 rows=100000 width=20) (actual time=17.841..17.885 rows=1214 loops=1)
                     Sort Key: s_2.a, s_2.b
                     Sort Method: quicksort  Memory: 10885kB
                     ->  Seq Scan on s_2  (cost=0.00..1637.00 rows=100000 width=20) (actual time=0.010..5.636 rows=100000 loops=1)
 Planning time: 0.218 ms
 Execution time: 18.770 ms
(13 rows)

===== 51 [Wed Mar  7 02:03:40 CET 2018] scale:100000 groups:10 work_mem:256MB incremental:on max_workers:0 =====
SELECT * FROM (SELECT * FROM s_3 ORDER BY a, b, c) foo ORDER BY a, b, c, d LIMIT 1000
                                                            QUERY PLAN                                                             
-----------------------------------------------------------------------------------------------------------------------------------
 Limit  (cost=9973.27..9973.27 rows=1 width=20) (actual time=19.451..19.451 rows=0 loops=1)
   ->  Limit  (cost=9945.10..9963.27 rows=1000 width=20) (actual time=19.058..19.421 rows=1000 loops=1)
         ->  Incremental Sort  (cost=9945.10..11762.10 rows=100000 width=20) (actual time=19.058..19.366 rows=1000 loops=1)
               Sort Key: s_3.a, s_3.b, s_3.c, s_3.d
               Presorted Key: s_3.a, s_3.b, s_3.c
               Sort Method: quicksort  Memory: 30kB
               Sort Groups: 20
               ->  Sort  (cost=9941.82..10191.82 rows=100000 width=20) (actual time=18.994..19.034 rows=1029 loops=1)
                     Sort Key: s_3.a, s_3.b, s_3.c
                     Sort Method: quicksort  Memory: 10885kB
                     ->  Seq Scan on s_3  (cost=0.00..1637.00 rows=100000 width=20) (actual time=0.010..5.598 rows=100000 loops=1)
 Planning time: 0.231 ms
 Execution time: 19.926 ms
(13 rows)

===== 52 [Wed Mar  7 02:03:41 CET 2018] scale:100000 groups:10 work_mem:256MB incremental:on max_workers:0 =====
SELECT * FROM (SELECT * FROM s_4 ORDER BY a, b, c, d) foo ORDER BY a, b, c, d, e LIMIT 1000
                                                            QUERY PLAN                                                             
-----------------------------------------------------------------------------------------------------------------------------------
 Limit  (cost=9971.90..9971.90 rows=1 width=20) (actual time=20.235..20.235 rows=0 loops=1)
   ->  Limit  (cost=9942.11..9961.90 rows=1000 width=20) (actual time=19.823..20.206 rows=1000 loops=1)
         ->  Incremental Sort  (cost=9942.11..11920.93 rows=100000 width=20) (actual time=19.823..20.151 rows=1000 loops=1)
               Sort Key: s_4.a, s_4.b, s_4.c, s_4.d, s_4.e
               Presorted Key: s_4.a, s_4.b, s_4.c, s_4.d
               Sort Method: quicksort  Memory: 27kB
               Sort Groups: 30
               ->  Sort  (cost=9941.82..10191.82 rows=100000 width=20) (actual time=19.768..19.809 rows=1014 loops=1)
                     Sort Key: s_4.a, s_4.b, s_4.c, s_4.d
                     Sort Method: quicksort  Memory: 10885kB
                     ->  Seq Scan on s_4  (cost=0.00..1637.00 rows=100000 width=20) (actual time=0.007..5.578 rows=100000 loops=1)
 Planning time: 0.229 ms
 Execution time: 20.716 ms
(13 rows)

===== 53 [Wed Mar  7 02:03:41 CET 2018] scale:100000 groups:10 work_mem:256MB incremental:off max_workers:0 =====
SELECT * FROM (SELECT * FROM s_1 ORDER BY a) foo ORDER BY a, b LIMIT 1000
                                                            QUERY PLAN                                                             
-----------------------------------------------------------------------------------------------------------------------------------
 Limit  (cost=16687.21..16687.21 rows=1 width=20) (actual time=27.536..27.536 rows=0 loops=1)
   ->  Limit  (cost=16674.71..16677.21 rows=1000 width=20) (actual time=27.414..27.508 rows=1000 loops=1)
         ->  Sort  (cost=16674.71..16924.71 rows=100000 width=20) (actual time=27.414..27.453 rows=1000 loops=1)
               Sort Key: s_1.a, s_1.b
               Sort Method: top-N heapsort  Memory: 176kB
               ->  Sort  (cost=9941.82..10191.82 rows=100000 width=20) (actual time=16.391..19.872 rows=100000 loops=1)
                     Sort Key: s_1.a
                     Sort Method: quicksort  Memory: 10885kB
                     ->  Seq Scan on s_1  (cost=0.00..1637.00 rows=100000 width=20) (actual time=0.007..5.588 rows=100000 loops=1)
 Planning time: 0.210 ms
 Execution time: 28.020 ms
(11 rows)

===== 54 [Wed Mar  7 02:03:41 CET 2018] scale:100000 groups:10 work_mem:256MB incremental:off max_workers:0 =====
SELECT * FROM (SELECT * FROM s_2 ORDER BY a, b) foo ORDER BY a, b, c LIMIT 1000
                                                            QUERY PLAN                                                             
-----------------------------------------------------------------------------------------------------------------------------------
 Limit  (cost=16687.21..16687.21 rows=1 width=20) (actual time=28.738..28.738 rows=0 loops=1)
   ->  Limit  (cost=16674.71..16677.21 rows=1000 width=20) (actual time=28.616..28.710 rows=1000 loops=1)
         ->  Sort  (cost=16674.71..16924.71 rows=100000 width=20) (actual time=28.616..28.655 rows=1000 loops=1)
               Sort Key: s_2.a, s_2.b, s_2.c
               Sort Method: top-N heapsort  Memory: 138kB
               ->  Sort  (cost=9941.82..10191.82 rows=100000 width=20) (actual time=17.746..21.242 rows=100000 loops=1)
                     Sort Key: s_2.a, s_2.b
                     Sort Method: quicksort  Memory: 10885kB
                     ->  Seq Scan on s_2  (cost=0.00..1637.00 rows=100000 width=20) (actual time=0.010..5.602 rows=100000 loops=1)
 Planning time: 0.216 ms
 Execution time: 29.227 ms
(11 rows)

===== 55 [Wed Mar  7 02:03:41 CET 2018] scale:100000 groups:10 work_mem:256MB incremental:off max_workers:0 =====
SELECT * FROM (SELECT * FROM s_3 ORDER BY a, b, c) foo ORDER BY a, b, c, d LIMIT 1000
                                                            QUERY PLAN                                                             
-----------------------------------------------------------------------------------------------------------------------------------
 Limit  (cost=16687.21..16687.21 rows=1 width=20) (actual time=30.483..30.483 rows=0 loops=1)
   ->  Limit  (cost=16674.71..16677.21 rows=1000 width=20) (actual time=30.361..30.454 rows=1000 loops=1)
         ->  Sort  (cost=16674.71..16924.71 rows=100000 width=20) (actual time=30.360..30.399 rows=1000 loops=1)
               Sort Key: s_3.a, s_3.b, s_3.c, s_3.d
               Sort Method: top-N heapsort  Memory: 128kB
               ->  Sort  (cost=9941.82..10191.82 rows=100000 width=20) (actual time=18.907..22.463 rows=100000 loops=1)
                     Sort Key: s_3.a, s_3.b, s_3.c
                     Sort Method: quicksort  Memory: 10885kB
                     ->  Seq Scan on s_3  (cost=0.00..1637.00 rows=100000 width=20) (actual time=0.010..5.549 rows=100000 loops=1)
 Planning time: 0.223 ms
 Execution time: 30.970 ms
(11 rows)

===== 56 [Wed Mar  7 02:03:41 CET 2018] scale:100000 groups:10 work_mem:256MB incremental:off max_workers:0 =====
SELECT * FROM (SELECT * FROM s_4 ORDER BY a, b, c, d) foo ORDER BY a, b, c, d, e LIMIT 1000
                                                            QUERY PLAN                                                             
-----------------------------------------------------------------------------------------------------------------------------------
 Limit  (cost=16687.21..16687.21 rows=1 width=20) (actual time=31.373..31.373 rows=0 loops=1)
   ->  Limit  (cost=16674.71..16677.21 rows=1000 width=20) (actual time=31.251..31.344 rows=1000 loops=1)
         ->  Sort  (cost=16674.71..16924.71 rows=100000 width=20) (actual time=31.250..31.289 rows=1000 loops=1)
               Sort Key: s_4.a, s_4.b, s_4.c, s_4.d, s_4.e
               Sort Method: top-N heapsort  Memory: 127kB
               ->  Sort  (cost=9941.82..10191.82 rows=100000 width=20) (actual time=19.680..23.225 rows=100000 loops=1)
                     Sort Key: s_4.a, s_4.b, s_4.c, s_4.d
                     Sort Method: quicksort  Memory: 10885kB
                     ->  Seq Scan on s_4  (cost=0.00..1637.00 rows=100000 width=20) (actual time=0.007..5.540 rows=100000 loops=1)
 Planning time: 0.230 ms
 Execution time: 31.861 ms
(11 rows)

===== 57 [Wed Mar  7 02:03:42 CET 2018] scale:100000 groups:10 work_mem:4MB incremental:on max_workers:2 =====
SELECT * FROM (SELECT * FROM s_1 ORDER BY a) foo ORDER BY a, b LIMIT 1000
                                                            QUERY PLAN                                                             
-----------------------------------------------------------------------------------------------------------------------------------
 Limit  (cost=12632.40..12632.40 rows=1 width=20) (actual time=22.621..22.621 rows=0 loops=1)
   ->  Limit  (cost=12604.90..12622.40 rows=1000 width=20) (actual time=22.495..22.592 rows=1000 loops=1)
         ->  Incremental Sort  (cost=12604.90..14355.12 rows=100000 width=20) (actual time=22.494..22.537 rows=1000 loops=1)
               Sort Key: s_1.a, s_1.b
               Presorted Key: s_1.a
               Sort Method: quicksort  Memory: 579kB
               Sort Groups: 1
               ->  Sort  (cost=11992.82..12242.82 rows=100000 width=20) (actual time=21.262..21.700 rows=4952 loops=1)
                     Sort Key: s_1.a
                     Sort Method: external merge  Disk: 2936kB
                     ->  Seq Scan on s_1  (cost=0.00..1637.00 rows=100000 width=20) (actual time=0.007..5.485 rows=100000 loops=1)
 Planning time: 0.230 ms
 Execution time: 23.205 ms
(13 rows)

===== 58 [Wed Mar  7 02:03:42 CET 2018] scale:100000 groups:10 work_mem:4MB incremental:on max_workers:2 =====
SELECT * FROM (SELECT * FROM s_2 ORDER BY a, b) foo ORDER BY a, b, c LIMIT 1000
                                                            QUERY PLAN                                                             
-----------------------------------------------------------------------------------------------------------------------------------
 Limit  (cost=12070.83..12070.83 rows=1 width=20) (actual time=22.934..22.934 rows=0 loops=1)
   ->  Limit  (cost=12043.20..12060.83 rows=1000 width=20) (actual time=22.544..22.906 rows=1000 loops=1)
         ->  Incremental Sort  (cost=12043.20..13806.19 rows=100000 width=20) (actual time=22.543..22.850 rows=1000 loops=1)
               Sort Key: s_2.a, s_2.b, s_2.c
               Presorted Key: s_2.a, s_2.b
               Sort Method: quicksort  Memory: 66kB
               Sort Groups: 3
               ->  Sort  (cost=11992.82..12242.82 rows=100000 width=20) (actual time=22.440..22.548 rows=1214 loops=1)
                     Sort Key: s_2.a, s_2.b
                     Sort Method: external merge  Disk: 2936kB
                     ->  Seq Scan on s_2  (cost=0.00..1637.00 rows=100000 width=20) (actual time=0.010..5.527 rows=100000 loops=1)
 Planning time: 0.221 ms
 Execution time: 23.499 ms
(13 rows)

===== 59 [Wed Mar  7 02:03:42 CET 2018] scale:100000 groups:10 work_mem:4MB incremental:on max_workers:2 =====
SELECT * FROM (SELECT * FROM s_3 ORDER BY a, b, c) foo ORDER BY a, b, c, d LIMIT 1000
                                                            QUERY PLAN                                                             
-----------------------------------------------------------------------------------------------------------------------------------
 Limit  (cost=12024.27..12024.27 rows=1 width=20) (actual time=24.101..24.101 rows=0 loops=1)
   ->  Limit  (cost=11996.10..12014.27 rows=1000 width=20) (actual time=23.672..24.071 rows=1000 loops=1)
         ->  Incremental Sort  (cost=11996.10..13813.10 rows=100000 width=20) (actual time=23.671..24.016 rows=1000 loops=1)
               Sort Key: s_3.a, s_3.b, s_3.c, s_3.d
               Presorted Key: s_3.a, s_3.b, s_3.c
               Sort Method: quicksort  Memory: 30kB
               Sort Groups: 20
               ->  Sort  (cost=11992.82..12242.82 rows=100000 width=20) (actual time=23.610..23.704 rows=1029 loops=1)
                     Sort Key: s_3.a, s_3.b, s_3.c
                     Sort Method: external merge  Disk: 2936kB
                     ->  Seq Scan on s_3  (cost=0.00..1637.00 rows=100000 width=20) (actual time=0.010..5.451 rows=100000 loops=1)
 Planning time: 0.232 ms
 Execution time: 24.649 ms
(13 rows)

===== 60 [Wed Mar  7 02:03:42 CET 2018] scale:100000 groups:10 work_mem:4MB incremental:on max_workers:2 =====
SELECT * FROM (SELECT * FROM s_4 ORDER BY a, b, c, d) foo ORDER BY a, b, c, d, e LIMIT 1000
                                                            QUERY PLAN                                                             
-----------------------------------------------------------------------------------------------------------------------------------
 Limit  (cost=12022.90..12022.90 rows=1 width=20) (actual time=24.944..24.944 rows=0 loops=1)
   ->  Limit  (cost=11993.11..12012.90 rows=1000 width=20) (actual time=24.493..24.915 rows=1000 loops=1)
         ->  Incremental Sort  (cost=11993.11..13971.93 rows=100000 width=20) (actual time=24.493..24.859 rows=1000 loops=1)
               Sort Key: s_4.a, s_4.b, s_4.c, s_4.d, s_4.e
               Presorted Key: s_4.a, s_4.b, s_4.c, s_4.d
               Sort Method: quicksort  Memory: 27kB
               Sort Groups: 30
               ->  Sort  (cost=11992.82..12242.82 rows=100000 width=20) (actual time=24.437..24.531 rows=1014 loops=1)
                     Sort Key: s_4.a, s_4.b, s_4.c, s_4.d
                     Sort Method: external merge  Disk: 2936kB
                     ->  Seq Scan on s_4  (cost=0.00..1637.00 rows=100000 width=20) (actual time=0.007..5.451 rows=100000 loops=1)
 Planning time: 0.237 ms
 Execution time: 25.515 ms
(13 rows)

===== 61 [Wed Mar  7 02:03:42 CET 2018] scale:100000 groups:10 work_mem:4MB incremental:off max_workers:2 =====
SELECT * FROM (SELECT * FROM s_1 ORDER BY a) foo ORDER BY a, b LIMIT 1000
                                                            QUERY PLAN                                                             
-----------------------------------------------------------------------------------------------------------------------------------
 Limit  (cost=18738.21..18738.21 rows=1 width=20) (actual time=36.359..36.359 rows=0 loops=1)
   ->  Limit  (cost=18725.71..18728.21 rows=1000 width=20) (actual time=36.237..36.331 rows=1000 loops=1)
         ->  Sort  (cost=18725.71..18975.71 rows=100000 width=20) (actual time=36.236..36.275 rows=1000 loops=1)
               Sort Key: s_1.a, s_1.b
               Sort Method: top-N heapsort  Memory: 176kB
               ->  Sort  (cost=11992.82..12242.82 rows=100000 width=20) (actual time=21.140..29.460 rows=100000 loops=1)
                     Sort Key: s_1.a
                     Sort Method: external merge  Disk: 2936kB
                     ->  Seq Scan on s_1  (cost=0.00..1637.00 rows=100000 width=20) (actual time=0.007..5.474 rows=100000 loops=1)
 Planning time: 0.221 ms
 Execution time: 36.955 ms
(11 rows)

===== 62 [Wed Mar  7 02:03:43 CET 2018] scale:100000 groups:10 work_mem:4MB incremental:off max_workers:2 =====
SELECT * FROM (SELECT * FROM s_2 ORDER BY a, b) foo ORDER BY a, b, c LIMIT 1000
                                                            QUERY PLAN                                                             
-----------------------------------------------------------------------------------------------------------------------------------
 Limit  (cost=18738.21..18738.21 rows=1 width=20) (actual time=37.455..37.455 rows=0 loops=1)
   ->  Limit  (cost=18725.71..18728.21 rows=1000 width=20) (actual time=37.334..37.427 rows=1000 loops=1)
         ->  Sort  (cost=18725.71..18975.71 rows=100000 width=20) (actual time=37.333..37.371 rows=1000 loops=1)
               Sort Key: s_2.a, s_2.b, s_2.c
               Sort Method: top-N heapsort  Memory: 138kB
               ->  Sort  (cost=11992.82..12242.82 rows=100000 width=20) (actual time=22.313..30.696 rows=100000 loops=1)
                     Sort Key: s_2.a, s_2.b
                     Sort Method: external merge  Disk: 2936kB
                     ->  Seq Scan on s_2  (cost=0.00..1637.00 rows=100000 width=20) (actual time=0.010..5.501 rows=100000 loops=1)
 Planning time: 0.218 ms
 Execution time: 38.024 ms
(11 rows)

===== 63 [Wed Mar  7 02:03:43 CET 2018] scale:100000 groups:10 work_mem:4MB incremental:off max_workers:2 =====
SELECT * FROM (SELECT * FROM s_3 ORDER BY a, b, c) foo ORDER BY a, b, c, d LIMIT 1000
                                                            QUERY PLAN                                                             
-----------------------------------------------------------------------------------------------------------------------------------
 Limit  (cost=18738.21..18738.21 rows=1 width=20) (actual time=39.975..39.975 rows=0 loops=1)
   ->  Limit  (cost=18725.71..18728.21 rows=1000 width=20) (actual time=39.853..39.947 rows=1000 loops=1)
         ->  Sort  (cost=18725.71..18975.71 rows=100000 width=20) (actual time=39.852..39.891 rows=1000 loops=1)
               Sort Key: s_3.a, s_3.b, s_3.c, s_3.d
               Sort Method: top-N heapsort  Memory: 128kB
               ->  Sort  (cost=11992.82..12242.82 rows=100000 width=20) (actual time=23.641..32.720 rows=100000 loops=1)
                     Sort Key: s_3.a, s_3.b, s_3.c
                     Sort Method: external merge  Disk: 2936kB
                     ->  Seq Scan on s_3  (cost=0.00..1637.00 rows=100000 width=20) (actual time=0.010..5.425 rows=100000 loops=1)
 Planning time: 0.226 ms
 Execution time: 40.553 ms
(11 rows)

===== 64 [Wed Mar  7 02:03:43 CET 2018] scale:100000 groups:10 work_mem:4MB incremental:off max_workers:2 =====
SELECT * FROM (SELECT * FROM s_4 ORDER BY a, b, c, d) foo ORDER BY a, b, c, d, e LIMIT 1000
                                                            QUERY PLAN                                                             
-----------------------------------------------------------------------------------------------------------------------------------
 Limit  (cost=18738.21..18738.21 rows=1 width=20) (actual time=40.828..40.828 rows=0 loops=1)
   ->  Limit  (cost=18725.71..18728.21 rows=1000 width=20) (actual time=40.705..40.799 rows=1000 loops=1)
         ->  Sort  (cost=18725.71..18975.71 rows=100000 width=20) (actual time=40.705..40.744 rows=1000 loops=1)
               Sort Key: s_4.a, s_4.b, s_4.c, s_4.d, s_4.e
               Sort Method: top-N heapsort  Memory: 127kB
               ->  Sort  (cost=11992.82..12242.82 rows=100000 width=20) (actual time=24.399..33.478 rows=100000 loops=1)
                     Sort Key: s_4.a, s_4.b, s_4.c, s_4.d
                     Sort Method: external merge  Disk: 2936kB
                     ->  Seq Scan on s_4  (cost=0.00..1637.00 rows=100000 width=20) (actual time=0.007..5.446 rows=100000 loops=1)
 Planning time: 0.227 ms
 Execution time: 41.380 ms
(11 rows)

===== 65 [Wed Mar  7 02:03:43 CET 2018] scale:100000 groups:10 work_mem:8MB incremental:on max_workers:2 =====
SELECT * FROM (SELECT * FROM s_1 ORDER BY a) foo ORDER BY a, b LIMIT 1000
                                                            QUERY PLAN                                                             
-----------------------------------------------------------------------------------------------------------------------------------
 Limit  (cost=10581.40..10581.40 rows=1 width=20) (actual time=24.020..24.020 rows=0 loops=1)
   ->  Limit  (cost=10553.90..10571.40 rows=1000 width=20) (actual time=23.892..23.992 rows=1000 loops=1)
         ->  Incremental Sort  (cost=10553.90..12304.12 rows=100000 width=20) (actual time=23.891..23.934 rows=1000 loops=1)
               Sort Key: s_1.a, s_1.b
               Presorted Key: s_1.a
               Sort Method: quicksort  Memory: 579kB
               Sort Groups: 1
               ->  Sort  (cost=9941.82..10191.82 rows=100000 width=20) (actual time=22.725..23.132 rows=4952 loops=1)
                     Sort Key: s_1.a
                     Sort Method: external merge  Disk: 2936kB
                     ->  Seq Scan on s_1  (cost=0.00..1637.00 rows=100000 width=20) (actual time=0.007..5.613 rows=100000 loops=1)
 Planning time: 0.220 ms
 Execution time: 24.545 ms
(13 rows)

===== 66 [Wed Mar  7 02:03:44 CET 2018] scale:100000 groups:10 work_mem:8MB incremental:on max_workers:2 =====
SELECT * FROM (SELECT * FROM s_2 ORDER BY a, b) foo ORDER BY a, b, c LIMIT 1000
                                                            QUERY PLAN                                                             
-----------------------------------------------------------------------------------------------------------------------------------
 Limit  (cost=10019.83..10019.83 rows=1 width=20) (actual time=24.595..24.595 rows=0 loops=1)
   ->  Limit  (cost=9992.20..10009.83 rows=1000 width=20) (actual time=24.212..24.567 rows=1000 loops=1)
         ->  Incremental Sort  (cost=9992.20..11755.19 rows=100000 width=20) (actual time=24.211..24.511 rows=1000 loops=1)
               Sort Key: s_2.a, s_2.b, s_2.c
               Presorted Key: s_2.a, s_2.b
               Sort Method: quicksort  Memory: 66kB
               Sort Groups: 3
               ->  Sort  (cost=9941.82..10191.82 rows=100000 width=20) (actual time=24.106..24.206 rows=1214 loops=1)
                     Sort Key: s_2.a, s_2.b
                     Sort Method: external merge  Disk: 2936kB
                     ->  Seq Scan on s_2  (cost=0.00..1637.00 rows=100000 width=20) (actual time=0.010..5.619 rows=100000 loops=1)
 Planning time: 0.218 ms
 Execution time: 25.083 ms
(13 rows)

===== 67 [Wed Mar  7 02:03:44 CET 2018] scale:100000 groups:10 work_mem:8MB incremental:on max_workers:2 =====
SELECT * FROM (SELECT * FROM s_3 ORDER BY a, b, c) foo ORDER BY a, b, c, d LIMIT 1000
                                                            QUERY PLAN                                                             
-----------------------------------------------------------------------------------------------------------------------------------
 Limit  (cost=9973.27..9973.27 rows=1 width=20) (actual time=25.745..25.745 rows=0 loops=1)
   ->  Limit  (cost=9945.10..9963.27 rows=1000 width=20) (actual time=25.320..25.712 rows=1000 loops=1)
         ->  Incremental Sort  (cost=9945.10..11762.10 rows=100000 width=20) (actual time=25.320..25.657 rows=1000 loops=1)
               Sort Key: s_3.a, s_3.b, s_3.c, s_3.d
               Presorted Key: s_3.a, s_3.b, s_3.c
               Sort Method: quicksort  Memory: 30kB
               Sort Groups: 20
               ->  Sort  (cost=9941.82..10191.82 rows=100000 width=20) (actual time=25.259..25.347 rows=1029 loops=1)
                     Sort Key: s_3.a, s_3.b, s_3.c
                     Sort Method: external merge  Disk: 2936kB
                     ->  Seq Scan on s_3  (cost=0.00..1637.00 rows=100000 width=20) (actual time=0.010..5.585 rows=100000 loops=1)
 Planning time: 0.233 ms
 Execution time: 26.252 ms
(13 rows)

===== 68 [Wed Mar  7 02:03:44 CET 2018] scale:100000 groups:10 work_mem:8MB incremental:on max_workers:2 =====
SELECT * FROM (SELECT * FROM s_4 ORDER BY a, b, c, d) foo ORDER BY a, b, c, d, e LIMIT 1000
                                                            QUERY PLAN                                                             
-----------------------------------------------------------------------------------------------------------------------------------
 Limit  (cost=9971.90..9971.90 rows=1 width=20) (actual time=26.582..26.582 rows=0 loops=1)
   ->  Limit  (cost=9942.11..9961.90 rows=1000 width=20) (actual time=26.139..26.552 rows=1000 loops=1)
         ->  Incremental Sort  (cost=9942.11..11920.93 rows=100000 width=20) (actual time=26.138..26.497 rows=1000 loops=1)
               Sort Key: s_4.a, s_4.b, s_4.c, s_4.d, s_4.e
               Presorted Key: s_4.a, s_4.b, s_4.c, s_4.d
               Sort Method: quicksort  Memory: 27kB
               Sort Groups: 30
               ->  Sort  (cost=9941.82..10191.82 rows=100000 width=20) (actual time=26.083..26.170 rows=1014 loops=1)
                     Sort Key: s_4.a, s_4.b, s_4.c, s_4.d
                     Sort Method: external merge  Disk: 2936kB
                     ->  Seq Scan on s_4  (cost=0.00..1637.00 rows=100000 width=20) (actual time=0.007..5.564 rows=100000 loops=1)
 Planning time: 0.243 ms
 Execution time: 27.098 ms
(13 rows)

===== 69 [Wed Mar  7 02:03:44 CET 2018] scale:100000 groups:10 work_mem:8MB incremental:off max_workers:2 =====
SELECT * FROM (SELECT * FROM s_1 ORDER BY a) foo ORDER BY a, b LIMIT 1000
                                                            QUERY PLAN                                                             
-----------------------------------------------------------------------------------------------------------------------------------
 Limit  (cost=16687.21..16687.21 rows=1 width=20) (actual time=37.811..37.811 rows=0 loops=1)
   ->  Limit  (cost=16674.71..16677.21 rows=1000 width=20) (actual time=37.689..37.782 rows=1000 loops=1)
         ->  Sort  (cost=16674.71..16924.71 rows=100000 width=20) (actual time=37.688..37.727 rows=1000 loops=1)
               Sort Key: s_1.a, s_1.b
               Sort Method: top-N heapsort  Memory: 176kB
               ->  Sort  (cost=9941.82..10191.82 rows=100000 width=20) (actual time=22.715..30.904 rows=100000 loops=1)
                     Sort Key: s_1.a
                     Sort Method: external merge  Disk: 2936kB
                     ->  Seq Scan on s_1  (cost=0.00..1637.00 rows=100000 width=20) (actual time=0.007..5.596 rows=100000 loops=1)
 Planning time: 0.219 ms
 Execution time: 38.205 ms
(11 rows)

===== 70 [Wed Mar  7 02:03:44 CET 2018] scale:100000 groups:10 work_mem:8MB incremental:off max_workers:2 =====
SELECT * FROM (SELECT * FROM s_2 ORDER BY a, b) foo ORDER BY a, b, c LIMIT 1000
                                                            QUERY PLAN                                                             
-----------------------------------------------------------------------------------------------------------------------------------
 Limit  (cost=16687.21..16687.21 rows=1 width=20) (actual time=39.010..39.010 rows=0 loops=1)
   ->  Limit  (cost=16674.71..16677.21 rows=1000 width=20) (actual time=38.888..38.981 rows=1000 loops=1)
         ->  Sort  (cost=16674.71..16924.71 rows=100000 width=20) (actual time=38.887..38.925 rows=1000 loops=1)
               Sort Key: s_2.a, s_2.b, s_2.c
               Sort Method: top-N heapsort  Memory: 138kB
               ->  Sort  (cost=9941.82..10191.82 rows=100000 width=20) (actual time=24.026..32.273 rows=100000 loops=1)
                     Sort Key: s_2.a, s_2.b
                     Sort Method: external merge  Disk: 2936kB
                     ->  Seq Scan on s_2  (cost=0.00..1637.00 rows=100000 width=20) (actual time=0.010..5.604 rows=100000 loops=1)
 Planning time: 0.213 ms
 Execution time: 39.434 ms
(11 rows)

===== 71 [Wed Mar  7 02:03:45 CET 2018] scale:100000 groups:10 work_mem:8MB incremental:off max_workers:2 =====
SELECT * FROM (SELECT * FROM s_3 ORDER BY a, b, c) foo ORDER BY a, b, c, d LIMIT 1000
                                                            QUERY PLAN                                                             
-----------------------------------------------------------------------------------------------------------------------------------
 Limit  (cost=16687.21..16687.21 rows=1 width=20) (actual time=41.417..41.417 rows=0 loops=1)
   ->  Limit  (cost=16674.71..16677.21 rows=1000 width=20) (actual time=41.295..41.389 rows=1000 loops=1)
         ->  Sort  (cost=16674.71..16924.71 rows=100000 width=20) (actual time=41.295..41.333 rows=1000 loops=1)
               Sort Key: s_3.a, s_3.b, s_3.c, s_3.d
               Sort Method: top-N heapsort  Memory: 128kB
               ->  Sort  (cost=9941.82..10191.82 rows=100000 width=20) (actual time=25.249..34.205 rows=100000 loops=1)
                     Sort Key: s_3.a, s_3.b, s_3.c
                     Sort Method: external merge  Disk: 2936kB
                     ->  Seq Scan on s_3  (cost=0.00..1637.00 rows=100000 width=20) (actual time=0.010..5.544 rows=100000 loops=1)
 Planning time: 0.225 ms
 Execution time: 41.842 ms
(11 rows)

===== 72 [Wed Mar  7 02:03:45 CET 2018] scale:100000 groups:10 work_mem:8MB incremental:off max_workers:2 =====
SELECT * FROM (SELECT * FROM s_4 ORDER BY a, b, c, d) foo ORDER BY a, b, c, d, e LIMIT 1000
                                                            QUERY PLAN                                                             
-----------------------------------------------------------------------------------------------------------------------------------
 Limit  (cost=16687.21..16687.21 rows=1 width=20) (actual time=42.305..42.305 rows=0 loops=1)
   ->  Limit  (cost=16674.71..16677.21 rows=1000 width=20) (actual time=42.183..42.276 rows=1000 loops=1)
         ->  Sort  (cost=16674.71..16924.71 rows=100000 width=20) (actual time=42.182..42.221 rows=1000 loops=1)
               Sort Key: s_4.a, s_4.b, s_4.c, s_4.d, s_4.e
               Sort Method: top-N heapsort  Memory: 127kB
               ->  Sort  (cost=9941.82..10191.82 rows=100000 width=20) (actual time=26.033..34.987 rows=100000 loops=1)
                     Sort Key: s_4.a, s_4.b, s_4.c, s_4.d
                     Sort Method: external merge  Disk: 2936kB
                     ->  Seq Scan on s_4  (cost=0.00..1637.00 rows=100000 width=20) (actual time=0.007..5.539 rows=100000 loops=1)
 Planning time: 0.228 ms
 Execution time: 42.728 ms
(11 rows)

===== 73 [Wed Mar  7 02:03:45 CET 2018] scale:100000 groups:10 work_mem:16MB incremental:on max_workers:2 =====
SELECT * FROM (SELECT * FROM s_1 ORDER BY a) foo ORDER BY a, b LIMIT 1000
                                                            QUERY PLAN                                                             
-----------------------------------------------------------------------------------------------------------------------------------
 Limit  (cost=10581.40..10581.40 rows=1 width=20) (actual time=17.754..17.754 rows=0 loops=1)
   ->  Limit  (cost=10553.90..10571.40 rows=1000 width=20) (actual time=17.629..17.726 rows=1000 loops=1)
         ->  Incremental Sort  (cost=10553.90..12304.12 rows=100000 width=20) (actual time=17.628..17.670 rows=1000 loops=1)
               Sort Key: s_1.a, s_1.b
               Presorted Key: s_1.a
               Sort Method: quicksort  Memory: 579kB
               Sort Groups: 1
               ->  Sort  (cost=9941.82..10191.82 rows=100000 width=20) (actual time=16.480..16.662 rows=4952 loops=1)
                     Sort Key: s_1.a
                     Sort Method: quicksort  Memory: 10885kB
                     ->  Seq Scan on s_1  (cost=0.00..1637.00 rows=100000 width=20) (actual time=0.007..5.613 rows=100000 loops=1)
 Planning time: 0.220 ms
 Execution time: 18.223 ms
(13 rows)

===== 74 [Wed Mar  7 02:03:45 CET 2018] scale:100000 groups:10 work_mem:16MB incremental:on max_workers:2 =====
SELECT * FROM (SELECT * FROM s_2 ORDER BY a, b) foo ORDER BY a, b, c LIMIT 1000
                                                            QUERY PLAN                                                             
-----------------------------------------------------------------------------------------------------------------------------------
 Limit  (cost=10019.83..10019.83 rows=1 width=20) (actual time=18.287..18.287 rows=0 loops=1)
   ->  Limit  (cost=9992.20..10009.83 rows=1000 width=20) (actual time=17.938..18.259 rows=1000 loops=1)
         ->  Incremental Sort  (cost=9992.20..11755.19 rows=100000 width=20) (actual time=17.938..18.203 rows=1000 loops=1)
               Sort Key: s_2.a, s_2.b, s_2.c
               Presorted Key: s_2.a, s_2.b
               Sort Method: quicksort  Memory: 66kB
               Sort Groups: 3
               ->  Sort  (cost=9941.82..10191.82 rows=100000 width=20) (actual time=17.829..17.874 rows=1214 loops=1)
                     Sort Key: s_2.a, s_2.b
                     Sort Method: quicksort  Memory: 10885kB
                     ->  Seq Scan on s_2  (cost=0.00..1637.00 rows=100000 width=20) (actual time=0.010..5.634 rows=100000 loops=1)
 Planning time: 0.225 ms
 Execution time: 18.765 ms
(13 rows)

===== 75 [Wed Mar  7 02:03:46 CET 2018] scale:100000 groups:10 work_mem:16MB incremental:on max_workers:2 =====
SELECT * FROM (SELECT * FROM s_3 ORDER BY a, b, c) foo ORDER BY a, b, c, d LIMIT 1000
                                                            QUERY PLAN                                                             
-----------------------------------------------------------------------------------------------------------------------------------
 Limit  (cost=9973.27..9973.27 rows=1 width=20) (actual time=19.435..19.435 rows=0 loops=1)
   ->  Limit  (cost=9945.10..9963.27 rows=1000 width=20) (actual time=19.050..19.406 rows=1000 loops=1)
         ->  Incremental Sort  (cost=9945.10..11762.10 rows=100000 width=20) (actual time=19.050..19.351 rows=1000 loops=1)
               Sort Key: s_3.a, s_3.b, s_3.c, s_3.d
               Presorted Key: s_3.a, s_3.b, s_3.c
               Sort Method: quicksort  Memory: 30kB
               Sort Groups: 20
               ->  Sort  (cost=9941.82..10191.82 rows=100000 width=20) (actual time=18.986..19.026 rows=1029 loops=1)
                     Sort Key: s_3.a, s_3.b, s_3.c
                     Sort Method: quicksort  Memory: 10885kB
                     ->  Seq Scan on s_3  (cost=0.00..1637.00 rows=100000 width=20) (actual time=0.010..5.582 rows=100000 loops=1)
 Planning time: 0.228 ms
 Execution time: 19.920 ms
(13 rows)

===== 76 [Wed Mar  7 02:03:46 CET 2018] scale:100000 groups:10 work_mem:16MB incremental:on max_workers:2 =====
SELECT * FROM (SELECT * FROM s_4 ORDER BY a, b, c, d) foo ORDER BY a, b, c, d, e LIMIT 1000
                                                            QUERY PLAN                                                             
-----------------------------------------------------------------------------------------------------------------------------------
 Limit  (cost=9971.90..9971.90 rows=1 width=20) (actual time=20.232..20.232 rows=0 loops=1)
   ->  Limit  (cost=9942.11..9961.90 rows=1000 width=20) (actual time=19.816..20.203 rows=1000 loops=1)
         ->  Incremental Sort  (cost=9942.11..11920.93 rows=100000 width=20) (actual time=19.816..20.147 rows=1000 loops=1)
               Sort Key: s_4.a, s_4.b, s_4.c, s_4.d, s_4.e
               Presorted Key: s_4.a, s_4.b, s_4.c, s_4.d
               Sort Method: quicksort  Memory: 27kB
               Sort Groups: 30
               ->  Sort  (cost=9941.82..10191.82 rows=100000 width=20) (actual time=19.762..19.803 rows=1014 loops=1)
                     Sort Key: s_4.a, s_4.b, s_4.c, s_4.d
                     Sort Method: quicksort  Memory: 10885kB
                     ->  Seq Scan on s_4  (cost=0.00..1637.00 rows=100000 width=20) (actual time=0.007..5.598 rows=100000 loops=1)
 Planning time: 0.233 ms
 Execution time: 20.706 ms
(13 rows)

===== 77 [Wed Mar  7 02:03:46 CET 2018] scale:100000 groups:10 work_mem:16MB incremental:off max_workers:2 =====
SELECT * FROM (SELECT * FROM s_1 ORDER BY a) foo ORDER BY a, b LIMIT 1000
                                                            QUERY PLAN                                                             
-----------------------------------------------------------------------------------------------------------------------------------
 Limit  (cost=16687.21..16687.21 rows=1 width=20) (actual time=27.524..27.524 rows=0 loops=1)
   ->  Limit  (cost=16674.71..16677.21 rows=1000 width=20) (actual time=27.402..27.496 rows=1000 loops=1)
         ->  Sort  (cost=16674.71..16924.71 rows=100000 width=20) (actual time=27.401..27.440 rows=1000 loops=1)
               Sort Key: s_1.a, s_1.b
               Sort Method: top-N heapsort  Memory: 176kB
               ->  Sort  (cost=9941.82..10191.82 rows=100000 width=20) (actual time=16.382..19.862 rows=100000 loops=1)
                     Sort Key: s_1.a
                     Sort Method: quicksort  Memory: 10885kB
                     ->  Seq Scan on s_1  (cost=0.00..1637.00 rows=100000 width=20) (actual time=0.007..5.575 rows=100000 loops=1)
 Planning time: 0.211 ms
 Execution time: 28.010 ms
(11 rows)

===== 78 [Wed Mar  7 02:03:46 CET 2018] scale:100000 groups:10 work_mem:16MB incremental:off max_workers:2 =====
SELECT * FROM (SELECT * FROM s_2 ORDER BY a, b) foo ORDER BY a, b, c LIMIT 1000
                                                            QUERY PLAN                                                             
-----------------------------------------------------------------------------------------------------------------------------------
 Limit  (cost=16687.21..16687.21 rows=1 width=20) (actual time=28.775..28.775 rows=0 loops=1)
   ->  Limit  (cost=16674.71..16677.21 rows=1000 width=20) (actual time=28.653..28.747 rows=1000 loops=1)
         ->  Sort  (cost=16674.71..16924.71 rows=100000 width=20) (actual time=28.652..28.691 rows=1000 loops=1)
               Sort Key: s_2.a, s_2.b, s_2.c
               Sort Method: top-N heapsort  Memory: 138kB
               ->  Sort  (cost=9941.82..10191.82 rows=100000 width=20) (actual time=17.765..21.262 rows=100000 loops=1)
                     Sort Key: s_2.a, s_2.b
                     Sort Method: quicksort  Memory: 10885kB
                     ->  Seq Scan on s_2  (cost=0.00..1637.00 rows=100000 width=20) (actual time=0.010..5.603 rows=100000 loops=1)
 Planning time: 0.216 ms
 Execution time: 29.264 ms
(11 rows)

===== 79 [Wed Mar  7 02:03:46 CET 2018] scale:100000 groups:10 work_mem:16MB incremental:off max_workers:2 =====
SELECT * FROM (SELECT * FROM s_3 ORDER BY a, b, c) foo ORDER BY a, b, c, d LIMIT 1000
                                                            QUERY PLAN                                                             
-----------------------------------------------------------------------------------------------------------------------------------
 Limit  (cost=16687.21..16687.21 rows=1 width=20) (actual time=30.495..30.495 rows=0 loops=1)
   ->  Limit  (cost=16674.71..16677.21 rows=1000 width=20) (actual time=30.374..30.466 rows=1000 loops=1)
         ->  Sort  (cost=16674.71..16924.71 rows=100000 width=20) (actual time=30.373..30.412 rows=1000 loops=1)
               Sort Key: s_3.a, s_3.b, s_3.c, s_3.d
               Sort Method: top-N heapsort  Memory: 128kB
               ->  Sort  (cost=9941.82..10191.82 rows=100000 width=20) (actual time=18.907..22.454 rows=100000 loops=1)
                     Sort Key: s_3.a, s_3.b, s_3.c
                     Sort Method: quicksort  Memory: 10885kB
                     ->  Seq Scan on s_3  (cost=0.00..1637.00 rows=100000 width=20) (actual time=0.010..5.562 rows=100000 loops=1)
 Planning time: 0.221 ms
 Execution time: 30.982 ms
(11 rows)

===== 80 [Wed Mar  7 02:03:47 CET 2018] scale:100000 groups:10 work_mem:16MB incremental:off max_workers:2 =====
SELECT * FROM (SELECT * FROM s_4 ORDER BY a, b, c, d) foo ORDER BY a, b, c, d, e LIMIT 1000
                                                            QUERY PLAN                                                             
-----------------------------------------------------------------------------------------------------------------------------------
 Limit  (cost=16687.21..16687.21 rows=1 width=20) (actual time=31.412..31.412 rows=0 loops=1)
   ->  Limit  (cost=16674.71..16677.21 rows=1000 width=20) (actual time=31.291..31.383 rows=1000 loops=1)
         ->  Sort  (cost=16674.71..16924.71 rows=100000 width=20) (actual time=31.290..31.328 rows=1000 loops=1)
               Sort Key: s_4.a, s_4.b, s_4.c, s_4.d, s_4.e
               Sort Method: top-N heapsort  Memory: 127kB
               ->  Sort  (cost=9941.82..10191.82 rows=100000 width=20) (actual time=19.719..23.264 rows=100000 loops=1)
                     Sort Key: s_4.a, s_4.b, s_4.c, s_4.d
                     Sort Method: quicksort  Memory: 10885kB
                     ->  Seq Scan on s_4  (cost=0.00..1637.00 rows=100000 width=20) (actual time=0.007..5.540 rows=100000 loops=1)
 Planning time: 0.229 ms
 Execution time: 31.900 ms
(11 rows)

===== 81 [Wed Mar  7 02:03:47 CET 2018] scale:100000 groups:10 work_mem:32MB incremental:on max_workers:2 =====
SELECT * FROM (SELECT * FROM s_1 ORDER BY a) foo ORDER BY a, b LIMIT 1000
                                                            QUERY PLAN                                                             
-----------------------------------------------------------------------------------------------------------------------------------
 Limit  (cost=10581.40..10581.40 rows=1 width=20) (actual time=17.808..17.808 rows=0 loops=1)
   ->  Limit  (cost=10553.90..10571.40 rows=1000 width=20) (actual time=17.682..17.780 rows=1000 loops=1)
         ->  Incremental Sort  (cost=10553.90..12304.12 rows=100000 width=20) (actual time=17.682..17.724 rows=1000 loops=1)
               Sort Key: s_1.a, s_1.b
               Presorted Key: s_1.a
               Sort Method: quicksort  Memory: 579kB
               Sort Groups: 1
               ->  Sort  (cost=9941.82..10191.82 rows=100000 width=20) (actual time=16.541..16.722 rows=4952 loops=1)
                     Sort Key: s_1.a
                     Sort Method: quicksort  Memory: 10885kB
                     ->  Seq Scan on s_1  (cost=0.00..1637.00 rows=100000 width=20) (actual time=0.007..5.621 rows=100000 loops=1)
 Planning time: 0.221 ms
 Execution time: 18.273 ms
(13 rows)

===== 82 [Wed Mar  7 02:03:47 CET 2018] scale:100000 groups:10 work_mem:32MB incremental:on max_workers:2 =====
SELECT * FROM (SELECT * FROM s_2 ORDER BY a, b) foo ORDER BY a, b, c LIMIT 1000
                                                            QUERY PLAN                                                             
-----------------------------------------------------------------------------------------------------------------------------------
 Limit  (cost=10019.83..10019.83 rows=1 width=20) (actual time=18.237..18.237 rows=0 loops=1)
   ->  Limit  (cost=9992.20..10009.83 rows=1000 width=20) (actual time=17.887..18.208 rows=1000 loops=1)
         ->  Incremental Sort  (cost=9992.20..11755.19 rows=100000 width=20) (actual time=17.886..18.152 rows=1000 loops=1)
               Sort Key: s_2.a, s_2.b, s_2.c
               Presorted Key: s_2.a, s_2.b
               Sort Method: quicksort  Memory: 66kB
               Sort Groups: 3
               ->  Sort  (cost=9941.82..10191.82 rows=100000 width=20) (actual time=17.776..17.820 rows=1214 loops=1)
                     Sort Key: s_2.a, s_2.b
                     Sort Method: quicksort  Memory: 10885kB
                     ->  Seq Scan on s_2  (cost=0.00..1637.00 rows=100000 width=20) (actual time=0.010..5.625 rows=100000 loops=1)
 Planning time: 0.233 ms
 Execution time: 18.711 ms
(13 rows)

===== 83 [Wed Mar  7 02:03:47 CET 2018] scale:100000 groups:10 work_mem:32MB incremental:on max_workers:2 =====
SELECT * FROM (SELECT * FROM s_3 ORDER BY a, b, c) foo ORDER BY a, b, c, d LIMIT 1000
                                                            QUERY PLAN                                                             
-----------------------------------------------------------------------------------------------------------------------------------
 Limit  (cost=9973.27..9973.27 rows=1 width=20) (actual time=19.460..19.460 rows=0 loops=1)
   ->  Limit  (cost=9945.10..9963.27 rows=1000 width=20) (actual time=19.068..19.431 rows=1000 loops=1)
         ->  Incremental Sort  (cost=9945.10..11762.10 rows=100000 width=20) (actual time=19.067..19.375 rows=1000 loops=1)
               Sort Key: s_3.a, s_3.b, s_3.c, s_3.d
               Presorted Key: s_3.a, s_3.b, s_3.c
               Sort Method: quicksort  Memory: 30kB
               Sort Groups: 20
               ->  Sort  (cost=9941.82..10191.82 rows=100000 width=20) (actual time=19.004..19.044 rows=1029 loops=1)
                     Sort Key: s_3.a, s_3.b, s_3.c
                     Sort Method: quicksort  Memory: 10885kB
                     ->  Seq Scan on s_3  (cost=0.00..1637.00 rows=100000 width=20) (actual time=0.010..5.596 rows=100000 loops=1)
 Planning time: 0.231 ms
 Execution time: 19.935 ms
(13 rows)

===== 84 [Wed Mar  7 02:03:47 CET 2018] scale:100000 groups:10 work_mem:32MB incremental:on max_workers:2 =====
SELECT * FROM (SELECT * FROM s_4 ORDER BY a, b, c, d) foo ORDER BY a, b, c, d, e LIMIT 1000
                                                            QUERY PLAN                                                             
-----------------------------------------------------------------------------------------------------------------------------------
 Limit  (cost=9971.90..9971.90 rows=1 width=20) (actual time=20.248..20.248 rows=0 loops=1)
   ->  Limit  (cost=9942.11..9961.90 rows=1000 width=20) (actual time=19.836..20.219 rows=1000 loops=1)
         ->  Incremental Sort  (cost=9942.11..11920.93 rows=100000 width=20) (actual time=19.836..20.164 rows=1000 loops=1)
               Sort Key: s_4.a, s_4.b, s_4.c, s_4.d, s_4.e
               Presorted Key: s_4.a, s_4.b, s_4.c, s_4.d
               Sort Method: quicksort  Memory: 27kB
               Sort Groups: 30
               ->  Sort  (cost=9941.82..10191.82 rows=100000 width=20) (actual time=19.781..19.821 rows=1014 loops=1)
                     Sort Key: s_4.a, s_4.b, s_4.c, s_4.d
                     Sort Method: quicksort  Memory: 10885kB
                     ->  Seq Scan on s_4  (cost=0.00..1637.00 rows=100000 width=20) (actual time=0.007..5.579 rows=100000 loops=1)
 Planning time: 0.234 ms
 Execution time: 20.734 ms
(13 rows)

===== 85 [Wed Mar  7 02:03:47 CET 2018] scale:100000 groups:10 work_mem:32MB incremental:off max_workers:2 =====
SELECT * FROM (SELECT * FROM s_1 ORDER BY a) foo ORDER BY a, b LIMIT 1000
                                                            QUERY PLAN                                                             
-----------------------------------------------------------------------------------------------------------------------------------
 Limit  (cost=16687.21..16687.21 rows=1 width=20) (actual time=27.512..27.512 rows=0 loops=1)
   ->  Limit  (cost=16674.71..16677.21 rows=1000 width=20) (actual time=27.390..27.484 rows=1000 loops=1)
         ->  Sort  (cost=16674.71..16924.71 rows=100000 width=20) (actual time=27.389..27.428 rows=1000 loops=1)
               Sort Key: s_1.a, s_1.b
               Sort Method: top-N heapsort  Memory: 176kB
               ->  Sort  (cost=9941.82..10191.82 rows=100000 width=20) (actual time=16.379..19.862 rows=100000 loops=1)
                     Sort Key: s_1.a
                     Sort Method: quicksort  Memory: 10885kB
                     ->  Seq Scan on s_1  (cost=0.00..1637.00 rows=100000 width=20) (actual time=0.007..5.599 rows=100000 loops=1)
 Planning time: 0.212 ms
 Execution time: 27.994 ms
(11 rows)

===== 86 [Wed Mar  7 02:03:48 CET 2018] scale:100000 groups:10 work_mem:32MB incremental:off max_workers:2 =====
SELECT * FROM (SELECT * FROM s_2 ORDER BY a, b) foo ORDER BY a, b, c LIMIT 1000
                                                            QUERY PLAN                                                             
-----------------------------------------------------------------------------------------------------------------------------------
 Limit  (cost=16687.21..16687.21 rows=1 width=20) (actual time=28.789..28.789 rows=0 loops=1)
   ->  Limit  (cost=16674.71..16677.21 rows=1000 width=20) (actual time=28.667..28.761 rows=1000 loops=1)
         ->  Sort  (cost=16674.71..16924.71 rows=100000 width=20) (actual time=28.666..28.705 rows=1000 loops=1)
               Sort Key: s_2.a, s_2.b, s_2.c
               Sort Method: top-N heapsort  Memory: 138kB
               ->  Sort  (cost=9941.82..10191.82 rows=100000 width=20) (actual time=17.782..21.284 rows=100000 loops=1)
                     Sort Key: s_2.a, s_2.b
                     Sort Method: quicksort  Memory: 10885kB
                     ->  Seq Scan on s_2  (cost=0.00..1637.00 rows=100000 width=20) (actual time=0.010..5.602 rows=100000 loops=1)
 Planning time: 0.213 ms
 Execution time: 29.281 ms
(11 rows)

===== 87 [Wed Mar  7 02:03:48 CET 2018] scale:100000 groups:10 work_mem:32MB incremental:off max_workers:2 =====
SELECT * FROM (SELECT * FROM s_3 ORDER BY a, b, c) foo ORDER BY a, b, c, d LIMIT 1000
                                                            QUERY PLAN                                                             
-----------------------------------------------------------------------------------------------------------------------------------
 Limit  (cost=16687.21..16687.21 rows=1 width=20) (actual time=30.568..30.568 rows=0 loops=1)
   ->  Limit  (cost=16674.71..16677.21 rows=1000 width=20) (actual time=30.446..30.539 rows=1000 loops=1)
         ->  Sort  (cost=16674.71..16924.71 rows=100000 width=20) (actual time=30.446..30.484 rows=1000 loops=1)
               Sort Key: s_3.a, s_3.b, s_3.c, s_3.d
               Sort Method: top-N heapsort  Memory: 128kB
               ->  Sort  (cost=9941.82..10191.82 rows=100000 width=20) (actual time=18.948..22.504 rows=100000 loops=1)
                     Sort Key: s_3.a, s_3.b, s_3.c
                     Sort Method: quicksort  Memory: 10885kB
                     ->  Seq Scan on s_3  (cost=0.00..1637.00 rows=100000 width=20) (actual time=0.010..5.555 rows=100000 loops=1)
 Planning time: 0.224 ms
 Execution time: 31.050 ms
(11 rows)

===== 88 [Wed Mar  7 02:03:48 CET 2018] scale:100000 groups:10 work_mem:32MB incremental:off max_workers:2 =====
SELECT * FROM (SELECT * FROM s_4 ORDER BY a, b, c, d) foo ORDER BY a, b, c, d, e LIMIT 1000
                                                            QUERY PLAN                                                             
-----------------------------------------------------------------------------------------------------------------------------------
 Limit  (cost=16687.21..16687.21 rows=1 width=20) (actual time=31.425..31.425 rows=0 loops=1)
   ->  Limit  (cost=16674.71..16677.21 rows=1000 width=20) (actual time=31.303..31.397 rows=1000 loops=1)
         ->  Sort  (cost=16674.71..16924.71 rows=100000 width=20) (actual time=31.303..31.341 rows=1000 loops=1)
               Sort Key: s_4.a, s_4.b, s_4.c, s_4.d, s_4.e
               Sort Method: top-N heapsort  Memory: 127kB
               ->  Sort  (cost=9941.82..10191.82 rows=100000 width=20) (actual time=19.735..23.289 rows=100000 loops=1)
                     Sort Key: s_4.a, s_4.b, s_4.c, s_4.d
                     Sort Method: quicksort  Memory: 10885kB
                     ->  Seq Scan on s_4  (cost=0.00..1637.00 rows=100000 width=20) (actual time=0.007..5.554 rows=100000 loops=1)
 Planning time: 0.227 ms
 Execution time: 31.912 ms
(11 rows)

===== 89 [Wed Mar  7 02:03:48 CET 2018] scale:100000 groups:10 work_mem:64MB incremental:on max_workers:2 =====
SELECT * FROM (SELECT * FROM s_1 ORDER BY a) foo ORDER BY a, b LIMIT 1000
                                                            QUERY PLAN                                                             
-----------------------------------------------------------------------------------------------------------------------------------
 Limit  (cost=10581.40..10581.40 rows=1 width=20) (actual time=17.763..17.763 rows=0 loops=1)
   ->  Limit  (cost=10553.90..10571.40 rows=1000 width=20) (actual time=17.638..17.735 rows=1000 loops=1)
         ->  Incremental Sort  (cost=10553.90..12304.12 rows=100000 width=20) (actual time=17.637..17.679 rows=1000 loops=1)
               Sort Key: s_1.a, s_1.b
               Presorted Key: s_1.a
               Sort Method: quicksort  Memory: 579kB
               Sort Groups: 1
               ->  Sort  (cost=9941.82..10191.82 rows=100000 width=20) (actual time=16.498..16.683 rows=4952 loops=1)
                     Sort Key: s_1.a
                     Sort Method: quicksort  Memory: 10885kB
                     ->  Seq Scan on s_1  (cost=0.00..1637.00 rows=100000 width=20) (actual time=0.007..5.613 rows=100000 loops=1)
 Planning time: 0.226 ms
 Execution time: 18.231 ms
(13 rows)

===== 90 [Wed Mar  7 02:03:48 CET 2018] scale:100000 groups:10 work_mem:64MB incremental:on max_workers:2 =====
SELECT * FROM (SELECT * FROM s_2 ORDER BY a, b) foo ORDER BY a, b, c LIMIT 1000
                                                            QUERY PLAN                                                             
-----------------------------------------------------------------------------------------------------------------------------------
 Limit  (cost=10019.83..10019.83 rows=1 width=20) (actual time=18.264..18.264 rows=0 loops=1)
   ->  Limit  (cost=9992.20..10009.83 rows=1000 width=20) (actual time=17.916..18.236 rows=1000 loops=1)
         ->  Incremental Sort  (cost=9992.20..11755.19 rows=100000 width=20) (actual time=17.915..18.180 rows=1000 loops=1)
               Sort Key: s_2.a, s_2.b, s_2.c
               Presorted Key: s_2.a, s_2.b
               Sort Method: quicksort  Memory: 66kB
               Sort Groups: 3
               ->  Sort  (cost=9941.82..10191.82 rows=100000 width=20) (actual time=17.813..17.857 rows=1214 loops=1)
                     Sort Key: s_2.a, s_2.b
                     Sort Method: quicksort  Memory: 10885kB
                     ->  Seq Scan on s_2  (cost=0.00..1637.00 rows=100000 width=20) (actual time=0.010..5.625 rows=100000 loops=1)
 Planning time: 0.222 ms
 Execution time: 18.743 ms
(13 rows)

===== 91 [Wed Mar  7 02:03:49 CET 2018] scale:100000 groups:10 work_mem:64MB incremental:on max_workers:2 =====
SELECT * FROM (SELECT * FROM s_3 ORDER BY a, b, c) foo ORDER BY a, b, c, d LIMIT 1000
                                                            QUERY PLAN                                                             
-----------------------------------------------------------------------------------------------------------------------------------
 Limit  (cost=9973.27..9973.27 rows=1 width=20) (actual time=19.471..19.471 rows=0 loops=1)
   ->  Limit  (cost=9945.10..9963.27 rows=1000 width=20) (actual time=19.079..19.442 rows=1000 loops=1)
         ->  Incremental Sort  (cost=9945.10..11762.10 rows=100000 width=20) (actual time=19.078..19.387 rows=1000 loops=1)
               Sort Key: s_3.a, s_3.b, s_3.c, s_3.d
               Presorted Key: s_3.a, s_3.b, s_3.c
               Sort Method: quicksort  Memory: 30kB
               Sort Groups: 20
               ->  Sort  (cost=9941.82..10191.82 rows=100000 width=20) (actual time=19.015..19.054 rows=1029 loops=1)
                     Sort Key: s_3.a, s_3.b, s_3.c
                     Sort Method: quicksort  Memory: 10885kB
                     ->  Seq Scan on s_3  (cost=0.00..1637.00 rows=100000 width=20) (actual time=0.010..5.588 rows=100000 loops=1)
 Planning time: 0.234 ms
 Execution time: 19.946 ms
(13 rows)

===== 92 [Wed Mar  7 02:03:49 CET 2018] scale:100000 groups:10 work_mem:64MB incremental:on max_workers:2 =====
SELECT * FROM (SELECT * FROM s_4 ORDER BY a, b, c, d) foo ORDER BY a, b, c, d, e LIMIT 1000
                                                            QUERY PLAN                                                             
-----------------------------------------------------------------------------------------------------------------------------------
 Limit  (cost=9971.90..9971.90 rows=1 width=20) (actual time=20.220..20.220 rows=0 loops=1)
   ->  Limit  (cost=9942.11..9961.90 rows=1000 width=20) (actual time=19.808..20.191 rows=1000 loops=1)
         ->  Incremental Sort  (cost=9942.11..11920.93 rows=100000 width=20) (actual time=19.807..20.136 rows=1000 loops=1)
               Sort Key: s_4.a, s_4.b, s_4.c, s_4.d, s_4.e
               Presorted Key: s_4.a, s_4.b, s_4.c, s_4.d
               Sort Method: quicksort  Memory: 27kB
               Sort Groups: 30
               ->  Sort  (cost=9941.82..10191.82 rows=100000 width=20) (actual time=19.753..19.793 rows=1014 loops=1)
                     Sort Key: s_4.a, s_4.b, s_4.c, s_4.d
                     Sort Method: quicksort  Memory: 10885kB
                     ->  Seq Scan on s_4  (cost=0.00..1637.00 rows=100000 width=20) (actual time=0.007..5.585 rows=100000 loops=1)
 Planning time: 0.231 ms
 Execution time: 20.694 ms
(13 rows)

===== 93 [Wed Mar  7 02:03:49 CET 2018] scale:100000 groups:10 work_mem:64MB incremental:off max_workers:2 =====
SELECT * FROM (SELECT * FROM s_1 ORDER BY a) foo ORDER BY a, b LIMIT 1000
                                                            QUERY PLAN                                                             
-----------------------------------------------------------------------------------------------------------------------------------
 Limit  (cost=16687.21..16687.21 rows=1 width=20) (actual time=27.556..27.556 rows=0 loops=1)
   ->  Limit  (cost=16674.71..16677.21 rows=1000 width=20) (actual time=27.434..27.528 rows=1000 loops=1)
         ->  Sort  (cost=16674.71..16924.71 rows=100000 width=20) (actual time=27.433..27.472 rows=1000 loops=1)
               Sort Key: s_1.a, s_1.b
               Sort Method: top-N heapsort  Memory: 176kB
               ->  Sort  (cost=9941.82..10191.82 rows=100000 width=20) (actual time=16.418..19.904 rows=100000 loops=1)
                     Sort Key: s_1.a
                     Sort Method: quicksort  Memory: 10885kB
                     ->  Seq Scan on s_1  (cost=0.00..1637.00 rows=100000 width=20) (actual time=0.007..5.576 rows=100000 loops=1)
 Planning time: 0.210 ms
 Execution time: 28.044 ms
(11 rows)

===== 94 [Wed Mar  7 02:03:49 CET 2018] scale:100000 groups:10 work_mem:64MB incremental:off max_workers:2 =====
SELECT * FROM (SELECT * FROM s_2 ORDER BY a, b) foo ORDER BY a, b, c LIMIT 1000
                                                            QUERY PLAN                                                             
-----------------------------------------------------------------------------------------------------------------------------------
 Limit  (cost=16687.21..16687.21 rows=1 width=20) (actual time=28.757..28.757 rows=0 loops=1)
   ->  Limit  (cost=16674.71..16677.21 rows=1000 width=20) (actual time=28.635..28.728 rows=1000 loops=1)
         ->  Sort  (cost=16674.71..16924.71 rows=100000 width=20) (actual time=28.634..28.673 rows=1000 loops=1)
               Sort Key: s_2.a, s_2.b, s_2.c
               Sort Method: top-N heapsort  Memory: 138kB
               ->  Sort  (cost=9941.82..10191.82 rows=100000 width=20) (actual time=17.763..21.264 rows=100000 loops=1)
                     Sort Key: s_2.a, s_2.b
                     Sort Method: quicksort  Memory: 10885kB
                     ->  Seq Scan on s_2  (cost=0.00..1637.00 rows=100000 width=20) (actual time=0.010..5.599 rows=100000 loops=1)
 Planning time: 0.211 ms
 Execution time: 29.238 ms
(11 rows)

===== 95 [Wed Mar  7 02:03:49 CET 2018] scale:100000 groups:10 work_mem:64MB incremental:off max_workers:2 =====
SELECT * FROM (SELECT * FROM s_3 ORDER BY a, b, c) foo ORDER BY a, b, c, d LIMIT 1000
                                                            QUERY PLAN                                                             
-----------------------------------------------------------------------------------------------------------------------------------
 Limit  (cost=16687.21..16687.21 rows=1 width=20) (actual time=30.497..30.497 rows=0 loops=1)
   ->  Limit  (cost=16674.71..16677.21 rows=1000 width=20) (actual time=30.376..30.468 rows=1000 loops=1)
         ->  Sort  (cost=16674.71..16924.71 rows=100000 width=20) (actual time=30.375..30.414 rows=1000 loops=1)
               Sort Key: s_3.a, s_3.b, s_3.c, s_3.d
               Sort Method: top-N heapsort  Memory: 128kB
               ->  Sort  (cost=9941.82..10191.82 rows=100000 width=20) (actual time=18.910..22.457 rows=100000 loops=1)
                     Sort Key: s_3.a, s_3.b, s_3.c
                     Sort Method: quicksort  Memory: 10885kB
                     ->  Seq Scan on s_3  (cost=0.00..1637.00 rows=100000 width=20) (actual time=0.010..5.551 rows=100000 loops=1)
 Planning time: 0.222 ms
 Execution time: 30.980 ms
(11 rows)

===== 96 [Wed Mar  7 02:03:49 CET 2018] scale:100000 groups:10 work_mem:64MB incremental:off max_workers:2 =====
SELECT * FROM (SELECT * FROM s_4 ORDER BY a, b, c, d) foo ORDER BY a, b, c, d, e LIMIT 1000
                                                            QUERY PLAN                                                             
-----------------------------------------------------------------------------------------------------------------------------------
 Limit  (cost=16687.21..16687.21 rows=1 width=20) (actual time=31.388..31.388 rows=0 loops=1)
   ->  Limit  (cost=16674.71..16677.21 rows=1000 width=20) (actual time=31.266..31.359 rows=1000 loops=1)
         ->  Sort  (cost=16674.71..16924.71 rows=100000 width=20) (actual time=31.265..31.304 rows=1000 loops=1)
               Sort Key: s_4.a, s_4.b, s_4.c, s_4.d, s_4.e
               Sort Method: top-N heapsort  Memory: 127kB
               ->  Sort  (cost=9941.82..10191.82 rows=100000 width=20) (actual time=19.700..23.248 rows=100000 loops=1)
                     Sort Key: s_4.a, s_4.b, s_4.c, s_4.d
                     Sort Method: quicksort  Memory: 10885kB
                     ->  Seq Scan on s_4  (cost=0.00..1637.00 rows=100000 width=20) (actual time=0.007..5.554 rows=100000 loops=1)
 Planning time: 0.230 ms
 Execution time: 31.872 ms
(11 rows)

===== 97 [Wed Mar  7 02:03:50 CET 2018] scale:100000 groups:10 work_mem:128MB incremental:on max_workers:2 =====
SELECT * FROM (SELECT * FROM s_1 ORDER BY a) foo ORDER BY a, b LIMIT 1000
                                                            QUERY PLAN                                                             
-----------------------------------------------------------------------------------------------------------------------------------
 Limit  (cost=10581.40..10581.40 rows=1 width=20) (actual time=17.720..17.720 rows=0 loops=1)
   ->  Limit  (cost=10553.90..10571.40 rows=1000 width=20) (actual time=17.595..17.692 rows=1000 loops=1)
         ->  Incremental Sort  (cost=10553.90..12304.12 rows=100000 width=20) (actual time=17.594..17.636 rows=1000 loops=1)
               Sort Key: s_1.a, s_1.b
               Presorted Key: s_1.a
               Sort Method: quicksort  Memory: 579kB
               Sort Groups: 1
               ->  Sort  (cost=9941.82..10191.82 rows=100000 width=20) (actual time=16.459..16.641 rows=4952 loops=1)
                     Sort Key: s_1.a
                     Sort Method: quicksort  Memory: 10885kB
                     ->  Seq Scan on s_1  (cost=0.00..1637.00 rows=100000 width=20) (actual time=0.007..5.616 rows=100000 loops=1)
 Planning time: 0.229 ms
 Execution time: 18.191 ms
(13 rows)

===== 98 [Wed Mar  7 02:03:50 CET 2018] scale:100000 groups:10 work_mem:128MB incremental:on max_workers:2 =====
SELECT * FROM (SELECT * FROM s_2 ORDER BY a, b) foo ORDER BY a, b, c LIMIT 1000
                                                            QUERY PLAN                                                             
-----------------------------------------------------------------------------------------------------------------------------------
 Limit  (cost=10019.83..10019.83 rows=1 width=20) (actual time=18.278..18.278 rows=0 loops=1)
   ->  Limit  (cost=9992.20..10009.83 rows=1000 width=20) (actual time=17.924..18.250 rows=1000 loops=1)
         ->  Incremental Sort  (cost=9992.20..11755.19 rows=100000 width=20) (actual time=17.924..18.194 rows=1000 loops=1)
               Sort Key: s_2.a, s_2.b, s_2.c
               Presorted Key: s_2.a, s_2.b
               Sort Method: quicksort  Memory: 66kB
               Sort Groups: 3
               ->  Sort  (cost=9941.82..10191.82 rows=100000 width=20) (actual time=17.818..17.862 rows=1214 loops=1)
                     Sort Key: s_2.a, s_2.b
                     Sort Method: quicksort  Memory: 10885kB
                     ->  Seq Scan on s_2  (cost=0.00..1637.00 rows=100000 width=20) (actual time=0.010..5.634 rows=100000 loops=1)
 Planning time: 0.219 ms
 Execution time: 18.753 ms
(13 rows)

===== 99 [Wed Mar  7 02:03:50 CET 2018] scale:100000 groups:10 work_mem:128MB incremental:on max_workers:2 =====
SELECT * FROM (SELECT * FROM s_3 ORDER BY a, b, c) foo ORDER BY a, b, c, d LIMIT 1000
                                                            QUERY PLAN                                                             
-----------------------------------------------------------------------------------------------------------------------------------
 Limit  (cost=9973.27..9973.27 rows=1 width=20) (actual time=19.438..19.438 rows=0 loops=1)
   ->  Limit  (cost=9945.10..9963.27 rows=1000 width=20) (actual time=19.053..19.409 rows=1000 loops=1)
         ->  Incremental Sort  (cost=9945.10..11762.10 rows=100000 width=20) (actual time=19.052..19.354 rows=1000 loops=1)
               Sort Key: s_3.a, s_3.b, s_3.c, s_3.d
               Presorted Key: s_3.a, s_3.b, s_3.c
               Sort Method: quicksort  Memory: 30kB
               Sort Groups: 20
               ->  Sort  (cost=9941.82..10191.82 rows=100000 width=20) (actual time=18.989..19.029 rows=1029 loops=1)
                     Sort Key: s_3.a, s_3.b, s_3.c
                     Sort Method: quicksort  Memory: 10885kB
                     ->  Seq Scan on s_3  (cost=0.00..1637.00 rows=100000 width=20) (actual time=0.010..5.585 rows=100000 loops=1)
 Planning time: 0.230 ms
 Execution time: 19.919 ms
(13 rows)

===== 100 [Wed Mar  7 02:03:50 CET 2018] scale:100000 groups:10 work_mem:128MB incremental:on max_workers:2 =====
SELECT * FROM (SELECT * FROM s_4 ORDER BY a, b, c, d) foo ORDER BY a, b, c, d, e LIMIT 1000
                                                            QUERY PLAN                                                             
-----------------------------------------------------------------------------------------------------------------------------------
 Limit  (cost=9971.90..9971.90 rows=1 width=20) (actual time=20.228..20.228 rows=0 loops=1)
   ->  Limit  (cost=9942.11..9961.90 rows=1000 width=20) (actual time=19.812..20.198 rows=1000 loops=1)
         ->  Incremental Sort  (cost=9942.11..11920.93 rows=100000 width=20) (actual time=19.811..20.143 rows=1000 loops=1)
               Sort Key: s_4.a, s_4.b, s_4.c, s_4.d, s_4.e
               Presorted Key: s_4.a, s_4.b, s_4.c, s_4.d
               Sort Method: quicksort  Memory: 27kB
               Sort Groups: 30
               ->  Sort  (cost=9941.82..10191.82 rows=100000 width=20) (actual time=19.757..19.798 rows=1014 loops=1)
                     Sort Key: s_4.a, s_4.b, s_4.c, s_4.d
                     Sort Method: quicksort  Memory: 10885kB
                     ->  Seq Scan on s_4  (cost=0.00..1637.00 rows=100000 width=20) (actual time=0.007..5.582 rows=100000 loops=1)
 Planning time: 0.233 ms
 Execution time: 20.700 ms
(13 rows)

===== 101 [Wed Mar  7 02:03:50 CET 2018] scale:100000 groups:10 work_mem:128MB incremental:off max_workers:2 =====
SELECT * FROM (SELECT * FROM s_1 ORDER BY a) foo ORDER BY a, b LIMIT 1000
                                                            QUERY PLAN                                                             
-----------------------------------------------------------------------------------------------------------------------------------
 Limit  (cost=16687.21..16687.21 rows=1 width=20) (actual time=27.568..27.568 rows=0 loops=1)
   ->  Limit  (cost=16674.71..16677.21 rows=1000 width=20) (actual time=27.443..27.540 rows=1000 loops=1)
         ->  Sort  (cost=16674.71..16924.71 rows=100000 width=20) (actual time=27.442..27.482 rows=1000 loops=1)
               Sort Key: s_1.a, s_1.b
               Sort Method: top-N heapsort  Memory: 176kB
               ->  Sort  (cost=9941.82..10191.82 rows=100000 width=20) (actual time=16.418..19.900 rows=100000 loops=1)
                     Sort Key: s_1.a
                     Sort Method: quicksort  Memory: 10885kB
                     ->  Seq Scan on s_1  (cost=0.00..1637.00 rows=100000 width=20) (actual time=0.007..5.594 rows=100000 loops=1)
 Planning time: 0.212 ms
 Execution time: 28.055 ms
(11 rows)

===== 102 [Wed Mar  7 02:03:51 CET 2018] scale:100000 groups:10 work_mem:128MB incremental:off max_workers:2 =====
SELECT * FROM (SELECT * FROM s_2 ORDER BY a, b) foo ORDER BY a, b, c LIMIT 1000
                                                            QUERY PLAN                                                             
-----------------------------------------------------------------------------------------------------------------------------------
 Limit  (cost=16687.21..16687.21 rows=1 width=20) (actual time=28.777..28.777 rows=0 loops=1)
   ->  Limit  (cost=16674.71..16677.21 rows=1000 width=20) (actual time=28.655..28.749 rows=1000 loops=1)
         ->  Sort  (cost=16674.71..16924.71 rows=100000 width=20) (actual time=28.655..28.693 rows=1000 loops=1)
               Sort Key: s_2.a, s_2.b, s_2.c
               Sort Method: top-N heapsort  Memory: 138kB
               ->  Sort  (cost=9941.82..10191.82 rows=100000 width=20) (actual time=17.776..21.278 rows=100000 loops=1)
                     Sort Key: s_2.a, s_2.b
                     Sort Method: quicksort  Memory: 10885kB
                     ->  Seq Scan on s_2  (cost=0.00..1637.00 rows=100000 width=20) (actual time=0.014..5.606 rows=100000 loops=1)
 Planning time: 0.215 ms
 Execution time: 29.266 ms
(11 rows)

===== 103 [Wed Mar  7 02:03:51 CET 2018] scale:100000 groups:10 work_mem:128MB incremental:off max_workers:2 =====
SELECT * FROM (SELECT * FROM s_3 ORDER BY a, b, c) foo ORDER BY a, b, c, d LIMIT 1000
                                                            QUERY PLAN                                                             
-----------------------------------------------------------------------------------------------------------------------------------
 Limit  (cost=16687.21..16687.21 rows=1 width=20) (actual time=30.509..30.509 rows=0 loops=1)
   ->  Limit  (cost=16674.71..16677.21 rows=1000 width=20) (actual time=30.387..30.480 rows=1000 loops=1)
         ->  Sort  (cost=16674.71..16924.71 rows=100000 width=20) (actual time=30.386..30.425 rows=1000 loops=1)
               Sort Key: s_3.a, s_3.b, s_3.c, s_3.d
               Sort Method: top-N heapsort  Memory: 128kB
               ->  Sort  (cost=9941.82..10191.82 rows=100000 width=20) (actual time=18.899..22.452 rows=100000 loops=1)
                     Sort Key: s_3.a, s_3.b, s_3.c
                     Sort Method: quicksort  Memory: 10885kB
                     ->  Seq Scan on s_3  (cost=0.00..1637.00 rows=100000 width=20) (actual time=0.010..5.542 rows=100000 loops=1)
 Planning time: 0.220 ms
 Execution time: 30.994 ms
(11 rows)

===== 104 [Wed Mar  7 02:03:51 CET 2018] scale:100000 groups:10 work_mem:128MB incremental:off max_workers:2 =====
SELECT * FROM (SELECT * FROM s_4 ORDER BY a, b, c, d) foo ORDER BY a, b, c, d, e LIMIT 1000
                                                            QUERY PLAN                                                             
-----------------------------------------------------------------------------------------------------------------------------------
 Limit  (cost=16687.21..16687.21 rows=1 width=20) (actual time=31.413..31.413 rows=0 loops=1)
   ->  Limit  (cost=16674.71..16677.21 rows=1000 width=20) (actual time=31.292..31.385 rows=1000 loops=1)
         ->  Sort  (cost=16674.71..16924.71 rows=100000 width=20) (actual time=31.291..31.329 rows=1000 loops=1)
               Sort Key: s_4.a, s_4.b, s_4.c, s_4.d, s_4.e
               Sort Method: top-N heapsort  Memory: 127kB
               ->  Sort  (cost=9941.82..10191.82 rows=100000 width=20) (actual time=19.714..23.262 rows=100000 loops=1)
                     Sort Key: s_4.a, s_4.b, s_4.c, s_4.d
                     Sort Method: quicksort  Memory: 10885kB
                     ->  Seq Scan on s_4  (cost=0.00..1637.00 rows=100000 width=20) (actual time=0.007..5.539 rows=100000 loops=1)
 Planning time: 0.225 ms
 Execution time: 31.901 ms
(11 rows)

===== 105 [Wed Mar  7 02:03:51 CET 2018] scale:100000 groups:10 work_mem:256MB incremental:on max_workers:2 =====
SELECT * FROM (SELECT * FROM s_1 ORDER BY a) foo ORDER BY a, b LIMIT 1000
                                                            QUERY PLAN                                                             
-----------------------------------------------------------------------------------------------------------------------------------
 Limit  (cost=10581.40..10581.40 rows=1 width=20) (actual time=17.756..17.756 rows=0 loops=1)
   ->  Limit  (cost=10553.90..10571.40 rows=1000 width=20) (actual time=17.630..17.728 rows=1000 loops=1)
         ->  Incremental Sort  (cost=10553.90..12304.12 rows=100000 width=20) (actual time=17.629..17.672 rows=1000 loops=1)
               Sort Key: s_1.a, s_1.b
               Presorted Key: s_1.a
               Sort Method: quicksort  Memory: 579kB
               Sort Groups: 1
               ->  Sort  (cost=9941.82..10191.82 rows=100000 width=20) (actual time=16.495..16.676 rows=4952 loops=1)
                     Sort Key: s_1.a
                     Sort Method: quicksort  Memory: 10885kB
                     ->  Seq Scan on s_1  (cost=0.00..1637.00 rows=100000 width=20) (actual time=0.007..5.617 rows=100000 loops=1)
 Planning time: 0.217 ms
 Execution time: 18.224 ms
(13 rows)

===== 106 [Wed Mar  7 02:03:51 CET 2018] scale:100000 groups:10 work_mem:256MB incremental:on max_workers:2 =====
SELECT * FROM (SELECT * FROM s_2 ORDER BY a, b) foo ORDER BY a, b, c LIMIT 1000
                                                            QUERY PLAN                                                             
-----------------------------------------------------------------------------------------------------------------------------------
 Limit  (cost=10019.83..10019.83 rows=1 width=20) (actual time=18.261..18.261 rows=0 loops=1)
   ->  Limit  (cost=9992.20..10009.83 rows=1000 width=20) (actual time=17.913..18.233 rows=1000 loops=1)
         ->  Incremental Sort  (cost=9992.20..11755.19 rows=100000 width=20) (actual time=17.912..18.177 rows=1000 loops=1)
               Sort Key: s_2.a, s_2.b, s_2.c
               Presorted Key: s_2.a, s_2.b
               Sort Method: quicksort  Memory: 66kB
               Sort Groups: 3
               ->  Sort  (cost=9941.82..10191.82 rows=100000 width=20) (actual time=17.812..17.856 rows=1214 loops=1)
                     Sort Key: s_2.a, s_2.b
                     Sort Method: quicksort  Memory: 10885kB
                     ->  Seq Scan on s_2  (cost=0.00..1637.00 rows=100000 width=20) (actual time=0.010..5.625 rows=100000 loops=1)
 Planning time: 0.217 ms
 Execution time: 18.746 ms
(13 rows)

===== 107 [Wed Mar  7 02:03:52 CET 2018] scale:100000 groups:10 work_mem:256MB incremental:on max_workers:2 =====
SELECT * FROM (SELECT * FROM s_3 ORDER BY a, b, c) foo ORDER BY a, b, c, d LIMIT 1000
                                                            QUERY PLAN                                                             
-----------------------------------------------------------------------------------------------------------------------------------
 Limit  (cost=9973.27..9973.27 rows=1 width=20) (actual time=19.403..19.403 rows=0 loops=1)
   ->  Limit  (cost=9945.10..9963.27 rows=1000 width=20) (actual time=19.011..19.374 rows=1000 loops=1)
         ->  Incremental Sort  (cost=9945.10..11762.10 rows=100000 width=20) (actual time=19.010..19.318 rows=1000 loops=1)
               Sort Key: s_3.a, s_3.b, s_3.c, s_3.d
               Presorted Key: s_3.a, s_3.b, s_3.c
               Sort Method: quicksort  Memory: 30kB
               Sort Groups: 20
               ->  Sort  (cost=9941.82..10191.82 rows=100000 width=20) (actual time=18.947..18.986 rows=1029 loops=1)
                     Sort Key: s_3.a, s_3.b, s_3.c
                     Sort Method: quicksort  Memory: 10885kB
                     ->  Seq Scan on s_3  (cost=0.00..1637.00 rows=100000 width=20) (actual time=0.010..5.576 rows=100000 loops=1)
 Planning time: 0.230 ms
 Execution time: 19.878 ms
(13 rows)

===== 108 [Wed Mar  7 02:03:52 CET 2018] scale:100000 groups:10 work_mem:256MB incremental:on max_workers:2 =====
SELECT * FROM (SELECT * FROM s_4 ORDER BY a, b, c, d) foo ORDER BY a, b, c, d, e LIMIT 1000
                                                            QUERY PLAN                                                             
-----------------------------------------------------------------------------------------------------------------------------------
 Limit  (cost=9971.90..9971.90 rows=1 width=20) (actual time=20.219..20.219 rows=0 loops=1)
   ->  Limit  (cost=9942.11..9961.90 rows=1000 width=20) (actual time=19.807..20.189 rows=1000 loops=1)
         ->  Incremental Sort  (cost=9942.11..11920.93 rows=100000 width=20) (actual time=19.807..20.134 rows=1000 loops=1)
               Sort Key: s_4.a, s_4.b, s_4.c, s_4.d, s_4.e
               Presorted Key: s_4.a, s_4.b, s_4.c, s_4.d
               Sort Method: quicksort  Memory: 27kB
               Sort Groups: 30
               ->  Sort  (cost=9941.82..10191.82 rows=100000 width=20) (actual time=19.752..19.793 rows=1014 loops=1)
                     Sort Key: s_4.a, s_4.b, s_4.c, s_4.d
                     Sort Method: quicksort  Memory: 10885kB
                     ->  Seq Scan on s_4  (cost=0.00..1637.00 rows=100000 width=20) (actual time=0.007..5.580 rows=100000 loops=1)
 Planning time: 0.239 ms
 Execution time: 20.694 ms
(13 rows)

===== 109 [Wed Mar  7 02:03:52 CET 2018] scale:100000 groups:10 work_mem:256MB incremental:off max_workers:2 =====
SELECT * FROM (SELECT * FROM s_1 ORDER BY a) foo ORDER BY a, b LIMIT 1000
                                                            QUERY PLAN                                                             
-----------------------------------------------------------------------------------------------------------------------------------
 Limit  (cost=16687.21..16687.21 rows=1 width=20) (actual time=27.545..27.545 rows=0 loops=1)
   ->  Limit  (cost=16674.71..16677.21 rows=1000 width=20) (actual time=27.423..27.517 rows=1000 loops=1)
         ->  Sort  (cost=16674.71..16924.71 rows=100000 width=20) (actual time=27.422..27.462 rows=1000 loops=1)
               Sort Key: s_1.a, s_1.b
               Sort Method: top-N heapsort  Memory: 176kB
               ->  Sort  (cost=9941.82..10191.82 rows=100000 width=20) (actual time=16.398..19.873 rows=100000 loops=1)
                     Sort Key: s_1.a
                     Sort Method: quicksort  Memory: 10885kB
                     ->  Seq Scan on s_1  (cost=0.00..1637.00 rows=100000 width=20) (actual time=0.007..5.598 rows=100000 loops=1)
 Planning time: 0.214 ms
 Execution time: 28.035 ms
(11 rows)

===== 110 [Wed Mar  7 02:03:52 CET 2018] scale:100000 groups:10 work_mem:256MB incremental:off max_workers:2 =====
SELECT * FROM (SELECT * FROM s_2 ORDER BY a, b) foo ORDER BY a, b, c LIMIT 1000
                                                            QUERY PLAN                                                             
-----------------------------------------------------------------------------------------------------------------------------------
 Limit  (cost=16687.21..16687.21 rows=1 width=20) (actual time=28.766..28.766 rows=0 loops=1)
   ->  Limit  (cost=16674.71..16677.21 rows=1000 width=20) (actual time=28.645..28.738 rows=1000 loops=1)
         ->  Sort  (cost=16674.71..16924.71 rows=100000 width=20) (actual time=28.644..28.682 rows=1000 loops=1)
               Sort Key: s_2.a, s_2.b, s_2.c
               Sort Method: top-N heapsort  Memory: 138kB
               ->  Sort  (cost=9941.82..10191.82 rows=100000 width=20) (actual time=17.783..21.282 rows=100000 loops=1)
                     Sort Key: s_2.a, s_2.b
                     Sort Method: quicksort  Memory: 10885kB
                     ->  Seq Scan on s_2  (cost=0.00..1637.00 rows=100000 width=20) (actual time=0.010..5.596 rows=100000 loops=1)
 Planning time: 0.213 ms
 Execution time: 29.249 ms
(11 rows)

===== 111 [Wed Mar  7 02:03:52 CET 2018] scale:100000 groups:10 work_mem:256MB incremental:off max_workers:2 =====
SELECT * FROM (SELECT * FROM s_3 ORDER BY a, b, c) foo ORDER BY a, b, c, d LIMIT 1000
                                                            QUERY PLAN                                                             
-----------------------------------------------------------------------------------------------------------------------------------
 Limit  (cost=16687.21..16687.21 rows=1 width=20) (actual time=30.550..30.550 rows=0 loops=1)
   ->  Limit  (cost=16674.71..16677.21 rows=1000 width=20) (actual time=30.428..30.522 rows=1000 loops=1)
         ->  Sort  (cost=16674.71..16924.71 rows=100000 width=20) (actual time=30.428..30.466 rows=1000 loops=1)
               Sort Key: s_3.a, s_3.b, s_3.c, s_3.d
               Sort Method: top-N heapsort  Memory: 128kB
               ->  Sort  (cost=9941.82..10191.82 rows=100000 width=20) (actual time=18.954..22.505 rows=100000 loops=1)
                     Sort Key: s_3.a, s_3.b, s_3.c
                     Sort Method: quicksort  Memory: 10885kB
                     ->  Seq Scan on s_3  (cost=0.00..1637.00 rows=100000 width=20) (actual time=0.010..5.565 rows=100000 loops=1)
 Planning time: 0.225 ms
 Execution time: 31.035 ms
(11 rows)

===== 112 [Wed Mar  7 02:03:52 CET 2018] scale:100000 groups:10 work_mem:256MB incremental:off max_workers:2 =====
SELECT * FROM (SELECT * FROM s_4 ORDER BY a, b, c, d) foo ORDER BY a, b, c, d, e LIMIT 1000
                                                            QUERY PLAN                                                             
-----------------------------------------------------------------------------------------------------------------------------------
 Limit  (cost=16687.21..16687.21 rows=1 width=20) (actual time=31.434..31.434 rows=0 loops=1)
   ->  Limit  (cost=16674.71..16677.21 rows=1000 width=20) (actual time=31.312..31.406 rows=1000 loops=1)
         ->  Sort  (cost=16674.71..16924.71 rows=100000 width=20) (actual time=31.312..31.350 rows=1000 loops=1)
               Sort Key: s_4.a, s_4.b, s_4.c, s_4.d, s_4.e
               Sort Method: top-N heapsort  Memory: 127kB
               ->  Sort  (cost=9941.82..10191.82 rows=100000 width=20) (actual time=19.740..23.287 rows=100000 loops=1)
                     Sort Key: s_4.a, s_4.b, s_4.c, s_4.d
                     Sort Method: quicksort  Memory: 10885kB
                     ->  Seq Scan on s_4  (cost=0.00..1637.00 rows=100000 width=20) (actual time=0.007..5.553 rows=100000 loops=1)
 Planning time: 0.226 ms
 Execution time: 31.917 ms
(11 rows)

===== 113 [Wed Mar  7 02:03:54 CET 2018] scale:100000 groups:100 work_mem:4MB incremental:on max_workers:0 =====
SELECT * FROM (SELECT * FROM s_1 ORDER BY a) foo ORDER BY a, b LIMIT 1000
                                                            QUERY PLAN                                                             
-----------------------------------------------------------------------------------------------------------------------------------
 Limit  (cost=12081.99..12081.99 rows=1 width=20) (actual time=21.828..21.828 rows=0 loops=1)
   ->  Limit  (cost=12054.46..12071.99 rows=1000 width=20) (actual time=21.411..21.801 rows=1000 loops=1)
         ->  Incremental Sort  (cost=12054.46..13807.10 rows=100000 width=20) (actual time=21.410..21.745 rows=1000 loops=1)
               Sort Key: s_1.a, s_1.b
               Presorted Key: s_1.a
               Sort Method: quicksort  Memory: 100kB
               Sort Groups: 2
               ->  Sort  (cost=11992.82..12242.82 rows=100000 width=20) (actual time=21.219..21.347 rows=1443 loops=1)
                     Sort Key: s_1.a
                     Sort Method: external merge  Disk: 2936kB
                     ->  Seq Scan on s_1  (cost=0.00..1637.00 rows=100000 width=20) (actual time=0.007..5.497 rows=100000 loops=1)
 Planning time: 0.223 ms
 Execution time: 22.374 ms
(13 rows)

===== 114 [Wed Mar  7 02:03:54 CET 2018] scale:100000 groups:100 work_mem:4MB incremental:on max_workers:0 =====
SELECT * FROM (SELECT * FROM s_2 ORDER BY a, b) foo ORDER BY a, b, c LIMIT 1000
                                                            QUERY PLAN                                                             
-----------------------------------------------------------------------------------------------------------------------------------
 Limit  (cost=12022.90..12022.90 rows=1 width=20) (actual time=22.928..22.928 rows=0 loops=1)
   ->  Limit  (cost=11993.11..12012.90 rows=1000 width=20) (actual time=22.532..22.900 rows=1000 loops=1)
         ->  Incremental Sort  (cost=11993.11..13971.93 rows=100000 width=20) (actual time=22.531..22.844 rows=1000 loops=1)
               Sort Key: s_2.a, s_2.b, s_2.c
               Presorted Key: s_2.a, s_2.b
               Sort Method: quicksort  Memory: 28kB
               Sort Groups: 28
               ->  Sort  (cost=11992.82..12242.82 rows=100000 width=20) (actual time=22.487..22.579 rows=1001 loops=1)
                     Sort Key: s_2.a, s_2.b
                     Sort Method: external merge  Disk: 2936kB
                     ->  Seq Scan on s_2  (cost=0.00..1637.00 rows=100000 width=20) (actual time=0.010..5.520 rows=100000 loops=1)
 Planning time: 0.223 ms
 Execution time: 23.493 ms
(13 rows)

===== 115 [Wed Mar  7 02:03:54 CET 2018] scale:100000 groups:100 work_mem:4MB incremental:on max_workers:0 =====
SELECT * FROM (SELECT * FROM s_3 ORDER BY a, b, c) foo ORDER BY a, b, c, d LIMIT 1000
                                                            QUERY PLAN                                                             
-----------------------------------------------------------------------------------------------------------------------------------
 Limit  (cost=12022.90..12022.90 rows=1 width=20) (actual time=24.060..24.060 rows=0 loops=1)
   ->  Limit  (cost=11993.11..12012.90 rows=1000 width=20) (actual time=23.725..24.031 rows=1000 loops=1)
         ->  Incremental Sort  (cost=11993.11..13971.93 rows=100000 width=20) (actual time=23.724..23.975 rows=1000 loops=1)
               Sort Key: s_3.a, s_3.b, s_3.c, s_3.d
               Presorted Key: s_3.a, s_3.b, s_3.c
               Sort Method: quicksort  Memory: 27kB
               Sort Groups: 32
               ->  Sort  (cost=11992.82..12242.82 rows=100000 width=20) (actual time=23.683..23.777 rows=1025 loops=1)
                     Sort Key: s_3.a, s_3.b, s_3.c
                     Sort Method: external merge  Disk: 2936kB
                     ->  Seq Scan on s_3  (cost=0.00..1637.00 rows=100000 width=20) (actual time=0.015..5.470 rows=100000 loops=1)
 Planning time: 0.221 ms
 Execution time: 24.625 ms
(13 rows)

===== 116 [Wed Mar  7 02:03:55 CET 2018] scale:100000 groups:100 work_mem:4MB incremental:on max_workers:0 =====
SELECT * FROM (SELECT * FROM s_4 ORDER BY a, b, c, d) foo ORDER BY a, b, c, d, e LIMIT 1000
                                                            QUERY PLAN                                                             
-----------------------------------------------------------------------------------------------------------------------------------
 Limit  (cost=12022.90..12022.90 rows=1 width=20) (actual time=24.043..24.043 rows=0 loops=1)
   ->  Limit  (cost=11993.11..12012.90 rows=1000 width=20) (actual time=23.727..24.014 rows=1000 loops=1)
         ->  Incremental Sort  (cost=11993.11..13971.93 rows=100000 width=20) (actual time=23.727..23.953 rows=1000 loops=1)
               Sort Key: s_4.a, s_4.b, s_4.c, s_4.d, s_4.e
               Presorted Key: s_4.a, s_4.b, s_4.c, s_4.d
               Sort Method: quicksort  Memory: 27kB
               Sort Groups: 32
               ->  Sort  (cost=11992.82..12242.82 rows=100000 width=20) (actual time=23.678..23.773 rows=1025 loops=1)
                     Sort Key: s_4.a, s_4.b, s_4.c, s_4.d
                     Sort Method: external merge  Disk: 2936kB
                     ->  Seq Scan on s_4  (cost=0.00..1637.00 rows=100000 width=20) (actual time=0.006..5.454 rows=100000 loops=1)
 Planning time: 0.240 ms
 Execution time: 24.585 ms
(13 rows)

===== 117 [Wed Mar  7 02:03:55 CET 2018] scale:100000 groups:100 work_mem:4MB incremental:off max_workers:0 =====
SELECT * FROM (SELECT * FROM s_1 ORDER BY a) foo ORDER BY a, b LIMIT 1000
                                                            QUERY PLAN                                                             
-----------------------------------------------------------------------------------------------------------------------------------
 Limit  (cost=18738.21..18738.21 rows=1 width=20) (actual time=36.119..36.119 rows=0 loops=1)
   ->  Limit  (cost=18725.71..18728.21 rows=1000 width=20) (actual time=35.996..36.091 rows=1000 loops=1)
         ->  Sort  (cost=18725.71..18975.71 rows=100000 width=20) (actual time=35.996..36.035 rows=1000 loops=1)
               Sort Key: s_1.a, s_1.b
               Sort Method: top-N heapsort  Memory: 151kB
               ->  Sort  (cost=11992.82..12242.82 rows=100000 width=20) (actual time=21.192..29.499 rows=100000 loops=1)
                     Sort Key: s_1.a
                     Sort Method: external merge  Disk: 2936kB
                     ->  Seq Scan on s_1  (cost=0.00..1637.00 rows=100000 width=20) (actual time=0.007..5.480 rows=100000 loops=1)
 Planning time: 0.219 ms
 Execution time: 36.699 ms
(11 rows)

===== 118 [Wed Mar  7 02:03:55 CET 2018] scale:100000 groups:100 work_mem:4MB incremental:off max_workers:0 =====
SELECT * FROM (SELECT * FROM s_2 ORDER BY a, b) foo ORDER BY a, b, c LIMIT 1000
                                                            QUERY PLAN                                                             
-----------------------------------------------------------------------------------------------------------------------------------
 Limit  (cost=18738.21..18738.21 rows=1 width=20) (actual time=37.366..37.366 rows=0 loops=1)
   ->  Limit  (cost=18725.71..18728.21 rows=1000 width=20) (actual time=37.246..37.339 rows=1000 loops=1)
         ->  Sort  (cost=18725.71..18975.71 rows=100000 width=20) (actual time=37.245..37.284 rows=1000 loops=1)
               Sort Key: s_2.a, s_2.b, s_2.c
               Sort Method: top-N heapsort  Memory: 127kB
               ->  Sort  (cost=11992.82..12242.82 rows=100000 width=20) (actual time=22.439..30.747 rows=100000 loops=1)
                     Sort Key: s_2.a, s_2.b
                     Sort Method: external merge  Disk: 2936kB
                     ->  Seq Scan on s_2  (cost=0.00..1637.00 rows=100000 width=20) (actual time=0.010..5.482 rows=100000 loops=1)
 Planning time: 0.215 ms
 Execution time: 37.924 ms
(11 rows)

===== 119 [Wed Mar  7 02:03:55 CET 2018] scale:100000 groups:100 work_mem:4MB incremental:off max_workers:0 =====
SELECT * FROM (SELECT * FROM s_3 ORDER BY a, b, c) foo ORDER BY a, b, c, d LIMIT 1000
                                                            QUERY PLAN                                                             
-----------------------------------------------------------------------------------------------------------------------------------
 Limit  (cost=18738.21..18738.21 rows=1 width=20) (actual time=39.751..39.751 rows=0 loops=1)
   ->  Limit  (cost=18725.71..18728.21 rows=1000 width=20) (actual time=39.629..39.723 rows=1000 loops=1)
         ->  Sort  (cost=18725.71..18975.71 rows=100000 width=20) (actual time=39.629..39.668 rows=1000 loops=1)
               Sort Key: s_3.a, s_3.b, s_3.c, s_3.d
               Sort Method: top-N heapsort  Memory: 127kB
               ->  Sort  (cost=11992.82..12242.82 rows=100000 width=20) (actual time=23.667..32.677 rows=100000 loops=1)
                     Sort Key: s_3.a, s_3.b, s_3.c
                     Sort Method: external merge  Disk: 2936kB
                     ->  Seq Scan on s_3  (cost=0.00..1637.00 rows=100000 width=20) (actual time=0.015..5.432 rows=100000 loops=1)
 Planning time: 0.220 ms
 Execution time: 40.316 ms
(11 rows)

===== 120 [Wed Mar  7 02:03:56 CET 2018] scale:100000 groups:100 work_mem:4MB incremental:off max_workers:0 =====
SELECT * FROM (SELECT * FROM s_4 ORDER BY a, b, c, d) foo ORDER BY a, b, c, d, e LIMIT 1000
                                                            QUERY PLAN                                                             
-----------------------------------------------------------------------------------------------------------------------------------
 Limit  (cost=18738.21..18738.21 rows=1 width=20) (actual time=39.800..39.800 rows=0 loops=1)
   ->  Limit  (cost=18725.71..18728.21 rows=1000 width=20) (actual time=39.678..39.772 rows=1000 loops=1)
         ->  Sort  (cost=18725.71..18975.71 rows=100000 width=20) (actual time=39.678..39.717 rows=1000 loops=1)
               Sort Key: s_4.a, s_4.b, s_4.c, s_4.d, s_4.e
               Sort Method: top-N heapsort  Memory: 127kB
               ->  Sort  (cost=11992.82..12242.82 rows=100000 width=20) (actual time=23.739..32.723 rows=100000 loops=1)
                     Sort Key: s_4.a, s_4.b, s_4.c, s_4.d
                     Sort Method: external merge  Disk: 2936kB
                     ->  Seq Scan on s_4  (cost=0.00..1637.00 rows=100000 width=20) (actual time=0.007..5.425 rows=100000 loops=1)
 Planning time: 0.226 ms
 Execution time: 40.370 ms
(11 rows)

===== 121 [Wed Mar  7 02:03:56 CET 2018] scale:100000 groups:100 work_mem:8MB incremental:on max_workers:0 =====
SELECT * FROM (SELECT * FROM s_1 ORDER BY a) foo ORDER BY a, b LIMIT 1000
                                                            QUERY PLAN                                                             
-----------------------------------------------------------------------------------------------------------------------------------
 Limit  (cost=10030.99..10030.99 rows=1 width=20) (actual time=23.447..23.447 rows=0 loops=1)
   ->  Limit  (cost=10003.46..10020.99 rows=1000 width=20) (actual time=23.036..23.418 rows=1000 loops=1)
         ->  Incremental Sort  (cost=10003.46..11756.10 rows=100000 width=20) (actual time=23.035..23.363 rows=1000 loops=1)
               Sort Key: s_1.a, s_1.b
               Presorted Key: s_1.a
               Sort Method: quicksort  Memory: 100kB
               Sort Groups: 2
               ->  Sort  (cost=9941.82..10191.82 rows=100000 width=20) (actual time=22.846..22.965 rows=1443 loops=1)
                     Sort Key: s_1.a
                     Sort Method: external merge  Disk: 2936kB
                     ->  Seq Scan on s_1  (cost=0.00..1637.00 rows=100000 width=20) (actual time=0.007..5.626 rows=100000 loops=1)
 Planning time: 0.228 ms
 Execution time: 23.960 ms
(13 rows)

===== 122 [Wed Mar  7 02:03:56 CET 2018] scale:100000 groups:100 work_mem:8MB incremental:on max_workers:0 =====
SELECT * FROM (SELECT * FROM s_2 ORDER BY a, b) foo ORDER BY a, b, c LIMIT 1000
                                                            QUERY PLAN                                                             
-----------------------------------------------------------------------------------------------------------------------------------
 Limit  (cost=9971.90..9971.90 rows=1 width=20) (actual time=24.581..24.581 rows=0 loops=1)
   ->  Limit  (cost=9942.11..9961.90 rows=1000 width=20) (actual time=24.190..24.553 rows=1000 loops=1)
         ->  Incremental Sort  (cost=9942.11..11920.93 rows=100000 width=20) (actual time=24.190..24.497 rows=1000 loops=1)
               Sort Key: s_2.a, s_2.b, s_2.c
               Presorted Key: s_2.a, s_2.b
               Sort Method: quicksort  Memory: 28kB
               Sort Groups: 28
               ->  Sort  (cost=9941.82..10191.82 rows=100000 width=20) (actual time=24.146..24.234 rows=1001 loops=1)
                     Sort Key: s_2.a, s_2.b
                     Sort Method: external merge  Disk: 2936kB
                     ->  Seq Scan on s_2  (cost=0.00..1637.00 rows=100000 width=20) (actual time=0.010..5.643 rows=100000 loops=1)
 Planning time: 0.226 ms
 Execution time: 25.083 ms
(13 rows)

===== 123 [Wed Mar  7 02:03:56 CET 2018] scale:100000 groups:100 work_mem:8MB incremental:on max_workers:0 =====
SELECT * FROM (SELECT * FROM s_3 ORDER BY a, b, c) foo ORDER BY a, b, c, d LIMIT 1000
                                                            QUERY PLAN                                                             
-----------------------------------------------------------------------------------------------------------------------------------
 Limit  (cost=9971.90..9971.90 rows=1 width=20) (actual time=25.632..25.632 rows=0 loops=1)
   ->  Limit  (cost=9942.11..9961.90 rows=1000 width=20) (actual time=25.304..25.603 rows=1000 loops=1)
         ->  Incremental Sort  (cost=9942.11..11920.93 rows=100000 width=20) (actual time=25.303..25.547 rows=1000 loops=1)
               Sort Key: s_3.a, s_3.b, s_3.c, s_3.d
               Presorted Key: s_3.a, s_3.b, s_3.c
               Sort Method: quicksort  Memory: 27kB
               Sort Groups: 32
               ->  Sort  (cost=9941.82..10191.82 rows=100000 width=20) (actual time=25.262..25.350 rows=1025 loops=1)
                     Sort Key: s_3.a, s_3.b, s_3.c
                     Sort Method: external merge  Disk: 2936kB
                     ->  Seq Scan on s_3  (cost=0.00..1637.00 rows=100000 width=20) (actual time=0.015..5.578 rows=100000 loops=1)
 Planning time: 0.225 ms
 Execution time: 26.148 ms
(13 rows)

===== 124 [Wed Mar  7 02:03:56 CET 2018] scale:100000 groups:100 work_mem:8MB incremental:on max_workers:0 =====
SELECT * FROM (SELECT * FROM s_4 ORDER BY a, b, c, d) foo ORDER BY a, b, c, d, e LIMIT 1000
                                                            QUERY PLAN                                                             
-----------------------------------------------------------------------------------------------------------------------------------
 Limit  (cost=9971.90..9971.90 rows=1 width=20) (actual time=25.704..25.704 rows=0 loops=1)
   ->  Limit  (cost=9942.11..9961.90 rows=1000 width=20) (actual time=25.400..25.675 rows=1000 loops=1)
         ->  Incremental Sort  (cost=9942.11..11920.93 rows=100000 width=20) (actual time=25.399..25.619 rows=1000 loops=1)
               Sort Key: s_4.a, s_4.b, s_4.c, s_4.d, s_4.e
               Presorted Key: s_4.a, s_4.b, s_4.c, s_4.d
               Sort Method: quicksort  Memory: 27kB
               Sort Groups: 32
               ->  Sort  (cost=9941.82..10191.82 rows=100000 width=20) (actual time=25.353..25.442 rows=1025 loops=1)
                     Sort Key: s_4.a, s_4.b, s_4.c, s_4.d
                     Sort Method: external merge  Disk: 2936kB
                     ->  Seq Scan on s_4  (cost=0.00..1637.00 rows=100000 width=20) (actual time=0.006..5.588 rows=100000 loops=1)
 Planning time: 0.235 ms
 Execution time: 26.225 ms
(13 rows)

===== 125 [Wed Mar  7 02:03:57 CET 2018] scale:100000 groups:100 work_mem:8MB incremental:off max_workers:0 =====
SELECT * FROM (SELECT * FROM s_1 ORDER BY a) foo ORDER BY a, b LIMIT 1000
                                                            QUERY PLAN                                                             
-----------------------------------------------------------------------------------------------------------------------------------
 Limit  (cost=16687.21..16687.21 rows=1 width=20) (actual time=37.526..37.526 rows=0 loops=1)
   ->  Limit  (cost=16674.71..16677.21 rows=1000 width=20) (actual time=37.403..37.497 rows=1000 loops=1)
         ->  Sort  (cost=16674.71..16924.71 rows=100000 width=20) (actual time=37.403..37.442 rows=1000 loops=1)
               Sort Key: s_1.a, s_1.b
               Sort Method: top-N heapsort  Memory: 151kB
               ->  Sort  (cost=9941.82..10191.82 rows=100000 width=20) (actual time=22.742..30.924 rows=100000 loops=1)
                     Sort Key: s_1.a
                     Sort Method: external merge  Disk: 2936kB
                     ->  Seq Scan on s_1  (cost=0.00..1637.00 rows=100000 width=20) (actual time=0.007..5.597 rows=100000 loops=1)
 Planning time: 0.217 ms
 Execution time: 37.940 ms
(11 rows)

===== 126 [Wed Mar  7 02:03:57 CET 2018] scale:100000 groups:100 work_mem:8MB incremental:off max_workers:0 =====
SELECT * FROM (SELECT * FROM s_2 ORDER BY a, b) foo ORDER BY a, b, c LIMIT 1000
                                                            QUERY PLAN                                                             
-----------------------------------------------------------------------------------------------------------------------------------
 Limit  (cost=16687.21..16687.21 rows=1 width=20) (actual time=38.956..38.956 rows=0 loops=1)
   ->  Limit  (cost=16674.71..16677.21 rows=1000 width=20) (actual time=38.834..38.928 rows=1000 loops=1)
         ->  Sort  (cost=16674.71..16924.71 rows=100000 width=20) (actual time=38.834..38.872 rows=1000 loops=1)
               Sort Key: s_2.a, s_2.b, s_2.c
               Sort Method: top-N heapsort  Memory: 127kB
               ->  Sort  (cost=9941.82..10191.82 rows=100000 width=20) (actual time=24.143..32.332 rows=100000 loops=1)
                     Sort Key: s_2.a, s_2.b
                     Sort Method: external merge  Disk: 2936kB
                     ->  Seq Scan on s_2  (cost=0.00..1637.00 rows=100000 width=20) (actual time=0.010..5.593 rows=100000 loops=1)
 Planning time: 0.215 ms
 Execution time: 39.380 ms
(11 rows)

===== 127 [Wed Mar  7 02:03:57 CET 2018] scale:100000 groups:100 work_mem:8MB incremental:off max_workers:0 =====
SELECT * FROM (SELECT * FROM s_3 ORDER BY a, b, c) foo ORDER BY a, b, c, d LIMIT 1000
                                                            QUERY PLAN                                                             
-----------------------------------------------------------------------------------------------------------------------------------
 Limit  (cost=16687.21..16687.21 rows=1 width=20) (actual time=41.277..41.277 rows=0 loops=1)
   ->  Limit  (cost=16674.71..16677.21 rows=1000 width=20) (actual time=41.153..41.247 rows=1000 loops=1)
         ->  Sort  (cost=16674.71..16924.71 rows=100000 width=20) (actual time=41.152..41.191 rows=1000 loops=1)
               Sort Key: s_3.a, s_3.b, s_3.c, s_3.d
               Sort Method: top-N heapsort  Memory: 127kB
               ->  Sort  (cost=9941.82..10191.82 rows=100000 width=20) (actual time=25.277..34.238 rows=100000 loops=1)
                     Sort Key: s_3.a, s_3.b, s_3.c
                     Sort Method: external merge  Disk: 2936kB
                     ->  Seq Scan on s_3  (cost=0.00..1637.00 rows=100000 width=20) (actual time=0.016..5.546 rows=100000 loops=1)
 Planning time: 0.218 ms
 Execution time: 41.695 ms
(11 rows)

===== 128 [Wed Mar  7 02:03:57 CET 2018] scale:100000 groups:100 work_mem:8MB incremental:off max_workers:0 =====
SELECT * FROM (SELECT * FROM s_4 ORDER BY a, b, c, d) foo ORDER BY a, b, c, d, e LIMIT 1000
                                                            QUERY PLAN                                                             
-----------------------------------------------------------------------------------------------------------------------------------
 Limit  (cost=16687.21..16687.21 rows=1 width=20) (actual time=41.223..41.223 rows=0 loops=1)
   ->  Limit  (cost=16674.71..16677.21 rows=1000 width=20) (actual time=41.102..41.195 rows=1000 loops=1)
         ->  Sort  (cost=16674.71..16924.71 rows=100000 width=20) (actual time=41.102..41.140 rows=1000 loops=1)
               Sort Key: s_4.a, s_4.b, s_4.c, s_4.d, s_4.e
               Sort Method: top-N heapsort  Memory: 127kB
               ->  Sort  (cost=9941.82..10191.82 rows=100000 width=20) (actual time=25.286..34.177 rows=100000 loops=1)
                     Sort Key: s_4.a, s_4.b, s_4.c, s_4.d
                     Sort Method: external merge  Disk: 2936kB
                     ->  Seq Scan on s_4  (cost=0.00..1637.00 rows=100000 width=20) (actual time=0.007..5.541 rows=100000 loops=1)
 Planning time: 0.227 ms
 Execution time: 41.626 ms
(11 rows)

===== 129 [Wed Mar  7 02:03:58 CET 2018] scale:100000 groups:100 work_mem:16MB incremental:on max_workers:0 =====
SELECT * FROM (SELECT * FROM s_1 ORDER BY a) foo ORDER BY a, b LIMIT 1000
                                                            QUERY PLAN                                                             
-----------------------------------------------------------------------------------------------------------------------------------
 Limit  (cost=10030.99..10030.99 rows=1 width=20) (actual time=16.986..16.986 rows=0 loops=1)
   ->  Limit  (cost=10003.46..10020.99 rows=1000 width=20) (actual time=16.615..16.958 rows=1000 loops=1)
         ->  Incremental Sort  (cost=10003.46..11756.10 rows=100000 width=20) (actual time=16.614..16.902 rows=1000 loops=1)
               Sort Key: s_1.a, s_1.b
               Presorted Key: s_1.a
               Sort Method: quicksort  Memory: 100kB
               Sort Groups: 2
               ->  Sort  (cost=9941.82..10191.82 rows=100000 width=20) (actual time=16.440..16.491 rows=1443 loops=1)
                     Sort Key: s_1.a
                     Sort Method: quicksort  Memory: 10885kB
                     ->  Seq Scan on s_1  (cost=0.00..1637.00 rows=100000 width=20) (actual time=0.007..5.621 rows=100000 loops=1)
 Planning time: 0.222 ms
 Execution time: 17.438 ms
(13 rows)

===== 130 [Wed Mar  7 02:03:58 CET 2018] scale:100000 groups:100 work_mem:16MB incremental:on max_workers:0 =====
SELECT * FROM (SELECT * FROM s_2 ORDER BY a, b) foo ORDER BY a, b, c LIMIT 1000
                                                            QUERY PLAN                                                             
-----------------------------------------------------------------------------------------------------------------------------------
 Limit  (cost=9971.90..9971.90 rows=1 width=20) (actual time=18.309..18.309 rows=0 loops=1)
   ->  Limit  (cost=9942.11..9961.90 rows=1000 width=20) (actual time=17.950..18.280 rows=1000 loops=1)
         ->  Incremental Sort  (cost=9942.11..11920.93 rows=100000 width=20) (actual time=17.950..18.224 rows=1000 loops=1)
               Sort Key: s_2.a, s_2.b, s_2.c
               Presorted Key: s_2.a, s_2.b
               Sort Method: quicksort  Memory: 28kB
               Sort Groups: 28
               ->  Sort  (cost=9941.82..10191.82 rows=100000 width=20) (actual time=17.904..17.947 rows=1001 loops=1)
                     Sort Key: s_2.a, s_2.b
                     Sort Method: quicksort  Memory: 10885kB
                     ->  Seq Scan on s_2  (cost=0.00..1637.00 rows=100000 width=20) (actual time=0.010..5.658 rows=100000 loops=1)
 Planning time: 0.222 ms
 Execution time: 18.788 ms
(13 rows)

===== 131 [Wed Mar  7 02:03:58 CET 2018] scale:100000 groups:100 work_mem:16MB incremental:on max_workers:0 =====
SELECT * FROM (SELECT * FROM s_3 ORDER BY a, b, c) foo ORDER BY a, b, c, d LIMIT 1000
                                                            QUERY PLAN                                                             
-----------------------------------------------------------------------------------------------------------------------------------
 Limit  (cost=9971.90..9971.90 rows=1 width=20) (actual time=19.357..19.357 rows=0 loops=1)
   ->  Limit  (cost=9942.11..9961.90 rows=1000 width=20) (actual time=19.055..19.328 rows=1000 loops=1)
         ->  Incremental Sort  (cost=9942.11..11920.93 rows=100000 width=20) (actual time=19.055..19.272 rows=1000 loops=1)
               Sort Key: s_3.a, s_3.b, s_3.c, s_3.d
               Presorted Key: s_3.a, s_3.b, s_3.c
               Sort Method: quicksort  Memory: 27kB
               Sort Groups: 32
               ->  Sort  (cost=9941.82..10191.82 rows=100000 width=20) (actual time=19.015..19.064 rows=1025 loops=1)
                     Sort Key: s_3.a, s_3.b, s_3.c
                     Sort Method: quicksort  Memory: 10885kB
                     ->  Seq Scan on s_3  (cost=0.00..1637.00 rows=100000 width=20) (actual time=0.015..5.592 rows=100000 loops=1)
 Planning time: 0.220 ms
 Execution time: 19.833 ms
(13 rows)

===== 132 [Wed Mar  7 02:03:58 CET 2018] scale:100000 groups:100 work_mem:16MB incremental:on max_workers:0 =====
SELECT * FROM (SELECT * FROM s_4 ORDER BY a, b, c, d) foo ORDER BY a, b, c, d, e LIMIT 1000
                                                            QUERY PLAN                                                             
-----------------------------------------------------------------------------------------------------------------------------------
 Limit  (cost=9971.90..9971.90 rows=1 width=20) (actual time=19.346..19.346 rows=0 loops=1)
   ->  Limit  (cost=9942.11..9961.90 rows=1000 width=20) (actual time=19.078..19.316 rows=1000 loops=1)
         ->  Incremental Sort  (cost=9942.11..11920.93 rows=100000 width=20) (actual time=19.077..19.261 rows=1000 loops=1)
               Sort Key: s_4.a, s_4.b, s_4.c, s_4.d, s_4.e
               Presorted Key: s_4.a, s_4.b, s_4.c, s_4.d
               Sort Method: quicksort  Memory: 27kB
               Sort Groups: 32
               ->  Sort  (cost=9941.82..10191.82 rows=100000 width=20) (actual time=19.032..19.073 rows=1025 loops=1)
                     Sort Key: s_4.a, s_4.b, s_4.c, s_4.d
                     Sort Method: quicksort  Memory: 10885kB
                     ->  Seq Scan on s_4  (cost=0.00..1637.00 rows=100000 width=20) (actual time=0.006..5.584 rows=100000 loops=1)
 Planning time: 0.232 ms
 Execution time: 19.825 ms
(13 rows)

===== 133 [Wed Mar  7 02:03:58 CET 2018] scale:100000 groups:100 work_mem:16MB incremental:off max_workers:0 =====
SELECT * FROM (SELECT * FROM s_1 ORDER BY a) foo ORDER BY a, b LIMIT 1000
                                                            QUERY PLAN                                                             
-----------------------------------------------------------------------------------------------------------------------------------
 Limit  (cost=16687.21..16687.21 rows=1 width=20) (actual time=27.211..27.211 rows=0 loops=1)
   ->  Limit  (cost=16674.71..16677.21 rows=1000 width=20) (actual time=27.089..27.183 rows=1000 loops=1)
         ->  Sort  (cost=16674.71..16924.71 rows=100000 width=20) (actual time=27.088..27.127 rows=1000 loops=1)
               Sort Key: s_1.a, s_1.b
               Sort Method: top-N heapsort  Memory: 151kB
               ->  Sort  (cost=9941.82..10191.82 rows=100000 width=20) (actual time=16.377..19.850 rows=100000 loops=1)
                     Sort Key: s_1.a
                     Sort Method: quicksort  Memory: 10885kB
                     ->  Seq Scan on s_1  (cost=0.00..1637.00 rows=100000 width=20) (actual time=0.007..5.589 rows=100000 loops=1)
 Planning time: 0.220 ms
 Execution time: 27.695 ms
(11 rows)

===== 134 [Wed Mar  7 02:03:58 CET 2018] scale:100000 groups:100 work_mem:16MB incremental:off max_workers:0 =====
SELECT * FROM (SELECT * FROM s_2 ORDER BY a, b) foo ORDER BY a, b, c LIMIT 1000
                                                            QUERY PLAN                                                             
-----------------------------------------------------------------------------------------------------------------------------------
 Limit  (cost=16687.21..16687.21 rows=1 width=20) (actual time=28.692..28.692 rows=0 loops=1)
   ->  Limit  (cost=16674.71..16677.21 rows=1000 width=20) (actual time=28.570..28.665 rows=1000 loops=1)
         ->  Sort  (cost=16674.71..16924.71 rows=100000 width=20) (actual time=28.570..28.608 rows=1000 loops=1)
               Sort Key: s_2.a, s_2.b, s_2.c
               Sort Method: top-N heapsort  Memory: 127kB
               ->  Sort  (cost=9941.82..10191.82 rows=100000 width=20) (actual time=17.843..21.348 rows=100000 loops=1)
                     Sort Key: s_2.a, s_2.b
                     Sort Method: quicksort  Memory: 10885kB
                     ->  Seq Scan on s_2  (cost=0.00..1637.00 rows=100000 width=20) (actual time=0.010..5.602 rows=100000 loops=1)
 Planning time: 0.225 ms
 Execution time: 29.181 ms
(11 rows)

===== 135 [Wed Mar  7 02:03:59 CET 2018] scale:100000 groups:100 work_mem:16MB incremental:off max_workers:0 =====
SELECT * FROM (SELECT * FROM s_3 ORDER BY a, b, c) foo ORDER BY a, b, c, d LIMIT 1000
                                                            QUERY PLAN                                                             
-----------------------------------------------------------------------------------------------------------------------------------
 Limit  (cost=16687.21..16687.21 rows=1 width=20) (actual time=30.401..30.401 rows=0 loops=1)
   ->  Limit  (cost=16674.71..16677.21 rows=1000 width=20) (actual time=30.280..30.374 rows=1000 loops=1)
         ->  Sort  (cost=16674.71..16924.71 rows=100000 width=20) (actual time=30.279..30.318 rows=1000 loops=1)
               Sort Key: s_3.a, s_3.b, s_3.c, s_3.d
               Sort Method: top-N heapsort  Memory: 127kB
               ->  Sort  (cost=9941.82..10191.82 rows=100000 width=20) (actual time=18.972..22.523 rows=100000 loops=1)
                     Sort Key: s_3.a, s_3.b, s_3.c
                     Sort Method: quicksort  Memory: 10885kB
                     ->  Seq Scan on s_3  (cost=0.00..1637.00 rows=100000 width=20) (actual time=0.015..5.563 rows=100000 loops=1)
 Planning time: 0.219 ms
 Execution time: 30.885 ms
(11 rows)

===== 136 [Wed Mar  7 02:03:59 CET 2018] scale:100000 groups:100 work_mem:16MB incremental:off max_workers:0 =====
SELECT * FROM (SELECT * FROM s_4 ORDER BY a, b, c, d) foo ORDER BY a, b, c, d, e LIMIT 1000
                                                            QUERY PLAN                                                             
-----------------------------------------------------------------------------------------------------------------------------------
 Limit  (cost=16687.21..16687.21 rows=1 width=20) (actual time=30.418..30.418 rows=0 loops=1)
   ->  Limit  (cost=16674.71..16677.21 rows=1000 width=20) (actual time=30.296..30.389 rows=1000 loops=1)
         ->  Sort  (cost=16674.71..16924.71 rows=100000 width=20) (actual time=30.296..30.334 rows=1000 loops=1)
               Sort Key: s_4.a, s_4.b, s_4.c, s_4.d, s_4.e
               Sort Method: top-N heapsort  Memory: 127kB
               ->  Sort  (cost=9941.82..10191.82 rows=100000 width=20) (actual time=18.974..22.534 rows=100000 loops=1)
                     Sort Key: s_4.a, s_4.b, s_4.c, s_4.d
                     Sort Method: quicksort  Memory: 10885kB
                     ->  Seq Scan on s_4  (cost=0.00..1637.00 rows=100000 width=20) (actual time=0.006..5.553 rows=100000 loops=1)
 Planning time: 0.226 ms
 Execution time: 30.905 ms
(11 rows)

===== 137 [Wed Mar  7 02:03:59 CET 2018] scale:100000 groups:100 work_mem:32MB incremental:on max_workers:0 =====
SELECT * FROM (SELECT * FROM s_1 ORDER BY a) foo ORDER BY a, b LIMIT 1000
                                                            QUERY PLAN                                                             
-----------------------------------------------------------------------------------------------------------------------------------
 Limit  (cost=10030.99..10030.99 rows=1 width=20) (actual time=17.058..17.058 rows=0 loops=1)
   ->  Limit  (cost=10003.46..10020.99 rows=1000 width=20) (actual time=16.686..17.029 rows=1000 loops=1)
         ->  Incremental Sort  (cost=10003.46..11756.10 rows=100000 width=20) (actual time=16.685..16.974 rows=1000 loops=1)
               Sort Key: s_1.a, s_1.b
               Presorted Key: s_1.a
               Sort Method: quicksort  Memory: 100kB
               Sort Groups: 2
               ->  Sort  (cost=9941.82..10191.82 rows=100000 width=20) (actual time=16.509..16.560 rows=1443 loops=1)
                     Sort Key: s_1.a
                     Sort Method: quicksort  Memory: 10885kB
                     ->  Seq Scan on s_1  (cost=0.00..1637.00 rows=100000 width=20) (actual time=0.007..5.632 rows=100000 loops=1)
 Planning time: 0.220 ms
 Execution time: 17.510 ms
(13 rows)

===== 138 [Wed Mar  7 02:03:59 CET 2018] scale:100000 groups:100 work_mem:32MB incremental:on max_workers:0 =====
SELECT * FROM (SELECT * FROM s_2 ORDER BY a, b) foo ORDER BY a, b, c LIMIT 1000
                                                            QUERY PLAN                                                             
-----------------------------------------------------------------------------------------------------------------------------------
 Limit  (cost=9971.90..9971.90 rows=1 width=20) (actual time=18.254..18.254 rows=0 loops=1)
   ->  Limit  (cost=9942.11..9961.90 rows=1000 width=20) (actual time=17.888..18.226 rows=1000 loops=1)
         ->  Incremental Sort  (cost=9942.11..11920.93 rows=100000 width=20) (actual time=17.888..18.170 rows=1000 loops=1)
               Sort Key: s_2.a, s_2.b, s_2.c
               Presorted Key: s_2.a, s_2.b
               Sort Method: quicksort  Memory: 28kB
               Sort Groups: 28
               ->  Sort  (cost=9941.82..10191.82 rows=100000 width=20) (actual time=17.845..17.889 rows=1001 loops=1)
                     Sort Key: s_2.a, s_2.b
                     Sort Method: quicksort  Memory: 10885kB
                     ->  Seq Scan on s_2  (cost=0.00..1637.00 rows=100000 width=20) (actual time=0.010..5.634 rows=100000 loops=1)
 Planning time: 0.222 ms
 Execution time: 18.733 ms
(13 rows)

===== 139 [Wed Mar  7 02:03:59 CET 2018] scale:100000 groups:100 work_mem:32MB incremental:on max_workers:0 =====
SELECT * FROM (SELECT * FROM s_3 ORDER BY a, b, c) foo ORDER BY a, b, c, d LIMIT 1000
                                                            QUERY PLAN                                                             
-----------------------------------------------------------------------------------------------------------------------------------
 Limit  (cost=9971.90..9971.90 rows=1 width=20) (actual time=19.371..19.371 rows=0 loops=1)
   ->  Limit  (cost=9942.11..9961.90 rows=1000 width=20) (actual time=19.078..19.341 rows=1000 loops=1)
         ->  Incremental Sort  (cost=9942.11..11920.93 rows=100000 width=20) (actual time=19.077..19.286 rows=1000 loops=1)
               Sort Key: s_3.a, s_3.b, s_3.c, s_3.d
               Presorted Key: s_3.a, s_3.b, s_3.c
               Sort Method: quicksort  Memory: 27kB
               Sort Groups: 32
               ->  Sort  (cost=9941.82..10191.82 rows=100000 width=20) (actual time=19.037..19.078 rows=1025 loops=1)
                     Sort Key: s_3.a, s_3.b, s_3.c
                     Sort Method: quicksort  Memory: 10885kB
                     ->  Seq Scan on s_3  (cost=0.00..1637.00 rows=100000 width=20) (actual time=0.015..5.590 rows=100000 loops=1)
 Planning time: 0.225 ms
 Execution time: 19.852 ms
(13 rows)

===== 140 [Wed Mar  7 02:04:00 CET 2018] scale:100000 groups:100 work_mem:32MB incremental:on max_workers:0 =====
SELECT * FROM (SELECT * FROM s_4 ORDER BY a, b, c, d) foo ORDER BY a, b, c, d, e LIMIT 1000
                                                            QUERY PLAN                                                             
-----------------------------------------------------------------------------------------------------------------------------------
 Limit  (cost=9971.90..9971.90 rows=1 width=20) (actual time=19.354..19.354 rows=0 loops=1)
   ->  Limit  (cost=9942.11..9961.90 rows=1000 width=20) (actual time=19.087..19.325 rows=1000 loops=1)
         ->  Incremental Sort  (cost=9942.11..11920.93 rows=100000 width=20) (actual time=19.086..19.269 rows=1000 loops=1)
               Sort Key: s_4.a, s_4.b, s_4.c, s_4.d, s_4.e
               Presorted Key: s_4.a, s_4.b, s_4.c, s_4.d
               Sort Method: quicksort  Memory: 27kB
               Sort Groups: 32
               ->  Sort  (cost=9941.82..10191.82 rows=100000 width=20) (actual time=19.041..19.082 rows=1025 loops=1)
                     Sort Key: s_4.a, s_4.b, s_4.c, s_4.d
                     Sort Method: quicksort  Memory: 10885kB
                     ->  Seq Scan on s_4  (cost=0.00..1637.00 rows=100000 width=20) (actual time=0.007..5.584 rows=100000 loops=1)
 Planning time: 0.238 ms
 Execution time: 19.834 ms
(13 rows)

===== 141 [Wed Mar  7 02:04:00 CET 2018] scale:100000 groups:100 work_mem:32MB incremental:off max_workers:0 =====
SELECT * FROM (SELECT * FROM s_1 ORDER BY a) foo ORDER BY a, b LIMIT 1000
                                                            QUERY PLAN                                                             
-----------------------------------------------------------------------------------------------------------------------------------
 Limit  (cost=16687.21..16687.21 rows=1 width=20) (actual time=27.231..27.231 rows=0 loops=1)
   ->  Limit  (cost=16674.71..16677.21 rows=1000 width=20) (actual time=27.109..27.202 rows=1000 loops=1)
         ->  Sort  (cost=16674.71..16924.71 rows=100000 width=20) (actual time=27.108..27.147 rows=1000 loops=1)
               Sort Key: s_1.a, s_1.b
               Sort Method: top-N heapsort  Memory: 151kB
               ->  Sort  (cost=9941.82..10191.82 rows=100000 width=20) (actual time=16.402..19.876 rows=100000 loops=1)
                     Sort Key: s_1.a
                     Sort Method: quicksort  Memory: 10885kB
                     ->  Seq Scan on s_1  (cost=0.00..1637.00 rows=100000 width=20) (actual time=0.007..5.610 rows=100000 loops=1)
 Planning time: 0.218 ms
 Execution time: 27.717 ms
(11 rows)

===== 142 [Wed Mar  7 02:04:00 CET 2018] scale:100000 groups:100 work_mem:32MB incremental:off max_workers:0 =====
SELECT * FROM (SELECT * FROM s_2 ORDER BY a, b) foo ORDER BY a, b, c LIMIT 1000
                                                            QUERY PLAN                                                             
-----------------------------------------------------------------------------------------------------------------------------------
 Limit  (cost=16687.21..16687.21 rows=1 width=20) (actual time=28.700..28.700 rows=0 loops=1)
   ->  Limit  (cost=16674.71..16677.21 rows=1000 width=20) (actual time=28.578..28.671 rows=1000 loops=1)
         ->  Sort  (cost=16674.71..16924.71 rows=100000 width=20) (actual time=28.577..28.616 rows=1000 loops=1)
               Sort Key: s_2.a, s_2.b, s_2.c
               Sort Method: top-N heapsort  Memory: 127kB
               ->  Sort  (cost=9941.82..10191.82 rows=100000 width=20) (actual time=17.859..21.362 rows=100000 loops=1)
                     Sort Key: s_2.a, s_2.b
                     Sort Method: quicksort  Memory: 10885kB
                     ->  Seq Scan on s_2  (cost=0.00..1637.00 rows=100000 width=20) (actual time=0.010..5.617 rows=100000 loops=1)
 Planning time: 0.220 ms
 Execution time: 29.189 ms
(11 rows)

===== 143 [Wed Mar  7 02:04:00 CET 2018] scale:100000 groups:100 work_mem:32MB incremental:off max_workers:0 =====
SELECT * FROM (SELECT * FROM s_3 ORDER BY a, b, c) foo ORDER BY a, b, c, d LIMIT 1000
                                                            QUERY PLAN                                                             
-----------------------------------------------------------------------------------------------------------------------------------
 Limit  (cost=16687.21..16687.21 rows=1 width=20) (actual time=30.390..30.390 rows=0 loops=1)
   ->  Limit  (cost=16674.71..16677.21 rows=1000 width=20) (actual time=30.268..30.361 rows=1000 loops=1)
         ->  Sort  (cost=16674.71..16924.71 rows=100000 width=20) (actual time=30.267..30.306 rows=1000 loops=1)
               Sort Key: s_3.a, s_3.b, s_3.c, s_3.d
               Sort Method: top-N heapsort  Memory: 127kB
               ->  Sort  (cost=9941.82..10191.82 rows=100000 width=20) (actual time=18.946..22.503 rows=100000 loops=1)
                     Sort Key: s_3.a, s_3.b, s_3.c
                     Sort Method: quicksort  Memory: 10885kB
                     ->  Seq Scan on s_3  (cost=0.00..1637.00 rows=100000 width=20) (actual time=0.015..5.568 rows=100000 loops=1)
 Planning time: 0.216 ms
 Execution time: 30.874 ms
(11 rows)

===== 144 [Wed Mar  7 02:04:00 CET 2018] scale:100000 groups:100 work_mem:32MB incremental:off max_workers:0 =====
SELECT * FROM (SELECT * FROM s_4 ORDER BY a, b, c, d) foo ORDER BY a, b, c, d, e LIMIT 1000
                                                            QUERY PLAN                                                             
-----------------------------------------------------------------------------------------------------------------------------------
 Limit  (cost=16687.21..16687.21 rows=1 width=20) (actual time=30.432..30.432 rows=0 loops=1)
   ->  Limit  (cost=16674.71..16677.21 rows=1000 width=20) (actual time=30.311..30.404 rows=1000 loops=1)
         ->  Sort  (cost=16674.71..16924.71 rows=100000 width=20) (actual time=30.310..30.349 rows=1000 loops=1)
               Sort Key: s_4.a, s_4.b, s_4.c, s_4.d, s_4.e
               Sort Method: top-N heapsort  Memory: 127kB
               ->  Sort  (cost=9941.82..10191.82 rows=100000 width=20) (actual time=18.997..22.549 rows=100000 loops=1)
                     Sort Key: s_4.a, s_4.b, s_4.c, s_4.d
                     Sort Method: quicksort  Memory: 10885kB
                     ->  Seq Scan on s_4  (cost=0.00..1637.00 rows=100000 width=20) (actual time=0.006..5.554 rows=100000 loops=1)
 Planning time: 0.228 ms
 Execution time: 30.918 ms
(11 rows)

===== 145 [Wed Mar  7 02:04:01 CET 2018] scale:100000 groups:100 work_mem:64MB incremental:on max_workers:0 =====
SELECT * FROM (SELECT * FROM s_1 ORDER BY a) foo ORDER BY a, b LIMIT 1000
                                                            QUERY PLAN                                                             
-----------------------------------------------------------------------------------------------------------------------------------
 Limit  (cost=10030.99..10030.99 rows=1 width=20) (actual time=17.020..17.020 rows=0 loops=1)
   ->  Limit  (cost=10003.46..10020.99 rows=1000 width=20) (actual time=16.649..16.992 rows=1000 loops=1)
         ->  Incremental Sort  (cost=10003.46..11756.10 rows=100000 width=20) (actual time=16.648..16.936 rows=1000 loops=1)
               Sort Key: s_1.a, s_1.b
               Presorted Key: s_1.a
               Sort Method: quicksort  Memory: 100kB
               Sort Groups: 2
               ->  Sort  (cost=9941.82..10191.82 rows=100000 width=20) (actual time=16.473..16.525 rows=1443 loops=1)
                     Sort Key: s_1.a
                     Sort Method: quicksort  Memory: 10885kB
                     ->  Seq Scan on s_1  (cost=0.00..1637.00 rows=100000 width=20) (actual time=0.007..5.637 rows=100000 loops=1)
 Planning time: 0.221 ms
 Execution time: 17.473 ms
(13 rows)

===== 146 [Wed Mar  7 02:04:01 CET 2018] scale:100000 groups:100 work_mem:64MB incremental:on max_workers:0 =====
SELECT * FROM (SELECT * FROM s_2 ORDER BY a, b) foo ORDER BY a, b, c LIMIT 1000
                                                            QUERY PLAN                                                             
-----------------------------------------------------------------------------------------------------------------------------------
 Limit  (cost=9971.90..9971.90 rows=1 width=20) (actual time=18.279..18.279 rows=0 loops=1)
   ->  Limit  (cost=9942.11..9961.90 rows=1000 width=20) (actual time=17.913..18.245 rows=1000 loops=1)
         ->  Incremental Sort  (cost=9942.11..11920.93 rows=100000 width=20) (actual time=17.913..18.189 rows=1000 loops=1)
               Sort Key: s_2.a, s_2.b, s_2.c
               Presorted Key: s_2.a, s_2.b
               Sort Method: quicksort  Memory: 28kB
               Sort Groups: 28
               ->  Sort  (cost=9941.82..10191.82 rows=100000 width=20) (actual time=17.870..17.914 rows=1001 loops=1)
                     Sort Key: s_2.a, s_2.b
                     Sort Method: quicksort  Memory: 10885kB
                     ->  Seq Scan on s_2  (cost=0.00..1637.00 rows=100000 width=20) (actual time=0.010..5.629 rows=100000 loops=1)
 Planning time: 0.223 ms
 Execution time: 18.752 ms
(13 rows)

===== 147 [Wed Mar  7 02:04:01 CET 2018] scale:100000 groups:100 work_mem:64MB incremental:on max_workers:0 =====
SELECT * FROM (SELECT * FROM s_3 ORDER BY a, b, c) foo ORDER BY a, b, c, d LIMIT 1000
                                                            QUERY PLAN                                                             
-----------------------------------------------------------------------------------------------------------------------------------
 Limit  (cost=9971.90..9971.90 rows=1 width=20) (actual time=19.385..19.385 rows=0 loops=1)
   ->  Limit  (cost=9942.11..9961.90 rows=1000 width=20) (actual time=19.092..19.355 rows=1000 loops=1)
         ->  Incremental Sort  (cost=9942.11..11920.93 rows=100000 width=20) (actual time=19.091..19.300 rows=1000 loops=1)
               Sort Key: s_3.a, s_3.b, s_3.c, s_3.d
               Presorted Key: s_3.a, s_3.b, s_3.c
               Sort Method: quicksort  Memory: 27kB
               Sort Groups: 32
               ->  Sort  (cost=9941.82..10191.82 rows=100000 width=20) (actual time=19.051..19.092 rows=1025 loops=1)
                     Sort Key: s_3.a, s_3.b, s_3.c
                     Sort Method: quicksort  Memory: 10885kB
                     ->  Seq Scan on s_3  (cost=0.00..1637.00 rows=100000 width=20) (actual time=0.015..5.605 rows=100000 loops=1)
 Planning time: 0.228 ms
 Execution time: 19.866 ms
(13 rows)

===== 148 [Wed Mar  7 02:04:01 CET 2018] scale:100000 groups:100 work_mem:64MB incremental:on max_workers:0 =====
SELECT * FROM (SELECT * FROM s_4 ORDER BY a, b, c, d) foo ORDER BY a, b, c, d, e LIMIT 1000
                                                            QUERY PLAN                                                             
-----------------------------------------------------------------------------------------------------------------------------------
 Limit  (cost=9971.90..9971.90 rows=1 width=20) (actual time=19.444..19.444 rows=0 loops=1)
   ->  Limit  (cost=9942.11..9961.90 rows=1000 width=20) (actual time=19.176..19.415 rows=1000 loops=1)
         ->  Incremental Sort  (cost=9942.11..11920.93 rows=100000 width=20) (actual time=19.176..19.360 rows=1000 loops=1)
               Sort Key: s_4.a, s_4.b, s_4.c, s_4.d, s_4.e
               Presorted Key: s_4.a, s_4.b, s_4.c, s_4.d
               Sort Method: quicksort  Memory: 27kB
               Sort Groups: 32
               ->  Sort  (cost=9941.82..10191.82 rows=100000 width=20) (actual time=19.131..19.172 rows=1025 loops=1)
                     Sort Key: s_4.a, s_4.b, s_4.c, s_4.d
                     Sort Method: quicksort  Memory: 10885kB
                     ->  Seq Scan on s_4  (cost=0.00..1637.00 rows=100000 width=20) (actual time=0.033..5.631 rows=100000 loops=1)
 Planning time: 0.247 ms
 Execution time: 19.924 ms
(13 rows)

===== 149 [Wed Mar  7 02:04:01 CET 2018] scale:100000 groups:100 work_mem:64MB incremental:off max_workers:0 =====
SELECT * FROM (SELECT * FROM s_1 ORDER BY a) foo ORDER BY a, b LIMIT 1000
                                                            QUERY PLAN                                                             
-----------------------------------------------------------------------------------------------------------------------------------
 Limit  (cost=16687.21..16687.21 rows=1 width=20) (actual time=27.244..27.244 rows=0 loops=1)
   ->  Limit  (cost=16674.71..16677.21 rows=1000 width=20) (actual time=27.122..27.216 rows=1000 loops=1)
         ->  Sort  (cost=16674.71..16924.71 rows=100000 width=20) (actual time=27.121..27.160 rows=1000 loops=1)
               Sort Key: s_1.a, s_1.b
               Sort Method: top-N heapsort  Memory: 151kB
               ->  Sort  (cost=9941.82..10191.82 rows=100000 width=20) (actual time=16.409..19.886 rows=100000 loops=1)
                     Sort Key: s_1.a
                     Sort Method: quicksort  Memory: 10885kB
                     ->  Seq Scan on s_1  (cost=0.00..1637.00 rows=100000 width=20) (actual time=0.007..5.596 rows=100000 loops=1)
 Planning time: 0.219 ms
 Execution time: 27.728 ms
(11 rows)

===== 150 [Wed Mar  7 02:04:01 CET 2018] scale:100000 groups:100 work_mem:64MB incremental:off max_workers:0 =====
SELECT * FROM (SELECT * FROM s_2 ORDER BY a, b) foo ORDER BY a, b, c LIMIT 1000
                                                            QUERY PLAN                                                             
-----------------------------------------------------------------------------------------------------------------------------------
 Limit  (cost=16687.21..16687.21 rows=1 width=20) (actual time=28.718..28.718 rows=0 loops=1)
   ->  Limit  (cost=16674.71..16677.21 rows=1000 width=20) (actual time=28.596..28.691 rows=1000 loops=1)
         ->  Sort  (cost=16674.71..16924.71 rows=100000 width=20) (actual time=28.596..28.634 rows=1000 loops=1)
               Sort Key: s_2.a, s_2.b, s_2.c
               Sort Method: top-N heapsort  Memory: 127kB
               ->  Sort  (cost=9941.82..10191.82 rows=100000 width=20) (actual time=17.865..21.371 rows=100000 loops=1)
                     Sort Key: s_2.a, s_2.b
                     Sort Method: quicksort  Memory: 10885kB
                     ->  Seq Scan on s_2  (cost=0.00..1637.00 rows=100000 width=20) (actual time=0.010..5.624 rows=100000 loops=1)
 Planning time: 0.226 ms
 Execution time: 29.206 ms
(11 rows)

===== 151 [Wed Mar  7 02:04:02 CET 2018] scale:100000 groups:100 work_mem:64MB incremental:off max_workers:0 =====
SELECT * FROM (SELECT * FROM s_3 ORDER BY a, b, c) foo ORDER BY a, b, c, d LIMIT 1000
                                                            QUERY PLAN                                                             
-----------------------------------------------------------------------------------------------------------------------------------
 Limit  (cost=16687.21..16687.21 rows=1 width=20) (actual time=30.382..30.382 rows=0 loops=1)
   ->  Limit  (cost=16674.71..16677.21 rows=1000 width=20) (actual time=30.261..30.354 rows=1000 loops=1)
         ->  Sort  (cost=16674.71..16924.71 rows=100000 width=20) (actual time=30.260..30.299 rows=1000 loops=1)
               Sort Key: s_3.a, s_3.b, s_3.c, s_3.d
               Sort Method: top-N heapsort  Memory: 127kB
               ->  Sort  (cost=9941.82..10191.82 rows=100000 width=20) (actual time=18.947..22.497 rows=100000 loops=1)
                     Sort Key: s_3.a, s_3.b, s_3.c
                     Sort Method: quicksort  Memory: 10885kB
                     ->  Seq Scan on s_3  (cost=0.00..1637.00 rows=100000 width=20) (actual time=0.015..5.561 rows=100000 loops=1)
 Planning time: 0.217 ms
 Execution time: 30.864 ms
(11 rows)

===== 152 [Wed Mar  7 02:04:02 CET 2018] scale:100000 groups:100 work_mem:64MB incremental:off max_workers:0 =====
SELECT * FROM (SELECT * FROM s_4 ORDER BY a, b, c, d) foo ORDER BY a, b, c, d, e LIMIT 1000
                                                            QUERY PLAN                                                             
-----------------------------------------------------------------------------------------------------------------------------------
 Limit  (cost=16687.21..16687.21 rows=1 width=20) (actual time=30.425..30.425 rows=0 loops=1)
   ->  Limit  (cost=16674.71..16677.21 rows=1000 width=20) (actual time=30.303..30.396 rows=1000 loops=1)
         ->  Sort  (cost=16674.71..16924.71 rows=100000 width=20) (actual time=30.303..30.341 rows=1000 loops=1)
               Sort Key: s_4.a, s_4.b, s_4.c, s_4.d, s_4.e
               Sort Method: top-N heapsort  Memory: 127kB
               ->  Sort  (cost=9941.82..10191.82 rows=100000 width=20) (actual time=18.982..22.530 rows=100000 loops=1)
                     Sort Key: s_4.a, s_4.b, s_4.c, s_4.d
                     Sort Method: quicksort  Memory: 10885kB
                     ->  Seq Scan on s_4  (cost=0.00..1637.00 rows=100000 width=20) (actual time=0.007..5.557 rows=100000 loops=1)
 Planning time: 0.227 ms
 Execution time: 30.906 ms
(11 rows)

===== 153 [Wed Mar  7 02:04:02 CET 2018] scale:100000 groups:100 work_mem:128MB incremental:on max_workers:0 =====
SELECT * FROM (SELECT * FROM s_1 ORDER BY a) foo ORDER BY a, b LIMIT 1000
                                                            QUERY PLAN                                                             
-----------------------------------------------------------------------------------------------------------------------------------
 Limit  (cost=10030.99..10030.99 rows=1 width=20) (actual time=17.039..17.039 rows=0 loops=1)
   ->  Limit  (cost=10003.46..10020.99 rows=1000 width=20) (actual time=16.664..17.010 rows=1000 loops=1)
         ->  Incremental Sort  (cost=10003.46..11756.10 rows=100000 width=20) (actual time=16.664..16.955 rows=1000 loops=1)
               Sort Key: s_1.a, s_1.b
               Presorted Key: s_1.a
               Sort Method: quicksort  Memory: 100kB
               Sort Groups: 2
               ->  Sort  (cost=9941.82..10191.82 rows=100000 width=20) (actual time=16.494..16.545 rows=1443 loops=1)
                     Sort Key: s_1.a
                     Sort Method: quicksort  Memory: 10885kB
                     ->  Seq Scan on s_1  (cost=0.00..1637.00 rows=100000 width=20) (actual time=0.007..5.632 rows=100000 loops=1)
 Planning time: 0.234 ms
 Execution time: 17.492 ms
(13 rows)

===== 154 [Wed Mar  7 02:04:02 CET 2018] scale:100000 groups:100 work_mem:128MB incremental:on max_workers:0 =====
SELECT * FROM (SELECT * FROM s_2 ORDER BY a, b) foo ORDER BY a, b, c LIMIT 1000
                                                            QUERY PLAN                                                             
-----------------------------------------------------------------------------------------------------------------------------------
 Limit  (cost=9971.90..9971.90 rows=1 width=20) (actual time=18.297..18.297 rows=0 loops=1)
   ->  Limit  (cost=9942.11..9961.90 rows=1000 width=20) (actual time=17.937..18.269 rows=1000 loops=1)
         ->  Incremental Sort  (cost=9942.11..11920.93 rows=100000 width=20) (actual time=17.937..18.213 rows=1000 loops=1)
               Sort Key: s_2.a, s_2.b, s_2.c
               Presorted Key: s_2.a, s_2.b
               Sort Method: quicksort  Memory: 28kB
               Sort Groups: 28
               ->  Sort  (cost=9941.82..10191.82 rows=100000 width=20) (actual time=17.894..17.938 rows=1001 loops=1)
                     Sort Key: s_2.a, s_2.b
                     Sort Method: quicksort  Memory: 10885kB
                     ->  Seq Scan on s_2  (cost=0.00..1637.00 rows=100000 width=20) (actual time=0.010..5.643 rows=100000 loops=1)
 Planning time: 0.221 ms
 Execution time: 18.776 ms
(13 rows)

===== 155 [Wed Mar  7 02:04:02 CET 2018] scale:100000 groups:100 work_mem:128MB incremental:on max_workers:0 =====
SELECT * FROM (SELECT * FROM s_3 ORDER BY a, b, c) foo ORDER BY a, b, c, d LIMIT 1000
                                                            QUERY PLAN                                                             
-----------------------------------------------------------------------------------------------------------------------------------
 Limit  (cost=9971.90..9971.90 rows=1 width=20) (actual time=19.342..19.342 rows=0 loops=1)
   ->  Limit  (cost=9942.11..9961.90 rows=1000 width=20) (actual time=19.042..19.313 rows=1000 loops=1)
         ->  Incremental Sort  (cost=9942.11..11920.93 rows=100000 width=20) (actual time=19.042..19.258 rows=1000 loops=1)
               Sort Key: s_3.a, s_3.b, s_3.c, s_3.d
               Presorted Key: s_3.a, s_3.b, s_3.c
               Sort Method: quicksort  Memory: 27kB
               Sort Groups: 32
               ->  Sort  (cost=9941.82..10191.82 rows=100000 width=20) (actual time=19.001..19.043 rows=1025 loops=1)
                     Sort Key: s_3.a, s_3.b, s_3.c
                     Sort Method: quicksort  Memory: 10885kB
                     ->  Seq Scan on s_3  (cost=0.00..1637.00 rows=100000 width=20) (actual time=0.016..5.595 rows=100000 loops=1)
 Planning time: 0.226 ms
 Execution time: 19.817 ms
(13 rows)

===== 156 [Wed Mar  7 02:04:03 CET 2018] scale:100000 groups:100 work_mem:128MB incremental:on max_workers:0 =====
SELECT * FROM (SELECT * FROM s_4 ORDER BY a, b, c, d) foo ORDER BY a, b, c, d, e LIMIT 1000
                                                            QUERY PLAN                                                             
-----------------------------------------------------------------------------------------------------------------------------------
 Limit  (cost=9971.90..9971.90 rows=1 width=20) (actual time=19.353..19.353 rows=0 loops=1)
   ->  Limit  (cost=9942.11..9961.90 rows=1000 width=20) (actual time=19.077..19.324 rows=1000 loops=1)
         ->  Incremental Sort  (cost=9942.11..11920.93 rows=100000 width=20) (actual time=19.076..19.269 rows=1000 loops=1)
               Sort Key: s_4.a, s_4.b, s_4.c, s_4.d, s_4.e
               Presorted Key: s_4.a, s_4.b, s_4.c, s_4.d
               Sort Method: quicksort  Memory: 27kB
               Sort Groups: 32
               ->  Sort  (cost=9941.82..10191.82 rows=100000 width=20) (actual time=19.032..19.080 rows=1025 loops=1)
                     Sort Key: s_4.a, s_4.b, s_4.c, s_4.d
                     Sort Method: quicksort  Memory: 10885kB
                     ->  Seq Scan on s_4  (cost=0.00..1637.00 rows=100000 width=20) (actual time=0.006..5.585 rows=100000 loops=1)
 Planning time: 0.239 ms
 Execution time: 19.828 ms
(13 rows)

===== 157 [Wed Mar  7 02:04:03 CET 2018] scale:100000 groups:100 work_mem:128MB incremental:off max_workers:0 =====
SELECT * FROM (SELECT * FROM s_1 ORDER BY a) foo ORDER BY a, b LIMIT 1000
                                                            QUERY PLAN                                                             
-----------------------------------------------------------------------------------------------------------------------------------
 Limit  (cost=16687.21..16687.21 rows=1 width=20) (actual time=27.237..27.237 rows=0 loops=1)
   ->  Limit  (cost=16674.71..16677.21 rows=1000 width=20) (actual time=27.115..27.209 rows=1000 loops=1)
         ->  Sort  (cost=16674.71..16924.71 rows=100000 width=20) (actual time=27.114..27.153 rows=1000 loops=1)
               Sort Key: s_1.a, s_1.b
               Sort Method: top-N heapsort  Memory: 151kB
               ->  Sort  (cost=9941.82..10191.82 rows=100000 width=20) (actual time=16.404..19.888 rows=100000 loops=1)
                     Sort Key: s_1.a
                     Sort Method: quicksort  Memory: 10885kB
                     ->  Seq Scan on s_1  (cost=0.00..1637.00 rows=100000 width=20) (actual time=0.007..5.602 rows=100000 loops=1)
 Planning time: 0.213 ms
 Execution time: 27.720 ms
(11 rows)

===== 158 [Wed Mar  7 02:04:03 CET 2018] scale:100000 groups:100 work_mem:128MB incremental:off max_workers:0 =====
SELECT * FROM (SELECT * FROM s_2 ORDER BY a, b) foo ORDER BY a, b, c LIMIT 1000
                                                            QUERY PLAN                                                             
-----------------------------------------------------------------------------------------------------------------------------------
 Limit  (cost=16687.21..16687.21 rows=1 width=20) (actual time=28.705..28.705 rows=0 loops=1)
   ->  Limit  (cost=16674.71..16677.21 rows=1000 width=20) (actual time=28.583..28.677 rows=1000 loops=1)
         ->  Sort  (cost=16674.71..16924.71 rows=100000 width=20) (actual time=28.582..28.621 rows=1000 loops=1)
               Sort Key: s_2.a, s_2.b, s_2.c
               Sort Method: top-N heapsort  Memory: 127kB
               ->  Sort  (cost=9941.82..10191.82 rows=100000 width=20) (actual time=17.858..21.355 rows=100000 loops=1)
                     Sort Key: s_2.a, s_2.b
                     Sort Method: quicksort  Memory: 10885kB
                     ->  Seq Scan on s_2  (cost=0.00..1637.00 rows=100000 width=20) (actual time=0.010..5.610 rows=100000 loops=1)
 Planning time: 0.224 ms
 Execution time: 29.193 ms
(11 rows)

===== 159 [Wed Mar  7 02:04:03 CET 2018] scale:100000 groups:100 work_mem:128MB incremental:off max_workers:0 =====
SELECT * FROM (SELECT * FROM s_3 ORDER BY a, b, c) foo ORDER BY a, b, c, d LIMIT 1000
                                                            QUERY PLAN                                                             
-----------------------------------------------------------------------------------------------------------------------------------
 Limit  (cost=16687.21..16687.21 rows=1 width=20) (actual time=30.402..30.402 rows=0 loops=1)
   ->  Limit  (cost=16674.71..16677.21 rows=1000 width=20) (actual time=30.281..30.375 rows=1000 loops=1)
         ->  Sort  (cost=16674.71..16924.71 rows=100000 width=20) (actual time=30.280..30.319 rows=1000 loops=1)
               Sort Key: s_3.a, s_3.b, s_3.c, s_3.d
               Sort Method: top-N heapsort  Memory: 127kB
               ->  Sort  (cost=9941.82..10191.82 rows=100000 width=20) (actual time=18.979..22.524 rows=100000 loops=1)
                     Sort Key: s_3.a, s_3.b, s_3.c
                     Sort Method: quicksort  Memory: 10885kB
                     ->  Seq Scan on s_3  (cost=0.00..1637.00 rows=100000 width=20) (actual time=0.015..5.560 rows=100000 loops=1)
 Planning time: 0.216 ms
 Execution time: 30.883 ms
(11 rows)

===== 160 [Wed Mar  7 02:04:03 CET 2018] scale:100000 groups:100 work_mem:128MB incremental:off max_workers:0 =====
SELECT * FROM (SELECT * FROM s_4 ORDER BY a, b, c, d) foo ORDER BY a, b, c, d, e LIMIT 1000
                                                            QUERY PLAN                                                             
-----------------------------------------------------------------------------------------------------------------------------------
 Limit  (cost=16687.21..16687.21 rows=1 width=20) (actual time=30.414..30.414 rows=0 loops=1)
   ->  Limit  (cost=16674.71..16677.21 rows=1000 width=20) (actual time=30.292..30.386 rows=1000 loops=1)
         ->  Sort  (cost=16674.71..16924.71 rows=100000 width=20) (actual time=30.291..30.330 rows=1000 loops=1)
               Sort Key: s_4.a, s_4.b, s_4.c, s_4.d, s_4.e
               Sort Method: top-N heapsort  Memory: 127kB
               ->  Sort  (cost=9941.82..10191.82 rows=100000 width=20) (actual time=18.991..22.537 rows=100000 loops=1)
                     Sort Key: s_4.a, s_4.b, s_4.c, s_4.d
                     Sort Method: quicksort  Memory: 10885kB
                     ->  Seq Scan on s_4  (cost=0.00..1637.00 rows=100000 width=20) (actual time=0.007..5.559 rows=100000 loops=1)
 Planning time: 0.239 ms
 Execution time: 30.901 ms
(11 rows)

===== 161 [Wed Mar  7 02:04:04 CET 2018] scale:100000 groups:100 work_mem:256MB incremental:on max_workers:0 =====
SELECT * FROM (SELECT * FROM s_1 ORDER BY a) foo ORDER BY a, b LIMIT 1000
                                                            QUERY PLAN                                                             
-----------------------------------------------------------------------------------------------------------------------------------
 Limit  (cost=10030.99..10030.99 rows=1 width=20) (actual time=17.044..17.044 rows=0 loops=1)
   ->  Limit  (cost=10003.46..10020.99 rows=1000 width=20) (actual time=16.674..17.016 rows=1000 loops=1)
         ->  Incremental Sort  (cost=10003.46..11756.10 rows=100000 width=20) (actual time=16.673..16.960 rows=1000 loops=1)
               Sort Key: s_1.a, s_1.b
               Presorted Key: s_1.a
               Sort Method: quicksort  Memory: 100kB
               Sort Groups: 2
               ->  Sort  (cost=9941.82..10191.82 rows=100000 width=20) (actual time=16.502..16.553 rows=1443 loops=1)
                     Sort Key: s_1.a
                     Sort Method: quicksort  Memory: 10885kB
                     ->  Seq Scan on s_1  (cost=0.00..1637.00 rows=100000 width=20) (actual time=0.007..5.625 rows=100000 loops=1)
 Planning time: 0.227 ms
 Execution time: 17.506 ms
(13 rows)

===== 162 [Wed Mar  7 02:04:04 CET 2018] scale:100000 groups:100 work_mem:256MB incremental:on max_workers:0 =====
SELECT * FROM (SELECT * FROM s_2 ORDER BY a, b) foo ORDER BY a, b, c LIMIT 1000
                                                            QUERY PLAN                                                             
-----------------------------------------------------------------------------------------------------------------------------------
 Limit  (cost=9971.90..9971.90 rows=1 width=20) (actual time=18.274..18.274 rows=0 loops=1)
   ->  Limit  (cost=9942.11..9961.90 rows=1000 width=20) (actual time=17.915..18.245 rows=1000 loops=1)
         ->  Incremental Sort  (cost=9942.11..11920.93 rows=100000 width=20) (actual time=17.915..18.189 rows=1000 loops=1)
               Sort Key: s_2.a, s_2.b, s_2.c
               Presorted Key: s_2.a, s_2.b
               Sort Method: quicksort  Memory: 28kB
               Sort Groups: 28
               ->  Sort  (cost=9941.82..10191.82 rows=100000 width=20) (actual time=17.872..17.915 rows=1001 loops=1)
                     Sort Key: s_2.a, s_2.b
                     Sort Method: quicksort  Memory: 10885kB
                     ->  Seq Scan on s_2  (cost=0.00..1637.00 rows=100000 width=20) (actual time=0.010..5.632 rows=100000 loops=1)
 Planning time: 0.221 ms
 Execution time: 18.751 ms
(13 rows)

===== 163 [Wed Mar  7 02:04:04 CET 2018] scale:100000 groups:100 work_mem:256MB incremental:on max_workers:0 =====
SELECT * FROM (SELECT * FROM s_3 ORDER BY a, b, c) foo ORDER BY a, b, c, d LIMIT 1000
                                                            QUERY PLAN                                                             
-----------------------------------------------------------------------------------------------------------------------------------
 Limit  (cost=9971.90..9971.90 rows=1 width=20) (actual time=19.328..19.328 rows=0 loops=1)
   ->  Limit  (cost=9942.11..9961.90 rows=1000 width=20) (actual time=19.035..19.299 rows=1000 loops=1)
         ->  Incremental Sort  (cost=9942.11..11920.93 rows=100000 width=20) (actual time=19.034..19.243 rows=1000 loops=1)
               Sort Key: s_3.a, s_3.b, s_3.c, s_3.d
               Presorted Key: s_3.a, s_3.b, s_3.c
               Sort Method: quicksort  Memory: 27kB
               Sort Groups: 32
               ->  Sort  (cost=9941.82..10191.82 rows=100000 width=20) (actual time=18.994..19.036 rows=1025 loops=1)
                     Sort Key: s_3.a, s_3.b, s_3.c
                     Sort Method: quicksort  Memory: 10885kB
                     ->  Seq Scan on s_3  (cost=0.00..1637.00 rows=100000 width=20) (actual time=0.015..5.594 rows=100000 loops=1)
 Planning time: 0.222 ms
 Execution time: 19.804 ms
(13 rows)

===== 164 [Wed Mar  7 02:04:04 CET 2018] scale:100000 groups:100 work_mem:256MB incremental:on max_workers:0 =====
SELECT * FROM (SELECT * FROM s_4 ORDER BY a, b, c, d) foo ORDER BY a, b, c, d, e LIMIT 1000
                                                            QUERY PLAN                                                             
-----------------------------------------------------------------------------------------------------------------------------------
 Limit  (cost=9971.90..9971.90 rows=1 width=20) (actual time=19.346..19.346 rows=0 loops=1)
   ->  Limit  (cost=9942.11..9961.90 rows=1000 width=20) (actual time=19.078..19.317 rows=1000 loops=1)
         ->  Incremental Sort  (cost=9942.11..11920.93 rows=100000 width=20) (actual time=19.077..19.261 rows=1000 loops=1)
               Sort Key: s_4.a, s_4.b, s_4.c, s_4.d, s_4.e
               Presorted Key: s_4.a, s_4.b, s_4.c, s_4.d
               Sort Method: quicksort  Memory: 27kB
               Sort Groups: 32
               ->  Sort  (cost=9941.82..10191.82 rows=100000 width=20) (actual time=19.033..19.074 rows=1025 loops=1)
                     Sort Key: s_4.a, s_4.b, s_4.c, s_4.d
                     Sort Method: quicksort  Memory: 10885kB
                     ->  Seq Scan on s_4  (cost=0.00..1637.00 rows=100000 width=20) (actual time=0.006..5.600 rows=100000 loops=1)
 Planning time: 0.237 ms
 Execution time: 19.828 ms
(13 rows)

===== 165 [Wed Mar  7 02:04:04 CET 2018] scale:100000 groups:100 work_mem:256MB incremental:off max_workers:0 =====
SELECT * FROM (SELECT * FROM s_1 ORDER BY a) foo ORDER BY a, b LIMIT 1000
                                                            QUERY PLAN                                                             
-----------------------------------------------------------------------------------------------------------------------------------
 Limit  (cost=16687.21..16687.21 rows=1 width=20) (actual time=27.310..27.310 rows=0 loops=1)
   ->  Limit  (cost=16674.71..16677.21 rows=1000 width=20) (actual time=27.188..27.281 rows=1000 loops=1)
         ->  Sort  (cost=16674.71..16924.71 rows=100000 width=20) (actual time=27.184..27.223 rows=1000 loops=1)
               Sort Key: s_1.a, s_1.b
               Sort Method: top-N heapsort  Memory: 151kB
               ->  Sort  (cost=9941.82..10191.82 rows=100000 width=20) (actual time=16.469..19.942 rows=100000 loops=1)
                     Sort Key: s_1.a
                     Sort Method: quicksort  Memory: 10885kB
                     ->  Seq Scan on s_1  (cost=0.00..1637.00 rows=100000 width=20) (actual time=0.007..5.605 rows=100000 loops=1)
 Planning time: 0.218 ms
 Execution time: 27.797 ms
(11 rows)

===== 166 [Wed Mar  7 02:04:04 CET 2018] scale:100000 groups:100 work_mem:256MB incremental:off max_workers:0 =====
SELECT * FROM (SELECT * FROM s_2 ORDER BY a, b) foo ORDER BY a, b, c LIMIT 1000
                                                            QUERY PLAN                                                             
-----------------------------------------------------------------------------------------------------------------------------------
 Limit  (cost=16687.21..16687.21 rows=1 width=20) (actual time=28.706..28.706 rows=0 loops=1)
   ->  Limit  (cost=16674.71..16677.21 rows=1000 width=20) (actual time=28.581..28.677 rows=1000 loops=1)
         ->  Sort  (cost=16674.71..16924.71 rows=100000 width=20) (actual time=28.580..28.619 rows=1000 loops=1)
               Sort Key: s_2.a, s_2.b, s_2.c
               Sort Method: top-N heapsort  Memory: 127kB
               ->  Sort  (cost=9941.82..10191.82 rows=100000 width=20) (actual time=17.860..21.360 rows=100000 loops=1)
                     Sort Key: s_2.a, s_2.b
                     Sort Method: quicksort  Memory: 10885kB
                     ->  Seq Scan on s_2  (cost=0.00..1637.00 rows=100000 width=20) (actual time=0.010..5.605 rows=100000 loops=1)
 Planning time: 0.216 ms
 Execution time: 29.190 ms
(11 rows)

===== 167 [Wed Mar  7 02:04:05 CET 2018] scale:100000 groups:100 work_mem:256MB incremental:off max_workers:0 =====
SELECT * FROM (SELECT * FROM s_3 ORDER BY a, b, c) foo ORDER BY a, b, c, d LIMIT 1000
                                                            QUERY PLAN                                                             
-----------------------------------------------------------------------------------------------------------------------------------
 Limit  (cost=16687.21..16687.21 rows=1 width=20) (actual time=30.356..30.356 rows=0 loops=1)
   ->  Limit  (cost=16674.71..16677.21 rows=1000 width=20) (actual time=30.235..30.327 rows=1000 loops=1)
         ->  Sort  (cost=16674.71..16924.71 rows=100000 width=20) (actual time=30.234..30.272 rows=1000 loops=1)
               Sort Key: s_3.a, s_3.b, s_3.c, s_3.d
               Sort Method: top-N heapsort  Memory: 127kB
               ->  Sort  (cost=9941.82..10191.82 rows=100000 width=20) (actual time=18.943..22.497 rows=100000 loops=1)
                     Sort Key: s_3.a, s_3.b, s_3.c
                     Sort Method: quicksort  Memory: 10885kB
                     ->  Seq Scan on s_3  (cost=0.00..1637.00 rows=100000 width=20) (actual time=0.015..5.549 rows=100000 loops=1)
 Planning time: 0.215 ms
 Execution time: 30.841 ms
(11 rows)

===== 168 [Wed Mar  7 02:04:05 CET 2018] scale:100000 groups:100 work_mem:256MB incremental:off max_workers:0 =====
SELECT * FROM (SELECT * FROM s_4 ORDER BY a, b, c, d) foo ORDER BY a, b, c, d, e LIMIT 1000
                                                            QUERY PLAN                                                             
-----------------------------------------------------------------------------------------------------------------------------------
 Limit  (cost=16687.21..16687.21 rows=1 width=20) (actual time=30.413..30.413 rows=0 loops=1)
   ->  Limit  (cost=16674.71..16677.21 rows=1000 width=20) (actual time=30.291..30.384 rows=1000 loops=1)
         ->  Sort  (cost=16674.71..16924.71 rows=100000 width=20) (actual time=30.290..30.329 rows=1000 loops=1)
               Sort Key: s_4.a, s_4.b, s_4.c, s_4.d, s_4.e
               Sort Method: top-N heapsort  Memory: 127kB
               ->  Sort  (cost=9941.82..10191.82 rows=100000 width=20) (actual time=18.993..22.537 rows=100000 loops=1)
                     Sort Key: s_4.a, s_4.b, s_4.c, s_4.d
                     Sort Method: quicksort  Memory: 10885kB
                     ->  Seq Scan on s_4  (cost=0.00..1637.00 rows=100000 width=20) (actual time=0.007..5.547 rows=100000 loops=1)
 Planning time: 0.228 ms
 Execution time: 30.904 ms
(11 rows)

===== 169 [Wed Mar  7 02:04:05 CET 2018] scale:100000 groups:100 work_mem:4MB incremental:on max_workers:2 =====
SELECT * FROM (SELECT * FROM s_1 ORDER BY a) foo ORDER BY a, b LIMIT 1000
                                                            QUERY PLAN                                                             
-----------------------------------------------------------------------------------------------------------------------------------
 Limit  (cost=12081.99..12081.99 rows=1 width=20) (actual time=21.746..21.746 rows=0 loops=1)
   ->  Limit  (cost=12054.46..12071.99 rows=1000 width=20) (actual time=21.335..21.717 rows=1000 loops=1)
         ->  Incremental Sort  (cost=12054.46..13807.10 rows=100000 width=20) (actual time=21.334..21.662 rows=1000 loops=1)
               Sort Key: s_1.a, s_1.b
               Presorted Key: s_1.a
               Sort Method: quicksort  Memory: 100kB
               Sort Groups: 2
               ->  Sort  (cost=11992.82..12242.82 rows=100000 width=20) (actual time=21.145..21.273 rows=1443 loops=1)
                     Sort Key: s_1.a
                     Sort Method: external merge  Disk: 2936kB
                     ->  Seq Scan on s_1  (cost=0.00..1637.00 rows=100000 width=20) (actual time=0.007..5.498 rows=100000 loops=1)
 Planning time: 0.231 ms
 Execution time: 22.315 ms
(13 rows)

===== 170 [Wed Mar  7 02:04:05 CET 2018] scale:100000 groups:100 work_mem:4MB incremental:on max_workers:2 =====
SELECT * FROM (SELECT * FROM s_2 ORDER BY a, b) foo ORDER BY a, b, c LIMIT 1000
                                                            QUERY PLAN                                                             
-----------------------------------------------------------------------------------------------------------------------------------
 Limit  (cost=12022.90..12022.90 rows=1 width=20) (actual time=22.859..22.859 rows=0 loops=1)
   ->  Limit  (cost=11993.11..12012.90 rows=1000 width=20) (actual time=22.465..22.830 rows=1000 loops=1)
         ->  Incremental Sort  (cost=11993.11..13971.93 rows=100000 width=20) (actual time=22.464..22.775 rows=1000 loops=1)
               Sort Key: s_2.a, s_2.b, s_2.c
               Presorted Key: s_2.a, s_2.b
               Sort Method: quicksort  Memory: 28kB
               Sort Groups: 28
               ->  Sort  (cost=11992.82..12242.82 rows=100000 width=20) (actual time=22.415..22.509 rows=1001 loops=1)
                     Sort Key: s_2.a, s_2.b
                     Sort Method: external merge  Disk: 2936kB
                     ->  Seq Scan on s_2  (cost=0.00..1637.00 rows=100000 width=20) (actual time=0.010..5.512 rows=100000 loops=1)
 Planning time: 0.225 ms
 Execution time: 23.426 ms
(13 rows)

===== 171 [Wed Mar  7 02:04:05 CET 2018] scale:100000 groups:100 work_mem:4MB incremental:on max_workers:2 =====
SELECT * FROM (SELECT * FROM s_3 ORDER BY a, b, c) foo ORDER BY a, b, c, d LIMIT 1000
                                                            QUERY PLAN                                                             
-----------------------------------------------------------------------------------------------------------------------------------
 Limit  (cost=12022.90..12022.90 rows=1 width=20) (actual time=24.101..24.101 rows=0 loops=1)
   ->  Limit  (cost=11993.11..12012.90 rows=1000 width=20) (actual time=23.762..24.072 rows=1000 loops=1)
         ->  Incremental Sort  (cost=11993.11..13971.93 rows=100000 width=20) (actual time=23.762..24.017 rows=1000 loops=1)
               Sort Key: s_3.a, s_3.b, s_3.c, s_3.d
               Presorted Key: s_3.a, s_3.b, s_3.c
               Sort Method: quicksort  Memory: 27kB
               Sort Groups: 32
               ->  Sort  (cost=11992.82..12242.82 rows=100000 width=20) (actual time=23.719..23.819 rows=1025 loops=1)
                     Sort Key: s_3.a, s_3.b, s_3.c
                     Sort Method: external merge  Disk: 2936kB
                     ->  Seq Scan on s_3  (cost=0.00..1637.00 rows=100000 width=20) (actual time=0.015..5.472 rows=100000 loops=1)
 Planning time: 0.227 ms
 Execution time: 24.668 ms
(13 rows)

===== 172 [Wed Mar  7 02:04:06 CET 2018] scale:100000 groups:100 work_mem:4MB incremental:on max_workers:2 =====
SELECT * FROM (SELECT * FROM s_4 ORDER BY a, b, c, d) foo ORDER BY a, b, c, d, e LIMIT 1000
                                                            QUERY PLAN                                                             
-----------------------------------------------------------------------------------------------------------------------------------
 Limit  (cost=12022.90..12022.90 rows=1 width=20) (actual time=24.081..24.081 rows=0 loops=1)
   ->  Limit  (cost=11993.11..12012.90 rows=1000 width=20) (actual time=23.773..24.053 rows=1000 loops=1)
         ->  Incremental Sort  (cost=11993.11..13971.93 rows=100000 width=20) (actual time=23.772..23.997 rows=1000 loops=1)
               Sort Key: s_4.a, s_4.b, s_4.c, s_4.d, s_4.e
               Presorted Key: s_4.a, s_4.b, s_4.c, s_4.d
               Sort Method: quicksort  Memory: 27kB
               Sort Groups: 32
               ->  Sort  (cost=11992.82..12242.82 rows=100000 width=20) (actual time=23.725..23.819 rows=1025 loops=1)
                     Sort Key: s_4.a, s_4.b, s_4.c, s_4.d
                     Sort Method: external merge  Disk: 2936kB
                     ->  Seq Scan on s_4  (cost=0.00..1637.00 rows=100000 width=20) (actual time=0.007..5.464 rows=100000 loops=1)
 Planning time: 0.238 ms
 Execution time: 24.650 ms
(13 rows)

===== 173 [Wed Mar  7 02:04:06 CET 2018] scale:100000 groups:100 work_mem:4MB incremental:off max_workers:2 =====
SELECT * FROM (SELECT * FROM s_1 ORDER BY a) foo ORDER BY a, b LIMIT 1000
                                                            QUERY PLAN                                                             
-----------------------------------------------------------------------------------------------------------------------------------
 Limit  (cost=18738.21..18738.21 rows=1 width=20) (actual time=36.048..36.048 rows=0 loops=1)
   ->  Limit  (cost=18725.71..18728.21 rows=1000 width=20) (actual time=35.927..36.021 rows=1000 loops=1)
         ->  Sort  (cost=18725.71..18975.71 rows=100000 width=20) (actual time=35.926..35.965 rows=1000 loops=1)
               Sort Key: s_1.a, s_1.b
               Sort Method: top-N heapsort  Memory: 151kB
               ->  Sort  (cost=11992.82..12242.82 rows=100000 width=20) (actual time=21.140..29.433 rows=100000 loops=1)
                     Sort Key: s_1.a
                     Sort Method: external merge  Disk: 2936kB
                     ->  Seq Scan on s_1  (cost=0.00..1637.00 rows=100000 width=20) (actual time=0.007..5.465 rows=100000 loops=1)
 Planning time: 0.226 ms
 Execution time: 36.606 ms
(11 rows)

===== 174 [Wed Mar  7 02:04:06 CET 2018] scale:100000 groups:100 work_mem:4MB incremental:off max_workers:2 =====
SELECT * FROM (SELECT * FROM s_2 ORDER BY a, b) foo ORDER BY a, b, c LIMIT 1000
                                                            QUERY PLAN                                                             
-----------------------------------------------------------------------------------------------------------------------------------
 Limit  (cost=18738.21..18738.21 rows=1 width=20) (actual time=37.344..37.344 rows=0 loops=1)
   ->  Limit  (cost=18725.71..18728.21 rows=1000 width=20) (actual time=37.222..37.316 rows=1000 loops=1)
         ->  Sort  (cost=18725.71..18975.71 rows=100000 width=20) (actual time=37.222..37.261 rows=1000 loops=1)
               Sort Key: s_2.a, s_2.b, s_2.c
               Sort Method: top-N heapsort  Memory: 127kB
               ->  Sort  (cost=11992.82..12242.82 rows=100000 width=20) (actual time=22.444..30.743 rows=100000 loops=1)
                     Sort Key: s_2.a, s_2.b
                     Sort Method: external merge  Disk: 2936kB
                     ->  Seq Scan on s_2  (cost=0.00..1637.00 rows=100000 width=20) (actual time=0.010..5.493 rows=100000 loops=1)
 Planning time: 0.218 ms
 Execution time: 37.914 ms
(11 rows)

===== 175 [Wed Mar  7 02:04:06 CET 2018] scale:100000 groups:100 work_mem:4MB incremental:off max_workers:2 =====
SELECT * FROM (SELECT * FROM s_3 ORDER BY a, b, c) foo ORDER BY a, b, c, d LIMIT 1000
                                                            QUERY PLAN                                                             
-----------------------------------------------------------------------------------------------------------------------------------
 Limit  (cost=18738.21..18738.21 rows=1 width=20) (actual time=39.769..39.769 rows=0 loops=1)
   ->  Limit  (cost=18725.71..18728.21 rows=1000 width=20) (actual time=39.647..39.740 rows=1000 loops=1)
         ->  Sort  (cost=18725.71..18975.71 rows=100000 width=20) (actual time=39.646..39.685 rows=1000 loops=1)
               Sort Key: s_3.a, s_3.b, s_3.c, s_3.d
               Sort Method: top-N heapsort  Memory: 127kB
               ->  Sort  (cost=11992.82..12242.82 rows=100000 width=20) (actual time=23.666..32.690 rows=100000 loops=1)
                     Sort Key: s_3.a, s_3.b, s_3.c
                     Sort Method: external merge  Disk: 2936kB
                     ->  Seq Scan on s_3  (cost=0.00..1637.00 rows=100000 width=20) (actual time=0.015..5.436 rows=100000 loops=1)
 Planning time: 0.223 ms
 Execution time: 40.333 ms
(11 rows)

===== 176 [Wed Mar  7 02:04:06 CET 2018] scale:100000 groups:100 work_mem:4MB incremental:off max_workers:2 =====
SELECT * FROM (SELECT * FROM s_4 ORDER BY a, b, c, d) foo ORDER BY a, b, c, d, e LIMIT 1000
                                                            QUERY PLAN                                                             
-----------------------------------------------------------------------------------------------------------------------------------
 Limit  (cost=18738.21..18738.21 rows=1 width=20) (actual time=39.773..39.773 rows=0 loops=1)
   ->  Limit  (cost=18725.71..18728.21 rows=1000 width=20) (actual time=39.651..39.745 rows=1000 loops=1)
         ->  Sort  (cost=18725.71..18975.71 rows=100000 width=20) (actual time=39.651..39.690 rows=1000 loops=1)
               Sort Key: s_4.a, s_4.b, s_4.c, s_4.d, s_4.e
               Sort Method: top-N heapsort  Memory: 127kB
               ->  Sort  (cost=11992.82..12242.82 rows=100000 width=20) (actual time=23.713..32.668 rows=100000 loops=1)
                     Sort Key: s_4.a, s_4.b, s_4.c, s_4.d
                     Sort Method: external merge  Disk: 2936kB
                     ->  Seq Scan on s_4  (cost=0.00..1637.00 rows=100000 width=20) (actual time=0.006..5.435 rows=100000 loops=1)
 Planning time: 0.231 ms
 Execution time: 40.342 ms
(11 rows)

===== 177 [Wed Mar  7 02:04:07 CET 2018] scale:100000 groups:100 work_mem:8MB incremental:on max_workers:2 =====
SELECT * FROM (SELECT * FROM s_1 ORDER BY a) foo ORDER BY a, b LIMIT 1000
                                                            QUERY PLAN                                                             
-----------------------------------------------------------------------------------------------------------------------------------
 Limit  (cost=10030.99..10030.99 rows=1 width=20) (actual time=23.435..23.435 rows=0 loops=1)
   ->  Limit  (cost=10003.46..10020.99 rows=1000 width=20) (actual time=23.029..23.406 rows=1000 loops=1)
         ->  Incremental Sort  (cost=10003.46..11756.10 rows=100000 width=20) (actual time=23.028..23.351 rows=1000 loops=1)
               Sort Key: s_1.a, s_1.b
               Presorted Key: s_1.a
               Sort Method: quicksort  Memory: 100kB
               Sort Groups: 2
               ->  Sort  (cost=9941.82..10191.82 rows=100000 width=20) (actual time=22.842..22.961 rows=1443 loops=1)
                     Sort Key: s_1.a
                     Sort Method: external merge  Disk: 2936kB
                     ->  Seq Scan on s_1  (cost=0.00..1637.00 rows=100000 width=20) (actual time=0.007..5.617 rows=100000 loops=1)
 Planning time: 0.229 ms
 Execution time: 23.955 ms
(13 rows)

===== 178 [Wed Mar  7 02:04:07 CET 2018] scale:100000 groups:100 work_mem:8MB incremental:on max_workers:2 =====
SELECT * FROM (SELECT * FROM s_2 ORDER BY a, b) foo ORDER BY a, b, c LIMIT 1000
                                                            QUERY PLAN                                                             
-----------------------------------------------------------------------------------------------------------------------------------
 Limit  (cost=9971.90..9971.90 rows=1 width=20) (actual time=24.669..24.669 rows=0 loops=1)
   ->  Limit  (cost=9942.11..9961.90 rows=1000 width=20) (actual time=24.279..24.641 rows=1000 loops=1)
         ->  Incremental Sort  (cost=9942.11..11920.93 rows=100000 width=20) (actual time=24.278..24.585 rows=1000 loops=1)
               Sort Key: s_2.a, s_2.b, s_2.c
               Presorted Key: s_2.a, s_2.b
               Sort Method: quicksort  Memory: 28kB
               Sort Groups: 28
               ->  Sort  (cost=9941.82..10191.82 rows=100000 width=20) (actual time=24.234..24.321 rows=1001 loops=1)
                     Sort Key: s_2.a, s_2.b
                     Sort Method: external merge  Disk: 2936kB
                     ->  Seq Scan on s_2  (cost=0.00..1637.00 rows=100000 width=20) (actual time=0.010..5.635 rows=100000 loops=1)
 Planning time: 0.235 ms
 Execution time: 25.192 ms
(13 rows)

===== 179 [Wed Mar  7 02:04:07 CET 2018] scale:100000 groups:100 work_mem:8MB incremental:on max_workers:2 =====
SELECT * FROM (SELECT * FROM s_3 ORDER BY a, b, c) foo ORDER BY a, b, c, d LIMIT 1000
                                                            QUERY PLAN                                                             
-----------------------------------------------------------------------------------------------------------------------------------
 Limit  (cost=9971.90..9971.90 rows=1 width=20) (actual time=25.766..25.766 rows=0 loops=1)
   ->  Limit  (cost=9942.11..9961.90 rows=1000 width=20) (actual time=25.437..25.737 rows=1000 loops=1)
         ->  Incremental Sort  (cost=9942.11..11920.93 rows=100000 width=20) (actual time=25.437..25.682 rows=1000 loops=1)
               Sort Key: s_3.a, s_3.b, s_3.c, s_3.d
               Presorted Key: s_3.a, s_3.b, s_3.c
               Sort Method: quicksort  Memory: 27kB
               Sort Groups: 32
               ->  Sort  (cost=9941.82..10191.82 rows=100000 width=20) (actual time=25.396..25.485 rows=1025 loops=1)
                     Sort Key: s_3.a, s_3.b, s_3.c
                     Sort Method: external merge  Disk: 2936kB
                     ->  Seq Scan on s_3  (cost=0.00..1637.00 rows=100000 width=20) (actual time=0.016..5.594 rows=100000 loops=1)
 Planning time: 0.226 ms
 Execution time: 26.289 ms
(13 rows)

===== 180 [Wed Mar  7 02:04:07 CET 2018] scale:100000 groups:100 work_mem:8MB incremental:on max_workers:2 =====
SELECT * FROM (SELECT * FROM s_4 ORDER BY a, b, c, d) foo ORDER BY a, b, c, d, e LIMIT 1000
                                                            QUERY PLAN                                                             
-----------------------------------------------------------------------------------------------------------------------------------
 Limit  (cost=9971.90..9971.90 rows=1 width=20) (actual time=25.683..25.683 rows=0 loops=1)
   ->  Limit  (cost=9942.11..9961.90 rows=1000 width=20) (actual time=25.379..25.654 rows=1000 loops=1)
         ->  Incremental Sort  (cost=9942.11..11920.93 rows=100000 width=20) (actual time=25.378..25.598 rows=1000 loops=1)
               Sort Key: s_4.a, s_4.b, s_4.c, s_4.d, s_4.e
               Presorted Key: s_4.a, s_4.b, s_4.c, s_4.d
               Sort Method: quicksort  Memory: 27kB
               Sort Groups: 32
               ->  Sort  (cost=9941.82..10191.82 rows=100000 width=20) (actual time=25.332..25.421 rows=1025 loops=1)
                     Sort Key: s_4.a, s_4.b, s_4.c, s_4.d
                     Sort Method: external merge  Disk: 2936kB
                     ->  Seq Scan on s_4  (cost=0.00..1637.00 rows=100000 width=20) (actual time=0.016..5.574 rows=100000 loops=1)
 Planning time: 0.239 ms
 Execution time: 26.206 ms
(13 rows)

===== 181 [Wed Mar  7 02:04:08 CET 2018] scale:100000 groups:100 work_mem:8MB incremental:off max_workers:2 =====
SELECT * FROM (SELECT * FROM s_1 ORDER BY a) foo ORDER BY a, b LIMIT 1000
                                                            QUERY PLAN                                                             
-----------------------------------------------------------------------------------------------------------------------------------
 Limit  (cost=16687.21..16687.21 rows=1 width=20) (actual time=37.422..37.422 rows=0 loops=1)
   ->  Limit  (cost=16674.71..16677.21 rows=1000 width=20) (actual time=37.299..37.394 rows=1000 loops=1)
         ->  Sort  (cost=16674.71..16924.71 rows=100000 width=20) (actual time=37.299..37.338 rows=1000 loops=1)
               Sort Key: s_1.a, s_1.b
               Sort Method: top-N heapsort  Memory: 151kB
               ->  Sort  (cost=9941.82..10191.82 rows=100000 width=20) (actual time=22.657..30.820 rows=100000 loops=1)
                     Sort Key: s_1.a
                     Sort Method: external merge  Disk: 2936kB
                     ->  Seq Scan on s_1  (cost=0.00..1637.00 rows=100000 width=20) (actual time=0.007..5.586 rows=100000 loops=1)
 Planning time: 0.231 ms
 Execution time: 37.823 ms
(11 rows)

===== 182 [Wed Mar  7 02:04:08 CET 2018] scale:100000 groups:100 work_mem:8MB incremental:off max_workers:2 =====
SELECT * FROM (SELECT * FROM s_2 ORDER BY a, b) foo ORDER BY a, b, c LIMIT 1000
                                                            QUERY PLAN                                                             
-----------------------------------------------------------------------------------------------------------------------------------
 Limit  (cost=16687.21..16687.21 rows=1 width=20) (actual time=38.949..38.949 rows=0 loops=1)
   ->  Limit  (cost=16674.71..16677.21 rows=1000 width=20) (actual time=38.826..38.921 rows=1000 loops=1)
         ->  Sort  (cost=16674.71..16924.71 rows=100000 width=20) (actual time=38.826..38.865 rows=1000 loops=1)
               Sort Key: s_2.a, s_2.b, s_2.c
               Sort Method: top-N heapsort  Memory: 127kB
               ->  Sort  (cost=9941.82..10191.82 rows=100000 width=20) (actual time=24.180..32.364 rows=100000 loops=1)
                     Sort Key: s_2.a, s_2.b
                     Sort Method: external merge  Disk: 2936kB
                     ->  Seq Scan on s_2  (cost=0.00..1637.00 rows=100000 width=20) (actual time=0.010..5.604 rows=100000 loops=1)
 Planning time: 0.226 ms
 Execution time: 39.375 ms
(11 rows)

===== 183 [Wed Mar  7 02:04:08 CET 2018] scale:100000 groups:100 work_mem:8MB incremental:off max_workers:2 =====
SELECT * FROM (SELECT * FROM s_3 ORDER BY a, b, c) foo ORDER BY a, b, c, d LIMIT 1000
                                                            QUERY PLAN                                                             
-----------------------------------------------------------------------------------------------------------------------------------
 Limit  (cost=16687.21..16687.21 rows=1 width=20) (actual time=41.189..41.189 rows=0 loops=1)
   ->  Limit  (cost=16674.71..16677.21 rows=1000 width=20) (actual time=41.068..41.162 rows=1000 loops=1)
         ->  Sort  (cost=16674.71..16924.71 rows=100000 width=20) (actual time=41.067..41.106 rows=1000 loops=1)
               Sort Key: s_3.a, s_3.b, s_3.c, s_3.d
               Sort Method: top-N heapsort  Memory: 127kB
               ->  Sort  (cost=9941.82..10191.82 rows=100000 width=20) (actual time=25.262..34.153 rows=100000 loops=1)
                     Sort Key: s_3.a, s_3.b, s_3.c
                     Sort Method: external merge  Disk: 2936kB
                     ->  Seq Scan on s_3  (cost=0.00..1637.00 rows=100000 width=20) (actual time=0.016..5.545 rows=100000 loops=1)
 Planning time: 0.220 ms
 Execution time: 41.601 ms
(11 rows)

===== 184 [Wed Mar  7 02:04:08 CET 2018] scale:100000 groups:100 work_mem:8MB incremental:off max_workers:2 =====
SELECT * FROM (SELECT * FROM s_4 ORDER BY a, b, c, d) foo ORDER BY a, b, c, d, e LIMIT 1000
                                                            QUERY PLAN                                                             
-----------------------------------------------------------------------------------------------------------------------------------
 Limit  (cost=16687.21..16687.21 rows=1 width=20) (actual time=41.289..41.289 rows=0 loops=1)
   ->  Limit  (cost=16674.71..16677.21 rows=1000 width=20) (actual time=41.167..41.261 rows=1000 loops=1)
         ->  Sort  (cost=16674.71..16924.71 rows=100000 width=20) (actual time=41.166..41.205 rows=1000 loops=1)
               Sort Key: s_4.a, s_4.b, s_4.c, s_4.d, s_4.e
               Sort Method: top-N heapsort  Memory: 127kB
               ->  Sort  (cost=9941.82..10191.82 rows=100000 width=20) (actual time=25.316..34.238 rows=100000 loops=1)
                     Sort Key: s_4.a, s_4.b, s_4.c, s_4.d
                     Sort Method: external merge  Disk: 2936kB
                     ->  Seq Scan on s_4  (cost=0.00..1637.00 rows=100000 width=20) (actual time=0.007..5.550 rows=100000 loops=1)
 Planning time: 0.234 ms
 Execution time: 41.703 ms
(11 rows)

===== 185 [Wed Mar  7 02:04:09 CET 2018] scale:100000 groups:100 work_mem:16MB incremental:on max_workers:2 =====
SELECT * FROM (SELECT * FROM s_1 ORDER BY a) foo ORDER BY a, b LIMIT 1000
                                                            QUERY PLAN                                                             
-----------------------------------------------------------------------------------------------------------------------------------
 Limit  (cost=10030.99..10030.99 rows=1 width=20) (actual time=17.023..17.023 rows=0 loops=1)
   ->  Limit  (cost=10003.46..10020.99 rows=1000 width=20) (actual time=16.648..16.995 rows=1000 loops=1)
         ->  Incremental Sort  (cost=10003.46..11756.10 rows=100000 width=20) (actual time=16.647..16.939 rows=1000 loops=1)
               Sort Key: s_1.a, s_1.b
               Presorted Key: s_1.a
               Sort Method: quicksort  Memory: 100kB
               Sort Groups: 2
               ->  Sort  (cost=9941.82..10191.82 rows=100000 width=20) (actual time=16.474..16.526 rows=1443 loops=1)
                     Sort Key: s_1.a
                     Sort Method: quicksort  Memory: 10885kB
                     ->  Seq Scan on s_1  (cost=0.00..1637.00 rows=100000 width=20) (actual time=0.007..5.628 rows=100000 loops=1)
 Planning time: 0.226 ms
 Execution time: 17.477 ms
(13 rows)

===== 186 [Wed Mar  7 02:04:09 CET 2018] scale:100000 groups:100 work_mem:16MB incremental:on max_workers:2 =====
SELECT * FROM (SELECT * FROM s_2 ORDER BY a, b) foo ORDER BY a, b, c LIMIT 1000
                                                            QUERY PLAN                                                             
-----------------------------------------------------------------------------------------------------------------------------------
 Limit  (cost=9971.90..9971.90 rows=1 width=20) (actual time=18.302..18.302 rows=0 loops=1)
   ->  Limit  (cost=9942.11..9961.90 rows=1000 width=20) (actual time=17.943..18.274 rows=1000 loops=1)
         ->  Incremental Sort  (cost=9942.11..11920.93 rows=100000 width=20) (actual time=17.942..18.218 rows=1000 loops=1)
               Sort Key: s_2.a, s_2.b, s_2.c
               Presorted Key: s_2.a, s_2.b
               Sort Method: quicksort  Memory: 28kB
               Sort Groups: 28
               ->  Sort  (cost=9941.82..10191.82 rows=100000 width=20) (actual time=17.899..17.943 rows=1001 loops=1)
                     Sort Key: s_2.a, s_2.b
                     Sort Method: quicksort  Memory: 10885kB
                     ->  Seq Scan on s_2  (cost=0.00..1637.00 rows=100000 width=20) (actual time=0.010..5.643 rows=100000 loops=1)
 Planning time: 0.233 ms
 Execution time: 18.783 ms
(13 rows)

===== 187 [Wed Mar  7 02:04:09 CET 2018] scale:100000 groups:100 work_mem:16MB incremental:on max_workers:2 =====
SELECT * FROM (SELECT * FROM s_3 ORDER BY a, b, c) foo ORDER BY a, b, c, d LIMIT 1000
                                                            QUERY PLAN                                                             
-----------------------------------------------------------------------------------------------------------------------------------
 Limit  (cost=9971.90..9971.90 rows=1 width=20) (actual time=19.380..19.380 rows=0 loops=1)
   ->  Limit  (cost=9942.11..9961.90 rows=1000 width=20) (actual time=19.087..19.351 rows=1000 loops=1)
         ->  Incremental Sort  (cost=9942.11..11920.93 rows=100000 width=20) (actual time=19.087..19.296 rows=1000 loops=1)
               Sort Key: s_3.a, s_3.b, s_3.c, s_3.d
               Presorted Key: s_3.a, s_3.b, s_3.c
               Sort Method: quicksort  Memory: 27kB
               Sort Groups: 32
               ->  Sort  (cost=9941.82..10191.82 rows=100000 width=20) (actual time=19.047..19.089 rows=1025 loops=1)
                     Sort Key: s_3.a, s_3.b, s_3.c
                     Sort Method: quicksort  Memory: 10885kB
                     ->  Seq Scan on s_3  (cost=0.00..1637.00 rows=100000 width=20) (actual time=0.015..5.581 rows=100000 loops=1)
 Planning time: 0.225 ms
 Execution time: 19.859 ms
(13 rows)

===== 188 [Wed Mar  7 02:04:09 CET 2018] scale:100000 groups:100 work_mem:16MB incremental:on max_workers:2 =====
SELECT * FROM (SELECT * FROM s_4 ORDER BY a, b, c, d) foo ORDER BY a, b, c, d, e LIMIT 1000
                                                            QUERY PLAN                                                             
-----------------------------------------------------------------------------------------------------------------------------------
 Limit  (cost=9971.90..9971.90 rows=1 width=20) (actual time=19.313..19.313 rows=0 loops=1)
   ->  Limit  (cost=9942.11..9961.90 rows=1000 width=20) (actual time=19.046..19.284 rows=1000 loops=1)
         ->  Incremental Sort  (cost=9942.11..11920.93 rows=100000 width=20) (actual time=19.045..19.228 rows=1000 loops=1)
               Sort Key: s_4.a, s_4.b, s_4.c, s_4.d, s_4.e
               Presorted Key: s_4.a, s_4.b, s_4.c, s_4.d
               Sort Method: quicksort  Memory: 27kB
               Sort Groups: 32
               ->  Sort  (cost=9941.82..10191.82 rows=100000 width=20) (actual time=19.001..19.042 rows=1025 loops=1)
                     Sort Key: s_4.a, s_4.b, s_4.c, s_4.d
                     Sort Method: quicksort  Memory: 10885kB
                     ->  Seq Scan on s_4  (cost=0.00..1637.00 rows=100000 width=20) (actual time=0.006..5.576 rows=100000 loops=1)
 Planning time: 0.236 ms
 Execution time: 19.794 ms
(13 rows)

===== 189 [Wed Mar  7 02:04:09 CET 2018] scale:100000 groups:100 work_mem:16MB incremental:off max_workers:2 =====
SELECT * FROM (SELECT * FROM s_1 ORDER BY a) foo ORDER BY a, b LIMIT 1000
                                                            QUERY PLAN                                                             
-----------------------------------------------------------------------------------------------------------------------------------
 Limit  (cost=16687.21..16687.21 rows=1 width=20) (actual time=27.257..27.257 rows=0 loops=1)
   ->  Limit  (cost=16674.71..16677.21 rows=1000 width=20) (actual time=27.135..27.229 rows=1000 loops=1)
         ->  Sort  (cost=16674.71..16924.71 rows=100000 width=20) (actual time=27.134..27.173 rows=1000 loops=1)
               Sort Key: s_1.a, s_1.b
               Sort Method: top-N heapsort  Memory: 151kB
               ->  Sort  (cost=9941.82..10191.82 rows=100000 width=20) (actual time=16.419..19.896 rows=100000 loops=1)
                     Sort Key: s_1.a
                     Sort Method: quicksort  Memory: 10885kB
                     ->  Seq Scan on s_1  (cost=0.00..1637.00 rows=100000 width=20) (actual time=0.007..5.590 rows=100000 loops=1)
 Planning time: 0.221 ms
 Execution time: 27.744 ms
(11 rows)

===== 190 [Wed Mar  7 02:04:09 CET 2018] scale:100000 groups:100 work_mem:16MB incremental:off max_workers:2 =====
SELECT * FROM (SELECT * FROM s_2 ORDER BY a, b) foo ORDER BY a, b, c LIMIT 1000
                                                            QUERY PLAN                                                             
-----------------------------------------------------------------------------------------------------------------------------------
 Limit  (cost=16687.21..16687.21 rows=1 width=20) (actual time=28.712..28.712 rows=0 loops=1)
   ->  Limit  (cost=16674.71..16677.21 rows=1000 width=20) (actual time=28.590..28.683 rows=1000 loops=1)
         ->  Sort  (cost=16674.71..16924.71 rows=100000 width=20) (actual time=28.589..28.628 rows=1000 loops=1)
               Sort Key: s_2.a, s_2.b, s_2.c
               Sort Method: top-N heapsort  Memory: 127kB
               ->  Sort  (cost=9941.82..10191.82 rows=100000 width=20) (actual time=17.856..21.362 rows=100000 loops=1)
                     Sort Key: s_2.a, s_2.b
                     Sort Method: quicksort  Memory: 10885kB
                     ->  Seq Scan on s_2  (cost=0.00..1637.00 rows=100000 width=20) (actual time=0.010..5.610 rows=100000 loops=1)
 Planning time: 0.228 ms
 Execution time: 29.199 ms
(11 rows)

===== 191 [Wed Mar  7 02:04:10 CET 2018] scale:100000 groups:100 work_mem:16MB incremental:off max_workers:2 =====
SELECT * FROM (SELECT * FROM s_3 ORDER BY a, b, c) foo ORDER BY a, b, c, d LIMIT 1000
                                                            QUERY PLAN                                                             
-----------------------------------------------------------------------------------------------------------------------------------
 Limit  (cost=16687.21..16687.21 rows=1 width=20) (actual time=30.445..30.445 rows=0 loops=1)
   ->  Limit  (cost=16674.71..16677.21 rows=1000 width=20) (actual time=30.323..30.416 rows=1000 loops=1)
         ->  Sort  (cost=16674.71..16924.71 rows=100000 width=20) (actual time=30.322..30.361 rows=1000 loops=1)
               Sort Key: s_3.a, s_3.b, s_3.c, s_3.d
               Sort Method: top-N heapsort  Memory: 127kB
               ->  Sort  (cost=9941.82..10191.82 rows=100000 width=20) (actual time=19.009..22.549 rows=100000 loops=1)
                     Sort Key: s_3.a, s_3.b, s_3.c
                     Sort Method: quicksort  Memory: 10885kB
                     ->  Seq Scan on s_3  (cost=0.00..1637.00 rows=100000 width=20) (actual time=0.015..5.562 rows=100000 loops=1)
 Planning time: 0.222 ms
 Execution time: 30.931 ms
(11 rows)

===== 192 [Wed Mar  7 02:04:10 CET 2018] scale:100000 groups:100 work_mem:16MB incremental:off max_workers:2 =====
SELECT * FROM (SELECT * FROM s_4 ORDER BY a, b, c, d) foo ORDER BY a, b, c, d, e LIMIT 1000
                                                            QUERY PLAN                                                             
-----------------------------------------------------------------------------------------------------------------------------------
 Limit  (cost=16687.21..16687.21 rows=1 width=20) (actual time=30.427..30.427 rows=0 loops=1)
   ->  Limit  (cost=16674.71..16677.21 rows=1000 width=20) (actual time=30.305..30.399 rows=1000 loops=1)
         ->  Sort  (cost=16674.71..16924.71 rows=100000 width=20) (actual time=30.305..30.344 rows=1000 loops=1)
               Sort Key: s_4.a, s_4.b, s_4.c, s_4.d, s_4.e
               Sort Method: top-N heapsort  Memory: 127kB
               ->  Sort  (cost=9941.82..10191.82 rows=100000 width=20) (actual time=18.991..22.540 rows=100000 loops=1)
                     Sort Key: s_4.a, s_4.b, s_4.c, s_4.d
                     Sort Method: quicksort  Memory: 10885kB
                     ->  Seq Scan on s_4  (cost=0.00..1637.00 rows=100000 width=20) (actual time=0.007..5.537 rows=100000 loops=1)
 Planning time: 0.230 ms
 Execution time: 30.910 ms
(11 rows)

===== 193 [Wed Mar  7 02:04:10 CET 2018] scale:100000 groups:100 work_mem:32MB incremental:on max_workers:2 =====
SELECT * FROM (SELECT * FROM s_1 ORDER BY a) foo ORDER BY a, b LIMIT 1000
                                                            QUERY PLAN                                                             
-----------------------------------------------------------------------------------------------------------------------------------
 Limit  (cost=10030.99..10030.99 rows=1 width=20) (actual time=17.052..17.052 rows=0 loops=1)
   ->  Limit  (cost=10003.46..10020.99 rows=1000 width=20) (actual time=16.676..17.024 rows=1000 loops=1)
         ->  Incremental Sort  (cost=10003.46..11756.10 rows=100000 width=20) (actual time=16.675..16.968 rows=1000 loops=1)
               Sort Key: s_1.a, s_1.b
               Presorted Key: s_1.a
               Sort Method: quicksort  Memory: 100kB
               Sort Groups: 2
               ->  Sort  (cost=9941.82..10191.82 rows=100000 width=20) (actual time=16.506..16.561 rows=1443 loops=1)
                     Sort Key: s_1.a
                     Sort Method: quicksort  Memory: 10885kB
                     ->  Seq Scan on s_1  (cost=0.00..1637.00 rows=100000 width=20) (actual time=0.007..5.624 rows=100000 loops=1)
 Planning time: 0.243 ms
 Execution time: 17.506 ms
(13 rows)

===== 194 [Wed Mar  7 02:04:10 CET 2018] scale:100000 groups:100 work_mem:32MB incremental:on max_workers:2 =====
SELECT * FROM (SELECT * FROM s_2 ORDER BY a, b) foo ORDER BY a, b, c LIMIT 1000
                                                            QUERY PLAN                                                             
-----------------------------------------------------------------------------------------------------------------------------------
 Limit  (cost=9971.90..9971.90 rows=1 width=20) (actual time=18.308..18.308 rows=0 loops=1)
   ->  Limit  (cost=9942.11..9961.90 rows=1000 width=20) (actual time=17.949..18.280 rows=1000 loops=1)
         ->  Incremental Sort  (cost=9942.11..11920.93 rows=100000 width=20) (actual time=17.949..18.224 rows=1000 loops=1)
               Sort Key: s_2.a, s_2.b, s_2.c
               Presorted Key: s_2.a, s_2.b
               Sort Method: quicksort  Memory: 28kB
               Sort Groups: 28
               ->  Sort  (cost=9941.82..10191.82 rows=100000 width=20) (actual time=17.907..17.951 rows=1001 loops=1)
                     Sort Key: s_2.a, s_2.b
                     Sort Method: quicksort  Memory: 10885kB
                     ->  Seq Scan on s_2  (cost=0.00..1637.00 rows=100000 width=20) (actual time=0.010..5.638 rows=100000 loops=1)
 Planning time: 0.228 ms
 Execution time: 18.783 ms
(13 rows)

===== 195 [Wed Mar  7 02:04:10 CET 2018] scale:100000 groups:100 work_mem:32MB incremental:on max_workers:2 =====
SELECT * FROM (SELECT * FROM s_3 ORDER BY a, b, c) foo ORDER BY a, b, c, d LIMIT 1000
                                                            QUERY PLAN                                                             
-----------------------------------------------------------------------------------------------------------------------------------
 Limit  (cost=9971.90..9971.90 rows=1 width=20) (actual time=19.330..19.330 rows=0 loops=1)
   ->  Limit  (cost=9942.11..9961.90 rows=1000 width=20) (actual time=19.037..19.301 rows=1000 loops=1)
         ->  Incremental Sort  (cost=9942.11..11920.93 rows=100000 width=20) (actual time=19.037..19.245 rows=1000 loops=1)
               Sort Key: s_3.a, s_3.b, s_3.c, s_3.d
               Presorted Key: s_3.a, s_3.b, s_3.c
               Sort Method: quicksort  Memory: 27kB
               Sort Groups: 32
               ->  Sort  (cost=9941.82..10191.82 rows=100000 width=20) (actual time=18.996..19.037 rows=1025 loops=1)
                     Sort Key: s_3.a, s_3.b, s_3.c
                     Sort Method: quicksort  Memory: 10885kB
                     ->  Seq Scan on s_3  (cost=0.00..1637.00 rows=100000 width=20) (actual time=0.015..5.592 rows=100000 loops=1)
 Planning time: 0.230 ms
 Execution time: 19.811 ms
(13 rows)

===== 196 [Wed Mar  7 02:04:11 CET 2018] scale:100000 groups:100 work_mem:32MB incremental:on max_workers:2 =====
SELECT * FROM (SELECT * FROM s_4 ORDER BY a, b, c, d) foo ORDER BY a, b, c, d, e LIMIT 1000
                                                            QUERY PLAN                                                             
-----------------------------------------------------------------------------------------------------------------------------------
 Limit  (cost=9971.90..9971.90 rows=1 width=20) (actual time=19.329..19.329 rows=0 loops=1)
   ->  Limit  (cost=9942.11..9961.90 rows=1000 width=20) (actual time=19.061..19.300 rows=1000 loops=1)
         ->  Incremental Sort  (cost=9942.11..11920.93 rows=100000 width=20) (actual time=19.061..19.245 rows=1000 loops=1)
               Sort Key: s_4.a, s_4.b, s_4.c, s_4.d, s_4.e
               Presorted Key: s_4.a, s_4.b, s_4.c, s_4.d
               Sort Method: quicksort  Memory: 27kB
               Sort Groups: 32
               ->  Sort  (cost=9941.82..10191.82 rows=100000 width=20) (actual time=19.016..19.057 rows=1025 loops=1)
                     Sort Key: s_4.a, s_4.b, s_4.c, s_4.d
                     Sort Method: quicksort  Memory: 10885kB
                     ->  Seq Scan on s_4  (cost=0.00..1637.00 rows=100000 width=20) (actual time=0.006..5.590 rows=100000 loops=1)
 Planning time: 0.238 ms
 Execution time: 19.808 ms
(13 rows)

===== 197 [Wed Mar  7 02:04:11 CET 2018] scale:100000 groups:100 work_mem:32MB incremental:off max_workers:2 =====
SELECT * FROM (SELECT * FROM s_1 ORDER BY a) foo ORDER BY a, b LIMIT 1000
                                                            QUERY PLAN                                                             
-----------------------------------------------------------------------------------------------------------------------------------
 Limit  (cost=16687.21..16687.21 rows=1 width=20) (actual time=27.293..27.293 rows=0 loops=1)
   ->  Limit  (cost=16674.71..16677.21 rows=1000 width=20) (actual time=27.171..27.265 rows=1000 loops=1)
         ->  Sort  (cost=16674.71..16924.71 rows=100000 width=20) (actual time=27.170..27.209 rows=1000 loops=1)
               Sort Key: s_1.a, s_1.b
               Sort Method: top-N heapsort  Memory: 151kB
               ->  Sort  (cost=9941.82..10191.82 rows=100000 width=20) (actual time=16.447..19.926 rows=100000 loops=1)
                     Sort Key: s_1.a
                     Sort Method: quicksort  Memory: 10885kB
                     ->  Seq Scan on s_1  (cost=0.00..1637.00 rows=100000 width=20) (actual time=0.007..5.601 rows=100000 loops=1)
 Planning time: 0.222 ms
 Execution time: 27.778 ms
(11 rows)

===== 198 [Wed Mar  7 02:04:11 CET 2018] scale:100000 groups:100 work_mem:32MB incremental:off max_workers:2 =====
SELECT * FROM (SELECT * FROM s_2 ORDER BY a, b) foo ORDER BY a, b, c LIMIT 1000
                                                            QUERY PLAN                                                             
-----------------------------------------------------------------------------------------------------------------------------------
 Limit  (cost=16687.21..16687.21 rows=1 width=20) (actual time=28.724..28.724 rows=0 loops=1)
   ->  Limit  (cost=16674.71..16677.21 rows=1000 width=20) (actual time=28.602..28.695 rows=1000 loops=1)
         ->  Sort  (cost=16674.71..16924.71 rows=100000 width=20) (actual time=28.601..28.640 rows=1000 loops=1)
               Sort Key: s_2.a, s_2.b, s_2.c
               Sort Method: top-N heapsort  Memory: 127kB
               ->  Sort  (cost=9941.82..10191.82 rows=100000 width=20) (actual time=17.878..21.371 rows=100000 loops=1)
                     Sort Key: s_2.a, s_2.b
                     Sort Method: quicksort  Memory: 10885kB
                     ->  Seq Scan on s_2  (cost=0.00..1637.00 rows=100000 width=20) (actual time=0.010..5.603 rows=100000 loops=1)
 Planning time: 0.228 ms
 Execution time: 29.211 ms
(11 rows)

===== 199 [Wed Mar  7 02:04:11 CET 2018] scale:100000 groups:100 work_mem:32MB incremental:off max_workers:2 =====
SELECT * FROM (SELECT * FROM s_3 ORDER BY a, b, c) foo ORDER BY a, b, c, d LIMIT 1000
                                                            QUERY PLAN                                                             
-----------------------------------------------------------------------------------------------------------------------------------
 Limit  (cost=16687.21..16687.21 rows=1 width=20) (actual time=30.357..30.357 rows=0 loops=1)
   ->  Limit  (cost=16674.71..16677.21 rows=1000 width=20) (actual time=30.232..30.328 rows=1000 loops=1)
         ->  Sort  (cost=16674.71..16924.71 rows=100000 width=20) (actual time=30.231..30.273 rows=1000 loops=1)
               Sort Key: s_3.a, s_3.b, s_3.c, s_3.d
               Sort Method: top-N heapsort  Memory: 127kB
               ->  Sort  (cost=9941.82..10191.82 rows=100000 width=20) (actual time=18.940..22.488 rows=100000 loops=1)
                     Sort Key: s_3.a, s_3.b, s_3.c
                     Sort Method: quicksort  Memory: 10885kB
                     ->  Seq Scan on s_3  (cost=0.00..1637.00 rows=100000 width=20) (actual time=0.015..5.564 rows=100000 loops=1)
 Planning time: 0.222 ms
 Execution time: 30.838 ms
(11 rows)

===== 200 [Wed Mar  7 02:04:11 CET 2018] scale:100000 groups:100 work_mem:32MB incremental:off max_workers:2 =====
SELECT * FROM (SELECT * FROM s_4 ORDER BY a, b, c, d) foo ORDER BY a, b, c, d, e LIMIT 1000
                                                            QUERY PLAN                                                             
-----------------------------------------------------------------------------------------------------------------------------------
 Limit  (cost=16687.21..16687.21 rows=1 width=20) (actual time=30.432..30.432 rows=0 loops=1)
   ->  Limit  (cost=16674.71..16677.21 rows=1000 width=20) (actual time=30.310..30.403 rows=1000 loops=1)
         ->  Sort  (cost=16674.71..16924.71 rows=100000 width=20) (actual time=30.309..30.348 rows=1000 loops=1)
               Sort Key: s_4.a, s_4.b, s_4.c, s_4.d, s_4.e
               Sort Method: top-N heapsort  Memory: 127kB
               ->  Sort  (cost=9941.82..10191.82 rows=100000 width=20) (actual time=19.005..22.552 rows=100000 loops=1)
                     Sort Key: s_4.a, s_4.b, s_4.c, s_4.d
                     Sort Method: quicksort  Memory: 10885kB
                     ->  Seq Scan on s_4  (cost=0.00..1637.00 rows=100000 width=20) (actual time=0.006..5.552 rows=100000 loops=1)
 Planning time: 0.232 ms
 Execution time: 30.915 ms
(11 rows)

===== 201 [Wed Mar  7 02:04:12 CET 2018] scale:100000 groups:100 work_mem:64MB incremental:on max_workers:2 =====
SELECT * FROM (SELECT * FROM s_1 ORDER BY a) foo ORDER BY a, b LIMIT 1000
                                                            QUERY PLAN                                                             
-----------------------------------------------------------------------------------------------------------------------------------
 Limit  (cost=10030.99..10030.99 rows=1 width=20) (actual time=17.074..17.074 rows=0 loops=1)
   ->  Limit  (cost=10003.46..10020.99 rows=1000 width=20) (actual time=16.695..17.045 rows=1000 loops=1)
         ->  Incremental Sort  (cost=10003.46..11756.10 rows=100000 width=20) (actual time=16.695..16.989 rows=1000 loops=1)
               Sort Key: s_1.a, s_1.b
               Presorted Key: s_1.a
               Sort Method: quicksort  Memory: 100kB
               Sort Groups: 2
               ->  Sort  (cost=9941.82..10191.82 rows=100000 width=20) (actual time=16.526..16.577 rows=1443 loops=1)
                     Sort Key: s_1.a
                     Sort Method: quicksort  Memory: 10885kB
                     ->  Seq Scan on s_1  (cost=0.00..1637.00 rows=100000 width=20) (actual time=0.007..5.635 rows=100000 loops=1)
 Planning time: 0.227 ms
 Execution time: 17.532 ms
(13 rows)

===== 202 [Wed Mar  7 02:04:12 CET 2018] scale:100000 groups:100 work_mem:64MB incremental:on max_workers:2 =====
SELECT * FROM (SELECT * FROM s_2 ORDER BY a, b) foo ORDER BY a, b, c LIMIT 1000
                                                            QUERY PLAN                                                             
-----------------------------------------------------------------------------------------------------------------------------------
 Limit  (cost=9971.90..9971.90 rows=1 width=20) (actual time=18.314..18.314 rows=0 loops=1)
   ->  Limit  (cost=9942.11..9961.90 rows=1000 width=20) (actual time=17.955..18.286 rows=1000 loops=1)
         ->  Incremental Sort  (cost=9942.11..11920.93 rows=100000 width=20) (actual time=17.955..18.230 rows=1000 loops=1)
               Sort Key: s_2.a, s_2.b, s_2.c
               Presorted Key: s_2.a, s_2.b
               Sort Method: quicksort  Memory: 28kB
               Sort Groups: 28
               ->  Sort  (cost=9941.82..10191.82 rows=100000 width=20) (actual time=17.912..17.956 rows=1001 loops=1)
                     Sort Key: s_2.a, s_2.b
                     Sort Method: quicksort  Memory: 10885kB
                     ->  Seq Scan on s_2  (cost=0.00..1637.00 rows=100000 width=20) (actual time=0.010..5.648 rows=100000 loops=1)
 Planning time: 0.229 ms
 Execution time: 18.793 ms
(13 rows)

===== 203 [Wed Mar  7 02:04:12 CET 2018] scale:100000 groups:100 work_mem:64MB incremental:on max_workers:2 =====
SELECT * FROM (SELECT * FROM s_3 ORDER BY a, b, c) foo ORDER BY a, b, c, d LIMIT 1000
                                                            QUERY PLAN                                                             
-----------------------------------------------------------------------------------------------------------------------------------
 Limit  (cost=9971.90..9971.90 rows=1 width=20) (actual time=19.380..19.380 rows=0 loops=1)
   ->  Limit  (cost=9942.11..9961.90 rows=1000 width=20) (actual time=19.079..19.344 rows=1000 loops=1)
         ->  Incremental Sort  (cost=9942.11..11920.93 rows=100000 width=20) (actual time=19.079..19.289 rows=1000 loops=1)
               Sort Key: s_3.a, s_3.b, s_3.c, s_3.d
               Presorted Key: s_3.a, s_3.b, s_3.c
               Sort Method: quicksort  Memory: 27kB
               Sort Groups: 32
               ->  Sort  (cost=9941.82..10191.82 rows=100000 width=20) (actual time=19.038..19.080 rows=1025 loops=1)
                     Sort Key: s_3.a, s_3.b, s_3.c
                     Sort Method: quicksort  Memory: 10885kB
                     ->  Seq Scan on s_3  (cost=0.00..1637.00 rows=100000 width=20) (actual time=0.015..5.596 rows=100000 loops=1)
 Planning time: 0.227 ms
 Execution time: 19.859 ms
(13 rows)

===== 204 [Wed Mar  7 02:04:12 CET 2018] scale:100000 groups:100 work_mem:64MB incremental:on max_workers:2 =====
SELECT * FROM (SELECT * FROM s_4 ORDER BY a, b, c, d) foo ORDER BY a, b, c, d, e LIMIT 1000
                                                            QUERY PLAN                                                             
-----------------------------------------------------------------------------------------------------------------------------------
 Limit  (cost=9971.90..9971.90 rows=1 width=20) (actual time=19.362..19.362 rows=0 loops=1)
   ->  Limit  (cost=9942.11..9961.90 rows=1000 width=20) (actual time=19.094..19.333 rows=1000 loops=1)
         ->  Incremental Sort  (cost=9942.11..11920.93 rows=100000 width=20) (actual time=19.093..19.278 rows=1000 loops=1)
               Sort Key: s_4.a, s_4.b, s_4.c, s_4.d, s_4.e
               Presorted Key: s_4.a, s_4.b, s_4.c, s_4.d
               Sort Method: quicksort  Memory: 27kB
               Sort Groups: 32
               ->  Sort  (cost=9941.82..10191.82 rows=100000 width=20) (actual time=19.048..19.090 rows=1025 loops=1)
                     Sort Key: s_4.a, s_4.b, s_4.c, s_4.d
                     Sort Method: quicksort  Memory: 10885kB
                     ->  Seq Scan on s_4  (cost=0.00..1637.00 rows=100000 width=20) (actual time=0.006..5.580 rows=100000 loops=1)
 Planning time: 0.239 ms
 Execution time: 19.838 ms
(13 rows)

===== 205 [Wed Mar  7 02:04:12 CET 2018] scale:100000 groups:100 work_mem:64MB incremental:off max_workers:2 =====
SELECT * FROM (SELECT * FROM s_1 ORDER BY a) foo ORDER BY a, b LIMIT 1000
                                                            QUERY PLAN                                                             
-----------------------------------------------------------------------------------------------------------------------------------
 Limit  (cost=16687.21..16687.21 rows=1 width=20) (actual time=27.223..27.223 rows=0 loops=1)
   ->  Limit  (cost=16674.71..16677.21 rows=1000 width=20) (actual time=27.101..27.195 rows=1000 loops=1)
         ->  Sort  (cost=16674.71..16924.71 rows=100000 width=20) (actual time=27.100..27.139 rows=1000 loops=1)
               Sort Key: s_1.a, s_1.b
               Sort Method: top-N heapsort  Memory: 151kB
               ->  Sort  (cost=9941.82..10191.82 rows=100000 width=20) (actual time=16.388..19.868 rows=100000 loops=1)
                     Sort Key: s_1.a
                     Sort Method: quicksort  Memory: 10885kB
                     ->  Seq Scan on s_1  (cost=0.00..1637.00 rows=100000 width=20) (actual time=0.007..5.607 rows=100000 loops=1)
 Planning time: 0.219 ms
 Execution time: 27.709 ms
(11 rows)

===== 206 [Wed Mar  7 02:04:12 CET 2018] scale:100000 groups:100 work_mem:64MB incremental:off max_workers:2 =====
SELECT * FROM (SELECT * FROM s_2 ORDER BY a, b) foo ORDER BY a, b, c LIMIT 1000
                                                            QUERY PLAN                                                             
-----------------------------------------------------------------------------------------------------------------------------------
 Limit  (cost=16687.21..16687.21 rows=1 width=20) (actual time=28.729..28.729 rows=0 loops=1)
   ->  Limit  (cost=16674.71..16677.21 rows=1000 width=20) (actual time=28.607..28.700 rows=1000 loops=1)
         ->  Sort  (cost=16674.71..16924.71 rows=100000 width=20) (actual time=28.606..28.645 rows=1000 loops=1)
               Sort Key: s_2.a, s_2.b, s_2.c
               Sort Method: top-N heapsort  Memory: 127kB
               ->  Sort  (cost=9941.82..10191.82 rows=100000 width=20) (actual time=17.880..21.381 rows=100000 loops=1)
                     Sort Key: s_2.a, s_2.b
                     Sort Method: quicksort  Memory: 10885kB
                     ->  Seq Scan on s_2  (cost=0.00..1637.00 rows=100000 width=20) (actual time=0.010..5.603 rows=100000 loops=1)
 Planning time: 0.226 ms
 Execution time: 29.212 ms
(11 rows)

===== 207 [Wed Mar  7 02:04:13 CET 2018] scale:100000 groups:100 work_mem:64MB incremental:off max_workers:2 =====
SELECT * FROM (SELECT * FROM s_3 ORDER BY a, b, c) foo ORDER BY a, b, c, d LIMIT 1000
                                                            QUERY PLAN                                                             
-----------------------------------------------------------------------------------------------------------------------------------
 Limit  (cost=16687.21..16687.21 rows=1 width=20) (actual time=30.412..30.412 rows=0 loops=1)
   ->  Limit  (cost=16674.71..16677.21 rows=1000 width=20) (actual time=30.291..30.383 rows=1000 loops=1)
         ->  Sort  (cost=16674.71..16924.71 rows=100000 width=20) (actual time=30.290..30.329 rows=1000 loops=1)
               Sort Key: s_3.a, s_3.b, s_3.c, s_3.d
               Sort Method: top-N heapsort  Memory: 127kB
               ->  Sort  (cost=9941.82..10191.82 rows=100000 width=20) (actual time=18.975..22.524 rows=100000 loops=1)
                     Sort Key: s_3.a, s_3.b, s_3.c
                     Sort Method: quicksort  Memory: 10885kB
                     ->  Seq Scan on s_3  (cost=0.00..1637.00 rows=100000 width=20) (actual time=0.015..5.558 rows=100000 loops=1)
 Planning time: 0.218 ms
 Execution time: 30.898 ms
(11 rows)

===== 208 [Wed Mar  7 02:04:13 CET 2018] scale:100000 groups:100 work_mem:64MB incremental:off max_workers:2 =====
SELECT * FROM (SELECT * FROM s_4 ORDER BY a, b, c, d) foo ORDER BY a, b, c, d, e LIMIT 1000
                                                            QUERY PLAN                                                             
-----------------------------------------------------------------------------------------------------------------------------------
 Limit  (cost=16687.21..16687.21 rows=1 width=20) (actual time=30.396..30.396 rows=0 loops=1)
   ->  Limit  (cost=16674.71..16677.21 rows=1000 width=20) (actual time=30.274..30.367 rows=1000 loops=1)
         ->  Sort  (cost=16674.71..16924.71 rows=100000 width=20) (actual time=30.274..30.312 rows=1000 loops=1)
               Sort Key: s_4.a, s_4.b, s_4.c, s_4.d, s_4.e
               Sort Method: top-N heapsort  Memory: 127kB
               ->  Sort  (cost=9941.82..10191.82 rows=100000 width=20) (actual time=18.958..22.499 rows=100000 loops=1)
                     Sort Key: s_4.a, s_4.b, s_4.c, s_4.d
                     Sort Method: quicksort  Memory: 10885kB
                     ->  Seq Scan on s_4  (cost=0.00..1637.00 rows=100000 width=20) (actual time=0.007..5.548 rows=100000 loops=1)
 Planning time: 0.243 ms
 Execution time: 30.882 ms
(11 rows)

===== 209 [Wed Mar  7 02:04:13 CET 2018] scale:100000 groups:100 work_mem:128MB incremental:on max_workers:2 =====
SELECT * FROM (SELECT * FROM s_1 ORDER BY a) foo ORDER BY a, b LIMIT 1000
                                                            QUERY PLAN                                                             
-----------------------------------------------------------------------------------------------------------------------------------
 Limit  (cost=10030.99..10030.99 rows=1 width=20) (actual time=17.028..17.028 rows=0 loops=1)
   ->  Limit  (cost=10003.46..10020.99 rows=1000 width=20) (actual time=16.655..17.000 rows=1000 loops=1)
         ->  Incremental Sort  (cost=10003.46..11756.10 rows=100000 width=20) (actual time=16.654..16.944 rows=1000 loops=1)
               Sort Key: s_1.a, s_1.b
               Presorted Key: s_1.a
               Sort Method: quicksort  Memory: 100kB
               Sort Groups: 2
               ->  Sort  (cost=9941.82..10191.82 rows=100000 width=20) (actual time=16.486..16.537 rows=1443 loops=1)
                     Sort Key: s_1.a
                     Sort Method: quicksort  Memory: 10885kB
                     ->  Seq Scan on s_1  (cost=0.00..1637.00 rows=100000 width=20) (actual time=0.007..5.624 rows=100000 loops=1)
 Planning time: 0.223 ms
 Execution time: 17.487 ms
(13 rows)

===== 210 [Wed Mar  7 02:04:13 CET 2018] scale:100000 groups:100 work_mem:128MB incremental:on max_workers:2 =====
SELECT * FROM (SELECT * FROM s_2 ORDER BY a, b) foo ORDER BY a, b, c LIMIT 1000
                                                            QUERY PLAN                                                             
-----------------------------------------------------------------------------------------------------------------------------------
 Limit  (cost=9971.90..9971.90 rows=1 width=20) (actual time=18.287..18.287 rows=0 loops=1)
   ->  Limit  (cost=9942.11..9961.90 rows=1000 width=20) (actual time=17.928..18.259 rows=1000 loops=1)
         ->  Incremental Sort  (cost=9942.11..11920.93 rows=100000 width=20) (actual time=17.928..18.203 rows=1000 loops=1)
               Sort Key: s_2.a, s_2.b, s_2.c
               Presorted Key: s_2.a, s_2.b
               Sort Method: quicksort  Memory: 28kB
               Sort Groups: 28
               ->  Sort  (cost=9941.82..10191.82 rows=100000 width=20) (actual time=17.884..17.928 rows=1001 loops=1)
                     Sort Key: s_2.a, s_2.b
                     Sort Method: quicksort  Memory: 10885kB
                     ->  Seq Scan on s_2  (cost=0.00..1637.00 rows=100000 width=20) (actual time=0.010..5.629 rows=100000 loops=1)
 Planning time: 0.224 ms
 Execution time: 18.768 ms
(13 rows)

===== 211 [Wed Mar  7 02:04:13 CET 2018] scale:100000 groups:100 work_mem:128MB incremental:on max_workers:2 =====
SELECT * FROM (SELECT * FROM s_3 ORDER BY a, b, c) foo ORDER BY a, b, c, d LIMIT 1000
                                                            QUERY PLAN                                                             
-----------------------------------------------------------------------------------------------------------------------------------
 Limit  (cost=9971.90..9971.90 rows=1 width=20) (actual time=19.332..19.332 rows=0 loops=1)
   ->  Limit  (cost=9942.11..9961.90 rows=1000 width=20) (actual time=19.031..19.303 rows=1000 loops=1)
         ->  Incremental Sort  (cost=9942.11..11920.93 rows=100000 width=20) (actual time=19.030..19.247 rows=1000 loops=1)
               Sort Key: s_3.a, s_3.b, s_3.c, s_3.d
               Presorted Key: s_3.a, s_3.b, s_3.c
               Sort Method: quicksort  Memory: 27kB
               Sort Groups: 32
               ->  Sort  (cost=9941.82..10191.82 rows=100000 width=20) (actual time=18.990..19.032 rows=1025 loops=1)
                     Sort Key: s_3.a, s_3.b, s_3.c
                     Sort Method: quicksort  Memory: 10885kB
                     ->  Seq Scan on s_3  (cost=0.00..1637.00 rows=100000 width=20) (actual time=0.016..5.599 rows=100000 loops=1)
 Planning time: 0.229 ms
 Execution time: 19.808 ms
(13 rows)

===== 212 [Wed Mar  7 02:04:13 CET 2018] scale:100000 groups:100 work_mem:128MB incremental:on max_workers:2 =====
SELECT * FROM (SELECT * FROM s_4 ORDER BY a, b, c, d) foo ORDER BY a, b, c, d, e LIMIT 1000
                                                            QUERY PLAN                                                             
-----------------------------------------------------------------------------------------------------------------------------------
 Limit  (cost=9971.90..9971.90 rows=1 width=20) (actual time=19.353..19.353 rows=0 loops=1)
   ->  Limit  (cost=9942.11..9961.90 rows=1000 width=20) (actual time=19.076..19.324 rows=1000 loops=1)
         ->  Incremental Sort  (cost=9942.11..11920.93 rows=100000 width=20) (actual time=19.076..19.262 rows=1000 loops=1)
               Sort Key: s_4.a, s_4.b, s_4.c, s_4.d, s_4.e
               Presorted Key: s_4.a, s_4.b, s_4.c, s_4.d
               Sort Method: quicksort  Memory: 27kB
               Sort Groups: 32
               ->  Sort  (cost=9941.82..10191.82 rows=100000 width=20) (actual time=19.031..19.073 rows=1025 loops=1)
                     Sort Key: s_4.a, s_4.b, s_4.c, s_4.d
                     Sort Method: quicksort  Memory: 10885kB
                     ->  Seq Scan on s_4  (cost=0.00..1637.00 rows=100000 width=20) (actual time=0.007..5.594 rows=100000 loops=1)
 Planning time: 0.241 ms
 Execution time: 19.829 ms
(13 rows)

===== 213 [Wed Mar  7 02:04:14 CET 2018] scale:100000 groups:100 work_mem:128MB incremental:off max_workers:2 =====
SELECT * FROM (SELECT * FROM s_1 ORDER BY a) foo ORDER BY a, b LIMIT 1000
                                                            QUERY PLAN                                                             
-----------------------------------------------------------------------------------------------------------------------------------
 Limit  (cost=16687.21..16687.21 rows=1 width=20) (actual time=27.245..27.245 rows=0 loops=1)
   ->  Limit  (cost=16674.71..16677.21 rows=1000 width=20) (actual time=27.123..27.217 rows=1000 loops=1)
         ->  Sort  (cost=16674.71..16924.71 rows=100000 width=20) (actual time=27.122..27.161 rows=1000 loops=1)
               Sort Key: s_1.a, s_1.b
               Sort Method: top-N heapsort  Memory: 151kB
               ->  Sort  (cost=9941.82..10191.82 rows=100000 width=20) (actual time=16.417..19.897 rows=100000 loops=1)
                     Sort Key: s_1.a
                     Sort Method: quicksort  Memory: 10885kB
                     ->  Seq Scan on s_1  (cost=0.00..1637.00 rows=100000 width=20) (actual time=0.007..5.592 rows=100000 loops=1)
 Planning time: 0.219 ms
 Execution time: 27.729 ms
(11 rows)

===== 214 [Wed Mar  7 02:04:14 CET 2018] scale:100000 groups:100 work_mem:128MB incremental:off max_workers:2 =====
SELECT * FROM (SELECT * FROM s_2 ORDER BY a, b) foo ORDER BY a, b, c LIMIT 1000
                                                            QUERY PLAN                                                             
-----------------------------------------------------------------------------------------------------------------------------------
 Limit  (cost=16687.21..16687.21 rows=1 width=20) (actual time=28.723..28.723 rows=0 loops=1)
   ->  Limit  (cost=16674.71..16677.21 rows=1000 width=20) (actual time=28.601..28.695 rows=1000 loops=1)
         ->  Sort  (cost=16674.71..16924.71 rows=100000 width=20) (actual time=28.600..28.639 rows=1000 loops=1)
               Sort Key: s_2.a, s_2.b, s_2.c
               Sort Method: top-N heapsort  Memory: 127kB
               ->  Sort  (cost=9941.82..10191.82 rows=100000 width=20) (actual time=17.859..21.365 rows=100000 loops=1)
                     Sort Key: s_2.a, s_2.b
                     Sort Method: quicksort  Memory: 10885kB
                     ->  Seq Scan on s_2  (cost=0.00..1637.00 rows=100000 width=20) (actual time=0.010..5.593 rows=100000 loops=1)
 Planning time: 0.219 ms
 Execution time: 29.213 ms
(11 rows)

===== 215 [Wed Mar  7 02:04:14 CET 2018] scale:100000 groups:100 work_mem:128MB incremental:off max_workers:2 =====
SELECT * FROM (SELECT * FROM s_3 ORDER BY a, b, c) foo ORDER BY a, b, c, d LIMIT 1000
                                                            QUERY PLAN                                                             
-----------------------------------------------------------------------------------------------------------------------------------
 Limit  (cost=16687.21..16687.21 rows=1 width=20) (actual time=30.409..30.409 rows=0 loops=1)
   ->  Limit  (cost=16674.71..16677.21 rows=1000 width=20) (actual time=30.289..30.382 rows=1000 loops=1)
         ->  Sort  (cost=16674.71..16924.71 rows=100000 width=20) (actual time=30.288..30.327 rows=1000 loops=1)
               Sort Key: s_3.a, s_3.b, s_3.c, s_3.d
               Sort Method: top-N heapsort  Memory: 127kB
               ->  Sort  (cost=9941.82..10191.82 rows=100000 width=20) (actual time=18.975..22.524 rows=100000 loops=1)
                     Sort Key: s_3.a, s_3.b, s_3.c
                     Sort Method: quicksort  Memory: 10885kB
                     ->  Seq Scan on s_3  (cost=0.00..1637.00 rows=100000 width=20) (actual time=0.015..5.557 rows=100000 loops=1)
 Planning time: 0.239 ms
 Execution time: 30.896 ms
(11 rows)

===== 216 [Wed Mar  7 02:04:14 CET 2018] scale:100000 groups:100 work_mem:128MB incremental:off max_workers:2 =====
SELECT * FROM (SELECT * FROM s_4 ORDER BY a, b, c, d) foo ORDER BY a, b, c, d, e LIMIT 1000
                                                            QUERY PLAN                                                             
-----------------------------------------------------------------------------------------------------------------------------------
 Limit  (cost=16687.21..16687.21 rows=1 width=20) (actual time=30.407..30.407 rows=0 loops=1)
   ->  Limit  (cost=16674.71..16677.21 rows=1000 width=20) (actual time=30.285..30.378 rows=1000 loops=1)
         ->  Sort  (cost=16674.71..16924.71 rows=100000 width=20) (actual time=30.285..30.323 rows=1000 loops=1)
               Sort Key: s_4.a, s_4.b, s_4.c, s_4.d, s_4.e
               Sort Method: top-N heapsort  Memory: 127kB
               ->  Sort  (cost=9941.82..10191.82 rows=100000 width=20) (actual time=18.982..22.535 rows=100000 loops=1)
                     Sort Key: s_4.a, s_4.b, s_4.c, s_4.d
                     Sort Method: quicksort  Memory: 10885kB
                     ->  Seq Scan on s_4  (cost=0.00..1637.00 rows=100000 width=20) (actual time=0.007..5.543 rows=100000 loops=1)
 Planning time: 0.232 ms
 Execution time: 30.893 ms
(11 rows)

===== 217 [Wed Mar  7 02:04:14 CET 2018] scale:100000 groups:100 work_mem:256MB incremental:on max_workers:2 =====
SELECT * FROM (SELECT * FROM s_1 ORDER BY a) foo ORDER BY a, b LIMIT 1000
                                                            QUERY PLAN                                                             
-----------------------------------------------------------------------------------------------------------------------------------
 Limit  (cost=10030.99..10030.99 rows=1 width=20) (actual time=17.024..17.024 rows=0 loops=1)
   ->  Limit  (cost=10003.46..10020.99 rows=1000 width=20) (actual time=16.646..16.996 rows=1000 loops=1)
         ->  Incremental Sort  (cost=10003.46..11756.10 rows=100000 width=20) (actual time=16.646..16.936 rows=1000 loops=1)
               Sort Key: s_1.a, s_1.b
               Presorted Key: s_1.a
               Sort Method: quicksort  Memory: 100kB
               Sort Groups: 2
               ->  Sort  (cost=9941.82..10191.82 rows=100000 width=20) (actual time=16.471..16.522 rows=1443 loops=1)
                     Sort Key: s_1.a
                     Sort Method: quicksort  Memory: 10885kB
                     ->  Seq Scan on s_1  (cost=0.00..1637.00 rows=100000 width=20) (actual time=0.007..5.620 rows=100000 loops=1)
 Planning time: 0.225 ms
 Execution time: 17.478 ms
(13 rows)

===== 218 [Wed Mar  7 02:04:15 CET 2018] scale:100000 groups:100 work_mem:256MB incremental:on max_workers:2 =====
SELECT * FROM (SELECT * FROM s_2 ORDER BY a, b) foo ORDER BY a, b, c LIMIT 1000
                                                            QUERY PLAN                                                             
-----------------------------------------------------------------------------------------------------------------------------------
 Limit  (cost=9971.90..9971.90 rows=1 width=20) (actual time=18.289..18.289 rows=0 loops=1)
   ->  Limit  (cost=9942.11..9961.90 rows=1000 width=20) (actual time=17.923..18.261 rows=1000 loops=1)
         ->  Incremental Sort  (cost=9942.11..11920.93 rows=100000 width=20) (actual time=17.922..18.205 rows=1000 loops=1)
               Sort Key: s_2.a, s_2.b, s_2.c
               Presorted Key: s_2.a, s_2.b
               Sort Method: quicksort  Memory: 28kB
               Sort Groups: 28
               ->  Sort  (cost=9941.82..10191.82 rows=100000 width=20) (actual time=17.870..17.914 rows=1001 loops=1)
                     Sort Key: s_2.a, s_2.b
                     Sort Method: quicksort  Memory: 10885kB
                     ->  Seq Scan on s_2  (cost=0.00..1637.00 rows=100000 width=20) (actual time=0.010..5.655 rows=100000 loops=1)
 Planning time: 0.225 ms
 Execution time: 18.765 ms
(13 rows)

===== 219 [Wed Mar  7 02:04:15 CET 2018] scale:100000 groups:100 work_mem:256MB incremental:on max_workers:2 =====
SELECT * FROM (SELECT * FROM s_3 ORDER BY a, b, c) foo ORDER BY a, b, c, d LIMIT 1000
                                                            QUERY PLAN                                                             
-----------------------------------------------------------------------------------------------------------------------------------
 Limit  (cost=9971.90..9971.90 rows=1 width=20) (actual time=19.347..19.347 rows=0 loops=1)
   ->  Limit  (cost=9942.11..9961.90 rows=1000 width=20) (actual time=19.053..19.317 rows=1000 loops=1)
         ->  Incremental Sort  (cost=9942.11..11920.93 rows=100000 width=20) (actual time=19.053..19.262 rows=1000 loops=1)
               Sort Key: s_3.a, s_3.b, s_3.c, s_3.d
               Presorted Key: s_3.a, s_3.b, s_3.c
               Sort Method: quicksort  Memory: 27kB
               Sort Groups: 32
               ->  Sort  (cost=9941.82..10191.82 rows=100000 width=20) (actual time=19.013..19.054 rows=1025 loops=1)
                     Sort Key: s_3.a, s_3.b, s_3.c
                     Sort Method: quicksort  Memory: 10885kB
                     ->  Seq Scan on s_3  (cost=0.00..1637.00 rows=100000 width=20) (actual time=0.015..5.588 rows=100000 loops=1)
 Planning time: 0.225 ms
 Execution time: 19.823 ms
(13 rows)

===== 220 [Wed Mar  7 02:04:15 CET 2018] scale:100000 groups:100 work_mem:256MB incremental:on max_workers:2 =====
SELECT * FROM (SELECT * FROM s_4 ORDER BY a, b, c, d) foo ORDER BY a, b, c, d, e LIMIT 1000
                                                            QUERY PLAN                                                             
-----------------------------------------------------------------------------------------------------------------------------------
 Limit  (cost=9971.90..9971.90 rows=1 width=20) (actual time=19.395..19.395 rows=0 loops=1)
   ->  Limit  (cost=9942.11..9961.90 rows=1000 width=20) (actual time=19.127..19.366 rows=1000 loops=1)
         ->  Incremental Sort  (cost=9942.11..11920.93 rows=100000 width=20) (actual time=19.126..19.310 rows=1000 loops=1)
               Sort Key: s_4.a, s_4.b, s_4.c, s_4.d, s_4.e
               Presorted Key: s_4.a, s_4.b, s_4.c, s_4.d
               Sort Method: quicksort  Memory: 27kB
               Sort Groups: 32
               ->  Sort  (cost=9941.82..10191.82 rows=100000 width=20) (actual time=19.080..19.122 rows=1025 loops=1)
                     Sort Key: s_4.a, s_4.b, s_4.c, s_4.d
                     Sort Method: quicksort  Memory: 10885kB
                     ->  Seq Scan on s_4  (cost=0.00..1637.00 rows=100000 width=20) (actual time=0.007..5.602 rows=100000 loops=1)
 Planning time: 0.246 ms
 Execution time: 19.881 ms
(13 rows)

===== 221 [Wed Mar  7 02:04:15 CET 2018] scale:100000 groups:100 work_mem:256MB incremental:off max_workers:2 =====
SELECT * FROM (SELECT * FROM s_1 ORDER BY a) foo ORDER BY a, b LIMIT 1000
                                                            QUERY PLAN                                                             
-----------------------------------------------------------------------------------------------------------------------------------
 Limit  (cost=16687.21..16687.21 rows=1 width=20) (actual time=27.241..27.241 rows=0 loops=1)
   ->  Limit  (cost=16674.71..16677.21 rows=1000 width=20) (actual time=27.116..27.213 rows=1000 loops=1)
         ->  Sort  (cost=16674.71..16924.71 rows=100000 width=20) (actual time=27.116..27.157 rows=1000 loops=1)
               Sort Key: s_1.a, s_1.b
               Sort Method: top-N heapsort  Memory: 151kB
               ->  Sort  (cost=9941.82..10191.82 rows=100000 width=20) (actual time=16.407..19.883 rows=100000 loops=1)
                     Sort Key: s_1.a
                     Sort Method: quicksort  Memory: 10885kB
                     ->  Seq Scan on s_1  (cost=0.00..1637.00 rows=100000 width=20) (actual time=0.007..5.601 rows=100000 loops=1)
 Planning time: 0.220 ms
 Execution time: 27.726 ms
(11 rows)

===== 222 [Wed Mar  7 02:04:15 CET 2018] scale:100000 groups:100 work_mem:256MB incremental:off max_workers:2 =====
SELECT * FROM (SELECT * FROM s_2 ORDER BY a, b) foo ORDER BY a, b, c LIMIT 1000
                                                            QUERY PLAN                                                             
-----------------------------------------------------------------------------------------------------------------------------------
 Limit  (cost=16687.21..16687.21 rows=1 width=20) (actual time=28.720..28.720 rows=0 loops=1)
   ->  Limit  (cost=16674.71..16677.21 rows=1000 width=20) (actual time=28.598..28.692 rows=1000 loops=1)
         ->  Sort  (cost=16674.71..16924.71 rows=100000 width=20) (actual time=28.597..28.636 rows=1000 loops=1)
               Sort Key: s_2.a, s_2.b, s_2.c
               Sort Method: top-N heapsort  Memory: 127kB
               ->  Sort  (cost=9941.82..10191.82 rows=100000 width=20) (actual time=17.844..21.346 rows=100000 loops=1)
                     Sort Key: s_2.a, s_2.b
                     Sort Method: quicksort  Memory: 10885kB
                     ->  Seq Scan on s_2  (cost=0.00..1637.00 rows=100000 width=20) (actual time=0.010..5.598 rows=100000 loops=1)
 Planning time: 0.227 ms
 Execution time: 29.208 ms
(11 rows)

===== 223 [Wed Mar  7 02:04:15 CET 2018] scale:100000 groups:100 work_mem:256MB incremental:off max_workers:2 =====
SELECT * FROM (SELECT * FROM s_3 ORDER BY a, b, c) foo ORDER BY a, b, c, d LIMIT 1000
                                                            QUERY PLAN                                                             
-----------------------------------------------------------------------------------------------------------------------------------
 Limit  (cost=16687.21..16687.21 rows=1 width=20) (actual time=30.404..30.404 rows=0 loops=1)
   ->  Limit  (cost=16674.71..16677.21 rows=1000 width=20) (actual time=30.282..30.376 rows=1000 loops=1)
         ->  Sort  (cost=16674.71..16924.71 rows=100000 width=20) (actual time=30.281..30.320 rows=1000 loops=1)
               Sort Key: s_3.a, s_3.b, s_3.c, s_3.d
               Sort Method: top-N heapsort  Memory: 127kB
               ->  Sort  (cost=9941.82..10191.82 rows=100000 width=20) (actual time=18.988..22.542 rows=100000 loops=1)
                     Sort Key: s_3.a, s_3.b, s_3.c
                     Sort Method: quicksort  Memory: 10885kB
                     ->  Seq Scan on s_3  (cost=0.00..1637.00 rows=100000 width=20) (actual time=0.015..5.563 rows=100000 loops=1)
 Planning time: 0.219 ms
 Execution time: 30.892 ms
(11 rows)

===== 224 [Wed Mar  7 02:04:16 CET 2018] scale:100000 groups:100 work_mem:256MB incremental:off max_workers:2 =====
SELECT * FROM (SELECT * FROM s_4 ORDER BY a, b, c, d) foo ORDER BY a, b, c, d, e LIMIT 1000
                                                            QUERY PLAN                                                             
-----------------------------------------------------------------------------------------------------------------------------------
 Limit  (cost=16687.21..16687.21 rows=1 width=20) (actual time=30.410..30.410 rows=0 loops=1)
   ->  Limit  (cost=16674.71..16677.21 rows=1000 width=20) (actual time=30.289..30.382 rows=1000 loops=1)
         ->  Sort  (cost=16674.71..16924.71 rows=100000 width=20) (actual time=30.288..30.327 rows=1000 loops=1)
               Sort Key: s_4.a, s_4.b, s_4.c, s_4.d, s_4.e
               Sort Method: top-N heapsort  Memory: 127kB
               ->  Sort  (cost=9941.82..10191.82 rows=100000 width=20) (actual time=18.977..22.524 rows=100000 loops=1)
                     Sort Key: s_4.a, s_4.b, s_4.c, s_4.d
                     Sort Method: quicksort  Memory: 10885kB
                     ->  Seq Scan on s_4  (cost=0.00..1637.00 rows=100000 width=20) (actual time=0.007..5.545 rows=100000 loops=1)
 Planning time: 0.231 ms
 Execution time: 30.897 ms
(11 rows)

===== 225 [Wed Mar  7 02:04:17 CET 2018] scale:100000 groups:1000 work_mem:4MB incremental:on max_workers:0 =====
SELECT * FROM (SELECT * FROM s_1 ORDER BY a) foo ORDER BY a, b LIMIT 1000
                                                            QUERY PLAN                                                             
-----------------------------------------------------------------------------------------------------------------------------------
 Limit  (cost=12025.50..12025.50 rows=1 width=20) (actual time=21.731..21.731 rows=0 loops=1)
   ->  Limit  (cost=11997.39..12015.50 rows=1000 width=20) (actual time=21.306..21.703 rows=1000 loops=1)
         ->  Incremental Sort  (cost=11997.39..13808.55 rows=100000 width=20) (actual time=21.305..21.647 rows=1000 loops=1)
               Sort Key: s_1.a, s_1.b
               Presorted Key: s_1.a
               Sort Method: quicksort  Memory: 33kB
               Sort Groups: 11
               ->  Sort  (cost=11992.82..12242.82 rows=100000 width=20) (actual time=21.247..21.341 rows=1056 loops=1)
                     Sort Key: s_1.a
                     Sort Method: external merge  Disk: 2936kB
                     ->  Seq Scan on s_1  (cost=0.00..1637.00 rows=100000 width=20) (actual time=0.010..5.487 rows=100000 loops=1)
 Planning time: 0.221 ms
 Execution time: 22.308 ms
(13 rows)

===== 226 [Wed Mar  7 02:04:17 CET 2018] scale:100000 groups:1000 work_mem:4MB incremental:on max_workers:0 =====
SELECT * FROM (SELECT * FROM s_2 ORDER BY a, b) foo ORDER BY a, b, c LIMIT 1000
                                                            QUERY PLAN                                                             
-----------------------------------------------------------------------------------------------------------------------------------
 Limit  (cost=12022.90..12022.90 rows=1 width=20) (actual time=22.799..22.799 rows=0 loops=1)
   ->  Limit  (cost=11993.11..12012.90 rows=1000 width=20) (actual time=22.464..22.771 rows=1000 loops=1)
         ->  Incremental Sort  (cost=11993.11..13971.93 rows=100000 width=20) (actual time=22.463..22.715 rows=1000 loops=1)
               Sort Key: s_2.a, s_2.b, s_2.c
               Presorted Key: s_2.a, s_2.b
               Sort Method: quicksort  Memory: 27kB
               Sort Groups: 32
               ->  Sort  (cost=11992.82..12242.82 rows=100000 width=20) (actual time=22.416..22.517 rows=1027 loops=1)
                     Sort Key: s_2.a, s_2.b
                     Sort Method: external merge  Disk: 2936kB
                     ->  Seq Scan on s_2  (cost=0.00..1637.00 rows=100000 width=20) (actual time=0.013..5.493 rows=100000 loops=1)
 Planning time: 0.221 ms
 Execution time: 23.355 ms
(13 rows)

===== 227 [Wed Mar  7 02:04:18 CET 2018] scale:100000 groups:1000 work_mem:4MB incremental:on max_workers:0 =====
SELECT * FROM (SELECT * FROM s_3 ORDER BY a, b, c) foo ORDER BY a, b, c, d LIMIT 1000
                                                            QUERY PLAN                                                             
-----------------------------------------------------------------------------------------------------------------------------------
 Limit  (cost=12022.90..12022.90 rows=1 width=20) (actual time=23.297..23.297 rows=0 loops=1)
   ->  Limit  (cost=11993.11..12012.90 rows=1000 width=20) (actual time=22.988..23.267 rows=1000 loops=1)
         ->  Incremental Sort  (cost=11993.11..13971.93 rows=100000 width=20) (actual time=22.987..23.212 rows=1000 loops=1)
               Sort Key: s_3.a, s_3.b, s_3.c, s_3.d
               Presorted Key: s_3.a, s_3.b, s_3.c
               Sort Method: quicksort  Memory: 27kB
               Sort Groups: 32
               ->  Sort  (cost=11992.82..12242.82 rows=100000 width=20) (actual time=22.942..23.038 rows=1025 loops=1)
                     Sort Key: s_3.a, s_3.b, s_3.c
                     Sort Method: external merge  Disk: 2936kB
                     ->  Seq Scan on s_3  (cost=0.00..1637.00 rows=100000 width=20) (actual time=0.013..5.473 rows=100000 loops=1)
 Planning time: 0.229 ms
 Execution time: 23.861 ms
(13 rows)

===== 228 [Wed Mar  7 02:04:18 CET 2018] scale:100000 groups:1000 work_mem:4MB incremental:on max_workers:0 =====
SELECT * FROM (SELECT * FROM s_4 ORDER BY a, b, c, d) foo ORDER BY a, b, c, d, e LIMIT 1000
                                                            QUERY PLAN                                                             
-----------------------------------------------------------------------------------------------------------------------------------
 Limit  (cost=12022.90..12022.90 rows=1 width=20) (actual time=23.278..23.278 rows=0 loops=1)
   ->  Limit  (cost=11993.11..12012.90 rows=1000 width=20) (actual time=22.976..23.249 rows=1000 loops=1)
         ->  Incremental Sort  (cost=11993.11..13971.93 rows=100000 width=20) (actual time=22.975..23.193 rows=1000 loops=1)
               Sort Key: s_4.a, s_4.b, s_4.c, s_4.d, s_4.e
               Presorted Key: s_4.a, s_4.b, s_4.c, s_4.d
               Sort Method: quicksort  Memory: 27kB
               Sort Groups: 32
               ->  Sort  (cost=11992.82..12242.82 rows=100000 width=20) (actual time=22.922..23.016 rows=1025 loops=1)
                     Sort Key: s_4.a, s_4.b, s_4.c, s_4.d
                     Sort Method: external merge  Disk: 2936kB
                     ->  Seq Scan on s_4  (cost=0.00..1637.00 rows=100000 width=20) (actual time=0.009..5.458 rows=100000 loops=1)
 Planning time: 0.243 ms
 Execution time: 23.855 ms
(13 rows)

===== 229 [Wed Mar  7 02:04:18 CET 2018] scale:100000 groups:1000 work_mem:4MB incremental:off max_workers:0 =====
SELECT * FROM (SELECT * FROM s_1 ORDER BY a) foo ORDER BY a, b LIMIT 1000
                                                            QUERY PLAN                                                             
-----------------------------------------------------------------------------------------------------------------------------------
 Limit  (cost=18738.21..18738.21 rows=1 width=20) (actual time=35.951..35.951 rows=0 loops=1)
   ->  Limit  (cost=18725.71..18728.21 rows=1000 width=20) (actual time=35.831..35.924 rows=1000 loops=1)
         ->  Sort  (cost=18725.71..18975.71 rows=100000 width=20) (actual time=35.830..35.869 rows=1000 loops=1)
               Sort Key: s_1.a, s_1.b
               Sort Method: top-N heapsort  Memory: 130kB
               ->  Sort  (cost=11992.82..12242.82 rows=100000 width=20) (actual time=21.159..29.455 rows=100000 loops=1)
                     Sort Key: s_1.a
                     Sort Method: external merge  Disk: 2936kB
                     ->  Seq Scan on s_1  (cost=0.00..1637.00 rows=100000 width=20) (actual time=0.010..5.474 rows=100000 loops=1)
 Planning time: 0.218 ms
 Execution time: 36.530 ms
(11 rows)

===== 230 [Wed Mar  7 02:04:18 CET 2018] scale:100000 groups:1000 work_mem:4MB incremental:off max_workers:0 =====
SELECT * FROM (SELECT * FROM s_2 ORDER BY a, b) foo ORDER BY a, b, c LIMIT 1000
                                                            QUERY PLAN                                                             
-----------------------------------------------------------------------------------------------------------------------------------
 Limit  (cost=18738.21..18738.21 rows=1 width=20) (actual time=37.211..37.211 rows=0 loops=1)
   ->  Limit  (cost=18725.71..18728.21 rows=1000 width=20) (actual time=37.087..37.182 rows=1000 loops=1)
         ->  Sort  (cost=18725.71..18975.71 rows=100000 width=20) (actual time=37.086..37.125 rows=1000 loops=1)
               Sort Key: s_2.a, s_2.b, s_2.c
               Sort Method: top-N heapsort  Memory: 127kB
               ->  Sort  (cost=11992.82..12242.82 rows=100000 width=20) (actual time=22.413..30.690 rows=100000 loops=1)
                     Sort Key: s_2.a, s_2.b
                     Sort Method: external merge  Disk: 2936kB
                     ->  Seq Scan on s_2  (cost=0.00..1637.00 rows=100000 width=20) (actual time=0.013..5.482 rows=100000 loops=1)
 Planning time: 0.220 ms
 Execution time: 37.789 ms
(11 rows)

===== 231 [Wed Mar  7 02:04:18 CET 2018] scale:100000 groups:1000 work_mem:4MB incremental:off max_workers:0 =====
SELECT * FROM (SELECT * FROM s_3 ORDER BY a, b, c) foo ORDER BY a, b, c, d LIMIT 1000
                                                            QUERY PLAN                                                             
-----------------------------------------------------------------------------------------------------------------------------------
 Limit  (cost=18738.21..18738.21 rows=1 width=20) (actual time=38.919..38.919 rows=0 loops=1)
   ->  Limit  (cost=18725.71..18728.21 rows=1000 width=20) (actual time=38.797..38.891 rows=1000 loops=1)
         ->  Sort  (cost=18725.71..18975.71 rows=100000 width=20) (actual time=38.797..38.835 rows=1000 loops=1)
               Sort Key: s_3.a, s_3.b, s_3.c, s_3.d
               Sort Method: top-N heapsort  Memory: 127kB
               ->  Sort  (cost=11992.82..12242.82 rows=100000 width=20) (actual time=22.955..31.955 rows=100000 loops=1)
                     Sort Key: s_3.a, s_3.b, s_3.c
                     Sort Method: external merge  Disk: 2936kB
                     ->  Seq Scan on s_3  (cost=0.00..1637.00 rows=100000 width=20) (actual time=0.012..5.411 rows=100000 loops=1)
 Planning time: 0.233 ms
 Execution time: 39.489 ms
(11 rows)

===== 232 [Wed Mar  7 02:04:19 CET 2018] scale:100000 groups:1000 work_mem:4MB incremental:off max_workers:0 =====
SELECT * FROM (SELECT * FROM s_4 ORDER BY a, b, c, d) foo ORDER BY a, b, c, d, e LIMIT 1000
                                                            QUERY PLAN                                                             
-----------------------------------------------------------------------------------------------------------------------------------
 Limit  (cost=18738.21..18738.21 rows=1 width=20) (actual time=38.957..38.957 rows=0 loops=1)
   ->  Limit  (cost=18725.71..18728.21 rows=1000 width=20) (actual time=38.835..38.928 rows=1000 loops=1)
         ->  Sort  (cost=18725.71..18975.71 rows=100000 width=20) (actual time=38.834..38.873 rows=1000 loops=1)
               Sort Key: s_4.a, s_4.b, s_4.c, s_4.d, s_4.e
               Sort Method: top-N heapsort  Memory: 127kB
               ->  Sort  (cost=11992.82..12242.82 rows=100000 width=20) (actual time=22.942..31.973 rows=100000 loops=1)
                     Sort Key: s_4.a, s_4.b, s_4.c, s_4.d
                     Sort Method: external merge  Disk: 2936kB
                     ->  Seq Scan on s_4  (cost=0.00..1637.00 rows=100000 width=20) (actual time=0.009..5.425 rows=100000 loops=1)
 Planning time: 0.229 ms
 Execution time: 39.544 ms
(11 rows)

===== 233 [Wed Mar  7 02:04:19 CET 2018] scale:100000 groups:1000 work_mem:8MB incremental:on max_workers:0 =====
SELECT * FROM (SELECT * FROM s_1 ORDER BY a) foo ORDER BY a, b LIMIT 1000
                                                            QUERY PLAN                                                             
-----------------------------------------------------------------------------------------------------------------------------------
 Limit  (cost=9974.50..9974.50 rows=1 width=20) (actual time=23.239..23.239 rows=0 loops=1)
   ->  Limit  (cost=9946.39..9964.50 rows=1000 width=20) (actual time=22.823..23.211 rows=1000 loops=1)
         ->  Incremental Sort  (cost=9946.39..11757.55 rows=100000 width=20) (actual time=22.822..23.155 rows=1000 loops=1)
               Sort Key: s_1.a, s_1.b
               Presorted Key: s_1.a
               Sort Method: quicksort  Memory: 33kB
               Sort Groups: 11
               ->  Sort  (cost=9941.82..10191.82 rows=100000 width=20) (actual time=22.765..22.855 rows=1056 loops=1)
                     Sort Key: s_1.a
                     Sort Method: external merge  Disk: 2936kB
                     ->  Seq Scan on s_1  (cost=0.00..1637.00 rows=100000 width=20) (actual time=0.010..5.606 rows=100000 loops=1)
 Planning time: 0.224 ms
 Execution time: 23.759 ms
(13 rows)

===== 234 [Wed Mar  7 02:04:19 CET 2018] scale:100000 groups:1000 work_mem:8MB incremental:on max_workers:0 =====
SELECT * FROM (SELECT * FROM s_2 ORDER BY a, b) foo ORDER BY a, b, c LIMIT 1000
                                                            QUERY PLAN                                                             
-----------------------------------------------------------------------------------------------------------------------------------
 Limit  (cost=9971.90..9971.90 rows=1 width=20) (actual time=24.504..24.504 rows=0 loops=1)
   ->  Limit  (cost=9942.11..9961.90 rows=1000 width=20) (actual time=24.175..24.475 rows=1000 loops=1)
         ->  Incremental Sort  (cost=9942.11..11920.93 rows=100000 width=20) (actual time=24.174..24.420 rows=1000 loops=1)
               Sort Key: s_2.a, s_2.b, s_2.c
               Presorted Key: s_2.a, s_2.b
               Sort Method: quicksort  Memory: 27kB
               Sort Groups: 32
               ->  Sort  (cost=9941.82..10191.82 rows=100000 width=20) (actual time=24.126..24.217 rows=1027 loops=1)
                     Sort Key: s_2.a, s_2.b
                     Sort Method: external merge  Disk: 2936kB
                     ->  Seq Scan on s_2  (cost=0.00..1637.00 rows=100000 width=20) (actual time=0.013..5.634 rows=100000 loops=1)
 Planning time: 0.223 ms
 Execution time: 25.013 ms
(13 rows)

===== 235 [Wed Mar  7 02:04:19 CET 2018] scale:100000 groups:1000 work_mem:8MB incremental:on max_workers:0 =====
SELECT * FROM (SELECT * FROM s_3 ORDER BY a, b, c) foo ORDER BY a, b, c, d LIMIT 1000
                                                            QUERY PLAN                                                             
-----------------------------------------------------------------------------------------------------------------------------------
 Limit  (cost=9971.90..9971.90 rows=1 width=20) (actual time=24.940..24.940 rows=0 loops=1)
   ->  Limit  (cost=9942.11..9961.90 rows=1000 width=20) (actual time=24.643..24.910 rows=1000 loops=1)
         ->  Incremental Sort  (cost=9942.11..11920.93 rows=100000 width=20) (actual time=24.642..24.855 rows=1000 loops=1)
               Sort Key: s_3.a, s_3.b, s_3.c, s_3.d
               Presorted Key: s_3.a, s_3.b, s_3.c
               Sort Method: quicksort  Memory: 27kB
               Sort Groups: 32
               ->  Sort  (cost=9941.82..10191.82 rows=100000 width=20) (actual time=24.597..24.686 rows=1025 loops=1)
                     Sort Key: s_3.a, s_3.b, s_3.c
                     Sort Method: external merge  Disk: 2936kB
                     ->  Seq Scan on s_3  (cost=0.00..1637.00 rows=100000 width=20) (actual time=0.012..5.588 rows=100000 loops=1)
 Planning time: 0.227 ms
 Execution time: 25.458 ms
(13 rows)

===== 236 [Wed Mar  7 02:04:20 CET 2018] scale:100000 groups:1000 work_mem:8MB incremental:on max_workers:0 =====
SELECT * FROM (SELECT * FROM s_4 ORDER BY a, b, c, d) foo ORDER BY a, b, c, d, e LIMIT 1000
                                                            QUERY PLAN                                                             
-----------------------------------------------------------------------------------------------------------------------------------
 Limit  (cost=9971.90..9971.90 rows=1 width=20) (actual time=25.013..25.013 rows=0 loops=1)
   ->  Limit  (cost=9942.11..9961.90 rows=1000 width=20) (actual time=24.717..24.984 rows=1000 loops=1)
         ->  Incremental Sort  (cost=9942.11..11920.93 rows=100000 width=20) (actual time=24.716..24.929 rows=1000 loops=1)
               Sort Key: s_4.a, s_4.b, s_4.c, s_4.d, s_4.e
               Presorted Key: s_4.a, s_4.b, s_4.c, s_4.d
               Sort Method: quicksort  Memory: 27kB
               Sort Groups: 32
               ->  Sort  (cost=9941.82..10191.82 rows=100000 width=20) (actual time=24.663..24.751 rows=1025 loops=1)
                     Sort Key: s_4.a, s_4.b, s_4.c, s_4.d
                     Sort Method: external merge  Disk: 2936kB
                     ->  Seq Scan on s_4  (cost=0.00..1637.00 rows=100000 width=20) (actual time=0.009..5.574 rows=100000 loops=1)
 Planning time: 0.231 ms
 Execution time: 25.523 ms
(13 rows)

===== 237 [Wed Mar  7 02:04:20 CET 2018] scale:100000 groups:1000 work_mem:8MB incremental:off max_workers:0 =====
SELECT * FROM (SELECT * FROM s_1 ORDER BY a) foo ORDER BY a, b LIMIT 1000
                                                            QUERY PLAN                                                             
-----------------------------------------------------------------------------------------------------------------------------------
 Limit  (cost=16687.21..16687.21 rows=1 width=20) (actual time=37.339..37.339 rows=0 loops=1)
   ->  Limit  (cost=16674.71..16677.21 rows=1000 width=20) (actual time=37.217..37.311 rows=1000 loops=1)
         ->  Sort  (cost=16674.71..16924.71 rows=100000 width=20) (actual time=37.217..37.255 rows=1000 loops=1)
               Sort Key: s_1.a, s_1.b
               Sort Method: top-N heapsort  Memory: 130kB
               ->  Sort  (cost=9941.82..10191.82 rows=100000 width=20) (actual time=22.674..30.856 rows=100000 loops=1)
                     Sort Key: s_1.a
                     Sort Method: external merge  Disk: 2936kB
                     ->  Seq Scan on s_1  (cost=0.00..1637.00 rows=100000 width=20) (actual time=0.010..5.578 rows=100000 loops=1)
 Planning time: 0.219 ms
 Execution time: 37.756 ms
(11 rows)

===== 238 [Wed Mar  7 02:04:20 CET 2018] scale:100000 groups:1000 work_mem:8MB incremental:off max_workers:0 =====
SELECT * FROM (SELECT * FROM s_2 ORDER BY a, b) foo ORDER BY a, b, c LIMIT 1000
                                                            QUERY PLAN                                                             
-----------------------------------------------------------------------------------------------------------------------------------
 Limit  (cost=16687.21..16687.21 rows=1 width=20) (actual time=38.790..38.790 rows=0 loops=1)
   ->  Limit  (cost=16674.71..16677.21 rows=1000 width=20) (actual time=38.665..38.761 rows=1000 loops=1)
         ->  Sort  (cost=16674.71..16924.71 rows=100000 width=20) (actual time=38.665..38.703 rows=1000 loops=1)
               Sort Key: s_2.a, s_2.b, s_2.c
               Sort Method: top-N heapsort  Memory: 127kB
               ->  Sort  (cost=9941.82..10191.82 rows=100000 width=20) (actual time=24.101..32.285 rows=100000 loops=1)
                     Sort Key: s_2.a, s_2.b
                     Sort Method: external merge  Disk: 2936kB
                     ->  Seq Scan on s_2  (cost=0.00..1637.00 rows=100000 width=20) (actual time=0.013..5.604 rows=100000 loops=1)
 Planning time: 0.220 ms
 Execution time: 39.208 ms
(11 rows)

===== 239 [Wed Mar  7 02:04:20 CET 2018] scale:100000 groups:1000 work_mem:8MB incremental:off max_workers:0 =====
SELECT * FROM (SELECT * FROM s_3 ORDER BY a, b, c) foo ORDER BY a, b, c, d LIMIT 1000
                                                            QUERY PLAN                                                             
-----------------------------------------------------------------------------------------------------------------------------------
 Limit  (cost=16687.21..16687.21 rows=1 width=20) (actual time=40.354..40.354 rows=0 loops=1)
   ->  Limit  (cost=16674.71..16677.21 rows=1000 width=20) (actual time=40.233..40.326 rows=1000 loops=1)
         ->  Sort  (cost=16674.71..16924.71 rows=100000 width=20) (actual time=40.232..40.271 rows=1000 loops=1)
               Sort Key: s_3.a, s_3.b, s_3.c, s_3.d
               Sort Method: top-N heapsort  Memory: 127kB
               ->  Sort  (cost=9941.82..10191.82 rows=100000 width=20) (actual time=24.545..33.416 rows=100000 loops=1)
                     Sort Key: s_3.a, s_3.b, s_3.c
                     Sort Method: external merge  Disk: 2936kB
                     ->  Seq Scan on s_3  (cost=0.00..1637.00 rows=100000 width=20) (actual time=0.013..5.545 rows=100000 loops=1)
 Planning time: 0.223 ms
 Execution time: 40.776 ms
(11 rows)

===== 240 [Wed Mar  7 02:04:21 CET 2018] scale:100000 groups:1000 work_mem:8MB incremental:off max_workers:0 =====
SELECT * FROM (SELECT * FROM s_4 ORDER BY a, b, c, d) foo ORDER BY a, b, c, d, e LIMIT 1000
                                                            QUERY PLAN                                                             
-----------------------------------------------------------------------------------------------------------------------------------
 Limit  (cost=16687.21..16687.21 rows=1 width=20) (actual time=40.370..40.370 rows=0 loops=1)
   ->  Limit  (cost=16674.71..16677.21 rows=1000 width=20) (actual time=40.249..40.342 rows=1000 loops=1)
         ->  Sort  (cost=16674.71..16924.71 rows=100000 width=20) (actual time=40.248..40.287 rows=1000 loops=1)
               Sort Key: s_4.a, s_4.b, s_4.c, s_4.d, s_4.e
               Sort Method: top-N heapsort  Memory: 127kB
               ->  Sort  (cost=9941.82..10191.82 rows=100000 width=20) (actual time=24.496..33.424 rows=100000 loops=1)
                     Sort Key: s_4.a, s_4.b, s_4.c, s_4.d
                     Sort Method: external merge  Disk: 2936kB
                     ->  Seq Scan on s_4  (cost=0.00..1637.00 rows=100000 width=20) (actual time=0.009..5.541 rows=100000 loops=1)
 Planning time: 0.227 ms
 Execution time: 40.770 ms
(11 rows)

===== 241 [Wed Mar  7 02:04:21 CET 2018] scale:100000 groups:1000 work_mem:16MB incremental:on max_workers:0 =====
SELECT * FROM (SELECT * FROM s_1 ORDER BY a) foo ORDER BY a, b LIMIT 1000
                                                            QUERY PLAN                                                             
-----------------------------------------------------------------------------------------------------------------------------------
 Limit  (cost=9974.50..9974.50 rows=1 width=20) (actual time=16.930..16.930 rows=0 loops=1)
   ->  Limit  (cost=9946.39..9964.50 rows=1000 width=20) (actual time=16.547..16.902 rows=1000 loops=1)
         ->  Incremental Sort  (cost=9946.39..11757.55 rows=100000 width=20) (actual time=16.547..16.846 rows=1000 loops=1)
               Sort Key: s_1.a, s_1.b
               Presorted Key: s_1.a
               Sort Method: quicksort  Memory: 33kB
               Sort Groups: 11
               ->  Sort  (cost=9941.82..10191.82 rows=100000 width=20) (actual time=16.492..16.532 rows=1056 loops=1)
                     Sort Key: s_1.a
                     Sort Method: quicksort  Memory: 10885kB
                     ->  Seq Scan on s_1  (cost=0.00..1637.00 rows=100000 width=20) (actual time=0.010..5.633 rows=100000 loops=1)
 Planning time: 0.224 ms
 Execution time: 17.382 ms
(13 rows)

===== 242 [Wed Mar  7 02:04:21 CET 2018] scale:100000 groups:1000 work_mem:16MB incremental:on max_workers:0 =====
SELECT * FROM (SELECT * FROM s_2 ORDER BY a, b) foo ORDER BY a, b, c LIMIT 1000
                                                            QUERY PLAN                                                             
-----------------------------------------------------------------------------------------------------------------------------------
 Limit  (cost=9971.90..9971.90 rows=1 width=20) (actual time=18.152..18.152 rows=0 loops=1)
   ->  Limit  (cost=9942.11..9961.90 rows=1000 width=20) (actual time=17.863..18.124 rows=1000 loops=1)
         ->  Incremental Sort  (cost=9942.11..11920.93 rows=100000 width=20) (actual time=17.862..18.068 rows=1000 loops=1)
               Sort Key: s_2.a, s_2.b, s_2.c
               Presorted Key: s_2.a, s_2.b
               Sort Method: quicksort  Memory: 27kB
               Sort Groups: 32
               ->  Sort  (cost=9941.82..10191.82 rows=100000 width=20) (actual time=17.816..17.860 rows=1027 loops=1)
                     Sort Key: s_2.a, s_2.b
                     Sort Method: quicksort  Memory: 10885kB
                     ->  Seq Scan on s_2  (cost=0.00..1637.00 rows=100000 width=20) (actual time=0.013..5.626 rows=100000 loops=1)
 Planning time: 0.224 ms
 Execution time: 18.625 ms
(13 rows)

===== 243 [Wed Mar  7 02:04:21 CET 2018] scale:100000 groups:1000 work_mem:16MB incremental:on max_workers:0 =====
SELECT * FROM (SELECT * FROM s_3 ORDER BY a, b, c) foo ORDER BY a, b, c, d LIMIT 1000
                                                            QUERY PLAN                                                             
-----------------------------------------------------------------------------------------------------------------------------------
 Limit  (cost=9971.90..9971.90 rows=1 width=20) (actual time=18.593..18.593 rows=0 loops=1)
   ->  Limit  (cost=9942.11..9961.90 rows=1000 width=20) (actual time=18.333..18.564 rows=1000 loops=1)
         ->  Incremental Sort  (cost=9942.11..11920.93 rows=100000 width=20) (actual time=18.333..18.509 rows=1000 loops=1)
               Sort Key: s_3.a, s_3.b, s_3.c, s_3.d
               Presorted Key: s_3.a, s_3.b, s_3.c
               Sort Method: quicksort  Memory: 27kB
               Sort Groups: 32
               ->  Sort  (cost=9941.82..10191.82 rows=100000 width=20) (actual time=18.287..18.329 rows=1025 loops=1)
                     Sort Key: s_3.a, s_3.b, s_3.c
                     Sort Method: quicksort  Memory: 10885kB
                     ->  Seq Scan on s_3  (cost=0.00..1637.00 rows=100000 width=20) (actual time=0.014..5.585 rows=100000 loops=1)
 Planning time: 0.234 ms
 Execution time: 19.075 ms
(13 rows)

===== 244 [Wed Mar  7 02:04:21 CET 2018] scale:100000 groups:1000 work_mem:16MB incremental:on max_workers:0 =====
SELECT * FROM (SELECT * FROM s_4 ORDER BY a, b, c, d) foo ORDER BY a, b, c, d, e LIMIT 1000
                                                            QUERY PLAN                                                             
-----------------------------------------------------------------------------------------------------------------------------------
 Limit  (cost=9971.90..9971.90 rows=1 width=20) (actual time=18.641..18.641 rows=0 loops=1)
   ->  Limit  (cost=9942.11..9961.90 rows=1000 width=20) (actual time=18.373..18.611 rows=1000 loops=1)
         ->  Incremental Sort  (cost=9942.11..11920.93 rows=100000 width=20) (actual time=18.372..18.550 rows=1000 loops=1)
               Sort Key: s_4.a, s_4.b, s_4.c, s_4.d, s_4.e
               Presorted Key: s_4.a, s_4.b, s_4.c, s_4.d
               Sort Method: quicksort  Memory: 27kB
               Sort Groups: 32
               ->  Sort  (cost=9941.82..10191.82 rows=100000 width=20) (actual time=18.321..18.362 rows=1025 loops=1)
                     Sort Key: s_4.a, s_4.b, s_4.c, s_4.d
                     Sort Method: quicksort  Memory: 10885kB
                     ->  Seq Scan on s_4  (cost=0.00..1637.00 rows=100000 width=20) (actual time=0.009..5.590 rows=100000 loops=1)
 Planning time: 0.234 ms
 Execution time: 19.120 ms
(13 rows)

===== 245 [Wed Mar  7 02:04:21 CET 2018] scale:100000 groups:1000 work_mem:16MB incremental:off max_workers:0 =====
SELECT * FROM (SELECT * FROM s_1 ORDER BY a) foo ORDER BY a, b LIMIT 1000
                                                            QUERY PLAN                                                             
-----------------------------------------------------------------------------------------------------------------------------------
 Limit  (cost=16687.21..16687.21 rows=1 width=20) (actual time=27.094..27.094 rows=0 loops=1)
   ->  Limit  (cost=16674.71..16677.21 rows=1000 width=20) (actual time=26.971..27.065 rows=1000 loops=1)
         ->  Sort  (cost=16674.71..16924.71 rows=100000 width=20) (actual time=26.971..27.010 rows=1000 loops=1)
               Sort Key: s_1.a, s_1.b
               Sort Method: top-N heapsort  Memory: 130kB
               ->  Sort  (cost=9941.82..10191.82 rows=100000 width=20) (actual time=16.381..19.863 rows=100000 loops=1)
                     Sort Key: s_1.a
                     Sort Method: quicksort  Memory: 10885kB
                     ->  Seq Scan on s_1  (cost=0.00..1637.00 rows=100000 width=20) (actual time=0.010..5.595 rows=100000 loops=1)
 Planning time: 0.218 ms
 Execution time: 27.580 ms
(11 rows)

===== 246 [Wed Mar  7 02:04:22 CET 2018] scale:100000 groups:1000 work_mem:16MB incremental:off max_workers:0 =====
SELECT * FROM (SELECT * FROM s_2 ORDER BY a, b) foo ORDER BY a, b, c LIMIT 1000
                                                            QUERY PLAN                                                             
-----------------------------------------------------------------------------------------------------------------------------------
 Limit  (cost=16687.21..16687.21 rows=1 width=20) (actual time=28.560..28.560 rows=0 loops=1)
   ->  Limit  (cost=16674.71..16677.21 rows=1000 width=20) (actual time=28.438..28.531 rows=1000 loops=1)
         ->  Sort  (cost=16674.71..16924.71 rows=100000 width=20) (actual time=28.438..28.476 rows=1000 loops=1)
               Sort Key: s_2.a, s_2.b, s_2.c
               Sort Method: top-N heapsort  Memory: 127kB
               ->  Sort  (cost=9941.82..10191.82 rows=100000 width=20) (actual time=17.796..21.294 rows=100000 loops=1)
                     Sort Key: s_2.a, s_2.b
                     Sort Method: quicksort  Memory: 10885kB
                     ->  Seq Scan on s_2  (cost=0.00..1637.00 rows=100000 width=20) (actual time=0.013..5.595 rows=100000 loops=1)
 Planning time: 0.224 ms
 Execution time: 29.050 ms
(11 rows)

===== 247 [Wed Mar  7 02:04:22 CET 2018] scale:100000 groups:1000 work_mem:16MB incremental:off max_workers:0 =====
SELECT * FROM (SELECT * FROM s_3 ORDER BY a, b, c) foo ORDER BY a, b, c, d LIMIT 1000
                                                            QUERY PLAN                                                             
-----------------------------------------------------------------------------------------------------------------------------------
 Limit  (cost=16687.21..16687.21 rows=1 width=20) (actual time=29.537..29.537 rows=0 loops=1)
   ->  Limit  (cost=16674.71..16677.21 rows=1000 width=20) (actual time=29.416..29.509 rows=1000 loops=1)
         ->  Sort  (cost=16674.71..16924.71 rows=100000 width=20) (actual time=29.415..29.454 rows=1000 loops=1)
               Sort Key: s_3.a, s_3.b, s_3.c, s_3.d
               Sort Method: top-N heapsort  Memory: 127kB
               ->  Sort  (cost=9941.82..10191.82 rows=100000 width=20) (actual time=18.244..21.800 rows=100000 loops=1)
                     Sort Key: s_3.a, s_3.b, s_3.c
                     Sort Method: quicksort  Memory: 10885kB
                     ->  Seq Scan on s_3  (cost=0.00..1637.00 rows=100000 width=20) (actual time=0.013..5.564 rows=100000 loops=1)
 Planning time: 0.222 ms
 Execution time: 30.022 ms
(11 rows)

===== 248 [Wed Mar  7 02:04:22 CET 2018] scale:100000 groups:1000 work_mem:16MB incremental:off max_workers:0 =====
SELECT * FROM (SELECT * FROM s_4 ORDER BY a, b, c, d) foo ORDER BY a, b, c, d, e LIMIT 1000
                                                            QUERY PLAN                                                             
-----------------------------------------------------------------------------------------------------------------------------------
 Limit  (cost=16687.21..16687.21 rows=1 width=20) (actual time=29.591..29.591 rows=0 loops=1)
   ->  Limit  (cost=16674.71..16677.21 rows=1000 width=20) (actual time=29.469..29.563 rows=1000 loops=1)
         ->  Sort  (cost=16674.71..16924.71 rows=100000 width=20) (actual time=29.468..29.507 rows=1000 loops=1)
               Sort Key: s_4.a, s_4.b, s_4.c, s_4.d, s_4.e
               Sort Method: top-N heapsort  Memory: 127kB
               ->  Sort  (cost=9941.82..10191.82 rows=100000 width=20) (actual time=18.265..21.818 rows=100000 loops=1)
                     Sort Key: s_4.a, s_4.b, s_4.c, s_4.d
                     Sort Method: quicksort  Memory: 10885kB
                     ->  Seq Scan on s_4  (cost=0.00..1637.00 rows=100000 width=20) (actual time=0.009..5.556 rows=100000 loops=1)
 Planning time: 0.239 ms
 Execution time: 30.076 ms
(11 rows)

===== 249 [Wed Mar  7 02:04:22 CET 2018] scale:100000 groups:1000 work_mem:32MB incremental:on max_workers:0 =====
SELECT * FROM (SELECT * FROM s_1 ORDER BY a) foo ORDER BY a, b LIMIT 1000
                                                            QUERY PLAN                                                             
-----------------------------------------------------------------------------------------------------------------------------------
 Limit  (cost=9974.50..9974.50 rows=1 width=20) (actual time=16.944..16.944 rows=0 loops=1)
   ->  Limit  (cost=9946.39..9964.50 rows=1000 width=20) (actual time=16.563..16.916 rows=1000 loops=1)
         ->  Incremental Sort  (cost=9946.39..11757.55 rows=100000 width=20) (actual time=16.562..16.860 rows=1000 loops=1)
               Sort Key: s_1.a, s_1.b
               Presorted Key: s_1.a
               Sort Method: quicksort  Memory: 33kB
               Sort Groups: 11
               ->  Sort  (cost=9941.82..10191.82 rows=100000 width=20) (actual time=16.505..16.545 rows=1056 loops=1)
                     Sort Key: s_1.a
                     Sort Method: quicksort  Memory: 10885kB
                     ->  Seq Scan on s_1  (cost=0.00..1637.00 rows=100000 width=20) (actual time=0.010..5.611 rows=100000 loops=1)
 Planning time: 0.228 ms
 Execution time: 17.396 ms
(13 rows)

===== 250 [Wed Mar  7 02:04:22 CET 2018] scale:100000 groups:1000 work_mem:32MB incremental:on max_workers:0 =====
SELECT * FROM (SELECT * FROM s_2 ORDER BY a, b) foo ORDER BY a, b, c LIMIT 1000
                                                            QUERY PLAN                                                             
-----------------------------------------------------------------------------------------------------------------------------------
 Limit  (cost=9971.90..9971.90 rows=1 width=20) (actual time=18.131..18.131 rows=0 loops=1)
   ->  Limit  (cost=9942.11..9961.90 rows=1000 width=20) (actual time=17.832..18.103 rows=1000 loops=1)
         ->  Incremental Sort  (cost=9942.11..11920.93 rows=100000 width=20) (actual time=17.832..18.047 rows=1000 loops=1)
               Sort Key: s_2.a, s_2.b, s_2.c
               Presorted Key: s_2.a, s_2.b
               Sort Method: quicksort  Memory: 27kB
               Sort Groups: 32
               ->  Sort  (cost=9941.82..10191.82 rows=100000 width=20) (actual time=17.785..17.837 rows=1027 loops=1)
                     Sort Key: s_2.a, s_2.b
                     Sort Method: quicksort  Memory: 10885kB
                     ->  Seq Scan on s_2  (cost=0.00..1637.00 rows=100000 width=20) (actual time=0.012..5.618 rows=100000 loops=1)
 Planning time: 0.230 ms
 Execution time: 18.604 ms
(13 rows)

===== 251 [Wed Mar  7 02:04:23 CET 2018] scale:100000 groups:1000 work_mem:32MB incremental:on max_workers:0 =====
SELECT * FROM (SELECT * FROM s_3 ORDER BY a, b, c) foo ORDER BY a, b, c, d LIMIT 1000
                                                            QUERY PLAN                                                             
-----------------------------------------------------------------------------------------------------------------------------------
 Limit  (cost=9971.90..9971.90 rows=1 width=20) (actual time=18.624..18.624 rows=0 loops=1)
   ->  Limit  (cost=9942.11..9961.90 rows=1000 width=20) (actual time=18.364..18.595 rows=1000 loops=1)
         ->  Incremental Sort  (cost=9942.11..11920.93 rows=100000 width=20) (actual time=18.363..18.540 rows=1000 loops=1)
               Sort Key: s_3.a, s_3.b, s_3.c, s_3.d
               Presorted Key: s_3.a, s_3.b, s_3.c
               Sort Method: quicksort  Memory: 27kB
               Sort Groups: 32
               ->  Sort  (cost=9941.82..10191.82 rows=100000 width=20) (actual time=18.319..18.360 rows=1025 loops=1)
                     Sort Key: s_3.a, s_3.b, s_3.c
                     Sort Method: quicksort  Memory: 10885kB
                     ->  Seq Scan on s_3  (cost=0.00..1637.00 rows=100000 width=20) (actual time=0.013..5.589 rows=100000 loops=1)
 Planning time: 0.232 ms
 Execution time: 19.107 ms
(13 rows)

===== 252 [Wed Mar  7 02:04:23 CET 2018] scale:100000 groups:1000 work_mem:32MB incremental:on max_workers:0 =====
SELECT * FROM (SELECT * FROM s_4 ORDER BY a, b, c, d) foo ORDER BY a, b, c, d, e LIMIT 1000
                                                            QUERY PLAN                                                             
-----------------------------------------------------------------------------------------------------------------------------------
 Limit  (cost=9971.90..9971.90 rows=1 width=20) (actual time=18.593..18.593 rows=0 loops=1)
   ->  Limit  (cost=9942.11..9961.90 rows=1000 width=20) (actual time=18.326..18.563 rows=1000 loops=1)
         ->  Incremental Sort  (cost=9942.11..11920.93 rows=100000 width=20) (actual time=18.325..18.502 rows=1000 loops=1)
               Sort Key: s_4.a, s_4.b, s_4.c, s_4.d, s_4.e
               Presorted Key: s_4.a, s_4.b, s_4.c, s_4.d
               Sort Method: quicksort  Memory: 27kB
               Sort Groups: 32
               ->  Sort  (cost=9941.82..10191.82 rows=100000 width=20) (actual time=18.275..18.316 rows=1025 loops=1)
                     Sort Key: s_4.a, s_4.b, s_4.c, s_4.d
                     Sort Method: quicksort  Memory: 10885kB
                     ->  Seq Scan on s_4  (cost=0.00..1637.00 rows=100000 width=20) (actual time=0.009..5.581 rows=100000 loops=1)
 Planning time: 0.231 ms
 Execution time: 19.067 ms
(13 rows)

===== 253 [Wed Mar  7 02:04:23 CET 2018] scale:100000 groups:1000 work_mem:32MB incremental:off max_workers:0 =====
SELECT * FROM (SELECT * FROM s_1 ORDER BY a) foo ORDER BY a, b LIMIT 1000
                                                            QUERY PLAN                                                             
-----------------------------------------------------------------------------------------------------------------------------------
 Limit  (cost=16687.21..16687.21 rows=1 width=20) (actual time=27.099..27.099 rows=0 loops=1)
   ->  Limit  (cost=16674.71..16677.21 rows=1000 width=20) (actual time=26.977..27.071 rows=1000 loops=1)
         ->  Sort  (cost=16674.71..16924.71 rows=100000 width=20) (actual time=26.976..27.015 rows=1000 loops=1)
               Sort Key: s_1.a, s_1.b
               Sort Method: top-N heapsort  Memory: 130kB
               ->  Sort  (cost=9941.82..10191.82 rows=100000 width=20) (actual time=16.390..19.863 rows=100000 loops=1)
                     Sort Key: s_1.a
                     Sort Method: quicksort  Memory: 10885kB
                     ->  Seq Scan on s_1  (cost=0.00..1637.00 rows=100000 width=20) (actual time=0.010..5.582 rows=100000 loops=1)
 Planning time: 0.220 ms
 Execution time: 27.586 ms
(11 rows)

===== 254 [Wed Mar  7 02:04:23 CET 2018] scale:100000 groups:1000 work_mem:32MB incremental:off max_workers:0 =====
SELECT * FROM (SELECT * FROM s_2 ORDER BY a, b) foo ORDER BY a, b, c LIMIT 1000
                                                            QUERY PLAN                                                             
-----------------------------------------------------------------------------------------------------------------------------------
 Limit  (cost=16687.21..16687.21 rows=1 width=20) (actual time=28.564..28.564 rows=0 loops=1)
   ->  Limit  (cost=16674.71..16677.21 rows=1000 width=20) (actual time=28.442..28.536 rows=1000 loops=1)
         ->  Sort  (cost=16674.71..16924.71 rows=100000 width=20) (actual time=28.442..28.480 rows=1000 loops=1)
               Sort Key: s_2.a, s_2.b, s_2.c
               Sort Method: top-N heapsort  Memory: 127kB
               ->  Sort  (cost=9941.82..10191.82 rows=100000 width=20) (actual time=17.799..21.288 rows=100000 loops=1)
                     Sort Key: s_2.a, s_2.b
                     Sort Method: quicksort  Memory: 10885kB
                     ->  Seq Scan on s_2  (cost=0.00..1637.00 rows=100000 width=20) (actual time=0.013..5.604 rows=100000 loops=1)
 Planning time: 0.217 ms
 Execution time: 29.046 ms
(11 rows)

===== 255 [Wed Mar  7 02:04:23 CET 2018] scale:100000 groups:1000 work_mem:32MB incremental:off max_workers:0 =====
SELECT * FROM (SELECT * FROM s_3 ORDER BY a, b, c) foo ORDER BY a, b, c, d LIMIT 1000
                                                            QUERY PLAN                                                             
-----------------------------------------------------------------------------------------------------------------------------------
 Limit  (cost=16687.21..16687.21 rows=1 width=20) (actual time=29.593..29.593 rows=0 loops=1)
   ->  Limit  (cost=16674.71..16677.21 rows=1000 width=20) (actual time=29.472..29.564 rows=1000 loops=1)
         ->  Sort  (cost=16674.71..16924.71 rows=100000 width=20) (actual time=29.471..29.510 rows=1000 loops=1)
               Sort Key: s_3.a, s_3.b, s_3.c, s_3.d
               Sort Method: top-N heapsort  Memory: 127kB
               ->  Sort  (cost=9941.82..10191.82 rows=100000 width=20) (actual time=18.269..21.826 rows=100000 loops=1)
                     Sort Key: s_3.a, s_3.b, s_3.c
                     Sort Method: quicksort  Memory: 10885kB
                     ->  Seq Scan on s_3  (cost=0.00..1637.00 rows=100000 width=20) (actual time=0.017..5.572 rows=100000 loops=1)
 Planning time: 0.222 ms
 Execution time: 30.079 ms
(11 rows)

===== 256 [Wed Mar  7 02:04:24 CET 2018] scale:100000 groups:1000 work_mem:32MB incremental:off max_workers:0 =====
SELECT * FROM (SELECT * FROM s_4 ORDER BY a, b, c, d) foo ORDER BY a, b, c, d, e LIMIT 1000
                                                            QUERY PLAN                                                             
-----------------------------------------------------------------------------------------------------------------------------------
 Limit  (cost=16687.21..16687.21 rows=1 width=20) (actual time=29.554..29.554 rows=0 loops=1)
   ->  Limit  (cost=16674.71..16677.21 rows=1000 width=20) (actual time=29.433..29.526 rows=1000 loops=1)
         ->  Sort  (cost=16674.71..16924.71 rows=100000 width=20) (actual time=29.432..29.471 rows=1000 loops=1)
               Sort Key: s_4.a, s_4.b, s_4.c, s_4.d, s_4.e
               Sort Method: top-N heapsort  Memory: 127kB
               ->  Sort  (cost=9941.82..10191.82 rows=100000 width=20) (actual time=18.231..21.786 rows=100000 loops=1)
                     Sort Key: s_4.a, s_4.b, s_4.c, s_4.d
                     Sort Method: quicksort  Memory: 10885kB
                     ->  Seq Scan on s_4  (cost=0.00..1637.00 rows=100000 width=20) (actual time=0.009..5.554 rows=100000 loops=1)
 Planning time: 0.228 ms
 Execution time: 30.041 ms
(11 rows)

===== 257 [Wed Mar  7 02:04:24 CET 2018] scale:100000 groups:1000 work_mem:64MB incremental:on max_workers:0 =====
SELECT * FROM (SELECT * FROM s_1 ORDER BY a) foo ORDER BY a, b LIMIT 1000
                                                            QUERY PLAN                                                             
-----------------------------------------------------------------------------------------------------------------------------------
 Limit  (cost=9974.50..9974.50 rows=1 width=20) (actual time=16.901..16.901 rows=0 loops=1)
   ->  Limit  (cost=9946.39..9964.50 rows=1000 width=20) (actual time=16.523..16.873 rows=1000 loops=1)
         ->  Incremental Sort  (cost=9946.39..11757.55 rows=100000 width=20) (actual time=16.523..16.818 rows=1000 loops=1)
               Sort Key: s_1.a, s_1.b
               Presorted Key: s_1.a
               Sort Method: quicksort  Memory: 33kB
               Sort Groups: 11
               ->  Sort  (cost=9941.82..10191.82 rows=100000 width=20) (actual time=16.464..16.503 rows=1056 loops=1)
                     Sort Key: s_1.a
                     Sort Method: quicksort  Memory: 10885kB
                     ->  Seq Scan on s_1  (cost=0.00..1637.00 rows=100000 width=20) (actual time=0.010..5.624 rows=100000 loops=1)
 Planning time: 0.226 ms
 Execution time: 17.359 ms
(13 rows)

===== 258 [Wed Mar  7 02:04:24 CET 2018] scale:100000 groups:1000 work_mem:64MB incremental:on max_workers:0 =====
SELECT * FROM (SELECT * FROM s_2 ORDER BY a, b) foo ORDER BY a, b, c LIMIT 1000
                                                            QUERY PLAN                                                             
-----------------------------------------------------------------------------------------------------------------------------------
 Limit  (cost=9971.90..9971.90 rows=1 width=20) (actual time=18.190..18.190 rows=0 loops=1)
   ->  Limit  (cost=9942.11..9961.90 rows=1000 width=20) (actual time=17.893..18.162 rows=1000 loops=1)
         ->  Incremental Sort  (cost=9942.11..11920.93 rows=100000 width=20) (actual time=17.892..18.106 rows=1000 loops=1)
               Sort Key: s_2.a, s_2.b, s_2.c
               Presorted Key: s_2.a, s_2.b
               Sort Method: quicksort  Memory: 27kB
               Sort Groups: 32
               ->  Sort  (cost=9941.82..10191.82 rows=100000 width=20) (actual time=17.845..17.891 rows=1027 loops=1)
                     Sort Key: s_2.a, s_2.b
                     Sort Method: quicksort  Memory: 10885kB
                     ->  Seq Scan on s_2  (cost=0.00..1637.00 rows=100000 width=20) (actual time=0.012..5.632 rows=100000 loops=1)
 Planning time: 0.225 ms
 Execution time: 18.663 ms
(13 rows)

===== 259 [Wed Mar  7 02:04:24 CET 2018] scale:100000 groups:1000 work_mem:64MB incremental:on max_workers:0 =====
SELECT * FROM (SELECT * FROM s_3 ORDER BY a, b, c) foo ORDER BY a, b, c, d LIMIT 1000
                                                            QUERY PLAN                                                             
-----------------------------------------------------------------------------------------------------------------------------------
 Limit  (cost=9971.90..9971.90 rows=1 width=20) (actual time=18.582..18.582 rows=0 loops=1)
   ->  Limit  (cost=9942.11..9961.90 rows=1000 width=20) (actual time=18.322..18.554 rows=1000 loops=1)
         ->  Incremental Sort  (cost=9942.11..11920.93 rows=100000 width=20) (actual time=18.321..18.498 rows=1000 loops=1)
               Sort Key: s_3.a, s_3.b, s_3.c, s_3.d
               Presorted Key: s_3.a, s_3.b, s_3.c
               Sort Method: quicksort  Memory: 27kB
               Sort Groups: 32
               ->  Sort  (cost=9941.82..10191.82 rows=100000 width=20) (actual time=18.277..18.319 rows=1025 loops=1)
                     Sort Key: s_3.a, s_3.b, s_3.c
                     Sort Method: quicksort  Memory: 10885kB
                     ->  Seq Scan on s_3  (cost=0.00..1637.00 rows=100000 width=20) (actual time=0.012..5.592 rows=100000 loops=1)
 Planning time: 0.227 ms
 Execution time: 19.066 ms
(13 rows)

===== 260 [Wed Mar  7 02:04:24 CET 2018] scale:100000 groups:1000 work_mem:64MB incremental:on max_workers:0 =====
SELECT * FROM (SELECT * FROM s_4 ORDER BY a, b, c, d) foo ORDER BY a, b, c, d, e LIMIT 1000
                                                            QUERY PLAN                                                             
-----------------------------------------------------------------------------------------------------------------------------------
 Limit  (cost=9971.90..9971.90 rows=1 width=20) (actual time=18.620..18.620 rows=0 loops=1)
   ->  Limit  (cost=9942.11..9961.90 rows=1000 width=20) (actual time=18.351..18.591 rows=1000 loops=1)
         ->  Incremental Sort  (cost=9942.11..11920.93 rows=100000 width=20) (actual time=18.350..18.535 rows=1000 loops=1)
               Sort Key: s_4.a, s_4.b, s_4.c, s_4.d, s_4.e
               Presorted Key: s_4.a, s_4.b, s_4.c, s_4.d
               Sort Method: quicksort  Memory: 27kB
               Sort Groups: 32
               ->  Sort  (cost=9941.82..10191.82 rows=100000 width=20) (actual time=18.299..18.341 rows=1025 loops=1)
                     Sort Key: s_4.a, s_4.b, s_4.c, s_4.d
                     Sort Method: quicksort  Memory: 10885kB
                     ->  Seq Scan on s_4  (cost=0.00..1637.00 rows=100000 width=20) (actual time=0.009..5.592 rows=100000 loops=1)
 Planning time: 0.231 ms
 Execution time: 19.096 ms
(13 rows)

===== 261 [Wed Mar  7 02:04:24 CET 2018] scale:100000 groups:1000 work_mem:64MB incremental:off max_workers:0 =====
SELECT * FROM (SELECT * FROM s_1 ORDER BY a) foo ORDER BY a, b LIMIT 1000
                                                            QUERY PLAN                                                             
-----------------------------------------------------------------------------------------------------------------------------------
 Limit  (cost=16687.21..16687.21 rows=1 width=20) (actual time=27.108..27.108 rows=0 loops=1)
   ->  Limit  (cost=16674.71..16677.21 rows=1000 width=20) (actual time=26.985..27.079 rows=1000 loops=1)
         ->  Sort  (cost=16674.71..16924.71 rows=100000 width=20) (actual time=26.985..27.024 rows=1000 loops=1)
               Sort Key: s_1.a, s_1.b
               Sort Method: top-N heapsort  Memory: 130kB
               ->  Sort  (cost=9941.82..10191.82 rows=100000 width=20) (actual time=16.394..19.864 rows=100000 loops=1)
                     Sort Key: s_1.a
                     Sort Method: quicksort  Memory: 10885kB
                     ->  Seq Scan on s_1  (cost=0.00..1637.00 rows=100000 width=20) (actual time=0.010..5.600 rows=100000 loops=1)
 Planning time: 0.219 ms
 Execution time: 27.594 ms
(11 rows)

===== 262 [Wed Mar  7 02:04:25 CET 2018] scale:100000 groups:1000 work_mem:64MB incremental:off max_workers:0 =====
SELECT * FROM (SELECT * FROM s_2 ORDER BY a, b) foo ORDER BY a, b, c LIMIT 1000
                                                            QUERY PLAN                                                             
-----------------------------------------------------------------------------------------------------------------------------------
 Limit  (cost=16687.21..16687.21 rows=1 width=20) (actual time=28.530..28.530 rows=0 loops=1)
   ->  Limit  (cost=16674.71..16677.21 rows=1000 width=20) (actual time=28.408..28.501 rows=1000 loops=1)
         ->  Sort  (cost=16674.71..16924.71 rows=100000 width=20) (actual time=28.407..28.446 rows=1000 loops=1)
               Sort Key: s_2.a, s_2.b, s_2.c
               Sort Method: top-N heapsort  Memory: 127kB
               ->  Sort  (cost=9941.82..10191.82 rows=100000 width=20) (actual time=17.778..21.290 rows=100000 loops=1)
                     Sort Key: s_2.a, s_2.b
                     Sort Method: quicksort  Memory: 10885kB
                     ->  Seq Scan on s_2  (cost=0.00..1637.00 rows=100000 width=20) (actual time=0.013..5.599 rows=100000 loops=1)
 Planning time: 0.223 ms
 Execution time: 29.018 ms
(11 rows)

===== 263 [Wed Mar  7 02:04:25 CET 2018] scale:100000 groups:1000 work_mem:64MB incremental:off max_workers:0 =====
SELECT * FROM (SELECT * FROM s_3 ORDER BY a, b, c) foo ORDER BY a, b, c, d LIMIT 1000
                                                            QUERY PLAN                                                             
-----------------------------------------------------------------------------------------------------------------------------------
 Limit  (cost=16687.21..16687.21 rows=1 width=20) (actual time=29.546..29.546 rows=0 loops=1)
   ->  Limit  (cost=16674.71..16677.21 rows=1000 width=20) (actual time=29.424..29.517 rows=1000 loops=1)
         ->  Sort  (cost=16674.71..16924.71 rows=100000 width=20) (actual time=29.424..29.462 rows=1000 loops=1)
               Sort Key: s_3.a, s_3.b, s_3.c, s_3.d
               Sort Method: top-N heapsort  Memory: 127kB
               ->  Sort  (cost=9941.82..10191.82 rows=100000 width=20) (actual time=18.229..21.786 rows=100000 loops=1)
                     Sort Key: s_3.a, s_3.b, s_3.c
                     Sort Method: quicksort  Memory: 10885kB
                     ->  Seq Scan on s_3  (cost=0.00..1637.00 rows=100000 width=20) (actual time=0.013..5.551 rows=100000 loops=1)
 Planning time: 0.224 ms
 Execution time: 30.030 ms
(11 rows)

===== 264 [Wed Mar  7 02:04:25 CET 2018] scale:100000 groups:1000 work_mem:64MB incremental:off max_workers:0 =====
SELECT * FROM (SELECT * FROM s_4 ORDER BY a, b, c, d) foo ORDER BY a, b, c, d, e LIMIT 1000
                                                            QUERY PLAN                                                             
-----------------------------------------------------------------------------------------------------------------------------------
 Limit  (cost=16687.21..16687.21 rows=1 width=20) (actual time=29.576..29.576 rows=0 loops=1)
   ->  Limit  (cost=16674.71..16677.21 rows=1000 width=20) (actual time=29.454..29.547 rows=1000 loops=1)
         ->  Sort  (cost=16674.71..16924.71 rows=100000 width=20) (actual time=29.453..29.492 rows=1000 loops=1)
               Sort Key: s_4.a, s_4.b, s_4.c, s_4.d, s_4.e
               Sort Method: top-N heapsort  Memory: 127kB
               ->  Sort  (cost=9941.82..10191.82 rows=100000 width=20) (actual time=18.258..21.829 rows=100000 loops=1)
                     Sort Key: s_4.a, s_4.b, s_4.c, s_4.d
                     Sort Method: quicksort  Memory: 10885kB
                     ->  Seq Scan on s_4  (cost=0.00..1637.00 rows=100000 width=20) (actual time=0.009..5.559 rows=100000 loops=1)
 Planning time: 0.230 ms
 Execution time: 30.062 ms
(11 rows)

===== 265 [Wed Mar  7 02:04:25 CET 2018] scale:100000 groups:1000 work_mem:128MB incremental:on max_workers:0 =====
SELECT * FROM (SELECT * FROM s_1 ORDER BY a) foo ORDER BY a, b LIMIT 1000
                                                            QUERY PLAN                                                             
-----------------------------------------------------------------------------------------------------------------------------------
 Limit  (cost=9974.50..9974.50 rows=1 width=20) (actual time=16.855..16.855 rows=0 loops=1)
   ->  Limit  (cost=9946.39..9964.50 rows=1000 width=20) (actual time=16.471..16.826 rows=1000 loops=1)
         ->  Incremental Sort  (cost=9946.39..11757.55 rows=100000 width=20) (actual time=16.471..16.770 rows=1000 loops=1)
               Sort Key: s_1.a, s_1.b
               Presorted Key: s_1.a
               Sort Method: quicksort  Memory: 33kB
               Sort Groups: 11
               ->  Sort  (cost=9941.82..10191.82 rows=100000 width=20) (actual time=16.411..16.451 rows=1056 loops=1)
                     Sort Key: s_1.a
                     Sort Method: quicksort  Memory: 10885kB
                     ->  Seq Scan on s_1  (cost=0.00..1637.00 rows=100000 width=20) (actual time=0.009..5.631 rows=100000 loops=1)
 Planning time: 0.226 ms
 Execution time: 17.310 ms
(13 rows)

===== 266 [Wed Mar  7 02:04:25 CET 2018] scale:100000 groups:1000 work_mem:128MB incremental:on max_workers:0 =====
SELECT * FROM (SELECT * FROM s_2 ORDER BY a, b) foo ORDER BY a, b, c LIMIT 1000
                                                            QUERY PLAN                                                             
-----------------------------------------------------------------------------------------------------------------------------------
 Limit  (cost=9971.90..9971.90 rows=1 width=20) (actual time=18.123..18.123 rows=0 loops=1)
   ->  Limit  (cost=9942.11..9961.90 rows=1000 width=20) (actual time=17.832..18.094 rows=1000 loops=1)
         ->  Incremental Sort  (cost=9942.11..11920.93 rows=100000 width=20) (actual time=17.832..18.039 rows=1000 loops=1)
               Sort Key: s_2.a, s_2.b, s_2.c
               Presorted Key: s_2.a, s_2.b
               Sort Method: quicksort  Memory: 27kB
               Sort Groups: 32
               ->  Sort  (cost=9941.82..10191.82 rows=100000 width=20) (actual time=17.774..17.819 rows=1027 loops=1)
                     Sort Key: s_2.a, s_2.b
                     Sort Method: quicksort  Memory: 10885kB
                     ->  Seq Scan on s_2  (cost=0.00..1637.00 rows=100000 width=20) (actual time=0.013..5.643 rows=100000 loops=1)
 Planning time: 0.225 ms
 Execution time: 18.597 ms
(13 rows)

===== 267 [Wed Mar  7 02:04:25 CET 2018] scale:100000 groups:1000 work_mem:128MB incremental:on max_workers:0 =====
SELECT * FROM (SELECT * FROM s_3 ORDER BY a, b, c) foo ORDER BY a, b, c, d LIMIT 1000
                                                            QUERY PLAN                                                             
-----------------------------------------------------------------------------------------------------------------------------------
 Limit  (cost=9971.90..9971.90 rows=1 width=20) (actual time=18.610..18.610 rows=0 loops=1)
   ->  Limit  (cost=9942.11..9961.90 rows=1000 width=20) (actual time=18.351..18.582 rows=1000 loops=1)
         ->  Incremental Sort  (cost=9942.11..11920.93 rows=100000 width=20) (actual time=18.350..18.526 rows=1000 loops=1)
               Sort Key: s_3.a, s_3.b, s_3.c, s_3.d
               Presorted Key: s_3.a, s_3.b, s_3.c
               Sort Method: quicksort  Memory: 27kB
               Sort Groups: 32
               ->  Sort  (cost=9941.82..10191.82 rows=100000 width=20) (actual time=18.300..18.341 rows=1025 loops=1)
                     Sort Key: s_3.a, s_3.b, s_3.c
                     Sort Method: quicksort  Memory: 10885kB
                     ->  Seq Scan on s_3  (cost=0.00..1637.00 rows=100000 width=20) (actual time=0.013..5.589 rows=100000 loops=1)
 Planning time: 0.228 ms
 Execution time: 19.086 ms
(13 rows)

===== 268 [Wed Mar  7 02:04:26 CET 2018] scale:100000 groups:1000 work_mem:128MB incremental:on max_workers:0 =====
SELECT * FROM (SELECT * FROM s_4 ORDER BY a, b, c, d) foo ORDER BY a, b, c, d, e LIMIT 1000
                                                            QUERY PLAN                                                             
-----------------------------------------------------------------------------------------------------------------------------------
 Limit  (cost=9971.90..9971.90 rows=1 width=20) (actual time=18.611..18.611 rows=0 loops=1)
   ->  Limit  (cost=9942.11..9961.90 rows=1000 width=20) (actual time=18.352..18.584 rows=1000 loops=1)
         ->  Incremental Sort  (cost=9942.11..11920.93 rows=100000 width=20) (actual time=18.352..18.528 rows=1000 loops=1)
               Sort Key: s_4.a, s_4.b, s_4.c, s_4.d, s_4.e
               Presorted Key: s_4.a, s_4.b, s_4.c, s_4.d
               Sort Method: quicksort  Memory: 27kB
               Sort Groups: 32
               ->  Sort  (cost=9941.82..10191.82 rows=100000 width=20) (actual time=18.293..18.335 rows=1025 loops=1)
                     Sort Key: s_4.a, s_4.b, s_4.c, s_4.d
                     Sort Method: quicksort  Memory: 10885kB
                     ->  Seq Scan on s_4  (cost=0.00..1637.00 rows=100000 width=20) (actual time=0.009..5.594 rows=100000 loops=1)
 Planning time: 0.235 ms
 Execution time: 19.086 ms
(13 rows)

===== 269 [Wed Mar  7 02:04:26 CET 2018] scale:100000 groups:1000 work_mem:128MB incremental:off max_workers:0 =====
SELECT * FROM (SELECT * FROM s_1 ORDER BY a) foo ORDER BY a, b LIMIT 1000
                                                            QUERY PLAN                                                             
-----------------------------------------------------------------------------------------------------------------------------------
 Limit  (cost=16687.21..16687.21 rows=1 width=20) (actual time=27.100..27.100 rows=0 loops=1)
   ->  Limit  (cost=16674.71..16677.21 rows=1000 width=20) (actual time=26.977..27.071 rows=1000 loops=1)
         ->  Sort  (cost=16674.71..16924.71 rows=100000 width=20) (actual time=26.977..27.015 rows=1000 loops=1)
               Sort Key: s_1.a, s_1.b
               Sort Method: top-N heapsort  Memory: 130kB
               ->  Sort  (cost=9941.82..10191.82 rows=100000 width=20) (actual time=16.392..19.869 rows=100000 loops=1)
                     Sort Key: s_1.a
                     Sort Method: quicksort  Memory: 10885kB
                     ->  Seq Scan on s_1  (cost=0.00..1637.00 rows=100000 width=20) (actual time=0.010..5.584 rows=100000 loops=1)
 Planning time: 0.219 ms
 Execution time: 27.585 ms
(11 rows)

===== 270 [Wed Mar  7 02:04:26 CET 2018] scale:100000 groups:1000 work_mem:128MB incremental:off max_workers:0 =====
SELECT * FROM (SELECT * FROM s_2 ORDER BY a, b) foo ORDER BY a, b, c LIMIT 1000
                                                            QUERY PLAN                                                             
-----------------------------------------------------------------------------------------------------------------------------------
 Limit  (cost=16687.21..16687.21 rows=1 width=20) (actual time=28.573..28.573 rows=0 loops=1)
   ->  Limit  (cost=16674.71..16677.21 rows=1000 width=20) (actual time=28.451..28.545 rows=1000 loops=1)
         ->  Sort  (cost=16674.71..16924.71 rows=100000 width=20) (actual time=28.450..28.489 rows=1000 loops=1)
               Sort Key: s_2.a, s_2.b, s_2.c
               Sort Method: top-N heapsort  Memory: 127kB
               ->  Sort  (cost=9941.82..10191.82 rows=100000 width=20) (actual time=17.798..21.303 rows=100000 loops=1)
                     Sort Key: s_2.a, s_2.b
                     Sort Method: quicksort  Memory: 10885kB
                     ->  Seq Scan on s_2  (cost=0.00..1637.00 rows=100000 width=20) (actual time=0.013..5.606 rows=100000 loops=1)
 Planning time: 0.217 ms
 Execution time: 29.060 ms
(11 rows)

===== 271 [Wed Mar  7 02:04:26 CET 2018] scale:100000 groups:1000 work_mem:128MB incremental:off max_workers:0 =====
SELECT * FROM (SELECT * FROM s_3 ORDER BY a, b, c) foo ORDER BY a, b, c, d LIMIT 1000
                                                            QUERY PLAN                                                             
-----------------------------------------------------------------------------------------------------------------------------------
 Limit  (cost=16687.21..16687.21 rows=1 width=20) (actual time=29.527..29.527 rows=0 loops=1)
   ->  Limit  (cost=16674.71..16677.21 rows=1000 width=20) (actual time=29.403..29.500 rows=1000 loops=1)
         ->  Sort  (cost=16674.71..16924.71 rows=100000 width=20) (actual time=29.402..29.441 rows=1000 loops=1)
               Sort Key: s_3.a, s_3.b, s_3.c, s_3.d
               Sort Method: top-N heapsort  Memory: 127kB
               ->  Sort  (cost=9941.82..10191.82 rows=100000 width=20) (actual time=18.217..21.769 rows=100000 loops=1)
                     Sort Key: s_3.a, s_3.b, s_3.c
                     Sort Method: quicksort  Memory: 10885kB
                     ->  Seq Scan on s_3  (cost=0.00..1637.00 rows=100000 width=20) (actual time=0.012..5.557 rows=100000 loops=1)
 Planning time: 0.222 ms
 Execution time: 30.008 ms
(11 rows)

===== 272 [Wed Mar  7 02:04:26 CET 2018] scale:100000 groups:1000 work_mem:128MB incremental:off max_workers:0 =====
SELECT * FROM (SELECT * FROM s_4 ORDER BY a, b, c, d) foo ORDER BY a, b, c, d, e LIMIT 1000
                                                            QUERY PLAN                                                             
-----------------------------------------------------------------------------------------------------------------------------------
 Limit  (cost=16687.21..16687.21 rows=1 width=20) (actual time=29.529..29.529 rows=0 loops=1)
   ->  Limit  (cost=16674.71..16677.21 rows=1000 width=20) (actual time=29.407..29.500 rows=1000 loops=1)
         ->  Sort  (cost=16674.71..16924.71 rows=100000 width=20) (actual time=29.406..29.445 rows=1000 loops=1)
               Sort Key: s_4.a, s_4.b, s_4.c, s_4.d, s_4.e
               Sort Method: top-N heapsort  Memory: 127kB
               ->  Sort  (cost=9941.82..10191.82 rows=100000 width=20) (actual time=18.229..21.780 rows=100000 loops=1)
                     Sort Key: s_4.a, s_4.b, s_4.c, s_4.d
                     Sort Method: quicksort  Memory: 10885kB
                     ->  Seq Scan on s_4  (cost=0.00..1637.00 rows=100000 width=20) (actual time=0.009..5.561 rows=100000 loops=1)
 Planning time: 0.229 ms
 Execution time: 30.013 ms
(11 rows)

===== 273 [Wed Mar  7 02:04:27 CET 2018] scale:100000 groups:1000 work_mem:256MB incremental:on max_workers:0 =====
SELECT * FROM (SELECT * FROM s_1 ORDER BY a) foo ORDER BY a, b LIMIT 1000
                                                            QUERY PLAN                                                             
-----------------------------------------------------------------------------------------------------------------------------------
 Limit  (cost=9974.50..9974.50 rows=1 width=20) (actual time=16.870..16.870 rows=0 loops=1)
   ->  Limit  (cost=9946.39..9964.50 rows=1000 width=20) (actual time=16.493..16.841 rows=1000 loops=1)
         ->  Incremental Sort  (cost=9946.39..11757.55 rows=100000 width=20) (actual time=16.493..16.786 rows=1000 loops=1)
               Sort Key: s_1.a, s_1.b
               Presorted Key: s_1.a
               Sort Method: quicksort  Memory: 33kB
               Sort Groups: 11
               ->  Sort  (cost=9941.82..10191.82 rows=100000 width=20) (actual time=16.437..16.476 rows=1056 loops=1)
                     Sort Key: s_1.a
                     Sort Method: quicksort  Memory: 10885kB
                     ->  Seq Scan on s_1  (cost=0.00..1637.00 rows=100000 width=20) (actual time=0.010..5.610 rows=100000 loops=1)
 Planning time: 0.223 ms
 Execution time: 17.326 ms
(13 rows)

===== 274 [Wed Mar  7 02:04:27 CET 2018] scale:100000 groups:1000 work_mem:256MB incremental:on max_workers:0 =====
SELECT * FROM (SELECT * FROM s_2 ORDER BY a, b) foo ORDER BY a, b, c LIMIT 1000
                                                            QUERY PLAN                                                             
-----------------------------------------------------------------------------------------------------------------------------------
 Limit  (cost=9971.90..9971.90 rows=1 width=20) (actual time=18.169..18.169 rows=0 loops=1)
   ->  Limit  (cost=9942.11..9961.90 rows=1000 width=20) (actual time=17.870..18.141 rows=1000 loops=1)
         ->  Incremental Sort  (cost=9942.11..11920.93 rows=100000 width=20) (actual time=17.870..18.085 rows=1000 loops=1)
               Sort Key: s_2.a, s_2.b, s_2.c
               Presorted Key: s_2.a, s_2.b
               Sort Method: quicksort  Memory: 27kB
               Sort Groups: 32
               ->  Sort  (cost=9941.82..10191.82 rows=100000 width=20) (actual time=17.822..17.875 rows=1027 loops=1)
                     Sort Key: s_2.a, s_2.b
                     Sort Method: quicksort  Memory: 10885kB
                     ->  Seq Scan on s_2  (cost=0.00..1637.00 rows=100000 width=20) (actual time=0.013..5.622 rows=100000 loops=1)
 Planning time: 0.228 ms
 Execution time: 18.643 ms
(13 rows)

===== 275 [Wed Mar  7 02:04:27 CET 2018] scale:100000 groups:1000 work_mem:256MB incremental:on max_workers:0 =====
SELECT * FROM (SELECT * FROM s_3 ORDER BY a, b, c) foo ORDER BY a, b, c, d LIMIT 1000
                                                            QUERY PLAN                                                             
-----------------------------------------------------------------------------------------------------------------------------------
 Limit  (cost=9971.90..9971.90 rows=1 width=20) (actual time=18.566..18.566 rows=0 loops=1)
   ->  Limit  (cost=9942.11..9961.90 rows=1000 width=20) (actual time=18.305..18.537 rows=1000 loops=1)
         ->  Incremental Sort  (cost=9942.11..11920.93 rows=100000 width=20) (actual time=18.305..18.482 rows=1000 loops=1)
               Sort Key: s_3.a, s_3.b, s_3.c, s_3.d
               Presorted Key: s_3.a, s_3.b, s_3.c
               Sort Method: quicksort  Memory: 27kB
               Sort Groups: 32
               ->  Sort  (cost=9941.82..10191.82 rows=100000 width=20) (actual time=18.261..18.303 rows=1025 loops=1)
                     Sort Key: s_3.a, s_3.b, s_3.c
                     Sort Method: quicksort  Memory: 10885kB
                     ->  Seq Scan on s_3  (cost=0.00..1637.00 rows=100000 width=20) (actual time=0.013..5.583 rows=100000 loops=1)
 Planning time: 0.229 ms
 Execution time: 19.041 ms
(13 rows)

===== 276 [Wed Mar  7 02:04:27 CET 2018] scale:100000 groups:1000 work_mem:256MB incremental:on max_workers:0 =====
SELECT * FROM (SELECT * FROM s_4 ORDER BY a, b, c, d) foo ORDER BY a, b, c, d, e LIMIT 1000
                                                            QUERY PLAN                                                             
-----------------------------------------------------------------------------------------------------------------------------------
 Limit  (cost=9971.90..9971.90 rows=1 width=20) (actual time=18.621..18.621 rows=0 loops=1)
   ->  Limit  (cost=9942.11..9961.90 rows=1000 width=20) (actual time=18.361..18.592 rows=1000 loops=1)
         ->  Incremental Sort  (cost=9942.11..11920.93 rows=100000 width=20) (actual time=18.360..18.537 rows=1000 loops=1)
               Sort Key: s_4.a, s_4.b, s_4.c, s_4.d, s_4.e
               Presorted Key: s_4.a, s_4.b, s_4.c, s_4.d
               Sort Method: quicksort  Memory: 27kB
               Sort Groups: 32
               ->  Sort  (cost=9941.82..10191.82 rows=100000 width=20) (actual time=18.306..18.347 rows=1025 loops=1)
                     Sort Key: s_4.a, s_4.b, s_4.c, s_4.d
                     Sort Method: quicksort  Memory: 10885kB
                     ->  Seq Scan on s_4  (cost=0.00..1637.00 rows=100000 width=20) (actual time=0.010..5.597 rows=100000 loops=1)
 Planning time: 0.235 ms
 Execution time: 19.100 ms
(13 rows)

===== 277 [Wed Mar  7 02:04:27 CET 2018] scale:100000 groups:1000 work_mem:256MB incremental:off max_workers:0 =====
SELECT * FROM (SELECT * FROM s_1 ORDER BY a) foo ORDER BY a, b LIMIT 1000
                                                            QUERY PLAN                                                             
-----------------------------------------------------------------------------------------------------------------------------------
 Limit  (cost=16687.21..16687.21 rows=1 width=20) (actual time=27.087..27.087 rows=0 loops=1)
   ->  Limit  (cost=16674.71..16677.21 rows=1000 width=20) (actual time=26.965..27.059 rows=1000 loops=1)
         ->  Sort  (cost=16674.71..16924.71 rows=100000 width=20) (actual time=26.964..27.003 rows=1000 loops=1)
               Sort Key: s_1.a, s_1.b
               Sort Method: top-N heapsort  Memory: 130kB
               ->  Sort  (cost=9941.82..10191.82 rows=100000 width=20) (actual time=16.381..19.851 rows=100000 loops=1)
                     Sort Key: s_1.a
                     Sort Method: quicksort  Memory: 10885kB
                     ->  Seq Scan on s_1  (cost=0.00..1637.00 rows=100000 width=20) (actual time=0.010..5.597 rows=100000 loops=1)
 Planning time: 0.220 ms
 Execution time: 27.573 ms
(11 rows)

===== 278 [Wed Mar  7 02:04:27 CET 2018] scale:100000 groups:1000 work_mem:256MB incremental:off max_workers:0 =====
SELECT * FROM (SELECT * FROM s_2 ORDER BY a, b) foo ORDER BY a, b, c LIMIT 1000
                                                            QUERY PLAN                                                             
-----------------------------------------------------------------------------------------------------------------------------------
 Limit  (cost=16687.21..16687.21 rows=1 width=20) (actual time=28.553..28.553 rows=0 loops=1)
   ->  Limit  (cost=16674.71..16677.21 rows=1000 width=20) (actual time=28.431..28.525 rows=1000 loops=1)
         ->  Sort  (cost=16674.71..16924.71 rows=100000 width=20) (actual time=28.430..28.469 rows=1000 loops=1)
               Sort Key: s_2.a, s_2.b, s_2.c
               Sort Method: top-N heapsort  Memory: 127kB
               ->  Sort  (cost=9941.82..10191.82 rows=100000 width=20) (actual time=17.786..21.281 rows=100000 loops=1)
                     Sort Key: s_2.a, s_2.b
                     Sort Method: quicksort  Memory: 10885kB
                     ->  Seq Scan on s_2  (cost=0.00..1637.00 rows=100000 width=20) (actual time=0.013..5.604 rows=100000 loops=1)
 Planning time: 0.216 ms
 Execution time: 29.035 ms
(11 rows)

===== 279 [Wed Mar  7 02:04:28 CET 2018] scale:100000 groups:1000 work_mem:256MB incremental:off max_workers:0 =====
SELECT * FROM (SELECT * FROM s_3 ORDER BY a, b, c) foo ORDER BY a, b, c, d LIMIT 1000
                                                            QUERY PLAN                                                             
-----------------------------------------------------------------------------------------------------------------------------------
 Limit  (cost=16687.21..16687.21 rows=1 width=20) (actual time=29.576..29.576 rows=0 loops=1)
   ->  Limit  (cost=16674.71..16677.21 rows=1000 width=20) (actual time=29.454..29.547 rows=1000 loops=1)
         ->  Sort  (cost=16674.71..16924.71 rows=100000 width=20) (actual time=29.453..29.492 rows=1000 loops=1)
               Sort Key: s_3.a, s_3.b, s_3.c, s_3.d
               Sort Method: top-N heapsort  Memory: 127kB
               ->  Sort  (cost=9941.82..10191.82 rows=100000 width=20) (actual time=18.263..21.825 rows=100000 loops=1)
                     Sort Key: s_3.a, s_3.b, s_3.c
                     Sort Method: quicksort  Memory: 10885kB
                     ->  Seq Scan on s_3  (cost=0.00..1637.00 rows=100000 width=20) (actual time=0.013..5.574 rows=100000 loops=1)
 Planning time: 0.230 ms
 Execution time: 30.067 ms
(11 rows)

===== 280 [Wed Mar  7 02:04:28 CET 2018] scale:100000 groups:1000 work_mem:256MB incremental:off max_workers:0 =====
SELECT * FROM (SELECT * FROM s_4 ORDER BY a, b, c, d) foo ORDER BY a, b, c, d, e LIMIT 1000
                                                            QUERY PLAN                                                             
-----------------------------------------------------------------------------------------------------------------------------------
 Limit  (cost=16687.21..16687.21 rows=1 width=20) (actual time=29.528..29.528 rows=0 loops=1)
   ->  Limit  (cost=16674.71..16677.21 rows=1000 width=20) (actual time=29.407..29.501 rows=1000 loops=1)
         ->  Sort  (cost=16674.71..16924.71 rows=100000 width=20) (actual time=29.406..29.445 rows=1000 loops=1)
               Sort Key: s_4.a, s_4.b, s_4.c, s_4.d, s_4.e
               Sort Method: top-N heapsort  Memory: 127kB
               ->  Sort  (cost=9941.82..10191.82 rows=100000 width=20) (actual time=18.218..21.775 rows=100000 loops=1)
                     Sort Key: s_4.a, s_4.b, s_4.c, s_4.d
                     Sort Method: quicksort  Memory: 10885kB
                     ->  Seq Scan on s_4  (cost=0.00..1637.00 rows=100000 width=20) (actual time=0.009..5.562 rows=100000 loops=1)
 Planning time: 0.226 ms
 Execution time: 30.011 ms
(11 rows)

===== 281 [Wed Mar  7 02:04:28 CET 2018] scale:100000 groups:1000 work_mem:4MB incremental:on max_workers:2 =====
SELECT * FROM (SELECT * FROM s_1 ORDER BY a) foo ORDER BY a, b LIMIT 1000
                                                            QUERY PLAN                                                             
-----------------------------------------------------------------------------------------------------------------------------------
 Limit  (cost=12025.50..12025.50 rows=1 width=20) (actual time=21.736..21.736 rows=0 loops=1)
   ->  Limit  (cost=11997.39..12015.50 rows=1000 width=20) (actual time=21.313..21.707 rows=1000 loops=1)
         ->  Incremental Sort  (cost=11997.39..13808.55 rows=100000 width=20) (actual time=21.313..21.652 rows=1000 loops=1)
               Sort Key: s_1.a, s_1.b
               Presorted Key: s_1.a
               Sort Method: quicksort  Memory: 33kB
               Sort Groups: 11
               ->  Sort  (cost=11992.82..12242.82 rows=100000 width=20) (actual time=21.255..21.352 rows=1056 loops=1)
                     Sort Key: s_1.a
                     Sort Method: external merge  Disk: 2936kB
                     ->  Seq Scan on s_1  (cost=0.00..1637.00 rows=100000 width=20) (actual time=0.010..5.489 rows=100000 loops=1)
 Planning time: 0.223 ms
 Execution time: 22.307 ms
(13 rows)

===== 282 [Wed Mar  7 02:04:28 CET 2018] scale:100000 groups:1000 work_mem:4MB incremental:on max_workers:2 =====
SELECT * FROM (SELECT * FROM s_2 ORDER BY a, b) foo ORDER BY a, b, c LIMIT 1000
                                                            QUERY PLAN                                                             
-----------------------------------------------------------------------------------------------------------------------------------
 Limit  (cost=12022.90..12022.90 rows=1 width=20) (actual time=22.849..22.849 rows=0 loops=1)
   ->  Limit  (cost=11993.11..12012.90 rows=1000 width=20) (actual time=22.521..22.821 rows=1000 loops=1)
         ->  Incremental Sort  (cost=11993.11..13971.93 rows=100000 width=20) (actual time=22.520..22.765 rows=1000 loops=1)
               Sort Key: s_2.a, s_2.b, s_2.c
               Presorted Key: s_2.a, s_2.b
               Sort Method: quicksort  Memory: 27kB
               Sort Groups: 32
               ->  Sort  (cost=11992.82..12242.82 rows=100000 width=20) (actual time=22.473..22.568 rows=1027 loops=1)
                     Sort Key: s_2.a, s_2.b
                     Sort Method: external merge  Disk: 2936kB
                     ->  Seq Scan on s_2  (cost=0.00..1637.00 rows=100000 width=20) (actual time=0.012..5.496 rows=100000 loops=1)
 Planning time: 0.223 ms
 Execution time: 23.415 ms
(13 rows)

===== 283 [Wed Mar  7 02:04:28 CET 2018] scale:100000 groups:1000 work_mem:4MB incremental:on max_workers:2 =====
SELECT * FROM (SELECT * FROM s_3 ORDER BY a, b, c) foo ORDER BY a, b, c, d LIMIT 1000
                                                            QUERY PLAN                                                             
-----------------------------------------------------------------------------------------------------------------------------------
 Limit  (cost=12022.90..12022.90 rows=1 width=20) (actual time=23.320..23.320 rows=0 loops=1)
   ->  Limit  (cost=11993.11..12012.90 rows=1000 width=20) (actual time=23.017..23.291 rows=1000 loops=1)
         ->  Incremental Sort  (cost=11993.11..13971.93 rows=100000 width=20) (actual time=23.017..23.236 rows=1000 loops=1)
               Sort Key: s_3.a, s_3.b, s_3.c, s_3.d
               Presorted Key: s_3.a, s_3.b, s_3.c
               Sort Method: quicksort  Memory: 27kB
               Sort Groups: 32
               ->  Sort  (cost=11992.82..12242.82 rows=100000 width=20) (actual time=22.971..23.066 rows=1025 loops=1)
                     Sort Key: s_3.a, s_3.b, s_3.c
                     Sort Method: external merge  Disk: 2936kB
                     ->  Seq Scan on s_3  (cost=0.00..1637.00 rows=100000 width=20) (actual time=0.013..5.456 rows=100000 loops=1)
 Planning time: 0.238 ms
 Execution time: 23.900 ms
(13 rows)

===== 284 [Wed Mar  7 02:04:29 CET 2018] scale:100000 groups:1000 work_mem:4MB incremental:on max_workers:2 =====
SELECT * FROM (SELECT * FROM s_4 ORDER BY a, b, c, d) foo ORDER BY a, b, c, d, e LIMIT 1000
                                                            QUERY PLAN                                                             
-----------------------------------------------------------------------------------------------------------------------------------
 Limit  (cost=12022.90..12022.90 rows=1 width=20) (actual time=23.330..23.330 rows=0 loops=1)
   ->  Limit  (cost=11993.11..12012.90 rows=1000 width=20) (actual time=23.023..23.302 rows=1000 loops=1)
         ->  Incremental Sort  (cost=11993.11..13971.93 rows=100000 width=20) (actual time=23.022..23.246 rows=1000 loops=1)
               Sort Key: s_4.a, s_4.b, s_4.c, s_4.d, s_4.e
               Presorted Key: s_4.a, s_4.b, s_4.c, s_4.d
               Sort Method: quicksort  Memory: 27kB
               Sort Groups: 32
               ->  Sort  (cost=11992.82..12242.82 rows=100000 width=20) (actual time=22.970..23.065 rows=1025 loops=1)
                     Sort Key: s_4.a, s_4.b, s_4.c, s_4.d
                     Sort Method: external merge  Disk: 2936kB
                     ->  Seq Scan on s_4  (cost=0.00..1637.00 rows=100000 width=20) (actual time=0.009..5.457 rows=100000 loops=1)
 Planning time: 0.237 ms
 Execution time: 23.899 ms
(13 rows)

===== 285 [Wed Mar  7 02:04:29 CET 2018] scale:100000 groups:1000 work_mem:4MB incremental:off max_workers:2 =====
SELECT * FROM (SELECT * FROM s_1 ORDER BY a) foo ORDER BY a, b LIMIT 1000
                                                            QUERY PLAN                                                             
-----------------------------------------------------------------------------------------------------------------------------------
 Limit  (cost=18738.21..18738.21 rows=1 width=20) (actual time=35.935..35.935 rows=0 loops=1)
   ->  Limit  (cost=18725.71..18728.21 rows=1000 width=20) (actual time=35.813..35.907 rows=1000 loops=1)
         ->  Sort  (cost=18725.71..18975.71 rows=100000 width=20) (actual time=35.812..35.851 rows=1000 loops=1)
               Sort Key: s_1.a, s_1.b
               Sort Method: top-N heapsort  Memory: 130kB
               ->  Sort  (cost=11992.82..12242.82 rows=100000 width=20) (actual time=21.155..29.441 rows=100000 loops=1)
                     Sort Key: s_1.a
                     Sort Method: external merge  Disk: 2936kB
                     ->  Seq Scan on s_1  (cost=0.00..1637.00 rows=100000 width=20) (actual time=0.009..5.464 rows=100000 loops=1)
 Planning time: 0.221 ms
 Execution time: 36.519 ms
(11 rows)

===== 286 [Wed Mar  7 02:04:29 CET 2018] scale:100000 groups:1000 work_mem:4MB incremental:off max_workers:2 =====
SELECT * FROM (SELECT * FROM s_2 ORDER BY a, b) foo ORDER BY a, b, c LIMIT 1000
                                                            QUERY PLAN                                                             
-----------------------------------------------------------------------------------------------------------------------------------
 Limit  (cost=18738.21..18738.21 rows=1 width=20) (actual time=37.218..37.218 rows=0 loops=1)
   ->  Limit  (cost=18725.71..18728.21 rows=1000 width=20) (actual time=37.095..37.190 rows=1000 loops=1)
         ->  Sort  (cost=18725.71..18975.71 rows=100000 width=20) (actual time=37.095..37.133 rows=1000 loops=1)
               Sort Key: s_2.a, s_2.b, s_2.c
               Sort Method: top-N heapsort  Memory: 127kB
               ->  Sort  (cost=11992.82..12242.82 rows=100000 width=20) (actual time=22.399..30.694 rows=100000 loops=1)
                     Sort Key: s_2.a, s_2.b
                     Sort Method: external merge  Disk: 2936kB
                     ->  Seq Scan on s_2  (cost=0.00..1637.00 rows=100000 width=20) (actual time=0.013..5.490 rows=100000 loops=1)
 Planning time: 0.224 ms
 Execution time: 37.796 ms
(11 rows)

===== 287 [Wed Mar  7 02:04:29 CET 2018] scale:100000 groups:1000 work_mem:4MB incremental:off max_workers:2 =====
SELECT * FROM (SELECT * FROM s_3 ORDER BY a, b, c) foo ORDER BY a, b, c, d LIMIT 1000
                                                            QUERY PLAN                                                             
-----------------------------------------------------------------------------------------------------------------------------------
 Limit  (cost=18738.21..18738.21 rows=1 width=20) (actual time=38.870..38.870 rows=0 loops=1)
   ->  Limit  (cost=18725.71..18728.21 rows=1000 width=20) (actual time=38.746..38.841 rows=1000 loops=1)
         ->  Sort  (cost=18725.71..18975.71 rows=100000 width=20) (actual time=38.745..38.786 rows=1000 loops=1)
               Sort Key: s_3.a, s_3.b, s_3.c, s_3.d
               Sort Method: top-N heapsort  Memory: 127kB
               ->  Sort  (cost=11992.82..12242.82 rows=100000 width=20) (actual time=22.881..31.898 rows=100000 loops=1)
                     Sort Key: s_3.a, s_3.b, s_3.c
                     Sort Method: external merge  Disk: 2936kB
                     ->  Seq Scan on s_3  (cost=0.00..1637.00 rows=100000 width=20) (actual time=0.012..5.432 rows=100000 loops=1)
 Planning time: 0.236 ms
 Execution time: 39.438 ms
(11 rows)

===== 288 [Wed Mar  7 02:04:30 CET 2018] scale:100000 groups:1000 work_mem:4MB incremental:off max_workers:2 =====
SELECT * FROM (SELECT * FROM s_4 ORDER BY a, b, c, d) foo ORDER BY a, b, c, d, e LIMIT 1000
                                                            QUERY PLAN                                                             
-----------------------------------------------------------------------------------------------------------------------------------
 Limit  (cost=18738.21..18738.21 rows=1 width=20) (actual time=38.875..38.875 rows=0 loops=1)
   ->  Limit  (cost=18725.71..18728.21 rows=1000 width=20) (actual time=38.753..38.846 rows=1000 loops=1)
         ->  Sort  (cost=18725.71..18975.71 rows=100000 width=20) (actual time=38.752..38.791 rows=1000 loops=1)
               Sort Key: s_4.a, s_4.b, s_4.c, s_4.d, s_4.e
               Sort Method: top-N heapsort  Memory: 127kB
               ->  Sort  (cost=11992.82..12242.82 rows=100000 width=20) (actual time=22.919..31.907 rows=100000 loops=1)
                     Sort Key: s_4.a, s_4.b, s_4.c, s_4.d
                     Sort Method: external merge  Disk: 2936kB
                     ->  Seq Scan on s_4  (cost=0.00..1637.00 rows=100000 width=20) (actual time=0.009..5.429 rows=100000 loops=1)
 Planning time: 0.232 ms
 Execution time: 39.459 ms
(11 rows)

===== 289 [Wed Mar  7 02:04:30 CET 2018] scale:100000 groups:1000 work_mem:8MB incremental:on max_workers:2 =====
SELECT * FROM (SELECT * FROM s_1 ORDER BY a) foo ORDER BY a, b LIMIT 1000
                                                            QUERY PLAN                                                             
-----------------------------------------------------------------------------------------------------------------------------------
 Limit  (cost=9974.50..9974.50 rows=1 width=20) (actual time=23.250..23.250 rows=0 loops=1)
   ->  Limit  (cost=9946.39..9964.50 rows=1000 width=20) (actual time=22.835..23.222 rows=1000 loops=1)
         ->  Incremental Sort  (cost=9946.39..11757.55 rows=100000 width=20) (actual time=22.835..23.167 rows=1000 loops=1)
               Sort Key: s_1.a, s_1.b
               Presorted Key: s_1.a
               Sort Method: quicksort  Memory: 33kB
               Sort Groups: 11
               ->  Sort  (cost=9941.82..10191.82 rows=100000 width=20) (actual time=22.778..22.868 rows=1056 loops=1)
                     Sort Key: s_1.a
                     Sort Method: external merge  Disk: 2936kB
                     ->  Seq Scan on s_1  (cost=0.00..1637.00 rows=100000 width=20) (actual time=0.010..5.605 rows=100000 loops=1)
 Planning time: 0.226 ms
 Execution time: 23.778 ms
(13 rows)

===== 290 [Wed Mar  7 02:04:30 CET 2018] scale:100000 groups:1000 work_mem:8MB incremental:on max_workers:2 =====
SELECT * FROM (SELECT * FROM s_2 ORDER BY a, b) foo ORDER BY a, b, c LIMIT 1000
                                                            QUERY PLAN                                                             
-----------------------------------------------------------------------------------------------------------------------------------
 Limit  (cost=9971.90..9971.90 rows=1 width=20) (actual time=24.442..24.442 rows=0 loops=1)
   ->  Limit  (cost=9942.11..9961.90 rows=1000 width=20) (actual time=24.113..24.413 rows=1000 loops=1)
         ->  Incremental Sort  (cost=9942.11..11920.93 rows=100000 width=20) (actual time=24.112..24.357 rows=1000 loops=1)
               Sort Key: s_2.a, s_2.b, s_2.c
               Presorted Key: s_2.a, s_2.b
               Sort Method: quicksort  Memory: 27kB
               Sort Groups: 32
               ->  Sort  (cost=9941.82..10191.82 rows=100000 width=20) (actual time=24.065..24.156 rows=1027 loops=1)
                     Sort Key: s_2.a, s_2.b
                     Sort Method: external merge  Disk: 2936kB
                     ->  Seq Scan on s_2  (cost=0.00..1637.00 rows=100000 width=20) (actual time=0.013..5.621 rows=100000 loops=1)
 Planning time: 0.225 ms
 Execution time: 24.943 ms
(13 rows)

===== 291 [Wed Mar  7 02:04:30 CET 2018] scale:100000 groups:1000 work_mem:8MB incremental:on max_workers:2 =====
SELECT * FROM (SELECT * FROM s_3 ORDER BY a, b, c) foo ORDER BY a, b, c, d LIMIT 1000
                                                            QUERY PLAN                                                             
-----------------------------------------------------------------------------------------------------------------------------------
 Limit  (cost=9971.90..9971.90 rows=1 width=20) (actual time=24.976..24.976 rows=0 loops=1)
   ->  Limit  (cost=9942.11..9961.90 rows=1000 width=20) (actual time=24.680..24.947 rows=1000 loops=1)
         ->  Incremental Sort  (cost=9942.11..11920.93 rows=100000 width=20) (actual time=24.679..24.892 rows=1000 loops=1)
               Sort Key: s_3.a, s_3.b, s_3.c, s_3.d
               Presorted Key: s_3.a, s_3.b, s_3.c
               Sort Method: quicksort  Memory: 27kB
               Sort Groups: 32
               ->  Sort  (cost=9941.82..10191.82 rows=100000 width=20) (actual time=24.635..24.724 rows=1025 loops=1)
                     Sort Key: s_3.a, s_3.b, s_3.c
                     Sort Method: external merge  Disk: 2936kB
                     ->  Seq Scan on s_3  (cost=0.00..1637.00 rows=100000 width=20) (actual time=0.013..5.570 rows=100000 loops=1)
 Planning time: 0.231 ms
 Execution time: 25.498 ms
(13 rows)

===== 292 [Wed Mar  7 02:04:30 CET 2018] scale:100000 groups:1000 work_mem:8MB incremental:on max_workers:2 =====
SELECT * FROM (SELECT * FROM s_4 ORDER BY a, b, c, d) foo ORDER BY a, b, c, d, e LIMIT 1000
                                                            QUERY PLAN                                                             
-----------------------------------------------------------------------------------------------------------------------------------
 Limit  (cost=9971.90..9971.90 rows=1 width=20) (actual time=24.937..24.937 rows=0 loops=1)
   ->  Limit  (cost=9942.11..9961.90 rows=1000 width=20) (actual time=24.641..24.908 rows=1000 loops=1)
         ->  Incremental Sort  (cost=9942.11..11920.93 rows=100000 width=20) (actual time=24.641..24.853 rows=1000 loops=1)
               Sort Key: s_4.a, s_4.b, s_4.c, s_4.d, s_4.e
               Presorted Key: s_4.a, s_4.b, s_4.c, s_4.d
               Sort Method: quicksort  Memory: 27kB
               Sort Groups: 32
               ->  Sort  (cost=9941.82..10191.82 rows=100000 width=20) (actual time=24.588..24.676 rows=1025 loops=1)
                     Sort Key: s_4.a, s_4.b, s_4.c, s_4.d
                     Sort Method: external merge  Disk: 2936kB
                     ->  Seq Scan on s_4  (cost=0.00..1637.00 rows=100000 width=20) (actual time=0.009..5.575 rows=100000 loops=1)
 Planning time: 0.232 ms
 Execution time: 25.444 ms
(13 rows)

===== 293 [Wed Mar  7 02:04:31 CET 2018] scale:100000 groups:1000 work_mem:8MB incremental:off max_workers:2 =====
SELECT * FROM (SELECT * FROM s_1 ORDER BY a) foo ORDER BY a, b LIMIT 1000
                                                            QUERY PLAN                                                             
-----------------------------------------------------------------------------------------------------------------------------------
 Limit  (cost=16687.21..16687.21 rows=1 width=20) (actual time=37.355..37.355 rows=0 loops=1)
   ->  Limit  (cost=16674.71..16677.21 rows=1000 width=20) (actual time=37.233..37.327 rows=1000 loops=1)
         ->  Sort  (cost=16674.71..16924.71 rows=100000 width=20) (actual time=37.232..37.271 rows=1000 loops=1)
               Sort Key: s_1.a, s_1.b
               Sort Method: top-N heapsort  Memory: 130kB
               ->  Sort  (cost=9941.82..10191.82 rows=100000 width=20) (actual time=22.727..30.873 rows=100000 loops=1)
                     Sort Key: s_1.a
                     Sort Method: external merge  Disk: 2936kB
                     ->  Seq Scan on s_1  (cost=0.00..1637.00 rows=100000 width=20) (actual time=0.010..5.590 rows=100000 loops=1)
 Planning time: 0.221 ms
 Execution time: 37.768 ms
(11 rows)

===== 294 [Wed Mar  7 02:04:31 CET 2018] scale:100000 groups:1000 work_mem:8MB incremental:off max_workers:2 =====
SELECT * FROM (SELECT * FROM s_2 ORDER BY a, b) foo ORDER BY a, b, c LIMIT 1000
                                                            QUERY PLAN                                                             
-----------------------------------------------------------------------------------------------------------------------------------
 Limit  (cost=16687.21..16687.21 rows=1 width=20) (actual time=38.746..38.746 rows=0 loops=1)
   ->  Limit  (cost=16674.71..16677.21 rows=1000 width=20) (actual time=38.623..38.718 rows=1000 loops=1)
         ->  Sort  (cost=16674.71..16924.71 rows=100000 width=20) (actual time=38.623..38.662 rows=1000 loops=1)
               Sort Key: s_2.a, s_2.b, s_2.c
               Sort Method: top-N heapsort  Memory: 127kB
               ->  Sort  (cost=9941.82..10191.82 rows=100000 width=20) (actual time=24.062..32.242 rows=100000 loops=1)
                     Sort Key: s_2.a, s_2.b
                     Sort Method: external merge  Disk: 2936kB
                     ->  Seq Scan on s_2  (cost=0.00..1637.00 rows=100000 width=20) (actual time=0.013..5.600 rows=100000 loops=1)
 Planning time: 0.222 ms
 Execution time: 39.162 ms
(11 rows)

===== 295 [Wed Mar  7 02:04:31 CET 2018] scale:100000 groups:1000 work_mem:8MB incremental:off max_workers:2 =====
SELECT * FROM (SELECT * FROM s_3 ORDER BY a, b, c) foo ORDER BY a, b, c, d LIMIT 1000
                                                            QUERY PLAN                                                             
-----------------------------------------------------------------------------------------------------------------------------------
 Limit  (cost=16687.21..16687.21 rows=1 width=20) (actual time=40.366..40.366 rows=0 loops=1)
   ->  Limit  (cost=16674.71..16677.21 rows=1000 width=20) (actual time=40.242..40.337 rows=1000 loops=1)
         ->  Sort  (cost=16674.71..16924.71 rows=100000 width=20) (actual time=40.242..40.280 rows=1000 loops=1)
               Sort Key: s_3.a, s_3.b, s_3.c, s_3.d
               Sort Method: top-N heapsort  Memory: 127kB
               ->  Sort  (cost=9941.82..10191.82 rows=100000 width=20) (actual time=24.548..33.432 rows=100000 loops=1)
                     Sort Key: s_3.a, s_3.b, s_3.c
                     Sort Method: external merge  Disk: 2936kB
                     ->  Seq Scan on s_3  (cost=0.00..1637.00 rows=100000 width=20) (actual time=0.012..5.560 rows=100000 loops=1)
 Planning time: 0.225 ms
 Execution time: 40.770 ms
(11 rows)

===== 296 [Wed Mar  7 02:04:31 CET 2018] scale:100000 groups:1000 work_mem:8MB incremental:off max_workers:2 =====
SELECT * FROM (SELECT * FROM s_4 ORDER BY a, b, c, d) foo ORDER BY a, b, c, d, e LIMIT 1000
                                                            QUERY PLAN                                                             
-----------------------------------------------------------------------------------------------------------------------------------
 Limit  (cost=16687.21..16687.21 rows=1 width=20) (actual time=40.457..40.457 rows=0 loops=1)
   ->  Limit  (cost=16674.71..16677.21 rows=1000 width=20) (actual time=40.335..40.428 rows=1000 loops=1)
         ->  Sort  (cost=16674.71..16924.71 rows=100000 width=20) (actual time=40.334..40.373 rows=1000 loops=1)
               Sort Key: s_4.a, s_4.b, s_4.c, s_4.d, s_4.e
               Sort Method: top-N heapsort  Memory: 127kB
               ->  Sort  (cost=9941.82..10191.82 rows=100000 width=20) (actual time=24.537..33.511 rows=100000 loops=1)
                     Sort Key: s_4.a, s_4.b, s_4.c, s_4.d
                     Sort Method: external merge  Disk: 2936kB
                     ->  Seq Scan on s_4  (cost=0.00..1637.00 rows=100000 width=20) (actual time=0.009..5.547 rows=100000 loops=1)
 Planning time: 0.232 ms
 Execution time: 40.863 ms
(11 rows)

===== 297 [Wed Mar  7 02:04:32 CET 2018] scale:100000 groups:1000 work_mem:16MB incremental:on max_workers:2 =====
SELECT * FROM (SELECT * FROM s_1 ORDER BY a) foo ORDER BY a, b LIMIT 1000
                                                            QUERY PLAN                                                             
-----------------------------------------------------------------------------------------------------------------------------------
 Limit  (cost=9974.50..9974.50 rows=1 width=20) (actual time=16.951..16.951 rows=0 loops=1)
   ->  Limit  (cost=9946.39..9964.50 rows=1000 width=20) (actual time=16.575..16.923 rows=1000 loops=1)
         ->  Incremental Sort  (cost=9946.39..11757.55 rows=100000 width=20) (actual time=16.574..16.868 rows=1000 loops=1)
               Sort Key: s_1.a, s_1.b
               Presorted Key: s_1.a
               Sort Method: quicksort  Memory: 33kB
               Sort Groups: 11
               ->  Sort  (cost=9941.82..10191.82 rows=100000 width=20) (actual time=16.518..16.557 rows=1056 loops=1)
                     Sort Key: s_1.a
                     Sort Method: quicksort  Memory: 10885kB
                     ->  Seq Scan on s_1  (cost=0.00..1637.00 rows=100000 width=20) (actual time=0.010..5.638 rows=100000 loops=1)
 Planning time: 0.227 ms
 Execution time: 17.408 ms
(13 rows)

===== 298 [Wed Mar  7 02:04:32 CET 2018] scale:100000 groups:1000 work_mem:16MB incremental:on max_workers:2 =====
SELECT * FROM (SELECT * FROM s_2 ORDER BY a, b) foo ORDER BY a, b, c LIMIT 1000
                                                            QUERY PLAN                                                             
-----------------------------------------------------------------------------------------------------------------------------------
 Limit  (cost=9971.90..9971.90 rows=1 width=20) (actual time=18.161..18.161 rows=0 loops=1)
   ->  Limit  (cost=9942.11..9961.90 rows=1000 width=20) (actual time=17.870..18.132 rows=1000 loops=1)
         ->  Incremental Sort  (cost=9942.11..11920.93 rows=100000 width=20) (actual time=17.870..18.076 rows=1000 loops=1)
               Sort Key: s_2.a, s_2.b, s_2.c
               Presorted Key: s_2.a, s_2.b
               Sort Method: quicksort  Memory: 27kB
               Sort Groups: 32
               ->  Sort  (cost=9941.82..10191.82 rows=100000 width=20) (actual time=17.823..17.868 rows=1027 loops=1)
                     Sort Key: s_2.a, s_2.b
                     Sort Method: quicksort  Memory: 10885kB
                     ->  Seq Scan on s_2  (cost=0.00..1637.00 rows=100000 width=20) (actual time=0.012..5.626 rows=100000 loops=1)
 Planning time: 0.226 ms
 Execution time: 18.638 ms
(13 rows)

===== 299 [Wed Mar  7 02:04:32 CET 2018] scale:100000 groups:1000 work_mem:16MB incremental:on max_workers:2 =====
SELECT * FROM (SELECT * FROM s_3 ORDER BY a, b, c) foo ORDER BY a, b, c, d LIMIT 1000
                                                            QUERY PLAN                                                             
-----------------------------------------------------------------------------------------------------------------------------------
 Limit  (cost=9971.90..9971.90 rows=1 width=20) (actual time=18.565..18.565 rows=0 loops=1)
   ->  Limit  (cost=9942.11..9961.90 rows=1000 width=20) (actual time=18.306..18.536 rows=1000 loops=1)
         ->  Incremental Sort  (cost=9942.11..11920.93 rows=100000 width=20) (actual time=18.305..18.481 rows=1000 loops=1)
               Sort Key: s_3.a, s_3.b, s_3.c, s_3.d
               Presorted Key: s_3.a, s_3.b, s_3.c
               Sort Method: quicksort  Memory: 27kB
               Sort Groups: 32
               ->  Sort  (cost=9941.82..10191.82 rows=100000 width=20) (actual time=18.262..18.303 rows=1025 loops=1)
                     Sort Key: s_3.a, s_3.b, s_3.c
                     Sort Method: quicksort  Memory: 10885kB
                     ->  Seq Scan on s_3  (cost=0.00..1637.00 rows=100000 width=20) (actual time=0.013..5.581 rows=100000 loops=1)
 Planning time: 0.232 ms
 Execution time: 19.040 ms
(13 rows)

===== 300 [Wed Mar  7 02:04:32 CET 2018] scale:100000 groups:1000 work_mem:16MB incremental:on max_workers:2 =====
SELECT * FROM (SELECT * FROM s_4 ORDER BY a, b, c, d) foo ORDER BY a, b, c, d, e LIMIT 1000
                                                            QUERY PLAN                                                             
-----------------------------------------------------------------------------------------------------------------------------------
 Limit  (cost=9971.90..9971.90 rows=1 width=20) (actual time=18.619..18.619 rows=0 loops=1)
   ->  Limit  (cost=9942.11..9961.90 rows=1000 width=20) (actual time=18.359..18.590 rows=1000 loops=1)
         ->  Incremental Sort  (cost=9942.11..11920.93 rows=100000 width=20) (actual time=18.358..18.534 rows=1000 loops=1)
               Sort Key: s_4.a, s_4.b, s_4.c, s_4.d, s_4.e
               Presorted Key: s_4.a, s_4.b, s_4.c, s_4.d
               Sort Method: quicksort  Memory: 27kB
               Sort Groups: 32
               ->  Sort  (cost=9941.82..10191.82 rows=100000 width=20) (actual time=18.307..18.349 rows=1025 loops=1)
                     Sort Key: s_4.a, s_4.b, s_4.c, s_4.d
                     Sort Method: quicksort  Memory: 10885kB
                     ->  Seq Scan on s_4  (cost=0.00..1637.00 rows=100000 width=20) (actual time=0.009..5.583 rows=100000 loops=1)
 Planning time: 0.237 ms
 Execution time: 19.097 ms
(13 rows)

===== 301 [Wed Mar  7 02:04:32 CET 2018] scale:100000 groups:1000 work_mem:16MB incremental:off max_workers:2 =====
SELECT * FROM (SELECT * FROM s_1 ORDER BY a) foo ORDER BY a, b LIMIT 1000
                                                            QUERY PLAN                                                             
-----------------------------------------------------------------------------------------------------------------------------------
 Limit  (cost=16687.21..16687.21 rows=1 width=20) (actual time=27.095..27.095 rows=0 loops=1)
   ->  Limit  (cost=16674.71..16677.21 rows=1000 width=20) (actual time=26.973..27.067 rows=1000 loops=1)
         ->  Sort  (cost=16674.71..16924.71 rows=100000 width=20) (actual time=26.972..27.011 rows=1000 loops=1)
               Sort Key: s_1.a, s_1.b
               Sort Method: top-N heapsort  Memory: 130kB
               ->  Sort  (cost=9941.82..10191.82 rows=100000 width=20) (actual time=16.405..19.885 rows=100000 loops=1)
                     Sort Key: s_1.a
                     Sort Method: quicksort  Memory: 10885kB
                     ->  Seq Scan on s_1  (cost=0.00..1637.00 rows=100000 width=20) (actual time=0.010..5.583 rows=100000 loops=1)
 Planning time: 0.221 ms
 Execution time: 27.578 ms
(11 rows)

===== 302 [Wed Mar  7 02:04:32 CET 2018] scale:100000 groups:1000 work_mem:16MB incremental:off max_workers:2 =====
SELECT * FROM (SELECT * FROM s_2 ORDER BY a, b) foo ORDER BY a, b, c LIMIT 1000
                                                            QUERY PLAN                                                             
-----------------------------------------------------------------------------------------------------------------------------------
 Limit  (cost=16687.21..16687.21 rows=1 width=20) (actual time=28.557..28.557 rows=0 loops=1)
   ->  Limit  (cost=16674.71..16677.21 rows=1000 width=20) (actual time=28.435..28.529 rows=1000 loops=1)
         ->  Sort  (cost=16674.71..16924.71 rows=100000 width=20) (actual time=28.435..28.473 rows=1000 loops=1)
               Sort Key: s_2.a, s_2.b, s_2.c
               Sort Method: top-N heapsort  Memory: 127kB
               ->  Sort  (cost=9941.82..10191.82 rows=100000 width=20) (actual time=17.805..21.308 rows=100000 loops=1)
                     Sort Key: s_2.a, s_2.b
                     Sort Method: quicksort  Memory: 10885kB
                     ->  Seq Scan on s_2  (cost=0.00..1637.00 rows=100000 width=20) (actual time=0.012..5.600 rows=100000 loops=1)
 Planning time: 0.219 ms
 Execution time: 29.047 ms
(11 rows)

===== 303 [Wed Mar  7 02:04:33 CET 2018] scale:100000 groups:1000 work_mem:16MB incremental:off max_workers:2 =====
SELECT * FROM (SELECT * FROM s_3 ORDER BY a, b, c) foo ORDER BY a, b, c, d LIMIT 1000
                                                            QUERY PLAN                                                             
-----------------------------------------------------------------------------------------------------------------------------------
 Limit  (cost=16687.21..16687.21 rows=1 width=20) (actual time=29.570..29.570 rows=0 loops=1)
   ->  Limit  (cost=16674.71..16677.21 rows=1000 width=20) (actual time=29.450..29.542 rows=1000 loops=1)
         ->  Sort  (cost=16674.71..16924.71 rows=100000 width=20) (actual time=29.449..29.487 rows=1000 loops=1)
               Sort Key: s_3.a, s_3.b, s_3.c, s_3.d
               Sort Method: top-N heapsort  Memory: 127kB
               ->  Sort  (cost=9941.82..10191.82 rows=100000 width=20) (actual time=18.232..21.790 rows=100000 loops=1)
                     Sort Key: s_3.a, s_3.b, s_3.c
                     Sort Method: quicksort  Memory: 10885kB
                     ->  Seq Scan on s_3  (cost=0.00..1637.00 rows=100000 width=20) (actual time=0.014..5.566 rows=100000 loops=1)
 Planning time: 0.227 ms
 Execution time: 30.055 ms
(11 rows)

===== 304 [Wed Mar  7 02:04:33 CET 2018] scale:100000 groups:1000 work_mem:16MB incremental:off max_workers:2 =====
SELECT * FROM (SELECT * FROM s_4 ORDER BY a, b, c, d) foo ORDER BY a, b, c, d, e LIMIT 1000
                                                            QUERY PLAN                                                             
-----------------------------------------------------------------------------------------------------------------------------------
 Limit  (cost=16687.21..16687.21 rows=1 width=20) (actual time=29.620..29.620 rows=0 loops=1)
   ->  Limit  (cost=16674.71..16677.21 rows=1000 width=20) (actual time=29.498..29.591 rows=1000 loops=1)
         ->  Sort  (cost=16674.71..16924.71 rows=100000 width=20) (actual time=29.497..29.536 rows=1000 loops=1)
               Sort Key: s_4.a, s_4.b, s_4.c, s_4.d, s_4.e
               Sort Method: top-N heapsort  Memory: 127kB
               ->  Sort  (cost=9941.82..10191.82 rows=100000 width=20) (actual time=18.269..21.826 rows=100000 loops=1)
                     Sort Key: s_4.a, s_4.b, s_4.c, s_4.d
                     Sort Method: quicksort  Memory: 10885kB
                     ->  Seq Scan on s_4  (cost=0.00..1637.00 rows=100000 width=20) (actual time=0.009..5.551 rows=100000 loops=1)
 Planning time: 0.236 ms
 Execution time: 30.108 ms
(11 rows)

===== 305 [Wed Mar  7 02:04:33 CET 2018] scale:100000 groups:1000 work_mem:32MB incremental:on max_workers:2 =====
SELECT * FROM (SELECT * FROM s_1 ORDER BY a) foo ORDER BY a, b LIMIT 1000
                                                            QUERY PLAN                                                             
-----------------------------------------------------------------------------------------------------------------------------------
 Limit  (cost=9974.50..9974.50 rows=1 width=20) (actual time=16.874..16.874 rows=0 loops=1)
   ->  Limit  (cost=9946.39..9964.50 rows=1000 width=20) (actual time=16.496..16.846 rows=1000 loops=1)
         ->  Incremental Sort  (cost=9946.39..11757.55 rows=100000 width=20) (actual time=16.495..16.790 rows=1000 loops=1)
               Sort Key: s_1.a, s_1.b
               Presorted Key: s_1.a
               Sort Method: quicksort  Memory: 33kB
               Sort Groups: 11
               ->  Sort  (cost=9941.82..10191.82 rows=100000 width=20) (actual time=16.439..16.479 rows=1056 loops=1)
                     Sort Key: s_1.a
                     Sort Method: quicksort  Memory: 10885kB
                     ->  Seq Scan on s_1  (cost=0.00..1637.00 rows=100000 width=20) (actual time=0.010..5.608 rows=100000 loops=1)
 Planning time: 0.226 ms
 Execution time: 17.330 ms
(13 rows)

===== 306 [Wed Mar  7 02:04:33 CET 2018] scale:100000 groups:1000 work_mem:32MB incremental:on max_workers:2 =====
SELECT * FROM (SELECT * FROM s_2 ORDER BY a, b) foo ORDER BY a, b, c LIMIT 1000
                                                            QUERY PLAN                                                             
-----------------------------------------------------------------------------------------------------------------------------------
 Limit  (cost=9971.90..9971.90 rows=1 width=20) (actual time=18.212..18.212 rows=0 loops=1)
   ->  Limit  (cost=9942.11..9961.90 rows=1000 width=20) (actual time=17.916..18.184 rows=1000 loops=1)
         ->  Incremental Sort  (cost=9942.11..11920.93 rows=100000 width=20) (actual time=17.916..18.128 rows=1000 loops=1)
               Sort Key: s_2.a, s_2.b, s_2.c
               Presorted Key: s_2.a, s_2.b
               Sort Method: quicksort  Memory: 27kB
               Sort Groups: 32
               ->  Sort  (cost=9941.82..10191.82 rows=100000 width=20) (actual time=17.869..17.918 rows=1027 loops=1)
                     Sort Key: s_2.a, s_2.b
                     Sort Method: quicksort  Memory: 10885kB
                     ->  Seq Scan on s_2  (cost=0.00..1637.00 rows=100000 width=20) (actual time=0.013..5.625 rows=100000 loops=1)
 Planning time: 0.229 ms
 Execution time: 18.688 ms
(13 rows)

===== 307 [Wed Mar  7 02:04:33 CET 2018] scale:100000 groups:1000 work_mem:32MB incremental:on max_workers:2 =====
SELECT * FROM (SELECT * FROM s_3 ORDER BY a, b, c) foo ORDER BY a, b, c, d LIMIT 1000
                                                            QUERY PLAN                                                             
-----------------------------------------------------------------------------------------------------------------------------------
 Limit  (cost=9971.90..9971.90 rows=1 width=20) (actual time=18.611..18.611 rows=0 loops=1)
   ->  Limit  (cost=9942.11..9961.90 rows=1000 width=20) (actual time=18.350..18.582 rows=1000 loops=1)
         ->  Incremental Sort  (cost=9942.11..11920.93 rows=100000 width=20) (actual time=18.350..18.527 rows=1000 loops=1)
               Sort Key: s_3.a, s_3.b, s_3.c, s_3.d
               Presorted Key: s_3.a, s_3.b, s_3.c
               Sort Method: quicksort  Memory: 27kB
               Sort Groups: 32
               ->  Sort  (cost=9941.82..10191.82 rows=100000 width=20) (actual time=18.304..18.346 rows=1025 loops=1)
                     Sort Key: s_3.a, s_3.b, s_3.c
                     Sort Method: quicksort  Memory: 10885kB
                     ->  Seq Scan on s_3  (cost=0.00..1637.00 rows=100000 width=20) (actual time=0.013..5.591 rows=100000 loops=1)
 Planning time: 0.238 ms
 Execution time: 19.085 ms
(13 rows)

===== 308 [Wed Mar  7 02:04:34 CET 2018] scale:100000 groups:1000 work_mem:32MB incremental:on max_workers:2 =====
SELECT * FROM (SELECT * FROM s_4 ORDER BY a, b, c, d) foo ORDER BY a, b, c, d, e LIMIT 1000
                                                            QUERY PLAN                                                             
-----------------------------------------------------------------------------------------------------------------------------------
 Limit  (cost=9971.90..9971.90 rows=1 width=20) (actual time=18.580..18.580 rows=0 loops=1)
   ->  Limit  (cost=9942.11..9961.90 rows=1000 width=20) (actual time=18.319..18.550 rows=1000 loops=1)
         ->  Incremental Sort  (cost=9942.11..11920.93 rows=100000 width=20) (actual time=18.318..18.495 rows=1000 loops=1)
               Sort Key: s_4.a, s_4.b, s_4.c, s_4.d, s_4.e
               Presorted Key: s_4.a, s_4.b, s_4.c, s_4.d
               Sort Method: quicksort  Memory: 27kB
               Sort Groups: 32
               ->  Sort  (cost=9941.82..10191.82 rows=100000 width=20) (actual time=18.267..18.309 rows=1025 loops=1)
                     Sort Key: s_4.a, s_4.b, s_4.c, s_4.d
                     Sort Method: quicksort  Memory: 10885kB
                     ->  Seq Scan on s_4  (cost=0.00..1637.00 rows=100000 width=20) (actual time=0.009..5.588 rows=100000 loops=1)
 Planning time: 0.240 ms
 Execution time: 19.061 ms
(13 rows)

===== 309 [Wed Mar  7 02:04:34 CET 2018] scale:100000 groups:1000 work_mem:32MB incremental:off max_workers:2 =====
SELECT * FROM (SELECT * FROM s_1 ORDER BY a) foo ORDER BY a, b LIMIT 1000
                                                            QUERY PLAN                                                             
-----------------------------------------------------------------------------------------------------------------------------------
 Limit  (cost=16687.21..16687.21 rows=1 width=20) (actual time=27.127..27.127 rows=0 loops=1)
   ->  Limit  (cost=16674.71..16677.21 rows=1000 width=20) (actual time=27.005..27.100 rows=1000 loops=1)
         ->  Sort  (cost=16674.71..16924.71 rows=100000 width=20) (actual time=27.005..27.044 rows=1000 loops=1)
               Sort Key: s_1.a, s_1.b
               Sort Method: top-N heapsort  Memory: 130kB
               ->  Sort  (cost=9941.82..10191.82 rows=100000 width=20) (actual time=16.417..19.898 rows=100000 loops=1)
                     Sort Key: s_1.a
                     Sort Method: quicksort  Memory: 10885kB
                     ->  Seq Scan on s_1  (cost=0.00..1637.00 rows=100000 width=20) (actual time=0.010..5.584 rows=100000 loops=1)
 Planning time: 0.219 ms
 Execution time: 27.615 ms
(11 rows)

===== 310 [Wed Mar  7 02:04:34 CET 2018] scale:100000 groups:1000 work_mem:32MB incremental:off max_workers:2 =====
SELECT * FROM (SELECT * FROM s_2 ORDER BY a, b) foo ORDER BY a, b, c LIMIT 1000
                                                            QUERY PLAN                                                             
-----------------------------------------------------------------------------------------------------------------------------------
 Limit  (cost=16687.21..16687.21 rows=1 width=20) (actual time=28.585..28.585 rows=0 loops=1)
   ->  Limit  (cost=16674.71..16677.21 rows=1000 width=20) (actual time=28.463..28.557 rows=1000 loops=1)
         ->  Sort  (cost=16674.71..16924.71 rows=100000 width=20) (actual time=28.462..28.501 rows=1000 loops=1)
               Sort Key: s_2.a, s_2.b, s_2.c
               Sort Method: top-N heapsort  Memory: 127kB
               ->  Sort  (cost=9941.82..10191.82 rows=100000 width=20) (actual time=17.823..21.316 rows=100000 loops=1)
                     Sort Key: s_2.a, s_2.b
                     Sort Method: quicksort  Memory: 10885kB
                     ->  Seq Scan on s_2  (cost=0.00..1637.00 rows=100000 width=20) (actual time=0.013..5.608 rows=100000 loops=1)
 Planning time: 0.219 ms
 Execution time: 29.071 ms
(11 rows)

===== 311 [Wed Mar  7 02:04:34 CET 2018] scale:100000 groups:1000 work_mem:32MB incremental:off max_workers:2 =====
SELECT * FROM (SELECT * FROM s_3 ORDER BY a, b, c) foo ORDER BY a, b, c, d LIMIT 1000
                                                            QUERY PLAN                                                             
-----------------------------------------------------------------------------------------------------------------------------------
 Limit  (cost=16687.21..16687.21 rows=1 width=20) (actual time=29.545..29.545 rows=0 loops=1)
   ->  Limit  (cost=16674.71..16677.21 rows=1000 width=20) (actual time=29.424..29.517 rows=1000 loops=1)
         ->  Sort  (cost=16674.71..16924.71 rows=100000 width=20) (actual time=29.423..29.462 rows=1000 loops=1)
               Sort Key: s_3.a, s_3.b, s_3.c, s_3.d
               Sort Method: top-N heapsort  Memory: 127kB
               ->  Sort  (cost=9941.82..10191.82 rows=100000 width=20) (actual time=18.222..21.772 rows=100000 loops=1)
                     Sort Key: s_3.a, s_3.b, s_3.c
                     Sort Method: quicksort  Memory: 10885kB
                     ->  Seq Scan on s_3  (cost=0.00..1637.00 rows=100000 width=20) (actual time=0.012..5.567 rows=100000 loops=1)
 Planning time: 0.224 ms
 Execution time: 30.028 ms
(11 rows)

===== 312 [Wed Mar  7 02:04:34 CET 2018] scale:100000 groups:1000 work_mem:32MB incremental:off max_workers:2 =====
SELECT * FROM (SELECT * FROM s_4 ORDER BY a, b, c, d) foo ORDER BY a, b, c, d, e LIMIT 1000
                                                            QUERY PLAN                                                             
-----------------------------------------------------------------------------------------------------------------------------------
 Limit  (cost=16687.21..16687.21 rows=1 width=20) (actual time=29.592..29.592 rows=0 loops=1)
   ->  Limit  (cost=16674.71..16677.21 rows=1000 width=20) (actual time=29.470..29.563 rows=1000 loops=1)
         ->  Sort  (cost=16674.71..16924.71 rows=100000 width=20) (actual time=29.470..29.508 rows=1000 loops=1)
               Sort Key: s_4.a, s_4.b, s_4.c, s_4.d, s_4.e
               Sort Method: top-N heapsort  Memory: 127kB
               ->  Sort  (cost=9941.82..10191.82 rows=100000 width=20) (actual time=18.267..21.823 rows=100000 loops=1)
                     Sort Key: s_4.a, s_4.b, s_4.c, s_4.d
                     Sort Method: quicksort  Memory: 10885kB
                     ->  Seq Scan on s_4  (cost=0.00..1637.00 rows=100000 width=20) (actual time=0.009..5.550 rows=100000 loops=1)
 Planning time: 0.237 ms
 Execution time: 30.085 ms
(11 rows)

===== 313 [Wed Mar  7 02:04:35 CET 2018] scale:100000 groups:1000 work_mem:64MB incremental:on max_workers:2 =====
SELECT * FROM (SELECT * FROM s_1 ORDER BY a) foo ORDER BY a, b LIMIT 1000
                                                            QUERY PLAN                                                             
-----------------------------------------------------------------------------------------------------------------------------------
 Limit  (cost=9974.50..9974.50 rows=1 width=20) (actual time=16.939..16.939 rows=0 loops=1)
   ->  Limit  (cost=9946.39..9964.50 rows=1000 width=20) (actual time=16.562..16.911 rows=1000 loops=1)
         ->  Incremental Sort  (cost=9946.39..11757.55 rows=100000 width=20) (actual time=16.561..16.856 rows=1000 loops=1)
               Sort Key: s_1.a, s_1.b
               Presorted Key: s_1.a
               Sort Method: quicksort  Memory: 33kB
               Sort Groups: 11
               ->  Sort  (cost=9941.82..10191.82 rows=100000 width=20) (actual time=16.504..16.544 rows=1056 loops=1)
                     Sort Key: s_1.a
                     Sort Method: quicksort  Memory: 10885kB
                     ->  Seq Scan on s_1  (cost=0.00..1637.00 rows=100000 width=20) (actual time=0.010..5.627 rows=100000 loops=1)
 Planning time: 0.234 ms
 Execution time: 17.398 ms
(13 rows)

===== 314 [Wed Mar  7 02:04:35 CET 2018] scale:100000 groups:1000 work_mem:64MB incremental:on max_workers:2 =====
SELECT * FROM (SELECT * FROM s_2 ORDER BY a, b) foo ORDER BY a, b, c LIMIT 1000
                                                            QUERY PLAN                                                             
-----------------------------------------------------------------------------------------------------------------------------------
 Limit  (cost=9971.90..9971.90 rows=1 width=20) (actual time=18.151..18.151 rows=0 loops=1)
   ->  Limit  (cost=9942.11..9961.90 rows=1000 width=20) (actual time=17.856..18.123 rows=1000 loops=1)
         ->  Incremental Sort  (cost=9942.11..11920.93 rows=100000 width=20) (actual time=17.855..18.067 rows=1000 loops=1)
               Sort Key: s_2.a, s_2.b, s_2.c
               Presorted Key: s_2.a, s_2.b
               Sort Method: quicksort  Memory: 27kB
               Sort Groups: 32
               ->  Sort  (cost=9941.82..10191.82 rows=100000 width=20) (actual time=17.804..17.848 rows=1027 loops=1)
                     Sort Key: s_2.a, s_2.b
                     Sort Method: quicksort  Memory: 10885kB
                     ->  Seq Scan on s_2  (cost=0.00..1637.00 rows=100000 width=20) (actual time=0.013..5.632 rows=100000 loops=1)
 Planning time: 0.225 ms
 Execution time: 18.627 ms
(13 rows)

===== 315 [Wed Mar  7 02:04:35 CET 2018] scale:100000 groups:1000 work_mem:64MB incremental:on max_workers:2 =====
SELECT * FROM (SELECT * FROM s_3 ORDER BY a, b, c) foo ORDER BY a, b, c, d LIMIT 1000
                                                            QUERY PLAN                                                             
-----------------------------------------------------------------------------------------------------------------------------------
 Limit  (cost=9971.90..9971.90 rows=1 width=20) (actual time=18.579..18.579 rows=0 loops=1)
   ->  Limit  (cost=9942.11..9961.90 rows=1000 width=20) (actual time=18.318..18.550 rows=1000 loops=1)
         ->  Incremental Sort  (cost=9942.11..11920.93 rows=100000 width=20) (actual time=18.317..18.494 rows=1000 loops=1)
               Sort Key: s_3.a, s_3.b, s_3.c, s_3.d
               Presorted Key: s_3.a, s_3.b, s_3.c
               Sort Method: quicksort  Memory: 27kB
               Sort Groups: 32
               ->  Sort  (cost=9941.82..10191.82 rows=100000 width=20) (actual time=18.273..18.314 rows=1025 loops=1)
                     Sort Key: s_3.a, s_3.b, s_3.c
                     Sort Method: quicksort  Memory: 10885kB
                     ->  Seq Scan on s_3  (cost=0.00..1637.00 rows=100000 width=20) (actual time=0.013..5.598 rows=100000 loops=1)
 Planning time: 0.236 ms
 Execution time: 19.061 ms
(13 rows)

===== 316 [Wed Mar  7 02:04:35 CET 2018] scale:100000 groups:1000 work_mem:64MB incremental:on max_workers:2 =====
SELECT * FROM (SELECT * FROM s_4 ORDER BY a, b, c, d) foo ORDER BY a, b, c, d, e LIMIT 1000
                                                            QUERY PLAN                                                             
-----------------------------------------------------------------------------------------------------------------------------------
 Limit  (cost=9971.90..9971.90 rows=1 width=20) (actual time=18.593..18.593 rows=0 loops=1)
   ->  Limit  (cost=9942.11..9961.90 rows=1000 width=20) (actual time=18.332..18.563 rows=1000 loops=1)
         ->  Incremental Sort  (cost=9942.11..11920.93 rows=100000 width=20) (actual time=18.331..18.508 rows=1000 loops=1)
               Sort Key: s_4.a, s_4.b, s_4.c, s_4.d, s_4.e
               Presorted Key: s_4.a, s_4.b, s_4.c, s_4.d
               Sort Method: quicksort  Memory: 27kB
               Sort Groups: 32
               ->  Sort  (cost=9941.82..10191.82 rows=100000 width=20) (actual time=18.280..18.322 rows=1025 loops=1)
                     Sort Key: s_4.a, s_4.b, s_4.c, s_4.d
                     Sort Method: quicksort  Memory: 10885kB
                     ->  Seq Scan on s_4  (cost=0.00..1637.00 rows=100000 width=20) (actual time=0.009..5.571 rows=100000 loops=1)
 Planning time: 0.245 ms
 Execution time: 19.076 ms
(13 rows)

===== 317 [Wed Mar  7 02:04:35 CET 2018] scale:100000 groups:1000 work_mem:64MB incremental:off max_workers:2 =====
SELECT * FROM (SELECT * FROM s_1 ORDER BY a) foo ORDER BY a, b LIMIT 1000
                                                            QUERY PLAN                                                             
-----------------------------------------------------------------------------------------------------------------------------------
 Limit  (cost=16687.21..16687.21 rows=1 width=20) (actual time=27.128..27.128 rows=0 loops=1)
   ->  Limit  (cost=16674.71..16677.21 rows=1000 width=20) (actual time=27.006..27.100 rows=1000 loops=1)
         ->  Sort  (cost=16674.71..16924.71 rows=100000 width=20) (actual time=27.005..27.044 rows=1000 loops=1)
               Sort Key: s_1.a, s_1.b
               Sort Method: top-N heapsort  Memory: 130kB
               ->  Sort  (cost=9941.82..10191.82 rows=100000 width=20) (actual time=16.410..19.896 rows=100000 loops=1)
                     Sort Key: s_1.a
                     Sort Method: quicksort  Memory: 10885kB
                     ->  Seq Scan on s_1  (cost=0.00..1637.00 rows=100000 width=20) (actual time=0.010..5.582 rows=100000 loops=1)
 Planning time: 0.218 ms
 Execution time: 27.623 ms
(11 rows)

===== 318 [Wed Mar  7 02:04:35 CET 2018] scale:100000 groups:1000 work_mem:64MB incremental:off max_workers:2 =====
SELECT * FROM (SELECT * FROM s_2 ORDER BY a, b) foo ORDER BY a, b, c LIMIT 1000
                                                            QUERY PLAN                                                             
-----------------------------------------------------------------------------------------------------------------------------------
 Limit  (cost=16687.21..16687.21 rows=1 width=20) (actual time=28.567..28.567 rows=0 loops=1)
   ->  Limit  (cost=16674.71..16677.21 rows=1000 width=20) (actual time=28.445..28.539 rows=1000 loops=1)
         ->  Sort  (cost=16674.71..16924.71 rows=100000 width=20) (actual time=28.445..28.484 rows=1000 loops=1)
               Sort Key: s_2.a, s_2.b, s_2.c
               Sort Method: top-N heapsort  Memory: 127kB
               ->  Sort  (cost=9941.82..10191.82 rows=100000 width=20) (actual time=17.808..21.323 rows=100000 loops=1)
                     Sort Key: s_2.a, s_2.b
                     Sort Method: quicksort  Memory: 10885kB
                     ->  Seq Scan on s_2  (cost=0.00..1637.00 rows=100000 width=20) (actual time=0.012..5.610 rows=100000 loops=1)
 Planning time: 0.219 ms
 Execution time: 29.052 ms
(11 rows)

===== 319 [Wed Mar  7 02:04:36 CET 2018] scale:100000 groups:1000 work_mem:64MB incremental:off max_workers:2 =====
SELECT * FROM (SELECT * FROM s_3 ORDER BY a, b, c) foo ORDER BY a, b, c, d LIMIT 1000
                                                            QUERY PLAN                                                             
-----------------------------------------------------------------------------------------------------------------------------------
 Limit  (cost=16687.21..16687.21 rows=1 width=20) (actual time=29.563..29.563 rows=0 loops=1)
   ->  Limit  (cost=16674.71..16677.21 rows=1000 width=20) (actual time=29.442..29.535 rows=1000 loops=1)
         ->  Sort  (cost=16674.71..16924.71 rows=100000 width=20) (actual time=29.441..29.480 rows=1000 loops=1)
               Sort Key: s_3.a, s_3.b, s_3.c, s_3.d
               Sort Method: top-N heapsort  Memory: 127kB
               ->  Sort  (cost=9941.82..10191.82 rows=100000 width=20) (actual time=18.254..21.802 rows=100000 loops=1)
                     Sort Key: s_3.a, s_3.b, s_3.c
                     Sort Method: quicksort  Memory: 10885kB
                     ->  Seq Scan on s_3  (cost=0.00..1637.00 rows=100000 width=20) (actual time=0.013..5.557 rows=100000 loops=1)
 Planning time: 0.231 ms
 Execution time: 30.050 ms
(11 rows)

===== 320 [Wed Mar  7 02:04:36 CET 2018] scale:100000 groups:1000 work_mem:64MB incremental:off max_workers:2 =====
SELECT * FROM (SELECT * FROM s_4 ORDER BY a, b, c, d) foo ORDER BY a, b, c, d, e LIMIT 1000
                                                            QUERY PLAN                                                             
-----------------------------------------------------------------------------------------------------------------------------------
 Limit  (cost=16687.21..16687.21 rows=1 width=20) (actual time=29.537..29.537 rows=0 loops=1)
   ->  Limit  (cost=16674.71..16677.21 rows=1000 width=20) (actual time=29.416..29.508 rows=1000 loops=1)
         ->  Sort  (cost=16674.71..16924.71 rows=100000 width=20) (actual time=29.415..29.454 rows=1000 loops=1)
               Sort Key: s_4.a, s_4.b, s_4.c, s_4.d, s_4.e
               Sort Method: top-N heapsort  Memory: 127kB
               ->  Sort  (cost=9941.82..10191.82 rows=100000 width=20) (actual time=18.242..21.789 rows=100000 loops=1)
                     Sort Key: s_4.a, s_4.b, s_4.c, s_4.d
                     Sort Method: quicksort  Memory: 10885kB
                     ->  Seq Scan on s_4  (cost=0.00..1637.00 rows=100000 width=20) (actual time=0.009..5.567 rows=100000 loops=1)
 Planning time: 0.231 ms
 Execution time: 30.028 ms
(11 rows)

===== 321 [Wed Mar  7 02:04:36 CET 2018] scale:100000 groups:1000 work_mem:128MB incremental:on max_workers:2 =====
SELECT * FROM (SELECT * FROM s_1 ORDER BY a) foo ORDER BY a, b LIMIT 1000
                                                            QUERY PLAN                                                             
-----------------------------------------------------------------------------------------------------------------------------------
 Limit  (cost=9974.50..9974.50 rows=1 width=20) (actual time=16.935..16.935 rows=0 loops=1)
   ->  Limit  (cost=9946.39..9964.50 rows=1000 width=20) (actual time=16.557..16.907 rows=1000 loops=1)
         ->  Incremental Sort  (cost=9946.39..11757.55 rows=100000 width=20) (actual time=16.557..16.851 rows=1000 loops=1)
               Sort Key: s_1.a, s_1.b
               Presorted Key: s_1.a
               Sort Method: quicksort  Memory: 33kB
               Sort Groups: 11
               ->  Sort  (cost=9941.82..10191.82 rows=100000 width=20) (actual time=16.496..16.535 rows=1056 loops=1)
                     Sort Key: s_1.a
                     Sort Method: quicksort  Memory: 10885kB
                     ->  Seq Scan on s_1  (cost=0.00..1637.00 rows=100000 width=20) (actual time=0.010..5.624 rows=100000 loops=1)
 Planning time: 0.227 ms
 Execution time: 17.392 ms
(13 rows)

===== 322 [Wed Mar  7 02:04:36 CET 2018] scale:100000 groups:1000 work_mem:128MB incremental:on max_workers:2 =====
SELECT * FROM (SELECT * FROM s_2 ORDER BY a, b) foo ORDER BY a, b, c LIMIT 1000
                                                            QUERY PLAN                                                             
-----------------------------------------------------------------------------------------------------------------------------------
 Limit  (cost=9971.90..9971.90 rows=1 width=20) (actual time=18.186..18.186 rows=0 loops=1)
   ->  Limit  (cost=9942.11..9961.90 rows=1000 width=20) (actual time=17.897..18.158 rows=1000 loops=1)
         ->  Incremental Sort  (cost=9942.11..11920.93 rows=100000 width=20) (actual time=17.897..18.102 rows=1000 loops=1)
               Sort Key: s_2.a, s_2.b, s_2.c
               Presorted Key: s_2.a, s_2.b
               Sort Method: quicksort  Memory: 27kB
               Sort Groups: 32
               ->  Sort  (cost=9941.82..10191.82 rows=100000 width=20) (actual time=17.850..17.894 rows=1027 loops=1)
                     Sort Key: s_2.a, s_2.b
                     Sort Method: quicksort  Memory: 10885kB
                     ->  Seq Scan on s_2  (cost=0.00..1637.00 rows=100000 width=20) (actual time=0.012..5.641 rows=100000 loops=1)
 Planning time: 0.226 ms
 Execution time: 18.667 ms
(13 rows)

===== 323 [Wed Mar  7 02:04:36 CET 2018] scale:100000 groups:1000 work_mem:128MB incremental:on max_workers:2 =====
SELECT * FROM (SELECT * FROM s_3 ORDER BY a, b, c) foo ORDER BY a, b, c, d LIMIT 1000
                                                            QUERY PLAN                                                             
-----------------------------------------------------------------------------------------------------------------------------------
 Limit  (cost=9971.90..9971.90 rows=1 width=20) (actual time=18.647..18.647 rows=0 loops=1)
   ->  Limit  (cost=9942.11..9961.90 rows=1000 width=20) (actual time=18.387..18.618 rows=1000 loops=1)
         ->  Incremental Sort  (cost=9942.11..11920.93 rows=100000 width=20) (actual time=18.387..18.563 rows=1000 loops=1)
               Sort Key: s_3.a, s_3.b, s_3.c, s_3.d
               Presorted Key: s_3.a, s_3.b, s_3.c
               Sort Method: quicksort  Memory: 27kB
               Sort Groups: 32
               ->  Sort  (cost=9941.82..10191.82 rows=100000 width=20) (actual time=18.341..18.382 rows=1025 loops=1)
                     Sort Key: s_3.a, s_3.b, s_3.c
                     Sort Method: quicksort  Memory: 10885kB
                     ->  Seq Scan on s_3  (cost=0.00..1637.00 rows=100000 width=20) (actual time=0.013..5.609 rows=100000 loops=1)
 Planning time: 0.231 ms
 Execution time: 19.128 ms
(13 rows)

===== 324 [Wed Mar  7 02:04:36 CET 2018] scale:100000 groups:1000 work_mem:128MB incremental:on max_workers:2 =====
SELECT * FROM (SELECT * FROM s_4 ORDER BY a, b, c, d) foo ORDER BY a, b, c, d, e LIMIT 1000
                                                            QUERY PLAN                                                             
-----------------------------------------------------------------------------------------------------------------------------------
 Limit  (cost=9971.90..9971.90 rows=1 width=20) (actual time=18.599..18.599 rows=0 loops=1)
   ->  Limit  (cost=9942.11..9961.90 rows=1000 width=20) (actual time=18.337..18.570 rows=1000 loops=1)
         ->  Incremental Sort  (cost=9942.11..11920.93 rows=100000 width=20) (actual time=18.337..18.514 rows=1000 loops=1)
               Sort Key: s_4.a, s_4.b, s_4.c, s_4.d, s_4.e
               Presorted Key: s_4.a, s_4.b, s_4.c, s_4.d
               Sort Method: quicksort  Memory: 27kB
               Sort Groups: 32
               ->  Sort  (cost=9941.82..10191.82 rows=100000 width=20) (actual time=18.285..18.327 rows=1025 loops=1)
                     Sort Key: s_4.a, s_4.b, s_4.c, s_4.d
                     Sort Method: quicksort  Memory: 10885kB
                     ->  Seq Scan on s_4  (cost=0.00..1637.00 rows=100000 width=20) (actual time=0.009..5.588 rows=100000 loops=1)
 Planning time: 0.237 ms
 Execution time: 19.079 ms
(13 rows)

===== 325 [Wed Mar  7 02:04:37 CET 2018] scale:100000 groups:1000 work_mem:128MB incremental:off max_workers:2 =====
SELECT * FROM (SELECT * FROM s_1 ORDER BY a) foo ORDER BY a, b LIMIT 1000
                                                            QUERY PLAN                                                             
-----------------------------------------------------------------------------------------------------------------------------------
 Limit  (cost=16687.21..16687.21 rows=1 width=20) (actual time=27.079..27.079 rows=0 loops=1)
   ->  Limit  (cost=16674.71..16677.21 rows=1000 width=20) (actual time=26.957..27.051 rows=1000 loops=1)
         ->  Sort  (cost=16674.71..16924.71 rows=100000 width=20) (actual time=26.957..26.995 rows=1000 loops=1)
               Sort Key: s_1.a, s_1.b
               Sort Method: top-N heapsort  Memory: 130kB
               ->  Sort  (cost=9941.82..10191.82 rows=100000 width=20) (actual time=16.372..19.858 rows=100000 loops=1)
                     Sort Key: s_1.a
                     Sort Method: quicksort  Memory: 10885kB
                     ->  Seq Scan on s_1  (cost=0.00..1637.00 rows=100000 width=20) (actual time=0.010..5.594 rows=100000 loops=1)
 Planning time: 0.218 ms
 Execution time: 27.564 ms
(11 rows)

===== 326 [Wed Mar  7 02:04:37 CET 2018] scale:100000 groups:1000 work_mem:128MB incremental:off max_workers:2 =====
SELECT * FROM (SELECT * FROM s_2 ORDER BY a, b) foo ORDER BY a, b, c LIMIT 1000
                                                            QUERY PLAN                                                             
-----------------------------------------------------------------------------------------------------------------------------------
 Limit  (cost=16687.21..16687.21 rows=1 width=20) (actual time=28.556..28.556 rows=0 loops=1)
   ->  Limit  (cost=16674.71..16677.21 rows=1000 width=20) (actual time=28.434..28.529 rows=1000 loops=1)
         ->  Sort  (cost=16674.71..16924.71 rows=100000 width=20) (actual time=28.433..28.472 rows=1000 loops=1)
               Sort Key: s_2.a, s_2.b, s_2.c
               Sort Method: top-N heapsort  Memory: 127kB
               ->  Sort  (cost=9941.82..10191.82 rows=100000 width=20) (actual time=17.794..21.293 rows=100000 loops=1)
                     Sort Key: s_2.a, s_2.b
                     Sort Method: quicksort  Memory: 10885kB
                     ->  Seq Scan on s_2  (cost=0.00..1637.00 rows=100000 width=20) (actual time=0.013..5.600 rows=100000 loops=1)
 Planning time: 0.228 ms
 Execution time: 29.047 ms
(11 rows)

===== 327 [Wed Mar  7 02:04:37 CET 2018] scale:100000 groups:1000 work_mem:128MB incremental:off max_workers:2 =====
SELECT * FROM (SELECT * FROM s_3 ORDER BY a, b, c) foo ORDER BY a, b, c, d LIMIT 1000
                                                            QUERY PLAN                                                             
-----------------------------------------------------------------------------------------------------------------------------------
 Limit  (cost=16687.21..16687.21 rows=1 width=20) (actual time=29.567..29.567 rows=0 loops=1)
   ->  Limit  (cost=16674.71..16677.21 rows=1000 width=20) (actual time=29.446..29.538 rows=1000 loops=1)
         ->  Sort  (cost=16674.71..16924.71 rows=100000 width=20) (actual time=29.445..29.483 rows=1000 loops=1)
               Sort Key: s_3.a, s_3.b, s_3.c, s_3.d
               Sort Method: top-N heapsort  Memory: 127kB
               ->  Sort  (cost=9941.82..10191.82 rows=100000 width=20) (actual time=18.250..21.807 rows=100000 loops=1)
                     Sort Key: s_3.a, s_3.b, s_3.c
                     Sort Method: quicksort  Memory: 10885kB
                     ->  Seq Scan on s_3  (cost=0.00..1637.00 rows=100000 width=20) (actual time=0.013..5.557 rows=100000 loops=1)
 Planning time: 0.226 ms
 Execution time: 30.049 ms
(11 rows)

===== 328 [Wed Mar  7 02:04:37 CET 2018] scale:100000 groups:1000 work_mem:128MB incremental:off max_workers:2 =====
SELECT * FROM (SELECT * FROM s_4 ORDER BY a, b, c, d) foo ORDER BY a, b, c, d, e LIMIT 1000
                                                            QUERY PLAN                                                             
-----------------------------------------------------------------------------------------------------------------------------------
 Limit  (cost=16687.21..16687.21 rows=1 width=20) (actual time=29.545..29.545 rows=0 loops=1)
   ->  Limit  (cost=16674.71..16677.21 rows=1000 width=20) (actual time=29.424..29.517 rows=1000 loops=1)
         ->  Sort  (cost=16674.71..16924.71 rows=100000 width=20) (actual time=29.423..29.462 rows=1000 loops=1)
               Sort Key: s_4.a, s_4.b, s_4.c, s_4.d, s_4.e
               Sort Method: top-N heapsort  Memory: 127kB
               ->  Sort  (cost=9941.82..10191.82 rows=100000 width=20) (actual time=18.233..21.780 rows=100000 loops=1)
                     Sort Key: s_4.a, s_4.b, s_4.c, s_4.d
                     Sort Method: quicksort  Memory: 10885kB
                     ->  Seq Scan on s_4  (cost=0.00..1637.00 rows=100000 width=20) (actual time=0.009..5.570 rows=100000 loops=1)
 Planning time: 0.234 ms
 Execution time: 30.035 ms
(11 rows)

===== 329 [Wed Mar  7 02:04:37 CET 2018] scale:100000 groups:1000 work_mem:256MB incremental:on max_workers:2 =====
SELECT * FROM (SELECT * FROM s_1 ORDER BY a) foo ORDER BY a, b LIMIT 1000
                                                            QUERY PLAN                                                             
-----------------------------------------------------------------------------------------------------------------------------------
 Limit  (cost=9974.50..9974.50 rows=1 width=20) (actual time=16.902..16.902 rows=0 loops=1)
   ->  Limit  (cost=9946.39..9964.50 rows=1000 width=20) (actual time=16.518..16.874 rows=1000 loops=1)
         ->  Incremental Sort  (cost=9946.39..11757.55 rows=100000 width=20) (actual time=16.518..16.814 rows=1000 loops=1)
               Sort Key: s_1.a, s_1.b
               Presorted Key: s_1.a
               Sort Method: quicksort  Memory: 33kB
               Sort Groups: 11
               ->  Sort  (cost=9941.82..10191.82 rows=100000 width=20) (actual time=16.460..16.500 rows=1056 loops=1)
                     Sort Key: s_1.a
                     Sort Method: quicksort  Memory: 10885kB
                     ->  Seq Scan on s_1  (cost=0.00..1637.00 rows=100000 width=20) (actual time=0.010..5.617 rows=100000 loops=1)
 Planning time: 0.222 ms
 Execution time: 17.356 ms
(13 rows)

===== 330 [Wed Mar  7 02:04:38 CET 2018] scale:100000 groups:1000 work_mem:256MB incremental:on max_workers:2 =====
SELECT * FROM (SELECT * FROM s_2 ORDER BY a, b) foo ORDER BY a, b, c LIMIT 1000
                                                            QUERY PLAN                                                             
-----------------------------------------------------------------------------------------------------------------------------------
 Limit  (cost=9971.90..9971.90 rows=1 width=20) (actual time=18.162..18.162 rows=0 loops=1)
   ->  Limit  (cost=9942.11..9961.90 rows=1000 width=20) (actual time=17.863..18.134 rows=1000 loops=1)
         ->  Incremental Sort  (cost=9942.11..11920.93 rows=100000 width=20) (actual time=17.863..18.078 rows=1000 loops=1)
               Sort Key: s_2.a, s_2.b, s_2.c
               Presorted Key: s_2.a, s_2.b
               Sort Method: quicksort  Memory: 27kB
               Sort Groups: 32
               ->  Sort  (cost=9941.82..10191.82 rows=100000 width=20) (actual time=17.816..17.861 rows=1027 loops=1)
                     Sort Key: s_2.a, s_2.b
                     Sort Method: quicksort  Memory: 10885kB
                     ->  Seq Scan on s_2  (cost=0.00..1637.00 rows=100000 width=20) (actual time=0.013..5.639 rows=100000 loops=1)
 Planning time: 0.233 ms
 Execution time: 18.640 ms
(13 rows)

===== 331 [Wed Mar  7 02:04:38 CET 2018] scale:100000 groups:1000 work_mem:256MB incremental:on max_workers:2 =====
SELECT * FROM (SELECT * FROM s_3 ORDER BY a, b, c) foo ORDER BY a, b, c, d LIMIT 1000
                                                            QUERY PLAN                                                             
-----------------------------------------------------------------------------------------------------------------------------------
 Limit  (cost=9971.90..9971.90 rows=1 width=20) (actual time=18.602..18.602 rows=0 loops=1)
   ->  Limit  (cost=9942.11..9961.90 rows=1000 width=20) (actual time=18.336..18.573 rows=1000 loops=1)
         ->  Incremental Sort  (cost=9942.11..11920.93 rows=100000 width=20) (actual time=18.336..18.518 rows=1000 loops=1)
               Sort Key: s_3.a, s_3.b, s_3.c, s_3.d
               Presorted Key: s_3.a, s_3.b, s_3.c
               Sort Method: quicksort  Memory: 27kB
               Sort Groups: 32
               ->  Sort  (cost=9941.82..10191.82 rows=100000 width=20) (actual time=18.292..18.333 rows=1025 loops=1)
                     Sort Key: s_3.a, s_3.b, s_3.c
                     Sort Method: quicksort  Memory: 10885kB
                     ->  Seq Scan on s_3  (cost=0.00..1637.00 rows=100000 width=20) (actual time=0.013..5.599 rows=100000 loops=1)
 Planning time: 0.234 ms
 Execution time: 19.079 ms
(13 rows)

===== 332 [Wed Mar  7 02:04:38 CET 2018] scale:100000 groups:1000 work_mem:256MB incremental:on max_workers:2 =====
SELECT * FROM (SELECT * FROM s_4 ORDER BY a, b, c, d) foo ORDER BY a, b, c, d, e LIMIT 1000
                                                            QUERY PLAN                                                             
-----------------------------------------------------------------------------------------------------------------------------------
 Limit  (cost=9971.90..9971.90 rows=1 width=20) (actual time=18.611..18.611 rows=0 loops=1)
   ->  Limit  (cost=9942.11..9961.90 rows=1000 width=20) (actual time=18.350..18.581 rows=1000 loops=1)
         ->  Incremental Sort  (cost=9942.11..11920.93 rows=100000 width=20) (actual time=18.349..18.526 rows=1000 loops=1)
               Sort Key: s_4.a, s_4.b, s_4.c, s_4.d, s_4.e
               Presorted Key: s_4.a, s_4.b, s_4.c, s_4.d
               Sort Method: quicksort  Memory: 27kB
               Sort Groups: 32
               ->  Sort  (cost=9941.82..10191.82 rows=100000 width=20) (actual time=18.294..18.335 rows=1025 loops=1)
                     Sort Key: s_4.a, s_4.b, s_4.c, s_4.d
                     Sort Method: quicksort  Memory: 10885kB
                     ->  Seq Scan on s_4  (cost=0.00..1637.00 rows=100000 width=20) (actual time=0.010..5.597 rows=100000 loops=1)
 Planning time: 0.235 ms
 Execution time: 19.094 ms
(13 rows)

===== 333 [Wed Mar  7 02:04:38 CET 2018] scale:100000 groups:1000 work_mem:256MB incremental:off max_workers:2 =====
SELECT * FROM (SELECT * FROM s_1 ORDER BY a) foo ORDER BY a, b LIMIT 1000
                                                            QUERY PLAN                                                             
-----------------------------------------------------------------------------------------------------------------------------------
 Limit  (cost=16687.21..16687.21 rows=1 width=20) (actual time=27.077..27.077 rows=0 loops=1)
   ->  Limit  (cost=16674.71..16677.21 rows=1000 width=20) (actual time=26.953..27.050 rows=1000 loops=1)
         ->  Sort  (cost=16674.71..16924.71 rows=100000 width=20) (actual time=26.952..26.994 rows=1000 loops=1)
               Sort Key: s_1.a, s_1.b
               Sort Method: top-N heapsort  Memory: 130kB
               ->  Sort  (cost=9941.82..10191.82 rows=100000 width=20) (actual time=16.372..19.853 rows=100000 loops=1)
                     Sort Key: s_1.a
                     Sort Method: quicksort  Memory: 10885kB
                     ->  Seq Scan on s_1  (cost=0.00..1637.00 rows=100000 width=20) (actual time=0.014..5.592 rows=100000 loops=1)
 Planning time: 0.222 ms
 Execution time: 27.557 ms
(11 rows)

===== 334 [Wed Mar  7 02:04:38 CET 2018] scale:100000 groups:1000 work_mem:256MB incremental:off max_workers:2 =====
SELECT * FROM (SELECT * FROM s_2 ORDER BY a, b) foo ORDER BY a, b, c LIMIT 1000
                                                            QUERY PLAN                                                             
-----------------------------------------------------------------------------------------------------------------------------------
 Limit  (cost=16687.21..16687.21 rows=1 width=20) (actual time=28.530..28.530 rows=0 loops=1)
   ->  Limit  (cost=16674.71..16677.21 rows=1000 width=20) (actual time=28.408..28.502 rows=1000 loops=1)
         ->  Sort  (cost=16674.71..16924.71 rows=100000 width=20) (actual time=28.407..28.446 rows=1000 loops=1)
               Sort Key: s_2.a, s_2.b, s_2.c
               Sort Method: top-N heapsort  Memory: 127kB
               ->  Sort  (cost=9941.82..10191.82 rows=100000 width=20) (actual time=17.771..21.269 rows=100000 loops=1)
                     Sort Key: s_2.a, s_2.b
                     Sort Method: quicksort  Memory: 10885kB
                     ->  Seq Scan on s_2  (cost=0.00..1637.00 rows=100000 width=20) (actual time=0.013..5.599 rows=100000 loops=1)
 Planning time: 0.222 ms
 Execution time: 29.017 ms
(11 rows)

===== 335 [Wed Mar  7 02:04:38 CET 2018] scale:100000 groups:1000 work_mem:256MB incremental:off max_workers:2 =====
SELECT * FROM (SELECT * FROM s_3 ORDER BY a, b, c) foo ORDER BY a, b, c, d LIMIT 1000
                                                            QUERY PLAN                                                             
-----------------------------------------------------------------------------------------------------------------------------------
 Limit  (cost=16687.21..16687.21 rows=1 width=20) (actual time=29.547..29.547 rows=0 loops=1)
   ->  Limit  (cost=16674.71..16677.21 rows=1000 width=20) (actual time=29.426..29.518 rows=1000 loops=1)
         ->  Sort  (cost=16674.71..16924.71 rows=100000 width=20) (actual time=29.425..29.463 rows=1000 loops=1)
               Sort Key: s_3.a, s_3.b, s_3.c, s_3.d
               Sort Method: top-N heapsort  Memory: 127kB
               ->  Sort  (cost=9941.82..10191.82 rows=100000 width=20) (actual time=18.221..21.771 rows=100000 loops=1)
                     Sort Key: s_3.a, s_3.b, s_3.c
                     Sort Method: quicksort  Memory: 10885kB
                     ->  Seq Scan on s_3  (cost=0.00..1637.00 rows=100000 width=20) (actual time=0.012..5.555 rows=100000 loops=1)
 Planning time: 0.230 ms
 Execution time: 30.032 ms
(11 rows)

===== 336 [Wed Mar  7 02:04:39 CET 2018] scale:100000 groups:1000 work_mem:256MB incremental:off max_workers:2 =====
SELECT * FROM (SELECT * FROM s_4 ORDER BY a, b, c, d) foo ORDER BY a, b, c, d, e LIMIT 1000
                                                            QUERY PLAN                                                             
-----------------------------------------------------------------------------------------------------------------------------------
 Limit  (cost=16687.21..16687.21 rows=1 width=20) (actual time=29.568..29.568 rows=0 loops=1)
   ->  Limit  (cost=16674.71..16677.21 rows=1000 width=20) (actual time=29.447..29.539 rows=1000 loops=1)
         ->  Sort  (cost=16674.71..16924.71 rows=100000 width=20) (actual time=29.446..29.485 rows=1000 loops=1)
               Sort Key: s_4.a, s_4.b, s_4.c, s_4.d, s_4.e
               Sort Method: top-N heapsort  Memory: 127kB
               ->  Sort  (cost=9941.82..10191.82 rows=100000 width=20) (actual time=18.247..21.793 rows=100000 loops=1)
                     Sort Key: s_4.a, s_4.b, s_4.c, s_4.d
                     Sort Method: quicksort  Memory: 10885kB
                     ->  Seq Scan on s_4  (cost=0.00..1637.00 rows=100000 width=20) (actual time=0.009..5.552 rows=100000 loops=1)
 Planning time: 0.231 ms
 Execution time: 30.051 ms
(11 rows)

===== 337 [Wed Mar  7 02:04:40 CET 2018] scale:100000 groups:10000 work_mem:4MB incremental:on max_workers:0 =====
SELECT * FROM (SELECT * FROM s_1 ORDER BY a) foo ORDER BY a, b LIMIT 1000
                                                            QUERY PLAN                                                             
-----------------------------------------------------------------------------------------------------------------------------------
 Limit  (cost=12022.87..12022.87 rows=1 width=20) (actual time=21.652..21.652 rows=0 loops=1)
   ->  Limit  (cost=11993.12..12012.87 rows=1000 width=20) (actual time=21.283..21.624 rows=1000 loops=1)
         ->  Incremental Sort  (cost=11993.12..13968.75 rows=100000 width=20) (actual time=21.283..21.563 rows=1000 loops=1)
               Sort Key: s_1.a, s_1.b
               Presorted Key: s_1.a
               Sort Method: quicksort  Memory: 28kB
               Sort Groups: 27
               ->  Sort  (cost=11992.82..12242.82 rows=100000 width=20) (actual time=21.233..21.328 rows=1015 loops=1)
                     Sort Key: s_1.a
                     Sort Method: external merge  Disk: 2936kB
                     ->  Seq Scan on s_1  (cost=0.00..1637.00 rows=100000 width=20) (actual time=0.009..5.489 rows=100000 loops=1)
 Planning time: 0.215 ms
 Execution time: 22.216 ms
(13 rows)

===== 338 [Wed Mar  7 02:04:40 CET 2018] scale:100000 groups:10000 work_mem:4MB incremental:on max_workers:0 =====
SELECT * FROM (SELECT * FROM s_2 ORDER BY a, b) foo ORDER BY a, b, c LIMIT 1000
                                                            QUERY PLAN                                                             
-----------------------------------------------------------------------------------------------------------------------------------
 Limit  (cost=12022.90..12022.90 rows=1 width=20) (actual time=22.704..22.704 rows=0 loops=1)
   ->  Limit  (cost=11993.11..12012.90 rows=1000 width=20) (actual time=22.404..22.676 rows=1000 loops=1)
         ->  Incremental Sort  (cost=11993.11..13971.93 rows=100000 width=20) (actual time=22.404..22.620 rows=1000 loops=1)
               Sort Key: s_2.a, s_2.b, s_2.c
               Presorted Key: s_2.a, s_2.b
               Sort Method: quicksort  Memory: 27kB
               Sort Groups: 32
               ->  Sort  (cost=11992.82..12242.82 rows=100000 width=20) (actual time=22.358..22.454 rows=1025 loops=1)
                     Sort Key: s_2.a, s_2.b
                     Sort Method: external merge  Disk: 2936kB
                     ->  Seq Scan on s_2  (cost=0.00..1637.00 rows=100000 width=20) (actual time=0.010..5.497 rows=100000 loops=1)
 Planning time: 0.221 ms
 Execution time: 23.260 ms
(13 rows)

===== 339 [Wed Mar  7 02:04:41 CET 2018] scale:100000 groups:10000 work_mem:4MB incremental:on max_workers:0 =====
SELECT * FROM (SELECT * FROM s_3 ORDER BY a, b, c) foo ORDER BY a, b, c, d LIMIT 1000
                                                            QUERY PLAN                                                             
-----------------------------------------------------------------------------------------------------------------------------------
 Limit  (cost=12022.90..12022.90 rows=1 width=20) (actual time=23.265..23.265 rows=0 loops=1)
   ->  Limit  (cost=11993.11..12012.90 rows=1000 width=20) (actual time=22.958..23.236 rows=1000 loops=1)
         ->  Incremental Sort  (cost=11993.11..13971.93 rows=100000 width=20) (actual time=22.957..23.181 rows=1000 loops=1)
               Sort Key: s_3.a, s_3.b, s_3.c, s_3.d
               Presorted Key: s_3.a, s_3.b, s_3.c
               Sort Method: quicksort  Memory: 27kB
               Sort Groups: 32
               ->  Sort  (cost=11992.82..12242.82 rows=100000 width=20) (actual time=22.913..23.007 rows=1025 loops=1)
                     Sort Key: s_3.a, s_3.b, s_3.c
                     Sort Method: external merge  Disk: 2936kB
                     ->  Seq Scan on s_3  (cost=0.00..1637.00 rows=100000 width=20) (actual time=0.010..5.463 rows=100000 loops=1)
 Planning time: 0.228 ms
 Execution time: 23.835 ms
(13 rows)

===== 340 [Wed Mar  7 02:04:41 CET 2018] scale:100000 groups:10000 work_mem:4MB incremental:on max_workers:0 =====
SELECT * FROM (SELECT * FROM s_4 ORDER BY a, b, c, d) foo ORDER BY a, b, c, d, e LIMIT 1000
                                                            QUERY PLAN                                                             
-----------------------------------------------------------------------------------------------------------------------------------
 Limit  (cost=12022.90..12022.90 rows=1 width=20) (actual time=23.198..23.198 rows=0 loops=1)
   ->  Limit  (cost=11993.11..12012.90 rows=1000 width=20) (actual time=22.896..23.169 rows=1000 loops=1)
         ->  Incremental Sort  (cost=11993.11..13971.93 rows=100000 width=20) (actual time=22.896..23.114 rows=1000 loops=1)
               Sort Key: s_4.a, s_4.b, s_4.c, s_4.d, s_4.e
               Presorted Key: s_4.a, s_4.b, s_4.c, s_4.d
               Sort Method: quicksort  Memory: 27kB
               Sort Groups: 32
               ->  Sort  (cost=11992.82..12242.82 rows=100000 width=20) (actual time=22.845..22.940 rows=1025 loops=1)
                     Sort Key: s_4.a, s_4.b, s_4.c, s_4.d
                     Sort Method: external merge  Disk: 2936kB
                     ->  Seq Scan on s_4  (cost=0.00..1637.00 rows=100000 width=20) (actual time=0.009..5.463 rows=100000 loops=1)
 Planning time: 0.231 ms
 Execution time: 23.769 ms
(13 rows)

===== 341 [Wed Mar  7 02:04:41 CET 2018] scale:100000 groups:10000 work_mem:4MB incremental:off max_workers:0 =====
SELECT * FROM (SELECT * FROM s_1 ORDER BY a) foo ORDER BY a, b LIMIT 1000
                                                            QUERY PLAN                                                             
-----------------------------------------------------------------------------------------------------------------------------------
 Limit  (cost=18738.21..18738.21 rows=1 width=20) (actual time=35.890..35.890 rows=0 loops=1)
   ->  Limit  (cost=18725.71..18728.21 rows=1000 width=20) (actual time=35.768..35.861 rows=1000 loops=1)
         ->  Sort  (cost=18725.71..18975.71 rows=100000 width=20) (actual time=35.767..35.806 rows=1000 loops=1)
               Sort Key: s_1.a, s_1.b
               Sort Method: top-N heapsort  Memory: 127kB
               ->  Sort  (cost=11992.82..12242.82 rows=100000 width=20) (actual time=21.149..29.438 rows=100000 loops=1)
                     Sort Key: s_1.a
                     Sort Method: external merge  Disk: 2936kB
                     ->  Seq Scan on s_1  (cost=0.00..1637.00 rows=100000 width=20) (actual time=0.010..5.484 rows=100000 loops=1)
 Planning time: 0.218 ms
 Execution time: 36.472 ms
(11 rows)

===== 342 [Wed Mar  7 02:04:41 CET 2018] scale:100000 groups:10000 work_mem:4MB incremental:off max_workers:0 =====
SELECT * FROM (SELECT * FROM s_2 ORDER BY a, b) foo ORDER BY a, b, c LIMIT 1000
                                                            QUERY PLAN                                                             
-----------------------------------------------------------------------------------------------------------------------------------
 Limit  (cost=18738.21..18738.21 rows=1 width=20) (actual time=37.076..37.076 rows=0 loops=1)
   ->  Limit  (cost=18725.71..18728.21 rows=1000 width=20) (actual time=36.955..37.048 rows=1000 loops=1)
         ->  Sort  (cost=18725.71..18975.71 rows=100000 width=20) (actual time=36.954..36.993 rows=1000 loops=1)
               Sort Key: s_2.a, s_2.b, s_2.c
               Sort Method: top-N heapsort  Memory: 127kB
               ->  Sort  (cost=11992.82..12242.82 rows=100000 width=20) (actual time=22.336..30.618 rows=100000 loops=1)
                     Sort Key: s_2.a, s_2.b
                     Sort Method: external merge  Disk: 2936kB
                     ->  Seq Scan on s_2  (cost=0.00..1637.00 rows=100000 width=20) (actual time=0.010..5.487 rows=100000 loops=1)
 Planning time: 0.215 ms
 Execution time: 37.662 ms
(11 rows)

===== 343 [Wed Mar  7 02:04:41 CET 2018] scale:100000 groups:10000 work_mem:4MB incremental:off max_workers:0 =====
SELECT * FROM (SELECT * FROM s_3 ORDER BY a, b, c) foo ORDER BY a, b, c, d LIMIT 1000
                                                            QUERY PLAN                                                             
-----------------------------------------------------------------------------------------------------------------------------------
 Limit  (cost=18738.21..18738.21 rows=1 width=20) (actual time=38.755..38.755 rows=0 loops=1)
   ->  Limit  (cost=18725.71..18728.21 rows=1000 width=20) (actual time=38.633..38.726 rows=1000 loops=1)
         ->  Sort  (cost=18725.71..18975.71 rows=100000 width=20) (actual time=38.633..38.671 rows=1000 loops=1)
               Sort Key: s_3.a, s_3.b, s_3.c, s_3.d
               Sort Method: top-N heapsort  Memory: 127kB
               ->  Sort  (cost=11992.82..12242.82 rows=100000 width=20) (actual time=22.872..31.816 rows=100000 loops=1)
                     Sort Key: s_3.a, s_3.b, s_3.c
                     Sort Method: external merge  Disk: 2936kB
                     ->  Seq Scan on s_3  (cost=0.00..1637.00 rows=100000 width=20) (actual time=0.010..5.432 rows=100000 loops=1)
 Planning time: 0.216 ms
 Execution time: 39.322 ms
(11 rows)

===== 344 [Wed Mar  7 02:04:42 CET 2018] scale:100000 groups:10000 work_mem:4MB incremental:off max_workers:0 =====
SELECT * FROM (SELECT * FROM s_4 ORDER BY a, b, c, d) foo ORDER BY a, b, c, d, e LIMIT 1000
                                                            QUERY PLAN                                                             
-----------------------------------------------------------------------------------------------------------------------------------
 Limit  (cost=18738.21..18738.21 rows=1 width=20) (actual time=38.822..38.822 rows=0 loops=1)
   ->  Limit  (cost=18725.71..18728.21 rows=1000 width=20) (actual time=38.700..38.793 rows=1000 loops=1)
         ->  Sort  (cost=18725.71..18975.71 rows=100000 width=20) (actual time=38.700..38.738 rows=1000 loops=1)
               Sort Key: s_4.a, s_4.b, s_4.c, s_4.d, s_4.e
               Sort Method: top-N heapsort  Memory: 127kB
               ->  Sort  (cost=11992.82..12242.82 rows=100000 width=20) (actual time=22.926..31.910 rows=100000 loops=1)
                     Sort Key: s_4.a, s_4.b, s_4.c, s_4.d
                     Sort Method: external merge  Disk: 2936kB
                     ->  Seq Scan on s_4  (cost=0.00..1637.00 rows=100000 width=20) (actual time=0.009..5.429 rows=100000 loops=1)
 Planning time: 0.227 ms
 Execution time: 39.395 ms
(11 rows)

===== 345 [Wed Mar  7 02:04:42 CET 2018] scale:100000 groups:10000 work_mem:8MB incremental:on max_workers:0 =====
SELECT * FROM (SELECT * FROM s_1 ORDER BY a) foo ORDER BY a, b LIMIT 1000
                                                            QUERY PLAN                                                             
-----------------------------------------------------------------------------------------------------------------------------------
 Limit  (cost=9971.87..9971.87 rows=1 width=20) (actual time=23.171..23.171 rows=0 loops=1)
   ->  Limit  (cost=9942.12..9961.87 rows=1000 width=20) (actual time=22.814..23.143 rows=1000 loops=1)
         ->  Incremental Sort  (cost=9942.12..11917.75 rows=100000 width=20) (actual time=22.814..23.087 rows=1000 loops=1)
               Sort Key: s_1.a, s_1.b
               Presorted Key: s_1.a
               Sort Method: quicksort  Memory: 28kB
               Sort Groups: 27
               ->  Sort  (cost=9941.82..10191.82 rows=100000 width=20) (actual time=22.764..22.852 rows=1015 loops=1)
                     Sort Key: s_1.a
                     Sort Method: external merge  Disk: 2936kB
                     ->  Seq Scan on s_1  (cost=0.00..1637.00 rows=100000 width=20) (actual time=0.010..5.631 rows=100000 loops=1)
 Planning time: 0.216 ms
 Execution time: 23.693 ms
(13 rows)

===== 346 [Wed Mar  7 02:04:42 CET 2018] scale:100000 groups:10000 work_mem:8MB incremental:on max_workers:0 =====
SELECT * FROM (SELECT * FROM s_2 ORDER BY a, b) foo ORDER BY a, b, c LIMIT 1000
                                                            QUERY PLAN                                                             
-----------------------------------------------------------------------------------------------------------------------------------
 Limit  (cost=9971.90..9971.90 rows=1 width=20) (actual time=24.365..24.365 rows=0 loops=1)
   ->  Limit  (cost=9942.11..9961.90 rows=1000 width=20) (actual time=24.068..24.337 rows=1000 loops=1)
         ->  Incremental Sort  (cost=9942.11..11920.93 rows=100000 width=20) (actual time=24.068..24.281 rows=1000 loops=1)
               Sort Key: s_2.a, s_2.b, s_2.c
               Presorted Key: s_2.a, s_2.b
               Sort Method: quicksort  Memory: 27kB
               Sort Groups: 32
               ->  Sort  (cost=9941.82..10191.82 rows=100000 width=20) (actual time=24.024..24.117 rows=1025 loops=1)
                     Sort Key: s_2.a, s_2.b
                     Sort Method: external merge  Disk: 2936kB
                     ->  Seq Scan on s_2  (cost=0.00..1637.00 rows=100000 width=20) (actual time=0.010..5.617 rows=100000 loops=1)
 Planning time: 0.220 ms
 Execution time: 24.881 ms
(13 rows)

===== 347 [Wed Mar  7 02:04:42 CET 2018] scale:100000 groups:10000 work_mem:8MB incremental:on max_workers:0 =====
SELECT * FROM (SELECT * FROM s_3 ORDER BY a, b, c) foo ORDER BY a, b, c, d LIMIT 1000
                                                            QUERY PLAN                                                             
-----------------------------------------------------------------------------------------------------------------------------------
 Limit  (cost=9971.90..9971.90 rows=1 width=20) (actual time=24.855..24.855 rows=0 loops=1)
   ->  Limit  (cost=9942.11..9961.90 rows=1000 width=20) (actual time=24.554..24.826 rows=1000 loops=1)
         ->  Incremental Sort  (cost=9942.11..11920.93 rows=100000 width=20) (actual time=24.554..24.770 rows=1000 loops=1)
               Sort Key: s_3.a, s_3.b, s_3.c, s_3.d
               Presorted Key: s_3.a, s_3.b, s_3.c
               Sort Method: quicksort  Memory: 27kB
               Sort Groups: 32
               ->  Sort  (cost=9941.82..10191.82 rows=100000 width=20) (actual time=24.508..24.597 rows=1025 loops=1)
                     Sort Key: s_3.a, s_3.b, s_3.c
                     Sort Method: external merge  Disk: 2936kB
                     ->  Seq Scan on s_3  (cost=0.00..1637.00 rows=100000 width=20) (actual time=0.010..5.581 rows=100000 loops=1)
 Planning time: 0.230 ms
 Execution time: 25.370 ms
(13 rows)

===== 348 [Wed Mar  7 02:04:43 CET 2018] scale:100000 groups:10000 work_mem:8MB incremental:on max_workers:0 =====
SELECT * FROM (SELECT * FROM s_4 ORDER BY a, b, c, d) foo ORDER BY a, b, c, d, e LIMIT 1000
                                                            QUERY PLAN                                                             
-----------------------------------------------------------------------------------------------------------------------------------
 Limit  (cost=9971.90..9971.90 rows=1 width=20) (actual time=24.901..24.901 rows=0 loops=1)
   ->  Limit  (cost=9942.11..9961.90 rows=1000 width=20) (actual time=24.599..24.871 rows=1000 loops=1)
         ->  Incremental Sort  (cost=9942.11..11920.93 rows=100000 width=20) (actual time=24.599..24.816 rows=1000 loops=1)
               Sort Key: s_4.a, s_4.b, s_4.c, s_4.d, s_4.e
               Presorted Key: s_4.a, s_4.b, s_4.c, s_4.d
               Sort Method: quicksort  Memory: 27kB
               Sort Groups: 32
               ->  Sort  (cost=9941.82..10191.82 rows=100000 width=20) (actual time=24.549..24.641 rows=1025 loops=1)
                     Sort Key: s_4.a, s_4.b, s_4.c, s_4.d
                     Sort Method: external merge  Disk: 2936kB
                     ->  Seq Scan on s_4  (cost=0.00..1637.00 rows=100000 width=20) (actual time=0.009..5.577 rows=100000 loops=1)
 Planning time: 0.236 ms
 Execution time: 25.411 ms
(13 rows)

===== 349 [Wed Mar  7 02:04:43 CET 2018] scale:100000 groups:10000 work_mem:8MB incremental:off max_workers:0 =====
SELECT * FROM (SELECT * FROM s_1 ORDER BY a) foo ORDER BY a, b LIMIT 1000
                                                            QUERY PLAN                                                             
-----------------------------------------------------------------------------------------------------------------------------------
 Limit  (cost=16687.21..16687.21 rows=1 width=20) (actual time=37.241..37.241 rows=0 loops=1)
   ->  Limit  (cost=16674.71..16677.21 rows=1000 width=20) (actual time=37.119..37.212 rows=1000 loops=1)
         ->  Sort  (cost=16674.71..16924.71 rows=100000 width=20) (actual time=37.118..37.157 rows=1000 loops=1)
               Sort Key: s_1.a, s_1.b
               Sort Method: top-N heapsort  Memory: 127kB
               ->  Sort  (cost=9941.82..10191.82 rows=100000 width=20) (actual time=22.653..30.805 rows=100000 loops=1)
                     Sort Key: s_1.a
                     Sort Method: external merge  Disk: 2936kB
                     ->  Seq Scan on s_1  (cost=0.00..1637.00 rows=100000 width=20) (actual time=0.010..5.573 rows=100000 loops=1)
 Planning time: 0.208 ms
 Execution time: 37.666 ms
(11 rows)

===== 350 [Wed Mar  7 02:04:43 CET 2018] scale:100000 groups:10000 work_mem:8MB incremental:off max_workers:0 =====
SELECT * FROM (SELECT * FROM s_2 ORDER BY a, b) foo ORDER BY a, b, c LIMIT 1000
                                                            QUERY PLAN                                                             
-----------------------------------------------------------------------------------------------------------------------------------
 Limit  (cost=16687.21..16687.21 rows=1 width=20) (actual time=38.617..38.617 rows=0 loops=1)
   ->  Limit  (cost=16674.71..16677.21 rows=1000 width=20) (actual time=38.494..38.589 rows=1000 loops=1)
         ->  Sort  (cost=16674.71..16924.71 rows=100000 width=20) (actual time=38.494..38.533 rows=1000 loops=1)
               Sort Key: s_2.a, s_2.b, s_2.c
               Sort Method: top-N heapsort  Memory: 127kB
               ->  Sort  (cost=9941.82..10191.82 rows=100000 width=20) (actual time=23.970..32.153 rows=100000 loops=1)
                     Sort Key: s_2.a, s_2.b
                     Sort Method: external merge  Disk: 2936kB
                     ->  Seq Scan on s_2  (cost=0.00..1637.00 rows=100000 width=20) (actual time=0.017..5.608 rows=100000 loops=1)
 Planning time: 0.215 ms
 Execution time: 39.040 ms
(11 rows)

===== 351 [Wed Mar  7 02:04:43 CET 2018] scale:100000 groups:10000 work_mem:8MB incremental:off max_workers:0 =====
SELECT * FROM (SELECT * FROM s_3 ORDER BY a, b, c) foo ORDER BY a, b, c, d LIMIT 1000
                                                            QUERY PLAN                                                             
-----------------------------------------------------------------------------------------------------------------------------------
 Limit  (cost=16687.21..16687.21 rows=1 width=20) (actual time=40.126..40.126 rows=0 loops=1)
   ->  Limit  (cost=16674.71..16677.21 rows=1000 width=20) (actual time=40.005..40.098 rows=1000 loops=1)
         ->  Sort  (cost=16674.71..16924.71 rows=100000 width=20) (actual time=40.004..40.043 rows=1000 loops=1)
               Sort Key: s_3.a, s_3.b, s_3.c, s_3.d
               Sort Method: top-N heapsort  Memory: 127kB
               ->  Sort  (cost=9941.82..10191.82 rows=100000 width=20) (actual time=24.381..33.243 rows=100000 loops=1)
                     Sort Key: s_3.a, s_3.b, s_3.c
                     Sort Method: external merge  Disk: 2936kB
                     ->  Seq Scan on s_3  (cost=0.00..1637.00 rows=100000 width=20) (actual time=0.010..5.553 rows=100000 loops=1)
 Planning time: 0.219 ms
 Execution time: 40.543 ms
(11 rows)

===== 352 [Wed Mar  7 02:04:43 CET 2018] scale:100000 groups:10000 work_mem:8MB incremental:off max_workers:0 =====
SELECT * FROM (SELECT * FROM s_4 ORDER BY a, b, c, d) foo ORDER BY a, b, c, d, e LIMIT 1000
                                                            QUERY PLAN                                                             
-----------------------------------------------------------------------------------------------------------------------------------
 Limit  (cost=16687.21..16687.21 rows=1 width=20) (actual time=40.350..40.350 rows=0 loops=1)
   ->  Limit  (cost=16674.71..16677.21 rows=1000 width=20) (actual time=40.229..40.322 rows=1000 loops=1)
         ->  Sort  (cost=16674.71..16924.71 rows=100000 width=20) (actual time=40.228..40.267 rows=1000 loops=1)
               Sort Key: s_4.a, s_4.b, s_4.c, s_4.d, s_4.e
               Sort Method: top-N heapsort  Memory: 127kB
               ->  Sort  (cost=9941.82..10191.82 rows=100000 width=20) (actual time=24.555..33.459 rows=100000 loops=1)
                     Sort Key: s_4.a, s_4.b, s_4.c, s_4.d
                     Sort Method: external merge  Disk: 2936kB
                     ->  Seq Scan on s_4  (cost=0.00..1637.00 rows=100000 width=20) (actual time=0.009..5.537 rows=100000 loops=1)
 Planning time: 0.221 ms
 Execution time: 40.745 ms
(11 rows)

===== 353 [Wed Mar  7 02:04:44 CET 2018] scale:100000 groups:10000 work_mem:16MB incremental:on max_workers:0 =====
SELECT * FROM (SELECT * FROM s_1 ORDER BY a) foo ORDER BY a, b LIMIT 1000
                                                            QUERY PLAN                                                             
-----------------------------------------------------------------------------------------------------------------------------------
 Limit  (cost=9971.87..9971.87 rows=1 width=20) (actual time=16.779..16.779 rows=0 loops=1)
   ->  Limit  (cost=9942.12..9961.87 rows=1000 width=20) (actual time=16.462..16.750 rows=1000 loops=1)
         ->  Incremental Sort  (cost=9942.12..11917.75 rows=100000 width=20) (actual time=16.462..16.694 rows=1000 loops=1)
               Sort Key: s_1.a, s_1.b
               Presorted Key: s_1.a
               Sort Method: quicksort  Memory: 28kB
               Sort Groups: 27
               ->  Sort  (cost=9941.82..10191.82 rows=100000 width=20) (actual time=16.412..16.453 rows=1015 loops=1)
                     Sort Key: s_1.a
                     Sort Method: quicksort  Memory: 10885kB
                     ->  Seq Scan on s_1  (cost=0.00..1637.00 rows=100000 width=20) (actual time=0.010..5.628 rows=100000 loops=1)
 Planning time: 0.220 ms
 Execution time: 17.232 ms
(13 rows)

===== 354 [Wed Mar  7 02:04:44 CET 2018] scale:100000 groups:10000 work_mem:16MB incremental:on max_workers:0 =====
SELECT * FROM (SELECT * FROM s_2 ORDER BY a, b) foo ORDER BY a, b, c LIMIT 1000
                                                            QUERY PLAN                                                             
-----------------------------------------------------------------------------------------------------------------------------------
 Limit  (cost=9971.90..9971.90 rows=1 width=20) (actual time=18.015..18.015 rows=0 loops=1)
   ->  Limit  (cost=9942.11..9961.90 rows=1000 width=20) (actual time=17.758..17.986 rows=1000 loops=1)
         ->  Incremental Sort  (cost=9942.11..11920.93 rows=100000 width=20) (actual time=17.758..17.931 rows=1000 loops=1)
               Sort Key: s_2.a, s_2.b, s_2.c
               Presorted Key: s_2.a, s_2.b
               Sort Method: quicksort  Memory: 27kB
               Sort Groups: 32
               ->  Sort  (cost=9941.82..10191.82 rows=100000 width=20) (actual time=17.708..17.753 rows=1025 loops=1)
                     Sort Key: s_2.a, s_2.b
                     Sort Method: quicksort  Memory: 10885kB
                     ->  Seq Scan on s_2  (cost=0.00..1637.00 rows=100000 width=20) (actual time=0.010..5.636 rows=100000 loops=1)
 Planning time: 0.219 ms
 Execution time: 18.495 ms
(13 rows)

===== 355 [Wed Mar  7 02:04:44 CET 2018] scale:100000 groups:10000 work_mem:16MB incremental:on max_workers:0 =====
SELECT * FROM (SELECT * FROM s_3 ORDER BY a, b, c) foo ORDER BY a, b, c, d LIMIT 1000
                                                            QUERY PLAN                                                             
-----------------------------------------------------------------------------------------------------------------------------------
 Limit  (cost=9971.90..9971.90 rows=1 width=20) (actual time=18.552..18.552 rows=0 loops=1)
   ->  Limit  (cost=9942.11..9961.90 rows=1000 width=20) (actual time=18.294..18.524 rows=1000 loops=1)
         ->  Incremental Sort  (cost=9942.11..11920.93 rows=100000 width=20) (actual time=18.294..18.468 rows=1000 loops=1)
               Sort Key: s_3.a, s_3.b, s_3.c, s_3.d
               Presorted Key: s_3.a, s_3.b, s_3.c
               Sort Method: quicksort  Memory: 27kB
               Sort Groups: 32
               ->  Sort  (cost=9941.82..10191.82 rows=100000 width=20) (actual time=18.245..18.286 rows=1025 loops=1)
                     Sort Key: s_3.a, s_3.b, s_3.c
                     Sort Method: quicksort  Memory: 10885kB
                     ->  Seq Scan on s_3  (cost=0.00..1637.00 rows=100000 width=20) (actual time=0.010..5.597 rows=100000 loops=1)
 Planning time: 0.228 ms
 Execution time: 19.028 ms
(13 rows)

===== 356 [Wed Mar  7 02:04:44 CET 2018] scale:100000 groups:10000 work_mem:16MB incremental:on max_workers:0 =====
SELECT * FROM (SELECT * FROM s_4 ORDER BY a, b, c, d) foo ORDER BY a, b, c, d, e LIMIT 1000
                                                            QUERY PLAN                                                             
-----------------------------------------------------------------------------------------------------------------------------------
 Limit  (cost=9971.90..9971.90 rows=1 width=20) (actual time=18.538..18.538 rows=0 loops=1)
   ->  Limit  (cost=9942.11..9961.90 rows=1000 width=20) (actual time=18.279..18.510 rows=1000 loops=1)
         ->  Incremental Sort  (cost=9942.11..11920.93 rows=100000 width=20) (actual time=18.278..18.455 rows=1000 loops=1)
               Sort Key: s_4.a, s_4.b, s_4.c, s_4.d, s_4.e
               Presorted Key: s_4.a, s_4.b, s_4.c, s_4.d
               Sort Method: quicksort  Memory: 27kB
               Sort Groups: 32
               ->  Sort  (cost=9941.82..10191.82 rows=100000 width=20) (actual time=18.224..18.265 rows=1025 loops=1)
                     Sort Key: s_4.a, s_4.b, s_4.c, s_4.d
                     Sort Method: quicksort  Memory: 10885kB
                     ->  Seq Scan on s_4  (cost=0.00..1637.00 rows=100000 width=20) (actual time=0.009..5.596 rows=100000 loops=1)
 Planning time: 0.237 ms
 Execution time: 19.017 ms
(13 rows)

===== 357 [Wed Mar  7 02:04:44 CET 2018] scale:100000 groups:10000 work_mem:16MB incremental:off max_workers:0 =====
SELECT * FROM (SELECT * FROM s_1 ORDER BY a) foo ORDER BY a, b LIMIT 1000
                                                            QUERY PLAN                                                             
-----------------------------------------------------------------------------------------------------------------------------------
 Limit  (cost=16687.21..16687.21 rows=1 width=20) (actual time=27.091..27.091 rows=0 loops=1)
   ->  Limit  (cost=16674.71..16677.21 rows=1000 width=20) (actual time=26.970..27.063 rows=1000 loops=1)
         ->  Sort  (cost=16674.71..16924.71 rows=100000 width=20) (actual time=26.969..27.007 rows=1000 loops=1)
               Sort Key: s_1.a, s_1.b
               Sort Method: top-N heapsort  Memory: 127kB
               ->  Sort  (cost=9941.82..10191.82 rows=100000 width=20) (actual time=16.419..19.895 rows=100000 loops=1)
                     Sort Key: s_1.a
                     Sort Method: quicksort  Memory: 10885kB
                     ->  Seq Scan on s_1  (cost=0.00..1637.00 rows=100000 width=20) (actual time=0.010..5.581 rows=100000 loops=1)
 Planning time: 0.211 ms
 Execution time: 27.583 ms
(11 rows)

===== 358 [Wed Mar  7 02:04:45 CET 2018] scale:100000 groups:10000 work_mem:16MB incremental:off max_workers:0 =====
SELECT * FROM (SELECT * FROM s_2 ORDER BY a, b) foo ORDER BY a, b, c LIMIT 1000
                                                            QUERY PLAN                                                             
-----------------------------------------------------------------------------------------------------------------------------------
 Limit  (cost=16687.21..16687.21 rows=1 width=20) (actual time=28.485..28.485 rows=0 loops=1)
   ->  Limit  (cost=16674.71..16677.21 rows=1000 width=20) (actual time=28.364..28.457 rows=1000 loops=1)
         ->  Sort  (cost=16674.71..16924.71 rows=100000 width=20) (actual time=28.363..28.401 rows=1000 loops=1)
               Sort Key: s_2.a, s_2.b, s_2.c
               Sort Method: top-N heapsort  Memory: 127kB
               ->  Sort  (cost=9941.82..10191.82 rows=100000 width=20) (actual time=17.773..21.277 rows=100000 loops=1)
                     Sort Key: s_2.a, s_2.b
                     Sort Method: quicksort  Memory: 10885kB
                     ->  Seq Scan on s_2  (cost=0.00..1637.00 rows=100000 width=20) (actual time=0.010..5.606 rows=100000 loops=1)
 Planning time: 0.215 ms
 Execution time: 28.970 ms
(11 rows)

===== 359 [Wed Mar  7 02:04:45 CET 2018] scale:100000 groups:10000 work_mem:16MB incremental:off max_workers:0 =====
SELECT * FROM (SELECT * FROM s_3 ORDER BY a, b, c) foo ORDER BY a, b, c, d LIMIT 1000
                                                            QUERY PLAN                                                             
-----------------------------------------------------------------------------------------------------------------------------------
 Limit  (cost=16687.21..16687.21 rows=1 width=20) (actual time=29.388..29.388 rows=0 loops=1)
   ->  Limit  (cost=16674.71..16677.21 rows=1000 width=20) (actual time=29.267..29.360 rows=1000 loops=1)
         ->  Sort  (cost=16674.71..16924.71 rows=100000 width=20) (actual time=29.266..29.305 rows=1000 loops=1)
               Sort Key: s_3.a, s_3.b, s_3.c, s_3.d
               Sort Method: top-N heapsort  Memory: 127kB
               ->  Sort  (cost=9941.82..10191.82 rows=100000 width=20) (actual time=18.136..21.676 rows=100000 loops=1)
                     Sort Key: s_3.a, s_3.b, s_3.c
                     Sort Method: quicksort  Memory: 10885kB
                     ->  Seq Scan on s_3  (cost=0.00..1637.00 rows=100000 width=20) (actual time=0.011..5.577 rows=100000 loops=1)
 Planning time: 0.216 ms
 Execution time: 29.870 ms
(11 rows)

===== 360 [Wed Mar  7 02:04:45 CET 2018] scale:100000 groups:10000 work_mem:16MB incremental:off max_workers:0 =====
SELECT * FROM (SELECT * FROM s_4 ORDER BY a, b, c, d) foo ORDER BY a, b, c, d, e LIMIT 1000
                                                            QUERY PLAN                                                             
-----------------------------------------------------------------------------------------------------------------------------------
 Limit  (cost=16687.21..16687.21 rows=1 width=20) (actual time=29.373..29.373 rows=0 loops=1)
   ->  Limit  (cost=16674.71..16677.21 rows=1000 width=20) (actual time=29.252..29.345 rows=1000 loops=1)
         ->  Sort  (cost=16674.71..16924.71 rows=100000 width=20) (actual time=29.251..29.290 rows=1000 loops=1)
               Sort Key: s_4.a, s_4.b, s_4.c, s_4.d, s_4.e
               Sort Method: top-N heapsort  Memory: 127kB
               ->  Sort  (cost=9941.82..10191.82 rows=100000 width=20) (actual time=18.132..21.680 rows=100000 loops=1)
                     Sort Key: s_4.a, s_4.b, s_4.c, s_4.d
                     Sort Method: quicksort  Memory: 10885kB
                     ->  Seq Scan on s_4  (cost=0.00..1637.00 rows=100000 width=20) (actual time=0.009..5.559 rows=100000 loops=1)
 Planning time: 0.231 ms
 Execution time: 29.860 ms
(11 rows)

===== 361 [Wed Mar  7 02:04:45 CET 2018] scale:100000 groups:10000 work_mem:32MB incremental:on max_workers:0 =====
SELECT * FROM (SELECT * FROM s_1 ORDER BY a) foo ORDER BY a, b LIMIT 1000
                                                            QUERY PLAN                                                             
-----------------------------------------------------------------------------------------------------------------------------------
 Limit  (cost=9971.87..9971.87 rows=1 width=20) (actual time=16.799..16.799 rows=0 loops=1)
   ->  Limit  (cost=9942.12..9961.87 rows=1000 width=20) (actual time=16.483..16.770 rows=1000 loops=1)
         ->  Incremental Sort  (cost=9942.12..11917.75 rows=100000 width=20) (actual time=16.482..16.714 rows=1000 loops=1)
               Sort Key: s_1.a, s_1.b
               Presorted Key: s_1.a
               Sort Method: quicksort  Memory: 28kB
               Sort Groups: 27
               ->  Sort  (cost=9941.82..10191.82 rows=100000 width=20) (actual time=16.427..16.468 rows=1015 loops=1)
                     Sort Key: s_1.a
                     Sort Method: quicksort  Memory: 10885kB
                     ->  Seq Scan on s_1  (cost=0.00..1637.00 rows=100000 width=20) (actual time=0.010..5.634 rows=100000 loops=1)
 Planning time: 0.215 ms
 Execution time: 17.257 ms
(13 rows)

===== 362 [Wed Mar  7 02:04:45 CET 2018] scale:100000 groups:10000 work_mem:32MB incremental:on max_workers:0 =====
SELECT * FROM (SELECT * FROM s_2 ORDER BY a, b) foo ORDER BY a, b, c LIMIT 1000
                                                            QUERY PLAN                                                             
-----------------------------------------------------------------------------------------------------------------------------------
 Limit  (cost=9971.90..9971.90 rows=1 width=20) (actual time=18.001..18.001 rows=0 loops=1)
   ->  Limit  (cost=9942.11..9961.90 rows=1000 width=20) (actual time=17.744..17.972 rows=1000 loops=1)
         ->  Incremental Sort  (cost=9942.11..11920.93 rows=100000 width=20) (actual time=17.744..17.916 rows=1000 loops=1)
               Sort Key: s_2.a, s_2.b, s_2.c
               Presorted Key: s_2.a, s_2.b
               Sort Method: quicksort  Memory: 27kB
               Sort Groups: 32
               ->  Sort  (cost=9941.82..10191.82 rows=100000 width=20) (actual time=17.695..17.740 rows=1025 loops=1)
                     Sort Key: s_2.a, s_2.b
                     Sort Method: quicksort  Memory: 10885kB
                     ->  Seq Scan on s_2  (cost=0.00..1637.00 rows=100000 width=20) (actual time=0.010..5.635 rows=100000 loops=1)
 Planning time: 0.219 ms
 Execution time: 18.486 ms
(13 rows)

===== 363 [Wed Mar  7 02:04:45 CET 2018] scale:100000 groups:10000 work_mem:32MB incremental:on max_workers:0 =====
SELECT * FROM (SELECT * FROM s_3 ORDER BY a, b, c) foo ORDER BY a, b, c, d LIMIT 1000
                                                            QUERY PLAN                                                             
-----------------------------------------------------------------------------------------------------------------------------------
 Limit  (cost=9971.90..9971.90 rows=1 width=20) (actual time=18.533..18.533 rows=0 loops=1)
   ->  Limit  (cost=9942.11..9961.90 rows=1000 width=20) (actual time=18.275..18.504 rows=1000 loops=1)
         ->  Incremental Sort  (cost=9942.11..11920.93 rows=100000 width=20) (actual time=18.274..18.449 rows=1000 loops=1)
               Sort Key: s_3.a, s_3.b, s_3.c, s_3.d
               Presorted Key: s_3.a, s_3.b, s_3.c
               Sort Method: quicksort  Memory: 27kB
               Sort Groups: 32
               ->  Sort  (cost=9941.82..10191.82 rows=100000 width=20) (actual time=18.225..18.266 rows=1025 loops=1)
                     Sort Key: s_3.a, s_3.b, s_3.c
                     Sort Method: quicksort  Memory: 10885kB
                     ->  Seq Scan on s_3  (cost=0.00..1637.00 rows=100000 width=20) (actual time=0.010..5.593 rows=100000 loops=1)
 Planning time: 0.226 ms
 Execution time: 19.006 ms
(13 rows)

===== 364 [Wed Mar  7 02:04:46 CET 2018] scale:100000 groups:10000 work_mem:32MB incremental:on max_workers:0 =====
SELECT * FROM (SELECT * FROM s_4 ORDER BY a, b, c, d) foo ORDER BY a, b, c, d, e LIMIT 1000
                                                            QUERY PLAN                                                             
-----------------------------------------------------------------------------------------------------------------------------------
 Limit  (cost=9971.90..9971.90 rows=1 width=20) (actual time=18.528..18.528 rows=0 loops=1)
   ->  Limit  (cost=9942.11..9961.90 rows=1000 width=20) (actual time=18.270..18.501 rows=1000 loops=1)
         ->  Incremental Sort  (cost=9942.11..11920.93 rows=100000 width=20) (actual time=18.269..18.445 rows=1000 loops=1)
               Sort Key: s_4.a, s_4.b, s_4.c, s_4.d, s_4.e
               Presorted Key: s_4.a, s_4.b, s_4.c, s_4.d
               Sort Method: quicksort  Memory: 27kB
               Sort Groups: 32
               ->  Sort  (cost=9941.82..10191.82 rows=100000 width=20) (actual time=18.215..18.257 rows=1025 loops=1)
                     Sort Key: s_4.a, s_4.b, s_4.c, s_4.d
                     Sort Method: quicksort  Memory: 10885kB
                     ->  Seq Scan on s_4  (cost=0.00..1637.00 rows=100000 width=20) (actual time=0.009..5.608 rows=100000 loops=1)
 Planning time: 0.231 ms
 Execution time: 19.006 ms
(13 rows)

===== 365 [Wed Mar  7 02:04:46 CET 2018] scale:100000 groups:10000 work_mem:32MB incremental:off max_workers:0 =====
SELECT * FROM (SELECT * FROM s_1 ORDER BY a) foo ORDER BY a, b LIMIT 1000
                                                            QUERY PLAN                                                             
-----------------------------------------------------------------------------------------------------------------------------------
 Limit  (cost=16687.21..16687.21 rows=1 width=20) (actual time=27.068..27.068 rows=0 loops=1)
   ->  Limit  (cost=16674.71..16677.21 rows=1000 width=20) (actual time=26.947..27.040 rows=1000 loops=1)
         ->  Sort  (cost=16674.71..16924.71 rows=100000 width=20) (actual time=26.946..26.985 rows=1000 loops=1)
               Sort Key: s_1.a, s_1.b
               Sort Method: top-N heapsort  Memory: 127kB
               ->  Sort  (cost=9941.82..10191.82 rows=100000 width=20) (actual time=16.400..19.884 rows=100000 loops=1)
                     Sort Key: s_1.a
                     Sort Method: quicksort  Memory: 10885kB
                     ->  Seq Scan on s_1  (cost=0.00..1637.00 rows=100000 width=20) (actual time=0.010..5.597 rows=100000 loops=1)
 Planning time: 0.216 ms
 Execution time: 27.551 ms
(11 rows)

===== 366 [Wed Mar  7 02:04:46 CET 2018] scale:100000 groups:10000 work_mem:32MB incremental:off max_workers:0 =====
SELECT * FROM (SELECT * FROM s_2 ORDER BY a, b) foo ORDER BY a, b, c LIMIT 1000
                                                            QUERY PLAN                                                             
-----------------------------------------------------------------------------------------------------------------------------------
 Limit  (cost=16687.21..16687.21 rows=1 width=20) (actual time=28.439..28.439 rows=0 loops=1)
   ->  Limit  (cost=16674.71..16677.21 rows=1000 width=20) (actual time=28.315..28.410 rows=1000 loops=1)
         ->  Sort  (cost=16674.71..16924.71 rows=100000 width=20) (actual time=28.314..28.353 rows=1000 loops=1)
               Sort Key: s_2.a, s_2.b, s_2.c
               Sort Method: top-N heapsort  Memory: 127kB
               ->  Sort  (cost=9941.82..10191.82 rows=100000 width=20) (actual time=17.726..21.213 rows=100000 loops=1)
                     Sort Key: s_2.a, s_2.b
                     Sort Method: quicksort  Memory: 10885kB
                     ->  Seq Scan on s_2  (cost=0.00..1637.00 rows=100000 width=20) (actual time=0.014..5.617 rows=100000 loops=1)
 Planning time: 0.216 ms
 Execution time: 28.921 ms
(11 rows)

===== 367 [Wed Mar  7 02:04:46 CET 2018] scale:100000 groups:10000 work_mem:32MB incremental:off max_workers:0 =====
SELECT * FROM (SELECT * FROM s_3 ORDER BY a, b, c) foo ORDER BY a, b, c, d LIMIT 1000
                                                            QUERY PLAN                                                             
-----------------------------------------------------------------------------------------------------------------------------------
 Limit  (cost=16687.21..16687.21 rows=1 width=20) (actual time=29.395..29.395 rows=0 loops=1)
   ->  Limit  (cost=16674.71..16677.21 rows=1000 width=20) (actual time=29.273..29.366 rows=1000 loops=1)
         ->  Sort  (cost=16674.71..16924.71 rows=100000 width=20) (actual time=29.272..29.311 rows=1000 loops=1)
               Sort Key: s_3.a, s_3.b, s_3.c, s_3.d
               Sort Method: top-N heapsort  Memory: 127kB
               ->  Sort  (cost=9941.82..10191.82 rows=100000 width=20) (actual time=18.146..21.689 rows=100000 loops=1)
                     Sort Key: s_3.a, s_3.b, s_3.c
                     Sort Method: quicksort  Memory: 10885kB
                     ->  Seq Scan on s_3  (cost=0.00..1637.00 rows=100000 width=20) (actual time=0.010..5.553 rows=100000 loops=1)
 Planning time: 0.226 ms
 Execution time: 29.882 ms
(11 rows)

===== 368 [Wed Mar  7 02:04:46 CET 2018] scale:100000 groups:10000 work_mem:32MB incremental:off max_workers:0 =====
SELECT * FROM (SELECT * FROM s_4 ORDER BY a, b, c, d) foo ORDER BY a, b, c, d, e LIMIT 1000
                                                            QUERY PLAN                                                             
-----------------------------------------------------------------------------------------------------------------------------------
 Limit  (cost=16687.21..16687.21 rows=1 width=20) (actual time=29.423..29.423 rows=0 loops=1)
   ->  Limit  (cost=16674.71..16677.21 rows=1000 width=20) (actual time=29.302..29.395 rows=1000 loops=1)
         ->  Sort  (cost=16674.71..16924.71 rows=100000 width=20) (actual time=29.302..29.340 rows=1000 loops=1)
               Sort Key: s_4.a, s_4.b, s_4.c, s_4.d, s_4.e
               Sort Method: top-N heapsort  Memory: 127kB
               ->  Sort  (cost=9941.82..10191.82 rows=100000 width=20) (actual time=18.154..21.713 rows=100000 loops=1)
                     Sort Key: s_4.a, s_4.b, s_4.c, s_4.d
                     Sort Method: quicksort  Memory: 10885kB
                     ->  Seq Scan on s_4  (cost=0.00..1637.00 rows=100000 width=20) (actual time=0.009..5.563 rows=100000 loops=1)
 Planning time: 0.224 ms
 Execution time: 29.907 ms
(11 rows)

===== 369 [Wed Mar  7 02:04:47 CET 2018] scale:100000 groups:10000 work_mem:64MB incremental:on max_workers:0 =====
SELECT * FROM (SELECT * FROM s_1 ORDER BY a) foo ORDER BY a, b LIMIT 1000
                                                            QUERY PLAN                                                             
-----------------------------------------------------------------------------------------------------------------------------------
 Limit  (cost=9971.87..9971.87 rows=1 width=20) (actual time=16.834..16.834 rows=0 loops=1)
   ->  Limit  (cost=9942.12..9961.87 rows=1000 width=20) (actual time=16.508..16.805 rows=1000 loops=1)
         ->  Incremental Sort  (cost=9942.12..11917.75 rows=100000 width=20) (actual time=16.508..16.749 rows=1000 loops=1)
               Sort Key: s_1.a, s_1.b
               Presorted Key: s_1.a
               Sort Method: quicksort  Memory: 28kB
               Sort Groups: 27
               ->  Sort  (cost=9941.82..10191.82 rows=100000 width=20) (actual time=16.459..16.502 rows=1015 loops=1)
                     Sort Key: s_1.a
                     Sort Method: quicksort  Memory: 10885kB
                     ->  Seq Scan on s_1  (cost=0.00..1637.00 rows=100000 width=20) (actual time=0.010..5.620 rows=100000 loops=1)
 Planning time: 0.211 ms
 Execution time: 17.285 ms
(13 rows)

===== 370 [Wed Mar  7 02:04:47 CET 2018] scale:100000 groups:10000 work_mem:64MB incremental:on max_workers:0 =====
SELECT * FROM (SELECT * FROM s_2 ORDER BY a, b) foo ORDER BY a, b, c LIMIT 1000
                                                            QUERY PLAN                                                             
-----------------------------------------------------------------------------------------------------------------------------------
 Limit  (cost=9971.90..9971.90 rows=1 width=20) (actual time=18.051..18.051 rows=0 loops=1)
   ->  Limit  (cost=9942.11..9961.90 rows=1000 width=20) (actual time=17.797..18.022 rows=1000 loops=1)
         ->  Incremental Sort  (cost=9942.11..11920.93 rows=100000 width=20) (actual time=17.797..17.967 rows=1000 loops=1)
               Sort Key: s_2.a, s_2.b, s_2.c
               Presorted Key: s_2.a, s_2.b
               Sort Method: quicksort  Memory: 27kB
               Sort Groups: 32
               ->  Sort  (cost=9941.82..10191.82 rows=100000 width=20) (actual time=17.753..17.796 rows=1025 loops=1)
                     Sort Key: s_2.a, s_2.b
                     Sort Method: quicksort  Memory: 10885kB
                     ->  Seq Scan on s_2  (cost=0.00..1637.00 rows=100000 width=20) (actual time=0.010..5.628 rows=100000 loops=1)
 Planning time: 0.221 ms
 Execution time: 18.531 ms
(13 rows)

===== 371 [Wed Mar  7 02:04:47 CET 2018] scale:100000 groups:10000 work_mem:64MB incremental:on max_workers:0 =====
SELECT * FROM (SELECT * FROM s_3 ORDER BY a, b, c) foo ORDER BY a, b, c, d LIMIT 1000
                                                            QUERY PLAN                                                             
-----------------------------------------------------------------------------------------------------------------------------------
 Limit  (cost=9971.90..9971.90 rows=1 width=20) (actual time=18.505..18.505 rows=0 loops=1)
   ->  Limit  (cost=9942.11..9961.90 rows=1000 width=20) (actual time=18.246..18.476 rows=1000 loops=1)
         ->  Incremental Sort  (cost=9942.11..11920.93 rows=100000 width=20) (actual time=18.245..18.421 rows=1000 loops=1)
               Sort Key: s_3.a, s_3.b, s_3.c, s_3.d
               Presorted Key: s_3.a, s_3.b, s_3.c
               Sort Method: quicksort  Memory: 27kB
               Sort Groups: 32
               ->  Sort  (cost=9941.82..10191.82 rows=100000 width=20) (actual time=18.201..18.243 rows=1025 loops=1)
                     Sort Key: s_3.a, s_3.b, s_3.c
                     Sort Method: quicksort  Memory: 10885kB
                     ->  Seq Scan on s_3  (cost=0.00..1637.00 rows=100000 width=20) (actual time=0.010..5.590 rows=100000 loops=1)
 Planning time: 0.231 ms
 Execution time: 18.988 ms
(13 rows)

===== 372 [Wed Mar  7 02:04:47 CET 2018] scale:100000 groups:10000 work_mem:64MB incremental:on max_workers:0 =====
SELECT * FROM (SELECT * FROM s_4 ORDER BY a, b, c, d) foo ORDER BY a, b, c, d, e LIMIT 1000
                                                            QUERY PLAN                                                             
-----------------------------------------------------------------------------------------------------------------------------------
 Limit  (cost=9971.90..9971.90 rows=1 width=20) (actual time=18.503..18.503 rows=0 loops=1)
   ->  Limit  (cost=9942.11..9961.90 rows=1000 width=20) (actual time=18.243..18.474 rows=1000 loops=1)
         ->  Incremental Sort  (cost=9942.11..11920.93 rows=100000 width=20) (actual time=18.243..18.419 rows=1000 loops=1)
               Sort Key: s_4.a, s_4.b, s_4.c, s_4.d, s_4.e
               Presorted Key: s_4.a, s_4.b, s_4.c, s_4.d
               Sort Method: quicksort  Memory: 27kB
               Sort Groups: 32
               ->  Sort  (cost=9941.82..10191.82 rows=100000 width=20) (actual time=18.194..18.236 rows=1025 loops=1)
                     Sort Key: s_4.a, s_4.b, s_4.c, s_4.d
                     Sort Method: quicksort  Memory: 10885kB
                     ->  Seq Scan on s_4  (cost=0.00..1637.00 rows=100000 width=20) (actual time=0.009..5.595 rows=100000 loops=1)
 Planning time: 0.239 ms
 Execution time: 18.985 ms
(13 rows)

===== 373 [Wed Mar  7 02:04:47 CET 2018] scale:100000 groups:10000 work_mem:64MB incremental:off max_workers:0 =====
SELECT * FROM (SELECT * FROM s_1 ORDER BY a) foo ORDER BY a, b LIMIT 1000
                                                            QUERY PLAN                                                             
-----------------------------------------------------------------------------------------------------------------------------------
 Limit  (cost=16687.21..16687.21 rows=1 width=20) (actual time=27.079..27.079 rows=0 loops=1)
   ->  Limit  (cost=16674.71..16677.21 rows=1000 width=20) (actual time=26.956..27.050 rows=1000 loops=1)
         ->  Sort  (cost=16674.71..16924.71 rows=100000 width=20) (actual time=26.956..26.995 rows=1000 loops=1)
               Sort Key: s_1.a, s_1.b
               Sort Method: top-N heapsort  Memory: 127kB
               ->  Sort  (cost=9941.82..10191.82 rows=100000 width=20) (actual time=16.404..19.880 rows=100000 loops=1)
                     Sort Key: s_1.a
                     Sort Method: quicksort  Memory: 10885kB
                     ->  Seq Scan on s_1  (cost=0.00..1637.00 rows=100000 width=20) (actual time=0.010..5.594 rows=100000 loops=1)
 Planning time: 0.209 ms
 Execution time: 27.560 ms
(11 rows)

===== 374 [Wed Mar  7 02:04:47 CET 2018] scale:100000 groups:10000 work_mem:64MB incremental:off max_workers:0 =====
SELECT * FROM (SELECT * FROM s_2 ORDER BY a, b) foo ORDER BY a, b, c LIMIT 1000
                                                            QUERY PLAN                                                             
-----------------------------------------------------------------------------------------------------------------------------------
 Limit  (cost=16687.21..16687.21 rows=1 width=20) (actual time=28.414..28.414 rows=0 loops=1)
   ->  Limit  (cost=16674.71..16677.21 rows=1000 width=20) (actual time=28.292..28.385 rows=1000 loops=1)
         ->  Sort  (cost=16674.71..16924.71 rows=100000 width=20) (actual time=28.292..28.330 rows=1000 loops=1)
               Sort Key: s_2.a, s_2.b, s_2.c
               Sort Method: top-N heapsort  Memory: 127kB
               ->  Sort  (cost=9941.82..10191.82 rows=100000 width=20) (actual time=17.717..21.221 rows=100000 loops=1)
                     Sort Key: s_2.a, s_2.b
                     Sort Method: quicksort  Memory: 10885kB
                     ->  Seq Scan on s_2  (cost=0.00..1637.00 rows=100000 width=20) (actual time=0.010..5.592 rows=100000 loops=1)
 Planning time: 0.214 ms
 Execution time: 28.897 ms
(11 rows)

===== 375 [Wed Mar  7 02:04:48 CET 2018] scale:100000 groups:10000 work_mem:64MB incremental:off max_workers:0 =====
SELECT * FROM (SELECT * FROM s_3 ORDER BY a, b, c) foo ORDER BY a, b, c, d LIMIT 1000
                                                            QUERY PLAN                                                             
-----------------------------------------------------------------------------------------------------------------------------------
 Limit  (cost=16687.21..16687.21 rows=1 width=20) (actual time=29.381..29.381 rows=0 loops=1)
   ->  Limit  (cost=16674.71..16677.21 rows=1000 width=20) (actual time=29.259..29.352 rows=1000 loops=1)
         ->  Sort  (cost=16674.71..16924.71 rows=100000 width=20) (actual time=29.258..29.297 rows=1000 loops=1)
               Sort Key: s_3.a, s_3.b, s_3.c, s_3.d
               Sort Method: top-N heapsort  Memory: 127kB
               ->  Sort  (cost=9941.82..10191.82 rows=100000 width=20) (actual time=18.133..21.685 rows=100000 loops=1)
                     Sort Key: s_3.a, s_3.b, s_3.c
                     Sort Method: quicksort  Memory: 10885kB
                     ->  Seq Scan on s_3  (cost=0.00..1637.00 rows=100000 width=20) (actual time=0.010..5.546 rows=100000 loops=1)
 Planning time: 0.227 ms
 Execution time: 29.869 ms
(11 rows)

===== 376 [Wed Mar  7 02:04:48 CET 2018] scale:100000 groups:10000 work_mem:64MB incremental:off max_workers:0 =====
SELECT * FROM (SELECT * FROM s_4 ORDER BY a, b, c, d) foo ORDER BY a, b, c, d, e LIMIT 1000
                                                            QUERY PLAN                                                             
-----------------------------------------------------------------------------------------------------------------------------------
 Limit  (cost=16687.21..16687.21 rows=1 width=20) (actual time=29.433..29.433 rows=0 loops=1)
   ->  Limit  (cost=16674.71..16677.21 rows=1000 width=20) (actual time=29.312..29.405 rows=1000 loops=1)
         ->  Sort  (cost=16674.71..16924.71 rows=100000 width=20) (actual time=29.311..29.350 rows=1000 loops=1)
               Sort Key: s_4.a, s_4.b, s_4.c, s_4.d, s_4.e
               Sort Method: top-N heapsort  Memory: 127kB
               ->  Sort  (cost=9941.82..10191.82 rows=100000 width=20) (actual time=18.177..21.727 rows=100000 loops=1)
                     Sort Key: s_4.a, s_4.b, s_4.c, s_4.d
                     Sort Method: quicksort  Memory: 10885kB
                     ->  Seq Scan on s_4  (cost=0.00..1637.00 rows=100000 width=20) (actual time=0.009..5.550 rows=100000 loops=1)
 Planning time: 0.221 ms
 Execution time: 29.930 ms
(11 rows)

===== 377 [Wed Mar  7 02:04:48 CET 2018] scale:100000 groups:10000 work_mem:128MB incremental:on max_workers:0 =====
SELECT * FROM (SELECT * FROM s_1 ORDER BY a) foo ORDER BY a, b LIMIT 1000
                                                            QUERY PLAN                                                             
-----------------------------------------------------------------------------------------------------------------------------------
 Limit  (cost=9971.87..9971.87 rows=1 width=20) (actual time=16.853..16.853 rows=0 loops=1)
   ->  Limit  (cost=9942.12..9961.87 rows=1000 width=20) (actual time=16.533..16.824 rows=1000 loops=1)
         ->  Incremental Sort  (cost=9942.12..11917.75 rows=100000 width=20) (actual time=16.532..16.768 rows=1000 loops=1)
               Sort Key: s_1.a, s_1.b
               Presorted Key: s_1.a
               Sort Method: quicksort  Memory: 28kB
               Sort Groups: 27
               ->  Sort  (cost=9941.82..10191.82 rows=100000 width=20) (actual time=16.467..16.509 rows=1015 loops=1)
                     Sort Key: s_1.a
                     Sort Method: quicksort  Memory: 10885kB
                     ->  Seq Scan on s_1  (cost=0.00..1637.00 rows=100000 width=20) (actual time=0.009..5.633 rows=100000 loops=1)
 Planning time: 0.214 ms
 Execution time: 17.311 ms
(13 rows)

===== 378 [Wed Mar  7 02:04:48 CET 2018] scale:100000 groups:10000 work_mem:128MB incremental:on max_workers:0 =====
SELECT * FROM (SELECT * FROM s_2 ORDER BY a, b) foo ORDER BY a, b, c LIMIT 1000
                                                            QUERY PLAN                                                             
-----------------------------------------------------------------------------------------------------------------------------------
 Limit  (cost=9971.90..9971.90 rows=1 width=20) (actual time=18.067..18.067 rows=0 loops=1)
   ->  Limit  (cost=9942.11..9961.90 rows=1000 width=20) (actual time=17.812..18.039 rows=1000 loops=1)
         ->  Incremental Sort  (cost=9942.11..11920.93 rows=100000 width=20) (actual time=17.812..17.983 rows=1000 loops=1)
               Sort Key: s_2.a, s_2.b, s_2.c
               Presorted Key: s_2.a, s_2.b
               Sort Method: quicksort  Memory: 27kB
               Sort Groups: 32
               ->  Sort  (cost=9941.82..10191.82 rows=100000 width=20) (actual time=17.769..17.812 rows=1025 loops=1)
                     Sort Key: s_2.a, s_2.b
                     Sort Method: quicksort  Memory: 10885kB
                     ->  Seq Scan on s_2  (cost=0.00..1637.00 rows=100000 width=20) (actual time=0.010..5.636 rows=100000 loops=1)
 Planning time: 0.218 ms
 Execution time: 18.549 ms
(13 rows)

===== 379 [Wed Mar  7 02:04:48 CET 2018] scale:100000 groups:10000 work_mem:128MB incremental:on max_workers:0 =====
SELECT * FROM (SELECT * FROM s_3 ORDER BY a, b, c) foo ORDER BY a, b, c, d LIMIT 1000
                                                            QUERY PLAN                                                             
-----------------------------------------------------------------------------------------------------------------------------------
 Limit  (cost=9971.90..9971.90 rows=1 width=20) (actual time=18.502..18.502 rows=0 loops=1)
   ->  Limit  (cost=9942.11..9961.90 rows=1000 width=20) (actual time=18.231..18.472 rows=1000 loops=1)
         ->  Incremental Sort  (cost=9942.11..11920.93 rows=100000 width=20) (actual time=18.231..18.417 rows=1000 loops=1)
               Sort Key: s_3.a, s_3.b, s_3.c, s_3.d
               Presorted Key: s_3.a, s_3.b, s_3.c
               Sort Method: quicksort  Memory: 27kB
               Sort Groups: 32
               ->  Sort  (cost=9941.82..10191.82 rows=100000 width=20) (actual time=18.187..18.228 rows=1025 loops=1)
                     Sort Key: s_3.a, s_3.b, s_3.c
                     Sort Method: quicksort  Memory: 10885kB
                     ->  Seq Scan on s_3  (cost=0.00..1637.00 rows=100000 width=20) (actual time=0.011..5.599 rows=100000 loops=1)
 Planning time: 0.228 ms
 Execution time: 18.977 ms
(13 rows)

===== 380 [Wed Mar  7 02:04:49 CET 2018] scale:100000 groups:10000 work_mem:128MB incremental:on max_workers:0 =====
SELECT * FROM (SELECT * FROM s_4 ORDER BY a, b, c, d) foo ORDER BY a, b, c, d, e LIMIT 1000
                                                            QUERY PLAN                                                             
-----------------------------------------------------------------------------------------------------------------------------------
 Limit  (cost=9971.90..9971.90 rows=1 width=20) (actual time=18.496..18.496 rows=0 loops=1)
   ->  Limit  (cost=9942.11..9961.90 rows=1000 width=20) (actual time=18.237..18.467 rows=1000 loops=1)
         ->  Incremental Sort  (cost=9942.11..11920.93 rows=100000 width=20) (actual time=18.236..18.412 rows=1000 loops=1)
               Sort Key: s_4.a, s_4.b, s_4.c, s_4.d, s_4.e
               Presorted Key: s_4.a, s_4.b, s_4.c, s_4.d
               Sort Method: quicksort  Memory: 27kB
               Sort Groups: 32
               ->  Sort  (cost=9941.82..10191.82 rows=100000 width=20) (actual time=18.187..18.229 rows=1025 loops=1)
                     Sort Key: s_4.a, s_4.b, s_4.c, s_4.d
                     Sort Method: quicksort  Memory: 10885kB
                     ->  Seq Scan on s_4  (cost=0.00..1637.00 rows=100000 width=20) (actual time=0.009..5.589 rows=100000 loops=1)
 Planning time: 0.229 ms
 Execution time: 18.975 ms
(13 rows)

===== 381 [Wed Mar  7 02:04:49 CET 2018] scale:100000 groups:10000 work_mem:128MB incremental:off max_workers:0 =====
SELECT * FROM (SELECT * FROM s_1 ORDER BY a) foo ORDER BY a, b LIMIT 1000
                                                            QUERY PLAN                                                             
-----------------------------------------------------------------------------------------------------------------------------------
 Limit  (cost=16687.21..16687.21 rows=1 width=20) (actual time=27.091..27.091 rows=0 loops=1)
   ->  Limit  (cost=16674.71..16677.21 rows=1000 width=20) (actual time=26.968..27.062 rows=1000 loops=1)
         ->  Sort  (cost=16674.71..16924.71 rows=100000 width=20) (actual time=26.968..27.007 rows=1000 loops=1)
               Sort Key: s_1.a, s_1.b
               Sort Method: top-N heapsort  Memory: 127kB
               ->  Sort  (cost=9941.82..10191.82 rows=100000 width=20) (actual time=16.427..19.907 rows=100000 loops=1)
                     Sort Key: s_1.a
                     Sort Method: quicksort  Memory: 10885kB
                     ->  Seq Scan on s_1  (cost=0.00..1637.00 rows=100000 width=20) (actual time=0.010..5.601 rows=100000 loops=1)
 Planning time: 0.207 ms
 Execution time: 27.580 ms
(11 rows)

===== 382 [Wed Mar  7 02:04:49 CET 2018] scale:100000 groups:10000 work_mem:128MB incremental:off max_workers:0 =====
SELECT * FROM (SELECT * FROM s_2 ORDER BY a, b) foo ORDER BY a, b, c LIMIT 1000
                                                            QUERY PLAN                                                             
-----------------------------------------------------------------------------------------------------------------------------------
 Limit  (cost=16687.21..16687.21 rows=1 width=20) (actual time=28.448..28.448 rows=0 loops=1)
   ->  Limit  (cost=16674.71..16677.21 rows=1000 width=20) (actual time=28.326..28.420 rows=1000 loops=1)
         ->  Sort  (cost=16674.71..16924.71 rows=100000 width=20) (actual time=28.325..28.364 rows=1000 loops=1)
               Sort Key: s_2.a, s_2.b, s_2.c
               Sort Method: top-N heapsort  Memory: 127kB
               ->  Sort  (cost=9941.82..10191.82 rows=100000 width=20) (actual time=17.736..21.246 rows=100000 loops=1)
                     Sort Key: s_2.a, s_2.b
                     Sort Method: quicksort  Memory: 10885kB
                     ->  Seq Scan on s_2  (cost=0.00..1637.00 rows=100000 width=20) (actual time=0.010..5.605 rows=100000 loops=1)
 Planning time: 0.214 ms
 Execution time: 28.929 ms
(11 rows)

===== 383 [Wed Mar  7 02:04:49 CET 2018] scale:100000 groups:10000 work_mem:128MB incremental:off max_workers:0 =====
SELECT * FROM (SELECT * FROM s_3 ORDER BY a, b, c) foo ORDER BY a, b, c, d LIMIT 1000
                                                            QUERY PLAN                                                             
-----------------------------------------------------------------------------------------------------------------------------------
 Limit  (cost=16687.21..16687.21 rows=1 width=20) (actual time=29.404..29.404 rows=0 loops=1)
   ->  Limit  (cost=16674.71..16677.21 rows=1000 width=20) (actual time=29.280..29.376 rows=1000 loops=1)
         ->  Sort  (cost=16674.71..16924.71 rows=100000 width=20) (actual time=29.279..29.321 rows=1000 loops=1)
               Sort Key: s_3.a, s_3.b, s_3.c, s_3.d
               Sort Method: top-N heapsort  Memory: 127kB
               ->  Sort  (cost=9941.82..10191.82 rows=100000 width=20) (actual time=18.148..21.698 rows=100000 loops=1)
                     Sort Key: s_3.a, s_3.b, s_3.c
                     Sort Method: quicksort  Memory: 10885kB
                     ->  Seq Scan on s_3  (cost=0.00..1637.00 rows=100000 width=20) (actual time=0.010..5.570 rows=100000 loops=1)
 Planning time: 0.220 ms
 Execution time: 29.885 ms
(11 rows)

===== 384 [Wed Mar  7 02:04:49 CET 2018] scale:100000 groups:10000 work_mem:128MB incremental:off max_workers:0 =====
SELECT * FROM (SELECT * FROM s_4 ORDER BY a, b, c, d) foo ORDER BY a, b, c, d, e LIMIT 1000
                                                            QUERY PLAN                                                             
-----------------------------------------------------------------------------------------------------------------------------------
 Limit  (cost=16687.21..16687.21 rows=1 width=20) (actual time=29.400..29.400 rows=0 loops=1)
   ->  Limit  (cost=16674.71..16677.21 rows=1000 width=20) (actual time=29.278..29.372 rows=1000 loops=1)
         ->  Sort  (cost=16674.71..16924.71 rows=100000 width=20) (actual time=29.278..29.317 rows=1000 loops=1)
               Sort Key: s_4.a, s_4.b, s_4.c, s_4.d, s_4.e
               Sort Method: top-N heapsort  Memory: 127kB
               ->  Sort  (cost=9941.82..10191.82 rows=100000 width=20) (actual time=18.145..21.694 rows=100000 loops=1)
                     Sort Key: s_4.a, s_4.b, s_4.c, s_4.d
                     Sort Method: quicksort  Memory: 10885kB
                     ->  Seq Scan on s_4  (cost=0.00..1637.00 rows=100000 width=20) (actual time=0.009..5.546 rows=100000 loops=1)
 Planning time: 0.221 ms
 Execution time: 29.883 ms
(11 rows)

===== 385 [Wed Mar  7 02:04:49 CET 2018] scale:100000 groups:10000 work_mem:256MB incremental:on max_workers:0 =====
SELECT * FROM (SELECT * FROM s_1 ORDER BY a) foo ORDER BY a, b LIMIT 1000
                                                            QUERY PLAN                                                             
-----------------------------------------------------------------------------------------------------------------------------------
 Limit  (cost=9971.87..9971.87 rows=1 width=20) (actual time=16.862..16.862 rows=0 loops=1)
   ->  Limit  (cost=9942.12..9961.87 rows=1000 width=20) (actual time=16.543..16.834 rows=1000 loops=1)
         ->  Incremental Sort  (cost=9942.12..11917.75 rows=100000 width=20) (actual time=16.543..16.778 rows=1000 loops=1)
               Sort Key: s_1.a, s_1.b
               Presorted Key: s_1.a
               Sort Method: quicksort  Memory: 28kB
               Sort Groups: 27
               ->  Sort  (cost=9941.82..10191.82 rows=100000 width=20) (actual time=16.491..16.533 rows=1015 loops=1)
                     Sort Key: s_1.a
                     Sort Method: quicksort  Memory: 10885kB
                     ->  Seq Scan on s_1  (cost=0.00..1637.00 rows=100000 width=20) (actual time=0.010..5.617 rows=100000 loops=1)
 Planning time: 0.221 ms
 Execution time: 17.313 ms
(13 rows)

===== 386 [Wed Mar  7 02:04:50 CET 2018] scale:100000 groups:10000 work_mem:256MB incremental:on max_workers:0 =====
SELECT * FROM (SELECT * FROM s_2 ORDER BY a, b) foo ORDER BY a, b, c LIMIT 1000
                                                            QUERY PLAN                                                             
-----------------------------------------------------------------------------------------------------------------------------------
 Limit  (cost=9971.90..9971.90 rows=1 width=20) (actual time=18.051..18.051 rows=0 loops=1)
   ->  Limit  (cost=9942.11..9961.90 rows=1000 width=20) (actual time=17.797..18.023 rows=1000 loops=1)
         ->  Incremental Sort  (cost=9942.11..11920.93 rows=100000 width=20) (actual time=17.797..17.967 rows=1000 loops=1)
               Sort Key: s_2.a, s_2.b, s_2.c
               Presorted Key: s_2.a, s_2.b
               Sort Method: quicksort  Memory: 27kB
               Sort Groups: 32
               ->  Sort  (cost=9941.82..10191.82 rows=100000 width=20) (actual time=17.754..17.797 rows=1025 loops=1)
                     Sort Key: s_2.a, s_2.b
                     Sort Method: quicksort  Memory: 10885kB
                     ->  Seq Scan on s_2  (cost=0.00..1637.00 rows=100000 width=20) (actual time=0.010..5.638 rows=100000 loops=1)
 Planning time: 0.220 ms
 Execution time: 18.530 ms
(13 rows)

===== 387 [Wed Mar  7 02:04:50 CET 2018] scale:100000 groups:10000 work_mem:256MB incremental:on max_workers:0 =====
SELECT * FROM (SELECT * FROM s_3 ORDER BY a, b, c) foo ORDER BY a, b, c, d LIMIT 1000
                                                            QUERY PLAN                                                             
-----------------------------------------------------------------------------------------------------------------------------------
 Limit  (cost=9971.90..9971.90 rows=1 width=20) (actual time=18.516..18.516 rows=0 loops=1)
   ->  Limit  (cost=9942.11..9961.90 rows=1000 width=20) (actual time=18.256..18.487 rows=1000 loops=1)
         ->  Incremental Sort  (cost=9942.11..11920.93 rows=100000 width=20) (actual time=18.255..18.432 rows=1000 loops=1)
               Sort Key: s_3.a, s_3.b, s_3.c, s_3.d
               Presorted Key: s_3.a, s_3.b, s_3.c
               Sort Method: quicksort  Memory: 27kB
               Sort Groups: 32
               ->  Sort  (cost=9941.82..10191.82 rows=100000 width=20) (actual time=18.212..18.253 rows=1025 loops=1)
                     Sort Key: s_3.a, s_3.b, s_3.c
                     Sort Method: quicksort  Memory: 10885kB
                     ->  Seq Scan on s_3  (cost=0.00..1637.00 rows=100000 width=20) (actual time=0.010..5.598 rows=100000 loops=1)
 Planning time: 0.224 ms
 Execution time: 18.991 ms
(13 rows)

===== 388 [Wed Mar  7 02:04:50 CET 2018] scale:100000 groups:10000 work_mem:256MB incremental:on max_workers:0 =====
SELECT * FROM (SELECT * FROM s_4 ORDER BY a, b, c, d) foo ORDER BY a, b, c, d, e LIMIT 1000
                                                            QUERY PLAN                                                             
-----------------------------------------------------------------------------------------------------------------------------------
 Limit  (cost=9971.90..9971.90 rows=1 width=20) (actual time=18.503..18.503 rows=0 loops=1)
   ->  Limit  (cost=9942.11..9961.90 rows=1000 width=20) (actual time=18.243..18.473 rows=1000 loops=1)
         ->  Incremental Sort  (cost=9942.11..11920.93 rows=100000 width=20) (actual time=18.242..18.418 rows=1000 loops=1)
               Sort Key: s_4.a, s_4.b, s_4.c, s_4.d, s_4.e
               Presorted Key: s_4.a, s_4.b, s_4.c, s_4.d
               Sort Method: quicksort  Memory: 27kB
               Sort Groups: 32
               ->  Sort  (cost=9941.82..10191.82 rows=100000 width=20) (actual time=18.194..18.236 rows=1025 loops=1)
                     Sort Key: s_4.a, s_4.b, s_4.c, s_4.d
                     Sort Method: quicksort  Memory: 10885kB
                     ->  Seq Scan on s_4  (cost=0.00..1637.00 rows=100000 width=20) (actual time=0.009..5.586 rows=100000 loops=1)
 Planning time: 0.235 ms
 Execution time: 18.984 ms
(13 rows)

===== 389 [Wed Mar  7 02:04:50 CET 2018] scale:100000 groups:10000 work_mem:256MB incremental:off max_workers:0 =====
SELECT * FROM (SELECT * FROM s_1 ORDER BY a) foo ORDER BY a, b LIMIT 1000
                                                            QUERY PLAN                                                             
-----------------------------------------------------------------------------------------------------------------------------------
 Limit  (cost=16687.21..16687.21 rows=1 width=20) (actual time=27.074..27.074 rows=0 loops=1)
   ->  Limit  (cost=16674.71..16677.21 rows=1000 width=20) (actual time=26.951..27.046 rows=1000 loops=1)
         ->  Sort  (cost=16674.71..16924.71 rows=100000 width=20) (actual time=26.951..26.990 rows=1000 loops=1)
               Sort Key: s_1.a, s_1.b
               Sort Method: top-N heapsort  Memory: 127kB
               ->  Sort  (cost=9941.82..10191.82 rows=100000 width=20) (actual time=16.401..19.883 rows=100000 loops=1)
                     Sort Key: s_1.a
                     Sort Method: quicksort  Memory: 10885kB
                     ->  Seq Scan on s_1  (cost=0.00..1637.00 rows=100000 width=20) (actual time=0.010..5.591 rows=100000 loops=1)
 Planning time: 0.220 ms
 Execution time: 27.558 ms
(11 rows)

===== 390 [Wed Mar  7 02:04:50 CET 2018] scale:100000 groups:10000 work_mem:256MB incremental:off max_workers:0 =====
SELECT * FROM (SELECT * FROM s_2 ORDER BY a, b) foo ORDER BY a, b, c LIMIT 1000
                                                            QUERY PLAN                                                             
-----------------------------------------------------------------------------------------------------------------------------------
 Limit  (cost=16687.21..16687.21 rows=1 width=20) (actual time=28.371..28.371 rows=0 loops=1)
   ->  Limit  (cost=16674.71..16677.21 rows=1000 width=20) (actual time=28.249..28.343 rows=1000 loops=1)
         ->  Sort  (cost=16674.71..16924.71 rows=100000 width=20) (actual time=28.248..28.287 rows=1000 loops=1)
               Sort Key: s_2.a, s_2.b, s_2.c
               Sort Method: top-N heapsort  Memory: 127kB
               ->  Sort  (cost=9941.82..10191.82 rows=100000 width=20) (actual time=17.688..21.187 rows=100000 loops=1)
                     Sort Key: s_2.a, s_2.b
                     Sort Method: quicksort  Memory: 10885kB
                     ->  Seq Scan on s_2  (cost=0.00..1637.00 rows=100000 width=20) (actual time=0.010..5.597 rows=100000 loops=1)
 Planning time: 0.214 ms
 Execution time: 28.854 ms
(11 rows)

===== 391 [Wed Mar  7 02:04:51 CET 2018] scale:100000 groups:10000 work_mem:256MB incremental:off max_workers:0 =====
SELECT * FROM (SELECT * FROM s_3 ORDER BY a, b, c) foo ORDER BY a, b, c, d LIMIT 1000
                                                            QUERY PLAN                                                             
-----------------------------------------------------------------------------------------------------------------------------------
 Limit  (cost=16687.21..16687.21 rows=1 width=20) (actual time=29.436..29.436 rows=0 loops=1)
   ->  Limit  (cost=16674.71..16677.21 rows=1000 width=20) (actual time=29.314..29.407 rows=1000 loops=1)
         ->  Sort  (cost=16674.71..16924.71 rows=100000 width=20) (actual time=29.314..29.352 rows=1000 loops=1)
               Sort Key: s_3.a, s_3.b, s_3.c, s_3.d
               Sort Method: top-N heapsort  Memory: 127kB
               ->  Sort  (cost=9941.82..10191.82 rows=100000 width=20) (actual time=18.167..21.714 rows=100000 loops=1)
                     Sort Key: s_3.a, s_3.b, s_3.c
                     Sort Method: quicksort  Memory: 10885kB
                     ->  Seq Scan on s_3  (cost=0.00..1637.00 rows=100000 width=20) (actual time=0.010..5.561 rows=100000 loops=1)
 Planning time: 0.222 ms
 Execution time: 29.918 ms
(11 rows)

===== 392 [Wed Mar  7 02:04:51 CET 2018] scale:100000 groups:10000 work_mem:256MB incremental:off max_workers:0 =====
SELECT * FROM (SELECT * FROM s_4 ORDER BY a, b, c, d) foo ORDER BY a, b, c, d, e LIMIT 1000
                                                            QUERY PLAN                                                             
-----------------------------------------------------------------------------------------------------------------------------------
 Limit  (cost=16687.21..16687.21 rows=1 width=20) (actual time=29.410..29.410 rows=0 loops=1)
   ->  Limit  (cost=16674.71..16677.21 rows=1000 width=20) (actual time=29.288..29.382 rows=1000 loops=1)
         ->  Sort  (cost=16674.71..16924.71 rows=100000 width=20) (actual time=29.287..29.326 rows=1000 loops=1)
               Sort Key: s_4.a, s_4.b, s_4.c, s_4.d, s_4.e
               Sort Method: top-N heapsort  Memory: 127kB
               ->  Sort  (cost=9941.82..10191.82 rows=100000 width=20) (actual time=18.148..21.696 rows=100000 loops=1)
                     Sort Key: s_4.a, s_4.b, s_4.c, s_4.d
                     Sort Method: quicksort  Memory: 10885kB
                     ->  Seq Scan on s_4  (cost=0.00..1637.00 rows=100000 width=20) (actual time=0.013..5.555 rows=100000 loops=1)
 Planning time: 0.224 ms
 Execution time: 29.892 ms
(11 rows)

===== 393 [Wed Mar  7 02:04:51 CET 2018] scale:100000 groups:10000 work_mem:4MB incremental:on max_workers:2 =====
SELECT * FROM (SELECT * FROM s_1 ORDER BY a) foo ORDER BY a, b LIMIT 1000
                                                            QUERY PLAN                                                             
-----------------------------------------------------------------------------------------------------------------------------------
 Limit  (cost=12022.87..12022.87 rows=1 width=20) (actual time=21.699..21.699 rows=0 loops=1)
   ->  Limit  (cost=11993.12..12012.87 rows=1000 width=20) (actual time=21.328..21.671 rows=1000 loops=1)
         ->  Incremental Sort  (cost=11993.12..13968.75 rows=100000 width=20) (actual time=21.327..21.609 rows=1000 loops=1)
               Sort Key: s_1.a, s_1.b
               Presorted Key: s_1.a
               Sort Method: quicksort  Memory: 28kB
               Sort Groups: 27
               ->  Sort  (cost=11992.82..12242.82 rows=100000 width=20) (actual time=21.275..21.370 rows=1015 loops=1)
                     Sort Key: s_1.a
                     Sort Method: external merge  Disk: 2936kB
                     ->  Seq Scan on s_1  (cost=0.00..1637.00 rows=100000 width=20) (actual time=0.009..5.484 rows=100000 loops=1)
 Planning time: 0.214 ms
 Execution time: 22.264 ms
(13 rows)

===== 394 [Wed Mar  7 02:04:51 CET 2018] scale:100000 groups:10000 work_mem:4MB incremental:on max_workers:2 =====
SELECT * FROM (SELECT * FROM s_2 ORDER BY a, b) foo ORDER BY a, b, c LIMIT 1000
                                                            QUERY PLAN                                                             
-----------------------------------------------------------------------------------------------------------------------------------
 Limit  (cost=12022.90..12022.90 rows=1 width=20) (actual time=22.739..22.739 rows=0 loops=1)
   ->  Limit  (cost=11993.11..12012.90 rows=1000 width=20) (actual time=22.440..22.711 rows=1000 loops=1)
         ->  Incremental Sort  (cost=11993.11..13971.93 rows=100000 width=20) (actual time=22.439..22.655 rows=1000 loops=1)
               Sort Key: s_2.a, s_2.b, s_2.c
               Presorted Key: s_2.a, s_2.b
               Sort Method: quicksort  Memory: 27kB
               Sort Groups: 32
               ->  Sort  (cost=11992.82..12242.82 rows=100000 width=20) (actual time=22.393..22.490 rows=1025 loops=1)
                     Sort Key: s_2.a, s_2.b
                     Sort Method: external merge  Disk: 2936kB
                     ->  Seq Scan on s_2  (cost=0.00..1637.00 rows=100000 width=20) (actual time=0.010..5.507 rows=100000 loops=1)
 Planning time: 0.222 ms
 Execution time: 23.301 ms
(13 rows)

===== 395 [Wed Mar  7 02:04:51 CET 2018] scale:100000 groups:10000 work_mem:4MB incremental:on max_workers:2 =====
SELECT * FROM (SELECT * FROM s_3 ORDER BY a, b, c) foo ORDER BY a, b, c, d LIMIT 1000
                                                            QUERY PLAN                                                             
-----------------------------------------------------------------------------------------------------------------------------------
 Limit  (cost=12022.90..12022.90 rows=1 width=20) (actual time=23.189..23.189 rows=0 loops=1)
   ->  Limit  (cost=11993.11..12012.90 rows=1000 width=20) (actual time=22.888..23.160 rows=1000 loops=1)
         ->  Incremental Sort  (cost=11993.11..13971.93 rows=100000 width=20) (actual time=22.887..23.104 rows=1000 loops=1)
               Sort Key: s_3.a, s_3.b, s_3.c, s_3.d
               Presorted Key: s_3.a, s_3.b, s_3.c
               Sort Method: quicksort  Memory: 27kB
               Sort Groups: 32
               ->  Sort  (cost=11992.82..12242.82 rows=100000 width=20) (actual time=22.840..22.934 rows=1025 loops=1)
                     Sort Key: s_3.a, s_3.b, s_3.c
                     Sort Method: external merge  Disk: 2936kB
                     ->  Seq Scan on s_3  (cost=0.00..1637.00 rows=100000 width=20) (actual time=0.010..5.457 rows=100000 loops=1)
 Planning time: 0.225 ms
 Execution time: 23.752 ms
(13 rows)

===== 396 [Wed Mar  7 02:04:51 CET 2018] scale:100000 groups:10000 work_mem:4MB incremental:on max_workers:2 =====
SELECT * FROM (SELECT * FROM s_4 ORDER BY a, b, c, d) foo ORDER BY a, b, c, d, e LIMIT 1000
                                                            QUERY PLAN                                                             
-----------------------------------------------------------------------------------------------------------------------------------
 Limit  (cost=12022.90..12022.90 rows=1 width=20) (actual time=23.188..23.188 rows=0 loops=1)
   ->  Limit  (cost=11993.11..12012.90 rows=1000 width=20) (actual time=22.885..23.159 rows=1000 loops=1)
         ->  Incremental Sort  (cost=11993.11..13971.93 rows=100000 width=20) (actual time=22.884..23.103 rows=1000 loops=1)
               Sort Key: s_4.a, s_4.b, s_4.c, s_4.d, s_4.e
               Presorted Key: s_4.a, s_4.b, s_4.c, s_4.d
               Sort Method: quicksort  Memory: 27kB
               Sort Groups: 32
               ->  Sort  (cost=11992.82..12242.82 rows=100000 width=20) (actual time=22.834..22.930 rows=1025 loops=1)
                     Sort Key: s_4.a, s_4.b, s_4.c, s_4.d
                     Sort Method: external merge  Disk: 2936kB
                     ->  Seq Scan on s_4  (cost=0.00..1637.00 rows=100000 width=20) (actual time=0.009..5.467 rows=100000 loops=1)
 Planning time: 0.239 ms
 Execution time: 23.751 ms
(13 rows)

===== 397 [Wed Mar  7 02:04:52 CET 2018] scale:100000 groups:10000 work_mem:4MB incremental:off max_workers:2 =====
SELECT * FROM (SELECT * FROM s_1 ORDER BY a) foo ORDER BY a, b LIMIT 1000
                                                            QUERY PLAN                                                             
-----------------------------------------------------------------------------------------------------------------------------------
 Limit  (cost=18738.21..18738.21 rows=1 width=20) (actual time=35.959..35.959 rows=0 loops=1)
   ->  Limit  (cost=18725.71..18728.21 rows=1000 width=20) (actual time=35.837..35.931 rows=1000 loops=1)
         ->  Sort  (cost=18725.71..18975.71 rows=100000 width=20) (actual time=35.836..35.875 rows=1000 loops=1)
               Sort Key: s_1.a, s_1.b
               Sort Method: top-N heapsort  Memory: 127kB
               ->  Sort  (cost=11992.82..12242.82 rows=100000 width=20) (actual time=21.196..29.493 rows=100000 loops=1)
                     Sort Key: s_1.a
                     Sort Method: external merge  Disk: 2936kB
                     ->  Seq Scan on s_1  (cost=0.00..1637.00 rows=100000 width=20) (actual time=0.010..5.472 rows=100000 loops=1)
 Planning time: 0.217 ms
 Execution time: 36.529 ms
(11 rows)

===== 398 [Wed Mar  7 02:04:52 CET 2018] scale:100000 groups:10000 work_mem:4MB incremental:off max_workers:2 =====
SELECT * FROM (SELECT * FROM s_2 ORDER BY a, b) foo ORDER BY a, b, c LIMIT 1000
                                                            QUERY PLAN                                                             
-----------------------------------------------------------------------------------------------------------------------------------
 Limit  (cost=18738.21..18738.21 rows=1 width=20) (actual time=37.059..37.059 rows=0 loops=1)
   ->  Limit  (cost=18725.71..18728.21 rows=1000 width=20) (actual time=36.937..37.030 rows=1000 loops=1)
         ->  Sort  (cost=18725.71..18975.71 rows=100000 width=20) (actual time=36.937..36.975 rows=1000 loops=1)
               Sort Key: s_2.a, s_2.b, s_2.c
               Sort Method: top-N heapsort  Memory: 127kB
               ->  Sort  (cost=11992.82..12242.82 rows=100000 width=20) (actual time=22.287..30.589 rows=100000 loops=1)
                     Sort Key: s_2.a, s_2.b
                     Sort Method: external merge  Disk: 2936kB
                     ->  Seq Scan on s_2  (cost=0.00..1637.00 rows=100000 width=20) (actual time=0.010..5.484 rows=100000 loops=1)
 Planning time: 0.214 ms
 Execution time: 37.648 ms
(11 rows)

===== 399 [Wed Mar  7 02:04:52 CET 2018] scale:100000 groups:10000 work_mem:4MB incremental:off max_workers:2 =====
SELECT * FROM (SELECT * FROM s_3 ORDER BY a, b, c) foo ORDER BY a, b, c, d LIMIT 1000
                                                            QUERY PLAN                                                             
-----------------------------------------------------------------------------------------------------------------------------------
 Limit  (cost=18738.21..18738.21 rows=1 width=20) (actual time=38.834..38.834 rows=0 loops=1)
   ->  Limit  (cost=18725.71..18728.21 rows=1000 width=20) (actual time=38.712..38.805 rows=1000 loops=1)
         ->  Sort  (cost=18725.71..18975.71 rows=100000 width=20) (actual time=38.711..38.750 rows=1000 loops=1)
               Sort Key: s_3.a, s_3.b, s_3.c, s_3.d
               Sort Method: top-N heapsort  Memory: 127kB
               ->  Sort  (cost=11992.82..12242.82 rows=100000 width=20) (actual time=22.905..31.926 rows=100000 loops=1)
                     Sort Key: s_3.a, s_3.b, s_3.c
                     Sort Method: external merge  Disk: 2936kB
                     ->  Seq Scan on s_3  (cost=0.00..1637.00 rows=100000 width=20) (actual time=0.010..5.431 rows=100000 loops=1)
 Planning time: 0.222 ms
 Execution time: 39.409 ms
(11 rows)

===== 400 [Wed Mar  7 02:04:52 CET 2018] scale:100000 groups:10000 work_mem:4MB incremental:off max_workers:2 =====
SELECT * FROM (SELECT * FROM s_4 ORDER BY a, b, c, d) foo ORDER BY a, b, c, d, e LIMIT 1000
                                                            QUERY PLAN                                                             
-----------------------------------------------------------------------------------------------------------------------------------
 Limit  (cost=18738.21..18738.21 rows=1 width=20) (actual time=38.713..38.713 rows=0 loops=1)
   ->  Limit  (cost=18725.71..18728.21 rows=1000 width=20) (actual time=38.589..38.684 rows=1000 loops=1)
         ->  Sort  (cost=18725.71..18975.71 rows=100000 width=20) (actual time=38.588..38.627 rows=1000 loops=1)
               Sort Key: s_4.a, s_4.b, s_4.c, s_4.d, s_4.e
               Sort Method: top-N heapsort  Memory: 127kB
               ->  Sort  (cost=11992.82..12242.82 rows=100000 width=20) (actual time=22.851..31.801 rows=100000 loops=1)
                     Sort Key: s_4.a, s_4.b, s_4.c, s_4.d
                     Sort Method: external merge  Disk: 2936kB
                     ->  Seq Scan on s_4  (cost=0.00..1637.00 rows=100000 width=20) (actual time=0.009..5.427 rows=100000 loops=1)
 Planning time: 0.228 ms
 Execution time: 39.286 ms
(11 rows)

===== 401 [Wed Mar  7 02:04:53 CET 2018] scale:100000 groups:10000 work_mem:8MB incremental:on max_workers:2 =====
SELECT * FROM (SELECT * FROM s_1 ORDER BY a) foo ORDER BY a, b LIMIT 1000
                                                            QUERY PLAN                                                             
-----------------------------------------------------------------------------------------------------------------------------------
 Limit  (cost=9971.87..9971.87 rows=1 width=20) (actual time=23.244..23.244 rows=0 loops=1)
   ->  Limit  (cost=9942.12..9961.87 rows=1000 width=20) (actual time=22.886..23.216 rows=1000 loops=1)
         ->  Incremental Sort  (cost=9942.12..11917.75 rows=100000 width=20) (actual time=22.885..23.160 rows=1000 loops=1)
               Sort Key: s_1.a, s_1.b
               Presorted Key: s_1.a
               Sort Method: quicksort  Memory: 28kB
               Sort Groups: 27
               ->  Sort  (cost=9941.82..10191.82 rows=100000 width=20) (actual time=22.833..22.923 rows=1015 loops=1)
                     Sort Key: s_1.a
                     Sort Method: external merge  Disk: 2936kB
                     ->  Seq Scan on s_1  (cost=0.00..1637.00 rows=100000 width=20) (actual time=0.009..5.623 rows=100000 loops=1)
 Planning time: 0.214 ms
 Execution time: 23.764 ms
(13 rows)

===== 402 [Wed Mar  7 02:04:53 CET 2018] scale:100000 groups:10000 work_mem:8MB incremental:on max_workers:2 =====
SELECT * FROM (SELECT * FROM s_2 ORDER BY a, b) foo ORDER BY a, b, c LIMIT 1000
                                                            QUERY PLAN                                                             
-----------------------------------------------------------------------------------------------------------------------------------
 Limit  (cost=9971.90..9971.90 rows=1 width=20) (actual time=24.420..24.420 rows=0 loops=1)
   ->  Limit  (cost=9942.11..9961.90 rows=1000 width=20) (actual time=24.128..24.391 rows=1000 loops=1)
         ->  Incremental Sort  (cost=9942.11..11920.93 rows=100000 width=20) (actual time=24.127..24.336 rows=1000 loops=1)
               Sort Key: s_2.a, s_2.b, s_2.c
               Presorted Key: s_2.a, s_2.b
               Sort Method: quicksort  Memory: 27kB
               Sort Groups: 32
               ->  Sort  (cost=9941.82..10191.82 rows=100000 width=20) (actual time=24.083..24.171 rows=1025 loops=1)
                     Sort Key: s_2.a, s_2.b
                     Sort Method: external merge  Disk: 2936kB
                     ->  Seq Scan on s_2  (cost=0.00..1637.00 rows=100000 width=20) (actual time=0.010..5.641 rows=100000 loops=1)
 Planning time: 0.246 ms
 Execution time: 24.924 ms
(13 rows)

===== 403 [Wed Mar  7 02:04:53 CET 2018] scale:100000 groups:10000 work_mem:8MB incremental:on max_workers:2 =====
SELECT * FROM (SELECT * FROM s_3 ORDER BY a, b, c) foo ORDER BY a, b, c, d LIMIT 1000
                                                            QUERY PLAN                                                             
-----------------------------------------------------------------------------------------------------------------------------------
 Limit  (cost=9971.90..9971.90 rows=1 width=20) (actual time=24.883..24.883 rows=0 loops=1)
   ->  Limit  (cost=9942.11..9961.90 rows=1000 width=20) (actual time=24.586..24.854 rows=1000 loops=1)
         ->  Incremental Sort  (cost=9942.11..11920.93 rows=100000 width=20) (actual time=24.586..24.798 rows=1000 loops=1)
               Sort Key: s_3.a, s_3.b, s_3.c, s_3.d
               Presorted Key: s_3.a, s_3.b, s_3.c
               Sort Method: quicksort  Memory: 27kB
               Sort Groups: 32
               ->  Sort  (cost=9941.82..10191.82 rows=100000 width=20) (actual time=24.536..24.625 rows=1025 loops=1)
                     Sort Key: s_3.a, s_3.b, s_3.c
                     Sort Method: external merge  Disk: 2936kB
                     ->  Seq Scan on s_3  (cost=0.00..1637.00 rows=100000 width=20) (actual time=0.010..5.572 rows=100000 loops=1)
 Planning time: 0.229 ms
 Execution time: 25.392 ms
(13 rows)

===== 404 [Wed Mar  7 02:04:53 CET 2018] scale:100000 groups:10000 work_mem:8MB incremental:on max_workers:2 =====
SELECT * FROM (SELECT * FROM s_4 ORDER BY a, b, c, d) foo ORDER BY a, b, c, d, e LIMIT 1000
                                                            QUERY PLAN                                                             
-----------------------------------------------------------------------------------------------------------------------------------
 Limit  (cost=9971.90..9971.90 rows=1 width=20) (actual time=24.889..24.889 rows=0 loops=1)
   ->  Limit  (cost=9942.11..9961.90 rows=1000 width=20) (actual time=24.593..24.860 rows=1000 loops=1)
         ->  Incremental Sort  (cost=9942.11..11920.93 rows=100000 width=20) (actual time=24.593..24.804 rows=1000 loops=1)
               Sort Key: s_4.a, s_4.b, s_4.c, s_4.d, s_4.e
               Presorted Key: s_4.a, s_4.b, s_4.c, s_4.d
               Sort Method: quicksort  Memory: 27kB
               Sort Groups: 32
               ->  Sort  (cost=9941.82..10191.82 rows=100000 width=20) (actual time=24.544..24.632 rows=1025 loops=1)
                     Sort Key: s_4.a, s_4.b, s_4.c, s_4.d
                     Sort Method: external merge  Disk: 2936kB
                     ->  Seq Scan on s_4  (cost=0.00..1637.00 rows=100000 width=20) (actual time=0.009..5.580 rows=100000 loops=1)
 Planning time: 0.231 ms
 Execution time: 25.399 ms
(13 rows)

===== 405 [Wed Mar  7 02:04:53 CET 2018] scale:100000 groups:10000 work_mem:8MB incremental:off max_workers:2 =====
SELECT * FROM (SELECT * FROM s_1 ORDER BY a) foo ORDER BY a, b LIMIT 1000
                                                            QUERY PLAN                                                             
-----------------------------------------------------------------------------------------------------------------------------------
 Limit  (cost=16687.21..16687.21 rows=1 width=20) (actual time=37.416..37.416 rows=0 loops=1)
   ->  Limit  (cost=16674.71..16677.21 rows=1000 width=20) (actual time=37.295..37.388 rows=1000 loops=1)
         ->  Sort  (cost=16674.71..16924.71 rows=100000 width=20) (actual time=37.294..37.332 rows=1000 loops=1)
               Sort Key: s_1.a, s_1.b
               Sort Method: top-N heapsort  Memory: 127kB
               ->  Sort  (cost=9941.82..10191.82 rows=100000 width=20) (actual time=22.789..30.972 rows=100000 loops=1)
                     Sort Key: s_1.a
                     Sort Method: external merge  Disk: 2936kB
                     ->  Seq Scan on s_1  (cost=0.00..1637.00 rows=100000 width=20) (actual time=0.010..5.599 rows=100000 loops=1)
 Planning time: 0.219 ms
 Execution time: 37.838 ms
(11 rows)

===== 406 [Wed Mar  7 02:04:54 CET 2018] scale:100000 groups:10000 work_mem:8MB incremental:off max_workers:2 =====
SELECT * FROM (SELECT * FROM s_2 ORDER BY a, b) foo ORDER BY a, b, c LIMIT 1000
                                                            QUERY PLAN                                                             
-----------------------------------------------------------------------------------------------------------------------------------
 Limit  (cost=16687.21..16687.21 rows=1 width=20) (actual time=38.639..38.639 rows=0 loops=1)
   ->  Limit  (cost=16674.71..16677.21 rows=1000 width=20) (actual time=38.517..38.611 rows=1000 loops=1)
         ->  Sort  (cost=16674.71..16924.71 rows=100000 width=20) (actual time=38.516..38.555 rows=1000 loops=1)
               Sort Key: s_2.a, s_2.b, s_2.c
               Sort Method: top-N heapsort  Memory: 127kB
               ->  Sort  (cost=9941.82..10191.82 rows=100000 width=20) (actual time=23.997..32.187 rows=100000 loops=1)
                     Sort Key: s_2.a, s_2.b
                     Sort Method: external merge  Disk: 2936kB
                     ->  Seq Scan on s_2  (cost=0.00..1637.00 rows=100000 width=20) (actual time=0.010..5.589 rows=100000 loops=1)
 Planning time: 0.221 ms
 Execution time: 39.061 ms
(11 rows)

===== 407 [Wed Mar  7 02:04:54 CET 2018] scale:100000 groups:10000 work_mem:8MB incremental:off max_workers:2 =====
SELECT * FROM (SELECT * FROM s_3 ORDER BY a, b, c) foo ORDER BY a, b, c, d LIMIT 1000
                                                            QUERY PLAN                                                             
-----------------------------------------------------------------------------------------------------------------------------------
 Limit  (cost=16687.21..16687.21 rows=1 width=20) (actual time=40.274..40.274 rows=0 loops=1)
   ->  Limit  (cost=16674.71..16677.21 rows=1000 width=20) (actual time=40.152..40.244 rows=1000 loops=1)
         ->  Sort  (cost=16674.71..16924.71 rows=100000 width=20) (actual time=40.151..40.190 rows=1000 loops=1)
               Sort Key: s_3.a, s_3.b, s_3.c, s_3.d
               Sort Method: top-N heapsort  Memory: 127kB
               ->  Sort  (cost=9941.82..10191.82 rows=100000 width=20) (actual time=24.493..33.398 rows=100000 loops=1)
                     Sort Key: s_3.a, s_3.b, s_3.c
                     Sort Method: external merge  Disk: 2936kB
                     ->  Seq Scan on s_3  (cost=0.00..1637.00 rows=100000 width=20) (actual time=0.010..5.550 rows=100000 loops=1)
 Planning time: 0.223 ms
 Execution time: 40.705 ms
(11 rows)

===== 408 [Wed Mar  7 02:04:54 CET 2018] scale:100000 groups:10000 work_mem:8MB incremental:off max_workers:2 =====
SELECT * FROM (SELECT * FROM s_4 ORDER BY a, b, c, d) foo ORDER BY a, b, c, d, e LIMIT 1000
                                                            QUERY PLAN                                                             
-----------------------------------------------------------------------------------------------------------------------------------
 Limit  (cost=16687.21..16687.21 rows=1 width=20) (actual time=40.232..40.232 rows=0 loops=1)
   ->  Limit  (cost=16674.71..16677.21 rows=1000 width=20) (actual time=40.110..40.204 rows=1000 loops=1)
         ->  Sort  (cost=16674.71..16924.71 rows=100000 width=20) (actual time=40.109..40.149 rows=1000 loops=1)
               Sort Key: s_4.a, s_4.b, s_4.c, s_4.d, s_4.e
               Sort Method: top-N heapsort  Memory: 127kB
               ->  Sort  (cost=9941.82..10191.82 rows=100000 width=20) (actual time=24.445..33.355 rows=100000 loops=1)
                     Sort Key: s_4.a, s_4.b, s_4.c, s_4.d
                     Sort Method: external merge  Disk: 2936kB
                     ->  Seq Scan on s_4  (cost=0.00..1637.00 rows=100000 width=20) (actual time=0.009..5.540 rows=100000 loops=1)
 Planning time: 0.229 ms
 Execution time: 40.636 ms
(11 rows)

===== 409 [Wed Mar  7 02:04:55 CET 2018] scale:100000 groups:10000 work_mem:16MB incremental:on max_workers:2 =====
SELECT * FROM (SELECT * FROM s_1 ORDER BY a) foo ORDER BY a, b LIMIT 1000
                                                            QUERY PLAN                                                             
-----------------------------------------------------------------------------------------------------------------------------------
 Limit  (cost=9971.87..9971.87 rows=1 width=20) (actual time=16.835..16.835 rows=0 loops=1)
   ->  Limit  (cost=9942.12..9961.87 rows=1000 width=20) (actual time=16.516..16.807 rows=1000 loops=1)
         ->  Incremental Sort  (cost=9942.12..11917.75 rows=100000 width=20) (actual time=16.516..16.751 rows=1000 loops=1)
               Sort Key: s_1.a, s_1.b
               Presorted Key: s_1.a
               Sort Method: quicksort  Memory: 28kB
               Sort Groups: 27
               ->  Sort  (cost=9941.82..10191.82 rows=100000 width=20) (actual time=16.465..16.507 rows=1015 loops=1)
                     Sort Key: s_1.a
                     Sort Method: quicksort  Memory: 10885kB
                     ->  Seq Scan on s_1  (cost=0.00..1637.00 rows=100000 width=20) (actual time=0.009..5.630 rows=100000 loops=1)
 Planning time: 0.218 ms
 Execution time: 17.290 ms
(13 rows)

===== 410 [Wed Mar  7 02:04:55 CET 2018] scale:100000 groups:10000 work_mem:16MB incremental:on max_workers:2 =====
SELECT * FROM (SELECT * FROM s_2 ORDER BY a, b) foo ORDER BY a, b, c LIMIT 1000
                                                            QUERY PLAN                                                             
-----------------------------------------------------------------------------------------------------------------------------------
 Limit  (cost=9971.90..9971.90 rows=1 width=20) (actual time=18.059..18.059 rows=0 loops=1)
   ->  Limit  (cost=9942.11..9961.90 rows=1000 width=20) (actual time=17.804..18.030 rows=1000 loops=1)
         ->  Incremental Sort  (cost=9942.11..11920.93 rows=100000 width=20) (actual time=17.803..17.974 rows=1000 loops=1)
               Sort Key: s_2.a, s_2.b, s_2.c
               Presorted Key: s_2.a, s_2.b
               Sort Method: quicksort  Memory: 27kB
               Sort Groups: 32
               ->  Sort  (cost=9941.82..10191.82 rows=100000 width=20) (actual time=17.758..17.802 rows=1025 loops=1)
                     Sort Key: s_2.a, s_2.b
                     Sort Method: quicksort  Memory: 10885kB
                     ->  Seq Scan on s_2  (cost=0.00..1637.00 rows=100000 width=20) (actual time=0.010..5.634 rows=100000 loops=1)
 Planning time: 0.224 ms
 Execution time: 18.540 ms
(13 rows)

===== 411 [Wed Mar  7 02:04:55 CET 2018] scale:100000 groups:10000 work_mem:16MB incremental:on max_workers:2 =====
SELECT * FROM (SELECT * FROM s_3 ORDER BY a, b, c) foo ORDER BY a, b, c, d LIMIT 1000
                                                            QUERY PLAN                                                             
-----------------------------------------------------------------------------------------------------------------------------------
 Limit  (cost=9971.90..9971.90 rows=1 width=20) (actual time=18.488..18.488 rows=0 loops=1)
   ->  Limit  (cost=9942.11..9961.90 rows=1000 width=20) (actual time=18.229..18.459 rows=1000 loops=1)
         ->  Incremental Sort  (cost=9942.11..11920.93 rows=100000 width=20) (actual time=18.228..18.403 rows=1000 loops=1)
               Sort Key: s_3.a, s_3.b, s_3.c, s_3.d
               Presorted Key: s_3.a, s_3.b, s_3.c
               Sort Method: quicksort  Memory: 27kB
               Sort Groups: 32
               ->  Sort  (cost=9941.82..10191.82 rows=100000 width=20) (actual time=18.184..18.225 rows=1025 loops=1)
                     Sort Key: s_3.a, s_3.b, s_3.c
                     Sort Method: quicksort  Memory: 10885kB
                     ->  Seq Scan on s_3  (cost=0.00..1637.00 rows=100000 width=20) (actual time=0.010..5.588 rows=100000 loops=1)
 Planning time: 0.237 ms
 Execution time: 18.967 ms
(13 rows)

===== 412 [Wed Mar  7 02:04:55 CET 2018] scale:100000 groups:10000 work_mem:16MB incremental:on max_workers:2 =====
SELECT * FROM (SELECT * FROM s_4 ORDER BY a, b, c, d) foo ORDER BY a, b, c, d, e LIMIT 1000
                                                            QUERY PLAN                                                             
-----------------------------------------------------------------------------------------------------------------------------------
 Limit  (cost=9971.90..9971.90 rows=1 width=20) (actual time=18.521..18.521 rows=0 loops=1)
   ->  Limit  (cost=9942.11..9961.90 rows=1000 width=20) (actual time=18.261..18.492 rows=1000 loops=1)
         ->  Incremental Sort  (cost=9942.11..11920.93 rows=100000 width=20) (actual time=18.260..18.436 rows=1000 loops=1)
               Sort Key: s_4.a, s_4.b, s_4.c, s_4.d, s_4.e
               Presorted Key: s_4.a, s_4.b, s_4.c, s_4.d
               Sort Method: quicksort  Memory: 27kB
               Sort Groups: 32
               ->  Sort  (cost=9941.82..10191.82 rows=100000 width=20) (actual time=18.212..18.253 rows=1025 loops=1)
                     Sort Key: s_4.a, s_4.b, s_4.c, s_4.d
                     Sort Method: quicksort  Memory: 10885kB
                     ->  Seq Scan on s_4  (cost=0.00..1637.00 rows=100000 width=20) (actual time=0.009..5.592 rows=100000 loops=1)
 Planning time: 0.236 ms
 Execution time: 18.996 ms
(13 rows)

===== 413 [Wed Mar  7 02:04:55 CET 2018] scale:100000 groups:10000 work_mem:16MB incremental:off max_workers:2 =====
SELECT * FROM (SELECT * FROM s_1 ORDER BY a) foo ORDER BY a, b LIMIT 1000
                                                            QUERY PLAN                                                             
-----------------------------------------------------------------------------------------------------------------------------------
 Limit  (cost=16687.21..16687.21 rows=1 width=20) (actual time=27.062..27.062 rows=0 loops=1)
   ->  Limit  (cost=16674.71..16677.21 rows=1000 width=20) (actual time=26.940..27.034 rows=1000 loops=1)
         ->  Sort  (cost=16674.71..16924.71 rows=100000 width=20) (actual time=26.939..26.978 rows=1000 loops=1)
               Sort Key: s_1.a, s_1.b
               Sort Method: top-N heapsort  Memory: 127kB
               ->  Sort  (cost=9941.82..10191.82 rows=100000 width=20) (actual time=16.399..19.886 rows=100000 loops=1)
                     Sort Key: s_1.a
                     Sort Method: quicksort  Memory: 10885kB
                     ->  Seq Scan on s_1  (cost=0.00..1637.00 rows=100000 width=20) (actual time=0.010..5.578 rows=100000 loops=1)
 Planning time: 0.211 ms
 Execution time: 27.548 ms
(11 rows)

===== 414 [Wed Mar  7 02:04:55 CET 2018] scale:100000 groups:10000 work_mem:16MB incremental:off max_workers:2 =====
SELECT * FROM (SELECT * FROM s_2 ORDER BY a, b) foo ORDER BY a, b, c LIMIT 1000
                                                            QUERY PLAN                                                             
-----------------------------------------------------------------------------------------------------------------------------------
 Limit  (cost=16687.21..16687.21 rows=1 width=20) (actual time=28.372..28.372 rows=0 loops=1)
   ->  Limit  (cost=16674.71..16677.21 rows=1000 width=20) (actual time=28.250..28.344 rows=1000 loops=1)
         ->  Sort  (cost=16674.71..16924.71 rows=100000 width=20) (actual time=28.250..28.288 rows=1000 loops=1)
               Sort Key: s_2.a, s_2.b, s_2.c
               Sort Method: top-N heapsort  Memory: 127kB
               ->  Sort  (cost=9941.82..10191.82 rows=100000 width=20) (actual time=17.687..21.185 rows=100000 loops=1)
                     Sort Key: s_2.a, s_2.b
                     Sort Method: quicksort  Memory: 10885kB
                     ->  Seq Scan on s_2  (cost=0.00..1637.00 rows=100000 width=20) (actual time=0.010..5.586 rows=100000 loops=1)
 Planning time: 0.215 ms
 Execution time: 28.856 ms
(11 rows)

===== 415 [Wed Mar  7 02:04:56 CET 2018] scale:100000 groups:10000 work_mem:16MB incremental:off max_workers:2 =====
SELECT * FROM (SELECT * FROM s_3 ORDER BY a, b, c) foo ORDER BY a, b, c, d LIMIT 1000
                                                            QUERY PLAN                                                             
-----------------------------------------------------------------------------------------------------------------------------------
 Limit  (cost=16687.21..16687.21 rows=1 width=20) (actual time=29.430..29.430 rows=0 loops=1)
   ->  Limit  (cost=16674.71..16677.21 rows=1000 width=20) (actual time=29.308..29.402 rows=1000 loops=1)
         ->  Sort  (cost=16674.71..16924.71 rows=100000 width=20) (actual time=29.307..29.346 rows=1000 loops=1)
               Sort Key: s_3.a, s_3.b, s_3.c, s_3.d
               Sort Method: top-N heapsort  Memory: 127kB
               ->  Sort  (cost=9941.82..10191.82 rows=100000 width=20) (actual time=18.167..21.715 rows=100000 loops=1)
                     Sort Key: s_3.a, s_3.b, s_3.c
                     Sort Method: quicksort  Memory: 10885kB
                     ->  Seq Scan on s_3  (cost=0.00..1637.00 rows=100000 width=20) (actual time=0.010..5.561 rows=100000 loops=1)
 Planning time: 0.226 ms
 Execution time: 29.914 ms
(11 rows)

===== 416 [Wed Mar  7 02:04:56 CET 2018] scale:100000 groups:10000 work_mem:16MB incremental:off max_workers:2 =====
SELECT * FROM (SELECT * FROM s_4 ORDER BY a, b, c, d) foo ORDER BY a, b, c, d, e LIMIT 1000
                                                            QUERY PLAN                                                             
-----------------------------------------------------------------------------------------------------------------------------------
 Limit  (cost=16687.21..16687.21 rows=1 width=20) (actual time=29.376..29.376 rows=0 loops=1)
   ->  Limit  (cost=16674.71..16677.21 rows=1000 width=20) (actual time=29.255..29.348 rows=1000 loops=1)
         ->  Sort  (cost=16674.71..16924.71 rows=100000 width=20) (actual time=29.254..29.293 rows=1000 loops=1)
               Sort Key: s_4.a, s_4.b, s_4.c, s_4.d, s_4.e
               Sort Method: top-N heapsort  Memory: 127kB
               ->  Sort  (cost=9941.82..10191.82 rows=100000 width=20) (actual time=18.121..21.663 rows=100000 loops=1)
                     Sort Key: s_4.a, s_4.b, s_4.c, s_4.d
                     Sort Method: quicksort  Memory: 10885kB
                     ->  Seq Scan on s_4  (cost=0.00..1637.00 rows=100000 width=20) (actual time=0.009..5.557 rows=100000 loops=1)
 Planning time: 0.225 ms
 Execution time: 29.864 ms
(11 rows)

===== 417 [Wed Mar  7 02:04:56 CET 2018] scale:100000 groups:10000 work_mem:32MB incremental:on max_workers:2 =====
SELECT * FROM (SELECT * FROM s_1 ORDER BY a) foo ORDER BY a, b LIMIT 1000
                                                            QUERY PLAN                                                             
-----------------------------------------------------------------------------------------------------------------------------------
 Limit  (cost=9971.87..9971.87 rows=1 width=20) (actual time=16.840..16.840 rows=0 loops=1)
   ->  Limit  (cost=9942.12..9961.87 rows=1000 width=20) (actual time=16.516..16.808 rows=1000 loops=1)
         ->  Incremental Sort  (cost=9942.12..11917.75 rows=100000 width=20) (actual time=16.515..16.752 rows=1000 loops=1)
               Sort Key: s_1.a, s_1.b
               Presorted Key: s_1.a
               Sort Method: quicksort  Memory: 28kB
               Sort Groups: 27
               ->  Sort  (cost=9941.82..10191.82 rows=100000 width=20) (actual time=16.466..16.509 rows=1015 loops=1)
                     Sort Key: s_1.a
                     Sort Method: quicksort  Memory: 10885kB
                     ->  Seq Scan on s_1  (cost=0.00..1637.00 rows=100000 width=20) (actual time=0.010..5.623 rows=100000 loops=1)
 Planning time: 0.229 ms
 Execution time: 17.293 ms
(13 rows)

===== 418 [Wed Mar  7 02:04:56 CET 2018] scale:100000 groups:10000 work_mem:32MB incremental:on max_workers:2 =====
SELECT * FROM (SELECT * FROM s_2 ORDER BY a, b) foo ORDER BY a, b, c LIMIT 1000
                                                            QUERY PLAN                                                             
-----------------------------------------------------------------------------------------------------------------------------------
 Limit  (cost=9971.90..9971.90 rows=1 width=20) (actual time=18.074..18.074 rows=0 loops=1)
   ->  Limit  (cost=9942.11..9961.90 rows=1000 width=20) (actual time=17.820..18.046 rows=1000 loops=1)
         ->  Incremental Sort  (cost=9942.11..11920.93 rows=100000 width=20) (actual time=17.819..17.990 rows=1000 loops=1)
               Sort Key: s_2.a, s_2.b, s_2.c
               Presorted Key: s_2.a, s_2.b
               Sort Method: quicksort  Memory: 27kB
               Sort Groups: 32
               ->  Sort  (cost=9941.82..10191.82 rows=100000 width=20) (actual time=17.774..17.817 rows=1025 loops=1)
                     Sort Key: s_2.a, s_2.b
                     Sort Method: quicksort  Memory: 10885kB
                     ->  Seq Scan on s_2  (cost=0.00..1637.00 rows=100000 width=20) (actual time=0.010..5.637 rows=100000 loops=1)
 Planning time: 0.232 ms
 Execution time: 18.556 ms
(13 rows)

===== 419 [Wed Mar  7 02:04:56 CET 2018] scale:100000 groups:10000 work_mem:32MB incremental:on max_workers:2 =====
SELECT * FROM (SELECT * FROM s_3 ORDER BY a, b, c) foo ORDER BY a, b, c, d LIMIT 1000
                                                            QUERY PLAN                                                             
-----------------------------------------------------------------------------------------------------------------------------------
 Limit  (cost=9971.90..9971.90 rows=1 width=20) (actual time=18.513..18.513 rows=0 loops=1)
   ->  Limit  (cost=9942.11..9961.90 rows=1000 width=20) (actual time=18.252..18.484 rows=1000 loops=1)
         ->  Incremental Sort  (cost=9942.11..11920.93 rows=100000 width=20) (actual time=18.252..18.428 rows=1000 loops=1)
               Sort Key: s_3.a, s_3.b, s_3.c, s_3.d
               Presorted Key: s_3.a, s_3.b, s_3.c
               Sort Method: quicksort  Memory: 27kB
               Sort Groups: 32
               ->  Sort  (cost=9941.82..10191.82 rows=100000 width=20) (actual time=18.208..18.249 rows=1025 loops=1)
                     Sort Key: s_3.a, s_3.b, s_3.c
                     Sort Method: quicksort  Memory: 10885kB
                     ->  Seq Scan on s_3  (cost=0.00..1637.00 rows=100000 width=20) (actual time=0.010..5.584 rows=100000 loops=1)
 Planning time: 0.237 ms
 Execution time: 18.995 ms
(13 rows)

===== 420 [Wed Mar  7 02:04:56 CET 2018] scale:100000 groups:10000 work_mem:32MB incremental:on max_workers:2 =====
SELECT * FROM (SELECT * FROM s_4 ORDER BY a, b, c, d) foo ORDER BY a, b, c, d, e LIMIT 1000
                                                            QUERY PLAN                                                             
-----------------------------------------------------------------------------------------------------------------------------------
 Limit  (cost=9971.90..9971.90 rows=1 width=20) (actual time=18.512..18.512 rows=0 loops=1)
   ->  Limit  (cost=9942.11..9961.90 rows=1000 width=20) (actual time=18.252..18.482 rows=1000 loops=1)
         ->  Incremental Sort  (cost=9942.11..11920.93 rows=100000 width=20) (actual time=18.251..18.427 rows=1000 loops=1)
               Sort Key: s_4.a, s_4.b, s_4.c, s_4.d, s_4.e
               Presorted Key: s_4.a, s_4.b, s_4.c, s_4.d
               Sort Method: quicksort  Memory: 27kB
               Sort Groups: 32
               ->  Sort  (cost=9941.82..10191.82 rows=100000 width=20) (actual time=18.202..18.244 rows=1025 loops=1)
                     Sort Key: s_4.a, s_4.b, s_4.c, s_4.d
                     Sort Method: quicksort  Memory: 10885kB
                     ->  Seq Scan on s_4  (cost=0.00..1637.00 rows=100000 width=20) (actual time=0.009..5.583 rows=100000 loops=1)
 Planning time: 0.242 ms
 Execution time: 18.990 ms
(13 rows)

===== 421 [Wed Mar  7 02:04:57 CET 2018] scale:100000 groups:10000 work_mem:32MB incremental:off max_workers:2 =====
SELECT * FROM (SELECT * FROM s_1 ORDER BY a) foo ORDER BY a, b LIMIT 1000
                                                            QUERY PLAN                                                             
-----------------------------------------------------------------------------------------------------------------------------------
 Limit  (cost=16687.21..16687.21 rows=1 width=20) (actual time=27.085..27.085 rows=0 loops=1)
   ->  Limit  (cost=16674.71..16677.21 rows=1000 width=20) (actual time=26.963..27.057 rows=1000 loops=1)
         ->  Sort  (cost=16674.71..16924.71 rows=100000 width=20) (actual time=26.963..27.001 rows=1000 loops=1)
               Sort Key: s_1.a, s_1.b
               Sort Method: top-N heapsort  Memory: 127kB
               ->  Sort  (cost=9941.82..10191.82 rows=100000 width=20) (actual time=16.414..19.889 rows=100000 loops=1)
                     Sort Key: s_1.a
                     Sort Method: quicksort  Memory: 10885kB
                     ->  Seq Scan on s_1  (cost=0.00..1637.00 rows=100000 width=20) (actual time=0.010..5.599 rows=100000 loops=1)
 Planning time: 0.216 ms
 Execution time: 27.567 ms
(11 rows)

===== 422 [Wed Mar  7 02:04:57 CET 2018] scale:100000 groups:10000 work_mem:32MB incremental:off max_workers:2 =====
SELECT * FROM (SELECT * FROM s_2 ORDER BY a, b) foo ORDER BY a, b, c LIMIT 1000
                                                            QUERY PLAN                                                             
-----------------------------------------------------------------------------------------------------------------------------------
 Limit  (cost=16687.21..16687.21 rows=1 width=20) (actual time=28.470..28.470 rows=0 loops=1)
   ->  Limit  (cost=16674.71..16677.21 rows=1000 width=20) (actual time=28.345..28.443 rows=1000 loops=1)
         ->  Sort  (cost=16674.71..16924.71 rows=100000 width=20) (actual time=28.345..28.386 rows=1000 loops=1)
               Sort Key: s_2.a, s_2.b, s_2.c
               Sort Method: top-N heapsort  Memory: 127kB
               ->  Sort  (cost=9941.82..10191.82 rows=100000 width=20) (actual time=17.733..21.263 rows=100000 loops=1)
                     Sort Key: s_2.a, s_2.b
                     Sort Method: quicksort  Memory: 10885kB
                     ->  Seq Scan on s_2  (cost=0.00..1637.00 rows=100000 width=20) (actual time=0.010..5.592 rows=100000 loops=1)
 Planning time: 0.213 ms
 Execution time: 28.955 ms
(11 rows)

===== 423 [Wed Mar  7 02:04:57 CET 2018] scale:100000 groups:10000 work_mem:32MB incremental:off max_workers:2 =====
SELECT * FROM (SELECT * FROM s_3 ORDER BY a, b, c) foo ORDER BY a, b, c, d LIMIT 1000
                                                            QUERY PLAN                                                             
-----------------------------------------------------------------------------------------------------------------------------------
 Limit  (cost=16687.21..16687.21 rows=1 width=20) (actual time=29.363..29.363 rows=0 loops=1)
   ->  Limit  (cost=16674.71..16677.21 rows=1000 width=20) (actual time=29.241..29.334 rows=1000 loops=1)
         ->  Sort  (cost=16674.71..16924.71 rows=100000 width=20) (actual time=29.241..29.279 rows=1000 loops=1)
               Sort Key: s_3.a, s_3.b, s_3.c, s_3.d
               Sort Method: top-N heapsort  Memory: 127kB
               ->  Sort  (cost=9941.82..10191.82 rows=100000 width=20) (actual time=18.114..21.658 rows=100000 loops=1)
                     Sort Key: s_3.a, s_3.b, s_3.c
                     Sort Method: quicksort  Memory: 10885kB
                     ->  Seq Scan on s_3  (cost=0.00..1637.00 rows=100000 width=20) (actual time=0.010..5.558 rows=100000 loops=1)
 Planning time: 0.224 ms
 Execution time: 29.846 ms
(11 rows)

===== 424 [Wed Mar  7 02:04:57 CET 2018] scale:100000 groups:10000 work_mem:32MB incremental:off max_workers:2 =====
SELECT * FROM (SELECT * FROM s_4 ORDER BY a, b, c, d) foo ORDER BY a, b, c, d, e LIMIT 1000
                                                            QUERY PLAN                                                             
-----------------------------------------------------------------------------------------------------------------------------------
 Limit  (cost=16687.21..16687.21 rows=1 width=20) (actual time=29.406..29.406 rows=0 loops=1)
   ->  Limit  (cost=16674.71..16677.21 rows=1000 width=20) (actual time=29.281..29.377 rows=1000 loops=1)
         ->  Sort  (cost=16674.71..16924.71 rows=100000 width=20) (actual time=29.281..29.319 rows=1000 loops=1)
               Sort Key: s_4.a, s_4.b, s_4.c, s_4.d, s_4.e
               Sort Method: top-N heapsort  Memory: 127kB
               ->  Sort  (cost=9941.82..10191.82 rows=100000 width=20) (actual time=18.146..21.702 rows=100000 loops=1)
                     Sort Key: s_4.a, s_4.b, s_4.c, s_4.d
                     Sort Method: quicksort  Memory: 10885kB
                     ->  Seq Scan on s_4  (cost=0.00..1637.00 rows=100000 width=20) (actual time=0.009..5.557 rows=100000 loops=1)
 Planning time: 0.225 ms
 Execution time: 29.890 ms
(11 rows)

===== 425 [Wed Mar  7 02:04:57 CET 2018] scale:100000 groups:10000 work_mem:64MB incremental:on max_workers:2 =====
SELECT * FROM (SELECT * FROM s_1 ORDER BY a) foo ORDER BY a, b LIMIT 1000
                                                            QUERY PLAN                                                             
-----------------------------------------------------------------------------------------------------------------------------------
 Limit  (cost=9971.87..9971.87 rows=1 width=20) (actual time=16.831..16.831 rows=0 loops=1)
   ->  Limit  (cost=9942.12..9961.87 rows=1000 width=20) (actual time=16.511..16.803 rows=1000 loops=1)
         ->  Incremental Sort  (cost=9942.12..11917.75 rows=100000 width=20) (actual time=16.511..16.747 rows=1000 loops=1)
               Sort Key: s_1.a, s_1.b
               Presorted Key: s_1.a
               Sort Method: quicksort  Memory: 28kB
               Sort Groups: 27
               ->  Sort  (cost=9941.82..10191.82 rows=100000 width=20) (actual time=16.463..16.504 rows=1015 loops=1)
                     Sort Key: s_1.a
                     Sort Method: quicksort  Memory: 10885kB
                     ->  Seq Scan on s_1  (cost=0.00..1637.00 rows=100000 width=20) (actual time=0.009..5.630 rows=100000 loops=1)
 Planning time: 0.222 ms
 Execution time: 17.288 ms
(13 rows)

===== 426 [Wed Mar  7 02:04:58 CET 2018] scale:100000 groups:10000 work_mem:64MB incremental:on max_workers:2 =====
SELECT * FROM (SELECT * FROM s_2 ORDER BY a, b) foo ORDER BY a, b, c LIMIT 1000
                                                            QUERY PLAN                                                             
-----------------------------------------------------------------------------------------------------------------------------------
 Limit  (cost=9971.90..9971.90 rows=1 width=20) (actual time=18.075..18.075 rows=0 loops=1)
   ->  Limit  (cost=9942.11..9961.90 rows=1000 width=20) (actual time=17.820..18.046 rows=1000 loops=1)
         ->  Incremental Sort  (cost=9942.11..11920.93 rows=100000 width=20) (actual time=17.819..17.991 rows=1000 loops=1)
               Sort Key: s_2.a, s_2.b, s_2.c
               Presorted Key: s_2.a, s_2.b
               Sort Method: quicksort  Memory: 27kB
               Sort Groups: 32
               ->  Sort  (cost=9941.82..10191.82 rows=100000 width=20) (actual time=17.776..17.819 rows=1025 loops=1)
                     Sort Key: s_2.a, s_2.b
                     Sort Method: quicksort  Memory: 10885kB
                     ->  Seq Scan on s_2  (cost=0.00..1637.00 rows=100000 width=20) (actual time=0.010..5.638 rows=100000 loops=1)
 Planning time: 0.222 ms
 Execution time: 18.557 ms
(13 rows)

===== 427 [Wed Mar  7 02:04:58 CET 2018] scale:100000 groups:10000 work_mem:64MB incremental:on max_workers:2 =====
SELECT * FROM (SELECT * FROM s_3 ORDER BY a, b, c) foo ORDER BY a, b, c, d LIMIT 1000
                                                            QUERY PLAN                                                             
-----------------------------------------------------------------------------------------------------------------------------------
 Limit  (cost=9971.90..9971.90 rows=1 width=20) (actual time=18.486..18.486 rows=0 loops=1)
   ->  Limit  (cost=9942.11..9961.90 rows=1000 width=20) (actual time=18.227..18.457 rows=1000 loops=1)
         ->  Incremental Sort  (cost=9942.11..11920.93 rows=100000 width=20) (actual time=18.226..18.402 rows=1000 loops=1)
               Sort Key: s_3.a, s_3.b, s_3.c, s_3.d
               Presorted Key: s_3.a, s_3.b, s_3.c
               Sort Method: quicksort  Memory: 27kB
               Sort Groups: 32
               ->  Sort  (cost=9941.82..10191.82 rows=100000 width=20) (actual time=18.181..18.222 rows=1025 loops=1)
                     Sort Key: s_3.a, s_3.b, s_3.c
                     Sort Method: quicksort  Memory: 10885kB
                     ->  Seq Scan on s_3  (cost=0.00..1637.00 rows=100000 width=20) (actual time=0.011..5.595 rows=100000 loops=1)
 Planning time: 0.236 ms
 Execution time: 18.965 ms
(13 rows)

===== 428 [Wed Mar  7 02:04:58 CET 2018] scale:100000 groups:10000 work_mem:64MB incremental:on max_workers:2 =====
SELECT * FROM (SELECT * FROM s_4 ORDER BY a, b, c, d) foo ORDER BY a, b, c, d, e LIMIT 1000
                                                            QUERY PLAN                                                             
-----------------------------------------------------------------------------------------------------------------------------------
 Limit  (cost=9971.90..9971.90 rows=1 width=20) (actual time=18.544..18.544 rows=0 loops=1)
   ->  Limit  (cost=9942.11..9961.90 rows=1000 width=20) (actual time=18.283..18.514 rows=1000 loops=1)
         ->  Incremental Sort  (cost=9942.11..11920.93 rows=100000 width=20) (actual time=18.283..18.459 rows=1000 loops=1)
               Sort Key: s_4.a, s_4.b, s_4.c, s_4.d, s_4.e
               Presorted Key: s_4.a, s_4.b, s_4.c, s_4.d
               Sort Method: quicksort  Memory: 27kB
               Sort Groups: 32
               ->  Sort  (cost=9941.82..10191.82 rows=100000 width=20) (actual time=18.228..18.270 rows=1025 loops=1)
                     Sort Key: s_4.a, s_4.b, s_4.c, s_4.d
                     Sort Method: quicksort  Memory: 10885kB
                     ->  Seq Scan on s_4  (cost=0.00..1637.00 rows=100000 width=20) (actual time=0.009..5.586 rows=100000 loops=1)
 Planning time: 0.235 ms
 Execution time: 19.022 ms
(13 rows)

===== 429 [Wed Mar  7 02:04:58 CET 2018] scale:100000 groups:10000 work_mem:64MB incremental:off max_workers:2 =====
SELECT * FROM (SELECT * FROM s_1 ORDER BY a) foo ORDER BY a, b LIMIT 1000
                                                            QUERY PLAN                                                             
-----------------------------------------------------------------------------------------------------------------------------------
 Limit  (cost=16687.21..16687.21 rows=1 width=20) (actual time=27.110..27.110 rows=0 loops=1)
   ->  Limit  (cost=16674.71..16677.21 rows=1000 width=20) (actual time=26.986..27.081 rows=1000 loops=1)
         ->  Sort  (cost=16674.71..16924.71 rows=100000 width=20) (actual time=26.985..27.024 rows=1000 loops=1)
               Sort Key: s_1.a, s_1.b
               Sort Method: top-N heapsort  Memory: 127kB
               ->  Sort  (cost=9941.82..10191.82 rows=100000 width=20) (actual time=16.430..19.911 rows=100000 loops=1)
                     Sort Key: s_1.a
                     Sort Method: quicksort  Memory: 10885kB
                     ->  Seq Scan on s_1  (cost=0.00..1637.00 rows=100000 width=20) (actual time=0.010..5.607 rows=100000 loops=1)
 Planning time: 0.214 ms
 Execution time: 27.599 ms
(11 rows)

===== 430 [Wed Mar  7 02:04:58 CET 2018] scale:100000 groups:10000 work_mem:64MB incremental:off max_workers:2 =====
SELECT * FROM (SELECT * FROM s_2 ORDER BY a, b) foo ORDER BY a, b, c LIMIT 1000
                                                            QUERY PLAN                                                             
-----------------------------------------------------------------------------------------------------------------------------------
 Limit  (cost=16687.21..16687.21 rows=1 width=20) (actual time=28.420..28.420 rows=0 loops=1)
   ->  Limit  (cost=16674.71..16677.21 rows=1000 width=20) (actual time=28.298..28.392 rows=1000 loops=1)
         ->  Sort  (cost=16674.71..16924.71 rows=100000 width=20) (actual time=28.297..28.336 rows=1000 loops=1)
               Sort Key: s_2.a, s_2.b, s_2.c
               Sort Method: top-N heapsort  Memory: 127kB
               ->  Sort  (cost=9941.82..10191.82 rows=100000 width=20) (actual time=17.721..21.216 rows=100000 loops=1)
                     Sort Key: s_2.a, s_2.b
                     Sort Method: quicksort  Memory: 10885kB
                     ->  Seq Scan on s_2  (cost=0.00..1637.00 rows=100000 width=20) (actual time=0.010..5.600 rows=100000 loops=1)
 Planning time: 0.215 ms
 Execution time: 28.905 ms
(11 rows)

===== 431 [Wed Mar  7 02:04:58 CET 2018] scale:100000 groups:10000 work_mem:64MB incremental:off max_workers:2 =====
SELECT * FROM (SELECT * FROM s_3 ORDER BY a, b, c) foo ORDER BY a, b, c, d LIMIT 1000
                                                            QUERY PLAN                                                             
-----------------------------------------------------------------------------------------------------------------------------------
 Limit  (cost=16687.21..16687.21 rows=1 width=20) (actual time=29.394..29.394 rows=0 loops=1)
   ->  Limit  (cost=16674.71..16677.21 rows=1000 width=20) (actual time=29.273..29.366 rows=1000 loops=1)
         ->  Sort  (cost=16674.71..16924.71 rows=100000 width=20) (actual time=29.272..29.311 rows=1000 loops=1)
               Sort Key: s_3.a, s_3.b, s_3.c, s_3.d
               Sort Method: top-N heapsort  Memory: 127kB
               ->  Sort  (cost=9941.82..10191.82 rows=100000 width=20) (actual time=18.148..21.697 rows=100000 loops=1)
                     Sort Key: s_3.a, s_3.b, s_3.c
                     Sort Method: quicksort  Memory: 10885kB
                     ->  Seq Scan on s_3  (cost=0.00..1637.00 rows=100000 width=20) (actual time=0.010..5.559 rows=100000 loops=1)
 Planning time: 0.226 ms
 Execution time: 29.873 ms
(11 rows)

===== 432 [Wed Mar  7 02:04:59 CET 2018] scale:100000 groups:10000 work_mem:64MB incremental:off max_workers:2 =====
SELECT * FROM (SELECT * FROM s_4 ORDER BY a, b, c, d) foo ORDER BY a, b, c, d, e LIMIT 1000
                                                            QUERY PLAN                                                             
-----------------------------------------------------------------------------------------------------------------------------------
 Limit  (cost=16687.21..16687.21 rows=1 width=20) (actual time=29.416..29.416 rows=0 loops=1)
   ->  Limit  (cost=16674.71..16677.21 rows=1000 width=20) (actual time=29.294..29.388 rows=1000 loops=1)
         ->  Sort  (cost=16674.71..16924.71 rows=100000 width=20) (actual time=29.294..29.333 rows=1000 loops=1)
               Sort Key: s_4.a, s_4.b, s_4.c, s_4.d, s_4.e
               Sort Method: top-N heapsort  Memory: 127kB
               ->  Sort  (cost=9941.82..10191.82 rows=100000 width=20) (actual time=18.151..21.694 rows=100000 loops=1)
                     Sort Key: s_4.a, s_4.b, s_4.c, s_4.d
                     Sort Method: quicksort  Memory: 10885kB
                     ->  Seq Scan on s_4  (cost=0.00..1637.00 rows=100000 width=20) (actual time=0.009..5.548 rows=100000 loops=1)
 Planning time: 0.225 ms
 Execution time: 29.903 ms
(11 rows)

===== 433 [Wed Mar  7 02:04:59 CET 2018] scale:100000 groups:10000 work_mem:128MB incremental:on max_workers:2 =====
SELECT * FROM (SELECT * FROM s_1 ORDER BY a) foo ORDER BY a, b LIMIT 1000
                                                            QUERY PLAN                                                             
-----------------------------------------------------------------------------------------------------------------------------------
 Limit  (cost=9971.87..9971.87 rows=1 width=20) (actual time=16.857..16.857 rows=0 loops=1)
   ->  Limit  (cost=9942.12..9961.87 rows=1000 width=20) (actual time=16.532..16.829 rows=1000 loops=1)
         ->  Incremental Sort  (cost=9942.12..11917.75 rows=100000 width=20) (actual time=16.531..16.769 rows=1000 loops=1)
               Sort Key: s_1.a, s_1.b
               Presorted Key: s_1.a
               Sort Method: quicksort  Memory: 28kB
               Sort Groups: 27
               ->  Sort  (cost=9941.82..10191.82 rows=100000 width=20) (actual time=16.481..16.524 rows=1015 loops=1)
                     Sort Key: s_1.a
                     Sort Method: quicksort  Memory: 10885kB
                     ->  Seq Scan on s_1  (cost=0.00..1637.00 rows=100000 width=20) (actual time=0.010..5.621 rows=100000 loops=1)
 Planning time: 0.225 ms
 Execution time: 17.313 ms
(13 rows)

===== 434 [Wed Mar  7 02:04:59 CET 2018] scale:100000 groups:10000 work_mem:128MB incremental:on max_workers:2 =====
SELECT * FROM (SELECT * FROM s_2 ORDER BY a, b) foo ORDER BY a, b, c LIMIT 1000
                                                            QUERY PLAN                                                             
-----------------------------------------------------------------------------------------------------------------------------------
 Limit  (cost=9971.90..9971.90 rows=1 width=20) (actual time=18.051..18.051 rows=0 loops=1)
   ->  Limit  (cost=9942.11..9961.90 rows=1000 width=20) (actual time=17.797..18.023 rows=1000 loops=1)
         ->  Incremental Sort  (cost=9942.11..11920.93 rows=100000 width=20) (actual time=17.796..17.967 rows=1000 loops=1)
               Sort Key: s_2.a, s_2.b, s_2.c
               Presorted Key: s_2.a, s_2.b
               Sort Method: quicksort  Memory: 27kB
               Sort Groups: 32
               ->  Sort  (cost=9941.82..10191.82 rows=100000 width=20) (actual time=17.753..17.796 rows=1025 loops=1)
                     Sort Key: s_2.a, s_2.b
                     Sort Method: quicksort  Memory: 10885kB
                     ->  Seq Scan on s_2  (cost=0.00..1637.00 rows=100000 width=20) (actual time=0.010..5.629 rows=100000 loops=1)
 Planning time: 0.223 ms
 Execution time: 18.526 ms
(13 rows)

===== 435 [Wed Mar  7 02:04:59 CET 2018] scale:100000 groups:10000 work_mem:128MB incremental:on max_workers:2 =====
SELECT * FROM (SELECT * FROM s_3 ORDER BY a, b, c) foo ORDER BY a, b, c, d LIMIT 1000
                                                            QUERY PLAN                                                             
-----------------------------------------------------------------------------------------------------------------------------------
 Limit  (cost=9971.90..9971.90 rows=1 width=20) (actual time=18.510..18.510 rows=0 loops=1)
   ->  Limit  (cost=9942.11..9961.90 rows=1000 width=20) (actual time=18.250..18.481 rows=1000 loops=1)
         ->  Incremental Sort  (cost=9942.11..11920.93 rows=100000 width=20) (actual time=18.250..18.426 rows=1000 loops=1)
               Sort Key: s_3.a, s_3.b, s_3.c, s_3.d
               Presorted Key: s_3.a, s_3.b, s_3.c
               Sort Method: quicksort  Memory: 27kB
               Sort Groups: 32
               ->  Sort  (cost=9941.82..10191.82 rows=100000 width=20) (actual time=18.206..18.247 rows=1025 loops=1)
                     Sort Key: s_3.a, s_3.b, s_3.c
                     Sort Method: quicksort  Memory: 10885kB
                     ->  Seq Scan on s_3  (cost=0.00..1637.00 rows=100000 width=20) (actual time=0.010..5.597 rows=100000 loops=1)
 Planning time: 0.229 ms
 Execution time: 18.985 ms
(13 rows)

===== 436 [Wed Mar  7 02:04:59 CET 2018] scale:100000 groups:10000 work_mem:128MB incremental:on max_workers:2 =====
SELECT * FROM (SELECT * FROM s_4 ORDER BY a, b, c, d) foo ORDER BY a, b, c, d, e LIMIT 1000
                                                            QUERY PLAN                                                             
-----------------------------------------------------------------------------------------------------------------------------------
 Limit  (cost=9971.90..9971.90 rows=1 width=20) (actual time=18.525..18.525 rows=0 loops=1)
   ->  Limit  (cost=9942.11..9961.90 rows=1000 width=20) (actual time=18.265..18.496 rows=1000 loops=1)
         ->  Incremental Sort  (cost=9942.11..11920.93 rows=100000 width=20) (actual time=18.264..18.441 rows=1000 loops=1)
               Sort Key: s_4.a, s_4.b, s_4.c, s_4.d, s_4.e
               Presorted Key: s_4.a, s_4.b, s_4.c, s_4.d
               Sort Method: quicksort  Memory: 27kB
               Sort Groups: 32
               ->  Sort  (cost=9941.82..10191.82 rows=100000 width=20) (actual time=18.216..18.258 rows=1025 loops=1)
                     Sort Key: s_4.a, s_4.b, s_4.c, s_4.d
                     Sort Method: quicksort  Memory: 10885kB
                     ->  Seq Scan on s_4  (cost=0.00..1637.00 rows=100000 width=20) (actual time=0.009..5.587 rows=100000 loops=1)
 Planning time: 0.232 ms
 Execution time: 19.000 ms
(13 rows)

===== 437 [Wed Mar  7 02:04:59 CET 2018] scale:100000 groups:10000 work_mem:128MB incremental:off max_workers:2 =====
SELECT * FROM (SELECT * FROM s_1 ORDER BY a) foo ORDER BY a, b LIMIT 1000
                                                            QUERY PLAN                                                             
-----------------------------------------------------------------------------------------------------------------------------------
 Limit  (cost=16687.21..16687.21 rows=1 width=20) (actual time=27.065..27.065 rows=0 loops=1)
   ->  Limit  (cost=16674.71..16677.21 rows=1000 width=20) (actual time=26.940..27.037 rows=1000 loops=1)
         ->  Sort  (cost=16674.71..16924.71 rows=100000 width=20) (actual time=26.939..26.978 rows=1000 loops=1)
               Sort Key: s_1.a, s_1.b
               Sort Method: top-N heapsort  Memory: 127kB
               ->  Sort  (cost=9941.82..10191.82 rows=100000 width=20) (actual time=16.394..19.869 rows=100000 loops=1)
                     Sort Key: s_1.a
                     Sort Method: quicksort  Memory: 10885kB
                     ->  Seq Scan on s_1  (cost=0.00..1637.00 rows=100000 width=20) (actual time=0.010..5.596 rows=100000 loops=1)
 Planning time: 0.226 ms
 Execution time: 27.549 ms
(11 rows)

===== 438 [Wed Mar  7 02:05:00 CET 2018] scale:100000 groups:10000 work_mem:128MB incremental:off max_workers:2 =====
SELECT * FROM (SELECT * FROM s_2 ORDER BY a, b) foo ORDER BY a, b, c LIMIT 1000
                                                            QUERY PLAN                                                             
-----------------------------------------------------------------------------------------------------------------------------------
 Limit  (cost=16687.21..16687.21 rows=1 width=20) (actual time=28.428..28.428 rows=0 loops=1)
   ->  Limit  (cost=16674.71..16677.21 rows=1000 width=20) (actual time=28.307..28.400 rows=1000 loops=1)
         ->  Sort  (cost=16674.71..16924.71 rows=100000 width=20) (actual time=28.307..28.345 rows=1000 loops=1)
               Sort Key: s_2.a, s_2.b, s_2.c
               Sort Method: top-N heapsort  Memory: 127kB
               ->  Sort  (cost=9941.82..10191.82 rows=100000 width=20) (actual time=17.735..21.230 rows=100000 loops=1)
                     Sort Key: s_2.a, s_2.b
                     Sort Method: quicksort  Memory: 10885kB
                     ->  Seq Scan on s_2  (cost=0.00..1637.00 rows=100000 width=20) (actual time=0.010..5.601 rows=100000 loops=1)
 Planning time: 0.215 ms
 Execution time: 28.919 ms
(11 rows)

===== 439 [Wed Mar  7 02:05:00 CET 2018] scale:100000 groups:10000 work_mem:128MB incremental:off max_workers:2 =====
SELECT * FROM (SELECT * FROM s_3 ORDER BY a, b, c) foo ORDER BY a, b, c, d LIMIT 1000
                                                            QUERY PLAN                                                             
-----------------------------------------------------------------------------------------------------------------------------------
 Limit  (cost=16687.21..16687.21 rows=1 width=20) (actual time=29.416..29.416 rows=0 loops=1)
   ->  Limit  (cost=16674.71..16677.21 rows=1000 width=20) (actual time=29.295..29.389 rows=1000 loops=1)
         ->  Sort  (cost=16674.71..16924.71 rows=100000 width=20) (actual time=29.294..29.332 rows=1000 loops=1)
               Sort Key: s_3.a, s_3.b, s_3.c, s_3.d
               Sort Method: top-N heapsort  Memory: 127kB
               ->  Sort  (cost=9941.82..10191.82 rows=100000 width=20) (actual time=18.157..21.710 rows=100000 loops=1)
                     Sort Key: s_3.a, s_3.b, s_3.c
                     Sort Method: quicksort  Memory: 10885kB
                     ->  Seq Scan on s_3  (cost=0.00..1637.00 rows=100000 width=20) (actual time=0.010..5.558 rows=100000 loops=1)
 Planning time: 0.223 ms
 Execution time: 29.902 ms
(11 rows)

===== 440 [Wed Mar  7 02:05:00 CET 2018] scale:100000 groups:10000 work_mem:128MB incremental:off max_workers:2 =====
SELECT * FROM (SELECT * FROM s_4 ORDER BY a, b, c, d) foo ORDER BY a, b, c, d, e LIMIT 1000
                                                            QUERY PLAN                                                             
-----------------------------------------------------------------------------------------------------------------------------------
 Limit  (cost=16687.21..16687.21 rows=1 width=20) (actual time=29.414..29.414 rows=0 loops=1)
   ->  Limit  (cost=16674.71..16677.21 rows=1000 width=20) (actual time=29.293..29.386 rows=1000 loops=1)
         ->  Sort  (cost=16674.71..16924.71 rows=100000 width=20) (actual time=29.293..29.331 rows=1000 loops=1)
               Sort Key: s_4.a, s_4.b, s_4.c, s_4.d, s_4.e
               Sort Method: top-N heapsort  Memory: 127kB
               ->  Sort  (cost=9941.82..10191.82 rows=100000 width=20) (actual time=18.164..21.708 rows=100000 loops=1)
                     Sort Key: s_4.a, s_4.b, s_4.c, s_4.d
                     Sort Method: quicksort  Memory: 10885kB
                     ->  Seq Scan on s_4  (cost=0.00..1637.00 rows=100000 width=20) (actual time=0.009..5.565 rows=100000 loops=1)
 Planning time: 0.227 ms
 Execution time: 29.898 ms
(11 rows)

===== 441 [Wed Mar  7 02:05:00 CET 2018] scale:100000 groups:10000 work_mem:256MB incremental:on max_workers:2 =====
SELECT * FROM (SELECT * FROM s_1 ORDER BY a) foo ORDER BY a, b LIMIT 1000
                                                            QUERY PLAN                                                             
-----------------------------------------------------------------------------------------------------------------------------------
 Limit  (cost=9971.87..9971.87 rows=1 width=20) (actual time=16.878..16.878 rows=0 loops=1)
   ->  Limit  (cost=9942.12..9961.87 rows=1000 width=20) (actual time=16.558..16.850 rows=1000 loops=1)
         ->  Incremental Sort  (cost=9942.12..11917.75 rows=100000 width=20) (actual time=16.557..16.794 rows=1000 loops=1)
               Sort Key: s_1.a, s_1.b
               Presorted Key: s_1.a
               Sort Method: quicksort  Memory: 28kB
               Sort Groups: 27
               ->  Sort  (cost=9941.82..10191.82 rows=100000 width=20) (actual time=16.508..16.551 rows=1015 loops=1)
                     Sort Key: s_1.a
                     Sort Method: quicksort  Memory: 10885kB
                     ->  Seq Scan on s_1  (cost=0.00..1637.00 rows=100000 width=20) (actual time=0.010..5.627 rows=100000 loops=1)
 Planning time: 0.218 ms
 Execution time: 17.336 ms
(13 rows)

===== 442 [Wed Mar  7 02:05:00 CET 2018] scale:100000 groups:10000 work_mem:256MB incremental:on max_workers:2 =====
SELECT * FROM (SELECT * FROM s_2 ORDER BY a, b) foo ORDER BY a, b, c LIMIT 1000
                                                            QUERY PLAN                                                             
-----------------------------------------------------------------------------------------------------------------------------------
 Limit  (cost=9971.90..9971.90 rows=1 width=20) (actual time=18.068..18.068 rows=0 loops=1)
   ->  Limit  (cost=9942.11..9961.90 rows=1000 width=20) (actual time=17.814..18.040 rows=1000 loops=1)
         ->  Incremental Sort  (cost=9942.11..11920.93 rows=100000 width=20) (actual time=17.813..17.984 rows=1000 loops=1)
               Sort Key: s_2.a, s_2.b, s_2.c
               Presorted Key: s_2.a, s_2.b
               Sort Method: quicksort  Memory: 27kB
               Sort Groups: 32
               ->  Sort  (cost=9941.82..10191.82 rows=100000 width=20) (actual time=17.769..17.813 rows=1025 loops=1)
                     Sort Key: s_2.a, s_2.b
                     Sort Method: quicksort  Memory: 10885kB
                     ->  Seq Scan on s_2  (cost=0.00..1637.00 rows=100000 width=20) (actual time=0.010..5.630 rows=100000 loops=1)
 Planning time: 0.223 ms
 Execution time: 18.548 ms
(13 rows)

===== 443 [Wed Mar  7 02:05:01 CET 2018] scale:100000 groups:10000 work_mem:256MB incremental:on max_workers:2 =====
SELECT * FROM (SELECT * FROM s_3 ORDER BY a, b, c) foo ORDER BY a, b, c, d LIMIT 1000
                                                            QUERY PLAN                                                             
-----------------------------------------------------------------------------------------------------------------------------------
 Limit  (cost=9971.90..9971.90 rows=1 width=20) (actual time=18.526..18.526 rows=0 loops=1)
   ->  Limit  (cost=9942.11..9961.90 rows=1000 width=20) (actual time=18.266..18.497 rows=1000 loops=1)
         ->  Incremental Sort  (cost=9942.11..11920.93 rows=100000 width=20) (actual time=18.265..18.441 rows=1000 loops=1)
               Sort Key: s_3.a, s_3.b, s_3.c, s_3.d
               Presorted Key: s_3.a, s_3.b, s_3.c
               Sort Method: quicksort  Memory: 27kB
               Sort Groups: 32
               ->  Sort  (cost=9941.82..10191.82 rows=100000 width=20) (actual time=18.222..18.263 rows=1025 loops=1)
                     Sort Key: s_3.a, s_3.b, s_3.c
                     Sort Method: quicksort  Memory: 10885kB
                     ->  Seq Scan on s_3  (cost=0.00..1637.00 rows=100000 width=20) (actual time=0.010..5.596 rows=100000 loops=1)
 Planning time: 0.224 ms
 Execution time: 19.006 ms
(13 rows)

===== 444 [Wed Mar  7 02:05:01 CET 2018] scale:100000 groups:10000 work_mem:256MB incremental:on max_workers:2 =====
SELECT * FROM (SELECT * FROM s_4 ORDER BY a, b, c, d) foo ORDER BY a, b, c, d, e LIMIT 1000
                                                            QUERY PLAN                                                             
-----------------------------------------------------------------------------------------------------------------------------------
 Limit  (cost=9971.90..9971.90 rows=1 width=20) (actual time=18.550..18.550 rows=0 loops=1)
   ->  Limit  (cost=9942.11..9961.90 rows=1000 width=20) (actual time=18.290..18.521 rows=1000 loops=1)
         ->  Incremental Sort  (cost=9942.11..11920.93 rows=100000 width=20) (actual time=18.289..18.465 rows=1000 loops=1)
               Sort Key: s_4.a, s_4.b, s_4.c, s_4.d, s_4.e
               Presorted Key: s_4.a, s_4.b, s_4.c, s_4.d
               Sort Method: quicksort  Memory: 27kB
               Sort Groups: 32
               ->  Sort  (cost=9941.82..10191.82 rows=100000 width=20) (actual time=18.238..18.279 rows=1025 loops=1)
                     Sort Key: s_4.a, s_4.b, s_4.c, s_4.d
                     Sort Method: quicksort  Memory: 10885kB
                     ->  Seq Scan on s_4  (cost=0.00..1637.00 rows=100000 width=20) (actual time=0.009..5.593 rows=100000 loops=1)
 Planning time: 0.234 ms
 Execution time: 19.033 ms
(13 rows)

===== 445 [Wed Mar  7 02:05:01 CET 2018] scale:100000 groups:10000 work_mem:256MB incremental:off max_workers:2 =====
SELECT * FROM (SELECT * FROM s_1 ORDER BY a) foo ORDER BY a, b LIMIT 1000
                                                            QUERY PLAN                                                             
-----------------------------------------------------------------------------------------------------------------------------------
 Limit  (cost=16687.21..16687.21 rows=1 width=20) (actual time=27.029..27.029 rows=0 loops=1)
   ->  Limit  (cost=16674.71..16677.21 rows=1000 width=20) (actual time=26.907..27.001 rows=1000 loops=1)
         ->  Sort  (cost=16674.71..16924.71 rows=100000 width=20) (actual time=26.906..26.945 rows=1000 loops=1)
               Sort Key: s_1.a, s_1.b
               Sort Method: top-N heapsort  Memory: 127kB
               ->  Sort  (cost=9941.82..10191.82 rows=100000 width=20) (actual time=16.365..19.839 rows=100000 loops=1)
                     Sort Key: s_1.a
                     Sort Method: quicksort  Memory: 10885kB
                     ->  Seq Scan on s_1  (cost=0.00..1637.00 rows=100000 width=20) (actual time=0.010..5.585 rows=100000 loops=1)
 Planning time: 0.215 ms
 Execution time: 27.510 ms
(11 rows)

===== 446 [Wed Mar  7 02:05:01 CET 2018] scale:100000 groups:10000 work_mem:256MB incremental:off max_workers:2 =====
SELECT * FROM (SELECT * FROM s_2 ORDER BY a, b) foo ORDER BY a, b, c LIMIT 1000
                                                            QUERY PLAN                                                             
-----------------------------------------------------------------------------------------------------------------------------------
 Limit  (cost=16687.21..16687.21 rows=1 width=20) (actual time=28.445..28.445 rows=0 loops=1)
   ->  Limit  (cost=16674.71..16677.21 rows=1000 width=20) (actual time=28.323..28.416 rows=1000 loops=1)
         ->  Sort  (cost=16674.71..16924.71 rows=100000 width=20) (actual time=28.322..28.360 rows=1000 loops=1)
               Sort Key: s_2.a, s_2.b, s_2.c
               Sort Method: top-N heapsort  Memory: 127kB
               ->  Sort  (cost=9941.82..10191.82 rows=100000 width=20) (actual time=17.738..21.237 rows=100000 loops=1)
                     Sort Key: s_2.a, s_2.b
                     Sort Method: quicksort  Memory: 10885kB
                     ->  Seq Scan on s_2  (cost=0.00..1637.00 rows=100000 width=20) (actual time=0.010..5.602 rows=100000 loops=1)
 Planning time: 0.216 ms
 Execution time: 28.931 ms
(11 rows)

===== 447 [Wed Mar  7 02:05:01 CET 2018] scale:100000 groups:10000 work_mem:256MB incremental:off max_workers:2 =====
SELECT * FROM (SELECT * FROM s_3 ORDER BY a, b, c) foo ORDER BY a, b, c, d LIMIT 1000
                                                            QUERY PLAN                                                             
-----------------------------------------------------------------------------------------------------------------------------------
 Limit  (cost=16687.21..16687.21 rows=1 width=20) (actual time=29.415..29.415 rows=0 loops=1)
   ->  Limit  (cost=16674.71..16677.21 rows=1000 width=20) (actual time=29.294..29.386 rows=1000 loops=1)
         ->  Sort  (cost=16674.71..16924.71 rows=100000 width=20) (actual time=29.293..29.332 rows=1000 loops=1)
               Sort Key: s_3.a, s_3.b, s_3.c, s_3.d
               Sort Method: top-N heapsort  Memory: 127kB
               ->  Sort  (cost=9941.82..10191.82 rows=100000 width=20) (actual time=18.163..21.721 rows=100000 loops=1)
                     Sort Key: s_3.a, s_3.b, s_3.c
                     Sort Method: quicksort  Memory: 10885kB
                     ->  Seq Scan on s_3  (cost=0.00..1637.00 rows=100000 width=20) (actual time=0.011..5.561 rows=100000 loops=1)
 Planning time: 0.223 ms
 Execution time: 29.904 ms
(11 rows)

===== 448 [Wed Mar  7 02:05:01 CET 2018] scale:100000 groups:10000 work_mem:256MB incremental:off max_workers:2 =====
SELECT * FROM (SELECT * FROM s_4 ORDER BY a, b, c, d) foo ORDER BY a, b, c, d, e LIMIT 1000
                                                            QUERY PLAN                                                             
-----------------------------------------------------------------------------------------------------------------------------------
 Limit  (cost=16687.21..16687.21 rows=1 width=20) (actual time=29.456..29.456 rows=0 loops=1)
   ->  Limit  (cost=16674.71..16677.21 rows=1000 width=20) (actual time=29.335..29.430 rows=1000 loops=1)
         ->  Sort  (cost=16674.71..16924.71 rows=100000 width=20) (actual time=29.334..29.373 rows=1000 loops=1)
               Sort Key: s_4.a, s_4.b, s_4.c, s_4.d, s_4.e
               Sort Method: top-N heapsort  Memory: 127kB
               ->  Sort  (cost=9941.82..10191.82 rows=100000 width=20) (actual time=18.183..21.733 rows=100000 loops=1)
                     Sort Key: s_4.a, s_4.b, s_4.c, s_4.d
                     Sort Method: quicksort  Memory: 10885kB
                     ->  Seq Scan on s_4  (cost=0.00..1637.00 rows=100000 width=20) (actual time=0.009..5.564 rows=100000 loops=1)
 Planning time: 0.230 ms
 Execution time: 29.941 ms
(11 rows)

