===== 1 [Wed Mar  7 02:01:03 CET 2018] scale:100000 groups:10 work_mem:4MB incremental:on max_workers:0 =====
SELECT * FROM (SELECT * FROM s_1 ORDER BY a) foo ORDER BY a, b
                                                         QUERY PLAN                                                          
-----------------------------------------------------------------------------------------------------------------------------
 Limit  (cost=22568.14..22568.14 rows=1 width=20) (actual time=51.128..51.128 rows=0 loops=1)
   ->  Incremental Sort  (cost=12704.19..21568.14 rows=100000 width=20) (actual time=22.336..48.591 rows=100000 loops=1)
         Sort Key: s_1.a, s_1.b
         Presorted Key: s_1.a
         Sort Method: quicksort  Memory: 1176kB
         Sort Groups: 11
         ->  Sort  (cost=11992.82..12242.82 rows=100000 width=20) (actual time=21.091..29.330 rows=100000 loops=1)
               Sort Key: s_1.a
               Sort Method: external merge  Disk: 2936kB
               ->  Seq Scan on s_1  (cost=0.00..1637.00 rows=100000 width=20) (actual time=0.009..5.458 rows=100000 loops=1)
 Planning time: 0.210 ms
 Execution time: 51.727 ms
(12 rows)

===== 2 [Wed Mar  7 02:01:04 CET 2018] scale:100000 groups:10 work_mem:4MB incremental:on max_workers:0 =====
SELECT * FROM (SELECT * FROM s_2 ORDER BY a, b) foo ORDER BY a, b, c
                                                         QUERY PLAN                                                          
-----------------------------------------------------------------------------------------------------------------------------
 Limit  (cost=20840.63..20840.63 rows=1 width=20) (actual time=55.150..55.150 rows=0 loops=1)
   ->  Incremental Sort  (cost=12043.20..19840.63 rows=100000 width=20) (actual time=22.472..52.587 rows=100000 loops=1)
         Sort Key: s_2.a, s_2.b, s_2.c
         Presorted Key: s_2.a, s_2.b
         Sort Method: quicksort  Memory: 132kB
         Sort Groups: 121
         ->  Sort  (cost=11992.82..12242.82 rows=100000 width=20) (actual time=22.361..30.680 rows=100000 loops=1)
               Sort Key: s_2.a, s_2.b
               Sort Method: external merge  Disk: 2936kB
               ->  Seq Scan on s_2  (cost=0.00..1637.00 rows=100000 width=20) (actual time=0.010..5.457 rows=100000 loops=1)
 Planning time: 0.215 ms
 Execution time: 55.723 ms
(12 rows)

===== 3 [Wed Mar  7 02:01:04 CET 2018] scale:100000 groups:10 work_mem:4MB incremental:on max_workers:0 =====
SELECT * FROM (SELECT * FROM s_3 ORDER BY a, b, c) foo ORDER BY a, b, c, d
                                                         QUERY PLAN                                                          
-----------------------------------------------------------------------------------------------------------------------------
 Limit  (cost=19135.11..19135.11 rows=1 width=20) (actual time=59.811..59.811 rows=0 loops=1)
   ->  Incremental Sort  (cost=11996.10..18135.11 rows=100000 width=20) (actual time=23.125..57.286 rows=100000 loops=1)
         Sort Key: s_3.a, s_3.b, s_3.c, s_3.d
         Presorted Key: s_3.a, s_3.b, s_3.c
         Sort Method: quicksort  Memory: 34kB
         Sort Groups: 1267
         ->  Sort  (cost=11992.82..12242.82 rows=100000 width=20) (actual time=23.064..31.624 rows=100000 loops=1)
               Sort Key: s_3.a, s_3.b, s_3.c
               Sort Method: external merge  Disk: 2936kB
               ->  Seq Scan on s_3  (cost=0.00..1637.00 rows=100000 width=20) (actual time=0.013..5.481 rows=100000 loops=1)
 Planning time: 0.229 ms
 Execution time: 60.384 ms
(12 rows)

===== 4 [Wed Mar  7 02:01:04 CET 2018] scale:100000 groups:10 work_mem:4MB incremental:on max_workers:0 =====
SELECT * FROM (SELECT * FROM s_4 ORDER BY a, b, c, d) foo ORDER BY a, b, c, d, e
                                                         QUERY PLAN                                                          
-----------------------------------------------------------------------------------------------------------------------------
 Limit  (cost=17853.78..17853.78 rows=1 width=20) (actual time=63.594..63.594 rows=0 loops=1)
   ->  Incremental Sort  (cost=11993.11..16853.78 rows=100000 width=20) (actual time=23.980..61.344 rows=100000 loops=1)
         Sort Key: s_4.a, s_4.b, s_4.c, s_4.d, s_4.e
         Presorted Key: s_4.a, s_4.b, s_4.c, s_4.d
         Sort Method: quicksort  Memory: 29kB
         Sort Groups: 2784
         ->  Sort  (cost=11992.82..12242.82 rows=100000 width=20) (actual time=23.922..32.713 rows=100000 loops=1)
               Sort Key: s_4.a, s_4.b, s_4.c, s_4.d
               Sort Method: external merge  Disk: 2936kB
               ->  Seq Scan on s_4  (cost=0.00..1637.00 rows=100000 width=20) (actual time=0.009..5.489 rows=100000 loops=1)
 Planning time: 0.223 ms
 Execution time: 64.143 ms
(12 rows)

===== 5 [Wed Mar  7 02:01:05 CET 2018] scale:100000 groups:10 work_mem:4MB incremental:off max_workers:0 =====
SELECT * FROM (SELECT * FROM s_1 ORDER BY a) foo ORDER BY a, b
                                                         QUERY PLAN                                                          
-----------------------------------------------------------------------------------------------------------------------------
 Limit  (cost=24848.64..24848.64 rows=1 width=20) (actual time=60.432..60.432 rows=0 loops=1)
   ->  Sort  (cost=23598.64..23848.64 rows=100000 width=20) (actual time=50.758..58.242 rows=100000 loops=1)
         Sort Key: s_1.a, s_1.b
         Sort Method: external merge  Disk: 2936kB
         ->  Sort  (cost=11992.82..12242.82 rows=100000 width=20) (actual time=21.056..29.426 rows=100000 loops=1)
               Sort Key: s_1.a
               Sort Method: external merge  Disk: 2936kB
               ->  Seq Scan on s_1  (cost=0.00..1637.00 rows=100000 width=20) (actual time=0.009..5.465 rows=100000 loops=1)
 Planning time: 0.205 ms
 Execution time: 61.369 ms
(10 rows)

===== 6 [Wed Mar  7 02:01:05 CET 2018] scale:100000 groups:10 work_mem:4MB incremental:off max_workers:0 =====
SELECT * FROM (SELECT * FROM s_2 ORDER BY a, b) foo ORDER BY a, b, c
                                                         QUERY PLAN                                                          
-----------------------------------------------------------------------------------------------------------------------------
 Limit  (cost=24848.64..24848.64 rows=1 width=20) (actual time=68.606..68.606 rows=0 loops=1)
   ->  Sort  (cost=23598.64..23848.64 rows=100000 width=20) (actual time=59.075..66.414 rows=100000 loops=1)
         Sort Key: s_2.a, s_2.b, s_2.c
         Sort Method: external merge  Disk: 2936kB
         ->  Sort  (cost=11992.82..12242.82 rows=100000 width=20) (actual time=22.210..30.656 rows=100000 loops=1)
               Sort Key: s_2.a, s_2.b
               Sort Method: external merge  Disk: 2936kB
               ->  Seq Scan on s_2  (cost=0.00..1637.00 rows=100000 width=20) (actual time=0.010..5.476 rows=100000 loops=1)
 Planning time: 0.202 ms
 Execution time: 69.555 ms
(10 rows)

===== 7 [Wed Mar  7 02:01:06 CET 2018] scale:100000 groups:10 work_mem:4MB incremental:off max_workers:0 =====
SELECT * FROM (SELECT * FROM s_3 ORDER BY a, b, c) foo ORDER BY a, b, c, d
                                                         QUERY PLAN                                                          
-----------------------------------------------------------------------------------------------------------------------------
 Limit  (cost=24848.64..24848.64 rows=1 width=20) (actual time=81.004..81.004 rows=0 loops=1)
   ->  Sort  (cost=23598.64..23848.64 rows=100000 width=20) (actual time=71.452..78.823 rows=100000 loops=1)
         Sort Key: s_3.a, s_3.b, s_3.c, s_3.d
         Sort Method: external merge  Disk: 2936kB
         ->  Sort  (cost=11992.82..12242.82 rows=100000 width=20) (actual time=23.003..31.451 rows=100000 loops=1)
               Sort Key: s_3.a, s_3.b, s_3.c
               Sort Method: external merge  Disk: 2936kB
               ->  Seq Scan on s_3  (cost=0.00..1637.00 rows=100000 width=20) (actual time=0.013..5.468 rows=100000 loops=1)
 Planning time: 0.221 ms
 Execution time: 81.806 ms
(10 rows)

===== 8 [Wed Mar  7 02:01:06 CET 2018] scale:100000 groups:10 work_mem:4MB incremental:off max_workers:0 =====
SELECT * FROM (SELECT * FROM s_4 ORDER BY a, b, c, d) foo ORDER BY a, b, c, d, e
                                                         QUERY PLAN                                                          
-----------------------------------------------------------------------------------------------------------------------------
 Limit  (cost=24848.64..24848.64 rows=1 width=20) (actual time=91.418..91.418 rows=0 loops=1)
   ->  Sort  (cost=23598.64..23848.64 rows=100000 width=20) (actual time=81.742..89.236 rows=100000 loops=1)
         Sort Key: s_4.a, s_4.b, s_4.c, s_4.d, s_4.e
         Sort Method: external merge  Disk: 2936kB
         ->  Sort  (cost=11992.82..12242.82 rows=100000 width=20) (actual time=23.849..32.288 rows=100000 loops=1)
               Sort Key: s_4.a, s_4.b, s_4.c, s_4.d
               Sort Method: external merge  Disk: 2936kB
               ->  Seq Scan on s_4  (cost=0.00..1637.00 rows=100000 width=20) (actual time=0.009..5.484 rows=100000 loops=1)
 Planning time: 0.214 ms
 Execution time: 92.390 ms
(10 rows)

===== 9 [Wed Mar  7 02:01:07 CET 2018] scale:100000 groups:10 work_mem:8MB incremental:on max_workers:0 =====
SELECT * FROM (SELECT * FROM s_1 ORDER BY a) foo ORDER BY a, b
                                                         QUERY PLAN                                                          
-----------------------------------------------------------------------------------------------------------------------------
 Limit  (cost=20517.14..20517.14 rows=1 width=20) (actual time=53.169..53.169 rows=0 loops=1)
   ->  Incremental Sort  (cost=10653.19..19517.14 rows=100000 width=20) (actual time=23.848..50.641 rows=100000 loops=1)
         Sort Key: s_1.a, s_1.b
         Presorted Key: s_1.a
         Sort Method: quicksort  Memory: 1176kB
         Sort Groups: 11
         ->  Sort  (cost=9941.82..10191.82 rows=100000 width=20) (actual time=22.625..31.135 rows=100000 loops=1)
               Sort Key: s_1.a
               Sort Method: external merge  Disk: 2936kB
               ->  Seq Scan on s_1  (cost=0.00..1637.00 rows=100000 width=20) (actual time=0.009..5.534 rows=100000 loops=1)
 Planning time: 0.207 ms
 Execution time: 53.595 ms
(12 rows)

===== 10 [Wed Mar  7 02:01:07 CET 2018] scale:100000 groups:10 work_mem:8MB incremental:on max_workers:0 =====
SELECT * FROM (SELECT * FROM s_2 ORDER BY a, b) foo ORDER BY a, b, c
                                                         QUERY PLAN                                                          
-----------------------------------------------------------------------------------------------------------------------------
 Limit  (cost=18789.63..18789.63 rows=1 width=20) (actual time=57.411..57.411 rows=0 loops=1)
   ->  Incremental Sort  (cost=9992.20..17789.63 rows=100000 width=20) (actual time=24.134..54.867 rows=100000 loops=1)
         Sort Key: s_2.a, s_2.b, s_2.c
         Presorted Key: s_2.a, s_2.b
         Sort Method: quicksort  Memory: 132kB
         Sort Groups: 121
         ->  Sort  (cost=9941.82..10191.82 rows=100000 width=20) (actual time=24.020..32.500 rows=100000 loops=1)
               Sort Key: s_2.a, s_2.b
               Sort Method: external merge  Disk: 2936kB
               ->  Seq Scan on s_2  (cost=0.00..1637.00 rows=100000 width=20) (actual time=0.010..5.578 rows=100000 loops=1)
 Planning time: 0.218 ms
 Execution time: 57.817 ms
(12 rows)

===== 11 [Wed Mar  7 02:01:07 CET 2018] scale:100000 groups:10 work_mem:8MB incremental:on max_workers:0 =====
SELECT * FROM (SELECT * FROM s_3 ORDER BY a, b, c) foo ORDER BY a, b, c, d
                                                         QUERY PLAN                                                          
-----------------------------------------------------------------------------------------------------------------------------
 Limit  (cost=17084.11..17084.11 rows=1 width=20) (actual time=61.220..61.220 rows=0 loops=1)
   ->  Incremental Sort  (cost=9945.10..16084.11 rows=100000 width=20) (actual time=24.788..58.694 rows=100000 loops=1)
         Sort Key: s_3.a, s_3.b, s_3.c, s_3.d
         Presorted Key: s_3.a, s_3.b, s_3.c
         Sort Method: quicksort  Memory: 34kB
         Sort Groups: 1267
         ->  Sort  (cost=9941.82..10191.82 rows=100000 width=20) (actual time=24.734..33.121 rows=100000 loops=1)
               Sort Key: s_3.a, s_3.b, s_3.c
               Sort Method: external merge  Disk: 2936kB
               ->  Seq Scan on s_3  (cost=0.00..1637.00 rows=100000 width=20) (actual time=0.013..5.587 rows=100000 loops=1)
 Planning time: 0.234 ms
 Execution time: 61.633 ms
(12 rows)

===== 12 [Wed Mar  7 02:01:08 CET 2018] scale:100000 groups:10 work_mem:8MB incremental:on max_workers:0 =====
SELECT * FROM (SELECT * FROM s_4 ORDER BY a, b, c, d) foo ORDER BY a, b, c, d, e
                                                         QUERY PLAN                                                          
-----------------------------------------------------------------------------------------------------------------------------
 Limit  (cost=15802.78..15802.78 rows=1 width=20) (actual time=64.976..64.976 rows=0 loops=1)
   ->  Incremental Sort  (cost=9942.11..14802.78 rows=100000 width=20) (actual time=25.596..62.717 rows=100000 loops=1)
         Sort Key: s_4.a, s_4.b, s_4.c, s_4.d, s_4.e
         Presorted Key: s_4.a, s_4.b, s_4.c, s_4.d
         Sort Method: quicksort  Memory: 29kB
         Sort Groups: 2784
         ->  Sort  (cost=9941.82..10191.82 rows=100000 width=20) (actual time=25.540..34.139 rows=100000 loops=1)
               Sort Key: s_4.a, s_4.b, s_4.c, s_4.d
               Sort Method: external merge  Disk: 2936kB
               ->  Seq Scan on s_4  (cost=0.00..1637.00 rows=100000 width=20) (actual time=0.009..5.580 rows=100000 loops=1)
 Planning time: 0.223 ms
 Execution time: 65.392 ms
(12 rows)

===== 13 [Wed Mar  7 02:01:08 CET 2018] scale:100000 groups:10 work_mem:8MB incremental:off max_workers:0 =====
SELECT * FROM (SELECT * FROM s_1 ORDER BY a) foo ORDER BY a, b
                                                         QUERY PLAN                                                          
-----------------------------------------------------------------------------------------------------------------------------
 Limit  (cost=20746.64..20746.64 rows=1 width=20) (actual time=66.975..66.975 rows=0 loops=1)
   ->  Sort  (cost=19496.64..19746.64 rows=100000 width=20) (actual time=57.540..64.778 rows=100000 loops=1)
         Sort Key: s_1.a, s_1.b
         Sort Method: external merge  Disk: 2936kB
         ->  Sort  (cost=9941.82..10191.82 rows=100000 width=20) (actual time=22.619..31.014 rows=100000 loops=1)
               Sort Key: s_1.a
               Sort Method: external merge  Disk: 2936kB
               ->  Seq Scan on s_1  (cost=0.00..1637.00 rows=100000 width=20) (actual time=0.010..5.574 rows=100000 loops=1)
 Planning time: 0.205 ms
 Execution time: 67.739 ms
(10 rows)

===== 14 [Wed Mar  7 02:01:09 CET 2018] scale:100000 groups:10 work_mem:8MB incremental:off max_workers:0 =====
SELECT * FROM (SELECT * FROM s_2 ORDER BY a, b) foo ORDER BY a, b, c
                                                         QUERY PLAN                                                          
-----------------------------------------------------------------------------------------------------------------------------
 Limit  (cost=20746.64..20746.64 rows=1 width=20) (actual time=74.859..74.859 rows=0 loops=1)
   ->  Sort  (cost=19496.64..19746.64 rows=100000 width=20) (actual time=65.472..72.661 rows=100000 loops=1)
         Sort Key: s_2.a, s_2.b, s_2.c
         Sort Method: external merge  Disk: 2936kB
         ->  Sort  (cost=9941.82..10191.82 rows=100000 width=20) (actual time=23.942..32.379 rows=100000 loops=1)
               Sort Key: s_2.a, s_2.b
               Sort Method: external merge  Disk: 2936kB
               ->  Seq Scan on s_2  (cost=0.00..1637.00 rows=100000 width=20) (actual time=0.010..5.594 rows=100000 loops=1)
 Planning time: 0.204 ms
 Execution time: 75.619 ms
(10 rows)

===== 15 [Wed Mar  7 02:01:09 CET 2018] scale:100000 groups:10 work_mem:8MB incremental:off max_workers:0 =====
SELECT * FROM (SELECT * FROM s_3 ORDER BY a, b, c) foo ORDER BY a, b, c, d
                                                         QUERY PLAN                                                          
-----------------------------------------------------------------------------------------------------------------------------
 Limit  (cost=20746.64..20746.64 rows=1 width=20) (actual time=86.765..86.765 rows=0 loops=1)
   ->  Sort  (cost=19496.64..19746.64 rows=100000 width=20) (actual time=77.356..84.564 rows=100000 loops=1)
         Sort Key: s_3.a, s_3.b, s_3.c, s_3.d
         Sort Method: external merge  Disk: 2936kB
         ->  Sort  (cost=9941.82..10191.82 rows=100000 width=20) (actual time=24.596..33.035 rows=100000 loops=1)
               Sort Key: s_3.a, s_3.b, s_3.c
               Sort Method: external merge  Disk: 2936kB
               ->  Seq Scan on s_3  (cost=0.00..1637.00 rows=100000 width=20) (actual time=0.013..5.582 rows=100000 loops=1)
 Planning time: 0.213 ms
 Execution time: 87.535 ms
(10 rows)

===== 16 [Wed Mar  7 02:01:10 CET 2018] scale:100000 groups:10 work_mem:8MB incremental:off max_workers:0 =====
SELECT * FROM (SELECT * FROM s_4 ORDER BY a, b, c, d) foo ORDER BY a, b, c, d, e
                                                         QUERY PLAN                                                          
-----------------------------------------------------------------------------------------------------------------------------
 Limit  (cost=20746.64..20746.64 rows=1 width=20) (actual time=96.237..96.237 rows=0 loops=1)
   ->  Sort  (cost=19496.64..19746.64 rows=100000 width=20) (actual time=86.903..94.051 rows=100000 loops=1)
         Sort Key: s_4.a, s_4.b, s_4.c, s_4.d, s_4.e
         Sort Method: external merge  Disk: 2936kB
         ->  Sort  (cost=9941.82..10191.82 rows=100000 width=20) (actual time=25.480..33.784 rows=100000 loops=1)
               Sort Key: s_4.a, s_4.b, s_4.c, s_4.d
               Sort Method: external merge  Disk: 2936kB
               ->  Seq Scan on s_4  (cost=0.00..1637.00 rows=100000 width=20) (actual time=0.009..5.596 rows=100000 loops=1)
 Planning time: 0.219 ms
 Execution time: 97.016 ms
(10 rows)

===== 17 [Wed Mar  7 02:01:10 CET 2018] scale:100000 groups:10 work_mem:16MB incremental:on max_workers:0 =====
SELECT * FROM (SELECT * FROM s_1 ORDER BY a) foo ORDER BY a, b
                                                         QUERY PLAN                                                          
-----------------------------------------------------------------------------------------------------------------------------
 Limit  (cost=20517.14..20517.14 rows=1 width=20) (actual time=42.997..42.997 rows=0 loops=1)
   ->  Incremental Sort  (cost=10653.19..19517.14 rows=100000 width=20) (actual time=17.625..40.835 rows=100000 loops=1)
         Sort Key: s_1.a, s_1.b
         Presorted Key: s_1.a
         Sort Method: quicksort  Memory: 1176kB
         Sort Groups: 11
         ->  Sort  (cost=9941.82..10191.82 rows=100000 width=20) (actual time=16.509..20.147 rows=100000 loops=1)
               Sort Key: s_1.a
               Sort Method: quicksort  Memory: 10885kB
               ->  Seq Scan on s_1  (cost=0.00..1637.00 rows=100000 width=20) (actual time=0.010..5.603 rows=100000 loops=1)
 Planning time: 0.211 ms
 Execution time: 43.471 ms
(12 rows)

===== 18 [Wed Mar  7 02:01:10 CET 2018] scale:100000 groups:10 work_mem:16MB incremental:on max_workers:0 =====
SELECT * FROM (SELECT * FROM s_2 ORDER BY a, b) foo ORDER BY a, b, c
                                                         QUERY PLAN                                                          
-----------------------------------------------------------------------------------------------------------------------------
 Limit  (cost=18789.63..18789.63 rows=1 width=20) (actual time=45.416..45.416 rows=0 loops=1)
   ->  Incremental Sort  (cost=9992.20..17789.63 rows=100000 width=20) (actual time=17.826..43.252 rows=100000 loops=1)
         Sort Key: s_2.a, s_2.b, s_2.c
         Presorted Key: s_2.a, s_2.b
         Sort Method: quicksort  Memory: 132kB
         Sort Groups: 121
         ->  Sort  (cost=9941.82..10191.82 rows=100000 width=20) (actual time=17.722..21.262 rows=100000 loops=1)
               Sort Key: s_2.a, s_2.b
               Sort Method: quicksort  Memory: 10885kB
               ->  Seq Scan on s_2  (cost=0.00..1637.00 rows=100000 width=20) (actual time=0.010..5.638 rows=100000 loops=1)
 Planning time: 0.219 ms
 Execution time: 45.878 ms
(12 rows)

===== 19 [Wed Mar  7 02:01:11 CET 2018] scale:100000 groups:10 work_mem:16MB incremental:on max_workers:0 =====
SELECT * FROM (SELECT * FROM s_3 ORDER BY a, b, c) foo ORDER BY a, b, c, d
                                                         QUERY PLAN                                                          
-----------------------------------------------------------------------------------------------------------------------------
 Limit  (cost=17084.11..17084.11 rows=1 width=20) (actual time=50.434..50.434 rows=0 loops=1)
   ->  Incremental Sort  (cost=9945.10..16084.11 rows=100000 width=20) (actual time=18.471..48.246 rows=100000 loops=1)
         Sort Key: s_3.a, s_3.b, s_3.c, s_3.d
         Presorted Key: s_3.a, s_3.b, s_3.c
         Sort Method: quicksort  Memory: 34kB
         Sort Groups: 1267
         ->  Sort  (cost=9941.82..10191.82 rows=100000 width=20) (actual time=18.414..22.175 rows=100000 loops=1)
               Sort Key: s_3.a, s_3.b, s_3.c
               Sort Method: quicksort  Memory: 10885kB
               ->  Seq Scan on s_3  (cost=0.00..1637.00 rows=100000 width=20) (actual time=0.013..5.597 rows=100000 loops=1)
 Planning time: 0.228 ms
 Execution time: 50.899 ms
(12 rows)

===== 20 [Wed Mar  7 02:01:11 CET 2018] scale:100000 groups:10 work_mem:16MB incremental:on max_workers:0 =====
SELECT * FROM (SELECT * FROM s_4 ORDER BY a, b, c, d) foo ORDER BY a, b, c, d, e
                                                         QUERY PLAN                                                          
-----------------------------------------------------------------------------------------------------------------------------
 Limit  (cost=15802.78..15802.78 rows=1 width=20) (actual time=54.536..54.536 rows=0 loops=1)
   ->  Incremental Sort  (cost=9942.11..14802.78 rows=100000 width=20) (actual time=19.310..52.345 rows=100000 loops=1)
         Sort Key: s_4.a, s_4.b, s_4.c, s_4.d, s_4.e
         Presorted Key: s_4.a, s_4.b, s_4.c, s_4.d
         Sort Method: quicksort  Memory: 29kB
         Sort Groups: 2784
         ->  Sort  (cost=9941.82..10191.82 rows=100000 width=20) (actual time=19.251..23.366 rows=100000 loops=1)
               Sort Key: s_4.a, s_4.b, s_4.c, s_4.d
               Sort Method: quicksort  Memory: 10885kB
               ->  Seq Scan on s_4  (cost=0.00..1637.00 rows=100000 width=20) (actual time=0.009..5.582 rows=100000 loops=1)
 Planning time: 0.224 ms
 Execution time: 55.005 ms
(12 rows)

===== 21 [Wed Mar  7 02:01:11 CET 2018] scale:100000 groups:10 work_mem:16MB incremental:off max_workers:0 =====
SELECT * FROM (SELECT * FROM s_1 ORDER BY a) foo ORDER BY a, b
                                                         QUERY PLAN                                                          
-----------------------------------------------------------------------------------------------------------------------------
 Limit  (cost=20746.64..20746.64 rows=1 width=20) (actual time=49.560..49.560 rows=0 loops=1)
   ->  Sort  (cost=19496.64..19746.64 rows=100000 width=20) (actual time=39.088..47.387 rows=100000 loops=1)
         Sort Key: s_1.a, s_1.b
         Sort Method: quicksort  Memory: 10885kB
         ->  Sort  (cost=9941.82..10191.82 rows=100000 width=20) (actual time=16.415..20.171 rows=100000 loops=1)
               Sort Key: s_1.a
               Sort Method: quicksort  Memory: 10885kB
               ->  Seq Scan on s_1  (cost=0.00..1637.00 rows=100000 width=20) (actual time=0.010..5.595 rows=100000 loops=1)
 Planning time: 0.203 ms
 Execution time: 50.476 ms
(10 rows)

===== 22 [Wed Mar  7 02:01:12 CET 2018] scale:100000 groups:10 work_mem:16MB incremental:off max_workers:0 =====
SELECT * FROM (SELECT * FROM s_2 ORDER BY a, b) foo ORDER BY a, b, c
                                                         QUERY PLAN                                                          
-----------------------------------------------------------------------------------------------------------------------------
 Limit  (cost=20746.64..20746.64 rows=1 width=20) (actual time=54.667..54.667 rows=0 loops=1)
   ->  Sort  (cost=19496.64..19746.64 rows=100000 width=20) (actual time=47.891..52.504 rows=100000 loops=1)
         Sort Key: s_2.a, s_2.b, s_2.c
         Sort Method: quicksort  Memory: 10885kB
         ->  Sort  (cost=9941.82..10191.82 rows=100000 width=20) (actual time=17.766..21.523 rows=100000 loops=1)
               Sort Key: s_2.a, s_2.b
               Sort Method: quicksort  Memory: 10885kB
               ->  Seq Scan on s_2  (cost=0.00..1637.00 rows=100000 width=20) (actual time=0.010..5.606 rows=100000 loops=1)
 Planning time: 0.200 ms
 Execution time: 55.575 ms
(10 rows)

===== 23 [Wed Mar  7 02:01:12 CET 2018] scale:100000 groups:10 work_mem:16MB incremental:off max_workers:0 =====
SELECT * FROM (SELECT * FROM s_3 ORDER BY a, b, c) foo ORDER BY a, b, c, d
                                                         QUERY PLAN                                                          
-----------------------------------------------------------------------------------------------------------------------------
 Limit  (cost=20746.64..20746.64 rows=1 width=20) (actual time=67.087..67.087 rows=0 loops=1)
   ->  Sort  (cost=19496.64..19746.64 rows=100000 width=20) (actual time=60.354..64.917 rows=100000 loops=1)
         Sort Key: s_3.a, s_3.b, s_3.c, s_3.d
         Sort Method: quicksort  Memory: 10885kB
         ->  Sort  (cost=9941.82..10191.82 rows=100000 width=20) (actual time=18.487..22.251 rows=100000 loops=1)
               Sort Key: s_3.a, s_3.b, s_3.c
               Sort Method: quicksort  Memory: 10885kB
               ->  Seq Scan on s_3  (cost=0.00..1637.00 rows=100000 width=20) (actual time=0.013..5.616 rows=100000 loops=1)
 Planning time: 0.221 ms
 Execution time: 68.002 ms
(10 rows)

===== 24 [Wed Mar  7 02:01:12 CET 2018] scale:100000 groups:10 work_mem:16MB incremental:off max_workers:0 =====
SELECT * FROM (SELECT * FROM s_4 ORDER BY a, b, c, d) foo ORDER BY a, b, c, d, e
                                                         QUERY PLAN                                                          
-----------------------------------------------------------------------------------------------------------------------------
 Limit  (cost=20746.64..20746.64 rows=1 width=20) (actual time=77.058..77.058 rows=0 loops=1)
   ->  Sort  (cost=19496.64..19746.64 rows=100000 width=20) (actual time=71.018..74.873 rows=100000 loops=1)
         Sort Key: s_4.a, s_4.b, s_4.c, s_4.d, s_4.e
         Sort Method: quicksort  Memory: 10885kB
         ->  Sort  (cost=9941.82..10191.82 rows=100000 width=20) (actual time=19.361..23.132 rows=100000 loops=1)
               Sort Key: s_4.a, s_4.b, s_4.c, s_4.d
               Sort Method: quicksort  Memory: 10885kB
               ->  Seq Scan on s_4  (cost=0.00..1637.00 rows=100000 width=20) (actual time=0.009..5.619 rows=100000 loops=1)
 Planning time: 0.220 ms
 Execution time: 77.968 ms
(10 rows)

===== 25 [Wed Mar  7 02:01:13 CET 2018] scale:100000 groups:10 work_mem:32MB incremental:on max_workers:0 =====
SELECT * FROM (SELECT * FROM s_1 ORDER BY a) foo ORDER BY a, b
                                                         QUERY PLAN                                                          
-----------------------------------------------------------------------------------------------------------------------------
 Limit  (cost=20517.14..20517.14 rows=1 width=20) (actual time=44.020..44.020 rows=0 loops=1)
   ->  Incremental Sort  (cost=10653.19..19517.14 rows=100000 width=20) (actual time=17.586..41.500 rows=100000 loops=1)
         Sort Key: s_1.a, s_1.b
         Presorted Key: s_1.a
         Sort Method: quicksort  Memory: 1176kB
         Sort Groups: 11
         ->  Sort  (cost=9941.82..10191.82 rows=100000 width=20) (actual time=16.463..20.104 rows=100000 loops=1)
               Sort Key: s_1.a
               Sort Method: quicksort  Memory: 10885kB
               ->  Seq Scan on s_1  (cost=0.00..1637.00 rows=100000 width=20) (actual time=0.009..5.583 rows=100000 loops=1)
 Planning time: 0.212 ms
 Execution time: 44.494 ms
(12 rows)

===== 26 [Wed Mar  7 02:01:13 CET 2018] scale:100000 groups:10 work_mem:32MB incremental:on max_workers:0 =====
SELECT * FROM (SELECT * FROM s_2 ORDER BY a, b) foo ORDER BY a, b, c
                                                         QUERY PLAN                                                          
-----------------------------------------------------------------------------------------------------------------------------
 Limit  (cost=18789.63..18789.63 rows=1 width=20) (actual time=46.708..46.708 rows=0 loops=1)
   ->  Incremental Sort  (cost=9992.20..17789.63 rows=100000 width=20) (actual time=17.935..44.152 rows=100000 loops=1)
         Sort Key: s_2.a, s_2.b, s_2.c
         Presorted Key: s_2.a, s_2.b
         Sort Method: quicksort  Memory: 132kB
         Sort Groups: 121
         ->  Sort  (cost=9941.82..10191.82 rows=100000 width=20) (actual time=17.829..21.382 rows=100000 loops=1)
               Sort Key: s_2.a, s_2.b
               Sort Method: quicksort  Memory: 10885kB
               ->  Seq Scan on s_2  (cost=0.00..1637.00 rows=100000 width=20) (actual time=0.010..5.602 rows=100000 loops=1)
 Planning time: 0.219 ms
 Execution time: 47.176 ms
(12 rows)

===== 27 [Wed Mar  7 02:01:13 CET 2018] scale:100000 groups:10 work_mem:32MB incremental:on max_workers:0 =====
SELECT * FROM (SELECT * FROM s_3 ORDER BY a, b, c) foo ORDER BY a, b, c, d
                                                         QUERY PLAN                                                          
-----------------------------------------------------------------------------------------------------------------------------
 Limit  (cost=17084.11..17084.11 rows=1 width=20) (actual time=51.666..51.666 rows=0 loops=1)
   ->  Incremental Sort  (cost=9945.10..16084.11 rows=100000 width=20) (actual time=18.536..49.136 rows=100000 loops=1)
         Sort Key: s_3.a, s_3.b, s_3.c, s_3.d
         Presorted Key: s_3.a, s_3.b, s_3.c
         Sort Method: quicksort  Memory: 34kB
         Sort Groups: 1267
         ->  Sort  (cost=9941.82..10191.82 rows=100000 width=20) (actual time=18.479..22.252 rows=100000 loops=1)
               Sort Key: s_3.a, s_3.b, s_3.c
               Sort Method: quicksort  Memory: 10885kB
               ->  Seq Scan on s_3  (cost=0.00..1637.00 rows=100000 width=20) (actual time=0.013..5.596 rows=100000 loops=1)
 Planning time: 0.227 ms
 Execution time: 52.138 ms
(12 rows)

===== 28 [Wed Mar  7 02:01:14 CET 2018] scale:100000 groups:10 work_mem:32MB incremental:on max_workers:0 =====
SELECT * FROM (SELECT * FROM s_4 ORDER BY a, b, c, d) foo ORDER BY a, b, c, d, e
                                                         QUERY PLAN                                                          
-----------------------------------------------------------------------------------------------------------------------------
 Limit  (cost=15802.78..15802.78 rows=1 width=20) (actual time=56.339..56.339 rows=0 loops=1)
   ->  Incremental Sort  (cost=9942.11..14802.78 rows=100000 width=20) (actual time=19.330..54.094 rows=100000 loops=1)
         Sort Key: s_4.a, s_4.b, s_4.c, s_4.d, s_4.e
         Presorted Key: s_4.a, s_4.b, s_4.c, s_4.d
         Sort Method: quicksort  Memory: 29kB
         Sort Groups: 2784
         ->  Sort  (cost=9941.82..10191.82 rows=100000 width=20) (actual time=19.270..23.448 rows=100000 loops=1)
               Sort Key: s_4.a, s_4.b, s_4.c, s_4.d
               Sort Method: quicksort  Memory: 10885kB
               ->  Seq Scan on s_4  (cost=0.00..1637.00 rows=100000 width=20) (actual time=0.009..5.592 rows=100000 loops=1)
 Planning time: 0.220 ms
 Execution time: 56.814 ms
(12 rows)

===== 29 [Wed Mar  7 02:01:14 CET 2018] scale:100000 groups:10 work_mem:32MB incremental:off max_workers:0 =====
SELECT * FROM (SELECT * FROM s_1 ORDER BY a) foo ORDER BY a, b
                                                         QUERY PLAN                                                          
-----------------------------------------------------------------------------------------------------------------------------
 Limit  (cost=20746.64..20746.64 rows=1 width=20) (actual time=49.647..49.647 rows=0 loops=1)
   ->  Sort  (cost=19496.64..19746.64 rows=100000 width=20) (actual time=39.118..47.470 rows=100000 loops=1)
         Sort Key: s_1.a, s_1.b
         Sort Method: quicksort  Memory: 10885kB
         ->  Sort  (cost=9941.82..10191.82 rows=100000 width=20) (actual time=16.419..20.186 rows=100000 loops=1)
               Sort Key: s_1.a
               Sort Method: quicksort  Memory: 10885kB
               ->  Seq Scan on s_1  (cost=0.00..1637.00 rows=100000 width=20) (actual time=0.010..5.593 rows=100000 loops=1)
 Planning time: 0.203 ms
 Execution time: 50.560 ms
(10 rows)

===== 30 [Wed Mar  7 02:01:14 CET 2018] scale:100000 groups:10 work_mem:32MB incremental:off max_workers:0 =====
SELECT * FROM (SELECT * FROM s_2 ORDER BY a, b) foo ORDER BY a, b, c
                                                         QUERY PLAN                                                          
-----------------------------------------------------------------------------------------------------------------------------
 Limit  (cost=20746.64..20746.64 rows=1 width=20) (actual time=54.727..54.727 rows=0 loops=1)
   ->  Sort  (cost=19496.64..19746.64 rows=100000 width=20) (actual time=47.942..52.570 rows=100000 loops=1)
         Sort Key: s_2.a, s_2.b, s_2.c
         Sort Method: quicksort  Memory: 10885kB
         ->  Sort  (cost=9941.82..10191.82 rows=100000 width=20) (actual time=17.767..21.546 rows=100000 loops=1)
               Sort Key: s_2.a, s_2.b
               Sort Method: quicksort  Memory: 10885kB
               ->  Seq Scan on s_2  (cost=0.00..1637.00 rows=100000 width=20) (actual time=0.010..5.603 rows=100000 loops=1)
 Planning time: 0.203 ms
 Execution time: 55.637 ms
(10 rows)

===== 31 [Wed Mar  7 02:01:15 CET 2018] scale:100000 groups:10 work_mem:32MB incremental:off max_workers:0 =====
SELECT * FROM (SELECT * FROM s_3 ORDER BY a, b, c) foo ORDER BY a, b, c, d
                                                         QUERY PLAN                                                          
-----------------------------------------------------------------------------------------------------------------------------
 Limit  (cost=20746.64..20746.64 rows=1 width=20) (actual time=67.071..67.071 rows=0 loops=1)
   ->  Sort  (cost=19496.64..19746.64 rows=100000 width=20) (actual time=60.369..64.903 rows=100000 loops=1)
         Sort Key: s_3.a, s_3.b, s_3.c, s_3.d
         Sort Method: quicksort  Memory: 10885kB
         ->  Sort  (cost=9941.82..10191.82 rows=100000 width=20) (actual time=18.483..22.246 rows=100000 loops=1)
               Sort Key: s_3.a, s_3.b, s_3.c
               Sort Method: quicksort  Memory: 10885kB
               ->  Seq Scan on s_3  (cost=0.00..1637.00 rows=100000 width=20) (actual time=0.013..5.613 rows=100000 loops=1)
 Planning time: 0.223 ms
 Execution time: 67.981 ms
(10 rows)

===== 32 [Wed Mar  7 02:01:15 CET 2018] scale:100000 groups:10 work_mem:32MB incremental:off max_workers:0 =====
SELECT * FROM (SELECT * FROM s_4 ORDER BY a, b, c, d) foo ORDER BY a, b, c, d, e
                                                         QUERY PLAN                                                          
-----------------------------------------------------------------------------------------------------------------------------
 Limit  (cost=20746.64..20746.64 rows=1 width=20) (actual time=77.066..77.066 rows=0 loops=1)
   ->  Sort  (cost=19496.64..19746.64 rows=100000 width=20) (actual time=71.014..74.874 rows=100000 loops=1)
         Sort Key: s_4.a, s_4.b, s_4.c, s_4.d, s_4.e
         Sort Method: quicksort  Memory: 10885kB
         ->  Sort  (cost=9941.82..10191.82 rows=100000 width=20) (actual time=19.351..23.109 rows=100000 loops=1)
               Sort Key: s_4.a, s_4.b, s_4.c, s_4.d
               Sort Method: quicksort  Memory: 10885kB
               ->  Seq Scan on s_4  (cost=0.00..1637.00 rows=100000 width=20) (actual time=0.009..5.619 rows=100000 loops=1)
 Planning time: 0.213 ms
 Execution time: 77.978 ms
(10 rows)

===== 33 [Wed Mar  7 02:01:16 CET 2018] scale:100000 groups:10 work_mem:64MB incremental:on max_workers:0 =====
SELECT * FROM (SELECT * FROM s_1 ORDER BY a) foo ORDER BY a, b
                                                         QUERY PLAN                                                          
-----------------------------------------------------------------------------------------------------------------------------
 Limit  (cost=20517.14..20517.14 rows=1 width=20) (actual time=43.959..43.959 rows=0 loops=1)
   ->  Incremental Sort  (cost=10653.19..19517.14 rows=100000 width=20) (actual time=17.563..41.443 rows=100000 loops=1)
         Sort Key: s_1.a, s_1.b
         Presorted Key: s_1.a
         Sort Method: quicksort  Memory: 1176kB
         Sort Groups: 11
         ->  Sort  (cost=9941.82..10191.82 rows=100000 width=20) (actual time=16.443..20.089 rows=100000 loops=1)
               Sort Key: s_1.a
               Sort Method: quicksort  Memory: 10885kB
               ->  Seq Scan on s_1  (cost=0.00..1637.00 rows=100000 width=20) (actual time=0.009..5.559 rows=100000 loops=1)
 Planning time: 0.218 ms
 Execution time: 44.430 ms
(12 rows)

===== 34 [Wed Mar  7 02:01:16 CET 2018] scale:100000 groups:10 work_mem:64MB incremental:on max_workers:0 =====
SELECT * FROM (SELECT * FROM s_2 ORDER BY a, b) foo ORDER BY a, b, c
                                                         QUERY PLAN                                                          
-----------------------------------------------------------------------------------------------------------------------------
 Limit  (cost=18789.63..18789.63 rows=1 width=20) (actual time=46.801..46.801 rows=0 loops=1)
   ->  Incremental Sort  (cost=9992.20..17789.63 rows=100000 width=20) (actual time=17.958..44.245 rows=100000 loops=1)
         Sort Key: s_2.a, s_2.b, s_2.c
         Presorted Key: s_2.a, s_2.b
         Sort Method: quicksort  Memory: 132kB
         Sort Groups: 121
         ->  Sort  (cost=9941.82..10191.82 rows=100000 width=20) (actual time=17.853..21.410 rows=100000 loops=1)
               Sort Key: s_2.a, s_2.b
               Sort Method: quicksort  Memory: 10885kB
               ->  Seq Scan on s_2  (cost=0.00..1637.00 rows=100000 width=20) (actual time=0.010..5.615 rows=100000 loops=1)
 Planning time: 0.214 ms
 Execution time: 47.269 ms
(12 rows)

===== 35 [Wed Mar  7 02:01:16 CET 2018] scale:100000 groups:10 work_mem:64MB incremental:on max_workers:0 =====
SELECT * FROM (SELECT * FROM s_3 ORDER BY a, b, c) foo ORDER BY a, b, c, d
                                                         QUERY PLAN                                                          
-----------------------------------------------------------------------------------------------------------------------------
 Limit  (cost=17084.11..17084.11 rows=1 width=20) (actual time=51.686..51.686 rows=0 loops=1)
   ->  Incremental Sort  (cost=9945.10..16084.11 rows=100000 width=20) (actual time=18.537..49.158 rows=100000 loops=1)
         Sort Key: s_3.a, s_3.b, s_3.c, s_3.d
         Presorted Key: s_3.a, s_3.b, s_3.c
         Sort Method: quicksort  Memory: 34kB
         Sort Groups: 1267
         ->  Sort  (cost=9941.82..10191.82 rows=100000 width=20) (actual time=18.481..22.257 rows=100000 loops=1)
               Sort Key: s_3.a, s_3.b, s_3.c
               Sort Method: quicksort  Memory: 10885kB
               ->  Seq Scan on s_3  (cost=0.00..1637.00 rows=100000 width=20) (actual time=0.013..5.608 rows=100000 loops=1)
 Planning time: 0.226 ms
 Execution time: 52.156 ms
(12 rows)

===== 36 [Wed Mar  7 02:01:16 CET 2018] scale:100000 groups:10 work_mem:64MB incremental:on max_workers:0 =====
SELECT * FROM (SELECT * FROM s_4 ORDER BY a, b, c, d) foo ORDER BY a, b, c, d, e
                                                         QUERY PLAN                                                          
-----------------------------------------------------------------------------------------------------------------------------
 Limit  (cost=15802.78..15802.78 rows=1 width=20) (actual time=56.356..56.356 rows=0 loops=1)
   ->  Incremental Sort  (cost=9942.11..14802.78 rows=100000 width=20) (actual time=19.353..54.117 rows=100000 loops=1)
         Sort Key: s_4.a, s_4.b, s_4.c, s_4.d, s_4.e
         Presorted Key: s_4.a, s_4.b, s_4.c, s_4.d
         Sort Method: quicksort  Memory: 29kB
         Sort Groups: 2784
         ->  Sort  (cost=9941.82..10191.82 rows=100000 width=20) (actual time=19.295..23.479 rows=100000 loops=1)
               Sort Key: s_4.a, s_4.b, s_4.c, s_4.d
               Sort Method: quicksort  Memory: 10885kB
               ->  Seq Scan on s_4  (cost=0.00..1637.00 rows=100000 width=20) (actual time=0.009..5.592 rows=100000 loops=1)
 Planning time: 0.223 ms
 Execution time: 56.832 ms
(12 rows)

===== 37 [Wed Mar  7 02:01:17 CET 2018] scale:100000 groups:10 work_mem:64MB incremental:off max_workers:0 =====
SELECT * FROM (SELECT * FROM s_1 ORDER BY a) foo ORDER BY a, b
                                                         QUERY PLAN                                                          
-----------------------------------------------------------------------------------------------------------------------------
 Limit  (cost=20746.64..20746.64 rows=1 width=20) (actual time=49.586..49.586 rows=0 loops=1)
   ->  Sort  (cost=19496.64..19746.64 rows=100000 width=20) (actual time=39.057..47.411 rows=100000 loops=1)
         Sort Key: s_1.a, s_1.b
         Sort Method: quicksort  Memory: 10885kB
         ->  Sort  (cost=9941.82..10191.82 rows=100000 width=20) (actual time=16.408..20.151 rows=100000 loops=1)
               Sort Key: s_1.a
               Sort Method: quicksort  Memory: 10885kB
               ->  Seq Scan on s_1  (cost=0.00..1637.00 rows=100000 width=20) (actual time=0.010..5.600 rows=100000 loops=1)
 Planning time: 0.205 ms
 Execution time: 50.491 ms
(10 rows)

===== 38 [Wed Mar  7 02:01:17 CET 2018] scale:100000 groups:10 work_mem:64MB incremental:off max_workers:0 =====
SELECT * FROM (SELECT * FROM s_2 ORDER BY a, b) foo ORDER BY a, b, c
                                                         QUERY PLAN                                                          
-----------------------------------------------------------------------------------------------------------------------------
 Limit  (cost=20746.64..20746.64 rows=1 width=20) (actual time=54.799..54.799 rows=0 loops=1)
   ->  Sort  (cost=19496.64..19746.64 rows=100000 width=20) (actual time=47.979..52.630 rows=100000 loops=1)
         Sort Key: s_2.a, s_2.b, s_2.c
         Sort Method: quicksort  Memory: 10885kB
         ->  Sort  (cost=9941.82..10191.82 rows=100000 width=20) (actual time=17.799..21.556 rows=100000 loops=1)
               Sort Key: s_2.a, s_2.b
               Sort Method: quicksort  Memory: 10885kB
               ->  Seq Scan on s_2  (cost=0.00..1637.00 rows=100000 width=20) (actual time=0.010..5.611 rows=100000 loops=1)
 Planning time: 0.209 ms
 Execution time: 55.714 ms
(10 rows)

===== 39 [Wed Mar  7 02:01:17 CET 2018] scale:100000 groups:10 work_mem:64MB incremental:off max_workers:0 =====
SELECT * FROM (SELECT * FROM s_3 ORDER BY a, b, c) foo ORDER BY a, b, c, d
                                                         QUERY PLAN                                                          
-----------------------------------------------------------------------------------------------------------------------------
 Limit  (cost=20746.64..20746.64 rows=1 width=20) (actual time=67.075..67.075 rows=0 loops=1)
   ->  Sort  (cost=19496.64..19746.64 rows=100000 width=20) (actual time=60.408..64.908 rows=100000 loops=1)
         Sort Key: s_3.a, s_3.b, s_3.c, s_3.d
         Sort Method: quicksort  Memory: 10885kB
         ->  Sort  (cost=9941.82..10191.82 rows=100000 width=20) (actual time=18.508..22.279 rows=100000 loops=1)
               Sort Key: s_3.a, s_3.b, s_3.c
               Sort Method: quicksort  Memory: 10885kB
               ->  Seq Scan on s_3  (cost=0.00..1637.00 rows=100000 width=20) (actual time=0.013..5.600 rows=100000 loops=1)
 Planning time: 0.217 ms
 Execution time: 67.989 ms
(10 rows)

===== 40 [Wed Mar  7 02:01:18 CET 2018] scale:100000 groups:10 work_mem:64MB incremental:off max_workers:0 =====
SELECT * FROM (SELECT * FROM s_4 ORDER BY a, b, c, d) foo ORDER BY a, b, c, d, e
                                                         QUERY PLAN                                                          
-----------------------------------------------------------------------------------------------------------------------------
 Limit  (cost=20746.64..20746.64 rows=1 width=20) (actual time=77.060..77.060 rows=0 loops=1)
   ->  Sort  (cost=19496.64..19746.64 rows=100000 width=20) (actual time=71.018..74.874 rows=100000 loops=1)
         Sort Key: s_4.a, s_4.b, s_4.c, s_4.d, s_4.e
         Sort Method: quicksort  Memory: 10885kB
         ->  Sort  (cost=9941.82..10191.82 rows=100000 width=20) (actual time=19.357..23.126 rows=100000 loops=1)
               Sort Key: s_4.a, s_4.b, s_4.c, s_4.d
               Sort Method: quicksort  Memory: 10885kB
               ->  Seq Scan on s_4  (cost=0.00..1637.00 rows=100000 width=20) (actual time=0.009..5.626 rows=100000 loops=1)
 Planning time: 0.214 ms
 Execution time: 77.965 ms
(10 rows)

===== 41 [Wed Mar  7 02:01:18 CET 2018] scale:100000 groups:10 work_mem:128MB incremental:on max_workers:0 =====
SELECT * FROM (SELECT * FROM s_1 ORDER BY a) foo ORDER BY a, b
                                                         QUERY PLAN                                                          
-----------------------------------------------------------------------------------------------------------------------------
 Limit  (cost=20517.14..20517.14 rows=1 width=20) (actual time=43.816..43.816 rows=0 loops=1)
   ->  Incremental Sort  (cost=10653.19..19517.14 rows=100000 width=20) (actual time=17.575..41.295 rows=100000 loops=1)
         Sort Key: s_1.a, s_1.b
         Presorted Key: s_1.a
         Sort Method: quicksort  Memory: 1176kB
         Sort Groups: 11
         ->  Sort  (cost=9941.82..10191.82 rows=100000 width=20) (actual time=16.446..20.089 rows=100000 loops=1)
               Sort Key: s_1.a
               Sort Method: quicksort  Memory: 10885kB
               ->  Seq Scan on s_1  (cost=0.00..1637.00 rows=100000 width=20) (actual time=0.010..5.572 rows=100000 loops=1)
 Planning time: 0.208 ms
 Execution time: 44.293 ms
(12 rows)

===== 42 [Wed Mar  7 02:01:19 CET 2018] scale:100000 groups:10 work_mem:128MB incremental:on max_workers:0 =====
SELECT * FROM (SELECT * FROM s_2 ORDER BY a, b) foo ORDER BY a, b, c
                                                         QUERY PLAN                                                          
-----------------------------------------------------------------------------------------------------------------------------
 Limit  (cost=18789.63..18789.63 rows=1 width=20) (actual time=46.794..46.794 rows=0 loops=1)
   ->  Incremental Sort  (cost=9992.20..17789.63 rows=100000 width=20) (actual time=17.963..44.247 rows=100000 loops=1)
         Sort Key: s_2.a, s_2.b, s_2.c
         Presorted Key: s_2.a, s_2.b
         Sort Method: quicksort  Memory: 132kB
         Sort Groups: 121
         ->  Sort  (cost=9941.82..10191.82 rows=100000 width=20) (actual time=17.857..21.402 rows=100000 loops=1)
               Sort Key: s_2.a, s_2.b
               Sort Method: quicksort  Memory: 10885kB
               ->  Seq Scan on s_2  (cost=0.00..1637.00 rows=100000 width=20) (actual time=0.010..5.599 rows=100000 loops=1)
 Planning time: 0.214 ms
 Execution time: 47.264 ms
(12 rows)

===== 43 [Wed Mar  7 02:01:19 CET 2018] scale:100000 groups:10 work_mem:128MB incremental:on max_workers:0 =====
SELECT * FROM (SELECT * FROM s_3 ORDER BY a, b, c) foo ORDER BY a, b, c, d
                                                         QUERY PLAN                                                          
-----------------------------------------------------------------------------------------------------------------------------
 Limit  (cost=17084.11..17084.11 rows=1 width=20) (actual time=51.619..51.619 rows=0 loops=1)
   ->  Incremental Sort  (cost=9945.10..16084.11 rows=100000 width=20) (actual time=18.522..49.087 rows=100000 loops=1)
         Sort Key: s_3.a, s_3.b, s_3.c, s_3.d
         Presorted Key: s_3.a, s_3.b, s_3.c
         Sort Method: quicksort  Memory: 34kB
         Sort Groups: 1267
         ->  Sort  (cost=9941.82..10191.82 rows=100000 width=20) (actual time=18.464..22.232 rows=100000 loops=1)
               Sort Key: s_3.a, s_3.b, s_3.c
               Sort Method: quicksort  Memory: 10885kB
               ->  Seq Scan on s_3  (cost=0.00..1637.00 rows=100000 width=20) (actual time=0.013..5.588 rows=100000 loops=1)
 Planning time: 0.225 ms
 Execution time: 52.085 ms
(12 rows)

===== 44 [Wed Mar  7 02:01:19 CET 2018] scale:100000 groups:10 work_mem:128MB incremental:on max_workers:0 =====
SELECT * FROM (SELECT * FROM s_4 ORDER BY a, b, c, d) foo ORDER BY a, b, c, d, e
                                                         QUERY PLAN                                                          
-----------------------------------------------------------------------------------------------------------------------------
 Limit  (cost=15802.78..15802.78 rows=1 width=20) (actual time=56.310..56.310 rows=0 loops=1)
   ->  Incremental Sort  (cost=9942.11..14802.78 rows=100000 width=20) (actual time=19.321..54.070 rows=100000 loops=1)
         Sort Key: s_4.a, s_4.b, s_4.c, s_4.d, s_4.e
         Presorted Key: s_4.a, s_4.b, s_4.c, s_4.d
         Sort Method: quicksort  Memory: 29kB
         Sort Groups: 2784
         ->  Sort  (cost=9941.82..10191.82 rows=100000 width=20) (actual time=19.259..23.443 rows=100000 loops=1)
               Sort Key: s_4.a, s_4.b, s_4.c, s_4.d
               Sort Method: quicksort  Memory: 10885kB
               ->  Seq Scan on s_4  (cost=0.00..1637.00 rows=100000 width=20) (actual time=0.009..5.589 rows=100000 loops=1)
 Planning time: 0.224 ms
 Execution time: 56.781 ms
(12 rows)

===== 45 [Wed Mar  7 02:01:20 CET 2018] scale:100000 groups:10 work_mem:128MB incremental:off max_workers:0 =====
SELECT * FROM (SELECT * FROM s_1 ORDER BY a) foo ORDER BY a, b
                                                         QUERY PLAN                                                          
-----------------------------------------------------------------------------------------------------------------------------
 Limit  (cost=20746.64..20746.64 rows=1 width=20) (actual time=49.530..49.530 rows=0 loops=1)
   ->  Sort  (cost=19496.64..19746.64 rows=100000 width=20) (actual time=39.047..47.359 rows=100000 loops=1)
         Sort Key: s_1.a, s_1.b
         Sort Method: quicksort  Memory: 10885kB
         ->  Sort  (cost=9941.82..10191.82 rows=100000 width=20) (actual time=16.390..20.148 rows=100000 loops=1)
               Sort Key: s_1.a
               Sort Method: quicksort  Memory: 10885kB
               ->  Seq Scan on s_1  (cost=0.00..1637.00 rows=100000 width=20) (actual time=0.010..5.597 rows=100000 loops=1)
 Planning time: 0.203 ms
 Execution time: 50.441 ms
(10 rows)

===== 46 [Wed Mar  7 02:01:20 CET 2018] scale:100000 groups:10 work_mem:128MB incremental:off max_workers:0 =====
SELECT * FROM (SELECT * FROM s_2 ORDER BY a, b) foo ORDER BY a, b, c
                                                         QUERY PLAN                                                          
-----------------------------------------------------------------------------------------------------------------------------
 Limit  (cost=20746.64..20746.64 rows=1 width=20) (actual time=54.688..54.688 rows=0 loops=1)
   ->  Sort  (cost=19496.64..19746.64 rows=100000 width=20) (actual time=47.886..52.524 rows=100000 loops=1)
         Sort Key: s_2.a, s_2.b, s_2.c
         Sort Method: quicksort  Memory: 10885kB
         ->  Sort  (cost=9941.82..10191.82 rows=100000 width=20) (actual time=17.760..21.533 rows=100000 loops=1)
               Sort Key: s_2.a, s_2.b
               Sort Method: quicksort  Memory: 10885kB
               ->  Seq Scan on s_2  (cost=0.00..1637.00 rows=100000 width=20) (actual time=0.010..5.611 rows=100000 loops=1)
 Planning time: 0.207 ms
 Execution time: 55.595 ms
(10 rows)

===== 47 [Wed Mar  7 02:01:20 CET 2018] scale:100000 groups:10 work_mem:128MB incremental:off max_workers:0 =====
SELECT * FROM (SELECT * FROM s_3 ORDER BY a, b, c) foo ORDER BY a, b, c, d
                                                         QUERY PLAN                                                          
-----------------------------------------------------------------------------------------------------------------------------
 Limit  (cost=20746.64..20746.64 rows=1 width=20) (actual time=67.155..67.155 rows=0 loops=1)
   ->  Sort  (cost=19496.64..19746.64 rows=100000 width=20) (actual time=60.423..64.987 rows=100000 loops=1)
         Sort Key: s_3.a, s_3.b, s_3.c, s_3.d
         Sort Method: quicksort  Memory: 10885kB
         ->  Sort  (cost=9941.82..10191.82 rows=100000 width=20) (actual time=18.520..22.292 rows=100000 loops=1)
               Sort Key: s_3.a, s_3.b, s_3.c
               Sort Method: quicksort  Memory: 10885kB
               ->  Seq Scan on s_3  (cost=0.00..1637.00 rows=100000 width=20) (actual time=0.013..5.608 rows=100000 loops=1)
 Planning time: 0.218 ms
 Execution time: 68.070 ms
(10 rows)

===== 48 [Wed Mar  7 02:01:21 CET 2018] scale:100000 groups:10 work_mem:128MB incremental:off max_workers:0 =====
SELECT * FROM (SELECT * FROM s_4 ORDER BY a, b, c, d) foo ORDER BY a, b, c, d, e
                                                         QUERY PLAN                                                          
-----------------------------------------------------------------------------------------------------------------------------
 Limit  (cost=20746.64..20746.64 rows=1 width=20) (actual time=77.004..77.004 rows=0 loops=1)
   ->  Sort  (cost=19496.64..19746.64 rows=100000 width=20) (actual time=70.977..74.817 rows=100000 loops=1)
         Sort Key: s_4.a, s_4.b, s_4.c, s_4.d, s_4.e
         Sort Method: quicksort  Memory: 10885kB
         ->  Sort  (cost=9941.82..10191.82 rows=100000 width=20) (actual time=19.334..23.099 rows=100000 loops=1)
               Sort Key: s_4.a, s_4.b, s_4.c, s_4.d
               Sort Method: quicksort  Memory: 10885kB
               ->  Seq Scan on s_4  (cost=0.00..1637.00 rows=100000 width=20) (actual time=0.009..5.623 rows=100000 loops=1)
 Planning time: 0.213 ms
 Execution time: 77.914 ms
(10 rows)

===== 49 [Wed Mar  7 02:01:21 CET 2018] scale:100000 groups:10 work_mem:256MB incremental:on max_workers:0 =====
SELECT * FROM (SELECT * FROM s_1 ORDER BY a) foo ORDER BY a, b
                                                         QUERY PLAN                                                          
-----------------------------------------------------------------------------------------------------------------------------
 Limit  (cost=20517.14..20517.14 rows=1 width=20) (actual time=43.864..43.864 rows=0 loops=1)
   ->  Incremental Sort  (cost=10653.19..19517.14 rows=100000 width=20) (actual time=17.567..41.344 rows=100000 loops=1)
         Sort Key: s_1.a, s_1.b
         Presorted Key: s_1.a
         Sort Method: quicksort  Memory: 1176kB
         Sort Groups: 11
         ->  Sort  (cost=9941.82..10191.82 rows=100000 width=20) (actual time=16.447..20.100 rows=100000 loops=1)
               Sort Key: s_1.a
               Sort Method: quicksort  Memory: 10885kB
               ->  Seq Scan on s_1  (cost=0.00..1637.00 rows=100000 width=20) (actual time=0.009..5.568 rows=100000 loops=1)
 Planning time: 0.207 ms
 Execution time: 44.342 ms
(12 rows)

===== 50 [Wed Mar  7 02:01:21 CET 2018] scale:100000 groups:10 work_mem:256MB incremental:on max_workers:0 =====
SELECT * FROM (SELECT * FROM s_2 ORDER BY a, b) foo ORDER BY a, b, c
                                                         QUERY PLAN                                                          
-----------------------------------------------------------------------------------------------------------------------------
 Limit  (cost=18789.63..18789.63 rows=1 width=20) (actual time=46.791..46.791 rows=0 loops=1)
   ->  Incremental Sort  (cost=9992.20..17789.63 rows=100000 width=20) (actual time=17.961..44.232 rows=100000 loops=1)
         Sort Key: s_2.a, s_2.b, s_2.c
         Presorted Key: s_2.a, s_2.b
         Sort Method: quicksort  Memory: 132kB
         Sort Groups: 121
         ->  Sort  (cost=9941.82..10191.82 rows=100000 width=20) (actual time=17.854..21.404 rows=100000 loops=1)
               Sort Key: s_2.a, s_2.b
               Sort Method: quicksort  Memory: 10885kB
               ->  Seq Scan on s_2  (cost=0.00..1637.00 rows=100000 width=20) (actual time=0.010..5.602 rows=100000 loops=1)
 Planning time: 0.214 ms
 Execution time: 47.256 ms
(12 rows)

===== 51 [Wed Mar  7 02:01:22 CET 2018] scale:100000 groups:10 work_mem:256MB incremental:on max_workers:0 =====
SELECT * FROM (SELECT * FROM s_3 ORDER BY a, b, c) foo ORDER BY a, b, c, d
                                                         QUERY PLAN                                                          
-----------------------------------------------------------------------------------------------------------------------------
 Limit  (cost=17084.11..17084.11 rows=1 width=20) (actual time=51.728..51.728 rows=0 loops=1)
   ->  Incremental Sort  (cost=9945.10..16084.11 rows=100000 width=20) (actual time=18.588..49.200 rows=100000 loops=1)
         Sort Key: s_3.a, s_3.b, s_3.c, s_3.d
         Presorted Key: s_3.a, s_3.b, s_3.c
         Sort Method: quicksort  Memory: 34kB
         Sort Groups: 1267
         ->  Sort  (cost=9941.82..10191.82 rows=100000 width=20) (actual time=18.532..22.306 rows=100000 loops=1)
               Sort Key: s_3.a, s_3.b, s_3.c
               Sort Method: quicksort  Memory: 10885kB
               ->  Seq Scan on s_3  (cost=0.00..1637.00 rows=100000 width=20) (actual time=0.012..5.592 rows=100000 loops=1)
 Planning time: 0.227 ms
 Execution time: 52.193 ms
(12 rows)

===== 52 [Wed Mar  7 02:01:22 CET 2018] scale:100000 groups:10 work_mem:256MB incremental:on max_workers:0 =====
SELECT * FROM (SELECT * FROM s_4 ORDER BY a, b, c, d) foo ORDER BY a, b, c, d, e
                                                         QUERY PLAN                                                          
-----------------------------------------------------------------------------------------------------------------------------
 Limit  (cost=15802.78..15802.78 rows=1 width=20) (actual time=56.304..56.304 rows=0 loops=1)
   ->  Incremental Sort  (cost=9942.11..14802.78 rows=100000 width=20) (actual time=19.312..54.062 rows=100000 loops=1)
         Sort Key: s_4.a, s_4.b, s_4.c, s_4.d, s_4.e
         Presorted Key: s_4.a, s_4.b, s_4.c, s_4.d
         Sort Method: quicksort  Memory: 29kB
         Sort Groups: 2784
         ->  Sort  (cost=9941.82..10191.82 rows=100000 width=20) (actual time=19.249..23.426 rows=100000 loops=1)
               Sort Key: s_4.a, s_4.b, s_4.c, s_4.d
               Sort Method: quicksort  Memory: 10885kB
               ->  Seq Scan on s_4  (cost=0.00..1637.00 rows=100000 width=20) (actual time=0.009..5.588 rows=100000 loops=1)
 Planning time: 0.230 ms
 Execution time: 56.776 ms
(12 rows)

===== 53 [Wed Mar  7 02:01:22 CET 2018] scale:100000 groups:10 work_mem:256MB incremental:off max_workers:0 =====
SELECT * FROM (SELECT * FROM s_1 ORDER BY a) foo ORDER BY a, b
                                                         QUERY PLAN                                                          
-----------------------------------------------------------------------------------------------------------------------------
 Limit  (cost=20746.64..20746.64 rows=1 width=20) (actual time=49.538..49.538 rows=0 loops=1)
   ->  Sort  (cost=19496.64..19746.64 rows=100000 width=20) (actual time=39.032..47.357 rows=100000 loops=1)
         Sort Key: s_1.a, s_1.b
         Sort Method: quicksort  Memory: 10885kB
         ->  Sort  (cost=9941.82..10191.82 rows=100000 width=20) (actual time=16.381..20.132 rows=100000 loops=1)
               Sort Key: s_1.a
               Sort Method: quicksort  Memory: 10885kB
               ->  Seq Scan on s_1  (cost=0.00..1637.00 rows=100000 width=20) (actual time=0.010..5.590 rows=100000 loops=1)
 Planning time: 0.207 ms
 Execution time: 50.446 ms
(10 rows)

===== 54 [Wed Mar  7 02:01:23 CET 2018] scale:100000 groups:10 work_mem:256MB incremental:off max_workers:0 =====
SELECT * FROM (SELECT * FROM s_2 ORDER BY a, b) foo ORDER BY a, b, c
                                                         QUERY PLAN                                                          
-----------------------------------------------------------------------------------------------------------------------------
 Limit  (cost=20746.64..20746.64 rows=1 width=20) (actual time=54.695..54.695 rows=0 loops=1)
   ->  Sort  (cost=19496.64..19746.64 rows=100000 width=20) (actual time=47.881..52.522 rows=100000 loops=1)
         Sort Key: s_2.a, s_2.b, s_2.c
         Sort Method: quicksort  Memory: 10885kB
         ->  Sort  (cost=9941.82..10191.82 rows=100000 width=20) (actual time=17.754..21.513 rows=100000 loops=1)
               Sort Key: s_2.a, s_2.b
               Sort Method: quicksort  Memory: 10885kB
               ->  Seq Scan on s_2  (cost=0.00..1637.00 rows=100000 width=20) (actual time=0.010..5.612 rows=100000 loops=1)
 Planning time: 0.214 ms
 Execution time: 55.605 ms
(10 rows)

===== 55 [Wed Mar  7 02:01:23 CET 2018] scale:100000 groups:10 work_mem:256MB incremental:off max_workers:0 =====
SELECT * FROM (SELECT * FROM s_3 ORDER BY a, b, c) foo ORDER BY a, b, c, d
                                                         QUERY PLAN                                                          
-----------------------------------------------------------------------------------------------------------------------------
 Limit  (cost=20746.64..20746.64 rows=1 width=20) (actual time=67.055..67.055 rows=0 loops=1)
   ->  Sort  (cost=19496.64..19746.64 rows=100000 width=20) (actual time=60.336..64.887 rows=100000 loops=1)
         Sort Key: s_3.a, s_3.b, s_3.c, s_3.d
         Sort Method: quicksort  Memory: 10885kB
         ->  Sort  (cost=9941.82..10191.82 rows=100000 width=20) (actual time=18.463..22.236 rows=100000 loops=1)
               Sort Key: s_3.a, s_3.b, s_3.c
               Sort Method: quicksort  Memory: 10885kB
               ->  Seq Scan on s_3  (cost=0.00..1637.00 rows=100000 width=20) (actual time=0.013..5.596 rows=100000 loops=1)
 Planning time: 0.216 ms
 Execution time: 67.963 ms
(10 rows)

===== 56 [Wed Mar  7 02:01:23 CET 2018] scale:100000 groups:10 work_mem:256MB incremental:off max_workers:0 =====
SELECT * FROM (SELECT * FROM s_4 ORDER BY a, b, c, d) foo ORDER BY a, b, c, d, e
                                                         QUERY PLAN                                                          
-----------------------------------------------------------------------------------------------------------------------------
 Limit  (cost=20746.64..20746.64 rows=1 width=20) (actual time=76.988..76.988 rows=0 loops=1)
   ->  Sort  (cost=19496.64..19746.64 rows=100000 width=20) (actual time=70.949..74.806 rows=100000 loops=1)
         Sort Key: s_4.a, s_4.b, s_4.c, s_4.d, s_4.e
         Sort Method: quicksort  Memory: 10885kB
         ->  Sort  (cost=9941.82..10191.82 rows=100000 width=20) (actual time=19.333..23.104 rows=100000 loops=1)
               Sort Key: s_4.a, s_4.b, s_4.c, s_4.d
               Sort Method: quicksort  Memory: 10885kB
               ->  Seq Scan on s_4  (cost=0.00..1637.00 rows=100000 width=20) (actual time=0.009..5.626 rows=100000 loops=1)
 Planning time: 0.213 ms
 Execution time: 77.894 ms
(10 rows)

===== 57 [Wed Mar  7 02:01:24 CET 2018] scale:100000 groups:10 work_mem:4MB incremental:on max_workers:2 =====
SELECT * FROM (SELECT * FROM s_1 ORDER BY a) foo ORDER BY a, b
                                                         QUERY PLAN                                                          
-----------------------------------------------------------------------------------------------------------------------------
 Limit  (cost=22568.14..22568.14 rows=1 width=20) (actual time=50.488..50.488 rows=0 loops=1)
   ->  Incremental Sort  (cost=12704.19..21568.14 rows=100000 width=20) (actual time=22.391..47.962 rows=100000 loops=1)
         Sort Key: s_1.a, s_1.b
         Presorted Key: s_1.a
         Sort Method: quicksort  Memory: 1176kB
         Sort Groups: 11
         ->  Sort  (cost=11992.82..12242.82 rows=100000 width=20) (actual time=21.147..29.367 rows=100000 loops=1)
               Sort Key: s_1.a
               Sort Method: external merge  Disk: 2936kB
               ->  Seq Scan on s_1  (cost=0.00..1637.00 rows=100000 width=20) (actual time=0.009..5.437 rows=100000 loops=1)
 Planning time: 0.211 ms
 Execution time: 51.114 ms
(12 rows)

===== 58 [Wed Mar  7 02:01:24 CET 2018] scale:100000 groups:10 work_mem:4MB incremental:on max_workers:2 =====
SELECT * FROM (SELECT * FROM s_2 ORDER BY a, b) foo ORDER BY a, b, c
                                                         QUERY PLAN                                                          
-----------------------------------------------------------------------------------------------------------------------------
 Limit  (cost=20840.63..20840.63 rows=1 width=20) (actual time=55.154..55.154 rows=0 loops=1)
   ->  Incremental Sort  (cost=12043.20..19840.63 rows=100000 width=20) (actual time=22.478..52.603 rows=100000 loops=1)
         Sort Key: s_2.a, s_2.b, s_2.c
         Presorted Key: s_2.a, s_2.b
         Sort Method: quicksort  Memory: 132kB
         Sort Groups: 121
         ->  Sort  (cost=11992.82..12242.82 rows=100000 width=20) (actual time=22.366..30.687 rows=100000 loops=1)
               Sort Key: s_2.a, s_2.b
               Sort Method: external merge  Disk: 2936kB
               ->  Seq Scan on s_2  (cost=0.00..1637.00 rows=100000 width=20) (actual time=0.010..5.467 rows=100000 loops=1)
 Planning time: 0.219 ms
 Execution time: 55.735 ms
(12 rows)

===== 59 [Wed Mar  7 02:01:24 CET 2018] scale:100000 groups:10 work_mem:4MB incremental:on max_workers:2 =====
SELECT * FROM (SELECT * FROM s_3 ORDER BY a, b, c) foo ORDER BY a, b, c, d
                                                         QUERY PLAN                                                          
-----------------------------------------------------------------------------------------------------------------------------
 Limit  (cost=19135.11..19135.11 rows=1 width=20) (actual time=59.760..59.760 rows=0 loops=1)
   ->  Incremental Sort  (cost=11996.10..18135.11 rows=100000 width=20) (actual time=23.118..57.238 rows=100000 loops=1)
         Sort Key: s_3.a, s_3.b, s_3.c, s_3.d
         Presorted Key: s_3.a, s_3.b, s_3.c
         Sort Method: quicksort  Memory: 34kB
         Sort Groups: 1267
         ->  Sort  (cost=11992.82..12242.82 rows=100000 width=20) (actual time=23.063..31.613 rows=100000 loops=1)
               Sort Key: s_3.a, s_3.b, s_3.c
               Sort Method: external merge  Disk: 2936kB
               ->  Seq Scan on s_3  (cost=0.00..1637.00 rows=100000 width=20) (actual time=0.012..5.480 rows=100000 loops=1)
 Planning time: 0.230 ms
 Execution time: 60.342 ms
(12 rows)

===== 60 [Wed Mar  7 02:01:25 CET 2018] scale:100000 groups:10 work_mem:4MB incremental:on max_workers:2 =====
SELECT * FROM (SELECT * FROM s_4 ORDER BY a, b, c, d) foo ORDER BY a, b, c, d, e
                                                         QUERY PLAN                                                          
-----------------------------------------------------------------------------------------------------------------------------
 Limit  (cost=17853.78..17853.78 rows=1 width=20) (actual time=63.570..63.570 rows=0 loops=1)
   ->  Incremental Sort  (cost=11993.11..16853.78 rows=100000 width=20) (actual time=23.918..61.309 rows=100000 loops=1)
         Sort Key: s_4.a, s_4.b, s_4.c, s_4.d, s_4.e
         Presorted Key: s_4.a, s_4.b, s_4.c, s_4.d
         Sort Method: quicksort  Memory: 29kB
         Sort Groups: 2784
         ->  Sort  (cost=11992.82..12242.82 rows=100000 width=20) (actual time=23.862..32.648 rows=100000 loops=1)
               Sort Key: s_4.a, s_4.b, s_4.c, s_4.d
               Sort Method: external merge  Disk: 2936kB
               ->  Seq Scan on s_4  (cost=0.00..1637.00 rows=100000 width=20) (actual time=0.009..5.476 rows=100000 loops=1)
 Planning time: 0.223 ms
 Execution time: 64.152 ms
(12 rows)

===== 61 [Wed Mar  7 02:01:25 CET 2018] scale:100000 groups:10 work_mem:4MB incremental:off max_workers:2 =====
SELECT * FROM (SELECT * FROM s_1 ORDER BY a) foo ORDER BY a, b
                                                         QUERY PLAN                                                          
-----------------------------------------------------------------------------------------------------------------------------
 Limit  (cost=24848.64..24848.64 rows=1 width=20) (actual time=60.367..60.367 rows=0 loops=1)
   ->  Sort  (cost=23598.64..23848.64 rows=100000 width=20) (actual time=50.706..58.176 rows=100000 loops=1)
         Sort Key: s_1.a, s_1.b
         Sort Method: external merge  Disk: 2936kB
         ->  Sort  (cost=11992.82..12242.82 rows=100000 width=20) (actual time=21.086..29.443 rows=100000 loops=1)
               Sort Key: s_1.a
               Sort Method: external merge  Disk: 2936kB
               ->  Seq Scan on s_1  (cost=0.00..1637.00 rows=100000 width=20) (actual time=0.010..5.459 rows=100000 loops=1)
 Planning time: 0.206 ms
 Execution time: 61.334 ms
(10 rows)

===== 62 [Wed Mar  7 02:01:26 CET 2018] scale:100000 groups:10 work_mem:4MB incremental:off max_workers:2 =====
SELECT * FROM (SELECT * FROM s_2 ORDER BY a, b) foo ORDER BY a, b, c
                                                         QUERY PLAN                                                          
-----------------------------------------------------------------------------------------------------------------------------
 Limit  (cost=24848.64..24848.64 rows=1 width=20) (actual time=68.782..68.782 rows=0 loops=1)
   ->  Sort  (cost=23598.64..23848.64 rows=100000 width=20) (actual time=59.253..66.590 rows=100000 loops=1)
         Sort Key: s_2.a, s_2.b, s_2.c
         Sort Method: external merge  Disk: 2936kB
         ->  Sort  (cost=11992.82..12242.82 rows=100000 width=20) (actual time=22.273..30.723 rows=100000 loops=1)
               Sort Key: s_2.a, s_2.b
               Sort Method: external merge  Disk: 2936kB
               ->  Seq Scan on s_2  (cost=0.00..1637.00 rows=100000 width=20) (actual time=0.010..5.480 rows=100000 loops=1)
 Planning time: 0.206 ms
 Execution time: 69.744 ms
(10 rows)

===== 63 [Wed Mar  7 02:01:26 CET 2018] scale:100000 groups:10 work_mem:4MB incremental:off max_workers:2 =====
SELECT * FROM (SELECT * FROM s_3 ORDER BY a, b, c) foo ORDER BY a, b, c, d
                                                         QUERY PLAN                                                          
-----------------------------------------------------------------------------------------------------------------------------
 Limit  (cost=24848.64..24848.64 rows=1 width=20) (actual time=80.851..80.851 rows=0 loops=1)
   ->  Sort  (cost=23598.64..23848.64 rows=100000 width=20) (actual time=71.310..78.657 rows=100000 loops=1)
         Sort Key: s_3.a, s_3.b, s_3.c, s_3.d
         Sort Method: external merge  Disk: 2936kB
         ->  Sort  (cost=11992.82..12242.82 rows=100000 width=20) (actual time=22.927..31.374 rows=100000 loops=1)
               Sort Key: s_3.a, s_3.b, s_3.c
               Sort Method: external merge  Disk: 2936kB
               ->  Seq Scan on s_3  (cost=0.00..1637.00 rows=100000 width=20) (actual time=0.013..5.466 rows=100000 loops=1)
 Planning time: 0.219 ms
 Execution time: 81.614 ms
(10 rows)

===== 64 [Wed Mar  7 02:01:27 CET 2018] scale:100000 groups:10 work_mem:4MB incremental:off max_workers:2 =====
SELECT * FROM (SELECT * FROM s_4 ORDER BY a, b, c, d) foo ORDER BY a, b, c, d, e
                                                         QUERY PLAN                                                          
-----------------------------------------------------------------------------------------------------------------------------
 Limit  (cost=24848.64..24848.64 rows=1 width=20) (actual time=91.401..91.401 rows=0 loops=1)
   ->  Sort  (cost=23598.64..23848.64 rows=100000 width=20) (actual time=81.733..89.217 rows=100000 loops=1)
         Sort Key: s_4.a, s_4.b, s_4.c, s_4.d, s_4.e
         Sort Method: external merge  Disk: 2936kB
         ->  Sort  (cost=11992.82..12242.82 rows=100000 width=20) (actual time=23.862..32.295 rows=100000 loops=1)
               Sort Key: s_4.a, s_4.b, s_4.c, s_4.d
               Sort Method: external merge  Disk: 2936kB
               ->  Seq Scan on s_4  (cost=0.00..1637.00 rows=100000 width=20) (actual time=0.009..5.480 rows=100000 loops=1)
 Planning time: 0.217 ms
 Execution time: 92.359 ms
(10 rows)

===== 65 [Wed Mar  7 02:01:27 CET 2018] scale:100000 groups:10 work_mem:8MB incremental:on max_workers:2 =====
SELECT * FROM (SELECT * FROM s_1 ORDER BY a) foo ORDER BY a, b
                                                         QUERY PLAN                                                          
-----------------------------------------------------------------------------------------------------------------------------
 Limit  (cost=20517.14..20517.14 rows=1 width=20) (actual time=53.218..53.218 rows=0 loops=1)
   ->  Incremental Sort  (cost=10653.19..19517.14 rows=100000 width=20) (actual time=23.909..50.687 rows=100000 loops=1)
         Sort Key: s_1.a, s_1.b
         Presorted Key: s_1.a
         Sort Method: quicksort  Memory: 1176kB
         Sort Groups: 11
         ->  Sort  (cost=9941.82..10191.82 rows=100000 width=20) (actual time=22.663..31.199 rows=100000 loops=1)
               Sort Key: s_1.a
               Sort Method: external merge  Disk: 2936kB
               ->  Seq Scan on s_1  (cost=0.00..1637.00 rows=100000 width=20) (actual time=0.010..5.554 rows=100000 loops=1)
 Planning time: 0.211 ms
 Execution time: 53.641 ms
(12 rows)

===== 66 [Wed Mar  7 02:01:27 CET 2018] scale:100000 groups:10 work_mem:8MB incremental:on max_workers:2 =====
SELECT * FROM (SELECT * FROM s_2 ORDER BY a, b) foo ORDER BY a, b, c
                                                         QUERY PLAN                                                          
-----------------------------------------------------------------------------------------------------------------------------
 Limit  (cost=18789.63..18789.63 rows=1 width=20) (actual time=57.607..57.607 rows=0 loops=1)
   ->  Incremental Sort  (cost=9992.20..17789.63 rows=100000 width=20) (actual time=24.149..55.054 rows=100000 loops=1)
         Sort Key: s_2.a, s_2.b, s_2.c
         Presorted Key: s_2.a, s_2.b
         Sort Method: quicksort  Memory: 132kB
         Sort Groups: 121
         ->  Sort  (cost=9941.82..10191.82 rows=100000 width=20) (actual time=24.037..32.557 rows=100000 loops=1)
               Sort Key: s_2.a, s_2.b
               Sort Method: external merge  Disk: 2936kB
               ->  Seq Scan on s_2  (cost=0.00..1637.00 rows=100000 width=20) (actual time=0.010..5.593 rows=100000 loops=1)
 Planning time: 0.215 ms
 Execution time: 58.025 ms
(12 rows)

===== 67 [Wed Mar  7 02:01:28 CET 2018] scale:100000 groups:10 work_mem:8MB incremental:on max_workers:2 =====
SELECT * FROM (SELECT * FROM s_3 ORDER BY a, b, c) foo ORDER BY a, b, c, d
                                                         QUERY PLAN                                                          
-----------------------------------------------------------------------------------------------------------------------------
 Limit  (cost=17084.11..17084.11 rows=1 width=20) (actual time=61.090..61.090 rows=0 loops=1)
   ->  Incremental Sort  (cost=9945.10..16084.11 rows=100000 width=20) (actual time=24.707..58.570 rows=100000 loops=1)
         Sort Key: s_3.a, s_3.b, s_3.c, s_3.d
         Presorted Key: s_3.a, s_3.b, s_3.c
         Sort Method: quicksort  Memory: 34kB
         Sort Groups: 1267
         ->  Sort  (cost=9941.82..10191.82 rows=100000 width=20) (actual time=24.654..33.033 rows=100000 loops=1)
               Sort Key: s_3.a, s_3.b, s_3.c
               Sort Method: external merge  Disk: 2936kB
               ->  Seq Scan on s_3  (cost=0.00..1637.00 rows=100000 width=20) (actual time=0.013..5.580 rows=100000 loops=1)
 Planning time: 0.230 ms
 Execution time: 61.507 ms
(12 rows)

===== 68 [Wed Mar  7 02:01:28 CET 2018] scale:100000 groups:10 work_mem:8MB incremental:on max_workers:2 =====
SELECT * FROM (SELECT * FROM s_4 ORDER BY a, b, c, d) foo ORDER BY a, b, c, d, e
                                                         QUERY PLAN                                                          
-----------------------------------------------------------------------------------------------------------------------------
 Limit  (cost=15802.78..15802.78 rows=1 width=20) (actual time=65.047..65.047 rows=0 loops=1)
   ->  Incremental Sort  (cost=9942.11..14802.78 rows=100000 width=20) (actual time=25.626..62.787 rows=100000 loops=1)
         Sort Key: s_4.a, s_4.b, s_4.c, s_4.d, s_4.e
         Presorted Key: s_4.a, s_4.b, s_4.c, s_4.d
         Sort Method: quicksort  Memory: 29kB
         Sort Groups: 2784
         ->  Sort  (cost=9941.82..10191.82 rows=100000 width=20) (actual time=25.570..34.196 rows=100000 loops=1)
               Sort Key: s_4.a, s_4.b, s_4.c, s_4.d
               Sort Method: external merge  Disk: 2936kB
               ->  Seq Scan on s_4  (cost=0.00..1637.00 rows=100000 width=20) (actual time=0.009..5.602 rows=100000 loops=1)
 Planning time: 0.225 ms
 Execution time: 65.456 ms
(12 rows)

===== 69 [Wed Mar  7 02:01:29 CET 2018] scale:100000 groups:10 work_mem:8MB incremental:off max_workers:2 =====
SELECT * FROM (SELECT * FROM s_1 ORDER BY a) foo ORDER BY a, b
                                                         QUERY PLAN                                                          
-----------------------------------------------------------------------------------------------------------------------------
 Limit  (cost=20746.64..20746.64 rows=1 width=20) (actual time=67.067..67.067 rows=0 loops=1)
   ->  Sort  (cost=19496.64..19746.64 rows=100000 width=20) (actual time=57.624..64.870 rows=100000 loops=1)
         Sort Key: s_1.a, s_1.b
         Sort Method: external merge  Disk: 2936kB
         ->  Sort  (cost=9941.82..10191.82 rows=100000 width=20) (actual time=22.632..31.055 rows=100000 loops=1)
               Sort Key: s_1.a
               Sort Method: external merge  Disk: 2936kB
               ->  Seq Scan on s_1  (cost=0.00..1637.00 rows=100000 width=20) (actual time=0.010..5.583 rows=100000 loops=1)
 Planning time: 0.205 ms
 Execution time: 67.840 ms
(10 rows)

===== 70 [Wed Mar  7 02:01:29 CET 2018] scale:100000 groups:10 work_mem:8MB incremental:off max_workers:2 =====
SELECT * FROM (SELECT * FROM s_2 ORDER BY a, b) foo ORDER BY a, b, c
                                                         QUERY PLAN                                                          
-----------------------------------------------------------------------------------------------------------------------------
 Limit  (cost=20746.64..20746.64 rows=1 width=20) (actual time=74.794..74.794 rows=0 loops=1)
   ->  Sort  (cost=19496.64..19746.64 rows=100000 width=20) (actual time=65.402..72.595 rows=100000 loops=1)
         Sort Key: s_2.a, s_2.b, s_2.c
         Sort Method: external merge  Disk: 2936kB
         ->  Sort  (cost=9941.82..10191.82 rows=100000 width=20) (actual time=23.908..32.332 rows=100000 loops=1)
               Sort Key: s_2.a, s_2.b
               Sort Method: external merge  Disk: 2936kB
               ->  Seq Scan on s_2  (cost=0.00..1637.00 rows=100000 width=20) (actual time=0.010..5.597 rows=100000 loops=1)
 Planning time: 0.211 ms
 Execution time: 75.557 ms
(10 rows)

===== 71 [Wed Mar  7 02:01:29 CET 2018] scale:100000 groups:10 work_mem:8MB incremental:off max_workers:2 =====
SELECT * FROM (SELECT * FROM s_3 ORDER BY a, b, c) foo ORDER BY a, b, c, d
                                                         QUERY PLAN                                                          
-----------------------------------------------------------------------------------------------------------------------------
 Limit  (cost=20746.64..20746.64 rows=1 width=20) (actual time=86.948..86.948 rows=0 loops=1)
   ->  Sort  (cost=19496.64..19746.64 rows=100000 width=20) (actual time=77.544..84.742 rows=100000 loops=1)
         Sort Key: s_3.a, s_3.b, s_3.c, s_3.d
         Sort Method: external merge  Disk: 2936kB
         ->  Sort  (cost=9941.82..10191.82 rows=100000 width=20) (actual time=24.662..33.093 rows=100000 loops=1)
               Sort Key: s_3.a, s_3.b, s_3.c
               Sort Method: external merge  Disk: 2936kB
               ->  Seq Scan on s_3  (cost=0.00..1637.00 rows=100000 width=20) (actual time=0.013..5.594 rows=100000 loops=1)
 Planning time: 0.220 ms
 Execution time: 87.746 ms
(10 rows)

===== 72 [Wed Mar  7 02:01:30 CET 2018] scale:100000 groups:10 work_mem:8MB incremental:off max_workers:2 =====
SELECT * FROM (SELECT * FROM s_4 ORDER BY a, b, c, d) foo ORDER BY a, b, c, d, e
                                                         QUERY PLAN                                                          
-----------------------------------------------------------------------------------------------------------------------------
 Limit  (cost=20746.64..20746.64 rows=1 width=20) (actual time=96.342..96.342 rows=0 loops=1)
   ->  Sort  (cost=19496.64..19746.64 rows=100000 width=20) (actual time=87.010..94.154 rows=100000 loops=1)
         Sort Key: s_4.a, s_4.b, s_4.c, s_4.d, s_4.e
         Sort Method: external merge  Disk: 2936kB
         ->  Sort  (cost=9941.82..10191.82 rows=100000 width=20) (actual time=25.498..33.795 rows=100000 loops=1)
               Sort Key: s_4.a, s_4.b, s_4.c, s_4.d
               Sort Method: external merge  Disk: 2936kB
               ->  Seq Scan on s_4  (cost=0.00..1637.00 rows=100000 width=20) (actual time=0.009..5.594 rows=100000 loops=1)
 Planning time: 0.213 ms
 Execution time: 97.127 ms
(10 rows)

===== 73 [Wed Mar  7 02:01:31 CET 2018] scale:100000 groups:10 work_mem:16MB incremental:on max_workers:2 =====
SELECT * FROM (SELECT * FROM s_1 ORDER BY a) foo ORDER BY a, b
                                                         QUERY PLAN                                                          
-----------------------------------------------------------------------------------------------------------------------------
 Limit  (cost=20517.14..20517.14 rows=1 width=20) (actual time=44.357..44.357 rows=0 loops=1)
   ->  Incremental Sort  (cost=10653.19..19517.14 rows=100000 width=20) (actual time=17.602..41.832 rows=100000 loops=1)
         Sort Key: s_1.a, s_1.b
         Presorted Key: s_1.a
         Sort Method: quicksort  Memory: 1176kB
         Sort Groups: 11
         ->  Sort  (cost=9941.82..10191.82 rows=100000 width=20) (actual time=16.485..20.126 rows=100000 loops=1)
               Sort Key: s_1.a
               Sort Method: quicksort  Memory: 10885kB
               ->  Seq Scan on s_1  (cost=0.00..1637.00 rows=100000 width=20) (actual time=0.009..5.566 rows=100000 loops=1)
 Planning time: 0.211 ms
 Execution time: 44.833 ms
(12 rows)

===== 74 [Wed Mar  7 02:01:31 CET 2018] scale:100000 groups:10 work_mem:16MB incremental:on max_workers:2 =====
SELECT * FROM (SELECT * FROM s_2 ORDER BY a, b) foo ORDER BY a, b, c
                                                         QUERY PLAN                                                          
-----------------------------------------------------------------------------------------------------------------------------
 Limit  (cost=18789.63..18789.63 rows=1 width=20) (actual time=46.652..46.652 rows=0 loops=1)
   ->  Incremental Sort  (cost=9992.20..17789.63 rows=100000 width=20) (actual time=17.975..44.109 rows=100000 loops=1)
         Sort Key: s_2.a, s_2.b, s_2.c
         Presorted Key: s_2.a, s_2.b
         Sort Method: quicksort  Memory: 132kB
         Sort Groups: 121
         ->  Sort  (cost=9941.82..10191.82 rows=100000 width=20) (actual time=17.868..21.419 rows=100000 loops=1)
               Sort Key: s_2.a, s_2.b
               Sort Method: quicksort  Memory: 10885kB
               ->  Seq Scan on s_2  (cost=0.00..1637.00 rows=100000 width=20) (actual time=0.010..5.607 rows=100000 loops=1)
 Planning time: 0.216 ms
 Execution time: 47.123 ms
(12 rows)

===== 75 [Wed Mar  7 02:01:31 CET 2018] scale:100000 groups:10 work_mem:16MB incremental:on max_workers:2 =====
SELECT * FROM (SELECT * FROM s_3 ORDER BY a, b, c) foo ORDER BY a, b, c, d
                                                         QUERY PLAN                                                          
-----------------------------------------------------------------------------------------------------------------------------
 Limit  (cost=17084.11..17084.11 rows=1 width=20) (actual time=51.700..51.700 rows=0 loops=1)
   ->  Incremental Sort  (cost=9945.10..16084.11 rows=100000 width=20) (actual time=18.546..49.170 rows=100000 loops=1)
         Sort Key: s_3.a, s_3.b, s_3.c, s_3.d
         Presorted Key: s_3.a, s_3.b, s_3.c
         Sort Method: quicksort  Memory: 34kB
         Sort Groups: 1267
         ->  Sort  (cost=9941.82..10191.82 rows=100000 width=20) (actual time=18.489..22.262 rows=100000 loops=1)
               Sort Key: s_3.a, s_3.b, s_3.c
               Sort Method: quicksort  Memory: 10885kB
               ->  Seq Scan on s_3  (cost=0.00..1637.00 rows=100000 width=20) (actual time=0.013..5.597 rows=100000 loops=1)
 Planning time: 0.230 ms
 Execution time: 52.164 ms
(12 rows)

===== 76 [Wed Mar  7 02:01:31 CET 2018] scale:100000 groups:10 work_mem:16MB incremental:on max_workers:2 =====
SELECT * FROM (SELECT * FROM s_4 ORDER BY a, b, c, d) foo ORDER BY a, b, c, d, e
                                                         QUERY PLAN                                                          
-----------------------------------------------------------------------------------------------------------------------------
 Limit  (cost=15802.78..15802.78 rows=1 width=20) (actual time=56.283..56.283 rows=0 loops=1)
   ->  Incremental Sort  (cost=9942.11..14802.78 rows=100000 width=20) (actual time=19.306..54.044 rows=100000 loops=1)
         Sort Key: s_4.a, s_4.b, s_4.c, s_4.d, s_4.e
         Presorted Key: s_4.a, s_4.b, s_4.c, s_4.d
         Sort Method: quicksort  Memory: 29kB
         Sort Groups: 2784
         ->  Sort  (cost=9941.82..10191.82 rows=100000 width=20) (actual time=19.247..23.416 rows=100000 loops=1)
               Sort Key: s_4.a, s_4.b, s_4.c, s_4.d
               Sort Method: quicksort  Memory: 10885kB
               ->  Seq Scan on s_4  (cost=0.00..1637.00 rows=100000 width=20) (actual time=0.009..5.585 rows=100000 loops=1)
 Planning time: 0.227 ms
 Execution time: 56.756 ms
(12 rows)

===== 77 [Wed Mar  7 02:01:32 CET 2018] scale:100000 groups:10 work_mem:16MB incremental:off max_workers:2 =====
SELECT * FROM (SELECT * FROM s_1 ORDER BY a) foo ORDER BY a, b
                                                         QUERY PLAN                                                          
-----------------------------------------------------------------------------------------------------------------------------
 Limit  (cost=20746.64..20746.64 rows=1 width=20) (actual time=49.567..49.567 rows=0 loops=1)
   ->  Sort  (cost=19496.64..19746.64 rows=100000 width=20) (actual time=39.062..47.393 rows=100000 loops=1)
         Sort Key: s_1.a, s_1.b
         Sort Method: quicksort  Memory: 10885kB
         ->  Sort  (cost=9941.82..10191.82 rows=100000 width=20) (actual time=16.419..20.172 rows=100000 loops=1)
               Sort Key: s_1.a
               Sort Method: quicksort  Memory: 10885kB
               ->  Seq Scan on s_1  (cost=0.00..1637.00 rows=100000 width=20) (actual time=0.018..5.606 rows=100000 loops=1)
 Planning time: 0.208 ms
 Execution time: 50.478 ms
(10 rows)

===== 78 [Wed Mar  7 02:01:32 CET 2018] scale:100000 groups:10 work_mem:16MB incremental:off max_workers:2 =====
SELECT * FROM (SELECT * FROM s_2 ORDER BY a, b) foo ORDER BY a, b, c
                                                         QUERY PLAN                                                          
-----------------------------------------------------------------------------------------------------------------------------
 Limit  (cost=20746.64..20746.64 rows=1 width=20) (actual time=54.735..54.735 rows=0 loops=1)
   ->  Sort  (cost=19496.64..19746.64 rows=100000 width=20) (actual time=47.915..52.562 rows=100000 loops=1)
         Sort Key: s_2.a, s_2.b, s_2.c
         Sort Method: quicksort  Memory: 10885kB
         ->  Sort  (cost=9941.82..10191.82 rows=100000 width=20) (actual time=17.776..21.529 rows=100000 loops=1)
               Sort Key: s_2.a, s_2.b
               Sort Method: quicksort  Memory: 10885kB
               ->  Seq Scan on s_2  (cost=0.00..1637.00 rows=100000 width=20) (actual time=0.010..5.612 rows=100000 loops=1)
 Planning time: 0.205 ms
 Execution time: 55.650 ms
(10 rows)

===== 79 [Wed Mar  7 02:01:32 CET 2018] scale:100000 groups:10 work_mem:16MB incremental:off max_workers:2 =====
SELECT * FROM (SELECT * FROM s_3 ORDER BY a, b, c) foo ORDER BY a, b, c, d
                                                         QUERY PLAN                                                          
-----------------------------------------------------------------------------------------------------------------------------
 Limit  (cost=20746.64..20746.64 rows=1 width=20) (actual time=67.035..67.035 rows=0 loops=1)
   ->  Sort  (cost=19496.64..19746.64 rows=100000 width=20) (actual time=60.365..64.873 rows=100000 loops=1)
         Sort Key: s_3.a, s_3.b, s_3.c, s_3.d
         Sort Method: quicksort  Memory: 10885kB
         ->  Sort  (cost=9941.82..10191.82 rows=100000 width=20) (actual time=18.491..22.261 rows=100000 loops=1)
               Sort Key: s_3.a, s_3.b, s_3.c
               Sort Method: quicksort  Memory: 10885kB
               ->  Seq Scan on s_3  (cost=0.00..1637.00 rows=100000 width=20) (actual time=0.013..5.605 rows=100000 loops=1)
 Planning time: 0.222 ms
 Execution time: 67.944 ms
(10 rows)

===== 80 [Wed Mar  7 02:01:33 CET 2018] scale:100000 groups:10 work_mem:16MB incremental:off max_workers:2 =====
SELECT * FROM (SELECT * FROM s_4 ORDER BY a, b, c, d) foo ORDER BY a, b, c, d, e
                                                         QUERY PLAN                                                          
-----------------------------------------------------------------------------------------------------------------------------
 Limit  (cost=20746.64..20746.64 rows=1 width=20) (actual time=77.010..77.010 rows=0 loops=1)
   ->  Sort  (cost=19496.64..19746.64 rows=100000 width=20) (actual time=70.957..74.820 rows=100000 loops=1)
         Sort Key: s_4.a, s_4.b, s_4.c, s_4.d, s_4.e
         Sort Method: quicksort  Memory: 10885kB
         ->  Sort  (cost=9941.82..10191.82 rows=100000 width=20) (actual time=19.323..23.103 rows=100000 loops=1)
               Sort Key: s_4.a, s_4.b, s_4.c, s_4.d
               Sort Method: quicksort  Memory: 10885kB
               ->  Seq Scan on s_4  (cost=0.00..1637.00 rows=100000 width=20) (actual time=0.009..5.611 rows=100000 loops=1)
 Planning time: 0.223 ms
 Execution time: 77.919 ms
(10 rows)

===== 81 [Wed Mar  7 02:01:33 CET 2018] scale:100000 groups:10 work_mem:32MB incremental:on max_workers:2 =====
SELECT * FROM (SELECT * FROM s_1 ORDER BY a) foo ORDER BY a, b
                                                         QUERY PLAN                                                          
-----------------------------------------------------------------------------------------------------------------------------
 Limit  (cost=20517.14..20517.14 rows=1 width=20) (actual time=43.911..43.911 rows=0 loops=1)
   ->  Incremental Sort  (cost=10653.19..19517.14 rows=100000 width=20) (actual time=17.609..41.395 rows=100000 loops=1)
         Sort Key: s_1.a, s_1.b
         Presorted Key: s_1.a
         Sort Method: quicksort  Memory: 1176kB
         Sort Groups: 11
         ->  Sort  (cost=9941.82..10191.82 rows=100000 width=20) (actual time=16.488..20.130 rows=100000 loops=1)
               Sort Key: s_1.a
               Sort Method: quicksort  Memory: 10885kB
               ->  Seq Scan on s_1  (cost=0.00..1637.00 rows=100000 width=20) (actual time=0.009..5.568 rows=100000 loops=1)
 Planning time: 0.212 ms
 Execution time: 44.387 ms
(12 rows)

===== 82 [Wed Mar  7 02:01:34 CET 2018] scale:100000 groups:10 work_mem:32MB incremental:on max_workers:2 =====
SELECT * FROM (SELECT * FROM s_2 ORDER BY a, b) foo ORDER BY a, b, c
                                                         QUERY PLAN                                                          
-----------------------------------------------------------------------------------------------------------------------------
 Limit  (cost=18789.63..18789.63 rows=1 width=20) (actual time=46.812..46.812 rows=0 loops=1)
   ->  Incremental Sort  (cost=9992.20..17789.63 rows=100000 width=20) (actual time=17.937..44.257 rows=100000 loops=1)
         Sort Key: s_2.a, s_2.b, s_2.c
         Presorted Key: s_2.a, s_2.b
         Sort Method: quicksort  Memory: 132kB
         Sort Groups: 121
         ->  Sort  (cost=9941.82..10191.82 rows=100000 width=20) (actual time=17.831..21.376 rows=100000 loops=1)
               Sort Key: s_2.a, s_2.b
               Sort Method: quicksort  Memory: 10885kB
               ->  Seq Scan on s_2  (cost=0.00..1637.00 rows=100000 width=20) (actual time=0.010..5.609 rows=100000 loops=1)
 Planning time: 0.214 ms
 Execution time: 47.274 ms
(12 rows)

===== 83 [Wed Mar  7 02:01:34 CET 2018] scale:100000 groups:10 work_mem:32MB incremental:on max_workers:2 =====
SELECT * FROM (SELECT * FROM s_3 ORDER BY a, b, c) foo ORDER BY a, b, c, d
                                                         QUERY PLAN                                                          
-----------------------------------------------------------------------------------------------------------------------------
 Limit  (cost=17084.11..17084.11 rows=1 width=20) (actual time=51.681..51.681 rows=0 loops=1)
   ->  Incremental Sort  (cost=9945.10..16084.11 rows=100000 width=20) (actual time=18.577..49.154 rows=100000 loops=1)
         Sort Key: s_3.a, s_3.b, s_3.c, s_3.d
         Presorted Key: s_3.a, s_3.b, s_3.c
         Sort Method: quicksort  Memory: 34kB
         Sort Groups: 1267
         ->  Sort  (cost=9941.82..10191.82 rows=100000 width=20) (actual time=18.511..22.289 rows=100000 loops=1)
               Sort Key: s_3.a, s_3.b, s_3.c
               Sort Method: quicksort  Memory: 10885kB
               ->  Seq Scan on s_3  (cost=0.00..1637.00 rows=100000 width=20) (actual time=0.013..5.615 rows=100000 loops=1)
 Planning time: 0.233 ms
 Execution time: 52.152 ms
(12 rows)

===== 84 [Wed Mar  7 02:01:34 CET 2018] scale:100000 groups:10 work_mem:32MB incremental:on max_workers:2 =====
SELECT * FROM (SELECT * FROM s_4 ORDER BY a, b, c, d) foo ORDER BY a, b, c, d, e
                                                         QUERY PLAN                                                          
-----------------------------------------------------------------------------------------------------------------------------
 Limit  (cost=15802.78..15802.78 rows=1 width=20) (actual time=56.318..56.318 rows=0 loops=1)
   ->  Incremental Sort  (cost=9942.11..14802.78 rows=100000 width=20) (actual time=19.345..54.080 rows=100000 loops=1)
         Sort Key: s_4.a, s_4.b, s_4.c, s_4.d, s_4.e
         Presorted Key: s_4.a, s_4.b, s_4.c, s_4.d
         Sort Method: quicksort  Memory: 29kB
         Sort Groups: 2784
         ->  Sort  (cost=9941.82..10191.82 rows=100000 width=20) (actual time=19.287..23.459 rows=100000 loops=1)
               Sort Key: s_4.a, s_4.b, s_4.c, s_4.d
               Sort Method: quicksort  Memory: 10885kB
               ->  Seq Scan on s_4  (cost=0.00..1637.00 rows=100000 width=20) (actual time=0.009..5.597 rows=100000 loops=1)
 Planning time: 0.225 ms
 Execution time: 56.792 ms
(12 rows)

===== 85 [Wed Mar  7 02:01:34 CET 2018] scale:100000 groups:10 work_mem:32MB incremental:off max_workers:2 =====
SELECT * FROM (SELECT * FROM s_1 ORDER BY a) foo ORDER BY a, b
                                                         QUERY PLAN                                                          
-----------------------------------------------------------------------------------------------------------------------------
 Limit  (cost=20746.64..20746.64 rows=1 width=20) (actual time=49.523..49.523 rows=0 loops=1)
   ->  Sort  (cost=19496.64..19746.64 rows=100000 width=20) (actual time=39.051..47.357 rows=100000 loops=1)
         Sort Key: s_1.a, s_1.b
         Sort Method: quicksort  Memory: 10885kB
         ->  Sort  (cost=9941.82..10191.82 rows=100000 width=20) (actual time=16.397..20.131 rows=100000 loops=1)
               Sort Key: s_1.a
               Sort Method: quicksort  Memory: 10885kB
               ->  Seq Scan on s_1  (cost=0.00..1637.00 rows=100000 width=20) (actual time=0.009..5.577 rows=100000 loops=1)
 Planning time: 0.205 ms
 Execution time: 50.431 ms
(10 rows)

===== 86 [Wed Mar  7 02:01:35 CET 2018] scale:100000 groups:10 work_mem:32MB incremental:off max_workers:2 =====
SELECT * FROM (SELECT * FROM s_2 ORDER BY a, b) foo ORDER BY a, b, c
                                                         QUERY PLAN                                                          
-----------------------------------------------------------------------------------------------------------------------------
 Limit  (cost=20746.64..20746.64 rows=1 width=20) (actual time=54.751..54.751 rows=0 loops=1)
   ->  Sort  (cost=19496.64..19746.64 rows=100000 width=20) (actual time=47.938..52.585 rows=100000 loops=1)
         Sort Key: s_2.a, s_2.b, s_2.c
         Sort Method: quicksort  Memory: 10885kB
         ->  Sort  (cost=9941.82..10191.82 rows=100000 width=20) (actual time=17.785..21.545 rows=100000 loops=1)
               Sort Key: s_2.a, s_2.b
               Sort Method: quicksort  Memory: 10885kB
               ->  Seq Scan on s_2  (cost=0.00..1637.00 rows=100000 width=20) (actual time=0.010..5.611 rows=100000 loops=1)
 Planning time: 0.208 ms
 Execution time: 55.659 ms
(10 rows)

===== 87 [Wed Mar  7 02:01:35 CET 2018] scale:100000 groups:10 work_mem:32MB incremental:off max_workers:2 =====
SELECT * FROM (SELECT * FROM s_3 ORDER BY a, b, c) foo ORDER BY a, b, c, d
                                                         QUERY PLAN                                                          
-----------------------------------------------------------------------------------------------------------------------------
 Limit  (cost=20746.64..20746.64 rows=1 width=20) (actual time=67.047..67.047 rows=0 loops=1)
   ->  Sort  (cost=19496.64..19746.64 rows=100000 width=20) (actual time=60.346..64.886 rows=100000 loops=1)
         Sort Key: s_3.a, s_3.b, s_3.c, s_3.d
         Sort Method: quicksort  Memory: 10885kB
         ->  Sort  (cost=9941.82..10191.82 rows=100000 width=20) (actual time=18.479..22.244 rows=100000 loops=1)
               Sort Key: s_3.a, s_3.b, s_3.c
               Sort Method: quicksort  Memory: 10885kB
               ->  Seq Scan on s_3  (cost=0.00..1637.00 rows=100000 width=20) (actual time=0.013..5.600 rows=100000 loops=1)
 Planning time: 0.223 ms
 Execution time: 67.957 ms
(10 rows)

===== 88 [Wed Mar  7 02:01:35 CET 2018] scale:100000 groups:10 work_mem:32MB incremental:off max_workers:2 =====
SELECT * FROM (SELECT * FROM s_4 ORDER BY a, b, c, d) foo ORDER BY a, b, c, d, e
                                                         QUERY PLAN                                                          
-----------------------------------------------------------------------------------------------------------------------------
 Limit  (cost=20746.64..20746.64 rows=1 width=20) (actual time=77.042..77.042 rows=0 loops=1)
   ->  Sort  (cost=19496.64..19746.64 rows=100000 width=20) (actual time=71.002..74.858 rows=100000 loops=1)
         Sort Key: s_4.a, s_4.b, s_4.c, s_4.d, s_4.e
         Sort Method: quicksort  Memory: 10885kB
         ->  Sort  (cost=9941.82..10191.82 rows=100000 width=20) (actual time=19.340..23.112 rows=100000 loops=1)
               Sort Key: s_4.a, s_4.b, s_4.c, s_4.d
               Sort Method: quicksort  Memory: 10885kB
               ->  Seq Scan on s_4  (cost=0.00..1637.00 rows=100000 width=20) (actual time=0.010..5.620 rows=100000 loops=1)
 Planning time: 0.225 ms
 Execution time: 77.949 ms
(10 rows)

===== 89 [Wed Mar  7 02:01:36 CET 2018] scale:100000 groups:10 work_mem:64MB incremental:on max_workers:2 =====
SELECT * FROM (SELECT * FROM s_1 ORDER BY a) foo ORDER BY a, b
                                                         QUERY PLAN                                                          
-----------------------------------------------------------------------------------------------------------------------------
 Limit  (cost=20517.14..20517.14 rows=1 width=20) (actual time=44.225..44.225 rows=0 loops=1)
   ->  Incremental Sort  (cost=10653.19..19517.14 rows=100000 width=20) (actual time=17.605..41.702 rows=100000 loops=1)
         Sort Key: s_1.a, s_1.b
         Presorted Key: s_1.a
         Sort Method: quicksort  Memory: 1176kB
         Sort Groups: 11
         ->  Sort  (cost=9941.82..10191.82 rows=100000 width=20) (actual time=16.481..20.131 rows=100000 loops=1)
               Sort Key: s_1.a
               Sort Method: quicksort  Memory: 10885kB
               ->  Seq Scan on s_1  (cost=0.00..1637.00 rows=100000 width=20) (actual time=0.009..5.568 rows=100000 loops=1)
 Planning time: 0.216 ms
 Execution time: 44.701 ms
(12 rows)

===== 90 [Wed Mar  7 02:01:36 CET 2018] scale:100000 groups:10 work_mem:64MB incremental:on max_workers:2 =====
SELECT * FROM (SELECT * FROM s_2 ORDER BY a, b) foo ORDER BY a, b, c
                                                         QUERY PLAN                                                          
-----------------------------------------------------------------------------------------------------------------------------
 Limit  (cost=18789.63..18789.63 rows=1 width=20) (actual time=46.952..46.952 rows=0 loops=1)
   ->  Incremental Sort  (cost=9992.20..17789.63 rows=100000 width=20) (actual time=18.124..44.402 rows=100000 loops=1)
         Sort Key: s_2.a, s_2.b, s_2.c
         Presorted Key: s_2.a, s_2.b
         Sort Method: quicksort  Memory: 132kB
         Sort Groups: 121
         ->  Sort  (cost=9941.82..10191.82 rows=100000 width=20) (actual time=18.017..21.567 rows=100000 loops=1)
               Sort Key: s_2.a, s_2.b
               Sort Method: quicksort  Memory: 10885kB
               ->  Seq Scan on s_2  (cost=0.00..1637.00 rows=100000 width=20) (actual time=0.010..5.786 rows=100000 loops=1)
 Planning time: 0.217 ms
 Execution time: 47.415 ms
(12 rows)

===== 91 [Wed Mar  7 02:01:37 CET 2018] scale:100000 groups:10 work_mem:64MB incremental:on max_workers:2 =====
SELECT * FROM (SELECT * FROM s_3 ORDER BY a, b, c) foo ORDER BY a, b, c, d
                                                         QUERY PLAN                                                          
-----------------------------------------------------------------------------------------------------------------------------
 Limit  (cost=17084.11..17084.11 rows=1 width=20) (actual time=51.657..51.657 rows=0 loops=1)
   ->  Incremental Sort  (cost=9945.10..16084.11 rows=100000 width=20) (actual time=18.529..49.131 rows=100000 loops=1)
         Sort Key: s_3.a, s_3.b, s_3.c, s_3.d
         Presorted Key: s_3.a, s_3.b, s_3.c
         Sort Method: quicksort  Memory: 34kB
         Sort Groups: 1267
         ->  Sort  (cost=9941.82..10191.82 rows=100000 width=20) (actual time=18.470..22.247 rows=100000 loops=1)
               Sort Key: s_3.a, s_3.b, s_3.c
               Sort Method: quicksort  Memory: 10885kB
               ->  Seq Scan on s_3  (cost=0.00..1637.00 rows=100000 width=20) (actual time=0.013..5.610 rows=100000 loops=1)
 Planning time: 0.235 ms
 Execution time: 52.123 ms
(12 rows)

===== 92 [Wed Mar  7 02:01:37 CET 2018] scale:100000 groups:10 work_mem:64MB incremental:on max_workers:2 =====
SELECT * FROM (SELECT * FROM s_4 ORDER BY a, b, c, d) foo ORDER BY a, b, c, d, e
                                                         QUERY PLAN                                                          
-----------------------------------------------------------------------------------------------------------------------------
 Limit  (cost=15802.78..15802.78 rows=1 width=20) (actual time=56.372..56.372 rows=0 loops=1)
   ->  Incremental Sort  (cost=9942.11..14802.78 rows=100000 width=20) (actual time=19.353..54.117 rows=100000 loops=1)
         Sort Key: s_4.a, s_4.b, s_4.c, s_4.d, s_4.e
         Presorted Key: s_4.a, s_4.b, s_4.c, s_4.d
         Sort Method: quicksort  Memory: 29kB
         Sort Groups: 2784
         ->  Sort  (cost=9941.82..10191.82 rows=100000 width=20) (actual time=19.293..23.467 rows=100000 loops=1)
               Sort Key: s_4.a, s_4.b, s_4.c, s_4.d
               Sort Method: quicksort  Memory: 10885kB
               ->  Seq Scan on s_4  (cost=0.00..1637.00 rows=100000 width=20) (actual time=0.009..5.602 rows=100000 loops=1)
 Planning time: 0.227 ms
 Execution time: 56.846 ms
(12 rows)

===== 93 [Wed Mar  7 02:01:37 CET 2018] scale:100000 groups:10 work_mem:64MB incremental:off max_workers:2 =====
SELECT * FROM (SELECT * FROM s_1 ORDER BY a) foo ORDER BY a, b
                                                         QUERY PLAN                                                          
-----------------------------------------------------------------------------------------------------------------------------
 Limit  (cost=20746.64..20746.64 rows=1 width=20) (actual time=49.627..49.627 rows=0 loops=1)
   ->  Sort  (cost=19496.64..19746.64 rows=100000 width=20) (actual time=39.091..47.448 rows=100000 loops=1)
         Sort Key: s_1.a, s_1.b
         Sort Method: quicksort  Memory: 10885kB
         ->  Sort  (cost=9941.82..10191.82 rows=100000 width=20) (actual time=16.426..20.177 rows=100000 loops=1)
               Sort Key: s_1.a
               Sort Method: quicksort  Memory: 10885kB
               ->  Seq Scan on s_1  (cost=0.00..1637.00 rows=100000 width=20) (actual time=0.010..5.594 rows=100000 loops=1)
 Planning time: 0.211 ms
 Execution time: 50.537 ms
(10 rows)

===== 94 [Wed Mar  7 02:01:37 CET 2018] scale:100000 groups:10 work_mem:64MB incremental:off max_workers:2 =====
SELECT * FROM (SELECT * FROM s_2 ORDER BY a, b) foo ORDER BY a, b, c
                                                         QUERY PLAN                                                          
-----------------------------------------------------------------------------------------------------------------------------
 Limit  (cost=20746.64..20746.64 rows=1 width=20) (actual time=54.714..54.714 rows=0 loops=1)
   ->  Sort  (cost=19496.64..19746.64 rows=100000 width=20) (actual time=47.918..52.548 rows=100000 loops=1)
         Sort Key: s_2.a, s_2.b, s_2.c
         Sort Method: quicksort  Memory: 10885kB
         ->  Sort  (cost=9941.82..10191.82 rows=100000 width=20) (actual time=17.785..21.550 rows=100000 loops=1)
               Sort Key: s_2.a, s_2.b
               Sort Method: quicksort  Memory: 10885kB
               ->  Seq Scan on s_2  (cost=0.00..1637.00 rows=100000 width=20) (actual time=0.010..5.604 rows=100000 loops=1)
 Planning time: 0.207 ms
 Execution time: 55.623 ms
(10 rows)

===== 95 [Wed Mar  7 02:01:38 CET 2018] scale:100000 groups:10 work_mem:64MB incremental:off max_workers:2 =====
SELECT * FROM (SELECT * FROM s_3 ORDER BY a, b, c) foo ORDER BY a, b, c, d
                                                         QUERY PLAN                                                          
-----------------------------------------------------------------------------------------------------------------------------
 Limit  (cost=20746.64..20746.64 rows=1 width=20) (actual time=67.091..67.091 rows=0 loops=1)
   ->  Sort  (cost=19496.64..19746.64 rows=100000 width=20) (actual time=60.385..64.928 rows=100000 loops=1)
         Sort Key: s_3.a, s_3.b, s_3.c, s_3.d
         Sort Method: quicksort  Memory: 10885kB
         ->  Sort  (cost=9941.82..10191.82 rows=100000 width=20) (actual time=18.500..22.255 rows=100000 loops=1)
               Sort Key: s_3.a, s_3.b, s_3.c
               Sort Method: quicksort  Memory: 10885kB
               ->  Seq Scan on s_3  (cost=0.00..1637.00 rows=100000 width=20) (actual time=0.013..5.604 rows=100000 loops=1)
 Planning time: 0.222 ms
 Execution time: 68.000 ms
(10 rows)

===== 96 [Wed Mar  7 02:01:38 CET 2018] scale:100000 groups:10 work_mem:64MB incremental:off max_workers:2 =====
SELECT * FROM (SELECT * FROM s_4 ORDER BY a, b, c, d) foo ORDER BY a, b, c, d, e
                                                         QUERY PLAN                                                          
-----------------------------------------------------------------------------------------------------------------------------
 Limit  (cost=20746.64..20746.64 rows=1 width=20) (actual time=77.001..77.001 rows=0 loops=1)
   ->  Sort  (cost=19496.64..19746.64 rows=100000 width=20) (actual time=70.966..74.820 rows=100000 loops=1)
         Sort Key: s_4.a, s_4.b, s_4.c, s_4.d, s_4.e
         Sort Method: quicksort  Memory: 10885kB
         ->  Sort  (cost=9941.82..10191.82 rows=100000 width=20) (actual time=19.337..23.103 rows=100000 loops=1)
               Sort Key: s_4.a, s_4.b, s_4.c, s_4.d
               Sort Method: quicksort  Memory: 10885kB
               ->  Seq Scan on s_4  (cost=0.00..1637.00 rows=100000 width=20) (actual time=0.009..5.617 rows=100000 loops=1)
 Planning time: 0.216 ms
 Execution time: 77.912 ms
(10 rows)

===== 97 [Wed Mar  7 02:01:39 CET 2018] scale:100000 groups:10 work_mem:128MB incremental:on max_workers:2 =====
SELECT * FROM (SELECT * FROM s_1 ORDER BY a) foo ORDER BY a, b
                                                         QUERY PLAN                                                          
-----------------------------------------------------------------------------------------------------------------------------
 Limit  (cost=20517.14..20517.14 rows=1 width=20) (actual time=44.308..44.308 rows=0 loops=1)
   ->  Incremental Sort  (cost=10653.19..19517.14 rows=100000 width=20) (actual time=17.569..41.781 rows=100000 loops=1)
         Sort Key: s_1.a, s_1.b
         Presorted Key: s_1.a
         Sort Method: quicksort  Memory: 1176kB
         Sort Groups: 11
         ->  Sort  (cost=9941.82..10191.82 rows=100000 width=20) (actual time=16.447..20.098 rows=100000 loops=1)
               Sort Key: s_1.a
               Sort Method: quicksort  Memory: 10885kB
               ->  Seq Scan on s_1  (cost=0.00..1637.00 rows=100000 width=20) (actual time=0.010..5.565 rows=100000 loops=1)
 Planning time: 0.211 ms
 Execution time: 44.784 ms
(12 rows)

===== 98 [Wed Mar  7 02:01:39 CET 2018] scale:100000 groups:10 work_mem:128MB incremental:on max_workers:2 =====
SELECT * FROM (SELECT * FROM s_2 ORDER BY a, b) foo ORDER BY a, b, c
                                                         QUERY PLAN                                                          
-----------------------------------------------------------------------------------------------------------------------------
 Limit  (cost=18789.63..18789.63 rows=1 width=20) (actual time=46.764..46.764 rows=0 loops=1)
   ->  Incremental Sort  (cost=9992.20..17789.63 rows=100000 width=20) (actual time=17.940..44.206 rows=100000 loops=1)
         Sort Key: s_2.a, s_2.b, s_2.c
         Presorted Key: s_2.a, s_2.b
         Sort Method: quicksort  Memory: 132kB
         Sort Groups: 121
         ->  Sort  (cost=9941.82..10191.82 rows=100000 width=20) (actual time=17.829..21.371 rows=100000 loops=1)
               Sort Key: s_2.a, s_2.b
               Sort Method: quicksort  Memory: 10885kB
               ->  Seq Scan on s_2  (cost=0.00..1637.00 rows=100000 width=20) (actual time=0.010..5.600 rows=100000 loops=1)
 Planning time: 0.215 ms
 Execution time: 47.230 ms
(12 rows)

===== 99 [Wed Mar  7 02:01:39 CET 2018] scale:100000 groups:10 work_mem:128MB incremental:on max_workers:2 =====
SELECT * FROM (SELECT * FROM s_3 ORDER BY a, b, c) foo ORDER BY a, b, c, d
                                                         QUERY PLAN                                                          
-----------------------------------------------------------------------------------------------------------------------------
 Limit  (cost=17084.11..17084.11 rows=1 width=20) (actual time=51.669..51.669 rows=0 loops=1)
   ->  Incremental Sort  (cost=9945.10..16084.11 rows=100000 width=20) (actual time=18.534..49.134 rows=100000 loops=1)
         Sort Key: s_3.a, s_3.b, s_3.c, s_3.d
         Presorted Key: s_3.a, s_3.b, s_3.c
         Sort Method: quicksort  Memory: 34kB
         Sort Groups: 1267
         ->  Sort  (cost=9941.82..10191.82 rows=100000 width=20) (actual time=18.478..22.255 rows=100000 loops=1)
               Sort Key: s_3.a, s_3.b, s_3.c
               Sort Method: quicksort  Memory: 10885kB
               ->  Seq Scan on s_3  (cost=0.00..1637.00 rows=100000 width=20) (actual time=0.013..5.594 rows=100000 loops=1)
 Planning time: 0.233 ms
 Execution time: 52.133 ms
(12 rows)

===== 100 [Wed Mar  7 02:01:40 CET 2018] scale:100000 groups:10 work_mem:128MB incremental:on max_workers:2 =====
SELECT * FROM (SELECT * FROM s_4 ORDER BY a, b, c, d) foo ORDER BY a, b, c, d, e
                                                         QUERY PLAN                                                          
-----------------------------------------------------------------------------------------------------------------------------
 Limit  (cost=15802.78..15802.78 rows=1 width=20) (actual time=56.349..56.349 rows=0 loops=1)
   ->  Incremental Sort  (cost=9942.11..14802.78 rows=100000 width=20) (actual time=19.358..54.109 rows=100000 loops=1)
         Sort Key: s_4.a, s_4.b, s_4.c, s_4.d, s_4.e
         Presorted Key: s_4.a, s_4.b, s_4.c, s_4.d
         Sort Method: quicksort  Memory: 29kB
         Sort Groups: 2784
         ->  Sort  (cost=9941.82..10191.82 rows=100000 width=20) (actual time=19.298..23.466 rows=100000 loops=1)
               Sort Key: s_4.a, s_4.b, s_4.c, s_4.d
               Sort Method: quicksort  Memory: 10885kB
               ->  Seq Scan on s_4  (cost=0.00..1637.00 rows=100000 width=20) (actual time=0.009..5.599 rows=100000 loops=1)
 Planning time: 0.228 ms
 Execution time: 56.819 ms
(12 rows)

===== 101 [Wed Mar  7 02:01:40 CET 2018] scale:100000 groups:10 work_mem:128MB incremental:off max_workers:2 =====
SELECT * FROM (SELECT * FROM s_1 ORDER BY a) foo ORDER BY a, b
                                                         QUERY PLAN                                                          
-----------------------------------------------------------------------------------------------------------------------------
 Limit  (cost=20746.64..20746.64 rows=1 width=20) (actual time=49.681..49.681 rows=0 loops=1)
   ->  Sort  (cost=19496.64..19746.64 rows=100000 width=20) (actual time=39.125..47.506 rows=100000 loops=1)
         Sort Key: s_1.a, s_1.b
         Sort Method: quicksort  Memory: 10885kB
         ->  Sort  (cost=9941.82..10191.82 rows=100000 width=20) (actual time=16.424..20.180 rows=100000 loops=1)
               Sort Key: s_1.a
               Sort Method: quicksort  Memory: 10885kB
               ->  Seq Scan on s_1  (cost=0.00..1637.00 rows=100000 width=20) (actual time=0.010..5.597 rows=100000 loops=1)
 Planning time: 0.206 ms
 Execution time: 50.598 ms
(10 rows)

===== 102 [Wed Mar  7 02:01:40 CET 2018] scale:100000 groups:10 work_mem:128MB incremental:off max_workers:2 =====
SELECT * FROM (SELECT * FROM s_2 ORDER BY a, b) foo ORDER BY a, b, c
                                                         QUERY PLAN                                                          
-----------------------------------------------------------------------------------------------------------------------------
 Limit  (cost=20746.64..20746.64 rows=1 width=20) (actual time=54.772..54.772 rows=0 loops=1)
   ->  Sort  (cost=19496.64..19746.64 rows=100000 width=20) (actual time=47.942..52.604 rows=100000 loops=1)
         Sort Key: s_2.a, s_2.b, s_2.c
         Sort Method: quicksort  Memory: 10885kB
         ->  Sort  (cost=9941.82..10191.82 rows=100000 width=20) (actual time=17.788..21.562 rows=100000 loops=1)
               Sort Key: s_2.a, s_2.b
               Sort Method: quicksort  Memory: 10885kB
               ->  Seq Scan on s_2  (cost=0.00..1637.00 rows=100000 width=20) (actual time=0.010..5.615 rows=100000 loops=1)
 Planning time: 0.210 ms
 Execution time: 55.681 ms
(10 rows)

===== 103 [Wed Mar  7 02:01:41 CET 2018] scale:100000 groups:10 work_mem:128MB incremental:off max_workers:2 =====
SELECT * FROM (SELECT * FROM s_3 ORDER BY a, b, c) foo ORDER BY a, b, c, d
                                                         QUERY PLAN                                                          
-----------------------------------------------------------------------------------------------------------------------------
 Limit  (cost=20746.64..20746.64 rows=1 width=20) (actual time=67.085..67.085 rows=0 loops=1)
   ->  Sort  (cost=19496.64..19746.64 rows=100000 width=20) (actual time=60.387..64.917 rows=100000 loops=1)
         Sort Key: s_3.a, s_3.b, s_3.c, s_3.d
         Sort Method: quicksort  Memory: 10885kB
         ->  Sort  (cost=9941.82..10191.82 rows=100000 width=20) (actual time=18.501..22.276 rows=100000 loops=1)
               Sort Key: s_3.a, s_3.b, s_3.c
               Sort Method: quicksort  Memory: 10885kB
               ->  Seq Scan on s_3  (cost=0.00..1637.00 rows=100000 width=20) (actual time=0.013..5.616 rows=100000 loops=1)
 Planning time: 0.226 ms
 Execution time: 68.002 ms
(10 rows)

===== 104 [Wed Mar  7 02:01:41 CET 2018] scale:100000 groups:10 work_mem:128MB incremental:off max_workers:2 =====
SELECT * FROM (SELECT * FROM s_4 ORDER BY a, b, c, d) foo ORDER BY a, b, c, d, e
                                                         QUERY PLAN                                                          
-----------------------------------------------------------------------------------------------------------------------------
 Limit  (cost=20746.64..20746.64 rows=1 width=20) (actual time=77.049..77.049 rows=0 loops=1)
   ->  Sort  (cost=19496.64..19746.64 rows=100000 width=20) (actual time=70.991..74.851 rows=100000 loops=1)
         Sort Key: s_4.a, s_4.b, s_4.c, s_4.d, s_4.e
         Sort Method: quicksort  Memory: 10885kB
         ->  Sort  (cost=9941.82..10191.82 rows=100000 width=20) (actual time=19.335..23.102 rows=100000 loops=1)
               Sort Key: s_4.a, s_4.b, s_4.c, s_4.d
               Sort Method: quicksort  Memory: 10885kB
               ->  Seq Scan on s_4  (cost=0.00..1637.00 rows=100000 width=20) (actual time=0.009..5.608 rows=100000 loops=1)
 Planning time: 0.214 ms
 Execution time: 77.959 ms
(10 rows)

===== 105 [Wed Mar  7 02:01:41 CET 2018] scale:100000 groups:10 work_mem:256MB incremental:on max_workers:2 =====
SELECT * FROM (SELECT * FROM s_1 ORDER BY a) foo ORDER BY a, b
                                                         QUERY PLAN                                                          
-----------------------------------------------------------------------------------------------------------------------------
 Limit  (cost=20517.14..20517.14 rows=1 width=20) (actual time=44.076..44.076 rows=0 loops=1)
   ->  Incremental Sort  (cost=10653.19..19517.14 rows=100000 width=20) (actual time=17.562..41.551 rows=100000 loops=1)
         Sort Key: s_1.a, s_1.b
         Presorted Key: s_1.a
         Sort Method: quicksort  Memory: 1176kB
         Sort Groups: 11
         ->  Sort  (cost=9941.82..10191.82 rows=100000 width=20) (actual time=16.442..20.083 rows=100000 loops=1)
               Sort Key: s_1.a
               Sort Method: quicksort  Memory: 10885kB
               ->  Seq Scan on s_1  (cost=0.00..1637.00 rows=100000 width=20) (actual time=0.009..5.571 rows=100000 loops=1)
 Planning time: 0.208 ms
 Execution time: 44.551 ms
(12 rows)

===== 106 [Wed Mar  7 02:01:42 CET 2018] scale:100000 groups:10 work_mem:256MB incremental:on max_workers:2 =====
SELECT * FROM (SELECT * FROM s_2 ORDER BY a, b) foo ORDER BY a, b, c
                                                         QUERY PLAN                                                          
-----------------------------------------------------------------------------------------------------------------------------
 Limit  (cost=18789.63..18789.63 rows=1 width=20) (actual time=46.785..46.785 rows=0 loops=1)
   ->  Incremental Sort  (cost=9992.20..17789.63 rows=100000 width=20) (actual time=17.988..44.235 rows=100000 loops=1)
         Sort Key: s_2.a, s_2.b, s_2.c
         Presorted Key: s_2.a, s_2.b
         Sort Method: quicksort  Memory: 132kB
         Sort Groups: 121
         ->  Sort  (cost=9941.82..10191.82 rows=100000 width=20) (actual time=17.880..21.432 rows=100000 loops=1)
               Sort Key: s_2.a, s_2.b
               Sort Method: quicksort  Memory: 10885kB
               ->  Seq Scan on s_2  (cost=0.00..1637.00 rows=100000 width=20) (actual time=0.010..5.604 rows=100000 loops=1)
 Planning time: 0.215 ms
 Execution time: 47.252 ms
(12 rows)

===== 107 [Wed Mar  7 02:01:42 CET 2018] scale:100000 groups:10 work_mem:256MB incremental:on max_workers:2 =====
SELECT * FROM (SELECT * FROM s_3 ORDER BY a, b, c) foo ORDER BY a, b, c, d
                                                         QUERY PLAN                                                          
-----------------------------------------------------------------------------------------------------------------------------
 Limit  (cost=17084.11..17084.11 rows=1 width=20) (actual time=51.695..51.695 rows=0 loops=1)
   ->  Incremental Sort  (cost=9945.10..16084.11 rows=100000 width=20) (actual time=18.576..49.163 rows=100000 loops=1)
         Sort Key: s_3.a, s_3.b, s_3.c, s_3.d
         Presorted Key: s_3.a, s_3.b, s_3.c
         Sort Method: quicksort  Memory: 34kB
         Sort Groups: 1267
         ->  Sort  (cost=9941.82..10191.82 rows=100000 width=20) (actual time=18.512..22.280 rows=100000 loops=1)
               Sort Key: s_3.a, s_3.b, s_3.c
               Sort Method: quicksort  Memory: 10885kB
               ->  Seq Scan on s_3  (cost=0.00..1637.00 rows=100000 width=20) (actual time=0.013..5.598 rows=100000 loops=1)
 Planning time: 0.227 ms
 Execution time: 52.164 ms
(12 rows)

===== 108 [Wed Mar  7 02:01:42 CET 2018] scale:100000 groups:10 work_mem:256MB incremental:on max_workers:2 =====
SELECT * FROM (SELECT * FROM s_4 ORDER BY a, b, c, d) foo ORDER BY a, b, c, d, e
                                                         QUERY PLAN                                                          
-----------------------------------------------------------------------------------------------------------------------------
 Limit  (cost=15802.78..15802.78 rows=1 width=20) (actual time=56.291..56.291 rows=0 loops=1)
   ->  Incremental Sort  (cost=9942.11..14802.78 rows=100000 width=20) (actual time=19.321..54.052 rows=100000 loops=1)
         Sort Key: s_4.a, s_4.b, s_4.c, s_4.d, s_4.e
         Presorted Key: s_4.a, s_4.b, s_4.c, s_4.d
         Sort Method: quicksort  Memory: 29kB
         Sort Groups: 2784
         ->  Sort  (cost=9941.82..10191.82 rows=100000 width=20) (actual time=19.262..23.432 rows=100000 loops=1)
               Sort Key: s_4.a, s_4.b, s_4.c, s_4.d
               Sort Method: quicksort  Memory: 10885kB
               ->  Seq Scan on s_4  (cost=0.00..1637.00 rows=100000 width=20) (actual time=0.009..5.587 rows=100000 loops=1)
 Planning time: 0.224 ms
 Execution time: 56.760 ms
(12 rows)

===== 109 [Wed Mar  7 02:01:43 CET 2018] scale:100000 groups:10 work_mem:256MB incremental:off max_workers:2 =====
SELECT * FROM (SELECT * FROM s_1 ORDER BY a) foo ORDER BY a, b
                                                         QUERY PLAN                                                          
-----------------------------------------------------------------------------------------------------------------------------
 Limit  (cost=20746.64..20746.64 rows=1 width=20) (actual time=49.590..49.590 rows=0 loops=1)
   ->  Sort  (cost=19496.64..19746.64 rows=100000 width=20) (actual time=39.075..47.417 rows=100000 loops=1)
         Sort Key: s_1.a, s_1.b
         Sort Method: quicksort  Memory: 10885kB
         ->  Sort  (cost=9941.82..10191.82 rows=100000 width=20) (actual time=16.408..20.170 rows=100000 loops=1)
               Sort Key: s_1.a
               Sort Method: quicksort  Memory: 10885kB
               ->  Seq Scan on s_1  (cost=0.00..1637.00 rows=100000 width=20) (actual time=0.009..5.605 rows=100000 loops=1)
 Planning time: 0.202 ms
 Execution time: 50.496 ms
(10 rows)

===== 110 [Wed Mar  7 02:01:43 CET 2018] scale:100000 groups:10 work_mem:256MB incremental:off max_workers:2 =====
SELECT * FROM (SELECT * FROM s_2 ORDER BY a, b) foo ORDER BY a, b, c
                                                         QUERY PLAN                                                          
-----------------------------------------------------------------------------------------------------------------------------
 Limit  (cost=20746.64..20746.64 rows=1 width=20) (actual time=54.791..54.791 rows=0 loops=1)
   ->  Sort  (cost=19496.64..19746.64 rows=100000 width=20) (actual time=47.952..52.619 rows=100000 loops=1)
         Sort Key: s_2.a, s_2.b, s_2.c
         Sort Method: quicksort  Memory: 10885kB
         ->  Sort  (cost=9941.82..10191.82 rows=100000 width=20) (actual time=17.793..21.564 rows=100000 loops=1)
               Sort Key: s_2.a, s_2.b
               Sort Method: quicksort  Memory: 10885kB
               ->  Seq Scan on s_2  (cost=0.00..1637.00 rows=100000 width=20) (actual time=0.010..5.611 rows=100000 loops=1)
 Planning time: 0.208 ms
 Execution time: 55.705 ms
(10 rows)

===== 111 [Wed Mar  7 02:01:43 CET 2018] scale:100000 groups:10 work_mem:256MB incremental:off max_workers:2 =====
SELECT * FROM (SELECT * FROM s_3 ORDER BY a, b, c) foo ORDER BY a, b, c, d
                                                         QUERY PLAN                                                          
-----------------------------------------------------------------------------------------------------------------------------
 Limit  (cost=20746.64..20746.64 rows=1 width=20) (actual time=67.096..67.096 rows=0 loops=1)
   ->  Sort  (cost=19496.64..19746.64 rows=100000 width=20) (actual time=60.389..64.932 rows=100000 loops=1)
         Sort Key: s_3.a, s_3.b, s_3.c, s_3.d
         Sort Method: quicksort  Memory: 10885kB
         ->  Sort  (cost=9941.82..10191.82 rows=100000 width=20) (actual time=18.507..22.280 rows=100000 loops=1)
               Sort Key: s_3.a, s_3.b, s_3.c
               Sort Method: quicksort  Memory: 10885kB
               ->  Seq Scan on s_3  (cost=0.00..1637.00 rows=100000 width=20) (actual time=0.013..5.610 rows=100000 loops=1)
 Planning time: 0.237 ms
 Execution time: 68.008 ms
(10 rows)

===== 112 [Wed Mar  7 02:01:44 CET 2018] scale:100000 groups:10 work_mem:256MB incremental:off max_workers:2 =====
SELECT * FROM (SELECT * FROM s_4 ORDER BY a, b, c, d) foo ORDER BY a, b, c, d, e
                                                         QUERY PLAN                                                          
-----------------------------------------------------------------------------------------------------------------------------
 Limit  (cost=20746.64..20746.64 rows=1 width=20) (actual time=77.060..77.060 rows=0 loops=1)
   ->  Sort  (cost=19496.64..19746.64 rows=100000 width=20) (actual time=71.017..74.878 rows=100000 loops=1)
         Sort Key: s_4.a, s_4.b, s_4.c, s_4.d, s_4.e
         Sort Method: quicksort  Memory: 10885kB
         ->  Sort  (cost=9941.82..10191.82 rows=100000 width=20) (actual time=19.348..23.127 rows=100000 loops=1)
               Sort Key: s_4.a, s_4.b, s_4.c, s_4.d
               Sort Method: quicksort  Memory: 10885kB
               ->  Seq Scan on s_4  (cost=0.00..1637.00 rows=100000 width=20) (actual time=0.009..5.629 rows=100000 loops=1)
 Planning time: 0.217 ms
 Execution time: 77.970 ms
(10 rows)

===== 113 [Wed Mar  7 02:01:46 CET 2018] scale:100000 groups:100 work_mem:4MB incremental:on max_workers:0 =====
SELECT * FROM (SELECT * FROM s_1 ORDER BY a) foo ORDER BY a, b
                                                         QUERY PLAN                                                          
-----------------------------------------------------------------------------------------------------------------------------
 Limit  (cost=20970.55..20970.55 rows=1 width=20) (actual time=55.787..55.787 rows=0 loops=1)
   ->  Incremental Sort  (cost=12054.46..19970.55 rows=100000 width=20) (actual time=21.289..53.630 rows=100000 loops=1)
         Sort Key: s_1.a, s_1.b
         Presorted Key: s_1.a
         Sort Method: quicksort  Memory: 131kB
         Sort Groups: 101
         ->  Sort  (cost=11992.82..12242.82 rows=100000 width=20) (actual time=21.102..29.293 rows=100000 loops=1)
               Sort Key: s_1.a
               Sort Method: external merge  Disk: 2936kB
               ->  Seq Scan on s_1  (cost=0.00..1637.00 rows=100000 width=20) (actual time=0.007..5.456 rows=100000 loops=1)
 Planning time: 0.218 ms
 Execution time: 56.360 ms
(12 rows)

===== 114 [Wed Mar  7 02:01:46 CET 2018] scale:100000 groups:100 work_mem:4MB incremental:on max_workers:0 =====
SELECT * FROM (SELECT * FROM s_2 ORDER BY a, b) foo ORDER BY a, b, c
                                                         QUERY PLAN                                                          
-----------------------------------------------------------------------------------------------------------------------------
 Limit  (cost=17853.78..17853.78 rows=1 width=20) (actual time=55.641..55.641 rows=0 loops=1)
   ->  Incremental Sort  (cost=11993.11..16853.78 rows=100000 width=20) (actual time=22.407..53.456 rows=100000 loops=1)
         Sort Key: s_2.a, s_2.b, s_2.c
         Presorted Key: s_2.a, s_2.b
         Sort Method: quicksort  Memory: 29kB
         Sort Groups: 2704
         ->  Sort  (cost=11992.82..12242.82 rows=100000 width=20) (actual time=22.360..31.029 rows=100000 loops=1)
               Sort Key: s_2.a, s_2.b
               Sort Method: external merge  Disk: 2936kB
               ->  Seq Scan on s_2  (cost=0.00..1637.00 rows=100000 width=20) (actual time=0.010..5.503 rows=100000 loops=1)
 Planning time: 0.221 ms
 Execution time: 56.189 ms
(12 rows)

===== 115 [Wed Mar  7 02:01:46 CET 2018] scale:100000 groups:100 work_mem:4MB incremental:on max_workers:0 =====
SELECT * FROM (SELECT * FROM s_3 ORDER BY a, b, c) foo ORDER BY a, b, c, d
                                                         QUERY PLAN                                                          
-----------------------------------------------------------------------------------------------------------------------------
 Limit  (cost=17853.78..17853.78 rows=1 width=20) (actual time=49.842..49.842 rows=0 loops=1)
   ->  Incremental Sort  (cost=11993.11..16853.78 rows=100000 width=20) (actual time=22.972..47.644 rows=100000 loops=1)
         Sort Key: s_3.a, s_3.b, s_3.c, s_3.d
         Presorted Key: s_3.a, s_3.b, s_3.c
         Sort Method: quicksort  Memory: 27kB
         Sort Groups: 3120
         ->  Sort  (cost=11992.82..12242.82 rows=100000 width=20) (actual time=22.929..31.691 rows=100000 loops=1)
               Sort Key: s_3.a, s_3.b, s_3.c
               Sort Method: external merge  Disk: 2936kB
               ->  Seq Scan on s_3  (cost=0.00..1637.00 rows=100000 width=20) (actual time=0.013..5.471 rows=100000 loops=1)
 Planning time: 0.221 ms
 Execution time: 50.401 ms
(12 rows)

===== 116 [Wed Mar  7 02:01:47 CET 2018] scale:100000 groups:100 work_mem:4MB incremental:on max_workers:0 =====
SELECT * FROM (SELECT * FROM s_4 ORDER BY a, b, c, d) foo ORDER BY a, b, c, d, e
                                                         QUERY PLAN                                                          
-----------------------------------------------------------------------------------------------------------------------------
 Limit  (cost=17853.78..17853.78 rows=1 width=20) (actual time=46.704..46.704 rows=0 loops=1)
   ->  Incremental Sort  (cost=11993.11..16853.78 rows=100000 width=20) (actual time=23.169..44.502 rows=100000 loops=1)
         Sort Key: s_4.a, s_4.b, s_4.c, s_4.d, s_4.e
         Presorted Key: s_4.a, s_4.b, s_4.c, s_4.d
         Sort Method: quicksort  Memory: 27kB
         Sort Groups: 3125
         ->  Sort  (cost=11992.82..12242.82 rows=100000 width=20) (actual time=23.126..31.901 rows=100000 loops=1)
               Sort Key: s_4.a, s_4.b, s_4.c, s_4.d
               Sort Method: external merge  Disk: 2936kB
               ->  Seq Scan on s_4  (cost=0.00..1637.00 rows=100000 width=20) (actual time=0.009..5.473 rows=100000 loops=1)
 Planning time: 0.235 ms
 Execution time: 47.270 ms
(12 rows)

===== 117 [Wed Mar  7 02:01:47 CET 2018] scale:100000 groups:100 work_mem:4MB incremental:off max_workers:0 =====
SELECT * FROM (SELECT * FROM s_1 ORDER BY a) foo ORDER BY a, b
                                                         QUERY PLAN                                                          
-----------------------------------------------------------------------------------------------------------------------------
 Limit  (cost=24848.64..24848.64 rows=1 width=20) (actual time=69.152..69.152 rows=0 loops=1)
   ->  Sort  (cost=23598.64..23848.64 rows=100000 width=20) (actual time=59.679..66.970 rows=100000 loops=1)
         Sort Key: s_1.a, s_1.b
         Sort Method: external merge  Disk: 2936kB
         ->  Sort  (cost=11992.82..12242.82 rows=100000 width=20) (actual time=21.056..29.411 rows=100000 loops=1)
               Sort Key: s_1.a
               Sort Method: external merge  Disk: 2936kB
               ->  Seq Scan on s_1  (cost=0.00..1637.00 rows=100000 width=20) (actual time=0.007..5.477 rows=100000 loops=1)
 Planning time: 0.218 ms
 Execution time: 70.106 ms
(10 rows)

===== 118 [Wed Mar  7 02:01:47 CET 2018] scale:100000 groups:100 work_mem:4MB incremental:off max_workers:0 =====
SELECT * FROM (SELECT * FROM s_2 ORDER BY a, b) foo ORDER BY a, b, c
                                                         QUERY PLAN                                                          
-----------------------------------------------------------------------------------------------------------------------------
 Limit  (cost=24848.64..24848.64 rows=1 width=20) (actual time=76.522..76.522 rows=0 loops=1)
   ->  Sort  (cost=23598.64..23848.64 rows=100000 width=20) (actual time=67.081..74.342 rows=100000 loops=1)
         Sort Key: s_2.a, s_2.b, s_2.c
         Sort Method: external merge  Disk: 2936kB
         ->  Sort  (cost=11992.82..12242.82 rows=100000 width=20) (actual time=22.331..30.689 rows=100000 loops=1)
               Sort Key: s_2.a, s_2.b
               Sort Method: external merge  Disk: 2936kB
               ->  Seq Scan on s_2  (cost=0.00..1637.00 rows=100000 width=20) (actual time=0.010..5.488 rows=100000 loops=1)
 Planning time: 0.220 ms
 Execution time: 77.482 ms
(10 rows)

===== 119 [Wed Mar  7 02:01:48 CET 2018] scale:100000 groups:100 work_mem:4MB incremental:off max_workers:0 =====
SELECT * FROM (SELECT * FROM s_3 ORDER BY a, b, c) foo ORDER BY a, b, c, d
                                                         QUERY PLAN                                                          
-----------------------------------------------------------------------------------------------------------------------------
 Limit  (cost=24848.64..24848.64 rows=1 width=20) (actual time=72.176..72.176 rows=0 loops=1)
   ->  Sort  (cost=23598.64..23848.64 rows=100000 width=20) (actual time=62.720..69.989 rows=100000 loops=1)
         Sort Key: s_3.a, s_3.b, s_3.c, s_3.d
         Sort Method: external merge  Disk: 2936kB
         ->  Sort  (cost=11992.82..12242.82 rows=100000 width=20) (actual time=23.016..31.390 rows=100000 loops=1)
               Sort Key: s_3.a, s_3.b, s_3.c
               Sort Method: external merge  Disk: 2936kB
               ->  Seq Scan on s_3  (cost=0.00..1637.00 rows=100000 width=20) (actual time=0.013..5.491 rows=100000 loops=1)
 Planning time: 0.213 ms
 Execution time: 72.931 ms
(10 rows)

===== 120 [Wed Mar  7 02:01:48 CET 2018] scale:100000 groups:100 work_mem:4MB incremental:off max_workers:0 =====
SELECT * FROM (SELECT * FROM s_4 ORDER BY a, b, c, d) foo ORDER BY a, b, c, d, e
                                                         QUERY PLAN                                                          
-----------------------------------------------------------------------------------------------------------------------------
 Limit  (cost=24848.64..24848.64 rows=1 width=20) (actual time=62.691..62.691 rows=0 loops=1)
   ->  Sort  (cost=23598.64..23848.64 rows=100000 width=20) (actual time=53.098..60.510 rows=100000 loops=1)
         Sort Key: s_4.a, s_4.b, s_4.c, s_4.d, s_4.e
         Sort Method: external merge  Disk: 2936kB
         ->  Sort  (cost=11992.82..12242.82 rows=100000 width=20) (actual time=23.070..31.423 rows=100000 loops=1)
               Sort Key: s_4.a, s_4.b, s_4.c, s_4.d
               Sort Method: external merge  Disk: 2936kB
               ->  Seq Scan on s_4  (cost=0.00..1637.00 rows=100000 width=20) (actual time=0.010..5.484 rows=100000 loops=1)
 Planning time: 0.218 ms
 Execution time: 63.656 ms
(10 rows)

===== 121 [Wed Mar  7 02:01:49 CET 2018] scale:100000 groups:100 work_mem:8MB incremental:on max_workers:0 =====
SELECT * FROM (SELECT * FROM s_1 ORDER BY a) foo ORDER BY a, b
                                                         QUERY PLAN                                                          
-----------------------------------------------------------------------------------------------------------------------------
 Limit  (cost=18919.55..18919.55 rows=1 width=20) (actual time=59.547..59.547 rows=0 loops=1)
   ->  Incremental Sort  (cost=10003.46..17919.55 rows=100000 width=20) (actual time=22.886..57.001 rows=100000 loops=1)
         Sort Key: s_1.a, s_1.b
         Presorted Key: s_1.a
         Sort Method: quicksort  Memory: 131kB
         Sort Groups: 101
         ->  Sort  (cost=9941.82..10191.82 rows=100000 width=20) (actual time=22.693..31.184 rows=100000 loops=1)
               Sort Key: s_1.a
               Sort Method: external merge  Disk: 2936kB
               ->  Seq Scan on s_1  (cost=0.00..1637.00 rows=100000 width=20) (actual time=0.007..5.558 rows=100000 loops=1)
 Planning time: 0.221 ms
 Execution time: 59.962 ms
(12 rows)

===== 122 [Wed Mar  7 02:01:49 CET 2018] scale:100000 groups:100 work_mem:8MB incremental:on max_workers:0 =====
SELECT * FROM (SELECT * FROM s_2 ORDER BY a, b) foo ORDER BY a, b, c
                                                         QUERY PLAN                                                          
-----------------------------------------------------------------------------------------------------------------------------
 Limit  (cost=15802.78..15802.78 rows=1 width=20) (actual time=59.621..59.621 rows=0 loops=1)
   ->  Incremental Sort  (cost=9942.11..14802.78 rows=100000 width=20) (actual time=24.174..57.066 rows=100000 loops=1)
         Sort Key: s_2.a, s_2.b, s_2.c
         Presorted Key: s_2.a, s_2.b
         Sort Method: quicksort  Memory: 29kB
         Sort Groups: 2704
         ->  Sort  (cost=9941.82..10191.82 rows=100000 width=20) (actual time=24.127..32.845 rows=100000 loops=1)
               Sort Key: s_2.a, s_2.b
               Sort Method: external merge  Disk: 2936kB
               ->  Seq Scan on s_2  (cost=0.00..1637.00 rows=100000 width=20) (actual time=0.010..5.601 rows=100000 loops=1)
 Planning time: 0.228 ms
 Execution time: 60.025 ms
(12 rows)

===== 123 [Wed Mar  7 02:01:49 CET 2018] scale:100000 groups:100 work_mem:8MB incremental:on max_workers:0 =====
SELECT * FROM (SELECT * FROM s_3 ORDER BY a, b, c) foo ORDER BY a, b, c, d
                                                         QUERY PLAN                                                          
-----------------------------------------------------------------------------------------------------------------------------
 Limit  (cost=15802.78..15802.78 rows=1 width=20) (actual time=52.715..52.715 rows=0 loops=1)
   ->  Incremental Sort  (cost=9942.11..14802.78 rows=100000 width=20) (actual time=24.735..50.176 rows=100000 loops=1)
         Sort Key: s_3.a, s_3.b, s_3.c, s_3.d
         Presorted Key: s_3.a, s_3.b, s_3.c
         Sort Method: quicksort  Memory: 27kB
         Sort Groups: 3120
         ->  Sort  (cost=9941.82..10191.82 rows=100000 width=20) (actual time=24.695..33.295 rows=100000 loops=1)
               Sort Key: s_3.a, s_3.b, s_3.c
               Sort Method: external merge  Disk: 2936kB
               ->  Seq Scan on s_3  (cost=0.00..1637.00 rows=100000 width=20) (actual time=0.013..5.593 rows=100000 loops=1)
 Planning time: 0.225 ms
 Execution time: 53.140 ms
(12 rows)

===== 124 [Wed Mar  7 02:01:50 CET 2018] scale:100000 groups:100 work_mem:8MB incremental:on max_workers:0 =====
SELECT * FROM (SELECT * FROM s_4 ORDER BY a, b, c, d) foo ORDER BY a, b, c, d, e
                                                         QUERY PLAN                                                          
-----------------------------------------------------------------------------------------------------------------------------
 Limit  (cost=15802.78..15802.78 rows=1 width=20) (actual time=48.774..48.774 rows=0 loops=1)
   ->  Incremental Sort  (cost=9942.11..14802.78 rows=100000 width=20) (actual time=24.869..46.515 rows=100000 loops=1)
         Sort Key: s_4.a, s_4.b, s_4.c, s_4.d, s_4.e
         Presorted Key: s_4.a, s_4.b, s_4.c, s_4.d
         Sort Method: quicksort  Memory: 27kB
         Sort Groups: 3125
         ->  Sort  (cost=9941.82..10191.82 rows=100000 width=20) (actual time=24.822..33.482 rows=100000 loops=1)
               Sort Key: s_4.a, s_4.b, s_4.c, s_4.d
               Sort Method: external merge  Disk: 2936kB
               ->  Seq Scan on s_4  (cost=0.00..1637.00 rows=100000 width=20) (actual time=0.009..5.597 rows=100000 loops=1)
 Planning time: 0.235 ms
 Execution time: 49.187 ms
(12 rows)

===== 125 [Wed Mar  7 02:01:50 CET 2018] scale:100000 groups:100 work_mem:8MB incremental:off max_workers:0 =====
SELECT * FROM (SELECT * FROM s_1 ORDER BY a) foo ORDER BY a, b
                                                         QUERY PLAN                                                          
-----------------------------------------------------------------------------------------------------------------------------
 Limit  (cost=20746.64..20746.64 rows=1 width=20) (actual time=74.785..74.785 rows=0 loops=1)
   ->  Sort  (cost=19496.64..19746.64 rows=100000 width=20) (actual time=65.456..72.587 rows=100000 loops=1)
         Sort Key: s_1.a, s_1.b
         Sort Method: external merge  Disk: 2936kB
         ->  Sort  (cost=9941.82..10191.82 rows=100000 width=20) (actual time=22.641..31.016 rows=100000 loops=1)
               Sort Key: s_1.a
               Sort Method: external merge  Disk: 2936kB
               ->  Seq Scan on s_1  (cost=0.00..1637.00 rows=100000 width=20) (actual time=0.007..5.600 rows=100000 loops=1)
 Planning time: 0.216 ms
 Execution time: 75.545 ms
(10 rows)

===== 126 [Wed Mar  7 02:01:50 CET 2018] scale:100000 groups:100 work_mem:8MB incremental:off max_workers:0 =====
SELECT * FROM (SELECT * FROM s_2 ORDER BY a, b) foo ORDER BY a, b, c
                                                         QUERY PLAN                                                          
-----------------------------------------------------------------------------------------------------------------------------
 Limit  (cost=20746.64..20746.64 rows=1 width=20) (actual time=81.816..81.816 rows=0 loops=1)
   ->  Sort  (cost=19496.64..19746.64 rows=100000 width=20) (actual time=72.459..79.615 rows=100000 loops=1)
         Sort Key: s_2.a, s_2.b, s_2.c
         Sort Method: external merge  Disk: 2936kB
         ->  Sort  (cost=9941.82..10191.82 rows=100000 width=20) (actual time=24.036..32.418 rows=100000 loops=1)
               Sort Key: s_2.a, s_2.b
               Sort Method: external merge  Disk: 2936kB
               ->  Seq Scan on s_2  (cost=0.00..1637.00 rows=100000 width=20) (actual time=0.010..5.591 rows=100000 loops=1)
 Planning time: 0.214 ms
 Execution time: 82.584 ms
(10 rows)

===== 127 [Wed Mar  7 02:01:51 CET 2018] scale:100000 groups:100 work_mem:8MB incremental:off max_workers:0 =====
SELECT * FROM (SELECT * FROM s_3 ORDER BY a, b, c) foo ORDER BY a, b, c, d
                                                         QUERY PLAN                                                          
-----------------------------------------------------------------------------------------------------------------------------
 Limit  (cost=20746.64..20746.64 rows=1 width=20) (actual time=77.351..77.351 rows=0 loops=1)
   ->  Sort  (cost=19496.64..19746.64 rows=100000 width=20) (actual time=68.034..75.147 rows=100000 loops=1)
         Sort Key: s_3.a, s_3.b, s_3.c, s_3.d
         Sort Method: external merge  Disk: 2936kB
         ->  Sort  (cost=9941.82..10191.82 rows=100000 width=20) (actual time=24.687..33.075 rows=100000 loops=1)
               Sort Key: s_3.a, s_3.b, s_3.c
               Sort Method: external merge  Disk: 2936kB
               ->  Seq Scan on s_3  (cost=0.00..1637.00 rows=100000 width=20) (actual time=0.013..5.607 rows=100000 loops=1)
 Planning time: 0.212 ms
 Execution time: 78.107 ms
(10 rows)

===== 128 [Wed Mar  7 02:01:51 CET 2018] scale:100000 groups:100 work_mem:8MB incremental:off max_workers:0 =====
SELECT * FROM (SELECT * FROM s_4 ORDER BY a, b, c, d) foo ORDER BY a, b, c, d, e
                                                         QUERY PLAN                                                          
-----------------------------------------------------------------------------------------------------------------------------
 Limit  (cost=20746.64..20746.64 rows=1 width=20) (actual time=67.692..67.692 rows=0 loops=1)
   ->  Sort  (cost=19496.64..19746.64 rows=100000 width=20) (actual time=58.406..65.508 rows=100000 loops=1)
         Sort Key: s_4.a, s_4.b, s_4.c, s_4.d, s_4.e
         Sort Method: external merge  Disk: 2936kB
         ->  Sort  (cost=9941.82..10191.82 rows=100000 width=20) (actual time=24.828..33.080 rows=100000 loops=1)
               Sort Key: s_4.a, s_4.b, s_4.c, s_4.d
               Sort Method: external merge  Disk: 2936kB
               ->  Seq Scan on s_4  (cost=0.00..1637.00 rows=100000 width=20) (actual time=0.009..5.602 rows=100000 loops=1)
 Planning time: 0.217 ms
 Execution time: 68.456 ms
(10 rows)

===== 129 [Wed Mar  7 02:01:52 CET 2018] scale:100000 groups:100 work_mem:16MB incremental:on max_workers:0 =====
SELECT * FROM (SELECT * FROM s_1 ORDER BY a) foo ORDER BY a, b
                                                         QUERY PLAN                                                          
-----------------------------------------------------------------------------------------------------------------------------
 Limit  (cost=18919.55..18919.55 rows=1 width=20) (actual time=48.677..48.677 rows=0 loops=1)
   ->  Incremental Sort  (cost=10003.46..17919.55 rows=100000 width=20) (actual time=16.641..46.124 rows=100000 loops=1)
         Sort Key: s_1.a, s_1.b
         Presorted Key: s_1.a
         Sort Method: quicksort  Memory: 131kB
         Sort Groups: 101
         ->  Sort  (cost=9941.82..10191.82 rows=100000 width=20) (actual time=16.471..20.010 rows=100000 loops=1)
               Sort Key: s_1.a
               Sort Method: quicksort  Memory: 10885kB
               ->  Seq Scan on s_1  (cost=0.00..1637.00 rows=100000 width=20) (actual time=0.007..5.571 rows=100000 loops=1)
 Planning time: 0.219 ms
 Execution time: 49.143 ms
(12 rows)

===== 130 [Wed Mar  7 02:01:52 CET 2018] scale:100000 groups:100 work_mem:16MB incremental:on max_workers:0 =====
SELECT * FROM (SELECT * FROM s_2 ORDER BY a, b) foo ORDER BY a, b, c
                                                         QUERY PLAN                                                          
-----------------------------------------------------------------------------------------------------------------------------
 Limit  (cost=15802.78..15802.78 rows=1 width=20) (actual time=48.746..48.746 rows=0 loops=1)
   ->  Incremental Sort  (cost=9942.11..14802.78 rows=100000 width=20) (actual time=18.016..46.183 rows=100000 loops=1)
         Sort Key: s_2.a, s_2.b, s_2.c
         Presorted Key: s_2.a, s_2.b
         Sort Method: quicksort  Memory: 29kB
         Sort Groups: 2704
         ->  Sort  (cost=9941.82..10191.82 rows=100000 width=20) (actual time=17.967..22.072 rows=100000 loops=1)
               Sort Key: s_2.a, s_2.b
               Sort Method: quicksort  Memory: 10885kB
               ->  Seq Scan on s_2  (cost=0.00..1637.00 rows=100000 width=20) (actual time=0.010..5.631 rows=100000 loops=1)
 Planning time: 0.220 ms
 Execution time: 49.214 ms
(12 rows)

===== 131 [Wed Mar  7 02:01:52 CET 2018] scale:100000 groups:100 work_mem:16MB incremental:on max_workers:0 =====
SELECT * FROM (SELECT * FROM s_3 ORDER BY a, b, c) foo ORDER BY a, b, c, d
                                                         QUERY PLAN                                                          
-----------------------------------------------------------------------------------------------------------------------------
 Limit  (cost=15802.78..15802.78 rows=1 width=20) (actual time=43.124..43.124 rows=0 loops=1)
   ->  Incremental Sort  (cost=9942.11..14802.78 rows=100000 width=20) (actual time=18.544..40.583 rows=100000 loops=1)
         Sort Key: s_3.a, s_3.b, s_3.c, s_3.d
         Presorted Key: s_3.a, s_3.b, s_3.c
         Sort Method: quicksort  Memory: 27kB
         Sort Groups: 3120
         ->  Sort  (cost=9941.82..10191.82 rows=100000 width=20) (actual time=18.504..22.567 rows=100000 loops=1)
               Sort Key: s_3.a, s_3.b, s_3.c
               Sort Method: quicksort  Memory: 10885kB
               ->  Seq Scan on s_3  (cost=0.00..1637.00 rows=100000 width=20) (actual time=0.013..5.619 rows=100000 loops=1)
 Planning time: 0.225 ms
 Execution time: 43.589 ms
(12 rows)

===== 132 [Wed Mar  7 02:01:53 CET 2018] scale:100000 groups:100 work_mem:16MB incremental:on max_workers:0 =====
SELECT * FROM (SELECT * FROM s_4 ORDER BY a, b, c, d) foo ORDER BY a, b, c, d, e
                                                         QUERY PLAN                                                          
-----------------------------------------------------------------------------------------------------------------------------
 Limit  (cost=15802.78..15802.78 rows=1 width=20) (actual time=40.048..40.048 rows=0 loops=1)
   ->  Incremental Sort  (cost=9942.11..14802.78 rows=100000 width=20) (actual time=18.585..37.806 rows=100000 loops=1)
         Sort Key: s_4.a, s_4.b, s_4.c, s_4.d, s_4.e
         Presorted Key: s_4.a, s_4.b, s_4.c, s_4.d
         Sort Method: quicksort  Memory: 27kB
         Sort Groups: 3125
         ->  Sort  (cost=9941.82..10191.82 rows=100000 width=20) (actual time=18.542..22.733 rows=100000 loops=1)
               Sort Key: s_4.a, s_4.b, s_4.c, s_4.d
               Sort Method: quicksort  Memory: 10885kB
               ->  Seq Scan on s_4  (cost=0.00..1637.00 rows=100000 width=20) (actual time=0.009..5.597 rows=100000 loops=1)
 Planning time: 0.235 ms
 Execution time: 40.523 ms
(12 rows)

===== 133 [Wed Mar  7 02:01:53 CET 2018] scale:100000 groups:100 work_mem:16MB incremental:off max_workers:0 =====
SELECT * FROM (SELECT * FROM s_1 ORDER BY a) foo ORDER BY a, b
                                                         QUERY PLAN                                                          
-----------------------------------------------------------------------------------------------------------------------------
 Limit  (cost=20746.64..20746.64 rows=1 width=20) (actual time=54.833..54.833 rows=0 loops=1)
   ->  Sort  (cost=19496.64..19746.64 rows=100000 width=20) (actual time=47.967..52.665 rows=100000 loops=1)
         Sort Key: s_1.a, s_1.b
         Sort Method: quicksort  Memory: 10885kB
         ->  Sort  (cost=9941.82..10191.82 rows=100000 width=20) (actual time=16.413..20.163 rows=100000 loops=1)
               Sort Key: s_1.a
               Sort Method: quicksort  Memory: 10885kB
               ->  Seq Scan on s_1  (cost=0.00..1637.00 rows=100000 width=20) (actual time=0.007..5.603 rows=100000 loops=1)
 Planning time: 0.213 ms
 Execution time: 55.743 ms
(10 rows)

===== 134 [Wed Mar  7 02:01:53 CET 2018] scale:100000 groups:100 work_mem:16MB incremental:off max_workers:0 =====
SELECT * FROM (SELECT * FROM s_2 ORDER BY a, b) foo ORDER BY a, b, c
                                                         QUERY PLAN                                                          
-----------------------------------------------------------------------------------------------------------------------------
 Limit  (cost=20746.64..20746.64 rows=1 width=20) (actual time=62.103..62.103 rows=0 loops=1)
   ->  Sort  (cost=19496.64..19746.64 rows=100000 width=20) (actual time=56.198..59.935 rows=100000 loops=1)
         Sort Key: s_2.a, s_2.b, s_2.c
         Sort Method: quicksort  Memory: 10885kB
         ->  Sort  (cost=9941.82..10191.82 rows=100000 width=20) (actual time=17.842..21.602 rows=100000 loops=1)
               Sort Key: s_2.a, s_2.b
               Sort Method: quicksort  Memory: 10885kB
               ->  Seq Scan on s_2  (cost=0.00..1637.00 rows=100000 width=20) (actual time=0.010..5.613 rows=100000 loops=1)
 Planning time: 0.218 ms
 Execution time: 63.016 ms
(10 rows)

===== 135 [Wed Mar  7 02:01:54 CET 2018] scale:100000 groups:100 work_mem:16MB incremental:off max_workers:0 =====
SELECT * FROM (SELECT * FROM s_3 ORDER BY a, b, c) foo ORDER BY a, b, c, d
                                                         QUERY PLAN                                                          
-----------------------------------------------------------------------------------------------------------------------------
 Limit  (cost=20746.64..20746.64 rows=1 width=20) (actual time=57.391..57.391 rows=0 loops=1)
   ->  Sort  (cost=19496.64..19746.64 rows=100000 width=20) (actual time=51.933..55.220 rows=100000 loops=1)
         Sort Key: s_3.a, s_3.b, s_3.c, s_3.d
         Sort Method: quicksort  Memory: 10885kB
         ->  Sort  (cost=9941.82..10191.82 rows=100000 width=20) (actual time=18.540..22.301 rows=100000 loops=1)
               Sort Key: s_3.a, s_3.b, s_3.c
               Sort Method: quicksort  Memory: 10885kB
               ->  Seq Scan on s_3  (cost=0.00..1637.00 rows=100000 width=20) (actual time=0.013..5.609 rows=100000 loops=1)
 Planning time: 0.214 ms
 Execution time: 58.300 ms
(10 rows)

===== 136 [Wed Mar  7 02:01:54 CET 2018] scale:100000 groups:100 work_mem:16MB incremental:off max_workers:0 =====
SELECT * FROM (SELECT * FROM s_4 ORDER BY a, b, c, d) foo ORDER BY a, b, c, d, e
                                                         QUERY PLAN                                                          
-----------------------------------------------------------------------------------------------------------------------------
 Limit  (cost=20746.64..20746.64 rows=1 width=20) (actual time=48.890..48.890 rows=0 loops=1)
   ->  Sort  (cost=19496.64..19746.64 rows=100000 width=20) (actual time=43.451..46.702 rows=100000 loops=1)
         Sort Key: s_4.a, s_4.b, s_4.c, s_4.d, s_4.e
         Sort Method: quicksort  Memory: 10885kB
         ->  Sort  (cost=9941.82..10191.82 rows=100000 width=20) (actual time=18.653..22.422 rows=100000 loops=1)
               Sort Key: s_4.a, s_4.b, s_4.c, s_4.d
               Sort Method: quicksort  Memory: 10885kB
               ->  Seq Scan on s_4  (cost=0.00..1637.00 rows=100000 width=20) (actual time=0.009..5.631 rows=100000 loops=1)
 Planning time: 0.222 ms
 Execution time: 49.801 ms
(10 rows)

===== 137 [Wed Mar  7 02:01:54 CET 2018] scale:100000 groups:100 work_mem:32MB incremental:on max_workers:0 =====
SELECT * FROM (SELECT * FROM s_1 ORDER BY a) foo ORDER BY a, b
                                                         QUERY PLAN                                                          
-----------------------------------------------------------------------------------------------------------------------------
 Limit  (cost=18919.55..18919.55 rows=1 width=20) (actual time=48.600..48.600 rows=0 loops=1)
   ->  Incremental Sort  (cost=10003.46..17919.55 rows=100000 width=20) (actual time=16.616..46.052 rows=100000 loops=1)
         Sort Key: s_1.a, s_1.b
         Presorted Key: s_1.a
         Sort Method: quicksort  Memory: 131kB
         Sort Groups: 101
         ->  Sort  (cost=9941.82..10191.82 rows=100000 width=20) (actual time=16.447..19.977 rows=100000 loops=1)
               Sort Key: s_1.a
               Sort Method: quicksort  Memory: 10885kB
               ->  Seq Scan on s_1  (cost=0.00..1637.00 rows=100000 width=20) (actual time=0.007..5.576 rows=100000 loops=1)
 Planning time: 0.215 ms
 Execution time: 49.062 ms
(12 rows)

===== 138 [Wed Mar  7 02:01:54 CET 2018] scale:100000 groups:100 work_mem:32MB incremental:on max_workers:0 =====
SELECT * FROM (SELECT * FROM s_2 ORDER BY a, b) foo ORDER BY a, b, c
                                                         QUERY PLAN                                                          
-----------------------------------------------------------------------------------------------------------------------------
 Limit  (cost=15802.78..15802.78 rows=1 width=20) (actual time=48.808..48.808 rows=0 loops=1)
   ->  Incremental Sort  (cost=9942.11..14802.78 rows=100000 width=20) (actual time=18.021..46.244 rows=100000 loops=1)
         Sort Key: s_2.a, s_2.b, s_2.c
         Presorted Key: s_2.a, s_2.b
         Sort Method: quicksort  Memory: 29kB
         Sort Groups: 2704
         ->  Sort  (cost=9941.82..10191.82 rows=100000 width=20) (actual time=17.970..22.089 rows=100000 loops=1)
               Sort Key: s_2.a, s_2.b
               Sort Method: quicksort  Memory: 10885kB
               ->  Seq Scan on s_2  (cost=0.00..1637.00 rows=100000 width=20) (actual time=0.010..5.622 rows=100000 loops=1)
 Planning time: 0.217 ms
 Execution time: 49.273 ms
(12 rows)

===== 139 [Wed Mar  7 02:01:55 CET 2018] scale:100000 groups:100 work_mem:32MB incremental:on max_workers:0 =====
SELECT * FROM (SELECT * FROM s_3 ORDER BY a, b, c) foo ORDER BY a, b, c, d
                                                         QUERY PLAN                                                          
-----------------------------------------------------------------------------------------------------------------------------
 Limit  (cost=15802.78..15802.78 rows=1 width=20) (actual time=43.176..43.176 rows=0 loops=1)
   ->  Incremental Sort  (cost=9942.11..14802.78 rows=100000 width=20) (actual time=18.563..40.632 rows=100000 loops=1)
         Sort Key: s_3.a, s_3.b, s_3.c, s_3.d
         Presorted Key: s_3.a, s_3.b, s_3.c
         Sort Method: quicksort  Memory: 27kB
         Sort Groups: 3120
         ->  Sort  (cost=9941.82..10191.82 rows=100000 width=20) (actual time=18.524..22.588 rows=100000 loops=1)
               Sort Key: s_3.a, s_3.b, s_3.c
               Sort Method: quicksort  Memory: 10885kB
               ->  Seq Scan on s_3  (cost=0.00..1637.00 rows=100000 width=20) (actual time=0.013..5.603 rows=100000 loops=1)
 Planning time: 0.222 ms
 Execution time: 43.647 ms
(12 rows)

===== 140 [Wed Mar  7 02:01:55 CET 2018] scale:100000 groups:100 work_mem:32MB incremental:on max_workers:0 =====
SELECT * FROM (SELECT * FROM s_4 ORDER BY a, b, c, d) foo ORDER BY a, b, c, d, e
                                                         QUERY PLAN                                                          
-----------------------------------------------------------------------------------------------------------------------------
 Limit  (cost=15802.78..15802.78 rows=1 width=20) (actual time=40.057..40.057 rows=0 loops=1)
   ->  Incremental Sort  (cost=9942.11..14802.78 rows=100000 width=20) (actual time=18.596..37.814 rows=100000 loops=1)
         Sort Key: s_4.a, s_4.b, s_4.c, s_4.d, s_4.e
         Presorted Key: s_4.a, s_4.b, s_4.c, s_4.d
         Sort Method: quicksort  Memory: 27kB
         Sort Groups: 3125
         ->  Sort  (cost=9941.82..10191.82 rows=100000 width=20) (actual time=18.547..22.730 rows=100000 loops=1)
               Sort Key: s_4.a, s_4.b, s_4.c, s_4.d
               Sort Method: quicksort  Memory: 10885kB
               ->  Seq Scan on s_4  (cost=0.00..1637.00 rows=100000 width=20) (actual time=0.009..5.599 rows=100000 loops=1)
 Planning time: 0.227 ms
 Execution time: 40.532 ms
(12 rows)

===== 141 [Wed Mar  7 02:01:55 CET 2018] scale:100000 groups:100 work_mem:32MB incremental:off max_workers:0 =====
SELECT * FROM (SELECT * FROM s_1 ORDER BY a) foo ORDER BY a, b
                                                         QUERY PLAN                                                          
-----------------------------------------------------------------------------------------------------------------------------
 Limit  (cost=20746.64..20746.64 rows=1 width=20) (actual time=54.898..54.898 rows=0 loops=1)
   ->  Sort  (cost=19496.64..19746.64 rows=100000 width=20) (actual time=48.017..52.736 rows=100000 loops=1)
         Sort Key: s_1.a, s_1.b
         Sort Method: quicksort  Memory: 10885kB
         ->  Sort  (cost=9941.82..10191.82 rows=100000 width=20) (actual time=16.413..20.164 rows=100000 loops=1)
               Sort Key: s_1.a
               Sort Method: quicksort  Memory: 10885kB
               ->  Seq Scan on s_1  (cost=0.00..1637.00 rows=100000 width=20) (actual time=0.007..5.611 rows=100000 loops=1)
 Planning time: 0.208 ms
 Execution time: 55.816 ms
(10 rows)

===== 142 [Wed Mar  7 02:01:56 CET 2018] scale:100000 groups:100 work_mem:32MB incremental:off max_workers:0 =====
SELECT * FROM (SELECT * FROM s_2 ORDER BY a, b) foo ORDER BY a, b, c
                                                         QUERY PLAN                                                          
-----------------------------------------------------------------------------------------------------------------------------
 Limit  (cost=20746.64..20746.64 rows=1 width=20) (actual time=62.112..62.112 rows=0 loops=1)
   ->  Sort  (cost=19496.64..19746.64 rows=100000 width=20) (actual time=56.201..59.946 rows=100000 loops=1)
         Sort Key: s_2.a, s_2.b, s_2.c
         Sort Method: quicksort  Memory: 10885kB
         ->  Sort  (cost=9941.82..10191.82 rows=100000 width=20) (actual time=17.857..21.634 rows=100000 loops=1)
               Sort Key: s_2.a, s_2.b
               Sort Method: quicksort  Memory: 10885kB
               ->  Seq Scan on s_2  (cost=0.00..1637.00 rows=100000 width=20) (actual time=0.010..5.618 rows=100000 loops=1)
 Planning time: 0.212 ms
 Execution time: 63.021 ms
(10 rows)

===== 143 [Wed Mar  7 02:01:56 CET 2018] scale:100000 groups:100 work_mem:32MB incremental:off max_workers:0 =====
SELECT * FROM (SELECT * FROM s_3 ORDER BY a, b, c) foo ORDER BY a, b, c, d
                                                         QUERY PLAN                                                          
-----------------------------------------------------------------------------------------------------------------------------
 Limit  (cost=20746.64..20746.64 rows=1 width=20) (actual time=57.295..57.295 rows=0 loops=1)
   ->  Sort  (cost=19496.64..19746.64 rows=100000 width=20) (actual time=51.845..55.118 rows=100000 loops=1)
         Sort Key: s_3.a, s_3.b, s_3.c, s_3.d
         Sort Method: quicksort  Memory: 10885kB
         ->  Sort  (cost=9941.82..10191.82 rows=100000 width=20) (actual time=18.491..22.256 rows=100000 loops=1)
               Sort Key: s_3.a, s_3.b, s_3.c
               Sort Method: quicksort  Memory: 10885kB
               ->  Seq Scan on s_3  (cost=0.00..1637.00 rows=100000 width=20) (actual time=0.013..5.611 rows=100000 loops=1)
 Planning time: 0.215 ms
 Execution time: 58.206 ms
(10 rows)

===== 144 [Wed Mar  7 02:01:56 CET 2018] scale:100000 groups:100 work_mem:32MB incremental:off max_workers:0 =====
SELECT * FROM (SELECT * FROM s_4 ORDER BY a, b, c, d) foo ORDER BY a, b, c, d, e
                                                         QUERY PLAN                                                          
-----------------------------------------------------------------------------------------------------------------------------
 Limit  (cost=20746.64..20746.64 rows=1 width=20) (actual time=48.803..48.803 rows=0 loops=1)
   ->  Sort  (cost=19496.64..19746.64 rows=100000 width=20) (actual time=43.371..46.619 rows=100000 loops=1)
         Sort Key: s_4.a, s_4.b, s_4.c, s_4.d, s_4.e
         Sort Method: quicksort  Memory: 10885kB
         ->  Sort  (cost=9941.82..10191.82 rows=100000 width=20) (actual time=18.603..22.380 rows=100000 loops=1)
               Sort Key: s_4.a, s_4.b, s_4.c, s_4.d
               Sort Method: quicksort  Memory: 10885kB
               ->  Seq Scan on s_4  (cost=0.00..1637.00 rows=100000 width=20) (actual time=0.009..5.613 rows=100000 loops=1)
 Planning time: 0.222 ms
 Execution time: 49.712 ms
(10 rows)

===== 145 [Wed Mar  7 02:01:57 CET 2018] scale:100000 groups:100 work_mem:64MB incremental:on max_workers:0 =====
SELECT * FROM (SELECT * FROM s_1 ORDER BY a) foo ORDER BY a, b
                                                         QUERY PLAN                                                          
-----------------------------------------------------------------------------------------------------------------------------
 Limit  (cost=18919.55..18919.55 rows=1 width=20) (actual time=48.694..48.694 rows=0 loops=1)
   ->  Incremental Sort  (cost=10003.46..17919.55 rows=100000 width=20) (actual time=16.646..46.141 rows=100000 loops=1)
         Sort Key: s_1.a, s_1.b
         Presorted Key: s_1.a
         Sort Method: quicksort  Memory: 131kB
         Sort Groups: 101
         ->  Sort  (cost=9941.82..10191.82 rows=100000 width=20) (actual time=16.477..20.009 rows=100000 loops=1)
               Sort Key: s_1.a
               Sort Method: quicksort  Memory: 10885kB
               ->  Seq Scan on s_1  (cost=0.00..1637.00 rows=100000 width=20) (actual time=0.007..5.578 rows=100000 loops=1)
 Planning time: 0.221 ms
 Execution time: 49.156 ms
(12 rows)

===== 146 [Wed Mar  7 02:01:57 CET 2018] scale:100000 groups:100 work_mem:64MB incremental:on max_workers:0 =====
SELECT * FROM (SELECT * FROM s_2 ORDER BY a, b) foo ORDER BY a, b, c
                                                         QUERY PLAN                                                          
-----------------------------------------------------------------------------------------------------------------------------
 Limit  (cost=15802.78..15802.78 rows=1 width=20) (actual time=48.804..48.804 rows=0 loops=1)
   ->  Incremental Sort  (cost=9942.11..14802.78 rows=100000 width=20) (actual time=18.045..46.242 rows=100000 loops=1)
         Sort Key: s_2.a, s_2.b, s_2.c
         Presorted Key: s_2.a, s_2.b
         Sort Method: quicksort  Memory: 29kB
         Sort Groups: 2704
         ->  Sort  (cost=9941.82..10191.82 rows=100000 width=20) (actual time=17.979..22.092 rows=100000 loops=1)
               Sort Key: s_2.a, s_2.b
               Sort Method: quicksort  Memory: 10885kB
               ->  Seq Scan on s_2  (cost=0.00..1637.00 rows=100000 width=20) (actual time=0.011..5.627 rows=100000 loops=1)
 Planning time: 0.222 ms
 Execution time: 49.276 ms
(12 rows)

===== 147 [Wed Mar  7 02:01:57 CET 2018] scale:100000 groups:100 work_mem:64MB incremental:on max_workers:0 =====
SELECT * FROM (SELECT * FROM s_3 ORDER BY a, b, c) foo ORDER BY a, b, c, d
                                                         QUERY PLAN                                                          
-----------------------------------------------------------------------------------------------------------------------------
 Limit  (cost=15802.78..15802.78 rows=1 width=20) (actual time=43.153..43.153 rows=0 loops=1)
   ->  Incremental Sort  (cost=9942.11..14802.78 rows=100000 width=20) (actual time=18.565..40.612 rows=100000 loops=1)
         Sort Key: s_3.a, s_3.b, s_3.c, s_3.d
         Presorted Key: s_3.a, s_3.b, s_3.c
         Sort Method: quicksort  Memory: 27kB
         Sort Groups: 3120
         ->  Sort  (cost=9941.82..10191.82 rows=100000 width=20) (actual time=18.526..22.596 rows=100000 loops=1)
               Sort Key: s_3.a, s_3.b, s_3.c
               Sort Method: quicksort  Memory: 10885kB
               ->  Seq Scan on s_3  (cost=0.00..1637.00 rows=100000 width=20) (actual time=0.013..5.615 rows=100000 loops=1)
 Planning time: 0.222 ms
 Execution time: 43.620 ms
(12 rows)

===== 148 [Wed Mar  7 02:01:58 CET 2018] scale:100000 groups:100 work_mem:64MB incremental:on max_workers:0 =====
SELECT * FROM (SELECT * FROM s_4 ORDER BY a, b, c, d) foo ORDER BY a, b, c, d, e
                                                         QUERY PLAN                                                          
-----------------------------------------------------------------------------------------------------------------------------
 Limit  (cost=15802.78..15802.78 rows=1 width=20) (actual time=40.041..40.041 rows=0 loops=1)
   ->  Incremental Sort  (cost=9942.11..14802.78 rows=100000 width=20) (actual time=18.584..37.801 rows=100000 loops=1)
         Sort Key: s_4.a, s_4.b, s_4.c, s_4.d, s_4.e
         Presorted Key: s_4.a, s_4.b, s_4.c, s_4.d
         Sort Method: quicksort  Memory: 27kB
         Sort Groups: 3125
         ->  Sort  (cost=9941.82..10191.82 rows=100000 width=20) (actual time=18.544..22.722 rows=100000 loops=1)
               Sort Key: s_4.a, s_4.b, s_4.c, s_4.d
               Sort Method: quicksort  Memory: 10885kB
               ->  Seq Scan on s_4  (cost=0.00..1637.00 rows=100000 width=20) (actual time=0.009..5.595 rows=100000 loops=1)
 Planning time: 0.239 ms
 Execution time: 40.515 ms
(12 rows)

===== 149 [Wed Mar  7 02:01:58 CET 2018] scale:100000 groups:100 work_mem:64MB incremental:off max_workers:0 =====
SELECT * FROM (SELECT * FROM s_1 ORDER BY a) foo ORDER BY a, b
                                                         QUERY PLAN                                                          
-----------------------------------------------------------------------------------------------------------------------------
 Limit  (cost=20746.64..20746.64 rows=1 width=20) (actual time=54.932..54.932 rows=0 loops=1)
   ->  Sort  (cost=19496.64..19746.64 rows=100000 width=20) (actual time=48.079..52.766 rows=100000 loops=1)
         Sort Key: s_1.a, s_1.b
         Sort Method: quicksort  Memory: 10885kB
         ->  Sort  (cost=9941.82..10191.82 rows=100000 width=20) (actual time=16.458..20.206 rows=100000 loops=1)
               Sort Key: s_1.a
               Sort Method: quicksort  Memory: 10885kB
               ->  Seq Scan on s_1  (cost=0.00..1637.00 rows=100000 width=20) (actual time=0.007..5.611 rows=100000 loops=1)
 Planning time: 0.214 ms
 Execution time: 55.843 ms
(10 rows)

===== 150 [Wed Mar  7 02:01:58 CET 2018] scale:100000 groups:100 work_mem:64MB incremental:off max_workers:0 =====
SELECT * FROM (SELECT * FROM s_2 ORDER BY a, b) foo ORDER BY a, b, c
                                                         QUERY PLAN                                                          
-----------------------------------------------------------------------------------------------------------------------------
 Limit  (cost=20746.64..20746.64 rows=1 width=20) (actual time=62.059..62.059 rows=0 loops=1)
   ->  Sort  (cost=19496.64..19746.64 rows=100000 width=20) (actual time=56.164..59.892 rows=100000 loops=1)
         Sort Key: s_2.a, s_2.b, s_2.c
         Sort Method: quicksort  Memory: 10885kB
         ->  Sort  (cost=9941.82..10191.82 rows=100000 width=20) (actual time=17.852..21.625 rows=100000 loops=1)
               Sort Key: s_2.a, s_2.b
               Sort Method: quicksort  Memory: 10885kB
               ->  Seq Scan on s_2  (cost=0.00..1637.00 rows=100000 width=20) (actual time=0.010..5.605 rows=100000 loops=1)
 Planning time: 0.209 ms
 Execution time: 62.965 ms
(10 rows)

===== 151 [Wed Mar  7 02:01:58 CET 2018] scale:100000 groups:100 work_mem:64MB incremental:off max_workers:0 =====
SELECT * FROM (SELECT * FROM s_3 ORDER BY a, b, c) foo ORDER BY a, b, c, d
                                                         QUERY PLAN                                                          
-----------------------------------------------------------------------------------------------------------------------------
 Limit  (cost=20746.64..20746.64 rows=1 width=20) (actual time=57.351..57.351 rows=0 loops=1)
   ->  Sort  (cost=19496.64..19746.64 rows=100000 width=20) (actual time=51.882..55.185 rows=100000 loops=1)
         Sort Key: s_3.a, s_3.b, s_3.c, s_3.d
         Sort Method: quicksort  Memory: 10885kB
         ->  Sort  (cost=9941.82..10191.82 rows=100000 width=20) (actual time=18.528..22.295 rows=100000 loops=1)
               Sort Key: s_3.a, s_3.b, s_3.c
               Sort Method: quicksort  Memory: 10885kB
               ->  Seq Scan on s_3  (cost=0.00..1637.00 rows=100000 width=20) (actual time=0.013..5.613 rows=100000 loops=1)
 Planning time: 0.212 ms
 Execution time: 58.267 ms
(10 rows)

===== 152 [Wed Mar  7 02:01:59 CET 2018] scale:100000 groups:100 work_mem:64MB incremental:off max_workers:0 =====
SELECT * FROM (SELECT * FROM s_4 ORDER BY a, b, c, d) foo ORDER BY a, b, c, d, e
                                                         QUERY PLAN                                                          
-----------------------------------------------------------------------------------------------------------------------------
 Limit  (cost=20746.64..20746.64 rows=1 width=20) (actual time=48.777..48.777 rows=0 loops=1)
   ->  Sort  (cost=19496.64..19746.64 rows=100000 width=20) (actual time=43.349..46.599 rows=100000 loops=1)
         Sort Key: s_4.a, s_4.b, s_4.c, s_4.d, s_4.e
         Sort Method: quicksort  Memory: 10885kB
         ->  Sort  (cost=9941.82..10191.82 rows=100000 width=20) (actual time=18.592..22.358 rows=100000 loops=1)
               Sort Key: s_4.a, s_4.b, s_4.c, s_4.d
               Sort Method: quicksort  Memory: 10885kB
               ->  Seq Scan on s_4  (cost=0.00..1637.00 rows=100000 width=20) (actual time=0.009..5.615 rows=100000 loops=1)
 Planning time: 0.222 ms
 Execution time: 49.687 ms
(10 rows)

===== 153 [Wed Mar  7 02:01:59 CET 2018] scale:100000 groups:100 work_mem:128MB incremental:on max_workers:0 =====
SELECT * FROM (SELECT * FROM s_1 ORDER BY a) foo ORDER BY a, b
                                                         QUERY PLAN                                                          
-----------------------------------------------------------------------------------------------------------------------------
 Limit  (cost=18919.55..18919.55 rows=1 width=20) (actual time=48.751..48.751 rows=0 loops=1)
   ->  Incremental Sort  (cost=10003.46..17919.55 rows=100000 width=20) (actual time=16.665..46.190 rows=100000 loops=1)
         Sort Key: s_1.a, s_1.b
         Presorted Key: s_1.a
         Sort Method: quicksort  Memory: 131kB
         Sort Groups: 101
         ->  Sort  (cost=9941.82..10191.82 rows=100000 width=20) (actual time=16.495..20.030 rows=100000 loops=1)
               Sort Key: s_1.a
               Sort Method: quicksort  Memory: 10885kB
               ->  Seq Scan on s_1  (cost=0.00..1637.00 rows=100000 width=20) (actual time=0.007..5.585 rows=100000 loops=1)
 Planning time: 0.219 ms
 Execution time: 49.213 ms
(12 rows)

===== 154 [Wed Mar  7 02:01:59 CET 2018] scale:100000 groups:100 work_mem:128MB incremental:on max_workers:0 =====
SELECT * FROM (SELECT * FROM s_2 ORDER BY a, b) foo ORDER BY a, b, c
                                                         QUERY PLAN                                                          
-----------------------------------------------------------------------------------------------------------------------------
 Limit  (cost=15802.78..15802.78 rows=1 width=20) (actual time=48.757..48.757 rows=0 loops=1)
   ->  Incremental Sort  (cost=9942.11..14802.78 rows=100000 width=20) (actual time=17.996..46.198 rows=100000 loops=1)
         Sort Key: s_2.a, s_2.b, s_2.c
         Presorted Key: s_2.a, s_2.b
         Sort Method: quicksort  Memory: 29kB
         Sort Groups: 2704
         ->  Sort  (cost=9941.82..10191.82 rows=100000 width=20) (actual time=17.946..22.058 rows=100000 loops=1)
               Sort Key: s_2.a, s_2.b
               Sort Method: quicksort  Memory: 10885kB
               ->  Seq Scan on s_2  (cost=0.00..1637.00 rows=100000 width=20) (actual time=0.010..5.619 rows=100000 loops=1)
 Planning time: 0.220 ms
 Execution time: 49.224 ms
(12 rows)

===== 155 [Wed Mar  7 02:02:00 CET 2018] scale:100000 groups:100 work_mem:128MB incremental:on max_workers:0 =====
SELECT * FROM (SELECT * FROM s_3 ORDER BY a, b, c) foo ORDER BY a, b, c, d
                                                         QUERY PLAN                                                          
-----------------------------------------------------------------------------------------------------------------------------
 Limit  (cost=15802.78..15802.78 rows=1 width=20) (actual time=43.177..43.177 rows=0 loops=1)
   ->  Incremental Sort  (cost=9942.11..14802.78 rows=100000 width=20) (actual time=18.560..40.641 rows=100000 loops=1)
         Sort Key: s_3.a, s_3.b, s_3.c, s_3.d
         Presorted Key: s_3.a, s_3.b, s_3.c
         Sort Method: quicksort  Memory: 27kB
         Sort Groups: 3120
         ->  Sort  (cost=9941.82..10191.82 rows=100000 width=20) (actual time=18.520..22.592 rows=100000 loops=1)
               Sort Key: s_3.a, s_3.b, s_3.c
               Sort Method: quicksort  Memory: 10885kB
               ->  Seq Scan on s_3  (cost=0.00..1637.00 rows=100000 width=20) (actual time=0.013..5.615 rows=100000 loops=1)
 Planning time: 0.228 ms
 Execution time: 43.640 ms
(12 rows)

===== 156 [Wed Mar  7 02:02:00 CET 2018] scale:100000 groups:100 work_mem:128MB incremental:on max_workers:0 =====
SELECT * FROM (SELECT * FROM s_4 ORDER BY a, b, c, d) foo ORDER BY a, b, c, d, e
                                                         QUERY PLAN                                                          
-----------------------------------------------------------------------------------------------------------------------------
 Limit  (cost=15802.78..15802.78 rows=1 width=20) (actual time=40.037..40.037 rows=0 loops=1)
   ->  Incremental Sort  (cost=9942.11..14802.78 rows=100000 width=20) (actual time=18.588..37.795 rows=100000 loops=1)
         Sort Key: s_4.a, s_4.b, s_4.c, s_4.d, s_4.e
         Presorted Key: s_4.a, s_4.b, s_4.c, s_4.d
         Sort Method: quicksort  Memory: 27kB
         Sort Groups: 3125
         ->  Sort  (cost=9941.82..10191.82 rows=100000 width=20) (actual time=18.547..22.718 rows=100000 loops=1)
               Sort Key: s_4.a, s_4.b, s_4.c, s_4.d
               Sort Method: quicksort  Memory: 10885kB
               ->  Seq Scan on s_4  (cost=0.00..1637.00 rows=100000 width=20) (actual time=0.009..5.594 rows=100000 loops=1)
 Planning time: 0.231 ms
 Execution time: 40.511 ms
(12 rows)

===== 157 [Wed Mar  7 02:02:00 CET 2018] scale:100000 groups:100 work_mem:128MB incremental:off max_workers:0 =====
SELECT * FROM (SELECT * FROM s_1 ORDER BY a) foo ORDER BY a, b
                                                         QUERY PLAN                                                          
-----------------------------------------------------------------------------------------------------------------------------
 Limit  (cost=20746.64..20746.64 rows=1 width=20) (actual time=54.843..54.843 rows=0 loops=1)
   ->  Sort  (cost=19496.64..19746.64 rows=100000 width=20) (actual time=47.980..52.683 rows=100000 loops=1)
         Sort Key: s_1.a, s_1.b
         Sort Method: quicksort  Memory: 10885kB
         ->  Sort  (cost=9941.82..10191.82 rows=100000 width=20) (actual time=16.417..20.161 rows=100000 loops=1)
               Sort Key: s_1.a
               Sort Method: quicksort  Memory: 10885kB
               ->  Seq Scan on s_1  (cost=0.00..1637.00 rows=100000 width=20) (actual time=0.007..5.605 rows=100000 loops=1)
 Planning time: 0.214 ms
 Execution time: 55.755 ms
(10 rows)

===== 158 [Wed Mar  7 02:02:01 CET 2018] scale:100000 groups:100 work_mem:128MB incremental:off max_workers:0 =====
SELECT * FROM (SELECT * FROM s_2 ORDER BY a, b) foo ORDER BY a, b, c
                                                         QUERY PLAN                                                          
-----------------------------------------------------------------------------------------------------------------------------
 Limit  (cost=20746.64..20746.64 rows=1 width=20) (actual time=62.114..62.114 rows=0 loops=1)
   ->  Sort  (cost=19496.64..19746.64 rows=100000 width=20) (actual time=56.197..59.937 rows=100000 loops=1)
         Sort Key: s_2.a, s_2.b, s_2.c
         Sort Method: quicksort  Memory: 10885kB
         ->  Sort  (cost=9941.82..10191.82 rows=100000 width=20) (actual time=17.856..21.615 rows=100000 loops=1)
               Sort Key: s_2.a, s_2.b
               Sort Method: quicksort  Memory: 10885kB
               ->  Seq Scan on s_2  (cost=0.00..1637.00 rows=100000 width=20) (actual time=0.010..5.609 rows=100000 loops=1)
 Planning time: 0.214 ms
 Execution time: 63.026 ms
(10 rows)

===== 159 [Wed Mar  7 02:02:01 CET 2018] scale:100000 groups:100 work_mem:128MB incremental:off max_workers:0 =====
SELECT * FROM (SELECT * FROM s_3 ORDER BY a, b, c) foo ORDER BY a, b, c, d
                                                         QUERY PLAN                                                          
-----------------------------------------------------------------------------------------------------------------------------
 Limit  (cost=20746.64..20746.64 rows=1 width=20) (actual time=57.388..57.388 rows=0 loops=1)
   ->  Sort  (cost=19496.64..19746.64 rows=100000 width=20) (actual time=51.932..55.218 rows=100000 loops=1)
         Sort Key: s_3.a, s_3.b, s_3.c, s_3.d
         Sort Method: quicksort  Memory: 10885kB
         ->  Sort  (cost=9941.82..10191.82 rows=100000 width=20) (actual time=18.545..22.321 rows=100000 loops=1)
               Sort Key: s_3.a, s_3.b, s_3.c
               Sort Method: quicksort  Memory: 10885kB
               ->  Seq Scan on s_3  (cost=0.00..1637.00 rows=100000 width=20) (actual time=0.013..5.615 rows=100000 loops=1)
 Planning time: 0.218 ms
 Execution time: 58.300 ms
(10 rows)

===== 160 [Wed Mar  7 02:02:01 CET 2018] scale:100000 groups:100 work_mem:128MB incremental:off max_workers:0 =====
SELECT * FROM (SELECT * FROM s_4 ORDER BY a, b, c, d) foo ORDER BY a, b, c, d, e
                                                         QUERY PLAN                                                          
-----------------------------------------------------------------------------------------------------------------------------
 Limit  (cost=20746.64..20746.64 rows=1 width=20) (actual time=48.866..48.866 rows=0 loops=1)
   ->  Sort  (cost=19496.64..19746.64 rows=100000 width=20) (actual time=43.429..46.681 rows=100000 loops=1)
         Sort Key: s_4.a, s_4.b, s_4.c, s_4.d, s_4.e
         Sort Method: quicksort  Memory: 10885kB
         ->  Sort  (cost=9941.82..10191.82 rows=100000 width=20) (actual time=18.642..22.414 rows=100000 loops=1)
               Sort Key: s_4.a, s_4.b, s_4.c, s_4.d
               Sort Method: quicksort  Memory: 10885kB
               ->  Seq Scan on s_4  (cost=0.00..1637.00 rows=100000 width=20) (actual time=0.009..5.625 rows=100000 loops=1)
 Planning time: 0.225 ms
 Execution time: 49.778 ms
(10 rows)

===== 161 [Wed Mar  7 02:02:02 CET 2018] scale:100000 groups:100 work_mem:256MB incremental:on max_workers:0 =====
SELECT * FROM (SELECT * FROM s_1 ORDER BY a) foo ORDER BY a, b
                                                         QUERY PLAN                                                          
-----------------------------------------------------------------------------------------------------------------------------
 Limit  (cost=18919.55..18919.55 rows=1 width=20) (actual time=48.566..48.566 rows=0 loops=1)
   ->  Incremental Sort  (cost=10003.46..17919.55 rows=100000 width=20) (actual time=16.638..46.019 rows=100000 loops=1)
         Sort Key: s_1.a, s_1.b
         Presorted Key: s_1.a
         Sort Method: quicksort  Memory: 131kB
         Sort Groups: 101
         ->  Sort  (cost=9941.82..10191.82 rows=100000 width=20) (actual time=16.465..20.007 rows=100000 loops=1)
               Sort Key: s_1.a
               Sort Method: quicksort  Memory: 10885kB
               ->  Seq Scan on s_1  (cost=0.00..1637.00 rows=100000 width=20) (actual time=0.007..5.574 rows=100000 loops=1)
 Planning time: 0.219 ms
 Execution time: 49.032 ms
(12 rows)

===== 162 [Wed Mar  7 02:02:02 CET 2018] scale:100000 groups:100 work_mem:256MB incremental:on max_workers:0 =====
SELECT * FROM (SELECT * FROM s_2 ORDER BY a, b) foo ORDER BY a, b, c
                                                         QUERY PLAN                                                          
-----------------------------------------------------------------------------------------------------------------------------
 Limit  (cost=15802.78..15802.78 rows=1 width=20) (actual time=48.775..48.775 rows=0 loops=1)
   ->  Incremental Sort  (cost=9942.11..14802.78 rows=100000 width=20) (actual time=18.006..46.212 rows=100000 loops=1)
         Sort Key: s_2.a, s_2.b, s_2.c
         Presorted Key: s_2.a, s_2.b
         Sort Method: quicksort  Memory: 29kB
         Sort Groups: 2704
         ->  Sort  (cost=9941.82..10191.82 rows=100000 width=20) (actual time=17.956..22.078 rows=100000 loops=1)
               Sort Key: s_2.a, s_2.b
               Sort Method: quicksort  Memory: 10885kB
               ->  Seq Scan on s_2  (cost=0.00..1637.00 rows=100000 width=20) (actual time=0.010..5.622 rows=100000 loops=1)
 Planning time: 0.221 ms
 Execution time: 49.246 ms
(12 rows)

===== 163 [Wed Mar  7 02:02:02 CET 2018] scale:100000 groups:100 work_mem:256MB incremental:on max_workers:0 =====
SELECT * FROM (SELECT * FROM s_3 ORDER BY a, b, c) foo ORDER BY a, b, c, d
                                                         QUERY PLAN                                                          
-----------------------------------------------------------------------------------------------------------------------------
 Limit  (cost=15802.78..15802.78 rows=1 width=20) (actual time=43.145..43.145 rows=0 loops=1)
   ->  Incremental Sort  (cost=9942.11..14802.78 rows=100000 width=20) (actual time=18.521..40.603 rows=100000 loops=1)
         Sort Key: s_3.a, s_3.b, s_3.c, s_3.d
         Presorted Key: s_3.a, s_3.b, s_3.c
         Sort Method: quicksort  Memory: 27kB
         Sort Groups: 3120
         ->  Sort  (cost=9941.82..10191.82 rows=100000 width=20) (actual time=18.481..22.551 rows=100000 loops=1)
               Sort Key: s_3.a, s_3.b, s_3.c
               Sort Method: quicksort  Memory: 10885kB
               ->  Seq Scan on s_3  (cost=0.00..1637.00 rows=100000 width=20) (actual time=0.013..5.619 rows=100000 loops=1)
 Planning time: 0.224 ms
 Execution time: 43.614 ms
(12 rows)

===== 164 [Wed Mar  7 02:02:02 CET 2018] scale:100000 groups:100 work_mem:256MB incremental:on max_workers:0 =====
SELECT * FROM (SELECT * FROM s_4 ORDER BY a, b, c, d) foo ORDER BY a, b, c, d, e
                                                         QUERY PLAN                                                          
-----------------------------------------------------------------------------------------------------------------------------
 Limit  (cost=15802.78..15802.78 rows=1 width=20) (actual time=40.056..40.056 rows=0 loops=1)
   ->  Incremental Sort  (cost=9942.11..14802.78 rows=100000 width=20) (actual time=18.590..37.815 rows=100000 loops=1)
         Sort Key: s_4.a, s_4.b, s_4.c, s_4.d, s_4.e
         Presorted Key: s_4.a, s_4.b, s_4.c, s_4.d
         Sort Method: quicksort  Memory: 27kB
         Sort Groups: 3125
         ->  Sort  (cost=9941.82..10191.82 rows=100000 width=20) (actual time=18.550..22.732 rows=100000 loops=1)
               Sort Key: s_4.a, s_4.b, s_4.c, s_4.d
               Sort Method: quicksort  Memory: 10885kB
               ->  Seq Scan on s_4  (cost=0.00..1637.00 rows=100000 width=20) (actual time=0.009..5.596 rows=100000 loops=1)
 Planning time: 0.227 ms
 Execution time: 40.532 ms
(12 rows)

===== 165 [Wed Mar  7 02:02:03 CET 2018] scale:100000 groups:100 work_mem:256MB incremental:off max_workers:0 =====
SELECT * FROM (SELECT * FROM s_1 ORDER BY a) foo ORDER BY a, b
                                                         QUERY PLAN                                                          
-----------------------------------------------------------------------------------------------------------------------------
 Limit  (cost=20746.64..20746.64 rows=1 width=20) (actual time=54.876..54.876 rows=0 loops=1)
   ->  Sort  (cost=19496.64..19746.64 rows=100000 width=20) (actual time=47.991..52.708 rows=100000 loops=1)
         Sort Key: s_1.a, s_1.b
         Sort Method: quicksort  Memory: 10885kB
         ->  Sort  (cost=9941.82..10191.82 rows=100000 width=20) (actual time=16.412..20.173 rows=100000 loops=1)
               Sort Key: s_1.a
               Sort Method: quicksort  Memory: 10885kB
               ->  Seq Scan on s_1  (cost=0.00..1637.00 rows=100000 width=20) (actual time=0.007..5.599 rows=100000 loops=1)
 Planning time: 0.212 ms
 Execution time: 55.792 ms
(10 rows)

===== 166 [Wed Mar  7 02:02:03 CET 2018] scale:100000 groups:100 work_mem:256MB incremental:off max_workers:0 =====
SELECT * FROM (SELECT * FROM s_2 ORDER BY a, b) foo ORDER BY a, b, c
                                                         QUERY PLAN                                                          
-----------------------------------------------------------------------------------------------------------------------------
 Limit  (cost=20746.64..20746.64 rows=1 width=20) (actual time=62.177..62.177 rows=0 loops=1)
   ->  Sort  (cost=19496.64..19746.64 rows=100000 width=20) (actual time=56.261..60.009 rows=100000 loops=1)
         Sort Key: s_2.a, s_2.b, s_2.c
         Sort Method: quicksort  Memory: 10885kB
         ->  Sort  (cost=9941.82..10191.82 rows=100000 width=20) (actual time=17.877..21.645 rows=100000 loops=1)
               Sort Key: s_2.a, s_2.b
               Sort Method: quicksort  Memory: 10885kB
               ->  Seq Scan on s_2  (cost=0.00..1637.00 rows=100000 width=20) (actual time=0.010..5.612 rows=100000 loops=1)
 Planning time: 0.210 ms
 Execution time: 63.083 ms
(10 rows)

===== 167 [Wed Mar  7 02:02:03 CET 2018] scale:100000 groups:100 work_mem:256MB incremental:off max_workers:0 =====
SELECT * FROM (SELECT * FROM s_3 ORDER BY a, b, c) foo ORDER BY a, b, c, d
                                                         QUERY PLAN                                                          
-----------------------------------------------------------------------------------------------------------------------------
 Limit  (cost=20746.64..20746.64 rows=1 width=20) (actual time=57.406..57.406 rows=0 loops=1)
   ->  Sort  (cost=19496.64..19746.64 rows=100000 width=20) (actual time=51.947..55.240 rows=100000 loops=1)
         Sort Key: s_3.a, s_3.b, s_3.c, s_3.d
         Sort Method: quicksort  Memory: 10885kB
         ->  Sort  (cost=9941.82..10191.82 rows=100000 width=20) (actual time=18.545..22.308 rows=100000 loops=1)
               Sort Key: s_3.a, s_3.b, s_3.c
               Sort Method: quicksort  Memory: 10885kB
               ->  Seq Scan on s_3  (cost=0.00..1637.00 rows=100000 width=20) (actual time=0.013..5.615 rows=100000 loops=1)
 Planning time: 0.216 ms
 Execution time: 58.316 ms
(10 rows)

===== 168 [Wed Mar  7 02:02:04 CET 2018] scale:100000 groups:100 work_mem:256MB incremental:off max_workers:0 =====
SELECT * FROM (SELECT * FROM s_4 ORDER BY a, b, c, d) foo ORDER BY a, b, c, d, e
                                                         QUERY PLAN                                                          
-----------------------------------------------------------------------------------------------------------------------------
 Limit  (cost=20746.64..20746.64 rows=1 width=20) (actual time=48.831..48.831 rows=0 loops=1)
   ->  Sort  (cost=19496.64..19746.64 rows=100000 width=20) (actual time=43.395..46.640 rows=100000 loops=1)
         Sort Key: s_4.a, s_4.b, s_4.c, s_4.d, s_4.e
         Sort Method: quicksort  Memory: 10885kB
         ->  Sort  (cost=9941.82..10191.82 rows=100000 width=20) (actual time=18.611..22.384 rows=100000 loops=1)
               Sort Key: s_4.a, s_4.b, s_4.c, s_4.d
               Sort Method: quicksort  Memory: 10885kB
               ->  Seq Scan on s_4  (cost=0.00..1637.00 rows=100000 width=20) (actual time=0.009..5.637 rows=100000 loops=1)
 Planning time: 0.219 ms
 Execution time: 49.744 ms
(10 rows)

===== 169 [Wed Mar  7 02:02:04 CET 2018] scale:100000 groups:100 work_mem:4MB incremental:on max_workers:2 =====
SELECT * FROM (SELECT * FROM s_1 ORDER BY a) foo ORDER BY a, b
                                                         QUERY PLAN                                                          
-----------------------------------------------------------------------------------------------------------------------------
 Limit  (cost=20970.55..20970.55 rows=1 width=20) (actual time=57.106..57.106 rows=0 loops=1)
   ->  Incremental Sort  (cost=12054.46..19970.55 rows=100000 width=20) (actual time=21.357..54.552 rows=100000 loops=1)
         Sort Key: s_1.a, s_1.b
         Presorted Key: s_1.a
         Sort Method: quicksort  Memory: 131kB
         Sort Groups: 101
         ->  Sort  (cost=11992.82..12242.82 rows=100000 width=20) (actual time=21.168..29.350 rows=100000 loops=1)
               Sort Key: s_1.a
               Sort Method: external merge  Disk: 2936kB
               ->  Seq Scan on s_1  (cost=0.00..1637.00 rows=100000 width=20) (actual time=0.007..5.470 rows=100000 loops=1)
 Planning time: 0.221 ms
 Execution time: 57.669 ms
(12 rows)

===== 170 [Wed Mar  7 02:02:04 CET 2018] scale:100000 groups:100 work_mem:4MB incremental:on max_workers:2 =====
SELECT * FROM (SELECT * FROM s_2 ORDER BY a, b) foo ORDER BY a, b, c
                                                         QUERY PLAN                                                          
-----------------------------------------------------------------------------------------------------------------------------
 Limit  (cost=17853.78..17853.78 rows=1 width=20) (actual time=57.169..57.169 rows=0 loops=1)
   ->  Incremental Sort  (cost=11993.11..16853.78 rows=100000 width=20) (actual time=22.493..54.608 rows=100000 loops=1)
         Sort Key: s_2.a, s_2.b, s_2.c
         Presorted Key: s_2.a, s_2.b
         Sort Method: quicksort  Memory: 29kB
         Sort Groups: 2704
         ->  Sort  (cost=11992.82..12242.82 rows=100000 width=20) (actual time=22.446..31.095 rows=100000 loops=1)
               Sort Key: s_2.a, s_2.b
               Sort Method: external merge  Disk: 2936kB
               ->  Seq Scan on s_2  (cost=0.00..1637.00 rows=100000 width=20) (actual time=0.010..5.472 rows=100000 loops=1)
 Planning time: 0.224 ms
 Execution time: 57.722 ms
(12 rows)

===== 171 [Wed Mar  7 02:02:05 CET 2018] scale:100000 groups:100 work_mem:4MB incremental:on max_workers:2 =====
SELECT * FROM (SELECT * FROM s_3 ORDER BY a, b, c) foo ORDER BY a, b, c, d
                                                         QUERY PLAN                                                          
-----------------------------------------------------------------------------------------------------------------------------
 Limit  (cost=17853.78..17853.78 rows=1 width=20) (actual time=51.313..51.313 rows=0 loops=1)
   ->  Incremental Sort  (cost=11993.11..16853.78 rows=100000 width=20) (actual time=23.212..48.777 rows=100000 loops=1)
         Sort Key: s_3.a, s_3.b, s_3.c, s_3.d
         Presorted Key: s_3.a, s_3.b, s_3.c
         Sort Method: quicksort  Memory: 27kB
         Sort Groups: 3120
         ->  Sort  (cost=11992.82..12242.82 rows=100000 width=20) (actual time=23.171..31.943 rows=100000 loops=1)
               Sort Key: s_3.a, s_3.b, s_3.c
               Sort Method: external merge  Disk: 2936kB
               ->  Seq Scan on s_3  (cost=0.00..1637.00 rows=100000 width=20) (actual time=0.013..5.494 rows=100000 loops=1)
 Planning time: 0.226 ms
 Execution time: 51.898 ms
(12 rows)

===== 172 [Wed Mar  7 02:02:05 CET 2018] scale:100000 groups:100 work_mem:4MB incremental:on max_workers:2 =====
SELECT * FROM (SELECT * FROM s_4 ORDER BY a, b, c, d) foo ORDER BY a, b, c, d, e
                                                         QUERY PLAN                                                          
-----------------------------------------------------------------------------------------------------------------------------
 Limit  (cost=17853.78..17853.78 rows=1 width=20) (actual time=47.178..47.178 rows=0 loops=1)
   ->  Incremental Sort  (cost=11993.11..16853.78 rows=100000 width=20) (actual time=23.191..44.920 rows=100000 loops=1)
         Sort Key: s_4.a, s_4.b, s_4.c, s_4.d, s_4.e
         Presorted Key: s_4.a, s_4.b, s_4.c, s_4.d
         Sort Method: quicksort  Memory: 27kB
         Sort Groups: 3125
         ->  Sort  (cost=11992.82..12242.82 rows=100000 width=20) (actual time=23.149..31.938 rows=100000 loops=1)
               Sort Key: s_4.a, s_4.b, s_4.c, s_4.d
               Sort Method: external merge  Disk: 2936kB
               ->  Seq Scan on s_4  (cost=0.00..1637.00 rows=100000 width=20) (actual time=0.009..5.480 rows=100000 loops=1)
 Planning time: 0.231 ms
 Execution time: 47.748 ms
(12 rows)

===== 173 [Wed Mar  7 02:02:05 CET 2018] scale:100000 groups:100 work_mem:4MB incremental:off max_workers:2 =====
SELECT * FROM (SELECT * FROM s_1 ORDER BY a) foo ORDER BY a, b
                                                         QUERY PLAN                                                          
-----------------------------------------------------------------------------------------------------------------------------
 Limit  (cost=24848.64..24848.64 rows=1 width=20) (actual time=69.139..69.139 rows=0 loops=1)
   ->  Sort  (cost=23598.64..23848.64 rows=100000 width=20) (actual time=59.679..66.952 rows=100000 loops=1)
         Sort Key: s_1.a, s_1.b
         Sort Method: external merge  Disk: 2936kB
         ->  Sort  (cost=11992.82..12242.82 rows=100000 width=20) (actual time=21.072..29.420 rows=100000 loops=1)
               Sort Key: s_1.a
               Sort Method: external merge  Disk: 2936kB
               ->  Seq Scan on s_1  (cost=0.00..1637.00 rows=100000 width=20) (actual time=0.007..5.479 rows=100000 loops=1)
 Planning time: 0.215 ms
 Execution time: 70.121 ms
(10 rows)

===== 174 [Wed Mar  7 02:02:06 CET 2018] scale:100000 groups:100 work_mem:4MB incremental:off max_workers:2 =====
SELECT * FROM (SELECT * FROM s_2 ORDER BY a, b) foo ORDER BY a, b, c
                                                         QUERY PLAN                                                          
-----------------------------------------------------------------------------------------------------------------------------
 Limit  (cost=24848.64..24848.64 rows=1 width=20) (actual time=76.522..76.522 rows=0 loops=1)
   ->  Sort  (cost=23598.64..23848.64 rows=100000 width=20) (actual time=67.060..74.341 rows=100000 loops=1)
         Sort Key: s_2.a, s_2.b, s_2.c
         Sort Method: external merge  Disk: 2936kB
         ->  Sort  (cost=11992.82..12242.82 rows=100000 width=20) (actual time=22.315..30.671 rows=100000 loops=1)
               Sort Key: s_2.a, s_2.b
               Sort Method: external merge  Disk: 2936kB
               ->  Seq Scan on s_2  (cost=0.00..1637.00 rows=100000 width=20) (actual time=0.010..5.467 rows=100000 loops=1)
 Planning time: 0.213 ms
 Execution time: 77.492 ms
(10 rows)

===== 175 [Wed Mar  7 02:02:06 CET 2018] scale:100000 groups:100 work_mem:4MB incremental:off max_workers:2 =====
SELECT * FROM (SELECT * FROM s_3 ORDER BY a, b, c) foo ORDER BY a, b, c, d
                                                         QUERY PLAN                                                          
-----------------------------------------------------------------------------------------------------------------------------
 Limit  (cost=24848.64..24848.64 rows=1 width=20) (actual time=72.151..72.151 rows=0 loops=1)
   ->  Sort  (cost=23598.64..23848.64 rows=100000 width=20) (actual time=62.701..69.974 rows=100000 loops=1)
         Sort Key: s_3.a, s_3.b, s_3.c, s_3.d
         Sort Method: external merge  Disk: 2936kB
         ->  Sort  (cost=11992.82..12242.82 rows=100000 width=20) (actual time=22.997..31.358 rows=100000 loops=1)
               Sort Key: s_3.a, s_3.b, s_3.c
               Sort Method: external merge  Disk: 2936kB
               ->  Seq Scan on s_3  (cost=0.00..1637.00 rows=100000 width=20) (actual time=0.013..5.490 rows=100000 loops=1)
 Planning time: 0.218 ms
 Execution time: 72.921 ms
(10 rows)

===== 176 [Wed Mar  7 02:02:07 CET 2018] scale:100000 groups:100 work_mem:4MB incremental:off max_workers:2 =====
SELECT * FROM (SELECT * FROM s_4 ORDER BY a, b, c, d) foo ORDER BY a, b, c, d, e
                                                         QUERY PLAN                                                          
-----------------------------------------------------------------------------------------------------------------------------
 Limit  (cost=24848.64..24848.64 rows=1 width=20) (actual time=62.714..62.714 rows=0 loops=1)
   ->  Sort  (cost=23598.64..23848.64 rows=100000 width=20) (actual time=53.118..60.532 rows=100000 loops=1)
         Sort Key: s_4.a, s_4.b, s_4.c, s_4.d, s_4.e
         Sort Method: external merge  Disk: 2936kB
         ->  Sort  (cost=11992.82..12242.82 rows=100000 width=20) (actual time=23.086..31.433 rows=100000 loops=1)
               Sort Key: s_4.a, s_4.b, s_4.c, s_4.d
               Sort Method: external merge  Disk: 2936kB
               ->  Seq Scan on s_4  (cost=0.00..1637.00 rows=100000 width=20) (actual time=0.009..5.485 rows=100000 loops=1)
 Planning time: 0.228 ms
 Execution time: 63.647 ms
(10 rows)

===== 177 [Wed Mar  7 02:02:07 CET 2018] scale:100000 groups:100 work_mem:8MB incremental:on max_workers:2 =====
SELECT * FROM (SELECT * FROM s_1 ORDER BY a) foo ORDER BY a, b
                                                         QUERY PLAN                                                          
-----------------------------------------------------------------------------------------------------------------------------
 Limit  (cost=18919.55..18919.55 rows=1 width=20) (actual time=59.604..59.604 rows=0 loops=1)
   ->  Incremental Sort  (cost=10003.46..17919.55 rows=100000 width=20) (actual time=22.941..57.056 rows=100000 loops=1)
         Sort Key: s_1.a, s_1.b
         Presorted Key: s_1.a
         Sort Method: quicksort  Memory: 131kB
         Sort Groups: 101
         ->  Sort  (cost=9941.82..10191.82 rows=100000 width=20) (actual time=22.751..31.258 rows=100000 loops=1)
               Sort Key: s_1.a
               Sort Method: external merge  Disk: 2936kB
               ->  Seq Scan on s_1  (cost=0.00..1637.00 rows=100000 width=20) (actual time=0.010..5.565 rows=100000 loops=1)
 Planning time: 0.224 ms
 Execution time: 60.023 ms
(12 rows)

===== 178 [Wed Mar  7 02:02:07 CET 2018] scale:100000 groups:100 work_mem:8MB incremental:on max_workers:2 =====
SELECT * FROM (SELECT * FROM s_2 ORDER BY a, b) foo ORDER BY a, b, c
                                                         QUERY PLAN                                                          
-----------------------------------------------------------------------------------------------------------------------------
 Limit  (cost=15802.78..15802.78 rows=1 width=20) (actual time=59.652..59.652 rows=0 loops=1)
   ->  Incremental Sort  (cost=9942.11..14802.78 rows=100000 width=20) (actual time=24.202..57.099 rows=100000 loops=1)
         Sort Key: s_2.a, s_2.b, s_2.c
         Presorted Key: s_2.a, s_2.b
         Sort Method: quicksort  Memory: 29kB
         Sort Groups: 2704
         ->  Sort  (cost=9941.82..10191.82 rows=100000 width=20) (actual time=24.155..32.876 rows=100000 loops=1)
               Sort Key: s_2.a, s_2.b
               Sort Method: external merge  Disk: 2936kB
               ->  Seq Scan on s_2  (cost=0.00..1637.00 rows=100000 width=20) (actual time=0.010..5.603 rows=100000 loops=1)
 Planning time: 0.221 ms
 Execution time: 60.046 ms
(12 rows)

===== 179 [Wed Mar  7 02:02:08 CET 2018] scale:100000 groups:100 work_mem:8MB incremental:on max_workers:2 =====
SELECT * FROM (SELECT * FROM s_3 ORDER BY a, b, c) foo ORDER BY a, b, c, d
                                                         QUERY PLAN                                                          
-----------------------------------------------------------------------------------------------------------------------------
 Limit  (cost=15802.78..15802.78 rows=1 width=20) (actual time=52.708..52.708 rows=0 loops=1)
   ->  Incremental Sort  (cost=9942.11..14802.78 rows=100000 width=20) (actual time=24.728..50.166 rows=100000 loops=1)
         Sort Key: s_3.a, s_3.b, s_3.c, s_3.d
         Presorted Key: s_3.a, s_3.b, s_3.c
         Sort Method: quicksort  Memory: 27kB
         Sort Groups: 3120
         ->  Sort  (cost=9941.82..10191.82 rows=100000 width=20) (actual time=24.686..33.282 rows=100000 loops=1)
               Sort Key: s_3.a, s_3.b, s_3.c
               Sort Method: external merge  Disk: 2936kB
               ->  Seq Scan on s_3  (cost=0.00..1637.00 rows=100000 width=20) (actual time=0.013..5.603 rows=100000 loops=1)
 Planning time: 0.225 ms
 Execution time: 53.121 ms
(12 rows)

===== 180 [Wed Mar  7 02:02:08 CET 2018] scale:100000 groups:100 work_mem:8MB incremental:on max_workers:2 =====
SELECT * FROM (SELECT * FROM s_4 ORDER BY a, b, c, d) foo ORDER BY a, b, c, d, e
                                                         QUERY PLAN                                                          
-----------------------------------------------------------------------------------------------------------------------------
 Limit  (cost=15802.78..15802.78 rows=1 width=20) (actual time=48.794..48.794 rows=0 loops=1)
   ->  Incremental Sort  (cost=9942.11..14802.78 rows=100000 width=20) (actual time=24.901..46.538 rows=100000 loops=1)
         Sort Key: s_4.a, s_4.b, s_4.c, s_4.d, s_4.e
         Presorted Key: s_4.a, s_4.b, s_4.c, s_4.d
         Sort Method: quicksort  Memory: 27kB
         Sort Groups: 3125
         ->  Sort  (cost=9941.82..10191.82 rows=100000 width=20) (actual time=24.860..33.506 rows=100000 loops=1)
               Sort Key: s_4.a, s_4.b, s_4.c, s_4.d
               Sort Method: external merge  Disk: 2936kB
               ->  Seq Scan on s_4  (cost=0.00..1637.00 rows=100000 width=20) (actual time=0.009..5.581 rows=100000 loops=1)
 Planning time: 0.235 ms
 Execution time: 49.209 ms
(12 rows)

===== 181 [Wed Mar  7 02:02:08 CET 2018] scale:100000 groups:100 work_mem:8MB incremental:off max_workers:2 =====
SELECT * FROM (SELECT * FROM s_1 ORDER BY a) foo ORDER BY a, b
                                                         QUERY PLAN                                                          
-----------------------------------------------------------------------------------------------------------------------------
 Limit  (cost=20746.64..20746.64 rows=1 width=20) (actual time=74.612..74.612 rows=0 loops=1)
   ->  Sort  (cost=19496.64..19746.64 rows=100000 width=20) (actual time=65.280..72.412 rows=100000 loops=1)
         Sort Key: s_1.a, s_1.b
         Sort Method: external merge  Disk: 2936kB
         ->  Sort  (cost=9941.82..10191.82 rows=100000 width=20) (actual time=22.555..30.938 rows=100000 loops=1)
               Sort Key: s_1.a
               Sort Method: external merge  Disk: 2936kB
               ->  Seq Scan on s_1  (cost=0.00..1637.00 rows=100000 width=20) (actual time=0.007..5.588 rows=100000 loops=1)
 Planning time: 0.229 ms
 Execution time: 75.378 ms
(10 rows)

===== 182 [Wed Mar  7 02:02:09 CET 2018] scale:100000 groups:100 work_mem:8MB incremental:off max_workers:2 =====
SELECT * FROM (SELECT * FROM s_2 ORDER BY a, b) foo ORDER BY a, b, c
                                                         QUERY PLAN                                                          
-----------------------------------------------------------------------------------------------------------------------------
 Limit  (cost=20746.64..20746.64 rows=1 width=20) (actual time=81.856..81.856 rows=0 loops=1)
   ->  Sort  (cost=19496.64..19746.64 rows=100000 width=20) (actual time=72.500..79.655 rows=100000 loops=1)
         Sort Key: s_2.a, s_2.b, s_2.c
         Sort Method: external merge  Disk: 2936kB
         ->  Sort  (cost=9941.82..10191.82 rows=100000 width=20) (actual time=24.037..32.414 rows=100000 loops=1)
               Sort Key: s_2.a, s_2.b
               Sort Method: external merge  Disk: 2936kB
               ->  Seq Scan on s_2  (cost=0.00..1637.00 rows=100000 width=20) (actual time=0.010..5.602 rows=100000 loops=1)
 Planning time: 0.217 ms
 Execution time: 82.627 ms
(10 rows)

===== 183 [Wed Mar  7 02:02:09 CET 2018] scale:100000 groups:100 work_mem:8MB incremental:off max_workers:2 =====
SELECT * FROM (SELECT * FROM s_3 ORDER BY a, b, c) foo ORDER BY a, b, c, d
                                                         QUERY PLAN                                                          
-----------------------------------------------------------------------------------------------------------------------------
 Limit  (cost=20746.64..20746.64 rows=1 width=20) (actual time=77.343..77.343 rows=0 loops=1)
   ->  Sort  (cost=19496.64..19746.64 rows=100000 width=20) (actual time=68.038..75.148 rows=100000 loops=1)
         Sort Key: s_3.a, s_3.b, s_3.c, s_3.d
         Sort Method: external merge  Disk: 2936kB
         ->  Sort  (cost=9941.82..10191.82 rows=100000 width=20) (actual time=24.667..33.051 rows=100000 loops=1)
               Sort Key: s_3.a, s_3.b, s_3.c
               Sort Method: external merge  Disk: 2936kB
               ->  Seq Scan on s_3  (cost=0.00..1637.00 rows=100000 width=20) (actual time=0.013..5.596 rows=100000 loops=1)
 Planning time: 0.227 ms
 Execution time: 78.115 ms
(10 rows)

===== 184 [Wed Mar  7 02:02:10 CET 2018] scale:100000 groups:100 work_mem:8MB incremental:off max_workers:2 =====
SELECT * FROM (SELECT * FROM s_4 ORDER BY a, b, c, d) foo ORDER BY a, b, c, d, e
                                                         QUERY PLAN                                                          
-----------------------------------------------------------------------------------------------------------------------------
 Limit  (cost=20746.64..20746.64 rows=1 width=20) (actual time=67.721..67.721 rows=0 loops=1)
   ->  Sort  (cost=19496.64..19746.64 rows=100000 width=20) (actual time=58.438..65.528 rows=100000 loops=1)
         Sort Key: s_4.a, s_4.b, s_4.c, s_4.d, s_4.e
         Sort Method: external merge  Disk: 2936kB
         ->  Sort  (cost=9941.82..10191.82 rows=100000 width=20) (actual time=24.816..33.075 rows=100000 loops=1)
               Sort Key: s_4.a, s_4.b, s_4.c, s_4.d
               Sort Method: external merge  Disk: 2936kB
               ->  Seq Scan on s_4  (cost=0.00..1637.00 rows=100000 width=20) (actual time=0.009..5.606 rows=100000 loops=1)
 Planning time: 0.223 ms
 Execution time: 68.520 ms
(10 rows)

===== 185 [Wed Mar  7 02:02:10 CET 2018] scale:100000 groups:100 work_mem:16MB incremental:on max_workers:2 =====
SELECT * FROM (SELECT * FROM s_1 ORDER BY a) foo ORDER BY a, b
                                                         QUERY PLAN                                                          
-----------------------------------------------------------------------------------------------------------------------------
 Limit  (cost=18919.55..18919.55 rows=1 width=20) (actual time=48.748..48.748 rows=0 loops=1)
   ->  Incremental Sort  (cost=10003.46..17919.55 rows=100000 width=20) (actual time=16.635..46.191 rows=100000 loops=1)
         Sort Key: s_1.a, s_1.b
         Presorted Key: s_1.a
         Sort Method: quicksort  Memory: 131kB
         Sort Groups: 101
         ->  Sort  (cost=9941.82..10191.82 rows=100000 width=20) (actual time=16.465..19.989 rows=100000 loops=1)
               Sort Key: s_1.a
               Sort Method: quicksort  Memory: 10885kB
               ->  Seq Scan on s_1  (cost=0.00..1637.00 rows=100000 width=20) (actual time=0.007..5.579 rows=100000 loops=1)
 Planning time: 0.227 ms
 Execution time: 49.219 ms
(12 rows)

===== 186 [Wed Mar  7 02:02:11 CET 2018] scale:100000 groups:100 work_mem:16MB incremental:on max_workers:2 =====
SELECT * FROM (SELECT * FROM s_2 ORDER BY a, b) foo ORDER BY a, b, c
                                                         QUERY PLAN                                                          
-----------------------------------------------------------------------------------------------------------------------------
 Limit  (cost=15802.78..15802.78 rows=1 width=20) (actual time=48.786..48.786 rows=0 loops=1)
   ->  Incremental Sort  (cost=9942.11..14802.78 rows=100000 width=20) (actual time=18.010..46.222 rows=100000 loops=1)
         Sort Key: s_2.a, s_2.b, s_2.c
         Presorted Key: s_2.a, s_2.b
         Sort Method: quicksort  Memory: 29kB
         Sort Groups: 2704
         ->  Sort  (cost=9941.82..10191.82 rows=100000 width=20) (actual time=17.960..22.071 rows=100000 loops=1)
               Sort Key: s_2.a, s_2.b
               Sort Method: quicksort  Memory: 10885kB
               ->  Seq Scan on s_2  (cost=0.00..1637.00 rows=100000 width=20) (actual time=0.010..5.620 rows=100000 loops=1)
 Planning time: 0.224 ms
 Execution time: 49.256 ms
(12 rows)

===== 187 [Wed Mar  7 02:02:11 CET 2018] scale:100000 groups:100 work_mem:16MB incremental:on max_workers:2 =====
SELECT * FROM (SELECT * FROM s_3 ORDER BY a, b, c) foo ORDER BY a, b, c, d
                                                         QUERY PLAN                                                          
-----------------------------------------------------------------------------------------------------------------------------
 Limit  (cost=15802.78..15802.78 rows=1 width=20) (actual time=43.148..43.148 rows=0 loops=1)
   ->  Incremental Sort  (cost=9942.11..14802.78 rows=100000 width=20) (actual time=18.547..40.604 rows=100000 loops=1)
         Sort Key: s_3.a, s_3.b, s_3.c, s_3.d
         Presorted Key: s_3.a, s_3.b, s_3.c
         Sort Method: quicksort  Memory: 27kB
         Sort Groups: 3120
         ->  Sort  (cost=9941.82..10191.82 rows=100000 width=20) (actual time=18.506..22.574 rows=100000 loops=1)
               Sort Key: s_3.a, s_3.b, s_3.c
               Sort Method: quicksort  Memory: 10885kB
               ->  Seq Scan on s_3  (cost=0.00..1637.00 rows=100000 width=20) (actual time=0.013..5.622 rows=100000 loops=1)
 Planning time: 0.226 ms
 Execution time: 43.613 ms
(12 rows)

===== 188 [Wed Mar  7 02:02:11 CET 2018] scale:100000 groups:100 work_mem:16MB incremental:on max_workers:2 =====
SELECT * FROM (SELECT * FROM s_4 ORDER BY a, b, c, d) foo ORDER BY a, b, c, d, e
                                                         QUERY PLAN                                                          
-----------------------------------------------------------------------------------------------------------------------------
 Limit  (cost=15802.78..15802.78 rows=1 width=20) (actual time=40.069..40.069 rows=0 loops=1)
   ->  Incremental Sort  (cost=9942.11..14802.78 rows=100000 width=20) (actual time=18.631..37.832 rows=100000 loops=1)
         Sort Key: s_4.a, s_4.b, s_4.c, s_4.d, s_4.e
         Presorted Key: s_4.a, s_4.b, s_4.c, s_4.d
         Sort Method: quicksort  Memory: 27kB
         Sort Groups: 3125
         ->  Sort  (cost=9941.82..10191.82 rows=100000 width=20) (actual time=18.584..22.760 rows=100000 loops=1)
               Sort Key: s_4.a, s_4.b, s_4.c, s_4.d
               Sort Method: quicksort  Memory: 10885kB
               ->  Seq Scan on s_4  (cost=0.00..1637.00 rows=100000 width=20) (actual time=0.010..5.584 rows=100000 loops=1)
 Planning time: 0.234 ms
 Execution time: 40.549 ms
(12 rows)

===== 189 [Wed Mar  7 02:02:11 CET 2018] scale:100000 groups:100 work_mem:16MB incremental:off max_workers:2 =====
SELECT * FROM (SELECT * FROM s_1 ORDER BY a) foo ORDER BY a, b
                                                         QUERY PLAN                                                          
-----------------------------------------------------------------------------------------------------------------------------
 Limit  (cost=20746.64..20746.64 rows=1 width=20) (actual time=54.843..54.843 rows=0 loops=1)
   ->  Sort  (cost=19496.64..19746.64 rows=100000 width=20) (actual time=47.955..52.670 rows=100000 loops=1)
         Sort Key: s_1.a, s_1.b
         Sort Method: quicksort  Memory: 10885kB
         ->  Sort  (cost=9941.82..10191.82 rows=100000 width=20) (actual time=16.393..20.153 rows=100000 loops=1)
               Sort Key: s_1.a
               Sort Method: quicksort  Memory: 10885kB
               ->  Seq Scan on s_1  (cost=0.00..1637.00 rows=100000 width=20) (actual time=0.007..5.603 rows=100000 loops=1)
 Planning time: 0.216 ms
 Execution time: 55.755 ms
(10 rows)

===== 190 [Wed Mar  7 02:02:12 CET 2018] scale:100000 groups:100 work_mem:16MB incremental:off max_workers:2 =====
SELECT * FROM (SELECT * FROM s_2 ORDER BY a, b) foo ORDER BY a, b, c
                                                         QUERY PLAN                                                          
-----------------------------------------------------------------------------------------------------------------------------
 Limit  (cost=20746.64..20746.64 rows=1 width=20) (actual time=62.133..62.133 rows=0 loops=1)
   ->  Sort  (cost=19496.64..19746.64 rows=100000 width=20) (actual time=56.221..59.955 rows=100000 loops=1)
         Sort Key: s_2.a, s_2.b, s_2.c
         Sort Method: quicksort  Memory: 10885kB
         ->  Sort  (cost=9941.82..10191.82 rows=100000 width=20) (actual time=17.875..21.618 rows=100000 loops=1)
               Sort Key: s_2.a, s_2.b
               Sort Method: quicksort  Memory: 10885kB
               ->  Seq Scan on s_2  (cost=0.00..1637.00 rows=100000 width=20) (actual time=0.010..5.614 rows=100000 loops=1)
 Planning time: 0.220 ms
 Execution time: 63.042 ms
(10 rows)

===== 191 [Wed Mar  7 02:02:12 CET 2018] scale:100000 groups:100 work_mem:16MB incremental:off max_workers:2 =====
SELECT * FROM (SELECT * FROM s_3 ORDER BY a, b, c) foo ORDER BY a, b, c, d
                                                         QUERY PLAN                                                          
-----------------------------------------------------------------------------------------------------------------------------
 Limit  (cost=20746.64..20746.64 rows=1 width=20) (actual time=57.398..57.398 rows=0 loops=1)
   ->  Sort  (cost=19496.64..19746.64 rows=100000 width=20) (actual time=51.943..55.225 rows=100000 loops=1)
         Sort Key: s_3.a, s_3.b, s_3.c, s_3.d
         Sort Method: quicksort  Memory: 10885kB
         ->  Sort  (cost=9941.82..10191.82 rows=100000 width=20) (actual time=18.549..22.315 rows=100000 loops=1)
               Sort Key: s_3.a, s_3.b, s_3.c
               Sort Method: quicksort  Memory: 10885kB
               ->  Seq Scan on s_3  (cost=0.00..1637.00 rows=100000 width=20) (actual time=0.013..5.617 rows=100000 loops=1)
 Planning time: 0.217 ms
 Execution time: 58.314 ms
(10 rows)

===== 192 [Wed Mar  7 02:02:12 CET 2018] scale:100000 groups:100 work_mem:16MB incremental:off max_workers:2 =====
SELECT * FROM (SELECT * FROM s_4 ORDER BY a, b, c, d) foo ORDER BY a, b, c, d, e
                                                         QUERY PLAN                                                          
-----------------------------------------------------------------------------------------------------------------------------
 Limit  (cost=20746.64..20746.64 rows=1 width=20) (actual time=48.886..48.886 rows=0 loops=1)
   ->  Sort  (cost=19496.64..19746.64 rows=100000 width=20) (actual time=43.454..46.708 rows=100000 loops=1)
         Sort Key: s_4.a, s_4.b, s_4.c, s_4.d, s_4.e
         Sort Method: quicksort  Memory: 10885kB
         ->  Sort  (cost=9941.82..10191.82 rows=100000 width=20) (actual time=18.647..22.416 rows=100000 loops=1)
               Sort Key: s_4.a, s_4.b, s_4.c, s_4.d
               Sort Method: quicksort  Memory: 10885kB
               ->  Seq Scan on s_4  (cost=0.00..1637.00 rows=100000 width=20) (actual time=0.009..5.655 rows=100000 loops=1)
 Planning time: 0.220 ms
 Execution time: 49.796 ms
(10 rows)

===== 193 [Wed Mar  7 02:02:13 CET 2018] scale:100000 groups:100 work_mem:32MB incremental:on max_workers:2 =====
SELECT * FROM (SELECT * FROM s_1 ORDER BY a) foo ORDER BY a, b
                                                         QUERY PLAN                                                          
-----------------------------------------------------------------------------------------------------------------------------
 Limit  (cost=18919.55..18919.55 rows=1 width=20) (actual time=48.675..48.675 rows=0 loops=1)
   ->  Incremental Sort  (cost=10003.46..17919.55 rows=100000 width=20) (actual time=16.656..46.125 rows=100000 loops=1)
         Sort Key: s_1.a, s_1.b
         Presorted Key: s_1.a
         Sort Method: quicksort  Memory: 131kB
         Sort Groups: 101
         ->  Sort  (cost=9941.82..10191.82 rows=100000 width=20) (actual time=16.481..20.013 rows=100000 loops=1)
               Sort Key: s_1.a
               Sort Method: quicksort  Memory: 10885kB
               ->  Seq Scan on s_1  (cost=0.00..1637.00 rows=100000 width=20) (actual time=0.007..5.571 rows=100000 loops=1)
 Planning time: 0.223 ms
 Execution time: 49.139 ms
(12 rows)

===== 194 [Wed Mar  7 02:02:13 CET 2018] scale:100000 groups:100 work_mem:32MB incremental:on max_workers:2 =====
SELECT * FROM (SELECT * FROM s_2 ORDER BY a, b) foo ORDER BY a, b, c
                                                         QUERY PLAN                                                          
-----------------------------------------------------------------------------------------------------------------------------
 Limit  (cost=15802.78..15802.78 rows=1 width=20) (actual time=48.775..48.775 rows=0 loops=1)
   ->  Incremental Sort  (cost=9942.11..14802.78 rows=100000 width=20) (actual time=18.010..46.217 rows=100000 loops=1)
         Sort Key: s_2.a, s_2.b, s_2.c
         Presorted Key: s_2.a, s_2.b
         Sort Method: quicksort  Memory: 29kB
         Sort Groups: 2704
         ->  Sort  (cost=9941.82..10191.82 rows=100000 width=20) (actual time=17.958..22.071 rows=100000 loops=1)
               Sort Key: s_2.a, s_2.b
               Sort Method: quicksort  Memory: 10885kB
               ->  Seq Scan on s_2  (cost=0.00..1637.00 rows=100000 width=20) (actual time=0.010..5.614 rows=100000 loops=1)
 Planning time: 0.225 ms
 Execution time: 49.242 ms
(12 rows)

===== 195 [Wed Mar  7 02:02:13 CET 2018] scale:100000 groups:100 work_mem:32MB incremental:on max_workers:2 =====
SELECT * FROM (SELECT * FROM s_3 ORDER BY a, b, c) foo ORDER BY a, b, c, d
                                                         QUERY PLAN                                                          
-----------------------------------------------------------------------------------------------------------------------------
 Limit  (cost=15802.78..15802.78 rows=1 width=20) (actual time=43.158..43.158 rows=0 loops=1)
   ->  Incremental Sort  (cost=9942.11..14802.78 rows=100000 width=20) (actual time=18.551..40.610 rows=100000 loops=1)
         Sort Key: s_3.a, s_3.b, s_3.c, s_3.d
         Presorted Key: s_3.a, s_3.b, s_3.c
         Sort Method: quicksort  Memory: 27kB
         Sort Groups: 3120
         ->  Sort  (cost=9941.82..10191.82 rows=100000 width=20) (actual time=18.510..22.582 rows=100000 loops=1)
               Sort Key: s_3.a, s_3.b, s_3.c
               Sort Method: quicksort  Memory: 10885kB
               ->  Seq Scan on s_3  (cost=0.00..1637.00 rows=100000 width=20) (actual time=0.013..5.608 rows=100000 loops=1)
 Planning time: 0.226 ms
 Execution time: 43.626 ms
(12 rows)

===== 196 [Wed Mar  7 02:02:14 CET 2018] scale:100000 groups:100 work_mem:32MB incremental:on max_workers:2 =====
SELECT * FROM (SELECT * FROM s_4 ORDER BY a, b, c, d) foo ORDER BY a, b, c, d, e
                                                         QUERY PLAN                                                          
-----------------------------------------------------------------------------------------------------------------------------
 Limit  (cost=15802.78..15802.78 rows=1 width=20) (actual time=40.031..40.031 rows=0 loops=1)
   ->  Incremental Sort  (cost=9942.11..14802.78 rows=100000 width=20) (actual time=18.593..37.789 rows=100000 loops=1)
         Sort Key: s_4.a, s_4.b, s_4.c, s_4.d, s_4.e
         Presorted Key: s_4.a, s_4.b, s_4.c, s_4.d
         Sort Method: quicksort  Memory: 27kB
         Sort Groups: 3125
         ->  Sort  (cost=9941.82..10191.82 rows=100000 width=20) (actual time=18.553..22.724 rows=100000 loops=1)
               Sort Key: s_4.a, s_4.b, s_4.c, s_4.d
               Sort Method: quicksort  Memory: 10885kB
               ->  Seq Scan on s_4  (cost=0.00..1637.00 rows=100000 width=20) (actual time=0.009..5.597 rows=100000 loops=1)
 Planning time: 0.235 ms
 Execution time: 40.504 ms
(12 rows)

===== 197 [Wed Mar  7 02:02:14 CET 2018] scale:100000 groups:100 work_mem:32MB incremental:off max_workers:2 =====
SELECT * FROM (SELECT * FROM s_1 ORDER BY a) foo ORDER BY a, b
                                                         QUERY PLAN                                                          
-----------------------------------------------------------------------------------------------------------------------------
 Limit  (cost=20746.64..20746.64 rows=1 width=20) (actual time=54.925..54.925 rows=0 loops=1)
   ->  Sort  (cost=19496.64..19746.64 rows=100000 width=20) (actual time=48.002..52.762 rows=100000 loops=1)
         Sort Key: s_1.a, s_1.b
         Sort Method: quicksort  Memory: 10885kB
         ->  Sort  (cost=9941.82..10191.82 rows=100000 width=20) (actual time=16.428..20.181 rows=100000 loops=1)
               Sort Key: s_1.a
               Sort Method: quicksort  Memory: 10885kB
               ->  Seq Scan on s_1  (cost=0.00..1637.00 rows=100000 width=20) (actual time=0.007..5.586 rows=100000 loops=1)
 Planning time: 0.218 ms
 Execution time: 55.838 ms
(10 rows)

===== 198 [Wed Mar  7 02:02:14 CET 2018] scale:100000 groups:100 work_mem:32MB incremental:off max_workers:2 =====
SELECT * FROM (SELECT * FROM s_2 ORDER BY a, b) foo ORDER BY a, b, c
                                                         QUERY PLAN                                                          
-----------------------------------------------------------------------------------------------------------------------------
 Limit  (cost=20746.64..20746.64 rows=1 width=20) (actual time=62.117..62.117 rows=0 loops=1)
   ->  Sort  (cost=19496.64..19746.64 rows=100000 width=20) (actual time=56.213..59.940 rows=100000 loops=1)
         Sort Key: s_2.a, s_2.b, s_2.c
         Sort Method: quicksort  Memory: 10885kB
         ->  Sort  (cost=9941.82..10191.82 rows=100000 width=20) (actual time=17.864..21.621 rows=100000 loops=1)
               Sort Key: s_2.a, s_2.b
               Sort Method: quicksort  Memory: 10885kB
               ->  Seq Scan on s_2  (cost=0.00..1637.00 rows=100000 width=20) (actual time=0.010..5.608 rows=100000 loops=1)
 Planning time: 0.212 ms
 Execution time: 63.029 ms
(10 rows)

===== 199 [Wed Mar  7 02:02:15 CET 2018] scale:100000 groups:100 work_mem:32MB incremental:off max_workers:2 =====
SELECT * FROM (SELECT * FROM s_3 ORDER BY a, b, c) foo ORDER BY a, b, c, d
                                                         QUERY PLAN                                                          
-----------------------------------------------------------------------------------------------------------------------------
 Limit  (cost=20746.64..20746.64 rows=1 width=20) (actual time=57.374..57.374 rows=0 loops=1)
   ->  Sort  (cost=19496.64..19746.64 rows=100000 width=20) (actual time=51.912..55.201 rows=100000 loops=1)
         Sort Key: s_3.a, s_3.b, s_3.c, s_3.d
         Sort Method: quicksort  Memory: 10885kB
         ->  Sort  (cost=9941.82..10191.82 rows=100000 width=20) (actual time=18.525..22.296 rows=100000 loops=1)
               Sort Key: s_3.a, s_3.b, s_3.c
               Sort Method: quicksort  Memory: 10885kB
               ->  Seq Scan on s_3  (cost=0.00..1637.00 rows=100000 width=20) (actual time=0.013..5.619 rows=100000 loops=1)
 Planning time: 0.217 ms
 Execution time: 58.288 ms
(10 rows)

===== 200 [Wed Mar  7 02:02:15 CET 2018] scale:100000 groups:100 work_mem:32MB incremental:off max_workers:2 =====
SELECT * FROM (SELECT * FROM s_4 ORDER BY a, b, c, d) foo ORDER BY a, b, c, d, e
                                                         QUERY PLAN                                                          
-----------------------------------------------------------------------------------------------------------------------------
 Limit  (cost=20746.64..20746.64 rows=1 width=20) (actual time=48.811..48.811 rows=0 loops=1)
   ->  Sort  (cost=19496.64..19746.64 rows=100000 width=20) (actual time=43.386..46.632 rows=100000 loops=1)
         Sort Key: s_4.a, s_4.b, s_4.c, s_4.d, s_4.e
         Sort Method: quicksort  Memory: 10885kB
         ->  Sort  (cost=9941.82..10191.82 rows=100000 width=20) (actual time=18.598..22.364 rows=100000 loops=1)
               Sort Key: s_4.a, s_4.b, s_4.c, s_4.d
               Sort Method: quicksort  Memory: 10885kB
               ->  Seq Scan on s_4  (cost=0.00..1637.00 rows=100000 width=20) (actual time=0.009..5.623 rows=100000 loops=1)
 Planning time: 0.230 ms
 Execution time: 49.718 ms
(10 rows)

===== 201 [Wed Mar  7 02:02:15 CET 2018] scale:100000 groups:100 work_mem:64MB incremental:on max_workers:2 =====
SELECT * FROM (SELECT * FROM s_1 ORDER BY a) foo ORDER BY a, b
                                                         QUERY PLAN                                                          
-----------------------------------------------------------------------------------------------------------------------------
 Limit  (cost=18919.55..18919.55 rows=1 width=20) (actual time=47.468..47.468 rows=0 loops=1)
   ->  Incremental Sort  (cost=10003.46..17919.55 rows=100000 width=20) (actual time=16.641..45.308 rows=100000 loops=1)
         Sort Key: s_1.a, s_1.b
         Presorted Key: s_1.a
         Sort Method: quicksort  Memory: 131kB
         Sort Groups: 101
         ->  Sort  (cost=9941.82..10191.82 rows=100000 width=20) (actual time=16.467..19.987 rows=100000 loops=1)
               Sort Key: s_1.a
               Sort Method: quicksort  Memory: 10885kB
               ->  Seq Scan on s_1  (cost=0.00..1637.00 rows=100000 width=20) (actual time=0.007..5.604 rows=100000 loops=1)
 Planning time: 0.223 ms
 Execution time: 47.937 ms
(12 rows)

===== 202 [Wed Mar  7 02:02:16 CET 2018] scale:100000 groups:100 work_mem:64MB incremental:on max_workers:2 =====
SELECT * FROM (SELECT * FROM s_2 ORDER BY a, b) foo ORDER BY a, b, c
                                                         QUERY PLAN                                                          
-----------------------------------------------------------------------------------------------------------------------------
 Limit  (cost=15802.78..15802.78 rows=1 width=20) (actual time=47.209..47.209 rows=0 loops=1)
   ->  Incremental Sort  (cost=9942.11..14802.78 rows=100000 width=20) (actual time=17.878..45.021 rows=100000 loops=1)
         Sort Key: s_2.a, s_2.b, s_2.c
         Presorted Key: s_2.a, s_2.b
         Sort Method: quicksort  Memory: 29kB
         Sort Groups: 2704
         ->  Sort  (cost=9941.82..10191.82 rows=100000 width=20) (actual time=17.829..21.966 rows=100000 loops=1)
               Sort Key: s_2.a, s_2.b
               Sort Method: quicksort  Memory: 10885kB
               ->  Seq Scan on s_2  (cost=0.00..1637.00 rows=100000 width=20) (actual time=0.010..5.638 rows=100000 loops=1)
 Planning time: 0.225 ms
 Execution time: 47.672 ms
(12 rows)

===== 203 [Wed Mar  7 02:02:16 CET 2018] scale:100000 groups:100 work_mem:64MB incremental:on max_workers:2 =====
SELECT * FROM (SELECT * FROM s_3 ORDER BY a, b, c) foo ORDER BY a, b, c, d
                                                         QUERY PLAN                                                          
-----------------------------------------------------------------------------------------------------------------------------
 Limit  (cost=15802.78..15802.78 rows=1 width=20) (actual time=41.767..41.767 rows=0 loops=1)
   ->  Incremental Sort  (cost=9942.11..14802.78 rows=100000 width=20) (actual time=18.494..39.591 rows=100000 loops=1)
         Sort Key: s_3.a, s_3.b, s_3.c, s_3.d
         Presorted Key: s_3.a, s_3.b, s_3.c
         Sort Method: quicksort  Memory: 27kB
         Sort Groups: 3120
         ->  Sort  (cost=9941.82..10191.82 rows=100000 width=20) (actual time=18.448..22.472 rows=100000 loops=1)
               Sort Key: s_3.a, s_3.b, s_3.c
               Sort Method: quicksort  Memory: 10885kB
               ->  Seq Scan on s_3  (cost=0.00..1637.00 rows=100000 width=20) (actual time=0.013..5.604 rows=100000 loops=1)
 Planning time: 0.224 ms
 Execution time: 42.235 ms
(12 rows)

===== 204 [Wed Mar  7 02:02:16 CET 2018] scale:100000 groups:100 work_mem:64MB incremental:on max_workers:2 =====
SELECT * FROM (SELECT * FROM s_4 ORDER BY a, b, c, d) foo ORDER BY a, b, c, d, e
                                                         QUERY PLAN                                                          
-----------------------------------------------------------------------------------------------------------------------------
 Limit  (cost=15802.78..15802.78 rows=1 width=20) (actual time=38.596..38.596 rows=0 loops=1)
   ->  Incremental Sort  (cost=9942.11..14802.78 rows=100000 width=20) (actual time=18.565..36.425 rows=100000 loops=1)
         Sort Key: s_4.a, s_4.b, s_4.c, s_4.d, s_4.e
         Presorted Key: s_4.a, s_4.b, s_4.c, s_4.d
         Sort Method: quicksort  Memory: 27kB
         Sort Groups: 3125
         ->  Sort  (cost=9941.82..10191.82 rows=100000 width=20) (actual time=18.520..22.670 rows=100000 loops=1)
               Sort Key: s_4.a, s_4.b, s_4.c, s_4.d
               Sort Method: quicksort  Memory: 10885kB
               ->  Seq Scan on s_4  (cost=0.00..1637.00 rows=100000 width=20) (actual time=0.009..5.586 rows=100000 loops=1)
 Planning time: 0.234 ms
 Execution time: 39.072 ms
(12 rows)

===== 205 [Wed Mar  7 02:02:16 CET 2018] scale:100000 groups:100 work_mem:64MB incremental:off max_workers:2 =====
SELECT * FROM (SELECT * FROM s_1 ORDER BY a) foo ORDER BY a, b
                                                         QUERY PLAN                                                          
-----------------------------------------------------------------------------------------------------------------------------
 Limit  (cost=20746.64..20746.64 rows=1 width=20) (actual time=54.830..54.830 rows=0 loops=1)
   ->  Sort  (cost=19496.64..19746.64 rows=100000 width=20) (actual time=47.950..52.670 rows=100000 loops=1)
         Sort Key: s_1.a, s_1.b
         Sort Method: quicksort  Memory: 10885kB
         ->  Sort  (cost=9941.82..10191.82 rows=100000 width=20) (actual time=16.402..20.140 rows=100000 loops=1)
               Sort Key: s_1.a
               Sort Method: quicksort  Memory: 10885kB
               ->  Seq Scan on s_1  (cost=0.00..1637.00 rows=100000 width=20) (actual time=0.007..5.595 rows=100000 loops=1)
 Planning time: 0.214 ms
 Execution time: 55.740 ms
(10 rows)

===== 206 [Wed Mar  7 02:02:17 CET 2018] scale:100000 groups:100 work_mem:64MB incremental:off max_workers:2 =====
SELECT * FROM (SELECT * FROM s_2 ORDER BY a, b) foo ORDER BY a, b, c
                                                         QUERY PLAN                                                          
-----------------------------------------------------------------------------------------------------------------------------
 Limit  (cost=20746.64..20746.64 rows=1 width=20) (actual time=62.099..62.099 rows=0 loops=1)
   ->  Sort  (cost=19496.64..19746.64 rows=100000 width=20) (actual time=56.181..59.927 rows=100000 loops=1)
         Sort Key: s_2.a, s_2.b, s_2.c
         Sort Method: quicksort  Memory: 10885kB
         ->  Sort  (cost=9941.82..10191.82 rows=100000 width=20) (actual time=17.846..21.615 rows=100000 loops=1)
               Sort Key: s_2.a, s_2.b
               Sort Method: quicksort  Memory: 10885kB
               ->  Seq Scan on s_2  (cost=0.00..1637.00 rows=100000 width=20) (actual time=0.010..5.621 rows=100000 loops=1)
 Planning time: 0.215 ms
 Execution time: 63.004 ms
(10 rows)

===== 207 [Wed Mar  7 02:02:17 CET 2018] scale:100000 groups:100 work_mem:64MB incremental:off max_workers:2 =====
SELECT * FROM (SELECT * FROM s_3 ORDER BY a, b, c) foo ORDER BY a, b, c, d
                                                         QUERY PLAN                                                          
-----------------------------------------------------------------------------------------------------------------------------
 Limit  (cost=20746.64..20746.64 rows=1 width=20) (actual time=57.340..57.340 rows=0 loops=1)
   ->  Sort  (cost=19496.64..19746.64 rows=100000 width=20) (actual time=51.880..55.169 rows=100000 loops=1)
         Sort Key: s_3.a, s_3.b, s_3.c, s_3.d
         Sort Method: quicksort  Memory: 10885kB
         ->  Sort  (cost=9941.82..10191.82 rows=100000 width=20) (actual time=18.520..22.274 rows=100000 loops=1)
               Sort Key: s_3.a, s_3.b, s_3.c
               Sort Method: quicksort  Memory: 10885kB
               ->  Seq Scan on s_3  (cost=0.00..1637.00 rows=100000 width=20) (actual time=0.012..5.613 rows=100000 loops=1)
 Planning time: 0.212 ms
 Execution time: 58.249 ms
(10 rows)

===== 208 [Wed Mar  7 02:02:17 CET 2018] scale:100000 groups:100 work_mem:64MB incremental:off max_workers:2 =====
SELECT * FROM (SELECT * FROM s_4 ORDER BY a, b, c, d) foo ORDER BY a, b, c, d, e
                                                         QUERY PLAN                                                          
-----------------------------------------------------------------------------------------------------------------------------
 Limit  (cost=20746.64..20746.64 rows=1 width=20) (actual time=48.758..48.758 rows=0 loops=1)
   ->  Sort  (cost=19496.64..19746.64 rows=100000 width=20) (actual time=43.330..46.577 rows=100000 loops=1)
         Sort Key: s_4.a, s_4.b, s_4.c, s_4.d, s_4.e
         Sort Method: quicksort  Memory: 10885kB
         ->  Sort  (cost=9941.82..10191.82 rows=100000 width=20) (actual time=18.582..22.356 rows=100000 loops=1)
               Sort Key: s_4.a, s_4.b, s_4.c, s_4.d
               Sort Method: quicksort  Memory: 10885kB
               ->  Seq Scan on s_4  (cost=0.00..1637.00 rows=100000 width=20) (actual time=0.009..5.626 rows=100000 loops=1)
 Planning time: 0.222 ms
 Execution time: 49.669 ms
(10 rows)

===== 209 [Wed Mar  7 02:02:18 CET 2018] scale:100000 groups:100 work_mem:128MB incremental:on max_workers:2 =====
SELECT * FROM (SELECT * FROM s_1 ORDER BY a) foo ORDER BY a, b
                                                         QUERY PLAN                                                          
-----------------------------------------------------------------------------------------------------------------------------
 Limit  (cost=18919.55..18919.55 rows=1 width=20) (actual time=48.602..48.602 rows=0 loops=1)
   ->  Incremental Sort  (cost=10003.46..17919.55 rows=100000 width=20) (actual time=16.626..46.058 rows=100000 loops=1)
         Sort Key: s_1.a, s_1.b
         Presorted Key: s_1.a
         Sort Method: quicksort  Memory: 131kB
         Sort Groups: 101
         ->  Sort  (cost=9941.82..10191.82 rows=100000 width=20) (actual time=16.456..19.993 rows=100000 loops=1)
               Sort Key: s_1.a
               Sort Method: quicksort  Memory: 10885kB
               ->  Seq Scan on s_1  (cost=0.00..1637.00 rows=100000 width=20) (actual time=0.007..5.580 rows=100000 loops=1)
 Planning time: 0.223 ms
 Execution time: 49.066 ms
(12 rows)

===== 210 [Wed Mar  7 02:02:18 CET 2018] scale:100000 groups:100 work_mem:128MB incremental:on max_workers:2 =====
SELECT * FROM (SELECT * FROM s_2 ORDER BY a, b) foo ORDER BY a, b, c
                                                         QUERY PLAN                                                          
-----------------------------------------------------------------------------------------------------------------------------
 Limit  (cost=15802.78..15802.78 rows=1 width=20) (actual time=48.748..48.748 rows=0 loops=1)
   ->  Incremental Sort  (cost=9942.11..14802.78 rows=100000 width=20) (actual time=18.014..46.190 rows=100000 loops=1)
         Sort Key: s_2.a, s_2.b, s_2.c
         Presorted Key: s_2.a, s_2.b
         Sort Method: quicksort  Memory: 29kB
         Sort Groups: 2704
         ->  Sort  (cost=9941.82..10191.82 rows=100000 width=20) (actual time=17.964..22.075 rows=100000 loops=1)
               Sort Key: s_2.a, s_2.b
               Sort Method: quicksort  Memory: 10885kB
               ->  Seq Scan on s_2  (cost=0.00..1637.00 rows=100000 width=20) (actual time=0.010..5.615 rows=100000 loops=1)
 Planning time: 0.223 ms
 Execution time: 49.215 ms
(12 rows)

===== 211 [Wed Mar  7 02:02:18 CET 2018] scale:100000 groups:100 work_mem:128MB incremental:on max_workers:2 =====
SELECT * FROM (SELECT * FROM s_3 ORDER BY a, b, c) foo ORDER BY a, b, c, d
                                                         QUERY PLAN                                                          
-----------------------------------------------------------------------------------------------------------------------------
 Limit  (cost=15802.78..15802.78 rows=1 width=20) (actual time=43.165..43.165 rows=0 loops=1)
   ->  Incremental Sort  (cost=9942.11..14802.78 rows=100000 width=20) (actual time=18.593..40.626 rows=100000 loops=1)
         Sort Key: s_3.a, s_3.b, s_3.c, s_3.d
         Presorted Key: s_3.a, s_3.b, s_3.c
         Sort Method: quicksort  Memory: 27kB
         Sort Groups: 3120
         ->  Sort  (cost=9941.82..10191.82 rows=100000 width=20) (actual time=18.553..22.625 rows=100000 loops=1)
               Sort Key: s_3.a, s_3.b, s_3.c
               Sort Method: quicksort  Memory: 10885kB
               ->  Seq Scan on s_3  (cost=0.00..1637.00 rows=100000 width=20) (actual time=0.013..5.605 rows=100000 loops=1)
 Planning time: 0.225 ms
 Execution time: 43.637 ms
(12 rows)

===== 212 [Wed Mar  7 02:02:19 CET 2018] scale:100000 groups:100 work_mem:128MB incremental:on max_workers:2 =====
SELECT * FROM (SELECT * FROM s_4 ORDER BY a, b, c, d) foo ORDER BY a, b, c, d, e
                                                         QUERY PLAN                                                          
-----------------------------------------------------------------------------------------------------------------------------
 Limit  (cost=15802.78..15802.78 rows=1 width=20) (actual time=40.018..40.018 rows=0 loops=1)
   ->  Incremental Sort  (cost=9942.11..14802.78 rows=100000 width=20) (actual time=18.563..37.782 rows=100000 loops=1)
         Sort Key: s_4.a, s_4.b, s_4.c, s_4.d, s_4.e
         Presorted Key: s_4.a, s_4.b, s_4.c, s_4.d
         Sort Method: quicksort  Memory: 27kB
         Sort Groups: 3125
         ->  Sort  (cost=9941.82..10191.82 rows=100000 width=20) (actual time=18.523..22.712 rows=100000 loops=1)
               Sort Key: s_4.a, s_4.b, s_4.c, s_4.d
               Sort Method: quicksort  Memory: 10885kB
               ->  Seq Scan on s_4  (cost=0.00..1637.00 rows=100000 width=20) (actual time=0.009..5.588 rows=100000 loops=1)
 Planning time: 0.233 ms
 Execution time: 40.490 ms
(12 rows)

===== 213 [Wed Mar  7 02:02:19 CET 2018] scale:100000 groups:100 work_mem:128MB incremental:off max_workers:2 =====
SELECT * FROM (SELECT * FROM s_1 ORDER BY a) foo ORDER BY a, b
                                                         QUERY PLAN                                                          
-----------------------------------------------------------------------------------------------------------------------------
 Limit  (cost=20746.64..20746.64 rows=1 width=20) (actual time=54.924..54.924 rows=0 loops=1)
   ->  Sort  (cost=19496.64..19746.64 rows=100000 width=20) (actual time=48.034..52.757 rows=100000 loops=1)
         Sort Key: s_1.a, s_1.b
         Sort Method: quicksort  Memory: 10885kB
         ->  Sort  (cost=9941.82..10191.82 rows=100000 width=20) (actual time=16.440..20.196 rows=100000 loops=1)
               Sort Key: s_1.a
               Sort Method: quicksort  Memory: 10885kB
               ->  Seq Scan on s_1  (cost=0.00..1637.00 rows=100000 width=20) (actual time=0.007..5.593 rows=100000 loops=1)
 Planning time: 0.211 ms
 Execution time: 55.831 ms
(10 rows)

===== 214 [Wed Mar  7 02:02:19 CET 2018] scale:100000 groups:100 work_mem:128MB incremental:off max_workers:2 =====
SELECT * FROM (SELECT * FROM s_2 ORDER BY a, b) foo ORDER BY a, b, c
                                                         QUERY PLAN                                                          
-----------------------------------------------------------------------------------------------------------------------------
 Limit  (cost=20746.64..20746.64 rows=1 width=20) (actual time=62.150..62.150 rows=0 loops=1)
   ->  Sort  (cost=19496.64..19746.64 rows=100000 width=20) (actual time=56.223..59.975 rows=100000 loops=1)
         Sort Key: s_2.a, s_2.b, s_2.c
         Sort Method: quicksort  Memory: 10885kB
         ->  Sort  (cost=9941.82..10191.82 rows=100000 width=20) (actual time=17.856..21.613 rows=100000 loops=1)
               Sort Key: s_2.a, s_2.b
               Sort Method: quicksort  Memory: 10885kB
               ->  Seq Scan on s_2  (cost=0.00..1637.00 rows=100000 width=20) (actual time=0.010..5.606 rows=100000 loops=1)
 Planning time: 0.213 ms
 Execution time: 63.056 ms
(10 rows)

===== 215 [Wed Mar  7 02:02:19 CET 2018] scale:100000 groups:100 work_mem:128MB incremental:off max_workers:2 =====
SELECT * FROM (SELECT * FROM s_3 ORDER BY a, b, c) foo ORDER BY a, b, c, d
                                                         QUERY PLAN                                                          
-----------------------------------------------------------------------------------------------------------------------------
 Limit  (cost=20746.64..20746.64 rows=1 width=20) (actual time=57.361..57.361 rows=0 loops=1)
   ->  Sort  (cost=19496.64..19746.64 rows=100000 width=20) (actual time=51.905..55.186 rows=100000 loops=1)
         Sort Key: s_3.a, s_3.b, s_3.c, s_3.d
         Sort Method: quicksort  Memory: 10885kB
         ->  Sort  (cost=9941.82..10191.82 rows=100000 width=20) (actual time=18.529..22.308 rows=100000 loops=1)
               Sort Key: s_3.a, s_3.b, s_3.c
               Sort Method: quicksort  Memory: 10885kB
               ->  Seq Scan on s_3  (cost=0.00..1637.00 rows=100000 width=20) (actual time=0.013..5.605 rows=100000 loops=1)
 Planning time: 0.216 ms
 Execution time: 58.268 ms
(10 rows)

===== 216 [Wed Mar  7 02:02:20 CET 2018] scale:100000 groups:100 work_mem:128MB incremental:off max_workers:2 =====
SELECT * FROM (SELECT * FROM s_4 ORDER BY a, b, c, d) foo ORDER BY a, b, c, d, e
                                                         QUERY PLAN                                                          
-----------------------------------------------------------------------------------------------------------------------------
 Limit  (cost=20746.64..20746.64 rows=1 width=20) (actual time=48.867..48.867 rows=0 loops=1)
   ->  Sort  (cost=19496.64..19746.64 rows=100000 width=20) (actual time=43.436..46.687 rows=100000 loops=1)
         Sort Key: s_4.a, s_4.b, s_4.c, s_4.d, s_4.e
         Sort Method: quicksort  Memory: 10885kB
         ->  Sort  (cost=9941.82..10191.82 rows=100000 width=20) (actual time=18.641..22.398 rows=100000 loops=1)
               Sort Key: s_4.a, s_4.b, s_4.c, s_4.d
               Sort Method: quicksort  Memory: 10885kB
               ->  Seq Scan on s_4  (cost=0.00..1637.00 rows=100000 width=20) (actual time=0.009..5.636 rows=100000 loops=1)
 Planning time: 0.228 ms
 Execution time: 49.775 ms
(10 rows)

===== 217 [Wed Mar  7 02:02:20 CET 2018] scale:100000 groups:100 work_mem:256MB incremental:on max_workers:2 =====
SELECT * FROM (SELECT * FROM s_1 ORDER BY a) foo ORDER BY a, b
                                                         QUERY PLAN                                                          
-----------------------------------------------------------------------------------------------------------------------------
 Limit  (cost=18919.55..18919.55 rows=1 width=20) (actual time=48.620..48.620 rows=0 loops=1)
   ->  Incremental Sort  (cost=10003.46..17919.55 rows=100000 width=20) (actual time=16.673..46.078 rows=100000 loops=1)
         Sort Key: s_1.a, s_1.b
         Presorted Key: s_1.a
         Sort Method: quicksort  Memory: 131kB
         Sort Groups: 101
         ->  Sort  (cost=9941.82..10191.82 rows=100000 width=20) (actual time=16.501..20.033 rows=100000 loops=1)
               Sort Key: s_1.a
               Sort Method: quicksort  Memory: 10885kB
               ->  Seq Scan on s_1  (cost=0.00..1637.00 rows=100000 width=20) (actual time=0.007..5.587 rows=100000 loops=1)
 Planning time: 0.234 ms
 Execution time: 49.090 ms
(12 rows)

===== 218 [Wed Mar  7 02:02:20 CET 2018] scale:100000 groups:100 work_mem:256MB incremental:on max_workers:2 =====
SELECT * FROM (SELECT * FROM s_2 ORDER BY a, b) foo ORDER BY a, b, c
                                                         QUERY PLAN                                                          
-----------------------------------------------------------------------------------------------------------------------------
 Limit  (cost=15802.78..15802.78 rows=1 width=20) (actual time=48.776..48.776 rows=0 loops=1)
   ->  Incremental Sort  (cost=9942.11..14802.78 rows=100000 width=20) (actual time=18.009..46.217 rows=100000 loops=1)
         Sort Key: s_2.a, s_2.b, s_2.c
         Presorted Key: s_2.a, s_2.b
         Sort Method: quicksort  Memory: 29kB
         Sort Groups: 2704
         ->  Sort  (cost=9941.82..10191.82 rows=100000 width=20) (actual time=17.959..22.091 rows=100000 loops=1)
               Sort Key: s_2.a, s_2.b
               Sort Method: quicksort  Memory: 10885kB
               ->  Seq Scan on s_2  (cost=0.00..1637.00 rows=100000 width=20) (actual time=0.010..5.615 rows=100000 loops=1)
 Planning time: 0.223 ms
 Execution time: 49.241 ms
(12 rows)

===== 219 [Wed Mar  7 02:02:21 CET 2018] scale:100000 groups:100 work_mem:256MB incremental:on max_workers:2 =====
SELECT * FROM (SELECT * FROM s_3 ORDER BY a, b, c) foo ORDER BY a, b, c, d
                                                         QUERY PLAN                                                          
-----------------------------------------------------------------------------------------------------------------------------
 Limit  (cost=15802.78..15802.78 rows=1 width=20) (actual time=43.197..43.197 rows=0 loops=1)
   ->  Incremental Sort  (cost=9942.11..14802.78 rows=100000 width=20) (actual time=18.577..40.659 rows=100000 loops=1)
         Sort Key: s_3.a, s_3.b, s_3.c, s_3.d
         Presorted Key: s_3.a, s_3.b, s_3.c
         Sort Method: quicksort  Memory: 27kB
         Sort Groups: 3120
         ->  Sort  (cost=9941.82..10191.82 rows=100000 width=20) (actual time=18.536..22.613 rows=100000 loops=1)
               Sort Key: s_3.a, s_3.b, s_3.c
               Sort Method: quicksort  Memory: 10885kB
               ->  Seq Scan on s_3  (cost=0.00..1637.00 rows=100000 width=20) (actual time=0.013..5.613 rows=100000 loops=1)
 Planning time: 0.228 ms
 Execution time: 43.668 ms
(12 rows)

===== 220 [Wed Mar  7 02:02:21 CET 2018] scale:100000 groups:100 work_mem:256MB incremental:on max_workers:2 =====
SELECT * FROM (SELECT * FROM s_4 ORDER BY a, b, c, d) foo ORDER BY a, b, c, d, e
                                                         QUERY PLAN                                                          
-----------------------------------------------------------------------------------------------------------------------------
 Limit  (cost=15802.78..15802.78 rows=1 width=20) (actual time=40.039..40.039 rows=0 loops=1)
   ->  Incremental Sort  (cost=9942.11..14802.78 rows=100000 width=20) (actual time=18.577..37.796 rows=100000 loops=1)
         Sort Key: s_4.a, s_4.b, s_4.c, s_4.d, s_4.e
         Presorted Key: s_4.a, s_4.b, s_4.c, s_4.d
         Sort Method: quicksort  Memory: 27kB
         Sort Groups: 3125
         ->  Sort  (cost=9941.82..10191.82 rows=100000 width=20) (actual time=18.537..22.719 rows=100000 loops=1)
               Sort Key: s_4.a, s_4.b, s_4.c, s_4.d
               Sort Method: quicksort  Memory: 10885kB
               ->  Seq Scan on s_4  (cost=0.00..1637.00 rows=100000 width=20) (actual time=0.009..5.593 rows=100000 loops=1)
 Planning time: 0.234 ms
 Execution time: 40.513 ms
(12 rows)

===== 221 [Wed Mar  7 02:02:21 CET 2018] scale:100000 groups:100 work_mem:256MB incremental:off max_workers:2 =====
SELECT * FROM (SELECT * FROM s_1 ORDER BY a) foo ORDER BY a, b
                                                         QUERY PLAN                                                          
-----------------------------------------------------------------------------------------------------------------------------
 Limit  (cost=20746.64..20746.64 rows=1 width=20) (actual time=54.851..54.851 rows=0 loops=1)
   ->  Sort  (cost=19496.64..19746.64 rows=100000 width=20) (actual time=47.976..52.692 rows=100000 loops=1)
         Sort Key: s_1.a, s_1.b
         Sort Method: quicksort  Memory: 10885kB
         ->  Sort  (cost=9941.82..10191.82 rows=100000 width=20) (actual time=16.408..20.167 rows=100000 loops=1)
               Sort Key: s_1.a
               Sort Method: quicksort  Memory: 10885kB
               ->  Seq Scan on s_1  (cost=0.00..1637.00 rows=100000 width=20) (actual time=0.007..5.591 rows=100000 loops=1)
 Planning time: 0.213 ms
 Execution time: 55.758 ms
(10 rows)

===== 222 [Wed Mar  7 02:02:22 CET 2018] scale:100000 groups:100 work_mem:256MB incremental:off max_workers:2 =====
SELECT * FROM (SELECT * FROM s_2 ORDER BY a, b) foo ORDER BY a, b, c
                                                         QUERY PLAN                                                          
-----------------------------------------------------------------------------------------------------------------------------
 Limit  (cost=20746.64..20746.64 rows=1 width=20) (actual time=62.120..62.120 rows=0 loops=1)
   ->  Sort  (cost=19496.64..19746.64 rows=100000 width=20) (actual time=56.220..59.951 rows=100000 loops=1)
         Sort Key: s_2.a, s_2.b, s_2.c
         Sort Method: quicksort  Memory: 10885kB
         ->  Sort  (cost=9941.82..10191.82 rows=100000 width=20) (actual time=17.863..21.613 rows=100000 loops=1)
               Sort Key: s_2.a, s_2.b
               Sort Method: quicksort  Memory: 10885kB
               ->  Seq Scan on s_2  (cost=0.00..1637.00 rows=100000 width=20) (actual time=0.011..5.617 rows=100000 loops=1)
 Planning time: 0.215 ms
 Execution time: 63.030 ms
(10 rows)

===== 223 [Wed Mar  7 02:02:22 CET 2018] scale:100000 groups:100 work_mem:256MB incremental:off max_workers:2 =====
SELECT * FROM (SELECT * FROM s_3 ORDER BY a, b, c) foo ORDER BY a, b, c, d
                                                         QUERY PLAN                                                          
-----------------------------------------------------------------------------------------------------------------------------
 Limit  (cost=20746.64..20746.64 rows=1 width=20) (actual time=57.388..57.388 rows=0 loops=1)
   ->  Sort  (cost=19496.64..19746.64 rows=100000 width=20) (actual time=51.926..55.214 rows=100000 loops=1)
         Sort Key: s_3.a, s_3.b, s_3.c, s_3.d
         Sort Method: quicksort  Memory: 10885kB
         ->  Sort  (cost=9941.82..10191.82 rows=100000 width=20) (actual time=18.532..22.289 rows=100000 loops=1)
               Sort Key: s_3.a, s_3.b, s_3.c
               Sort Method: quicksort  Memory: 10885kB
               ->  Seq Scan on s_3  (cost=0.00..1637.00 rows=100000 width=20) (actual time=0.013..5.610 rows=100000 loops=1)
 Planning time: 0.214 ms
 Execution time: 58.304 ms
(10 rows)

===== 224 [Wed Mar  7 02:02:22 CET 2018] scale:100000 groups:100 work_mem:256MB incremental:off max_workers:2 =====
SELECT * FROM (SELECT * FROM s_4 ORDER BY a, b, c, d) foo ORDER BY a, b, c, d, e
                                                         QUERY PLAN                                                          
-----------------------------------------------------------------------------------------------------------------------------
 Limit  (cost=20746.64..20746.64 rows=1 width=20) (actual time=48.849..48.849 rows=0 loops=1)
   ->  Sort  (cost=19496.64..19746.64 rows=100000 width=20) (actual time=43.419..46.671 rows=100000 loops=1)
         Sort Key: s_4.a, s_4.b, s_4.c, s_4.d, s_4.e
         Sort Method: quicksort  Memory: 10885kB
         ->  Sort  (cost=9941.82..10191.82 rows=100000 width=20) (actual time=18.623..22.400 rows=100000 loops=1)
               Sort Key: s_4.a, s_4.b, s_4.c, s_4.d
               Sort Method: quicksort  Memory: 10885kB
               ->  Seq Scan on s_4  (cost=0.00..1637.00 rows=100000 width=20) (actual time=0.009..5.620 rows=100000 loops=1)
 Planning time: 0.229 ms
 Execution time: 49.758 ms
(10 rows)

===== 225 [Wed Mar  7 02:02:24 CET 2018] scale:100000 groups:1000 work_mem:4MB incremental:on max_workers:0 =====
SELECT * FROM (SELECT * FROM s_1 ORDER BY a) foo ORDER BY a, b
                                                         QUERY PLAN                                                          
-----------------------------------------------------------------------------------------------------------------------------
 Limit  (cost=19334.05..19334.05 rows=1 width=20) (actual time=56.870..56.870 rows=0 loops=1)
   ->  Incremental Sort  (cost=11997.39..18334.05 rows=100000 width=20) (actual time=21.159..54.311 rows=100000 loops=1)
         Sort Key: s_1.a, s_1.b
         Presorted Key: s_1.a
         Sort Method: quicksort  Memory: 35kB
         Sort Groups: 1001
         ->  Sort  (cost=11992.82..12242.82 rows=100000 width=20) (actual time=21.104..29.531 rows=100000 loops=1)
               Sort Key: s_1.a
               Sort Method: external merge  Disk: 2936kB
               ->  Seq Scan on s_1  (cost=0.00..1637.00 rows=100000 width=20) (actual time=0.007..5.441 rows=100000 loops=1)
 Planning time: 0.213 ms
 Execution time: 57.439 ms
(12 rows)

===== 226 [Wed Mar  7 02:02:24 CET 2018] scale:100000 groups:1000 work_mem:4MB incremental:on max_workers:0 =====
SELECT * FROM (SELECT * FROM s_2 ORDER BY a, b) foo ORDER BY a, b, c
                                                         QUERY PLAN                                                          
-----------------------------------------------------------------------------------------------------------------------------
 Limit  (cost=17853.78..17853.78 rows=1 width=20) (actual time=48.201..48.201 rows=0 loops=1)
   ->  Incremental Sort  (cost=11993.11..16853.78 rows=100000 width=20) (actual time=22.389..45.681 rows=100000 loops=1)
         Sort Key: s_2.a, s_2.b, s_2.c
         Presorted Key: s_2.a, s_2.b
         Sort Method: quicksort  Memory: 27kB
         Sort Groups: 3121
         ->  Sort  (cost=11992.82..12242.82 rows=100000 width=20) (actual time=22.348..31.089 rows=100000 loops=1)
               Sort Key: s_2.a, s_2.b
               Sort Method: external merge  Disk: 2936kB
               ->  Seq Scan on s_2  (cost=0.00..1637.00 rows=100000 width=20) (actual time=0.010..5.457 rows=100000 loops=1)
 Planning time: 0.215 ms
 Execution time: 48.780 ms
(12 rows)

===== 227 [Wed Mar  7 02:02:25 CET 2018] scale:100000 groups:1000 work_mem:4MB incremental:on max_workers:0 =====
SELECT * FROM (SELECT * FROM s_3 ORDER BY a, b, c) foo ORDER BY a, b, c, d
                                                         QUERY PLAN                                                          
-----------------------------------------------------------------------------------------------------------------------------
 Limit  (cost=17853.78..17853.78 rows=1 width=20) (actual time=46.461..46.461 rows=0 loops=1)
   ->  Incremental Sort  (cost=11993.11..16853.78 rows=100000 width=20) (actual time=22.395..43.928 rows=100000 loops=1)
         Sort Key: s_3.a, s_3.b, s_3.c, s_3.d
         Presorted Key: s_3.a, s_3.b, s_3.c
         Sort Method: quicksort  Memory: 27kB
         Sort Groups: 3125
         ->  Sort  (cost=11992.82..12242.82 rows=100000 width=20) (actual time=22.349..31.099 rows=100000 loops=1)
               Sort Key: s_3.a, s_3.b, s_3.c
               Sort Method: external merge  Disk: 2936kB
               ->  Seq Scan on s_3  (cost=0.00..1637.00 rows=100000 width=20) (actual time=0.010..5.460 rows=100000 loops=1)
 Planning time: 0.218 ms
 Execution time: 47.027 ms
(12 rows)

===== 228 [Wed Mar  7 02:02:25 CET 2018] scale:100000 groups:1000 work_mem:4MB incremental:on max_workers:0 =====
SELECT * FROM (SELECT * FROM s_4 ORDER BY a, b, c, d) foo ORDER BY a, b, c, d, e
                                                         QUERY PLAN                                                          
-----------------------------------------------------------------------------------------------------------------------------
 Limit  (cost=17853.78..17853.78 rows=1 width=20) (actual time=45.631..45.631 rows=0 loops=1)
   ->  Incremental Sort  (cost=11993.11..16853.78 rows=100000 width=20) (actual time=22.397..43.367 rows=100000 loops=1)
         Sort Key: s_4.a, s_4.b, s_4.c, s_4.d, s_4.e
         Presorted Key: s_4.a, s_4.b, s_4.c, s_4.d
         Sort Method: quicksort  Memory: 27kB
         Sort Groups: 3125
         ->  Sort  (cost=11992.82..12242.82 rows=100000 width=20) (actual time=22.350..31.121 rows=100000 loops=1)
               Sort Key: s_4.a, s_4.b, s_4.c, s_4.d
               Sort Method: external merge  Disk: 2936kB
               ->  Seq Scan on s_4  (cost=0.00..1637.00 rows=100000 width=20) (actual time=0.007..5.482 rows=100000 loops=1)
 Planning time: 0.219 ms
 Execution time: 46.197 ms
(12 rows)

===== 229 [Wed Mar  7 02:02:25 CET 2018] scale:100000 groups:1000 work_mem:4MB incremental:off max_workers:0 =====
SELECT * FROM (SELECT * FROM s_1 ORDER BY a) foo ORDER BY a, b
                                                         QUERY PLAN                                                          
-----------------------------------------------------------------------------------------------------------------------------
 Limit  (cost=24848.64..24848.64 rows=1 width=20) (actual time=71.361..71.361 rows=0 loops=1)
   ->  Sort  (cost=23598.64..23848.64 rows=100000 width=20) (actual time=61.922..69.177 rows=100000 loops=1)
         Sort Key: s_1.a, s_1.b
         Sort Method: external merge  Disk: 2936kB
         ->  Sort  (cost=11992.82..12242.82 rows=100000 width=20) (actual time=21.053..29.398 rows=100000 loops=1)
               Sort Key: s_1.a
               Sort Method: external merge  Disk: 2936kB
               ->  Seq Scan on s_1  (cost=0.00..1637.00 rows=100000 width=20) (actual time=0.007..5.466 rows=100000 loops=1)
 Planning time: 0.202 ms
 Execution time: 72.317 ms
(10 rows)

===== 230 [Wed Mar  7 02:02:26 CET 2018] scale:100000 groups:1000 work_mem:4MB incremental:off max_workers:0 =====
SELECT * FROM (SELECT * FROM s_2 ORDER BY a, b) foo ORDER BY a, b, c
                                                         QUERY PLAN                                                          
-----------------------------------------------------------------------------------------------------------------------------
 Limit  (cost=24848.64..24848.64 rows=1 width=20) (actual time=66.671..66.671 rows=0 loops=1)
   ->  Sort  (cost=23598.64..23848.64 rows=100000 width=20) (actual time=57.234..64.483 rows=100000 loops=1)
         Sort Key: s_2.a, s_2.b, s_2.c
         Sort Method: external merge  Disk: 2936kB
         ->  Sort  (cost=11992.82..12242.82 rows=100000 width=20) (actual time=22.260..30.597 rows=100000 loops=1)
               Sort Key: s_2.a, s_2.b
               Sort Method: external merge  Disk: 2936kB
               ->  Seq Scan on s_2  (cost=0.00..1637.00 rows=100000 width=20) (actual time=0.010..5.457 rows=100000 loops=1)
 Planning time: 0.205 ms
 Execution time: 67.625 ms
(10 rows)

===== 231 [Wed Mar  7 02:02:26 CET 2018] scale:100000 groups:1000 work_mem:4MB incremental:off max_workers:0 =====
SELECT * FROM (SELECT * FROM s_3 ORDER BY a, b, c) foo ORDER BY a, b, c, d
                                                         QUERY PLAN                                                          
-----------------------------------------------------------------------------------------------------------------------------
 Limit  (cost=24848.64..24848.64 rows=1 width=20) (actual time=54.603..54.603 rows=0 loops=1)
   ->  Sort  (cost=23598.64..23848.64 rows=100000 width=20) (actual time=45.177..52.420 rows=100000 loops=1)
         Sort Key: s_3.a, s_3.b, s_3.c, s_3.d
         Sort Method: external merge  Disk: 2936kB
         ->  Sort  (cost=11992.82..12242.82 rows=100000 width=20) (actual time=22.256..30.594 rows=100000 loops=1)
               Sort Key: s_3.a, s_3.b, s_3.c
               Sort Method: external merge  Disk: 2936kB
               ->  Seq Scan on s_3  (cost=0.00..1637.00 rows=100000 width=20) (actual time=0.010..5.456 rows=100000 loops=1)
 Planning time: 0.209 ms
 Execution time: 55.363 ms
(10 rows)

===== 232 [Wed Mar  7 02:02:26 CET 2018] scale:100000 groups:1000 work_mem:4MB incremental:off max_workers:0 =====
SELECT * FROM (SELECT * FROM s_4 ORDER BY a, b, c, d) foo ORDER BY a, b, c, d, e
                                                         QUERY PLAN                                                          
-----------------------------------------------------------------------------------------------------------------------------
 Limit  (cost=24848.64..24848.64 rows=1 width=20) (actual time=54.905..54.905 rows=0 loops=1)
   ->  Sort  (cost=23598.64..23848.64 rows=100000 width=20) (actual time=45.321..52.721 rows=100000 loops=1)
         Sort Key: s_4.a, s_4.b, s_4.c, s_4.d, s_4.e
         Sort Method: external merge  Disk: 2936kB
         ->  Sort  (cost=11992.82..12242.82 rows=100000 width=20) (actual time=22.344..30.691 rows=100000 loops=1)
               Sort Key: s_4.a, s_4.b, s_4.c, s_4.d
               Sort Method: external merge  Disk: 2936kB
               ->  Seq Scan on s_4  (cost=0.00..1637.00 rows=100000 width=20) (actual time=0.007..5.476 rows=100000 loops=1)
 Planning time: 0.212 ms
 Execution time: 55.868 ms
(10 rows)

===== 233 [Wed Mar  7 02:02:27 CET 2018] scale:100000 groups:1000 work_mem:8MB incremental:on max_workers:0 =====
SELECT * FROM (SELECT * FROM s_1 ORDER BY a) foo ORDER BY a, b
                                                         QUERY PLAN                                                          
-----------------------------------------------------------------------------------------------------------------------------
 Limit  (cost=17283.05..17283.05 rows=1 width=20) (actual time=57.445..57.445 rows=0 loops=1)
   ->  Incremental Sort  (cost=9946.39..16283.05 rows=100000 width=20) (actual time=22.748..55.260 rows=100000 loops=1)
         Sort Key: s_1.a, s_1.b
         Presorted Key: s_1.a
         Sort Method: quicksort  Memory: 35kB
         Sort Groups: 1001
         ->  Sort  (cost=9941.82..10191.82 rows=100000 width=20) (actual time=22.694..31.066 rows=100000 loops=1)
               Sort Key: s_1.a
               Sort Method: external merge  Disk: 2936kB
               ->  Seq Scan on s_1  (cost=0.00..1637.00 rows=100000 width=20) (actual time=0.007..5.589 rows=100000 loops=1)
 Planning time: 0.211 ms
 Execution time: 57.879 ms
(12 rows)

===== 234 [Wed Mar  7 02:02:27 CET 2018] scale:100000 groups:1000 work_mem:8MB incremental:on max_workers:0 =====
SELECT * FROM (SELECT * FROM s_2 ORDER BY a, b) foo ORDER BY a, b, c
                                                         QUERY PLAN                                                          
-----------------------------------------------------------------------------------------------------------------------------
 Limit  (cost=15802.78..15802.78 rows=1 width=20) (actual time=49.363..49.363 rows=0 loops=1)
   ->  Incremental Sort  (cost=9942.11..14802.78 rows=100000 width=20) (actual time=24.065..47.163 rows=100000 loops=1)
         Sort Key: s_2.a, s_2.b, s_2.c
         Presorted Key: s_2.a, s_2.b
         Sort Method: quicksort  Memory: 27kB
         Sort Groups: 3121
         ->  Sort  (cost=9941.82..10191.82 rows=100000 width=20) (actual time=24.023..32.803 rows=100000 loops=1)
               Sort Key: s_2.a, s_2.b
               Sort Method: external merge  Disk: 2936kB
               ->  Seq Scan on s_2  (cost=0.00..1637.00 rows=100000 width=20) (actual time=0.010..5.591 rows=100000 loops=1)
 Planning time: 0.219 ms
 Execution time: 49.766 ms
(12 rows)

===== 235 [Wed Mar  7 02:02:27 CET 2018] scale:100000 groups:1000 work_mem:8MB incremental:on max_workers:0 =====
SELECT * FROM (SELECT * FROM s_3 ORDER BY a, b, c) foo ORDER BY a, b, c, d
                                                         QUERY PLAN                                                          
-----------------------------------------------------------------------------------------------------------------------------
 Limit  (cost=15802.78..15802.78 rows=1 width=20) (actual time=46.732..46.732 rows=0 loops=1)
   ->  Incremental Sort  (cost=9942.11..14802.78 rows=100000 width=20) (actual time=23.945..44.544 rows=100000 loops=1)
         Sort Key: s_3.a, s_3.b, s_3.c, s_3.d
         Presorted Key: s_3.a, s_3.b, s_3.c
         Sort Method: quicksort  Memory: 27kB
         Sort Groups: 3125
         ->  Sort  (cost=9941.82..10191.82 rows=100000 width=20) (actual time=23.899..32.519 rows=100000 loops=1)
               Sort Key: s_3.a, s_3.b, s_3.c
               Sort Method: external merge  Disk: 2936kB
               ->  Seq Scan on s_3  (cost=0.00..1637.00 rows=100000 width=20) (actual time=0.010..5.554 rows=100000 loops=1)
 Planning time: 0.217 ms
 Execution time: 47.152 ms
(12 rows)

===== 236 [Wed Mar  7 02:02:28 CET 2018] scale:100000 groups:1000 work_mem:8MB incremental:on max_workers:0 =====
SELECT * FROM (SELECT * FROM s_4 ORDER BY a, b, c, d) foo ORDER BY a, b, c, d, e
                                                         QUERY PLAN                                                          
-----------------------------------------------------------------------------------------------------------------------------
 Limit  (cost=15802.78..15802.78 rows=1 width=20) (actual time=46.723..46.723 rows=0 loops=1)
   ->  Incremental Sort  (cost=9942.11..14802.78 rows=100000 width=20) (actual time=24.146..44.513 rows=100000 loops=1)
         Sort Key: s_4.a, s_4.b, s_4.c, s_4.d, s_4.e
         Presorted Key: s_4.a, s_4.b, s_4.c, s_4.d
         Sort Method: quicksort  Memory: 27kB
         Sort Groups: 3125
         ->  Sort  (cost=9941.82..10191.82 rows=100000 width=20) (actual time=24.098..32.716 rows=100000 loops=1)
               Sort Key: s_4.a, s_4.b, s_4.c, s_4.d
               Sort Method: external merge  Disk: 2936kB
               ->  Seq Scan on s_4  (cost=0.00..1637.00 rows=100000 width=20) (actual time=0.013..5.588 rows=100000 loops=1)
 Planning time: 0.224 ms
 Execution time: 47.145 ms
(12 rows)

===== 237 [Wed Mar  7 02:02:28 CET 2018] scale:100000 groups:1000 work_mem:8MB incremental:off max_workers:0 =====
SELECT * FROM (SELECT * FROM s_1 ORDER BY a) foo ORDER BY a, b
                                                         QUERY PLAN                                                          
-----------------------------------------------------------------------------------------------------------------------------
 Limit  (cost=20746.64..20746.64 rows=1 width=20) (actual time=76.953..76.953 rows=0 loops=1)
   ->  Sort  (cost=19496.64..19746.64 rows=100000 width=20) (actual time=67.636..74.756 rows=100000 loops=1)
         Sort Key: s_1.a, s_1.b
         Sort Method: external merge  Disk: 2936kB
         ->  Sort  (cost=9941.82..10191.82 rows=100000 width=20) (actual time=22.630..31.002 rows=100000 loops=1)
               Sort Key: s_1.a
               Sort Method: external merge  Disk: 2936kB
               ->  Seq Scan on s_1  (cost=0.00..1637.00 rows=100000 width=20) (actual time=0.007..5.571 rows=100000 loops=1)
 Planning time: 0.210 ms
 Execution time: 77.713 ms
(10 rows)

===== 238 [Wed Mar  7 02:02:28 CET 2018] scale:100000 groups:1000 work_mem:8MB incremental:off max_workers:0 =====
SELECT * FROM (SELECT * FROM s_2 ORDER BY a, b) foo ORDER BY a, b, c
                                                         QUERY PLAN                                                          
-----------------------------------------------------------------------------------------------------------------------------
 Limit  (cost=20746.64..20746.64 rows=1 width=20) (actual time=71.919..71.919 rows=0 loops=1)
   ->  Sort  (cost=19496.64..19746.64 rows=100000 width=20) (actual time=62.612..69.724 rows=100000 loops=1)
         Sort Key: s_2.a, s_2.b, s_2.c
         Sort Method: external merge  Disk: 2936kB
         ->  Sort  (cost=9941.82..10191.82 rows=100000 width=20) (actual time=23.910..32.281 rows=100000 loops=1)
               Sort Key: s_2.a, s_2.b
               Sort Method: external merge  Disk: 2936kB
               ->  Seq Scan on s_2  (cost=0.00..1637.00 rows=100000 width=20) (actual time=0.010..5.565 rows=100000 loops=1)
 Planning time: 0.205 ms
 Execution time: 72.689 ms
(10 rows)

===== 239 [Wed Mar  7 02:02:29 CET 2018] scale:100000 groups:1000 work_mem:8MB incremental:off max_workers:0 =====
SELECT * FROM (SELECT * FROM s_3 ORDER BY a, b, c) foo ORDER BY a, b, c, d
                                                         QUERY PLAN                                                          
-----------------------------------------------------------------------------------------------------------------------------
 Limit  (cost=20746.64..20746.64 rows=1 width=20) (actual time=59.282..59.282 rows=0 loops=1)
   ->  Sort  (cost=19496.64..19746.64 rows=100000 width=20) (actual time=49.975..57.078 rows=100000 loops=1)
         Sort Key: s_3.a, s_3.b, s_3.c, s_3.d
         Sort Method: external merge  Disk: 2936kB
         ->  Sort  (cost=9941.82..10191.82 rows=100000 width=20) (actual time=23.964..32.333 rows=100000 loops=1)
               Sort Key: s_3.a, s_3.b, s_3.c
               Sort Method: external merge  Disk: 2936kB
               ->  Seq Scan on s_3  (cost=0.00..1637.00 rows=100000 width=20) (actual time=0.011..5.570 rows=100000 loops=1)
 Planning time: 0.210 ms
 Execution time: 60.071 ms
(10 rows)

===== 240 [Wed Mar  7 02:02:29 CET 2018] scale:100000 groups:1000 work_mem:8MB incremental:off max_workers:0 =====
SELECT * FROM (SELECT * FROM s_4 ORDER BY a, b, c, d) foo ORDER BY a, b, c, d, e
                                                         QUERY PLAN                                                          
-----------------------------------------------------------------------------------------------------------------------------
 Limit  (cost=20746.64..20746.64 rows=1 width=20) (actual time=58.901..58.901 rows=0 loops=1)
   ->  Sort  (cost=19496.64..19746.64 rows=100000 width=20) (actual time=49.623..56.716 rows=100000 loops=1)
         Sort Key: s_4.a, s_4.b, s_4.c, s_4.d, s_4.e
         Sort Method: external merge  Disk: 2936kB
         ->  Sort  (cost=9941.82..10191.82 rows=100000 width=20) (actual time=23.968..32.220 rows=100000 loops=1)
               Sort Key: s_4.a, s_4.b, s_4.c, s_4.d
               Sort Method: external merge  Disk: 2936kB
               ->  Seq Scan on s_4  (cost=0.00..1637.00 rows=100000 width=20) (actual time=0.007..5.589 rows=100000 loops=1)
 Planning time: 0.213 ms
 Execution time: 59.667 ms
(10 rows)

===== 241 [Wed Mar  7 02:02:30 CET 2018] scale:100000 groups:1000 work_mem:16MB incremental:on max_workers:0 =====
SELECT * FROM (SELECT * FROM s_1 ORDER BY a) foo ORDER BY a, b
                                                         QUERY PLAN                                                          
-----------------------------------------------------------------------------------------------------------------------------
 Limit  (cost=17283.05..17283.05 rows=1 width=20) (actual time=48.418..48.418 rows=0 loops=1)
   ->  Incremental Sort  (cost=9946.39..16283.05 rows=100000 width=20) (actual time=16.517..45.855 rows=100000 loops=1)
         Sort Key: s_1.a, s_1.b
         Presorted Key: s_1.a
         Sort Method: quicksort  Memory: 35kB
         Sort Groups: 1001
         ->  Sort  (cost=9941.82..10191.82 rows=100000 width=20) (actual time=16.464..20.194 rows=100000 loops=1)
               Sort Key: s_1.a
               Sort Method: quicksort  Memory: 10885kB
               ->  Seq Scan on s_1  (cost=0.00..1637.00 rows=100000 width=20) (actual time=0.007..5.572 rows=100000 loops=1)
 Planning time: 0.210 ms
 Execution time: 48.883 ms
(12 rows)

===== 242 [Wed Mar  7 02:02:30 CET 2018] scale:100000 groups:1000 work_mem:16MB incremental:on max_workers:0 =====
SELECT * FROM (SELECT * FROM s_2 ORDER BY a, b) foo ORDER BY a, b, c
                                                         QUERY PLAN                                                          
-----------------------------------------------------------------------------------------------------------------------------
 Limit  (cost=15802.78..15802.78 rows=1 width=20) (actual time=39.842..39.842 rows=0 loops=1)
   ->  Incremental Sort  (cost=9942.11..14802.78 rows=100000 width=20) (actual time=17.876..37.312 rows=100000 loops=1)
         Sort Key: s_2.a, s_2.b, s_2.c
         Presorted Key: s_2.a, s_2.b
         Sort Method: quicksort  Memory: 27kB
         Sort Groups: 3121
         ->  Sort  (cost=9941.82..10191.82 rows=100000 width=20) (actual time=17.836..21.995 rows=100000 loops=1)
               Sort Key: s_2.a, s_2.b
               Sort Method: quicksort  Memory: 10885kB
               ->  Seq Scan on s_2  (cost=0.00..1637.00 rows=100000 width=20) (actual time=0.010..5.604 rows=100000 loops=1)
 Planning time: 0.221 ms
 Execution time: 40.305 ms
(12 rows)

===== 243 [Wed Mar  7 02:02:30 CET 2018] scale:100000 groups:1000 work_mem:16MB incremental:on max_workers:0 =====
SELECT * FROM (SELECT * FROM s_3 ORDER BY a, b, c) foo ORDER BY a, b, c, d
                                                         QUERY PLAN                                                          
-----------------------------------------------------------------------------------------------------------------------------
 Limit  (cost=15802.78..15802.78 rows=1 width=20) (actual time=38.765..38.765 rows=0 loops=1)
   ->  Incremental Sort  (cost=9942.11..14802.78 rows=100000 width=20) (actual time=17.826..36.207 rows=100000 loops=1)
         Sort Key: s_3.a, s_3.b, s_3.c, s_3.d
         Presorted Key: s_3.a, s_3.b, s_3.c
         Sort Method: quicksort  Memory: 27kB
         Sort Groups: 3125
         ->  Sort  (cost=9941.82..10191.82 rows=100000 width=20) (actual time=17.783..21.849 rows=100000 loops=1)
               Sort Key: s_3.a, s_3.b, s_3.c
               Sort Method: quicksort  Memory: 10885kB
               ->  Seq Scan on s_3  (cost=0.00..1637.00 rows=100000 width=20) (actual time=0.010..5.586 rows=100000 loops=1)
 Planning time: 0.226 ms
 Execution time: 39.232 ms
(12 rows)

===== 244 [Wed Mar  7 02:02:30 CET 2018] scale:100000 groups:1000 work_mem:16MB incremental:on max_workers:0 =====
SELECT * FROM (SELECT * FROM s_4 ORDER BY a, b, c, d) foo ORDER BY a, b, c, d, e
                                                         QUERY PLAN                                                          
-----------------------------------------------------------------------------------------------------------------------------
 Limit  (cost=15802.78..15802.78 rows=1 width=20) (actual time=38.531..38.531 rows=0 loops=1)
   ->  Incremental Sort  (cost=9942.11..14802.78 rows=100000 width=20) (actual time=17.828..36.293 rows=100000 loops=1)
         Sort Key: s_4.a, s_4.b, s_4.c, s_4.d, s_4.e
         Presorted Key: s_4.a, s_4.b, s_4.c, s_4.d
         Sort Method: quicksort  Memory: 27kB
         Sort Groups: 3125
         ->  Sort  (cost=9941.82..10191.82 rows=100000 width=20) (actual time=17.784..21.957 rows=100000 loops=1)
               Sort Key: s_4.a, s_4.b, s_4.c, s_4.d
               Sort Method: quicksort  Memory: 10885kB
               ->  Seq Scan on s_4  (cost=0.00..1637.00 rows=100000 width=20) (actual time=0.006..5.596 rows=100000 loops=1)
 Planning time: 0.228 ms
 Execution time: 39.006 ms
(12 rows)

===== 245 [Wed Mar  7 02:02:31 CET 2018] scale:100000 groups:1000 work_mem:16MB incremental:off max_workers:0 =====
SELECT * FROM (SELECT * FROM s_1 ORDER BY a) foo ORDER BY a, b
                                                         QUERY PLAN                                                          
-----------------------------------------------------------------------------------------------------------------------------
 Limit  (cost=20746.64..20746.64 rows=1 width=20) (actual time=57.587..57.587 rows=0 loops=1)
   ->  Sort  (cost=19496.64..19746.64 rows=100000 width=20) (actual time=50.839..55.413 rows=100000 loops=1)
         Sort Key: s_1.a, s_1.b
         Sort Method: quicksort  Memory: 10885kB
         ->  Sort  (cost=9941.82..10191.82 rows=100000 width=20) (actual time=16.383..20.123 rows=100000 loops=1)
               Sort Key: s_1.a
               Sort Method: quicksort  Memory: 10885kB
               ->  Seq Scan on s_1  (cost=0.00..1637.00 rows=100000 width=20) (actual time=0.007..5.592 rows=100000 loops=1)
 Planning time: 0.204 ms
 Execution time: 58.496 ms
(10 rows)

===== 246 [Wed Mar  7 02:02:31 CET 2018] scale:100000 groups:1000 work_mem:16MB incremental:off max_workers:0 =====
SELECT * FROM (SELECT * FROM s_2 ORDER BY a, b) foo ORDER BY a, b, c
                                                         QUERY PLAN                                                          
-----------------------------------------------------------------------------------------------------------------------------
 Limit  (cost=20746.64..20746.64 rows=1 width=20) (actual time=51.952..51.952 rows=0 loops=1)
   ->  Sort  (cost=19496.64..19746.64 rows=100000 width=20) (actual time=46.488..49.782 rows=100000 loops=1)
         Sort Key: s_2.a, s_2.b, s_2.c
         Sort Method: quicksort  Memory: 10885kB
         ->  Sort  (cost=9941.82..10191.82 rows=100000 width=20) (actual time=17.751..21.523 rows=100000 loops=1)
               Sort Key: s_2.a, s_2.b
               Sort Method: quicksort  Memory: 10885kB
               ->  Seq Scan on s_2  (cost=0.00..1637.00 rows=100000 width=20) (actual time=0.010..5.602 rows=100000 loops=1)
 Planning time: 0.214 ms
 Execution time: 52.853 ms
(10 rows)

===== 247 [Wed Mar  7 02:02:31 CET 2018] scale:100000 groups:1000 work_mem:16MB incremental:off max_workers:0 =====
SELECT * FROM (SELECT * FROM s_3 ORDER BY a, b, c) foo ORDER BY a, b, c, d
                                                         QUERY PLAN                                                          
-----------------------------------------------------------------------------------------------------------------------------
 Limit  (cost=20746.64..20746.64 rows=1 width=20) (actual time=38.789..38.789 rows=0 loops=1)
   ->  Sort  (cost=19496.64..19746.64 rows=100000 width=20) (actual time=33.273..36.611 rows=100000 loops=1)
         Sort Key: s_3.a, s_3.b, s_3.c, s_3.d
         Sort Method: quicksort  Memory: 10885kB
         ->  Sort  (cost=9941.82..10191.82 rows=100000 width=20) (actual time=17.763..21.516 rows=100000 loops=1)
               Sort Key: s_3.a, s_3.b, s_3.c
               Sort Method: quicksort  Memory: 10885kB
               ->  Seq Scan on s_3  (cost=0.00..1637.00 rows=100000 width=20) (actual time=0.010..5.592 rows=100000 loops=1)
 Planning time: 0.206 ms
 Execution time: 39.697 ms
(10 rows)

===== 248 [Wed Mar  7 02:02:31 CET 2018] scale:100000 groups:1000 work_mem:16MB incremental:off max_workers:0 =====
SELECT * FROM (SELECT * FROM s_4 ORDER BY a, b, c, d) foo ORDER BY a, b, c, d, e
                                                         QUERY PLAN                                                          
-----------------------------------------------------------------------------------------------------------------------------
 Limit  (cost=20746.64..20746.64 rows=1 width=20) (actual time=38.920..38.920 rows=0 loops=1)
   ->  Sort  (cost=19496.64..19746.64 rows=100000 width=20) (actual time=33.407..36.719 rows=100000 loops=1)
         Sort Key: s_4.a, s_4.b, s_4.c, s_4.d, s_4.e
         Sort Method: quicksort  Memory: 10885kB
         ->  Sort  (cost=9941.82..10191.82 rows=100000 width=20) (actual time=17.861..21.617 rows=100000 loops=1)
               Sort Key: s_4.a, s_4.b, s_4.c, s_4.d
               Sort Method: quicksort  Memory: 10885kB
               ->  Seq Scan on s_4  (cost=0.00..1637.00 rows=100000 width=20) (actual time=0.007..5.614 rows=100000 loops=1)
 Planning time: 0.217 ms
 Execution time: 39.831 ms
(10 rows)

===== 249 [Wed Mar  7 02:02:32 CET 2018] scale:100000 groups:1000 work_mem:32MB incremental:on max_workers:0 =====
SELECT * FROM (SELECT * FROM s_1 ORDER BY a) foo ORDER BY a, b
                                                         QUERY PLAN                                                          
-----------------------------------------------------------------------------------------------------------------------------
 Limit  (cost=17283.05..17283.05 rows=1 width=20) (actual time=48.336..48.336 rows=0 loops=1)
   ->  Incremental Sort  (cost=9946.39..16283.05 rows=100000 width=20) (actual time=16.459..45.774 rows=100000 loops=1)
         Sort Key: s_1.a, s_1.b
         Presorted Key: s_1.a
         Sort Method: quicksort  Memory: 35kB
         Sort Groups: 1001
         ->  Sort  (cost=9941.82..10191.82 rows=100000 width=20) (actual time=16.407..20.129 rows=100000 loops=1)
               Sort Key: s_1.a
               Sort Method: quicksort  Memory: 10885kB
               ->  Seq Scan on s_1  (cost=0.00..1637.00 rows=100000 width=20) (actual time=0.007..5.561 rows=100000 loops=1)
 Planning time: 0.207 ms
 Execution time: 48.800 ms
(12 rows)

===== 250 [Wed Mar  7 02:02:32 CET 2018] scale:100000 groups:1000 work_mem:32MB incremental:on max_workers:0 =====
SELECT * FROM (SELECT * FROM s_2 ORDER BY a, b) foo ORDER BY a, b, c
                                                         QUERY PLAN                                                          
-----------------------------------------------------------------------------------------------------------------------------
 Limit  (cost=15802.78..15802.78 rows=1 width=20) (actual time=39.902..39.902 rows=0 loops=1)
   ->  Incremental Sort  (cost=9942.11..14802.78 rows=100000 width=20) (actual time=17.927..37.374 rows=100000 loops=1)
         Sort Key: s_2.a, s_2.b, s_2.c
         Presorted Key: s_2.a, s_2.b
         Sort Method: quicksort  Memory: 27kB
         Sort Groups: 3121
         ->  Sort  (cost=9941.82..10191.82 rows=100000 width=20) (actual time=17.885..22.039 rows=100000 loops=1)
               Sort Key: s_2.a, s_2.b
               Sort Method: quicksort  Memory: 10885kB
               ->  Seq Scan on s_2  (cost=0.00..1637.00 rows=100000 width=20) (actual time=0.010..5.592 rows=100000 loops=1)
 Planning time: 0.215 ms
 Execution time: 40.363 ms
(12 rows)

===== 251 [Wed Mar  7 02:02:32 CET 2018] scale:100000 groups:1000 work_mem:32MB incremental:on max_workers:0 =====
SELECT * FROM (SELECT * FROM s_3 ORDER BY a, b, c) foo ORDER BY a, b, c, d
                                                         QUERY PLAN                                                          
-----------------------------------------------------------------------------------------------------------------------------
 Limit  (cost=15802.78..15802.78 rows=1 width=20) (actual time=38.705..38.705 rows=0 loops=1)
   ->  Incremental Sort  (cost=9942.11..14802.78 rows=100000 width=20) (actual time=17.803..36.144 rows=100000 loops=1)
         Sort Key: s_3.a, s_3.b, s_3.c, s_3.d
         Presorted Key: s_3.a, s_3.b, s_3.c
         Sort Method: quicksort  Memory: 27kB
         Sort Groups: 3125
         ->  Sort  (cost=9941.82..10191.82 rows=100000 width=20) (actual time=17.759..21.824 rows=100000 loops=1)
               Sort Key: s_3.a, s_3.b, s_3.c
               Sort Method: quicksort  Memory: 10885kB
               ->  Seq Scan on s_3  (cost=0.00..1637.00 rows=100000 width=20) (actual time=0.010..5.575 rows=100000 loops=1)
 Planning time: 0.211 ms
 Execution time: 39.170 ms
(12 rows)

===== 252 [Wed Mar  7 02:02:32 CET 2018] scale:100000 groups:1000 work_mem:32MB incremental:on max_workers:0 =====
SELECT * FROM (SELECT * FROM s_4 ORDER BY a, b, c, d) foo ORDER BY a, b, c, d, e
                                                         QUERY PLAN                                                          
-----------------------------------------------------------------------------------------------------------------------------
 Limit  (cost=15802.78..15802.78 rows=1 width=20) (actual time=38.498..38.498 rows=0 loops=1)
   ->  Incremental Sort  (cost=9942.11..14802.78 rows=100000 width=20) (actual time=17.795..36.256 rows=100000 loops=1)
         Sort Key: s_4.a, s_4.b, s_4.c, s_4.d, s_4.e
         Presorted Key: s_4.a, s_4.b, s_4.c, s_4.d
         Sort Method: quicksort  Memory: 27kB
         Sort Groups: 3125
         ->  Sort  (cost=9941.82..10191.82 rows=100000 width=20) (actual time=17.747..21.913 rows=100000 loops=1)
               Sort Key: s_4.a, s_4.b, s_4.c, s_4.d
               Sort Method: quicksort  Memory: 10885kB
               ->  Seq Scan on s_4  (cost=0.00..1637.00 rows=100000 width=20) (actual time=0.006..5.585 rows=100000 loops=1)
 Planning time: 0.224 ms
 Execution time: 38.970 ms
(12 rows)

===== 253 [Wed Mar  7 02:02:33 CET 2018] scale:100000 groups:1000 work_mem:32MB incremental:off max_workers:0 =====
SELECT * FROM (SELECT * FROM s_1 ORDER BY a) foo ORDER BY a, b
                                                         QUERY PLAN                                                          
-----------------------------------------------------------------------------------------------------------------------------
 Limit  (cost=20746.64..20746.64 rows=1 width=20) (actual time=57.725..57.725 rows=0 loops=1)
   ->  Sort  (cost=19496.64..19746.64 rows=100000 width=20) (actual time=50.955..55.563 rows=100000 loops=1)
         Sort Key: s_1.a, s_1.b
         Sort Method: quicksort  Memory: 10885kB
         ->  Sort  (cost=9941.82..10191.82 rows=100000 width=20) (actual time=16.443..20.206 rows=100000 loops=1)
               Sort Key: s_1.a
               Sort Method: quicksort  Memory: 10885kB
               ->  Seq Scan on s_1  (cost=0.00..1637.00 rows=100000 width=20) (actual time=0.007..5.596 rows=100000 loops=1)
 Planning time: 0.203 ms
 Execution time: 58.637 ms
(10 rows)

===== 254 [Wed Mar  7 02:02:33 CET 2018] scale:100000 groups:1000 work_mem:32MB incremental:off max_workers:0 =====
SELECT * FROM (SELECT * FROM s_2 ORDER BY a, b) foo ORDER BY a, b, c
                                                         QUERY PLAN                                                          
-----------------------------------------------------------------------------------------------------------------------------
 Limit  (cost=20746.64..20746.64 rows=1 width=20) (actual time=51.919..51.919 rows=0 loops=1)
   ->  Sort  (cost=19496.64..19746.64 rows=100000 width=20) (actual time=46.457..49.746 rows=100000 loops=1)
         Sort Key: s_2.a, s_2.b, s_2.c
         Sort Method: quicksort  Memory: 10885kB
         ->  Sort  (cost=9941.82..10191.82 rows=100000 width=20) (actual time=17.738..21.493 rows=100000 loops=1)
               Sort Key: s_2.a, s_2.b
               Sort Method: quicksort  Memory: 10885kB
               ->  Seq Scan on s_2  (cost=0.00..1637.00 rows=100000 width=20) (actual time=0.010..5.573 rows=100000 loops=1)
 Planning time: 0.203 ms
 Execution time: 52.826 ms
(10 rows)

===== 255 [Wed Mar  7 02:02:33 CET 2018] scale:100000 groups:1000 work_mem:32MB incremental:off max_workers:0 =====
SELECT * FROM (SELECT * FROM s_3 ORDER BY a, b, c) foo ORDER BY a, b, c, d
                                                         QUERY PLAN                                                          
-----------------------------------------------------------------------------------------------------------------------------
 Limit  (cost=20746.64..20746.64 rows=1 width=20) (actual time=38.843..38.843 rows=0 loops=1)
   ->  Sort  (cost=19496.64..19746.64 rows=100000 width=20) (actual time=33.330..36.671 rows=100000 loops=1)
         Sort Key: s_3.a, s_3.b, s_3.c, s_3.d
         Sort Method: quicksort  Memory: 10885kB
         ->  Sort  (cost=9941.82..10191.82 rows=100000 width=20) (actual time=17.783..21.533 rows=100000 loops=1)
               Sort Key: s_3.a, s_3.b, s_3.c
               Sort Method: quicksort  Memory: 10885kB
               ->  Seq Scan on s_3  (cost=0.00..1637.00 rows=100000 width=20) (actual time=0.010..5.590 rows=100000 loops=1)
 Planning time: 0.207 ms
 Execution time: 39.750 ms
(10 rows)

===== 256 [Wed Mar  7 02:02:34 CET 2018] scale:100000 groups:1000 work_mem:32MB incremental:off max_workers:0 =====
SELECT * FROM (SELECT * FROM s_4 ORDER BY a, b, c, d) foo ORDER BY a, b, c, d, e
                                                         QUERY PLAN                                                          
-----------------------------------------------------------------------------------------------------------------------------
 Limit  (cost=20746.64..20746.64 rows=1 width=20) (actual time=38.961..38.961 rows=0 loops=1)
   ->  Sort  (cost=19496.64..19746.64 rows=100000 width=20) (actual time=33.456..36.776 rows=100000 loops=1)
         Sort Key: s_4.a, s_4.b, s_4.c, s_4.d, s_4.e
         Sort Method: quicksort  Memory: 10885kB
         ->  Sort  (cost=9941.82..10191.82 rows=100000 width=20) (actual time=17.864..21.645 rows=100000 loops=1)
               Sort Key: s_4.a, s_4.b, s_4.c, s_4.d
               Sort Method: quicksort  Memory: 10885kB
               ->  Seq Scan on s_4  (cost=0.00..1637.00 rows=100000 width=20) (actual time=0.007..5.621 rows=100000 loops=1)
 Planning time: 0.212 ms
 Execution time: 39.869 ms
(10 rows)

===== 257 [Wed Mar  7 02:02:34 CET 2018] scale:100000 groups:1000 work_mem:64MB incremental:on max_workers:0 =====
SELECT * FROM (SELECT * FROM s_1 ORDER BY a) foo ORDER BY a, b
                                                         QUERY PLAN                                                          
-----------------------------------------------------------------------------------------------------------------------------
 Limit  (cost=17283.05..17283.05 rows=1 width=20) (actual time=48.405..48.405 rows=0 loops=1)
   ->  Incremental Sort  (cost=9946.39..16283.05 rows=100000 width=20) (actual time=16.504..45.838 rows=100000 loops=1)
         Sort Key: s_1.a, s_1.b
         Presorted Key: s_1.a
         Sort Method: quicksort  Memory: 35kB
         Sort Groups: 1001
         ->  Sort  (cost=9941.82..10191.82 rows=100000 width=20) (actual time=16.451..20.183 rows=100000 loops=1)
               Sort Key: s_1.a
               Sort Method: quicksort  Memory: 10885kB
               ->  Seq Scan on s_1  (cost=0.00..1637.00 rows=100000 width=20) (actual time=0.007..5.560 rows=100000 loops=1)
 Planning time: 0.214 ms
 Execution time: 48.868 ms
(12 rows)

===== 258 [Wed Mar  7 02:02:34 CET 2018] scale:100000 groups:1000 work_mem:64MB incremental:on max_workers:0 =====
SELECT * FROM (SELECT * FROM s_2 ORDER BY a, b) foo ORDER BY a, b, c
                                                         QUERY PLAN                                                          
-----------------------------------------------------------------------------------------------------------------------------
 Limit  (cost=15802.78..15802.78 rows=1 width=20) (actual time=39.862..39.862 rows=0 loops=1)
   ->  Incremental Sort  (cost=9942.11..14802.78 rows=100000 width=20) (actual time=17.885..37.334 rows=100000 loops=1)
         Sort Key: s_2.a, s_2.b, s_2.c
         Presorted Key: s_2.a, s_2.b
         Sort Method: quicksort  Memory: 27kB
         Sort Groups: 3121
         ->  Sort  (cost=9941.82..10191.82 rows=100000 width=20) (actual time=17.846..22.014 rows=100000 loops=1)
               Sort Key: s_2.a, s_2.b
               Sort Method: quicksort  Memory: 10885kB
               ->  Seq Scan on s_2  (cost=0.00..1637.00 rows=100000 width=20) (actual time=0.010..5.589 rows=100000 loops=1)
 Planning time: 0.223 ms
 Execution time: 40.330 ms
(12 rows)

===== 259 [Wed Mar  7 02:02:34 CET 2018] scale:100000 groups:1000 work_mem:64MB incremental:on max_workers:0 =====
SELECT * FROM (SELECT * FROM s_3 ORDER BY a, b, c) foo ORDER BY a, b, c, d
                                                         QUERY PLAN                                                          
-----------------------------------------------------------------------------------------------------------------------------
 Limit  (cost=15802.78..15802.78 rows=1 width=20) (actual time=38.772..38.772 rows=0 loops=1)
   ->  Incremental Sort  (cost=9942.11..14802.78 rows=100000 width=20) (actual time=17.802..36.214 rows=100000 loops=1)
         Sort Key: s_3.a, s_3.b, s_3.c, s_3.d
         Presorted Key: s_3.a, s_3.b, s_3.c
         Sort Method: quicksort  Memory: 27kB
         Sort Groups: 3125
         ->  Sort  (cost=9941.82..10191.82 rows=100000 width=20) (actual time=17.755..21.839 rows=100000 loops=1)
               Sort Key: s_3.a, s_3.b, s_3.c
               Sort Method: quicksort  Memory: 10885kB
               ->  Seq Scan on s_3  (cost=0.00..1637.00 rows=100000 width=20) (actual time=0.010..5.582 rows=100000 loops=1)
 Planning time: 0.217 ms
 Execution time: 39.237 ms
(12 rows)

===== 260 [Wed Mar  7 02:02:35 CET 2018] scale:100000 groups:1000 work_mem:64MB incremental:on max_workers:0 =====
SELECT * FROM (SELECT * FROM s_4 ORDER BY a, b, c, d) foo ORDER BY a, b, c, d, e
                                                         QUERY PLAN                                                          
-----------------------------------------------------------------------------------------------------------------------------
 Limit  (cost=15802.78..15802.78 rows=1 width=20) (actual time=38.541..38.541 rows=0 loops=1)
   ->  Incremental Sort  (cost=9942.11..14802.78 rows=100000 width=20) (actual time=17.821..36.306 rows=100000 loops=1)
         Sort Key: s_4.a, s_4.b, s_4.c, s_4.d, s_4.e
         Presorted Key: s_4.a, s_4.b, s_4.c, s_4.d
         Sort Method: quicksort  Memory: 27kB
         Sort Groups: 3125
         ->  Sort  (cost=9941.82..10191.82 rows=100000 width=20) (actual time=17.777..21.960 rows=100000 loops=1)
               Sort Key: s_4.a, s_4.b, s_4.c, s_4.d
               Sort Method: quicksort  Memory: 10885kB
               ->  Seq Scan on s_4  (cost=0.00..1637.00 rows=100000 width=20) (actual time=0.006..5.584 rows=100000 loops=1)
 Planning time: 0.223 ms
 Execution time: 39.012 ms
(12 rows)

===== 261 [Wed Mar  7 02:02:35 CET 2018] scale:100000 groups:1000 work_mem:64MB incremental:off max_workers:0 =====
SELECT * FROM (SELECT * FROM s_1 ORDER BY a) foo ORDER BY a, b
                                                         QUERY PLAN                                                          
-----------------------------------------------------------------------------------------------------------------------------
 Limit  (cost=20746.64..20746.64 rows=1 width=20) (actual time=57.557..57.557 rows=0 loops=1)
   ->  Sort  (cost=19496.64..19746.64 rows=100000 width=20) (actual time=50.834..55.394 rows=100000 loops=1)
         Sort Key: s_1.a, s_1.b
         Sort Method: quicksort  Memory: 10885kB
         ->  Sort  (cost=9941.82..10191.82 rows=100000 width=20) (actual time=16.386..20.142 rows=100000 loops=1)
               Sort Key: s_1.a
               Sort Method: quicksort  Memory: 10885kB
               ->  Seq Scan on s_1  (cost=0.00..1637.00 rows=100000 width=20) (actual time=0.007..5.589 rows=100000 loops=1)
 Planning time: 0.201 ms
 Execution time: 58.463 ms
(10 rows)

===== 262 [Wed Mar  7 02:02:35 CET 2018] scale:100000 groups:1000 work_mem:64MB incremental:off max_workers:0 =====
SELECT * FROM (SELECT * FROM s_2 ORDER BY a, b) foo ORDER BY a, b, c
                                                         QUERY PLAN                                                          
-----------------------------------------------------------------------------------------------------------------------------
 Limit  (cost=20746.64..20746.64 rows=1 width=20) (actual time=51.952..51.952 rows=0 loops=1)
   ->  Sort  (cost=19496.64..19746.64 rows=100000 width=20) (actual time=46.495..49.787 rows=100000 loops=1)
         Sort Key: s_2.a, s_2.b, s_2.c
         Sort Method: quicksort  Memory: 10885kB
         ->  Sort  (cost=9941.82..10191.82 rows=100000 width=20) (actual time=17.739..21.503 rows=100000 loops=1)
               Sort Key: s_2.a, s_2.b
               Sort Method: quicksort  Memory: 10885kB
               ->  Seq Scan on s_2  (cost=0.00..1637.00 rows=100000 width=20) (actual time=0.010..5.591 rows=100000 loops=1)
 Planning time: 0.206 ms
 Execution time: 52.854 ms
(10 rows)

===== 263 [Wed Mar  7 02:02:36 CET 2018] scale:100000 groups:1000 work_mem:64MB incremental:off max_workers:0 =====
SELECT * FROM (SELECT * FROM s_3 ORDER BY a, b, c) foo ORDER BY a, b, c, d
                                                         QUERY PLAN                                                          
-----------------------------------------------------------------------------------------------------------------------------
 Limit  (cost=20746.64..20746.64 rows=1 width=20) (actual time=38.844..38.844 rows=0 loops=1)
   ->  Sort  (cost=19496.64..19746.64 rows=100000 width=20) (actual time=33.336..36.666 rows=100000 loops=1)
         Sort Key: s_3.a, s_3.b, s_3.c, s_3.d
         Sort Method: quicksort  Memory: 10885kB
         ->  Sort  (cost=9941.82..10191.82 rows=100000 width=20) (actual time=17.786..21.545 rows=100000 loops=1)
               Sort Key: s_3.a, s_3.b, s_3.c
               Sort Method: quicksort  Memory: 10885kB
               ->  Seq Scan on s_3  (cost=0.00..1637.00 rows=100000 width=20) (actual time=0.010..5.590 rows=100000 loops=1)
 Planning time: 0.214 ms
 Execution time: 39.750 ms
(10 rows)

===== 264 [Wed Mar  7 02:02:36 CET 2018] scale:100000 groups:1000 work_mem:64MB incremental:off max_workers:0 =====
SELECT * FROM (SELECT * FROM s_4 ORDER BY a, b, c, d) foo ORDER BY a, b, c, d, e
                                                         QUERY PLAN                                                          
-----------------------------------------------------------------------------------------------------------------------------
 Limit  (cost=20746.64..20746.64 rows=1 width=20) (actual time=38.962..38.962 rows=0 loops=1)
   ->  Sort  (cost=19496.64..19746.64 rows=100000 width=20) (actual time=33.454..36.774 rows=100000 loops=1)
         Sort Key: s_4.a, s_4.b, s_4.c, s_4.d, s_4.e
         Sort Method: quicksort  Memory: 10885kB
         ->  Sort  (cost=9941.82..10191.82 rows=100000 width=20) (actual time=17.878..21.648 rows=100000 loops=1)
               Sort Key: s_4.a, s_4.b, s_4.c, s_4.d
               Sort Method: quicksort  Memory: 10885kB
               ->  Seq Scan on s_4  (cost=0.00..1637.00 rows=100000 width=20) (actual time=0.006..5.616 rows=100000 loops=1)
 Planning time: 0.215 ms
 Execution time: 39.871 ms
(10 rows)

===== 265 [Wed Mar  7 02:02:36 CET 2018] scale:100000 groups:1000 work_mem:128MB incremental:on max_workers:0 =====
SELECT * FROM (SELECT * FROM s_1 ORDER BY a) foo ORDER BY a, b
                                                         QUERY PLAN                                                          
-----------------------------------------------------------------------------------------------------------------------------
 Limit  (cost=17283.05..17283.05 rows=1 width=20) (actual time=48.411..48.411 rows=0 loops=1)
   ->  Incremental Sort  (cost=9946.39..16283.05 rows=100000 width=20) (actual time=16.529..45.852 rows=100000 loops=1)
         Sort Key: s_1.a, s_1.b
         Presorted Key: s_1.a
         Sort Method: quicksort  Memory: 35kB
         Sort Groups: 1001
         ->  Sort  (cost=9941.82..10191.82 rows=100000 width=20) (actual time=16.475..20.207 rows=100000 loops=1)
               Sort Key: s_1.a
               Sort Method: quicksort  Memory: 10885kB
               ->  Seq Scan on s_1  (cost=0.00..1637.00 rows=100000 width=20) (actual time=0.007..5.562 rows=100000 loops=1)
 Planning time: 0.209 ms
 Execution time: 48.878 ms
(12 rows)

===== 266 [Wed Mar  7 02:02:36 CET 2018] scale:100000 groups:1000 work_mem:128MB incremental:on max_workers:0 =====
SELECT * FROM (SELECT * FROM s_2 ORDER BY a, b) foo ORDER BY a, b, c
                                                         QUERY PLAN                                                          
-----------------------------------------------------------------------------------------------------------------------------
 Limit  (cost=15802.78..15802.78 rows=1 width=20) (actual time=39.876..39.876 rows=0 loops=1)
   ->  Incremental Sort  (cost=9942.11..14802.78 rows=100000 width=20) (actual time=17.893..37.341 rows=100000 loops=1)
         Sort Key: s_2.a, s_2.b, s_2.c
         Presorted Key: s_2.a, s_2.b
         Sort Method: quicksort  Memory: 27kB
         Sort Groups: 3121
         ->  Sort  (cost=9941.82..10191.82 rows=100000 width=20) (actual time=17.849..22.011 rows=100000 loops=1)
               Sort Key: s_2.a, s_2.b
               Sort Method: quicksort  Memory: 10885kB
               ->  Seq Scan on s_2  (cost=0.00..1637.00 rows=100000 width=20) (actual time=0.010..5.586 rows=100000 loops=1)
 Planning time: 0.218 ms
 Execution time: 40.341 ms
(12 rows)

===== 267 [Wed Mar  7 02:02:37 CET 2018] scale:100000 groups:1000 work_mem:128MB incremental:on max_workers:0 =====
SELECT * FROM (SELECT * FROM s_3 ORDER BY a, b, c) foo ORDER BY a, b, c, d
                                                         QUERY PLAN                                                          
-----------------------------------------------------------------------------------------------------------------------------
 Limit  (cost=15802.78..15802.78 rows=1 width=20) (actual time=38.741..38.741 rows=0 loops=1)
   ->  Incremental Sort  (cost=9942.11..14802.78 rows=100000 width=20) (actual time=17.801..36.185 rows=100000 loops=1)
         Sort Key: s_3.a, s_3.b, s_3.c, s_3.d
         Presorted Key: s_3.a, s_3.b, s_3.c
         Sort Method: quicksort  Memory: 27kB
         Sort Groups: 3125
         ->  Sort  (cost=9941.82..10191.82 rows=100000 width=20) (actual time=17.756..21.819 rows=100000 loops=1)
               Sort Key: s_3.a, s_3.b, s_3.c
               Sort Method: quicksort  Memory: 10885kB
               ->  Seq Scan on s_3  (cost=0.00..1637.00 rows=100000 width=20) (actual time=0.010..5.584 rows=100000 loops=1)
 Planning time: 0.218 ms
 Execution time: 39.209 ms
(12 rows)

===== 268 [Wed Mar  7 02:02:37 CET 2018] scale:100000 groups:1000 work_mem:128MB incremental:on max_workers:0 =====
SELECT * FROM (SELECT * FROM s_4 ORDER BY a, b, c, d) foo ORDER BY a, b, c, d, e
                                                         QUERY PLAN                                                          
-----------------------------------------------------------------------------------------------------------------------------
 Limit  (cost=15802.78..15802.78 rows=1 width=20) (actual time=38.559..38.559 rows=0 loops=1)
   ->  Incremental Sort  (cost=9942.11..14802.78 rows=100000 width=20) (actual time=17.851..36.322 rows=100000 loops=1)
         Sort Key: s_4.a, s_4.b, s_4.c, s_4.d, s_4.e
         Presorted Key: s_4.a, s_4.b, s_4.c, s_4.d
         Sort Method: quicksort  Memory: 27kB
         Sort Groups: 3125
         ->  Sort  (cost=9941.82..10191.82 rows=100000 width=20) (actual time=17.806..21.978 rows=100000 loops=1)
               Sort Key: s_4.a, s_4.b, s_4.c, s_4.d
               Sort Method: quicksort  Memory: 10885kB
               ->  Seq Scan on s_4  (cost=0.00..1637.00 rows=100000 width=20) (actual time=0.007..5.593 rows=100000 loops=1)
 Planning time: 0.223 ms
 Execution time: 39.033 ms
(12 rows)

===== 269 [Wed Mar  7 02:02:37 CET 2018] scale:100000 groups:1000 work_mem:128MB incremental:off max_workers:0 =====
SELECT * FROM (SELECT * FROM s_1 ORDER BY a) foo ORDER BY a, b
                                                         QUERY PLAN                                                          
-----------------------------------------------------------------------------------------------------------------------------
 Limit  (cost=20746.64..20746.64 rows=1 width=20) (actual time=57.673..57.673 rows=0 loops=1)
   ->  Sort  (cost=19496.64..19746.64 rows=100000 width=20) (actual time=50.929..55.511 rows=100000 loops=1)
         Sort Key: s_1.a, s_1.b
         Sort Method: quicksort  Memory: 10885kB
         ->  Sort  (cost=9941.82..10191.82 rows=100000 width=20) (actual time=16.435..20.211 rows=100000 loops=1)
               Sort Key: s_1.a
               Sort Method: quicksort  Memory: 10885kB
               ->  Seq Scan on s_1  (cost=0.00..1637.00 rows=100000 width=20) (actual time=0.007..5.588 rows=100000 loops=1)
 Planning time: 0.206 ms
 Execution time: 58.595 ms
(10 rows)

===== 270 [Wed Mar  7 02:02:37 CET 2018] scale:100000 groups:1000 work_mem:128MB incremental:off max_workers:0 =====
SELECT * FROM (SELECT * FROM s_2 ORDER BY a, b) foo ORDER BY a, b, c
                                                         QUERY PLAN                                                          
-----------------------------------------------------------------------------------------------------------------------------
 Limit  (cost=20746.64..20746.64 rows=1 width=20) (actual time=52.061..52.061 rows=0 loops=1)
   ->  Sort  (cost=19496.64..19746.64 rows=100000 width=20) (actual time=46.592..49.888 rows=100000 loops=1)
         Sort Key: s_2.a, s_2.b, s_2.c
         Sort Method: quicksort  Memory: 10885kB
         ->  Sort  (cost=9941.82..10191.82 rows=100000 width=20) (actual time=17.790..21.561 rows=100000 loops=1)
               Sort Key: s_2.a, s_2.b
               Sort Method: quicksort  Memory: 10885kB
               ->  Seq Scan on s_2  (cost=0.00..1637.00 rows=100000 width=20) (actual time=0.010..5.586 rows=100000 loops=1)
 Planning time: 0.208 ms
 Execution time: 52.972 ms
(10 rows)

===== 271 [Wed Mar  7 02:02:38 CET 2018] scale:100000 groups:1000 work_mem:128MB incremental:off max_workers:0 =====
SELECT * FROM (SELECT * FROM s_3 ORDER BY a, b, c) foo ORDER BY a, b, c, d
                                                         QUERY PLAN                                                          
-----------------------------------------------------------------------------------------------------------------------------
 Limit  (cost=20746.64..20746.64 rows=1 width=20) (actual time=38.871..38.871 rows=0 loops=1)
   ->  Sort  (cost=19496.64..19746.64 rows=100000 width=20) (actual time=33.357..36.690 rows=100000 loops=1)
         Sort Key: s_3.a, s_3.b, s_3.c, s_3.d
         Sort Method: quicksort  Memory: 10885kB
         ->  Sort  (cost=9941.82..10191.82 rows=100000 width=20) (actual time=17.804..21.576 rows=100000 loops=1)
               Sort Key: s_3.a, s_3.b, s_3.c
               Sort Method: quicksort  Memory: 10885kB
               ->  Seq Scan on s_3  (cost=0.00..1637.00 rows=100000 width=20) (actual time=0.010..5.587 rows=100000 loops=1)
 Planning time: 0.211 ms
 Execution time: 39.781 ms
(10 rows)

===== 272 [Wed Mar  7 02:02:38 CET 2018] scale:100000 groups:1000 work_mem:128MB incremental:off max_workers:0 =====
SELECT * FROM (SELECT * FROM s_4 ORDER BY a, b, c, d) foo ORDER BY a, b, c, d, e
                                                         QUERY PLAN                                                          
-----------------------------------------------------------------------------------------------------------------------------
 Limit  (cost=20746.64..20746.64 rows=1 width=20) (actual time=38.910..38.910 rows=0 loops=1)
   ->  Sort  (cost=19496.64..19746.64 rows=100000 width=20) (actual time=33.395..36.721 rows=100000 loops=1)
         Sort Key: s_4.a, s_4.b, s_4.c, s_4.d, s_4.e
         Sort Method: quicksort  Memory: 10885kB
         ->  Sort  (cost=9941.82..10191.82 rows=100000 width=20) (actual time=17.851..21.616 rows=100000 loops=1)
               Sort Key: s_4.a, s_4.b, s_4.c, s_4.d
               Sort Method: quicksort  Memory: 10885kB
               ->  Seq Scan on s_4  (cost=0.00..1637.00 rows=100000 width=20) (actual time=0.006..5.620 rows=100000 loops=1)
 Planning time: 0.211 ms
 Execution time: 39.812 ms
(10 rows)

===== 273 [Wed Mar  7 02:02:38 CET 2018] scale:100000 groups:1000 work_mem:256MB incremental:on max_workers:0 =====
SELECT * FROM (SELECT * FROM s_1 ORDER BY a) foo ORDER BY a, b
                                                         QUERY PLAN                                                          
-----------------------------------------------------------------------------------------------------------------------------
 Limit  (cost=17283.05..17283.05 rows=1 width=20) (actual time=48.422..48.422 rows=0 loops=1)
   ->  Incremental Sort  (cost=9946.39..16283.05 rows=100000 width=20) (actual time=16.542..45.857 rows=100000 loops=1)
         Sort Key: s_1.a, s_1.b
         Presorted Key: s_1.a
         Sort Method: quicksort  Memory: 35kB
         Sort Groups: 1001
         ->  Sort  (cost=9941.82..10191.82 rows=100000 width=20) (actual time=16.487..20.208 rows=100000 loops=1)
               Sort Key: s_1.a
               Sort Method: quicksort  Memory: 10885kB
               ->  Seq Scan on s_1  (cost=0.00..1637.00 rows=100000 width=20) (actual time=0.007..5.568 rows=100000 loops=1)
 Planning time: 0.209 ms
 Execution time: 48.887 ms
(12 rows)

===== 274 [Wed Mar  7 02:02:39 CET 2018] scale:100000 groups:1000 work_mem:256MB incremental:on max_workers:0 =====
SELECT * FROM (SELECT * FROM s_2 ORDER BY a, b) foo ORDER BY a, b, c
                                                         QUERY PLAN                                                          
-----------------------------------------------------------------------------------------------------------------------------
 Limit  (cost=15802.78..15802.78 rows=1 width=20) (actual time=39.817..39.817 rows=0 loops=1)
   ->  Incremental Sort  (cost=9942.11..14802.78 rows=100000 width=20) (actual time=17.878..37.291 rows=100000 loops=1)
         Sort Key: s_2.a, s_2.b, s_2.c
         Presorted Key: s_2.a, s_2.b
         Sort Method: quicksort  Memory: 27kB
         Sort Groups: 3121
         ->  Sort  (cost=9941.82..10191.82 rows=100000 width=20) (actual time=17.838..22.000 rows=100000 loops=1)
               Sort Key: s_2.a, s_2.b
               Sort Method: quicksort  Memory: 10885kB
               ->  Seq Scan on s_2  (cost=0.00..1637.00 rows=100000 width=20) (actual time=0.010..5.590 rows=100000 loops=1)
 Planning time: 0.215 ms
 Execution time: 40.279 ms
(12 rows)

===== 275 [Wed Mar  7 02:02:39 CET 2018] scale:100000 groups:1000 work_mem:256MB incremental:on max_workers:0 =====
SELECT * FROM (SELECT * FROM s_3 ORDER BY a, b, c) foo ORDER BY a, b, c, d
                                                         QUERY PLAN                                                          
-----------------------------------------------------------------------------------------------------------------------------
 Limit  (cost=15802.78..15802.78 rows=1 width=20) (actual time=38.737..38.737 rows=0 loops=1)
   ->  Incremental Sort  (cost=9942.11..14802.78 rows=100000 width=20) (actual time=17.777..36.170 rows=100000 loops=1)
         Sort Key: s_3.a, s_3.b, s_3.c, s_3.d
         Presorted Key: s_3.a, s_3.b, s_3.c
         Sort Method: quicksort  Memory: 27kB
         Sort Groups: 3125
         ->  Sort  (cost=9941.82..10191.82 rows=100000 width=20) (actual time=17.732..21.797 rows=100000 loops=1)
               Sort Key: s_3.a, s_3.b, s_3.c
               Sort Method: quicksort  Memory: 10885kB
               ->  Seq Scan on s_3  (cost=0.00..1637.00 rows=100000 width=20) (actual time=0.010..5.592 rows=100000 loops=1)
 Planning time: 0.221 ms
 Execution time: 39.203 ms
(12 rows)

===== 276 [Wed Mar  7 02:02:39 CET 2018] scale:100000 groups:1000 work_mem:256MB incremental:on max_workers:0 =====
SELECT * FROM (SELECT * FROM s_4 ORDER BY a, b, c, d) foo ORDER BY a, b, c, d, e
                                                         QUERY PLAN                                                          
-----------------------------------------------------------------------------------------------------------------------------
 Limit  (cost=15802.78..15802.78 rows=1 width=20) (actual time=38.544..38.544 rows=0 loops=1)
   ->  Incremental Sort  (cost=9942.11..14802.78 rows=100000 width=20) (actual time=17.845..36.300 rows=100000 loops=1)
         Sort Key: s_4.a, s_4.b, s_4.c, s_4.d, s_4.e
         Presorted Key: s_4.a, s_4.b, s_4.c, s_4.d
         Sort Method: quicksort  Memory: 27kB
         Sort Groups: 3125
         ->  Sort  (cost=9941.82..10191.82 rows=100000 width=20) (actual time=17.801..21.963 rows=100000 loops=1)
               Sort Key: s_4.a, s_4.b, s_4.c, s_4.d
               Sort Method: quicksort  Memory: 10885kB
               ->  Seq Scan on s_4  (cost=0.00..1637.00 rows=100000 width=20) (actual time=0.006..5.593 rows=100000 loops=1)
 Planning time: 0.226 ms
 Execution time: 39.018 ms
(12 rows)

===== 277 [Wed Mar  7 02:02:39 CET 2018] scale:100000 groups:1000 work_mem:256MB incremental:off max_workers:0 =====
SELECT * FROM (SELECT * FROM s_1 ORDER BY a) foo ORDER BY a, b
                                                         QUERY PLAN                                                          
-----------------------------------------------------------------------------------------------------------------------------
 Limit  (cost=20746.64..20746.64 rows=1 width=20) (actual time=57.605..57.605 rows=0 loops=1)
   ->  Sort  (cost=19496.64..19746.64 rows=100000 width=20) (actual time=50.864..55.443 rows=100000 loops=1)
         Sort Key: s_1.a, s_1.b
         Sort Method: quicksort  Memory: 10885kB
         ->  Sort  (cost=9941.82..10191.82 rows=100000 width=20) (actual time=16.408..20.170 rows=100000 loops=1)
               Sort Key: s_1.a
               Sort Method: quicksort  Memory: 10885kB
               ->  Seq Scan on s_1  (cost=0.00..1637.00 rows=100000 width=20) (actual time=0.011..5.589 rows=100000 loops=1)
 Planning time: 0.201 ms
 Execution time: 58.512 ms
(10 rows)

===== 278 [Wed Mar  7 02:02:40 CET 2018] scale:100000 groups:1000 work_mem:256MB incremental:off max_workers:0 =====
SELECT * FROM (SELECT * FROM s_2 ORDER BY a, b) foo ORDER BY a, b, c
                                                         QUERY PLAN                                                          
-----------------------------------------------------------------------------------------------------------------------------
 Limit  (cost=20746.64..20746.64 rows=1 width=20) (actual time=51.979..51.979 rows=0 loops=1)
   ->  Sort  (cost=19496.64..19746.64 rows=100000 width=20) (actual time=46.516..49.810 rows=100000 loops=1)
         Sort Key: s_2.a, s_2.b, s_2.c
         Sort Method: quicksort  Memory: 10885kB
         ->  Sort  (cost=9941.82..10191.82 rows=100000 width=20) (actual time=17.759..21.523 rows=100000 loops=1)
               Sort Key: s_2.a, s_2.b
               Sort Method: quicksort  Memory: 10885kB
               ->  Seq Scan on s_2  (cost=0.00..1637.00 rows=100000 width=20) (actual time=0.010..5.589 rows=100000 loops=1)
 Planning time: 0.214 ms
 Execution time: 52.884 ms
(10 rows)

===== 279 [Wed Mar  7 02:02:40 CET 2018] scale:100000 groups:1000 work_mem:256MB incremental:off max_workers:0 =====
SELECT * FROM (SELECT * FROM s_3 ORDER BY a, b, c) foo ORDER BY a, b, c, d
                                                         QUERY PLAN                                                          
-----------------------------------------------------------------------------------------------------------------------------
 Limit  (cost=20746.64..20746.64 rows=1 width=20) (actual time=38.876..38.876 rows=0 loops=1)
   ->  Sort  (cost=19496.64..19746.64 rows=100000 width=20) (actual time=33.375..36.697 rows=100000 loops=1)
         Sort Key: s_3.a, s_3.b, s_3.c, s_3.d
         Sort Method: quicksort  Memory: 10885kB
         ->  Sort  (cost=9941.82..10191.82 rows=100000 width=20) (actual time=17.819..21.589 rows=100000 loops=1)
               Sort Key: s_3.a, s_3.b, s_3.c
               Sort Method: quicksort  Memory: 10885kB
               ->  Seq Scan on s_3  (cost=0.00..1637.00 rows=100000 width=20) (actual time=0.010..5.600 rows=100000 loops=1)
 Planning time: 0.208 ms
 Execution time: 39.783 ms
(10 rows)

===== 280 [Wed Mar  7 02:02:40 CET 2018] scale:100000 groups:1000 work_mem:256MB incremental:off max_workers:0 =====
SELECT * FROM (SELECT * FROM s_4 ORDER BY a, b, c, d) foo ORDER BY a, b, c, d, e
                                                         QUERY PLAN                                                          
-----------------------------------------------------------------------------------------------------------------------------
 Limit  (cost=20746.64..20746.64 rows=1 width=20) (actual time=38.867..38.867 rows=0 loops=1)
   ->  Sort  (cost=19496.64..19746.64 rows=100000 width=20) (actual time=33.358..36.678 rows=100000 loops=1)
         Sort Key: s_4.a, s_4.b, s_4.c, s_4.d, s_4.e
         Sort Method: quicksort  Memory: 10885kB
         ->  Sort  (cost=9941.82..10191.82 rows=100000 width=20) (actual time=17.828..21.600 rows=100000 loops=1)
               Sort Key: s_4.a, s_4.b, s_4.c, s_4.d
               Sort Method: quicksort  Memory: 10885kB
               ->  Seq Scan on s_4  (cost=0.00..1637.00 rows=100000 width=20) (actual time=0.007..5.596 rows=100000 loops=1)
 Planning time: 0.213 ms
 Execution time: 39.773 ms
(10 rows)

===== 281 [Wed Mar  7 02:02:40 CET 2018] scale:100000 groups:1000 work_mem:4MB incremental:on max_workers:2 =====
SELECT * FROM (SELECT * FROM s_1 ORDER BY a) foo ORDER BY a, b
                                                         QUERY PLAN                                                          
-----------------------------------------------------------------------------------------------------------------------------
 Limit  (cost=19334.05..19334.05 rows=1 width=20) (actual time=56.913..56.913 rows=0 loops=1)
   ->  Incremental Sort  (cost=11997.39..18334.05 rows=100000 width=20) (actual time=21.221..54.351 rows=100000 loops=1)
         Sort Key: s_1.a, s_1.b
         Presorted Key: s_1.a
         Sort Method: quicksort  Memory: 35kB
         Sort Groups: 1001
         ->  Sort  (cost=11992.82..12242.82 rows=100000 width=20) (actual time=21.165..29.579 rows=100000 loops=1)
               Sort Key: s_1.a
               Sort Method: external merge  Disk: 2936kB
               ->  Seq Scan on s_1  (cost=0.00..1637.00 rows=100000 width=20) (actual time=0.007..5.436 rows=100000 loops=1)
 Planning time: 0.211 ms
 Execution time: 57.485 ms
(12 rows)

===== 282 [Wed Mar  7 02:02:41 CET 2018] scale:100000 groups:1000 work_mem:4MB incremental:on max_workers:2 =====
SELECT * FROM (SELECT * FROM s_2 ORDER BY a, b) foo ORDER BY a, b, c
                                                         QUERY PLAN                                                          
-----------------------------------------------------------------------------------------------------------------------------
 Limit  (cost=17853.78..17853.78 rows=1 width=20) (actual time=48.227..48.227 rows=0 loops=1)
   ->  Incremental Sort  (cost=11993.11..16853.78 rows=100000 width=20) (actual time=22.414..45.704 rows=100000 loops=1)
         Sort Key: s_2.a, s_2.b, s_2.c
         Presorted Key: s_2.a, s_2.b
         Sort Method: quicksort  Memory: 27kB
         Sort Groups: 3121
         ->  Sort  (cost=11992.82..12242.82 rows=100000 width=20) (actual time=22.372..31.112 rows=100000 loops=1)
               Sort Key: s_2.a, s_2.b
               Sort Method: external merge  Disk: 2936kB
               ->  Seq Scan on s_2  (cost=0.00..1637.00 rows=100000 width=20) (actual time=0.010..5.448 rows=100000 loops=1)
 Planning time: 0.225 ms
 Execution time: 48.797 ms
(12 rows)

===== 283 [Wed Mar  7 02:02:41 CET 2018] scale:100000 groups:1000 work_mem:4MB incremental:on max_workers:2 =====
SELECT * FROM (SELECT * FROM s_3 ORDER BY a, b, c) foo ORDER BY a, b, c, d
                                                         QUERY PLAN                                                          
-----------------------------------------------------------------------------------------------------------------------------
 Limit  (cost=17853.78..17853.78 rows=1 width=20) (actual time=46.424..46.424 rows=0 loops=1)
   ->  Incremental Sort  (cost=11993.11..16853.78 rows=100000 width=20) (actual time=22.384..43.894 rows=100000 loops=1)
         Sort Key: s_3.a, s_3.b, s_3.c, s_3.d
         Presorted Key: s_3.a, s_3.b, s_3.c
         Sort Method: quicksort  Memory: 27kB
         Sort Groups: 3125
         ->  Sort  (cost=11992.82..12242.82 rows=100000 width=20) (actual time=22.337..31.080 rows=100000 loops=1)
               Sort Key: s_3.a, s_3.b, s_3.c
               Sort Method: external merge  Disk: 2936kB
               ->  Seq Scan on s_3  (cost=0.00..1637.00 rows=100000 width=20) (actual time=0.010..5.449 rows=100000 loops=1)
 Planning time: 0.219 ms
 Execution time: 46.986 ms
(12 rows)

===== 284 [Wed Mar  7 02:02:41 CET 2018] scale:100000 groups:1000 work_mem:4MB incremental:on max_workers:2 =====
SELECT * FROM (SELECT * FROM s_4 ORDER BY a, b, c, d) foo ORDER BY a, b, c, d, e
                                                         QUERY PLAN                                                          
-----------------------------------------------------------------------------------------------------------------------------
 Limit  (cost=17853.78..17853.78 rows=1 width=20) (actual time=45.694..45.694 rows=0 loops=1)
   ->  Incremental Sort  (cost=11993.11..16853.78 rows=100000 width=20) (actual time=22.462..43.438 rows=100000 loops=1)
         Sort Key: s_4.a, s_4.b, s_4.c, s_4.d, s_4.e
         Presorted Key: s_4.a, s_4.b, s_4.c, s_4.d
         Sort Method: quicksort  Memory: 27kB
         Sort Groups: 3125
         ->  Sort  (cost=11992.82..12242.82 rows=100000 width=20) (actual time=22.417..31.180 rows=100000 loops=1)
               Sort Key: s_4.a, s_4.b, s_4.c, s_4.d
               Sort Method: external merge  Disk: 2936kB
               ->  Seq Scan on s_4  (cost=0.00..1637.00 rows=100000 width=20) (actual time=0.006..5.478 rows=100000 loops=1)
 Planning time: 0.224 ms
 Execution time: 46.252 ms
(12 rows)

===== 285 [Wed Mar  7 02:02:42 CET 2018] scale:100000 groups:1000 work_mem:4MB incremental:off max_workers:2 =====
SELECT * FROM (SELECT * FROM s_1 ORDER BY a) foo ORDER BY a, b
                                                         QUERY PLAN                                                          
-----------------------------------------------------------------------------------------------------------------------------
 Limit  (cost=24848.64..24848.64 rows=1 width=20) (actual time=71.276..71.276 rows=0 loops=1)
   ->  Sort  (cost=23598.64..23848.64 rows=100000 width=20) (actual time=61.843..69.095 rows=100000 loops=1)
         Sort Key: s_1.a, s_1.b
         Sort Method: external merge  Disk: 2936kB
         ->  Sort  (cost=11992.82..12242.82 rows=100000 width=20) (actual time=21.028..29.384 rows=100000 loops=1)
               Sort Key: s_1.a
               Sort Method: external merge  Disk: 2936kB
               ->  Seq Scan on s_1  (cost=0.00..1637.00 rows=100000 width=20) (actual time=0.007..5.462 rows=100000 loops=1)
 Planning time: 0.203 ms
 Execution time: 72.234 ms
(10 rows)

===== 286 [Wed Mar  7 02:02:42 CET 2018] scale:100000 groups:1000 work_mem:4MB incremental:off max_workers:2 =====
SELECT * FROM (SELECT * FROM s_2 ORDER BY a, b) foo ORDER BY a, b, c
                                                         QUERY PLAN                                                          
-----------------------------------------------------------------------------------------------------------------------------
 Limit  (cost=24848.64..24848.64 rows=1 width=20) (actual time=66.682..66.682 rows=0 loops=1)
   ->  Sort  (cost=23598.64..23848.64 rows=100000 width=20) (actual time=57.241..64.495 rows=100000 loops=1)
         Sort Key: s_2.a, s_2.b, s_2.c
         Sort Method: external merge  Disk: 2936kB
         ->  Sort  (cost=11992.82..12242.82 rows=100000 width=20) (actual time=22.306..30.656 rows=100000 loops=1)
               Sort Key: s_2.a, s_2.b
               Sort Method: external merge  Disk: 2936kB
               ->  Seq Scan on s_2  (cost=0.00..1637.00 rows=100000 width=20) (actual time=0.010..5.475 rows=100000 loops=1)
 Planning time: 0.207 ms
 Execution time: 67.675 ms
(10 rows)

===== 287 [Wed Mar  7 02:02:42 CET 2018] scale:100000 groups:1000 work_mem:4MB incremental:off max_workers:2 =====
SELECT * FROM (SELECT * FROM s_3 ORDER BY a, b, c) foo ORDER BY a, b, c, d
                                                         QUERY PLAN                                                          
-----------------------------------------------------------------------------------------------------------------------------
 Limit  (cost=24848.64..24848.64 rows=1 width=20) (actual time=54.703..54.703 rows=0 loops=1)
   ->  Sort  (cost=23598.64..23848.64 rows=100000 width=20) (actual time=45.269..52.520 rows=100000 loops=1)
         Sort Key: s_3.a, s_3.b, s_3.c, s_3.d
         Sort Method: external merge  Disk: 2936kB
         ->  Sort  (cost=11992.82..12242.82 rows=100000 width=20) (actual time=22.308..30.652 rows=100000 loops=1)
               Sort Key: s_3.a, s_3.b, s_3.c
               Sort Method: external merge  Disk: 2936kB
               ->  Seq Scan on s_3  (cost=0.00..1637.00 rows=100000 width=20) (actual time=0.010..5.459 rows=100000 loops=1)
 Planning time: 0.214 ms
 Execution time: 55.492 ms
(10 rows)

===== 288 [Wed Mar  7 02:02:43 CET 2018] scale:100000 groups:1000 work_mem:4MB incremental:off max_workers:2 =====
SELECT * FROM (SELECT * FROM s_4 ORDER BY a, b, c, d) foo ORDER BY a, b, c, d, e
                                                         QUERY PLAN                                                          
-----------------------------------------------------------------------------------------------------------------------------
 Limit  (cost=24848.64..24848.64 rows=1 width=20) (actual time=54.935..54.935 rows=0 loops=1)
   ->  Sort  (cost=23598.64..23848.64 rows=100000 width=20) (actual time=45.348..52.752 rows=100000 loops=1)
         Sort Key: s_4.a, s_4.b, s_4.c, s_4.d, s_4.e
         Sort Method: external merge  Disk: 2936kB
         ->  Sort  (cost=11992.82..12242.82 rows=100000 width=20) (actual time=22.375..30.722 rows=100000 loops=1)
               Sort Key: s_4.a, s_4.b, s_4.c, s_4.d
               Sort Method: external merge  Disk: 2936kB
               ->  Seq Scan on s_4  (cost=0.00..1637.00 rows=100000 width=20) (actual time=0.007..5.475 rows=100000 loops=1)
 Planning time: 0.218 ms
 Execution time: 55.905 ms
(10 rows)

===== 289 [Wed Mar  7 02:02:43 CET 2018] scale:100000 groups:1000 work_mem:8MB incremental:on max_workers:2 =====
SELECT * FROM (SELECT * FROM s_1 ORDER BY a) foo ORDER BY a, b
                                                         QUERY PLAN                                                          
-----------------------------------------------------------------------------------------------------------------------------
 Limit  (cost=17283.05..17283.05 rows=1 width=20) (actual time=59.363..59.363 rows=0 loops=1)
   ->  Incremental Sort  (cost=9946.39..16283.05 rows=100000 width=20) (actual time=22.743..56.804 rows=100000 loops=1)
         Sort Key: s_1.a, s_1.b
         Presorted Key: s_1.a
         Sort Method: quicksort  Memory: 35kB
         Sort Groups: 1001
         ->  Sort  (cost=9941.82..10191.82 rows=100000 width=20) (actual time=22.684..31.296 rows=100000 loops=1)
               Sort Key: s_1.a
               Sort Method: external merge  Disk: 2936kB
               ->  Seq Scan on s_1  (cost=0.00..1637.00 rows=100000 width=20) (actual time=0.007..5.565 rows=100000 loops=1)
 Planning time: 0.212 ms
 Execution time: 59.768 ms
(12 rows)

===== 290 [Wed Mar  7 02:02:43 CET 2018] scale:100000 groups:1000 work_mem:8MB incremental:on max_workers:2 =====
SELECT * FROM (SELECT * FROM s_2 ORDER BY a, b) foo ORDER BY a, b, c
                                                         QUERY PLAN                                                          
-----------------------------------------------------------------------------------------------------------------------------
 Limit  (cost=15802.78..15802.78 rows=1 width=20) (actual time=50.669..50.669 rows=0 loops=1)
   ->  Incremental Sort  (cost=9942.11..14802.78 rows=100000 width=20) (actual time=24.078..48.150 rows=100000 loops=1)
         Sort Key: s_2.a, s_2.b, s_2.c
         Presorted Key: s_2.a, s_2.b
         Sort Method: quicksort  Memory: 27kB
         Sort Groups: 3121
         ->  Sort  (cost=9941.82..10191.82 rows=100000 width=20) (actual time=24.036..32.794 rows=100000 loops=1)
               Sort Key: s_2.a, s_2.b
               Sort Method: external merge  Disk: 2936kB
               ->  Seq Scan on s_2  (cost=0.00..1637.00 rows=100000 width=20) (actual time=0.010..5.574 rows=100000 loops=1)
 Planning time: 0.218 ms
 Execution time: 51.069 ms
(12 rows)

===== 291 [Wed Mar  7 02:02:44 CET 2018] scale:100000 groups:1000 work_mem:8MB incremental:on max_workers:2 =====
SELECT * FROM (SELECT * FROM s_3 ORDER BY a, b, c) foo ORDER BY a, b, c, d
                                                         QUERY PLAN                                                          
-----------------------------------------------------------------------------------------------------------------------------
 Limit  (cost=15802.78..15802.78 rows=1 width=20) (actual time=48.324..48.324 rows=0 loops=1)
   ->  Incremental Sort  (cost=9942.11..14802.78 rows=100000 width=20) (actual time=24.015..45.776 rows=100000 loops=1)
         Sort Key: s_3.a, s_3.b, s_3.c, s_3.d
         Presorted Key: s_3.a, s_3.b, s_3.c
         Sort Method: quicksort  Memory: 27kB
         Sort Groups: 3125
         ->  Sort  (cost=9941.82..10191.82 rows=100000 width=20) (actual time=23.969..32.587 rows=100000 loops=1)
               Sort Key: s_3.a, s_3.b, s_3.c
               Sort Method: external merge  Disk: 2936kB
               ->  Seq Scan on s_3  (cost=0.00..1637.00 rows=100000 width=20) (actual time=0.010..5.565 rows=100000 loops=1)
 Planning time: 0.224 ms
 Execution time: 48.735 ms
(12 rows)

===== 292 [Wed Mar  7 02:02:44 CET 2018] scale:100000 groups:1000 work_mem:8MB incremental:on max_workers:2 =====
SELECT * FROM (SELECT * FROM s_4 ORDER BY a, b, c, d) foo ORDER BY a, b, c, d, e
                                                         QUERY PLAN                                                          
-----------------------------------------------------------------------------------------------------------------------------
 Limit  (cost=15802.78..15802.78 rows=1 width=20) (actual time=47.303..47.303 rows=0 loops=1)
   ->  Incremental Sort  (cost=9942.11..14802.78 rows=100000 width=20) (actual time=24.134..45.044 rows=100000 loops=1)
         Sort Key: s_4.a, s_4.b, s_4.c, s_4.d, s_4.e
         Presorted Key: s_4.a, s_4.b, s_4.c, s_4.d
         Sort Method: quicksort  Memory: 27kB
         Sort Groups: 3125
         ->  Sort  (cost=9941.82..10191.82 rows=100000 width=20) (actual time=24.089..32.725 rows=100000 loops=1)
               Sort Key: s_4.a, s_4.b, s_4.c, s_4.d
               Sort Method: external merge  Disk: 2936kB
               ->  Seq Scan on s_4  (cost=0.00..1637.00 rows=100000 width=20) (actual time=0.006..5.588 rows=100000 loops=1)
 Planning time: 0.232 ms
 Execution time: 47.709 ms
(12 rows)

===== 293 [Wed Mar  7 02:02:44 CET 2018] scale:100000 groups:1000 work_mem:8MB incremental:off max_workers:2 =====
SELECT * FROM (SELECT * FROM s_1 ORDER BY a) foo ORDER BY a, b
                                                         QUERY PLAN                                                          
-----------------------------------------------------------------------------------------------------------------------------
 Limit  (cost=20746.64..20746.64 rows=1 width=20) (actual time=76.878..76.878 rows=0 loops=1)
   ->  Sort  (cost=19496.64..19746.64 rows=100000 width=20) (actual time=67.565..74.678 rows=100000 loops=1)
         Sort Key: s_1.a, s_1.b
         Sort Method: external merge  Disk: 2936kB
         ->  Sort  (cost=9941.82..10191.82 rows=100000 width=20) (actual time=22.583..30.966 rows=100000 loops=1)
               Sort Key: s_1.a
               Sort Method: external merge  Disk: 2936kB
               ->  Seq Scan on s_1  (cost=0.00..1637.00 rows=100000 width=20) (actual time=0.007..5.564 rows=100000 loops=1)
 Planning time: 0.209 ms
 Execution time: 77.647 ms
(10 rows)

===== 294 [Wed Mar  7 02:02:45 CET 2018] scale:100000 groups:1000 work_mem:8MB incremental:off max_workers:2 =====
SELECT * FROM (SELECT * FROM s_2 ORDER BY a, b) foo ORDER BY a, b, c
                                                         QUERY PLAN                                                          
-----------------------------------------------------------------------------------------------------------------------------
 Limit  (cost=20746.64..20746.64 rows=1 width=20) (actual time=71.923..71.923 rows=0 loops=1)
   ->  Sort  (cost=19496.64..19746.64 rows=100000 width=20) (actual time=62.612..69.723 rows=100000 loops=1)
         Sort Key: s_2.a, s_2.b, s_2.c
         Sort Method: external merge  Disk: 2936kB
         ->  Sort  (cost=9941.82..10191.82 rows=100000 width=20) (actual time=23.902..32.285 rows=100000 loops=1)
               Sort Key: s_2.a, s_2.b
               Sort Method: external merge  Disk: 2936kB
               ->  Seq Scan on s_2  (cost=0.00..1637.00 rows=100000 width=20) (actual time=0.010..5.561 rows=100000 loops=1)
 Planning time: 0.207 ms
 Execution time: 72.688 ms
(10 rows)

===== 295 [Wed Mar  7 02:02:45 CET 2018] scale:100000 groups:1000 work_mem:8MB incremental:off max_workers:2 =====
SELECT * FROM (SELECT * FROM s_3 ORDER BY a, b, c) foo ORDER BY a, b, c, d
                                                         QUERY PLAN                                                          
-----------------------------------------------------------------------------------------------------------------------------
 Limit  (cost=20746.64..20746.64 rows=1 width=20) (actual time=59.376..59.376 rows=0 loops=1)
   ->  Sort  (cost=19496.64..19746.64 rows=100000 width=20) (actual time=50.070..57.180 rows=100000 loops=1)
         Sort Key: s_3.a, s_3.b, s_3.c, s_3.d
         Sort Method: external merge  Disk: 2936kB
         ->  Sort  (cost=9941.82..10191.82 rows=100000 width=20) (actual time=23.984..32.361 rows=100000 loops=1)
               Sort Key: s_3.a, s_3.b, s_3.c
               Sort Method: external merge  Disk: 2936kB
               ->  Seq Scan on s_3  (cost=0.00..1637.00 rows=100000 width=20) (actual time=0.010..5.573 rows=100000 loops=1)
 Planning time: 0.208 ms
 Execution time: 60.143 ms
(10 rows)

===== 296 [Wed Mar  7 02:02:46 CET 2018] scale:100000 groups:1000 work_mem:8MB incremental:off max_workers:2 =====
SELECT * FROM (SELECT * FROM s_4 ORDER BY a, b, c, d) foo ORDER BY a, b, c, d, e
                                                         QUERY PLAN                                                          
-----------------------------------------------------------------------------------------------------------------------------
 Limit  (cost=20746.64..20746.64 rows=1 width=20) (actual time=58.963..58.963 rows=0 loops=1)
   ->  Sort  (cost=19496.64..19746.64 rows=100000 width=20) (actual time=49.690..56.776 rows=100000 loops=1)
         Sort Key: s_4.a, s_4.b, s_4.c, s_4.d, s_4.e
         Sort Method: external merge  Disk: 2936kB
         ->  Sort  (cost=9941.82..10191.82 rows=100000 width=20) (actual time=23.984..32.229 rows=100000 loops=1)
               Sort Key: s_4.a, s_4.b, s_4.c, s_4.d
               Sort Method: external merge  Disk: 2936kB
               ->  Seq Scan on s_4  (cost=0.00..1637.00 rows=100000 width=20) (actual time=0.006..5.581 rows=100000 loops=1)
 Planning time: 0.213 ms
 Execution time: 59.734 ms
(10 rows)

===== 297 [Wed Mar  7 02:02:46 CET 2018] scale:100000 groups:1000 work_mem:16MB incremental:on max_workers:2 =====
SELECT * FROM (SELECT * FROM s_1 ORDER BY a) foo ORDER BY a, b
                                                         QUERY PLAN                                                          
-----------------------------------------------------------------------------------------------------------------------------
 Limit  (cost=17283.05..17283.05 rows=1 width=20) (actual time=48.404..48.404 rows=0 loops=1)
   ->  Incremental Sort  (cost=9946.39..16283.05 rows=100000 width=20) (actual time=16.508..45.836 rows=100000 loops=1)
         Sort Key: s_1.a, s_1.b
         Presorted Key: s_1.a
         Sort Method: quicksort  Memory: 35kB
         Sort Groups: 1001
         ->  Sort  (cost=9941.82..10191.82 rows=100000 width=20) (actual time=16.452..20.171 rows=100000 loops=1)
               Sort Key: s_1.a
               Sort Method: quicksort  Memory: 10885kB
               ->  Seq Scan on s_1  (cost=0.00..1637.00 rows=100000 width=20) (actual time=0.007..5.570 rows=100000 loops=1)
 Planning time: 0.211 ms
 Execution time: 48.863 ms
(12 rows)

===== 298 [Wed Mar  7 02:02:46 CET 2018] scale:100000 groups:1000 work_mem:16MB incremental:on max_workers:2 =====
SELECT * FROM (SELECT * FROM s_2 ORDER BY a, b) foo ORDER BY a, b, c
                                                         QUERY PLAN                                                          
-----------------------------------------------------------------------------------------------------------------------------
 Limit  (cost=15802.78..15802.78 rows=1 width=20) (actual time=39.888..39.888 rows=0 loops=1)
   ->  Incremental Sort  (cost=9942.11..14802.78 rows=100000 width=20) (actual time=17.919..37.361 rows=100000 loops=1)
         Sort Key: s_2.a, s_2.b, s_2.c
         Presorted Key: s_2.a, s_2.b
         Sort Method: quicksort  Memory: 27kB
         Sort Groups: 3121
         ->  Sort  (cost=9941.82..10191.82 rows=100000 width=20) (actual time=17.878..22.030 rows=100000 loops=1)
               Sort Key: s_2.a, s_2.b
               Sort Method: quicksort  Memory: 10885kB
               ->  Seq Scan on s_2  (cost=0.00..1637.00 rows=100000 width=20) (actual time=0.010..5.586 rows=100000 loops=1)
 Planning time: 0.232 ms
 Execution time: 40.353 ms
(12 rows)

===== 299 [Wed Mar  7 02:02:47 CET 2018] scale:100000 groups:1000 work_mem:16MB incremental:on max_workers:2 =====
SELECT * FROM (SELECT * FROM s_3 ORDER BY a, b, c) foo ORDER BY a, b, c, d
                                                         QUERY PLAN                                                          
-----------------------------------------------------------------------------------------------------------------------------
 Limit  (cost=15802.78..15802.78 rows=1 width=20) (actual time=38.760..38.760 rows=0 loops=1)
   ->  Incremental Sort  (cost=9942.11..14802.78 rows=100000 width=20) (actual time=17.819..36.201 rows=100000 loops=1)
         Sort Key: s_3.a, s_3.b, s_3.c, s_3.d
         Presorted Key: s_3.a, s_3.b, s_3.c
         Sort Method: quicksort  Memory: 27kB
         Sort Groups: 3125
         ->  Sort  (cost=9941.82..10191.82 rows=100000 width=20) (actual time=17.773..21.841 rows=100000 loops=1)
               Sort Key: s_3.a, s_3.b, s_3.c
               Sort Method: quicksort  Memory: 10885kB
               ->  Seq Scan on s_3  (cost=0.00..1637.00 rows=100000 width=20) (actual time=0.010..5.581 rows=100000 loops=1)
 Planning time: 0.223 ms
 Execution time: 39.226 ms
(12 rows)

===== 300 [Wed Mar  7 02:02:47 CET 2018] scale:100000 groups:1000 work_mem:16MB incremental:on max_workers:2 =====
SELECT * FROM (SELECT * FROM s_4 ORDER BY a, b, c, d) foo ORDER BY a, b, c, d, e
                                                         QUERY PLAN                                                          
-----------------------------------------------------------------------------------------------------------------------------
 Limit  (cost=15802.78..15802.78 rows=1 width=20) (actual time=38.551..38.551 rows=0 loops=1)
   ->  Incremental Sort  (cost=9942.11..14802.78 rows=100000 width=20) (actual time=17.863..36.314 rows=100000 loops=1)
         Sort Key: s_4.a, s_4.b, s_4.c, s_4.d, s_4.e
         Presorted Key: s_4.a, s_4.b, s_4.c, s_4.d
         Sort Method: quicksort  Memory: 27kB
         Sort Groups: 3125
         ->  Sort  (cost=9941.82..10191.82 rows=100000 width=20) (actual time=17.817..21.996 rows=100000 loops=1)
               Sort Key: s_4.a, s_4.b, s_4.c, s_4.d
               Sort Method: quicksort  Memory: 10885kB
               ->  Seq Scan on s_4  (cost=0.00..1637.00 rows=100000 width=20) (actual time=0.007..5.581 rows=100000 loops=1)
 Planning time: 0.223 ms
 Execution time: 39.032 ms
(12 rows)

===== 301 [Wed Mar  7 02:02:47 CET 2018] scale:100000 groups:1000 work_mem:16MB incremental:off max_workers:2 =====
SELECT * FROM (SELECT * FROM s_1 ORDER BY a) foo ORDER BY a, b
                                                         QUERY PLAN                                                          
-----------------------------------------------------------------------------------------------------------------------------
 Limit  (cost=20746.64..20746.64 rows=1 width=20) (actual time=57.565..57.565 rows=0 loops=1)
   ->  Sort  (cost=19496.64..19746.64 rows=100000 width=20) (actual time=50.838..55.404 rows=100000 loops=1)
         Sort Key: s_1.a, s_1.b
         Sort Method: quicksort  Memory: 10885kB
         ->  Sort  (cost=9941.82..10191.82 rows=100000 width=20) (actual time=16.401..20.144 rows=100000 loops=1)
               Sort Key: s_1.a
               Sort Method: quicksort  Memory: 10885kB
               ->  Seq Scan on s_1  (cost=0.00..1637.00 rows=100000 width=20) (actual time=0.007..5.606 rows=100000 loops=1)
 Planning time: 0.206 ms
 Execution time: 58.475 ms
(10 rows)

===== 302 [Wed Mar  7 02:02:47 CET 2018] scale:100000 groups:1000 work_mem:16MB incremental:off max_workers:2 =====
SELECT * FROM (SELECT * FROM s_2 ORDER BY a, b) foo ORDER BY a, b, c
                                                         QUERY PLAN                                                          
-----------------------------------------------------------------------------------------------------------------------------
 Limit  (cost=20746.64..20746.64 rows=1 width=20) (actual time=51.998..51.998 rows=0 loops=1)
   ->  Sort  (cost=19496.64..19746.64 rows=100000 width=20) (actual time=46.533..49.832 rows=100000 loops=1)
         Sort Key: s_2.a, s_2.b, s_2.c
         Sort Method: quicksort  Memory: 10885kB
         ->  Sort  (cost=9941.82..10191.82 rows=100000 width=20) (actual time=17.776..21.538 rows=100000 loops=1)
               Sort Key: s_2.a, s_2.b
               Sort Method: quicksort  Memory: 10885kB
               ->  Seq Scan on s_2  (cost=0.00..1637.00 rows=100000 width=20) (actual time=0.010..5.587 rows=100000 loops=1)
 Planning time: 0.209 ms
 Execution time: 52.908 ms
(10 rows)

===== 303 [Wed Mar  7 02:02:48 CET 2018] scale:100000 groups:1000 work_mem:16MB incremental:off max_workers:2 =====
SELECT * FROM (SELECT * FROM s_3 ORDER BY a, b, c) foo ORDER BY a, b, c, d
                                                         QUERY PLAN                                                          
-----------------------------------------------------------------------------------------------------------------------------
 Limit  (cost=20746.64..20746.64 rows=1 width=20) (actual time=38.809..38.809 rows=0 loops=1)
   ->  Sort  (cost=19496.64..19746.64 rows=100000 width=20) (actual time=33.305..36.634 rows=100000 loops=1)
         Sort Key: s_3.a, s_3.b, s_3.c, s_3.d
         Sort Method: quicksort  Memory: 10885kB
         ->  Sort  (cost=9941.82..10191.82 rows=100000 width=20) (actual time=17.772..21.542 rows=100000 loops=1)
               Sort Key: s_3.a, s_3.b, s_3.c
               Sort Method: quicksort  Memory: 10885kB
               ->  Seq Scan on s_3  (cost=0.00..1637.00 rows=100000 width=20) (actual time=0.010..5.590 rows=100000 loops=1)
 Planning time: 0.210 ms
 Execution time: 39.723 ms
(10 rows)

===== 304 [Wed Mar  7 02:02:48 CET 2018] scale:100000 groups:1000 work_mem:16MB incremental:off max_workers:2 =====
SELECT * FROM (SELECT * FROM s_4 ORDER BY a, b, c, d) foo ORDER BY a, b, c, d, e
                                                         QUERY PLAN                                                          
-----------------------------------------------------------------------------------------------------------------------------
 Limit  (cost=20746.64..20746.64 rows=1 width=20) (actual time=38.901..38.901 rows=0 loops=1)
   ->  Sort  (cost=19496.64..19746.64 rows=100000 width=20) (actual time=33.386..36.708 rows=100000 loops=1)
         Sort Key: s_4.a, s_4.b, s_4.c, s_4.d, s_4.e
         Sort Method: quicksort  Memory: 10885kB
         ->  Sort  (cost=9941.82..10191.82 rows=100000 width=20) (actual time=17.849..21.619 rows=100000 loops=1)
               Sort Key: s_4.a, s_4.b, s_4.c, s_4.d
               Sort Method: quicksort  Memory: 10885kB
               ->  Seq Scan on s_4  (cost=0.00..1637.00 rows=100000 width=20) (actual time=0.007..5.612 rows=100000 loops=1)
 Planning time: 0.218 ms
 Execution time: 39.808 ms
(10 rows)

===== 305 [Wed Mar  7 02:02:48 CET 2018] scale:100000 groups:1000 work_mem:32MB incremental:on max_workers:2 =====
SELECT * FROM (SELECT * FROM s_1 ORDER BY a) foo ORDER BY a, b
                                                         QUERY PLAN                                                          
-----------------------------------------------------------------------------------------------------------------------------
 Limit  (cost=17283.05..17283.05 rows=1 width=20) (actual time=47.048..47.048 rows=0 loops=1)
   ->  Incremental Sort  (cost=9946.39..16283.05 rows=100000 width=20) (actual time=16.483..44.862 rows=100000 loops=1)
         Sort Key: s_1.a, s_1.b
         Presorted Key: s_1.a
         Sort Method: quicksort  Memory: 35kB
         Sort Groups: 1001
         ->  Sort  (cost=9941.82..10191.82 rows=100000 width=20) (actual time=16.428..20.149 rows=100000 loops=1)
               Sort Key: s_1.a
               Sort Method: quicksort  Memory: 10885kB
               ->  Seq Scan on s_1  (cost=0.00..1637.00 rows=100000 width=20) (actual time=0.007..5.597 rows=100000 loops=1)
 Planning time: 0.214 ms
 Execution time: 47.509 ms
(12 rows)

===== 306 [Wed Mar  7 02:02:48 CET 2018] scale:100000 groups:1000 work_mem:32MB incremental:on max_workers:2 =====
SELECT * FROM (SELECT * FROM s_2 ORDER BY a, b) foo ORDER BY a, b, c
                                                         QUERY PLAN                                                          
-----------------------------------------------------------------------------------------------------------------------------
 Limit  (cost=15802.78..15802.78 rows=1 width=20) (actual time=38.811..38.811 rows=0 loops=1)
   ->  Incremental Sort  (cost=9942.11..14802.78 rows=100000 width=20) (actual time=17.797..36.628 rows=100000 loops=1)
         Sort Key: s_2.a, s_2.b, s_2.c
         Presorted Key: s_2.a, s_2.b
         Sort Method: quicksort  Memory: 27kB
         Sort Groups: 3121
         ->  Sort  (cost=9941.82..10191.82 rows=100000 width=20) (actual time=17.750..21.901 rows=100000 loops=1)
               Sort Key: s_2.a, s_2.b
               Sort Method: quicksort  Memory: 10885kB
               ->  Seq Scan on s_2  (cost=0.00..1637.00 rows=100000 width=20) (actual time=0.010..5.626 rows=100000 loops=1)
 Planning time: 0.220 ms
 Execution time: 39.281 ms
(12 rows)

===== 307 [Wed Mar  7 02:02:49 CET 2018] scale:100000 groups:1000 work_mem:32MB incremental:on max_workers:2 =====
SELECT * FROM (SELECT * FROM s_3 ORDER BY a, b, c) foo ORDER BY a, b, c, d
                                                         QUERY PLAN                                                          
-----------------------------------------------------------------------------------------------------------------------------
 Limit  (cost=15802.78..15802.78 rows=1 width=20) (actual time=36.943..36.943 rows=0 loops=1)
   ->  Incremental Sort  (cost=9942.11..14802.78 rows=100000 width=20) (actual time=17.739..34.765 rows=100000 loops=1)
         Sort Key: s_3.a, s_3.b, s_3.c, s_3.d
         Presorted Key: s_3.a, s_3.b, s_3.c
         Sort Method: quicksort  Memory: 27kB
         Sort Groups: 3125
         ->  Sort  (cost=9941.82..10191.82 rows=100000 width=20) (actual time=17.687..21.708 rows=100000 loops=1)
               Sort Key: s_3.a, s_3.b, s_3.c
               Sort Method: quicksort  Memory: 10885kB
               ->  Seq Scan on s_3  (cost=0.00..1637.00 rows=100000 width=20) (actual time=0.010..5.585 rows=100000 loops=1)
 Planning time: 0.220 ms
 Execution time: 37.408 ms
(12 rows)

===== 308 [Wed Mar  7 02:02:49 CET 2018] scale:100000 groups:1000 work_mem:32MB incremental:on max_workers:2 =====
SELECT * FROM (SELECT * FROM s_4 ORDER BY a, b, c, d) foo ORDER BY a, b, c, d, e
                                                         QUERY PLAN                                                          
-----------------------------------------------------------------------------------------------------------------------------
 Limit  (cost=15802.78..15802.78 rows=1 width=20) (actual time=37.117..37.117 rows=0 loops=1)
   ->  Incremental Sort  (cost=9942.11..14802.78 rows=100000 width=20) (actual time=17.829..34.942 rows=100000 loops=1)
         Sort Key: s_4.a, s_4.b, s_4.c, s_4.d, s_4.e
         Presorted Key: s_4.a, s_4.b, s_4.c, s_4.d
         Sort Method: quicksort  Memory: 27kB
         Sort Groups: 3125
         ->  Sort  (cost=9941.82..10191.82 rows=100000 width=20) (actual time=17.778..21.916 rows=100000 loops=1)
               Sort Key: s_4.a, s_4.b, s_4.c, s_4.d
               Sort Method: quicksort  Memory: 10885kB
               ->  Seq Scan on s_4  (cost=0.00..1637.00 rows=100000 width=20) (actual time=0.007..5.578 rows=100000 loops=1)
 Planning time: 0.225 ms
 Execution time: 37.587 ms
(12 rows)

===== 309 [Wed Mar  7 02:02:49 CET 2018] scale:100000 groups:1000 work_mem:32MB incremental:off max_workers:2 =====
SELECT * FROM (SELECT * FROM s_1 ORDER BY a) foo ORDER BY a, b
                                                         QUERY PLAN                                                          
-----------------------------------------------------------------------------------------------------------------------------
 Limit  (cost=20746.64..20746.64 rows=1 width=20) (actual time=57.681..57.681 rows=0 loops=1)
   ->  Sort  (cost=19496.64..19746.64 rows=100000 width=20) (actual time=50.942..55.517 rows=100000 loops=1)
         Sort Key: s_1.a, s_1.b
         Sort Method: quicksort  Memory: 10885kB
         ->  Sort  (cost=9941.82..10191.82 rows=100000 width=20) (actual time=16.440..20.203 rows=100000 loops=1)
               Sort Key: s_1.a
               Sort Method: quicksort  Memory: 10885kB
               ->  Seq Scan on s_1  (cost=0.00..1637.00 rows=100000 width=20) (actual time=0.007..5.586 rows=100000 loops=1)
 Planning time: 0.215 ms
 Execution time: 58.593 ms
(10 rows)

===== 310 [Wed Mar  7 02:02:50 CET 2018] scale:100000 groups:1000 work_mem:32MB incremental:off max_workers:2 =====
SELECT * FROM (SELECT * FROM s_2 ORDER BY a, b) foo ORDER BY a, b, c
                                                         QUERY PLAN                                                          
-----------------------------------------------------------------------------------------------------------------------------
 Limit  (cost=20746.64..20746.64 rows=1 width=20) (actual time=51.964..51.964 rows=0 loops=1)
   ->  Sort  (cost=19496.64..19746.64 rows=100000 width=20) (actual time=46.501..49.797 rows=100000 loops=1)
         Sort Key: s_2.a, s_2.b, s_2.c
         Sort Method: quicksort  Memory: 10885kB
         ->  Sort  (cost=9941.82..10191.82 rows=100000 width=20) (actual time=17.763..21.513 rows=100000 loops=1)
               Sort Key: s_2.a, s_2.b
               Sort Method: quicksort  Memory: 10885kB
               ->  Seq Scan on s_2  (cost=0.00..1637.00 rows=100000 width=20) (actual time=0.010..5.583 rows=100000 loops=1)
 Planning time: 0.216 ms
 Execution time: 52.873 ms
(10 rows)

===== 311 [Wed Mar  7 02:02:50 CET 2018] scale:100000 groups:1000 work_mem:32MB incremental:off max_workers:2 =====
SELECT * FROM (SELECT * FROM s_3 ORDER BY a, b, c) foo ORDER BY a, b, c, d
                                                         QUERY PLAN                                                          
-----------------------------------------------------------------------------------------------------------------------------
 Limit  (cost=20746.64..20746.64 rows=1 width=20) (actual time=38.904..38.904 rows=0 loops=1)
   ->  Sort  (cost=19496.64..19746.64 rows=100000 width=20) (actual time=33.386..36.709 rows=100000 loops=1)
         Sort Key: s_3.a, s_3.b, s_3.c, s_3.d
         Sort Method: quicksort  Memory: 10885kB
         ->  Sort  (cost=9941.82..10191.82 rows=100000 width=20) (actual time=17.813..21.580 rows=100000 loops=1)
               Sort Key: s_3.a, s_3.b, s_3.c
               Sort Method: quicksort  Memory: 10885kB
               ->  Seq Scan on s_3  (cost=0.00..1637.00 rows=100000 width=20) (actual time=0.010..5.591 rows=100000 loops=1)
 Planning time: 0.210 ms
 Execution time: 39.812 ms
(10 rows)

===== 312 [Wed Mar  7 02:02:50 CET 2018] scale:100000 groups:1000 work_mem:32MB incremental:off max_workers:2 =====
SELECT * FROM (SELECT * FROM s_4 ORDER BY a, b, c, d) foo ORDER BY a, b, c, d, e
                                                         QUERY PLAN                                                          
-----------------------------------------------------------------------------------------------------------------------------
 Limit  (cost=20746.64..20746.64 rows=1 width=20) (actual time=38.877..38.877 rows=0 loops=1)
   ->  Sort  (cost=19496.64..19746.64 rows=100000 width=20) (actual time=33.370..36.681 rows=100000 loops=1)
         Sort Key: s_4.a, s_4.b, s_4.c, s_4.d, s_4.e
         Sort Method: quicksort  Memory: 10885kB
         ->  Sort  (cost=9941.82..10191.82 rows=100000 width=20) (actual time=17.841..21.608 rows=100000 loops=1)
               Sort Key: s_4.a, s_4.b, s_4.c, s_4.d
               Sort Method: quicksort  Memory: 10885kB
               ->  Seq Scan on s_4  (cost=0.00..1637.00 rows=100000 width=20) (actual time=0.007..5.610 rows=100000 loops=1)
 Planning time: 0.223 ms
 Execution time: 39.777 ms
(10 rows)

===== 313 [Wed Mar  7 02:02:50 CET 2018] scale:100000 groups:1000 work_mem:64MB incremental:on max_workers:2 =====
SELECT * FROM (SELECT * FROM s_1 ORDER BY a) foo ORDER BY a, b
                                                         QUERY PLAN                                                          
-----------------------------------------------------------------------------------------------------------------------------
 Limit  (cost=17283.05..17283.05 rows=1 width=20) (actual time=47.030..47.030 rows=0 loops=1)
   ->  Incremental Sort  (cost=9946.39..16283.05 rows=100000 width=20) (actual time=16.483..44.842 rows=100000 loops=1)
         Sort Key: s_1.a, s_1.b
         Presorted Key: s_1.a
         Sort Method: quicksort  Memory: 35kB
         Sort Groups: 1001
         ->  Sort  (cost=9941.82..10191.82 rows=100000 width=20) (actual time=16.429..20.155 rows=100000 loops=1)
               Sort Key: s_1.a
               Sort Method: quicksort  Memory: 10885kB
               ->  Seq Scan on s_1  (cost=0.00..1637.00 rows=100000 width=20) (actual time=0.007..5.585 rows=100000 loops=1)
 Planning time: 0.209 ms
 Execution time: 47.496 ms
(12 rows)

===== 314 [Wed Mar  7 02:02:51 CET 2018] scale:100000 groups:1000 work_mem:64MB incremental:on max_workers:2 =====
SELECT * FROM (SELECT * FROM s_2 ORDER BY a, b) foo ORDER BY a, b, c
                                                         QUERY PLAN                                                          
-----------------------------------------------------------------------------------------------------------------------------
 Limit  (cost=15802.78..15802.78 rows=1 width=20) (actual time=38.800..38.800 rows=0 loops=1)
   ->  Incremental Sort  (cost=9942.11..14802.78 rows=100000 width=20) (actual time=17.780..36.615 rows=100000 loops=1)
         Sort Key: s_2.a, s_2.b, s_2.c
         Presorted Key: s_2.a, s_2.b
         Sort Method: quicksort  Memory: 27kB
         Sort Groups: 3121
         ->  Sort  (cost=9941.82..10191.82 rows=100000 width=20) (actual time=17.734..21.902 rows=100000 loops=1)
               Sort Key: s_2.a, s_2.b
               Sort Method: quicksort  Memory: 10885kB
               ->  Seq Scan on s_2  (cost=0.00..1637.00 rows=100000 width=20) (actual time=0.010..5.611 rows=100000 loops=1)
 Planning time: 0.218 ms
 Execution time: 39.267 ms
(12 rows)

===== 315 [Wed Mar  7 02:02:51 CET 2018] scale:100000 groups:1000 work_mem:64MB incremental:on max_workers:2 =====
SELECT * FROM (SELECT * FROM s_3 ORDER BY a, b, c) foo ORDER BY a, b, c, d
                                                         QUERY PLAN                                                          
-----------------------------------------------------------------------------------------------------------------------------
 Limit  (cost=15802.78..15802.78 rows=1 width=20) (actual time=36.935..36.935 rows=0 loops=1)
   ->  Incremental Sort  (cost=9942.11..14802.78 rows=100000 width=20) (actual time=17.745..34.760 rows=100000 loops=1)
         Sort Key: s_3.a, s_3.b, s_3.c, s_3.d
         Presorted Key: s_3.a, s_3.b, s_3.c
         Sort Method: quicksort  Memory: 27kB
         Sort Groups: 3125
         ->  Sort  (cost=9941.82..10191.82 rows=100000 width=20) (actual time=17.694..21.710 rows=100000 loops=1)
               Sort Key: s_3.a, s_3.b, s_3.c
               Sort Method: quicksort  Memory: 10885kB
               ->  Seq Scan on s_3  (cost=0.00..1637.00 rows=100000 width=20) (actual time=0.010..5.570 rows=100000 loops=1)
 Planning time: 0.222 ms
 Execution time: 37.403 ms
(12 rows)

===== 316 [Wed Mar  7 02:02:51 CET 2018] scale:100000 groups:1000 work_mem:64MB incremental:on max_workers:2 =====
SELECT * FROM (SELECT * FROM s_4 ORDER BY a, b, c, d) foo ORDER BY a, b, c, d, e
                                                         QUERY PLAN                                                          
-----------------------------------------------------------------------------------------------------------------------------
 Limit  (cost=15802.78..15802.78 rows=1 width=20) (actual time=37.140..37.140 rows=0 loops=1)
   ->  Incremental Sort  (cost=9942.11..14802.78 rows=100000 width=20) (actual time=17.858..34.968 rows=100000 loops=1)
         Sort Key: s_4.a, s_4.b, s_4.c, s_4.d, s_4.e
         Presorted Key: s_4.a, s_4.b, s_4.c, s_4.d
         Sort Method: quicksort  Memory: 27kB
         Sort Groups: 3125
         ->  Sort  (cost=9941.82..10191.82 rows=100000 width=20) (actual time=17.807..21.954 rows=100000 loops=1)
               Sort Key: s_4.a, s_4.b, s_4.c, s_4.d
               Sort Method: quicksort  Memory: 10885kB
               ->  Seq Scan on s_4  (cost=0.00..1637.00 rows=100000 width=20) (actual time=0.007..5.589 rows=100000 loops=1)
 Planning time: 0.238 ms
 Execution time: 37.614 ms
(12 rows)

===== 317 [Wed Mar  7 02:02:51 CET 2018] scale:100000 groups:1000 work_mem:64MB incremental:off max_workers:2 =====
SELECT * FROM (SELECT * FROM s_1 ORDER BY a) foo ORDER BY a, b
                                                         QUERY PLAN                                                          
-----------------------------------------------------------------------------------------------------------------------------
 Limit  (cost=20746.64..20746.64 rows=1 width=20) (actual time=57.619..57.619 rows=0 loops=1)
   ->  Sort  (cost=19496.64..19746.64 rows=100000 width=20) (actual time=50.891..55.452 rows=100000 loops=1)
         Sort Key: s_1.a, s_1.b
         Sort Method: quicksort  Memory: 10885kB
         ->  Sort  (cost=9941.82..10191.82 rows=100000 width=20) (actual time=16.415..20.167 rows=100000 loops=1)
               Sort Key: s_1.a
               Sort Method: quicksort  Memory: 10885kB
               ->  Seq Scan on s_1  (cost=0.00..1637.00 rows=100000 width=20) (actual time=0.007..5.600 rows=100000 loops=1)
 Planning time: 0.214 ms
 Execution time: 58.524 ms
(10 rows)

===== 318 [Wed Mar  7 02:02:52 CET 2018] scale:100000 groups:1000 work_mem:64MB incremental:off max_workers:2 =====
SELECT * FROM (SELECT * FROM s_2 ORDER BY a, b) foo ORDER BY a, b, c
                                                         QUERY PLAN                                                          
-----------------------------------------------------------------------------------------------------------------------------
 Limit  (cost=20746.64..20746.64 rows=1 width=20) (actual time=51.989..51.989 rows=0 loops=1)
   ->  Sort  (cost=19496.64..19746.64 rows=100000 width=20) (actual time=46.520..49.819 rows=100000 loops=1)
         Sort Key: s_2.a, s_2.b, s_2.c
         Sort Method: quicksort  Memory: 10885kB
         ->  Sort  (cost=9941.82..10191.82 rows=100000 width=20) (actual time=17.766..21.536 rows=100000 loops=1)
               Sort Key: s_2.a, s_2.b
               Sort Method: quicksort  Memory: 10885kB
               ->  Seq Scan on s_2  (cost=0.00..1637.00 rows=100000 width=20) (actual time=0.010..5.606 rows=100000 loops=1)
 Planning time: 0.217 ms
 Execution time: 52.895 ms
(10 rows)

===== 319 [Wed Mar  7 02:02:52 CET 2018] scale:100000 groups:1000 work_mem:64MB incremental:off max_workers:2 =====
SELECT * FROM (SELECT * FROM s_3 ORDER BY a, b, c) foo ORDER BY a, b, c, d
                                                         QUERY PLAN                                                          
-----------------------------------------------------------------------------------------------------------------------------
 Limit  (cost=20746.64..20746.64 rows=1 width=20) (actual time=38.857..38.857 rows=0 loops=1)
   ->  Sort  (cost=19496.64..19746.64 rows=100000 width=20) (actual time=33.346..36.681 rows=100000 loops=1)
         Sort Key: s_3.a, s_3.b, s_3.c, s_3.d
         Sort Method: quicksort  Memory: 10885kB
         ->  Sort  (cost=9941.82..10191.82 rows=100000 width=20) (actual time=17.804..21.559 rows=100000 loops=1)
               Sort Key: s_3.a, s_3.b, s_3.c
               Sort Method: quicksort  Memory: 10885kB
               ->  Seq Scan on s_3  (cost=0.00..1637.00 rows=100000 width=20) (actual time=0.010..5.586 rows=100000 loops=1)
 Planning time: 0.209 ms
 Execution time: 39.766 ms
(10 rows)

===== 320 [Wed Mar  7 02:02:52 CET 2018] scale:100000 groups:1000 work_mem:64MB incremental:off max_workers:2 =====
SELECT * FROM (SELECT * FROM s_4 ORDER BY a, b, c, d) foo ORDER BY a, b, c, d, e
                                                         QUERY PLAN                                                          
-----------------------------------------------------------------------------------------------------------------------------
 Limit  (cost=20746.64..20746.64 rows=1 width=20) (actual time=38.884..38.884 rows=0 loops=1)
   ->  Sort  (cost=19496.64..19746.64 rows=100000 width=20) (actual time=33.375..36.692 rows=100000 loops=1)
         Sort Key: s_4.a, s_4.b, s_4.c, s_4.d, s_4.e
         Sort Method: quicksort  Memory: 10885kB
         ->  Sort  (cost=9941.82..10191.82 rows=100000 width=20) (actual time=17.844..21.614 rows=100000 loops=1)
               Sort Key: s_4.a, s_4.b, s_4.c, s_4.d
               Sort Method: quicksort  Memory: 10885kB
               ->  Seq Scan on s_4  (cost=0.00..1637.00 rows=100000 width=20) (actual time=0.007..5.615 rows=100000 loops=1)
 Planning time: 0.215 ms
 Execution time: 39.787 ms
(10 rows)

===== 321 [Wed Mar  7 02:02:53 CET 2018] scale:100000 groups:1000 work_mem:128MB incremental:on max_workers:2 =====
SELECT * FROM (SELECT * FROM s_1 ORDER BY a) foo ORDER BY a, b
                                                         QUERY PLAN                                                          
-----------------------------------------------------------------------------------------------------------------------------
 Limit  (cost=17283.05..17283.05 rows=1 width=20) (actual time=48.387..48.387 rows=0 loops=1)
   ->  Incremental Sort  (cost=9946.39..16283.05 rows=100000 width=20) (actual time=16.506..45.827 rows=100000 loops=1)
         Sort Key: s_1.a, s_1.b
         Presorted Key: s_1.a
         Sort Method: quicksort  Memory: 35kB
         Sort Groups: 1001
         ->  Sort  (cost=9941.82..10191.82 rows=100000 width=20) (actual time=16.452..20.182 rows=100000 loops=1)
               Sort Key: s_1.a
               Sort Method: quicksort  Memory: 10885kB
               ->  Seq Scan on s_1  (cost=0.00..1637.00 rows=100000 width=20) (actual time=0.007..5.569 rows=100000 loops=1)
 Planning time: 0.210 ms
 Execution time: 48.854 ms
(12 rows)

===== 322 [Wed Mar  7 02:02:53 CET 2018] scale:100000 groups:1000 work_mem:128MB incremental:on max_workers:2 =====
SELECT * FROM (SELECT * FROM s_2 ORDER BY a, b) foo ORDER BY a, b, c
                                                         QUERY PLAN                                                          
-----------------------------------------------------------------------------------------------------------------------------
 Limit  (cost=15802.78..15802.78 rows=1 width=20) (actual time=39.856..39.856 rows=0 loops=1)
   ->  Incremental Sort  (cost=9942.11..14802.78 rows=100000 width=20) (actual time=17.906..37.330 rows=100000 loops=1)
         Sort Key: s_2.a, s_2.b, s_2.c
         Presorted Key: s_2.a, s_2.b
         Sort Method: quicksort  Memory: 27kB
         Sort Groups: 3121
         ->  Sort  (cost=9941.82..10191.82 rows=100000 width=20) (actual time=17.867..22.029 rows=100000 loops=1)
               Sort Key: s_2.a, s_2.b
               Sort Method: quicksort  Memory: 10885kB
               ->  Seq Scan on s_2  (cost=0.00..1637.00 rows=100000 width=20) (actual time=0.010..5.588 rows=100000 loops=1)
 Planning time: 0.220 ms
 Execution time: 40.320 ms
(12 rows)

===== 323 [Wed Mar  7 02:02:53 CET 2018] scale:100000 groups:1000 work_mem:128MB incremental:on max_workers:2 =====
SELECT * FROM (SELECT * FROM s_3 ORDER BY a, b, c) foo ORDER BY a, b, c, d
                                                         QUERY PLAN                                                          
-----------------------------------------------------------------------------------------------------------------------------
 Limit  (cost=15802.78..15802.78 rows=1 width=20) (actual time=38.792..38.792 rows=0 loops=1)
   ->  Incremental Sort  (cost=9942.11..14802.78 rows=100000 width=20) (actual time=17.830..36.233 rows=100000 loops=1)
         Sort Key: s_3.a, s_3.b, s_3.c, s_3.d
         Presorted Key: s_3.a, s_3.b, s_3.c
         Sort Method: quicksort  Memory: 27kB
         Sort Groups: 3125
         ->  Sort  (cost=9941.82..10191.82 rows=100000 width=20) (actual time=17.785..21.847 rows=100000 loops=1)
               Sort Key: s_3.a, s_3.b, s_3.c
               Sort Method: quicksort  Memory: 10885kB
               ->  Seq Scan on s_3  (cost=0.00..1637.00 rows=100000 width=20) (actual time=0.010..5.580 rows=100000 loops=1)
 Planning time: 0.227 ms
 Execution time: 39.260 ms
(12 rows)

===== 324 [Wed Mar  7 02:02:53 CET 2018] scale:100000 groups:1000 work_mem:128MB incremental:on max_workers:2 =====
SELECT * FROM (SELECT * FROM s_4 ORDER BY a, b, c, d) foo ORDER BY a, b, c, d, e
                                                         QUERY PLAN                                                          
-----------------------------------------------------------------------------------------------------------------------------
 Limit  (cost=15802.78..15802.78 rows=1 width=20) (actual time=38.543..38.543 rows=0 loops=1)
   ->  Incremental Sort  (cost=9942.11..14802.78 rows=100000 width=20) (actual time=17.821..36.301 rows=100000 loops=1)
         Sort Key: s_4.a, s_4.b, s_4.c, s_4.d, s_4.e
         Presorted Key: s_4.a, s_4.b, s_4.c, s_4.d
         Sort Method: quicksort  Memory: 27kB
         Sort Groups: 3125
         ->  Sort  (cost=9941.82..10191.82 rows=100000 width=20) (actual time=17.776..21.964 rows=100000 loops=1)
               Sort Key: s_4.a, s_4.b, s_4.c, s_4.d
               Sort Method: quicksort  Memory: 10885kB
               ->  Seq Scan on s_4  (cost=0.00..1637.00 rows=100000 width=20) (actual time=0.006..5.592 rows=100000 loops=1)
 Planning time: 0.228 ms
 Execution time: 39.015 ms
(12 rows)

===== 325 [Wed Mar  7 02:02:53 CET 2018] scale:100000 groups:1000 work_mem:128MB incremental:off max_workers:2 =====
SELECT * FROM (SELECT * FROM s_1 ORDER BY a) foo ORDER BY a, b
                                                         QUERY PLAN                                                          
-----------------------------------------------------------------------------------------------------------------------------
 Limit  (cost=20746.64..20746.64 rows=1 width=20) (actual time=57.561..57.561 rows=0 loops=1)
   ->  Sort  (cost=19496.64..19746.64 rows=100000 width=20) (actual time=50.862..55.400 rows=100000 loops=1)
         Sort Key: s_1.a, s_1.b
         Sort Method: quicksort  Memory: 10885kB
         ->  Sort  (cost=9941.82..10191.82 rows=100000 width=20) (actual time=16.417..20.164 rows=100000 loops=1)
               Sort Key: s_1.a
               Sort Method: quicksort  Memory: 10885kB
               ->  Seq Scan on s_1  (cost=0.00..1637.00 rows=100000 width=20) (actual time=0.007..5.586 rows=100000 loops=1)
 Planning time: 0.210 ms
 Execution time: 58.468 ms
(10 rows)

===== 326 [Wed Mar  7 02:02:54 CET 2018] scale:100000 groups:1000 work_mem:128MB incremental:off max_workers:2 =====
SELECT * FROM (SELECT * FROM s_2 ORDER BY a, b) foo ORDER BY a, b, c
                                                         QUERY PLAN                                                          
-----------------------------------------------------------------------------------------------------------------------------
 Limit  (cost=20746.64..20746.64 rows=1 width=20) (actual time=52.010..52.010 rows=0 loops=1)
   ->  Sort  (cost=19496.64..19746.64 rows=100000 width=20) (actual time=46.539..49.848 rows=100000 loops=1)
         Sort Key: s_2.a, s_2.b, s_2.c
         Sort Method: quicksort  Memory: 10885kB
         ->  Sort  (cost=9941.82..10191.82 rows=100000 width=20) (actual time=17.769..21.555 rows=100000 loops=1)
               Sort Key: s_2.a, s_2.b
               Sort Method: quicksort  Memory: 10885kB
               ->  Seq Scan on s_2  (cost=0.00..1637.00 rows=100000 width=20) (actual time=0.010..5.579 rows=100000 loops=1)
 Planning time: 0.208 ms
 Execution time: 52.916 ms
(10 rows)

===== 327 [Wed Mar  7 02:02:54 CET 2018] scale:100000 groups:1000 work_mem:128MB incremental:off max_workers:2 =====
SELECT * FROM (SELECT * FROM s_3 ORDER BY a, b, c) foo ORDER BY a, b, c, d
                                                         QUERY PLAN                                                          
-----------------------------------------------------------------------------------------------------------------------------
 Limit  (cost=20746.64..20746.64 rows=1 width=20) (actual time=38.803..38.803 rows=0 loops=1)
   ->  Sort  (cost=19496.64..19746.64 rows=100000 width=20) (actual time=33.289..36.626 rows=100000 loops=1)
         Sort Key: s_3.a, s_3.b, s_3.c, s_3.d
         Sort Method: quicksort  Memory: 10885kB
         ->  Sort  (cost=9941.82..10191.82 rows=100000 width=20) (actual time=17.770..21.532 rows=100000 loops=1)
               Sort Key: s_3.a, s_3.b, s_3.c
               Sort Method: quicksort  Memory: 10885kB
               ->  Seq Scan on s_3  (cost=0.00..1637.00 rows=100000 width=20) (actual time=0.010..5.595 rows=100000 loops=1)
 Planning time: 0.212 ms
 Execution time: 39.713 ms
(10 rows)

===== 328 [Wed Mar  7 02:02:54 CET 2018] scale:100000 groups:1000 work_mem:128MB incremental:off max_workers:2 =====
SELECT * FROM (SELECT * FROM s_4 ORDER BY a, b, c, d) foo ORDER BY a, b, c, d, e
                                                         QUERY PLAN                                                          
-----------------------------------------------------------------------------------------------------------------------------
 Limit  (cost=20746.64..20746.64 rows=1 width=20) (actual time=38.887..38.887 rows=0 loops=1)
   ->  Sort  (cost=19496.64..19746.64 rows=100000 width=20) (actual time=33.386..36.705 rows=100000 loops=1)
         Sort Key: s_4.a, s_4.b, s_4.c, s_4.d, s_4.e
         Sort Method: quicksort  Memory: 10885kB
         ->  Sort  (cost=9941.82..10191.82 rows=100000 width=20) (actual time=17.850..21.614 rows=100000 loops=1)
               Sort Key: s_4.a, s_4.b, s_4.c, s_4.d
               Sort Method: quicksort  Memory: 10885kB
               ->  Seq Scan on s_4  (cost=0.00..1637.00 rows=100000 width=20) (actual time=0.007..5.602 rows=100000 loops=1)
 Planning time: 0.214 ms
 Execution time: 39.795 ms
(10 rows)

===== 329 [Wed Mar  7 02:02:55 CET 2018] scale:100000 groups:1000 work_mem:256MB incremental:on max_workers:2 =====
SELECT * FROM (SELECT * FROM s_1 ORDER BY a) foo ORDER BY a, b
                                                         QUERY PLAN                                                          
-----------------------------------------------------------------------------------------------------------------------------
 Limit  (cost=17283.05..17283.05 rows=1 width=20) (actual time=48.427..48.427 rows=0 loops=1)
   ->  Incremental Sort  (cost=9946.39..16283.05 rows=100000 width=20) (actual time=16.513..45.855 rows=100000 loops=1)
         Sort Key: s_1.a, s_1.b
         Presorted Key: s_1.a
         Sort Method: quicksort  Memory: 35kB
         Sort Groups: 1001
         ->  Sort  (cost=9941.82..10191.82 rows=100000 width=20) (actual time=16.460..20.182 rows=100000 loops=1)
               Sort Key: s_1.a
               Sort Method: quicksort  Memory: 10885kB
               ->  Seq Scan on s_1  (cost=0.00..1637.00 rows=100000 width=20) (actual time=0.007..5.571 rows=100000 loops=1)
 Planning time: 0.211 ms
 Execution time: 48.889 ms
(12 rows)

===== 330 [Wed Mar  7 02:02:55 CET 2018] scale:100000 groups:1000 work_mem:256MB incremental:on max_workers:2 =====
SELECT * FROM (SELECT * FROM s_2 ORDER BY a, b) foo ORDER BY a, b, c
                                                         QUERY PLAN                                                          
-----------------------------------------------------------------------------------------------------------------------------
 Limit  (cost=15802.78..15802.78 rows=1 width=20) (actual time=39.856..39.856 rows=0 loops=1)
   ->  Incremental Sort  (cost=9942.11..14802.78 rows=100000 width=20) (actual time=17.893..37.331 rows=100000 loops=1)
         Sort Key: s_2.a, s_2.b, s_2.c
         Presorted Key: s_2.a, s_2.b
         Sort Method: quicksort  Memory: 27kB
         Sort Groups: 3121
         ->  Sort  (cost=9941.82..10191.82 rows=100000 width=20) (actual time=17.853..22.013 rows=100000 loops=1)
               Sort Key: s_2.a, s_2.b
               Sort Method: quicksort  Memory: 10885kB
               ->  Seq Scan on s_2  (cost=0.00..1637.00 rows=100000 width=20) (actual time=0.010..5.590 rows=100000 loops=1)
 Planning time: 0.218 ms
 Execution time: 40.324 ms
(12 rows)

===== 331 [Wed Mar  7 02:02:55 CET 2018] scale:100000 groups:1000 work_mem:256MB incremental:on max_workers:2 =====
SELECT * FROM (SELECT * FROM s_3 ORDER BY a, b, c) foo ORDER BY a, b, c, d
                                                         QUERY PLAN                                                          
-----------------------------------------------------------------------------------------------------------------------------
 Limit  (cost=15802.78..15802.78 rows=1 width=20) (actual time=38.752..38.752 rows=0 loops=1)
   ->  Incremental Sort  (cost=9942.11..14802.78 rows=100000 width=20) (actual time=17.820..36.189 rows=100000 loops=1)
         Sort Key: s_3.a, s_3.b, s_3.c, s_3.d
         Presorted Key: s_3.a, s_3.b, s_3.c
         Sort Method: quicksort  Memory: 27kB
         Sort Groups: 3125
         ->  Sort  (cost=9941.82..10191.82 rows=100000 width=20) (actual time=17.775..21.837 rows=100000 loops=1)
               Sort Key: s_3.a, s_3.b, s_3.c
               Sort Method: quicksort  Memory: 10885kB
               ->  Seq Scan on s_3  (cost=0.00..1637.00 rows=100000 width=20) (actual time=0.010..5.591 rows=100000 loops=1)
 Planning time: 0.217 ms
 Execution time: 39.213 ms
(12 rows)

===== 332 [Wed Mar  7 02:02:55 CET 2018] scale:100000 groups:1000 work_mem:256MB incremental:on max_workers:2 =====
SELECT * FROM (SELECT * FROM s_4 ORDER BY a, b, c, d) foo ORDER BY a, b, c, d, e
                                                         QUERY PLAN                                                          
-----------------------------------------------------------------------------------------------------------------------------
 Limit  (cost=15802.78..15802.78 rows=1 width=20) (actual time=38.567..38.567 rows=0 loops=1)
   ->  Incremental Sort  (cost=9942.11..14802.78 rows=100000 width=20) (actual time=17.867..36.325 rows=100000 loops=1)
         Sort Key: s_4.a, s_4.b, s_4.c, s_4.d, s_4.e
         Presorted Key: s_4.a, s_4.b, s_4.c, s_4.d
         Sort Method: quicksort  Memory: 27kB
         Sort Groups: 3125
         ->  Sort  (cost=9941.82..10191.82 rows=100000 width=20) (actual time=17.823..21.986 rows=100000 loops=1)
               Sort Key: s_4.a, s_4.b, s_4.c, s_4.d
               Sort Method: quicksort  Memory: 10885kB
               ->  Seq Scan on s_4  (cost=0.00..1637.00 rows=100000 width=20) (actual time=0.007..5.592 rows=100000 loops=1)
 Planning time: 0.226 ms
 Execution time: 39.040 ms
(12 rows)

===== 333 [Wed Mar  7 02:02:56 CET 2018] scale:100000 groups:1000 work_mem:256MB incremental:off max_workers:2 =====
SELECT * FROM (SELECT * FROM s_1 ORDER BY a) foo ORDER BY a, b
                                                         QUERY PLAN                                                          
-----------------------------------------------------------------------------------------------------------------------------
 Limit  (cost=20746.64..20746.64 rows=1 width=20) (actual time=57.591..57.591 rows=0 loops=1)
   ->  Sort  (cost=19496.64..19746.64 rows=100000 width=20) (actual time=50.831..55.429 rows=100000 loops=1)
         Sort Key: s_1.a, s_1.b
         Sort Method: quicksort  Memory: 10885kB
         ->  Sort  (cost=9941.82..10191.82 rows=100000 width=20) (actual time=16.382..20.140 rows=100000 loops=1)
               Sort Key: s_1.a
               Sort Method: quicksort  Memory: 10885kB
               ->  Seq Scan on s_1  (cost=0.00..1637.00 rows=100000 width=20) (actual time=0.007..5.597 rows=100000 loops=1)
 Planning time: 0.203 ms
 Execution time: 58.495 ms
(10 rows)

===== 334 [Wed Mar  7 02:02:56 CET 2018] scale:100000 groups:1000 work_mem:256MB incremental:off max_workers:2 =====
SELECT * FROM (SELECT * FROM s_2 ORDER BY a, b) foo ORDER BY a, b, c
                                                         QUERY PLAN                                                          
-----------------------------------------------------------------------------------------------------------------------------
 Limit  (cost=20746.64..20746.64 rows=1 width=20) (actual time=51.949..51.949 rows=0 loops=1)
   ->  Sort  (cost=19496.64..19746.64 rows=100000 width=20) (actual time=46.490..49.778 rows=100000 loops=1)
         Sort Key: s_2.a, s_2.b, s_2.c
         Sort Method: quicksort  Memory: 10885kB
         ->  Sort  (cost=9941.82..10191.82 rows=100000 width=20) (actual time=17.760..21.519 rows=100000 loops=1)
               Sort Key: s_2.a, s_2.b
               Sort Method: quicksort  Memory: 10885kB
               ->  Seq Scan on s_2  (cost=0.00..1637.00 rows=100000 width=20) (actual time=0.010..5.599 rows=100000 loops=1)
 Planning time: 0.208 ms
 Execution time: 52.852 ms
(10 rows)

===== 335 [Wed Mar  7 02:02:56 CET 2018] scale:100000 groups:1000 work_mem:256MB incremental:off max_workers:2 =====
SELECT * FROM (SELECT * FROM s_3 ORDER BY a, b, c) foo ORDER BY a, b, c, d
                                                         QUERY PLAN                                                          
-----------------------------------------------------------------------------------------------------------------------------
 Limit  (cost=20746.64..20746.64 rows=1 width=20) (actual time=38.843..38.843 rows=0 loops=1)
   ->  Sort  (cost=19496.64..19746.64 rows=100000 width=20) (actual time=33.331..36.670 rows=100000 loops=1)
         Sort Key: s_3.a, s_3.b, s_3.c, s_3.d
         Sort Method: quicksort  Memory: 10885kB
         ->  Sort  (cost=9941.82..10191.82 rows=100000 width=20) (actual time=17.774..21.547 rows=100000 loops=1)
               Sort Key: s_3.a, s_3.b, s_3.c
               Sort Method: quicksort  Memory: 10885kB
               ->  Seq Scan on s_3  (cost=0.00..1637.00 rows=100000 width=20) (actual time=0.010..5.593 rows=100000 loops=1)
 Planning time: 0.212 ms
 Execution time: 39.752 ms
(10 rows)

===== 336 [Wed Mar  7 02:02:57 CET 2018] scale:100000 groups:1000 work_mem:256MB incremental:off max_workers:2 =====
SELECT * FROM (SELECT * FROM s_4 ORDER BY a, b, c, d) foo ORDER BY a, b, c, d, e
                                                         QUERY PLAN                                                          
-----------------------------------------------------------------------------------------------------------------------------
 Limit  (cost=20746.64..20746.64 rows=1 width=20) (actual time=38.930..38.930 rows=0 loops=1)
   ->  Sort  (cost=19496.64..19746.64 rows=100000 width=20) (actual time=33.410..36.738 rows=100000 loops=1)
         Sort Key: s_4.a, s_4.b, s_4.c, s_4.d, s_4.e
         Sort Method: quicksort  Memory: 10885kB
         ->  Sort  (cost=9941.82..10191.82 rows=100000 width=20) (actual time=17.853..21.620 rows=100000 loops=1)
               Sort Key: s_4.a, s_4.b, s_4.c, s_4.d
               Sort Method: quicksort  Memory: 10885kB
               ->  Seq Scan on s_4  (cost=0.00..1637.00 rows=100000 width=20) (actual time=0.006..5.623 rows=100000 loops=1)
 Planning time: 0.214 ms
 Execution time: 39.840 ms
(10 rows)

===== 337 [Wed Mar  7 02:02:58 CET 2018] scale:100000 groups:10000 work_mem:4MB incremental:on max_workers:0 =====
SELECT * FROM (SELECT * FROM s_1 ORDER BY a) foo ORDER BY a, b
                                                         QUERY PLAN                                                          
-----------------------------------------------------------------------------------------------------------------------------
 Limit  (cost=17862.22..17862.22 rows=1 width=20) (actual time=51.670..51.670 rows=0 loops=1)
   ->  Incremental Sort  (cost=11993.12..16862.22 rows=100000 width=20) (actual time=21.126..49.106 rows=100000 loops=1)
         Sort Key: s_1.a, s_1.b
         Presorted Key: s_1.a
         Sort Method: quicksort  Memory: 29kB
         Sort Groups: 2706
         ->  Sort  (cost=11992.82..12242.82 rows=100000 width=20) (actual time=21.080..29.724 rows=100000 loops=1)
               Sort Key: s_1.a
               Sort Method: external merge  Disk: 2936kB
               ->  Seq Scan on s_1  (cost=0.00..1637.00 rows=100000 width=20) (actual time=0.007..5.434 rows=100000 loops=1)
 Planning time: 0.207 ms
 Execution time: 52.248 ms
(12 rows)

===== 338 [Wed Mar  7 02:02:58 CET 2018] scale:100000 groups:10000 work_mem:4MB incremental:on max_workers:0 =====
SELECT * FROM (SELECT * FROM s_2 ORDER BY a, b) foo ORDER BY a, b, c
                                                         QUERY PLAN                                                          
-----------------------------------------------------------------------------------------------------------------------------
 Limit  (cost=17853.78..17853.78 rows=1 width=20) (actual time=45.307..45.307 rows=0 loops=1)
   ->  Incremental Sort  (cost=11993.11..16853.78 rows=100000 width=20) (actual time=22.345..42.798 rows=100000 loops=1)
         Sort Key: s_2.a, s_2.b, s_2.c
         Presorted Key: s_2.a, s_2.b
         Sort Method: quicksort  Memory: 27kB
         Sort Groups: 3125
         ->  Sort  (cost=11992.82..12242.82 rows=100000 width=20) (actual time=22.303..31.051 rows=100000 loops=1)
               Sort Key: s_2.a, s_2.b
               Sort Method: external merge  Disk: 2936kB
               ->  Seq Scan on s_2  (cost=0.00..1637.00 rows=100000 width=20) (actual time=0.012..5.461 rows=100000 loops=1)
 Planning time: 0.218 ms
 Execution time: 45.875 ms
(12 rows)

===== 339 [Wed Mar  7 02:02:59 CET 2018] scale:100000 groups:10000 work_mem:4MB incremental:on max_workers:0 =====
SELECT * FROM (SELECT * FROM s_3 ORDER BY a, b, c) foo ORDER BY a, b, c, d
                                                         QUERY PLAN                                                          
-----------------------------------------------------------------------------------------------------------------------------
 Limit  (cost=17853.78..17853.78 rows=1 width=20) (actual time=46.325..46.325 rows=0 loops=1)
   ->  Incremental Sort  (cost=11993.11..16853.78 rows=100000 width=20) (actual time=22.369..43.787 rows=100000 loops=1)
         Sort Key: s_3.a, s_3.b, s_3.c, s_3.d
         Presorted Key: s_3.a, s_3.b, s_3.c
         Sort Method: quicksort  Memory: 27kB
         Sort Groups: 3125
         ->  Sort  (cost=11992.82..12242.82 rows=100000 width=20) (actual time=22.323..31.078 rows=100000 loops=1)
               Sort Key: s_3.a, s_3.b, s_3.c
               Sort Method: external merge  Disk: 2936kB
               ->  Seq Scan on s_3  (cost=0.00..1637.00 rows=100000 width=20) (actual time=0.010..5.474 rows=100000 loops=1)
 Planning time: 0.214 ms
 Execution time: 46.895 ms
(12 rows)

===== 340 [Wed Mar  7 02:02:59 CET 2018] scale:100000 groups:10000 work_mem:4MB incremental:on max_workers:0 =====
SELECT * FROM (SELECT * FROM s_4 ORDER BY a, b, c, d) foo ORDER BY a, b, c, d, e
                                                         QUERY PLAN                                                          
-----------------------------------------------------------------------------------------------------------------------------
 Limit  (cost=17853.78..17853.78 rows=1 width=20) (actual time=45.461..45.461 rows=0 loops=1)
   ->  Incremental Sort  (cost=11993.11..16853.78 rows=100000 width=20) (actual time=22.299..43.200 rows=100000 loops=1)
         Sort Key: s_4.a, s_4.b, s_4.c, s_4.d, s_4.e
         Presorted Key: s_4.a, s_4.b, s_4.c, s_4.d
         Sort Method: quicksort  Memory: 27kB
         Sort Groups: 3125
         ->  Sort  (cost=11992.82..12242.82 rows=100000 width=20) (actual time=22.256..31.024 rows=100000 loops=1)
               Sort Key: s_4.a, s_4.b, s_4.c, s_4.d
               Sort Method: external merge  Disk: 2936kB
               ->  Seq Scan on s_4  (cost=0.00..1637.00 rows=100000 width=20) (actual time=0.006..5.470 rows=100000 loops=1)
 Planning time: 0.225 ms
 Execution time: 46.030 ms
(12 rows)

===== 341 [Wed Mar  7 02:02:59 CET 2018] scale:100000 groups:10000 work_mem:4MB incremental:off max_workers:0 =====
SELECT * FROM (SELECT * FROM s_1 ORDER BY a) foo ORDER BY a, b
                                                         QUERY PLAN                                                          
-----------------------------------------------------------------------------------------------------------------------------
 Limit  (cost=24848.64..24848.64 rows=1 width=20) (actual time=66.798..66.798 rows=0 loops=1)
   ->  Sort  (cost=23598.64..23848.64 rows=100000 width=20) (actual time=57.391..64.613 rows=100000 loops=1)
         Sort Key: s_1.a, s_1.b
         Sort Method: external merge  Disk: 2936kB
         ->  Sort  (cost=11992.82..12242.82 rows=100000 width=20) (actual time=21.085..29.438 rows=100000 loops=1)
               Sort Key: s_1.a
               Sort Method: external merge  Disk: 2936kB
               ->  Seq Scan on s_1  (cost=0.00..1637.00 rows=100000 width=20) (actual time=0.007..5.462 rows=100000 loops=1)
 Planning time: 0.203 ms
 Execution time: 67.776 ms
(10 rows)

===== 342 [Wed Mar  7 02:03:00 CET 2018] scale:100000 groups:10000 work_mem:4MB incremental:off max_workers:0 =====
SELECT * FROM (SELECT * FROM s_2 ORDER BY a, b) foo ORDER BY a, b, c
                                                         QUERY PLAN                                                          
-----------------------------------------------------------------------------------------------------------------------------
 Limit  (cost=24848.64..24848.64 rows=1 width=20) (actual time=59.288..59.288 rows=0 loops=1)
   ->  Sort  (cost=23598.64..23848.64 rows=100000 width=20) (actual time=49.859..57.103 rows=100000 loops=1)
         Sort Key: s_2.a, s_2.b, s_2.c
         Sort Method: external merge  Disk: 2936kB
         ->  Sort  (cost=11992.82..12242.82 rows=100000 width=20) (actual time=22.186..30.532 rows=100000 loops=1)
               Sort Key: s_2.a, s_2.b
               Sort Method: external merge  Disk: 2936kB
               ->  Seq Scan on s_2  (cost=0.00..1637.00 rows=100000 width=20) (actual time=0.012..5.454 rows=100000 loops=1)
 Planning time: 0.211 ms
 Execution time: 60.229 ms
(10 rows)

===== 343 [Wed Mar  7 02:03:00 CET 2018] scale:100000 groups:10000 work_mem:4MB incremental:off max_workers:0 =====
SELECT * FROM (SELECT * FROM s_3 ORDER BY a, b, c) foo ORDER BY a, b, c, d
                                                         QUERY PLAN                                                          
-----------------------------------------------------------------------------------------------------------------------------
 Limit  (cost=24848.64..24848.64 rows=1 width=20) (actual time=54.559..54.559 rows=0 loops=1)
   ->  Sort  (cost=23598.64..23848.64 rows=100000 width=20) (actual time=45.130..52.380 rows=100000 loops=1)
         Sort Key: s_3.a, s_3.b, s_3.c, s_3.d
         Sort Method: external merge  Disk: 2936kB
         ->  Sort  (cost=11992.82..12242.82 rows=100000 width=20) (actual time=22.225..30.576 rows=100000 loops=1)
               Sort Key: s_3.a, s_3.b, s_3.c
               Sort Method: external merge  Disk: 2936kB
               ->  Seq Scan on s_3  (cost=0.00..1637.00 rows=100000 width=20) (actual time=0.010..5.473 rows=100000 loops=1)
 Planning time: 0.206 ms
 Execution time: 55.322 ms
(10 rows)

===== 344 [Wed Mar  7 02:03:00 CET 2018] scale:100000 groups:10000 work_mem:4MB incremental:off max_workers:0 =====
SELECT * FROM (SELECT * FROM s_4 ORDER BY a, b, c, d) foo ORDER BY a, b, c, d, e
                                                         QUERY PLAN                                                          
-----------------------------------------------------------------------------------------------------------------------------
 Limit  (cost=24848.64..24848.64 rows=1 width=20) (actual time=54.644..54.644 rows=0 loops=1)
   ->  Sort  (cost=23598.64..23848.64 rows=100000 width=20) (actual time=45.065..52.465 rows=100000 loops=1)
         Sort Key: s_4.a, s_4.b, s_4.c, s_4.d, s_4.e
         Sort Method: external merge  Disk: 2936kB
         ->  Sort  (cost=11992.82..12242.82 rows=100000 width=20) (actual time=22.232..30.564 rows=100000 loops=1)
               Sort Key: s_4.a, s_4.b, s_4.c, s_4.d
               Sort Method: external merge  Disk: 2936kB
               ->  Seq Scan on s_4  (cost=0.00..1637.00 rows=100000 width=20) (actual time=0.007..5.462 rows=100000 loops=1)
 Planning time: 0.219 ms
 Execution time: 55.600 ms
(10 rows)

===== 345 [Wed Mar  7 02:03:01 CET 2018] scale:100000 groups:10000 work_mem:8MB incremental:on max_workers:0 =====
SELECT * FROM (SELECT * FROM s_1 ORDER BY a) foo ORDER BY a, b
                                                         QUERY PLAN                                                          
-----------------------------------------------------------------------------------------------------------------------------
 Limit  (cost=15811.22..15811.22 rows=1 width=20) (actual time=53.988..53.988 rows=0 loops=1)
   ->  Incremental Sort  (cost=9942.12..14811.22 rows=100000 width=20) (actual time=22.655..51.432 rows=100000 loops=1)
         Sort Key: s_1.a, s_1.b
         Presorted Key: s_1.a
         Sort Method: quicksort  Memory: 29kB
         Sort Groups: 2706
         ->  Sort  (cost=9941.82..10191.82 rows=100000 width=20) (actual time=22.607..31.327 rows=100000 loops=1)
               Sort Key: s_1.a
               Sort Method: external merge  Disk: 2936kB
               ->  Seq Scan on s_1  (cost=0.00..1637.00 rows=100000 width=20) (actual time=0.007..5.549 rows=100000 loops=1)
 Planning time: 0.204 ms
 Execution time: 54.406 ms
(12 rows)

===== 346 [Wed Mar  7 02:03:01 CET 2018] scale:100000 groups:10000 work_mem:8MB incremental:on max_workers:0 =====
SELECT * FROM (SELECT * FROM s_2 ORDER BY a, b) foo ORDER BY a, b, c
                                                         QUERY PLAN                                                          
-----------------------------------------------------------------------------------------------------------------------------
 Limit  (cost=15802.78..15802.78 rows=1 width=20) (actual time=47.682..47.682 rows=0 loops=1)
   ->  Incremental Sort  (cost=9942.11..14802.78 rows=100000 width=20) (actual time=24.021..45.178 rows=100000 loops=1)
         Sort Key: s_2.a, s_2.b, s_2.c
         Presorted Key: s_2.a, s_2.b
         Sort Method: quicksort  Memory: 27kB
         Sort Groups: 3125
         ->  Sort  (cost=9941.82..10191.82 rows=100000 width=20) (actual time=23.980..32.714 rows=100000 loops=1)
               Sort Key: s_2.a, s_2.b
               Sort Method: external merge  Disk: 2936kB
               ->  Seq Scan on s_2  (cost=0.00..1637.00 rows=100000 width=20) (actual time=0.012..5.577 rows=100000 loops=1)
 Planning time: 0.213 ms
 Execution time: 48.098 ms
(12 rows)

===== 347 [Wed Mar  7 02:03:01 CET 2018] scale:100000 groups:10000 work_mem:8MB incremental:on max_workers:0 =====
SELECT * FROM (SELECT * FROM s_3 ORDER BY a, b, c) foo ORDER BY a, b, c, d
                                                         QUERY PLAN                                                          
-----------------------------------------------------------------------------------------------------------------------------
 Limit  (cost=15802.78..15802.78 rows=1 width=20) (actual time=48.052..48.052 rows=0 loops=1)
   ->  Incremental Sort  (cost=9942.11..14802.78 rows=100000 width=20) (actual time=23.907..45.499 rows=100000 loops=1)
         Sort Key: s_3.a, s_3.b, s_3.c, s_3.d
         Presorted Key: s_3.a, s_3.b, s_3.c
         Sort Method: quicksort  Memory: 27kB
         Sort Groups: 3125
         ->  Sort  (cost=9941.82..10191.82 rows=100000 width=20) (actual time=23.865..32.466 rows=100000 loops=1)
               Sort Key: s_3.a, s_3.b, s_3.c
               Sort Method: external merge  Disk: 2936kB
               ->  Seq Scan on s_3  (cost=0.00..1637.00 rows=100000 width=20) (actual time=0.010..5.579 rows=100000 loops=1)
 Planning time: 0.214 ms
 Execution time: 48.479 ms
(12 rows)

===== 348 [Wed Mar  7 02:03:02 CET 2018] scale:100000 groups:10000 work_mem:8MB incremental:on max_workers:0 =====
SELECT * FROM (SELECT * FROM s_4 ORDER BY a, b, c, d) foo ORDER BY a, b, c, d, e
                                                         QUERY PLAN                                                          
-----------------------------------------------------------------------------------------------------------------------------
 Limit  (cost=15802.78..15802.78 rows=1 width=20) (actual time=47.094..47.094 rows=0 loops=1)
   ->  Incremental Sort  (cost=9942.11..14802.78 rows=100000 width=20) (actual time=24.000..44.841 rows=100000 loops=1)
         Sort Key: s_4.a, s_4.b, s_4.c, s_4.d, s_4.e
         Presorted Key: s_4.a, s_4.b, s_4.c, s_4.d
         Sort Method: quicksort  Memory: 27kB
         Sort Groups: 3125
         ->  Sort  (cost=9941.82..10191.82 rows=100000 width=20) (actual time=23.957..32.612 rows=100000 loops=1)
               Sort Key: s_4.a, s_4.b, s_4.c, s_4.d
               Sort Method: external merge  Disk: 2936kB
               ->  Seq Scan on s_4  (cost=0.00..1637.00 rows=100000 width=20) (actual time=0.006..5.579 rows=100000 loops=1)
 Planning time: 0.223 ms
 Execution time: 47.503 ms
(12 rows)

===== 349 [Wed Mar  7 02:03:02 CET 2018] scale:100000 groups:10000 work_mem:8MB incremental:off max_workers:0 =====
SELECT * FROM (SELECT * FROM s_1 ORDER BY a) foo ORDER BY a, b
                                                         QUERY PLAN                                                          
-----------------------------------------------------------------------------------------------------------------------------
 Limit  (cost=20746.64..20746.64 rows=1 width=20) (actual time=72.051..72.051 rows=0 loops=1)
   ->  Sort  (cost=19496.64..19746.64 rows=100000 width=20) (actual time=62.704..69.851 rows=100000 loops=1)
         Sort Key: s_1.a, s_1.b
         Sort Method: external merge  Disk: 2936kB
         ->  Sort  (cost=9941.82..10191.82 rows=100000 width=20) (actual time=22.554..30.930 rows=100000 loops=1)
               Sort Key: s_1.a
               Sort Method: external merge  Disk: 2936kB
               ->  Seq Scan on s_1  (cost=0.00..1637.00 rows=100000 width=20) (actual time=0.007..5.564 rows=100000 loops=1)
 Planning time: 0.208 ms
 Execution time: 72.812 ms
(10 rows)

===== 350 [Wed Mar  7 02:03:02 CET 2018] scale:100000 groups:10000 work_mem:8MB incremental:off max_workers:0 =====
SELECT * FROM (SELECT * FROM s_2 ORDER BY a, b) foo ORDER BY a, b, c
                                                         QUERY PLAN                                                          
-----------------------------------------------------------------------------------------------------------------------------
 Limit  (cost=20746.64..20746.64 rows=1 width=20) (actual time=64.577..64.577 rows=0 loops=1)
   ->  Sort  (cost=19496.64..19746.64 rows=100000 width=20) (actual time=55.265..62.378 rows=100000 loops=1)
         Sort Key: s_2.a, s_2.b, s_2.c
         Sort Method: external merge  Disk: 2936kB
         ->  Sort  (cost=9941.82..10191.82 rows=100000 width=20) (actual time=23.899..32.282 rows=100000 loops=1)
               Sort Key: s_2.a, s_2.b
               Sort Method: external merge  Disk: 2936kB
               ->  Seq Scan on s_2  (cost=0.00..1637.00 rows=100000 width=20) (actual time=0.013..5.593 rows=100000 loops=1)
 Planning time: 0.206 ms
 Execution time: 65.368 ms
(10 rows)

===== 351 [Wed Mar  7 02:03:03 CET 2018] scale:100000 groups:10000 work_mem:8MB incremental:off max_workers:0 =====
SELECT * FROM (SELECT * FROM s_3 ORDER BY a, b, c) foo ORDER BY a, b, c, d
                                                         QUERY PLAN                                                          
-----------------------------------------------------------------------------------------------------------------------------
 Limit  (cost=20746.64..20746.64 rows=1 width=20) (actual time=59.091..59.091 rows=0 loops=1)
   ->  Sort  (cost=19496.64..19746.64 rows=100000 width=20) (actual time=49.775..56.891 rows=100000 loops=1)
         Sort Key: s_3.a, s_3.b, s_3.c, s_3.d
         Sort Method: external merge  Disk: 2936kB
         ->  Sort  (cost=9941.82..10191.82 rows=100000 width=20) (actual time=23.863..32.256 rows=100000 loops=1)
               Sort Key: s_3.a, s_3.b, s_3.c
               Sort Method: external merge  Disk: 2936kB
               ->  Seq Scan on s_3  (cost=0.00..1637.00 rows=100000 width=20) (actual time=0.011..5.586 rows=100000 loops=1)
 Planning time: 0.206 ms
 Execution time: 59.863 ms
(10 rows)

===== 352 [Wed Mar  7 02:03:03 CET 2018] scale:100000 groups:10000 work_mem:8MB incremental:off max_workers:0 =====
SELECT * FROM (SELECT * FROM s_4 ORDER BY a, b, c, d) foo ORDER BY a, b, c, d, e
                                                         QUERY PLAN                                                          
-----------------------------------------------------------------------------------------------------------------------------
 Limit  (cost=20746.64..20746.64 rows=1 width=20) (actual time=58.787..58.787 rows=0 loops=1)
   ->  Sort  (cost=19496.64..19746.64 rows=100000 width=20) (actual time=49.506..56.599 rows=100000 loops=1)
         Sort Key: s_4.a, s_4.b, s_4.c, s_4.d, s_4.e
         Sort Method: external merge  Disk: 2936kB
         ->  Sort  (cost=9941.82..10191.82 rows=100000 width=20) (actual time=23.899..32.155 rows=100000 loops=1)
               Sort Key: s_4.a, s_4.b, s_4.c, s_4.d
               Sort Method: external merge  Disk: 2936kB
               ->  Seq Scan on s_4  (cost=0.00..1637.00 rows=100000 width=20) (actual time=0.007..5.585 rows=100000 loops=1)
 Planning time: 0.216 ms
 Execution time: 59.556 ms
(10 rows)

===== 353 [Wed Mar  7 02:03:04 CET 2018] scale:100000 groups:10000 work_mem:16MB incremental:on max_workers:0 =====
SELECT * FROM (SELECT * FROM s_1 ORDER BY a) foo ORDER BY a, b
                                                         QUERY PLAN                                                          
-----------------------------------------------------------------------------------------------------------------------------
 Limit  (cost=15811.22..15811.22 rows=1 width=20) (actual time=43.112..43.112 rows=0 loops=1)
   ->  Incremental Sort  (cost=9942.12..14811.22 rows=100000 width=20) (actual time=16.499..40.556 rows=100000 loops=1)
         Sort Key: s_1.a, s_1.b
         Presorted Key: s_1.a
         Sort Method: quicksort  Memory: 29kB
         Sort Groups: 2706
         ->  Sort  (cost=9941.82..10191.82 rows=100000 width=20) (actual time=16.453..20.519 rows=100000 loops=1)
               Sort Key: s_1.a
               Sort Method: quicksort  Memory: 10885kB
               ->  Seq Scan on s_1  (cost=0.00..1637.00 rows=100000 width=20) (actual time=0.007..5.580 rows=100000 loops=1)
 Planning time: 0.207 ms
 Execution time: 43.579 ms
(12 rows)

===== 354 [Wed Mar  7 02:03:04 CET 2018] scale:100000 groups:10000 work_mem:16MB incremental:on max_workers:0 =====
SELECT * FROM (SELECT * FROM s_2 ORDER BY a, b) foo ORDER BY a, b, c
                                                         QUERY PLAN                                                          
-----------------------------------------------------------------------------------------------------------------------------
 Limit  (cost=15802.78..15802.78 rows=1 width=20) (actual time=36.814..36.814 rows=0 loops=1)
   ->  Incremental Sort  (cost=9942.11..14802.78 rows=100000 width=20) (actual time=17.847..34.305 rows=100000 loops=1)
         Sort Key: s_2.a, s_2.b, s_2.c
         Presorted Key: s_2.a, s_2.b
         Sort Method: quicksort  Memory: 27kB
         Sort Groups: 3125
         ->  Sort  (cost=9941.82..10191.82 rows=100000 width=20) (actual time=17.806..21.954 rows=100000 loops=1)
               Sort Key: s_2.a, s_2.b
               Sort Method: quicksort  Memory: 10885kB
               ->  Seq Scan on s_2  (cost=0.00..1637.00 rows=100000 width=20) (actual time=0.013..5.600 rows=100000 loops=1)
 Planning time: 0.215 ms
 Execution time: 37.290 ms
(12 rows)

===== 355 [Wed Mar  7 02:03:04 CET 2018] scale:100000 groups:10000 work_mem:16MB incremental:on max_workers:0 =====
SELECT * FROM (SELECT * FROM s_3 ORDER BY a, b, c) foo ORDER BY a, b, c, d
                                                         QUERY PLAN                                                          
-----------------------------------------------------------------------------------------------------------------------------
 Limit  (cost=15802.78..15802.78 rows=1 width=20) (actual time=38.580..38.580 rows=0 loops=1)
   ->  Incremental Sort  (cost=9942.11..14802.78 rows=100000 width=20) (actual time=17.760..36.025 rows=100000 loops=1)
         Sort Key: s_3.a, s_3.b, s_3.c, s_3.d
         Presorted Key: s_3.a, s_3.b, s_3.c
         Sort Method: quicksort  Memory: 27kB
         Sort Groups: 3125
         ->  Sort  (cost=9941.82..10191.82 rows=100000 width=20) (actual time=17.718..21.782 rows=100000 loops=1)
               Sort Key: s_3.a, s_3.b, s_3.c
               Sort Method: quicksort  Memory: 10885kB
               ->  Seq Scan on s_3  (cost=0.00..1637.00 rows=100000 width=20) (actual time=0.011..5.621 rows=100000 loops=1)
 Planning time: 0.217 ms
 Execution time: 39.043 ms
(12 rows)

===== 356 [Wed Mar  7 02:03:04 CET 2018] scale:100000 groups:10000 work_mem:16MB incremental:on max_workers:0 =====
SELECT * FROM (SELECT * FROM s_4 ORDER BY a, b, c, d) foo ORDER BY a, b, c, d, e
                                                         QUERY PLAN                                                          
-----------------------------------------------------------------------------------------------------------------------------
 Limit  (cost=15802.78..15802.78 rows=1 width=20) (actual time=38.307..38.307 rows=0 loops=1)
   ->  Incremental Sort  (cost=9942.11..14802.78 rows=100000 width=20) (actual time=17.693..36.066 rows=100000 loops=1)
         Sort Key: s_4.a, s_4.b, s_4.c, s_4.d, s_4.e
         Presorted Key: s_4.a, s_4.b, s_4.c, s_4.d
         Sort Method: quicksort  Memory: 27kB
         Sort Groups: 3125
         ->  Sort  (cost=9941.82..10191.82 rows=100000 width=20) (actual time=17.650..21.833 rows=100000 loops=1)
               Sort Key: s_4.a, s_4.b, s_4.c, s_4.d
               Sort Method: quicksort  Memory: 10885kB
               ->  Seq Scan on s_4  (cost=0.00..1637.00 rows=100000 width=20) (actual time=0.006..5.584 rows=100000 loops=1)
 Planning time: 0.229 ms
 Execution time: 38.784 ms
(12 rows)

===== 357 [Wed Mar  7 02:03:04 CET 2018] scale:100000 groups:10000 work_mem:16MB incremental:off max_workers:0 =====
SELECT * FROM (SELECT * FROM s_1 ORDER BY a) foo ORDER BY a, b
                                                         QUERY PLAN                                                          
-----------------------------------------------------------------------------------------------------------------------------
 Limit  (cost=20746.64..20746.64 rows=1 width=20) (actual time=52.391..52.391 rows=0 loops=1)
   ->  Sort  (cost=19496.64..19746.64 rows=100000 width=20) (actual time=46.533..50.213 rows=100000 loops=1)
         Sort Key: s_1.a, s_1.b
         Sort Method: quicksort  Memory: 10885kB
         ->  Sort  (cost=9941.82..10191.82 rows=100000 width=20) (actual time=16.359..20.096 rows=100000 loops=1)
               Sort Key: s_1.a
               Sort Method: quicksort  Memory: 10885kB
               ->  Seq Scan on s_1  (cost=0.00..1637.00 rows=100000 width=20) (actual time=0.007..5.593 rows=100000 loops=1)
 Planning time: 0.216 ms
 Execution time: 53.301 ms
(10 rows)

===== 358 [Wed Mar  7 02:03:05 CET 2018] scale:100000 groups:10000 work_mem:16MB incremental:off max_workers:0 =====
SELECT * FROM (SELECT * FROM s_2 ORDER BY a, b) foo ORDER BY a, b, c
                                                         QUERY PLAN                                                          
-----------------------------------------------------------------------------------------------------------------------------
 Limit  (cost=20746.64..20746.64 rows=1 width=20) (actual time=44.559..44.559 rows=0 loops=1)
   ->  Sort  (cost=19496.64..19746.64 rows=100000 width=20) (actual time=39.123..42.387 rows=100000 loops=1)
         Sort Key: s_2.a, s_2.b, s_2.c
         Sort Method: quicksort  Memory: 10885kB
         ->  Sort  (cost=9941.82..10191.82 rows=100000 width=20) (actual time=17.693..21.471 rows=100000 loops=1)
               Sort Key: s_2.a, s_2.b
               Sort Method: quicksort  Memory: 10885kB
               ->  Seq Scan on s_2  (cost=0.00..1637.00 rows=100000 width=20) (actual time=0.021..5.616 rows=100000 loops=1)
 Planning time: 0.205 ms
 Execution time: 45.466 ms
(10 rows)

===== 359 [Wed Mar  7 02:03:05 CET 2018] scale:100000 groups:10000 work_mem:16MB incremental:off max_workers:0 =====
SELECT * FROM (SELECT * FROM s_3 ORDER BY a, b, c) foo ORDER BY a, b, c, d
                                                         QUERY PLAN                                                          
-----------------------------------------------------------------------------------------------------------------------------
 Limit  (cost=20746.64..20746.64 rows=1 width=20) (actual time=38.604..38.604 rows=0 loops=1)
   ->  Sort  (cost=19496.64..19746.64 rows=100000 width=20) (actual time=33.088..36.431 rows=100000 loops=1)
         Sort Key: s_3.a, s_3.b, s_3.c, s_3.d
         Sort Method: quicksort  Memory: 10885kB
         ->  Sort  (cost=9941.82..10191.82 rows=100000 width=20) (actual time=17.672..21.425 rows=100000 loops=1)
               Sort Key: s_3.a, s_3.b, s_3.c
               Sort Method: quicksort  Memory: 10885kB
               ->  Seq Scan on s_3  (cost=0.00..1637.00 rows=100000 width=20) (actual time=0.010..5.593 rows=100000 loops=1)
 Planning time: 0.205 ms
 Execution time: 39.514 ms
(10 rows)

===== 360 [Wed Mar  7 02:03:05 CET 2018] scale:100000 groups:10000 work_mem:16MB incremental:off max_workers:0 =====
SELECT * FROM (SELECT * FROM s_4 ORDER BY a, b, c, d) foo ORDER BY a, b, c, d, e
                                                         QUERY PLAN                                                          
-----------------------------------------------------------------------------------------------------------------------------
 Limit  (cost=20746.64..20746.64 rows=1 width=20) (actual time=38.706..38.706 rows=0 loops=1)
   ->  Sort  (cost=19496.64..19746.64 rows=100000 width=20) (actual time=33.194..36.511 rows=100000 loops=1)
         Sort Key: s_4.a, s_4.b, s_4.c, s_4.d, s_4.e
         Sort Method: quicksort  Memory: 10885kB
         ->  Sort  (cost=9941.82..10191.82 rows=100000 width=20) (actual time=17.747..21.528 rows=100000 loops=1)
               Sort Key: s_4.a, s_4.b, s_4.c, s_4.d
               Sort Method: quicksort  Memory: 10885kB
               ->  Seq Scan on s_4  (cost=0.00..1637.00 rows=100000 width=20) (actual time=0.007..5.603 rows=100000 loops=1)
 Planning time: 0.216 ms
 Execution time: 39.612 ms
(10 rows)

===== 361 [Wed Mar  7 02:03:06 CET 2018] scale:100000 groups:10000 work_mem:32MB incremental:on max_workers:0 =====
SELECT * FROM (SELECT * FROM s_1 ORDER BY a) foo ORDER BY a, b
                                                         QUERY PLAN                                                          
-----------------------------------------------------------------------------------------------------------------------------
 Limit  (cost=15811.22..15811.22 rows=1 width=20) (actual time=41.689..41.689 rows=0 loops=1)
   ->  Incremental Sort  (cost=9942.12..14811.22 rows=100000 width=20) (actual time=16.496..39.502 rows=100000 loops=1)
         Sort Key: s_1.a, s_1.b
         Presorted Key: s_1.a
         Sort Method: quicksort  Memory: 29kB
         Sort Groups: 2706
         ->  Sort  (cost=9941.82..10191.82 rows=100000 width=20) (actual time=16.449..20.527 rows=100000 loops=1)
               Sort Key: s_1.a
               Sort Method: quicksort  Memory: 10885kB
               ->  Seq Scan on s_1  (cost=0.00..1637.00 rows=100000 width=20) (actual time=0.007..5.601 rows=100000 loops=1)
 Planning time: 0.205 ms
 Execution time: 42.150 ms
(12 rows)

===== 362 [Wed Mar  7 02:03:06 CET 2018] scale:100000 groups:10000 work_mem:32MB incremental:on max_workers:0 =====
SELECT * FROM (SELECT * FROM s_2 ORDER BY a, b) foo ORDER BY a, b, c
                                                         QUERY PLAN                                                          
-----------------------------------------------------------------------------------------------------------------------------
 Limit  (cost=15802.78..15802.78 rows=1 width=20) (actual time=36.057..36.057 rows=0 loops=1)
   ->  Incremental Sort  (cost=9942.11..14802.78 rows=100000 width=20) (actual time=17.709..33.881 rows=100000 loops=1)
         Sort Key: s_2.a, s_2.b, s_2.c
         Presorted Key: s_2.a, s_2.b
         Sort Method: quicksort  Memory: 27kB
         Sort Groups: 3125
         ->  Sort  (cost=9941.82..10191.82 rows=100000 width=20) (actual time=17.661..21.816 rows=100000 loops=1)
               Sort Key: s_2.a, s_2.b
               Sort Method: quicksort  Memory: 10885kB
               ->  Seq Scan on s_2  (cost=0.00..1637.00 rows=100000 width=20) (actual time=0.012..5.624 rows=100000 loops=1)
 Planning time: 0.216 ms
 Execution time: 36.522 ms
(12 rows)

===== 363 [Wed Mar  7 02:03:06 CET 2018] scale:100000 groups:10000 work_mem:32MB incremental:on max_workers:0 =====
SELECT * FROM (SELECT * FROM s_3 ORDER BY a, b, c) foo ORDER BY a, b, c, d
                                                         QUERY PLAN                                                          
-----------------------------------------------------------------------------------------------------------------------------
 Limit  (cost=15802.78..15802.78 rows=1 width=20) (actual time=36.745..36.745 rows=0 loops=1)
   ->  Incremental Sort  (cost=9942.11..14802.78 rows=100000 width=20) (actual time=17.637..34.567 rows=100000 loops=1)
         Sort Key: s_3.a, s_3.b, s_3.c, s_3.d
         Presorted Key: s_3.a, s_3.b, s_3.c
         Sort Method: quicksort  Memory: 27kB
         Sort Groups: 3125
         ->  Sort  (cost=9941.82..10191.82 rows=100000 width=20) (actual time=17.590..21.604 rows=100000 loops=1)
               Sort Key: s_3.a, s_3.b, s_3.c
               Sort Method: quicksort  Memory: 10885kB
               ->  Seq Scan on s_3  (cost=0.00..1637.00 rows=100000 width=20) (actual time=0.010..5.585 rows=100000 loops=1)
 Planning time: 0.213 ms
 Execution time: 37.209 ms
(12 rows)

===== 364 [Wed Mar  7 02:03:06 CET 2018] scale:100000 groups:10000 work_mem:32MB incremental:on max_workers:0 =====
SELECT * FROM (SELECT * FROM s_4 ORDER BY a, b, c, d) foo ORDER BY a, b, c, d, e
                                                         QUERY PLAN                                                          
-----------------------------------------------------------------------------------------------------------------------------
 Limit  (cost=15802.78..15802.78 rows=1 width=20) (actual time=36.932..36.932 rows=0 loops=1)
   ->  Incremental Sort  (cost=9942.11..14802.78 rows=100000 width=20) (actual time=17.732..34.759 rows=100000 loops=1)
         Sort Key: s_4.a, s_4.b, s_4.c, s_4.d, s_4.e
         Presorted Key: s_4.a, s_4.b, s_4.c, s_4.d
         Sort Method: quicksort  Memory: 27kB
         Sort Groups: 3125
         ->  Sort  (cost=9941.82..10191.82 rows=100000 width=20) (actual time=17.685..21.825 rows=100000 loops=1)
               Sort Key: s_4.a, s_4.b, s_4.c, s_4.d
               Sort Method: quicksort  Memory: 10885kB
               ->  Seq Scan on s_4  (cost=0.00..1637.00 rows=100000 width=20) (actual time=0.006..5.566 rows=100000 loops=1)
 Planning time: 0.225 ms
 Execution time: 37.405 ms
(12 rows)

===== 365 [Wed Mar  7 02:03:06 CET 2018] scale:100000 groups:10000 work_mem:32MB incremental:off max_workers:0 =====
SELECT * FROM (SELECT * FROM s_1 ORDER BY a) foo ORDER BY a, b
                                                         QUERY PLAN                                                          
-----------------------------------------------------------------------------------------------------------------------------
 Limit  (cost=20746.64..20746.64 rows=1 width=20) (actual time=52.492..52.492 rows=0 loops=1)
   ->  Sort  (cost=19496.64..19746.64 rows=100000 width=20) (actual time=46.634..50.317 rows=100000 loops=1)
         Sort Key: s_1.a, s_1.b
         Sort Method: quicksort  Memory: 10885kB
         ->  Sort  (cost=9941.82..10191.82 rows=100000 width=20) (actual time=16.393..20.149 rows=100000 loops=1)
               Sort Key: s_1.a
               Sort Method: quicksort  Memory: 10885kB
               ->  Seq Scan on s_1  (cost=0.00..1637.00 rows=100000 width=20) (actual time=0.007..5.582 rows=100000 loops=1)
 Planning time: 0.200 ms
 Execution time: 53.407 ms
(10 rows)

===== 366 [Wed Mar  7 02:03:07 CET 2018] scale:100000 groups:10000 work_mem:32MB incremental:off max_workers:0 =====
SELECT * FROM (SELECT * FROM s_2 ORDER BY a, b) foo ORDER BY a, b, c
                                                         QUERY PLAN                                                          
-----------------------------------------------------------------------------------------------------------------------------
 Limit  (cost=20746.64..20746.64 rows=1 width=20) (actual time=44.606..44.606 rows=0 loops=1)
   ->  Sort  (cost=19496.64..19746.64 rows=100000 width=20) (actual time=39.172..42.432 rows=100000 loops=1)
         Sort Key: s_2.a, s_2.b, s_2.c
         Sort Method: quicksort  Memory: 10885kB
         ->  Sort  (cost=9941.82..10191.82 rows=100000 width=20) (actual time=17.717..21.466 rows=100000 loops=1)
               Sort Key: s_2.a, s_2.b
               Sort Method: quicksort  Memory: 10885kB
               ->  Seq Scan on s_2  (cost=0.00..1637.00 rows=100000 width=20) (actual time=0.012..5.593 rows=100000 loops=1)
 Planning time: 0.211 ms
 Execution time: 45.517 ms
(10 rows)

===== 367 [Wed Mar  7 02:03:07 CET 2018] scale:100000 groups:10000 work_mem:32MB incremental:off max_workers:0 =====
SELECT * FROM (SELECT * FROM s_3 ORDER BY a, b, c) foo ORDER BY a, b, c, d
                                                         QUERY PLAN                                                          
-----------------------------------------------------------------------------------------------------------------------------
 Limit  (cost=20746.64..20746.64 rows=1 width=20) (actual time=38.619..38.619 rows=0 loops=1)
   ->  Sort  (cost=19496.64..19746.64 rows=100000 width=20) (actual time=33.100..36.448 rows=100000 loops=1)
         Sort Key: s_3.a, s_3.b, s_3.c, s_3.d
         Sort Method: quicksort  Memory: 10885kB
         ->  Sort  (cost=9941.82..10191.82 rows=100000 width=20) (actual time=17.681..21.436 rows=100000 loops=1)
               Sort Key: s_3.a, s_3.b, s_3.c
               Sort Method: quicksort  Memory: 10885kB
               ->  Seq Scan on s_3  (cost=0.00..1637.00 rows=100000 width=20) (actual time=0.010..5.586 rows=100000 loops=1)
 Planning time: 0.206 ms
 Execution time: 39.526 ms
(10 rows)

===== 368 [Wed Mar  7 02:03:07 CET 2018] scale:100000 groups:10000 work_mem:32MB incremental:off max_workers:0 =====
SELECT * FROM (SELECT * FROM s_4 ORDER BY a, b, c, d) foo ORDER BY a, b, c, d, e
                                                         QUERY PLAN                                                          
-----------------------------------------------------------------------------------------------------------------------------
 Limit  (cost=20746.64..20746.64 rows=1 width=20) (actual time=38.682..38.682 rows=0 loops=1)
   ->  Sort  (cost=19496.64..19746.64 rows=100000 width=20) (actual time=33.162..36.503 rows=100000 loops=1)
         Sort Key: s_4.a, s_4.b, s_4.c, s_4.d, s_4.e
         Sort Method: quicksort  Memory: 10885kB
         ->  Sort  (cost=9941.82..10191.82 rows=100000 width=20) (actual time=17.739..21.490 rows=100000 loops=1)
               Sort Key: s_4.a, s_4.b, s_4.c, s_4.d
               Sort Method: quicksort  Memory: 10885kB
               ->  Seq Scan on s_4  (cost=0.00..1637.00 rows=100000 width=20) (actual time=0.006..5.604 rows=100000 loops=1)
 Planning time: 0.218 ms
 Execution time: 39.589 ms
(10 rows)

===== 369 [Wed Mar  7 02:03:08 CET 2018] scale:100000 groups:10000 work_mem:64MB incremental:on max_workers:0 =====
SELECT * FROM (SELECT * FROM s_1 ORDER BY a) foo ORDER BY a, b
                                                         QUERY PLAN                                                          
-----------------------------------------------------------------------------------------------------------------------------
 Limit  (cost=15811.22..15811.22 rows=1 width=20) (actual time=43.080..43.080 rows=0 loops=1)
   ->  Incremental Sort  (cost=9942.12..14811.22 rows=100000 width=20) (actual time=16.473..40.525 rows=100000 loops=1)
         Sort Key: s_1.a, s_1.b
         Presorted Key: s_1.a
         Sort Method: quicksort  Memory: 29kB
         Sort Groups: 2706
         ->  Sort  (cost=9941.82..10191.82 rows=100000 width=20) (actual time=16.427..20.505 rows=100000 loops=1)
               Sort Key: s_1.a
               Sort Method: quicksort  Memory: 10885kB
               ->  Seq Scan on s_1  (cost=0.00..1637.00 rows=100000 width=20) (actual time=0.007..5.559 rows=100000 loops=1)
 Planning time: 0.205 ms
 Execution time: 43.546 ms
(12 rows)

===== 370 [Wed Mar  7 02:03:08 CET 2018] scale:100000 groups:10000 work_mem:64MB incremental:on max_workers:0 =====
SELECT * FROM (SELECT * FROM s_2 ORDER BY a, b) foo ORDER BY a, b, c
                                                         QUERY PLAN                                                          
-----------------------------------------------------------------------------------------------------------------------------
 Limit  (cost=15802.78..15802.78 rows=1 width=20) (actual time=36.831..36.831 rows=0 loops=1)
   ->  Incremental Sort  (cost=9942.11..14802.78 rows=100000 width=20) (actual time=17.842..34.315 rows=100000 loops=1)
         Sort Key: s_2.a, s_2.b, s_2.c
         Presorted Key: s_2.a, s_2.b
         Sort Method: quicksort  Memory: 27kB
         Sort Groups: 3125
         ->  Sort  (cost=9941.82..10191.82 rows=100000 width=20) (actual time=17.801..21.970 rows=100000 loops=1)
               Sort Key: s_2.a, s_2.b
               Sort Method: quicksort  Memory: 10885kB
               ->  Seq Scan on s_2  (cost=0.00..1637.00 rows=100000 width=20) (actual time=0.012..5.593 rows=100000 loops=1)
 Planning time: 0.208 ms
 Execution time: 37.294 ms
(12 rows)

===== 371 [Wed Mar  7 02:03:08 CET 2018] scale:100000 groups:10000 work_mem:64MB incremental:on max_workers:0 =====
SELECT * FROM (SELECT * FROM s_3 ORDER BY a, b, c) foo ORDER BY a, b, c, d
                                                         QUERY PLAN                                                          
-----------------------------------------------------------------------------------------------------------------------------
 Limit  (cost=15802.78..15802.78 rows=1 width=20) (actual time=38.576..38.576 rows=0 loops=1)
   ->  Incremental Sort  (cost=9942.11..14802.78 rows=100000 width=20) (actual time=17.732..36.019 rows=100000 loops=1)
         Sort Key: s_3.a, s_3.b, s_3.c, s_3.d
         Presorted Key: s_3.a, s_3.b, s_3.c
         Sort Method: quicksort  Memory: 27kB
         Sort Groups: 3125
         ->  Sort  (cost=9941.82..10191.82 rows=100000 width=20) (actual time=17.691..21.751 rows=100000 loops=1)
               Sort Key: s_3.a, s_3.b, s_3.c
               Sort Method: quicksort  Memory: 10885kB
               ->  Seq Scan on s_3  (cost=0.00..1637.00 rows=100000 width=20) (actual time=0.010..5.610 rows=100000 loops=1)
 Planning time: 0.217 ms
 Execution time: 39.043 ms
(12 rows)

===== 372 [Wed Mar  7 02:03:08 CET 2018] scale:100000 groups:10000 work_mem:64MB incremental:on max_workers:0 =====
SELECT * FROM (SELECT * FROM s_4 ORDER BY a, b, c, d) foo ORDER BY a, b, c, d, e
                                                         QUERY PLAN                                                          
-----------------------------------------------------------------------------------------------------------------------------
 Limit  (cost=15802.78..15802.78 rows=1 width=20) (actual time=38.359..38.359 rows=0 loops=1)
   ->  Incremental Sort  (cost=9942.11..14802.78 rows=100000 width=20) (actual time=17.735..36.120 rows=100000 loops=1)
         Sort Key: s_4.a, s_4.b, s_4.c, s_4.d, s_4.e
         Presorted Key: s_4.a, s_4.b, s_4.c, s_4.d
         Sort Method: quicksort  Memory: 27kB
         Sort Groups: 3125
         ->  Sort  (cost=9941.82..10191.82 rows=100000 width=20) (actual time=17.685..21.860 rows=100000 loops=1)
               Sort Key: s_4.a, s_4.b, s_4.c, s_4.d
               Sort Method: quicksort  Memory: 10885kB
               ->  Seq Scan on s_4  (cost=0.00..1637.00 rows=100000 width=20) (actual time=0.007..5.580 rows=100000 loops=1)
 Planning time: 0.223 ms
 Execution time: 38.832 ms
(12 rows)

===== 373 [Wed Mar  7 02:03:09 CET 2018] scale:100000 groups:10000 work_mem:64MB incremental:off max_workers:0 =====
SELECT * FROM (SELECT * FROM s_1 ORDER BY a) foo ORDER BY a, b
                                                         QUERY PLAN                                                          
-----------------------------------------------------------------------------------------------------------------------------
 Limit  (cost=20746.64..20746.64 rows=1 width=20) (actual time=52.526..52.526 rows=0 loops=1)
   ->  Sort  (cost=19496.64..19746.64 rows=100000 width=20) (actual time=46.663..50.355 rows=100000 loops=1)
         Sort Key: s_1.a, s_1.b
         Sort Method: quicksort  Memory: 10885kB
         ->  Sort  (cost=9941.82..10191.82 rows=100000 width=20) (actual time=16.421..20.183 rows=100000 loops=1)
               Sort Key: s_1.a
               Sort Method: quicksort  Memory: 10885kB
               ->  Seq Scan on s_1  (cost=0.00..1637.00 rows=100000 width=20) (actual time=0.007..5.589 rows=100000 loops=1)
 Planning time: 0.201 ms
 Execution time: 53.453 ms
(10 rows)

===== 374 [Wed Mar  7 02:03:09 CET 2018] scale:100000 groups:10000 work_mem:64MB incremental:off max_workers:0 =====
SELECT * FROM (SELECT * FROM s_2 ORDER BY a, b) foo ORDER BY a, b, c
                                                         QUERY PLAN                                                          
-----------------------------------------------------------------------------------------------------------------------------
 Limit  (cost=20746.64..20746.64 rows=1 width=20) (actual time=44.542..44.542 rows=0 loops=1)
   ->  Sort  (cost=19496.64..19746.64 rows=100000 width=20) (actual time=39.116..42.368 rows=100000 loops=1)
         Sort Key: s_2.a, s_2.b, s_2.c
         Sort Method: quicksort  Memory: 10885kB
         ->  Sort  (cost=9941.82..10191.82 rows=100000 width=20) (actual time=17.703..21.462 rows=100000 loops=1)
               Sort Key: s_2.a, s_2.b
               Sort Method: quicksort  Memory: 10885kB
               ->  Seq Scan on s_2  (cost=0.00..1637.00 rows=100000 width=20) (actual time=0.012..5.607 rows=100000 loops=1)
 Planning time: 0.201 ms
 Execution time: 45.450 ms
(10 rows)

===== 375 [Wed Mar  7 02:03:09 CET 2018] scale:100000 groups:10000 work_mem:64MB incremental:off max_workers:0 =====
SELECT * FROM (SELECT * FROM s_3 ORDER BY a, b, c) foo ORDER BY a, b, c, d
                                                         QUERY PLAN                                                          
-----------------------------------------------------------------------------------------------------------------------------
 Limit  (cost=20746.64..20746.64 rows=1 width=20) (actual time=38.718..38.718 rows=0 loops=1)
   ->  Sort  (cost=19496.64..19746.64 rows=100000 width=20) (actual time=33.212..36.552 rows=100000 loops=1)
         Sort Key: s_3.a, s_3.b, s_3.c, s_3.d
         Sort Method: quicksort  Memory: 10885kB
         ->  Sort  (cost=9941.82..10191.82 rows=100000 width=20) (actual time=17.733..21.508 rows=100000 loops=1)
               Sort Key: s_3.a, s_3.b, s_3.c
               Sort Method: quicksort  Memory: 10885kB
               ->  Seq Scan on s_3  (cost=0.00..1637.00 rows=100000 width=20) (actual time=0.010..5.599 rows=100000 loops=1)
 Planning time: 0.206 ms
 Execution time: 39.630 ms
(10 rows)

===== 376 [Wed Mar  7 02:03:09 CET 2018] scale:100000 groups:10000 work_mem:64MB incremental:off max_workers:0 =====
SELECT * FROM (SELECT * FROM s_4 ORDER BY a, b, c, d) foo ORDER BY a, b, c, d, e
                                                         QUERY PLAN                                                          
-----------------------------------------------------------------------------------------------------------------------------
 Limit  (cost=20746.64..20746.64 rows=1 width=20) (actual time=38.721..38.721 rows=0 loops=1)
   ->  Sort  (cost=19496.64..19746.64 rows=100000 width=20) (actual time=33.217..36.537 rows=100000 loops=1)
         Sort Key: s_4.a, s_4.b, s_4.c, s_4.d, s_4.e
         Sort Method: quicksort  Memory: 10885kB
         ->  Sort  (cost=9941.82..10191.82 rows=100000 width=20) (actual time=17.760..21.514 rows=100000 loops=1)
               Sort Key: s_4.a, s_4.b, s_4.c, s_4.d
               Sort Method: quicksort  Memory: 10885kB
               ->  Seq Scan on s_4  (cost=0.00..1637.00 rows=100000 width=20) (actual time=0.006..5.611 rows=100000 loops=1)
 Planning time: 0.218 ms
 Execution time: 39.639 ms
(10 rows)

===== 377 [Wed Mar  7 02:03:10 CET 2018] scale:100000 groups:10000 work_mem:128MB incremental:on max_workers:0 =====
SELECT * FROM (SELECT * FROM s_1 ORDER BY a) foo ORDER BY a, b
                                                         QUERY PLAN                                                          
-----------------------------------------------------------------------------------------------------------------------------
 Limit  (cost=15811.22..15811.22 rows=1 width=20) (actual time=43.091..43.091 rows=0 loops=1)
   ->  Incremental Sort  (cost=9942.12..14811.22 rows=100000 width=20) (actual time=16.483..40.531 rows=100000 loops=1)
         Sort Key: s_1.a, s_1.b
         Presorted Key: s_1.a
         Sort Method: quicksort  Memory: 29kB
         Sort Groups: 2706
         ->  Sort  (cost=9941.82..10191.82 rows=100000 width=20) (actual time=16.438..20.498 rows=100000 loops=1)
               Sort Key: s_1.a
               Sort Method: quicksort  Memory: 10885kB
               ->  Seq Scan on s_1  (cost=0.00..1637.00 rows=100000 width=20) (actual time=0.007..5.562 rows=100000 loops=1)
 Planning time: 0.208 ms
 Execution time: 43.558 ms
(12 rows)

===== 378 [Wed Mar  7 02:03:10 CET 2018] scale:100000 groups:10000 work_mem:128MB incremental:on max_workers:0 =====
SELECT * FROM (SELECT * FROM s_2 ORDER BY a, b) foo ORDER BY a, b, c
                                                         QUERY PLAN                                                          
-----------------------------------------------------------------------------------------------------------------------------
 Limit  (cost=15802.78..15802.78 rows=1 width=20) (actual time=36.798..36.798 rows=0 loops=1)
   ->  Incremental Sort  (cost=9942.11..14802.78 rows=100000 width=20) (actual time=17.831..34.290 rows=100000 loops=1)
         Sort Key: s_2.a, s_2.b, s_2.c
         Presorted Key: s_2.a, s_2.b
         Sort Method: quicksort  Memory: 27kB
         Sort Groups: 3125
         ->  Sort  (cost=9941.82..10191.82 rows=100000 width=20) (actual time=17.791..21.936 rows=100000 loops=1)
               Sort Key: s_2.a, s_2.b
               Sort Method: quicksort  Memory: 10885kB
               ->  Seq Scan on s_2  (cost=0.00..1637.00 rows=100000 width=20) (actual time=0.012..5.601 rows=100000 loops=1)
 Planning time: 0.212 ms
 Execution time: 37.260 ms
(12 rows)

===== 379 [Wed Mar  7 02:03:10 CET 2018] scale:100000 groups:10000 work_mem:128MB incremental:on max_workers:0 =====
SELECT * FROM (SELECT * FROM s_3 ORDER BY a, b, c) foo ORDER BY a, b, c, d
                                                         QUERY PLAN                                                          
-----------------------------------------------------------------------------------------------------------------------------
 Limit  (cost=15802.78..15802.78 rows=1 width=20) (actual time=38.535..38.535 rows=0 loops=1)
   ->  Incremental Sort  (cost=9942.11..14802.78 rows=100000 width=20) (actual time=17.732..35.966 rows=100000 loops=1)
         Sort Key: s_3.a, s_3.b, s_3.c, s_3.d
         Presorted Key: s_3.a, s_3.b, s_3.c
         Sort Method: quicksort  Memory: 27kB
         Sort Groups: 3125
         ->  Sort  (cost=9941.82..10191.82 rows=100000 width=20) (actual time=17.689..21.748 rows=100000 loops=1)
               Sort Key: s_3.a, s_3.b, s_3.c
               Sort Method: quicksort  Memory: 10885kB
               ->  Seq Scan on s_3  (cost=0.00..1637.00 rows=100000 width=20) (actual time=0.014..5.606 rows=100000 loops=1)
 Planning time: 0.218 ms
 Execution time: 38.997 ms
(12 rows)

===== 380 [Wed Mar  7 02:03:10 CET 2018] scale:100000 groups:10000 work_mem:128MB incremental:on max_workers:0 =====
SELECT * FROM (SELECT * FROM s_4 ORDER BY a, b, c, d) foo ORDER BY a, b, c, d, e
                                                         QUERY PLAN                                                          
-----------------------------------------------------------------------------------------------------------------------------
 Limit  (cost=15802.78..15802.78 rows=1 width=20) (actual time=38.368..38.368 rows=0 loops=1)
   ->  Incremental Sort  (cost=9942.11..14802.78 rows=100000 width=20) (actual time=17.760..36.130 rows=100000 loops=1)
         Sort Key: s_4.a, s_4.b, s_4.c, s_4.d, s_4.e
         Presorted Key: s_4.a, s_4.b, s_4.c, s_4.d
         Sort Method: quicksort  Memory: 27kB
         Sort Groups: 3125
         ->  Sort  (cost=9941.82..10191.82 rows=100000 width=20) (actual time=17.719..21.885 rows=100000 loops=1)
               Sort Key: s_4.a, s_4.b, s_4.c, s_4.d
               Sort Method: quicksort  Memory: 10885kB
               ->  Seq Scan on s_4  (cost=0.00..1637.00 rows=100000 width=20) (actual time=0.006..5.587 rows=100000 loops=1)
 Planning time: 0.226 ms
 Execution time: 38.847 ms
(12 rows)

===== 381 [Wed Mar  7 02:03:11 CET 2018] scale:100000 groups:10000 work_mem:128MB incremental:off max_workers:0 =====
SELECT * FROM (SELECT * FROM s_1 ORDER BY a) foo ORDER BY a, b
                                                         QUERY PLAN                                                          
-----------------------------------------------------------------------------------------------------------------------------
 Limit  (cost=20746.64..20746.64 rows=1 width=20) (actual time=52.561..52.561 rows=0 loops=1)
   ->  Sort  (cost=19496.64..19746.64 rows=100000 width=20) (actual time=46.703..50.390 rows=100000 loops=1)
         Sort Key: s_1.a, s_1.b
         Sort Method: quicksort  Memory: 10885kB
         ->  Sort  (cost=9941.82..10191.82 rows=100000 width=20) (actual time=16.426..20.189 rows=100000 loops=1)
               Sort Key: s_1.a
               Sort Method: quicksort  Memory: 10885kB
               ->  Seq Scan on s_1  (cost=0.00..1637.00 rows=100000 width=20) (actual time=0.007..5.594 rows=100000 loops=1)
 Planning time: 0.200 ms
 Execution time: 53.468 ms
(10 rows)

===== 382 [Wed Mar  7 02:03:11 CET 2018] scale:100000 groups:10000 work_mem:128MB incremental:off max_workers:0 =====
SELECT * FROM (SELECT * FROM s_2 ORDER BY a, b) foo ORDER BY a, b, c
                                                         QUERY PLAN                                                          
-----------------------------------------------------------------------------------------------------------------------------
 Limit  (cost=20746.64..20746.64 rows=1 width=20) (actual time=44.605..44.605 rows=0 loops=1)
   ->  Sort  (cost=19496.64..19746.64 rows=100000 width=20) (actual time=39.172..42.427 rows=100000 loops=1)
         Sort Key: s_2.a, s_2.b, s_2.c
         Sort Method: quicksort  Memory: 10885kB
         ->  Sort  (cost=9941.82..10191.82 rows=100000 width=20) (actual time=17.726..21.498 rows=100000 loops=1)
               Sort Key: s_2.a, s_2.b
               Sort Method: quicksort  Memory: 10885kB
               ->  Seq Scan on s_2  (cost=0.00..1637.00 rows=100000 width=20) (actual time=0.012..5.607 rows=100000 loops=1)
 Planning time: 0.206 ms
 Execution time: 45.517 ms
(10 rows)

===== 383 [Wed Mar  7 02:03:11 CET 2018] scale:100000 groups:10000 work_mem:128MB incremental:off max_workers:0 =====
SELECT * FROM (SELECT * FROM s_3 ORDER BY a, b, c) foo ORDER BY a, b, c, d
                                                         QUERY PLAN                                                          
-----------------------------------------------------------------------------------------------------------------------------
 Limit  (cost=20746.64..20746.64 rows=1 width=20) (actual time=38.728..38.728 rows=0 loops=1)
   ->  Sort  (cost=19496.64..19746.64 rows=100000 width=20) (actual time=33.209..36.544 rows=100000 loops=1)
         Sort Key: s_3.a, s_3.b, s_3.c, s_3.d
         Sort Method: quicksort  Memory: 10885kB
         ->  Sort  (cost=9941.82..10191.82 rows=100000 width=20) (actual time=17.753..21.523 rows=100000 loops=1)
               Sort Key: s_3.a, s_3.b, s_3.c
               Sort Method: quicksort  Memory: 10885kB
               ->  Seq Scan on s_3  (cost=0.00..1637.00 rows=100000 width=20) (actual time=0.010..5.617 rows=100000 loops=1)
 Planning time: 0.207 ms
 Execution time: 39.642 ms
(10 rows)

===== 384 [Wed Mar  7 02:03:11 CET 2018] scale:100000 groups:10000 work_mem:128MB incremental:off max_workers:0 =====
SELECT * FROM (SELECT * FROM s_4 ORDER BY a, b, c, d) foo ORDER BY a, b, c, d, e
                                                         QUERY PLAN                                                          
-----------------------------------------------------------------------------------------------------------------------------
 Limit  (cost=20746.64..20746.64 rows=1 width=20) (actual time=38.653..38.653 rows=0 loops=1)
   ->  Sort  (cost=19496.64..19746.64 rows=100000 width=20) (actual time=33.140..36.458 rows=100000 loops=1)
         Sort Key: s_4.a, s_4.b, s_4.c, s_4.d, s_4.e
         Sort Method: quicksort  Memory: 10885kB
         ->  Sort  (cost=9941.82..10191.82 rows=100000 width=20) (actual time=17.727..21.503 rows=100000 loops=1)
               Sort Key: s_4.a, s_4.b, s_4.c, s_4.d
               Sort Method: quicksort  Memory: 10885kB
               ->  Seq Scan on s_4  (cost=0.00..1637.00 rows=100000 width=20) (actual time=0.007..5.613 rows=100000 loops=1)
 Planning time: 0.214 ms
 Execution time: 39.563 ms
(10 rows)

===== 385 [Wed Mar  7 02:03:12 CET 2018] scale:100000 groups:10000 work_mem:256MB incremental:on max_workers:0 =====
SELECT * FROM (SELECT * FROM s_1 ORDER BY a) foo ORDER BY a, b
                                                         QUERY PLAN                                                          
-----------------------------------------------------------------------------------------------------------------------------
 Limit  (cost=15811.22..15811.22 rows=1 width=20) (actual time=41.690..41.690 rows=0 loops=1)
   ->  Incremental Sort  (cost=9942.12..14811.22 rows=100000 width=20) (actual time=16.496..39.498 rows=100000 loops=1)
         Sort Key: s_1.a, s_1.b
         Presorted Key: s_1.a
         Sort Method: quicksort  Memory: 29kB
         Sort Groups: 2706
         ->  Sort  (cost=9941.82..10191.82 rows=100000 width=20) (actual time=16.447..20.527 rows=100000 loops=1)
               Sort Key: s_1.a
               Sort Method: quicksort  Memory: 10885kB
               ->  Seq Scan on s_1  (cost=0.00..1637.00 rows=100000 width=20) (actual time=0.007..5.598 rows=100000 loops=1)
 Planning time: 0.204 ms
 Execution time: 42.154 ms
(12 rows)

===== 386 [Wed Mar  7 02:03:12 CET 2018] scale:100000 groups:10000 work_mem:256MB incremental:on max_workers:0 =====
SELECT * FROM (SELECT * FROM s_2 ORDER BY a, b) foo ORDER BY a, b, c
                                                         QUERY PLAN                                                          
-----------------------------------------------------------------------------------------------------------------------------
 Limit  (cost=15802.78..15802.78 rows=1 width=20) (actual time=36.048..36.048 rows=0 loops=1)
   ->  Incremental Sort  (cost=9942.11..14802.78 rows=100000 width=20) (actual time=17.708..33.868 rows=100000 loops=1)
         Sort Key: s_2.a, s_2.b, s_2.c
         Presorted Key: s_2.a, s_2.b
         Sort Method: quicksort  Memory: 27kB
         Sort Groups: 3125
         ->  Sort  (cost=9941.82..10191.82 rows=100000 width=20) (actual time=17.661..21.810 rows=100000 loops=1)
               Sort Key: s_2.a, s_2.b
               Sort Method: quicksort  Memory: 10885kB
               ->  Seq Scan on s_2  (cost=0.00..1637.00 rows=100000 width=20) (actual time=0.012..5.623 rows=100000 loops=1)
 Planning time: 0.214 ms
 Execution time: 36.517 ms
(12 rows)

===== 387 [Wed Mar  7 02:03:12 CET 2018] scale:100000 groups:10000 work_mem:256MB incremental:on max_workers:0 =====
SELECT * FROM (SELECT * FROM s_3 ORDER BY a, b, c) foo ORDER BY a, b, c, d
                                                         QUERY PLAN                                                          
-----------------------------------------------------------------------------------------------------------------------------
 Limit  (cost=15802.78..15802.78 rows=1 width=20) (actual time=36.753..36.753 rows=0 loops=1)
   ->  Incremental Sort  (cost=9942.11..14802.78 rows=100000 width=20) (actual time=17.646..34.579 rows=100000 loops=1)
         Sort Key: s_3.a, s_3.b, s_3.c, s_3.d
         Presorted Key: s_3.a, s_3.b, s_3.c
         Sort Method: quicksort  Memory: 27kB
         Sort Groups: 3125
         ->  Sort  (cost=9941.82..10191.82 rows=100000 width=20) (actual time=17.598..21.617 rows=100000 loops=1)
               Sort Key: s_3.a, s_3.b, s_3.c
               Sort Method: quicksort  Memory: 10885kB
               ->  Seq Scan on s_3  (cost=0.00..1637.00 rows=100000 width=20) (actual time=0.011..5.583 rows=100000 loops=1)
 Planning time: 0.216 ms
 Execution time: 37.224 ms
(12 rows)

===== 388 [Wed Mar  7 02:03:12 CET 2018] scale:100000 groups:10000 work_mem:256MB incremental:on max_workers:0 =====
SELECT * FROM (SELECT * FROM s_4 ORDER BY a, b, c, d) foo ORDER BY a, b, c, d, e
                                                         QUERY PLAN                                                          
-----------------------------------------------------------------------------------------------------------------------------
 Limit  (cost=15802.78..15802.78 rows=1 width=20) (actual time=36.948..36.948 rows=0 loops=1)
   ->  Incremental Sort  (cost=9942.11..14802.78 rows=100000 width=20) (actual time=17.737..34.774 rows=100000 loops=1)
         Sort Key: s_4.a, s_4.b, s_4.c, s_4.d, s_4.e
         Presorted Key: s_4.a, s_4.b, s_4.c, s_4.d
         Sort Method: quicksort  Memory: 27kB
         Sort Groups: 3125
         ->  Sort  (cost=9941.82..10191.82 rows=100000 width=20) (actual time=17.689..21.829 rows=100000 loops=1)
               Sort Key: s_4.a, s_4.b, s_4.c, s_4.d
               Sort Method: quicksort  Memory: 10885kB
               ->  Seq Scan on s_4  (cost=0.00..1637.00 rows=100000 width=20) (actual time=0.007..5.589 rows=100000 loops=1)
 Planning time: 0.226 ms
 Execution time: 37.423 ms
(12 rows)

===== 389 [Wed Mar  7 02:03:13 CET 2018] scale:100000 groups:10000 work_mem:256MB incremental:off max_workers:0 =====
SELECT * FROM (SELECT * FROM s_1 ORDER BY a) foo ORDER BY a, b
                                                         QUERY PLAN                                                          
-----------------------------------------------------------------------------------------------------------------------------
 Limit  (cost=20746.64..20746.64 rows=1 width=20) (actual time=52.520..52.520 rows=0 loops=1)
   ->  Sort  (cost=19496.64..19746.64 rows=100000 width=20) (actual time=46.646..50.349 rows=100000 loops=1)
         Sort Key: s_1.a, s_1.b
         Sort Method: quicksort  Memory: 10885kB
         ->  Sort  (cost=9941.82..10191.82 rows=100000 width=20) (actual time=16.412..20.151 rows=100000 loops=1)
               Sort Key: s_1.a
               Sort Method: quicksort  Memory: 10885kB
               ->  Seq Scan on s_1  (cost=0.00..1637.00 rows=100000 width=20) (actual time=0.007..5.598 rows=100000 loops=1)
 Planning time: 0.207 ms
 Execution time: 53.440 ms
(10 rows)

===== 390 [Wed Mar  7 02:03:13 CET 2018] scale:100000 groups:10000 work_mem:256MB incremental:off max_workers:0 =====
SELECT * FROM (SELECT * FROM s_2 ORDER BY a, b) foo ORDER BY a, b, c
                                                         QUERY PLAN                                                          
-----------------------------------------------------------------------------------------------------------------------------
 Limit  (cost=20746.64..20746.64 rows=1 width=20) (actual time=44.611..44.611 rows=0 loops=1)
   ->  Sort  (cost=19496.64..19746.64 rows=100000 width=20) (actual time=39.172..42.434 rows=100000 loops=1)
         Sort Key: s_2.a, s_2.b, s_2.c
         Sort Method: quicksort  Memory: 10885kB
         ->  Sort  (cost=9941.82..10191.82 rows=100000 width=20) (actual time=17.723..21.478 rows=100000 loops=1)
               Sort Key: s_2.a, s_2.b
               Sort Method: quicksort  Memory: 10885kB
               ->  Seq Scan on s_2  (cost=0.00..1637.00 rows=100000 width=20) (actual time=0.012..5.611 rows=100000 loops=1)
 Planning time: 0.204 ms
 Execution time: 45.524 ms
(10 rows)

===== 391 [Wed Mar  7 02:03:13 CET 2018] scale:100000 groups:10000 work_mem:256MB incremental:off max_workers:0 =====
SELECT * FROM (SELECT * FROM s_3 ORDER BY a, b, c) foo ORDER BY a, b, c, d
                                                         QUERY PLAN                                                          
-----------------------------------------------------------------------------------------------------------------------------
 Limit  (cost=20746.64..20746.64 rows=1 width=20) (actual time=38.725..38.725 rows=0 loops=1)
   ->  Sort  (cost=19496.64..19746.64 rows=100000 width=20) (actual time=33.210..36.539 rows=100000 loops=1)
         Sort Key: s_3.a, s_3.b, s_3.c, s_3.d
         Sort Method: quicksort  Memory: 10885kB
         ->  Sort  (cost=9941.82..10191.82 rows=100000 width=20) (actual time=17.723..21.494 rows=100000 loops=1)
               Sort Key: s_3.a, s_3.b, s_3.c
               Sort Method: quicksort  Memory: 10885kB
               ->  Seq Scan on s_3  (cost=0.00..1637.00 rows=100000 width=20) (actual time=0.011..5.593 rows=100000 loops=1)
 Planning time: 0.211 ms
 Execution time: 39.633 ms
(10 rows)

===== 392 [Wed Mar  7 02:03:13 CET 2018] scale:100000 groups:10000 work_mem:256MB incremental:off max_workers:0 =====
SELECT * FROM (SELECT * FROM s_4 ORDER BY a, b, c, d) foo ORDER BY a, b, c, d, e
                                                         QUERY PLAN                                                          
-----------------------------------------------------------------------------------------------------------------------------
 Limit  (cost=20746.64..20746.64 rows=1 width=20) (actual time=38.814..38.814 rows=0 loops=1)
   ->  Sort  (cost=19496.64..19746.64 rows=100000 width=20) (actual time=33.295..36.626 rows=100000 loops=1)
         Sort Key: s_4.a, s_4.b, s_4.c, s_4.d, s_4.e
         Sort Method: quicksort  Memory: 10885kB
         ->  Sort  (cost=9941.82..10191.82 rows=100000 width=20) (actual time=17.787..21.549 rows=100000 loops=1)
               Sort Key: s_4.a, s_4.b, s_4.c, s_4.d
               Sort Method: quicksort  Memory: 10885kB
               ->  Seq Scan on s_4  (cost=0.00..1637.00 rows=100000 width=20) (actual time=0.007..5.620 rows=100000 loops=1)
 Planning time: 0.232 ms
 Execution time: 39.722 ms
(10 rows)

===== 393 [Wed Mar  7 02:03:14 CET 2018] scale:100000 groups:10000 work_mem:4MB incremental:on max_workers:2 =====
SELECT * FROM (SELECT * FROM s_1 ORDER BY a) foo ORDER BY a, b
                                                         QUERY PLAN                                                          
-----------------------------------------------------------------------------------------------------------------------------
 Limit  (cost=17862.22..17862.22 rows=1 width=20) (actual time=51.915..51.915 rows=0 loops=1)
   ->  Incremental Sort  (cost=11993.12..16862.22 rows=100000 width=20) (actual time=21.179..49.355 rows=100000 loops=1)
         Sort Key: s_1.a, s_1.b
         Presorted Key: s_1.a
         Sort Method: quicksort  Memory: 29kB
         Sort Groups: 2706
         ->  Sort  (cost=11992.82..12242.82 rows=100000 width=20) (actual time=21.131..29.957 rows=100000 loops=1)
               Sort Key: s_1.a
               Sort Method: external merge  Disk: 2936kB
               ->  Seq Scan on s_1  (cost=0.00..1637.00 rows=100000 width=20) (actual time=0.007..5.453 rows=100000 loops=1)
 Planning time: 0.219 ms
 Execution time: 52.503 ms
(12 rows)

===== 394 [Wed Mar  7 02:03:14 CET 2018] scale:100000 groups:10000 work_mem:4MB incremental:on max_workers:2 =====
SELECT * FROM (SELECT * FROM s_2 ORDER BY a, b) foo ORDER BY a, b, c
                                                         QUERY PLAN                                                          
-----------------------------------------------------------------------------------------------------------------------------
 Limit  (cost=17853.78..17853.78 rows=1 width=20) (actual time=45.704..45.704 rows=0 loops=1)
   ->  Incremental Sort  (cost=11993.11..16853.78 rows=100000 width=20) (actual time=22.554..43.170 rows=100000 loops=1)
         Sort Key: s_2.a, s_2.b, s_2.c
         Presorted Key: s_2.a, s_2.b
         Sort Method: quicksort  Memory: 27kB
         Sort Groups: 3125
         ->  Sort  (cost=11992.82..12242.82 rows=100000 width=20) (actual time=22.511..31.371 rows=100000 loops=1)
               Sort Key: s_2.a, s_2.b
               Sort Method: external merge  Disk: 2936kB
               ->  Seq Scan on s_2  (cost=0.00..1637.00 rows=100000 width=20) (actual time=0.012..5.525 rows=100000 loops=1)
 Planning time: 0.219 ms
 Execution time: 46.292 ms
(12 rows)

===== 395 [Wed Mar  7 02:03:14 CET 2018] scale:100000 groups:10000 work_mem:4MB incremental:on max_workers:2 =====
SELECT * FROM (SELECT * FROM s_3 ORDER BY a, b, c) foo ORDER BY a, b, c, d
                                                         QUERY PLAN                                                          
-----------------------------------------------------------------------------------------------------------------------------
 Limit  (cost=17853.78..17853.78 rows=1 width=20) (actual time=46.464..46.464 rows=0 loops=1)
   ->  Incremental Sort  (cost=11993.11..16853.78 rows=100000 width=20) (actual time=22.490..43.931 rows=100000 loops=1)
         Sort Key: s_3.a, s_3.b, s_3.c, s_3.d
         Presorted Key: s_3.a, s_3.b, s_3.c
         Sort Method: quicksort  Memory: 27kB
         Sort Groups: 3125
         ->  Sort  (cost=11992.82..12242.82 rows=100000 width=20) (actual time=22.447..31.246 rows=100000 loops=1)
               Sort Key: s_3.a, s_3.b, s_3.c
               Sort Method: external merge  Disk: 2936kB
               ->  Seq Scan on s_3  (cost=0.00..1637.00 rows=100000 width=20) (actual time=0.011..5.493 rows=100000 loops=1)
 Planning time: 0.224 ms
 Execution time: 47.036 ms
(12 rows)

===== 396 [Wed Mar  7 02:03:15 CET 2018] scale:100000 groups:10000 work_mem:4MB incremental:on max_workers:2 =====
SELECT * FROM (SELECT * FROM s_4 ORDER BY a, b, c, d) foo ORDER BY a, b, c, d, e
                                                         QUERY PLAN                                                          
-----------------------------------------------------------------------------------------------------------------------------
 Limit  (cost=17853.78..17853.78 rows=1 width=20) (actual time=45.564..45.564 rows=0 loops=1)
   ->  Incremental Sort  (cost=11993.11..16853.78 rows=100000 width=20) (actual time=22.406..43.302 rows=100000 loops=1)
         Sort Key: s_4.a, s_4.b, s_4.c, s_4.d, s_4.e
         Presorted Key: s_4.a, s_4.b, s_4.c, s_4.d
         Sort Method: quicksort  Memory: 27kB
         Sort Groups: 3125
         ->  Sort  (cost=11992.82..12242.82 rows=100000 width=20) (actual time=22.362..31.143 rows=100000 loops=1)
               Sort Key: s_4.a, s_4.b, s_4.c, s_4.d
               Sort Method: external merge  Disk: 2936kB
               ->  Seq Scan on s_4  (cost=0.00..1637.00 rows=100000 width=20) (actual time=0.007..5.487 rows=100000 loops=1)
 Planning time: 0.229 ms
 Execution time: 46.131 ms
(12 rows)

===== 397 [Wed Mar  7 02:03:15 CET 2018] scale:100000 groups:10000 work_mem:4MB incremental:off max_workers:2 =====
SELECT * FROM (SELECT * FROM s_1 ORDER BY a) foo ORDER BY a, b
                                                         QUERY PLAN                                                          
-----------------------------------------------------------------------------------------------------------------------------
 Limit  (cost=24848.64..24848.64 rows=1 width=20) (actual time=66.743..66.743 rows=0 loops=1)
   ->  Sort  (cost=23598.64..23848.64 rows=100000 width=20) (actual time=57.334..64.559 rows=100000 loops=1)
         Sort Key: s_1.a, s_1.b
         Sort Method: external merge  Disk: 2936kB
         ->  Sort  (cost=11992.82..12242.82 rows=100000 width=20) (actual time=21.060..29.393 rows=100000 loops=1)
               Sort Key: s_1.a
               Sort Method: external merge  Disk: 2936kB
               ->  Seq Scan on s_1  (cost=0.00..1637.00 rows=100000 width=20) (actual time=0.007..5.450 rows=100000 loops=1)
 Planning time: 0.204 ms
 Execution time: 67.699 ms
(10 rows)

===== 398 [Wed Mar  7 02:03:15 CET 2018] scale:100000 groups:10000 work_mem:4MB incremental:off max_workers:2 =====
SELECT * FROM (SELECT * FROM s_2 ORDER BY a, b) foo ORDER BY a, b, c
                                                         QUERY PLAN                                                          
-----------------------------------------------------------------------------------------------------------------------------
 Limit  (cost=24848.64..24848.64 rows=1 width=20) (actual time=59.213..59.213 rows=0 loops=1)
   ->  Sort  (cost=23598.64..23848.64 rows=100000 width=20) (actual time=49.770..57.034 rows=100000 loops=1)
         Sort Key: s_2.a, s_2.b, s_2.c
         Sort Method: external merge  Disk: 2936kB
         ->  Sort  (cost=11992.82..12242.82 rows=100000 width=20) (actual time=22.174..30.501 rows=100000 loops=1)
               Sort Key: s_2.a, s_2.b
               Sort Method: external merge  Disk: 2936kB
               ->  Seq Scan on s_2  (cost=0.00..1637.00 rows=100000 width=20) (actual time=0.012..5.468 rows=100000 loops=1)
 Planning time: 0.209 ms
 Execution time: 60.171 ms
(10 rows)

===== 399 [Wed Mar  7 02:03:16 CET 2018] scale:100000 groups:10000 work_mem:4MB incremental:off max_workers:2 =====
SELECT * FROM (SELECT * FROM s_3 ORDER BY a, b, c) foo ORDER BY a, b, c, d
                                                         QUERY PLAN                                                          
-----------------------------------------------------------------------------------------------------------------------------
 Limit  (cost=24848.64..24848.64 rows=1 width=20) (actual time=54.569..54.569 rows=0 loops=1)
   ->  Sort  (cost=23598.64..23848.64 rows=100000 width=20) (actual time=45.128..52.389 rows=100000 loops=1)
         Sort Key: s_3.a, s_3.b, s_3.c, s_3.d
         Sort Method: external merge  Disk: 2936kB
         ->  Sort  (cost=11992.82..12242.82 rows=100000 width=20) (actual time=22.209..30.580 rows=100000 loops=1)
               Sort Key: s_3.a, s_3.b, s_3.c
               Sort Method: external merge  Disk: 2936kB
               ->  Seq Scan on s_3  (cost=0.00..1637.00 rows=100000 width=20) (actual time=0.010..5.484 rows=100000 loops=1)
 Planning time: 0.211 ms
 Execution time: 55.339 ms
(10 rows)

===== 400 [Wed Mar  7 02:03:16 CET 2018] scale:100000 groups:10000 work_mem:4MB incremental:off max_workers:2 =====
SELECT * FROM (SELECT * FROM s_4 ORDER BY a, b, c, d) foo ORDER BY a, b, c, d, e
                                                         QUERY PLAN                                                          
-----------------------------------------------------------------------------------------------------------------------------
 Limit  (cost=24848.64..24848.64 rows=1 width=20) (actual time=54.731..54.731 rows=0 loops=1)
   ->  Sort  (cost=23598.64..23848.64 rows=100000 width=20) (actual time=45.148..52.548 rows=100000 loops=1)
         Sort Key: s_4.a, s_4.b, s_4.c, s_4.d, s_4.e
         Sort Method: external merge  Disk: 2936kB
         ->  Sort  (cost=11992.82..12242.82 rows=100000 width=20) (actual time=22.297..30.649 rows=100000 loops=1)
               Sort Key: s_4.a, s_4.b, s_4.c, s_4.d
               Sort Method: external merge  Disk: 2936kB
               ->  Seq Scan on s_4  (cost=0.00..1637.00 rows=100000 width=20) (actual time=0.007..5.471 rows=100000 loops=1)
 Planning time: 0.218 ms
 Execution time: 55.687 ms
(10 rows)

===== 401 [Wed Mar  7 02:03:16 CET 2018] scale:100000 groups:10000 work_mem:8MB incremental:on max_workers:2 =====
SELECT * FROM (SELECT * FROM s_1 ORDER BY a) foo ORDER BY a, b
                                                         QUERY PLAN                                                          
-----------------------------------------------------------------------------------------------------------------------------
 Limit  (cost=15811.22..15811.22 rows=1 width=20) (actual time=53.992..53.992 rows=0 loops=1)
   ->  Incremental Sort  (cost=9942.12..14811.22 rows=100000 width=20) (actual time=22.664..51.431 rows=100000 loops=1)
         Sort Key: s_1.a, s_1.b
         Presorted Key: s_1.a
         Sort Method: quicksort  Memory: 29kB
         Sort Groups: 2706
         ->  Sort  (cost=9941.82..10191.82 rows=100000 width=20) (actual time=22.615..31.321 rows=100000 loops=1)
               Sort Key: s_1.a
               Sort Method: external merge  Disk: 2936kB
               ->  Seq Scan on s_1  (cost=0.00..1637.00 rows=100000 width=20) (actual time=0.007..5.558 rows=100000 loops=1)
 Planning time: 0.213 ms
 Execution time: 54.403 ms
(12 rows)

===== 402 [Wed Mar  7 02:03:17 CET 2018] scale:100000 groups:10000 work_mem:8MB incremental:on max_workers:2 =====
SELECT * FROM (SELECT * FROM s_2 ORDER BY a, b) foo ORDER BY a, b, c
                                                         QUERY PLAN                                                          
-----------------------------------------------------------------------------------------------------------------------------
 Limit  (cost=15802.78..15802.78 rows=1 width=20) (actual time=47.754..47.754 rows=0 loops=1)
   ->  Incremental Sort  (cost=9942.11..14802.78 rows=100000 width=20) (actual time=24.065..45.254 rows=100000 loops=1)
         Sort Key: s_2.a, s_2.b, s_2.c
         Presorted Key: s_2.a, s_2.b
         Sort Method: quicksort  Memory: 27kB
         Sort Groups: 3125
         ->  Sort  (cost=9941.82..10191.82 rows=100000 width=20) (actual time=24.024..32.753 rows=100000 loops=1)
               Sort Key: s_2.a, s_2.b
               Sort Method: external merge  Disk: 2936kB
               ->  Seq Scan on s_2  (cost=0.00..1637.00 rows=100000 width=20) (actual time=0.012..5.585 rows=100000 loops=1)
 Planning time: 0.224 ms
 Execution time: 48.189 ms
(12 rows)

===== 403 [Wed Mar  7 02:03:17 CET 2018] scale:100000 groups:10000 work_mem:8MB incremental:on max_workers:2 =====
SELECT * FROM (SELECT * FROM s_3 ORDER BY a, b, c) foo ORDER BY a, b, c, d
                                                         QUERY PLAN                                                          
-----------------------------------------------------------------------------------------------------------------------------
 Limit  (cost=15802.78..15802.78 rows=1 width=20) (actual time=48.114..48.114 rows=0 loops=1)
   ->  Incremental Sort  (cost=9942.11..14802.78 rows=100000 width=20) (actual time=23.942..45.563 rows=100000 loops=1)
         Sort Key: s_3.a, s_3.b, s_3.c, s_3.d
         Presorted Key: s_3.a, s_3.b, s_3.c
         Sort Method: quicksort  Memory: 27kB
         Sort Groups: 3125
         ->  Sort  (cost=9941.82..10191.82 rows=100000 width=20) (actual time=23.896..32.504 rows=100000 loops=1)
               Sort Key: s_3.a, s_3.b, s_3.c
               Sort Method: external merge  Disk: 2936kB
               ->  Seq Scan on s_3  (cost=0.00..1637.00 rows=100000 width=20) (actual time=0.011..5.592 rows=100000 loops=1)
 Planning time: 0.219 ms
 Execution time: 48.533 ms
(12 rows)

===== 404 [Wed Mar  7 02:03:17 CET 2018] scale:100000 groups:10000 work_mem:8MB incremental:on max_workers:2 =====
SELECT * FROM (SELECT * FROM s_4 ORDER BY a, b, c, d) foo ORDER BY a, b, c, d, e
                                                         QUERY PLAN                                                          
-----------------------------------------------------------------------------------------------------------------------------
 Limit  (cost=15802.78..15802.78 rows=1 width=20) (actual time=47.175..47.175 rows=0 loops=1)
   ->  Incremental Sort  (cost=9942.11..14802.78 rows=100000 width=20) (actual time=24.068..44.919 rows=100000 loops=1)
         Sort Key: s_4.a, s_4.b, s_4.c, s_4.d, s_4.e
         Presorted Key: s_4.a, s_4.b, s_4.c, s_4.d
         Sort Method: quicksort  Memory: 27kB
         Sort Groups: 3125
         ->  Sort  (cost=9941.82..10191.82 rows=100000 width=20) (actual time=24.025..32.685 rows=100000 loops=1)
               Sort Key: s_4.a, s_4.b, s_4.c, s_4.d
               Sort Method: external merge  Disk: 2936kB
               ->  Seq Scan on s_4  (cost=0.00..1637.00 rows=100000 width=20) (actual time=0.007..5.583 rows=100000 loops=1)
 Planning time: 0.228 ms
 Execution time: 47.599 ms
(12 rows)

===== 405 [Wed Mar  7 02:03:17 CET 2018] scale:100000 groups:10000 work_mem:8MB incremental:off max_workers:2 =====
SELECT * FROM (SELECT * FROM s_1 ORDER BY a) foo ORDER BY a, b
                                                         QUERY PLAN                                                          
-----------------------------------------------------------------------------------------------------------------------------
 Limit  (cost=20746.64..20746.64 rows=1 width=20) (actual time=72.079..72.079 rows=0 loops=1)
   ->  Sort  (cost=19496.64..19746.64 rows=100000 width=20) (actual time=62.734..69.881 rows=100000 loops=1)
         Sort Key: s_1.a, s_1.b
         Sort Method: external merge  Disk: 2936kB
         ->  Sort  (cost=9941.82..10191.82 rows=100000 width=20) (actual time=22.576..30.943 rows=100000 loops=1)
               Sort Key: s_1.a
               Sort Method: external merge  Disk: 2936kB
               ->  Seq Scan on s_1  (cost=0.00..1637.00 rows=100000 width=20) (actual time=0.007..5.573 rows=100000 loops=1)
 Planning time: 0.205 ms
 Execution time: 72.864 ms
(10 rows)

===== 406 [Wed Mar  7 02:03:18 CET 2018] scale:100000 groups:10000 work_mem:8MB incremental:off max_workers:2 =====
SELECT * FROM (SELECT * FROM s_2 ORDER BY a, b) foo ORDER BY a, b, c
                                                         QUERY PLAN                                                          
-----------------------------------------------------------------------------------------------------------------------------
 Limit  (cost=20746.64..20746.64 rows=1 width=20) (actual time=64.354..64.354 rows=0 loops=1)
   ->  Sort  (cost=19496.64..19746.64 rows=100000 width=20) (actual time=55.010..62.125 rows=100000 loops=1)
         Sort Key: s_2.a, s_2.b, s_2.c
         Sort Method: external merge  Disk: 2936kB
         ->  Sort  (cost=9941.82..10191.82 rows=100000 width=20) (actual time=23.847..32.229 rows=100000 loops=1)
               Sort Key: s_2.a, s_2.b
               Sort Method: external merge  Disk: 2936kB
               ->  Seq Scan on s_2  (cost=0.00..1637.00 rows=100000 width=20) (actual time=0.012..5.586 rows=100000 loops=1)
 Planning time: 0.205 ms
 Execution time: 65.128 ms
(10 rows)

===== 407 [Wed Mar  7 02:03:18 CET 2018] scale:100000 groups:10000 work_mem:8MB incremental:off max_workers:2 =====
SELECT * FROM (SELECT * FROM s_3 ORDER BY a, b, c) foo ORDER BY a, b, c, d
                                                         QUERY PLAN                                                          
-----------------------------------------------------------------------------------------------------------------------------
 Limit  (cost=20746.64..20746.64 rows=1 width=20) (actual time=59.144..59.144 rows=0 loops=1)
   ->  Sort  (cost=19496.64..19746.64 rows=100000 width=20) (actual time=49.834..56.944 rows=100000 loops=1)
         Sort Key: s_3.a, s_3.b, s_3.c, s_3.d
         Sort Method: external merge  Disk: 2936kB
         ->  Sort  (cost=9941.82..10191.82 rows=100000 width=20) (actual time=23.901..32.278 rows=100000 loops=1)
               Sort Key: s_3.a, s_3.b, s_3.c
               Sort Method: external merge  Disk: 2936kB
               ->  Seq Scan on s_3  (cost=0.00..1637.00 rows=100000 width=20) (actual time=0.011..5.596 rows=100000 loops=1)
 Planning time: 0.211 ms
 Execution time: 59.909 ms
(10 rows)

===== 408 [Wed Mar  7 02:03:19 CET 2018] scale:100000 groups:10000 work_mem:8MB incremental:off max_workers:2 =====
SELECT * FROM (SELECT * FROM s_4 ORDER BY a, b, c, d) foo ORDER BY a, b, c, d, e
                                                         QUERY PLAN                                                          
-----------------------------------------------------------------------------------------------------------------------------
 Limit  (cost=20746.64..20746.64 rows=1 width=20) (actual time=58.783..58.783 rows=0 loops=1)
   ->  Sort  (cost=19496.64..19746.64 rows=100000 width=20) (actual time=49.495..56.597 rows=100000 loops=1)
         Sort Key: s_4.a, s_4.b, s_4.c, s_4.d, s_4.e
         Sort Method: external merge  Disk: 2936kB
         ->  Sort  (cost=9941.82..10191.82 rows=100000 width=20) (actual time=23.907..32.157 rows=100000 loops=1)
               Sort Key: s_4.a, s_4.b, s_4.c, s_4.d
               Sort Method: external merge  Disk: 2936kB
               ->  Seq Scan on s_4  (cost=0.00..1637.00 rows=100000 width=20) (actual time=0.007..5.583 rows=100000 loops=1)
 Planning time: 0.216 ms
 Execution time: 59.556 ms
(10 rows)

===== 409 [Wed Mar  7 02:03:19 CET 2018] scale:100000 groups:10000 work_mem:16MB incremental:on max_workers:2 =====
SELECT * FROM (SELECT * FROM s_1 ORDER BY a) foo ORDER BY a, b
                                                         QUERY PLAN                                                          
-----------------------------------------------------------------------------------------------------------------------------
 Limit  (cost=15811.22..15811.22 rows=1 width=20) (actual time=43.119..43.119 rows=0 loops=1)
   ->  Incremental Sort  (cost=9942.12..14811.22 rows=100000 width=20) (actual time=16.495..40.558 rows=100000 loops=1)
         Sort Key: s_1.a, s_1.b
         Presorted Key: s_1.a
         Sort Method: quicksort  Memory: 29kB
         Sort Groups: 2706
         ->  Sort  (cost=9941.82..10191.82 rows=100000 width=20) (actual time=16.450..20.523 rows=100000 loops=1)
               Sort Key: s_1.a
               Sort Method: quicksort  Memory: 10885kB
               ->  Seq Scan on s_1  (cost=0.00..1637.00 rows=100000 width=20) (actual time=0.007..5.555 rows=100000 loops=1)
 Planning time: 0.208 ms
 Execution time: 43.588 ms
(12 rows)

===== 410 [Wed Mar  7 02:03:19 CET 2018] scale:100000 groups:10000 work_mem:16MB incremental:on max_workers:2 =====
SELECT * FROM (SELECT * FROM s_2 ORDER BY a, b) foo ORDER BY a, b, c
                                                         QUERY PLAN                                                          
-----------------------------------------------------------------------------------------------------------------------------
 Limit  (cost=15802.78..15802.78 rows=1 width=20) (actual time=36.772..36.772 rows=0 loops=1)
   ->  Incremental Sort  (cost=9942.11..14802.78 rows=100000 width=20) (actual time=17.795..34.266 rows=100000 loops=1)
         Sort Key: s_2.a, s_2.b, s_2.c
         Presorted Key: s_2.a, s_2.b
         Sort Method: quicksort  Memory: 27kB
         Sort Groups: 3125
         ->  Sort  (cost=9941.82..10191.82 rows=100000 width=20) (actual time=17.749..21.902 rows=100000 loops=1)
               Sort Key: s_2.a, s_2.b
               Sort Method: quicksort  Memory: 10885kB
               ->  Seq Scan on s_2  (cost=0.00..1637.00 rows=100000 width=20) (actual time=0.013..5.589 rows=100000 loops=1)
 Planning time: 0.218 ms
 Execution time: 37.239 ms
(12 rows)

===== 411 [Wed Mar  7 02:03:20 CET 2018] scale:100000 groups:10000 work_mem:16MB incremental:on max_workers:2 =====
SELECT * FROM (SELECT * FROM s_3 ORDER BY a, b, c) foo ORDER BY a, b, c, d
                                                         QUERY PLAN                                                          
-----------------------------------------------------------------------------------------------------------------------------
 Limit  (cost=15802.78..15802.78 rows=1 width=20) (actual time=38.566..38.566 rows=0 loops=1)
   ->  Incremental Sort  (cost=9942.11..14802.78 rows=100000 width=20) (actual time=17.737..36.011 rows=100000 loops=1)
         Sort Key: s_3.a, s_3.b, s_3.c, s_3.d
         Presorted Key: s_3.a, s_3.b, s_3.c
         Sort Method: quicksort  Memory: 27kB
         Sort Groups: 3125
         ->  Sort  (cost=9941.82..10191.82 rows=100000 width=20) (actual time=17.696..21.773 rows=100000 loops=1)
               Sort Key: s_3.a, s_3.b, s_3.c
               Sort Method: quicksort  Memory: 10885kB
               ->  Seq Scan on s_3  (cost=0.00..1637.00 rows=100000 width=20) (actual time=0.011..5.603 rows=100000 loops=1)
 Planning time: 0.227 ms
 Execution time: 39.035 ms
(12 rows)

===== 412 [Wed Mar  7 02:03:20 CET 2018] scale:100000 groups:10000 work_mem:16MB incremental:on max_workers:2 =====
SELECT * FROM (SELECT * FROM s_4 ORDER BY a, b, c, d) foo ORDER BY a, b, c, d, e
                                                         QUERY PLAN                                                          
-----------------------------------------------------------------------------------------------------------------------------
 Limit  (cost=15802.78..15802.78 rows=1 width=20) (actual time=38.395..38.395 rows=0 loops=1)
   ->  Incremental Sort  (cost=9942.11..14802.78 rows=100000 width=20) (actual time=17.759..36.147 rows=100000 loops=1)
         Sort Key: s_4.a, s_4.b, s_4.c, s_4.d, s_4.e
         Presorted Key: s_4.a, s_4.b, s_4.c, s_4.d
         Sort Method: quicksort  Memory: 27kB
         Sort Groups: 3125
         ->  Sort  (cost=9941.82..10191.82 rows=100000 width=20) (actual time=17.718..21.890 rows=100000 loops=1)
               Sort Key: s_4.a, s_4.b, s_4.c, s_4.d
               Sort Method: quicksort  Memory: 10885kB
               ->  Seq Scan on s_4  (cost=0.00..1637.00 rows=100000 width=20) (actual time=0.007..5.593 rows=100000 loops=1)
 Planning time: 0.230 ms
 Execution time: 38.875 ms
(12 rows)

===== 413 [Wed Mar  7 02:03:20 CET 2018] scale:100000 groups:10000 work_mem:16MB incremental:off max_workers:2 =====
SELECT * FROM (SELECT * FROM s_1 ORDER BY a) foo ORDER BY a, b
                                                         QUERY PLAN                                                          
-----------------------------------------------------------------------------------------------------------------------------
 Limit  (cost=20746.64..20746.64 rows=1 width=20) (actual time=52.436..52.436 rows=0 loops=1)
   ->  Sort  (cost=19496.64..19746.64 rows=100000 width=20) (actual time=46.577..50.264 rows=100000 loops=1)
         Sort Key: s_1.a, s_1.b
         Sort Method: quicksort  Memory: 10885kB
         ->  Sort  (cost=9941.82..10191.82 rows=100000 width=20) (actual time=16.383..20.121 rows=100000 loops=1)
               Sort Key: s_1.a
               Sort Method: quicksort  Memory: 10885kB
               ->  Seq Scan on s_1  (cost=0.00..1637.00 rows=100000 width=20) (actual time=0.007..5.592 rows=100000 loops=1)
 Planning time: 0.205 ms
 Execution time: 53.346 ms
(10 rows)

===== 414 [Wed Mar  7 02:03:20 CET 2018] scale:100000 groups:10000 work_mem:16MB incremental:off max_workers:2 =====
SELECT * FROM (SELECT * FROM s_2 ORDER BY a, b) foo ORDER BY a, b, c
                                                         QUERY PLAN                                                          
-----------------------------------------------------------------------------------------------------------------------------
 Limit  (cost=20746.64..20746.64 rows=1 width=20) (actual time=44.610..44.610 rows=0 loops=1)
   ->  Sort  (cost=19496.64..19746.64 rows=100000 width=20) (actual time=39.171..42.435 rows=100000 loops=1)
         Sort Key: s_2.a, s_2.b, s_2.c
         Sort Method: quicksort  Memory: 10885kB
         ->  Sort  (cost=9941.82..10191.82 rows=100000 width=20) (actual time=17.708..21.473 rows=100000 loops=1)
               Sort Key: s_2.a, s_2.b
               Sort Method: quicksort  Memory: 10885kB
               ->  Seq Scan on s_2  (cost=0.00..1637.00 rows=100000 width=20) (actual time=0.013..5.601 rows=100000 loops=1)
 Planning time: 0.208 ms
 Execution time: 45.525 ms
(10 rows)

===== 415 [Wed Mar  7 02:03:21 CET 2018] scale:100000 groups:10000 work_mem:16MB incremental:off max_workers:2 =====
SELECT * FROM (SELECT * FROM s_3 ORDER BY a, b, c) foo ORDER BY a, b, c, d
                                                         QUERY PLAN                                                          
-----------------------------------------------------------------------------------------------------------------------------
 Limit  (cost=20746.64..20746.64 rows=1 width=20) (actual time=38.663..38.663 rows=0 loops=1)
   ->  Sort  (cost=19496.64..19746.64 rows=100000 width=20) (actual time=33.156..36.492 rows=100000 loops=1)
         Sort Key: s_3.a, s_3.b, s_3.c, s_3.d
         Sort Method: quicksort  Memory: 10885kB
         ->  Sort  (cost=9941.82..10191.82 rows=100000 width=20) (actual time=17.703..21.469 rows=100000 loops=1)
               Sort Key: s_3.a, s_3.b, s_3.c
               Sort Method: quicksort  Memory: 10885kB
               ->  Seq Scan on s_3  (cost=0.00..1637.00 rows=100000 width=20) (actual time=0.010..5.604 rows=100000 loops=1)
 Planning time: 0.221 ms
 Execution time: 39.575 ms
(10 rows)

===== 416 [Wed Mar  7 02:03:21 CET 2018] scale:100000 groups:10000 work_mem:16MB incremental:off max_workers:2 =====
SELECT * FROM (SELECT * FROM s_4 ORDER BY a, b, c, d) foo ORDER BY a, b, c, d, e
                                                         QUERY PLAN                                                          
-----------------------------------------------------------------------------------------------------------------------------
 Limit  (cost=20746.64..20746.64 rows=1 width=20) (actual time=38.706..38.706 rows=0 loops=1)
   ->  Sort  (cost=19496.64..19746.64 rows=100000 width=20) (actual time=33.189..36.517 rows=100000 loops=1)
         Sort Key: s_4.a, s_4.b, s_4.c, s_4.d, s_4.e
         Sort Method: quicksort  Memory: 10885kB
         ->  Sort  (cost=9941.82..10191.82 rows=100000 width=20) (actual time=17.743..21.519 rows=100000 loops=1)
               Sort Key: s_4.a, s_4.b, s_4.c, s_4.d
               Sort Method: quicksort  Memory: 10885kB
               ->  Seq Scan on s_4  (cost=0.00..1637.00 rows=100000 width=20) (actual time=0.007..5.605 rows=100000 loops=1)
 Planning time: 0.219 ms
 Execution time: 39.614 ms
(10 rows)

===== 417 [Wed Mar  7 02:03:21 CET 2018] scale:100000 groups:10000 work_mem:32MB incremental:on max_workers:2 =====
SELECT * FROM (SELECT * FROM s_1 ORDER BY a) foo ORDER BY a, b
                                                         QUERY PLAN                                                          
-----------------------------------------------------------------------------------------------------------------------------
 Limit  (cost=15811.22..15811.22 rows=1 width=20) (actual time=43.142..43.142 rows=0 loops=1)
   ->  Incremental Sort  (cost=9942.12..14811.22 rows=100000 width=20) (actual time=16.526..40.585 rows=100000 loops=1)
         Sort Key: s_1.a, s_1.b
         Presorted Key: s_1.a
         Sort Method: quicksort  Memory: 29kB
         Sort Groups: 2706
         ->  Sort  (cost=9941.82..10191.82 rows=100000 width=20) (actual time=16.481..20.551 rows=100000 loops=1)
               Sort Key: s_1.a
               Sort Method: quicksort  Memory: 10885kB
               ->  Seq Scan on s_1  (cost=0.00..1637.00 rows=100000 width=20) (actual time=0.007..5.564 rows=100000 loops=1)
 Planning time: 0.207 ms
 Execution time: 43.609 ms
(12 rows)

===== 418 [Wed Mar  7 02:03:21 CET 2018] scale:100000 groups:10000 work_mem:32MB incremental:on max_workers:2 =====
SELECT * FROM (SELECT * FROM s_2 ORDER BY a, b) foo ORDER BY a, b, c
                                                         QUERY PLAN                                                          
-----------------------------------------------------------------------------------------------------------------------------
 Limit  (cost=15802.78..15802.78 rows=1 width=20) (actual time=36.798..36.798 rows=0 loops=1)
   ->  Incremental Sort  (cost=9942.11..14802.78 rows=100000 width=20) (actual time=17.834..34.290 rows=100000 loops=1)
         Sort Key: s_2.a, s_2.b, s_2.c
         Presorted Key: s_2.a, s_2.b
         Sort Method: quicksort  Memory: 27kB
         Sort Groups: 3125
         ->  Sort  (cost=9941.82..10191.82 rows=100000 width=20) (actual time=17.792..21.932 rows=100000 loops=1)
               Sort Key: s_2.a, s_2.b
               Sort Method: quicksort  Memory: 10885kB
               ->  Seq Scan on s_2  (cost=0.00..1637.00 rows=100000 width=20) (actual time=0.013..5.600 rows=100000 loops=1)
 Planning time: 0.213 ms
 Execution time: 37.263 ms
(12 rows)

===== 419 [Wed Mar  7 02:03:22 CET 2018] scale:100000 groups:10000 work_mem:32MB incremental:on max_workers:2 =====
SELECT * FROM (SELECT * FROM s_3 ORDER BY a, b, c) foo ORDER BY a, b, c, d
                                                         QUERY PLAN                                                          
-----------------------------------------------------------------------------------------------------------------------------
 Limit  (cost=15802.78..15802.78 rows=1 width=20) (actual time=38.574..38.574 rows=0 loops=1)
   ->  Incremental Sort  (cost=9942.11..14802.78 rows=100000 width=20) (actual time=17.749..36.015 rows=100000 loops=1)
         Sort Key: s_3.a, s_3.b, s_3.c, s_3.d
         Presorted Key: s_3.a, s_3.b, s_3.c
         Sort Method: quicksort  Memory: 27kB
         Sort Groups: 3125
         ->  Sort  (cost=9941.82..10191.82 rows=100000 width=20) (actual time=17.707..21.772 rows=100000 loops=1)
               Sort Key: s_3.a, s_3.b, s_3.c
               Sort Method: quicksort  Memory: 10885kB
               ->  Seq Scan on s_3  (cost=0.00..1637.00 rows=100000 width=20) (actual time=0.011..5.596 rows=100000 loops=1)
 Planning time: 0.217 ms
 Execution time: 39.040 ms
(12 rows)

===== 420 [Wed Mar  7 02:03:22 CET 2018] scale:100000 groups:10000 work_mem:32MB incremental:on max_workers:2 =====
SELECT * FROM (SELECT * FROM s_4 ORDER BY a, b, c, d) foo ORDER BY a, b, c, d, e
                                                         QUERY PLAN                                                          
-----------------------------------------------------------------------------------------------------------------------------
 Limit  (cost=15802.78..15802.78 rows=1 width=20) (actual time=38.361..38.361 rows=0 loops=1)
   ->  Incremental Sort  (cost=9942.11..14802.78 rows=100000 width=20) (actual time=17.762..36.121 rows=100000 loops=1)
         Sort Key: s_4.a, s_4.b, s_4.c, s_4.d, s_4.e
         Presorted Key: s_4.a, s_4.b, s_4.c, s_4.d
         Sort Method: quicksort  Memory: 27kB
         Sort Groups: 3125
         ->  Sort  (cost=9941.82..10191.82 rows=100000 width=20) (actual time=17.720..21.888 rows=100000 loops=1)
               Sort Key: s_4.a, s_4.b, s_4.c, s_4.d
               Sort Method: quicksort  Memory: 10885kB
               ->  Seq Scan on s_4  (cost=0.00..1637.00 rows=100000 width=20) (actual time=0.007..5.590 rows=100000 loops=1)
 Planning time: 0.227 ms
 Execution time: 38.839 ms
(12 rows)

===== 421 [Wed Mar  7 02:03:22 CET 2018] scale:100000 groups:10000 work_mem:32MB incremental:off max_workers:2 =====
SELECT * FROM (SELECT * FROM s_1 ORDER BY a) foo ORDER BY a, b
                                                         QUERY PLAN                                                          
-----------------------------------------------------------------------------------------------------------------------------
 Limit  (cost=20746.64..20746.64 rows=1 width=20) (actual time=52.548..52.548 rows=0 loops=1)
   ->  Sort  (cost=19496.64..19746.64 rows=100000 width=20) (actual time=46.676..50.368 rows=100000 loops=1)
         Sort Key: s_1.a, s_1.b
         Sort Method: quicksort  Memory: 10885kB
         ->  Sort  (cost=9941.82..10191.82 rows=100000 width=20) (actual time=16.419..20.178 rows=100000 loops=1)
               Sort Key: s_1.a
               Sort Method: quicksort  Memory: 10885kB
               ->  Seq Scan on s_1  (cost=0.00..1637.00 rows=100000 width=20) (actual time=0.007..5.587 rows=100000 loops=1)
 Planning time: 0.215 ms
 Execution time: 53.463 ms
(10 rows)

===== 422 [Wed Mar  7 02:03:22 CET 2018] scale:100000 groups:10000 work_mem:32MB incremental:off max_workers:2 =====
SELECT * FROM (SELECT * FROM s_2 ORDER BY a, b) foo ORDER BY a, b, c
                                                         QUERY PLAN                                                          
-----------------------------------------------------------------------------------------------------------------------------
 Limit  (cost=20746.64..20746.64 rows=1 width=20) (actual time=44.634..44.634 rows=0 loops=1)
   ->  Sort  (cost=19496.64..19746.64 rows=100000 width=20) (actual time=39.196..42.456 rows=100000 loops=1)
         Sort Key: s_2.a, s_2.b, s_2.c
         Sort Method: quicksort  Memory: 10885kB
         ->  Sort  (cost=9941.82..10191.82 rows=100000 width=20) (actual time=17.730..21.491 rows=100000 loops=1)
               Sort Key: s_2.a, s_2.b
               Sort Method: quicksort  Memory: 10885kB
               ->  Seq Scan on s_2  (cost=0.00..1637.00 rows=100000 width=20) (actual time=0.012..5.602 rows=100000 loops=1)
 Planning time: 0.205 ms
 Execution time: 45.544 ms
(10 rows)

===== 423 [Wed Mar  7 02:03:23 CET 2018] scale:100000 groups:10000 work_mem:32MB incremental:off max_workers:2 =====
SELECT * FROM (SELECT * FROM s_3 ORDER BY a, b, c) foo ORDER BY a, b, c, d
                                                         QUERY PLAN                                                          
-----------------------------------------------------------------------------------------------------------------------------
 Limit  (cost=20746.64..20746.64 rows=1 width=20) (actual time=38.658..38.658 rows=0 loops=1)
   ->  Sort  (cost=19496.64..19746.64 rows=100000 width=20) (actual time=33.146..36.482 rows=100000 loops=1)
         Sort Key: s_3.a, s_3.b, s_3.c, s_3.d
         Sort Method: quicksort  Memory: 10885kB
         ->  Sort  (cost=9941.82..10191.82 rows=100000 width=20) (actual time=17.681..21.441 rows=100000 loops=1)
               Sort Key: s_3.a, s_3.b, s_3.c
               Sort Method: quicksort  Memory: 10885kB
               ->  Seq Scan on s_3  (cost=0.00..1637.00 rows=100000 width=20) (actual time=0.010..5.596 rows=100000 loops=1)
 Planning time: 0.207 ms
 Execution time: 39.574 ms
(10 rows)

===== 424 [Wed Mar  7 02:03:23 CET 2018] scale:100000 groups:10000 work_mem:32MB incremental:off max_workers:2 =====
SELECT * FROM (SELECT * FROM s_4 ORDER BY a, b, c, d) foo ORDER BY a, b, c, d, e
                                                         QUERY PLAN                                                          
-----------------------------------------------------------------------------------------------------------------------------
 Limit  (cost=20746.64..20746.64 rows=1 width=20) (actual time=38.728..38.728 rows=0 loops=1)
   ->  Sort  (cost=19496.64..19746.64 rows=100000 width=20) (actual time=33.226..36.539 rows=100000 loops=1)
         Sort Key: s_4.a, s_4.b, s_4.c, s_4.d, s_4.e
         Sort Method: quicksort  Memory: 10885kB
         ->  Sort  (cost=9941.82..10191.82 rows=100000 width=20) (actual time=17.764..21.541 rows=100000 loops=1)
               Sort Key: s_4.a, s_4.b, s_4.c, s_4.d
               Sort Method: quicksort  Memory: 10885kB
               ->  Seq Scan on s_4  (cost=0.00..1637.00 rows=100000 width=20) (actual time=0.007..5.618 rows=100000 loops=1)
 Planning time: 0.226 ms
 Execution time: 39.635 ms
(10 rows)

===== 425 [Wed Mar  7 02:03:23 CET 2018] scale:100000 groups:10000 work_mem:64MB incremental:on max_workers:2 =====
SELECT * FROM (SELECT * FROM s_1 ORDER BY a) foo ORDER BY a, b
                                                         QUERY PLAN                                                          
-----------------------------------------------------------------------------------------------------------------------------
 Limit  (cost=15811.22..15811.22 rows=1 width=20) (actual time=41.689..41.689 rows=0 loops=1)
   ->  Incremental Sort  (cost=9942.12..14811.22 rows=100000 width=20) (actual time=16.491..39.501 rows=100000 loops=1)
         Sort Key: s_1.a, s_1.b
         Presorted Key: s_1.a
         Sort Method: quicksort  Memory: 29kB
         Sort Groups: 2706
         ->  Sort  (cost=9941.82..10191.82 rows=100000 width=20) (actual time=16.437..20.522 rows=100000 loops=1)
               Sort Key: s_1.a
               Sort Method: quicksort  Memory: 10885kB
               ->  Seq Scan on s_1  (cost=0.00..1637.00 rows=100000 width=20) (actual time=0.007..5.589 rows=100000 loops=1)
 Planning time: 0.209 ms
 Execution time: 42.152 ms
(12 rows)

===== 426 [Wed Mar  7 02:03:23 CET 2018] scale:100000 groups:10000 work_mem:64MB incremental:on max_workers:2 =====
SELECT * FROM (SELECT * FROM s_2 ORDER BY a, b) foo ORDER BY a, b, c
                                                         QUERY PLAN                                                          
-----------------------------------------------------------------------------------------------------------------------------
 Limit  (cost=15802.78..15802.78 rows=1 width=20) (actual time=36.071..36.071 rows=0 loops=1)
   ->  Incremental Sort  (cost=9942.11..14802.78 rows=100000 width=20) (actual time=17.719..33.894 rows=100000 loops=1)
         Sort Key: s_2.a, s_2.b, s_2.c
         Presorted Key: s_2.a, s_2.b
         Sort Method: quicksort  Memory: 27kB
         Sort Groups: 3125
         ->  Sort  (cost=9941.82..10191.82 rows=100000 width=20) (actual time=17.673..21.835 rows=100000 loops=1)
               Sort Key: s_2.a, s_2.b
               Sort Method: quicksort  Memory: 10885kB
               ->  Seq Scan on s_2  (cost=0.00..1637.00 rows=100000 width=20) (actual time=0.012..5.625 rows=100000 loops=1)
 Planning time: 0.213 ms
 Execution time: 36.540 ms
(12 rows)

===== 427 [Wed Mar  7 02:03:24 CET 2018] scale:100000 groups:10000 work_mem:64MB incremental:on max_workers:2 =====
SELECT * FROM (SELECT * FROM s_3 ORDER BY a, b, c) foo ORDER BY a, b, c, d
                                                         QUERY PLAN                                                          
-----------------------------------------------------------------------------------------------------------------------------
 Limit  (cost=15802.78..15802.78 rows=1 width=20) (actual time=36.724..36.724 rows=0 loops=1)
   ->  Incremental Sort  (cost=9942.11..14802.78 rows=100000 width=20) (actual time=17.622..34.548 rows=100000 loops=1)
         Sort Key: s_3.a, s_3.b, s_3.c, s_3.d
         Presorted Key: s_3.a, s_3.b, s_3.c
         Sort Method: quicksort  Memory: 27kB
         Sort Groups: 3125
         ->  Sort  (cost=9941.82..10191.82 rows=100000 width=20) (actual time=17.576..21.597 rows=100000 loops=1)
               Sort Key: s_3.a, s_3.b, s_3.c
               Sort Method: quicksort  Memory: 10885kB
               ->  Seq Scan on s_3  (cost=0.00..1637.00 rows=100000 width=20) (actual time=0.010..5.572 rows=100000 loops=1)
 Planning time: 0.216 ms
 Execution time: 37.191 ms
(12 rows)

===== 428 [Wed Mar  7 02:03:24 CET 2018] scale:100000 groups:10000 work_mem:64MB incremental:on max_workers:2 =====
SELECT * FROM (SELECT * FROM s_4 ORDER BY a, b, c, d) foo ORDER BY a, b, c, d, e
                                                         QUERY PLAN                                                          
-----------------------------------------------------------------------------------------------------------------------------
 Limit  (cost=15802.78..15802.78 rows=1 width=20) (actual time=36.950..36.950 rows=0 loops=1)
   ->  Incremental Sort  (cost=9942.11..14802.78 rows=100000 width=20) (actual time=17.746..34.774 rows=100000 loops=1)
         Sort Key: s_4.a, s_4.b, s_4.c, s_4.d, s_4.e
         Presorted Key: s_4.a, s_4.b, s_4.c, s_4.d
         Sort Method: quicksort  Memory: 27kB
         Sort Groups: 3125
         ->  Sort  (cost=9941.82..10191.82 rows=100000 width=20) (actual time=17.698..21.843 rows=100000 loops=1)
               Sort Key: s_4.a, s_4.b, s_4.c, s_4.d
               Sort Method: quicksort  Memory: 10885kB
               ->  Seq Scan on s_4  (cost=0.00..1637.00 rows=100000 width=20) (actual time=0.006..5.578 rows=100000 loops=1)
 Planning time: 0.228 ms
 Execution time: 37.428 ms
(12 rows)

===== 429 [Wed Mar  7 02:03:24 CET 2018] scale:100000 groups:10000 work_mem:64MB incremental:off max_workers:2 =====
SELECT * FROM (SELECT * FROM s_1 ORDER BY a) foo ORDER BY a, b
                                                         QUERY PLAN                                                          
-----------------------------------------------------------------------------------------------------------------------------
 Limit  (cost=20746.64..20746.64 rows=1 width=20) (actual time=52.475..52.475 rows=0 loops=1)
   ->  Sort  (cost=19496.64..19746.64 rows=100000 width=20) (actual time=46.628..50.307 rows=100000 loops=1)
         Sort Key: s_1.a, s_1.b
         Sort Method: quicksort  Memory: 10885kB
         ->  Sort  (cost=9941.82..10191.82 rows=100000 width=20) (actual time=16.389..20.142 rows=100000 loops=1)
               Sort Key: s_1.a
               Sort Method: quicksort  Memory: 10885kB
               ->  Seq Scan on s_1  (cost=0.00..1637.00 rows=100000 width=20) (actual time=0.007..5.594 rows=100000 loops=1)
 Planning time: 0.202 ms
 Execution time: 53.385 ms
(10 rows)

===== 430 [Wed Mar  7 02:03:24 CET 2018] scale:100000 groups:10000 work_mem:64MB incremental:off max_workers:2 =====
SELECT * FROM (SELECT * FROM s_2 ORDER BY a, b) foo ORDER BY a, b, c
                                                         QUERY PLAN                                                          
-----------------------------------------------------------------------------------------------------------------------------
 Limit  (cost=20746.64..20746.64 rows=1 width=20) (actual time=44.598..44.598 rows=0 loops=1)
   ->  Sort  (cost=19496.64..19746.64 rows=100000 width=20) (actual time=39.160..42.427 rows=100000 loops=1)
         Sort Key: s_2.a, s_2.b, s_2.c
         Sort Method: quicksort  Memory: 10885kB
         ->  Sort  (cost=9941.82..10191.82 rows=100000 width=20) (actual time=17.704..21.475 rows=100000 loops=1)
               Sort Key: s_2.a, s_2.b
               Sort Method: quicksort  Memory: 10885kB
               ->  Seq Scan on s_2  (cost=0.00..1637.00 rows=100000 width=20) (actual time=0.012..5.596 rows=100000 loops=1)
 Planning time: 0.205 ms
 Execution time: 45.505 ms
(10 rows)

===== 431 [Wed Mar  7 02:03:25 CET 2018] scale:100000 groups:10000 work_mem:64MB incremental:off max_workers:2 =====
SELECT * FROM (SELECT * FROM s_3 ORDER BY a, b, c) foo ORDER BY a, b, c, d
                                                         QUERY PLAN                                                          
-----------------------------------------------------------------------------------------------------------------------------
 Limit  (cost=20746.64..20746.64 rows=1 width=20) (actual time=38.700..38.700 rows=0 loops=1)
   ->  Sort  (cost=19496.64..19746.64 rows=100000 width=20) (actual time=33.185..36.523 rows=100000 loops=1)
         Sort Key: s_3.a, s_3.b, s_3.c, s_3.d
         Sort Method: quicksort  Memory: 10885kB
         ->  Sort  (cost=9941.82..10191.82 rows=100000 width=20) (actual time=17.721..21.493 rows=100000 loops=1)
               Sort Key: s_3.a, s_3.b, s_3.c
               Sort Method: quicksort  Memory: 10885kB
               ->  Seq Scan on s_3  (cost=0.00..1637.00 rows=100000 width=20) (actual time=0.010..5.606 rows=100000 loops=1)
 Planning time: 0.208 ms
 Execution time: 39.609 ms
(10 rows)

===== 432 [Wed Mar  7 02:03:25 CET 2018] scale:100000 groups:10000 work_mem:64MB incremental:off max_workers:2 =====
SELECT * FROM (SELECT * FROM s_4 ORDER BY a, b, c, d) foo ORDER BY a, b, c, d, e
                                                         QUERY PLAN                                                          
-----------------------------------------------------------------------------------------------------------------------------
 Limit  (cost=20746.64..20746.64 rows=1 width=20) (actual time=38.756..38.756 rows=0 loops=1)
   ->  Sort  (cost=19496.64..19746.64 rows=100000 width=20) (actual time=33.245..36.566 rows=100000 loops=1)
         Sort Key: s_4.a, s_4.b, s_4.c, s_4.d, s_4.e
         Sort Method: quicksort  Memory: 10885kB
         ->  Sort  (cost=9941.82..10191.82 rows=100000 width=20) (actual time=17.771..21.533 rows=100000 loops=1)
               Sort Key: s_4.a, s_4.b, s_4.c, s_4.d
               Sort Method: quicksort  Memory: 10885kB
               ->  Seq Scan on s_4  (cost=0.00..1637.00 rows=100000 width=20) (actual time=0.006..5.617 rows=100000 loops=1)
 Planning time: 0.222 ms
 Execution time: 39.666 ms
(10 rows)

===== 433 [Wed Mar  7 02:03:25 CET 2018] scale:100000 groups:10000 work_mem:128MB incremental:on max_workers:2 =====
SELECT * FROM (SELECT * FROM s_1 ORDER BY a) foo ORDER BY a, b
                                                         QUERY PLAN                                                          
-----------------------------------------------------------------------------------------------------------------------------
 Limit  (cost=15811.22..15811.22 rows=1 width=20) (actual time=43.099..43.099 rows=0 loops=1)
   ->  Incremental Sort  (cost=9942.12..14811.22 rows=100000 width=20) (actual time=16.510..40.537 rows=100000 loops=1)
         Sort Key: s_1.a, s_1.b
         Presorted Key: s_1.a
         Sort Method: quicksort  Memory: 29kB
         Sort Groups: 2706
         ->  Sort  (cost=9941.82..10191.82 rows=100000 width=20) (actual time=16.464..20.525 rows=100000 loops=1)
               Sort Key: s_1.a
               Sort Method: quicksort  Memory: 10885kB
               ->  Seq Scan on s_1  (cost=0.00..1637.00 rows=100000 width=20) (actual time=0.007..5.564 rows=100000 loops=1)
 Planning time: 0.210 ms
 Execution time: 43.567 ms
(12 rows)

===== 434 [Wed Mar  7 02:03:25 CET 2018] scale:100000 groups:10000 work_mem:128MB incremental:on max_workers:2 =====
SELECT * FROM (SELECT * FROM s_2 ORDER BY a, b) foo ORDER BY a, b, c
                                                         QUERY PLAN                                                          
-----------------------------------------------------------------------------------------------------------------------------
 Limit  (cost=15802.78..15802.78 rows=1 width=20) (actual time=36.843..36.843 rows=0 loops=1)
   ->  Incremental Sort  (cost=9942.11..14802.78 rows=100000 width=20) (actual time=17.860..34.333 rows=100000 loops=1)
         Sort Key: s_2.a, s_2.b, s_2.c
         Presorted Key: s_2.a, s_2.b
         Sort Method: quicksort  Memory: 27kB
         Sort Groups: 3125
         ->  Sort  (cost=9941.82..10191.82 rows=100000 width=20) (actual time=17.820..21.962 rows=100000 loops=1)
               Sort Key: s_2.a, s_2.b
               Sort Method: quicksort  Memory: 10885kB
               ->  Seq Scan on s_2  (cost=0.00..1637.00 rows=100000 width=20) (actual time=0.012..5.614 rows=100000 loops=1)
 Planning time: 0.215 ms
 Execution time: 37.311 ms
(12 rows)

===== 435 [Wed Mar  7 02:03:26 CET 2018] scale:100000 groups:10000 work_mem:128MB incremental:on max_workers:2 =====
SELECT * FROM (SELECT * FROM s_3 ORDER BY a, b, c) foo ORDER BY a, b, c, d
                                                         QUERY PLAN                                                          
-----------------------------------------------------------------------------------------------------------------------------
 Limit  (cost=15802.78..15802.78 rows=1 width=20) (actual time=38.536..38.536 rows=0 loops=1)
   ->  Incremental Sort  (cost=9942.11..14802.78 rows=100000 width=20) (actual time=17.741..35.980 rows=100000 loops=1)
         Sort Key: s_3.a, s_3.b, s_3.c, s_3.d
         Presorted Key: s_3.a, s_3.b, s_3.c
         Sort Method: quicksort  Memory: 27kB
         Sort Groups: 3125
         ->  Sort  (cost=9941.82..10191.82 rows=100000 width=20) (actual time=17.691..21.754 rows=100000 loops=1)
               Sort Key: s_3.a, s_3.b, s_3.c
               Sort Method: quicksort  Memory: 10885kB
               ->  Seq Scan on s_3  (cost=0.00..1637.00 rows=100000 width=20) (actual time=0.010..5.606 rows=100000 loops=1)
 Planning time: 0.215 ms
 Execution time: 39.001 ms
(12 rows)

===== 436 [Wed Mar  7 02:03:26 CET 2018] scale:100000 groups:10000 work_mem:128MB incremental:on max_workers:2 =====
SELECT * FROM (SELECT * FROM s_4 ORDER BY a, b, c, d) foo ORDER BY a, b, c, d, e
                                                         QUERY PLAN                                                          
-----------------------------------------------------------------------------------------------------------------------------
 Limit  (cost=15802.78..15802.78 rows=1 width=20) (actual time=38.347..38.347 rows=0 loops=1)
   ->  Incremental Sort  (cost=9942.11..14802.78 rows=100000 width=20) (actual time=17.720..36.110 rows=100000 loops=1)
         Sort Key: s_4.a, s_4.b, s_4.c, s_4.d, s_4.e
         Presorted Key: s_4.a, s_4.b, s_4.c, s_4.d
         Sort Method: quicksort  Memory: 27kB
         Sort Groups: 3125
         ->  Sort  (cost=9941.82..10191.82 rows=100000 width=20) (actual time=17.673..21.847 rows=100000 loops=1)
               Sort Key: s_4.a, s_4.b, s_4.c, s_4.d
               Sort Method: quicksort  Memory: 10885kB
               ->  Seq Scan on s_4  (cost=0.00..1637.00 rows=100000 width=20) (actual time=0.007..5.587 rows=100000 loops=1)
 Planning time: 0.231 ms
 Execution time: 38.817 ms
(12 rows)

===== 437 [Wed Mar  7 02:03:26 CET 2018] scale:100000 groups:10000 work_mem:128MB incremental:off max_workers:2 =====
SELECT * FROM (SELECT * FROM s_1 ORDER BY a) foo ORDER BY a, b
                                                         QUERY PLAN                                                          
-----------------------------------------------------------------------------------------------------------------------------
 Limit  (cost=20746.64..20746.64 rows=1 width=20) (actual time=52.531..52.531 rows=0 loops=1)
   ->  Sort  (cost=19496.64..19746.64 rows=100000 width=20) (actual time=46.680..50.359 rows=100000 loops=1)
         Sort Key: s_1.a, s_1.b
         Sort Method: quicksort  Memory: 10885kB
         ->  Sort  (cost=9941.82..10191.82 rows=100000 width=20) (actual time=16.405..20.166 rows=100000 loops=1)
               Sort Key: s_1.a
               Sort Method: quicksort  Memory: 10885kB
               ->  Seq Scan on s_1  (cost=0.00..1637.00 rows=100000 width=20) (actual time=0.007..5.581 rows=100000 loops=1)
 Planning time: 0.204 ms
 Execution time: 53.440 ms
(10 rows)

===== 438 [Wed Mar  7 02:03:26 CET 2018] scale:100000 groups:10000 work_mem:128MB incremental:off max_workers:2 =====
SELECT * FROM (SELECT * FROM s_2 ORDER BY a, b) foo ORDER BY a, b, c
                                                         QUERY PLAN                                                          
-----------------------------------------------------------------------------------------------------------------------------
 Limit  (cost=20746.64..20746.64 rows=1 width=20) (actual time=44.551..44.551 rows=0 loops=1)
   ->  Sort  (cost=19496.64..19746.64 rows=100000 width=20) (actual time=39.123..42.375 rows=100000 loops=1)
         Sort Key: s_2.a, s_2.b, s_2.c
         Sort Method: quicksort  Memory: 10885kB
         ->  Sort  (cost=9941.82..10191.82 rows=100000 width=20) (actual time=17.696..21.461 rows=100000 loops=1)
               Sort Key: s_2.a, s_2.b
               Sort Method: quicksort  Memory: 10885kB
               ->  Seq Scan on s_2  (cost=0.00..1637.00 rows=100000 width=20) (actual time=0.012..5.602 rows=100000 loops=1)
 Planning time: 0.212 ms
 Execution time: 45.459 ms
(10 rows)

===== 439 [Wed Mar  7 02:03:27 CET 2018] scale:100000 groups:10000 work_mem:128MB incremental:off max_workers:2 =====
SELECT * FROM (SELECT * FROM s_3 ORDER BY a, b, c) foo ORDER BY a, b, c, d
                                                         QUERY PLAN                                                          
-----------------------------------------------------------------------------------------------------------------------------
 Limit  (cost=20746.64..20746.64 rows=1 width=20) (actual time=38.688..38.688 rows=0 loops=1)
   ->  Sort  (cost=19496.64..19746.64 rows=100000 width=20) (actual time=33.172..36.518 rows=100000 loops=1)
         Sort Key: s_3.a, s_3.b, s_3.c, s_3.d
         Sort Method: quicksort  Memory: 10885kB
         ->  Sort  (cost=9941.82..10191.82 rows=100000 width=20) (actual time=17.718..21.490 rows=100000 loops=1)
               Sort Key: s_3.a, s_3.b, s_3.c
               Sort Method: quicksort  Memory: 10885kB
               ->  Seq Scan on s_3  (cost=0.00..1637.00 rows=100000 width=20) (actual time=0.010..5.591 rows=100000 loops=1)
 Planning time: 0.207 ms
 Execution time: 39.595 ms
(10 rows)

===== 440 [Wed Mar  7 02:03:27 CET 2018] scale:100000 groups:10000 work_mem:128MB incremental:off max_workers:2 =====
SELECT * FROM (SELECT * FROM s_4 ORDER BY a, b, c, d) foo ORDER BY a, b, c, d, e
                                                         QUERY PLAN                                                          
-----------------------------------------------------------------------------------------------------------------------------
 Limit  (cost=20746.64..20746.64 rows=1 width=20) (actual time=38.786..38.786 rows=0 loops=1)
   ->  Sort  (cost=19496.64..19746.64 rows=100000 width=20) (actual time=33.281..36.600 rows=100000 loops=1)
         Sort Key: s_4.a, s_4.b, s_4.c, s_4.d, s_4.e
         Sort Method: quicksort  Memory: 10885kB
         ->  Sort  (cost=9941.82..10191.82 rows=100000 width=20) (actual time=17.793..21.547 rows=100000 loops=1)
               Sort Key: s_4.a, s_4.b, s_4.c, s_4.d
               Sort Method: quicksort  Memory: 10885kB
               ->  Seq Scan on s_4  (cost=0.00..1637.00 rows=100000 width=20) (actual time=0.007..5.614 rows=100000 loops=1)
 Planning time: 0.223 ms
 Execution time: 39.703 ms
(10 rows)

===== 441 [Wed Mar  7 02:03:27 CET 2018] scale:100000 groups:10000 work_mem:256MB incremental:on max_workers:2 =====
SELECT * FROM (SELECT * FROM s_1 ORDER BY a) foo ORDER BY a, b
                                                         QUERY PLAN                                                          
-----------------------------------------------------------------------------------------------------------------------------
 Limit  (cost=15811.22..15811.22 rows=1 width=20) (actual time=43.079..43.079 rows=0 loops=1)
   ->  Incremental Sort  (cost=9942.12..14811.22 rows=100000 width=20) (actual time=16.482..40.521 rows=100000 loops=1)
         Sort Key: s_1.a, s_1.b
         Presorted Key: s_1.a
         Sort Method: quicksort  Memory: 29kB
         Sort Groups: 2706
         ->  Sort  (cost=9941.82..10191.82 rows=100000 width=20) (actual time=16.436..20.497 rows=100000 loops=1)
               Sort Key: s_1.a
               Sort Method: quicksort  Memory: 10885kB
               ->  Seq Scan on s_1  (cost=0.00..1637.00 rows=100000 width=20) (actual time=0.007..5.555 rows=100000 loops=1)
 Planning time: 0.211 ms
 Execution time: 43.545 ms
(12 rows)

===== 442 [Wed Mar  7 02:03:27 CET 2018] scale:100000 groups:10000 work_mem:256MB incremental:on max_workers:2 =====
SELECT * FROM (SELECT * FROM s_2 ORDER BY a, b) foo ORDER BY a, b, c
                                                         QUERY PLAN                                                          
-----------------------------------------------------------------------------------------------------------------------------
 Limit  (cost=15802.78..15802.78 rows=1 width=20) (actual time=36.837..36.837 rows=0 loops=1)
   ->  Incremental Sort  (cost=9942.11..14802.78 rows=100000 width=20) (actual time=17.855..34.324 rows=100000 loops=1)
         Sort Key: s_2.a, s_2.b, s_2.c
         Presorted Key: s_2.a, s_2.b
         Sort Method: quicksort  Memory: 27kB
         Sort Groups: 3125
         ->  Sort  (cost=9941.82..10191.82 rows=100000 width=20) (actual time=17.815..21.969 rows=100000 loops=1)
               Sort Key: s_2.a, s_2.b
               Sort Method: quicksort  Memory: 10885kB
               ->  Seq Scan on s_2  (cost=0.00..1637.00 rows=100000 width=20) (actual time=0.012..5.596 rows=100000 loops=1)
 Planning time: 0.214 ms
 Execution time: 37.306 ms
(12 rows)

===== 443 [Wed Mar  7 02:03:28 CET 2018] scale:100000 groups:10000 work_mem:256MB incremental:on max_workers:2 =====
SELECT * FROM (SELECT * FROM s_3 ORDER BY a, b, c) foo ORDER BY a, b, c, d
                                                         QUERY PLAN                                                          
-----------------------------------------------------------------------------------------------------------------------------
 Limit  (cost=15802.78..15802.78 rows=1 width=20) (actual time=38.565..38.565 rows=0 loops=1)
   ->  Incremental Sort  (cost=9942.11..14802.78 rows=100000 width=20) (actual time=17.724..36.007 rows=100000 loops=1)
         Sort Key: s_3.a, s_3.b, s_3.c, s_3.d
         Presorted Key: s_3.a, s_3.b, s_3.c
         Sort Method: quicksort  Memory: 27kB
         Sort Groups: 3125
         ->  Sort  (cost=9941.82..10191.82 rows=100000 width=20) (actual time=17.682..21.744 rows=100000 loops=1)
               Sort Key: s_3.a, s_3.b, s_3.c
               Sort Method: quicksort  Memory: 10885kB
               ->  Seq Scan on s_3  (cost=0.00..1637.00 rows=100000 width=20) (actual time=0.010..5.590 rows=100000 loops=1)
 Planning time: 0.228 ms
 Execution time: 39.032 ms
(12 rows)

===== 444 [Wed Mar  7 02:03:28 CET 2018] scale:100000 groups:10000 work_mem:256MB incremental:on max_workers:2 =====
SELECT * FROM (SELECT * FROM s_4 ORDER BY a, b, c, d) foo ORDER BY a, b, c, d, e
                                                         QUERY PLAN                                                          
-----------------------------------------------------------------------------------------------------------------------------
 Limit  (cost=15802.78..15802.78 rows=1 width=20) (actual time=38.388..38.388 rows=0 loops=1)
   ->  Incremental Sort  (cost=9942.11..14802.78 rows=100000 width=20) (actual time=17.780..36.151 rows=100000 loops=1)
         Sort Key: s_4.a, s_4.b, s_4.c, s_4.d, s_4.e
         Presorted Key: s_4.a, s_4.b, s_4.c, s_4.d
         Sort Method: quicksort  Memory: 27kB
         Sort Groups: 3125
         ->  Sort  (cost=9941.82..10191.82 rows=100000 width=20) (actual time=17.737..21.911 rows=100000 loops=1)
               Sort Key: s_4.a, s_4.b, s_4.c, s_4.d
               Sort Method: quicksort  Memory: 10885kB
               ->  Seq Scan on s_4  (cost=0.00..1637.00 rows=100000 width=20) (actual time=0.006..5.584 rows=100000 loops=1)
 Planning time: 0.228 ms
 Execution time: 38.861 ms
(12 rows)

===== 445 [Wed Mar  7 02:03:28 CET 2018] scale:100000 groups:10000 work_mem:256MB incremental:off max_workers:2 =====
SELECT * FROM (SELECT * FROM s_1 ORDER BY a) foo ORDER BY a, b
                                                         QUERY PLAN                                                          
-----------------------------------------------------------------------------------------------------------------------------
 Limit  (cost=20746.64..20746.64 rows=1 width=20) (actual time=52.488..52.488 rows=0 loops=1)
   ->  Sort  (cost=19496.64..19746.64 rows=100000 width=20) (actual time=46.628..50.320 rows=100000 loops=1)
         Sort Key: s_1.a, s_1.b
         Sort Method: quicksort  Memory: 10885kB
         ->  Sort  (cost=9941.82..10191.82 rows=100000 width=20) (actual time=16.405..20.161 rows=100000 loops=1)
               Sort Key: s_1.a
               Sort Method: quicksort  Memory: 10885kB
               ->  Seq Scan on s_1  (cost=0.00..1637.00 rows=100000 width=20) (actual time=0.007..5.609 rows=100000 loops=1)
 Planning time: 0.204 ms
 Execution time: 53.401 ms
(10 rows)

===== 446 [Wed Mar  7 02:03:28 CET 2018] scale:100000 groups:10000 work_mem:256MB incremental:off max_workers:2 =====
SELECT * FROM (SELECT * FROM s_2 ORDER BY a, b) foo ORDER BY a, b, c
                                                         QUERY PLAN                                                          
-----------------------------------------------------------------------------------------------------------------------------
 Limit  (cost=20746.64..20746.64 rows=1 width=20) (actual time=44.588..44.588 rows=0 loops=1)
   ->  Sort  (cost=19496.64..19746.64 rows=100000 width=20) (actual time=39.162..42.412 rows=100000 loops=1)
         Sort Key: s_2.a, s_2.b, s_2.c
         Sort Method: quicksort  Memory: 10885kB
         ->  Sort  (cost=9941.82..10191.82 rows=100000 width=20) (actual time=17.710..21.494 rows=100000 loops=1)
               Sort Key: s_2.a, s_2.b
               Sort Method: quicksort  Memory: 10885kB
               ->  Seq Scan on s_2  (cost=0.00..1637.00 rows=100000 width=20) (actual time=0.012..5.610 rows=100000 loops=1)
 Planning time: 0.206 ms
 Execution time: 45.496 ms
(10 rows)

===== 447 [Wed Mar  7 02:03:29 CET 2018] scale:100000 groups:10000 work_mem:256MB incremental:off max_workers:2 =====
SELECT * FROM (SELECT * FROM s_3 ORDER BY a, b, c) foo ORDER BY a, b, c, d
                                                         QUERY PLAN                                                          
-----------------------------------------------------------------------------------------------------------------------------
 Limit  (cost=20746.64..20746.64 rows=1 width=20) (actual time=38.640..38.640 rows=0 loops=1)
   ->  Sort  (cost=19496.64..19746.64 rows=100000 width=20) (actual time=33.123..36.461 rows=100000 loops=1)
         Sort Key: s_3.a, s_3.b, s_3.c, s_3.d
         Sort Method: quicksort  Memory: 10885kB
         ->  Sort  (cost=9941.82..10191.82 rows=100000 width=20) (actual time=17.698..21.460 rows=100000 loops=1)
               Sort Key: s_3.a, s_3.b, s_3.c
               Sort Method: quicksort  Memory: 10885kB
               ->  Seq Scan on s_3  (cost=0.00..1637.00 rows=100000 width=20) (actual time=0.010..5.607 rows=100000 loops=1)
 Planning time: 0.207 ms
 Execution time: 39.547 ms
(10 rows)

===== 448 [Wed Mar  7 02:03:29 CET 2018] scale:100000 groups:10000 work_mem:256MB incremental:off max_workers:2 =====
SELECT * FROM (SELECT * FROM s_4 ORDER BY a, b, c, d) foo ORDER BY a, b, c, d, e
                                                         QUERY PLAN                                                          
-----------------------------------------------------------------------------------------------------------------------------
 Limit  (cost=20746.64..20746.64 rows=1 width=20) (actual time=38.656..38.656 rows=0 loops=1)
   ->  Sort  (cost=19496.64..19746.64 rows=100000 width=20) (actual time=33.141..36.456 rows=100000 loops=1)
         Sort Key: s_4.a, s_4.b, s_4.c, s_4.d, s_4.e
         Sort Method: quicksort  Memory: 10885kB
         ->  Sort  (cost=9941.82..10191.82 rows=100000 width=20) (actual time=17.729..21.508 rows=100000 loops=1)
               Sort Key: s_4.a, s_4.b, s_4.c, s_4.d
               Sort Method: quicksort  Memory: 10885kB
               ->  Seq Scan on s_4  (cost=0.00..1637.00 rows=100000 width=20) (actual time=0.007..5.619 rows=100000 loops=1)
 Planning time: 0.214 ms
 Execution time: 39.563 ms
(10 rows)

