===== 1 [Wed Mar  7 09:59:53 CET 2018] scale:10000000 groups:10 work_mem:4MB incremental:on max_workers:0 =====
SELECT * FROM s_1 ORDER BY a, b
                                                                   QUERY PLAN                                                                    
-------------------------------------------------------------------------------------------------------------------------------------------------
 Limit  (cost=1793170.34..1793170.34 rows=1 width=20) (actual time=5429.042..5429.042 rows=0 loops=1)
   ->  Incremental Sort  (cost=138016.01..1693170.95 rows=9999939 width=20) (actual time=190.230..5207.165 rows=10000000 loops=1)
         Sort Key: s_1.a, s_1.b
         Presorted Key: s_1.a
         Sort Method: external merge  Disk: 29408kB
         Sort Groups: 11
         ->  Index Scan using s_1_a_idx on s_1  (cost=0.43..323385.52 rows=9999939 width=20) (actual time=0.229..1515.144 rows=10000000 loops=1)
 Planning time: 0.267 ms
 Execution time: 5430.965 ms
(9 rows)

===== 2 [Wed Mar  7 10:00:20 CET 2018] scale:10000000 groups:10 work_mem:4MB incremental:on max_workers:0 =====
SELECT * FROM s_2 ORDER BY a, b, c
                                                                     QUERY PLAN                                                                     
----------------------------------------------------------------------------------------------------------------------------------------------------
 Limit  (cost=1498726.00..1498726.00 rows=1 width=20) (actual time=5652.704..5652.704 rows=0 loops=1)
   ->  Incremental Sort  (cost=10113.84..1398725.46 rows=10000054 width=20) (actual time=10.716..5430.955 rows=10000000 loops=1)
         Sort Key: s_2.a, s_2.b, s_2.c
         Presorted Key: s_2.a, s_2.b
         Sort Method: external merge  Disk: 2968kB
         Sort Groups: 121
         ->  Index Scan using s_2_a_b_idx on s_2  (cost=0.43..406985.62 rows=10000054 width=20) (actual time=0.291..1552.812 rows=10000000 loops=1)
 Planning time: 0.324 ms
 Execution time: 5652.730 ms
(9 rows)

===== 3 [Wed Mar  7 10:00:49 CET 2018] scale:10000000 groups:10 work_mem:4MB incremental:on max_workers:0 =====
SELECT * FROM s_3 ORDER BY a, b, c, d
                                                                     QUERY PLAN                                                                      
-----------------------------------------------------------------------------------------------------------------------------------------------------
 Limit  (cost=1370100.56..1370100.56 rows=1 width=20) (actual time=4554.399..4554.399 rows=0 loops=1)
   ->  Incremental Sort  (cost=823.18..1270101.17 rows=9999939 width=20) (actual time=1.161..4336.786 rows=10000000 loops=1)
         Sort Key: s_3.a, s_3.b, s_3.c, s_3.d
         Presorted Key: s_3.a, s_3.b, s_3.c
         Sort Method: quicksort  Memory: 1192kB
         Sort Groups: 1331
         ->  Index Scan using s_3_a_b_c_idx on s_3  (cost=0.43..451319.90 rows=9999939 width=20) (actual time=0.294..1579.488 rows=10000000 loops=1)
 Planning time: 0.326 ms
 Execution time: 4554.447 ms
(9 rows)

===== 4 [Wed Mar  7 10:01:10 CET 2018] scale:10000000 groups:10 work_mem:4MB incremental:on max_workers:0 =====
SELECT * FROM s_4 ORDER BY a, b, c, d, e
                                                                      QUERY PLAN                                                                       
-------------------------------------------------------------------------------------------------------------------------------------------------------
 Limit  (cost=1197396.24..1197396.24 rows=1 width=20) (actual time=4695.182..4695.182 rows=0 loops=1)
   ->  Incremental Sort  (cost=63.42..1097396.85 rows=9999939 width=20) (actual time=0.366..4477.809 rows=10000000 loops=1)
         Sort Key: s_4.a, s_4.b, s_4.c, s_4.d, s_4.e
         Presorted Key: s_4.a, s_4.b, s_4.c, s_4.d
         Sort Method: quicksort  Memory: 137kB
         Sort Groups: 14641
         ->  Index Scan using s_4_a_b_c_d_idx on s_4  (cost=0.43..451319.90 rows=9999939 width=20) (actual time=0.299..1554.755 rows=10000000 loops=1)
 Planning time: 0.319 ms
 Execution time: 4695.225 ms
(9 rows)

===== 5 [Wed Mar  7 10:01:33 CET 2018] scale:10000000 groups:10 work_mem:4MB incremental:off max_workers:0 =====
SELECT * FROM s_1 ORDER BY a, b
                                                          QUERY PLAN                                                          
------------------------------------------------------------------------------------------------------------------------------
 Limit  (cost=1861518.93..1861518.93 rows=1 width=20) (actual time=5481.195..5481.195 rows=0 loops=1)
   ->  Sort  (cost=1736519.69..1761519.54 rows=9999939 width=20) (actual time=4316.353..5264.069 rows=10000000 loops=1)
         Sort Key: s_1.a, s_1.b
         Sort Method: external merge  Disk: 293600kB
         ->  Seq Scan on s_1  (cost=0.00..163694.39 rows=9999939 width=20) (actual time=0.025..652.867 rows=10000000 loops=1)
 Planning time: 0.261 ms
 Execution time: 5514.882 ms
(7 rows)

===== 6 [Wed Mar  7 10:02:02 CET 2018] scale:10000000 groups:10 work_mem:4MB incremental:off max_workers:0 =====
SELECT * FROM s_2 ORDER BY a, b, c
                                                          QUERY PLAN                                                           
-------------------------------------------------------------------------------------------------------------------------------
 Limit  (cost=1861542.72..1861542.72 rows=1 width=20) (actual time=5800.698..5800.698 rows=0 loops=1)
   ->  Sort  (cost=1736542.04..1761542.18 rows=10000054 width=20) (actual time=4638.192..5581.946 rows=10000000 loops=1)
         Sort Key: s_2.a, s_2.b, s_2.c
         Sort Method: external merge  Disk: 293600kB
         ->  Seq Scan on s_2  (cost=0.00..163695.54 rows=10000054 width=20) (actual time=0.020..652.189 rows=10000000 loops=1)
 Planning time: 0.276 ms
 Execution time: 5834.274 ms
(7 rows)

===== 7 [Wed Mar  7 10:02:32 CET 2018] scale:10000000 groups:10 work_mem:4MB incremental:off max_workers:0 =====
SELECT * FROM s_3 ORDER BY a, b, c, d
                                                          QUERY PLAN                                                          
------------------------------------------------------------------------------------------------------------------------------
 Limit  (cost=1861518.93..1861518.93 rows=1 width=20) (actual time=6416.101..6416.101 rows=0 loops=1)
   ->  Sort  (cost=1736519.69..1761519.54 rows=9999939 width=20) (actual time=5245.117..6194.989 rows=10000000 loops=1)
         Sort Key: s_3.a, s_3.b, s_3.c, s_3.d
         Sort Method: external merge  Disk: 293600kB
         ->  Seq Scan on s_3  (cost=0.00..163694.39 rows=9999939 width=20) (actual time=0.019..615.656 rows=10000000 loops=1)
 Planning time: 0.298 ms
 Execution time: 6445.536 ms
(7 rows)

===== 8 [Wed Mar  7 10:03:07 CET 2018] scale:10000000 groups:10 work_mem:4MB incremental:off max_workers:0 =====
SELECT * FROM s_4 ORDER BY a, b, c, d, e
                                                          QUERY PLAN                                                          
------------------------------------------------------------------------------------------------------------------------------
 Limit  (cost=1861518.93..1861518.93 rows=1 width=20) (actual time=7510.932..7510.932 rows=0 loops=1)
   ->  Sort  (cost=1736519.69..1761519.54 rows=9999939 width=20) (actual time=6356.182..7292.257 rows=10000000 loops=1)
         Sort Key: s_4.a, s_4.b, s_4.c, s_4.d, s_4.e
         Sort Method: external merge  Disk: 293600kB
         ->  Seq Scan on s_4  (cost=0.00..163694.39 rows=9999939 width=20) (actual time=0.013..507.948 rows=10000000 loops=1)
 Planning time: 0.264 ms
 Execution time: 7544.431 ms
(7 rows)

===== 9 [Wed Mar  7 10:03:48 CET 2018] scale:10000000 groups:10 work_mem:8MB incremental:on max_workers:0 =====
SELECT * FROM s_1 ORDER BY a, b
                                                                   QUERY PLAN                                                                    
-------------------------------------------------------------------------------------------------------------------------------------------------
 Limit  (cost=1793170.34..1793170.34 rows=1 width=20) (actual time=5425.011..5425.011 rows=0 loops=1)
   ->  Incremental Sort  (cost=138016.01..1693170.95 rows=9999939 width=20) (actual time=216.394..5202.965 rows=10000000 loops=1)
         Sort Key: s_1.a, s_1.b
         Presorted Key: s_1.a
         Sort Method: external merge  Disk: 29408kB
         Sort Groups: 11
         ->  Index Scan using s_1_a_idx on s_1  (cost=0.43..323385.52 rows=9999939 width=20) (actual time=0.057..1491.544 rows=10000000 loops=1)
 Planning time: 0.272 ms
 Execution time: 5427.405 ms
(9 rows)

===== 10 [Wed Mar  7 10:04:15 CET 2018] scale:10000000 groups:10 work_mem:8MB incremental:on max_workers:0 =====
SELECT * FROM s_2 ORDER BY a, b, c
                                                                     QUERY PLAN                                                                     
----------------------------------------------------------------------------------------------------------------------------------------------------
 Limit  (cost=1498726.00..1498726.00 rows=1 width=20) (actual time=5611.785..5611.785 rows=0 loops=1)
   ->  Incremental Sort  (cost=10113.84..1398725.46 rows=10000054 width=20) (actual time=10.075..5390.250 rows=10000000 loops=1)
         Sort Key: s_2.a, s_2.b, s_2.c
         Presorted Key: s_2.a, s_2.b
         Sort Method: external merge  Disk: 2968kB
         Sort Groups: 121
         ->  Index Scan using s_2_a_b_idx on s_2  (cost=0.43..406985.62 rows=10000054 width=20) (actual time=0.068..1517.079 rows=10000000 loops=1)
 Planning time: 0.324 ms
 Execution time: 5611.810 ms
(9 rows)

===== 11 [Wed Mar  7 10:04:43 CET 2018] scale:10000000 groups:10 work_mem:8MB incremental:on max_workers:0 =====
SELECT * FROM s_3 ORDER BY a, b, c, d
                                                                     QUERY PLAN                                                                      
-----------------------------------------------------------------------------------------------------------------------------------------------------
 Limit  (cost=1370100.56..1370100.56 rows=1 width=20) (actual time=4517.604..4517.604 rows=0 loops=1)
   ->  Incremental Sort  (cost=823.18..1270101.17 rows=9999939 width=20) (actual time=0.664..4300.406 rows=10000000 loops=1)
         Sort Key: s_3.a, s_3.b, s_3.c, s_3.d
         Presorted Key: s_3.a, s_3.b, s_3.c
         Sort Method: quicksort  Memory: 1192kB
         Sort Groups: 1331
         ->  Index Scan using s_3_a_b_c_idx on s_3  (cost=0.43..451319.90 rows=9999939 width=20) (actual time=0.046..1547.098 rows=10000000 loops=1)
 Planning time: 0.322 ms
 Execution time: 4517.650 ms
(9 rows)

===== 12 [Wed Mar  7 10:05:05 CET 2018] scale:10000000 groups:10 work_mem:8MB incremental:on max_workers:0 =====
SELECT * FROM s_4 ORDER BY a, b, c, d, e
                                                                      QUERY PLAN                                                                       
-------------------------------------------------------------------------------------------------------------------------------------------------------
 Limit  (cost=1197396.24..1197396.24 rows=1 width=20) (actual time=4651.077..4651.077 rows=0 loops=1)
   ->  Incremental Sort  (cost=63.42..1097396.85 rows=9999939 width=20) (actual time=0.119..4434.157 rows=10000000 loops=1)
         Sort Key: s_4.a, s_4.b, s_4.c, s_4.d, s_4.e
         Presorted Key: s_4.a, s_4.b, s_4.c, s_4.d
         Sort Method: quicksort  Memory: 137kB
         Sort Groups: 14641
         ->  Index Scan using s_4_a_b_c_d_idx on s_4  (cost=0.43..451319.90 rows=9999939 width=20) (actual time=0.041..1516.515 rows=10000000 loops=1)
 Planning time: 0.317 ms
 Execution time: 4651.119 ms
(9 rows)

===== 13 [Wed Mar  7 10:05:27 CET 2018] scale:10000000 groups:10 work_mem:8MB incremental:off max_workers:0 =====
SELECT * FROM s_1 ORDER BY a, b
                                                          QUERY PLAN                                                          
------------------------------------------------------------------------------------------------------------------------------
 Limit  (cost=1861518.93..1861518.93 rows=1 width=20) (actual time=5000.776..5000.776 rows=0 loops=1)
   ->  Sort  (cost=1736519.69..1761519.54 rows=9999939 width=20) (actual time=3842.283..4782.059 rows=10000000 loops=1)
         Sort Key: s_1.a, s_1.b
         Sort Method: external merge  Disk: 293608kB
         ->  Seq Scan on s_1  (cost=0.00..163694.39 rows=9999939 width=20) (actual time=0.019..650.419 rows=10000000 loops=1)
 Planning time: 0.267 ms
 Execution time: 5034.007 ms
(7 rows)

===== 14 [Wed Mar  7 10:05:53 CET 2018] scale:10000000 groups:10 work_mem:8MB incremental:off max_workers:0 =====
SELECT * FROM s_2 ORDER BY a, b, c
                                                          QUERY PLAN                                                           
-------------------------------------------------------------------------------------------------------------------------------
 Limit  (cost=1861542.72..1861542.72 rows=1 width=20) (actual time=5262.873..5262.873 rows=0 loops=1)
   ->  Sort  (cost=1736542.04..1761542.18 rows=10000054 width=20) (actual time=4098.395..5042.480 rows=10000000 loops=1)
         Sort Key: s_2.a, s_2.b, s_2.c
         Sort Method: external merge  Disk: 293608kB
         ->  Seq Scan on s_2  (cost=0.00..163695.54 rows=10000054 width=20) (actual time=0.022..651.180 rows=10000000 loops=1)
 Planning time: 0.278 ms
 Execution time: 5296.151 ms
(7 rows)

===== 15 [Wed Mar  7 10:06:21 CET 2018] scale:10000000 groups:10 work_mem:8MB incremental:off max_workers:0 =====
SELECT * FROM s_3 ORDER BY a, b, c, d
                                                          QUERY PLAN                                                          
------------------------------------------------------------------------------------------------------------------------------
 Limit  (cost=1861518.93..1861518.93 rows=1 width=20) (actual time=5923.944..5923.944 rows=0 loops=1)
   ->  Sort  (cost=1736519.69..1761519.54 rows=9999939 width=20) (actual time=4772.593..5704.179 rows=10000000 loops=1)
         Sort Key: s_3.a, s_3.b, s_3.c, s_3.d
         Sort Method: external merge  Disk: 293608kB
         ->  Seq Scan on s_3  (cost=0.00..163694.39 rows=9999939 width=20) (actual time=0.017..616.394 rows=10000000 loops=1)
 Planning time: 0.296 ms
 Execution time: 5957.439 ms
(7 rows)

===== 16 [Wed Mar  7 10:06:52 CET 2018] scale:10000000 groups:10 work_mem:8MB incremental:off max_workers:0 =====
SELECT * FROM s_4 ORDER BY a, b, c, d, e
                                                          QUERY PLAN                                                          
------------------------------------------------------------------------------------------------------------------------------
 Limit  (cost=1861518.93..1861518.93 rows=1 width=20) (actual time=7025.769..7025.769 rows=0 loops=1)
   ->  Sort  (cost=1736519.69..1761519.54 rows=9999939 width=20) (actual time=5870.195..6805.897 rows=10000000 loops=1)
         Sort Key: s_4.a, s_4.b, s_4.c, s_4.d, s_4.e
         Sort Method: external merge  Disk: 293608kB
         ->  Seq Scan on s_4  (cost=0.00..163694.39 rows=9999939 width=20) (actual time=0.013..508.588 rows=10000000 loops=1)
 Planning time: 0.265 ms
 Execution time: 7059.342 ms
(7 rows)

===== 17 [Wed Mar  7 10:07:30 CET 2018] scale:10000000 groups:10 work_mem:16MB incremental:on max_workers:0 =====
SELECT * FROM s_1 ORDER BY a, b
                                                          QUERY PLAN                                                          
------------------------------------------------------------------------------------------------------------------------------
 Limit  (cost=1656439.93..1656439.93 rows=1 width=20) (actual time=4512.585..4512.585 rows=0 loops=1)
   ->  Sort  (cost=1531440.69..1556440.54 rows=9999939 width=20) (actual time=3280.552..4290.978 rows=10000000 loops=1)
         Sort Key: s_1.a, s_1.b
         Sort Method: external merge  Disk: 293904kB
         ->  Seq Scan on s_1  (cost=0.00..163694.39 rows=9999939 width=20) (actual time=0.023..643.836 rows=10000000 loops=1)
 Planning time: 0.271 ms
 Execution time: 4546.301 ms
(7 rows)

===== 18 [Wed Mar  7 10:07:53 CET 2018] scale:10000000 groups:10 work_mem:16MB incremental:on max_workers:0 =====
SELECT * FROM s_2 ORDER BY a, b, c
                                                                     QUERY PLAN                                                                     
----------------------------------------------------------------------------------------------------------------------------------------------------
 Limit  (cost=1498726.00..1498726.00 rows=1 width=20) (actual time=4801.361..4801.361 rows=0 loops=1)
   ->  Incremental Sort  (cost=10113.84..1398725.46 rows=10000054 width=20) (actual time=10.150..4585.289 rows=10000000 loops=1)
         Sort Key: s_2.a, s_2.b, s_2.c
         Presorted Key: s_2.a, s_2.b
         Sort Method: quicksort  Memory: 10957kB
         Sort Groups: 121
         ->  Index Scan using s_2_a_b_idx on s_2  (cost=0.43..406985.62 rows=10000054 width=20) (actual time=0.067..1540.277 rows=10000000 loops=1)
 Planning time: 0.277 ms
 Execution time: 4801.502 ms
(9 rows)

===== 19 [Wed Mar  7 10:08:17 CET 2018] scale:10000000 groups:10 work_mem:16MB incremental:on max_workers:0 =====
SELECT * FROM s_3 ORDER BY a, b, c, d
                                                                     QUERY PLAN                                                                      
-----------------------------------------------------------------------------------------------------------------------------------------------------
 Limit  (cost=1370100.56..1370100.56 rows=1 width=20) (actual time=4513.420..4513.420 rows=0 loops=1)
   ->  Incremental Sort  (cost=823.18..1270101.17 rows=9999939 width=20) (actual time=0.648..4296.244 rows=10000000 loops=1)
         Sort Key: s_3.a, s_3.b, s_3.c, s_3.d
         Presorted Key: s_3.a, s_3.b, s_3.c
         Sort Method: quicksort  Memory: 1192kB
         Sort Groups: 1331
         ->  Index Scan using s_3_a_b_c_idx on s_3  (cost=0.43..451319.90 rows=9999939 width=20) (actual time=0.047..1544.470 rows=10000000 loops=1)
 Planning time: 0.333 ms
 Execution time: 4513.469 ms
(9 rows)

===== 20 [Wed Mar  7 10:08:38 CET 2018] scale:10000000 groups:10 work_mem:16MB incremental:on max_workers:0 =====
SELECT * FROM s_4 ORDER BY a, b, c, d, e
                                                                      QUERY PLAN                                                                       
-------------------------------------------------------------------------------------------------------------------------------------------------------
 Limit  (cost=1197396.24..1197396.24 rows=1 width=20) (actual time=4647.109..4647.109 rows=0 loops=1)
   ->  Incremental Sort  (cost=63.42..1097396.85 rows=9999939 width=20) (actual time=0.100..4430.156 rows=10000000 loops=1)
         Sort Key: s_4.a, s_4.b, s_4.c, s_4.d, s_4.e
         Presorted Key: s_4.a, s_4.b, s_4.c, s_4.d
         Sort Method: quicksort  Memory: 137kB
         Sort Groups: 14641
         ->  Index Scan using s_4_a_b_c_d_idx on s_4  (cost=0.43..451319.90 rows=9999939 width=20) (actual time=0.038..1513.251 rows=10000000 loops=1)
 Planning time: 0.320 ms
 Execution time: 4647.150 ms
(9 rows)

===== 21 [Wed Mar  7 10:09:00 CET 2018] scale:10000000 groups:10 work_mem:16MB incremental:off max_workers:0 =====
SELECT * FROM s_1 ORDER BY a, b
                                                          QUERY PLAN                                                          
------------------------------------------------------------------------------------------------------------------------------
 Limit  (cost=1656439.93..1656439.93 rows=1 width=20) (actual time=4510.640..4510.640 rows=0 loops=1)
   ->  Sort  (cost=1531440.69..1556440.54 rows=9999939 width=20) (actual time=3278.013..4289.063 rows=10000000 loops=1)
         Sort Key: s_1.a, s_1.b
         Sort Method: external merge  Disk: 293904kB
         ->  Seq Scan on s_1  (cost=0.00..163694.39 rows=9999939 width=20) (actual time=0.023..650.262 rows=10000000 loops=1)
 Planning time: 0.252 ms
 Execution time: 4544.659 ms
(7 rows)

===== 22 [Wed Mar  7 10:09:24 CET 2018] scale:10000000 groups:10 work_mem:16MB incremental:off max_workers:0 =====
SELECT * FROM s_2 ORDER BY a, b, c
                                                          QUERY PLAN                                                           
-------------------------------------------------------------------------------------------------------------------------------
 Limit  (cost=1656460.22..1656460.22 rows=1 width=20) (actual time=4730.790..4730.790 rows=0 loops=1)
   ->  Sort  (cost=1531459.54..1556459.68 rows=10000054 width=20) (actual time=3487.410..4507.261 rows=10000000 loops=1)
         Sort Key: s_2.a, s_2.b, s_2.c
         Sort Method: external merge  Disk: 293904kB
         ->  Seq Scan on s_2  (cost=0.00..163695.54 rows=10000054 width=20) (actual time=0.019..649.585 rows=10000000 loops=1)
 Planning time: 0.263 ms
 Execution time: 4783.553 ms
(7 rows)

===== 23 [Wed Mar  7 10:09:48 CET 2018] scale:10000000 groups:10 work_mem:16MB incremental:off max_workers:0 =====
SELECT * FROM s_3 ORDER BY a, b, c, d
                                                          QUERY PLAN                                                          
------------------------------------------------------------------------------------------------------------------------------
 Limit  (cost=1656439.93..1656439.93 rows=1 width=20) (actual time=5339.741..5339.741 rows=0 loops=1)
   ->  Sort  (cost=1531440.69..1556440.54 rows=9999939 width=20) (actual time=4123.205..5118.187 rows=10000000 loops=1)
         Sort Key: s_3.a, s_3.b, s_3.c, s_3.d
         Sort Method: external merge  Disk: 293904kB
         ->  Seq Scan on s_3  (cost=0.00..163694.39 rows=9999939 width=20) (actual time=0.023..613.203 rows=10000000 loops=1)
 Planning time: 0.267 ms
 Execution time: 5373.889 ms
(7 rows)

===== 24 [Wed Mar  7 10:10:16 CET 2018] scale:10000000 groups:10 work_mem:16MB incremental:off max_workers:0 =====
SELECT * FROM s_4 ORDER BY a, b, c, d, e
                                                          QUERY PLAN                                                          
------------------------------------------------------------------------------------------------------------------------------
 Limit  (cost=1656439.93..1656439.93 rows=1 width=20) (actual time=6428.183..6428.183 rows=0 loops=1)
   ->  Sort  (cost=1531440.69..1556440.54 rows=9999939 width=20) (actual time=5208.108..6206.930 rows=10000000 loops=1)
         Sort Key: s_4.a, s_4.b, s_4.c, s_4.d, s_4.e
         Sort Method: external merge  Disk: 293904kB
         ->  Seq Scan on s_4  (cost=0.00..163694.39 rows=9999939 width=20) (actual time=0.010..508.628 rows=10000000 loops=1)
 Planning time: 0.267 ms
 Execution time: 6462.413 ms
(7 rows)

===== 25 [Wed Mar  7 10:10:50 CET 2018] scale:10000000 groups:10 work_mem:32MB incremental:on max_workers:0 =====
SELECT * FROM s_1 ORDER BY a, b
                                                          QUERY PLAN                                                          
------------------------------------------------------------------------------------------------------------------------------
 Limit  (cost=1656439.93..1656439.93 rows=1 width=20) (actual time=4710.535..4710.535 rows=0 loops=1)
   ->  Sort  (cost=1531440.69..1556440.54 rows=9999939 width=20) (actual time=3484.108..4488.775 rows=10000000 loops=1)
         Sort Key: s_1.a, s_1.b
         Sort Method: external merge  Disk: 293576kB
         ->  Seq Scan on s_1  (cost=0.00..163694.39 rows=9999939 width=20) (actual time=0.026..639.578 rows=10000000 loops=1)
 Planning time: 0.268 ms
 Execution time: 4745.240 ms
(7 rows)

===== 26 [Wed Mar  7 10:11:14 CET 2018] scale:10000000 groups:10 work_mem:32MB incremental:on max_workers:0 =====
SELECT * FROM s_2 ORDER BY a, b, c
                                                                     QUERY PLAN                                                                     
----------------------------------------------------------------------------------------------------------------------------------------------------
 Limit  (cost=1498726.00..1498726.00 rows=1 width=20) (actual time=4779.419..4779.419 rows=0 loops=1)
   ->  Incremental Sort  (cost=10113.84..1398725.46 rows=10000054 width=20) (actual time=10.153..4562.834 rows=10000000 loops=1)
         Sort Key: s_2.a, s_2.b, s_2.c
         Presorted Key: s_2.a, s_2.b
         Sort Method: quicksort  Memory: 10957kB
         Sort Groups: 121
         ->  Index Scan using s_2_a_b_idx on s_2  (cost=0.43..406985.62 rows=10000054 width=20) (actual time=0.061..1520.143 rows=10000000 loops=1)
 Planning time: 0.279 ms
 Execution time: 4779.560 ms
(9 rows)

===== 27 [Wed Mar  7 10:11:37 CET 2018] scale:10000000 groups:10 work_mem:32MB incremental:on max_workers:0 =====
SELECT * FROM s_3 ORDER BY a, b, c, d
                                                                     QUERY PLAN                                                                      
-----------------------------------------------------------------------------------------------------------------------------------------------------
 Limit  (cost=1370100.56..1370100.56 rows=1 width=20) (actual time=4517.428..4517.428 rows=0 loops=1)
   ->  Incremental Sort  (cost=823.18..1270101.17 rows=9999939 width=20) (actual time=0.650..4300.872 rows=10000000 loops=1)
         Sort Key: s_3.a, s_3.b, s_3.c, s_3.d
         Presorted Key: s_3.a, s_3.b, s_3.c
         Sort Method: quicksort  Memory: 1192kB
         Sort Groups: 1331
         ->  Index Scan using s_3_a_b_c_idx on s_3  (cost=0.43..451319.90 rows=9999939 width=20) (actual time=0.046..1543.231 rows=10000000 loops=1)
 Planning time: 0.330 ms
 Execution time: 4517.476 ms
(9 rows)

===== 28 [Wed Mar  7 10:11:59 CET 2018] scale:10000000 groups:10 work_mem:32MB incremental:on max_workers:0 =====
SELECT * FROM s_4 ORDER BY a, b, c, d, e
                                                                      QUERY PLAN                                                                       
-------------------------------------------------------------------------------------------------------------------------------------------------------
 Limit  (cost=1197396.24..1197396.24 rows=1 width=20) (actual time=4647.945..4647.945 rows=0 loops=1)
   ->  Incremental Sort  (cost=63.42..1097396.85 rows=9999939 width=20) (actual time=0.112..4431.007 rows=10000000 loops=1)
         Sort Key: s_4.a, s_4.b, s_4.c, s_4.d, s_4.e
         Presorted Key: s_4.a, s_4.b, s_4.c, s_4.d
         Sort Method: quicksort  Memory: 137kB
         Sort Groups: 14641
         ->  Index Scan using s_4_a_b_c_d_idx on s_4  (cost=0.43..451319.90 rows=9999939 width=20) (actual time=0.047..1513.453 rows=10000000 loops=1)
 Planning time: 0.305 ms
 Execution time: 4647.986 ms
(9 rows)

===== 29 [Wed Mar  7 10:12:21 CET 2018] scale:10000000 groups:10 work_mem:32MB incremental:off max_workers:0 =====
SELECT * FROM s_1 ORDER BY a, b
                                                          QUERY PLAN                                                          
------------------------------------------------------------------------------------------------------------------------------
 Limit  (cost=1656439.93..1656439.93 rows=1 width=20) (actual time=4638.470..4638.470 rows=0 loops=1)
   ->  Sort  (cost=1531440.69..1556440.54 rows=9999939 width=20) (actual time=3410.671..4416.768 rows=10000000 loops=1)
         Sort Key: s_1.a, s_1.b
         Sort Method: external merge  Disk: 293576kB
         ->  Seq Scan on s_1  (cost=0.00..163694.39 rows=9999939 width=20) (actual time=0.021..646.393 rows=10000000 loops=1)
 Planning time: 0.253 ms
 Execution time: 4673.161 ms
(7 rows)

===== 30 [Wed Mar  7 10:12:45 CET 2018] scale:10000000 groups:10 work_mem:32MB incremental:off max_workers:0 =====
SELECT * FROM s_2 ORDER BY a, b, c
                                                          QUERY PLAN                                                           
-------------------------------------------------------------------------------------------------------------------------------
 Limit  (cost=1656460.22..1656460.22 rows=1 width=20) (actual time=4833.520..4833.520 rows=0 loops=1)
   ->  Sort  (cost=1531459.54..1556459.68 rows=10000054 width=20) (actual time=3648.677..4612.364 rows=10000000 loops=1)
         Sort Key: s_2.a, s_2.b, s_2.c
         Sort Method: external merge  Disk: 293576kB
         ->  Seq Scan on s_2  (cost=0.00..163695.54 rows=10000054 width=20) (actual time=0.019..647.358 rows=10000000 loops=1)
 Planning time: 0.274 ms
 Execution time: 4868.138 ms
(7 rows)

===== 31 [Wed Mar  7 10:13:10 CET 2018] scale:10000000 groups:10 work_mem:32MB incremental:off max_workers:0 =====
SELECT * FROM s_3 ORDER BY a, b, c, d
                                                          QUERY PLAN                                                          
------------------------------------------------------------------------------------------------------------------------------
 Limit  (cost=1656439.93..1656439.93 rows=1 width=20) (actual time=5460.129..5460.129 rows=0 loops=1)
   ->  Sort  (cost=1531440.69..1556440.54 rows=9999939 width=20) (actual time=4285.598..5239.258 rows=10000000 loops=1)
         Sort Key: s_3.a, s_3.b, s_3.c, s_3.d
         Sort Method: external merge  Disk: 293576kB
         ->  Seq Scan on s_3  (cost=0.00..163694.39 rows=9999939 width=20) (actual time=0.019..614.641 rows=10000000 loops=1)
 Planning time: 0.276 ms
 Execution time: 5494.681 ms
(7 rows)

===== 32 [Wed Mar  7 10:13:39 CET 2018] scale:10000000 groups:10 work_mem:32MB incremental:off max_workers:0 =====
SELECT * FROM s_4 ORDER BY a, b, c, d, e
                                                          QUERY PLAN                                                          
------------------------------------------------------------------------------------------------------------------------------
 Limit  (cost=1656439.93..1656439.93 rows=1 width=20) (actual time=6537.641..6537.641 rows=0 loops=1)
   ->  Sort  (cost=1531440.69..1556440.54 rows=9999939 width=20) (actual time=5359.817..6317.335 rows=10000000 loops=1)
         Sort Key: s_4.a, s_4.b, s_4.c, s_4.d, s_4.e
         Sort Method: external merge  Disk: 293576kB
         ->  Seq Scan on s_4  (cost=0.00..163694.39 rows=9999939 width=20) (actual time=0.010..509.467 rows=10000000 loops=1)
 Planning time: 0.256 ms
 Execution time: 6572.170 ms
(7 rows)

===== 33 [Wed Mar  7 10:14:14 CET 2018] scale:10000000 groups:10 work_mem:64MB incremental:on max_workers:0 =====
SELECT * FROM s_1 ORDER BY a, b
                                                                   QUERY PLAN                                                                    
-------------------------------------------------------------------------------------------------------------------------------------------------
 Limit  (cost=1588080.84..1588080.84 rows=1 width=20) (actual time=5874.527..5874.527 rows=0 loops=1)
   ->  Incremental Sort  (cost=119371.51..1488081.45 rows=9999939 width=20) (actual time=202.842..5653.224 rows=10000000 loops=1)
         Sort Key: s_1.a, s_1.b
         Presorted Key: s_1.a
         Sort Method: external merge  Disk: 29408kB
         Sort Groups: 11
         ->  Index Scan using s_1_a_idx on s_1  (cost=0.43..323385.52 rows=9999939 width=20) (actual time=0.051..1494.105 rows=10000000 loops=1)
 Planning time: 0.269 ms
 Execution time: 5877.367 ms
(9 rows)

===== 34 [Wed Mar  7 10:14:44 CET 2018] scale:10000000 groups:10 work_mem:64MB incremental:on max_workers:0 =====
SELECT * FROM s_2 ORDER BY a, b, c
                                                                     QUERY PLAN                                                                     
----------------------------------------------------------------------------------------------------------------------------------------------------
 Limit  (cost=1498726.00..1498726.00 rows=1 width=20) (actual time=4802.959..4802.959 rows=0 loops=1)
   ->  Incremental Sort  (cost=10113.84..1398725.46 rows=10000054 width=20) (actual time=10.088..4588.484 rows=10000000 loops=1)
         Sort Key: s_2.a, s_2.b, s_2.c
         Presorted Key: s_2.a, s_2.b
         Sort Method: quicksort  Memory: 10957kB
         Sort Groups: 121
         ->  Index Scan using s_2_a_b_idx on s_2  (cost=0.43..406985.62 rows=10000054 width=20) (actual time=0.057..1524.652 rows=10000000 loops=1)
 Planning time: 0.318 ms
 Execution time: 4803.103 ms
(9 rows)

===== 35 [Wed Mar  7 10:15:08 CET 2018] scale:10000000 groups:10 work_mem:64MB incremental:on max_workers:0 =====
SELECT * FROM s_3 ORDER BY a, b, c, d
                                                                     QUERY PLAN                                                                      
-----------------------------------------------------------------------------------------------------------------------------------------------------
 Limit  (cost=1370100.56..1370100.56 rows=1 width=20) (actual time=4494.996..4494.996 rows=0 loops=1)
   ->  Incremental Sort  (cost=823.18..1270101.17 rows=9999939 width=20) (actual time=0.662..4278.906 rows=10000000 loops=1)
         Sort Key: s_3.a, s_3.b, s_3.c, s_3.d
         Presorted Key: s_3.a, s_3.b, s_3.c
         Sort Method: quicksort  Memory: 1192kB
         Sort Groups: 1331
         ->  Index Scan using s_3_a_b_c_idx on s_3  (cost=0.43..451319.90 rows=9999939 width=20) (actual time=0.043..1539.835 rows=10000000 loops=1)
 Planning time: 0.314 ms
 Execution time: 4495.042 ms
(9 rows)

===== 36 [Wed Mar  7 10:15:29 CET 2018] scale:10000000 groups:10 work_mem:64MB incremental:on max_workers:0 =====
SELECT * FROM s_4 ORDER BY a, b, c, d, e
                                                                      QUERY PLAN                                                                       
-------------------------------------------------------------------------------------------------------------------------------------------------------
 Limit  (cost=1197396.24..1197396.24 rows=1 width=20) (actual time=4628.971..4628.971 rows=0 loops=1)
   ->  Incremental Sort  (cost=63.42..1097396.85 rows=9999939 width=20) (actual time=0.102..4412.801 rows=10000000 loops=1)
         Sort Key: s_4.a, s_4.b, s_4.c, s_4.d, s_4.e
         Presorted Key: s_4.a, s_4.b, s_4.c, s_4.d
         Sort Method: quicksort  Memory: 137kB
         Sort Groups: 14641
         ->  Index Scan using s_4_a_b_c_d_idx on s_4  (cost=0.43..451319.90 rows=9999939 width=20) (actual time=0.037..1516.940 rows=10000000 loops=1)
 Planning time: 0.319 ms
 Execution time: 4629.011 ms
(9 rows)

===== 37 [Wed Mar  7 10:15:51 CET 2018] scale:10000000 groups:10 work_mem:64MB incremental:off max_workers:0 =====
SELECT * FROM s_1 ORDER BY a, b
                                                          QUERY PLAN                                                          
------------------------------------------------------------------------------------------------------------------------------
 Limit  (cost=1656439.93..1656439.93 rows=1 width=20) (actual time=4741.716..4741.716 rows=0 loops=1)
   ->  Sort  (cost=1531440.69..1556440.54 rows=9999939 width=20) (actual time=3522.156..4519.278 rows=10000000 loops=1)
         Sort Key: s_1.a, s_1.b
         Sort Method: external merge  Disk: 293648kB
         ->  Seq Scan on s_1  (cost=0.00..163694.39 rows=9999939 width=20) (actual time=0.021..650.322 rows=10000000 loops=1)
 Planning time: 0.249 ms
 Execution time: 4777.088 ms
(7 rows)

===== 38 [Wed Mar  7 10:16:16 CET 2018] scale:10000000 groups:10 work_mem:64MB incremental:off max_workers:0 =====
SELECT * FROM s_2 ORDER BY a, b, c
                                                          QUERY PLAN                                                           
-------------------------------------------------------------------------------------------------------------------------------
 Limit  (cost=1656460.22..1656460.22 rows=1 width=20) (actual time=5006.531..5006.531 rows=0 loops=1)
   ->  Sort  (cost=1531459.54..1556459.68 rows=10000054 width=20) (actual time=3855.864..4785.953 rows=10000000 loops=1)
         Sort Key: s_2.a, s_2.b, s_2.c
         Sort Method: external merge  Disk: 293648kB
         ->  Seq Scan on s_2  (cost=0.00..163695.54 rows=10000054 width=20) (actual time=0.020..650.828 rows=10000000 loops=1)
 Planning time: 0.259 ms
 Execution time: 5042.133 ms
(7 rows)

===== 39 [Wed Mar  7 10:16:42 CET 2018] scale:10000000 groups:10 work_mem:64MB incremental:off max_workers:0 =====
SELECT * FROM s_3 ORDER BY a, b, c, d
                                                          QUERY PLAN                                                          
------------------------------------------------------------------------------------------------------------------------------
 Limit  (cost=1656439.93..1656439.93 rows=1 width=20) (actual time=5618.609..5618.609 rows=0 loops=1)
   ->  Sort  (cost=1531440.69..1556440.54 rows=9999939 width=20) (actual time=4471.813..5398.546 rows=10000000 loops=1)
         Sort Key: s_3.a, s_3.b, s_3.c, s_3.d
         Sort Method: external merge  Disk: 293648kB
         ->  Seq Scan on s_3  (cost=0.00..163694.39 rows=9999939 width=20) (actual time=0.022..614.930 rows=10000000 loops=1)
 Planning time: 0.276 ms
 Execution time: 5654.060 ms
(7 rows)

===== 40 [Wed Mar  7 10:17:12 CET 2018] scale:10000000 groups:10 work_mem:64MB incremental:off max_workers:0 =====
SELECT * FROM s_4 ORDER BY a, b, c, d, e
                                                          QUERY PLAN                                                          
------------------------------------------------------------------------------------------------------------------------------
 Limit  (cost=1656439.93..1656439.93 rows=1 width=20) (actual time=6698.588..6698.588 rows=0 loops=1)
   ->  Sort  (cost=1531440.69..1556440.54 rows=9999939 width=20) (actual time=5556.318..6478.463 rows=10000000 loops=1)
         Sort Key: s_4.a, s_4.b, s_4.c, s_4.d, s_4.e
         Sort Method: external merge  Disk: 293648kB
         ->  Seq Scan on s_4  (cost=0.00..163694.39 rows=9999939 width=20) (actual time=0.013..511.960 rows=10000000 loops=1)
 Planning time: 0.255 ms
 Execution time: 6734.336 ms
(7 rows)

===== 41 [Wed Mar  7 10:17:48 CET 2018] scale:10000000 groups:10 work_mem:128MB incremental:on max_workers:0 =====
SELECT * FROM s_1 ORDER BY a, b
                                                                   QUERY PLAN                                                                    
-------------------------------------------------------------------------------------------------------------------------------------------------
 Limit  (cost=1588080.84..1588080.84 rows=1 width=20) (actual time=5142.223..5142.223 rows=0 loops=1)
   ->  Incremental Sort  (cost=119371.51..1488081.45 rows=9999939 width=20) (actual time=207.682..4929.427 rows=10000000 loops=1)
         Sort Key: s_1.a, s_1.b
         Presorted Key: s_1.a
         Sort Method: quicksort  Memory: 102822kB
         Sort Groups: 11
         ->  Index Scan using s_1_a_idx on s_1  (cost=0.43..323385.52 rows=9999939 width=20) (actual time=0.048..1565.496 rows=10000000 loops=1)
 Planning time: 0.272 ms
 Execution time: 5144.699 ms
(9 rows)

===== 42 [Wed Mar  7 10:18:13 CET 2018] scale:10000000 groups:10 work_mem:128MB incremental:on max_workers:0 =====
SELECT * FROM s_2 ORDER BY a, b, c
                                                                     QUERY PLAN                                                                     
----------------------------------------------------------------------------------------------------------------------------------------------------
 Limit  (cost=1498726.00..1498726.00 rows=1 width=20) (actual time=4782.771..4782.771 rows=0 loops=1)
   ->  Incremental Sort  (cost=10113.84..1398725.46 rows=10000054 width=20) (actual time=10.097..4566.230 rows=10000000 loops=1)
         Sort Key: s_2.a, s_2.b, s_2.c
         Presorted Key: s_2.a, s_2.b
         Sort Method: quicksort  Memory: 10957kB
         Sort Groups: 121
         ->  Index Scan using s_2_a_b_idx on s_2  (cost=0.43..406985.62 rows=10000054 width=20) (actual time=0.066..1521.418 rows=10000000 loops=1)
 Planning time: 0.321 ms
 Execution time: 4782.914 ms
(9 rows)

===== 43 [Wed Mar  7 10:18:36 CET 2018] scale:10000000 groups:10 work_mem:128MB incremental:on max_workers:0 =====
SELECT * FROM s_3 ORDER BY a, b, c, d
                                                                     QUERY PLAN                                                                      
-----------------------------------------------------------------------------------------------------------------------------------------------------
 Limit  (cost=1370100.56..1370100.56 rows=1 width=20) (actual time=4516.531..4516.531 rows=0 loops=1)
   ->  Incremental Sort  (cost=823.18..1270101.17 rows=9999939 width=20) (actual time=0.658..4299.860 rows=10000000 loops=1)
         Sort Key: s_3.a, s_3.b, s_3.c, s_3.d
         Presorted Key: s_3.a, s_3.b, s_3.c
         Sort Method: quicksort  Memory: 1192kB
         Sort Groups: 1331
         ->  Index Scan using s_3_a_b_c_idx on s_3  (cost=0.43..451319.90 rows=9999939 width=20) (actual time=0.035..1545.061 rows=10000000 loops=1)
 Planning time: 0.336 ms
 Execution time: 4516.578 ms
(9 rows)

===== 44 [Wed Mar  7 10:18:58 CET 2018] scale:10000000 groups:10 work_mem:128MB incremental:on max_workers:0 =====
SELECT * FROM s_4 ORDER BY a, b, c, d, e
                                                                      QUERY PLAN                                                                       
-------------------------------------------------------------------------------------------------------------------------------------------------------
 Limit  (cost=1197396.24..1197396.24 rows=1 width=20) (actual time=4649.932..4649.932 rows=0 loops=1)
   ->  Incremental Sort  (cost=63.42..1097396.85 rows=9999939 width=20) (actual time=0.105..4433.062 rows=10000000 loops=1)
         Sort Key: s_4.a, s_4.b, s_4.c, s_4.d, s_4.e
         Presorted Key: s_4.a, s_4.b, s_4.c, s_4.d
         Sort Method: quicksort  Memory: 137kB
         Sort Groups: 14641
         ->  Index Scan using s_4_a_b_c_d_idx on s_4  (cost=0.43..451319.90 rows=9999939 width=20) (actual time=0.040..1513.995 rows=10000000 loops=1)
 Planning time: 0.323 ms
 Execution time: 4649.973 ms
(9 rows)

===== 45 [Wed Mar  7 10:19:20 CET 2018] scale:10000000 groups:10 work_mem:128MB incremental:off max_workers:0 =====
SELECT * FROM s_1 ORDER BY a, b
                                                          QUERY PLAN                                                          
------------------------------------------------------------------------------------------------------------------------------
 Limit  (cost=1656439.93..1656439.93 rows=1 width=20) (actual time=4806.477..4806.477 rows=0 loops=1)
   ->  Sort  (cost=1531440.69..1556440.54 rows=9999939 width=20) (actual time=3679.405..4586.493 rows=10000000 loops=1)
         Sort Key: s_1.a, s_1.b
         Sort Method: external merge  Disk: 293568kB
         ->  Seq Scan on s_1  (cost=0.00..163694.39 rows=9999939 width=20) (actual time=0.022..654.462 rows=10000000 loops=1)
 Planning time: 0.269 ms
 Execution time: 4844.453 ms
(7 rows)

===== 46 [Wed Mar  7 10:19:45 CET 2018] scale:10000000 groups:10 work_mem:128MB incremental:off max_workers:0 =====
SELECT * FROM s_2 ORDER BY a, b, c
                                                          QUERY PLAN                                                           
-------------------------------------------------------------------------------------------------------------------------------
 Limit  (cost=1656460.22..1656460.22 rows=1 width=20) (actual time=5167.786..5167.786 rows=0 loops=1)
   ->  Sort  (cost=1531459.54..1556459.68 rows=10000054 width=20) (actual time=4080.819..4948.548 rows=10000000 loops=1)
         Sort Key: s_2.a, s_2.b, s_2.c
         Sort Method: external merge  Disk: 293568kB
         ->  Seq Scan on s_2  (cost=0.00..163695.54 rows=10000054 width=20) (actual time=0.022..655.701 rows=10000000 loops=1)
 Planning time: 0.273 ms
 Execution time: 5206.037 ms
(7 rows)

===== 47 [Wed Mar  7 10:20:12 CET 2018] scale:10000000 groups:10 work_mem:128MB incremental:off max_workers:0 =====
SELECT * FROM s_3 ORDER BY a, b, c, d
                                                          QUERY PLAN                                                          
------------------------------------------------------------------------------------------------------------------------------
 Limit  (cost=1656439.93..1656439.93 rows=1 width=20) (actual time=5768.061..5768.061 rows=0 loops=1)
   ->  Sort  (cost=1531440.69..1556440.54 rows=9999939 width=20) (actual time=4677.335..5549.078 rows=10000000 loops=1)
         Sort Key: s_3.a, s_3.b, s_3.c, s_3.d
         Sort Method: external merge  Disk: 293568kB
         ->  Seq Scan on s_3  (cost=0.00..163694.39 rows=9999939 width=20) (actual time=0.019..619.077 rows=10000000 loops=1)
 Planning time: 0.285 ms
 Execution time: 5806.179 ms
(7 rows)

===== 48 [Wed Mar  7 10:20:43 CET 2018] scale:10000000 groups:10 work_mem:128MB incremental:off max_workers:0 =====
SELECT * FROM s_4 ORDER BY a, b, c, d, e
                                                          QUERY PLAN                                                          
------------------------------------------------------------------------------------------------------------------------------
 Limit  (cost=1656439.93..1656439.93 rows=1 width=20) (actual time=6848.002..6848.002 rows=0 loops=1)
   ->  Sort  (cost=1531440.69..1556440.54 rows=9999939 width=20) (actual time=5760.031..6629.070 rows=10000000 loops=1)
         Sort Key: s_4.a, s_4.b, s_4.c, s_4.d, s_4.e
         Sort Method: external merge  Disk: 293568kB
         ->  Seq Scan on s_4  (cost=0.00..163694.39 rows=9999939 width=20) (actual time=0.013..516.982 rows=10000000 loops=1)
 Planning time: 0.262 ms
 Execution time: 6886.325 ms
(7 rows)

===== 49 [Wed Mar  7 10:21:20 CET 2018] scale:10000000 groups:10 work_mem:256MB incremental:on max_workers:0 =====
SELECT * FROM s_1 ORDER BY a, b
                                                                   QUERY PLAN                                                                    
-------------------------------------------------------------------------------------------------------------------------------------------------
 Limit  (cost=1588080.84..1588080.84 rows=1 width=20) (actual time=5141.715..5141.715 rows=0 loops=1)
   ->  Incremental Sort  (cost=119371.51..1488081.45 rows=9999939 width=20) (actual time=207.622..4925.204 rows=10000000 loops=1)
         Sort Key: s_1.a, s_1.b
         Presorted Key: s_1.a
         Sort Method: quicksort  Memory: 102822kB
         Sort Groups: 11
         ->  Index Scan using s_1_a_idx on s_1  (cost=0.43..323385.52 rows=9999939 width=20) (actual time=0.047..1568.063 rows=10000000 loops=1)
 Planning time: 0.286 ms
 Execution time: 5144.186 ms
(9 rows)

===== 50 [Wed Mar  7 10:21:45 CET 2018] scale:10000000 groups:10 work_mem:256MB incremental:on max_workers:0 =====
SELECT * FROM s_2 ORDER BY a, b, c
                                                                     QUERY PLAN                                                                     
----------------------------------------------------------------------------------------------------------------------------------------------------
 Limit  (cost=1498726.00..1498726.00 rows=1 width=20) (actual time=4776.296..4776.296 rows=0 loops=1)
   ->  Incremental Sort  (cost=10113.84..1398725.46 rows=10000054 width=20) (actual time=10.111..4560.223 rows=10000000 loops=1)
         Sort Key: s_2.a, s_2.b, s_2.c
         Presorted Key: s_2.a, s_2.b
         Sort Method: quicksort  Memory: 10957kB
         Sort Groups: 121
         ->  Index Scan using s_2_a_b_idx on s_2  (cost=0.43..406985.62 rows=10000054 width=20) (actual time=0.066..1520.983 rows=10000000 loops=1)
 Planning time: 0.325 ms
 Execution time: 4776.436 ms
(9 rows)

===== 51 [Wed Mar  7 10:22:08 CET 2018] scale:10000000 groups:10 work_mem:256MB incremental:on max_workers:0 =====
SELECT * FROM s_3 ORDER BY a, b, c, d
                                                                     QUERY PLAN                                                                      
-----------------------------------------------------------------------------------------------------------------------------------------------------
 Limit  (cost=1370100.56..1370100.56 rows=1 width=20) (actual time=4513.608..4513.608 rows=0 loops=1)
   ->  Incremental Sort  (cost=823.18..1270101.17 rows=9999939 width=20) (actual time=0.659..4296.979 rows=10000000 loops=1)
         Sort Key: s_3.a, s_3.b, s_3.c, s_3.d
         Presorted Key: s_3.a, s_3.b, s_3.c
         Sort Method: quicksort  Memory: 1192kB
         Sort Groups: 1331
         ->  Index Scan using s_3_a_b_c_idx on s_3  (cost=0.43..451319.90 rows=9999939 width=20) (actual time=0.039..1544.107 rows=10000000 loops=1)
 Planning time: 0.311 ms
 Execution time: 4513.655 ms
(9 rows)

===== 52 [Wed Mar  7 10:22:30 CET 2018] scale:10000000 groups:10 work_mem:256MB incremental:on max_workers:0 =====
SELECT * FROM s_4 ORDER BY a, b, c, d, e
                                                                      QUERY PLAN                                                                       
-------------------------------------------------------------------------------------------------------------------------------------------------------
 Limit  (cost=1197396.24..1197396.24 rows=1 width=20) (actual time=4649.816..4649.816 rows=0 loops=1)
   ->  Incremental Sort  (cost=63.42..1097396.85 rows=9999939 width=20) (actual time=0.115..4432.954 rows=10000000 loops=1)
         Sort Key: s_4.a, s_4.b, s_4.c, s_4.d, s_4.e
         Presorted Key: s_4.a, s_4.b, s_4.c, s_4.d
         Sort Method: quicksort  Memory: 137kB
         Sort Groups: 14641
         ->  Index Scan using s_4_a_b_c_d_idx on s_4  (cost=0.43..451319.90 rows=9999939 width=20) (actual time=0.049..1514.729 rows=10000000 loops=1)
 Planning time: 0.301 ms
 Execution time: 4649.857 ms
(9 rows)

===== 53 [Wed Mar  7 10:22:52 CET 2018] scale:10000000 groups:10 work_mem:256MB incremental:off max_workers:0 =====
SELECT * FROM s_1 ORDER BY a, b
                                                          QUERY PLAN                                                          
------------------------------------------------------------------------------------------------------------------------------
 Limit  (cost=1656439.93..1656439.93 rows=1 width=20) (actual time=4848.922..4848.922 rows=0 loops=1)
   ->  Sort  (cost=1531440.69..1556440.54 rows=9999939 width=20) (actual time=3845.625..4630.423 rows=10000000 loops=1)
         Sort Key: s_1.a, s_1.b
         Sort Method: external merge  Disk: 293552kB
         ->  Seq Scan on s_1  (cost=0.00..163694.39 rows=9999939 width=20) (actual time=0.022..663.251 rows=10000000 loops=1)
 Planning time: 0.253 ms
 Execution time: 4888.460 ms
(7 rows)

===== 54 [Wed Mar  7 10:23:17 CET 2018] scale:10000000 groups:10 work_mem:256MB incremental:off max_workers:0 =====
SELECT * FROM s_2 ORDER BY a, b, c
                                                          QUERY PLAN                                                           
-------------------------------------------------------------------------------------------------------------------------------
 Limit  (cost=1656460.22..1656460.22 rows=1 width=20) (actual time=5299.845..5299.845 rows=0 loops=1)
   ->  Sort  (cost=1531459.54..1556459.68 rows=10000054 width=20) (actual time=4327.294..5081.254 rows=10000000 loops=1)
         Sort Key: s_2.a, s_2.b, s_2.c
         Sort Method: external merge  Disk: 293552kB
         ->  Seq Scan on s_2  (cost=0.00..163695.54 rows=10000054 width=20) (actual time=0.020..664.898 rows=10000000 loops=1)
 Planning time: 0.266 ms
 Execution time: 5339.162 ms
(7 rows)

===== 55 [Wed Mar  7 10:23:45 CET 2018] scale:10000000 groups:10 work_mem:256MB incremental:off max_workers:0 =====
SELECT * FROM s_3 ORDER BY a, b, c, d
                                                          QUERY PLAN                                                          
------------------------------------------------------------------------------------------------------------------------------
 Limit  (cost=1656439.93..1656439.93 rows=1 width=20) (actual time=5921.409..5921.409 rows=0 loops=1)
   ->  Sort  (cost=1531440.69..1556440.54 rows=9999939 width=20) (actual time=4939.934..5703.100 rows=10000000 loops=1)
         Sort Key: s_3.a, s_3.b, s_3.c, s_3.d
         Sort Method: external merge  Disk: 293552kB
         ->  Seq Scan on s_3  (cost=0.00..163694.39 rows=9999939 width=20) (actual time=0.019..629.698 rows=10000000 loops=1)
 Planning time: 0.270 ms
 Execution time: 5960.730 ms
(7 rows)

===== 56 [Wed Mar  7 10:24:16 CET 2018] scale:10000000 groups:10 work_mem:256MB incremental:off max_workers:0 =====
SELECT * FROM s_4 ORDER BY a, b, c, d, e
                                                          QUERY PLAN                                                          
------------------------------------------------------------------------------------------------------------------------------
 Limit  (cost=1656439.93..1656439.93 rows=1 width=20) (actual time=6990.530..6990.530 rows=0 loops=1)
   ->  Sort  (cost=1531440.69..1556440.54 rows=9999939 width=20) (actual time=6007.422..6772.565 rows=10000000 loops=1)
         Sort Key: s_4.a, s_4.b, s_4.c, s_4.d, s_4.e
         Sort Method: external merge  Disk: 293552kB
         ->  Seq Scan on s_4  (cost=0.00..163694.39 rows=9999939 width=20) (actual time=0.011..528.445 rows=10000000 loops=1)
 Planning time: 0.257 ms
 Execution time: 7029.999 ms
(7 rows)

===== 57 [Wed Mar  7 10:24:54 CET 2018] scale:10000000 groups:10 work_mem:4MB incremental:on max_workers:2 =====
SELECT * FROM s_1 ORDER BY a, b
                                                                   QUERY PLAN                                                                    
-------------------------------------------------------------------------------------------------------------------------------------------------
 Limit  (cost=1793170.34..1793170.34 rows=1 width=20) (actual time=5436.662..5436.662 rows=0 loops=1)
   ->  Incremental Sort  (cost=138016.01..1693170.95 rows=9999939 width=20) (actual time=194.541..5214.765 rows=10000000 loops=1)
         Sort Key: s_1.a, s_1.b
         Presorted Key: s_1.a
         Sort Method: external merge  Disk: 29408kB
         Sort Groups: 11
         ->  Index Scan using s_1_a_idx on s_1  (cost=0.43..323385.52 rows=9999939 width=20) (actual time=0.057..1512.807 rows=10000000 loops=1)
 Planning time: 0.290 ms
 Execution time: 5438.732 ms
(9 rows)

===== 58 [Wed Mar  7 10:25:21 CET 2018] scale:10000000 groups:10 work_mem:4MB incremental:on max_workers:2 =====
SELECT * FROM s_2 ORDER BY a, b, c
                                                                     QUERY PLAN                                                                     
----------------------------------------------------------------------------------------------------------------------------------------------------
 Limit  (cost=1498726.00..1498726.00 rows=1 width=20) (actual time=5620.947..5620.947 rows=0 loops=1)
   ->  Incremental Sort  (cost=10113.84..1398725.46 rows=10000054 width=20) (actual time=10.072..5399.142 rows=10000000 loops=1)
         Sort Key: s_2.a, s_2.b, s_2.c
         Presorted Key: s_2.a, s_2.b
         Sort Method: external merge  Disk: 2968kB
         Sort Groups: 121
         ->  Index Scan using s_2_a_b_idx on s_2  (cost=0.43..406985.62 rows=10000054 width=20) (actual time=0.062..1517.375 rows=10000000 loops=1)
 Planning time: 0.332 ms
 Execution time: 5620.974 ms
(9 rows)

===== 59 [Wed Mar  7 10:25:50 CET 2018] scale:10000000 groups:10 work_mem:4MB incremental:on max_workers:2 =====
SELECT * FROM s_3 ORDER BY a, b, c, d
                                                                     QUERY PLAN                                                                      
-----------------------------------------------------------------------------------------------------------------------------------------------------
 Limit  (cost=1370100.56..1370100.56 rows=1 width=20) (actual time=4516.473..4516.473 rows=0 loops=1)
   ->  Incremental Sort  (cost=823.18..1270101.17 rows=9999939 width=20) (actual time=0.651..4299.313 rows=10000000 loops=1)
         Sort Key: s_3.a, s_3.b, s_3.c, s_3.d
         Presorted Key: s_3.a, s_3.b, s_3.c
         Sort Method: quicksort  Memory: 1192kB
         Sort Groups: 1331
         ->  Index Scan using s_3_a_b_c_idx on s_3  (cost=0.43..451319.90 rows=9999939 width=20) (actual time=0.034..1545.227 rows=10000000 loops=1)
 Planning time: 0.312 ms
 Execution time: 4516.520 ms
(9 rows)

===== 60 [Wed Mar  7 10:26:11 CET 2018] scale:10000000 groups:10 work_mem:4MB incremental:on max_workers:2 =====
SELECT * FROM s_4 ORDER BY a, b, c, d, e
                                                                      QUERY PLAN                                                                       
-------------------------------------------------------------------------------------------------------------------------------------------------------
 Limit  (cost=1197396.24..1197396.24 rows=1 width=20) (actual time=4648.304..4648.304 rows=0 loops=1)
   ->  Incremental Sort  (cost=63.42..1097396.85 rows=9999939 width=20) (actual time=0.108..4430.144 rows=10000000 loops=1)
         Sort Key: s_4.a, s_4.b, s_4.c, s_4.d, s_4.e
         Presorted Key: s_4.a, s_4.b, s_4.c, s_4.d
         Sort Method: quicksort  Memory: 137kB
         Sort Groups: 14641
         ->  Index Scan using s_4_a_b_c_d_idx on s_4  (cost=0.43..451319.90 rows=9999939 width=20) (actual time=0.042..1504.550 rows=10000000 loops=1)
 Planning time: 0.319 ms
 Execution time: 4648.345 ms
(9 rows)

===== 61 [Wed Mar  7 10:26:34 CET 2018] scale:10000000 groups:10 work_mem:4MB incremental:off max_workers:2 =====
SELECT * FROM s_1 ORDER BY a, b
                                                                 QUERY PLAN                                                                 
--------------------------------------------------------------------------------------------------------------------------------------------
 Limit  (cost=1791007.99..1791007.99 rows=1 width=20) (actual time=3900.788..3900.788 rows=0 loops=1)
   ->  Gather Merge  (cost=735391.06..1707675.17 rows=8333282 width=20) (actual time=1526.735..3665.073 rows=10000000 loops=1)
         Workers Planned: 2
         Workers Launched: 2
         ->  Sort  (cost=734391.04..744807.64 rows=4166641 width=20) (actual time=1520.505..1861.108 rows=3333333 loops=3)
               Sort Key: s_1.a, s_1.b
               Sort Method: external merge  Disk: 98632kB
               Worker 0:  Sort Method: external merge  Disk: 97480kB
               Worker 1:  Sort Method: external merge  Disk: 97496kB
               ->  Parallel Seq Scan on s_1  (cost=0.00..105361.41 rows=4166641 width=20) (actual time=0.014..236.949 rows=3333333 loops=3)
 Planning time: 0.262 ms
 Execution time: 3924.314 ms
(12 rows)

===== 62 [Wed Mar  7 10:26:54 CET 2018] scale:10000000 groups:10 work_mem:4MB incremental:off max_workers:2 =====
SELECT * FROM s_2 ORDER BY a, b, c
                                                                 QUERY PLAN                                                                 
--------------------------------------------------------------------------------------------------------------------------------------------
 Limit  (cost=1791033.26..1791033.26 rows=1 width=20) (actual time=3823.284..3823.284 rows=0 loops=1)
   ->  Gather Merge  (cost=735404.16..1707699.48 rows=8333378 width=20) (actual time=1565.609..3588.617 rows=10000000 loops=1)
         Workers Planned: 2
         Workers Launched: 2
         ->  Sort  (cost=734404.14..744820.86 rows=4166689 width=20) (actual time=1563.146..1900.244 rows=3333333 loops=3)
               Sort Key: s_2.a, s_2.b, s_2.c
               Sort Method: external merge  Disk: 97888kB
               Worker 0:  Sort Method: external merge  Disk: 97944kB
               Worker 1:  Sort Method: external merge  Disk: 97776kB
               ->  Parallel Seq Scan on s_2  (cost=0.00..105361.89 rows=4166689 width=20) (actual time=0.020..237.664 rows=3333333 loops=3)
 Planning time: 0.268 ms
 Execution time: 3846.866 ms
(12 rows)

===== 63 [Wed Mar  7 10:27:13 CET 2018] scale:10000000 groups:10 work_mem:4MB incremental:off max_workers:2 =====
SELECT * FROM s_3 ORDER BY a, b, c, d
                                                                 QUERY PLAN                                                                 
--------------------------------------------------------------------------------------------------------------------------------------------
 Limit  (cost=1791007.99..1791007.99 rows=1 width=20) (actual time=4098.371..4098.371 rows=0 loops=1)
   ->  Gather Merge  (cost=735391.06..1707675.17 rows=8333282 width=20) (actual time=1702.385..3875.841 rows=10000000 loops=1)
         Workers Planned: 2
         Workers Launched: 2
         ->  Sort  (cost=734391.04..744807.64 rows=4166641 width=20) (actual time=1699.934..2039.136 rows=3333333 loops=3)
               Sort Key: s_3.a, s_3.b, s_3.c, s_3.d
               Sort Method: external merge  Disk: 98224kB
               Worker 0:  Sort Method: external merge  Disk: 97744kB
               Worker 1:  Sort Method: external merge  Disk: 97640kB
               ->  Parallel Seq Scan on s_3  (cost=0.00..105361.41 rows=4166641 width=20) (actual time=0.022..219.746 rows=3333333 loops=3)
 Planning time: 0.279 ms
 Execution time: 4124.215 ms
(12 rows)

===== 64 [Wed Mar  7 10:27:34 CET 2018] scale:10000000 groups:10 work_mem:4MB incremental:off max_workers:2 =====
SELECT * FROM s_4 ORDER BY a, b, c, d, e
                                                                 QUERY PLAN                                                                 
--------------------------------------------------------------------------------------------------------------------------------------------
 Limit  (cost=1791007.99..1791007.99 rows=1 width=20) (actual time=4573.640..4573.640 rows=0 loops=1)
   ->  Gather Merge  (cost=735391.06..1707675.17 rows=8333282 width=20) (actual time=2063.744..4351.033 rows=10000000 loops=1)
         Workers Planned: 2
         Workers Launched: 2
         ->  Sort  (cost=734391.04..744807.64 rows=4166641 width=20) (actual time=2061.112..2399.351 rows=3333333 loops=3)
               Sort Key: s_4.a, s_4.b, s_4.c, s_4.d, s_4.e
               Sort Method: external merge  Disk: 98192kB
               Worker 0:  Sort Method: external merge  Disk: 97744kB
               Worker 1:  Sort Method: external merge  Disk: 97672kB
               ->  Parallel Seq Scan on s_4  (cost=0.00..105361.41 rows=4166641 width=20) (actual time=0.006..181.305 rows=3333333 loops=3)
 Planning time: 0.272 ms
 Execution time: 4607.456 ms
(12 rows)

===== 65 [Wed Mar  7 10:27:58 CET 2018] scale:10000000 groups:10 work_mem:8MB incremental:on max_workers:2 =====
SELECT * FROM s_1 ORDER BY a, b
                                                                 QUERY PLAN                                                                 
--------------------------------------------------------------------------------------------------------------------------------------------
 Limit  (cost=1705558.99..1705558.99 rows=1 width=20) (actual time=3798.282..3798.282 rows=0 loops=1)
   ->  Gather Merge  (cost=649942.06..1622226.17 rows=8333282 width=20) (actual time=1350.608..3573.958 rows=10000000 loops=1)
         Workers Planned: 2
         Workers Launched: 2
         ->  Sort  (cost=648942.04..659358.64 rows=4166641 width=20) (actual time=1348.894..1713.479 rows=3333333 loops=3)
               Sort Key: s_1.a, s_1.b
               Sort Method: external merge  Disk: 97896kB
               Worker 0:  Sort Method: external merge  Disk: 97880kB
               Worker 1:  Sort Method: external merge  Disk: 97840kB
               ->  Parallel Seq Scan on s_1  (cost=0.00..105361.41 rows=4166641 width=20) (actual time=0.025..234.581 rows=3333333 loops=3)
 Planning time: 0.267 ms
 Execution time: 3822.304 ms
(12 rows)

===== 66 [Wed Mar  7 10:28:17 CET 2018] scale:10000000 groups:10 work_mem:8MB incremental:on max_workers:2 =====
SELECT * FROM s_2 ORDER BY a, b, c
                                                                     QUERY PLAN                                                                     
----------------------------------------------------------------------------------------------------------------------------------------------------
 Limit  (cost=1498726.00..1498726.00 rows=1 width=20) (actual time=5646.906..5646.906 rows=0 loops=1)
   ->  Incremental Sort  (cost=10113.84..1398725.46 rows=10000054 width=20) (actual time=10.156..5425.474 rows=10000000 loops=1)
         Sort Key: s_2.a, s_2.b, s_2.c
         Presorted Key: s_2.a, s_2.b
         Sort Method: external merge  Disk: 2968kB
         Sort Groups: 121
         ->  Index Scan using s_2_a_b_idx on s_2  (cost=0.43..406985.62 rows=10000054 width=20) (actual time=0.073..1541.481 rows=10000000 loops=1)
 Planning time: 0.272 ms
 Execution time: 5646.930 ms
(9 rows)

===== 67 [Wed Mar  7 10:28:46 CET 2018] scale:10000000 groups:10 work_mem:8MB incremental:on max_workers:2 =====
SELECT * FROM s_3 ORDER BY a, b, c, d
                                                                     QUERY PLAN                                                                      
-----------------------------------------------------------------------------------------------------------------------------------------------------
 Limit  (cost=1370100.56..1370100.56 rows=1 width=20) (actual time=4516.163..4516.163 rows=0 loops=1)
   ->  Incremental Sort  (cost=823.18..1270101.17 rows=9999939 width=20) (actual time=0.650..4298.953 rows=10000000 loops=1)
         Sort Key: s_3.a, s_3.b, s_3.c, s_3.d
         Presorted Key: s_3.a, s_3.b, s_3.c
         Sort Method: quicksort  Memory: 1192kB
         Sort Groups: 1331
         ->  Index Scan using s_3_a_b_c_idx on s_3  (cost=0.43..451319.90 rows=9999939 width=20) (actual time=0.035..1545.017 rows=10000000 loops=1)
 Planning time: 0.327 ms
 Execution time: 4516.215 ms
(9 rows)

===== 68 [Wed Mar  7 10:29:07 CET 2018] scale:10000000 groups:10 work_mem:8MB incremental:on max_workers:2 =====
SELECT * FROM s_4 ORDER BY a, b, c, d, e
                                                                      QUERY PLAN                                                                       
-------------------------------------------------------------------------------------------------------------------------------------------------------
 Limit  (cost=1197396.24..1197396.24 rows=1 width=20) (actual time=4651.386..4651.386 rows=0 loops=1)
   ->  Incremental Sort  (cost=63.42..1097396.85 rows=9999939 width=20) (actual time=0.106..4433.420 rows=10000000 loops=1)
         Sort Key: s_4.a, s_4.b, s_4.c, s_4.d, s_4.e
         Presorted Key: s_4.a, s_4.b, s_4.c, s_4.d
         Sort Method: quicksort  Memory: 137kB
         Sort Groups: 14641
         ->  Index Scan using s_4_a_b_c_d_idx on s_4  (cost=0.43..451319.90 rows=9999939 width=20) (actual time=0.037..1505.100 rows=10000000 loops=1)
 Planning time: 0.313 ms
 Execution time: 4651.428 ms
(9 rows)

===== 69 [Wed Mar  7 10:29:30 CET 2018] scale:10000000 groups:10 work_mem:8MB incremental:off max_workers:2 =====
SELECT * FROM s_1 ORDER BY a, b
                                                                 QUERY PLAN                                                                 
--------------------------------------------------------------------------------------------------------------------------------------------
 Limit  (cost=1705558.99..1705558.99 rows=1 width=20) (actual time=3790.153..3790.153 rows=0 loops=1)
   ->  Gather Merge  (cost=649942.06..1622226.17 rows=8333282 width=20) (actual time=1353.140..3554.655 rows=10000000 loops=1)
         Workers Planned: 2
         Workers Launched: 2
         ->  Sort  (cost=648942.04..659358.64 rows=4166641 width=20) (actual time=1351.162..1715.766 rows=3333333 loops=3)
               Sort Key: s_1.a, s_1.b
               Sort Method: external merge  Disk: 97872kB
               Worker 0:  Sort Method: external merge  Disk: 97920kB
               Worker 1:  Sort Method: external merge  Disk: 97824kB
               ->  Parallel Seq Scan on s_1  (cost=0.00..105361.41 rows=4166641 width=20) (actual time=0.015..235.234 rows=3333333 loops=3)
 Planning time: 0.263 ms
 Execution time: 3814.120 ms
(12 rows)

===== 70 [Wed Mar  7 10:29:49 CET 2018] scale:10000000 groups:10 work_mem:8MB incremental:off max_workers:2 =====
SELECT * FROM s_2 ORDER BY a, b, c
                                                                 QUERY PLAN                                                                 
--------------------------------------------------------------------------------------------------------------------------------------------
 Limit  (cost=1705580.76..1705580.76 rows=1 width=20) (actual time=3668.030..3668.030 rows=0 loops=1)
   ->  Gather Merge  (cost=649951.66..1622246.98 rows=8333378 width=20) (actual time=1387.442..3433.377 rows=10000000 loops=1)
         Workers Planned: 2
         Workers Launched: 2
         ->  Sort  (cost=648951.64..659368.36 rows=4166689 width=20) (actual time=1385.650..1744.201 rows=3333333 loops=3)
               Sort Key: s_2.a, s_2.b, s_2.c
               Sort Method: external merge  Disk: 97904kB
               Worker 0:  Sort Method: external merge  Disk: 97880kB
               Worker 1:  Sort Method: external merge  Disk: 97832kB
               ->  Parallel Seq Scan on s_2  (cost=0.00..105361.89 rows=4166689 width=20) (actual time=0.020..235.680 rows=3333333 loops=3)
 Planning time: 0.274 ms
 Execution time: 3691.602 ms
(12 rows)

===== 71 [Wed Mar  7 10:30:08 CET 2018] scale:10000000 groups:10 work_mem:8MB incremental:off max_workers:2 =====
SELECT * FROM s_3 ORDER BY a, b, c, d
                                                                 QUERY PLAN                                                                 
--------------------------------------------------------------------------------------------------------------------------------------------
 Limit  (cost=1705558.99..1705558.99 rows=1 width=20) (actual time=3964.710..3964.710 rows=0 loops=1)
   ->  Gather Merge  (cost=649942.06..1622226.17 rows=8333282 width=20) (actual time=1523.732..3741.764 rows=10000000 loops=1)
         Workers Planned: 2
         Workers Launched: 2
         ->  Sort  (cost=648942.04..659358.64 rows=4166641 width=20) (actual time=1518.100..1879.249 rows=3333333 loops=3)
               Sort Key: s_3.a, s_3.b, s_3.c, s_3.d
               Sort Method: external merge  Disk: 99064kB
               Worker 0:  Sort Method: external merge  Disk: 97792kB
               Worker 1:  Sort Method: external merge  Disk: 96752kB
               ->  Parallel Seq Scan on s_3  (cost=0.00..105361.41 rows=4166641 width=20) (actual time=0.020..222.952 rows=3333333 loops=3)
 Planning time: 0.280 ms
 Execution time: 3992.219 ms
(12 rows)

===== 72 [Wed Mar  7 10:30:28 CET 2018] scale:10000000 groups:10 work_mem:8MB incremental:off max_workers:2 =====
SELECT * FROM s_4 ORDER BY a, b, c, d, e
                                                                 QUERY PLAN                                                                 
--------------------------------------------------------------------------------------------------------------------------------------------
 Limit  (cost=1705558.99..1705558.99 rows=1 width=20) (actual time=4477.495..4477.495 rows=0 loops=1)
   ->  Gather Merge  (cost=649942.06..1622226.17 rows=8333282 width=20) (actual time=1888.101..4254.493 rows=10000000 loops=1)
         Workers Planned: 2
         Workers Launched: 2
         ->  Sort  (cost=648942.04..659358.64 rows=4166641 width=20) (actual time=1882.912..2242.920 rows=3333333 loops=3)
               Sort Key: s_4.a, s_4.b, s_4.c, s_4.d, s_4.e
               Sort Method: external merge  Disk: 99032kB
               Worker 0:  Sort Method: external merge  Disk: 97792kB
               Worker 1:  Sort Method: external merge  Disk: 96784kB
               ->  Parallel Seq Scan on s_4  (cost=0.00..105361.41 rows=4166641 width=20) (actual time=0.009..185.501 rows=3333333 loops=3)
 Planning time: 0.275 ms
 Execution time: 4514.184 ms
(12 rows)

===== 73 [Wed Mar  7 10:30:51 CET 2018] scale:10000000 groups:10 work_mem:16MB incremental:on max_workers:2 =====
SELECT * FROM s_1 ORDER BY a, b
                                                          QUERY PLAN                                                          
------------------------------------------------------------------------------------------------------------------------------
 Limit  (cost=1656439.93..1656439.93 rows=1 width=20) (actual time=4505.106..4505.106 rows=0 loops=1)
   ->  Sort  (cost=1531440.69..1556440.54 rows=9999939 width=20) (actual time=3272.924..4283.611 rows=10000000 loops=1)
         Sort Key: s_1.a, s_1.b
         Sort Method: external merge  Disk: 293904kB
         ->  Seq Scan on s_1  (cost=0.00..163694.39 rows=9999939 width=20) (actual time=0.032..643.314 rows=10000000 loops=1)
 Planning time: 0.269 ms
 Execution time: 4539.360 ms
(7 rows)

===== 74 [Wed Mar  7 10:31:14 CET 2018] scale:10000000 groups:10 work_mem:16MB incremental:on max_workers:2 =====
SELECT * FROM s_2 ORDER BY a, b, c
                                                                     QUERY PLAN                                                                     
----------------------------------------------------------------------------------------------------------------------------------------------------
 Limit  (cost=1498726.00..1498726.00 rows=1 width=20) (actual time=4780.709..4780.709 rows=0 loops=1)
   ->  Incremental Sort  (cost=10113.84..1398725.46 rows=10000054 width=20) (actual time=10.125..4564.126 rows=10000000 loops=1)
         Sort Key: s_2.a, s_2.b, s_2.c
         Presorted Key: s_2.a, s_2.b
         Sort Method: quicksort  Memory: 10957kB
         Sort Groups: 121
         ->  Index Scan using s_2_a_b_idx on s_2  (cost=0.43..406985.62 rows=10000054 width=20) (actual time=0.057..1523.531 rows=10000000 loops=1)
 Planning time: 0.275 ms
 Execution time: 4780.849 ms
(9 rows)

===== 75 [Wed Mar  7 10:31:38 CET 2018] scale:10000000 groups:10 work_mem:16MB incremental:on max_workers:2 =====
SELECT * FROM s_3 ORDER BY a, b, c, d
                                                                     QUERY PLAN                                                                      
-----------------------------------------------------------------------------------------------------------------------------------------------------
 Limit  (cost=1370100.56..1370100.56 rows=1 width=20) (actual time=4492.631..4492.631 rows=0 loops=1)
   ->  Incremental Sort  (cost=823.18..1270101.17 rows=9999939 width=20) (actual time=0.656..4276.326 rows=10000000 loops=1)
         Sort Key: s_3.a, s_3.b, s_3.c, s_3.d
         Presorted Key: s_3.a, s_3.b, s_3.c
         Sort Method: quicksort  Memory: 1192kB
         Sort Groups: 1331
         ->  Index Scan using s_3_a_b_c_idx on s_3  (cost=0.43..451319.90 rows=9999939 width=20) (actual time=0.038..1539.884 rows=10000000 loops=1)
 Planning time: 0.321 ms
 Execution time: 4492.678 ms
(9 rows)

===== 76 [Wed Mar  7 10:31:59 CET 2018] scale:10000000 groups:10 work_mem:16MB incremental:on max_workers:2 =====
SELECT * FROM s_4 ORDER BY a, b, c, d, e
                                                                      QUERY PLAN                                                                       
-------------------------------------------------------------------------------------------------------------------------------------------------------
 Limit  (cost=1197396.24..1197396.24 rows=1 width=20) (actual time=4621.219..4621.219 rows=0 loops=1)
   ->  Incremental Sort  (cost=63.42..1097396.85 rows=9999939 width=20) (actual time=0.110..4404.969 rows=10000000 loops=1)
         Sort Key: s_4.a, s_4.b, s_4.c, s_4.d, s_4.e
         Presorted Key: s_4.a, s_4.b, s_4.c, s_4.d
         Sort Method: quicksort  Memory: 137kB
         Sort Groups: 14641
         ->  Index Scan using s_4_a_b_c_d_idx on s_4  (cost=0.43..451319.90 rows=9999939 width=20) (actual time=0.038..1507.111 rows=10000000 loops=1)
 Planning time: 0.322 ms
 Execution time: 4621.259 ms
(9 rows)

===== 77 [Wed Mar  7 10:32:21 CET 2018] scale:10000000 groups:10 work_mem:16MB incremental:off max_workers:2 =====
SELECT * FROM s_1 ORDER BY a, b
                                                          QUERY PLAN                                                          
------------------------------------------------------------------------------------------------------------------------------
 Limit  (cost=1656439.93..1656439.93 rows=1 width=20) (actual time=4507.360..4507.360 rows=0 loops=1)
   ->  Sort  (cost=1531440.69..1556440.54 rows=9999939 width=20) (actual time=3274.725..4285.793 rows=10000000 loops=1)
         Sort Key: s_1.a, s_1.b
         Sort Method: external merge  Disk: 293904kB
         ->  Seq Scan on s_1  (cost=0.00..163694.39 rows=9999939 width=20) (actual time=0.022..648.763 rows=10000000 loops=1)
 Planning time: 0.265 ms
 Execution time: 4541.507 ms
(7 rows)

===== 78 [Wed Mar  7 10:32:45 CET 2018] scale:10000000 groups:10 work_mem:16MB incremental:off max_workers:2 =====
SELECT * FROM s_2 ORDER BY a, b, c
                                                          QUERY PLAN                                                           
-------------------------------------------------------------------------------------------------------------------------------
 Limit  (cost=1656460.22..1656460.22 rows=1 width=20) (actual time=4714.107..4714.107 rows=0 loops=1)
   ->  Sort  (cost=1531459.54..1556459.68 rows=10000054 width=20) (actual time=3480.482..4492.425 rows=10000000 loops=1)
         Sort Key: s_2.a, s_2.b, s_2.c
         Sort Method: external merge  Disk: 293904kB
         ->  Seq Scan on s_2  (cost=0.00..163695.54 rows=10000054 width=20) (actual time=0.019..647.760 rows=10000000 loops=1)
 Planning time: 0.273 ms
 Execution time: 4748.297 ms
(7 rows)

===== 79 [Wed Mar  7 10:33:09 CET 2018] scale:10000000 groups:10 work_mem:16MB incremental:off max_workers:2 =====
SELECT * FROM s_3 ORDER BY a, b, c, d
                                                          QUERY PLAN                                                          
------------------------------------------------------------------------------------------------------------------------------
 Limit  (cost=1656439.93..1656439.93 rows=1 width=20) (actual time=5340.146..5340.146 rows=0 loops=1)
   ->  Sort  (cost=1531440.69..1556440.54 rows=9999939 width=20) (actual time=4122.871..5118.673 rows=10000000 loops=1)
         Sort Key: s_3.a, s_3.b, s_3.c, s_3.d
         Sort Method: external merge  Disk: 293904kB
         ->  Seq Scan on s_3  (cost=0.00..163694.39 rows=9999939 width=20) (actual time=0.019..613.172 rows=10000000 loops=1)
 Planning time: 0.281 ms
 Execution time: 5374.426 ms
(7 rows)

===== 80 [Wed Mar  7 10:33:37 CET 2018] scale:10000000 groups:10 work_mem:16MB incremental:off max_workers:2 =====
SELECT * FROM s_4 ORDER BY a, b, c, d, e
                                                          QUERY PLAN                                                          
------------------------------------------------------------------------------------------------------------------------------
 Limit  (cost=1656439.93..1656439.93 rows=1 width=20) (actual time=6431.086..6431.086 rows=0 loops=1)
   ->  Sort  (cost=1531440.69..1556440.54 rows=9999939 width=20) (actual time=5211.716..6209.872 rows=10000000 loops=1)
         Sort Key: s_4.a, s_4.b, s_4.c, s_4.d, s_4.e
         Sort Method: external merge  Disk: 293904kB
         ->  Seq Scan on s_4  (cost=0.00..163694.39 rows=9999939 width=20) (actual time=0.010..508.962 rows=10000000 loops=1)
 Planning time: 0.265 ms
 Execution time: 6465.386 ms
(7 rows)

===== 81 [Wed Mar  7 10:34:11 CET 2018] scale:10000000 groups:10 work_mem:32MB incremental:on max_workers:2 =====
SELECT * FROM s_1 ORDER BY a, b
                                                          QUERY PLAN                                                          
------------------------------------------------------------------------------------------------------------------------------
 Limit  (cost=1656439.93..1656439.93 rows=1 width=20) (actual time=4705.223..4705.223 rows=0 loops=1)
   ->  Sort  (cost=1531440.69..1556440.54 rows=9999939 width=20) (actual time=3479.173..4483.480 rows=10000000 loops=1)
         Sort Key: s_1.a, s_1.b
         Sort Method: external merge  Disk: 293576kB
         ->  Seq Scan on s_1  (cost=0.00..163694.39 rows=9999939 width=20) (actual time=0.029..639.798 rows=10000000 loops=1)
 Planning time: 0.269 ms
 Execution time: 4740.011 ms
(7 rows)

===== 82 [Wed Mar  7 10:34:35 CET 2018] scale:10000000 groups:10 work_mem:32MB incremental:on max_workers:2 =====
SELECT * FROM s_2 ORDER BY a, b, c
                                                                     QUERY PLAN                                                                     
----------------------------------------------------------------------------------------------------------------------------------------------------
 Limit  (cost=1498726.00..1498726.00 rows=1 width=20) (actual time=4777.810..4777.810 rows=0 loops=1)
   ->  Incremental Sort  (cost=10113.84..1398725.46 rows=10000054 width=20) (actual time=10.107..4561.764 rows=10000000 loops=1)
         Sort Key: s_2.a, s_2.b, s_2.c
         Presorted Key: s_2.a, s_2.b
         Sort Method: quicksort  Memory: 10957kB
         Sort Groups: 121
         ->  Index Scan using s_2_a_b_idx on s_2  (cost=0.43..406985.62 rows=10000054 width=20) (actual time=0.064..1519.018 rows=10000000 loops=1)
 Planning time: 0.286 ms
 Execution time: 4777.950 ms
(9 rows)

===== 83 [Wed Mar  7 10:34:58 CET 2018] scale:10000000 groups:10 work_mem:32MB incremental:on max_workers:2 =====
SELECT * FROM s_3 ORDER BY a, b, c, d
                                                                     QUERY PLAN                                                                      
-----------------------------------------------------------------------------------------------------------------------------------------------------
 Limit  (cost=1370100.56..1370100.56 rows=1 width=20) (actual time=4514.343..4514.343 rows=0 loops=1)
   ->  Incremental Sort  (cost=823.18..1270101.17 rows=9999939 width=20) (actual time=0.639..4297.296 rows=10000000 loops=1)
         Sort Key: s_3.a, s_3.b, s_3.c, s_3.d
         Presorted Key: s_3.a, s_3.b, s_3.c
         Sort Method: quicksort  Memory: 1192kB
         Sort Groups: 1331
         ->  Index Scan using s_3_a_b_c_idx on s_3  (cost=0.43..451319.90 rows=9999939 width=20) (actual time=0.044..1542.765 rows=10000000 loops=1)
 Planning time: 0.325 ms
 Execution time: 4514.391 ms
(9 rows)

===== 84 [Wed Mar  7 10:35:20 CET 2018] scale:10000000 groups:10 work_mem:32MB incremental:on max_workers:2 =====
SELECT * FROM s_4 ORDER BY a, b, c, d, e
                                                                      QUERY PLAN                                                                       
-------------------------------------------------------------------------------------------------------------------------------------------------------
 Limit  (cost=1197396.24..1197396.24 rows=1 width=20) (actual time=4650.777..4650.777 rows=0 loops=1)
   ->  Incremental Sort  (cost=63.42..1097396.85 rows=9999939 width=20) (actual time=0.102..4432.524 rows=10000000 loops=1)
         Sort Key: s_4.a, s_4.b, s_4.c, s_4.d, s_4.e
         Presorted Key: s_4.a, s_4.b, s_4.c, s_4.d
         Sort Method: quicksort  Memory: 137kB
         Sort Groups: 14641
         ->  Index Scan using s_4_a_b_c_d_idx on s_4  (cost=0.43..451319.90 rows=9999939 width=20) (actual time=0.042..1506.663 rows=10000000 loops=1)
 Planning time: 0.321 ms
 Execution time: 4650.818 ms
(9 rows)

===== 85 [Wed Mar  7 10:35:42 CET 2018] scale:10000000 groups:10 work_mem:32MB incremental:off max_workers:2 =====
SELECT * FROM s_1 ORDER BY a, b
                                                          QUERY PLAN                                                          
------------------------------------------------------------------------------------------------------------------------------
 Limit  (cost=1656439.93..1656439.93 rows=1 width=20) (actual time=4635.914..4635.914 rows=0 loops=1)
   ->  Sort  (cost=1531440.69..1556440.54 rows=9999939 width=20) (actual time=3408.025..4414.328 rows=10000000 loops=1)
         Sort Key: s_1.a, s_1.b
         Sort Method: external merge  Disk: 293576kB
         ->  Seq Scan on s_1  (cost=0.00..163694.39 rows=9999939 width=20) (actual time=0.019..646.906 rows=10000000 loops=1)
 Planning time: 0.262 ms
 Execution time: 4670.758 ms
(7 rows)

===== 86 [Wed Mar  7 10:36:06 CET 2018] scale:10000000 groups:10 work_mem:32MB incremental:off max_workers:2 =====
SELECT * FROM s_2 ORDER BY a, b, c
                                                          QUERY PLAN                                                           
-------------------------------------------------------------------------------------------------------------------------------
 Limit  (cost=1656460.22..1656460.22 rows=1 width=20) (actual time=4836.862..4836.862 rows=0 loops=1)
   ->  Sort  (cost=1531459.54..1556459.68 rows=10000054 width=20) (actual time=3651.967..4615.724 rows=10000000 loops=1)
         Sort Key: s_2.a, s_2.b, s_2.c
         Sort Method: external merge  Disk: 293576kB
         ->  Seq Scan on s_2  (cost=0.00..163695.54 rows=10000054 width=20) (actual time=0.018..646.754 rows=10000000 loops=1)
 Planning time: 0.276 ms
 Execution time: 4871.724 ms
(7 rows)

===== 87 [Wed Mar  7 10:36:31 CET 2018] scale:10000000 groups:10 work_mem:32MB incremental:off max_workers:2 =====
SELECT * FROM s_3 ORDER BY a, b, c, d
                                                          QUERY PLAN                                                          
------------------------------------------------------------------------------------------------------------------------------
 Limit  (cost=1656439.93..1656439.93 rows=1 width=20) (actual time=5453.497..5453.497 rows=0 loops=1)
   ->  Sort  (cost=1531440.69..1556440.54 rows=9999939 width=20) (actual time=4278.778..5232.678 rows=10000000 loops=1)
         Sort Key: s_3.a, s_3.b, s_3.c, s_3.d
         Sort Method: external merge  Disk: 293576kB
         ->  Seq Scan on s_3  (cost=0.00..163694.39 rows=9999939 width=20) (actual time=0.019..613.484 rows=10000000 loops=1)
 Planning time: 0.278 ms
 Execution time: 5488.207 ms
(7 rows)

===== 88 [Wed Mar  7 10:37:00 CET 2018] scale:10000000 groups:10 work_mem:32MB incremental:off max_workers:2 =====
SELECT * FROM s_4 ORDER BY a, b, c, d, e
                                                          QUERY PLAN                                                          
------------------------------------------------------------------------------------------------------------------------------
 Limit  (cost=1656439.93..1656439.93 rows=1 width=20) (actual time=6534.520..6534.520 rows=0 loops=1)
   ->  Sort  (cost=1531440.69..1556440.54 rows=9999939 width=20) (actual time=5357.007..6314.192 rows=10000000 loops=1)
         Sort Key: s_4.a, s_4.b, s_4.c, s_4.d, s_4.e
         Sort Method: external merge  Disk: 293576kB
         ->  Seq Scan on s_4  (cost=0.00..163694.39 rows=9999939 width=20) (actual time=0.013..509.328 rows=10000000 loops=1)
 Planning time: 0.267 ms
 Execution time: 6569.293 ms
(7 rows)

===== 89 [Wed Mar  7 10:37:35 CET 2018] scale:10000000 groups:10 work_mem:64MB incremental:on max_workers:2 =====
SELECT * FROM s_1 ORDER BY a, b
                                                                   QUERY PLAN                                                                    
-------------------------------------------------------------------------------------------------------------------------------------------------
 Limit  (cost=1588080.84..1588080.84 rows=1 width=20) (actual time=5936.902..5936.902 rows=0 loops=1)
   ->  Incremental Sort  (cost=119371.51..1488081.45 rows=9999939 width=20) (actual time=206.995..5715.600 rows=10000000 loops=1)
         Sort Key: s_1.a, s_1.b
         Presorted Key: s_1.a
         Sort Method: external merge  Disk: 29408kB
         Sort Groups: 11
         ->  Index Scan using s_1_a_idx on s_1  (cost=0.43..323385.52 rows=9999939 width=20) (actual time=0.048..1513.394 rows=10000000 loops=1)
 Planning time: 0.267 ms
 Execution time: 5939.734 ms
(9 rows)

===== 90 [Wed Mar  7 10:38:05 CET 2018] scale:10000000 groups:10 work_mem:64MB incremental:on max_workers:2 =====
SELECT * FROM s_2 ORDER BY a, b, c
                                                                     QUERY PLAN                                                                     
----------------------------------------------------------------------------------------------------------------------------------------------------
 Limit  (cost=1498726.00..1498726.00 rows=1 width=20) (actual time=4777.370..4777.370 rows=0 loops=1)
   ->  Incremental Sort  (cost=10113.84..1398725.46 rows=10000054 width=20) (actual time=10.060..4561.287 rows=10000000 loops=1)
         Sort Key: s_2.a, s_2.b, s_2.c
         Presorted Key: s_2.a, s_2.b
         Sort Method: quicksort  Memory: 10957kB
         Sort Groups: 121
         ->  Index Scan using s_2_a_b_idx on s_2  (cost=0.43..406985.62 rows=10000054 width=20) (actual time=0.053..1520.799 rows=10000000 loops=1)
 Planning time: 0.318 ms
 Execution time: 4777.513 ms
(9 rows)

===== 91 [Wed Mar  7 10:38:29 CET 2018] scale:10000000 groups:10 work_mem:64MB incremental:on max_workers:2 =====
SELECT * FROM s_3 ORDER BY a, b, c, d
                                                                     QUERY PLAN                                                                      
-----------------------------------------------------------------------------------------------------------------------------------------------------
 Limit  (cost=1370100.56..1370100.56 rows=1 width=20) (actual time=4515.195..4515.195 rows=0 loops=1)
   ->  Incremental Sort  (cost=823.18..1270101.17 rows=9999939 width=20) (actual time=0.642..4298.583 rows=10000000 loops=1)
         Sort Key: s_3.a, s_3.b, s_3.c, s_3.d
         Presorted Key: s_3.a, s_3.b, s_3.c
         Sort Method: quicksort  Memory: 1192kB
         Sort Groups: 1331
         ->  Index Scan using s_3_a_b_c_idx on s_3  (cost=0.43..451319.90 rows=9999939 width=20) (actual time=0.038..1543.324 rows=10000000 loops=1)
 Planning time: 0.308 ms
 Execution time: 4515.241 ms
(9 rows)

===== 92 [Wed Mar  7 10:38:50 CET 2018] scale:10000000 groups:10 work_mem:64MB incremental:on max_workers:2 =====
SELECT * FROM s_4 ORDER BY a, b, c, d, e
                                                                      QUERY PLAN                                                                       
-------------------------------------------------------------------------------------------------------------------------------------------------------
 Limit  (cost=1197396.24..1197396.24 rows=1 width=20) (actual time=4653.537..4653.537 rows=0 loops=1)
   ->  Incremental Sort  (cost=63.42..1097396.85 rows=9999939 width=20) (actual time=0.113..4435.403 rows=10000000 loops=1)
         Sort Key: s_4.a, s_4.b, s_4.c, s_4.d, s_4.e
         Presorted Key: s_4.a, s_4.b, s_4.c, s_4.d
         Sort Method: quicksort  Memory: 137kB
         Sort Groups: 14641
         ->  Index Scan using s_4_a_b_c_d_idx on s_4  (cost=0.43..451319.90 rows=9999939 width=20) (actual time=0.047..1508.209 rows=10000000 loops=1)
 Planning time: 0.320 ms
 Execution time: 4653.577 ms
(9 rows)

===== 93 [Wed Mar  7 10:39:12 CET 2018] scale:10000000 groups:10 work_mem:64MB incremental:off max_workers:2 =====
SELECT * FROM s_1 ORDER BY a, b
                                                          QUERY PLAN                                                          
------------------------------------------------------------------------------------------------------------------------------
 Limit  (cost=1656439.93..1656439.93 rows=1 width=20) (actual time=4752.873..4752.873 rows=0 loops=1)
   ->  Sort  (cost=1531440.69..1556440.54 rows=9999939 width=20) (actual time=3532.378..4530.522 rows=10000000 loops=1)
         Sort Key: s_1.a, s_1.b
         Sort Method: external merge  Disk: 293648kB
         ->  Seq Scan on s_1  (cost=0.00..163694.39 rows=9999939 width=20) (actual time=0.019..648.551 rows=10000000 loops=1)
 Planning time: 0.255 ms
 Execution time: 4788.974 ms
(7 rows)

===== 94 [Wed Mar  7 10:39:37 CET 2018] scale:10000000 groups:10 work_mem:64MB incremental:off max_workers:2 =====
SELECT * FROM s_2 ORDER BY a, b, c
                                                          QUERY PLAN                                                           
-------------------------------------------------------------------------------------------------------------------------------
 Limit  (cost=1656460.22..1656460.22 rows=1 width=20) (actual time=5011.384..5011.384 rows=0 loops=1)
   ->  Sort  (cost=1531459.54..1556459.68 rows=10000054 width=20) (actual time=3861.108..4790.755 rows=10000000 loops=1)
         Sort Key: s_2.a, s_2.b, s_2.c
         Sort Method: external merge  Disk: 293648kB
         ->  Seq Scan on s_2  (cost=0.00..163695.54 rows=10000054 width=20) (actual time=0.022..650.292 rows=10000000 loops=1)
 Planning time: 0.266 ms
 Execution time: 5047.412 ms
(7 rows)

===== 95 [Wed Mar  7 10:40:03 CET 2018] scale:10000000 groups:10 work_mem:64MB incremental:off max_workers:2 =====
SELECT * FROM s_3 ORDER BY a, b, c, d
                                                          QUERY PLAN                                                          
------------------------------------------------------------------------------------------------------------------------------
 Limit  (cost=1656439.93..1656439.93 rows=1 width=20) (actual time=5623.911..5623.911 rows=0 loops=1)
   ->  Sort  (cost=1531440.69..1556440.54 rows=9999939 width=20) (actual time=4476.952..5403.776 rows=10000000 loops=1)
         Sort Key: s_3.a, s_3.b, s_3.c, s_3.d
         Sort Method: external merge  Disk: 293648kB
         ->  Seq Scan on s_3  (cost=0.00..163694.39 rows=9999939 width=20) (actual time=0.017..615.758 rows=10000000 loops=1)
 Planning time: 0.286 ms
 Execution time: 5659.953 ms
(7 rows)

===== 96 [Wed Mar  7 10:40:33 CET 2018] scale:10000000 groups:10 work_mem:64MB incremental:off max_workers:2 =====
SELECT * FROM s_4 ORDER BY a, b, c, d, e
                                                          QUERY PLAN                                                          
------------------------------------------------------------------------------------------------------------------------------
 Limit  (cost=1656439.93..1656439.93 rows=1 width=20) (actual time=6695.161..6695.161 rows=0 loops=1)
   ->  Sort  (cost=1531440.69..1556440.54 rows=9999939 width=20) (actual time=5552.031..6474.963 rows=10000000 loops=1)
         Sort Key: s_4.a, s_4.b, s_4.c, s_4.d, s_4.e
         Sort Method: external merge  Disk: 293648kB
         ->  Seq Scan on s_4  (cost=0.00..163694.39 rows=9999939 width=20) (actual time=0.011..511.932 rows=10000000 loops=1)
 Planning time: 0.263 ms
 Execution time: 6731.310 ms
(7 rows)

===== 97 [Wed Mar  7 10:41:09 CET 2018] scale:10000000 groups:10 work_mem:128MB incremental:on max_workers:2 =====
SELECT * FROM s_1 ORDER BY a, b
                                                                   QUERY PLAN                                                                    
-------------------------------------------------------------------------------------------------------------------------------------------------
 Limit  (cost=1588080.84..1588080.84 rows=1 width=20) (actual time=5141.323..5141.323 rows=0 loops=1)
   ->  Incremental Sort  (cost=119371.51..1488081.45 rows=9999939 width=20) (actual time=207.606..4928.493 rows=10000000 loops=1)
         Sort Key: s_1.a, s_1.b
         Presorted Key: s_1.a
         Sort Method: quicksort  Memory: 102822kB
         Sort Groups: 11
         ->  Index Scan using s_1_a_idx on s_1  (cost=0.43..323385.52 rows=9999939 width=20) (actual time=0.051..1565.181 rows=10000000 loops=1)
 Planning time: 0.268 ms
 Execution time: 5142.416 ms
(9 rows)

===== 98 [Wed Mar  7 10:41:34 CET 2018] scale:10000000 groups:10 work_mem:128MB incremental:on max_workers:2 =====
SELECT * FROM s_2 ORDER BY a, b, c
                                                                     QUERY PLAN                                                                     
----------------------------------------------------------------------------------------------------------------------------------------------------
 Limit  (cost=1498726.00..1498726.00 rows=1 width=20) (actual time=4777.036..4777.036 rows=0 loops=1)
   ->  Incremental Sort  (cost=10113.84..1398725.46 rows=10000054 width=20) (actual time=10.090..4560.905 rows=10000000 loops=1)
         Sort Key: s_2.a, s_2.b, s_2.c
         Presorted Key: s_2.a, s_2.b
         Sort Method: quicksort  Memory: 10957kB
         Sort Groups: 121
         ->  Index Scan using s_2_a_b_idx on s_2  (cost=0.43..406985.62 rows=10000054 width=20) (actual time=0.061..1520.903 rows=10000000 loops=1)
 Planning time: 0.312 ms
 Execution time: 4777.177 ms
(9 rows)

===== 99 [Wed Mar  7 10:41:57 CET 2018] scale:10000000 groups:10 work_mem:128MB incremental:on max_workers:2 =====
SELECT * FROM s_3 ORDER BY a, b, c, d
                                                                     QUERY PLAN                                                                      
-----------------------------------------------------------------------------------------------------------------------------------------------------
 Limit  (cost=1370100.56..1370100.56 rows=1 width=20) (actual time=4515.005..4515.005 rows=0 loops=1)
   ->  Incremental Sort  (cost=823.18..1270101.17 rows=9999939 width=20) (actual time=0.644..4297.868 rows=10000000 loops=1)
         Sort Key: s_3.a, s_3.b, s_3.c, s_3.d
         Presorted Key: s_3.a, s_3.b, s_3.c
         Sort Method: quicksort  Memory: 1192kB
         Sort Groups: 1331
         ->  Index Scan using s_3_a_b_c_idx on s_3  (cost=0.43..451319.90 rows=9999939 width=20) (actual time=0.046..1544.339 rows=10000000 loops=1)
 Planning time: 0.304 ms
 Execution time: 4515.052 ms
(9 rows)

===== 100 [Wed Mar  7 10:42:19 CET 2018] scale:10000000 groups:10 work_mem:128MB incremental:on max_workers:2 =====
SELECT * FROM s_4 ORDER BY a, b, c, d, e
                                                                      QUERY PLAN                                                                       
-------------------------------------------------------------------------------------------------------------------------------------------------------
 Limit  (cost=1197396.24..1197396.24 rows=1 width=20) (actual time=4646.291..4646.291 rows=0 loops=1)
   ->  Incremental Sort  (cost=63.42..1097396.85 rows=9999939 width=20) (actual time=0.104..4428.115 rows=10000000 loops=1)
         Sort Key: s_4.a, s_4.b, s_4.c, s_4.d, s_4.e
         Presorted Key: s_4.a, s_4.b, s_4.c, s_4.d
         Sort Method: quicksort  Memory: 137kB
         Sort Groups: 14641
         ->  Index Scan using s_4_a_b_c_d_idx on s_4  (cost=0.43..451319.90 rows=9999939 width=20) (actual time=0.044..1504.621 rows=10000000 loops=1)
 Planning time: 0.324 ms
 Execution time: 4646.332 ms
(9 rows)

===== 101 [Wed Mar  7 10:42:41 CET 2018] scale:10000000 groups:10 work_mem:128MB incremental:off max_workers:2 =====
SELECT * FROM s_1 ORDER BY a, b
                                                          QUERY PLAN                                                          
------------------------------------------------------------------------------------------------------------------------------
 Limit  (cost=1656439.93..1656439.93 rows=1 width=20) (actual time=4805.811..4805.811 rows=0 loops=1)
   ->  Sort  (cost=1531440.69..1556440.54 rows=9999939 width=20) (actual time=3678.016..4585.854 rows=10000000 loops=1)
         Sort Key: s_1.a, s_1.b
         Sort Method: external merge  Disk: 293568kB
         ->  Seq Scan on s_1  (cost=0.00..163694.39 rows=9999939 width=20) (actual time=0.019..654.115 rows=10000000 loops=1)
 Planning time: 0.253 ms
 Execution time: 4844.096 ms
(7 rows)

===== 102 [Wed Mar  7 10:43:06 CET 2018] scale:10000000 groups:10 work_mem:128MB incremental:off max_workers:2 =====
SELECT * FROM s_2 ORDER BY a, b, c
                                                          QUERY PLAN                                                           
-------------------------------------------------------------------------------------------------------------------------------
 Limit  (cost=1656460.22..1656460.22 rows=1 width=20) (actual time=5168.031..5168.031 rows=0 loops=1)
   ->  Sort  (cost=1531459.54..1556459.68 rows=10000054 width=20) (actual time=4080.290..4948.844 rows=10000000 loops=1)
         Sort Key: s_2.a, s_2.b, s_2.c
         Sort Method: external merge  Disk: 293568kB
         ->  Seq Scan on s_2  (cost=0.00..163695.54 rows=10000054 width=20) (actual time=0.019..655.430 rows=10000000 loops=1)
 Planning time: 0.262 ms
 Execution time: 5206.353 ms
(7 rows)

===== 103 [Wed Mar  7 10:43:33 CET 2018] scale:10000000 groups:10 work_mem:128MB incremental:off max_workers:2 =====
SELECT * FROM s_3 ORDER BY a, b, c, d
                                                          QUERY PLAN                                                          
------------------------------------------------------------------------------------------------------------------------------
 Limit  (cost=1656439.93..1656439.93 rows=1 width=20) (actual time=5778.432..5778.432 rows=0 loops=1)
   ->  Sort  (cost=1531440.69..1556440.54 rows=9999939 width=20) (actual time=4687.025..5559.518 rows=10000000 loops=1)
         Sort Key: s_3.a, s_3.b, s_3.c, s_3.d
         Sort Method: external merge  Disk: 293568kB
         ->  Seq Scan on s_3  (cost=0.00..163694.39 rows=9999939 width=20) (actual time=0.016..620.031 rows=10000000 loops=1)
 Planning time: 0.270 ms
 Execution time: 5816.715 ms
(7 rows)

===== 104 [Wed Mar  7 10:44:04 CET 2018] scale:10000000 groups:10 work_mem:128MB incremental:off max_workers:2 =====
SELECT * FROM s_4 ORDER BY a, b, c, d, e
                                                          QUERY PLAN                                                          
------------------------------------------------------------------------------------------------------------------------------
 Limit  (cost=1656439.93..1656439.93 rows=1 width=20) (actual time=6851.414..6851.414 rows=0 loops=1)
   ->  Sort  (cost=1531440.69..1556440.54 rows=9999939 width=20) (actual time=5763.129..6632.505 rows=10000000 loops=1)
         Sort Key: s_4.a, s_4.b, s_4.c, s_4.d, s_4.e
         Sort Method: external merge  Disk: 293568kB
         ->  Seq Scan on s_4  (cost=0.00..163694.39 rows=9999939 width=20) (actual time=0.010..516.907 rows=10000000 loops=1)
 Planning time: 0.268 ms
 Execution time: 6889.853 ms
(7 rows)

===== 105 [Wed Mar  7 10:44:41 CET 2018] scale:10000000 groups:10 work_mem:256MB incremental:on max_workers:2 =====
SELECT * FROM s_1 ORDER BY a, b
                                                                   QUERY PLAN                                                                    
-------------------------------------------------------------------------------------------------------------------------------------------------
 Limit  (cost=1588080.84..1588080.84 rows=1 width=20) (actual time=5141.788..5141.788 rows=0 loops=1)
   ->  Incremental Sort  (cost=119371.51..1488081.45 rows=9999939 width=20) (actual time=207.729..4925.341 rows=10000000 loops=1)
         Sort Key: s_1.a, s_1.b
         Presorted Key: s_1.a
         Sort Method: quicksort  Memory: 102822kB
         Sort Groups: 11
         ->  Index Scan using s_1_a_idx on s_1  (cost=0.43..323385.52 rows=9999939 width=20) (actual time=0.053..1567.180 rows=10000000 loops=1)
 Planning time: 0.255 ms
 Execution time: 5142.887 ms
(9 rows)

===== 106 [Wed Mar  7 10:45:06 CET 2018] scale:10000000 groups:10 work_mem:256MB incremental:on max_workers:2 =====
SELECT * FROM s_2 ORDER BY a, b, c
                                                                     QUERY PLAN                                                                     
----------------------------------------------------------------------------------------------------------------------------------------------------
 Limit  (cost=1498726.00..1498726.00 rows=1 width=20) (actual time=4775.918..4775.918 rows=0 loops=1)
   ->  Incremental Sort  (cost=10113.84..1398725.46 rows=10000054 width=20) (actual time=10.067..4559.338 rows=10000000 loops=1)
         Sort Key: s_2.a, s_2.b, s_2.c
         Presorted Key: s_2.a, s_2.b
         Sort Method: quicksort  Memory: 10957kB
         Sort Groups: 121
         ->  Index Scan using s_2_a_b_idx on s_2  (cost=0.43..406985.62 rows=10000054 width=20) (actual time=0.063..1520.753 rows=10000000 loops=1)
 Planning time: 0.312 ms
 Execution time: 4776.058 ms
(9 rows)

===== 107 [Wed Mar  7 10:45:29 CET 2018] scale:10000000 groups:10 work_mem:256MB incremental:on max_workers:2 =====
SELECT * FROM s_3 ORDER BY a, b, c, d
                                                                     QUERY PLAN                                                                      
-----------------------------------------------------------------------------------------------------------------------------------------------------
 Limit  (cost=1370100.56..1370100.56 rows=1 width=20) (actual time=4514.470..4514.470 rows=0 loops=1)
   ->  Incremental Sort  (cost=823.18..1270101.17 rows=9999939 width=20) (actual time=0.653..4297.243 rows=10000000 loops=1)
         Sort Key: s_3.a, s_3.b, s_3.c, s_3.d
         Presorted Key: s_3.a, s_3.b, s_3.c
         Sort Method: quicksort  Memory: 1192kB
         Sort Groups: 1331
         ->  Index Scan using s_3_a_b_c_idx on s_3  (cost=0.43..451319.90 rows=9999939 width=20) (actual time=0.042..1543.974 rows=10000000 loops=1)
 Planning time: 0.306 ms
 Execution time: 4514.518 ms
(9 rows)

===== 108 [Wed Mar  7 10:45:51 CET 2018] scale:10000000 groups:10 work_mem:256MB incremental:on max_workers:2 =====
SELECT * FROM s_4 ORDER BY a, b, c, d, e
                                                                      QUERY PLAN                                                                       
-------------------------------------------------------------------------------------------------------------------------------------------------------
 Limit  (cost=1197396.24..1197396.24 rows=1 width=20) (actual time=4655.190..4655.190 rows=0 loops=1)
   ->  Incremental Sort  (cost=63.42..1097396.85 rows=9999939 width=20) (actual time=0.109..4437.272 rows=10000000 loops=1)
         Sort Key: s_4.a, s_4.b, s_4.c, s_4.d, s_4.e
         Presorted Key: s_4.a, s_4.b, s_4.c, s_4.d
         Sort Method: quicksort  Memory: 137kB
         Sort Groups: 14641
         ->  Index Scan using s_4_a_b_c_d_idx on s_4  (cost=0.43..451319.90 rows=9999939 width=20) (actual time=0.043..1507.684 rows=10000000 loops=1)
 Planning time: 0.311 ms
 Execution time: 4655.231 ms
(9 rows)

===== 109 [Wed Mar  7 10:46:13 CET 2018] scale:10000000 groups:10 work_mem:256MB incremental:off max_workers:2 =====
SELECT * FROM s_1 ORDER BY a, b
                                                                 QUERY PLAN                                                                 
--------------------------------------------------------------------------------------------------------------------------------------------
 Limit  (cost=1620109.99..1620109.99 rows=1 width=20) (actual time=3656.018..3656.018 rows=0 loops=1)
   ->  Gather Merge  (cost=564493.06..1536777.17 rows=8333282 width=20) (actual time=1561.439..3421.755 rows=10000000 loops=1)
         Workers Planned: 2
         Workers Launched: 2
         ->  Sort  (cost=563493.04..573909.64 rows=4166641 width=20) (actual time=1551.427..1819.783 rows=3333333 loops=3)
               Sort Key: s_1.a, s_1.b
               Sort Method: external merge  Disk: 98848kB
               Worker 0:  Sort Method: external merge  Disk: 97688kB
               Worker 1:  Sort Method: external merge  Disk: 97024kB
               ->  Parallel Seq Scan on s_1  (cost=0.00..105361.41 rows=4166641 width=20) (actual time=0.017..242.991 rows=3333333 loops=3)
 Planning time: 0.258 ms
 Execution time: 3684.826 ms
(12 rows)

===== 110 [Wed Mar  7 10:46:32 CET 2018] scale:10000000 groups:10 work_mem:256MB incremental:off max_workers:2 =====
SELECT * FROM s_2 ORDER BY a, b, c
                                                                 QUERY PLAN                                                                 
--------------------------------------------------------------------------------------------------------------------------------------------
 Limit  (cost=1620128.26..1620128.26 rows=1 width=20) (actual time=3922.954..3922.954 rows=0 loops=1)
   ->  Gather Merge  (cost=564499.16..1536794.48 rows=8333378 width=20) (actual time=1705.769..3688.571 rows=10000000 loops=1)
         Workers Planned: 2
         Workers Launched: 2
         ->  Sort  (cost=563499.14..573915.86 rows=4166689 width=20) (actual time=1693.997..1962.806 rows=3333333 loops=3)
               Sort Key: s_2.a, s_2.b, s_2.c
               Sort Method: external merge  Disk: 98904kB
               Worker 0:  Sort Method: external merge  Disk: 97480kB
               Worker 1:  Sort Method: external merge  Disk: 97176kB
               ->  Parallel Seq Scan on s_2  (cost=0.00..105361.89 rows=4166689 width=20) (actual time=0.020..243.347 rows=3333333 loops=3)
 Planning time: 0.275 ms
 Execution time: 3949.696 ms
(12 rows)

===== 111 [Wed Mar  7 10:46:52 CET 2018] scale:10000000 groups:10 work_mem:256MB incremental:off max_workers:2 =====
SELECT * FROM s_3 ORDER BY a, b, c, d
                                                                 QUERY PLAN                                                                 
--------------------------------------------------------------------------------------------------------------------------------------------
 Limit  (cost=1620109.99..1620109.99 rows=1 width=20) (actual time=4255.493..4255.493 rows=0 loops=1)
   ->  Gather Merge  (cost=564493.06..1536777.17 rows=8333282 width=20) (actual time=1816.317..4032.662 rows=10000000 loops=1)
         Workers Planned: 2
         Workers Launched: 2
         ->  Sort  (cost=563493.04..573909.64 rows=4166641 width=20) (actual time=1810.468..2084.274 rows=3333333 loops=3)
               Sort Key: s_3.a, s_3.b, s_3.c, s_3.d
               Sort Method: external merge  Disk: 97656kB
               Worker 0:  Sort Method: external merge  Disk: 98272kB
               Worker 1:  Sort Method: external merge  Disk: 97632kB
               ->  Parallel Seq Scan on s_3  (cost=0.00..105361.41 rows=4166641 width=20) (actual time=0.020..234.058 rows=3333333 loops=3)
 Planning time: 0.285 ms
 Execution time: 4287.323 ms
(12 rows)

===== 112 [Wed Mar  7 10:47:14 CET 2018] scale:10000000 groups:10 work_mem:256MB incremental:off max_workers:2 =====
SELECT * FROM s_4 ORDER BY a, b, c, d, e
                                                                 QUERY PLAN                                                                 
--------------------------------------------------------------------------------------------------------------------------------------------
 Limit  (cost=1620109.99..1620109.99 rows=1 width=20) (actual time=4895.749..4895.749 rows=0 loops=1)
   ->  Gather Merge  (cost=564493.06..1536777.17 rows=8333282 width=20) (actual time=2197.762..4672.705 rows=10000000 loops=1)
         Workers Planned: 2
         Workers Launched: 2
         ->  Sort  (cost=563493.04..573909.64 rows=4166641 width=20) (actual time=2193.293..2469.898 rows=3333333 loops=3)
               Sort Key: s_4.a, s_4.b, s_4.c, s_4.d, s_4.e
               Sort Method: external merge  Disk: 97984kB
               Worker 0:  Sort Method: external merge  Disk: 97528kB
               Worker 1:  Sort Method: external merge  Disk: 98048kB
               ->  Parallel Seq Scan on s_4  (cost=0.00..105361.41 rows=4166641 width=20) (actual time=0.007..206.417 rows=3333333 loops=3)
 Planning time: 0.258 ms
 Execution time: 4940.283 ms
(12 rows)

===== 113 [Wed Mar  7 10:49:04 CET 2018] scale:10000000 groups:100 work_mem:4MB incremental:on max_workers:0 =====
SELECT * FROM s_1 ORDER BY a, b
                                                                   QUERY PLAN                                                                    
-------------------------------------------------------------------------------------------------------------------------------------------------
 Limit  (cost=1633528.12..1633528.12 rows=1 width=20) (actual time=5905.926..5905.926 rows=0 loops=1)
   ->  Incremental Sort  (cost=13451.20..1533528.73 rows=9999939 width=20) (actual time=24.916..5682.132 rows=10000000 loops=1)
         Sort Key: s_1.a, s_1.b
         Presorted Key: s_1.a
         Sort Method: external merge  Disk: 2960kB
         Sort Groups: 101
         ->  Index Scan using s_1_a_idx on s_1  (cost=0.43..323385.52 rows=9999939 width=20) (actual time=0.035..1531.668 rows=10000000 loops=1)
 Planning time: 0.277 ms
 Execution time: 5906.162 ms
(9 rows)

===== 114 [Wed Mar  7 10:49:34 CET 2018] scale:10000000 groups:100 work_mem:4MB incremental:on max_workers:0 =====
SELECT * FROM s_2 ORDER BY a, b, c
                                                                     QUERY PLAN                                                                     
----------------------------------------------------------------------------------------------------------------------------------------------------
 Limit  (cost=1179047.88..1179047.88 rows=1 width=20) (actual time=4844.474..4844.474 rows=0 loops=1)
   ->  Incremental Sort  (cost=89.04..1079047.34 rows=10000054 width=20) (actual time=0.207..4627.710 rows=10000000 loops=1)
         Sort Key: s_2.a, s_2.b, s_2.c
         Presorted Key: s_2.a, s_2.b
         Sort Method: quicksort  Memory: 135kB
         Sort Groups: 10201
         ->  Index Scan using s_2_a_b_idx on s_2  (cost=0.43..406985.62 rows=10000054 width=20) (actual time=0.044..1484.384 rows=10000000 loops=1)
 Planning time: 0.345 ms
 Execution time: 4844.510 ms
(9 rows)

===== 115 [Wed Mar  7 10:49:58 CET 2018] scale:10000000 groups:100 work_mem:4MB incremental:on max_workers:0 =====
SELECT * FROM s_3 ORDER BY a, b, c, d
                                                                     QUERY PLAN                                                                      
-----------------------------------------------------------------------------------------------------------------------------------------------------
 Limit  (cost=912413.48..912413.48 rows=1 width=20) (actual time=4481.100..4481.100 rows=0 loops=1)
   ->  Incremental Sort  (cost=1.05..812414.09 rows=9999939 width=20) (actual time=0.104..4262.563 rows=10000000 loops=1)
         Sort Key: s_3.a, s_3.b, s_3.c, s_3.d
         Presorted Key: s_3.a, s_3.b, s_3.c
         Sort Method: quicksort  Memory: 29kB
         Sort Groups: 270992
         ->  Index Scan using s_3_a_b_c_idx on s_3  (cost=0.43..451319.90 rows=9999939 width=20) (actual time=0.044..1516.703 rows=10000000 loops=1)
 Planning time: 0.321 ms
 Execution time: 4481.125 ms
(9 rows)

===== 116 [Wed Mar  7 10:50:19 CET 2018] scale:10000000 groups:100 work_mem:4MB incremental:on max_workers:0 =====
SELECT * FROM s_4 ORDER BY a, b, c, d, e
                                                                      QUERY PLAN                                                                       
-------------------------------------------------------------------------------------------------------------------------------------------------------
 Limit  (cost=912413.48..912413.48 rows=1 width=20) (actual time=3581.930..3581.930 rows=0 loops=1)
   ->  Incremental Sort  (cost=1.05..812414.09 rows=9999939 width=20) (actual time=0.106..3360.433 rows=10000000 loops=1)
         Sort Key: s_4.a, s_4.b, s_4.c, s_4.d, s_4.e
         Presorted Key: s_4.a, s_4.b, s_4.c, s_4.d
         Sort Method: quicksort  Memory: 27kB
         Sort Groups: 312024
         ->  Index Scan using s_4_a_b_c_d_idx on s_4  (cost=0.43..451319.90 rows=9999939 width=20) (actual time=0.049..1522.706 rows=10000000 loops=1)
 Planning time: 0.344 ms
 Execution time: 3581.954 ms
(9 rows)

===== 117 [Wed Mar  7 10:50:35 CET 2018] scale:10000000 groups:100 work_mem:4MB incremental:off max_workers:0 =====
SELECT * FROM s_1 ORDER BY a, b
                                                          QUERY PLAN                                                          
------------------------------------------------------------------------------------------------------------------------------
 Limit  (cost=1861518.93..1861518.93 rows=1 width=20) (actual time=5965.140..5965.140 rows=0 loops=1)
   ->  Sort  (cost=1736519.69..1761519.54 rows=9999939 width=20) (actual time=4880.754..5745.852 rows=10000000 loops=1)
         Sort Key: s_1.a, s_1.b
         Sort Method: external merge  Disk: 293600kB
         ->  Seq Scan on s_1  (cost=0.00..163694.39 rows=9999939 width=20) (actual time=0.015..652.532 rows=10000000 loops=1)
 Planning time: 0.264 ms
 Execution time: 5994.304 ms
(7 rows)

===== 118 [Wed Mar  7 10:51:07 CET 2018] scale:10000000 groups:100 work_mem:4MB incremental:off max_workers:0 =====
SELECT * FROM s_2 ORDER BY a, b, c
                                                          QUERY PLAN                                                           
-------------------------------------------------------------------------------------------------------------------------------
 Limit  (cost=1861542.72..1861542.72 rows=1 width=20) (actual time=7165.582..7165.582 rows=0 loops=1)
   ->  Sort  (cost=1736542.04..1761542.18 rows=10000054 width=20) (actual time=6096.933..6945.857 rows=10000000 loops=1)
         Sort Key: s_2.a, s_2.b, s_2.c
         Sort Method: external merge  Disk: 293600kB
         ->  Seq Scan on s_2  (cost=0.00..163695.54 rows=10000054 width=20) (actual time=0.017..654.380 rows=10000000 loops=1)
 Planning time: 0.277 ms
 Execution time: 7194.863 ms
(7 rows)

===== 119 [Wed Mar  7 10:51:46 CET 2018] scale:10000000 groups:100 work_mem:4MB incremental:off max_workers:0 =====
SELECT * FROM s_3 ORDER BY a, b, c, d
                                                          QUERY PLAN                                                          
------------------------------------------------------------------------------------------------------------------------------
 Limit  (cost=1861518.93..1861518.93 rows=1 width=20) (actual time=8030.423..8030.423 rows=0 loops=1)
   ->  Sort  (cost=1736519.69..1761519.54 rows=9999939 width=20) (actual time=6959.000..7811.193 rows=10000000 loops=1)
         Sort Key: s_3.a, s_3.b, s_3.c, s_3.d
         Sort Method: external merge  Disk: 293600kB
         ->  Seq Scan on s_3  (cost=0.00..163694.39 rows=9999939 width=20) (actual time=0.022..614.719 rows=10000000 loops=1)
 Planning time: 0.287 ms
 Execution time: 8059.865 ms
(7 rows)

===== 120 [Wed Mar  7 10:52:30 CET 2018] scale:10000000 groups:100 work_mem:4MB incremental:off max_workers:0 =====
SELECT * FROM s_4 ORDER BY a, b, c, d, e
                                                          QUERY PLAN                                                          
------------------------------------------------------------------------------------------------------------------------------
 Limit  (cost=1861518.93..1861518.93 rows=1 width=20) (actual time=7321.093..7321.093 rows=0 loops=1)
   ->  Sort  (cost=1736519.69..1761519.54 rows=9999939 width=20) (actual time=6248.388..7101.800 rows=10000000 loops=1)
         Sort Key: s_4.a, s_4.b, s_4.c, s_4.d, s_4.e
         Sort Method: external merge  Disk: 293600kB
         ->  Seq Scan on s_4  (cost=0.00..163694.39 rows=9999939 width=20) (actual time=0.014..509.562 rows=10000000 loops=1)
 Planning time: 0.273 ms
 Execution time: 7350.519 ms
(7 rows)

===== 121 [Wed Mar  7 10:53:10 CET 2018] scale:10000000 groups:100 work_mem:8MB incremental:on max_workers:0 =====
SELECT * FROM s_1 ORDER BY a, b
                                                                   QUERY PLAN                                                                    
-------------------------------------------------------------------------------------------------------------------------------------------------
 Limit  (cost=1428144.62..1428144.62 rows=1 width=20) (actual time=6379.907..6379.907 rows=0 loops=1)
   ->  Incremental Sort  (cost=11417.70..1328145.23 rows=9999939 width=20) (actual time=22.012..6157.464 rows=10000000 loops=1)
         Sort Key: s_1.a, s_1.b
         Presorted Key: s_1.a
         Sort Method: external merge  Disk: 2960kB
         Sort Groups: 101
         ->  Index Scan using s_1_a_idx on s_1  (cost=0.43..323385.52 rows=9999939 width=20) (actual time=0.054..1554.621 rows=10000000 loops=1)
 Planning time: 0.288 ms
 Execution time: 6379.934 ms
(9 rows)

===== 122 [Wed Mar  7 10:53:42 CET 2018] scale:10000000 groups:100 work_mem:8MB incremental:on max_workers:0 =====
SELECT * FROM s_2 ORDER BY a, b, c
                                                                     QUERY PLAN                                                                     
----------------------------------------------------------------------------------------------------------------------------------------------------
 Limit  (cost=1179047.88..1179047.88 rows=1 width=20) (actual time=4817.710..4817.710 rows=0 loops=1)
   ->  Incremental Sort  (cost=89.04..1079047.34 rows=10000054 width=20) (actual time=0.206..4600.889 rows=10000000 loops=1)
         Sort Key: s_2.a, s_2.b, s_2.c
         Presorted Key: s_2.a, s_2.b
         Sort Method: quicksort  Memory: 135kB
         Sort Groups: 10201
         ->  Index Scan using s_2_a_b_idx on s_2  (cost=0.43..406985.62 rows=10000054 width=20) (actual time=0.046..1460.121 rows=10000000 loops=1)
 Planning time: 0.333 ms
 Execution time: 4817.747 ms
(9 rows)

===== 123 [Wed Mar  7 10:54:06 CET 2018] scale:10000000 groups:100 work_mem:8MB incremental:on max_workers:0 =====
SELECT * FROM s_3 ORDER BY a, b, c, d
                                                                     QUERY PLAN                                                                      
-----------------------------------------------------------------------------------------------------------------------------------------------------
 Limit  (cost=912413.48..912413.48 rows=1 width=20) (actual time=4472.470..4472.470 rows=0 loops=1)
   ->  Incremental Sort  (cost=1.05..812414.09 rows=9999939 width=20) (actual time=0.100..4253.792 rows=10000000 loops=1)
         Sort Key: s_3.a, s_3.b, s_3.c, s_3.d
         Presorted Key: s_3.a, s_3.b, s_3.c
         Sort Method: quicksort  Memory: 29kB
         Sort Groups: 270992
         ->  Index Scan using s_3_a_b_c_idx on s_3  (cost=0.43..451319.90 rows=9999939 width=20) (actual time=0.042..1508.840 rows=10000000 loops=1)
 Planning time: 0.322 ms
 Execution time: 4472.494 ms
(9 rows)

===== 124 [Wed Mar  7 10:54:28 CET 2018] scale:10000000 groups:100 work_mem:8MB incremental:on max_workers:0 =====
SELECT * FROM s_4 ORDER BY a, b, c, d, e
                                                                      QUERY PLAN                                                                       
-------------------------------------------------------------------------------------------------------------------------------------------------------
 Limit  (cost=912413.48..912413.48 rows=1 width=20) (actual time=3571.152..3571.152 rows=0 loops=1)
   ->  Incremental Sort  (cost=1.05..812414.09 rows=9999939 width=20) (actual time=0.177..3349.732 rows=10000000 loops=1)
         Sort Key: s_4.a, s_4.b, s_4.c, s_4.d, s_4.e
         Presorted Key: s_4.a, s_4.b, s_4.c, s_4.d
         Sort Method: quicksort  Memory: 27kB
         Sort Groups: 312024
         ->  Index Scan using s_4_a_b_c_d_idx on s_4  (cost=0.43..451319.90 rows=9999939 width=20) (actual time=0.043..1514.054 rows=10000000 loops=1)
 Planning time: 0.332 ms
 Execution time: 3571.176 ms
(9 rows)

===== 125 [Wed Mar  7 10:54:43 CET 2018] scale:10000000 groups:100 work_mem:8MB incremental:off max_workers:0 =====
SELECT * FROM s_1 ORDER BY a, b
                                                          QUERY PLAN                                                          
------------------------------------------------------------------------------------------------------------------------------
 Limit  (cost=1861518.93..1861518.93 rows=1 width=20) (actual time=5581.739..5581.739 rows=0 loops=1)
   ->  Sort  (cost=1736519.69..1761519.54 rows=9999939 width=20) (actual time=4484.712..5361.675 rows=10000000 loops=1)
         Sort Key: s_1.a, s_1.b
         Sort Method: external merge  Disk: 293608kB
         ->  Seq Scan on s_1  (cost=0.00..163694.39 rows=9999939 width=20) (actual time=0.018..653.911 rows=10000000 loops=1)
 Planning time: 0.263 ms
 Execution time: 5611.351 ms
(7 rows)

===== 126 [Wed Mar  7 10:55:13 CET 2018] scale:10000000 groups:100 work_mem:8MB incremental:off max_workers:0 =====
SELECT * FROM s_2 ORDER BY a, b, c
                                                          QUERY PLAN                                                           
-------------------------------------------------------------------------------------------------------------------------------
 Limit  (cost=1861542.72..1861542.72 rows=1 width=20) (actual time=6638.512..6638.512 rows=0 loops=1)
   ->  Sort  (cost=1736542.04..1761542.18 rows=10000054 width=20) (actual time=5558.565..6418.251 rows=10000000 loops=1)
         Sort Key: s_2.a, s_2.b, s_2.c
         Sort Method: external merge  Disk: 293608kB
         ->  Seq Scan on s_2  (cost=0.00..163695.54 rows=10000054 width=20) (actual time=0.021..651.061 rows=10000000 loops=1)
 Planning time: 0.283 ms
 Execution time: 6668.052 ms
(7 rows)

===== 127 [Wed Mar  7 10:55:49 CET 2018] scale:10000000 groups:100 work_mem:8MB incremental:off max_workers:0 =====
SELECT * FROM s_3 ORDER BY a, b, c, d
                                                          QUERY PLAN                                                          
------------------------------------------------------------------------------------------------------------------------------
 Limit  (cost=1861518.93..1861518.93 rows=1 width=20) (actual time=7424.860..7424.860 rows=0 loops=1)
   ->  Sort  (cost=1736519.69..1761519.54 rows=9999939 width=20) (actual time=6345.445..7205.129 rows=10000000 loops=1)
         Sort Key: s_3.a, s_3.b, s_3.c, s_3.d
         Sort Method: external merge  Disk: 293608kB
         ->  Seq Scan on s_3  (cost=0.00..163694.39 rows=9999939 width=20) (actual time=0.018..616.230 rows=10000000 loops=1)
 Planning time: 0.293 ms
 Execution time: 7454.460 ms
(7 rows)

===== 128 [Wed Mar  7 10:56:29 CET 2018] scale:10000000 groups:100 work_mem:8MB incremental:off max_workers:0 =====
SELECT * FROM s_4 ORDER BY a, b, c, d, e
                                                          QUERY PLAN                                                          
------------------------------------------------------------------------------------------------------------------------------
 Limit  (cost=1861518.93..1861518.93 rows=1 width=20) (actual time=6725.167..6725.167 rows=0 loops=1)
   ->  Sort  (cost=1736519.69..1761519.54 rows=9999939 width=20) (actual time=5641.211..6505.696 rows=10000000 loops=1)
         Sort Key: s_4.a, s_4.b, s_4.c, s_4.d, s_4.e
         Sort Method: external merge  Disk: 293608kB
         ->  Seq Scan on s_4  (cost=0.00..163694.39 rows=9999939 width=20) (actual time=0.014..509.462 rows=10000000 loops=1)
 Planning time: 0.285 ms
 Execution time: 6754.800 ms
(7 rows)

===== 129 [Wed Mar  7 10:57:05 CET 2018] scale:10000000 groups:100 work_mem:16MB incremental:on max_workers:0 =====
SELECT * FROM s_1 ORDER BY a, b
                                                                   QUERY PLAN                                                                    
-------------------------------------------------------------------------------------------------------------------------------------------------
 Limit  (cost=1428144.62..1428144.62 rows=1 width=20) (actual time=5443.020..5443.020 rows=0 loops=1)
   ->  Incremental Sort  (cost=11417.70..1328145.23 rows=9999939 width=20) (actual time=22.053..5229.532 rows=10000000 loops=1)
         Sort Key: s_1.a, s_1.b
         Presorted Key: s_1.a
         Sort Method: quicksort  Memory: 10948kB
         Sort Groups: 101
         ->  Index Scan using s_1_a_idx on s_1  (cost=0.43..323385.52 rows=9999939 width=20) (actual time=0.051..1568.589 rows=10000000 loops=1)
 Planning time: 0.272 ms
 Execution time: 5443.168 ms
(9 rows)

===== 130 [Wed Mar  7 10:57:32 CET 2018] scale:10000000 groups:100 work_mem:16MB incremental:on max_workers:0 =====
SELECT * FROM s_2 ORDER BY a, b, c
                                                                     QUERY PLAN                                                                     
----------------------------------------------------------------------------------------------------------------------------------------------------
 Limit  (cost=1179047.88..1179047.88 rows=1 width=20) (actual time=4817.789..4817.789 rows=0 loops=1)
   ->  Incremental Sort  (cost=89.04..1079047.34 rows=10000054 width=20) (actual time=0.202..4601.034 rows=10000000 loops=1)
         Sort Key: s_2.a, s_2.b, s_2.c
         Presorted Key: s_2.a, s_2.b
         Sort Method: quicksort  Memory: 135kB
         Sort Groups: 10201
         ->  Index Scan using s_2_a_b_idx on s_2  (cost=0.43..406985.62 rows=10000054 width=20) (actual time=0.045..1459.878 rows=10000000 loops=1)
 Planning time: 0.332 ms
 Execution time: 4817.826 ms
(9 rows)

===== 131 [Wed Mar  7 10:57:56 CET 2018] scale:10000000 groups:100 work_mem:16MB incremental:on max_workers:0 =====
SELECT * FROM s_3 ORDER BY a, b, c, d
                                                                     QUERY PLAN                                                                      
-----------------------------------------------------------------------------------------------------------------------------------------------------
 Limit  (cost=912413.48..912413.48 rows=1 width=20) (actual time=4471.588..4471.588 rows=0 loops=1)
   ->  Incremental Sort  (cost=1.05..812414.09 rows=9999939 width=20) (actual time=0.107..4253.012 rows=10000000 loops=1)
         Sort Key: s_3.a, s_3.b, s_3.c, s_3.d
         Presorted Key: s_3.a, s_3.b, s_3.c
         Sort Method: quicksort  Memory: 29kB
         Sort Groups: 270992
         ->  Index Scan using s_3_a_b_c_idx on s_3  (cost=0.43..451319.90 rows=9999939 width=20) (actual time=0.047..1507.367 rows=10000000 loops=1)
 Planning time: 0.328 ms
 Execution time: 4471.613 ms
(9 rows)

===== 132 [Wed Mar  7 10:58:17 CET 2018] scale:10000000 groups:100 work_mem:16MB incremental:on max_workers:0 =====
SELECT * FROM s_4 ORDER BY a, b, c, d, e
                                                                      QUERY PLAN                                                                       
-------------------------------------------------------------------------------------------------------------------------------------------------------
 Limit  (cost=912413.48..912413.48 rows=1 width=20) (actual time=3569.587..3569.587 rows=0 loops=1)
   ->  Incremental Sort  (cost=1.05..812414.09 rows=9999939 width=20) (actual time=0.100..3348.156 rows=10000000 loops=1)
         Sort Key: s_4.a, s_4.b, s_4.c, s_4.d, s_4.e
         Presorted Key: s_4.a, s_4.b, s_4.c, s_4.d
         Sort Method: quicksort  Memory: 27kB
         Sort Groups: 312024
         ->  Index Scan using s_4_a_b_c_d_idx on s_4  (cost=0.43..451319.90 rows=9999939 width=20) (actual time=0.046..1512.463 rows=10000000 loops=1)
 Planning time: 0.325 ms
 Execution time: 3569.611 ms
(9 rows)

===== 133 [Wed Mar  7 10:58:33 CET 2018] scale:10000000 groups:100 work_mem:16MB incremental:off max_workers:0 =====
SELECT * FROM s_1 ORDER BY a, b
                                                          QUERY PLAN                                                          
------------------------------------------------------------------------------------------------------------------------------
 Limit  (cost=1656439.93..1656439.93 rows=1 width=20) (actual time=5096.723..5096.723 rows=0 loops=1)
   ->  Sort  (cost=1531440.69..1556440.54 rows=9999939 width=20) (actual time=3985.092..4876.753 rows=10000000 loops=1)
         Sort Key: s_1.a, s_1.b
         Sort Method: external merge  Disk: 293904kB
         ->  Seq Scan on s_1  (cost=0.00..163694.39 rows=9999939 width=20) (actual time=0.016..648.897 rows=10000000 loops=1)
 Planning time: 0.267 ms
 Execution time: 5124.636 ms
(7 rows)

===== 134 [Wed Mar  7 10:59:00 CET 2018] scale:10000000 groups:100 work_mem:16MB incremental:off max_workers:0 =====
SELECT * FROM s_2 ORDER BY a, b, c
                                                          QUERY PLAN                                                           
-------------------------------------------------------------------------------------------------------------------------------
 Limit  (cost=1656460.22..1656460.22 rows=1 width=20) (actual time=6018.739..6018.739 rows=0 loops=1)
   ->  Sort  (cost=1531459.54..1556459.68 rows=10000054 width=20) (actual time=4945.846..5800.087 rows=10000000 loops=1)
         Sort Key: s_2.a, s_2.b, s_2.c
         Sort Method: external merge  Disk: 293904kB
         ->  Seq Scan on s_2  (cost=0.00..163695.54 rows=10000054 width=20) (actual time=0.019..649.087 rows=10000000 loops=1)
 Planning time: 0.275 ms
 Execution time: 6048.461 ms
(7 rows)

===== 135 [Wed Mar  7 10:59:32 CET 2018] scale:10000000 groups:100 work_mem:16MB incremental:off max_workers:0 =====
SELECT * FROM s_3 ORDER BY a, b, c, d
                                                          QUERY PLAN                                                          
------------------------------------------------------------------------------------------------------------------------------
 Limit  (cost=1656439.93..1656439.93 rows=1 width=20) (actual time=6762.318..6762.318 rows=0 loops=1)
   ->  Sort  (cost=1531440.69..1556440.54 rows=9999939 width=20) (actual time=5688.172..6543.834 rows=10000000 loops=1)
         Sort Key: s_3.a, s_3.b, s_3.c, s_3.d
         Sort Method: external merge  Disk: 293904kB
         ->  Seq Scan on s_3  (cost=0.00..163694.39 rows=9999939 width=20) (actual time=0.019..613.370 rows=10000000 loops=1)
 Planning time: 0.284 ms
 Execution time: 6792.048 ms
(7 rows)

===== 136 [Wed Mar  7 11:00:08 CET 2018] scale:10000000 groups:100 work_mem:16MB incremental:off max_workers:0 =====
SELECT * FROM s_4 ORDER BY a, b, c, d, e
                                                          QUERY PLAN                                                          
------------------------------------------------------------------------------------------------------------------------------
 Limit  (cost=1656439.93..1656439.93 rows=1 width=20) (actual time=6042.325..6042.325 rows=0 loops=1)
   ->  Sort  (cost=1531440.69..1556440.54 rows=9999939 width=20) (actual time=4962.448..5823.955 rows=10000000 loops=1)
         Sort Key: s_4.a, s_4.b, s_4.c, s_4.d, s_4.e
         Sort Method: external merge  Disk: 293904kB
         ->  Seq Scan on s_4  (cost=0.00..163694.39 rows=9999939 width=20) (actual time=0.014..508.823 rows=10000000 loops=1)
 Planning time: 0.280 ms
 Execution time: 6072.216 ms
(7 rows)

===== 137 [Wed Mar  7 11:00:40 CET 2018] scale:10000000 groups:100 work_mem:32MB incremental:on max_workers:0 =====
SELECT * FROM s_1 ORDER BY a, b
                                                                   QUERY PLAN                                                                    
-------------------------------------------------------------------------------------------------------------------------------------------------
 Limit  (cost=1428144.62..1428144.62 rows=1 width=20) (actual time=5422.298..5422.298 rows=0 loops=1)
   ->  Incremental Sort  (cost=11417.70..1328145.23 rows=9999939 width=20) (actual time=21.990..5208.554 rows=10000000 loops=1)
         Sort Key: s_1.a, s_1.b
         Presorted Key: s_1.a
         Sort Method: quicksort  Memory: 10948kB
         Sort Groups: 101
         ->  Index Scan using s_1_a_idx on s_1  (cost=0.43..323385.52 rows=9999939 width=20) (actual time=0.054..1567.265 rows=10000000 loops=1)
 Planning time: 0.278 ms
 Execution time: 5422.443 ms
(9 rows)

===== 138 [Wed Mar  7 11:01:07 CET 2018] scale:10000000 groups:100 work_mem:32MB incremental:on max_workers:0 =====
SELECT * FROM s_2 ORDER BY a, b, c
                                                                     QUERY PLAN                                                                     
----------------------------------------------------------------------------------------------------------------------------------------------------
 Limit  (cost=1179047.88..1179047.88 rows=1 width=20) (actual time=4818.986..4818.986 rows=0 loops=1)
   ->  Incremental Sort  (cost=89.04..1079047.34 rows=10000054 width=20) (actual time=0.215..4602.149 rows=10000000 loops=1)
         Sort Key: s_2.a, s_2.b, s_2.c
         Presorted Key: s_2.a, s_2.b
         Sort Method: quicksort  Memory: 135kB
         Sort Groups: 10201
         ->  Index Scan using s_2_a_b_idx on s_2  (cost=0.43..406985.62 rows=10000054 width=20) (actual time=0.055..1461.079 rows=10000000 loops=1)
 Planning time: 0.324 ms
 Execution time: 4819.025 ms
(9 rows)

===== 139 [Wed Mar  7 11:01:31 CET 2018] scale:10000000 groups:100 work_mem:32MB incremental:on max_workers:0 =====
SELECT * FROM s_3 ORDER BY a, b, c, d
                                                                     QUERY PLAN                                                                      
-----------------------------------------------------------------------------------------------------------------------------------------------------
 Limit  (cost=912413.48..912413.48 rows=1 width=20) (actual time=4470.148..4470.148 rows=0 loops=1)
   ->  Incremental Sort  (cost=1.05..812414.09 rows=9999939 width=20) (actual time=0.098..4251.517 rows=10000000 loops=1)
         Sort Key: s_3.a, s_3.b, s_3.c, s_3.d
         Presorted Key: s_3.a, s_3.b, s_3.c
         Sort Method: quicksort  Memory: 29kB
         Sort Groups: 270992
         ->  Index Scan using s_3_a_b_c_idx on s_3  (cost=0.43..451319.90 rows=9999939 width=20) (actual time=0.038..1506.325 rows=10000000 loops=1)
 Planning time: 0.327 ms
 Execution time: 4470.172 ms
(9 rows)

===== 140 [Wed Mar  7 11:01:52 CET 2018] scale:10000000 groups:100 work_mem:32MB incremental:on max_workers:0 =====
SELECT * FROM s_4 ORDER BY a, b, c, d, e
                                                                      QUERY PLAN                                                                       
-------------------------------------------------------------------------------------------------------------------------------------------------------
 Limit  (cost=912413.48..912413.48 rows=1 width=20) (actual time=3568.323..3568.323 rows=0 loops=1)
   ->  Incremental Sort  (cost=1.05..812414.09 rows=9999939 width=20) (actual time=0.171..3346.820 rows=10000000 loops=1)
         Sort Key: s_4.a, s_4.b, s_4.c, s_4.d, s_4.e
         Presorted Key: s_4.a, s_4.b, s_4.c, s_4.d
         Sort Method: quicksort  Memory: 27kB
         Sort Groups: 312024
         ->  Index Scan using s_4_a_b_c_d_idx on s_4  (cost=0.43..451319.90 rows=9999939 width=20) (actual time=0.113..1511.463 rows=10000000 loops=1)
 Planning time: 0.319 ms
 Execution time: 3568.348 ms
(9 rows)

===== 141 [Wed Mar  7 11:02:08 CET 2018] scale:10000000 groups:100 work_mem:32MB incremental:off max_workers:0 =====
SELECT * FROM s_1 ORDER BY a, b
                                                          QUERY PLAN                                                          
------------------------------------------------------------------------------------------------------------------------------
 Limit  (cost=1656439.93..1656439.93 rows=1 width=20) (actual time=5190.450..5190.450 rows=0 loops=1)
   ->  Sort  (cost=1531440.69..1556440.54 rows=9999939 width=20) (actual time=4113.999..4971.852 rows=10000000 loops=1)
         Sort Key: s_1.a, s_1.b
         Sort Method: external merge  Disk: 293576kB
         ->  Seq Scan on s_1  (cost=0.00..163694.39 rows=9999939 width=20) (actual time=0.019..648.846 rows=10000000 loops=1)
 Planning time: 0.266 ms
 Execution time: 5220.851 ms
(7 rows)

===== 142 [Wed Mar  7 11:02:35 CET 2018] scale:10000000 groups:100 work_mem:32MB incremental:off max_workers:0 =====
SELECT * FROM s_2 ORDER BY a, b, c
                                                          QUERY PLAN                                                           
-------------------------------------------------------------------------------------------------------------------------------
 Limit  (cost=1656460.22..1656460.22 rows=1 width=20) (actual time=6063.195..6063.195 rows=0 loops=1)
   ->  Sort  (cost=1531459.54..1556459.68 rows=10000054 width=20) (actual time=5009.714..5845.142 rows=10000000 loops=1)
         Sort Key: s_2.a, s_2.b, s_2.c
         Sort Method: external merge  Disk: 293576kB
         ->  Seq Scan on s_2  (cost=0.00..163695.54 rows=10000054 width=20) (actual time=0.019..648.403 rows=10000000 loops=1)
 Planning time: 0.275 ms
 Execution time: 6093.685 ms
(7 rows)

===== 143 [Wed Mar  7 11:03:08 CET 2018] scale:10000000 groups:100 work_mem:32MB incremental:off max_workers:0 =====
SELECT * FROM s_3 ORDER BY a, b, c, d
                                                          QUERY PLAN                                                          
------------------------------------------------------------------------------------------------------------------------------
 Limit  (cost=1656439.93..1656439.93 rows=1 width=20) (actual time=6811.395..6811.395 rows=0 loops=1)
   ->  Sort  (cost=1531440.69..1556440.54 rows=9999939 width=20) (actual time=5754.373..6593.537 rows=10000000 loops=1)
         Sort Key: s_3.a, s_3.b, s_3.c, s_3.d
         Sort Method: external merge  Disk: 293576kB
         ->  Seq Scan on s_3  (cost=0.00..163694.39 rows=9999939 width=20) (actual time=0.019..613.530 rows=10000000 loops=1)
 Planning time: 0.285 ms
 Execution time: 6841.984 ms
(7 rows)

===== 144 [Wed Mar  7 11:03:45 CET 2018] scale:10000000 groups:100 work_mem:32MB incremental:off max_workers:0 =====
SELECT * FROM s_4 ORDER BY a, b, c, d, e
                                                          QUERY PLAN                                                          
------------------------------------------------------------------------------------------------------------------------------
 Limit  (cost=1656439.93..1656439.93 rows=1 width=20) (actual time=6094.746..6094.746 rows=0 loops=1)
   ->  Sort  (cost=1531440.69..1556440.54 rows=9999939 width=20) (actual time=5034.514..5877.038 rows=10000000 loops=1)
         Sort Key: s_4.a, s_4.b, s_4.c, s_4.d, s_4.e
         Sort Method: external merge  Disk: 293576kB
         ->  Seq Scan on s_4  (cost=0.00..163694.39 rows=9999939 width=20) (actual time=0.011..510.252 rows=10000000 loops=1)
 Planning time: 0.281 ms
 Execution time: 6122.213 ms
(7 rows)

===== 145 [Wed Mar  7 11:04:17 CET 2018] scale:10000000 groups:100 work_mem:64MB incremental:on max_workers:0 =====
SELECT * FROM s_1 ORDER BY a, b
                                                                   QUERY PLAN                                                                    
-------------------------------------------------------------------------------------------------------------------------------------------------
 Limit  (cost=1428144.62..1428144.62 rows=1 width=20) (actual time=5349.710..5349.710 rows=0 loops=1)
   ->  Incremental Sort  (cost=11417.70..1328145.23 rows=9999939 width=20) (actual time=21.661..5133.452 rows=10000000 loops=1)
         Sort Key: s_1.a, s_1.b
         Presorted Key: s_1.a
         Sort Method: quicksort  Memory: 10948kB
         Sort Groups: 101
         ->  Index Scan using s_1_a_idx on s_1  (cost=0.43..323385.52 rows=9999939 width=20) (actual time=0.053..1548.028 rows=10000000 loops=1)
 Planning time: 0.270 ms
 Execution time: 5349.854 ms
(9 rows)

===== 146 [Wed Mar  7 11:04:44 CET 2018] scale:10000000 groups:100 work_mem:64MB incremental:on max_workers:0 =====
SELECT * FROM s_2 ORDER BY a, b, c
                                                                     QUERY PLAN                                                                     
----------------------------------------------------------------------------------------------------------------------------------------------------
 Limit  (cost=1179047.88..1179047.88 rows=1 width=20) (actual time=4818.184..4818.184 rows=0 loops=1)
   ->  Incremental Sort  (cost=89.04..1079047.34 rows=10000054 width=20) (actual time=0.225..4601.401 rows=10000000 loops=1)
         Sort Key: s_2.a, s_2.b, s_2.c
         Presorted Key: s_2.a, s_2.b
         Sort Method: quicksort  Memory: 135kB
         Sort Groups: 10201
         ->  Index Scan using s_2_a_b_idx on s_2  (cost=0.43..406985.62 rows=10000054 width=20) (actual time=0.060..1460.784 rows=10000000 loops=1)
 Planning time: 0.321 ms
 Execution time: 4818.223 ms
(9 rows)

===== 147 [Wed Mar  7 11:05:08 CET 2018] scale:10000000 groups:100 work_mem:64MB incremental:on max_workers:0 =====
SELECT * FROM s_3 ORDER BY a, b, c, d
                                                                     QUERY PLAN                                                                      
-----------------------------------------------------------------------------------------------------------------------------------------------------
 Limit  (cost=912413.48..912413.48 rows=1 width=20) (actual time=4469.457..4469.457 rows=0 loops=1)
   ->  Incremental Sort  (cost=1.05..812414.09 rows=9999939 width=20) (actual time=0.099..4250.883 rows=10000000 loops=1)
         Sort Key: s_3.a, s_3.b, s_3.c, s_3.d
         Presorted Key: s_3.a, s_3.b, s_3.c
         Sort Method: quicksort  Memory: 29kB
         Sort Groups: 270992
         ->  Index Scan using s_3_a_b_c_idx on s_3  (cost=0.43..451319.90 rows=9999939 width=20) (actual time=0.041..1505.346 rows=10000000 loops=1)
 Planning time: 0.335 ms
 Execution time: 4469.482 ms
(9 rows)

===== 148 [Wed Mar  7 11:05:29 CET 2018] scale:10000000 groups:100 work_mem:64MB incremental:on max_workers:0 =====
SELECT * FROM s_4 ORDER BY a, b, c, d, e
                                                                      QUERY PLAN                                                                       
-------------------------------------------------------------------------------------------------------------------------------------------------------
 Limit  (cost=912413.48..912413.48 rows=1 width=20) (actual time=3567.220..3567.220 rows=0 loops=1)
   ->  Incremental Sort  (cost=1.05..812414.09 rows=9999939 width=20) (actual time=0.100..3345.769 rows=10000000 loops=1)
         Sort Key: s_4.a, s_4.b, s_4.c, s_4.d, s_4.e
         Presorted Key: s_4.a, s_4.b, s_4.c, s_4.d
         Sort Method: quicksort  Memory: 27kB
         Sort Groups: 312024
         ->  Index Scan using s_4_a_b_c_d_idx on s_4  (cost=0.43..451319.90 rows=9999939 width=20) (actual time=0.042..1510.548 rows=10000000 loops=1)
 Planning time: 0.318 ms
 Execution time: 3567.244 ms
(9 rows)

===== 149 [Wed Mar  7 11:05:45 CET 2018] scale:10000000 groups:100 work_mem:64MB incremental:off max_workers:0 =====
SELECT * FROM s_1 ORDER BY a, b
                                                          QUERY PLAN                                                          
------------------------------------------------------------------------------------------------------------------------------
 Limit  (cost=1656439.93..1656439.93 rows=1 width=20) (actual time=5342.885..5342.885 rows=0 loops=1)
   ->  Sort  (cost=1531440.69..1556440.54 rows=9999939 width=20) (actual time=4277.093..5124.760 rows=10000000 loops=1)
         Sort Key: s_1.a, s_1.b
         Sort Method: external merge  Disk: 293648kB
         ->  Seq Scan on s_1  (cost=0.00..163694.39 rows=9999939 width=20) (actual time=0.023..652.174 rows=10000000 loops=1)
 Planning time: 0.258 ms
 Execution time: 5374.615 ms
(7 rows)

===== 150 [Wed Mar  7 11:06:13 CET 2018] scale:10000000 groups:100 work_mem:64MB incremental:off max_workers:0 =====
SELECT * FROM s_2 ORDER BY a, b, c
                                                          QUERY PLAN                                                           
-------------------------------------------------------------------------------------------------------------------------------
 Limit  (cost=1656460.22..1656460.22 rows=1 width=20) (actual time=6182.261..6182.261 rows=0 loops=1)
   ->  Sort  (cost=1531459.54..1556459.68 rows=10000054 width=20) (actual time=5131.214..5964.285 rows=10000000 loops=1)
         Sort Key: s_2.a, s_2.b, s_2.c
         Sort Method: external merge  Disk: 293648kB
         ->  Seq Scan on s_2  (cost=0.00..163695.54 rows=10000054 width=20) (actual time=0.025..649.868 rows=10000000 loops=1)
 Planning time: 0.277 ms
 Execution time: 6213.882 ms
(7 rows)

===== 151 [Wed Mar  7 11:06:46 CET 2018] scale:10000000 groups:100 work_mem:64MB incremental:off max_workers:0 =====
SELECT * FROM s_3 ORDER BY a, b, c, d
                                                          QUERY PLAN                                                          
------------------------------------------------------------------------------------------------------------------------------
 Limit  (cost=1656439.93..1656439.93 rows=1 width=20) (actual time=6928.757..6928.757 rows=0 loops=1)
   ->  Sort  (cost=1531440.69..1556440.54 rows=9999939 width=20) (actual time=5872.672..6710.938 rows=10000000 loops=1)
         Sort Key: s_3.a, s_3.b, s_3.c, s_3.d
         Sort Method: external merge  Disk: 293648kB
         ->  Seq Scan on s_3  (cost=0.00..163694.39 rows=9999939 width=20) (actual time=0.017..615.451 rows=10000000 loops=1)
 Planning time: 0.288 ms
 Execution time: 6960.496 ms
(7 rows)

===== 152 [Wed Mar  7 11:07:24 CET 2018] scale:10000000 groups:100 work_mem:64MB incremental:off max_workers:0 =====
SELECT * FROM s_4 ORDER BY a, b, c, d, e
                                                          QUERY PLAN                                                          
------------------------------------------------------------------------------------------------------------------------------
 Limit  (cost=1656439.93..1656439.93 rows=1 width=20) (actual time=6190.184..6190.184 rows=0 loops=1)
   ->  Sort  (cost=1531440.69..1556440.54 rows=9999939 width=20) (actual time=5136.255..5972.651 rows=10000000 loops=1)
         Sort Key: s_4.a, s_4.b, s_4.c, s_4.d, s_4.e
         Sort Method: external merge  Disk: 293648kB
         ->  Seq Scan on s_4  (cost=0.00..163694.39 rows=9999939 width=20) (actual time=0.012..511.686 rows=10000000 loops=1)
 Planning time: 0.277 ms
 Execution time: 6221.996 ms
(7 rows)

===== 153 [Wed Mar  7 11:07:57 CET 2018] scale:10000000 groups:100 work_mem:128MB incremental:on max_workers:0 =====
SELECT * FROM s_1 ORDER BY a, b
                                                                   QUERY PLAN                                                                    
-------------------------------------------------------------------------------------------------------------------------------------------------
 Limit  (cost=1428144.62..1428144.62 rows=1 width=20) (actual time=5434.244..5434.244 rows=0 loops=1)
   ->  Incremental Sort  (cost=11417.70..1328145.23 rows=9999939 width=20) (actual time=22.052..5220.763 rows=10000000 loops=1)
         Sort Key: s_1.a, s_1.b
         Presorted Key: s_1.a
         Sort Method: quicksort  Memory: 10948kB
         Sort Groups: 101
         ->  Index Scan using s_1_a_idx on s_1  (cost=0.43..323385.52 rows=9999939 width=20) (actual time=0.046..1567.994 rows=10000000 loops=1)
 Planning time: 0.264 ms
 Execution time: 5434.392 ms
(9 rows)

===== 154 [Wed Mar  7 11:08:24 CET 2018] scale:10000000 groups:100 work_mem:128MB incremental:on max_workers:0 =====
SELECT * FROM s_2 ORDER BY a, b, c
                                                                     QUERY PLAN                                                                     
----------------------------------------------------------------------------------------------------------------------------------------------------
 Limit  (cost=1179047.88..1179047.88 rows=1 width=20) (actual time=4821.193..4821.193 rows=0 loops=1)
   ->  Incremental Sort  (cost=89.04..1079047.34 rows=10000054 width=20) (actual time=0.212..4604.501 rows=10000000 loops=1)
         Sort Key: s_2.a, s_2.b, s_2.c
         Presorted Key: s_2.a, s_2.b
         Sort Method: quicksort  Memory: 135kB
         Sort Groups: 10201
         ->  Index Scan using s_2_a_b_idx on s_2  (cost=0.43..406985.62 rows=10000054 width=20) (actual time=0.058..1462.002 rows=10000000 loops=1)
 Planning time: 0.304 ms
 Execution time: 4821.234 ms
(9 rows)

===== 155 [Wed Mar  7 11:08:48 CET 2018] scale:10000000 groups:100 work_mem:128MB incremental:on max_workers:0 =====
SELECT * FROM s_3 ORDER BY a, b, c, d
                                                                     QUERY PLAN                                                                      
-----------------------------------------------------------------------------------------------------------------------------------------------------
 Limit  (cost=912413.48..912413.48 rows=1 width=20) (actual time=4470.218..4470.218 rows=0 loops=1)
   ->  Incremental Sort  (cost=1.05..812414.09 rows=9999939 width=20) (actual time=0.096..4251.597 rows=10000000 loops=1)
         Sort Key: s_3.a, s_3.b, s_3.c, s_3.d
         Presorted Key: s_3.a, s_3.b, s_3.c
         Sort Method: quicksort  Memory: 29kB
         Sort Groups: 270992
         ->  Index Scan using s_3_a_b_c_idx on s_3  (cost=0.43..451319.90 rows=9999939 width=20) (actual time=0.041..1505.937 rows=10000000 loops=1)
 Planning time: 0.367 ms
 Execution time: 4470.243 ms
(9 rows)

===== 156 [Wed Mar  7 11:09:09 CET 2018] scale:10000000 groups:100 work_mem:128MB incremental:on max_workers:0 =====
SELECT * FROM s_4 ORDER BY a, b, c, d, e
                                                                      QUERY PLAN                                                                       
-------------------------------------------------------------------------------------------------------------------------------------------------------
 Limit  (cost=912413.48..912413.48 rows=1 width=20) (actual time=3566.330..3566.330 rows=0 loops=1)
   ->  Incremental Sort  (cost=1.05..812414.09 rows=9999939 width=20) (actual time=0.089..3344.858 rows=10000000 loops=1)
         Sort Key: s_4.a, s_4.b, s_4.c, s_4.d, s_4.e
         Presorted Key: s_4.a, s_4.b, s_4.c, s_4.d
         Sort Method: quicksort  Memory: 27kB
         Sort Groups: 312024
         ->  Index Scan using s_4_a_b_c_d_idx on s_4  (cost=0.43..451319.90 rows=9999939 width=20) (actual time=0.039..1509.220 rows=10000000 loops=1)
 Planning time: 0.315 ms
 Execution time: 3566.355 ms
(9 rows)

===== 157 [Wed Mar  7 11:09:25 CET 2018] scale:10000000 groups:100 work_mem:128MB incremental:off max_workers:0 =====
SELECT * FROM s_1 ORDER BY a, b
                                                          QUERY PLAN                                                          
------------------------------------------------------------------------------------------------------------------------------
 Limit  (cost=1656439.93..1656439.93 rows=1 width=20) (actual time=5463.644..5463.644 rows=0 loops=1)
   ->  Sort  (cost=1531440.69..1556440.54 rows=9999939 width=20) (actual time=4416.005..5245.990 rows=10000000 loops=1)
         Sort Key: s_1.a, s_1.b
         Sort Method: external merge  Disk: 293568kB
         ->  Seq Scan on s_1  (cost=0.00..163694.39 rows=9999939 width=20) (actual time=0.017..655.608 rows=10000000 loops=1)
 Planning time: 0.243 ms
 Execution time: 5497.019 ms
(7 rows)

===== 158 [Wed Mar  7 11:09:53 CET 2018] scale:10000000 groups:100 work_mem:128MB incremental:off max_workers:0 =====
SELECT * FROM s_2 ORDER BY a, b, c
                                                          QUERY PLAN                                                           
-------------------------------------------------------------------------------------------------------------------------------
 Limit  (cost=1656460.22..1656460.22 rows=1 width=20) (actual time=6295.912..6295.912 rows=0 loops=1)
   ->  Sort  (cost=1531459.54..1556459.68 rows=10000054 width=20) (actual time=5259.634..6078.133 rows=10000000 loops=1)
         Sort Key: s_2.a, s_2.b, s_2.c
         Sort Method: external merge  Disk: 293568kB
         ->  Seq Scan on s_2  (cost=0.00..163695.54 rows=10000054 width=20) (actual time=0.020..655.063 rows=10000000 loops=1)
 Planning time: 0.255 ms
 Execution time: 6329.336 ms
(7 rows)

===== 159 [Wed Mar  7 11:10:27 CET 2018] scale:10000000 groups:100 work_mem:128MB incremental:off max_workers:0 =====
SELECT * FROM s_3 ORDER BY a, b, c, d
                                                          QUERY PLAN                                                          
------------------------------------------------------------------------------------------------------------------------------
 Limit  (cost=1656439.93..1656439.93 rows=1 width=20) (actual time=7053.042..7053.042 rows=0 loops=1)
   ->  Sort  (cost=1531440.69..1556440.54 rows=9999939 width=20) (actual time=6008.957..6835.370 rows=10000000 loops=1)
         Sort Key: s_3.a, s_3.b, s_3.c, s_3.d
         Sort Method: external merge  Disk: 293568kB
         ->  Seq Scan on s_3  (cost=0.00..163694.39 rows=9999939 width=20) (actual time=0.021..619.082 rows=10000000 loops=1)
 Planning time: 0.273 ms
 Execution time: 7086.451 ms
(7 rows)

===== 160 [Wed Mar  7 11:11:06 CET 2018] scale:10000000 groups:100 work_mem:128MB incremental:off max_workers:0 =====
SELECT * FROM s_4 ORDER BY a, b, c, d, e
                                                          QUERY PLAN                                                          
------------------------------------------------------------------------------------------------------------------------------
 Limit  (cost=1656439.93..1656439.93 rows=1 width=20) (actual time=6319.772..6319.772 rows=0 loops=1)
   ->  Sort  (cost=1531440.69..1556440.54 rows=9999939 width=20) (actual time=5276.563..6102.413 rows=10000000 loops=1)
         Sort Key: s_4.a, s_4.b, s_4.c, s_4.d, s_4.e
         Sort Method: external merge  Disk: 293568kB
         ->  Seq Scan on s_4  (cost=0.00..163694.39 rows=9999939 width=20) (actual time=0.016..517.169 rows=10000000 loops=1)
 Planning time: 0.262 ms
 Execution time: 6353.257 ms
(7 rows)

===== 161 [Wed Mar  7 11:11:39 CET 2018] scale:10000000 groups:100 work_mem:256MB incremental:on max_workers:0 =====
SELECT * FROM s_1 ORDER BY a, b
                                                                   QUERY PLAN                                                                    
-------------------------------------------------------------------------------------------------------------------------------------------------
 Limit  (cost=1428144.62..1428144.62 rows=1 width=20) (actual time=5427.773..5427.773 rows=0 loops=1)
   ->  Incremental Sort  (cost=11417.70..1328145.23 rows=9999939 width=20) (actual time=22.053..5212.044 rows=10000000 loops=1)
         Sort Key: s_1.a, s_1.b
         Presorted Key: s_1.a
         Sort Method: quicksort  Memory: 10948kB
         Sort Groups: 101
         ->  Index Scan using s_1_a_idx on s_1  (cost=0.43..323385.52 rows=9999939 width=20) (actual time=0.046..1567.982 rows=10000000 loops=1)
 Planning time: 0.250 ms
 Execution time: 5427.931 ms
(9 rows)

===== 162 [Wed Mar  7 11:12:06 CET 2018] scale:10000000 groups:100 work_mem:256MB incremental:on max_workers:0 =====
SELECT * FROM s_2 ORDER BY a, b, c
                                                                     QUERY PLAN                                                                     
----------------------------------------------------------------------------------------------------------------------------------------------------
 Limit  (cost=1179047.88..1179047.88 rows=1 width=20) (actual time=4816.864..4816.864 rows=0 loops=1)
   ->  Incremental Sort  (cost=89.04..1079047.34 rows=10000054 width=20) (actual time=0.208..4600.075 rows=10000000 loops=1)
         Sort Key: s_2.a, s_2.b, s_2.c
         Presorted Key: s_2.a, s_2.b
         Sort Method: quicksort  Memory: 135kB
         Sort Groups: 10201
         ->  Index Scan using s_2_a_b_idx on s_2  (cost=0.43..406985.62 rows=10000054 width=20) (actual time=0.055..1459.235 rows=10000000 loops=1)
 Planning time: 0.293 ms
 Execution time: 4816.906 ms
(9 rows)

===== 163 [Wed Mar  7 11:12:30 CET 2018] scale:10000000 groups:100 work_mem:256MB incremental:on max_workers:0 =====
SELECT * FROM s_3 ORDER BY a, b, c, d
                                                                     QUERY PLAN                                                                      
-----------------------------------------------------------------------------------------------------------------------------------------------------
 Limit  (cost=912413.48..912413.48 rows=1 width=20) (actual time=4471.480..4471.480 rows=0 loops=1)
   ->  Incremental Sort  (cost=1.05..812414.09 rows=9999939 width=20) (actual time=0.099..4252.900 rows=10000000 loops=1)
         Sort Key: s_3.a, s_3.b, s_3.c, s_3.d
         Presorted Key: s_3.a, s_3.b, s_3.c
         Sort Method: quicksort  Memory: 29kB
         Sort Groups: 270992
         ->  Index Scan using s_3_a_b_c_idx on s_3  (cost=0.43..451319.90 rows=9999939 width=20) (actual time=0.047..1506.755 rows=10000000 loops=1)
 Planning time: 0.300 ms
 Execution time: 4471.504 ms
(9 rows)

===== 164 [Wed Mar  7 11:12:51 CET 2018] scale:10000000 groups:100 work_mem:256MB incremental:on max_workers:0 =====
SELECT * FROM s_4 ORDER BY a, b, c, d, e
                                                                      QUERY PLAN                                                                       
-------------------------------------------------------------------------------------------------------------------------------------------------------
 Limit  (cost=912413.48..912413.48 rows=1 width=20) (actual time=3567.193..3567.193 rows=0 loops=1)
   ->  Incremental Sort  (cost=1.05..812414.09 rows=9999939 width=20) (actual time=0.087..3345.821 rows=10000000 loops=1)
         Sort Key: s_4.a, s_4.b, s_4.c, s_4.d, s_4.e
         Presorted Key: s_4.a, s_4.b, s_4.c, s_4.d
         Sort Method: quicksort  Memory: 27kB
         Sort Groups: 312024
         ->  Index Scan using s_4_a_b_c_d_idx on s_4  (cost=0.43..451319.90 rows=9999939 width=20) (actual time=0.040..1509.975 rows=10000000 loops=1)
 Planning time: 0.314 ms
 Execution time: 3567.218 ms
(9 rows)

===== 165 [Wed Mar  7 11:13:07 CET 2018] scale:10000000 groups:100 work_mem:256MB incremental:off max_workers:0 =====
SELECT * FROM s_1 ORDER BY a, b
                                                          QUERY PLAN                                                          
------------------------------------------------------------------------------------------------------------------------------
 Limit  (cost=1656439.93..1656439.93 rows=1 width=20) (actual time=5604.535..5604.535 rows=0 loops=1)
   ->  Sort  (cost=1531440.69..1556440.54 rows=9999939 width=20) (actual time=4635.935..5386.087 rows=10000000 loops=1)
         Sort Key: s_1.a, s_1.b
         Sort Method: external merge  Disk: 293552kB
         ->  Seq Scan on s_1  (cost=0.00..163694.39 rows=9999939 width=20) (actual time=0.020..666.911 rows=10000000 loops=1)
 Planning time: 0.253 ms
 Execution time: 5639.704 ms
(7 rows)

===== 166 [Wed Mar  7 11:13:37 CET 2018] scale:10000000 groups:100 work_mem:256MB incremental:off max_workers:0 =====
SELECT * FROM s_2 ORDER BY a, b, c
                                                          QUERY PLAN                                                           
-------------------------------------------------------------------------------------------------------------------------------
 Limit  (cost=1656460.22..1656460.22 rows=1 width=20) (actual time=6431.541..6431.541 rows=0 loops=1)
   ->  Sort  (cost=1531459.54..1556459.68 rows=10000054 width=20) (actual time=5469.794..6213.046 rows=10000000 loops=1)
         Sort Key: s_2.a, s_2.b, s_2.c
         Sort Method: external merge  Disk: 293552kB
         ->  Seq Scan on s_2  (cost=0.00..163695.54 rows=10000054 width=20) (actual time=0.019..664.800 rows=10000000 loops=1)
 Planning time: 0.247 ms
 Execution time: 6466.799 ms
(7 rows)

===== 167 [Wed Mar  7 11:14:11 CET 2018] scale:10000000 groups:100 work_mem:256MB incremental:off max_workers:0 =====
SELECT * FROM s_3 ORDER BY a, b, c, d
                                                          QUERY PLAN                                                          
------------------------------------------------------------------------------------------------------------------------------
 Limit  (cost=1656439.93..1656439.93 rows=1 width=20) (actual time=7187.616..7187.616 rows=0 loops=1)
   ->  Sort  (cost=1531440.69..1556440.54 rows=9999939 width=20) (actual time=6216.672..6969.346 rows=10000000 loops=1)
         Sort Key: s_3.a, s_3.b, s_3.c, s_3.d
         Sort Method: external merge  Disk: 293552kB
         ->  Seq Scan on s_3  (cost=0.00..163694.39 rows=9999939 width=20) (actual time=0.019..630.379 rows=10000000 loops=1)
 Planning time: 0.265 ms
 Execution time: 7223.010 ms
(7 rows)

===== 168 [Wed Mar  7 11:14:50 CET 2018] scale:10000000 groups:100 work_mem:256MB incremental:off max_workers:0 =====
SELECT * FROM s_4 ORDER BY a, b, c, d, e
                                                          QUERY PLAN                                                          
------------------------------------------------------------------------------------------------------------------------------
 Limit  (cost=1656439.93..1656439.93 rows=1 width=20) (actual time=6447.324..6447.324 rows=0 loops=1)
   ->  Sort  (cost=1531440.69..1556440.54 rows=9999939 width=20) (actual time=5471.811..6229.309 rows=10000000 loops=1)
         Sort Key: s_4.a, s_4.b, s_4.c, s_4.d, s_4.e
         Sort Method: external merge  Disk: 293552kB
         ->  Seq Scan on s_4  (cost=0.00..163694.39 rows=9999939 width=20) (actual time=0.008..527.612 rows=10000000 loops=1)
 Planning time: 0.271 ms
 Execution time: 6482.817 ms
(7 rows)

===== 169 [Wed Mar  7 11:15:25 CET 2018] scale:10000000 groups:100 work_mem:4MB incremental:on max_workers:2 =====
SELECT * FROM s_1 ORDER BY a, b
                                                                   QUERY PLAN                                                                    
-------------------------------------------------------------------------------------------------------------------------------------------------
 Limit  (cost=1633528.12..1633528.12 rows=1 width=20) (actual time=5922.332..5922.332 rows=0 loops=1)
   ->  Incremental Sort  (cost=13451.20..1533528.73 rows=9999939 width=20) (actual time=25.439..5698.492 rows=10000000 loops=1)
         Sort Key: s_1.a, s_1.b
         Presorted Key: s_1.a
         Sort Method: external merge  Disk: 2960kB
         Sort Groups: 101
         ->  Index Scan using s_1_a_idx on s_1  (cost=0.43..323385.52 rows=9999939 width=20) (actual time=0.051..1545.654 rows=10000000 loops=1)
 Planning time: 0.259 ms
 Execution time: 5922.565 ms
(9 rows)

===== 170 [Wed Mar  7 11:15:55 CET 2018] scale:10000000 groups:100 work_mem:4MB incremental:on max_workers:2 =====
SELECT * FROM s_2 ORDER BY a, b, c
                                                                     QUERY PLAN                                                                     
----------------------------------------------------------------------------------------------------------------------------------------------------
 Limit  (cost=1179047.88..1179047.88 rows=1 width=20) (actual time=4818.926..4818.926 rows=0 loops=1)
   ->  Incremental Sort  (cost=89.04..1079047.34 rows=10000054 width=20) (actual time=0.207..4602.165 rows=10000000 loops=1)
         Sort Key: s_2.a, s_2.b, s_2.c
         Presorted Key: s_2.a, s_2.b
         Sort Method: quicksort  Memory: 135kB
         Sort Groups: 10201
         ->  Index Scan using s_2_a_b_idx on s_2  (cost=0.43..406985.62 rows=10000054 width=20) (actual time=0.056..1462.072 rows=10000000 loops=1)
 Planning time: 0.304 ms
 Execution time: 4818.965 ms
(9 rows)

===== 171 [Wed Mar  7 11:16:19 CET 2018] scale:10000000 groups:100 work_mem:4MB incremental:on max_workers:2 =====
SELECT * FROM s_3 ORDER BY a, b, c, d
                                                                     QUERY PLAN                                                                      
-----------------------------------------------------------------------------------------------------------------------------------------------------
 Limit  (cost=912413.48..912413.48 rows=1 width=20) (actual time=4472.159..4472.159 rows=0 loops=1)
   ->  Incremental Sort  (cost=1.05..812414.09 rows=9999939 width=20) (actual time=0.098..4253.361 rows=10000000 loops=1)
         Sort Key: s_3.a, s_3.b, s_3.c, s_3.d
         Presorted Key: s_3.a, s_3.b, s_3.c
         Sort Method: quicksort  Memory: 29kB
         Sort Groups: 270992
         ->  Index Scan using s_3_a_b_c_idx on s_3  (cost=0.43..451319.90 rows=9999939 width=20) (actual time=0.049..1506.904 rows=10000000 loops=1)
 Planning time: 0.312 ms
 Execution time: 4472.185 ms
(9 rows)

===== 172 [Wed Mar  7 11:16:40 CET 2018] scale:10000000 groups:100 work_mem:4MB incremental:on max_workers:2 =====
SELECT * FROM s_4 ORDER BY a, b, c, d, e
                                                                      QUERY PLAN                                                                       
-------------------------------------------------------------------------------------------------------------------------------------------------------
 Limit  (cost=912413.48..912413.48 rows=1 width=20) (actual time=3599.801..3599.801 rows=0 loops=1)
   ->  Incremental Sort  (cost=1.05..812414.09 rows=9999939 width=20) (actual time=0.087..3378.316 rows=10000000 loops=1)
         Sort Key: s_4.a, s_4.b, s_4.c, s_4.d, s_4.e
         Presorted Key: s_4.a, s_4.b, s_4.c, s_4.d
         Sort Method: quicksort  Memory: 27kB
         Sort Groups: 312024
         ->  Index Scan using s_4_a_b_c_d_idx on s_4  (cost=0.43..451319.90 rows=9999939 width=20) (actual time=0.040..1502.613 rows=10000000 loops=1)
 Planning time: 0.314 ms
 Execution time: 3599.825 ms
(9 rows)

===== 173 [Wed Mar  7 11:16:56 CET 2018] scale:10000000 groups:100 work_mem:4MB incremental:off max_workers:2 =====
SELECT * FROM s_1 ORDER BY a, b
                                                                 QUERY PLAN                                                                 
--------------------------------------------------------------------------------------------------------------------------------------------
 Limit  (cost=1791007.99..1791007.99 rows=1 width=20) (actual time=3674.415..3674.415 rows=0 loops=1)
   ->  Gather Merge  (cost=735391.06..1707675.17 rows=8333282 width=20) (actual time=1696.965..3439.249 rows=10000000 loops=1)
         Workers Planned: 2
         Workers Launched: 2
         ->  Sort  (cost=734391.04..744807.64 rows=4166641 width=20) (actual time=1694.613..2010.935 rows=3333333 loops=3)
               Sort Key: s_1.a, s_1.b
               Sort Method: external merge  Disk: 98040kB
               Worker 0:  Sort Method: external merge  Disk: 97768kB
               Worker 1:  Sort Method: external merge  Disk: 97800kB
               ->  Parallel Seq Scan on s_1  (cost=0.00..105361.41 rows=4166641 width=20) (actual time=0.017..237.509 rows=3333333 loops=3)
 Planning time: 0.258 ms
 Execution time: 3696.060 ms
(12 rows)

===== 174 [Wed Mar  7 11:17:15 CET 2018] scale:10000000 groups:100 work_mem:4MB incremental:off max_workers:2 =====
SELECT * FROM s_2 ORDER BY a, b, c
                                                                 QUERY PLAN                                                                 
--------------------------------------------------------------------------------------------------------------------------------------------
 Limit  (cost=1791033.26..1791033.26 rows=1 width=20) (actual time=4167.111..4167.111 rows=0 loops=1)
   ->  Gather Merge  (cost=735404.16..1707699.48 rows=8333378 width=20) (actual time=1964.498..3932.308 rows=10000000 loops=1)
         Workers Planned: 2
         Workers Launched: 2
         ->  Sort  (cost=734404.14..744820.86 rows=4166689 width=20) (actual time=1956.413..2267.459 rows=3333333 loops=3)
               Sort Key: s_2.a, s_2.b, s_2.c
               Sort Method: external merge  Disk: 98856kB
               Worker 0:  Sort Method: external merge  Disk: 97744kB
               Worker 1:  Sort Method: external merge  Disk: 97008kB
               ->  Parallel Seq Scan on s_2  (cost=0.00..105361.89 rows=4166689 width=20) (actual time=0.021..230.997 rows=3333333 loops=3)
 Planning time: 0.269 ms
 Execution time: 4188.508 ms
(12 rows)

===== 175 [Wed Mar  7 11:17:36 CET 2018] scale:10000000 groups:100 work_mem:4MB incremental:off max_workers:2 =====
SELECT * FROM s_3 ORDER BY a, b, c, d
                                                                 QUERY PLAN                                                                 
--------------------------------------------------------------------------------------------------------------------------------------------
 Limit  (cost=1791007.99..1791007.99 rows=1 width=20) (actual time=4325.868..4325.868 rows=0 loops=1)
   ->  Gather Merge  (cost=735391.06..1707675.17 rows=8333282 width=20) (actual time=2149.425..4103.241 rows=10000000 loops=1)
         Workers Planned: 2
         Workers Launched: 2
         ->  Sort  (cost=734391.04..744807.64 rows=4166641 width=20) (actual time=2142.752..2455.095 rows=3333333 loops=3)
               Sort Key: s_3.a, s_3.b, s_3.c, s_3.d
               Sort Method: external merge  Disk: 98112kB
               Worker 0:  Sort Method: external merge  Disk: 97744kB
               Worker 1:  Sort Method: external merge  Disk: 97744kB
               ->  Parallel Seq Scan on s_3  (cost=0.00..105361.41 rows=4166641 width=20) (actual time=0.024..219.096 rows=3333333 loops=3)
 Planning time: 0.280 ms
 Execution time: 4347.396 ms
(12 rows)

===== 176 [Wed Mar  7 11:17:59 CET 2018] scale:10000000 groups:100 work_mem:4MB incremental:off max_workers:2 =====
SELECT * FROM s_4 ORDER BY a, b, c, d, e
                                                                 QUERY PLAN                                                                 
--------------------------------------------------------------------------------------------------------------------------------------------
 Limit  (cost=1791007.99..1791007.99 rows=1 width=20) (actual time=4047.198..4047.198 rows=0 loops=1)
   ->  Gather Merge  (cost=735391.06..1707675.17 rows=8333282 width=20) (actual time=1908.862..3824.683 rows=10000000 loops=1)
         Workers Planned: 2
         Workers Launched: 2
         ->  Sort  (cost=734391.04..744807.64 rows=4166641 width=20) (actual time=1904.720..2216.636 rows=3333333 loops=3)
               Sort Key: s_4.a, s_4.b, s_4.c, s_4.d, s_4.e
               Sort Method: external merge  Disk: 98112kB
               Worker 0:  Sort Method: external merge  Disk: 97744kB
               Worker 1:  Sort Method: external merge  Disk: 97744kB
               ->  Parallel Seq Scan on s_4  (cost=0.00..105361.41 rows=4166641 width=20) (actual time=0.008..186.471 rows=3333333 loops=3)
 Planning time: 0.274 ms
 Execution time: 4079.689 ms
(12 rows)

===== 177 [Wed Mar  7 11:18:20 CET 2018] scale:10000000 groups:100 work_mem:8MB incremental:on max_workers:2 =====
SELECT * FROM s_1 ORDER BY a, b
                                                                   QUERY PLAN                                                                    
-------------------------------------------------------------------------------------------------------------------------------------------------
 Limit  (cost=1428144.62..1428144.62 rows=1 width=20) (actual time=6393.064..6393.064 rows=0 loops=1)
   ->  Incremental Sort  (cost=11417.70..1328145.23 rows=9999939 width=20) (actual time=22.098..6170.872 rows=10000000 loops=1)
         Sort Key: s_1.a, s_1.b
         Presorted Key: s_1.a
         Sort Method: external merge  Disk: 2960kB
         Sort Groups: 101
         ->  Index Scan using s_1_a_idx on s_1  (cost=0.43..323385.52 rows=9999939 width=20) (actual time=0.052..1562.940 rows=10000000 loops=1)
 Planning time: 0.262 ms
 Execution time: 6393.091 ms
(9 rows)

===== 178 [Wed Mar  7 11:18:53 CET 2018] scale:10000000 groups:100 work_mem:8MB incremental:on max_workers:2 =====
SELECT * FROM s_2 ORDER BY a, b, c
                                                                     QUERY PLAN                                                                     
----------------------------------------------------------------------------------------------------------------------------------------------------
 Limit  (cost=1179047.88..1179047.88 rows=1 width=20) (actual time=4819.999..4819.999 rows=0 loops=1)
   ->  Incremental Sort  (cost=89.04..1079047.34 rows=10000054 width=20) (actual time=0.203..4603.197 rows=10000000 loops=1)
         Sort Key: s_2.a, s_2.b, s_2.c
         Presorted Key: s_2.a, s_2.b
         Sort Method: quicksort  Memory: 135kB
         Sort Groups: 10201
         ->  Index Scan using s_2_a_b_idx on s_2  (cost=0.43..406985.62 rows=10000054 width=20) (actual time=0.052..1461.177 rows=10000000 loops=1)
 Planning time: 0.313 ms
 Execution time: 4820.037 ms
(9 rows)

===== 179 [Wed Mar  7 11:19:16 CET 2018] scale:10000000 groups:100 work_mem:8MB incremental:on max_workers:2 =====
SELECT * FROM s_3 ORDER BY a, b, c, d
                                                                     QUERY PLAN                                                                      
-----------------------------------------------------------------------------------------------------------------------------------------------------
 Limit  (cost=912413.48..912413.48 rows=1 width=20) (actual time=4470.900..4470.900 rows=0 loops=1)
   ->  Incremental Sort  (cost=1.05..812414.09 rows=9999939 width=20) (actual time=0.090..4252.207 rows=10000000 loops=1)
         Sort Key: s_3.a, s_3.b, s_3.c, s_3.d
         Presorted Key: s_3.a, s_3.b, s_3.c
         Sort Method: quicksort  Memory: 29kB
         Sort Groups: 270992
         ->  Index Scan using s_3_a_b_c_idx on s_3  (cost=0.43..451319.90 rows=9999939 width=20) (actual time=0.042..1506.873 rows=10000000 loops=1)
 Planning time: 0.302 ms
 Execution time: 4470.925 ms
(9 rows)

===== 180 [Wed Mar  7 11:19:38 CET 2018] scale:10000000 groups:100 work_mem:8MB incremental:on max_workers:2 =====
SELECT * FROM s_4 ORDER BY a, b, c, d, e
                                                                      QUERY PLAN                                                                       
-------------------------------------------------------------------------------------------------------------------------------------------------------
 Limit  (cost=912413.48..912413.48 rows=1 width=20) (actual time=3599.298..3599.298 rows=0 loops=1)
   ->  Incremental Sort  (cost=1.05..812414.09 rows=9999939 width=20) (actual time=0.088..3377.839 rows=10000000 loops=1)
         Sort Key: s_4.a, s_4.b, s_4.c, s_4.d, s_4.e
         Presorted Key: s_4.a, s_4.b, s_4.c, s_4.d
         Sort Method: quicksort  Memory: 27kB
         Sort Groups: 312024
         ->  Index Scan using s_4_a_b_c_d_idx on s_4  (cost=0.43..451319.90 rows=9999939 width=20) (actual time=0.044..1502.048 rows=10000000 loops=1)
 Planning time: 0.326 ms
 Execution time: 3599.323 ms
(9 rows)

===== 181 [Wed Mar  7 11:19:54 CET 2018] scale:10000000 groups:100 work_mem:8MB incremental:off max_workers:2 =====
SELECT * FROM s_1 ORDER BY a, b
                                                                 QUERY PLAN                                                                 
--------------------------------------------------------------------------------------------------------------------------------------------
 Limit  (cost=1705558.99..1705558.99 rows=1 width=20) (actual time=3503.356..3503.356 rows=0 loops=1)
   ->  Gather Merge  (cost=649942.06..1622226.17 rows=8333282 width=20) (actual time=1529.481..3268.118 rows=10000000 loops=1)
         Workers Planned: 2
         Workers Launched: 2
         ->  Sort  (cost=648942.04..659358.64 rows=4166641 width=20) (actual time=1527.664..1846.359 rows=3333333 loops=3)
               Sort Key: s_1.a, s_1.b
               Sort Method: external merge  Disk: 97904kB
               Worker 0:  Sort Method: external merge  Disk: 97856kB
               Worker 1:  Sort Method: external merge  Disk: 97848kB
               ->  Parallel Seq Scan on s_1  (cost=0.00..105361.41 rows=4166641 width=20) (actual time=0.015..235.572 rows=3333333 loops=3)
 Planning time: 0.250 ms
 Execution time: 3525.309 ms
(12 rows)

===== 182 [Wed Mar  7 11:20:11 CET 2018] scale:10000000 groups:100 work_mem:8MB incremental:off max_workers:2 =====
SELECT * FROM s_2 ORDER BY a, b, c
                                                                 QUERY PLAN                                                                 
--------------------------------------------------------------------------------------------------------------------------------------------
 Limit  (cost=1705580.76..1705580.76 rows=1 width=20) (actual time=3985.818..3985.818 rows=0 loops=1)
   ->  Gather Merge  (cost=649951.66..1622246.98 rows=8333378 width=20) (actual time=1782.354..3750.868 rows=10000000 loops=1)
         Workers Planned: 2
         Workers Launched: 2
         ->  Sort  (cost=648951.64..659368.36 rows=4166689 width=20) (actual time=1778.362..2091.253 rows=3333333 loops=3)
               Sort Key: s_2.a, s_2.b, s_2.c
               Sort Method: external merge  Disk: 99136kB
               Worker 0:  Sort Method: external merge  Disk: 96984kB
               Worker 1:  Sort Method: external merge  Disk: 97496kB
               ->  Parallel Seq Scan on s_2  (cost=0.00..105361.89 rows=4166689 width=20) (actual time=0.022..233.640 rows=3333333 loops=3)
 Planning time: 0.265 ms
 Execution time: 4007.591 ms
(12 rows)

===== 183 [Wed Mar  7 11:20:32 CET 2018] scale:10000000 groups:100 work_mem:8MB incremental:off max_workers:2 =====
SELECT * FROM s_3 ORDER BY a, b, c, d
                                                                 QUERY PLAN                                                                 
--------------------------------------------------------------------------------------------------------------------------------------------
 Limit  (cost=1705558.99..1705558.99 rows=1 width=20) (actual time=4129.113..4129.113 rows=0 loops=1)
   ->  Gather Merge  (cost=649942.06..1622226.17 rows=8333282 width=20) (actual time=1936.983..3906.729 rows=10000000 loops=1)
         Workers Planned: 2
         Workers Launched: 2
         ->  Sort  (cost=648942.04..659358.64 rows=4166641 width=20) (actual time=1929.738..2243.311 rows=3333333 loops=3)
               Sort Key: s_3.a, s_3.b, s_3.c, s_3.d
               Sort Method: external merge  Disk: 97896kB
               Worker 0:  Sort Method: external merge  Disk: 97928kB
               Worker 1:  Sort Method: external merge  Disk: 97792kB
               ->  Parallel Seq Scan on s_3  (cost=0.00..105361.41 rows=4166641 width=20) (actual time=0.022..222.793 rows=3333333 loops=3)
 Planning time: 0.284 ms
 Execution time: 4153.339 ms
(12 rows)

===== 184 [Wed Mar  7 11:20:53 CET 2018] scale:10000000 groups:100 work_mem:8MB incremental:off max_workers:2 =====
SELECT * FROM s_4 ORDER BY a, b, c, d, e
                                                                 QUERY PLAN                                                                 
--------------------------------------------------------------------------------------------------------------------------------------------
 Limit  (cost=1705558.99..1705558.99 rows=1 width=20) (actual time=3861.588..3861.588 rows=0 loops=1)
   ->  Gather Merge  (cost=649942.06..1622226.17 rows=8333282 width=20) (actual time=1697.244..3639.106 rows=10000000 loops=1)
         Workers Planned: 2
         Workers Launched: 2
         ->  Sort  (cost=648942.04..659358.64 rows=4166641 width=20) (actual time=1695.097..2007.208 rows=3333333 loops=3)
               Sort Key: s_4.a, s_4.b, s_4.c, s_4.d, s_4.e
               Sort Method: external merge  Disk: 97888kB
               Worker 0:  Sort Method: external merge  Disk: 97928kB
               Worker 1:  Sort Method: external merge  Disk: 97792kB
               ->  Parallel Seq Scan on s_4  (cost=0.00..105361.41 rows=4166641 width=20) (actual time=0.008..192.952 rows=3333333 loops=3)
 Planning time: 0.274 ms
 Execution time: 3897.310 ms
(12 rows)

===== 185 [Wed Mar  7 11:21:13 CET 2018] scale:10000000 groups:100 work_mem:16MB incremental:on max_workers:2 =====
SELECT * FROM s_1 ORDER BY a, b
                                                                   QUERY PLAN                                                                    
-------------------------------------------------------------------------------------------------------------------------------------------------
 Limit  (cost=1428144.62..1428144.62 rows=1 width=20) (actual time=5432.939..5432.939 rows=0 loops=1)
   ->  Incremental Sort  (cost=11417.70..1328145.23 rows=9999939 width=20) (actual time=22.013..5219.119 rows=10000000 loops=1)
         Sort Key: s_1.a, s_1.b
         Presorted Key: s_1.a
         Sort Method: quicksort  Memory: 10948kB
         Sort Groups: 101
         ->  Index Scan using s_1_a_idx on s_1  (cost=0.43..323385.52 rows=9999939 width=20) (actual time=0.054..1569.204 rows=10000000 loops=1)
 Planning time: 0.271 ms
 Execution time: 5433.077 ms
(9 rows)

===== 186 [Wed Mar  7 11:21:40 CET 2018] scale:10000000 groups:100 work_mem:16MB incremental:on max_workers:2 =====
SELECT * FROM s_2 ORDER BY a, b, c
                                                                     QUERY PLAN                                                                     
----------------------------------------------------------------------------------------------------------------------------------------------------
 Limit  (cost=1179047.88..1179047.88 rows=1 width=20) (actual time=4816.681..4816.681 rows=0 loops=1)
   ->  Incremental Sort  (cost=89.04..1079047.34 rows=10000054 width=20) (actual time=0.203..4599.995 rows=10000000 loops=1)
         Sort Key: s_2.a, s_2.b, s_2.c
         Presorted Key: s_2.a, s_2.b
         Sort Method: quicksort  Memory: 135kB
         Sort Groups: 10201
         ->  Index Scan using s_2_a_b_idx on s_2  (cost=0.43..406985.62 rows=10000054 width=20) (actual time=0.052..1459.393 rows=10000000 loops=1)
 Planning time: 0.301 ms
 Execution time: 4816.719 ms
(9 rows)

===== 187 [Wed Mar  7 11:22:04 CET 2018] scale:10000000 groups:100 work_mem:16MB incremental:on max_workers:2 =====
SELECT * FROM s_3 ORDER BY a, b, c, d
                                                                     QUERY PLAN                                                                      
-----------------------------------------------------------------------------------------------------------------------------------------------------
 Limit  (cost=912413.48..912413.48 rows=1 width=20) (actual time=4471.496..4471.496 rows=0 loops=1)
   ->  Incremental Sort  (cost=1.05..812414.09 rows=9999939 width=20) (actual time=0.092..4252.879 rows=10000000 loops=1)
         Sort Key: s_3.a, s_3.b, s_3.c, s_3.d
         Presorted Key: s_3.a, s_3.b, s_3.c
         Sort Method: quicksort  Memory: 29kB
         Sort Groups: 270992
         ->  Index Scan using s_3_a_b_c_idx on s_3  (cost=0.43..451319.90 rows=9999939 width=20) (actual time=0.041..1507.438 rows=10000000 loops=1)
 Planning time: 0.307 ms
 Execution time: 4471.521 ms
(9 rows)

===== 188 [Wed Mar  7 11:22:25 CET 2018] scale:10000000 groups:100 work_mem:16MB incremental:on max_workers:2 =====
SELECT * FROM s_4 ORDER BY a, b, c, d, e
                                                                      QUERY PLAN                                                                       
-------------------------------------------------------------------------------------------------------------------------------------------------------
 Limit  (cost=912413.48..912413.48 rows=1 width=20) (actual time=3601.075..3601.075 rows=0 loops=1)
   ->  Incremental Sort  (cost=1.05..812414.09 rows=9999939 width=20) (actual time=0.089..3379.579 rows=10000000 loops=1)
         Sort Key: s_4.a, s_4.b, s_4.c, s_4.d, s_4.e
         Presorted Key: s_4.a, s_4.b, s_4.c, s_4.d
         Sort Method: quicksort  Memory: 27kB
         Sort Groups: 312024
         ->  Index Scan using s_4_a_b_c_d_idx on s_4  (cost=0.43..451319.90 rows=9999939 width=20) (actual time=0.042..1503.037 rows=10000000 loops=1)
 Planning time: 0.305 ms
 Execution time: 3601.099 ms
(9 rows)

===== 189 [Wed Mar  7 11:22:41 CET 2018] scale:10000000 groups:100 work_mem:16MB incremental:off max_workers:2 =====
SELECT * FROM s_1 ORDER BY a, b
                                                          QUERY PLAN                                                          
------------------------------------------------------------------------------------------------------------------------------
 Limit  (cost=1656439.93..1656439.93 rows=1 width=20) (actual time=5098.992..5098.992 rows=0 loops=1)
   ->  Sort  (cost=1531440.69..1556440.54 rows=9999939 width=20) (actual time=3986.015..4879.070 rows=10000000 loops=1)
         Sort Key: s_1.a, s_1.b
         Sort Method: external merge  Disk: 293904kB
         ->  Seq Scan on s_1  (cost=0.00..163694.39 rows=9999939 width=20) (actual time=0.021..650.352 rows=10000000 loops=1)
 Planning time: 0.245 ms
 Execution time: 5130.087 ms
(7 rows)

===== 190 [Wed Mar  7 11:23:08 CET 2018] scale:10000000 groups:100 work_mem:16MB incremental:off max_workers:2 =====
SELECT * FROM s_2 ORDER BY a, b, c
                                                          QUERY PLAN                                                           
-------------------------------------------------------------------------------------------------------------------------------
 Limit  (cost=1656460.22..1656460.22 rows=1 width=20) (actual time=6021.877..6021.877 rows=0 loops=1)
   ->  Sort  (cost=1531459.54..1556459.68 rows=10000054 width=20) (actual time=4946.707..5803.293 rows=10000000 loops=1)
         Sort Key: s_2.a, s_2.b, s_2.c
         Sort Method: external merge  Disk: 293904kB
         ->  Seq Scan on s_2  (cost=0.00..163695.54 rows=10000054 width=20) (actual time=0.019..649.909 rows=10000000 loops=1)
 Planning time: 0.244 ms
 Execution time: 6052.853 ms
(7 rows)

===== 191 [Wed Mar  7 11:23:40 CET 2018] scale:10000000 groups:100 work_mem:16MB incremental:off max_workers:2 =====
SELECT * FROM s_3 ORDER BY a, b, c, d
                                                          QUERY PLAN                                                          
------------------------------------------------------------------------------------------------------------------------------
 Limit  (cost=1656439.93..1656439.93 rows=1 width=20) (actual time=6760.735..6760.735 rows=0 loops=1)
   ->  Sort  (cost=1531440.69..1556440.54 rows=9999939 width=20) (actual time=5685.336..6542.268 rows=10000000 loops=1)
         Sort Key: s_3.a, s_3.b, s_3.c, s_3.d
         Sort Method: external merge  Disk: 293904kB
         ->  Seq Scan on s_3  (cost=0.00..163694.39 rows=9999939 width=20) (actual time=0.022..614.402 rows=10000000 loops=1)
 Planning time: 0.267 ms
 Execution time: 6791.606 ms
(7 rows)

===== 192 [Wed Mar  7 11:24:16 CET 2018] scale:10000000 groups:100 work_mem:16MB incremental:off max_workers:2 =====
SELECT * FROM s_4 ORDER BY a, b, c, d, e
                                                          QUERY PLAN                                                          
------------------------------------------------------------------------------------------------------------------------------
 Limit  (cost=1656439.93..1656439.93 rows=1 width=20) (actual time=6043.862..6043.862 rows=0 loops=1)
   ->  Sort  (cost=1531440.69..1556440.54 rows=9999939 width=20) (actual time=4964.216..5825.519 rows=10000000 loops=1)
         Sort Key: s_4.a, s_4.b, s_4.c, s_4.d, s_4.e
         Sort Method: external merge  Disk: 293904kB
         ->  Seq Scan on s_4  (cost=0.00..163694.39 rows=9999939 width=20) (actual time=0.013..508.970 rows=10000000 loops=1)
 Planning time: 0.251 ms
 Execution time: 6074.871 ms
(7 rows)

===== 193 [Wed Mar  7 11:24:48 CET 2018] scale:10000000 groups:100 work_mem:32MB incremental:on max_workers:2 =====
SELECT * FROM s_1 ORDER BY a, b
                                                                   QUERY PLAN                                                                    
-------------------------------------------------------------------------------------------------------------------------------------------------
 Limit  (cost=1428144.62..1428144.62 rows=1 width=20) (actual time=5430.520..5430.520 rows=0 loops=1)
   ->  Incremental Sort  (cost=11417.70..1328145.23 rows=9999939 width=20) (actual time=22.024..5214.760 rows=10000000 loops=1)
         Sort Key: s_1.a, s_1.b
         Presorted Key: s_1.a
         Sort Method: quicksort  Memory: 10948kB
         Sort Groups: 101
         ->  Index Scan using s_1_a_idx on s_1  (cost=0.43..323385.52 rows=9999939 width=20) (actual time=0.057..1566.970 rows=10000000 loops=1)
 Planning time: 0.255 ms
 Execution time: 5430.656 ms
(9 rows)

===== 194 [Wed Mar  7 11:25:15 CET 2018] scale:10000000 groups:100 work_mem:32MB incremental:on max_workers:2 =====
SELECT * FROM s_2 ORDER BY a, b, c
                                                                     QUERY PLAN                                                                     
----------------------------------------------------------------------------------------------------------------------------------------------------
 Limit  (cost=1179047.88..1179047.88 rows=1 width=20) (actual time=4819.326..4819.326 rows=0 loops=1)
   ->  Incremental Sort  (cost=89.04..1079047.34 rows=10000054 width=20) (actual time=0.209..4602.520 rows=10000000 loops=1)
         Sort Key: s_2.a, s_2.b, s_2.c
         Presorted Key: s_2.a, s_2.b
         Sort Method: quicksort  Memory: 135kB
         Sort Groups: 10201
         ->  Index Scan using s_2_a_b_idx on s_2  (cost=0.43..406985.62 rows=10000054 width=20) (actual time=0.056..1461.459 rows=10000000 loops=1)
 Planning time: 0.294 ms
 Execution time: 4819.365 ms
(9 rows)

===== 195 [Wed Mar  7 11:25:39 CET 2018] scale:10000000 groups:100 work_mem:32MB incremental:on max_workers:2 =====
SELECT * FROM s_3 ORDER BY a, b, c, d
                                                                     QUERY PLAN                                                                      
-----------------------------------------------------------------------------------------------------------------------------------------------------
 Limit  (cost=912413.48..912413.48 rows=1 width=20) (actual time=4471.035..4471.035 rows=0 loops=1)
   ->  Incremental Sort  (cost=1.05..812414.09 rows=9999939 width=20) (actual time=0.100..4252.410 rows=10000000 loops=1)
         Sort Key: s_3.a, s_3.b, s_3.c, s_3.d
         Presorted Key: s_3.a, s_3.b, s_3.c
         Sort Method: quicksort  Memory: 29kB
         Sort Groups: 270992
         ->  Index Scan using s_3_a_b_c_idx on s_3  (cost=0.43..451319.90 rows=9999939 width=20) (actual time=0.046..1507.095 rows=10000000 loops=1)
 Planning time: 0.300 ms
 Execution time: 4471.060 ms
(9 rows)

===== 196 [Wed Mar  7 11:26:00 CET 2018] scale:10000000 groups:100 work_mem:32MB incremental:on max_workers:2 =====
SELECT * FROM s_4 ORDER BY a, b, c, d, e
                                                                      QUERY PLAN                                                                       
-------------------------------------------------------------------------------------------------------------------------------------------------------
 Limit  (cost=912413.48..912413.48 rows=1 width=20) (actual time=3602.275..3602.275 rows=0 loops=1)
   ->  Incremental Sort  (cost=1.05..812414.09 rows=9999939 width=20) (actual time=0.085..3380.814 rows=10000000 loops=1)
         Sort Key: s_4.a, s_4.b, s_4.c, s_4.d, s_4.e
         Presorted Key: s_4.a, s_4.b, s_4.c, s_4.d
         Sort Method: quicksort  Memory: 27kB
         Sort Groups: 312024
         ->  Index Scan using s_4_a_b_c_d_idx on s_4  (cost=0.43..451319.90 rows=9999939 width=20) (actual time=0.038..1503.885 rows=10000000 loops=1)
 Planning time: 0.311 ms
 Execution time: 3602.300 ms
(9 rows)

===== 197 [Wed Mar  7 11:26:16 CET 2018] scale:10000000 groups:100 work_mem:32MB incremental:off max_workers:2 =====
SELECT * FROM s_1 ORDER BY a, b
                                                          QUERY PLAN                                                          
------------------------------------------------------------------------------------------------------------------------------
 Limit  (cost=1656439.93..1656439.93 rows=1 width=20) (actual time=5194.398..5194.398 rows=0 loops=1)
   ->  Sort  (cost=1531440.69..1556440.54 rows=9999939 width=20) (actual time=4117.395..4975.855 rows=10000000 loops=1)
         Sort Key: s_1.a, s_1.b
         Sort Method: external merge  Disk: 293576kB
         ->  Seq Scan on s_1  (cost=0.00..163694.39 rows=9999939 width=20) (actual time=0.019..648.773 rows=10000000 loops=1)
 Planning time: 0.249 ms
 Execution time: 5225.987 ms
(7 rows)

===== 198 [Wed Mar  7 11:26:44 CET 2018] scale:10000000 groups:100 work_mem:32MB incremental:off max_workers:2 =====
SELECT * FROM s_2 ORDER BY a, b, c
                                                          QUERY PLAN                                                           
-------------------------------------------------------------------------------------------------------------------------------
 Limit  (cost=1656460.22..1656460.22 rows=1 width=20) (actual time=6068.485..6068.485 rows=0 loops=1)
   ->  Sort  (cost=1531459.54..1556459.68 rows=10000054 width=20) (actual time=5013.689..5850.417 rows=10000000 loops=1)
         Sort Key: s_2.a, s_2.b, s_2.c
         Sort Method: external merge  Disk: 293576kB
         ->  Seq Scan on s_2  (cost=0.00..163695.54 rows=10000054 width=20) (actual time=0.022..647.289 rows=10000000 loops=1)
 Planning time: 0.255 ms
 Execution time: 6099.965 ms
(7 rows)

===== 199 [Wed Mar  7 11:27:16 CET 2018] scale:10000000 groups:100 work_mem:32MB incremental:off max_workers:2 =====
SELECT * FROM s_3 ORDER BY a, b, c, d
                                                          QUERY PLAN                                                          
------------------------------------------------------------------------------------------------------------------------------
 Limit  (cost=1656439.93..1656439.93 rows=1 width=20) (actual time=6816.077..6816.077 rows=0 loops=1)
   ->  Sort  (cost=1531440.69..1556440.54 rows=9999939 width=20) (actual time=5759.871..6598.302 rows=10000000 loops=1)
         Sort Key: s_3.a, s_3.b, s_3.c, s_3.d
         Sort Method: external merge  Disk: 293576kB
         ->  Seq Scan on s_3  (cost=0.00..163694.39 rows=9999939 width=20) (actual time=0.022..612.882 rows=10000000 loops=1)
 Planning time: 0.266 ms
 Execution time: 6847.542 ms
(7 rows)

===== 200 [Wed Mar  7 11:27:53 CET 2018] scale:10000000 groups:100 work_mem:32MB incremental:off max_workers:2 =====
SELECT * FROM s_4 ORDER BY a, b, c, d, e
                                                          QUERY PLAN                                                          
------------------------------------------------------------------------------------------------------------------------------
 Limit  (cost=1656439.93..1656439.93 rows=1 width=20) (actual time=6092.481..6092.481 rows=0 loops=1)
   ->  Sort  (cost=1531440.69..1556440.54 rows=9999939 width=20) (actual time=5031.272..5874.766 rows=10000000 loops=1)
         Sort Key: s_4.a, s_4.b, s_4.c, s_4.d, s_4.e
         Sort Method: external merge  Disk: 293576kB
         ->  Seq Scan on s_4  (cost=0.00..163694.39 rows=9999939 width=20) (actual time=0.014..509.620 rows=10000000 loops=1)
 Planning time: 0.256 ms
 Execution time: 6124.162 ms
(7 rows)

===== 201 [Wed Mar  7 11:28:25 CET 2018] scale:10000000 groups:100 work_mem:64MB incremental:on max_workers:2 =====
SELECT * FROM s_1 ORDER BY a, b
                                                                   QUERY PLAN                                                                    
-------------------------------------------------------------------------------------------------------------------------------------------------
 Limit  (cost=1428144.62..1428144.62 rows=1 width=20) (actual time=5349.746..5349.746 rows=0 loops=1)
   ->  Incremental Sort  (cost=11417.70..1328145.23 rows=9999939 width=20) (actual time=21.653..5133.446 rows=10000000 loops=1)
         Sort Key: s_1.a, s_1.b
         Presorted Key: s_1.a
         Sort Method: quicksort  Memory: 10948kB
         Sort Groups: 101
         ->  Index Scan using s_1_a_idx on s_1  (cost=0.43..323385.52 rows=9999939 width=20) (actual time=0.049..1545.198 rows=10000000 loops=1)
 Planning time: 0.259 ms
 Execution time: 5349.878 ms
(9 rows)

===== 202 [Wed Mar  7 11:28:52 CET 2018] scale:10000000 groups:100 work_mem:64MB incremental:on max_workers:2 =====
SELECT * FROM s_2 ORDER BY a, b, c
                                                                     QUERY PLAN                                                                     
----------------------------------------------------------------------------------------------------------------------------------------------------
 Limit  (cost=1179047.88..1179047.88 rows=1 width=20) (actual time=4838.709..4838.709 rows=0 loops=1)
   ->  Incremental Sort  (cost=89.04..1079047.34 rows=10000054 width=20) (actual time=0.212..4621.937 rows=10000000 loops=1)
         Sort Key: s_2.a, s_2.b, s_2.c
         Presorted Key: s_2.a, s_2.b
         Sort Method: quicksort  Memory: 135kB
         Sort Groups: 10201
         ->  Index Scan using s_2_a_b_idx on s_2  (cost=0.43..406985.62 rows=10000054 width=20) (actual time=0.055..1464.349 rows=10000000 loops=1)
 Planning time: 0.316 ms
 Execution time: 4838.748 ms
(9 rows)

===== 203 [Wed Mar  7 11:29:16 CET 2018] scale:10000000 groups:100 work_mem:64MB incremental:on max_workers:2 =====
SELECT * FROM s_3 ORDER BY a, b, c, d
                                                                     QUERY PLAN                                                                      
-----------------------------------------------------------------------------------------------------------------------------------------------------
 Limit  (cost=912413.48..912413.48 rows=1 width=20) (actual time=4504.193..4504.193 rows=0 loops=1)
   ->  Incremental Sort  (cost=1.05..812414.09 rows=9999939 width=20) (actual time=0.105..4282.927 rows=10000000 loops=1)
         Sort Key: s_3.a, s_3.b, s_3.c, s_3.d
         Presorted Key: s_3.a, s_3.b, s_3.c
         Sort Method: quicksort  Memory: 29kB
         Sort Groups: 270992
         ->  Index Scan using s_3_a_b_c_idx on s_3  (cost=0.43..451319.90 rows=9999939 width=20) (actual time=0.053..1502.800 rows=10000000 loops=1)
 Planning time: 0.314 ms
 Execution time: 4504.217 ms
(9 rows)

===== 204 [Wed Mar  7 11:29:37 CET 2018] scale:10000000 groups:100 work_mem:64MB incremental:on max_workers:2 =====
SELECT * FROM s_4 ORDER BY a, b, c, d, e
                                                                      QUERY PLAN                                                                       
-------------------------------------------------------------------------------------------------------------------------------------------------------
 Limit  (cost=912413.48..912413.48 rows=1 width=20) (actual time=3537.117..3537.117 rows=0 loops=1)
   ->  Incremental Sort  (cost=1.05..812414.09 rows=9999939 width=20) (actual time=0.095..3318.631 rows=10000000 loops=1)
         Sort Key: s_4.a, s_4.b, s_4.c, s_4.d, s_4.e
         Presorted Key: s_4.a, s_4.b, s_4.c, s_4.d
         Sort Method: quicksort  Memory: 27kB
         Sort Groups: 312024
         ->  Index Scan using s_4_a_b_c_d_idx on s_4  (cost=0.43..451319.90 rows=9999939 width=20) (actual time=0.043..1505.170 rows=10000000 loops=1)
 Planning time: 0.320 ms
 Execution time: 3537.141 ms
(9 rows)

===== 205 [Wed Mar  7 11:29:53 CET 2018] scale:10000000 groups:100 work_mem:64MB incremental:off max_workers:2 =====
SELECT * FROM s_1 ORDER BY a, b
                                                          QUERY PLAN                                                          
------------------------------------------------------------------------------------------------------------------------------
 Limit  (cost=1656439.93..1656439.93 rows=1 width=20) (actual time=5335.217..5335.217 rows=0 loops=1)
   ->  Sort  (cost=1531440.69..1556440.54 rows=9999939 width=20) (actual time=4269.566..5116.993 rows=10000000 loops=1)
         Sort Key: s_1.a, s_1.b
         Sort Method: external merge  Disk: 293648kB
         ->  Seq Scan on s_1  (cost=0.00..163694.39 rows=9999939 width=20) (actual time=0.021..650.776 rows=10000000 loops=1)
 Planning time: 0.243 ms
 Execution time: 5367.848 ms
(7 rows)

===== 206 [Wed Mar  7 11:30:21 CET 2018] scale:10000000 groups:100 work_mem:64MB incremental:off max_workers:2 =====
SELECT * FROM s_2 ORDER BY a, b, c
                                                          QUERY PLAN                                                           
-------------------------------------------------------------------------------------------------------------------------------
 Limit  (cost=1656460.22..1656460.22 rows=1 width=20) (actual time=6190.400..6190.400 rows=0 loops=1)
   ->  Sort  (cost=1531459.54..1556459.68 rows=10000054 width=20) (actual time=5137.913..5972.490 rows=10000000 loops=1)
         Sort Key: s_2.a, s_2.b, s_2.c
         Sort Method: external merge  Disk: 293648kB
         ->  Seq Scan on s_2  (cost=0.00..163695.54 rows=10000054 width=20) (actual time=0.025..650.170 rows=10000000 loops=1)
 Planning time: 0.273 ms
 Execution time: 6222.944 ms
(7 rows)

===== 207 [Wed Mar  7 11:30:54 CET 2018] scale:10000000 groups:100 work_mem:64MB incremental:off max_workers:2 =====
SELECT * FROM s_3 ORDER BY a, b, c, d
                                                          QUERY PLAN                                                          
------------------------------------------------------------------------------------------------------------------------------
 Limit  (cost=1656439.93..1656439.93 rows=1 width=20) (actual time=6927.533..6927.533 rows=0 loops=1)
   ->  Sort  (cost=1531440.69..1556440.54 rows=9999939 width=20) (actual time=5871.343..6709.722 rows=10000000 loops=1)
         Sort Key: s_3.a, s_3.b, s_3.c, s_3.d
         Sort Method: external merge  Disk: 293648kB
         ->  Seq Scan on s_3  (cost=0.00..163694.39 rows=9999939 width=20) (actual time=0.017..615.137 rows=10000000 loops=1)
 Planning time: 0.277 ms
 Execution time: 6960.091 ms
(7 rows)

===== 208 [Wed Mar  7 11:31:32 CET 2018] scale:10000000 groups:100 work_mem:64MB incremental:off max_workers:2 =====
SELECT * FROM s_4 ORDER BY a, b, c, d, e
                                                          QUERY PLAN                                                          
------------------------------------------------------------------------------------------------------------------------------
 Limit  (cost=1656439.93..1656439.93 rows=1 width=20) (actual time=6191.610..6191.610 rows=0 loops=1)
   ->  Sort  (cost=1531440.69..1556440.54 rows=9999939 width=20) (actual time=5137.513..5974.123 rows=10000000 loops=1)
         Sort Key: s_4.a, s_4.b, s_4.c, s_4.d, s_4.e
         Sort Method: external merge  Disk: 293648kB
         ->  Seq Scan on s_4  (cost=0.00..163694.39 rows=9999939 width=20) (actual time=0.011..511.620 rows=10000000 loops=1)
 Planning time: 0.265 ms
 Execution time: 6224.221 ms
(7 rows)

===== 209 [Wed Mar  7 11:32:05 CET 2018] scale:10000000 groups:100 work_mem:128MB incremental:on max_workers:2 =====
SELECT * FROM s_1 ORDER BY a, b
                                                                   QUERY PLAN                                                                    
-------------------------------------------------------------------------------------------------------------------------------------------------
 Limit  (cost=1428144.62..1428144.62 rows=1 width=20) (actual time=5424.066..5424.066 rows=0 loops=1)
   ->  Incremental Sort  (cost=11417.70..1328145.23 rows=9999939 width=20) (actual time=22.038..5208.313 rows=10000000 loops=1)
         Sort Key: s_1.a, s_1.b
         Presorted Key: s_1.a
         Sort Method: quicksort  Memory: 10948kB
         Sort Groups: 101
         ->  Index Scan using s_1_a_idx on s_1  (cost=0.43..323385.52 rows=9999939 width=20) (actual time=0.061..1567.124 rows=10000000 loops=1)
 Planning time: 0.252 ms
 Execution time: 5424.202 ms
(9 rows)

===== 210 [Wed Mar  7 11:32:32 CET 2018] scale:10000000 groups:100 work_mem:128MB incremental:on max_workers:2 =====
SELECT * FROM s_2 ORDER BY a, b, c
                                                                     QUERY PLAN                                                                     
----------------------------------------------------------------------------------------------------------------------------------------------------
 Limit  (cost=1179047.88..1179047.88 rows=1 width=20) (actual time=4819.059..4819.059 rows=0 loops=1)
   ->  Incremental Sort  (cost=89.04..1079047.34 rows=10000054 width=20) (actual time=0.215..4602.341 rows=10000000 loops=1)
         Sort Key: s_2.a, s_2.b, s_2.c
         Presorted Key: s_2.a, s_2.b
         Sort Method: quicksort  Memory: 135kB
         Sort Groups: 10201
         ->  Index Scan using s_2_a_b_idx on s_2  (cost=0.43..406985.62 rows=10000054 width=20) (actual time=0.056..1461.040 rows=10000000 loops=1)
 Planning time: 0.308 ms
 Execution time: 4819.098 ms
(9 rows)

===== 211 [Wed Mar  7 11:32:56 CET 2018] scale:10000000 groups:100 work_mem:128MB incremental:on max_workers:2 =====
SELECT * FROM s_3 ORDER BY a, b, c, d
                                                                     QUERY PLAN                                                                      
-----------------------------------------------------------------------------------------------------------------------------------------------------
 Limit  (cost=912413.48..912413.48 rows=1 width=20) (actual time=4468.765..4468.765 rows=0 loops=1)
   ->  Incremental Sort  (cost=1.05..812414.09 rows=9999939 width=20) (actual time=0.100..4250.191 rows=10000000 loops=1)
         Sort Key: s_3.a, s_3.b, s_3.c, s_3.d
         Presorted Key: s_3.a, s_3.b, s_3.c
         Sort Method: quicksort  Memory: 29kB
         Sort Groups: 270992
         ->  Index Scan using s_3_a_b_c_idx on s_3  (cost=0.43..451319.90 rows=9999939 width=20) (actual time=0.047..1504.902 rows=10000000 loops=1)
 Planning time: 0.307 ms
 Execution time: 4468.790 ms
(9 rows)

===== 212 [Wed Mar  7 11:33:17 CET 2018] scale:10000000 groups:100 work_mem:128MB incremental:on max_workers:2 =====
SELECT * FROM s_4 ORDER BY a, b, c, d, e
                                                                      QUERY PLAN                                                                       
-------------------------------------------------------------------------------------------------------------------------------------------------------
 Limit  (cost=912413.48..912413.48 rows=1 width=20) (actual time=3628.262..3628.262 rows=0 loops=1)
   ->  Incremental Sort  (cost=1.05..812414.09 rows=9999939 width=20) (actual time=0.096..3407.944 rows=10000000 loops=1)
         Sort Key: s_4.a, s_4.b, s_4.c, s_4.d, s_4.e
         Presorted Key: s_4.a, s_4.b, s_4.c, s_4.d
         Sort Method: quicksort  Memory: 27kB
         Sort Groups: 312024
         ->  Index Scan using s_4_a_b_c_d_idx on s_4  (cost=0.43..451319.90 rows=9999939 width=20) (actual time=0.043..1500.002 rows=10000000 loops=1)
 Planning time: 0.320 ms
 Execution time: 3628.287 ms
(9 rows)

===== 213 [Wed Mar  7 11:33:33 CET 2018] scale:10000000 groups:100 work_mem:128MB incremental:off max_workers:2 =====
SELECT * FROM s_1 ORDER BY a, b
                                                          QUERY PLAN                                                          
------------------------------------------------------------------------------------------------------------------------------
 Limit  (cost=1656439.93..1656439.93 rows=1 width=20) (actual time=5462.695..5462.695 rows=0 loops=1)
   ->  Sort  (cost=1531440.69..1556440.54 rows=9999939 width=20) (actual time=4415.033..5245.065 rows=10000000 loops=1)
         Sort Key: s_1.a, s_1.b
         Sort Method: external merge  Disk: 293568kB
         ->  Seq Scan on s_1  (cost=0.00..163694.39 rows=9999939 width=20) (actual time=0.016..653.436 rows=10000000 loops=1)
 Planning time: 0.256 ms
 Execution time: 5496.589 ms
(7 rows)

===== 214 [Wed Mar  7 11:34:02 CET 2018] scale:10000000 groups:100 work_mem:128MB incremental:off max_workers:2 =====
SELECT * FROM s_2 ORDER BY a, b, c
                                                          QUERY PLAN                                                           
-------------------------------------------------------------------------------------------------------------------------------
 Limit  (cost=1656460.22..1656460.22 rows=1 width=20) (actual time=6304.601..6304.601 rows=0 loops=1)
   ->  Sort  (cost=1531459.54..1556459.68 rows=10000054 width=20) (actual time=5268.167..6086.836 rows=10000000 loops=1)
         Sort Key: s_2.a, s_2.b, s_2.c
         Sort Method: external merge  Disk: 293568kB
         ->  Seq Scan on s_2  (cost=0.00..163695.54 rows=10000054 width=20) (actual time=0.019..653.981 rows=10000000 loops=1)
 Planning time: 0.255 ms
 Execution time: 6338.602 ms
(7 rows)

===== 215 [Wed Mar  7 11:34:36 CET 2018] scale:10000000 groups:100 work_mem:128MB incremental:off max_workers:2 =====
SELECT * FROM s_3 ORDER BY a, b, c, d
                                                          QUERY PLAN                                                          
------------------------------------------------------------------------------------------------------------------------------
 Limit  (cost=1656439.93..1656439.93 rows=1 width=20) (actual time=7059.234..7059.234 rows=0 loops=1)
   ->  Sort  (cost=1531440.69..1556440.54 rows=9999939 width=20) (actual time=6014.958..6841.542 rows=10000000 loops=1)
         Sort Key: s_3.a, s_3.b, s_3.c, s_3.d
         Sort Method: external merge  Disk: 293568kB
         ->  Seq Scan on s_3  (cost=0.00..163694.39 rows=9999939 width=20) (actual time=0.021..619.414 rows=10000000 loops=1)
 Planning time: 0.273 ms
 Execution time: 7093.336 ms
(7 rows)

===== 216 [Wed Mar  7 11:35:14 CET 2018] scale:10000000 groups:100 work_mem:128MB incremental:off max_workers:2 =====
SELECT * FROM s_4 ORDER BY a, b, c, d, e
                                                          QUERY PLAN                                                          
------------------------------------------------------------------------------------------------------------------------------
 Limit  (cost=1656439.93..1656439.93 rows=1 width=20) (actual time=6319.800..6319.800 rows=0 loops=1)
   ->  Sort  (cost=1531440.69..1556440.54 rows=9999939 width=20) (actual time=5277.056..6102.490 rows=10000000 loops=1)
         Sort Key: s_4.a, s_4.b, s_4.c, s_4.d, s_4.e
         Sort Method: external merge  Disk: 293568kB
         ->  Seq Scan on s_4  (cost=0.00..163694.39 rows=9999939 width=20) (actual time=0.011..516.579 rows=10000000 loops=1)
 Planning time: 0.266 ms
 Execution time: 6353.960 ms
(7 rows)

===== 217 [Wed Mar  7 11:35:47 CET 2018] scale:10000000 groups:100 work_mem:256MB incremental:on max_workers:2 =====
SELECT * FROM s_1 ORDER BY a, b
                                                                   QUERY PLAN                                                                    
-------------------------------------------------------------------------------------------------------------------------------------------------
 Limit  (cost=1428144.62..1428144.62 rows=1 width=20) (actual time=5440.215..5440.215 rows=0 loops=1)
   ->  Incremental Sort  (cost=11417.70..1328145.23 rows=9999939 width=20) (actual time=22.121..5224.486 rows=10000000 loops=1)
         Sort Key: s_1.a, s_1.b
         Presorted Key: s_1.a
         Sort Method: quicksort  Memory: 10948kB
         Sort Groups: 101
         ->  Index Scan using s_1_a_idx on s_1  (cost=0.43..323385.52 rows=9999939 width=20) (actual time=0.048..1568.181 rows=10000000 loops=1)
 Planning time: 0.260 ms
 Execution time: 5440.355 ms
(9 rows)

===== 218 [Wed Mar  7 11:36:14 CET 2018] scale:10000000 groups:100 work_mem:256MB incremental:on max_workers:2 =====
SELECT * FROM s_2 ORDER BY a, b, c
                                                                     QUERY PLAN                                                                     
----------------------------------------------------------------------------------------------------------------------------------------------------
 Limit  (cost=1179047.88..1179047.88 rows=1 width=20) (actual time=4817.085..4817.085 rows=0 loops=1)
   ->  Incremental Sort  (cost=89.04..1079047.34 rows=10000054 width=20) (actual time=0.214..4600.216 rows=10000000 loops=1)
         Sort Key: s_2.a, s_2.b, s_2.c
         Presorted Key: s_2.a, s_2.b
         Sort Method: quicksort  Memory: 135kB
         Sort Groups: 10201
         ->  Index Scan using s_2_a_b_idx on s_2  (cost=0.43..406985.62 rows=10000054 width=20) (actual time=0.052..1459.936 rows=10000000 loops=1)
 Planning time: 0.305 ms
 Execution time: 4817.124 ms
(9 rows)

===== 219 [Wed Mar  7 11:36:38 CET 2018] scale:10000000 groups:100 work_mem:256MB incremental:on max_workers:2 =====
SELECT * FROM s_3 ORDER BY a, b, c, d
                                                                     QUERY PLAN                                                                      
-----------------------------------------------------------------------------------------------------------------------------------------------------
 Limit  (cost=912413.48..912413.48 rows=1 width=20) (actual time=4470.059..4470.059 rows=0 loops=1)
   ->  Incremental Sort  (cost=1.05..812414.09 rows=9999939 width=20) (actual time=0.105..4251.441 rows=10000000 loops=1)
         Sort Key: s_3.a, s_3.b, s_3.c, s_3.d
         Presorted Key: s_3.a, s_3.b, s_3.c
         Sort Method: quicksort  Memory: 29kB
         Sort Groups: 270992
         ->  Index Scan using s_3_a_b_c_idx on s_3  (cost=0.43..451319.90 rows=9999939 width=20) (actual time=0.046..1505.995 rows=10000000 loops=1)
 Planning time: 0.300 ms
 Execution time: 4470.084 ms
(9 rows)

===== 220 [Wed Mar  7 11:36:59 CET 2018] scale:10000000 groups:100 work_mem:256MB incremental:on max_workers:2 =====
SELECT * FROM s_4 ORDER BY a, b, c, d, e
                                                                      QUERY PLAN                                                                       
-------------------------------------------------------------------------------------------------------------------------------------------------------
 Limit  (cost=912413.48..912413.48 rows=1 width=20) (actual time=3600.846..3600.846 rows=0 loops=1)
   ->  Incremental Sort  (cost=1.05..812414.09 rows=9999939 width=20) (actual time=0.100..3379.425 rows=10000000 loops=1)
         Sort Key: s_4.a, s_4.b, s_4.c, s_4.d, s_4.e
         Presorted Key: s_4.a, s_4.b, s_4.c, s_4.d
         Sort Method: quicksort  Memory: 27kB
         Sort Groups: 312024
         ->  Index Scan using s_4_a_b_c_d_idx on s_4  (cost=0.43..451319.90 rows=9999939 width=20) (actual time=0.047..1502.358 rows=10000000 loops=1)
 Planning time: 0.306 ms
 Execution time: 3600.871 ms
(9 rows)

===== 221 [Wed Mar  7 11:37:15 CET 2018] scale:10000000 groups:100 work_mem:256MB incremental:off max_workers:2 =====
SELECT * FROM s_1 ORDER BY a, b
                                                                 QUERY PLAN                                                                 
--------------------------------------------------------------------------------------------------------------------------------------------
 Limit  (cost=1620109.99..1620109.99 rows=1 width=20) (actual time=3690.723..3690.723 rows=0 loops=1)
   ->  Gather Merge  (cost=564493.06..1536777.17 rows=8333282 width=20) (actual time=1757.779..3456.468 rows=10000000 loops=1)
         Workers Planned: 2
         Workers Launched: 2
         ->  Sort  (cost=563493.04..573909.64 rows=4166641 width=20) (actual time=1751.483..2024.677 rows=3333333 loops=3)
               Sort Key: s_1.a, s_1.b
               Sort Method: external merge  Disk: 98176kB
               Worker 0:  Sort Method: external merge  Disk: 97456kB
               Worker 1:  Sort Method: external merge  Disk: 97928kB
               ->  Parallel Seq Scan on s_1  (cost=0.00..105361.41 rows=4166641 width=20) (actual time=0.016..243.612 rows=3333333 loops=3)
 Planning time: 0.252 ms
 Execution time: 3718.783 ms
(12 rows)

===== 222 [Wed Mar  7 11:37:34 CET 2018] scale:10000000 groups:100 work_mem:256MB incremental:off max_workers:2 =====
SELECT * FROM s_2 ORDER BY a, b, c
                                                                 QUERY PLAN                                                                 
--------------------------------------------------------------------------------------------------------------------------------------------
 Limit  (cost=1620128.26..1620128.26 rows=1 width=20) (actual time=4328.146..4328.146 rows=0 loops=1)
   ->  Gather Merge  (cost=564499.16..1536794.48 rows=8333378 width=20) (actual time=2003.090..4093.503 rows=10000000 loops=1)
         Workers Planned: 2
         Workers Launched: 2
         ->  Sort  (cost=563499.14..573915.86 rows=4166689 width=20) (actual time=1998.100..2271.265 rows=3333333 loops=3)
               Sort Key: s_2.a, s_2.b, s_2.c
               Sort Method: external merge  Disk: 98040kB
               Worker 0:  Sort Method: external merge  Disk: 97432kB
               Worker 1:  Sort Method: external merge  Disk: 98088kB
               ->  Parallel Seq Scan on s_2  (cost=0.00..105361.89 rows=4166689 width=20) (actual time=0.021..243.193 rows=3333333 loops=3)
 Planning time: 0.256 ms
 Execution time: 4354.156 ms
(12 rows)

===== 223 [Wed Mar  7 11:37:57 CET 2018] scale:10000000 groups:100 work_mem:256MB incremental:off max_workers:2 =====
SELECT * FROM s_3 ORDER BY a, b, c, d
                                                                 QUERY PLAN                                                                 
--------------------------------------------------------------------------------------------------------------------------------------------
 Limit  (cost=1620109.99..1620109.99 rows=1 width=20) (actual time=4282.114..4282.114 rows=0 loops=1)
   ->  Gather Merge  (cost=564493.06..1536777.17 rows=8333282 width=20) (actual time=2123.385..4059.817 rows=10000000 loops=1)
         Workers Planned: 2
         Workers Launched: 2
         ->  Sort  (cost=563493.04..573909.64 rows=4166641 width=20) (actual time=2116.325..2390.385 rows=3333333 loops=3)
               Sort Key: s_3.a, s_3.b, s_3.c, s_3.d
               Sort Method: external merge  Disk: 97720kB
               Worker 0:  Sort Method: external merge  Disk: 98288kB
               Worker 1:  Sort Method: external merge  Disk: 97544kB
               ->  Parallel Seq Scan on s_3  (cost=0.00..105361.41 rows=4166641 width=20) (actual time=0.023..233.997 rows=3333333 loops=3)
 Planning time: 0.273 ms
 Execution time: 4311.188 ms
(12 rows)

===== 224 [Wed Mar  7 11:38:19 CET 2018] scale:10000000 groups:100 work_mem:256MB incremental:off max_workers:2 =====
SELECT * FROM s_4 ORDER BY a, b, c, d, e
                                                                 QUERY PLAN                                                                 
--------------------------------------------------------------------------------------------------------------------------------------------
 Limit  (cost=1620109.99..1620109.99 rows=1 width=20) (actual time=4021.444..4021.444 rows=0 loops=1)
   ->  Gather Merge  (cost=564493.06..1536777.17 rows=8333282 width=20) (actual time=1881.678..3799.294 rows=10000000 loops=1)
         Workers Planned: 2
         Workers Launched: 2
         ->  Sort  (cost=563493.04..573909.64 rows=4166641 width=20) (actual time=1876.928..2149.789 rows=3333333 loops=3)
               Sort Key: s_4.a, s_4.b, s_4.c, s_4.d, s_4.e
               Sort Method: external merge  Disk: 97784kB
               Worker 0:  Sort Method: external merge  Disk: 97624kB
               Worker 1:  Sort Method: external merge  Disk: 98152kB
               ->  Parallel Seq Scan on s_4  (cost=0.00..105361.41 rows=4166641 width=20) (actual time=0.008..206.452 rows=3333333 loops=3)
 Planning time: 0.262 ms
 Execution time: 4064.373 ms
(12 rows)

===== 225 [Wed Mar  7 11:40:04 CET 2018] scale:10000000 groups:1000 work_mem:4MB incremental:on max_workers:0 =====
SELECT * FROM s_1 ORDER BY a, b
                                                                   QUERY PLAN                                                                    
-------------------------------------------------------------------------------------------------------------------------------------------------
 Limit  (cost=1262712.89..1262712.89 rows=1 width=20) (actual time=5272.552..5272.552 rows=0 loops=1)
   ->  Incremental Sort  (cost=987.14..1162713.50 rows=9999939 width=20) (actual time=2.718..5056.861 rows=10000000 loops=1)
         Sort Key: s_1.a, s_1.b
         Presorted Key: s_1.a
         Sort Method: quicksort  Memory: 1193kB
         Sort Groups: 1001
         ->  Index Scan using s_1_a_idx on s_1  (cost=0.43..323385.52 rows=9999939 width=20) (actual time=0.034..1528.741 rows=10000000 loops=1)
 Planning time: 0.288 ms
 Execution time: 5272.589 ms
(9 rows)

===== 226 [Wed Mar  7 11:40:30 CET 2018] scale:10000000 groups:1000 work_mem:4MB incremental:on max_workers:0 =====
SELECT * FROM s_2 ORDER BY a, b, c
                                                                     QUERY PLAN                                                                     
----------------------------------------------------------------------------------------------------------------------------------------------------
 Limit  (cost=868084.54..868084.54 rows=1 width=20) (actual time=4051.666..4051.666 rows=0 loops=1)
   ->  Incremental Sort  (cost=1.01..768084.00 rows=10000054 width=20) (actual time=0.101..3831.777 rows=10000000 loops=1)
         Sort Key: s_2.a, s_2.b, s_2.c
         Presorted Key: s_2.a, s_2.b
         Sort Method: quicksort  Memory: 29kB
         Sort Groups: 270321
         ->  Index Scan using s_2_a_b_idx on s_2  (cost=0.43..406985.62 rows=10000054 width=20) (actual time=0.045..1479.698 rows=10000000 loops=1)
 Planning time: 0.347 ms
 Execution time: 4051.696 ms
(9 rows)

===== 227 [Wed Mar  7 11:40:49 CET 2018] scale:10000000 groups:1000 work_mem:4MB incremental:on max_workers:0 =====
SELECT * FROM s_3 ORDER BY a, b, c, d
                                                                     QUERY PLAN                                                                      
-----------------------------------------------------------------------------------------------------------------------------------------------------
 Limit  (cost=912413.48..912413.48 rows=1 width=20) (actual time=3116.559..3116.559 rows=0 loops=1)
   ->  Incremental Sort  (cost=1.05..812414.09 rows=9999939 width=20) (actual time=0.101..2897.060 rows=10000000 loops=1)
         Sort Key: s_3.a, s_3.b, s_3.c, s_3.d
         Presorted Key: s_3.a, s_3.b, s_3.c
         Sort Method: quicksort  Memory: 27kB
         Sort Groups: 312454
         ->  Index Scan using s_3_a_b_c_idx on s_3  (cost=0.43..451319.90 rows=9999939 width=20) (actual time=0.045..1518.749 rows=10000000 loops=1)
 Planning time: 0.344 ms
 Execution time: 3116.584 ms
(9 rows)

===== 228 [Wed Mar  7 11:41:02 CET 2018] scale:10000000 groups:1000 work_mem:4MB incremental:on max_workers:0 =====
SELECT * FROM s_4 ORDER BY a, b, c, d, e
                                                                      QUERY PLAN                                                                       
-------------------------------------------------------------------------------------------------------------------------------------------------------
 Limit  (cost=912413.48..912413.48 rows=1 width=20) (actual time=3063.535..3063.535 rows=0 loops=1)
   ->  Incremental Sort  (cost=1.05..812414.09 rows=9999939 width=20) (actual time=0.106..2841.626 rows=10000000 loops=1)
         Sort Key: s_4.a, s_4.b, s_4.c, s_4.d, s_4.e
         Presorted Key: s_4.a, s_4.b, s_4.c, s_4.d
         Sort Method: quicksort  Memory: 27kB
         Sort Groups: 312500
         ->  Index Scan using s_4_a_b_c_d_idx on s_4  (cost=0.43..451319.90 rows=9999939 width=20) (actual time=0.044..1521.378 rows=10000000 loops=1)
 Planning time: 0.341 ms
 Execution time: 3063.560 ms
(9 rows)

===== 229 [Wed Mar  7 11:41:15 CET 2018] scale:10000000 groups:1000 work_mem:4MB incremental:off max_workers:0 =====
SELECT * FROM s_1 ORDER BY a, b
                                                          QUERY PLAN                                                          
------------------------------------------------------------------------------------------------------------------------------
 Limit  (cost=1861518.93..1861518.93 rows=1 width=20) (actual time=6701.880..6701.880 rows=0 loops=1)
   ->  Sort  (cost=1736519.69..1761519.54 rows=9999939 width=20) (actual time=5646.119..6482.151 rows=10000000 loops=1)
         Sort Key: s_1.a, s_1.b
         Sort Method: external merge  Disk: 293600kB
         ->  Seq Scan on s_1  (cost=0.00..163694.39 rows=9999939 width=20) (actual time=0.023..652.660 rows=10000000 loops=1)
 Planning time: 0.284 ms
 Execution time: 6730.453 ms
(7 rows)

===== 230 [Wed Mar  7 11:41:51 CET 2018] scale:10000000 groups:1000 work_mem:4MB incremental:off max_workers:0 =====
SELECT * FROM s_2 ORDER BY a, b, c
                                                          QUERY PLAN                                                           
-------------------------------------------------------------------------------------------------------------------------------
 Limit  (cost=1861542.72..1861542.72 rows=1 width=20) (actual time=7036.055..7036.055 rows=0 loops=1)
   ->  Sort  (cost=1736542.04..1761542.18 rows=10000054 width=20) (actual time=5987.768..6816.021 rows=10000000 loops=1)
         Sort Key: s_2.a, s_2.b, s_2.c
         Sort Method: external merge  Disk: 293600kB
         ->  Seq Scan on s_2  (cost=0.00..163695.54 rows=10000054 width=20) (actual time=0.021..655.371 rows=10000000 loops=1)
 Planning time: 0.293 ms
 Execution time: 7064.537 ms
(7 rows)

===== 231 [Wed Mar  7 11:42:29 CET 2018] scale:10000000 groups:1000 work_mem:4MB incremental:off max_workers:0 =====
SELECT * FROM s_3 ORDER BY a, b, c, d
                                                          QUERY PLAN                                                          
------------------------------------------------------------------------------------------------------------------------------
 Limit  (cost=1861518.93..1861518.93 rows=1 width=20) (actual time=6008.545..6008.545 rows=0 loops=1)
   ->  Sort  (cost=1736519.69..1761519.54 rows=9999939 width=20) (actual time=4957.649..5788.993 rows=10000000 loops=1)
         Sort Key: s_3.a, s_3.b, s_3.c, s_3.d
         Sort Method: external merge  Disk: 293600kB
         ->  Seq Scan on s_3  (cost=0.00..163694.39 rows=9999939 width=20) (actual time=0.016..616.409 rows=10000000 loops=1)
 Planning time: 0.299 ms
 Execution time: 6037.162 ms
(7 rows)

===== 232 [Wed Mar  7 11:43:01 CET 2018] scale:10000000 groups:1000 work_mem:4MB incremental:off max_workers:0 =====
SELECT * FROM s_4 ORDER BY a, b, c, d, e
                                                          QUERY PLAN                                                          
------------------------------------------------------------------------------------------------------------------------------
 Limit  (cost=1861518.93..1861518.93 rows=1 width=20) (actual time=4639.488..4639.488 rows=0 loops=1)
   ->  Sort  (cost=1736519.69..1761519.54 rows=9999939 width=20) (actual time=3588.829..4420.294 rows=10000000 loops=1)
         Sort Key: s_4.a, s_4.b, s_4.c, s_4.d, s_4.e
         Sort Method: external merge  Disk: 293600kB
         ->  Seq Scan on s_4  (cost=0.00..163694.39 rows=9999939 width=20) (actual time=0.013..509.037 rows=10000000 loops=1)
 Planning time: 0.284 ms
 Execution time: 4668.137 ms
(7 rows)

===== 233 [Wed Mar  7 11:43:24 CET 2018] scale:10000000 groups:1000 work_mem:8MB incremental:on max_workers:0 =====
SELECT * FROM s_1 ORDER BY a, b
                                                                   QUERY PLAN                                                                    
-------------------------------------------------------------------------------------------------------------------------------------------------
 Limit  (cost=1262712.89..1262712.89 rows=1 width=20) (actual time=5267.855..5267.855 rows=0 loops=1)
   ->  Incremental Sort  (cost=987.14..1162713.50 rows=9999939 width=20) (actual time=2.818..5052.137 rows=10000000 loops=1)
         Sort Key: s_1.a, s_1.b
         Presorted Key: s_1.a
         Sort Method: quicksort  Memory: 1193kB
         Sort Groups: 1001
         ->  Index Scan using s_1_a_idx on s_1  (cost=0.43..323385.52 rows=9999939 width=20) (actual time=0.051..1524.486 rows=10000000 loops=1)
 Planning time: 0.292 ms
 Execution time: 5267.894 ms
(9 rows)

===== 234 [Wed Mar  7 11:43:50 CET 2018] scale:10000000 groups:1000 work_mem:8MB incremental:on max_workers:0 =====
SELECT * FROM s_2 ORDER BY a, b, c
                                                                     QUERY PLAN                                                                     
----------------------------------------------------------------------------------------------------------------------------------------------------
 Limit  (cost=868084.54..868084.54 rows=1 width=20) (actual time=4023.478..4023.478 rows=0 loops=1)
   ->  Incremental Sort  (cost=1.01..768084.00 rows=10000054 width=20) (actual time=0.097..3803.533 rows=10000000 loops=1)
         Sort Key: s_2.a, s_2.b, s_2.c
         Presorted Key: s_2.a, s_2.b
         Sort Method: quicksort  Memory: 29kB
         Sort Groups: 270321
         ->  Index Scan using s_2_a_b_idx on s_2  (cost=0.43..406985.62 rows=10000054 width=20) (actual time=0.044..1453.489 rows=10000000 loops=1)
 Planning time: 0.342 ms
 Execution time: 4023.502 ms
(9 rows)

===== 235 [Wed Mar  7 11:44:09 CET 2018] scale:10000000 groups:1000 work_mem:8MB incremental:on max_workers:0 =====
SELECT * FROM s_3 ORDER BY a, b, c, d
                                                                     QUERY PLAN                                                                      
-----------------------------------------------------------------------------------------------------------------------------------------------------
 Limit  (cost=912413.48..912413.48 rows=1 width=20) (actual time=3103.572..3103.572 rows=0 loops=1)
   ->  Incremental Sort  (cost=1.05..812414.09 rows=9999939 width=20) (actual time=0.103..2884.147 rows=10000000 loops=1)
         Sort Key: s_3.a, s_3.b, s_3.c, s_3.d
         Presorted Key: s_3.a, s_3.b, s_3.c
         Sort Method: quicksort  Memory: 27kB
         Sort Groups: 312454
         ->  Index Scan using s_3_a_b_c_idx on s_3  (cost=0.43..451319.90 rows=9999939 width=20) (actual time=0.051..1504.580 rows=10000000 loops=1)
 Planning time: 0.342 ms
 Execution time: 3103.596 ms
(9 rows)

===== 236 [Wed Mar  7 11:44:22 CET 2018] scale:10000000 groups:1000 work_mem:8MB incremental:on max_workers:0 =====
SELECT * FROM s_4 ORDER BY a, b, c, d, e
                                                                      QUERY PLAN                                                                       
-------------------------------------------------------------------------------------------------------------------------------------------------------
 Limit  (cost=912413.48..912413.48 rows=1 width=20) (actual time=3056.425..3056.425 rows=0 loops=1)
   ->  Incremental Sort  (cost=1.05..812414.09 rows=9999939 width=20) (actual time=0.097..2834.599 rows=10000000 loops=1)
         Sort Key: s_4.a, s_4.b, s_4.c, s_4.d, s_4.e
         Presorted Key: s_4.a, s_4.b, s_4.c, s_4.d
         Sort Method: quicksort  Memory: 27kB
         Sort Groups: 312500
         ->  Index Scan using s_4_a_b_c_d_idx on s_4  (cost=0.43..451319.90 rows=9999939 width=20) (actual time=0.041..1513.226 rows=10000000 loops=1)
 Planning time: 0.344 ms
 Execution time: 3056.449 ms
(9 rows)

===== 237 [Wed Mar  7 11:44:35 CET 2018] scale:10000000 groups:1000 work_mem:8MB incremental:off max_workers:0 =====
SELECT * FROM s_1 ORDER BY a, b
                                                          QUERY PLAN                                                          
------------------------------------------------------------------------------------------------------------------------------
 Limit  (cost=1861518.93..1861518.93 rows=1 width=20) (actual time=6215.241..6215.241 rows=0 loops=1)
   ->  Sort  (cost=1736519.69..1761519.54 rows=9999939 width=20) (actual time=5161.897..5995.766 rows=10000000 loops=1)
         Sort Key: s_1.a, s_1.b
         Sort Method: external merge  Disk: 293608kB
         ->  Seq Scan on s_1  (cost=0.00..163694.39 rows=9999939 width=20) (actual time=0.022..652.648 rows=10000000 loops=1)
 Planning time: 0.278 ms
 Execution time: 6243.968 ms
(7 rows)

===== 238 [Wed Mar  7 11:45:09 CET 2018] scale:10000000 groups:1000 work_mem:8MB incremental:off max_workers:0 =====
SELECT * FROM s_2 ORDER BY a, b, c
                                                          QUERY PLAN                                                           
-------------------------------------------------------------------------------------------------------------------------------
 Limit  (cost=1861542.72..1861542.72 rows=1 width=20) (actual time=6388.257..6388.257 rows=0 loops=1)
   ->  Sort  (cost=1736542.04..1761542.18 rows=10000054 width=20) (actual time=5340.176..6168.411 rows=10000000 loops=1)
         Sort Key: s_2.a, s_2.b, s_2.c
         Sort Method: external merge  Disk: 293608kB
         ->  Seq Scan on s_2  (cost=0.00..163695.54 rows=10000054 width=20) (actual time=0.019..649.429 rows=10000000 loops=1)
 Planning time: 0.284 ms
 Execution time: 6416.935 ms
(7 rows)

===== 239 [Wed Mar  7 11:45:43 CET 2018] scale:10000000 groups:1000 work_mem:8MB incremental:off max_workers:0 =====
SELECT * FROM s_3 ORDER BY a, b, c, d
                                                          QUERY PLAN                                                          
------------------------------------------------------------------------------------------------------------------------------
 Limit  (cost=1861518.93..1861518.93 rows=1 width=20) (actual time=5354.308..5354.308 rows=0 loops=1)
   ->  Sort  (cost=1736519.69..1761519.54 rows=9999939 width=20) (actual time=4304.593..5135.032 rows=10000000 loops=1)
         Sort Key: s_3.a, s_3.b, s_3.c, s_3.d
         Sort Method: external merge  Disk: 293608kB
         ->  Seq Scan on s_3  (cost=0.00..163694.39 rows=9999939 width=20) (actual time=0.020..614.956 rows=10000000 loops=1)
 Planning time: 0.288 ms
 Execution time: 5382.974 ms
(7 rows)

===== 240 [Wed Mar  7 11:46:11 CET 2018] scale:10000000 groups:1000 work_mem:8MB incremental:off max_workers:0 =====
SELECT * FROM s_4 ORDER BY a, b, c, d, e
                                                          QUERY PLAN                                                          
------------------------------------------------------------------------------------------------------------------------------
 Limit  (cost=1861518.93..1861518.93 rows=1 width=20) (actual time=3965.269..3965.269 rows=0 loops=1)
   ->  Sort  (cost=1736519.69..1761519.54 rows=9999939 width=20) (actual time=2911.364..3746.273 rows=10000000 loops=1)
         Sort Key: s_4.a, s_4.b, s_4.c, s_4.d, s_4.e
         Sort Method: external merge  Disk: 293608kB
         ->  Seq Scan on s_4  (cost=0.00..163694.39 rows=9999939 width=20) (actual time=0.014..509.598 rows=10000000 loops=1)
 Planning time: 0.271 ms
 Execution time: 3993.961 ms
(7 rows)

===== 241 [Wed Mar  7 11:46:31 CET 2018] scale:10000000 groups:1000 work_mem:16MB incremental:on max_workers:0 =====
SELECT * FROM s_1 ORDER BY a, b
                                                                   QUERY PLAN                                                                    
-------------------------------------------------------------------------------------------------------------------------------------------------
 Limit  (cost=1262712.89..1262712.89 rows=1 width=20) (actual time=5284.288..5284.288 rows=0 loops=1)
   ->  Incremental Sort  (cost=987.14..1162713.50 rows=9999939 width=20) (actual time=2.808..5068.238 rows=10000000 loops=1)
         Sort Key: s_1.a, s_1.b
         Presorted Key: s_1.a
         Sort Method: quicksort  Memory: 1193kB
         Sort Groups: 1001
         ->  Index Scan using s_1_a_idx on s_1  (cost=0.43..323385.52 rows=9999939 width=20) (actual time=0.053..1545.326 rows=10000000 loops=1)
 Planning time: 0.277 ms
 Execution time: 5284.326 ms
(9 rows)

===== 242 [Wed Mar  7 11:46:57 CET 2018] scale:10000000 groups:1000 work_mem:16MB incremental:on max_workers:0 =====
SELECT * FROM s_2 ORDER BY a, b, c
                                                                     QUERY PLAN                                                                     
----------------------------------------------------------------------------------------------------------------------------------------------------
 Limit  (cost=868084.54..868084.54 rows=1 width=20) (actual time=4026.077..4026.077 rows=0 loops=1)
   ->  Incremental Sort  (cost=1.01..768084.00 rows=10000054 width=20) (actual time=0.150..3806.093 rows=10000000 loops=1)
         Sort Key: s_2.a, s_2.b, s_2.c
         Presorted Key: s_2.a, s_2.b
         Sort Method: quicksort  Memory: 29kB
         Sort Groups: 270321
         ->  Index Scan using s_2_a_b_idx on s_2  (cost=0.43..406985.62 rows=10000054 width=20) (actual time=0.046..1456.045 rows=10000000 loops=1)
 Planning time: 0.330 ms
 Execution time: 4026.101 ms
(9 rows)

===== 243 [Wed Mar  7 11:47:16 CET 2018] scale:10000000 groups:1000 work_mem:16MB incremental:on max_workers:0 =====
SELECT * FROM s_3 ORDER BY a, b, c, d
                                                                     QUERY PLAN                                                                      
-----------------------------------------------------------------------------------------------------------------------------------------------------
 Limit  (cost=912413.48..912413.48 rows=1 width=20) (actual time=3102.986..3102.986 rows=0 loops=1)
   ->  Incremental Sort  (cost=1.05..812414.09 rows=9999939 width=20) (actual time=0.098..2883.601 rows=10000000 loops=1)
         Sort Key: s_3.a, s_3.b, s_3.c, s_3.d
         Presorted Key: s_3.a, s_3.b, s_3.c
         Sort Method: quicksort  Memory: 27kB
         Sort Groups: 312454
         ->  Index Scan using s_3_a_b_c_idx on s_3  (cost=0.43..451319.90 rows=9999939 width=20) (actual time=0.045..1504.015 rows=10000000 loops=1)
 Planning time: 0.324 ms
 Execution time: 3103.011 ms
(9 rows)

===== 244 [Wed Mar  7 11:47:29 CET 2018] scale:10000000 groups:1000 work_mem:16MB incremental:on max_workers:0 =====
SELECT * FROM s_4 ORDER BY a, b, c, d, e
                                                                      QUERY PLAN                                                                       
-------------------------------------------------------------------------------------------------------------------------------------------------------
 Limit  (cost=912413.48..912413.48 rows=1 width=20) (actual time=3055.024..3055.024 rows=0 loops=1)
   ->  Incremental Sort  (cost=1.05..812414.09 rows=9999939 width=20) (actual time=0.167..2833.218 rows=10000000 loops=1)
         Sort Key: s_4.a, s_4.b, s_4.c, s_4.d, s_4.e
         Presorted Key: s_4.a, s_4.b, s_4.c, s_4.d
         Sort Method: quicksort  Memory: 27kB
         Sort Groups: 312500
         ->  Index Scan using s_4_a_b_c_d_idx on s_4  (cost=0.43..451319.90 rows=9999939 width=20) (actual time=0.045..1512.079 rows=10000000 loops=1)
 Planning time: 0.317 ms
 Execution time: 3055.049 ms
(9 rows)

===== 245 [Wed Mar  7 11:47:42 CET 2018] scale:10000000 groups:1000 work_mem:16MB incremental:off max_workers:0 =====
SELECT * FROM s_1 ORDER BY a, b
                                                          QUERY PLAN                                                          
------------------------------------------------------------------------------------------------------------------------------
 Limit  (cost=1656439.93..1656439.93 rows=1 width=20) (actual time=5619.975..5619.975 rows=0 loops=1)
   ->  Sort  (cost=1531440.69..1556440.54 rows=9999939 width=20) (actual time=4570.714..5401.605 rows=10000000 loops=1)
         Sort Key: s_1.a, s_1.b
         Sort Method: external merge  Disk: 293904kB
         ->  Seq Scan on s_1  (cost=0.00..163694.39 rows=9999939 width=20) (actual time=0.019..650.883 rows=10000000 loops=1)
 Planning time: 0.257 ms
 Execution time: 5648.845 ms
(7 rows)

===== 246 [Wed Mar  7 11:48:11 CET 2018] scale:10000000 groups:1000 work_mem:16MB incremental:off max_workers:0 =====
SELECT * FROM s_2 ORDER BY a, b, c
                                                          QUERY PLAN                                                           
-------------------------------------------------------------------------------------------------------------------------------
 Limit  (cost=1656460.22..1656460.22 rows=1 width=20) (actual time=5722.010..5722.010 rows=0 loops=1)
   ->  Sort  (cost=1531459.54..1556459.68 rows=10000054 width=20) (actual time=4681.873..5504.117 rows=10000000 loops=1)
         Sort Key: s_2.a, s_2.b, s_2.c
         Sort Method: external merge  Disk: 293904kB
         ->  Seq Scan on s_2  (cost=0.00..163695.54 rows=10000054 width=20) (actual time=0.022..648.762 rows=10000000 loops=1)
 Planning time: 0.272 ms
 Execution time: 5751.028 ms
(7 rows)

===== 247 [Wed Mar  7 11:48:42 CET 2018] scale:10000000 groups:1000 work_mem:16MB incremental:off max_workers:0 =====
SELECT * FROM s_3 ORDER BY a, b, c, d
                                                          QUERY PLAN                                                          
------------------------------------------------------------------------------------------------------------------------------
 Limit  (cost=1656439.93..1656439.93 rows=1 width=20) (actual time=4667.056..4667.056 rows=0 loops=1)
   ->  Sort  (cost=1531440.69..1556440.54 rows=9999939 width=20) (actual time=3624.935..4449.140 rows=10000000 loops=1)
         Sort Key: s_3.a, s_3.b, s_3.c, s_3.d
         Sort Method: external merge  Disk: 293904kB
         ->  Seq Scan on s_3  (cost=0.00..163694.39 rows=9999939 width=20) (actual time=0.017..613.544 rows=10000000 loops=1)
 Planning time: 0.281 ms
 Execution time: 4696.019 ms
(7 rows)

===== 248 [Wed Mar  7 11:49:06 CET 2018] scale:10000000 groups:1000 work_mem:16MB incremental:off max_workers:0 =====
SELECT * FROM s_4 ORDER BY a, b, c, d, e
                                                          QUERY PLAN                                                          
------------------------------------------------------------------------------------------------------------------------------
 Limit  (cost=1656439.93..1656439.93 rows=1 width=20) (actual time=3272.298..3272.298 rows=0 loops=1)
   ->  Sort  (cost=1531440.69..1556440.54 rows=9999939 width=20) (actual time=2226.448..3054.628 rows=10000000 loops=1)
         Sort Key: s_4.a, s_4.b, s_4.c, s_4.d, s_4.e
         Sort Method: external merge  Disk: 293904kB
         ->  Seq Scan on s_4  (cost=0.00..163694.39 rows=9999939 width=20) (actual time=0.011..509.194 rows=10000000 loops=1)
 Planning time: 0.257 ms
 Execution time: 3301.316 ms
(7 rows)

===== 249 [Wed Mar  7 11:49:21 CET 2018] scale:10000000 groups:1000 work_mem:32MB incremental:on max_workers:0 =====
SELECT * FROM s_1 ORDER BY a, b
                                                                   QUERY PLAN                                                                    
-------------------------------------------------------------------------------------------------------------------------------------------------
 Limit  (cost=1262712.89..1262712.89 rows=1 width=20) (actual time=5285.053..5285.053 rows=0 loops=1)
   ->  Incremental Sort  (cost=987.14..1162713.50 rows=9999939 width=20) (actual time=2.828..5069.002 rows=10000000 loops=1)
         Sort Key: s_1.a, s_1.b
         Presorted Key: s_1.a
         Sort Method: quicksort  Memory: 1193kB
         Sort Groups: 1001
         ->  Index Scan using s_1_a_idx on s_1  (cost=0.43..323385.52 rows=9999939 width=20) (actual time=0.057..1543.865 rows=10000000 loops=1)
 Planning time: 0.262 ms
 Execution time: 5285.093 ms
(9 rows)

===== 250 [Wed Mar  7 11:49:47 CET 2018] scale:10000000 groups:1000 work_mem:32MB incremental:on max_workers:0 =====
SELECT * FROM s_2 ORDER BY a, b, c
                                                                     QUERY PLAN                                                                     
----------------------------------------------------------------------------------------------------------------------------------------------------
 Limit  (cost=868084.54..868084.54 rows=1 width=20) (actual time=4023.251..4023.251 rows=0 loops=1)
   ->  Incremental Sort  (cost=1.01..768084.00 rows=10000054 width=20) (actual time=0.103..3803.336 rows=10000000 loops=1)
         Sort Key: s_2.a, s_2.b, s_2.c
         Presorted Key: s_2.a, s_2.b
         Sort Method: quicksort  Memory: 29kB
         Sort Groups: 270321
         ->  Index Scan using s_2_a_b_idx on s_2  (cost=0.43..406985.62 rows=10000054 width=20) (actual time=0.050..1453.695 rows=10000000 loops=1)
 Planning time: 0.323 ms
 Execution time: 4023.275 ms
(9 rows)

===== 251 [Wed Mar  7 11:50:06 CET 2018] scale:10000000 groups:1000 work_mem:32MB incremental:on max_workers:0 =====
SELECT * FROM s_3 ORDER BY a, b, c, d
                                                                     QUERY PLAN                                                                      
-----------------------------------------------------------------------------------------------------------------------------------------------------
 Limit  (cost=912413.48..912413.48 rows=1 width=20) (actual time=3101.671..3101.671 rows=0 loops=1)
   ->  Incremental Sort  (cost=1.05..812414.09 rows=9999939 width=20) (actual time=0.097..2882.332 rows=10000000 loops=1)
         Sort Key: s_3.a, s_3.b, s_3.c, s_3.d
         Presorted Key: s_3.a, s_3.b, s_3.c
         Sort Method: quicksort  Memory: 27kB
         Sort Groups: 312454
         ->  Index Scan using s_3_a_b_c_idx on s_3  (cost=0.43..451319.90 rows=9999939 width=20) (actual time=0.043..1502.509 rows=10000000 loops=1)
 Planning time: 0.321 ms
 Execution time: 3101.696 ms
(9 rows)

===== 252 [Wed Mar  7 11:50:19 CET 2018] scale:10000000 groups:1000 work_mem:32MB incremental:on max_workers:0 =====
SELECT * FROM s_4 ORDER BY a, b, c, d, e
                                                                      QUERY PLAN                                                                       
-------------------------------------------------------------------------------------------------------------------------------------------------------
 Limit  (cost=912413.48..912413.48 rows=1 width=20) (actual time=3051.298..3051.298 rows=0 loops=1)
   ->  Incremental Sort  (cost=1.05..812414.09 rows=9999939 width=20) (actual time=0.098..2829.558 rows=10000000 loops=1)
         Sort Key: s_4.a, s_4.b, s_4.c, s_4.d, s_4.e
         Presorted Key: s_4.a, s_4.b, s_4.c, s_4.d
         Sort Method: quicksort  Memory: 27kB
         Sort Groups: 312500
         ->  Index Scan using s_4_a_b_c_d_idx on s_4  (cost=0.43..451319.90 rows=9999939 width=20) (actual time=0.046..1508.731 rows=10000000 loops=1)
 Planning time: 0.331 ms
 Execution time: 3051.323 ms
(9 rows)

===== 253 [Wed Mar  7 11:50:32 CET 2018] scale:10000000 groups:1000 work_mem:32MB incremental:off max_workers:0 =====
SELECT * FROM s_1 ORDER BY a, b
                                                          QUERY PLAN                                                          
------------------------------------------------------------------------------------------------------------------------------
 Limit  (cost=1656439.93..1656439.93 rows=1 width=20) (actual time=5688.603..5688.603 rows=0 loops=1)
   ->  Sort  (cost=1531440.69..1556440.54 rows=9999939 width=20) (actual time=4642.918..5470.970 rows=10000000 loops=1)
         Sort Key: s_1.a, s_1.b
         Sort Method: external merge  Disk: 293576kB
         ->  Seq Scan on s_1  (cost=0.00..163694.39 rows=9999939 width=20) (actual time=0.024..649.791 rows=10000000 loops=1)
 Planning time: 0.266 ms
 Execution time: 5718.126 ms
(7 rows)

===== 254 [Wed Mar  7 11:51:02 CET 2018] scale:10000000 groups:1000 work_mem:32MB incremental:off max_workers:0 =====
SELECT * FROM s_2 ORDER BY a, b, c
                                                          QUERY PLAN                                                           
-------------------------------------------------------------------------------------------------------------------------------
 Limit  (cost=1656460.22..1656460.22 rows=1 width=20) (actual time=5743.851..5743.851 rows=0 loops=1)
   ->  Sort  (cost=1531459.54..1556459.68 rows=10000054 width=20) (actual time=4706.638..5526.070 rows=10000000 loops=1)
         Sort Key: s_2.a, s_2.b, s_2.c
         Sort Method: external merge  Disk: 293576kB
         ->  Seq Scan on s_2  (cost=0.00..163695.54 rows=10000054 width=20) (actual time=0.020..646.359 rows=10000000 loops=1)
 Planning time: 0.285 ms
 Execution time: 5773.382 ms
(7 rows)

===== 255 [Wed Mar  7 11:51:33 CET 2018] scale:10000000 groups:1000 work_mem:32MB incremental:off max_workers:0 =====
SELECT * FROM s_3 ORDER BY a, b, c, d
                                                          QUERY PLAN                                                          
------------------------------------------------------------------------------------------------------------------------------
 Limit  (cost=1656439.93..1656439.93 rows=1 width=20) (actual time=4702.808..4702.808 rows=0 loops=1)
   ->  Sort  (cost=1531440.69..1556440.54 rows=9999939 width=20) (actual time=3662.538..4485.269 rows=10000000 loops=1)
         Sort Key: s_3.a, s_3.b, s_3.c, s_3.d
         Sort Method: external merge  Disk: 293576kB
         ->  Seq Scan on s_3  (cost=0.00..163694.39 rows=9999939 width=20) (actual time=0.018..612.805 rows=10000000 loops=1)
 Planning time: 0.277 ms
 Execution time: 4732.230 ms
(7 rows)

===== 256 [Wed Mar  7 11:51:57 CET 2018] scale:10000000 groups:1000 work_mem:32MB incremental:off max_workers:0 =====
SELECT * FROM s_4 ORDER BY a, b, c, d, e
                                                          QUERY PLAN                                                          
------------------------------------------------------------------------------------------------------------------------------
 Limit  (cost=1656439.93..1656439.93 rows=1 width=20) (actual time=3330.918..3330.918 rows=0 loops=1)
   ->  Sort  (cost=1531440.69..1556440.54 rows=9999939 width=20) (actual time=2286.465..3113.355 rows=10000000 loops=1)
         Sort Key: s_4.a, s_4.b, s_4.c, s_4.d, s_4.e
         Sort Method: external merge  Disk: 293576kB
         ->  Seq Scan on s_4  (cost=0.00..163694.39 rows=9999939 width=20) (actual time=0.010..509.420 rows=10000000 loops=1)
 Planning time: 0.261 ms
 Execution time: 3360.568 ms
(7 rows)

===== 257 [Wed Mar  7 11:52:13 CET 2018] scale:10000000 groups:1000 work_mem:64MB incremental:on max_workers:0 =====
SELECT * FROM s_1 ORDER BY a, b
                                                                   QUERY PLAN                                                                    
-------------------------------------------------------------------------------------------------------------------------------------------------
 Limit  (cost=1262712.89..1262712.89 rows=1 width=20) (actual time=5204.169..5204.169 rows=0 loops=1)
   ->  Incremental Sort  (cost=987.14..1162713.50 rows=9999939 width=20) (actual time=2.760..4987.628 rows=10000000 loops=1)
         Sort Key: s_1.a, s_1.b
         Presorted Key: s_1.a
         Sort Method: quicksort  Memory: 1193kB
         Sort Groups: 1001
         ->  Index Scan using s_1_a_idx on s_1  (cost=0.43..323385.52 rows=9999939 width=20) (actual time=0.052..1524.455 rows=10000000 loops=1)
 Planning time: 0.273 ms
 Execution time: 5204.207 ms
(9 rows)

===== 258 [Wed Mar  7 11:52:39 CET 2018] scale:10000000 groups:1000 work_mem:64MB incremental:on max_workers:0 =====
SELECT * FROM s_2 ORDER BY a, b, c
                                                                     QUERY PLAN                                                                     
----------------------------------------------------------------------------------------------------------------------------------------------------
 Limit  (cost=868084.54..868084.54 rows=1 width=20) (actual time=4022.924..4022.924 rows=0 loops=1)
   ->  Incremental Sort  (cost=1.01..768084.00 rows=10000054 width=20) (actual time=0.095..3802.977 rows=10000000 loops=1)
         Sort Key: s_2.a, s_2.b, s_2.c
         Presorted Key: s_2.a, s_2.b
         Sort Method: quicksort  Memory: 29kB
         Sort Groups: 270321
         ->  Index Scan using s_2_a_b_idx on s_2  (cost=0.43..406985.62 rows=10000054 width=20) (actual time=0.040..1452.759 rows=10000000 loops=1)
 Planning time: 0.331 ms
 Execution time: 4022.948 ms
(9 rows)

===== 259 [Wed Mar  7 11:52:58 CET 2018] scale:10000000 groups:1000 work_mem:64MB incremental:on max_workers:0 =====
SELECT * FROM s_3 ORDER BY a, b, c, d
                                                                     QUERY PLAN                                                                      
-----------------------------------------------------------------------------------------------------------------------------------------------------
 Limit  (cost=912413.48..912413.48 rows=1 width=20) (actual time=3120.000..3120.000 rows=0 loops=1)
   ->  Incremental Sort  (cost=1.05..812414.09 rows=9999939 width=20) (actual time=0.095..2898.478 rows=10000000 loops=1)
         Sort Key: s_3.a, s_3.b, s_3.c, s_3.d
         Presorted Key: s_3.a, s_3.b, s_3.c
         Sort Method: quicksort  Memory: 27kB
         Sort Groups: 312454
         ->  Index Scan using s_3_a_b_c_idx on s_3  (cost=0.43..451319.90 rows=9999939 width=20) (actual time=0.043..1499.500 rows=10000000 loops=1)
 Planning time: 0.327 ms
 Execution time: 3120.025 ms
(9 rows)

===== 260 [Wed Mar  7 11:53:11 CET 2018] scale:10000000 groups:1000 work_mem:64MB incremental:on max_workers:0 =====
SELECT * FROM s_4 ORDER BY a, b, c, d, e
                                                                      QUERY PLAN                                                                       
-------------------------------------------------------------------------------------------------------------------------------------------------------
 Limit  (cost=912413.48..912413.48 rows=1 width=20) (actual time=3030.143..3030.143 rows=0 loops=1)
   ->  Incremental Sort  (cost=1.05..812414.09 rows=9999939 width=20) (actual time=0.096..2811.196 rows=10000000 loops=1)
         Sort Key: s_4.a, s_4.b, s_4.c, s_4.d, s_4.e
         Presorted Key: s_4.a, s_4.b, s_4.c, s_4.d
         Sort Method: quicksort  Memory: 27kB
         Sort Groups: 312500
         ->  Index Scan using s_4_a_b_c_d_idx on s_4  (cost=0.43..451319.90 rows=9999939 width=20) (actual time=0.043..1506.991 rows=10000000 loops=1)
 Planning time: 0.318 ms
 Execution time: 3030.168 ms
(9 rows)

===== 261 [Wed Mar  7 11:53:24 CET 2018] scale:10000000 groups:1000 work_mem:64MB incremental:off max_workers:0 =====
SELECT * FROM s_1 ORDER BY a, b
                                                          QUERY PLAN                                                          
------------------------------------------------------------------------------------------------------------------------------
 Limit  (cost=1656439.93..1656439.93 rows=1 width=20) (actual time=5766.431..5766.431 rows=0 loops=1)
   ->  Sort  (cost=1531440.69..1556440.54 rows=9999939 width=20) (actual time=4717.889..5548.845 rows=10000000 loops=1)
         Sort Key: s_1.a, s_1.b
         Sort Method: external merge  Disk: 293648kB
         ->  Seq Scan on s_1  (cost=0.00..163694.39 rows=9999939 width=20) (actual time=0.027..650.225 rows=10000000 loops=1)
 Planning time: 0.260 ms
 Execution time: 5796.945 ms
(7 rows)

===== 262 [Wed Mar  7 11:53:54 CET 2018] scale:10000000 groups:1000 work_mem:64MB incremental:off max_workers:0 =====
SELECT * FROM s_2 ORDER BY a, b, c
                                                          QUERY PLAN                                                           
-------------------------------------------------------------------------------------------------------------------------------
 Limit  (cost=1656460.22..1656460.22 rows=1 width=20) (actual time=5856.945..5856.945 rows=0 loops=1)
   ->  Sort  (cost=1531459.54..1556459.68 rows=10000054 width=20) (actual time=4815.200..5639.266 rows=10000000 loops=1)
         Sort Key: s_2.a, s_2.b, s_2.c
         Sort Method: external merge  Disk: 293648kB
         ->  Seq Scan on s_2  (cost=0.00..163695.54 rows=10000054 width=20) (actual time=0.019..650.136 rows=10000000 loops=1)
 Planning time: 0.276 ms
 Execution time: 5887.583 ms
(7 rows)

===== 263 [Wed Mar  7 11:54:26 CET 2018] scale:10000000 groups:1000 work_mem:64MB incremental:off max_workers:0 =====
SELECT * FROM s_3 ORDER BY a, b, c, d
                                                          QUERY PLAN                                                          
------------------------------------------------------------------------------------------------------------------------------
 Limit  (cost=1656439.93..1656439.93 rows=1 width=20) (actual time=4809.357..4809.357 rows=0 loops=1)
   ->  Sort  (cost=1531440.69..1556440.54 rows=9999939 width=20) (actual time=3759.402..4591.674 rows=10000000 loops=1)
         Sort Key: s_3.a, s_3.b, s_3.c, s_3.d
         Sort Method: external merge  Disk: 293648kB
         ->  Seq Scan on s_3  (cost=0.00..163694.39 rows=9999939 width=20) (actual time=0.016..615.772 rows=10000000 loops=1)
 Planning time: 0.281 ms
 Execution time: 4839.992 ms
(7 rows)

===== 264 [Wed Mar  7 11:54:51 CET 2018] scale:10000000 groups:1000 work_mem:64MB incremental:off max_workers:0 =====
SELECT * FROM s_4 ORDER BY a, b, c, d, e
                                                          QUERY PLAN                                                          
------------------------------------------------------------------------------------------------------------------------------
 Limit  (cost=1656439.93..1656439.93 rows=1 width=20) (actual time=3461.162..3461.162 rows=0 loops=1)
   ->  Sort  (cost=1531440.69..1556440.54 rows=9999939 width=20) (actual time=2412.879..3243.662 rows=10000000 loops=1)
         Sort Key: s_4.a, s_4.b, s_4.c, s_4.d, s_4.e
         Sort Method: external merge  Disk: 293648kB
         ->  Seq Scan on s_4  (cost=0.00..163694.39 rows=9999939 width=20) (actual time=0.013..511.254 rows=10000000 loops=1)
 Planning time: 0.264 ms
 Execution time: 3491.843 ms
(7 rows)

===== 265 [Wed Mar  7 11:55:07 CET 2018] scale:10000000 groups:1000 work_mem:128MB incremental:on max_workers:0 =====
SELECT * FROM s_1 ORDER BY a, b
                                                                   QUERY PLAN                                                                    
-------------------------------------------------------------------------------------------------------------------------------------------------
 Limit  (cost=1262712.89..1262712.89 rows=1 width=20) (actual time=5291.579..5291.579 rows=0 loops=1)
   ->  Incremental Sort  (cost=987.14..1162713.50 rows=9999939 width=20) (actual time=2.797..5075.929 rows=10000000 loops=1)
         Sort Key: s_1.a, s_1.b
         Presorted Key: s_1.a
         Sort Method: quicksort  Memory: 1193kB
         Sort Groups: 1001
         ->  Index Scan using s_1_a_idx on s_1  (cost=0.43..323385.52 rows=9999939 width=20) (actual time=0.048..1546.596 rows=10000000 loops=1)
 Planning time: 0.269 ms
 Execution time: 5291.618 ms
(9 rows)

===== 266 [Wed Mar  7 11:55:33 CET 2018] scale:10000000 groups:1000 work_mem:128MB incremental:on max_workers:0 =====
SELECT * FROM s_2 ORDER BY a, b, c
                                                                     QUERY PLAN                                                                     
----------------------------------------------------------------------------------------------------------------------------------------------------
 Limit  (cost=868084.54..868084.54 rows=1 width=20) (actual time=4021.902..4021.902 rows=0 loops=1)
   ->  Incremental Sort  (cost=1.01..768084.00 rows=10000054 width=20) (actual time=0.100..3802.017 rows=10000000 loops=1)
         Sort Key: s_2.a, s_2.b, s_2.c
         Presorted Key: s_2.a, s_2.b
         Sort Method: quicksort  Memory: 29kB
         Sort Groups: 270321
         ->  Index Scan using s_2_a_b_idx on s_2  (cost=0.43..406985.62 rows=10000054 width=20) (actual time=0.051..1452.535 rows=10000000 loops=1)
 Planning time: 0.304 ms
 Execution time: 4021.926 ms
(9 rows)

===== 267 [Wed Mar  7 11:55:52 CET 2018] scale:10000000 groups:1000 work_mem:128MB incremental:on max_workers:0 =====
SELECT * FROM s_3 ORDER BY a, b, c, d
                                                                     QUERY PLAN                                                                      
-----------------------------------------------------------------------------------------------------------------------------------------------------
 Limit  (cost=912413.48..912413.48 rows=1 width=20) (actual time=3103.657..3103.657 rows=0 loops=1)
   ->  Incremental Sort  (cost=1.05..812414.09 rows=9999939 width=20) (actual time=0.103..2884.240 rows=10000000 loops=1)
         Sort Key: s_3.a, s_3.b, s_3.c, s_3.d
         Presorted Key: s_3.a, s_3.b, s_3.c
         Sort Method: quicksort  Memory: 27kB
         Sort Groups: 312454
         ->  Index Scan using s_3_a_b_c_idx on s_3  (cost=0.43..451319.90 rows=9999939 width=20) (actual time=0.056..1504.501 rows=10000000 loops=1)
 Planning time: 0.295 ms
 Execution time: 3103.681 ms
(9 rows)

===== 268 [Wed Mar  7 11:56:05 CET 2018] scale:10000000 groups:1000 work_mem:128MB incremental:on max_workers:0 =====
SELECT * FROM s_4 ORDER BY a, b, c, d, e
                                                                      QUERY PLAN                                                                       
-------------------------------------------------------------------------------------------------------------------------------------------------------
 Limit  (cost=912413.48..912413.48 rows=1 width=20) (actual time=3050.100..3050.100 rows=0 loops=1)
   ->  Incremental Sort  (cost=1.05..812414.09 rows=9999939 width=20) (actual time=0.086..2828.238 rows=10000000 loops=1)
         Sort Key: s_4.a, s_4.b, s_4.c, s_4.d, s_4.e
         Presorted Key: s_4.a, s_4.b, s_4.c, s_4.d
         Sort Method: quicksort  Memory: 27kB
         Sort Groups: 312500
         ->  Index Scan using s_4_a_b_c_d_idx on s_4  (cost=0.43..451319.90 rows=9999939 width=20) (actual time=0.039..1507.288 rows=10000000 loops=1)
 Planning time: 0.301 ms
 Execution time: 3050.124 ms
(9 rows)

===== 269 [Wed Mar  7 11:56:18 CET 2018] scale:10000000 groups:1000 work_mem:128MB incremental:off max_workers:0 =====
SELECT * FROM s_1 ORDER BY a, b
                                                          QUERY PLAN                                                          
------------------------------------------------------------------------------------------------------------------------------
 Limit  (cost=1656439.93..1656439.93 rows=1 width=20) (actual time=5893.150..5893.150 rows=0 loops=1)
   ->  Sort  (cost=1531440.69..1556440.54 rows=9999939 width=20) (actual time=4854.013..5675.782 rows=10000000 loops=1)
         Sort Key: s_1.a, s_1.b
         Sort Method: external merge  Disk: 293568kB
         ->  Seq Scan on s_1  (cost=0.00..163694.39 rows=9999939 width=20) (actual time=0.025..654.966 rows=10000000 loops=1)
 Planning time: 0.255 ms
 Execution time: 5925.360 ms
(7 rows)

===== 270 [Wed Mar  7 11:56:50 CET 2018] scale:10000000 groups:1000 work_mem:128MB incremental:off max_workers:0 =====
SELECT * FROM s_2 ORDER BY a, b, c
                                                          QUERY PLAN                                                           
-------------------------------------------------------------------------------------------------------------------------------
 Limit  (cost=1656460.22..1656460.22 rows=1 width=20) (actual time=5984.688..5984.688 rows=0 loops=1)
   ->  Sort  (cost=1531459.54..1556459.68 rows=10000054 width=20) (actual time=4952.610..5767.076 rows=10000000 loops=1)
         Sort Key: s_2.a, s_2.b, s_2.c
         Sort Method: external merge  Disk: 293568kB
         ->  Seq Scan on s_2  (cost=0.00..163695.54 rows=10000054 width=20) (actual time=0.022..655.288 rows=10000000 loops=1)
 Planning time: 0.268 ms
 Execution time: 6017.086 ms
(7 rows)

===== 271 [Wed Mar  7 11:57:22 CET 2018] scale:10000000 groups:1000 work_mem:128MB incremental:off max_workers:0 =====
SELECT * FROM s_3 ORDER BY a, b, c, d
                                                          QUERY PLAN                                                          
------------------------------------------------------------------------------------------------------------------------------
 Limit  (cost=1656439.93..1656439.93 rows=1 width=20) (actual time=4928.027..4928.027 rows=0 loops=1)
   ->  Sort  (cost=1531440.69..1556440.54 rows=9999939 width=20) (actual time=3888.249..4710.572 rows=10000000 loops=1)
         Sort Key: s_3.a, s_3.b, s_3.c, s_3.d
         Sort Method: external merge  Disk: 293568kB
         ->  Seq Scan on s_3  (cost=0.00..163694.39 rows=9999939 width=20) (actual time=0.017..619.334 rows=10000000 loops=1)
 Planning time: 0.258 ms
 Execution time: 4960.311 ms
(7 rows)

===== 272 [Wed Mar  7 11:57:47 CET 2018] scale:10000000 groups:1000 work_mem:128MB incremental:off max_workers:0 =====
SELECT * FROM s_4 ORDER BY a, b, c, d, e
                                                          QUERY PLAN                                                          
------------------------------------------------------------------------------------------------------------------------------
 Limit  (cost=1656439.93..1656439.93 rows=1 width=20) (actual time=3649.096..3649.096 rows=0 loops=1)
   ->  Sort  (cost=1531440.69..1556440.54 rows=9999939 width=20) (actual time=2610.192..3431.881 rows=10000000 loops=1)
         Sort Key: s_4.a, s_4.b, s_4.c, s_4.d, s_4.e
         Sort Method: external merge  Disk: 293568kB
         ->  Seq Scan on s_4  (cost=0.00..163694.39 rows=9999939 width=20) (actual time=0.013..517.421 rows=10000000 loops=1)
 Planning time: 0.256 ms
 Execution time: 3681.452 ms
(7 rows)

===== 273 [Wed Mar  7 11:58:05 CET 2018] scale:10000000 groups:1000 work_mem:256MB incremental:on max_workers:0 =====
SELECT * FROM s_1 ORDER BY a, b
                                                                   QUERY PLAN                                                                    
-------------------------------------------------------------------------------------------------------------------------------------------------
 Limit  (cost=1262712.89..1262712.89 rows=1 width=20) (actual time=5293.518..5293.518 rows=0 loops=1)
   ->  Incremental Sort  (cost=987.14..1162713.50 rows=9999939 width=20) (actual time=2.817..5077.845 rows=10000000 loops=1)
         Sort Key: s_1.a, s_1.b
         Presorted Key: s_1.a
         Sort Method: quicksort  Memory: 1193kB
         Sort Groups: 1001
         ->  Index Scan using s_1_a_idx on s_1  (cost=0.43..323385.52 rows=9999939 width=20) (actual time=0.051..1547.122 rows=10000000 loops=1)
 Planning time: 0.245 ms
 Execution time: 5293.557 ms
(9 rows)

===== 274 [Wed Mar  7 11:58:31 CET 2018] scale:10000000 groups:1000 work_mem:256MB incremental:on max_workers:0 =====
SELECT * FROM s_2 ORDER BY a, b, c
                                                                     QUERY PLAN                                                                     
----------------------------------------------------------------------------------------------------------------------------------------------------
 Limit  (cost=868084.54..868084.54 rows=1 width=20) (actual time=4024.428..4024.428 rows=0 loops=1)
   ->  Incremental Sort  (cost=1.01..768084.00 rows=10000054 width=20) (actual time=0.097..3804.538 rows=10000000 loops=1)
         Sort Key: s_2.a, s_2.b, s_2.c
         Presorted Key: s_2.a, s_2.b
         Sort Method: quicksort  Memory: 29kB
         Sort Groups: 270321
         ->  Index Scan using s_2_a_b_idx on s_2  (cost=0.43..406985.62 rows=10000054 width=20) (actual time=0.049..1454.184 rows=10000000 loops=1)
 Planning time: 0.323 ms
 Execution time: 4024.453 ms
(9 rows)

===== 275 [Wed Mar  7 11:58:50 CET 2018] scale:10000000 groups:1000 work_mem:256MB incremental:on max_workers:0 =====
SELECT * FROM s_3 ORDER BY a, b, c, d
                                                                     QUERY PLAN                                                                      
-----------------------------------------------------------------------------------------------------------------------------------------------------
 Limit  (cost=912413.48..912413.48 rows=1 width=20) (actual time=3103.444..3103.444 rows=0 loops=1)
   ->  Incremental Sort  (cost=1.05..812414.09 rows=9999939 width=20) (actual time=0.099..2883.972 rows=10000000 loops=1)
         Sort Key: s_3.a, s_3.b, s_3.c, s_3.d
         Presorted Key: s_3.a, s_3.b, s_3.c
         Sort Method: quicksort  Memory: 27kB
         Sort Groups: 312454
         ->  Index Scan using s_3_a_b_c_idx on s_3  (cost=0.43..451319.90 rows=9999939 width=20) (actual time=0.049..1505.793 rows=10000000 loops=1)
 Planning time: 0.309 ms
 Execution time: 3103.469 ms
(9 rows)

===== 276 [Wed Mar  7 11:59:03 CET 2018] scale:10000000 groups:1000 work_mem:256MB incremental:on max_workers:0 =====
SELECT * FROM s_4 ORDER BY a, b, c, d, e
                                                                      QUERY PLAN                                                                       
-------------------------------------------------------------------------------------------------------------------------------------------------------
 Limit  (cost=912413.48..912413.48 rows=1 width=20) (actual time=3053.550..3053.550 rows=0 loops=1)
   ->  Incremental Sort  (cost=1.05..812414.09 rows=9999939 width=20) (actual time=0.086..2831.502 rows=10000000 loops=1)
         Sort Key: s_4.a, s_4.b, s_4.c, s_4.d, s_4.e
         Presorted Key: s_4.a, s_4.b, s_4.c, s_4.d
         Sort Method: quicksort  Memory: 27kB
         Sort Groups: 312500
         ->  Index Scan using s_4_a_b_c_d_idx on s_4  (cost=0.43..451319.90 rows=9999939 width=20) (actual time=0.038..1511.313 rows=10000000 loops=1)
 Planning time: 0.314 ms
 Execution time: 3053.574 ms
(9 rows)

===== 277 [Wed Mar  7 11:59:16 CET 2018] scale:10000000 groups:1000 work_mem:256MB incremental:off max_workers:0 =====
SELECT * FROM s_1 ORDER BY a, b
                                                          QUERY PLAN                                                          
------------------------------------------------------------------------------------------------------------------------------
 Limit  (cost=1656439.93..1656439.93 rows=1 width=20) (actual time=6030.589..6030.589 rows=0 loops=1)
   ->  Sort  (cost=1531440.69..1556440.54 rows=9999939 width=20) (actual time=5065.449..5812.148 rows=10000000 loops=1)
         Sort Key: s_1.a, s_1.b
         Sort Method: external merge  Disk: 293552kB
         ->  Seq Scan on s_1  (cost=0.00..163694.39 rows=9999939 width=20) (actual time=0.023..666.693 rows=10000000 loops=1)
 Planning time: 0.252 ms
 Execution time: 6066.850 ms
(7 rows)

===== 278 [Wed Mar  7 11:59:48 CET 2018] scale:10000000 groups:1000 work_mem:256MB incremental:off max_workers:0 =====
SELECT * FROM s_2 ORDER BY a, b, c
                                                          QUERY PLAN                                                           
-------------------------------------------------------------------------------------------------------------------------------
 Limit  (cost=1656460.22..1656460.22 rows=1 width=20) (actual time=6108.012..6108.012 rows=0 loops=1)
   ->  Sort  (cost=1531459.54..1556459.68 rows=10000054 width=20) (actual time=5147.887..5889.456 rows=10000000 loops=1)
         Sort Key: s_2.a, s_2.b, s_2.c
         Sort Method: external merge  Disk: 293552kB
         ->  Seq Scan on s_2  (cost=0.00..163695.54 rows=10000054 width=20) (actual time=0.016..663.401 rows=10000000 loops=1)
 Planning time: 0.267 ms
 Execution time: 6144.536 ms
(7 rows)

===== 279 [Wed Mar  7 12:00:21 CET 2018] scale:10000000 groups:1000 work_mem:256MB incremental:off max_workers:0 =====
SELECT * FROM s_3 ORDER BY a, b, c, d
                                                          QUERY PLAN                                                          
------------------------------------------------------------------------------------------------------------------------------
 Limit  (cost=1656439.93..1656439.93 rows=1 width=20) (actual time=5073.756..5073.756 rows=0 loops=1)
   ->  Sort  (cost=1531440.69..1556440.54 rows=9999939 width=20) (actual time=4104.463..4855.503 rows=10000000 loops=1)
         Sort Key: s_3.a, s_3.b, s_3.c, s_3.d
         Sort Method: external merge  Disk: 293552kB
         ->  Seq Scan on s_3  (cost=0.00..163694.39 rows=9999939 width=20) (actual time=0.021..629.606 rows=10000000 loops=1)
 Planning time: 0.275 ms
 Execution time: 5110.295 ms
(7 rows)

===== 280 [Wed Mar  7 12:00:47 CET 2018] scale:10000000 groups:1000 work_mem:256MB incremental:off max_workers:0 =====
SELECT * FROM s_4 ORDER BY a, b, c, d, e
                                                          QUERY PLAN                                                          
------------------------------------------------------------------------------------------------------------------------------
 Limit  (cost=1656439.93..1656439.93 rows=1 width=20) (actual time=3824.488..3824.488 rows=0 loops=1)
   ->  Sort  (cost=1531440.69..1556440.54 rows=9999939 width=20) (actual time=2850.805..3606.520 rows=10000000 loops=1)
         Sort Key: s_4.a, s_4.b, s_4.c, s_4.d, s_4.e
         Sort Method: external merge  Disk: 293552kB
         ->  Seq Scan on s_4  (cost=0.00..163694.39 rows=9999939 width=20) (actual time=0.013..527.948 rows=10000000 loops=1)
 Planning time: 0.256 ms
 Execution time: 3860.858 ms
(7 rows)

===== 281 [Wed Mar  7 12:01:06 CET 2018] scale:10000000 groups:1000 work_mem:4MB incremental:on max_workers:2 =====
SELECT * FROM s_1 ORDER BY a, b
                                                                   QUERY PLAN                                                                    
-------------------------------------------------------------------------------------------------------------------------------------------------
 Limit  (cost=1262712.89..1262712.89 rows=1 width=20) (actual time=5290.075..5290.075 rows=0 loops=1)
   ->  Incremental Sort  (cost=987.14..1162713.50 rows=9999939 width=20) (actual time=2.802..5074.338 rows=10000000 loops=1)
         Sort Key: s_1.a, s_1.b
         Presorted Key: s_1.a
         Sort Method: quicksort  Memory: 1193kB
         Sort Groups: 1001
         ->  Index Scan using s_1_a_idx on s_1  (cost=0.43..323385.52 rows=9999939 width=20) (actual time=0.052..1545.156 rows=10000000 loops=1)
 Planning time: 0.271 ms
 Execution time: 5290.117 ms
(9 rows)

===== 282 [Wed Mar  7 12:01:32 CET 2018] scale:10000000 groups:1000 work_mem:4MB incremental:on max_workers:2 =====
SELECT * FROM s_2 ORDER BY a, b, c
                                                                     QUERY PLAN                                                                     
----------------------------------------------------------------------------------------------------------------------------------------------------
 Limit  (cost=868084.54..868084.54 rows=1 width=20) (actual time=4024.321..4024.321 rows=0 loops=1)
   ->  Incremental Sort  (cost=1.01..768084.00 rows=10000054 width=20) (actual time=0.101..3804.397 rows=10000000 loops=1)
         Sort Key: s_2.a, s_2.b, s_2.c
         Presorted Key: s_2.a, s_2.b
         Sort Method: quicksort  Memory: 29kB
         Sort Groups: 270321
         ->  Index Scan using s_2_a_b_idx on s_2  (cost=0.43..406985.62 rows=10000054 width=20) (actual time=0.053..1454.471 rows=10000000 loops=1)
 Planning time: 0.322 ms
 Execution time: 4024.345 ms
(9 rows)

===== 283 [Wed Mar  7 12:01:51 CET 2018] scale:10000000 groups:1000 work_mem:4MB incremental:on max_workers:2 =====
SELECT * FROM s_3 ORDER BY a, b, c, d
                                                                     QUERY PLAN                                                                      
-----------------------------------------------------------------------------------------------------------------------------------------------------
 Limit  (cost=912413.48..912413.48 rows=1 width=20) (actual time=3102.755..3102.755 rows=0 loops=1)
   ->  Incremental Sort  (cost=1.05..812414.09 rows=9999939 width=20) (actual time=0.094..2883.231 rows=10000000 loops=1)
         Sort Key: s_3.a, s_3.b, s_3.c, s_3.d
         Presorted Key: s_3.a, s_3.b, s_3.c
         Sort Method: quicksort  Memory: 27kB
         Sort Groups: 312454
         ->  Index Scan using s_3_a_b_c_idx on s_3  (cost=0.43..451319.90 rows=9999939 width=20) (actual time=0.043..1505.522 rows=10000000 loops=1)
 Planning time: 0.321 ms
 Execution time: 3102.784 ms
(9 rows)

===== 284 [Wed Mar  7 12:02:04 CET 2018] scale:10000000 groups:1000 work_mem:4MB incremental:on max_workers:2 =====
SELECT * FROM s_4 ORDER BY a, b, c, d, e
                                                                      QUERY PLAN                                                                       
-------------------------------------------------------------------------------------------------------------------------------------------------------
 Limit  (cost=912413.48..912413.48 rows=1 width=20) (actual time=3078.263..3078.263 rows=0 loops=1)
   ->  Incremental Sort  (cost=1.05..812414.09 rows=9999939 width=20) (actual time=0.087..2856.779 rows=10000000 loops=1)
         Sort Key: s_4.a, s_4.b, s_4.c, s_4.d, s_4.e
         Presorted Key: s_4.a, s_4.b, s_4.c, s_4.d
         Sort Method: quicksort  Memory: 27kB
         Sort Groups: 312500
         ->  Index Scan using s_4_a_b_c_d_idx on s_4  (cost=0.43..451319.90 rows=9999939 width=20) (actual time=0.037..1499.704 rows=10000000 loops=1)
 Planning time: 0.322 ms
 Execution time: 3078.287 ms
(9 rows)

===== 285 [Wed Mar  7 12:02:17 CET 2018] scale:10000000 groups:1000 work_mem:4MB incremental:off max_workers:2 =====
SELECT * FROM s_1 ORDER BY a, b
                                                                 QUERY PLAN                                                                 
--------------------------------------------------------------------------------------------------------------------------------------------
 Limit  (cost=1791007.99..1791007.99 rows=1 width=20) (actual time=3883.153..3883.153 rows=0 loops=1)
   ->  Gather Merge  (cost=735391.06..1707675.17 rows=8333282 width=20) (actual time=1863.398..3648.309 rows=10000000 loops=1)
         Workers Planned: 2
         Workers Launched: 2
         ->  Sort  (cost=734391.04..744807.64 rows=4166641 width=20) (actual time=1856.821..2163.730 rows=3333333 loops=3)
               Sort Key: s_1.a, s_1.b
               Sort Method: external merge  Disk: 98112kB
               Worker 0:  Sort Method: external merge  Disk: 97744kB
               Worker 1:  Sort Method: external merge  Disk: 97744kB
               ->  Parallel Seq Scan on s_1  (cost=0.00..105361.41 rows=4166641 width=20) (actual time=0.020..230.787 rows=3333333 loops=3)
 Planning time: 0.266 ms
 Execution time: 3904.724 ms
(12 rows)

===== 286 [Wed Mar  7 12:02:37 CET 2018] scale:10000000 groups:1000 work_mem:4MB incremental:off max_workers:2 =====
SELECT * FROM s_2 ORDER BY a, b, c
                                                                 QUERY PLAN                                                                 
--------------------------------------------------------------------------------------------------------------------------------------------
 Limit  (cost=1791033.26..1791033.26 rows=1 width=20) (actual time=3782.165..3782.165 rows=0 loops=1)
   ->  Gather Merge  (cost=735404.16..1707699.48 rows=8333378 width=20) (actual time=1841.025..3547.602 rows=10000000 loops=1)
         Workers Planned: 2
         Workers Launched: 2
         ->  Sort  (cost=734404.14..744820.86 rows=4166689 width=20) (actual time=1836.652..2143.418 rows=3333333 loops=3)
               Sort Key: s_2.a, s_2.b, s_2.c
               Sort Method: external merge  Disk: 98112kB
               Worker 0:  Sort Method: external merge  Disk: 97744kB
               Worker 1:  Sort Method: external merge  Disk: 97744kB
               ->  Parallel Seq Scan on s_2  (cost=0.00..105361.89 rows=4166689 width=20) (actual time=0.024..233.170 rows=3333333 loops=3)
 Planning time: 0.290 ms
 Execution time: 3802.911 ms
(12 rows)

===== 287 [Wed Mar  7 12:02:57 CET 2018] scale:10000000 groups:1000 work_mem:4MB incremental:off max_workers:2 =====
SELECT * FROM s_3 ORDER BY a, b, c, d
                                                                 QUERY PLAN                                                                 
--------------------------------------------------------------------------------------------------------------------------------------------
 Limit  (cost=1791007.99..1791007.99 rows=1 width=20) (actual time=3420.887..3420.887 rows=0 loops=1)
   ->  Gather Merge  (cost=735391.06..1707675.17 rows=8333282 width=20) (actual time=1474.030..3199.019 rows=10000000 loops=1)
         Workers Planned: 2
         Workers Launched: 2
         ->  Sort  (cost=734391.04..744807.64 rows=4166641 width=20) (actual time=1471.474..1778.554 rows=3333333 loops=3)
               Sort Key: s_3.a, s_3.b, s_3.c, s_3.d
               Sort Method: external merge  Disk: 97744kB
               Worker 0:  Sort Method: external merge  Disk: 97800kB
               Worker 1:  Sort Method: external merge  Disk: 98064kB
               ->  Parallel Seq Scan on s_3  (cost=0.00..105361.41 rows=4166641 width=20) (actual time=0.022..225.405 rows=3333333 loops=3)
 Planning time: 0.301 ms
 Execution time: 3447.794 ms
(12 rows)

===== 288 [Wed Mar  7 12:03:14 CET 2018] scale:10000000 groups:1000 work_mem:4MB incremental:off max_workers:2 =====
SELECT * FROM s_4 ORDER BY a, b, c, d, e
                                                                 QUERY PLAN                                                                 
--------------------------------------------------------------------------------------------------------------------------------------------
 Limit  (cost=1791007.99..1791007.99 rows=1 width=20) (actual time=3019.833..3019.833 rows=0 loops=1)
   ->  Gather Merge  (cost=735391.06..1707675.17 rows=8333282 width=20) (actual time=1064.747..2798.068 rows=10000000 loops=1)
         Workers Planned: 2
         Workers Launched: 2
         ->  Sort  (cost=734391.04..744807.64 rows=4166641 width=20) (actual time=1061.572..1368.365 rows=3333333 loops=3)
               Sort Key: s_4.a, s_4.b, s_4.c, s_4.d, s_4.e
               Sort Method: external merge  Disk: 98368kB
               Worker 0:  Sort Method: external merge  Disk: 97744kB
               Worker 1:  Sort Method: external merge  Disk: 97488kB
               ->  Parallel Seq Scan on s_4  (cost=0.00..105361.41 rows=4166641 width=20) (actual time=0.008..191.142 rows=3333333 loops=3)
 Planning time: 0.278 ms
 Execution time: 3057.032 ms
(12 rows)

===== 289 [Wed Mar  7 12:03:29 CET 2018] scale:10000000 groups:1000 work_mem:8MB incremental:on max_workers:2 =====
SELECT * FROM s_1 ORDER BY a, b
                                                                   QUERY PLAN                                                                    
-------------------------------------------------------------------------------------------------------------------------------------------------
 Limit  (cost=1262712.89..1262712.89 rows=1 width=20) (actual time=5292.874..5292.874 rows=0 loops=1)
   ->  Incremental Sort  (cost=987.14..1162713.50 rows=9999939 width=20) (actual time=2.799..5077.137 rows=10000000 loops=1)
         Sort Key: s_1.a, s_1.b
         Presorted Key: s_1.a
         Sort Method: quicksort  Memory: 1193kB
         Sort Groups: 1001
         ->  Index Scan using s_1_a_idx on s_1  (cost=0.43..323385.52 rows=9999939 width=20) (actual time=0.050..1548.378 rows=10000000 loops=1)
 Planning time: 0.274 ms
 Execution time: 5292.913 ms
(9 rows)

===== 290 [Wed Mar  7 12:03:55 CET 2018] scale:10000000 groups:1000 work_mem:8MB incremental:on max_workers:2 =====
SELECT * FROM s_2 ORDER BY a, b, c
                                                                     QUERY PLAN                                                                     
----------------------------------------------------------------------------------------------------------------------------------------------------
 Limit  (cost=868084.54..868084.54 rows=1 width=20) (actual time=4024.966..4024.966 rows=0 loops=1)
   ->  Incremental Sort  (cost=1.01..768084.00 rows=10000054 width=20) (actual time=0.097..3805.004 rows=10000000 loops=1)
         Sort Key: s_2.a, s_2.b, s_2.c
         Presorted Key: s_2.a, s_2.b
         Sort Method: quicksort  Memory: 29kB
         Sort Groups: 270321
         ->  Index Scan using s_2_a_b_idx on s_2  (cost=0.43..406985.62 rows=10000054 width=20) (actual time=0.047..1455.144 rows=10000000 loops=1)
 Planning time: 0.321 ms
 Execution time: 4024.990 ms
(9 rows)

===== 291 [Wed Mar  7 12:04:14 CET 2018] scale:10000000 groups:1000 work_mem:8MB incremental:on max_workers:2 =====
SELECT * FROM s_3 ORDER BY a, b, c, d
                                                                     QUERY PLAN                                                                      
-----------------------------------------------------------------------------------------------------------------------------------------------------
 Limit  (cost=912413.48..912413.48 rows=1 width=20) (actual time=3103.872..3103.872 rows=0 loops=1)
   ->  Incremental Sort  (cost=1.05..812414.09 rows=9999939 width=20) (actual time=0.096..2884.333 rows=10000000 loops=1)
         Sort Key: s_3.a, s_3.b, s_3.c, s_3.d
         Presorted Key: s_3.a, s_3.b, s_3.c
         Sort Method: quicksort  Memory: 27kB
         Sort Groups: 312454
         ->  Index Scan using s_3_a_b_c_idx on s_3  (cost=0.43..451319.90 rows=9999939 width=20) (actual time=0.046..1506.208 rows=10000000 loops=1)
 Planning time: 0.319 ms
 Execution time: 3103.897 ms
(9 rows)

===== 292 [Wed Mar  7 12:04:27 CET 2018] scale:10000000 groups:1000 work_mem:8MB incremental:on max_workers:2 =====
SELECT * FROM s_4 ORDER BY a, b, c, d, e
                                                                      QUERY PLAN                                                                       
-------------------------------------------------------------------------------------------------------------------------------------------------------
 Limit  (cost=912413.48..912413.48 rows=1 width=20) (actual time=3078.004..3078.004 rows=0 loops=1)
   ->  Incremental Sort  (cost=1.05..812414.09 rows=9999939 width=20) (actual time=0.098..2856.606 rows=10000000 loops=1)
         Sort Key: s_4.a, s_4.b, s_4.c, s_4.d, s_4.e
         Presorted Key: s_4.a, s_4.b, s_4.c, s_4.d
         Sort Method: quicksort  Memory: 27kB
         Sort Groups: 312500
         ->  Index Scan using s_4_a_b_c_d_idx on s_4  (cost=0.43..451319.90 rows=9999939 width=20) (actual time=0.050..1499.562 rows=10000000 loops=1)
 Planning time: 0.318 ms
 Execution time: 3078.029 ms
(9 rows)

===== 293 [Wed Mar  7 12:04:40 CET 2018] scale:10000000 groups:1000 work_mem:8MB incremental:off max_workers:2 =====
SELECT * FROM s_1 ORDER BY a, b
                                                                 QUERY PLAN                                                                 
--------------------------------------------------------------------------------------------------------------------------------------------
 Limit  (cost=1705558.99..1705558.99 rows=1 width=20) (actual time=3606.210..3606.210 rows=0 loops=1)
   ->  Gather Merge  (cost=649942.06..1622226.17 rows=8333282 width=20) (actual time=1655.807..3371.637 rows=10000000 loops=1)
         Workers Planned: 2
         Workers Launched: 2
         ->  Sort  (cost=648942.04..659358.64 rows=4166641 width=20) (actual time=1648.074..1953.875 rows=3333333 loops=3)
               Sort Key: s_1.a, s_1.b
               Sort Method: external merge  Disk: 98176kB
               Worker 0:  Sort Method: external merge  Disk: 97640kB
               Worker 1:  Sort Method: external merge  Disk: 97792kB
               ->  Parallel Seq Scan on s_1  (cost=0.00..105361.41 rows=4166641 width=20) (actual time=0.015..231.041 rows=3333333 loops=3)
 Planning time: 0.267 ms
 Execution time: 3628.816 ms
(12 rows)

===== 294 [Wed Mar  7 12:04:58 CET 2018] scale:10000000 groups:1000 work_mem:8MB incremental:off max_workers:2 =====
SELECT * FROM s_2 ORDER BY a, b, c
                                                                 QUERY PLAN                                                                 
--------------------------------------------------------------------------------------------------------------------------------------------
 Limit  (cost=1705580.76..1705580.76 rows=1 width=20) (actual time=3561.639..3561.639 rows=0 loops=1)
   ->  Gather Merge  (cost=649951.66..1622246.98 rows=8333378 width=20) (actual time=1622.442..3326.780 rows=10000000 loops=1)
         Workers Planned: 2
         Workers Launched: 2
         ->  Sort  (cost=648951.64..659368.36 rows=4166689 width=20) (actual time=1617.026..1923.404 rows=3333333 loops=3)
               Sort Key: s_2.a, s_2.b, s_2.c
               Sort Method: external merge  Disk: 98024kB
               Worker 0:  Sort Method: external merge  Disk: 97792kB
               Worker 1:  Sort Method: external merge  Disk: 97792kB
               ->  Parallel Seq Scan on s_2  (cost=0.00..105361.89 rows=4166689 width=20) (actual time=0.021..234.023 rows=3333333 loops=3)
 Planning time: 0.274 ms
 Execution time: 3583.272 ms
(12 rows)

===== 295 [Wed Mar  7 12:05:17 CET 2018] scale:10000000 groups:1000 work_mem:8MB incremental:off max_workers:2 =====
SELECT * FROM s_3 ORDER BY a, b, c, d
                                                                 QUERY PLAN                                                                 
--------------------------------------------------------------------------------------------------------------------------------------------
 Limit  (cost=1705558.99..1705558.99 rows=1 width=20) (actual time=3222.776..3222.776 rows=0 loops=1)
   ->  Gather Merge  (cost=649942.06..1622226.17 rows=8333282 width=20) (actual time=1258.419..3000.435 rows=10000000 loops=1)
         Workers Planned: 2
         Workers Launched: 2
         ->  Sort  (cost=648942.04..659358.64 rows=4166641 width=20) (actual time=1255.344..1561.781 rows=3333333 loops=3)
               Sort Key: s_3.a, s_3.b, s_3.c, s_3.d
               Sort Method: external merge  Disk: 97792kB
               Worker 0:  Sort Method: external merge  Disk: 98024kB
               Worker 1:  Sort Method: external merge  Disk: 97792kB
               ->  Parallel Seq Scan on s_3  (cost=0.00..105361.41 rows=4166641 width=20) (actual time=0.024..223.954 rows=3333333 loops=3)
 Planning time: 0.285 ms
 Execution time: 3248.539 ms
(12 rows)

===== 296 [Wed Mar  7 12:05:33 CET 2018] scale:10000000 groups:1000 work_mem:8MB incremental:off max_workers:2 =====
SELECT * FROM s_4 ORDER BY a, b, c, d, e
                                                                 QUERY PLAN                                                                 
--------------------------------------------------------------------------------------------------------------------------------------------
 Limit  (cost=1705558.99..1705558.99 rows=1 width=20) (actual time=2771.931..2771.931 rows=0 loops=1)
   ->  Gather Merge  (cost=649942.06..1622226.17 rows=8333282 width=20) (actual time=837.122..2550.094 rows=10000000 loops=1)
         Workers Planned: 2
         Workers Launched: 2
         ->  Sort  (cost=648942.04..659358.64 rows=4166641 width=20) (actual time=832.297..1138.470 rows=3333333 loops=3)
               Sort Key: s_4.a, s_4.b, s_4.c, s_4.d, s_4.e
               Sort Method: external merge  Disk: 97792kB
               Worker 0:  Sort Method: external merge  Disk: 99640kB
               Worker 1:  Sort Method: external merge  Disk: 96176kB
               ->  Parallel Seq Scan on s_4  (cost=0.00..105361.41 rows=4166641 width=20) (actual time=0.008..189.553 rows=3333333 loops=3)
 Planning time: 0.274 ms
 Execution time: 2807.555 ms
(12 rows)

===== 297 [Wed Mar  7 12:05:47 CET 2018] scale:10000000 groups:1000 work_mem:16MB incremental:on max_workers:2 =====
SELECT * FROM s_1 ORDER BY a, b
                                                                   QUERY PLAN                                                                    
-------------------------------------------------------------------------------------------------------------------------------------------------
 Limit  (cost=1262712.89..1262712.89 rows=1 width=20) (actual time=5293.703..5293.703 rows=0 loops=1)
   ->  Incremental Sort  (cost=987.14..1162713.50 rows=9999939 width=20) (actual time=2.800..5077.997 rows=10000000 loops=1)
         Sort Key: s_1.a, s_1.b
         Presorted Key: s_1.a
         Sort Method: quicksort  Memory: 1193kB
         Sort Groups: 1001
         ->  Index Scan using s_1_a_idx on s_1  (cost=0.43..323385.52 rows=9999939 width=20) (actual time=0.054..1548.372 rows=10000000 loops=1)
 Planning time: 0.266 ms
 Execution time: 5293.743 ms
(9 rows)

===== 298 [Wed Mar  7 12:06:13 CET 2018] scale:10000000 groups:1000 work_mem:16MB incremental:on max_workers:2 =====
SELECT * FROM s_2 ORDER BY a, b, c
                                                                     QUERY PLAN                                                                     
----------------------------------------------------------------------------------------------------------------------------------------------------
 Limit  (cost=868084.54..868084.54 rows=1 width=20) (actual time=4040.391..4040.391 rows=0 loops=1)
   ->  Incremental Sort  (cost=1.01..768084.00 rows=10000054 width=20) (actual time=0.086..3817.537 rows=10000000 loops=1)
         Sort Key: s_2.a, s_2.b, s_2.c
         Presorted Key: s_2.a, s_2.b
         Sort Method: quicksort  Memory: 29kB
         Sort Groups: 270321
         ->  Index Scan using s_2_a_b_idx on s_2  (cost=0.43..406985.62 rows=10000054 width=20) (actual time=0.035..1457.583 rows=10000000 loops=1)
 Planning time: 0.316 ms
 Execution time: 4040.416 ms
(9 rows)

===== 299 [Wed Mar  7 12:06:32 CET 2018] scale:10000000 groups:1000 work_mem:16MB incremental:on max_workers:2 =====
SELECT * FROM s_3 ORDER BY a, b, c, d
                                                                     QUERY PLAN                                                                      
-----------------------------------------------------------------------------------------------------------------------------------------------------
 Limit  (cost=912413.48..912413.48 rows=1 width=20) (actual time=3121.082..3121.082 rows=0 loops=1)
   ->  Incremental Sort  (cost=1.05..812414.09 rows=9999939 width=20) (actual time=0.095..2899.664 rows=10000000 loops=1)
         Sort Key: s_3.a, s_3.b, s_3.c, s_3.d
         Presorted Key: s_3.a, s_3.b, s_3.c
         Sort Method: quicksort  Memory: 27kB
         Sort Groups: 312454
         ->  Index Scan using s_3_a_b_c_idx on s_3  (cost=0.43..451319.90 rows=9999939 width=20) (actual time=0.043..1500.651 rows=10000000 loops=1)
 Planning time: 0.304 ms
 Execution time: 3121.106 ms
(9 rows)

===== 300 [Wed Mar  7 12:06:45 CET 2018] scale:10000000 groups:1000 work_mem:16MB incremental:on max_workers:2 =====
SELECT * FROM s_4 ORDER BY a, b, c, d, e
                                                                      QUERY PLAN                                                                       
-------------------------------------------------------------------------------------------------------------------------------------------------------
 Limit  (cost=912413.48..912413.48 rows=1 width=20) (actual time=3027.665..3027.665 rows=0 loops=1)
   ->  Incremental Sort  (cost=1.05..812414.09 rows=9999939 width=20) (actual time=0.097..2808.688 rows=10000000 loops=1)
         Sort Key: s_4.a, s_4.b, s_4.c, s_4.d, s_4.e
         Presorted Key: s_4.a, s_4.b, s_4.c, s_4.d
         Sort Method: quicksort  Memory: 27kB
         Sort Groups: 312500
         ->  Index Scan using s_4_a_b_c_d_idx on s_4  (cost=0.43..451319.90 rows=9999939 width=20) (actual time=0.042..1503.713 rows=10000000 loops=1)
 Planning time: 0.314 ms
 Execution time: 3027.691 ms
(9 rows)

===== 301 [Wed Mar  7 12:06:58 CET 2018] scale:10000000 groups:1000 work_mem:16MB incremental:off max_workers:2 =====
SELECT * FROM s_1 ORDER BY a, b
                                                          QUERY PLAN                                                          
------------------------------------------------------------------------------------------------------------------------------
 Limit  (cost=1656439.93..1656439.93 rows=1 width=20) (actual time=5618.379..5618.379 rows=0 loops=1)
   ->  Sort  (cost=1531440.69..1556440.54 rows=9999939 width=20) (actual time=4566.022..5400.096 rows=10000000 loops=1)
         Sort Key: s_1.a, s_1.b
         Sort Method: external merge  Disk: 293904kB
         ->  Seq Scan on s_1  (cost=0.00..163694.39 rows=9999939 width=20) (actual time=0.025..650.148 rows=10000000 loops=1)
 Planning time: 0.260 ms
 Execution time: 5650.827 ms
(7 rows)

===== 302 [Wed Mar  7 12:07:27 CET 2018] scale:10000000 groups:1000 work_mem:16MB incremental:off max_workers:2 =====
SELECT * FROM s_2 ORDER BY a, b, c
                                                          QUERY PLAN                                                           
-------------------------------------------------------------------------------------------------------------------------------
 Limit  (cost=1656460.22..1656460.22 rows=1 width=20) (actual time=5725.973..5725.973 rows=0 loops=1)
   ->  Sort  (cost=1531459.54..1556459.68 rows=10000054 width=20) (actual time=4682.852..5507.982 rows=10000000 loops=1)
         Sort Key: s_2.a, s_2.b, s_2.c
         Sort Method: external merge  Disk: 293904kB
         ->  Seq Scan on s_2  (cost=0.00..163695.54 rows=10000054 width=20) (actual time=0.019..648.647 rows=10000000 loops=1)
 Planning time: 0.271 ms
 Execution time: 5758.365 ms
(7 rows)

===== 303 [Wed Mar  7 12:07:58 CET 2018] scale:10000000 groups:1000 work_mem:16MB incremental:off max_workers:2 =====
SELECT * FROM s_3 ORDER BY a, b, c, d
                                                          QUERY PLAN                                                          
------------------------------------------------------------------------------------------------------------------------------
 Limit  (cost=1656439.93..1656439.93 rows=1 width=20) (actual time=4674.685..4674.685 rows=0 loops=1)
   ->  Sort  (cost=1531440.69..1556440.54 rows=9999939 width=20) (actual time=3629.164..4456.761 rows=10000000 loops=1)
         Sort Key: s_3.a, s_3.b, s_3.c, s_3.d
         Sort Method: external merge  Disk: 293904kB
         ->  Seq Scan on s_3  (cost=0.00..163694.39 rows=9999939 width=20) (actual time=0.019..613.061 rows=10000000 loops=1)
 Planning time: 0.268 ms
 Execution time: 4707.056 ms
(7 rows)

===== 304 [Wed Mar  7 12:08:22 CET 2018] scale:10000000 groups:1000 work_mem:16MB incremental:off max_workers:2 =====
SELECT * FROM s_4 ORDER BY a, b, c, d, e
                                                          QUERY PLAN                                                          
------------------------------------------------------------------------------------------------------------------------------
 Limit  (cost=1656439.93..1656439.93 rows=1 width=20) (actual time=3273.447..3273.447 rows=0 loops=1)
   ->  Sort  (cost=1531440.69..1556440.54 rows=9999939 width=20) (actual time=2224.249..3055.747 rows=10000000 loops=1)
         Sort Key: s_4.a, s_4.b, s_4.c, s_4.d, s_4.e
         Sort Method: external merge  Disk: 293904kB
         ->  Seq Scan on s_4  (cost=0.00..163694.39 rows=9999939 width=20) (actual time=0.014..508.823 rows=10000000 loops=1)
 Planning time: 0.273 ms
 Execution time: 3305.864 ms
(7 rows)

===== 305 [Wed Mar  7 12:08:37 CET 2018] scale:10000000 groups:1000 work_mem:32MB incremental:on max_workers:2 =====
SELECT * FROM s_1 ORDER BY a, b
                                                                   QUERY PLAN                                                                    
-------------------------------------------------------------------------------------------------------------------------------------------------
 Limit  (cost=1262712.89..1262712.89 rows=1 width=20) (actual time=5291.824..5291.824 rows=0 loops=1)
   ->  Incremental Sort  (cost=987.14..1162713.50 rows=9999939 width=20) (actual time=2.802..5076.136 rows=10000000 loops=1)
         Sort Key: s_1.a, s_1.b
         Presorted Key: s_1.a
         Sort Method: quicksort  Memory: 1193kB
         Sort Groups: 1001
         ->  Index Scan using s_1_a_idx on s_1  (cost=0.43..323385.52 rows=9999939 width=20) (actual time=0.047..1547.191 rows=10000000 loops=1)
 Planning time: 0.265 ms
 Execution time: 5291.865 ms
(9 rows)

===== 306 [Wed Mar  7 12:09:03 CET 2018] scale:10000000 groups:1000 work_mem:32MB incremental:on max_workers:2 =====
SELECT * FROM s_2 ORDER BY a, b, c
                                                                     QUERY PLAN                                                                     
----------------------------------------------------------------------------------------------------------------------------------------------------
 Limit  (cost=868084.54..868084.54 rows=1 width=20) (actual time=4041.268..4041.268 rows=0 loops=1)
   ->  Incremental Sort  (cost=1.01..768084.00 rows=10000054 width=20) (actual time=0.091..3818.287 rows=10000000 loops=1)
         Sort Key: s_2.a, s_2.b, s_2.c
         Presorted Key: s_2.a, s_2.b
         Sort Method: quicksort  Memory: 29kB
         Sort Groups: 270321
         ->  Index Scan using s_2_a_b_idx on s_2  (cost=0.43..406985.62 rows=10000054 width=20) (actual time=0.039..1458.504 rows=10000000 loops=1)
 Planning time: 0.327 ms
 Execution time: 4041.293 ms
(9 rows)

===== 307 [Wed Mar  7 12:09:22 CET 2018] scale:10000000 groups:1000 work_mem:32MB incremental:on max_workers:2 =====
SELECT * FROM s_3 ORDER BY a, b, c, d
                                                                     QUERY PLAN                                                                      
-----------------------------------------------------------------------------------------------------------------------------------------------------
 Limit  (cost=912413.48..912413.48 rows=1 width=20) (actual time=3121.621..3121.621 rows=0 loops=1)
   ->  Incremental Sort  (cost=1.05..812414.09 rows=9999939 width=20) (actual time=0.105..2900.134 rows=10000000 loops=1)
         Sort Key: s_3.a, s_3.b, s_3.c, s_3.d
         Presorted Key: s_3.a, s_3.b, s_3.c
         Sort Method: quicksort  Memory: 27kB
         Sort Groups: 312454
         ->  Index Scan using s_3_a_b_c_idx on s_3  (cost=0.43..451319.90 rows=9999939 width=20) (actual time=0.051..1502.018 rows=10000000 loops=1)
 Planning time: 0.310 ms
 Execution time: 3121.645 ms
(9 rows)

===== 308 [Wed Mar  7 12:09:35 CET 2018] scale:10000000 groups:1000 work_mem:32MB incremental:on max_workers:2 =====
SELECT * FROM s_4 ORDER BY a, b, c, d, e
                                                                      QUERY PLAN                                                                       
-------------------------------------------------------------------------------------------------------------------------------------------------------
 Limit  (cost=912413.48..912413.48 rows=1 width=20) (actual time=3023.870..3023.870 rows=0 loops=1)
   ->  Incremental Sort  (cost=1.05..812414.09 rows=9999939 width=20) (actual time=0.100..2804.997 rows=10000000 loops=1)
         Sort Key: s_4.a, s_4.b, s_4.c, s_4.d, s_4.e
         Presorted Key: s_4.a, s_4.b, s_4.c, s_4.d
         Sort Method: quicksort  Memory: 27kB
         Sort Groups: 312500
         ->  Index Scan using s_4_a_b_c_d_idx on s_4  (cost=0.43..451319.90 rows=9999939 width=20) (actual time=0.045..1500.669 rows=10000000 loops=1)
 Planning time: 0.318 ms
 Execution time: 3023.894 ms
(9 rows)

===== 309 [Wed Mar  7 12:09:48 CET 2018] scale:10000000 groups:1000 work_mem:32MB incremental:off max_workers:2 =====
SELECT * FROM s_1 ORDER BY a, b
                                                          QUERY PLAN                                                          
------------------------------------------------------------------------------------------------------------------------------
 Limit  (cost=1656439.93..1656439.93 rows=1 width=20) (actual time=5690.942..5690.942 rows=0 loops=1)
   ->  Sort  (cost=1531440.69..1556440.54 rows=9999939 width=20) (actual time=4643.071..5473.256 rows=10000000 loops=1)
         Sort Key: s_1.a, s_1.b
         Sort Method: external merge  Disk: 293576kB
         ->  Seq Scan on s_1  (cost=0.00..163694.39 rows=9999939 width=20) (actual time=0.020..648.700 rows=10000000 loops=1)
 Planning time: 0.261 ms
 Execution time: 5723.789 ms
(7 rows)

===== 310 [Wed Mar  7 12:10:18 CET 2018] scale:10000000 groups:1000 work_mem:32MB incremental:off max_workers:2 =====
SELECT * FROM s_2 ORDER BY a, b, c
                                                          QUERY PLAN                                                           
-------------------------------------------------------------------------------------------------------------------------------
 Limit  (cost=1656460.22..1656460.22 rows=1 width=20) (actual time=5756.693..5756.693 rows=0 loops=1)
   ->  Sort  (cost=1531459.54..1556459.68 rows=10000054 width=20) (actual time=4715.475..5538.937 rows=10000000 loops=1)
         Sort Key: s_2.a, s_2.b, s_2.c
         Sort Method: external merge  Disk: 293576kB
         ->  Seq Scan on s_2  (cost=0.00..163695.54 rows=10000054 width=20) (actual time=0.017..645.690 rows=10000000 loops=1)
 Planning time: 0.270 ms
 Execution time: 5789.623 ms
(7 rows)

===== 311 [Wed Mar  7 12:10:49 CET 2018] scale:10000000 groups:1000 work_mem:32MB incremental:off max_workers:2 =====
SELECT * FROM s_3 ORDER BY a, b, c, d
                                                          QUERY PLAN                                                          
------------------------------------------------------------------------------------------------------------------------------
 Limit  (cost=1656439.93..1656439.93 rows=1 width=20) (actual time=4708.928..4708.928 rows=0 loops=1)
   ->  Sort  (cost=1531440.69..1556440.54 rows=9999939 width=20) (actual time=3665.775..4491.275 rows=10000000 loops=1)
         Sort Key: s_3.a, s_3.b, s_3.c, s_3.d
         Sort Method: external merge  Disk: 293576kB
         ->  Seq Scan on s_3  (cost=0.00..163694.39 rows=9999939 width=20) (actual time=0.022..612.130 rows=10000000 loops=1)
 Planning time: 0.270 ms
 Execution time: 4741.901 ms
(7 rows)

===== 312 [Wed Mar  7 12:11:13 CET 2018] scale:10000000 groups:1000 work_mem:32MB incremental:off max_workers:2 =====
SELECT * FROM s_4 ORDER BY a, b, c, d, e
                                                          QUERY PLAN                                                          
------------------------------------------------------------------------------------------------------------------------------
 Limit  (cost=1656439.93..1656439.93 rows=1 width=20) (actual time=3338.842..3338.842 rows=0 loops=1)
   ->  Sort  (cost=1531440.69..1556440.54 rows=9999939 width=20) (actual time=2291.600..3121.269 rows=10000000 loops=1)
         Sort Key: s_4.a, s_4.b, s_4.c, s_4.d, s_4.e
         Sort Method: external merge  Disk: 293576kB
         ->  Seq Scan on s_4  (cost=0.00..163694.39 rows=9999939 width=20) (actual time=0.013..509.778 rows=10000000 loops=1)
 Planning time: 0.259 ms
 Execution time: 3371.785 ms
(7 rows)

===== 313 [Wed Mar  7 12:11:29 CET 2018] scale:10000000 groups:1000 work_mem:64MB incremental:on max_workers:2 =====
SELECT * FROM s_1 ORDER BY a, b
                                                                   QUERY PLAN                                                                    
-------------------------------------------------------------------------------------------------------------------------------------------------
 Limit  (cost=1262712.89..1262712.89 rows=1 width=20) (actual time=5290.316..5290.316 rows=0 loops=1)
   ->  Incremental Sort  (cost=987.14..1162713.50 rows=9999939 width=20) (actual time=2.801..5074.623 rows=10000000 loops=1)
         Sort Key: s_1.a, s_1.b
         Presorted Key: s_1.a
         Sort Method: quicksort  Memory: 1193kB
         Sort Groups: 1001
         ->  Index Scan using s_1_a_idx on s_1  (cost=0.43..323385.52 rows=9999939 width=20) (actual time=0.056..1545.691 rows=10000000 loops=1)
 Planning time: 0.270 ms
 Execution time: 5290.355 ms
(9 rows)

===== 314 [Wed Mar  7 12:11:55 CET 2018] scale:10000000 groups:1000 work_mem:64MB incremental:on max_workers:2 =====
SELECT * FROM s_2 ORDER BY a, b, c
                                                                     QUERY PLAN                                                                     
----------------------------------------------------------------------------------------------------------------------------------------------------
 Limit  (cost=868084.54..868084.54 rows=1 width=20) (actual time=4040.089..4040.089 rows=0 loops=1)
   ->  Incremental Sort  (cost=1.01..768084.00 rows=10000054 width=20) (actual time=0.105..3817.006 rows=10000000 loops=1)
         Sort Key: s_2.a, s_2.b, s_2.c
         Presorted Key: s_2.a, s_2.b
         Sort Method: quicksort  Memory: 29kB
         Sort Groups: 270321
         ->  Index Scan using s_2_a_b_idx on s_2  (cost=0.43..406985.62 rows=10000054 width=20) (actual time=0.054..1457.850 rows=10000000 loops=1)
 Planning time: 0.324 ms
 Execution time: 4040.113 ms
(9 rows)

===== 315 [Wed Mar  7 12:12:14 CET 2018] scale:10000000 groups:1000 work_mem:64MB incremental:on max_workers:2 =====
SELECT * FROM s_3 ORDER BY a, b, c, d
                                                                     QUERY PLAN                                                                      
-----------------------------------------------------------------------------------------------------------------------------------------------------
 Limit  (cost=912413.48..912413.48 rows=1 width=20) (actual time=3119.795..3119.795 rows=0 loops=1)
   ->  Incremental Sort  (cost=1.05..812414.09 rows=9999939 width=20) (actual time=0.094..2898.275 rows=10000000 loops=1)
         Sort Key: s_3.a, s_3.b, s_3.c, s_3.d
         Presorted Key: s_3.a, s_3.b, s_3.c
         Sort Method: quicksort  Memory: 27kB
         Sort Groups: 312454
         ->  Index Scan using s_3_a_b_c_idx on s_3  (cost=0.43..451319.90 rows=9999939 width=20) (actual time=0.046..1500.301 rows=10000000 loops=1)
 Planning time: 0.309 ms
 Execution time: 3119.820 ms
(9 rows)

===== 316 [Wed Mar  7 12:12:27 CET 2018] scale:10000000 groups:1000 work_mem:64MB incremental:on max_workers:2 =====
SELECT * FROM s_4 ORDER BY a, b, c, d, e
                                                                      QUERY PLAN                                                                       
-------------------------------------------------------------------------------------------------------------------------------------------------------
 Limit  (cost=912413.48..912413.48 rows=1 width=20) (actual time=3025.837..3025.837 rows=0 loops=1)
   ->  Incremental Sort  (cost=1.05..812414.09 rows=9999939 width=20) (actual time=0.110..2806.951 rows=10000000 loops=1)
         Sort Key: s_4.a, s_4.b, s_4.c, s_4.d, s_4.e
         Presorted Key: s_4.a, s_4.b, s_4.c, s_4.d
         Sort Method: quicksort  Memory: 27kB
         Sort Groups: 312500
         ->  Index Scan using s_4_a_b_c_d_idx on s_4  (cost=0.43..451319.90 rows=9999939 width=20) (actual time=0.054..1502.732 rows=10000000 loops=1)
 Planning time: 0.319 ms
 Execution time: 3025.861 ms
(9 rows)

===== 317 [Wed Mar  7 12:12:40 CET 2018] scale:10000000 groups:1000 work_mem:64MB incremental:off max_workers:2 =====
SELECT * FROM s_1 ORDER BY a, b
                                                          QUERY PLAN                                                          
------------------------------------------------------------------------------------------------------------------------------
 Limit  (cost=1656439.93..1656439.93 rows=1 width=20) (actual time=5773.251..5773.251 rows=0 loops=1)
   ->  Sort  (cost=1531440.69..1556440.54 rows=9999939 width=20) (actual time=4723.526..5555.649 rows=10000000 loops=1)
         Sort Key: s_1.a, s_1.b
         Sort Method: external merge  Disk: 293648kB
         ->  Seq Scan on s_1  (cost=0.00..163694.39 rows=9999939 width=20) (actual time=0.025..650.177 rows=10000000 loops=1)
 Planning time: 0.268 ms
 Execution time: 5807.350 ms
(7 rows)

===== 318 [Wed Mar  7 12:13:11 CET 2018] scale:10000000 groups:1000 work_mem:64MB incremental:off max_workers:2 =====
SELECT * FROM s_2 ORDER BY a, b, c
                                                          QUERY PLAN                                                           
-------------------------------------------------------------------------------------------------------------------------------
 Limit  (cost=1656460.22..1656460.22 rows=1 width=20) (actual time=5867.607..5867.607 rows=0 loops=1)
   ->  Sort  (cost=1531459.54..1556459.68 rows=10000054 width=20) (actual time=4824.598..5649.914 rows=10000000 loops=1)
         Sort Key: s_2.a, s_2.b, s_2.c
         Sort Method: external merge  Disk: 293648kB
         ->  Seq Scan on s_2  (cost=0.00..163695.54 rows=10000054 width=20) (actual time=0.019..648.761 rows=10000000 loops=1)
 Planning time: 0.265 ms
 Execution time: 5901.668 ms
(7 rows)

===== 319 [Wed Mar  7 12:13:42 CET 2018] scale:10000000 groups:1000 work_mem:64MB incremental:off max_workers:2 =====
SELECT * FROM s_3 ORDER BY a, b, c, d
                                                          QUERY PLAN                                                          
------------------------------------------------------------------------------------------------------------------------------
 Limit  (cost=1656439.93..1656439.93 rows=1 width=20) (actual time=4814.165..4814.165 rows=0 loops=1)
   ->  Sort  (cost=1531440.69..1556440.54 rows=9999939 width=20) (actual time=3764.214..4596.533 rows=10000000 loops=1)
         Sort Key: s_3.a, s_3.b, s_3.c, s_3.d
         Sort Method: external merge  Disk: 293648kB
         ->  Seq Scan on s_3  (cost=0.00..163694.39 rows=9999939 width=20) (actual time=0.017..615.141 rows=10000000 loops=1)
 Planning time: 0.280 ms
 Execution time: 4848.158 ms
(7 rows)

===== 320 [Wed Mar  7 12:14:07 CET 2018] scale:10000000 groups:1000 work_mem:64MB incremental:off max_workers:2 =====
SELECT * FROM s_4 ORDER BY a, b, c, d, e
                                                          QUERY PLAN                                                          
------------------------------------------------------------------------------------------------------------------------------
 Limit  (cost=1656439.93..1656439.93 rows=1 width=20) (actual time=3469.911..3469.911 rows=0 loops=1)
   ->  Sort  (cost=1531440.69..1556440.54 rows=9999939 width=20) (actual time=2421.007..3252.424 rows=10000000 loops=1)
         Sort Key: s_4.a, s_4.b, s_4.c, s_4.d, s_4.e
         Sort Method: external merge  Disk: 293648kB
         ->  Seq Scan on s_4  (cost=0.00..163694.39 rows=9999939 width=20) (actual time=0.023..511.848 rows=10000000 loops=1)
 Planning time: 0.266 ms
 Execution time: 3503.996 ms
(7 rows)

===== 321 [Wed Mar  7 12:14:24 CET 2018] scale:10000000 groups:1000 work_mem:128MB incremental:on max_workers:2 =====
SELECT * FROM s_1 ORDER BY a, b
                                                                   QUERY PLAN                                                                    
-------------------------------------------------------------------------------------------------------------------------------------------------
 Limit  (cost=1262712.89..1262712.89 rows=1 width=20) (actual time=5284.462..5284.462 rows=0 loops=1)
   ->  Incremental Sort  (cost=987.14..1162713.50 rows=9999939 width=20) (actual time=2.823..5068.420 rows=10000000 loops=1)
         Sort Key: s_1.a, s_1.b
         Presorted Key: s_1.a
         Sort Method: quicksort  Memory: 1193kB
         Sort Groups: 1001
         ->  Index Scan using s_1_a_idx on s_1  (cost=0.43..323385.52 rows=9999939 width=20) (actual time=0.068..1545.208 rows=10000000 loops=1)
 Planning time: 0.274 ms
 Execution time: 5284.501 ms
(9 rows)

===== 322 [Wed Mar  7 12:14:50 CET 2018] scale:10000000 groups:1000 work_mem:128MB incremental:on max_workers:2 =====
SELECT * FROM s_2 ORDER BY a, b, c
                                                                     QUERY PLAN                                                                     
----------------------------------------------------------------------------------------------------------------------------------------------------
 Limit  (cost=868084.54..868084.54 rows=1 width=20) (actual time=4023.783..4023.783 rows=0 loops=1)
   ->  Incremental Sort  (cost=1.01..768084.00 rows=10000054 width=20) (actual time=0.101..3803.888 rows=10000000 loops=1)
         Sort Key: s_2.a, s_2.b, s_2.c
         Presorted Key: s_2.a, s_2.b
         Sort Method: quicksort  Memory: 29kB
         Sort Groups: 270321
         ->  Index Scan using s_2_a_b_idx on s_2  (cost=0.43..406985.62 rows=10000054 width=20) (actual time=0.049..1454.295 rows=10000000 loops=1)
 Planning time: 0.321 ms
 Execution time: 4023.808 ms
(9 rows)

===== 323 [Wed Mar  7 12:15:09 CET 2018] scale:10000000 groups:1000 work_mem:128MB incremental:on max_workers:2 =====
SELECT * FROM s_3 ORDER BY a, b, c, d
                                                                     QUERY PLAN                                                                      
-----------------------------------------------------------------------------------------------------------------------------------------------------
 Limit  (cost=912413.48..912413.48 rows=1 width=20) (actual time=3100.643..3100.643 rows=0 loops=1)
   ->  Incremental Sort  (cost=1.05..812414.09 rows=9999939 width=20) (actual time=0.096..2881.209 rows=10000000 loops=1)
         Sort Key: s_3.a, s_3.b, s_3.c, s_3.d
         Presorted Key: s_3.a, s_3.b, s_3.c
         Sort Method: quicksort  Memory: 27kB
         Sort Groups: 312454
         ->  Index Scan using s_3_a_b_c_idx on s_3  (cost=0.43..451319.90 rows=9999939 width=20) (actual time=0.045..1501.860 rows=10000000 loops=1)
 Planning time: 0.312 ms
 Execution time: 3100.668 ms
(9 rows)

===== 324 [Wed Mar  7 12:15:22 CET 2018] scale:10000000 groups:1000 work_mem:128MB incremental:on max_workers:2 =====
SELECT * FROM s_4 ORDER BY a, b, c, d, e
                                                                      QUERY PLAN                                                                       
-------------------------------------------------------------------------------------------------------------------------------------------------------
 Limit  (cost=912413.48..912413.48 rows=1 width=20) (actual time=3078.442..3078.442 rows=0 loops=1)
   ->  Incremental Sort  (cost=1.05..812414.09 rows=9999939 width=20) (actual time=0.096..2857.115 rows=10000000 loops=1)
         Sort Key: s_4.a, s_4.b, s_4.c, s_4.d, s_4.e
         Presorted Key: s_4.a, s_4.b, s_4.c, s_4.d
         Sort Method: quicksort  Memory: 27kB
         Sort Groups: 312500
         ->  Index Scan using s_4_a_b_c_d_idx on s_4  (cost=0.43..451319.90 rows=9999939 width=20) (actual time=0.044..1499.165 rows=10000000 loops=1)
 Planning time: 0.319 ms
 Execution time: 3078.467 ms
(9 rows)

===== 325 [Wed Mar  7 12:15:35 CET 2018] scale:10000000 groups:1000 work_mem:128MB incremental:off max_workers:2 =====
SELECT * FROM s_1 ORDER BY a, b
                                                          QUERY PLAN                                                          
------------------------------------------------------------------------------------------------------------------------------
 Limit  (cost=1656439.93..1656439.93 rows=1 width=20) (actual time=5895.126..5895.126 rows=0 loops=1)
   ->  Sort  (cost=1531440.69..1556440.54 rows=9999939 width=20) (actual time=4855.013..5677.690 rows=10000000 loops=1)
         Sort Key: s_1.a, s_1.b
         Sort Method: external merge  Disk: 293568kB
         ->  Seq Scan on s_1  (cost=0.00..163694.39 rows=9999939 width=20) (actual time=0.022..654.680 rows=10000000 loops=1)
 Planning time: 0.261 ms
 Execution time: 5930.833 ms
(7 rows)

===== 326 [Wed Mar  7 12:16:06 CET 2018] scale:10000000 groups:1000 work_mem:128MB incremental:off max_workers:2 =====
SELECT * FROM s_2 ORDER BY a, b, c
                                                          QUERY PLAN                                                           
-------------------------------------------------------------------------------------------------------------------------------
 Limit  (cost=1656460.22..1656460.22 rows=1 width=20) (actual time=5981.043..5981.043 rows=0 loops=1)
   ->  Sort  (cost=1531459.54..1556459.68 rows=10000054 width=20) (actual time=4947.839..5763.395 rows=10000000 loops=1)
         Sort Key: s_2.a, s_2.b, s_2.c
         Sort Method: external merge  Disk: 293568kB
         ->  Seq Scan on s_2  (cost=0.00..163695.54 rows=10000054 width=20) (actual time=0.022..653.668 rows=10000000 loops=1)
 Planning time: 0.269 ms
 Execution time: 6016.578 ms
(7 rows)

===== 327 [Wed Mar  7 12:16:38 CET 2018] scale:10000000 groups:1000 work_mem:128MB incremental:off max_workers:2 =====
SELECT * FROM s_3 ORDER BY a, b, c, d
                                                          QUERY PLAN                                                          
------------------------------------------------------------------------------------------------------------------------------
 Limit  (cost=1656439.93..1656439.93 rows=1 width=20) (actual time=4936.118..4936.118 rows=0 loops=1)
   ->  Sort  (cost=1531440.69..1556440.54 rows=9999939 width=20) (actual time=3894.234..4718.598 rows=10000000 loops=1)
         Sort Key: s_3.a, s_3.b, s_3.c, s_3.d
         Sort Method: external merge  Disk: 293568kB
         ->  Seq Scan on s_3  (cost=0.00..163694.39 rows=9999939 width=20) (actual time=0.017..618.892 rows=10000000 loops=1)
 Planning time: 0.278 ms
 Execution time: 4971.743 ms
(7 rows)

===== 328 [Wed Mar  7 12:17:04 CET 2018] scale:10000000 groups:1000 work_mem:128MB incremental:off max_workers:2 =====
SELECT * FROM s_4 ORDER BY a, b, c, d, e
                                                          QUERY PLAN                                                          
------------------------------------------------------------------------------------------------------------------------------
 Limit  (cost=1656439.93..1656439.93 rows=1 width=20) (actual time=3656.001..3656.001 rows=0 loops=1)
   ->  Sort  (cost=1531440.69..1556440.54 rows=9999939 width=20) (actual time=2615.877..3438.804 rows=10000000 loops=1)
         Sort Key: s_4.a, s_4.b, s_4.c, s_4.d, s_4.e
         Sort Method: external merge  Disk: 293568kB
         ->  Seq Scan on s_4  (cost=0.00..163694.39 rows=9999939 width=20) (actual time=0.011..516.954 rows=10000000 loops=1)
 Planning time: 0.272 ms
 Execution time: 3691.727 ms
(7 rows)

===== 329 [Wed Mar  7 12:17:22 CET 2018] scale:10000000 groups:1000 work_mem:256MB incremental:on max_workers:2 =====
SELECT * FROM s_1 ORDER BY a, b
                                                                   QUERY PLAN                                                                    
-------------------------------------------------------------------------------------------------------------------------------------------------
 Limit  (cost=1262712.89..1262712.89 rows=1 width=20) (actual time=5290.969..5290.969 rows=0 loops=1)
   ->  Incremental Sort  (cost=987.14..1162713.50 rows=9999939 width=20) (actual time=2.808..5075.334 rows=10000000 loops=1)
         Sort Key: s_1.a, s_1.b
         Presorted Key: s_1.a
         Sort Method: quicksort  Memory: 1193kB
         Sort Groups: 1001
         ->  Index Scan using s_1_a_idx on s_1  (cost=0.43..323385.52 rows=9999939 width=20) (actual time=0.053..1546.297 rows=10000000 loops=1)
 Planning time: 0.264 ms
 Execution time: 5291.009 ms
(9 rows)

===== 330 [Wed Mar  7 12:17:48 CET 2018] scale:10000000 groups:1000 work_mem:256MB incremental:on max_workers:2 =====
SELECT * FROM s_2 ORDER BY a, b, c
                                                                     QUERY PLAN                                                                     
----------------------------------------------------------------------------------------------------------------------------------------------------
 Limit  (cost=868084.54..868084.54 rows=1 width=20) (actual time=4022.857..4022.857 rows=0 loops=1)
   ->  Incremental Sort  (cost=1.01..768084.00 rows=10000054 width=20) (actual time=0.098..3802.951 rows=10000000 loops=1)
         Sort Key: s_2.a, s_2.b, s_2.c
         Presorted Key: s_2.a, s_2.b
         Sort Method: quicksort  Memory: 29kB
         Sort Groups: 270321
         ->  Index Scan using s_2_a_b_idx on s_2  (cost=0.43..406985.62 rows=10000054 width=20) (actual time=0.046..1453.013 rows=10000000 loops=1)
 Planning time: 0.325 ms
 Execution time: 4022.883 ms
(9 rows)

===== 331 [Wed Mar  7 12:18:07 CET 2018] scale:10000000 groups:1000 work_mem:256MB incremental:on max_workers:2 =====
SELECT * FROM s_3 ORDER BY a, b, c, d
                                                                     QUERY PLAN                                                                      
-----------------------------------------------------------------------------------------------------------------------------------------------------
 Limit  (cost=912413.48..912413.48 rows=1 width=20) (actual time=3103.628..3103.628 rows=0 loops=1)
   ->  Incremental Sort  (cost=1.05..812414.09 rows=9999939 width=20) (actual time=0.101..2884.170 rows=10000000 loops=1)
         Sort Key: s_3.a, s_3.b, s_3.c, s_3.d
         Presorted Key: s_3.a, s_3.b, s_3.c
         Sort Method: quicksort  Memory: 27kB
         Sort Groups: 312454
         ->  Index Scan using s_3_a_b_c_idx on s_3  (cost=0.43..451319.90 rows=9999939 width=20) (actual time=0.051..1504.506 rows=10000000 loops=1)
 Planning time: 0.317 ms
 Execution time: 3103.653 ms
(9 rows)

===== 332 [Wed Mar  7 12:18:20 CET 2018] scale:10000000 groups:1000 work_mem:256MB incremental:on max_workers:2 =====
SELECT * FROM s_4 ORDER BY a, b, c, d, e
                                                                      QUERY PLAN                                                                       
-------------------------------------------------------------------------------------------------------------------------------------------------------
 Limit  (cost=912413.48..912413.48 rows=1 width=20) (actual time=3078.984..3078.984 rows=0 loops=1)
   ->  Incremental Sort  (cost=1.05..812414.09 rows=9999939 width=20) (actual time=0.099..2857.653 rows=10000000 loops=1)
         Sort Key: s_4.a, s_4.b, s_4.c, s_4.d, s_4.e
         Presorted Key: s_4.a, s_4.b, s_4.c, s_4.d
         Sort Method: quicksort  Memory: 27kB
         Sort Groups: 312500
         ->  Index Scan using s_4_a_b_c_d_idx on s_4  (cost=0.43..451319.90 rows=9999939 width=20) (actual time=0.045..1499.575 rows=10000000 loops=1)
 Planning time: 0.314 ms
 Execution time: 3079.008 ms
(9 rows)

===== 333 [Wed Mar  7 12:18:33 CET 2018] scale:10000000 groups:1000 work_mem:256MB incremental:off max_workers:2 =====
SELECT * FROM s_1 ORDER BY a, b
                                                                 QUERY PLAN                                                                 
--------------------------------------------------------------------------------------------------------------------------------------------
 Limit  (cost=1620109.99..1620109.99 rows=1 width=20) (actual time=3918.140..3918.140 rows=0 loops=1)
   ->  Gather Merge  (cost=564493.06..1536777.17 rows=8333282 width=20) (actual time=1868.522..3683.476 rows=10000000 loops=1)
         Workers Planned: 2
         Workers Launched: 2
         ->  Sort  (cost=563493.04..573909.64 rows=4166641 width=20) (actual time=1856.174..2129.256 rows=3333333 loops=3)
               Sort Key: s_1.a, s_1.b
               Sort Method: external merge  Disk: 98648kB
               Worker 0:  Sort Method: external merge  Disk: 97448kB
               Worker 1:  Sort Method: external merge  Disk: 97464kB
               ->  Parallel Seq Scan on s_1  (cost=0.00..105361.41 rows=4166641 width=20) (actual time=0.017..244.226 rows=3333333 loops=3)
 Planning time: 0.269 ms
 Execution time: 3946.330 ms
(12 rows)

===== 334 [Wed Mar  7 12:18:53 CET 2018] scale:10000000 groups:1000 work_mem:256MB incremental:off max_workers:2 =====
SELECT * FROM s_2 ORDER BY a, b, c
                                                                 QUERY PLAN                                                                 
--------------------------------------------------------------------------------------------------------------------------------------------
 Limit  (cost=1620128.26..1620128.26 rows=1 width=20) (actual time=3747.138..3747.138 rows=0 loops=1)
   ->  Gather Merge  (cost=564499.16..1536794.48 rows=8333378 width=20) (actual time=1802.987..3512.614 rows=10000000 loops=1)
         Workers Planned: 2
         Workers Launched: 2
         ->  Sort  (cost=563499.14..573915.86 rows=4166689 width=20) (actual time=1797.805..2069.800 rows=3333333 loops=3)
               Sort Key: s_2.a, s_2.b, s_2.c
               Sort Method: external merge  Disk: 98112kB
               Worker 0:  Sort Method: external merge  Disk: 97824kB
               Worker 1:  Sort Method: external merge  Disk: 97624kB
               ->  Parallel Seq Scan on s_2  (cost=0.00..105361.89 rows=4166689 width=20) (actual time=0.023..243.323 rows=3333333 loops=3)
 Planning time: 0.277 ms
 Execution time: 3774.384 ms
(12 rows)

===== 335 [Wed Mar  7 12:19:12 CET 2018] scale:10000000 groups:1000 work_mem:256MB incremental:off max_workers:2 =====
SELECT * FROM s_3 ORDER BY a, b, c, d
                                                                 QUERY PLAN                                                                 
--------------------------------------------------------------------------------------------------------------------------------------------
 Limit  (cost=1620109.99..1620109.99 rows=1 width=20) (actual time=3363.583..3363.583 rows=0 loops=1)
   ->  Gather Merge  (cost=564493.06..1536777.17 rows=8333282 width=20) (actual time=1441.348..3142.647 rows=10000000 loops=1)
         Workers Planned: 2
         Workers Launched: 2
         ->  Sort  (cost=563493.04..573909.64 rows=4166641 width=20) (actual time=1439.417..1712.405 rows=3333333 loops=3)
               Sort Key: s_3.a, s_3.b, s_3.c, s_3.d
               Sort Method: external merge  Disk: 97696kB
               Worker 0:  Sort Method: external merge  Disk: 97992kB
               Worker 1:  Sort Method: external merge  Disk: 97872kB
               ->  Parallel Seq Scan on s_3  (cost=0.00..105361.41 rows=4166641 width=20) (actual time=0.024..233.706 rows=3333333 loops=3)
 Planning time: 0.283 ms
 Execution time: 3395.052 ms
(12 rows)

===== 336 [Wed Mar  7 12:19:29 CET 2018] scale:10000000 groups:1000 work_mem:256MB incremental:off max_workers:2 =====
SELECT * FROM s_4 ORDER BY a, b, c, d, e
                                                                 QUERY PLAN                                                                 
--------------------------------------------------------------------------------------------------------------------------------------------
 Limit  (cost=1620109.99..1620109.99 rows=1 width=20) (actual time=3016.168..3016.168 rows=0 loops=1)
   ->  Gather Merge  (cost=564493.06..1536777.17 rows=8333282 width=20) (actual time=1103.613..2795.383 rows=10000000 loops=1)
         Workers Planned: 2
         Workers Launched: 2
         ->  Sort  (cost=563493.04..573909.64 rows=4166641 width=20) (actual time=1091.740..1364.740 rows=3333333 loops=3)
               Sort Key: s_4.a, s_4.b, s_4.c, s_4.d, s_4.e
               Sort Method: external merge  Disk: 102144kB
               Worker 0:  Sort Method: external merge  Disk: 96816kB
               Worker 1:  Sort Method: external merge  Disk: 94600kB
               ->  Parallel Seq Scan on s_4  (cost=0.00..105361.41 rows=4166641 width=20) (actual time=0.008..205.665 rows=3333333 loops=3)
 Planning time: 0.270 ms
 Execution time: 3058.001 ms
(12 rows)

===== 337 [Wed Mar  7 12:21:02 CET 2018] scale:10000000 groups:10000 work_mem:4MB incremental:on max_workers:0 =====
SELECT * FROM s_1 ORDER BY a, b
                                                                    QUERY PLAN                                                                    
--------------------------------------------------------------------------------------------------------------------------------------------------
 Limit  (cost=1100404.66..1100404.66 rows=1 width=20) (actual time=4893.205..4893.205 rows=0 loops=1)
   ->  Incremental Sort  (cost=87.10..1000404.12 rows=10000054 width=20) (actual time=0.334..4676.408 rows=10000000 loops=1)
         Sort Key: s_1.a, s_1.b
         Presorted Key: s_1.a
         Sort Method: quicksort  Memory: 135kB
         Sort Groups: 10001
         ->  Index Scan using s_1_a_idx on s_1  (cost=0.43..323387.25 rows=10000054 width=20) (actual time=0.044..1465.711 rows=10000000 loops=1)
 Planning time: 0.279 ms
 Execution time: 4893.249 ms
(9 rows)

===== 338 [Wed Mar  7 12:21:26 CET 2018] scale:10000000 groups:10000 work_mem:4MB incremental:on max_workers:0 =====
SELECT * FROM s_2 ORDER BY a, b, c
                                                                     QUERY PLAN                                                                     
----------------------------------------------------------------------------------------------------------------------------------------------------
 Limit  (cost=868084.54..868084.54 rows=1 width=20) (actual time=3196.378..3196.378 rows=0 loops=1)
   ->  Incremental Sort  (cost=1.01..768084.00 rows=10000054 width=20) (actual time=0.097..2976.403 rows=10000000 loops=1)
         Sort Key: s_2.a, s_2.b, s_2.c
         Presorted Key: s_2.a, s_2.b
         Sort Method: quicksort  Memory: 27kB
         Sort Groups: 312011
         ->  Index Scan using s_2_a_b_idx on s_2  (cost=0.43..406985.62 rows=10000054 width=20) (actual time=0.049..1476.601 rows=10000000 loops=1)
 Planning time: 0.331 ms
 Execution time: 3196.406 ms
(9 rows)

===== 339 [Wed Mar  7 12:21:40 CET 2018] scale:10000000 groups:10000 work_mem:4MB incremental:on max_workers:0 =====
SELECT * FROM s_3 ORDER BY a, b, c, d
                                                                      QUERY PLAN                                                                      
------------------------------------------------------------------------------------------------------------------------------------------------------
 Limit  (cost=912420.54..912420.54 rows=1 width=20) (actual time=3018.269..3018.269 rows=0 loops=1)
   ->  Incremental Sort  (cost=1.05..812420.00 rows=10000054 width=20) (actual time=0.109..2796.728 rows=10000000 loops=1)
         Sort Key: s_3.a, s_3.b, s_3.c, s_3.d
         Presorted Key: s_3.a, s_3.b, s_3.c
         Sort Method: quicksort  Memory: 27kB
         Sort Groups: 312500
         ->  Index Scan using s_3_a_b_c_idx on s_3  (cost=0.43..451321.62 rows=10000054 width=20) (actual time=0.050..1510.755 rows=10000000 loops=1)
 Planning time: 0.329 ms
 Execution time: 3018.293 ms
(9 rows)

===== 340 [Wed Mar  7 12:21:52 CET 2018] scale:10000000 groups:10000 work_mem:4MB incremental:on max_workers:0 =====
SELECT * FROM s_4 ORDER BY a, b, c, d, e
                                                                      QUERY PLAN                                                                       
-------------------------------------------------------------------------------------------------------------------------------------------------------
 Limit  (cost=912413.48..912413.48 rows=1 width=20) (actual time=2980.858..2980.858 rows=0 loops=1)
   ->  Incremental Sort  (cost=1.05..812414.09 rows=9999939 width=20) (actual time=0.107..2761.923 rows=10000000 loops=1)
         Sort Key: s_4.a, s_4.b, s_4.c, s_4.d, s_4.e
         Presorted Key: s_4.a, s_4.b, s_4.c, s_4.d
         Sort Method: quicksort  Memory: 27kB
         Sort Groups: 312500
         ->  Index Scan using s_4_a_b_c_d_idx on s_4  (cost=0.43..451319.90 rows=9999939 width=20) (actual time=0.048..1520.022 rows=10000000 loops=1)
 Planning time: 0.316 ms
 Execution time: 2980.883 ms
(9 rows)

===== 341 [Wed Mar  7 12:22:05 CET 2018] scale:10000000 groups:10000 work_mem:4MB incremental:off max_workers:0 =====
SELECT * FROM s_1 ORDER BY a, b
                                                          QUERY PLAN                                                           
-------------------------------------------------------------------------------------------------------------------------------
 Limit  (cost=1861542.72..1861542.72 rows=1 width=20) (actual time=6802.031..6802.031 rows=0 loops=1)
   ->  Sort  (cost=1736542.04..1761542.18 rows=10000054 width=20) (actual time=5753.530..6582.383 rows=10000000 loops=1)
         Sort Key: s_1.a, s_1.b
         Sort Method: external merge  Disk: 293600kB
         ->  Seq Scan on s_1  (cost=0.00..163695.54 rows=10000054 width=20) (actual time=0.016..655.248 rows=10000000 loops=1)
 Planning time: 0.256 ms
 Execution time: 6829.978 ms
(7 rows)

===== 342 [Wed Mar  7 12:22:42 CET 2018] scale:10000000 groups:10000 work_mem:4MB incremental:off max_workers:0 =====
SELECT * FROM s_2 ORDER BY a, b, c
                                                          QUERY PLAN                                                           
-------------------------------------------------------------------------------------------------------------------------------
 Limit  (cost=1861542.72..1861542.72 rows=1 width=20) (actual time=6016.060..6016.060 rows=0 loops=1)
   ->  Sort  (cost=1736542.04..1761542.18 rows=10000054 width=20) (actual time=4970.548..5796.003 rows=10000000 loops=1)
         Sort Key: s_2.a, s_2.b, s_2.c
         Sort Method: external merge  Disk: 293600kB
         ->  Seq Scan on s_2  (cost=0.00..163695.54 rows=10000054 width=20) (actual time=0.017..650.742 rows=10000000 loops=1)
 Planning time: 0.285 ms
 Execution time: 6043.949 ms
(7 rows)

===== 343 [Wed Mar  7 12:23:14 CET 2018] scale:10000000 groups:10000 work_mem:4MB incremental:off max_workers:0 =====
SELECT * FROM s_3 ORDER BY a, b, c, d
                                                          QUERY PLAN                                                           
-------------------------------------------------------------------------------------------------------------------------------
 Limit  (cost=1861542.72..1861542.72 rows=1 width=20) (actual time=4606.169..4606.169 rows=0 loops=1)
   ->  Sort  (cost=1736542.04..1761542.18 rows=10000054 width=20) (actual time=3558.103..4386.646 rows=10000000 loops=1)
         Sort Key: s_3.a, s_3.b, s_3.c, s_3.d
         Sort Method: external merge  Disk: 293600kB
         ->  Seq Scan on s_3  (cost=0.00..163695.54 rows=10000054 width=20) (actual time=0.020..616.680 rows=10000000 loops=1)
 Planning time: 0.282 ms
 Execution time: 4634.223 ms
(7 rows)

===== 344 [Wed Mar  7 12:23:37 CET 2018] scale:10000000 groups:10000 work_mem:4MB incremental:off max_workers:0 =====
SELECT * FROM s_4 ORDER BY a, b, c, d, e
                                                          QUERY PLAN                                                          
------------------------------------------------------------------------------------------------------------------------------
 Limit  (cost=1861518.93..1861518.93 rows=1 width=20) (actual time=4518.629..4518.629 rows=0 loops=1)
   ->  Sort  (cost=1736519.69..1761519.54 rows=9999939 width=20) (actual time=3470.067..4299.482 rows=10000000 loops=1)
         Sort Key: s_4.a, s_4.b, s_4.c, s_4.d, s_4.e
         Sort Method: external merge  Disk: 293600kB
         ->  Seq Scan on s_4  (cost=0.00..163694.39 rows=9999939 width=20) (actual time=0.013..509.279 rows=10000000 loops=1)
 Planning time: 0.266 ms
 Execution time: 4546.613 ms
(7 rows)

===== 345 [Wed Mar  7 12:24:00 CET 2018] scale:10000000 groups:10000 work_mem:8MB incremental:on max_workers:0 =====
SELECT * FROM s_1 ORDER BY a, b
                                                                    QUERY PLAN                                                                    
--------------------------------------------------------------------------------------------------------------------------------------------------
 Limit  (cost=1100404.66..1100404.66 rows=1 width=20) (actual time=4967.529..4967.529 rows=0 loops=1)
   ->  Incremental Sort  (cost=87.10..1000404.12 rows=10000054 width=20) (actual time=0.346..4749.814 rows=10000000 loops=1)
         Sort Key: s_1.a, s_1.b
         Presorted Key: s_1.a
         Sort Method: quicksort  Memory: 135kB
         Sort Groups: 10001
         ->  Index Scan using s_1_a_idx on s_1  (cost=0.43..323387.25 rows=10000054 width=20) (actual time=0.044..1478.634 rows=10000000 loops=1)
 Planning time: 0.264 ms
 Execution time: 4967.569 ms
(9 rows)

===== 346 [Wed Mar  7 12:24:24 CET 2018] scale:10000000 groups:10000 work_mem:8MB incremental:on max_workers:0 =====
SELECT * FROM s_2 ORDER BY a, b, c
                                                                     QUERY PLAN                                                                     
----------------------------------------------------------------------------------------------------------------------------------------------------
 Limit  (cost=868084.54..868084.54 rows=1 width=20) (actual time=3169.088..3169.088 rows=0 loops=1)
   ->  Incremental Sort  (cost=1.01..768084.00 rows=10000054 width=20) (actual time=0.099..2949.197 rows=10000000 loops=1)
         Sort Key: s_2.a, s_2.b, s_2.c
         Presorted Key: s_2.a, s_2.b
         Sort Method: quicksort  Memory: 27kB
         Sort Groups: 312011
         ->  Index Scan using s_2_a_b_idx on s_2  (cost=0.43..406985.62 rows=10000054 width=20) (actual time=0.050..1451.358 rows=10000000 loops=1)
 Planning time: 0.325 ms
 Execution time: 3169.113 ms
(9 rows)

===== 347 [Wed Mar  7 12:24:38 CET 2018] scale:10000000 groups:10000 work_mem:8MB incremental:on max_workers:0 =====
SELECT * FROM s_3 ORDER BY a, b, c, d
                                                                      QUERY PLAN                                                                      
------------------------------------------------------------------------------------------------------------------------------------------------------
 Limit  (cost=912420.54..912420.54 rows=1 width=20) (actual time=2993.149..2993.149 rows=0 loops=1)
   ->  Incremental Sort  (cost=1.05..812420.00 rows=10000054 width=20) (actual time=0.092..2773.577 rows=10000000 loops=1)
         Sort Key: s_3.a, s_3.b, s_3.c, s_3.d
         Presorted Key: s_3.a, s_3.b, s_3.c
         Sort Method: quicksort  Memory: 27kB
         Sort Groups: 312500
         ->  Index Scan using s_3_a_b_c_idx on s_3  (cost=0.43..451321.62 rows=10000054 width=20) (actual time=0.041..1503.136 rows=10000000 loops=1)
 Planning time: 0.315 ms
 Execution time: 2993.174 ms
(9 rows)

===== 348 [Wed Mar  7 12:24:51 CET 2018] scale:10000000 groups:10000 work_mem:8MB incremental:on max_workers:0 =====
SELECT * FROM s_4 ORDER BY a, b, c, d, e
                                                                      QUERY PLAN                                                                       
-------------------------------------------------------------------------------------------------------------------------------------------------------
 Limit  (cost=912413.48..912413.48 rows=1 width=20) (actual time=2989.098..2989.098 rows=0 loops=1)
   ->  Incremental Sort  (cost=1.05..812414.09 rows=9999939 width=20) (actual time=0.092..2766.986 rows=10000000 loops=1)
         Sort Key: s_4.a, s_4.b, s_4.c, s_4.d, s_4.e
         Presorted Key: s_4.a, s_4.b, s_4.c, s_4.d
         Sort Method: quicksort  Memory: 27kB
         Sort Groups: 312500
         ->  Index Scan using s_4_a_b_c_d_idx on s_4  (cost=0.43..451319.90 rows=9999939 width=20) (actual time=0.041..1511.532 rows=10000000 loops=1)
 Planning time: 0.315 ms
 Execution time: 2989.123 ms
(9 rows)

===== 349 [Wed Mar  7 12:25:03 CET 2018] scale:10000000 groups:10000 work_mem:8MB incremental:off max_workers:0 =====
SELECT * FROM s_1 ORDER BY a, b
                                                          QUERY PLAN                                                           
-------------------------------------------------------------------------------------------------------------------------------
 Limit  (cost=1861542.72..1861542.72 rows=1 width=20) (actual time=6247.081..6247.081 rows=0 loops=1)
   ->  Sort  (cost=1736542.04..1761542.18 rows=10000054 width=20) (actual time=5200.727..6027.691 rows=10000000 loops=1)
         Sort Key: s_1.a, s_1.b
         Sort Method: external merge  Disk: 293608kB
         ->  Seq Scan on s_1  (cost=0.00..163695.54 rows=10000054 width=20) (actual time=0.016..653.271 rows=10000000 loops=1)
 Planning time: 0.269 ms
 Execution time: 6275.229 ms
(7 rows)

===== 350 [Wed Mar  7 12:25:37 CET 2018] scale:10000000 groups:10000 work_mem:8MB incremental:off max_workers:0 =====
SELECT * FROM s_2 ORDER BY a, b, c
                                                          QUERY PLAN                                                           
-------------------------------------------------------------------------------------------------------------------------------
 Limit  (cost=1861542.72..1861542.72 rows=1 width=20) (actual time=5369.825..5369.825 rows=0 loops=1)
   ->  Sort  (cost=1736542.04..1761542.18 rows=10000054 width=20) (actual time=4323.105..5150.107 rows=10000000 loops=1)
         Sort Key: s_2.a, s_2.b, s_2.c
         Sort Method: external merge  Disk: 293608kB
         ->  Seq Scan on s_2  (cost=0.00..163695.54 rows=10000054 width=20) (actual time=0.019..650.261 rows=10000000 loops=1)
 Planning time: 0.283 ms
 Execution time: 5397.981 ms
(7 rows)

===== 351 [Wed Mar  7 12:26:05 CET 2018] scale:10000000 groups:10000 work_mem:8MB incremental:off max_workers:0 =====
SELECT * FROM s_3 ORDER BY a, b, c, d
                                                          QUERY PLAN                                                           
-------------------------------------------------------------------------------------------------------------------------------
 Limit  (cost=1861542.72..1861542.72 rows=1 width=20) (actual time=3889.574..3889.574 rows=0 loops=1)
   ->  Sort  (cost=1736542.04..1761542.18 rows=10000054 width=20) (actual time=2841.231..3670.332 rows=10000000 loops=1)
         Sort Key: s_3.a, s_3.b, s_3.c, s_3.d
         Sort Method: external merge  Disk: 293608kB
         ->  Seq Scan on s_3  (cost=0.00..163695.54 rows=10000054 width=20) (actual time=0.016..615.188 rows=10000000 loops=1)
 Planning time: 0.282 ms
 Execution time: 3917.901 ms
(7 rows)

===== 352 [Wed Mar  7 12:26:24 CET 2018] scale:10000000 groups:10000 work_mem:8MB incremental:off max_workers:0 =====
SELECT * FROM s_4 ORDER BY a, b, c, d, e
                                                          QUERY PLAN                                                          
------------------------------------------------------------------------------------------------------------------------------
 Limit  (cost=1861518.93..1861518.93 rows=1 width=20) (actual time=3818.752..3818.752 rows=0 loops=1)
   ->  Sort  (cost=1736519.69..1761519.54 rows=9999939 width=20) (actual time=2766.446..3599.775 rows=10000000 loops=1)
         Sort Key: s_4.a, s_4.b, s_4.c, s_4.d, s_4.e
         Sort Method: external merge  Disk: 293608kB
         ->  Seq Scan on s_4  (cost=0.00..163694.39 rows=9999939 width=20) (actual time=0.011..509.680 rows=10000000 loops=1)
 Planning time: 0.272 ms
 Execution time: 3846.984 ms
(7 rows)

===== 353 [Wed Mar  7 12:26:43 CET 2018] scale:10000000 groups:10000 work_mem:16MB incremental:on max_workers:0 =====
SELECT * FROM s_1 ORDER BY a, b
                                                                    QUERY PLAN                                                                    
--------------------------------------------------------------------------------------------------------------------------------------------------
 Limit  (cost=1100404.66..1100404.66 rows=1 width=20) (actual time=4991.155..4991.155 rows=0 loops=1)
   ->  Incremental Sort  (cost=87.10..1000404.12 rows=10000054 width=20) (actual time=0.357..4773.470 rows=10000000 loops=1)
         Sort Key: s_1.a, s_1.b
         Presorted Key: s_1.a
         Sort Method: quicksort  Memory: 135kB
         Sort Groups: 10001
         ->  Index Scan using s_1_a_idx on s_1  (cost=0.43..323387.25 rows=10000054 width=20) (actual time=0.051..1500.205 rows=10000000 loops=1)
 Planning time: 0.278 ms
 Execution time: 4991.197 ms
(9 rows)

===== 354 [Wed Mar  7 12:27:07 CET 2018] scale:10000000 groups:10000 work_mem:16MB incremental:on max_workers:0 =====
SELECT * FROM s_2 ORDER BY a, b, c
                                                                     QUERY PLAN                                                                     
----------------------------------------------------------------------------------------------------------------------------------------------------
 Limit  (cost=868084.54..868084.54 rows=1 width=20) (actual time=3191.136..3191.136 rows=0 loops=1)
   ->  Incremental Sort  (cost=1.01..768084.00 rows=10000054 width=20) (actual time=0.101..2968.017 rows=10000000 loops=1)
         Sort Key: s_2.a, s_2.b, s_2.c
         Presorted Key: s_2.a, s_2.b
         Sort Method: quicksort  Memory: 27kB
         Sort Groups: 312011
         ->  Index Scan using s_2_a_b_idx on s_2  (cost=0.43..406985.62 rows=10000054 width=20) (actual time=0.050..1457.333 rows=10000000 loops=1)
 Planning time: 0.325 ms
 Execution time: 3191.161 ms
(9 rows)

===== 355 [Wed Mar  7 12:27:21 CET 2018] scale:10000000 groups:10000 work_mem:16MB incremental:on max_workers:0 =====
SELECT * FROM s_3 ORDER BY a, b, c, d
                                                                      QUERY PLAN                                                                      
------------------------------------------------------------------------------------------------------------------------------------------------------
 Limit  (cost=912420.54..912420.54 rows=1 width=20) (actual time=3009.625..3009.625 rows=0 loops=1)
   ->  Incremental Sort  (cost=1.05..812420.00 rows=10000054 width=20) (actual time=0.099..2788.045 rows=10000000 loops=1)
         Sort Key: s_3.a, s_3.b, s_3.c, s_3.d
         Presorted Key: s_3.a, s_3.b, s_3.c
         Sort Method: quicksort  Memory: 27kB
         Sort Groups: 312500
         ->  Index Scan using s_3_a_b_c_idx on s_3  (cost=0.43..451321.62 rows=10000054 width=20) (actual time=0.046..1499.020 rows=10000000 loops=1)
 Planning time: 0.315 ms
 Execution time: 3009.650 ms
(9 rows)

===== 356 [Wed Mar  7 12:27:34 CET 2018] scale:10000000 groups:10000 work_mem:16MB incremental:on max_workers:0 =====
SELECT * FROM s_4 ORDER BY a, b, c, d, e
                                                                      QUERY PLAN                                                                       
-------------------------------------------------------------------------------------------------------------------------------------------------------
 Limit  (cost=912413.48..912413.48 rows=1 width=20) (actual time=2968.922..2968.922 rows=0 loops=1)
   ->  Incremental Sort  (cost=1.05..812414.09 rows=9999939 width=20) (actual time=0.094..2749.964 rows=10000000 loops=1)
         Sort Key: s_4.a, s_4.b, s_4.c, s_4.d, s_4.e
         Presorted Key: s_4.a, s_4.b, s_4.c, s_4.d
         Sort Method: quicksort  Memory: 27kB
         Sort Groups: 312500
         ->  Index Scan using s_4_a_b_c_d_idx on s_4  (cost=0.43..451319.90 rows=9999939 width=20) (actual time=0.041..1508.737 rows=10000000 loops=1)
 Planning time: 0.312 ms
 Execution time: 2968.946 ms
(9 rows)

===== 357 [Wed Mar  7 12:27:46 CET 2018] scale:10000000 groups:10000 work_mem:16MB incremental:off max_workers:0 =====
SELECT * FROM s_1 ORDER BY a, b
                                                          QUERY PLAN                                                           
-------------------------------------------------------------------------------------------------------------------------------
 Limit  (cost=1656460.22..1656460.22 rows=1 width=20) (actual time=5621.168..5621.168 rows=0 loops=1)
   ->  Sort  (cost=1531459.54..1556459.68 rows=10000054 width=20) (actual time=4581.973..5403.194 rows=10000000 loops=1)
         Sort Key: s_1.a, s_1.b
         Sort Method: external merge  Disk: 293904kB
         ->  Seq Scan on s_1  (cost=0.00..163695.54 rows=10000054 width=20) (actual time=0.019..650.760 rows=10000000 loops=1)
 Planning time: 0.268 ms
 Execution time: 5649.554 ms
(7 rows)

===== 358 [Wed Mar  7 12:28:16 CET 2018] scale:10000000 groups:10000 work_mem:16MB incremental:off max_workers:0 =====
SELECT * FROM s_2 ORDER BY a, b, c
                                                          QUERY PLAN                                                           
-------------------------------------------------------------------------------------------------------------------------------
 Limit  (cost=1656460.22..1656460.22 rows=1 width=20) (actual time=4671.464..4671.464 rows=0 loops=1)
   ->  Sort  (cost=1531459.54..1556459.68 rows=10000054 width=20) (actual time=3634.683..4453.500 rows=10000000 loops=1)
         Sort Key: s_2.a, s_2.b, s_2.c
         Sort Method: external merge  Disk: 293904kB
         ->  Seq Scan on s_2  (cost=0.00..163695.54 rows=10000054 width=20) (actual time=0.022..648.997 rows=10000000 loops=1)
 Planning time: 0.276 ms
 Execution time: 4699.879 ms
(7 rows)

===== 359 [Wed Mar  7 12:28:40 CET 2018] scale:10000000 groups:10000 work_mem:16MB incremental:off max_workers:0 =====
SELECT * FROM s_3 ORDER BY a, b, c, d
                                                          QUERY PLAN                                                           
-------------------------------------------------------------------------------------------------------------------------------
 Limit  (cost=1656460.22..1656460.22 rows=1 width=20) (actual time=3163.915..3163.915 rows=0 loops=1)
   ->  Sort  (cost=1531459.54..1556459.68 rows=10000054 width=20) (actual time=2125.266..2946.050 rows=10000000 loops=1)
         Sort Key: s_3.a, s_3.b, s_3.c, s_3.d
         Sort Method: external merge  Disk: 293904kB
         ->  Seq Scan on s_3  (cost=0.00..163695.54 rows=10000054 width=20) (actual time=0.017..614.066 rows=10000000 loops=1)
 Planning time: 0.277 ms
 Execution time: 3192.213 ms
(7 rows)

===== 360 [Wed Mar  7 12:28:55 CET 2018] scale:10000000 groups:10000 work_mem:16MB incremental:off max_workers:0 =====
SELECT * FROM s_4 ORDER BY a, b, c, d, e
                                                          QUERY PLAN                                                          
------------------------------------------------------------------------------------------------------------------------------
 Limit  (cost=1656439.93..1656439.93 rows=1 width=20) (actual time=3044.491..3044.491 rows=0 loops=1)
   ->  Sort  (cost=1531440.69..1556440.54 rows=9999939 width=20) (actual time=2001.341..2826.808 rows=10000000 loops=1)
         Sort Key: s_4.a, s_4.b, s_4.c, s_4.d, s_4.e
         Sort Method: external merge  Disk: 293904kB
         ->  Seq Scan on s_4  (cost=0.00..163694.39 rows=9999939 width=20) (actual time=0.010..508.772 rows=10000000 loops=1)
 Planning time: 0.263 ms
 Execution time: 3072.897 ms
(7 rows)

===== 361 [Wed Mar  7 12:29:09 CET 2018] scale:10000000 groups:10000 work_mem:32MB incremental:on max_workers:0 =====
SELECT * FROM s_1 ORDER BY a, b
                                                                    QUERY PLAN                                                                    
--------------------------------------------------------------------------------------------------------------------------------------------------
 Limit  (cost=1100404.66..1100404.66 rows=1 width=20) (actual time=4909.491..4909.491 rows=0 loops=1)
   ->  Incremental Sort  (cost=87.10..1000404.12 rows=10000054 width=20) (actual time=0.356..4692.695 rows=10000000 loops=1)
         Sort Key: s_1.a, s_1.b
         Presorted Key: s_1.a
         Sort Method: quicksort  Memory: 135kB
         Sort Groups: 10001
         ->  Index Scan using s_1_a_idx on s_1  (cost=0.43..323387.25 rows=10000054 width=20) (actual time=0.053..1482.582 rows=10000000 loops=1)
 Planning time: 0.274 ms
 Execution time: 4909.529 ms
(9 rows)

===== 362 [Wed Mar  7 12:29:33 CET 2018] scale:10000000 groups:10000 work_mem:32MB incremental:on max_workers:0 =====
SELECT * FROM s_2 ORDER BY a, b, c
                                                                     QUERY PLAN                                                                     
----------------------------------------------------------------------------------------------------------------------------------------------------
 Limit  (cost=868084.54..868084.54 rows=1 width=20) (actual time=3192.948..3192.948 rows=0 loops=1)
   ->  Incremental Sort  (cost=1.01..768084.00 rows=10000054 width=20) (actual time=0.101..2969.766 rows=10000000 loops=1)
         Sort Key: s_2.a, s_2.b, s_2.c
         Presorted Key: s_2.a, s_2.b
         Sort Method: quicksort  Memory: 27kB
         Sort Groups: 312011
         ->  Index Scan using s_2_a_b_idx on s_2  (cost=0.43..406985.62 rows=10000054 width=20) (actual time=0.049..1458.718 rows=10000000 loops=1)
 Planning time: 0.321 ms
 Execution time: 3192.974 ms
(9 rows)

===== 363 [Wed Mar  7 12:29:47 CET 2018] scale:10000000 groups:10000 work_mem:32MB incremental:on max_workers:0 =====
SELECT * FROM s_3 ORDER BY a, b, c, d
                                                                      QUERY PLAN                                                                      
------------------------------------------------------------------------------------------------------------------------------------------------------
 Limit  (cost=912420.54..912420.54 rows=1 width=20) (actual time=3006.085..3006.085 rows=0 loops=1)
   ->  Incremental Sort  (cost=1.05..812420.00 rows=10000054 width=20) (actual time=0.092..2784.485 rows=10000000 loops=1)
         Sort Key: s_3.a, s_3.b, s_3.c, s_3.d
         Presorted Key: s_3.a, s_3.b, s_3.c
         Sort Method: quicksort  Memory: 27kB
         Sort Groups: 312500
         ->  Index Scan using s_3_a_b_c_idx on s_3  (cost=0.43..451321.62 rows=10000054 width=20) (actual time=0.038..1499.025 rows=10000000 loops=1)
 Planning time: 0.324 ms
 Execution time: 3006.110 ms
(9 rows)

===== 364 [Wed Mar  7 12:29:59 CET 2018] scale:10000000 groups:10000 work_mem:32MB incremental:on max_workers:0 =====
SELECT * FROM s_4 ORDER BY a, b, c, d, e
                                                                      QUERY PLAN                                                                       
-------------------------------------------------------------------------------------------------------------------------------------------------------
 Limit  (cost=912413.48..912413.48 rows=1 width=20) (actual time=2970.413..2970.413 rows=0 loops=1)
   ->  Incremental Sort  (cost=1.05..812414.09 rows=9999939 width=20) (actual time=0.088..2751.430 rows=10000000 loops=1)
         Sort Key: s_4.a, s_4.b, s_4.c, s_4.d, s_4.e
         Presorted Key: s_4.a, s_4.b, s_4.c, s_4.d
         Sort Method: quicksort  Memory: 27kB
         Sort Groups: 312500
         ->  Index Scan using s_4_a_b_c_d_idx on s_4  (cost=0.43..451319.90 rows=9999939 width=20) (actual time=0.036..1510.991 rows=10000000 loops=1)
 Planning time: 0.319 ms
 Execution time: 2970.437 ms
(9 rows)

===== 365 [Wed Mar  7 12:30:12 CET 2018] scale:10000000 groups:10000 work_mem:32MB incremental:off max_workers:0 =====
SELECT * FROM s_1 ORDER BY a, b
                                                          QUERY PLAN                                                           
-------------------------------------------------------------------------------------------------------------------------------
 Limit  (cost=1656460.22..1656460.22 rows=1 width=20) (actual time=5676.498..5676.498 rows=0 loops=1)
   ->  Sort  (cost=1531459.54..1556459.68 rows=10000054 width=20) (actual time=4636.168..5459.064 rows=10000000 loops=1)
         Sort Key: s_1.a, s_1.b
         Sort Method: external merge  Disk: 293576kB
         ->  Seq Scan on s_1  (cost=0.00..163695.54 rows=10000054 width=20) (actual time=0.016..651.440 rows=10000000 loops=1)
 Planning time: 0.260 ms
 Execution time: 5705.382 ms
(7 rows)

===== 366 [Wed Mar  7 12:30:42 CET 2018] scale:10000000 groups:10000 work_mem:32MB incremental:off max_workers:0 =====
SELECT * FROM s_2 ORDER BY a, b, c
                                                          QUERY PLAN                                                           
-------------------------------------------------------------------------------------------------------------------------------
 Limit  (cost=1656460.22..1656460.22 rows=1 width=20) (actual time=4697.760..4697.760 rows=0 loops=1)
   ->  Sort  (cost=1531459.54..1556459.68 rows=10000054 width=20) (actual time=3663.225..4479.984 rows=10000000 loops=1)
         Sort Key: s_2.a, s_2.b, s_2.c
         Sort Method: external merge  Disk: 293576kB
         ->  Seq Scan on s_2  (cost=0.00..163695.54 rows=10000054 width=20) (actual time=0.022..646.878 rows=10000000 loops=1)
 Planning time: 0.274 ms
 Execution time: 4726.563 ms
(7 rows)

===== 367 [Wed Mar  7 12:31:06 CET 2018] scale:10000000 groups:10000 work_mem:32MB incremental:off max_workers:0 =====
SELECT * FROM s_3 ORDER BY a, b, c, d
                                                          QUERY PLAN                                                           
-------------------------------------------------------------------------------------------------------------------------------
 Limit  (cost=1656460.22..1656460.22 rows=1 width=20) (actual time=3203.356..3203.356 rows=0 loops=1)
   ->  Sort  (cost=1531459.54..1556459.68 rows=10000054 width=20) (actual time=2165.733..2985.786 rows=10000000 loops=1)
         Sort Key: s_3.a, s_3.b, s_3.c, s_3.d
         Sort Method: external merge  Disk: 293576kB
         ->  Seq Scan on s_3  (cost=0.00..163695.54 rows=10000054 width=20) (actual time=0.017..613.162 rows=10000000 loops=1)
 Planning time: 0.283 ms
 Execution time: 3232.218 ms
(7 rows)

===== 368 [Wed Mar  7 12:31:21 CET 2018] scale:10000000 groups:10000 work_mem:32MB incremental:off max_workers:0 =====
SELECT * FROM s_4 ORDER BY a, b, c, d, e
                                                          QUERY PLAN                                                          
------------------------------------------------------------------------------------------------------------------------------
 Limit  (cost=1656439.93..1656439.93 rows=1 width=20) (actual time=3004.282..3004.282 rows=0 loops=1)
   ->  Sort  (cost=1531440.69..1556440.54 rows=9999939 width=20) (actual time=1962.200..2786.826 rows=10000000 loops=1)
         Sort Key: s_4.a, s_4.b, s_4.c, s_4.d, s_4.e
         Sort Method: external merge  Disk: 293576kB
         ->  Seq Scan on s_4  (cost=0.00..163694.39 rows=9999939 width=20) (actual time=0.011..508.981 rows=10000000 loops=1)
 Planning time: 0.283 ms
 Execution time: 3033.086 ms
(7 rows)

===== 369 [Wed Mar  7 12:31:35 CET 2018] scale:10000000 groups:10000 work_mem:64MB incremental:on max_workers:0 =====
SELECT * FROM s_1 ORDER BY a, b
                                                                    QUERY PLAN                                                                    
--------------------------------------------------------------------------------------------------------------------------------------------------
 Limit  (cost=1100404.66..1100404.66 rows=1 width=20) (actual time=4990.698..4990.698 rows=0 loops=1)
   ->  Incremental Sort  (cost=87.10..1000404.12 rows=10000054 width=20) (actual time=0.357..4772.995 rows=10000000 loops=1)
         Sort Key: s_1.a, s_1.b
         Presorted Key: s_1.a
         Sort Method: quicksort  Memory: 135kB
         Sort Groups: 10001
         ->  Index Scan using s_1_a_idx on s_1  (cost=0.43..323387.25 rows=10000054 width=20) (actual time=0.056..1500.281 rows=10000000 loops=1)
 Planning time: 0.270 ms
 Execution time: 4990.739 ms
(9 rows)

===== 370 [Wed Mar  7 12:31:59 CET 2018] scale:10000000 groups:10000 work_mem:64MB incremental:on max_workers:0 =====
SELECT * FROM s_2 ORDER BY a, b, c
                                                                     QUERY PLAN                                                                     
----------------------------------------------------------------------------------------------------------------------------------------------------
 Limit  (cost=868084.54..868084.54 rows=1 width=20) (actual time=3170.490..3170.490 rows=0 loops=1)
   ->  Incremental Sort  (cost=1.01..768084.00 rows=10000054 width=20) (actual time=0.102..2950.521 rows=10000000 loops=1)
         Sort Key: s_2.a, s_2.b, s_2.c
         Presorted Key: s_2.a, s_2.b
         Sort Method: quicksort  Memory: 27kB
         Sort Groups: 312011
         ->  Index Scan using s_2_a_b_idx on s_2  (cost=0.43..406985.62 rows=10000054 width=20) (actual time=0.052..1452.473 rows=10000000 loops=1)
 Planning time: 0.321 ms
 Execution time: 3170.515 ms
(9 rows)

===== 371 [Wed Mar  7 12:32:13 CET 2018] scale:10000000 groups:10000 work_mem:64MB incremental:on max_workers:0 =====
SELECT * FROM s_3 ORDER BY a, b, c, d
                                                                      QUERY PLAN                                                                      
------------------------------------------------------------------------------------------------------------------------------------------------------
 Limit  (cost=912420.54..912420.54 rows=1 width=20) (actual time=2992.800..2992.800 rows=0 loops=1)
   ->  Incremental Sort  (cost=1.05..812420.00 rows=10000054 width=20) (actual time=0.097..2773.261 rows=10000000 loops=1)
         Sort Key: s_3.a, s_3.b, s_3.c, s_3.d
         Presorted Key: s_3.a, s_3.b, s_3.c
         Sort Method: quicksort  Memory: 27kB
         Sort Groups: 312500
         ->  Index Scan using s_3_a_b_c_idx on s_3  (cost=0.43..451321.62 rows=10000054 width=20) (actual time=0.045..1502.460 rows=10000000 loops=1)
 Planning time: 0.313 ms
 Execution time: 2992.824 ms
(9 rows)

===== 372 [Wed Mar  7 12:32:26 CET 2018] scale:10000000 groups:10000 work_mem:64MB incremental:on max_workers:0 =====
SELECT * FROM s_4 ORDER BY a, b, c, d, e
                                                                      QUERY PLAN                                                                       
-------------------------------------------------------------------------------------------------------------------------------------------------------
 Limit  (cost=912413.48..912413.48 rows=1 width=20) (actual time=2988.600..2988.600 rows=0 loops=1)
   ->  Incremental Sort  (cost=1.05..812414.09 rows=9999939 width=20) (actual time=0.098..2766.502 rows=10000000 loops=1)
         Sort Key: s_4.a, s_4.b, s_4.c, s_4.d, s_4.e
         Presorted Key: s_4.a, s_4.b, s_4.c, s_4.d
         Sort Method: quicksort  Memory: 27kB
         Sort Groups: 312500
         ->  Index Scan using s_4_a_b_c_d_idx on s_4  (cost=0.43..451319.90 rows=9999939 width=20) (actual time=0.046..1510.981 rows=10000000 loops=1)
 Planning time: 0.315 ms
 Execution time: 2988.626 ms
(9 rows)

===== 373 [Wed Mar  7 12:32:38 CET 2018] scale:10000000 groups:10000 work_mem:64MB incremental:off max_workers:0 =====
SELECT * FROM s_1 ORDER BY a, b
                                                          QUERY PLAN                                                           
-------------------------------------------------------------------------------------------------------------------------------
 Limit  (cost=1656460.22..1656460.22 rows=1 width=20) (actual time=5757.760..5757.760 rows=0 loops=1)
   ->  Sort  (cost=1531459.54..1556459.68 rows=10000054 width=20) (actual time=4711.933..5540.235 rows=10000000 loops=1)
         Sort Key: s_1.a, s_1.b
         Sort Method: external merge  Disk: 293648kB
         ->  Seq Scan on s_1  (cost=0.00..163695.54 rows=10000054 width=20) (actual time=0.017..652.535 rows=10000000 loops=1)
 Planning time: 0.262 ms
 Execution time: 5787.591 ms
(7 rows)

===== 374 [Wed Mar  7 12:33:09 CET 2018] scale:10000000 groups:10000 work_mem:64MB incremental:off max_workers:0 =====
SELECT * FROM s_2 ORDER BY a, b, c
                                                          QUERY PLAN                                                           
-------------------------------------------------------------------------------------------------------------------------------
 Limit  (cost=1656460.22..1656460.22 rows=1 width=20) (actual time=4796.305..4796.305 rows=0 loops=1)
   ->  Sort  (cost=1531459.54..1556459.68 rows=10000054 width=20) (actual time=3756.531..4578.577 rows=10000000 loops=1)
         Sort Key: s_2.a, s_2.b, s_2.c
         Sort Method: external merge  Disk: 293648kB
         ->  Seq Scan on s_2  (cost=0.00..163695.54 rows=10000054 width=20) (actual time=0.022..649.805 rows=10000000 loops=1)
 Planning time: 0.270 ms
 Execution time: 4826.337 ms
(7 rows)

===== 375 [Wed Mar  7 12:33:34 CET 2018] scale:10000000 groups:10000 work_mem:64MB incremental:off max_workers:0 =====
SELECT * FROM s_3 ORDER BY a, b, c, d
                                                          QUERY PLAN                                                           
-------------------------------------------------------------------------------------------------------------------------------
 Limit  (cost=1656460.22..1656460.22 rows=1 width=20) (actual time=3351.342..3351.342 rows=0 loops=1)
   ->  Sort  (cost=1531459.54..1556459.68 rows=10000054 width=20) (actual time=2303.712..3133.697 rows=10000000 loops=1)
         Sort Key: s_3.a, s_3.b, s_3.c, s_3.d
         Sort Method: external merge  Disk: 293648kB
         ->  Seq Scan on s_3  (cost=0.00..163695.54 rows=10000054 width=20) (actual time=0.016..615.106 rows=10000000 loops=1)
 Planning time: 0.281 ms
 Execution time: 3381.286 ms
(7 rows)

===== 376 [Wed Mar  7 12:33:50 CET 2018] scale:10000000 groups:10000 work_mem:64MB incremental:off max_workers:0 =====
SELECT * FROM s_4 ORDER BY a, b, c, d, e
                                                          QUERY PLAN                                                          
------------------------------------------------------------------------------------------------------------------------------
 Limit  (cost=1656439.93..1656439.93 rows=1 width=20) (actual time=3040.605..3040.605 rows=0 loops=1)
   ->  Sort  (cost=1531440.69..1556440.54 rows=9999939 width=20) (actual time=1994.175..2823.011 rows=10000000 loops=1)
         Sort Key: s_4.a, s_4.b, s_4.c, s_4.d, s_4.e
         Sort Method: external merge  Disk: 293648kB
         ->  Seq Scan on s_4  (cost=0.00..163694.39 rows=9999939 width=20) (actual time=0.008..511.559 rows=10000000 loops=1)
 Planning time: 0.261 ms
 Execution time: 3070.563 ms
(7 rows)

===== 377 [Wed Mar  7 12:34:04 CET 2018] scale:10000000 groups:10000 work_mem:128MB incremental:on max_workers:0 =====
SELECT * FROM s_1 ORDER BY a, b
                                                                    QUERY PLAN                                                                    
--------------------------------------------------------------------------------------------------------------------------------------------------
 Limit  (cost=1100404.66..1100404.66 rows=1 width=20) (actual time=4988.917..4988.917 rows=0 loops=1)
   ->  Incremental Sort  (cost=87.10..1000404.12 rows=10000054 width=20) (actual time=0.355..4771.244 rows=10000000 loops=1)
         Sort Key: s_1.a, s_1.b
         Presorted Key: s_1.a
         Sort Method: quicksort  Memory: 135kB
         Sort Groups: 10001
         ->  Index Scan using s_1_a_idx on s_1  (cost=0.43..323387.25 rows=10000054 width=20) (actual time=0.057..1498.463 rows=10000000 loops=1)
 Planning time: 0.278 ms
 Execution time: 4988.958 ms
(9 rows)

===== 378 [Wed Mar  7 12:34:28 CET 2018] scale:10000000 groups:10000 work_mem:128MB incremental:on max_workers:0 =====
SELECT * FROM s_2 ORDER BY a, b, c
                                                                     QUERY PLAN                                                                     
----------------------------------------------------------------------------------------------------------------------------------------------------
 Limit  (cost=868084.54..868084.54 rows=1 width=20) (actual time=3170.431..3170.431 rows=0 loops=1)
   ->  Incremental Sort  (cost=1.01..768084.00 rows=10000054 width=20) (actual time=0.101..2950.431 rows=10000000 loops=1)
         Sort Key: s_2.a, s_2.b, s_2.c
         Presorted Key: s_2.a, s_2.b
         Sort Method: quicksort  Memory: 27kB
         Sort Groups: 312011
         ->  Index Scan using s_2_a_b_idx on s_2  (cost=0.43..406985.62 rows=10000054 width=20) (actual time=0.052..1452.734 rows=10000000 loops=1)
 Planning time: 0.320 ms
 Execution time: 3170.456 ms
(9 rows)

===== 379 [Wed Mar  7 12:34:42 CET 2018] scale:10000000 groups:10000 work_mem:128MB incremental:on max_workers:0 =====
SELECT * FROM s_3 ORDER BY a, b, c, d
                                                                      QUERY PLAN                                                                      
------------------------------------------------------------------------------------------------------------------------------------------------------
 Limit  (cost=912420.54..912420.54 rows=1 width=20) (actual time=2995.531..2995.531 rows=0 loops=1)
   ->  Incremental Sort  (cost=1.05..812420.00 rows=10000054 width=20) (actual time=0.087..2775.833 rows=10000000 loops=1)
         Sort Key: s_3.a, s_3.b, s_3.c, s_3.d
         Presorted Key: s_3.a, s_3.b, s_3.c
         Sort Method: quicksort  Memory: 27kB
         Sort Groups: 312500
         ->  Index Scan using s_3_a_b_c_idx on s_3  (cost=0.43..451321.62 rows=10000054 width=20) (actual time=0.036..1504.561 rows=10000000 loops=1)
 Planning time: 0.319 ms
 Execution time: 2995.556 ms
(9 rows)

===== 380 [Wed Mar  7 12:34:55 CET 2018] scale:10000000 groups:10000 work_mem:128MB incremental:on max_workers:0 =====
SELECT * FROM s_4 ORDER BY a, b, c, d, e
                                                                      QUERY PLAN                                                                       
-------------------------------------------------------------------------------------------------------------------------------------------------------
 Limit  (cost=912413.48..912413.48 rows=1 width=20) (actual time=2988.120..2988.120 rows=0 loops=1)
   ->  Incremental Sort  (cost=1.05..812414.09 rows=9999939 width=20) (actual time=0.091..2766.033 rows=10000000 loops=1)
         Sort Key: s_4.a, s_4.b, s_4.c, s_4.d, s_4.e
         Presorted Key: s_4.a, s_4.b, s_4.c, s_4.d
         Sort Method: quicksort  Memory: 27kB
         Sort Groups: 312500
         ->  Index Scan using s_4_a_b_c_d_idx on s_4  (cost=0.43..451319.90 rows=9999939 width=20) (actual time=0.037..1510.422 rows=10000000 loops=1)
 Planning time: 0.305 ms
 Execution time: 2988.144 ms
(9 rows)

===== 381 [Wed Mar  7 12:35:07 CET 2018] scale:10000000 groups:10000 work_mem:128MB incremental:off max_workers:0 =====
SELECT * FROM s_1 ORDER BY a, b
                                                          QUERY PLAN                                                           
-------------------------------------------------------------------------------------------------------------------------------
 Limit  (cost=1656460.22..1656460.22 rows=1 width=20) (actual time=5890.275..5890.275 rows=0 loops=1)
   ->  Sort  (cost=1531459.54..1556459.68 rows=10000054 width=20) (actual time=4851.615..5672.885 rows=10000000 loops=1)
         Sort Key: s_1.a, s_1.b
         Sort Method: external merge  Disk: 293568kB
         ->  Seq Scan on s_1  (cost=0.00..163695.54 rows=10000054 width=20) (actual time=0.016..656.018 rows=10000000 loops=1)
 Planning time: 0.249 ms
 Execution time: 5922.938 ms
(7 rows)

===== 382 [Wed Mar  7 12:35:38 CET 2018] scale:10000000 groups:10000 work_mem:128MB incremental:off max_workers:0 =====
SELECT * FROM s_2 ORDER BY a, b, c
                                                          QUERY PLAN                                                           
-------------------------------------------------------------------------------------------------------------------------------
 Limit  (cost=1656460.22..1656460.22 rows=1 width=20) (actual time=4922.932..4922.932 rows=0 loops=1)
   ->  Sort  (cost=1531459.54..1556459.68 rows=10000054 width=20) (actual time=3890.746..4705.305 rows=10000000 loops=1)
         Sort Key: s_2.a, s_2.b, s_2.c
         Sort Method: external merge  Disk: 293568kB
         ->  Seq Scan on s_2  (cost=0.00..163695.54 rows=10000054 width=20) (actual time=0.025..654.372 rows=10000000 loops=1)
 Planning time: 0.269 ms
 Execution time: 4955.769 ms
(7 rows)

===== 383 [Wed Mar  7 12:36:04 CET 2018] scale:10000000 groups:10000 work_mem:128MB incremental:off max_workers:0 =====
SELECT * FROM s_3 ORDER BY a, b, c, d
                                                          QUERY PLAN                                                           
-------------------------------------------------------------------------------------------------------------------------------
 Limit  (cost=1656460.22..1656460.22 rows=1 width=20) (actual time=3522.436..3522.436 rows=0 loops=1)
   ->  Sort  (cost=1531459.54..1556459.68 rows=10000054 width=20) (actual time=2482.917..3304.983 rows=10000000 loops=1)
         Sort Key: s_3.a, s_3.b, s_3.c, s_3.d
         Sort Method: external merge  Disk: 293568kB
         ->  Seq Scan on s_3  (cost=0.00..163695.54 rows=10000054 width=20) (actual time=0.017..619.171 rows=10000000 loops=1)
 Planning time: 0.276 ms
 Execution time: 3555.264 ms
(7 rows)

===== 384 [Wed Mar  7 12:36:21 CET 2018] scale:10000000 groups:10000 work_mem:128MB incremental:off max_workers:0 =====
SELECT * FROM s_4 ORDER BY a, b, c, d, e
                                                          QUERY PLAN                                                          
------------------------------------------------------------------------------------------------------------------------------
 Limit  (cost=1656439.93..1656439.93 rows=1 width=20) (actual time=3095.416..3095.416 rows=0 loops=1)
   ->  Sort  (cost=1531440.69..1556440.54 rows=9999939 width=20) (actual time=2056.723..2878.245 rows=10000000 loops=1)
         Sort Key: s_4.a, s_4.b, s_4.c, s_4.d, s_4.e
         Sort Method: external merge  Disk: 293568kB
         ->  Seq Scan on s_4  (cost=0.00..163694.39 rows=9999939 width=20) (actual time=0.013..517.281 rows=10000000 loops=1)
 Planning time: 0.252 ms
 Execution time: 3128.304 ms
(7 rows)

===== 385 [Wed Mar  7 12:36:35 CET 2018] scale:10000000 groups:10000 work_mem:256MB incremental:on max_workers:0 =====
SELECT * FROM s_1 ORDER BY a, b
                                                                    QUERY PLAN                                                                    
--------------------------------------------------------------------------------------------------------------------------------------------------
 Limit  (cost=1100404.66..1100404.66 rows=1 width=20) (actual time=4991.641..4991.641 rows=0 loops=1)
   ->  Incremental Sort  (cost=87.10..1000404.12 rows=10000054 width=20) (actual time=0.353..4773.933 rows=10000000 loops=1)
         Sort Key: s_1.a, s_1.b
         Presorted Key: s_1.a
         Sort Method: quicksort  Memory: 135kB
         Sort Groups: 10001
         ->  Index Scan using s_1_a_idx on s_1  (cost=0.43..323387.25 rows=10000054 width=20) (actual time=0.054..1500.832 rows=10000000 loops=1)
 Planning time: 0.265 ms
 Execution time: 4991.681 ms
(9 rows)

===== 386 [Wed Mar  7 12:37:00 CET 2018] scale:10000000 groups:10000 work_mem:256MB incremental:on max_workers:0 =====
SELECT * FROM s_2 ORDER BY a, b, c
                                                                     QUERY PLAN                                                                     
----------------------------------------------------------------------------------------------------------------------------------------------------
 Limit  (cost=868084.54..868084.54 rows=1 width=20) (actual time=3168.059..3168.059 rows=0 loops=1)
   ->  Incremental Sort  (cost=1.01..768084.00 rows=10000054 width=20) (actual time=0.104..2948.110 rows=10000000 loops=1)
         Sort Key: s_2.a, s_2.b, s_2.c
         Presorted Key: s_2.a, s_2.b
         Sort Method: quicksort  Memory: 27kB
         Sort Groups: 312011
         ->  Index Scan using s_2_a_b_idx on s_2  (cost=0.43..406985.62 rows=10000054 width=20) (actual time=0.052..1450.473 rows=10000000 loops=1)
 Planning time: 0.324 ms
 Execution time: 3168.084 ms
(9 rows)

===== 387 [Wed Mar  7 12:37:14 CET 2018] scale:10000000 groups:10000 work_mem:256MB incremental:on max_workers:0 =====
SELECT * FROM s_3 ORDER BY a, b, c, d
                                                                      QUERY PLAN                                                                      
------------------------------------------------------------------------------------------------------------------------------------------------------
 Limit  (cost=912420.54..912420.54 rows=1 width=20) (actual time=2997.023..2997.023 rows=0 loops=1)
   ->  Incremental Sort  (cost=1.05..812420.00 rows=10000054 width=20) (actual time=0.089..2777.638 rows=10000000 loops=1)
         Sort Key: s_3.a, s_3.b, s_3.c, s_3.d
         Presorted Key: s_3.a, s_3.b, s_3.c
         Sort Method: quicksort  Memory: 27kB
         Sort Groups: 312500
         ->  Index Scan using s_3_a_b_c_idx on s_3  (cost=0.43..451321.62 rows=10000054 width=20) (actual time=0.038..1505.418 rows=10000000 loops=1)
 Planning time: 0.318 ms
 Execution time: 2997.048 ms
(9 rows)

===== 388 [Wed Mar  7 12:37:26 CET 2018] scale:10000000 groups:10000 work_mem:256MB incremental:on max_workers:0 =====
SELECT * FROM s_4 ORDER BY a, b, c, d, e
                                                                      QUERY PLAN                                                                       
-------------------------------------------------------------------------------------------------------------------------------------------------------
 Limit  (cost=912413.48..912413.48 rows=1 width=20) (actual time=2988.710..2988.710 rows=0 loops=1)
   ->  Incremental Sort  (cost=1.05..812414.09 rows=9999939 width=20) (actual time=0.090..2766.589 rows=10000000 loops=1)
         Sort Key: s_4.a, s_4.b, s_4.c, s_4.d, s_4.e
         Presorted Key: s_4.a, s_4.b, s_4.c, s_4.d
         Sort Method: quicksort  Memory: 27kB
         Sort Groups: 312500
         ->  Index Scan using s_4_a_b_c_d_idx on s_4  (cost=0.43..451319.90 rows=9999939 width=20) (actual time=0.039..1510.819 rows=10000000 loops=1)
 Planning time: 0.319 ms
 Execution time: 2988.735 ms
(9 rows)

===== 389 [Wed Mar  7 12:37:39 CET 2018] scale:10000000 groups:10000 work_mem:256MB incremental:off max_workers:0 =====
SELECT * FROM s_1 ORDER BY a, b
                                                          QUERY PLAN                                                           
-------------------------------------------------------------------------------------------------------------------------------
 Limit  (cost=1656460.22..1656460.22 rows=1 width=20) (actual time=6020.221..6020.221 rows=0 loops=1)
   ->  Sort  (cost=1531459.54..1556459.68 rows=10000054 width=20) (actual time=5056.247..5801.854 rows=10000000 loops=1)
         Sort Key: s_1.a, s_1.b
         Sort Method: external merge  Disk: 293552kB
         ->  Seq Scan on s_1  (cost=0.00..163695.54 rows=10000054 width=20) (actual time=0.018..666.495 rows=10000000 loops=1)
 Planning time: 0.257 ms
 Execution time: 6057.642 ms
(7 rows)

===== 390 [Wed Mar  7 12:38:11 CET 2018] scale:10000000 groups:10000 work_mem:256MB incremental:off max_workers:0 =====
SELECT * FROM s_2 ORDER BY a, b, c
                                                          QUERY PLAN                                                           
-------------------------------------------------------------------------------------------------------------------------------
 Limit  (cost=1656460.22..1656460.22 rows=1 width=20) (actual time=5054.798..5054.798 rows=0 loops=1)
   ->  Sort  (cost=1531459.54..1556459.68 rows=10000054 width=20) (actual time=4094.924..4836.164 rows=10000000 loops=1)
         Sort Key: s_2.a, s_2.b, s_2.c
         Sort Method: external merge  Disk: 293552kB
         ->  Seq Scan on s_2  (cost=0.00..163695.54 rows=10000054 width=20) (actual time=0.019..664.413 rows=10000000 loops=1)
 Planning time: 0.258 ms
 Execution time: 5091.673 ms
(7 rows)

===== 391 [Wed Mar  7 12:38:37 CET 2018] scale:10000000 groups:10000 work_mem:256MB incremental:off max_workers:0 =====
SELECT * FROM s_3 ORDER BY a, b, c, d
                                                          QUERY PLAN                                                           
-------------------------------------------------------------------------------------------------------------------------------
 Limit  (cost=1656460.22..1656460.22 rows=1 width=20) (actual time=3656.162..3656.162 rows=0 loops=1)
   ->  Sort  (cost=1531459.54..1556459.68 rows=10000054 width=20) (actual time=2687.504..3437.892 rows=10000000 loops=1)
         Sort Key: s_3.a, s_3.b, s_3.c, s_3.d
         Sort Method: external merge  Disk: 293552kB
         ->  Seq Scan on s_3  (cost=0.00..163695.54 rows=10000054 width=20) (actual time=0.017..629.722 rows=10000000 loops=1)
 Planning time: 0.286 ms
 Execution time: 3693.294 ms
(7 rows)

===== 392 [Wed Mar  7 12:38:55 CET 2018] scale:10000000 groups:10000 work_mem:256MB incremental:off max_workers:0 =====
SELECT * FROM s_4 ORDER BY a, b, c, d, e
                                                          QUERY PLAN                                                          
------------------------------------------------------------------------------------------------------------------------------
 Limit  (cost=1656439.93..1656439.93 rows=1 width=20) (actual time=3156.959..3156.959 rows=0 loops=1)
   ->  Sort  (cost=1531440.69..1556440.54 rows=9999939 width=20) (actual time=2183.788..2939.001 rows=10000000 loops=1)
         Sort Key: s_4.a, s_4.b, s_4.c, s_4.d, s_4.e
         Sort Method: external merge  Disk: 293552kB
         ->  Seq Scan on s_4  (cost=0.00..163694.39 rows=9999939 width=20) (actual time=0.008..527.813 rows=10000000 loops=1)
 Planning time: 0.261 ms
 Execution time: 3193.941 ms
(7 rows)

===== 393 [Wed Mar  7 12:39:10 CET 2018] scale:10000000 groups:10000 work_mem:4MB incremental:on max_workers:2 =====
SELECT * FROM s_1 ORDER BY a, b
                                                                    QUERY PLAN                                                                    
--------------------------------------------------------------------------------------------------------------------------------------------------
 Limit  (cost=1100404.66..1100404.66 rows=1 width=20) (actual time=4992.642..4992.642 rows=0 loops=1)
   ->  Incremental Sort  (cost=87.10..1000404.12 rows=10000054 width=20) (actual time=0.358..4774.956 rows=10000000 loops=1)
         Sort Key: s_1.a, s_1.b
         Presorted Key: s_1.a
         Sort Method: quicksort  Memory: 135kB
         Sort Groups: 10001
         ->  Index Scan using s_1_a_idx on s_1  (cost=0.43..323387.25 rows=10000054 width=20) (actual time=0.051..1501.556 rows=10000000 loops=1)
 Planning time: 0.284 ms
 Execution time: 4992.678 ms
(9 rows)

===== 394 [Wed Mar  7 12:39:34 CET 2018] scale:10000000 groups:10000 work_mem:4MB incremental:on max_workers:2 =====
SELECT * FROM s_2 ORDER BY a, b, c
                                                                     QUERY PLAN                                                                     
----------------------------------------------------------------------------------------------------------------------------------------------------
 Limit  (cost=868084.54..868084.54 rows=1 width=20) (actual time=3192.182..3192.182 rows=0 loops=1)
   ->  Incremental Sort  (cost=1.01..768084.00 rows=10000054 width=20) (actual time=0.100..2969.015 rows=10000000 loops=1)
         Sort Key: s_2.a, s_2.b, s_2.c
         Presorted Key: s_2.a, s_2.b
         Sort Method: quicksort  Memory: 27kB
         Sort Groups: 312011
         ->  Index Scan using s_2_a_b_idx on s_2  (cost=0.43..406985.62 rows=10000054 width=20) (actual time=0.052..1457.703 rows=10000000 loops=1)
 Planning time: 0.328 ms
 Execution time: 3192.207 ms
(9 rows)

===== 395 [Wed Mar  7 12:39:48 CET 2018] scale:10000000 groups:10000 work_mem:4MB incremental:on max_workers:2 =====
SELECT * FROM s_3 ORDER BY a, b, c, d
                                                                      QUERY PLAN                                                                      
------------------------------------------------------------------------------------------------------------------------------------------------------
 Limit  (cost=912420.54..912420.54 rows=1 width=20) (actual time=3018.844..3018.844 rows=0 loops=1)
   ->  Incremental Sort  (cost=1.05..812420.00 rows=10000054 width=20) (actual time=0.091..2797.538 rows=10000000 loops=1)
         Sort Key: s_3.a, s_3.b, s_3.c, s_3.d
         Presorted Key: s_3.a, s_3.b, s_3.c
         Sort Method: quicksort  Memory: 27kB
         Sort Groups: 312500
         ->  Index Scan using s_3_a_b_c_idx on s_3  (cost=0.43..451321.62 rows=10000054 width=20) (actual time=0.041..1504.258 rows=10000000 loops=1)
 Planning time: 0.323 ms
 Execution time: 3018.869 ms
(9 rows)

===== 396 [Wed Mar  7 12:40:00 CET 2018] scale:10000000 groups:10000 work_mem:4MB incremental:on max_workers:2 =====
SELECT * FROM s_4 ORDER BY a, b, c, d, e
                                                                      QUERY PLAN                                                                       
-------------------------------------------------------------------------------------------------------------------------------------------------------
 Limit  (cost=912413.48..912413.48 rows=1 width=20) (actual time=3010.257..3010.257 rows=0 loops=1)
   ->  Incremental Sort  (cost=1.05..812414.09 rows=9999939 width=20) (actual time=0.087..2788.775 rows=10000000 loops=1)
         Sort Key: s_4.a, s_4.b, s_4.c, s_4.d, s_4.e
         Presorted Key: s_4.a, s_4.b, s_4.c, s_4.d
         Sort Method: quicksort  Memory: 27kB
         Sort Groups: 312500
         ->  Index Scan using s_4_a_b_c_d_idx on s_4  (cost=0.43..451319.90 rows=9999939 width=20) (actual time=0.038..1500.404 rows=10000000 loops=1)
 Planning time: 0.323 ms
 Execution time: 3010.281 ms
(9 rows)

===== 397 [Wed Mar  7 12:40:13 CET 2018] scale:10000000 groups:10000 work_mem:4MB incremental:off max_workers:2 =====
SELECT * FROM s_1 ORDER BY a, b
                                                                 QUERY PLAN                                                                 
--------------------------------------------------------------------------------------------------------------------------------------------
 Limit  (cost=1791033.26..1791033.26 rows=1 width=20) (actual time=3927.099..3927.099 rows=0 loops=1)
   ->  Gather Merge  (cost=735404.16..1707699.48 rows=8333378 width=20) (actual time=1812.555..3690.291 rows=10000000 loops=1)
         Workers Planned: 2
         Workers Launched: 2
         ->  Sort  (cost=734404.14..744820.86 rows=4166689 width=20) (actual time=1806.263..2112.182 rows=3333333 loops=3)
               Sort Key: s_1.a, s_1.b
               Sort Method: external merge  Disk: 98112kB
               Worker 0:  Sort Method: external merge  Disk: 97744kB
               Worker 1:  Sort Method: external merge  Disk: 97744kB
               ->  Parallel Seq Scan on s_1  (cost=0.00..105361.89 rows=4166689 width=20) (actual time=0.015..227.967 rows=3333333 loops=3)
 Planning time: 0.292 ms
 Execution time: 3948.080 ms
(12 rows)

===== 398 [Wed Mar  7 12:40:33 CET 2018] scale:10000000 groups:10000 work_mem:4MB incremental:off max_workers:2 =====
SELECT * FROM s_2 ORDER BY a, b, c
                                                                 QUERY PLAN                                                                 
--------------------------------------------------------------------------------------------------------------------------------------------
 Limit  (cost=1791033.26..1791033.26 rows=1 width=20) (actual time=3383.354..3383.354 rows=0 loops=1)
   ->  Gather Merge  (cost=735404.16..1707699.48 rows=8333378 width=20) (actual time=1488.705..3148.793 rows=10000000 loops=1)
         Workers Planned: 2
         Workers Launched: 2
         ->  Sort  (cost=734404.14..744820.86 rows=4166689 width=20) (actual time=1486.617..1792.443 rows=3333333 loops=3)
               Sort Key: s_2.a, s_2.b, s_2.c
               Sort Method: external merge  Disk: 98112kB
               Worker 0:  Sort Method: external merge  Disk: 97744kB
               Worker 1:  Sort Method: external merge  Disk: 97744kB
               ->  Parallel Seq Scan on s_2  (cost=0.00..105361.89 rows=4166689 width=20) (actual time=0.024..237.014 rows=3333333 loops=3)
 Planning time: 0.286 ms
 Execution time: 3404.220 ms
(12 rows)

===== 399 [Wed Mar  7 12:40:51 CET 2018] scale:10000000 groups:10000 work_mem:4MB incremental:off max_workers:2 =====
SELECT * FROM s_3 ORDER BY a, b, c, d
                                                                 QUERY PLAN                                                                 
--------------------------------------------------------------------------------------------------------------------------------------------
 Limit  (cost=1791033.26..1791033.26 rows=1 width=20) (actual time=2987.706..2987.706 rows=0 loops=1)
   ->  Gather Merge  (cost=735404.16..1707699.48 rows=8333378 width=20) (actual time=1044.837..2765.789 rows=10000000 loops=1)
         Workers Planned: 2
         Workers Launched: 2
         ->  Sort  (cost=734404.14..744820.86 rows=4166689 width=20) (actual time=1040.492..1346.944 rows=3333333 loops=3)
               Sort Key: s_3.a, s_3.b, s_3.c, s_3.d
               Sort Method: external merge  Disk: 97424kB
               Worker 0:  Sort Method: external merge  Disk: 97744kB
               Worker 1:  Sort Method: external merge  Disk: 98440kB
               ->  Parallel Seq Scan on s_3  (cost=0.00..105361.89 rows=4166689 width=20) (actual time=0.024..227.378 rows=3333333 loops=3)
 Planning time: 0.296 ms
 Execution time: 3013.532 ms
(12 rows)

===== 400 [Wed Mar  7 12:41:05 CET 2018] scale:10000000 groups:10000 work_mem:4MB incremental:off max_workers:2 =====
SELECT * FROM s_4 ORDER BY a, b, c, d, e
                                                                 QUERY PLAN                                                                 
--------------------------------------------------------------------------------------------------------------------------------------------
 Limit  (cost=1791007.99..1791007.99 rows=1 width=20) (actual time=2927.863..2927.863 rows=0 loops=1)
   ->  Gather Merge  (cost=735391.06..1707675.17 rows=8333282 width=20) (actual time=1041.201..2706.320 rows=10000000 loops=1)
         Workers Planned: 2
         Workers Launched: 2
         ->  Sort  (cost=734391.04..744807.64 rows=4166641 width=20) (actual time=1035.963..1342.157 rows=3333333 loops=3)
               Sort Key: s_4.a, s_4.b, s_4.c, s_4.d, s_4.e
               Sort Method: external merge  Disk: 98632kB
               Worker 0:  Sort Method: external merge  Disk: 97488kB
               Worker 1:  Sort Method: external merge  Disk: 97488kB
               ->  Parallel Seq Scan on s_4  (cost=0.00..105361.41 rows=4166641 width=20) (actual time=0.008..193.237 rows=3333333 loops=3)
 Planning time: 0.272 ms
 Execution time: 2966.967 ms
(12 rows)

===== 401 [Wed Mar  7 12:41:20 CET 2018] scale:10000000 groups:10000 work_mem:8MB incremental:on max_workers:2 =====
SELECT * FROM s_1 ORDER BY a, b
                                                                    QUERY PLAN                                                                    
--------------------------------------------------------------------------------------------------------------------------------------------------
 Limit  (cost=1100404.66..1100404.66 rows=1 width=20) (actual time=4992.249..4992.249 rows=0 loops=1)
   ->  Incremental Sort  (cost=87.10..1000404.12 rows=10000054 width=20) (actual time=0.350..4774.551 rows=10000000 loops=1)
         Sort Key: s_1.a, s_1.b
         Presorted Key: s_1.a
         Sort Method: quicksort  Memory: 135kB
         Sort Groups: 10001
         ->  Index Scan using s_1_a_idx on s_1  (cost=0.43..323387.25 rows=10000054 width=20) (actual time=0.053..1501.427 rows=10000000 loops=1)
 Planning time: 0.274 ms
 Execution time: 4992.284 ms
(9 rows)

===== 402 [Wed Mar  7 12:41:44 CET 2018] scale:10000000 groups:10000 work_mem:8MB incremental:on max_workers:2 =====
SELECT * FROM s_2 ORDER BY a, b, c
                                                                     QUERY PLAN                                                                     
----------------------------------------------------------------------------------------------------------------------------------------------------
 Limit  (cost=868084.54..868084.54 rows=1 width=20) (actual time=3170.409..3170.409 rows=0 loops=1)
   ->  Incremental Sort  (cost=1.01..768084.00 rows=10000054 width=20) (actual time=0.103..2950.417 rows=10000000 loops=1)
         Sort Key: s_2.a, s_2.b, s_2.c
         Presorted Key: s_2.a, s_2.b
         Sort Method: quicksort  Memory: 27kB
         Sort Groups: 312011
         ->  Index Scan using s_2_a_b_idx on s_2  (cost=0.43..406985.62 rows=10000054 width=20) (actual time=0.057..1452.789 rows=10000000 loops=1)
 Planning time: 0.335 ms
 Execution time: 3170.434 ms
(9 rows)

===== 403 [Wed Mar  7 12:41:58 CET 2018] scale:10000000 groups:10000 work_mem:8MB incremental:on max_workers:2 =====
SELECT * FROM s_3 ORDER BY a, b, c, d
                                                                      QUERY PLAN                                                                      
------------------------------------------------------------------------------------------------------------------------------------------------------
 Limit  (cost=912420.54..912420.54 rows=1 width=20) (actual time=2992.388..2992.388 rows=0 loops=1)
   ->  Incremental Sort  (cost=1.05..812420.00 rows=10000054 width=20) (actual time=0.086..2772.791 rows=10000000 loops=1)
         Sort Key: s_3.a, s_3.b, s_3.c, s_3.d
         Presorted Key: s_3.a, s_3.b, s_3.c
         Sort Method: quicksort  Memory: 27kB
         Sort Groups: 312500
         ->  Index Scan using s_3_a_b_c_idx on s_3  (cost=0.43..451321.62 rows=10000054 width=20) (actual time=0.038..1502.192 rows=10000000 loops=1)
 Planning time: 0.316 ms
 Execution time: 2992.412 ms
(9 rows)

===== 404 [Wed Mar  7 12:42:11 CET 2018] scale:10000000 groups:10000 work_mem:8MB incremental:on max_workers:2 =====
SELECT * FROM s_4 ORDER BY a, b, c, d, e
                                                                      QUERY PLAN                                                                       
-------------------------------------------------------------------------------------------------------------------------------------------------------
 Limit  (cost=912413.48..912413.48 rows=1 width=20) (actual time=3009.571..3009.571 rows=0 loops=1)
   ->  Incremental Sort  (cost=1.05..812414.09 rows=9999939 width=20) (actual time=0.093..2788.143 rows=10000000 loops=1)
         Sort Key: s_4.a, s_4.b, s_4.c, s_4.d, s_4.e
         Presorted Key: s_4.a, s_4.b, s_4.c, s_4.d
         Sort Method: quicksort  Memory: 27kB
         Sort Groups: 312500
         ->  Index Scan using s_4_a_b_c_d_idx on s_4  (cost=0.43..451319.90 rows=9999939 width=20) (actual time=0.044..1499.877 rows=10000000 loops=1)
 Planning time: 0.332 ms
 Execution time: 3009.597 ms
(9 rows)

===== 405 [Wed Mar  7 12:42:23 CET 2018] scale:10000000 groups:10000 work_mem:8MB incremental:off max_workers:2 =====
SELECT * FROM s_1 ORDER BY a, b
                                                                 QUERY PLAN                                                                 
--------------------------------------------------------------------------------------------------------------------------------------------
 Limit  (cost=1705580.76..1705580.76 rows=1 width=20) (actual time=3675.177..3675.177 rows=0 loops=1)
   ->  Gather Merge  (cost=649951.66..1622246.98 rows=8333378 width=20) (actual time=1586.354..3439.846 rows=10000000 loops=1)
         Workers Planned: 2
         Workers Launched: 2
         ->  Sort  (cost=648951.64..659368.36 rows=4166689 width=20) (actual time=1573.345..1879.904 rows=3333333 loops=3)
               Sort Key: s_1.a, s_1.b
               Sort Method: external merge  Disk: 98024kB
               Worker 0:  Sort Method: external merge  Disk: 97792kB
               Worker 1:  Sort Method: external merge  Disk: 97792kB
               ->  Parallel Seq Scan on s_1  (cost=0.00..105361.89 rows=4166689 width=20) (actual time=0.014..231.968 rows=3333333 loops=3)
 Planning time: 0.280 ms
 Execution time: 3697.163 ms
(12 rows)

===== 406 [Wed Mar  7 12:42:42 CET 2018] scale:10000000 groups:10000 work_mem:8MB incremental:off max_workers:2 =====
SELECT * FROM s_2 ORDER BY a, b, c
                                                                 QUERY PLAN                                                                 
--------------------------------------------------------------------------------------------------------------------------------------------
 Limit  (cost=1705580.76..1705580.76 rows=1 width=20) (actual time=3175.571..3175.571 rows=0 loops=1)
   ->  Gather Merge  (cost=649951.66..1622246.98 rows=8333378 width=20) (actual time=1270.009..2940.553 rows=10000000 loops=1)
         Workers Planned: 2
         Workers Launched: 2
         ->  Sort  (cost=648951.64..659368.36 rows=4166689 width=20) (actual time=1267.365..1572.877 rows=3333333 loops=3)
               Sort Key: s_2.a, s_2.b, s_2.c
               Sort Method: external merge  Disk: 98024kB
               Worker 0:  Sort Method: external merge  Disk: 97792kB
               Worker 1:  Sort Method: external merge  Disk: 97792kB
               ->  Parallel Seq Scan on s_2  (cost=0.00..105361.89 rows=4166689 width=20) (actual time=0.024..234.935 rows=3333333 loops=3)
 Planning time: 0.293 ms
 Execution time: 3197.573 ms
(12 rows)

===== 407 [Wed Mar  7 12:42:58 CET 2018] scale:10000000 groups:10000 work_mem:8MB incremental:off max_workers:2 =====
SELECT * FROM s_3 ORDER BY a, b, c, d
                                                                 QUERY PLAN                                                                 
--------------------------------------------------------------------------------------------------------------------------------------------
 Limit  (cost=1705580.76..1705580.76 rows=1 width=20) (actual time=2747.563..2747.563 rows=0 loops=1)
   ->  Gather Merge  (cost=649951.66..1622246.98 rows=8333378 width=20) (actual time=813.361..2525.802 rows=10000000 loops=1)
         Workers Planned: 2
         Workers Launched: 2
         ->  Sort  (cost=648951.64..659368.36 rows=4166689 width=20) (actual time=811.394..1117.250 rows=3333333 loops=3)
               Sort Key: s_3.a, s_3.b, s_3.c, s_3.d
               Sort Method: external merge  Disk: 97792kB
               Worker 0:  Sort Method: external merge  Disk: 97856kB
               Worker 1:  Sort Method: external merge  Disk: 97968kB
               ->  Parallel Seq Scan on s_3  (cost=0.00..105361.89 rows=4166689 width=20) (actual time=0.026..225.078 rows=3333333 loops=3)
 Planning time: 0.308 ms
 Execution time: 2775.005 ms
(12 rows)

===== 408 [Wed Mar  7 12:43:11 CET 2018] scale:10000000 groups:10000 work_mem:8MB incremental:off max_workers:2 =====
SELECT * FROM s_4 ORDER BY a, b, c, d, e
                                                                 QUERY PLAN                                                                 
--------------------------------------------------------------------------------------------------------------------------------------------
 Limit  (cost=1705558.99..1705558.99 rows=1 width=20) (actual time=2706.104..2706.104 rows=0 loops=1)
   ->  Gather Merge  (cost=649942.06..1622226.17 rows=8333282 width=20) (actual time=796.279..2484.408 rows=10000000 loops=1)
         Workers Planned: 2
         Workers Launched: 2
         ->  Sort  (cost=648942.04..659358.64 rows=4166641 width=20) (actual time=794.546..1100.546 rows=3333333 loops=3)
               Sort Key: s_4.a, s_4.b, s_4.c, s_4.d, s_4.e
               Sort Method: external merge  Disk: 97824kB
               Worker 0:  Sort Method: external merge  Disk: 97816kB
               Worker 1:  Sort Method: external merge  Disk: 97976kB
               ->  Parallel Seq Scan on s_4  (cost=0.00..105361.41 rows=4166641 width=20) (actual time=0.007..194.097 rows=3333333 loops=3)
 Planning time: 0.283 ms
 Execution time: 2744.240 ms
(12 rows)

===== 409 [Wed Mar  7 12:43:24 CET 2018] scale:10000000 groups:10000 work_mem:16MB incremental:on max_workers:2 =====
SELECT * FROM s_1 ORDER BY a, b
                                                                    QUERY PLAN                                                                    
--------------------------------------------------------------------------------------------------------------------------------------------------
 Limit  (cost=1100404.66..1100404.66 rows=1 width=20) (actual time=4993.808..4993.808 rows=0 loops=1)
   ->  Incremental Sort  (cost=87.10..1000404.12 rows=10000054 width=20) (actual time=0.348..4776.080 rows=10000000 loops=1)
         Sort Key: s_1.a, s_1.b
         Presorted Key: s_1.a
         Sort Method: quicksort  Memory: 135kB
         Sort Groups: 10001
         ->  Index Scan using s_1_a_idx on s_1  (cost=0.43..323387.25 rows=10000054 width=20) (actual time=0.051..1503.308 rows=10000000 loops=1)
 Planning time: 0.285 ms
 Execution time: 4993.843 ms
(9 rows)

===== 410 [Wed Mar  7 12:43:48 CET 2018] scale:10000000 groups:10000 work_mem:16MB incremental:on max_workers:2 =====
SELECT * FROM s_2 ORDER BY a, b, c
                                                                     QUERY PLAN                                                                     
----------------------------------------------------------------------------------------------------------------------------------------------------
 Limit  (cost=868084.54..868084.54 rows=1 width=20) (actual time=3169.999..3169.999 rows=0 loops=1)
   ->  Incremental Sort  (cost=1.01..768084.00 rows=10000054 width=20) (actual time=0.103..2949.981 rows=10000000 loops=1)
         Sort Key: s_2.a, s_2.b, s_2.c
         Presorted Key: s_2.a, s_2.b
         Sort Method: quicksort  Memory: 27kB
         Sort Groups: 312011
         ->  Index Scan using s_2_a_b_idx on s_2  (cost=0.43..406985.62 rows=10000054 width=20) (actual time=0.054..1452.404 rows=10000000 loops=1)
 Planning time: 0.326 ms
 Execution time: 3170.024 ms
(9 rows)

===== 411 [Wed Mar  7 12:44:02 CET 2018] scale:10000000 groups:10000 work_mem:16MB incremental:on max_workers:2 =====
SELECT * FROM s_3 ORDER BY a, b, c, d
                                                                      QUERY PLAN                                                                      
------------------------------------------------------------------------------------------------------------------------------------------------------
 Limit  (cost=912420.54..912420.54 rows=1 width=20) (actual time=2995.106..2995.106 rows=0 loops=1)
   ->  Incremental Sort  (cost=1.05..812420.00 rows=10000054 width=20) (actual time=0.089..2775.595 rows=10000000 loops=1)
         Sort Key: s_3.a, s_3.b, s_3.c, s_3.d
         Presorted Key: s_3.a, s_3.b, s_3.c
         Sort Method: quicksort  Memory: 27kB
         Sort Groups: 312500
         ->  Index Scan using s_3_a_b_c_idx on s_3  (cost=0.43..451321.62 rows=10000054 width=20) (actual time=0.040..1504.945 rows=10000000 loops=1)
 Planning time: 0.335 ms
 Execution time: 2995.131 ms
(9 rows)

===== 412 [Wed Mar  7 12:44:14 CET 2018] scale:10000000 groups:10000 work_mem:16MB incremental:on max_workers:2 =====
SELECT * FROM s_4 ORDER BY a, b, c, d, e
                                                                      QUERY PLAN                                                                       
-------------------------------------------------------------------------------------------------------------------------------------------------------
 Limit  (cost=912413.48..912413.48 rows=1 width=20) (actual time=3011.797..3011.797 rows=0 loops=1)
   ->  Incremental Sort  (cost=1.05..812414.09 rows=9999939 width=20) (actual time=0.089..2790.345 rows=10000000 loops=1)
         Sort Key: s_4.a, s_4.b, s_4.c, s_4.d, s_4.e
         Presorted Key: s_4.a, s_4.b, s_4.c, s_4.d
         Sort Method: quicksort  Memory: 27kB
         Sort Groups: 312500
         ->  Index Scan using s_4_a_b_c_d_idx on s_4  (cost=0.43..451319.90 rows=9999939 width=20) (actual time=0.043..1502.121 rows=10000000 loops=1)
 Planning time: 0.328 ms
 Execution time: 3011.822 ms
(9 rows)

===== 413 [Wed Mar  7 12:44:27 CET 2018] scale:10000000 groups:10000 work_mem:16MB incremental:off max_workers:2 =====
SELECT * FROM s_1 ORDER BY a, b
                                                          QUERY PLAN                                                           
-------------------------------------------------------------------------------------------------------------------------------
 Limit  (cost=1656460.22..1656460.22 rows=1 width=20) (actual time=5626.512..5626.512 rows=0 loops=1)
   ->  Sort  (cost=1531459.54..1556459.68 rows=10000054 width=20) (actual time=4583.793..5408.576 rows=10000000 loops=1)
         Sort Key: s_1.a, s_1.b
         Sort Method: external merge  Disk: 293904kB
         ->  Seq Scan on s_1  (cost=0.00..163695.54 rows=10000054 width=20) (actual time=0.021..650.667 rows=10000000 loops=1)
 Planning time: 0.268 ms
 Execution time: 5659.571 ms
(7 rows)

===== 414 [Wed Mar  7 12:44:57 CET 2018] scale:10000000 groups:10000 work_mem:16MB incremental:off max_workers:2 =====
SELECT * FROM s_2 ORDER BY a, b, c
                                                          QUERY PLAN                                                           
-------------------------------------------------------------------------------------------------------------------------------
 Limit  (cost=1656460.22..1656460.22 rows=1 width=20) (actual time=4710.700..4710.700 rows=0 loops=1)
   ->  Sort  (cost=1531459.54..1556459.68 rows=10000054 width=20) (actual time=3667.868..4492.765 rows=10000000 loops=1)
         Sort Key: s_2.a, s_2.b, s_2.c
         Sort Method: external merge  Disk: 293904kB
         ->  Seq Scan on s_2  (cost=0.00..163695.54 rows=10000054 width=20) (actual time=0.022..646.174 rows=10000000 loops=1)
 Planning time: 0.286 ms
 Execution time: 4743.668 ms
(7 rows)

===== 415 [Wed Mar  7 12:45:21 CET 2018] scale:10000000 groups:10000 work_mem:16MB incremental:off max_workers:2 =====
SELECT * FROM s_3 ORDER BY a, b, c, d
                                                          QUERY PLAN                                                           
-------------------------------------------------------------------------------------------------------------------------------
 Limit  (cost=1656460.22..1656460.22 rows=1 width=20) (actual time=3165.447..3165.447 rows=0 loops=1)
   ->  Sort  (cost=1531459.54..1556459.68 rows=10000054 width=20) (actual time=2123.285..2947.613 rows=10000000 loops=1)
         Sort Key: s_3.a, s_3.b, s_3.c, s_3.d
         Sort Method: external merge  Disk: 293904kB
         ->  Seq Scan on s_3  (cost=0.00..163695.54 rows=10000054 width=20) (actual time=0.019..613.235 rows=10000000 loops=1)
 Planning time: 0.288 ms
 Execution time: 3198.583 ms
(7 rows)

===== 416 [Wed Mar  7 12:45:36 CET 2018] scale:10000000 groups:10000 work_mem:16MB incremental:off max_workers:2 =====
SELECT * FROM s_4 ORDER BY a, b, c, d, e
                                                          QUERY PLAN                                                          
------------------------------------------------------------------------------------------------------------------------------
 Limit  (cost=1656439.93..1656439.93 rows=1 width=20) (actual time=3050.607..3050.607 rows=0 loops=1)
   ->  Sort  (cost=1531440.69..1556440.54 rows=9999939 width=20) (actual time=2004.390..2832.948 rows=10000000 loops=1)
         Sort Key: s_4.a, s_4.b, s_4.c, s_4.d, s_4.e
         Sort Method: external merge  Disk: 293904kB
         ->  Seq Scan on s_4  (cost=0.00..163694.39 rows=9999939 width=20) (actual time=0.011..508.863 rows=10000000 loops=1)
 Planning time: 0.279 ms
 Execution time: 3083.727 ms
(7 rows)

===== 417 [Wed Mar  7 12:45:50 CET 2018] scale:10000000 groups:10000 work_mem:32MB incremental:on max_workers:2 =====
SELECT * FROM s_1 ORDER BY a, b
                                                                    QUERY PLAN                                                                    
--------------------------------------------------------------------------------------------------------------------------------------------------
 Limit  (cost=1100404.66..1100404.66 rows=1 width=20) (actual time=4989.160..4989.160 rows=0 loops=1)
   ->  Incremental Sort  (cost=87.10..1000404.12 rows=10000054 width=20) (actual time=0.356..4771.559 rows=10000000 loops=1)
         Sort Key: s_1.a, s_1.b
         Presorted Key: s_1.a
         Sort Method: quicksort  Memory: 135kB
         Sort Groups: 10001
         ->  Index Scan using s_1_a_idx on s_1  (cost=0.43..323387.25 rows=10000054 width=20) (actual time=0.051..1499.053 rows=10000000 loops=1)
 Planning time: 0.280 ms
 Execution time: 4989.196 ms
(9 rows)

===== 418 [Wed Mar  7 12:46:14 CET 2018] scale:10000000 groups:10000 work_mem:32MB incremental:on max_workers:2 =====
SELECT * FROM s_2 ORDER BY a, b, c
                                                                     QUERY PLAN                                                                     
----------------------------------------------------------------------------------------------------------------------------------------------------
 Limit  (cost=868084.54..868084.54 rows=1 width=20) (actual time=3169.161..3169.161 rows=0 loops=1)
   ->  Incremental Sort  (cost=1.01..768084.00 rows=10000054 width=20) (actual time=0.097..2949.139 rows=10000000 loops=1)
         Sort Key: s_2.a, s_2.b, s_2.c
         Presorted Key: s_2.a, s_2.b
         Sort Method: quicksort  Memory: 27kB
         Sort Groups: 312011
         ->  Index Scan using s_2_a_b_idx on s_2  (cost=0.43..406985.62 rows=10000054 width=20) (actual time=0.055..1451.654 rows=10000000 loops=1)
 Planning time: 0.330 ms
 Execution time: 3169.188 ms
(9 rows)

===== 419 [Wed Mar  7 12:46:28 CET 2018] scale:10000000 groups:10000 work_mem:32MB incremental:on max_workers:2 =====
SELECT * FROM s_3 ORDER BY a, b, c, d
                                                                      QUERY PLAN                                                                      
------------------------------------------------------------------------------------------------------------------------------------------------------
 Limit  (cost=912420.54..912420.54 rows=1 width=20) (actual time=2992.868..2992.868 rows=0 loops=1)
   ->  Incremental Sort  (cost=1.05..812420.00 rows=10000054 width=20) (actual time=0.084..2773.345 rows=10000000 loops=1)
         Sort Key: s_3.a, s_3.b, s_3.c, s_3.d
         Presorted Key: s_3.a, s_3.b, s_3.c
         Sort Method: quicksort  Memory: 27kB
         Sort Groups: 312500
         ->  Index Scan using s_3_a_b_c_idx on s_3  (cost=0.43..451321.62 rows=10000054 width=20) (actual time=0.036..1501.905 rows=10000000 loops=1)
 Planning time: 0.306 ms
 Execution time: 2992.893 ms
(9 rows)

===== 420 [Wed Mar  7 12:46:41 CET 2018] scale:10000000 groups:10000 work_mem:32MB incremental:on max_workers:2 =====
SELECT * FROM s_4 ORDER BY a, b, c, d, e
                                                                      QUERY PLAN                                                                       
-------------------------------------------------------------------------------------------------------------------------------------------------------
 Limit  (cost=912413.48..912413.48 rows=1 width=20) (actual time=3010.033..3010.033 rows=0 loops=1)
   ->  Incremental Sort  (cost=1.05..812414.09 rows=9999939 width=20) (actual time=0.082..2788.628 rows=10000000 loops=1)
         Sort Key: s_4.a, s_4.b, s_4.c, s_4.d, s_4.e
         Presorted Key: s_4.a, s_4.b, s_4.c, s_4.d
         Sort Method: quicksort  Memory: 27kB
         Sort Groups: 312500
         ->  Index Scan using s_4_a_b_c_d_idx on s_4  (cost=0.43..451319.90 rows=9999939 width=20) (actual time=0.036..1500.696 rows=10000000 loops=1)
 Planning time: 0.320 ms
 Execution time: 3010.057 ms
(9 rows)

===== 421 [Wed Mar  7 12:46:53 CET 2018] scale:10000000 groups:10000 work_mem:32MB incremental:off max_workers:2 =====
SELECT * FROM s_1 ORDER BY a, b
                                                          QUERY PLAN                                                           
-------------------------------------------------------------------------------------------------------------------------------
 Limit  (cost=1656460.22..1656460.22 rows=1 width=20) (actual time=5680.732..5680.732 rows=0 loops=1)
   ->  Sort  (cost=1531459.54..1556459.68 rows=10000054 width=20) (actual time=4638.391..5463.307 rows=10000000 loops=1)
         Sort Key: s_1.a, s_1.b
         Sort Method: external merge  Disk: 293576kB
         ->  Seq Scan on s_1  (cost=0.00..163695.54 rows=10000054 width=20) (actual time=0.020..650.196 rows=10000000 loops=1)
 Planning time: 0.262 ms
 Execution time: 5714.407 ms
(7 rows)

===== 422 [Wed Mar  7 12:47:23 CET 2018] scale:10000000 groups:10000 work_mem:32MB incremental:off max_workers:2 =====
SELECT * FROM s_2 ORDER BY a, b, c
                                                          QUERY PLAN                                                           
-------------------------------------------------------------------------------------------------------------------------------
 Limit  (cost=1656460.22..1656460.22 rows=1 width=20) (actual time=4704.664..4704.664 rows=0 loops=1)
   ->  Sort  (cost=1531459.54..1556459.68 rows=10000054 width=20) (actual time=3666.773..4486.916 rows=10000000 loops=1)
         Sort Key: s_2.a, s_2.b, s_2.c
         Sort Method: external merge  Disk: 293576kB
         ->  Seq Scan on s_2  (cost=0.00..163695.54 rows=10000054 width=20) (actual time=0.022..648.108 rows=10000000 loops=1)
 Planning time: 0.261 ms
 Execution time: 4738.310 ms
(7 rows)

===== 423 [Wed Mar  7 12:47:48 CET 2018] scale:10000000 groups:10000 work_mem:32MB incremental:off max_workers:2 =====
SELECT * FROM s_3 ORDER BY a, b, c, d
                                                          QUERY PLAN                                                           
-------------------------------------------------------------------------------------------------------------------------------
 Limit  (cost=1656460.22..1656460.22 rows=1 width=20) (actual time=3207.786..3207.786 rows=0 loops=1)
   ->  Sort  (cost=1531459.54..1556459.68 rows=10000054 width=20) (actual time=2167.577..2990.238 rows=10000000 loops=1)
         Sort Key: s_3.a, s_3.b, s_3.c, s_3.d
         Sort Method: external merge  Disk: 293576kB
         ->  Seq Scan on s_3  (cost=0.00..163695.54 rows=10000054 width=20) (actual time=0.019..611.992 rows=10000000 loops=1)
 Planning time: 0.281 ms
 Execution time: 3241.361 ms
(7 rows)

===== 424 [Wed Mar  7 12:48:03 CET 2018] scale:10000000 groups:10000 work_mem:32MB incremental:off max_workers:2 =====
SELECT * FROM s_4 ORDER BY a, b, c, d, e
                                                          QUERY PLAN                                                          
------------------------------------------------------------------------------------------------------------------------------
 Limit  (cost=1656439.93..1656439.93 rows=1 width=20) (actual time=3011.074..3011.074 rows=0 loops=1)
   ->  Sort  (cost=1531440.69..1556440.54 rows=9999939 width=20) (actual time=1966.325..2793.587 rows=10000000 loops=1)
         Sort Key: s_4.a, s_4.b, s_4.c, s_4.d, s_4.e
         Sort Method: external merge  Disk: 293576kB
         ->  Seq Scan on s_4  (cost=0.00..163694.39 rows=9999939 width=20) (actual time=0.011..509.221 rows=10000000 loops=1)
 Planning time: 0.267 ms
 Execution time: 3044.594 ms
(7 rows)

===== 425 [Wed Mar  7 12:48:17 CET 2018] scale:10000000 groups:10000 work_mem:64MB incremental:on max_workers:2 =====
SELECT * FROM s_1 ORDER BY a, b
                                                                    QUERY PLAN                                                                    
--------------------------------------------------------------------------------------------------------------------------------------------------
 Limit  (cost=1100404.66..1100404.66 rows=1 width=20) (actual time=4989.920..4989.920 rows=0 loops=1)
   ->  Incremental Sort  (cost=87.10..1000404.12 rows=10000054 width=20) (actual time=0.363..4772.319 rows=10000000 loops=1)
         Sort Key: s_1.a, s_1.b
         Presorted Key: s_1.a
         Sort Method: quicksort  Memory: 135kB
         Sort Groups: 10001
         ->  Index Scan using s_1_a_idx on s_1  (cost=0.43..323387.25 rows=10000054 width=20) (actual time=0.057..1499.152 rows=10000000 loops=1)
 Planning time: 0.277 ms
 Execution time: 4989.956 ms
(9 rows)

===== 426 [Wed Mar  7 12:48:41 CET 2018] scale:10000000 groups:10000 work_mem:64MB incremental:on max_workers:2 =====
SELECT * FROM s_2 ORDER BY a, b, c
                                                                     QUERY PLAN                                                                     
----------------------------------------------------------------------------------------------------------------------------------------------------
 Limit  (cost=868084.54..868084.54 rows=1 width=20) (actual time=3168.075..3168.075 rows=0 loops=1)
   ->  Incremental Sort  (cost=1.01..768084.00 rows=10000054 width=20) (actual time=0.099..2948.099 rows=10000000 loops=1)
         Sort Key: s_2.a, s_2.b, s_2.c
         Presorted Key: s_2.a, s_2.b
         Sort Method: quicksort  Memory: 27kB
         Sort Groups: 312011
         ->  Index Scan using s_2_a_b_idx on s_2  (cost=0.43..406985.62 rows=10000054 width=20) (actual time=0.055..1450.886 rows=10000000 loops=1)
 Planning time: 0.313 ms
 Execution time: 3168.099 ms
(9 rows)

===== 427 [Wed Mar  7 12:48:55 CET 2018] scale:10000000 groups:10000 work_mem:64MB incremental:on max_workers:2 =====
SELECT * FROM s_3 ORDER BY a, b, c, d
                                                                      QUERY PLAN                                                                      
------------------------------------------------------------------------------------------------------------------------------------------------------
 Limit  (cost=912420.54..912420.54 rows=1 width=20) (actual time=2992.969..2992.969 rows=0 loops=1)
   ->  Incremental Sort  (cost=1.05..812420.00 rows=10000054 width=20) (actual time=0.087..2773.372 rows=10000000 loops=1)
         Sort Key: s_3.a, s_3.b, s_3.c, s_3.d
         Presorted Key: s_3.a, s_3.b, s_3.c
         Sort Method: quicksort  Memory: 27kB
         Sort Groups: 312500
         ->  Index Scan using s_3_a_b_c_idx on s_3  (cost=0.43..451321.62 rows=10000054 width=20) (actual time=0.040..1502.536 rows=10000000 loops=1)
 Planning time: 0.298 ms
 Execution time: 2992.994 ms
(9 rows)

===== 428 [Wed Mar  7 12:49:07 CET 2018] scale:10000000 groups:10000 work_mem:64MB incremental:on max_workers:2 =====
SELECT * FROM s_4 ORDER BY a, b, c, d, e
                                                                      QUERY PLAN                                                                       
-------------------------------------------------------------------------------------------------------------------------------------------------------
 Limit  (cost=912413.48..912413.48 rows=1 width=20) (actual time=3008.467..3008.467 rows=0 loops=1)
   ->  Incremental Sort  (cost=1.05..812414.09 rows=9999939 width=20) (actual time=0.091..2787.085 rows=10000000 loops=1)
         Sort Key: s_4.a, s_4.b, s_4.c, s_4.d, s_4.e
         Presorted Key: s_4.a, s_4.b, s_4.c, s_4.d
         Sort Method: quicksort  Memory: 27kB
         Sort Groups: 312500
         ->  Index Scan using s_4_a_b_c_d_idx on s_4  (cost=0.43..451319.90 rows=9999939 width=20) (actual time=0.043..1499.533 rows=10000000 loops=1)
 Planning time: 0.313 ms
 Execution time: 3008.491 ms
(9 rows)

===== 429 [Wed Mar  7 12:49:20 CET 2018] scale:10000000 groups:10000 work_mem:64MB incremental:off max_workers:2 =====
SELECT * FROM s_1 ORDER BY a, b
                                                          QUERY PLAN                                                           
-------------------------------------------------------------------------------------------------------------------------------
 Limit  (cost=1656460.22..1656460.22 rows=1 width=20) (actual time=5767.650..5767.650 rows=0 loops=1)
   ->  Sort  (cost=1531459.54..1556459.68 rows=10000054 width=20) (actual time=4719.889..5550.077 rows=10000000 loops=1)
         Sort Key: s_1.a, s_1.b
         Sort Method: external merge  Disk: 293648kB
         ->  Seq Scan on s_1  (cost=0.00..163695.54 rows=10000054 width=20) (actual time=0.020..650.897 rows=10000000 loops=1)
 Planning time: 0.252 ms
 Execution time: 5802.427 ms
(7 rows)

===== 430 [Wed Mar  7 12:49:51 CET 2018] scale:10000000 groups:10000 work_mem:64MB incremental:off max_workers:2 =====
SELECT * FROM s_2 ORDER BY a, b, c
                                                          QUERY PLAN                                                           
-------------------------------------------------------------------------------------------------------------------------------
 Limit  (cost=1656460.22..1656460.22 rows=1 width=20) (actual time=4807.284..4807.284 rows=0 loops=1)
   ->  Sort  (cost=1531459.54..1556459.68 rows=10000054 width=20) (actual time=3765.061..4589.522 rows=10000000 loops=1)
         Sort Key: s_2.a, s_2.b, s_2.c
         Sort Method: external merge  Disk: 293648kB
         ->  Seq Scan on s_2  (cost=0.00..163695.54 rows=10000054 width=20) (actual time=0.023..649.666 rows=10000000 loops=1)
 Planning time: 0.260 ms
 Execution time: 4842.020 ms
(7 rows)

===== 431 [Wed Mar  7 12:50:16 CET 2018] scale:10000000 groups:10000 work_mem:64MB incremental:off max_workers:2 =====
SELECT * FROM s_3 ORDER BY a, b, c, d
                                                          QUERY PLAN                                                           
-------------------------------------------------------------------------------------------------------------------------------
 Limit  (cost=1656460.22..1656460.22 rows=1 width=20) (actual time=3362.109..3362.109 rows=0 loops=1)
   ->  Sort  (cost=1531459.54..1556459.68 rows=10000054 width=20) (actual time=2313.274..3144.451 rows=10000000 loops=1)
         Sort Key: s_3.a, s_3.b, s_3.c, s_3.d
         Sort Method: external merge  Disk: 293648kB
         ->  Seq Scan on s_3  (cost=0.00..163695.54 rows=10000054 width=20) (actual time=0.019..615.202 rows=10000000 loops=1)
 Planning time: 0.283 ms
 Execution time: 3396.804 ms
(7 rows)

===== 432 [Wed Mar  7 12:50:32 CET 2018] scale:10000000 groups:10000 work_mem:64MB incremental:off max_workers:2 =====
SELECT * FROM s_4 ORDER BY a, b, c, d, e
                                                          QUERY PLAN                                                          
------------------------------------------------------------------------------------------------------------------------------
 Limit  (cost=1656439.93..1656439.93 rows=1 width=20) (actual time=3043.756..3043.756 rows=0 loops=1)
   ->  Sort  (cost=1531440.69..1556440.54 rows=9999939 width=20) (actual time=1995.956..2826.306 rows=10000000 loops=1)
         Sort Key: s_4.a, s_4.b, s_4.c, s_4.d, s_4.e
         Sort Method: external merge  Disk: 293648kB
         ->  Seq Scan on s_4  (cost=0.00..163694.39 rows=9999939 width=20) (actual time=0.011..511.940 rows=10000000 loops=1)
 Planning time: 0.264 ms
 Execution time: 3078.395 ms
(7 rows)

===== 433 [Wed Mar  7 12:50:46 CET 2018] scale:10000000 groups:10000 work_mem:128MB incremental:on max_workers:2 =====
SELECT * FROM s_1 ORDER BY a, b
                                                                    QUERY PLAN                                                                    
--------------------------------------------------------------------------------------------------------------------------------------------------
 Limit  (cost=1100404.66..1100404.66 rows=1 width=20) (actual time=4989.350..4989.350 rows=0 loops=1)
   ->  Incremental Sort  (cost=87.10..1000404.12 rows=10000054 width=20) (actual time=0.352..4771.704 rows=10000000 loops=1)
         Sort Key: s_1.a, s_1.b
         Presorted Key: s_1.a
         Sort Method: quicksort  Memory: 135kB
         Sort Groups: 10001
         ->  Index Scan using s_1_a_idx on s_1  (cost=0.43..323387.25 rows=10000054 width=20) (actual time=0.059..1499.499 rows=10000000 loops=1)
 Planning time: 0.258 ms
 Execution time: 4989.384 ms
(9 rows)

===== 434 [Wed Mar  7 12:51:10 CET 2018] scale:10000000 groups:10000 work_mem:128MB incremental:on max_workers:2 =====
SELECT * FROM s_2 ORDER BY a, b, c
                                                                     QUERY PLAN                                                                     
----------------------------------------------------------------------------------------------------------------------------------------------------
 Limit  (cost=868084.54..868084.54 rows=1 width=20) (actual time=3169.371..3169.371 rows=0 loops=1)
   ->  Incremental Sort  (cost=1.01..768084.00 rows=10000054 width=20) (actual time=0.096..2949.376 rows=10000000 loops=1)
         Sort Key: s_2.a, s_2.b, s_2.c
         Presorted Key: s_2.a, s_2.b
         Sort Method: quicksort  Memory: 27kB
         Sort Groups: 312011
         ->  Index Scan using s_2_a_b_idx on s_2  (cost=0.43..406985.62 rows=10000054 width=20) (actual time=0.048..1451.483 rows=10000000 loops=1)
 Planning time: 0.316 ms
 Execution time: 3169.396 ms
(9 rows)

===== 435 [Wed Mar  7 12:51:24 CET 2018] scale:10000000 groups:10000 work_mem:128MB incremental:on max_workers:2 =====
SELECT * FROM s_3 ORDER BY a, b, c, d
                                                                      QUERY PLAN                                                                      
------------------------------------------------------------------------------------------------------------------------------------------------------
 Limit  (cost=912420.54..912420.54 rows=1 width=20) (actual time=2994.304..2994.304 rows=0 loops=1)
   ->  Incremental Sort  (cost=1.05..812420.00 rows=10000054 width=20) (actual time=0.094..2774.743 rows=10000000 loops=1)
         Sort Key: s_3.a, s_3.b, s_3.c, s_3.d
         Presorted Key: s_3.a, s_3.b, s_3.c
         Sort Method: quicksort  Memory: 27kB
         Sort Groups: 312500
         ->  Index Scan using s_3_a_b_c_idx on s_3  (cost=0.43..451321.62 rows=10000054 width=20) (actual time=0.039..1504.221 rows=10000000 loops=1)
 Planning time: 0.311 ms
 Execution time: 2994.329 ms
(9 rows)

===== 436 [Wed Mar  7 12:51:36 CET 2018] scale:10000000 groups:10000 work_mem:128MB incremental:on max_workers:2 =====
SELECT * FROM s_4 ORDER BY a, b, c, d, e
                                                                      QUERY PLAN                                                                       
-------------------------------------------------------------------------------------------------------------------------------------------------------
 Limit  (cost=912413.48..912413.48 rows=1 width=20) (actual time=3017.432..3017.432 rows=0 loops=1)
   ->  Incremental Sort  (cost=1.05..812414.09 rows=9999939 width=20) (actual time=0.096..2795.995 rows=10000000 loops=1)
         Sort Key: s_4.a, s_4.b, s_4.c, s_4.d, s_4.e
         Presorted Key: s_4.a, s_4.b, s_4.c, s_4.d
         Sort Method: quicksort  Memory: 27kB
         Sort Groups: 312500
         ->  Index Scan using s_4_a_b_c_d_idx on s_4  (cost=0.43..451319.90 rows=9999939 width=20) (actual time=0.039..1504.773 rows=10000000 loops=1)
 Planning time: 0.313 ms
 Execution time: 3017.456 ms
(9 rows)

===== 437 [Wed Mar  7 12:51:49 CET 2018] scale:10000000 groups:10000 work_mem:128MB incremental:off max_workers:2 =====
SELECT * FROM s_1 ORDER BY a, b
                                                          QUERY PLAN                                                           
-------------------------------------------------------------------------------------------------------------------------------
 Limit  (cost=1656460.22..1656460.22 rows=1 width=20) (actual time=5897.202..5897.202 rows=0 loops=1)
   ->  Sort  (cost=1531459.54..1556459.68 rows=10000054 width=20) (actual time=4857.651..5679.799 rows=10000000 loops=1)
         Sort Key: s_1.a, s_1.b
         Sort Method: external merge  Disk: 293568kB
         ->  Seq Scan on s_1  (cost=0.00..163695.54 rows=10000054 width=20) (actual time=0.019..656.001 rows=10000000 loops=1)
 Planning time: 0.261 ms
 Execution time: 5933.095 ms
(7 rows)

===== 438 [Wed Mar  7 12:52:21 CET 2018] scale:10000000 groups:10000 work_mem:128MB incremental:off max_workers:2 =====
SELECT * FROM s_2 ORDER BY a, b, c
                                                          QUERY PLAN                                                           
-------------------------------------------------------------------------------------------------------------------------------
 Limit  (cost=1656460.22..1656460.22 rows=1 width=20) (actual time=4922.356..4922.356 rows=0 loops=1)
   ->  Sort  (cost=1531459.54..1556459.68 rows=10000054 width=20) (actual time=3889.500..4704.670 rows=10000000 loops=1)
         Sort Key: s_2.a, s_2.b, s_2.c
         Sort Method: external merge  Disk: 293568kB
         ->  Seq Scan on s_2  (cost=0.00..163695.54 rows=10000054 width=20) (actual time=0.028..654.775 rows=10000000 loops=1)
 Planning time: 0.273 ms
 Execution time: 4958.239 ms
(7 rows)

===== 439 [Wed Mar  7 12:52:46 CET 2018] scale:10000000 groups:10000 work_mem:128MB incremental:off max_workers:2 =====
SELECT * FROM s_3 ORDER BY a, b, c, d
                                                          QUERY PLAN                                                           
-------------------------------------------------------------------------------------------------------------------------------
 Limit  (cost=1656460.22..1656460.22 rows=1 width=20) (actual time=3530.519..3530.519 rows=0 loops=1)
   ->  Sort  (cost=1531459.54..1556459.68 rows=10000054 width=20) (actual time=2489.519..3313.067 rows=10000000 loops=1)
         Sort Key: s_3.a, s_3.b, s_3.c, s_3.d
         Sort Method: external merge  Disk: 293568kB
         ->  Seq Scan on s_3  (cost=0.00..163695.54 rows=10000054 width=20) (actual time=0.019..619.120 rows=10000000 loops=1)
 Planning time: 0.279 ms
 Execution time: 3566.628 ms
(7 rows)

===== 440 [Wed Mar  7 12:53:03 CET 2018] scale:10000000 groups:10000 work_mem:128MB incremental:off max_workers:2 =====
SELECT * FROM s_4 ORDER BY a, b, c, d, e
                                                          QUERY PLAN                                                          
------------------------------------------------------------------------------------------------------------------------------
 Limit  (cost=1656439.93..1656439.93 rows=1 width=20) (actual time=3099.945..3099.945 rows=0 loops=1)
   ->  Sort  (cost=1531440.69..1556440.54 rows=9999939 width=20) (actual time=2059.903..2882.797 rows=10000000 loops=1)
         Sort Key: s_4.a, s_4.b, s_4.c, s_4.d, s_4.e
         Sort Method: external merge  Disk: 293568kB
         ->  Seq Scan on s_4  (cost=0.00..163694.39 rows=9999939 width=20) (actual time=0.012..517.080 rows=10000000 loops=1)
 Planning time: 0.267 ms
 Execution time: 3136.183 ms
(7 rows)

===== 441 [Wed Mar  7 12:53:18 CET 2018] scale:10000000 groups:10000 work_mem:256MB incremental:on max_workers:2 =====
SELECT * FROM s_1 ORDER BY a, b
                                                                    QUERY PLAN                                                                    
--------------------------------------------------------------------------------------------------------------------------------------------------
 Limit  (cost=1100404.66..1100404.66 rows=1 width=20) (actual time=4992.272..4992.272 rows=0 loops=1)
   ->  Incremental Sort  (cost=87.10..1000404.12 rows=10000054 width=20) (actual time=0.366..4774.594 rows=10000000 loops=1)
         Sort Key: s_1.a, s_1.b
         Presorted Key: s_1.a
         Sort Method: quicksort  Memory: 135kB
         Sort Groups: 10001
         ->  Index Scan using s_1_a_idx on s_1  (cost=0.43..323387.25 rows=10000054 width=20) (actual time=0.051..1502.022 rows=10000000 loops=1)
 Planning time: 0.274 ms
 Execution time: 4992.307 ms
(9 rows)

===== 442 [Wed Mar  7 12:53:42 CET 2018] scale:10000000 groups:10000 work_mem:256MB incremental:on max_workers:2 =====
SELECT * FROM s_2 ORDER BY a, b, c
                                                                     QUERY PLAN                                                                     
----------------------------------------------------------------------------------------------------------------------------------------------------
 Limit  (cost=868084.54..868084.54 rows=1 width=20) (actual time=3173.304..3173.304 rows=0 loops=1)
   ->  Incremental Sort  (cost=1.01..768084.00 rows=10000054 width=20) (actual time=0.095..2953.318 rows=10000000 loops=1)
         Sort Key: s_2.a, s_2.b, s_2.c
         Presorted Key: s_2.a, s_2.b
         Sort Method: quicksort  Memory: 27kB
         Sort Groups: 312011
         ->  Index Scan using s_2_a_b_idx on s_2  (cost=0.43..406985.62 rows=10000054 width=20) (actual time=0.053..1455.407 rows=10000000 loops=1)
 Planning time: 0.341 ms
 Execution time: 3173.328 ms
(9 rows)

===== 443 [Wed Mar  7 12:53:56 CET 2018] scale:10000000 groups:10000 work_mem:256MB incremental:on max_workers:2 =====
SELECT * FROM s_3 ORDER BY a, b, c, d
                                                                      QUERY PLAN                                                                      
------------------------------------------------------------------------------------------------------------------------------------------------------
 Limit  (cost=912420.54..912420.54 rows=1 width=20) (actual time=2994.063..2994.063 rows=0 loops=1)
   ->  Incremental Sort  (cost=1.05..812420.00 rows=10000054 width=20) (actual time=0.083..2774.511 rows=10000000 loops=1)
         Sort Key: s_3.a, s_3.b, s_3.c, s_3.d
         Presorted Key: s_3.a, s_3.b, s_3.c
         Sort Method: quicksort  Memory: 27kB
         Sort Groups: 312500
         ->  Index Scan using s_3_a_b_c_idx on s_3  (cost=0.43..451321.62 rows=10000054 width=20) (actual time=0.038..1503.698 rows=10000000 loops=1)
 Planning time: 0.323 ms
 Execution time: 2994.088 ms
(9 rows)

===== 444 [Wed Mar  7 12:54:08 CET 2018] scale:10000000 groups:10000 work_mem:256MB incremental:on max_workers:2 =====
SELECT * FROM s_4 ORDER BY a, b, c, d, e
                                                                      QUERY PLAN                                                                       
-------------------------------------------------------------------------------------------------------------------------------------------------------
 Limit  (cost=912413.48..912413.48 rows=1 width=20) (actual time=3012.929..3012.929 rows=0 loops=1)
   ->  Incremental Sort  (cost=1.05..812414.09 rows=9999939 width=20) (actual time=0.084..2791.515 rows=10000000 loops=1)
         Sort Key: s_4.a, s_4.b, s_4.c, s_4.d, s_4.e
         Presorted Key: s_4.a, s_4.b, s_4.c, s_4.d
         Sort Method: quicksort  Memory: 27kB
         Sort Groups: 312500
         ->  Index Scan using s_4_a_b_c_d_idx on s_4  (cost=0.43..451319.90 rows=9999939 width=20) (actual time=0.038..1500.638 rows=10000000 loops=1)
 Planning time: 0.334 ms
 Execution time: 3012.954 ms
(9 rows)

===== 445 [Wed Mar  7 12:54:21 CET 2018] scale:10000000 groups:10000 work_mem:256MB incremental:off max_workers:2 =====
SELECT * FROM s_1 ORDER BY a, b
                                                                 QUERY PLAN                                                                 
--------------------------------------------------------------------------------------------------------------------------------------------
 Limit  (cost=1620128.26..1620128.26 rows=1 width=20) (actual time=3859.419..3859.419 rows=0 loops=1)
   ->  Gather Merge  (cost=564499.16..1536794.48 rows=8333378 width=20) (actual time=1746.158..3624.222 rows=10000000 loops=1)
         Workers Planned: 2
         Workers Launched: 2
         ->  Sort  (cost=563499.14..573915.86 rows=4166689 width=20) (actual time=1743.170..2017.900 rows=3333333 loops=3)
               Sort Key: s_1.a, s_1.b
               Sort Method: external merge  Disk: 97872kB
               Worker 0:  Sort Method: external merge  Disk: 97832kB
               Worker 1:  Sort Method: external merge  Disk: 97856kB
               ->  Parallel Seq Scan on s_1  (cost=0.00..105361.89 rows=4166689 width=20) (actual time=0.017..244.474 rows=3333333 loops=3)
 Planning time: 0.295 ms
 Execution time: 3888.375 ms
(12 rows)

===== 446 [Wed Mar  7 12:54:41 CET 2018] scale:10000000 groups:10000 work_mem:256MB incremental:off max_workers:2 =====
SELECT * FROM s_2 ORDER BY a, b, c
                                                                 QUERY PLAN                                                                 
--------------------------------------------------------------------------------------------------------------------------------------------
 Limit  (cost=1620128.26..1620128.26 rows=1 width=20) (actual time=3350.452..3350.452 rows=0 loops=1)
   ->  Gather Merge  (cost=564499.16..1536794.48 rows=8333378 width=20) (actual time=1457.409..3116.338 rows=10000000 loops=1)
         Workers Planned: 2
         Workers Launched: 2
         ->  Sort  (cost=563499.14..573915.86 rows=4166689 width=20) (actual time=1454.984..1726.029 rows=3333333 loops=3)
               Sort Key: s_2.a, s_2.b, s_2.c
               Sort Method: external merge  Disk: 97760kB
               Worker 0:  Sort Method: external merge  Disk: 98056kB
               Worker 1:  Sort Method: external merge  Disk: 97744kB
               ->  Parallel Seq Scan on s_2  (cost=0.00..105361.89 rows=4166689 width=20) (actual time=0.028..243.883 rows=3333333 loops=3)
 Planning time: 0.298 ms
 Execution time: 3378.274 ms
(12 rows)

===== 447 [Wed Mar  7 12:54:57 CET 2018] scale:10000000 groups:10000 work_mem:256MB incremental:off max_workers:2 =====
SELECT * FROM s_3 ORDER BY a, b, c, d
                                                                 QUERY PLAN                                                                 
--------------------------------------------------------------------------------------------------------------------------------------------
 Limit  (cost=1620128.26..1620128.26 rows=1 width=20) (actual time=2948.190..2948.190 rows=0 loops=1)
   ->  Gather Merge  (cost=564499.16..1536794.48 rows=8333378 width=20) (actual time=1048.964..2727.196 rows=10000000 loops=1)
         Workers Planned: 2
         Workers Launched: 2
         ->  Sort  (cost=563499.14..573915.86 rows=4166689 width=20) (actual time=976.052..1246.995 rows=3333333 loops=3)
               Sort Key: s_3.a, s_3.b, s_3.c, s_3.d
               Sort Method: external merge  Disk: 92560kB
               Worker 0:  Sort Method: external merge  Disk: 87816kB
               Worker 1:  Sort Method: external merge  Disk: 113184kB
               ->  Parallel Seq Scan on s_3  (cost=0.00..105361.89 rows=4166689 width=20) (actual time=0.023..235.218 rows=3333333 loops=3)
 Planning time: 0.298 ms
 Execution time: 2983.892 ms
(12 rows)

===== 448 [Wed Mar  7 12:55:12 CET 2018] scale:10000000 groups:10000 work_mem:256MB incremental:off max_workers:2 =====
SELECT * FROM s_4 ORDER BY a, b, c, d, e
                                                                 QUERY PLAN                                                                 
--------------------------------------------------------------------------------------------------------------------------------------------
 Limit  (cost=1620109.99..1620109.99 rows=1 width=20) (actual time=2737.681..2737.681 rows=0 loops=1)
   ->  Gather Merge  (cost=564493.06..1536777.17 rows=8333282 width=20) (actual time=863.864..2516.949 rows=10000000 loops=1)
         Workers Planned: 2
         Workers Launched: 2
         ->  Sort  (cost=563493.04..573909.64 rows=4166641 width=20) (actual time=861.665..1134.185 rows=3333333 loops=3)
               Sort Key: s_4.a, s_4.b, s_4.c, s_4.d, s_4.e
               Sort Method: external merge  Disk: 98160kB
               Worker 0:  Sort Method: external merge  Disk: 98424kB
               Worker 1:  Sort Method: external merge  Disk: 96976kB
               ->  Parallel Seq Scan on s_4  (cost=0.00..105361.41 rows=4166641 width=20) (actual time=0.008..206.040 rows=3333333 loops=3)
 Planning time: 0.285 ms
 Execution time: 2780.856 ms
(12 rows)

