===== 1 [Wed Mar  7 12:56:45 CET 2018] scale:10000000 groups:10 work_mem:4MB incremental:on max_workers:0 =====
SELECT * FROM s_1 ORDER BY a, b LIMIT 100000
                                                                     QUERY PLAN                                                                     
----------------------------------------------------------------------------------------------------------------------------------------------------
 Limit  (cost=140767.28..140767.28 rows=1 width=20) (actual time=203.470..203.470 rows=0 loops=1)
   ->  Limit  (cost=138017.28..139767.28 rows=100000 width=20) (actual time=184.414..200.741 rows=100000 loops=1)
         ->  Incremental Sort  (cost=138017.28..313018.45 rows=10000054 width=20) (actual time=184.413..195.022 rows=100000 loops=1)
               Sort Key: s_1.a, s_1.b
               Presorted Key: s_1.a
               Sort Method: external merge  Disk: 14680kB
               Sort Groups: 1
               ->  Index Scan using s_1_a_idx on s_1  (cost=0.43..323387.25 rows=10000054 width=20) (actual time=0.041..76.646 rows=499794 loops=1)
 Planning time: 0.265 ms
 Execution time: 204.982 ms
(10 rows)

===== 2 [Wed Mar  7 12:56:46 CET 2018] scale:10000000 groups:10 work_mem:4MB incremental:on max_workers:0 =====
SELECT * FROM s_2 ORDER BY a, b, c LIMIT 100000
                                                                      QUERY PLAN                                                                      
------------------------------------------------------------------------------------------------------------------------------------------------------
 Limit  (cost=12885.10..12885.10 rows=1 width=20) (actual time=70.479..70.479 rows=0 loops=1)
   ->  Limit  (cost=10113.84..11885.10 rows=100000 width=20) (actual time=9.879..67.757 rows=100000 loops=1)
         ->  Incremental Sort  (cost=10113.84..187240.95 rows=10000054 width=20) (actual time=9.878..62.096 rows=100000 loops=1)
               Sort Key: s_2.a, s_2.b, s_2.c
               Presorted Key: s_2.a, s_2.b
               Sort Method: external merge  Disk: 1480kB
               Sort Groups: 3
               ->  Index Scan using s_2_a_b_idx on s_2  (cost=0.43..406985.62 rows=10000054 width=20) (actual time=0.037..19.861 rows=125418 loops=1)
 Planning time: 0.287 ms
 Execution time: 70.745 ms
(10 rows)

===== 3 [Wed Mar  7 12:56:47 CET 2018] scale:10000000 groups:10 work_mem:4MB incremental:on max_workers:0 =====
SELECT * FROM s_3 ORDER BY a, b, c, d LIMIT 100000
                                                                       QUERY PLAN                                                                       
--------------------------------------------------------------------------------------------------------------------------------------------------------
 Limit  (cost=3674.73..3674.73 rows=1 width=20) (actual time=53.089..53.089 rows=0 loops=1)
   ->  Limit  (cost=823.19..2674.73 rows=100000 width=20) (actual time=0.624..50.334 rows=100000 loops=1)
         ->  Incremental Sort  (cost=823.19..185978.79 rows=10000054 width=20) (actual time=0.624..44.873 rows=100000 loops=1)
               Sort Key: s_3.a, s_3.b, s_3.c, s_3.d
               Presorted Key: s_3.a, s_3.b, s_3.c
               Sort Method: quicksort  Memory: 589kB
               Sort Groups: 28
               ->  Index Scan using s_3_a_b_c_idx on s_3  (cost=0.43..451321.62 rows=10000054 width=20) (actual time=0.030..16.601 rows=102739 loops=1)
 Planning time: 0.289 ms
 Execution time: 53.127 ms
(10 rows)

===== 4 [Wed Mar  7 12:56:47 CET 2018] scale:10000000 groups:10 work_mem:4MB incremental:on max_workers:0 =====
SELECT * FROM s_4 ORDER BY a, b, c, d, e LIMIT 100000
                                                                       QUERY PLAN                                                                        
---------------------------------------------------------------------------------------------------------------------------------------------------------
 Limit  (cost=2907.93..2907.93 rows=1 width=20) (actual time=54.390..54.390 rows=0 loops=1)
   ->  Limit  (cost=63.42..1907.93 rows=100000 width=20) (actual time=0.109..51.624 rows=100000 loops=1)
         ->  Incremental Sort  (cost=63.42..184513.29 rows=9999939 width=20) (actual time=0.109..46.144 rows=100000 loops=1)
               Sort Key: s_4.a, s_4.b, s_4.c, s_4.d, s_4.e
               Presorted Key: s_4.a, s_4.b, s_4.c, s_4.d
               Sort Method: quicksort  Memory: 68kB
               Sort Groups: 303
               ->  Index Scan using s_4_a_b_c_d_idx on s_4  (cost=0.43..451319.90 rows=9999939 width=20) (actual time=0.038..16.030 rows=100414 loops=1)
 Planning time: 0.272 ms
 Execution time: 54.415 ms
(10 rows)

===== 5 [Wed Mar  7 12:56:47 CET 2018] scale:10000000 groups:10 work_mem:4MB incremental:off max_workers:0 =====
SELECT * FROM s_1 ORDER BY a, b LIMIT 100000
                                                             QUERY PLAN                                                              
-------------------------------------------------------------------------------------------------------------------------------------
 Limit  (cost=1737792.04..1737792.04 rows=1 width=20) (actual time=4295.588..4295.588 rows=0 loops=1)
   ->  Limit  (cost=1736542.04..1736792.04 rows=100000 width=20) (actual time=4277.065..4292.742 rows=100000 loops=1)
         ->  Sort  (cost=1736542.04..1761542.18 rows=10000054 width=20) (actual time=4277.064..4287.011 rows=100000 loops=1)
               Sort Key: s_1.a, s_1.b
               Sort Method: external merge  Disk: 293600kB
               ->  Seq Scan on s_1  (cost=0.00..163695.54 rows=10000054 width=20) (actual time=0.007..643.873 rows=10000000 loops=1)
 Planning time: 0.271 ms
 Execution time: 4323.346 ms
(8 rows)

===== 6 [Wed Mar  7 12:57:11 CET 2018] scale:10000000 groups:10 work_mem:4MB incremental:off max_workers:0 =====
SELECT * FROM s_2 ORDER BY a, b, c LIMIT 100000
                                                             QUERY PLAN                                                              
-------------------------------------------------------------------------------------------------------------------------------------
 Limit  (cost=1737792.04..1737792.04 rows=1 width=20) (actual time=4628.829..4628.829 rows=0 loops=1)
   ->  Limit  (cost=1736542.04..1736792.04 rows=100000 width=20) (actual time=4610.190..4625.996 rows=100000 loops=1)
         ->  Sort  (cost=1736542.04..1761542.18 rows=10000054 width=20) (actual time=4610.190..4620.253 rows=100000 loops=1)
               Sort Key: s_2.a, s_2.b, s_2.c
               Sort Method: external merge  Disk: 293600kB
               ->  Seq Scan on s_2  (cost=0.00..163695.54 rows=10000054 width=20) (actual time=0.007..638.348 rows=10000000 loops=1)
 Planning time: 0.283 ms
 Execution time: 4656.604 ms
(8 rows)

===== 7 [Wed Mar  7 12:57:37 CET 2018] scale:10000000 groups:10 work_mem:4MB incremental:off max_workers:0 =====
SELECT * FROM s_3 ORDER BY a, b, c, d LIMIT 100000
                                                             QUERY PLAN                                                              
-------------------------------------------------------------------------------------------------------------------------------------
 Limit  (cost=1737792.04..1737792.04 rows=1 width=20) (actual time=5259.705..5259.705 rows=0 loops=1)
   ->  Limit  (cost=1736542.04..1736792.04 rows=100000 width=20) (actual time=5241.070..5256.885 rows=100000 loops=1)
         ->  Sort  (cost=1736542.04..1761542.18 rows=10000054 width=20) (actual time=5241.069..5251.143 rows=100000 loops=1)
               Sort Key: s_3.a, s_3.b, s_3.c, s_3.d
               Sort Method: external merge  Disk: 293600kB
               ->  Seq Scan on s_3  (cost=0.00..163695.54 rows=10000054 width=20) (actual time=0.007..643.280 rows=10000000 loops=1)
 Planning time: 0.277 ms
 Execution time: 5287.603 ms
(8 rows)

===== 8 [Wed Mar  7 12:58:06 CET 2018] scale:10000000 groups:10 work_mem:4MB incremental:off max_workers:0 =====
SELECT * FROM s_4 ORDER BY a, b, c, d, e LIMIT 100000
                                                             QUERY PLAN                                                             
------------------------------------------------------------------------------------------------------------------------------------
 Limit  (cost=1737769.69..1737769.69 rows=1 width=20) (actual time=6423.838..6423.838 rows=0 loops=1)
   ->  Limit  (cost=1736519.69..1736769.69 rows=100000 width=20) (actual time=6404.952..6421.020 rows=100000 loops=1)
         ->  Sort  (cost=1736519.69..1761519.54 rows=9999939 width=20) (actual time=6404.951..6415.024 rows=100000 loops=1)
               Sort Key: s_4.a, s_4.b, s_4.c, s_4.d, s_4.e
               Sort Method: external merge  Disk: 293600kB
               ->  Seq Scan on s_4  (cost=0.00..163694.39 rows=9999939 width=20) (actual time=0.013..647.219 rows=10000000 loops=1)
 Planning time: 0.255 ms
 Execution time: 6449.901 ms
(8 rows)

===== 9 [Wed Mar  7 12:58:43 CET 2018] scale:10000000 groups:10 work_mem:8MB incremental:on max_workers:0 =====
SELECT * FROM s_1 ORDER BY a, b LIMIT 100000
                                                                     QUERY PLAN                                                                     
----------------------------------------------------------------------------------------------------------------------------------------------------
 Limit  (cost=112193.49..112193.49 rows=1 width=20) (actual time=209.769..209.769 rows=0 loops=1)
   ->  Limit  (cost=109443.49..111193.49 rows=100000 width=20) (actual time=190.635..207.034 rows=100000 loops=1)
         ->  Incremental Sort  (cost=109443.49..284444.65 rows=10000054 width=20) (actual time=190.634..201.326 rows=100000 loops=1)
               Sort Key: s_1.a, s_1.b
               Presorted Key: s_1.a
               Sort Method: external merge  Disk: 14680kB
               Sort Groups: 1
               ->  Index Scan using s_1_a_idx on s_1  (cost=0.43..323387.25 rows=10000054 width=20) (actual time=0.013..60.180 rows=499794 loops=1)
 Planning time: 0.262 ms
 Execution time: 211.589 ms
(10 rows)

===== 10 [Wed Mar  7 12:58:44 CET 2018] scale:10000000 groups:10 work_mem:8MB incremental:on max_workers:0 =====
SELECT * FROM s_2 ORDER BY a, b, c LIMIT 100000
                                                                      QUERY PLAN                                                                      
------------------------------------------------------------------------------------------------------------------------------------------------------
 Limit  (cost=12885.10..12885.10 rows=1 width=20) (actual time=56.147..56.147 rows=0 loops=1)
   ->  Limit  (cost=10113.84..11885.10 rows=100000 width=20) (actual time=8.944..53.390 rows=100000 loops=1)
         ->  Incremental Sort  (cost=10113.84..187240.95 rows=10000054 width=20) (actual time=8.943..47.914 rows=100000 loops=1)
               Sort Key: s_2.a, s_2.b, s_2.c
               Presorted Key: s_2.a, s_2.b
               Sort Method: quicksort  Memory: 5454kB
               Sort Groups: 3
               ->  Index Scan using s_2_a_b_idx on s_2  (cost=0.43..406985.62 rows=10000054 width=20) (actual time=0.015..15.404 rows=125418 loops=1)
 Planning time: 0.272 ms
 Execution time: 56.230 ms
(10 rows)

===== 11 [Wed Mar  7 12:58:44 CET 2018] scale:10000000 groups:10 work_mem:8MB incremental:on max_workers:0 =====
SELECT * FROM s_3 ORDER BY a, b, c, d LIMIT 100000
                                                                       QUERY PLAN                                                                       
--------------------------------------------------------------------------------------------------------------------------------------------------------
 Limit  (cost=3674.73..3674.73 rows=1 width=20) (actual time=48.685..48.685 rows=0 loops=1)
   ->  Limit  (cost=823.19..2674.73 rows=100000 width=20) (actual time=0.557..45.930 rows=100000 loops=1)
         ->  Incremental Sort  (cost=823.19..185978.79 rows=10000054 width=20) (actual time=0.557..40.485 rows=100000 loops=1)
               Sort Key: s_3.a, s_3.b, s_3.c, s_3.d
               Presorted Key: s_3.a, s_3.b, s_3.c
               Sort Method: quicksort  Memory: 589kB
               Sort Groups: 28
               ->  Index Scan using s_3_a_b_c_idx on s_3  (cost=0.43..451321.62 rows=10000054 width=20) (actual time=0.009..12.550 rows=102739 loops=1)
 Planning time: 0.287 ms
 Execution time: 48.720 ms
(10 rows)

===== 12 [Wed Mar  7 12:58:45 CET 2018] scale:10000000 groups:10 work_mem:8MB incremental:on max_workers:0 =====
SELECT * FROM s_4 ORDER BY a, b, c, d, e LIMIT 100000
                                                                       QUERY PLAN                                                                        
---------------------------------------------------------------------------------------------------------------------------------------------------------
 Limit  (cost=2907.93..2907.93 rows=1 width=20) (actual time=49.943..49.943 rows=0 loops=1)
   ->  Limit  (cost=63.42..1907.93 rows=100000 width=20) (actual time=0.090..47.174 rows=100000 loops=1)
         ->  Incremental Sort  (cost=63.42..184513.29 rows=9999939 width=20) (actual time=0.089..41.719 rows=100000 loops=1)
               Sort Key: s_4.a, s_4.b, s_4.c, s_4.d, s_4.e
               Presorted Key: s_4.a, s_4.b, s_4.c, s_4.d
               Sort Method: quicksort  Memory: 68kB
               Sort Groups: 303
               ->  Index Scan using s_4_a_b_c_d_idx on s_4  (cost=0.43..451319.90 rows=9999939 width=20) (actual time=0.017..11.972 rows=100414 loops=1)
 Planning time: 0.273 ms
 Execution time: 49.969 ms
(10 rows)

===== 13 [Wed Mar  7 12:58:45 CET 2018] scale:10000000 groups:10 work_mem:8MB incremental:off max_workers:0 =====
SELECT * FROM s_1 ORDER BY a, b LIMIT 100000
                                                             QUERY PLAN                                                              
-------------------------------------------------------------------------------------------------------------------------------------
 Limit  (cost=1045432.32..1045432.32 rows=1 width=20) (actual time=3908.588..3908.588 rows=0 loops=1)
   ->  Limit  (cost=1044182.32..1044432.32 rows=100000 width=20) (actual time=3891.132..3905.766 rows=100000 loops=1)
         ->  Sort  (cost=1044182.32..1069182.45 rows=10000054 width=20) (actual time=3891.131..3900.169 rows=100000 loops=1)
               Sort Key: s_1.a, s_1.b
               Sort Method: external merge  Disk: 293608kB
               ->  Seq Scan on s_1  (cost=0.00..163695.54 rows=10000054 width=20) (actual time=0.007..640.163 rows=10000000 loops=1)
 Planning time: 0.256 ms
 Execution time: 3936.497 ms
(8 rows)

===== 14 [Wed Mar  7 12:59:06 CET 2018] scale:10000000 groups:10 work_mem:8MB incremental:off max_workers:0 =====
SELECT * FROM s_2 ORDER BY a, b, c LIMIT 100000
                                                             QUERY PLAN                                                              
-------------------------------------------------------------------------------------------------------------------------------------
 Limit  (cost=1045432.32..1045432.32 rows=1 width=20) (actual time=4149.038..4149.038 rows=0 loops=1)
   ->  Limit  (cost=1044182.32..1044432.32 rows=100000 width=20) (actual time=4131.548..4146.223 rows=100000 loops=1)
         ->  Sort  (cost=1044182.32..1069182.45 rows=10000054 width=20) (actual time=4131.548..4140.624 rows=100000 loops=1)
               Sort Key: s_2.a, s_2.b, s_2.c
               Sort Method: external merge  Disk: 293608kB
               ->  Seq Scan on s_2  (cost=0.00..163695.54 rows=10000054 width=20) (actual time=0.007..640.871 rows=10000000 loops=1)
 Planning time: 0.262 ms
 Execution time: 4177.109 ms
(8 rows)

===== 15 [Wed Mar  7 12:59:29 CET 2018] scale:10000000 groups:10 work_mem:8MB incremental:off max_workers:0 =====
SELECT * FROM s_3 ORDER BY a, b, c, d LIMIT 100000
                                                             QUERY PLAN                                                              
-------------------------------------------------------------------------------------------------------------------------------------
 Limit  (cost=1045432.32..1045432.32 rows=1 width=20) (actual time=4770.901..4770.901 rows=0 loops=1)
   ->  Limit  (cost=1044182.32..1044432.32 rows=100000 width=20) (actual time=4753.434..4768.076 rows=100000 loops=1)
         ->  Sort  (cost=1044182.32..1069182.45 rows=10000054 width=20) (actual time=4753.433..4762.484 rows=100000 loops=1)
               Sort Key: s_3.a, s_3.b, s_3.c, s_3.d
               Sort Method: external merge  Disk: 293608kB
               ->  Seq Scan on s_3  (cost=0.00..163695.54 rows=10000054 width=20) (actual time=0.007..642.870 rows=10000000 loops=1)
 Planning time: 0.281 ms
 Execution time: 4797.416 ms
(8 rows)

===== 16 [Wed Mar  7 12:59:56 CET 2018] scale:10000000 groups:10 work_mem:8MB incremental:off max_workers:0 =====
SELECT * FROM s_4 ORDER BY a, b, c, d, e LIMIT 100000
                                                             QUERY PLAN                                                             
------------------------------------------------------------------------------------------------------------------------------------
 Limit  (cost=1045421.04..1045421.04 rows=1 width=20) (actual time=5894.169..5894.169 rows=0 loops=1)
   ->  Limit  (cost=1044171.04..1044421.04 rows=100000 width=20) (actual time=5876.382..5891.360 rows=100000 loops=1)
         ->  Sort  (cost=1044171.04..1069170.89 rows=9999939 width=20) (actual time=5876.381..5885.444 rows=100000 loops=1)
               Sort Key: s_4.a, s_4.b, s_4.c, s_4.d, s_4.e
               Sort Method: external merge  Disk: 293608kB
               ->  Seq Scan on s_4  (cost=0.00..163694.39 rows=9999939 width=20) (actual time=0.012..647.099 rows=10000000 loops=1)
 Planning time: 0.257 ms
 Execution time: 5922.376 ms
(8 rows)

===== 17 [Wed Mar  7 13:00:29 CET 2018] scale:10000000 groups:10 work_mem:16MB incremental:on max_workers:0 =====
SELECT * FROM s_1 ORDER BY a, b LIMIT 100000
                                                                     QUERY PLAN                                                                     
----------------------------------------------------------------------------------------------------------------------------------------------------
 Limit  (cost=112193.49..112193.49 rows=1 width=20) (actual time=233.335..233.335 rows=0 loops=1)
   ->  Limit  (cost=109443.49..111193.49 rows=100000 width=20) (actual time=214.170..230.603 rows=100000 loops=1)
         ->  Incremental Sort  (cost=109443.49..284444.65 rows=10000054 width=20) (actual time=214.170..224.892 rows=100000 loops=1)
               Sort Key: s_1.a, s_1.b
               Presorted Key: s_1.a
               Sort Method: external merge  Disk: 14688kB
               Sort Groups: 1
               ->  Index Scan using s_1_a_idx on s_1  (cost=0.43..323387.25 rows=10000054 width=20) (actual time=0.013..61.341 rows=499794 loops=1)
 Planning time: 0.254 ms
 Execution time: 235.417 ms
(10 rows)

===== 18 [Wed Mar  7 13:00:31 CET 2018] scale:10000000 groups:10 work_mem:16MB incremental:on max_workers:0 =====
SELECT * FROM s_2 ORDER BY a, b, c LIMIT 100000
                                                                      QUERY PLAN                                                                      
------------------------------------------------------------------------------------------------------------------------------------------------------
 Limit  (cost=12885.10..12885.10 rows=1 width=20) (actual time=56.045..56.045 rows=0 loops=1)
   ->  Limit  (cost=10113.84..11885.10 rows=100000 width=20) (actual time=8.923..53.283 rows=100000 loops=1)
         ->  Incremental Sort  (cost=10113.84..187240.95 rows=10000054 width=20) (actual time=8.923..47.814 rows=100000 loops=1)
               Sort Key: s_2.a, s_2.b, s_2.c
               Presorted Key: s_2.a, s_2.b
               Sort Method: quicksort  Memory: 5454kB
               Sort Groups: 3
               ->  Index Scan using s_2_a_b_idx on s_2  (cost=0.43..406985.62 rows=10000054 width=20) (actual time=0.015..15.395 rows=125418 loops=1)
 Planning time: 0.274 ms
 Execution time: 56.132 ms
(10 rows)

===== 19 [Wed Mar  7 13:00:31 CET 2018] scale:10000000 groups:10 work_mem:16MB incremental:on max_workers:0 =====
SELECT * FROM s_3 ORDER BY a, b, c, d LIMIT 100000
                                                                       QUERY PLAN                                                                       
--------------------------------------------------------------------------------------------------------------------------------------------------------
 Limit  (cost=3674.73..3674.73 rows=1 width=20) (actual time=48.691..48.691 rows=0 loops=1)
   ->  Limit  (cost=823.19..2674.73 rows=100000 width=20) (actual time=0.568..45.932 rows=100000 loops=1)
         ->  Incremental Sort  (cost=823.19..185978.79 rows=10000054 width=20) (actual time=0.567..40.497 rows=100000 loops=1)
               Sort Key: s_3.a, s_3.b, s_3.c, s_3.d
               Presorted Key: s_3.a, s_3.b, s_3.c
               Sort Method: quicksort  Memory: 589kB
               Sort Groups: 28
               ->  Index Scan using s_3_a_b_c_idx on s_3  (cost=0.43..451321.62 rows=10000054 width=20) (actual time=0.009..12.562 rows=102739 loops=1)
 Planning time: 0.285 ms
 Execution time: 48.727 ms
(10 rows)

===== 20 [Wed Mar  7 13:00:31 CET 2018] scale:10000000 groups:10 work_mem:16MB incremental:on max_workers:0 =====
SELECT * FROM s_4 ORDER BY a, b, c, d, e LIMIT 100000
                                                                       QUERY PLAN                                                                        
---------------------------------------------------------------------------------------------------------------------------------------------------------
 Limit  (cost=2907.93..2907.93 rows=1 width=20) (actual time=49.922..49.922 rows=0 loops=1)
   ->  Limit  (cost=63.42..1907.93 rows=100000 width=20) (actual time=0.090..47.156 rows=100000 loops=1)
         ->  Incremental Sort  (cost=63.42..184513.29 rows=9999939 width=20) (actual time=0.089..41.702 rows=100000 loops=1)
               Sort Key: s_4.a, s_4.b, s_4.c, s_4.d, s_4.e
               Presorted Key: s_4.a, s_4.b, s_4.c, s_4.d
               Sort Method: quicksort  Memory: 68kB
               Sort Groups: 303
               ->  Index Scan using s_4_a_b_c_d_idx on s_4  (cost=0.43..451319.90 rows=9999939 width=20) (actual time=0.017..11.942 rows=100414 loops=1)
 Planning time: 0.276 ms
 Execution time: 49.946 ms
(10 rows)

===== 21 [Wed Mar  7 13:00:31 CET 2018] scale:10000000 groups:10 work_mem:16MB incremental:off max_workers:0 =====
SELECT * FROM s_1 ORDER BY a, b LIMIT 100000
                                                             QUERY PLAN                                                              
-------------------------------------------------------------------------------------------------------------------------------------
 Limit  (cost=1045432.32..1045432.32 rows=1 width=20) (actual time=3303.999..3303.999 rows=0 loops=1)
   ->  Limit  (cost=1044182.32..1044432.32 rows=100000 width=20) (actual time=3285.407..3301.153 rows=100000 loops=1)
         ->  Sort  (cost=1044182.32..1069182.45 rows=10000054 width=20) (actual time=3285.407..3295.430 rows=100000 loops=1)
               Sort Key: s_1.a, s_1.b
               Sort Method: external merge  Disk: 293904kB
               ->  Seq Scan on s_1  (cost=0.00..163695.54 rows=10000054 width=20) (actual time=0.007..637.471 rows=10000000 loops=1)
 Planning time: 0.250 ms
 Execution time: 3332.300 ms
(8 rows)

===== 22 [Wed Mar  7 13:00:49 CET 2018] scale:10000000 groups:10 work_mem:16MB incremental:off max_workers:0 =====
SELECT * FROM s_2 ORDER BY a, b, c LIMIT 100000
                                                             QUERY PLAN                                                              
-------------------------------------------------------------------------------------------------------------------------------------
 Limit  (cost=1045432.32..1045432.32 rows=1 width=20) (actual time=3509.994..3509.994 rows=0 loops=1)
   ->  Limit  (cost=1044182.32..1044432.32 rows=100000 width=20) (actual time=3491.361..3507.189 rows=100000 loops=1)
         ->  Sort  (cost=1044182.32..1069182.45 rows=10000054 width=20) (actual time=3491.360..3501.521 rows=100000 loops=1)
               Sort Key: s_2.a, s_2.b, s_2.c
               Sort Method: external merge  Disk: 293904kB
               ->  Seq Scan on s_2  (cost=0.00..163695.54 rows=10000054 width=20) (actual time=0.007..636.824 rows=10000000 loops=1)
 Planning time: 0.272 ms
 Execution time: 3538.481 ms
(8 rows)

===== 23 [Wed Mar  7 13:01:08 CET 2018] scale:10000000 groups:10 work_mem:16MB incremental:off max_workers:0 =====
SELECT * FROM s_3 ORDER BY a, b, c, d LIMIT 100000
                                                             QUERY PLAN                                                              
-------------------------------------------------------------------------------------------------------------------------------------
 Limit  (cost=1045432.32..1045432.32 rows=1 width=20) (actual time=4114.397..4114.397 rows=0 loops=1)
   ->  Limit  (cost=1044182.32..1044432.32 rows=100000 width=20) (actual time=4095.807..4111.574 rows=100000 loops=1)
         ->  Sort  (cost=1044182.32..1069182.45 rows=10000054 width=20) (actual time=4095.806..4105.860 rows=100000 loops=1)
               Sort Key: s_3.a, s_3.b, s_3.c, s_3.d
               Sort Method: external merge  Disk: 293904kB
               ->  Seq Scan on s_3  (cost=0.00..163695.54 rows=10000054 width=20) (actual time=0.007..638.458 rows=10000000 loops=1)
 Planning time: 0.267 ms
 Execution time: 4143.004 ms
(8 rows)

===== 24 [Wed Mar  7 13:01:31 CET 2018] scale:10000000 groups:10 work_mem:16MB incremental:off max_workers:0 =====
SELECT * FROM s_4 ORDER BY a, b, c, d, e LIMIT 100000
                                                             QUERY PLAN                                                             
------------------------------------------------------------------------------------------------------------------------------------
 Limit  (cost=1045421.04..1045421.04 rows=1 width=20) (actual time=5251.306..5251.306 rows=0 loops=1)
   ->  Limit  (cost=1044171.04..1044421.04 rows=100000 width=20) (actual time=5232.440..5248.469 rows=100000 loops=1)
         ->  Sort  (cost=1044171.04..1069170.89 rows=9999939 width=20) (actual time=5232.439..5242.553 rows=100000 loops=1)
               Sort Key: s_4.a, s_4.b, s_4.c, s_4.d, s_4.e
               Sort Method: external merge  Disk: 293904kB
               ->  Seq Scan on s_4  (cost=0.00..163694.39 rows=9999939 width=20) (actual time=0.012..642.076 rows=10000000 loops=1)
 Planning time: 0.262 ms
 Execution time: 5279.876 ms
(8 rows)

===== 25 [Wed Mar  7 13:02:01 CET 2018] scale:10000000 groups:10 work_mem:32MB incremental:on max_workers:0 =====
SELECT * FROM s_1 ORDER BY a, b LIMIT 100000
                                                                     QUERY PLAN                                                                     
----------------------------------------------------------------------------------------------------------------------------------------------------
 Limit  (cost=112193.49..112193.49 rows=1 width=20) (actual time=253.193..253.193 rows=0 loops=1)
   ->  Limit  (cost=109443.49..111193.49 rows=100000 width=20) (actual time=235.630..250.481 rows=100000 loops=1)
         ->  Incremental Sort  (cost=109443.49..284444.65 rows=10000054 width=20) (actual time=235.629..244.785 rows=100000 loops=1)
               Sort Key: s_1.a, s_1.b
               Presorted Key: s_1.a
               Sort Method: external merge  Disk: 14680kB
               Sort Groups: 1
               ->  Index Scan using s_1_a_idx on s_1  (cost=0.43..323387.25 rows=10000054 width=20) (actual time=0.013..62.787 rows=499794 loops=1)
 Planning time: 0.259 ms
 Execution time: 255.467 ms
(10 rows)

===== 26 [Wed Mar  7 13:02:02 CET 2018] scale:10000000 groups:10 work_mem:32MB incremental:on max_workers:0 =====
SELECT * FROM s_2 ORDER BY a, b, c LIMIT 100000
                                                                      QUERY PLAN                                                                      
------------------------------------------------------------------------------------------------------------------------------------------------------
 Limit  (cost=12885.10..12885.10 rows=1 width=20) (actual time=55.628..55.628 rows=0 loops=1)
   ->  Limit  (cost=10113.84..11885.10 rows=100000 width=20) (actual time=8.940..52.873 rows=100000 loops=1)
         ->  Incremental Sort  (cost=10113.84..187240.95 rows=10000054 width=20) (actual time=8.939..47.405 rows=100000 loops=1)
               Sort Key: s_2.a, s_2.b, s_2.c
               Presorted Key: s_2.a, s_2.b
               Sort Method: quicksort  Memory: 5454kB
               Sort Groups: 3
               ->  Index Scan using s_2_a_b_idx on s_2  (cost=0.43..406985.62 rows=10000054 width=20) (actual time=0.015..15.416 rows=125418 loops=1)
 Planning time: 0.277 ms
 Execution time: 55.711 ms
(10 rows)

===== 27 [Wed Mar  7 13:02:02 CET 2018] scale:10000000 groups:10 work_mem:32MB incremental:on max_workers:0 =====
SELECT * FROM s_3 ORDER BY a, b, c, d LIMIT 100000
                                                                       QUERY PLAN                                                                       
--------------------------------------------------------------------------------------------------------------------------------------------------------
 Limit  (cost=3674.73..3674.73 rows=1 width=20) (actual time=48.658..48.658 rows=0 loops=1)
   ->  Limit  (cost=823.19..2674.73 rows=100000 width=20) (actual time=0.562..45.901 rows=100000 loops=1)
         ->  Incremental Sort  (cost=823.19..185978.79 rows=10000054 width=20) (actual time=0.562..40.466 rows=100000 loops=1)
               Sort Key: s_3.a, s_3.b, s_3.c, s_3.d
               Presorted Key: s_3.a, s_3.b, s_3.c
               Sort Method: quicksort  Memory: 589kB
               Sort Groups: 28
               ->  Index Scan using s_3_a_b_c_idx on s_3  (cost=0.43..451321.62 rows=10000054 width=20) (actual time=0.009..12.543 rows=102739 loops=1)
 Planning time: 0.279 ms
 Execution time: 48.696 ms
(10 rows)

===== 28 [Wed Mar  7 13:02:03 CET 2018] scale:10000000 groups:10 work_mem:32MB incremental:on max_workers:0 =====
SELECT * FROM s_4 ORDER BY a, b, c, d, e LIMIT 100000
                                                                       QUERY PLAN                                                                        
---------------------------------------------------------------------------------------------------------------------------------------------------------
 Limit  (cost=2907.93..2907.93 rows=1 width=20) (actual time=49.912..49.912 rows=0 loops=1)
   ->  Limit  (cost=63.42..1907.93 rows=100000 width=20) (actual time=0.097..47.141 rows=100000 loops=1)
         ->  Incremental Sort  (cost=63.42..184513.29 rows=9999939 width=20) (actual time=0.097..41.687 rows=100000 loops=1)
               Sort Key: s_4.a, s_4.b, s_4.c, s_4.d, s_4.e
               Presorted Key: s_4.a, s_4.b, s_4.c, s_4.d
               Sort Method: quicksort  Memory: 68kB
               Sort Groups: 303
               ->  Index Scan using s_4_a_b_c_d_idx on s_4  (cost=0.43..451319.90 rows=9999939 width=20) (actual time=0.018..11.942 rows=100414 loops=1)
 Planning time: 0.269 ms
 Execution time: 49.936 ms
(10 rows)

===== 29 [Wed Mar  7 13:02:03 CET 2018] scale:10000000 groups:10 work_mem:32MB incremental:off max_workers:0 =====
SELECT * FROM s_1 ORDER BY a, b LIMIT 100000
                                                             QUERY PLAN                                                              
-------------------------------------------------------------------------------------------------------------------------------------
 Limit  (cost=1045432.32..1045432.32 rows=1 width=20) (actual time=1459.281..1459.281 rows=0 loops=1)
   ->  Limit  (cost=1044182.32..1044432.32 rows=100000 width=20) (actual time=1443.235..1456.531 rows=100000 loops=1)
         ->  Sort  (cost=1044182.32..1069182.45 rows=10000054 width=20) (actual time=1443.234..1451.110 rows=100000 loops=1)
               Sort Key: s_1.a, s_1.b
               Sort Method: top-N heapsort  Memory: 18979kB
               ->  Seq Scan on s_1  (cost=0.00..163695.54 rows=10000054 width=20) (actual time=0.007..614.463 rows=10000000 loops=1)
 Planning time: 0.261 ms
 Execution time: 1460.126 ms
(8 rows)

===== 30 [Wed Mar  7 13:02:10 CET 2018] scale:10000000 groups:10 work_mem:32MB incremental:off max_workers:0 =====
SELECT * FROM s_2 ORDER BY a, b, c LIMIT 100000
                                                             QUERY PLAN                                                              
-------------------------------------------------------------------------------------------------------------------------------------
 Limit  (cost=1045432.32..1045432.32 rows=1 width=20) (actual time=1420.925..1420.925 rows=0 loops=1)
   ->  Limit  (cost=1044182.32..1044432.32 rows=100000 width=20) (actual time=1405.513..1418.171 rows=100000 loops=1)
         ->  Sort  (cost=1044182.32..1069182.45 rows=10000054 width=20) (actual time=1405.512..1412.753 rows=100000 loops=1)
               Sort Key: s_2.a, s_2.b, s_2.c
               Sort Method: top-N heapsort  Memory: 15226kB
               ->  Seq Scan on s_2  (cost=0.00..163695.54 rows=10000054 width=20) (actual time=0.007..616.759 rows=10000000 loops=1)
 Planning time: 0.266 ms
 Execution time: 1421.768 ms
(8 rows)

===== 31 [Wed Mar  7 13:02:16 CET 2018] scale:10000000 groups:10 work_mem:32MB incremental:off max_workers:0 =====
SELECT * FROM s_3 ORDER BY a, b, c, d LIMIT 100000
                                                             QUERY PLAN                                                              
-------------------------------------------------------------------------------------------------------------------------------------
 Limit  (cost=1045432.32..1045432.32 rows=1 width=20) (actual time=1432.088..1432.088 rows=0 loops=1)
   ->  Limit  (cost=1044182.32..1044432.32 rows=100000 width=20) (actual time=1416.813..1429.331 rows=100000 loops=1)
         ->  Sort  (cost=1044182.32..1069182.45 rows=10000054 width=20) (actual time=1416.813..1423.927 rows=100000 loops=1)
               Sort Key: s_3.a, s_3.b, s_3.c, s_3.d
               Sort Method: top-N heapsort  Memory: 14088kB
               ->  Seq Scan on s_3  (cost=0.00..163695.54 rows=10000054 width=20) (actual time=0.007..615.300 rows=10000000 loops=1)
 Planning time: 0.275 ms
 Execution time: 1432.939 ms
(8 rows)

===== 32 [Wed Mar  7 13:02:23 CET 2018] scale:10000000 groups:10 work_mem:32MB incremental:off max_workers:0 =====
SELECT * FROM s_4 ORDER BY a, b, c, d, e LIMIT 100000
                                                             QUERY PLAN                                                             
------------------------------------------------------------------------------------------------------------------------------------
 Limit  (cost=1045421.04..1045421.04 rows=1 width=20) (actual time=1427.193..1427.193 rows=0 loops=1)
   ->  Limit  (cost=1044171.04..1044421.04 rows=100000 width=20) (actual time=1413.571..1424.448 rows=100000 loops=1)
         ->  Sort  (cost=1044171.04..1069170.89 rows=9999939 width=20) (actual time=1413.571..1418.867 rows=100000 loops=1)
               Sort Key: s_4.a, s_4.b, s_4.c, s_4.d, s_4.e
               Sort Method: top-N heapsort  Memory: 13966kB
               ->  Seq Scan on s_4  (cost=0.00..163694.39 rows=9999939 width=20) (actual time=0.012..620.600 rows=10000000 loops=1)
 Planning time: 0.257 ms
 Execution time: 1428.040 ms
(8 rows)

===== 33 [Wed Mar  7 13:02:29 CET 2018] scale:10000000 groups:10 work_mem:64MB incremental:on max_workers:0 =====
SELECT * FROM s_1 ORDER BY a, b LIMIT 100000
                                                                     QUERY PLAN                                                                     
----------------------------------------------------------------------------------------------------------------------------------------------------
 Limit  (cost=112193.49..112193.49 rows=1 width=20) (actual time=198.765..198.765 rows=0 loops=1)
   ->  Limit  (cost=109443.49..111193.49 rows=100000 width=20) (actual time=180.185..196.022 rows=100000 loops=1)
         ->  Incremental Sort  (cost=109443.49..284444.65 rows=10000054 width=20) (actual time=180.184..190.526 rows=100000 loops=1)
               Sort Key: s_1.a, s_1.b
               Presorted Key: s_1.a
               Sort Method: quicksort  Memory: 51335kB
               Sort Groups: 1
               ->  Index Scan using s_1_a_idx on s_1  (cost=0.43..323387.25 rows=10000054 width=20) (actual time=0.013..62.891 rows=499794 loops=1)
 Planning time: 0.258 ms
 Execution time: 200.703 ms
(10 rows)

===== 34 [Wed Mar  7 13:02:30 CET 2018] scale:10000000 groups:10 work_mem:64MB incremental:on max_workers:0 =====
SELECT * FROM s_2 ORDER BY a, b, c LIMIT 100000
                                                                      QUERY PLAN                                                                      
------------------------------------------------------------------------------------------------------------------------------------------------------
 Limit  (cost=12885.10..12885.10 rows=1 width=20) (actual time=55.675..55.675 rows=0 loops=1)
   ->  Limit  (cost=10113.84..11885.10 rows=100000 width=20) (actual time=8.930..52.910 rows=100000 loops=1)
         ->  Incremental Sort  (cost=10113.84..187240.95 rows=10000054 width=20) (actual time=8.929..47.444 rows=100000 loops=1)
               Sort Key: s_2.a, s_2.b, s_2.c
               Presorted Key: s_2.a, s_2.b
               Sort Method: quicksort  Memory: 5454kB
               Sort Groups: 3
               ->  Index Scan using s_2_a_b_idx on s_2  (cost=0.43..406985.62 rows=10000054 width=20) (actual time=0.015..15.402 rows=125418 loops=1)
 Planning time: 0.271 ms
 Execution time: 55.764 ms
(10 rows)

===== 35 [Wed Mar  7 13:02:31 CET 2018] scale:10000000 groups:10 work_mem:64MB incremental:on max_workers:0 =====
SELECT * FROM s_3 ORDER BY a, b, c, d LIMIT 100000
                                                                       QUERY PLAN                                                                       
--------------------------------------------------------------------------------------------------------------------------------------------------------
 Limit  (cost=3674.73..3674.73 rows=1 width=20) (actual time=48.654..48.654 rows=0 loops=1)
   ->  Limit  (cost=823.19..2674.73 rows=100000 width=20) (actual time=0.557..45.901 rows=100000 loops=1)
         ->  Incremental Sort  (cost=823.19..185978.79 rows=10000054 width=20) (actual time=0.557..40.454 rows=100000 loops=1)
               Sort Key: s_3.a, s_3.b, s_3.c, s_3.d
               Presorted Key: s_3.a, s_3.b, s_3.c
               Sort Method: quicksort  Memory: 589kB
               Sort Groups: 28
               ->  Index Scan using s_3_a_b_c_idx on s_3  (cost=0.43..451321.62 rows=10000054 width=20) (actual time=0.009..12.527 rows=102739 loops=1)
 Planning time: 0.284 ms
 Execution time: 48.689 ms
(10 rows)

===== 36 [Wed Mar  7 13:02:31 CET 2018] scale:10000000 groups:10 work_mem:64MB incremental:on max_workers:0 =====
SELECT * FROM s_4 ORDER BY a, b, c, d, e LIMIT 100000
                                                                       QUERY PLAN                                                                        
---------------------------------------------------------------------------------------------------------------------------------------------------------
 Limit  (cost=2907.93..2907.93 rows=1 width=20) (actual time=49.916..49.916 rows=0 loops=1)
   ->  Limit  (cost=63.42..1907.93 rows=100000 width=20) (actual time=0.089..47.148 rows=100000 loops=1)
         ->  Incremental Sort  (cost=63.42..184513.29 rows=9999939 width=20) (actual time=0.089..41.700 rows=100000 loops=1)
               Sort Key: s_4.a, s_4.b, s_4.c, s_4.d, s_4.e
               Presorted Key: s_4.a, s_4.b, s_4.c, s_4.d
               Sort Method: quicksort  Memory: 68kB
               Sort Groups: 303
               ->  Index Scan using s_4_a_b_c_d_idx on s_4  (cost=0.43..451319.90 rows=9999939 width=20) (actual time=0.017..11.942 rows=100414 loops=1)
 Planning time: 0.278 ms
 Execution time: 49.940 ms
(10 rows)

===== 37 [Wed Mar  7 13:02:31 CET 2018] scale:10000000 groups:10 work_mem:64MB incremental:off max_workers:0 =====
SELECT * FROM s_1 ORDER BY a, b LIMIT 100000
                                                             QUERY PLAN                                                              
-------------------------------------------------------------------------------------------------------------------------------------
 Limit  (cost=1045432.32..1045432.32 rows=1 width=20) (actual time=1458.021..1458.021 rows=0 loops=1)
   ->  Limit  (cost=1044182.32..1044432.32 rows=100000 width=20) (actual time=1442.006..1455.273 rows=100000 loops=1)
         ->  Sort  (cost=1044182.32..1069182.45 rows=10000054 width=20) (actual time=1442.005..1449.839 rows=100000 loops=1)
               Sort Key: s_1.a, s_1.b
               Sort Method: top-N heapsort  Memory: 18979kB
               ->  Seq Scan on s_1  (cost=0.00..163695.54 rows=10000054 width=20) (actual time=0.007..613.537 rows=10000000 loops=1)
 Planning time: 0.247 ms
 Execution time: 1458.871 ms
(8 rows)

===== 38 [Wed Mar  7 13:02:38 CET 2018] scale:10000000 groups:10 work_mem:64MB incremental:off max_workers:0 =====
SELECT * FROM s_2 ORDER BY a, b, c LIMIT 100000
                                                             QUERY PLAN                                                              
-------------------------------------------------------------------------------------------------------------------------------------
 Limit  (cost=1045432.32..1045432.32 rows=1 width=20) (actual time=1417.279..1417.279 rows=0 loops=1)
   ->  Limit  (cost=1044182.32..1044432.32 rows=100000 width=20) (actual time=1401.973..1414.527 rows=100000 loops=1)
         ->  Sort  (cost=1044182.32..1069182.45 rows=10000054 width=20) (actual time=1401.972..1409.098 rows=100000 loops=1)
               Sort Key: s_2.a, s_2.b, s_2.c
               Sort Method: top-N heapsort  Memory: 15226kB
               ->  Seq Scan on s_2  (cost=0.00..163695.54 rows=10000054 width=20) (actual time=0.011..614.159 rows=10000000 loops=1)
 Planning time: 0.259 ms
 Execution time: 1418.116 ms
(8 rows)

===== 39 [Wed Mar  7 13:02:44 CET 2018] scale:10000000 groups:10 work_mem:64MB incremental:off max_workers:0 =====
SELECT * FROM s_3 ORDER BY a, b, c, d LIMIT 100000
                                                             QUERY PLAN                                                              
-------------------------------------------------------------------------------------------------------------------------------------
 Limit  (cost=1045432.32..1045432.32 rows=1 width=20) (actual time=1430.868..1430.868 rows=0 loops=1)
   ->  Limit  (cost=1044182.32..1044432.32 rows=100000 width=20) (actual time=1415.664..1428.114 rows=100000 loops=1)
         ->  Sort  (cost=1044182.32..1069182.45 rows=10000054 width=20) (actual time=1415.663..1422.702 rows=100000 loops=1)
               Sort Key: s_3.a, s_3.b, s_3.c, s_3.d
               Sort Method: top-N heapsort  Memory: 14088kB
               ->  Seq Scan on s_3  (cost=0.00..163695.54 rows=10000054 width=20) (actual time=0.007..614.405 rows=10000000 loops=1)
 Planning time: 0.272 ms
 Execution time: 1431.699 ms
(8 rows)

===== 40 [Wed Mar  7 13:02:51 CET 2018] scale:10000000 groups:10 work_mem:64MB incremental:off max_workers:0 =====
SELECT * FROM s_4 ORDER BY a, b, c, d, e LIMIT 100000
                                                             QUERY PLAN                                                             
------------------------------------------------------------------------------------------------------------------------------------
 Limit  (cost=1045421.04..1045421.04 rows=1 width=20) (actual time=1426.948..1426.948 rows=0 loops=1)
   ->  Limit  (cost=1044171.04..1044421.04 rows=100000 width=20) (actual time=1413.365..1424.210 rows=100000 loops=1)
         ->  Sort  (cost=1044171.04..1069170.89 rows=9999939 width=20) (actual time=1413.364..1418.628 rows=100000 loops=1)
               Sort Key: s_4.a, s_4.b, s_4.c, s_4.d, s_4.e
               Sort Method: top-N heapsort  Memory: 13966kB
               ->  Seq Scan on s_4  (cost=0.00..163694.39 rows=9999939 width=20) (actual time=0.013..619.934 rows=10000000 loops=1)
 Planning time: 0.258 ms
 Execution time: 1427.786 ms
(8 rows)

===== 41 [Wed Mar  7 13:02:57 CET 2018] scale:10000000 groups:10 work_mem:128MB incremental:on max_workers:0 =====
SELECT * FROM s_1 ORDER BY a, b LIMIT 100000
                                                                     QUERY PLAN                                                                     
----------------------------------------------------------------------------------------------------------------------------------------------------
 Limit  (cost=112193.49..112193.49 rows=1 width=20) (actual time=198.056..198.056 rows=0 loops=1)
   ->  Limit  (cost=109443.49..111193.49 rows=100000 width=20) (actual time=179.510..195.301 rows=100000 loops=1)
         ->  Incremental Sort  (cost=109443.49..284444.65 rows=10000054 width=20) (actual time=179.509..189.812 rows=100000 loops=1)
               Sort Key: s_1.a, s_1.b
               Presorted Key: s_1.a
               Sort Method: quicksort  Memory: 51335kB
               Sort Groups: 1
               ->  Index Scan using s_1_a_idx on s_1  (cost=0.43..323387.25 rows=10000054 width=20) (actual time=0.013..62.799 rows=499794 loops=1)
 Planning time: 0.259 ms
 Execution time: 199.974 ms
(10 rows)

===== 42 [Wed Mar  7 13:02:58 CET 2018] scale:10000000 groups:10 work_mem:128MB incremental:on max_workers:0 =====
SELECT * FROM s_2 ORDER BY a, b, c LIMIT 100000
                                                                      QUERY PLAN                                                                      
------------------------------------------------------------------------------------------------------------------------------------------------------
 Limit  (cost=12885.10..12885.10 rows=1 width=20) (actual time=56.028..56.028 rows=0 loops=1)
   ->  Limit  (cost=10113.84..11885.10 rows=100000 width=20) (actual time=9.031..53.264 rows=100000 loops=1)
         ->  Incremental Sort  (cost=10113.84..187240.95 rows=10000054 width=20) (actual time=9.030..47.795 rows=100000 loops=1)
               Sort Key: s_2.a, s_2.b, s_2.c
               Presorted Key: s_2.a, s_2.b
               Sort Method: quicksort  Memory: 5454kB
               Sort Groups: 3
               ->  Index Scan using s_2_a_b_idx on s_2  (cost=0.43..406985.62 rows=10000054 width=20) (actual time=0.015..15.540 rows=125418 loops=1)
 Planning time: 0.276 ms
 Execution time: 56.114 ms
(10 rows)

===== 43 [Wed Mar  7 13:02:59 CET 2018] scale:10000000 groups:10 work_mem:128MB incremental:on max_workers:0 =====
SELECT * FROM s_3 ORDER BY a, b, c, d LIMIT 100000
                                                                       QUERY PLAN                                                                       
--------------------------------------------------------------------------------------------------------------------------------------------------------
 Limit  (cost=3674.73..3674.73 rows=1 width=20) (actual time=48.703..48.703 rows=0 loops=1)
   ->  Limit  (cost=823.19..2674.73 rows=100000 width=20) (actual time=0.560..45.948 rows=100000 loops=1)
         ->  Incremental Sort  (cost=823.19..185978.79 rows=10000054 width=20) (actual time=0.560..40.501 rows=100000 loops=1)
               Sort Key: s_3.a, s_3.b, s_3.c, s_3.d
               Presorted Key: s_3.a, s_3.b, s_3.c
               Sort Method: quicksort  Memory: 589kB
               Sort Groups: 28
               ->  Index Scan using s_3_a_b_c_idx on s_3  (cost=0.43..451321.62 rows=10000054 width=20) (actual time=0.009..12.518 rows=102739 loops=1)
 Planning time: 0.290 ms
 Execution time: 48.738 ms
(10 rows)

===== 44 [Wed Mar  7 13:02:59 CET 2018] scale:10000000 groups:10 work_mem:128MB incremental:on max_workers:0 =====
SELECT * FROM s_4 ORDER BY a, b, c, d, e LIMIT 100000
                                                                       QUERY PLAN                                                                        
---------------------------------------------------------------------------------------------------------------------------------------------------------
 Limit  (cost=2907.93..2907.93 rows=1 width=20) (actual time=49.965..49.965 rows=0 loops=1)
   ->  Limit  (cost=63.42..1907.93 rows=100000 width=20) (actual time=0.091..47.191 rows=100000 loops=1)
         ->  Incremental Sort  (cost=63.42..184513.29 rows=9999939 width=20) (actual time=0.091..41.724 rows=100000 loops=1)
               Sort Key: s_4.a, s_4.b, s_4.c, s_4.d, s_4.e
               Presorted Key: s_4.a, s_4.b, s_4.c, s_4.d
               Sort Method: quicksort  Memory: 68kB
               Sort Groups: 303
               ->  Index Scan using s_4_a_b_c_d_idx on s_4  (cost=0.43..451319.90 rows=9999939 width=20) (actual time=0.018..11.970 rows=100414 loops=1)
 Planning time: 0.266 ms
 Execution time: 49.989 ms
(10 rows)

===== 45 [Wed Mar  7 13:02:59 CET 2018] scale:10000000 groups:10 work_mem:128MB incremental:off max_workers:0 =====
SELECT * FROM s_1 ORDER BY a, b LIMIT 100000
                                                             QUERY PLAN                                                              
-------------------------------------------------------------------------------------------------------------------------------------
 Limit  (cost=1045432.32..1045432.32 rows=1 width=20) (actual time=1457.979..1457.979 rows=0 loops=1)
   ->  Limit  (cost=1044182.32..1044432.32 rows=100000 width=20) (actual time=1441.955..1455.222 rows=100000 loops=1)
         ->  Sort  (cost=1044182.32..1069182.45 rows=10000054 width=20) (actual time=1441.954..1449.797 rows=100000 loops=1)
               Sort Key: s_1.a, s_1.b
               Sort Method: top-N heapsort  Memory: 18979kB
               ->  Seq Scan on s_1  (cost=0.00..163695.54 rows=10000054 width=20) (actual time=0.007..613.266 rows=10000000 loops=1)
 Planning time: 0.255 ms
 Execution time: 1458.817 ms
(8 rows)

===== 46 [Wed Mar  7 13:03:06 CET 2018] scale:10000000 groups:10 work_mem:128MB incremental:off max_workers:0 =====
SELECT * FROM s_2 ORDER BY a, b, c LIMIT 100000
                                                             QUERY PLAN                                                              
-------------------------------------------------------------------------------------------------------------------------------------
 Limit  (cost=1045432.32..1045432.32 rows=1 width=20) (actual time=1417.480..1417.480 rows=0 loops=1)
   ->  Limit  (cost=1044182.32..1044432.32 rows=100000 width=20) (actual time=1402.027..1414.717 rows=100000 loops=1)
         ->  Sort  (cost=1044182.32..1069182.45 rows=10000054 width=20) (actual time=1402.026..1409.311 rows=100000 loops=1)
               Sort Key: s_2.a, s_2.b, s_2.c
               Sort Method: top-N heapsort  Memory: 15226kB
               ->  Seq Scan on s_2  (cost=0.00..163695.54 rows=10000054 width=20) (actual time=0.007..613.758 rows=10000000 loops=1)
 Planning time: 0.261 ms
 Execution time: 1418.318 ms
(8 rows)

===== 47 [Wed Mar  7 13:03:13 CET 2018] scale:10000000 groups:10 work_mem:128MB incremental:off max_workers:0 =====
SELECT * FROM s_3 ORDER BY a, b, c, d LIMIT 100000
                                                             QUERY PLAN                                                              
-------------------------------------------------------------------------------------------------------------------------------------
 Limit  (cost=1045432.32..1045432.32 rows=1 width=20) (actual time=1431.468..1431.468 rows=0 loops=1)
   ->  Limit  (cost=1044182.32..1044432.32 rows=100000 width=20) (actual time=1416.145..1428.709 rows=100000 loops=1)
         ->  Sort  (cost=1044182.32..1069182.45 rows=10000054 width=20) (actual time=1416.145..1423.311 rows=100000 loops=1)
               Sort Key: s_3.a, s_3.b, s_3.c, s_3.d
               Sort Method: top-N heapsort  Memory: 14088kB
               ->  Seq Scan on s_3  (cost=0.00..163695.54 rows=10000054 width=20) (actual time=0.007..613.995 rows=10000000 loops=1)
 Planning time: 0.278 ms
 Execution time: 1432.307 ms
(8 rows)

===== 48 [Wed Mar  7 13:03:19 CET 2018] scale:10000000 groups:10 work_mem:128MB incremental:off max_workers:0 =====
SELECT * FROM s_4 ORDER BY a, b, c, d, e LIMIT 100000
                                                             QUERY PLAN                                                             
------------------------------------------------------------------------------------------------------------------------------------
 Limit  (cost=1045421.04..1045421.04 rows=1 width=20) (actual time=1427.051..1427.051 rows=0 loops=1)
   ->  Limit  (cost=1044171.04..1044421.04 rows=100000 width=20) (actual time=1413.446..1424.301 rows=100000 loops=1)
         ->  Sort  (cost=1044171.04..1069170.89 rows=9999939 width=20) (actual time=1413.445..1418.718 rows=100000 loops=1)
               Sort Key: s_4.a, s_4.b, s_4.c, s_4.d, s_4.e
               Sort Method: top-N heapsort  Memory: 13966kB
               ->  Seq Scan on s_4  (cost=0.00..163694.39 rows=9999939 width=20) (actual time=0.013..620.317 rows=10000000 loops=1)
 Planning time: 0.254 ms
 Execution time: 1427.885 ms
(8 rows)

===== 49 [Wed Mar  7 13:03:26 CET 2018] scale:10000000 groups:10 work_mem:256MB incremental:on max_workers:0 =====
SELECT * FROM s_1 ORDER BY a, b LIMIT 100000
                                                                     QUERY PLAN                                                                     
----------------------------------------------------------------------------------------------------------------------------------------------------
 Limit  (cost=112193.49..112193.49 rows=1 width=20) (actual time=198.314..198.314 rows=0 loops=1)
   ->  Limit  (cost=109443.49..111193.49 rows=100000 width=20) (actual time=179.751..195.560 rows=100000 loops=1)
         ->  Incremental Sort  (cost=109443.49..284444.65 rows=10000054 width=20) (actual time=179.750..190.061 rows=100000 loops=1)
               Sort Key: s_1.a, s_1.b
               Presorted Key: s_1.a
               Sort Method: quicksort  Memory: 51335kB
               Sort Groups: 1
               ->  Index Scan using s_1_a_idx on s_1  (cost=0.43..323387.25 rows=10000054 width=20) (actual time=0.013..62.847 rows=499794 loops=1)
 Planning time: 0.259 ms
 Execution time: 200.221 ms
(10 rows)

===== 50 [Wed Mar  7 13:03:27 CET 2018] scale:10000000 groups:10 work_mem:256MB incremental:on max_workers:0 =====
SELECT * FROM s_2 ORDER BY a, b, c LIMIT 100000
                                                                      QUERY PLAN                                                                      
------------------------------------------------------------------------------------------------------------------------------------------------------
 Limit  (cost=12885.10..12885.10 rows=1 width=20) (actual time=55.591..55.591 rows=0 loops=1)
   ->  Limit  (cost=10113.84..11885.10 rows=100000 width=20) (actual time=8.968..52.832 rows=100000 loops=1)
         ->  Incremental Sort  (cost=10113.84..187240.95 rows=10000054 width=20) (actual time=8.967..47.365 rows=100000 loops=1)
               Sort Key: s_2.a, s_2.b, s_2.c
               Presorted Key: s_2.a, s_2.b
               Sort Method: quicksort  Memory: 5454kB
               Sort Groups: 3
               ->  Index Scan using s_2_a_b_idx on s_2  (cost=0.43..406985.62 rows=10000054 width=20) (actual time=0.015..15.388 rows=125418 loops=1)
 Planning time: 0.280 ms
 Execution time: 55.677 ms
(10 rows)

===== 51 [Wed Mar  7 13:03:27 CET 2018] scale:10000000 groups:10 work_mem:256MB incremental:on max_workers:0 =====
SELECT * FROM s_3 ORDER BY a, b, c, d LIMIT 100000
                                                                       QUERY PLAN                                                                       
--------------------------------------------------------------------------------------------------------------------------------------------------------
 Limit  (cost=3674.73..3674.73 rows=1 width=20) (actual time=48.684..48.684 rows=0 loops=1)
   ->  Limit  (cost=823.19..2674.73 rows=100000 width=20) (actual time=0.556..45.925 rows=100000 loops=1)
         ->  Incremental Sort  (cost=823.19..185978.79 rows=10000054 width=20) (actual time=0.556..40.485 rows=100000 loops=1)
               Sort Key: s_3.a, s_3.b, s_3.c, s_3.d
               Presorted Key: s_3.a, s_3.b, s_3.c
               Sort Method: quicksort  Memory: 589kB
               Sort Groups: 28
               ->  Index Scan using s_3_a_b_c_idx on s_3  (cost=0.43..451321.62 rows=10000054 width=20) (actual time=0.009..12.532 rows=102739 loops=1)
 Planning time: 0.288 ms
 Execution time: 48.720 ms
(10 rows)

===== 52 [Wed Mar  7 13:03:27 CET 2018] scale:10000000 groups:10 work_mem:256MB incremental:on max_workers:0 =====
SELECT * FROM s_4 ORDER BY a, b, c, d, e LIMIT 100000
                                                                       QUERY PLAN                                                                        
---------------------------------------------------------------------------------------------------------------------------------------------------------
 Limit  (cost=2907.93..2907.93 rows=1 width=20) (actual time=49.926..49.926 rows=0 loops=1)
   ->  Limit  (cost=63.42..1907.93 rows=100000 width=20) (actual time=0.090..47.159 rows=100000 loops=1)
         ->  Incremental Sort  (cost=63.42..184513.29 rows=9999939 width=20) (actual time=0.089..41.708 rows=100000 loops=1)
               Sort Key: s_4.a, s_4.b, s_4.c, s_4.d, s_4.e
               Presorted Key: s_4.a, s_4.b, s_4.c, s_4.d
               Sort Method: quicksort  Memory: 68kB
               Sort Groups: 303
               ->  Index Scan using s_4_a_b_c_d_idx on s_4  (cost=0.43..451319.90 rows=9999939 width=20) (actual time=0.017..11.960 rows=100414 loops=1)
 Planning time: 0.276 ms
 Execution time: 49.952 ms
(10 rows)

===== 53 [Wed Mar  7 13:03:28 CET 2018] scale:10000000 groups:10 work_mem:256MB incremental:off max_workers:0 =====
SELECT * FROM s_1 ORDER BY a, b LIMIT 100000
                                                             QUERY PLAN                                                              
-------------------------------------------------------------------------------------------------------------------------------------
 Limit  (cost=1045432.32..1045432.32 rows=1 width=20) (actual time=1458.213..1458.213 rows=0 loops=1)
   ->  Limit  (cost=1044182.32..1044432.32 rows=100000 width=20) (actual time=1442.191..1455.465 rows=100000 loops=1)
         ->  Sort  (cost=1044182.32..1069182.45 rows=10000054 width=20) (actual time=1442.190..1450.034 rows=100000 loops=1)
               Sort Key: s_1.a, s_1.b
               Sort Method: top-N heapsort  Memory: 18979kB
               ->  Seq Scan on s_1  (cost=0.00..163695.54 rows=10000054 width=20) (actual time=0.007..613.356 rows=10000000 loops=1)
 Planning time: 0.253 ms
 Execution time: 1459.053 ms
(8 rows)

===== 54 [Wed Mar  7 13:03:34 CET 2018] scale:10000000 groups:10 work_mem:256MB incremental:off max_workers:0 =====
SELECT * FROM s_2 ORDER BY a, b, c LIMIT 100000
                                                             QUERY PLAN                                                              
-------------------------------------------------------------------------------------------------------------------------------------
 Limit  (cost=1045432.32..1045432.32 rows=1 width=20) (actual time=1419.188..1419.188 rows=0 loops=1)
   ->  Limit  (cost=1044182.32..1044432.32 rows=100000 width=20) (actual time=1403.804..1416.448 rows=100000 loops=1)
         ->  Sort  (cost=1044182.32..1069182.45 rows=10000054 width=20) (actual time=1403.803..1411.011 rows=100000 loops=1)
               Sort Key: s_2.a, s_2.b, s_2.c
               Sort Method: top-N heapsort  Memory: 15226kB
               ->  Seq Scan on s_2  (cost=0.00..163695.54 rows=10000054 width=20) (actual time=0.007..615.157 rows=10000000 loops=1)
 Planning time: 0.262 ms
 Execution time: 1420.023 ms
(8 rows)

===== 55 [Wed Mar  7 13:03:41 CET 2018] scale:10000000 groups:10 work_mem:256MB incremental:off max_workers:0 =====
SELECT * FROM s_3 ORDER BY a, b, c, d LIMIT 100000
                                                             QUERY PLAN                                                              
-------------------------------------------------------------------------------------------------------------------------------------
 Limit  (cost=1045432.32..1045432.32 rows=1 width=20) (actual time=1432.673..1432.673 rows=0 loops=1)
   ->  Limit  (cost=1044182.32..1044432.32 rows=100000 width=20) (actual time=1417.362..1429.930 rows=100000 loops=1)
         ->  Sort  (cost=1044182.32..1069182.45 rows=10000054 width=20) (actual time=1417.361..1424.510 rows=100000 loops=1)
               Sort Key: s_3.a, s_3.b, s_3.c, s_3.d
               Sort Method: top-N heapsort  Memory: 14088kB
               ->  Seq Scan on s_3  (cost=0.00..163695.54 rows=10000054 width=20) (actual time=0.007..615.838 rows=10000000 loops=1)
 Planning time: 0.270 ms
 Execution time: 1433.511 ms
(8 rows)

===== 56 [Wed Mar  7 13:03:47 CET 2018] scale:10000000 groups:10 work_mem:256MB incremental:off max_workers:0 =====
SELECT * FROM s_4 ORDER BY a, b, c, d, e LIMIT 100000
                                                             QUERY PLAN                                                             
------------------------------------------------------------------------------------------------------------------------------------
 Limit  (cost=1045421.04..1045421.04 rows=1 width=20) (actual time=1426.288..1426.288 rows=0 loops=1)
   ->  Limit  (cost=1044171.04..1044421.04 rows=100000 width=20) (actual time=1412.672..1423.542 rows=100000 loops=1)
         ->  Sort  (cost=1044171.04..1069170.89 rows=9999939 width=20) (actual time=1412.671..1417.954 rows=100000 loops=1)
               Sort Key: s_4.a, s_4.b, s_4.c, s_4.d, s_4.e
               Sort Method: top-N heapsort  Memory: 13966kB
               ->  Seq Scan on s_4  (cost=0.00..163694.39 rows=9999939 width=20) (actual time=0.012..619.733 rows=10000000 loops=1)
 Planning time: 0.264 ms
 Execution time: 1427.121 ms
(8 rows)

===== 57 [Wed Mar  7 13:03:54 CET 2018] scale:10000000 groups:10 work_mem:4MB incremental:on max_workers:2 =====
SELECT * FROM s_1 ORDER BY a, b LIMIT 100000
                                                                     QUERY PLAN                                                                     
----------------------------------------------------------------------------------------------------------------------------------------------------
 Limit  (cost=140767.28..140767.28 rows=1 width=20) (actual time=187.815..187.815 rows=0 loops=1)
   ->  Limit  (cost=138017.28..139767.28 rows=100000 width=20) (actual time=168.769..185.082 rows=100000 loops=1)
         ->  Incremental Sort  (cost=138017.28..313018.45 rows=10000054 width=20) (actual time=168.768..179.369 rows=100000 loops=1)
               Sort Key: s_1.a, s_1.b
               Presorted Key: s_1.a
               Sort Method: external merge  Disk: 14680kB
               Sort Groups: 1
               ->  Index Scan using s_1_a_idx on s_1  (cost=0.43..323387.25 rows=10000054 width=20) (actual time=0.013..59.535 rows=499794 loops=1)
 Planning time: 0.264 ms
 Execution time: 189.458 ms
(10 rows)

===== 58 [Wed Mar  7 13:03:55 CET 2018] scale:10000000 groups:10 work_mem:4MB incremental:on max_workers:2 =====
SELECT * FROM s_2 ORDER BY a, b, c LIMIT 100000
                                                                      QUERY PLAN                                                                      
------------------------------------------------------------------------------------------------------------------------------------------------------
 Limit  (cost=12885.10..12885.10 rows=1 width=20) (actual time=66.196..66.196 rows=0 loops=1)
   ->  Limit  (cost=10113.84..11885.10 rows=100000 width=20) (actual time=8.938..63.476 rows=100000 loops=1)
         ->  Incremental Sort  (cost=10113.84..187240.95 rows=10000054 width=20) (actual time=8.937..57.815 rows=100000 loops=1)
               Sort Key: s_2.a, s_2.b, s_2.c
               Presorted Key: s_2.a, s_2.b
               Sort Method: external merge  Disk: 1480kB
               Sort Groups: 3
               ->  Index Scan using s_2_a_b_idx on s_2  (cost=0.43..406985.62 rows=10000054 width=20) (actual time=0.016..15.395 rows=125418 loops=1)
 Planning time: 0.276 ms
 Execution time: 66.476 ms
(10 rows)

===== 59 [Wed Mar  7 13:03:55 CET 2018] scale:10000000 groups:10 work_mem:4MB incremental:on max_workers:2 =====
SELECT * FROM s_3 ORDER BY a, b, c, d LIMIT 100000
                                                                       QUERY PLAN                                                                       
--------------------------------------------------------------------------------------------------------------------------------------------------------
 Limit  (cost=3674.73..3674.73 rows=1 width=20) (actual time=47.422..47.422 rows=0 loops=1)
   ->  Limit  (cost=823.19..2674.73 rows=100000 width=20) (actual time=0.565..44.661 rows=100000 loops=1)
         ->  Incremental Sort  (cost=823.19..185978.79 rows=10000054 width=20) (actual time=0.565..39.233 rows=100000 loops=1)
               Sort Key: s_3.a, s_3.b, s_3.c, s_3.d
               Presorted Key: s_3.a, s_3.b, s_3.c
               Sort Method: quicksort  Memory: 589kB
               Sort Groups: 28
               ->  Index Scan using s_3_a_b_c_idx on s_3  (cost=0.43..451321.62 rows=10000054 width=20) (actual time=0.009..12.267 rows=102739 loops=1)
 Planning time: 0.288 ms
 Execution time: 47.463 ms
(10 rows)

===== 60 [Wed Mar  7 13:03:56 CET 2018] scale:10000000 groups:10 work_mem:4MB incremental:on max_workers:2 =====
SELECT * FROM s_4 ORDER BY a, b, c, d, e LIMIT 100000
                                                                       QUERY PLAN                                                                        
---------------------------------------------------------------------------------------------------------------------------------------------------------
 Limit  (cost=2907.93..2907.93 rows=1 width=20) (actual time=49.935..49.935 rows=0 loops=1)
   ->  Limit  (cost=63.42..1907.93 rows=100000 width=20) (actual time=0.089..47.172 rows=100000 loops=1)
         ->  Incremental Sort  (cost=63.42..184513.29 rows=9999939 width=20) (actual time=0.089..41.725 rows=100000 loops=1)
               Sort Key: s_4.a, s_4.b, s_4.c, s_4.d, s_4.e
               Presorted Key: s_4.a, s_4.b, s_4.c, s_4.d
               Sort Method: quicksort  Memory: 68kB
               Sort Groups: 303
               ->  Index Scan using s_4_a_b_c_d_idx on s_4  (cost=0.43..451319.90 rows=9999939 width=20) (actual time=0.018..11.967 rows=100414 loops=1)
 Planning time: 0.274 ms
 Execution time: 49.959 ms
(10 rows)

===== 61 [Wed Mar  7 13:03:56 CET 2018] scale:10000000 groups:10 work_mem:4MB incremental:off max_workers:2 =====
SELECT * FROM s_1 ORDER BY a, b LIMIT 100000
                                                                    QUERY PLAN                                                                    
--------------------------------------------------------------------------------------------------------------------------------------------------
 Limit  (cost=748071.64..748071.64 rows=1 width=20) (actual time=1553.942..1553.942 rows=0 loops=1)
   ->  Limit  (cost=735404.16..747071.64 rows=100000 width=20) (actual time=1527.592..1551.134 rows=100000 loops=1)
         ->  Gather Merge  (cost=735404.16..1707699.48 rows=8333378 width=20) (actual time=1527.591..1545.511 rows=100000 loops=1)
               Workers Planned: 2
               Workers Launched: 2
               ->  Sort  (cost=734404.14..744820.86 rows=4166689 width=20) (actual time=1525.923..1529.402 rows=34026 loops=3)
                     Sort Key: s_1.a, s_1.b
                     Sort Method: external merge  Disk: 97904kB
                     Worker 0:  Sort Method: external merge  Disk: 97840kB
                     Worker 1:  Sort Method: external merge  Disk: 97864kB
                     ->  Parallel Seq Scan on s_1  (cost=0.00..105361.89 rows=4166689 width=20) (actual time=0.008..233.670 rows=3333333 loops=3)
 Planning time: 0.272 ms
 Execution time: 1576.260 ms
(13 rows)

===== 62 [Wed Mar  7 13:04:05 CET 2018] scale:10000000 groups:10 work_mem:4MB incremental:off max_workers:2 =====
SELECT * FROM s_2 ORDER BY a, b, c LIMIT 100000
                                                                    QUERY PLAN                                                                    
--------------------------------------------------------------------------------------------------------------------------------------------------
 Limit  (cost=748071.64..748071.64 rows=1 width=20) (actual time=1597.163..1597.163 rows=0 loops=1)
   ->  Limit  (cost=735404.16..747071.64 rows=100000 width=20) (actual time=1567.298..1594.348 rows=100000 loops=1)
         ->  Gather Merge  (cost=735404.16..1707699.48 rows=8333378 width=20) (actual time=1567.298..1588.639 rows=100000 loops=1)
               Workers Planned: 2
               Workers Launched: 2
               ->  Sort  (cost=734404.14..744820.86 rows=4166689 width=20) (actual time=1561.643..1565.155 rows=34000 loops=3)
                     Sort Key: s_2.a, s_2.b, s_2.c
                     Sort Method: external merge  Disk: 98792kB
                     Worker 0:  Sort Method: external merge  Disk: 97392kB
                     Worker 1:  Sort Method: external merge  Disk: 97424kB
                     ->  Parallel Seq Scan on s_2  (cost=0.00..105361.89 rows=4166689 width=20) (actual time=0.009..236.782 rows=3333333 loops=3)
 Planning time: 0.285 ms
 Execution time: 1618.842 ms
(13 rows)

===== 63 [Wed Mar  7 13:04:14 CET 2018] scale:10000000 groups:10 work_mem:4MB incremental:off max_workers:2 =====
SELECT * FROM s_3 ORDER BY a, b, c, d LIMIT 100000
                                                                    QUERY PLAN                                                                    
--------------------------------------------------------------------------------------------------------------------------------------------------
 Limit  (cost=748071.64..748071.64 rows=1 width=20) (actual time=1730.988..1730.988 rows=0 loops=1)
   ->  Limit  (cost=735404.16..747071.64 rows=100000 width=20) (actual time=1698.934..1728.167 rows=100000 loops=1)
         ->  Gather Merge  (cost=735404.16..1707699.48 rows=8333378 width=20) (actual time=1698.933..1722.458 rows=100000 loops=1)
               Workers Planned: 2
               Workers Launched: 2
               ->  Sort  (cost=734404.14..744820.86 rows=4166689 width=20) (actual time=1696.426..1699.936 rows=33997 loops=3)
                     Sort Key: s_3.a, s_3.b, s_3.c, s_3.d
                     Sort Method: external merge  Disk: 98152kB
                     Worker 0:  Sort Method: external merge  Disk: 97744kB
                     Worker 1:  Sort Method: external merge  Disk: 97704kB
                     ->  Parallel Seq Scan on s_3  (cost=0.00..105361.89 rows=4166689 width=20) (actual time=0.008..232.641 rows=3333333 loops=3)
 Planning time: 0.286 ms
 Execution time: 1752.223 ms
(13 rows)

===== 64 [Wed Mar  7 13:04:24 CET 2018] scale:10000000 groups:10 work_mem:4MB incremental:off max_workers:2 =====
SELECT * FROM s_4 ORDER BY a, b, c, d, e LIMIT 100000
                                                                    QUERY PLAN                                                                    
--------------------------------------------------------------------------------------------------------------------------------------------------
 Limit  (cost=748058.54..748058.54 rows=1 width=20) (actual time=2097.088..2097.088 rows=0 loops=1)
   ->  Limit  (cost=735391.06..747058.54 rows=100000 width=20) (actual time=2062.562..2094.278 rows=100000 loops=1)
         ->  Gather Merge  (cost=735391.06..1707675.17 rows=8333282 width=20) (actual time=2062.562..2088.574 rows=100000 loops=1)
               Workers Planned: 2
               Workers Launched: 2
               ->  Sort  (cost=734391.04..744807.64 rows=4166641 width=20) (actual time=2055.700..2059.231 rows=33959 loops=3)
                     Sort Key: s_4.a, s_4.b, s_4.c, s_4.d, s_4.e
                     Sort Method: external merge  Disk: 98112kB
                     Worker 0:  Sort Method: external merge  Disk: 97744kB
                     Worker 1:  Sort Method: external merge  Disk: 97744kB
                     ->  Parallel Seq Scan on s_4  (cost=0.00..105361.41 rows=4166641 width=20) (actual time=0.012..229.263 rows=3333333 loops=3)
 Planning time: 0.272 ms
 Execution time: 2118.318 ms
(13 rows)

===== 65 [Wed Mar  7 13:04:36 CET 2018] scale:10000000 groups:10 work_mem:8MB incremental:on max_workers:2 =====
SELECT * FROM s_1 ORDER BY a, b LIMIT 100000
                                                                     QUERY PLAN                                                                     
----------------------------------------------------------------------------------------------------------------------------------------------------
 Limit  (cost=112193.49..112193.49 rows=1 width=20) (actual time=210.490..210.490 rows=0 loops=1)
   ->  Limit  (cost=109443.49..111193.49 rows=100000 width=20) (actual time=191.346..207.764 rows=100000 loops=1)
         ->  Incremental Sort  (cost=109443.49..284444.65 rows=10000054 width=20) (actual time=191.345..202.048 rows=100000 loops=1)
               Sort Key: s_1.a, s_1.b
               Presorted Key: s_1.a
               Sort Method: external merge  Disk: 14680kB
               Sort Groups: 1
               ->  Index Scan using s_1_a_idx on s_1  (cost=0.43..323387.25 rows=10000054 width=20) (actual time=0.013..60.143 rows=499794 loops=1)
 Planning time: 0.264 ms
 Execution time: 212.441 ms
(10 rows)

===== 66 [Wed Mar  7 13:04:37 CET 2018] scale:10000000 groups:10 work_mem:8MB incremental:on max_workers:2 =====
SELECT * FROM s_2 ORDER BY a, b, c LIMIT 100000
                                                                      QUERY PLAN                                                                      
------------------------------------------------------------------------------------------------------------------------------------------------------
 Limit  (cost=12885.10..12885.10 rows=1 width=20) (actual time=55.801..55.801 rows=0 loops=1)
   ->  Limit  (cost=10113.84..11885.10 rows=100000 width=20) (actual time=8.924..53.042 rows=100000 loops=1)
         ->  Incremental Sort  (cost=10113.84..187240.95 rows=10000054 width=20) (actual time=8.923..47.574 rows=100000 loops=1)
               Sort Key: s_2.a, s_2.b, s_2.c
               Presorted Key: s_2.a, s_2.b
               Sort Method: quicksort  Memory: 5454kB
               Sort Groups: 3
               ->  Index Scan using s_2_a_b_idx on s_2  (cost=0.43..406985.62 rows=10000054 width=20) (actual time=0.015..15.399 rows=125418 loops=1)
 Planning time: 0.280 ms
 Execution time: 55.884 ms
(10 rows)

===== 67 [Wed Mar  7 13:04:37 CET 2018] scale:10000000 groups:10 work_mem:8MB incremental:on max_workers:2 =====
SELECT * FROM s_3 ORDER BY a, b, c, d LIMIT 100000
                                                                       QUERY PLAN                                                                       
--------------------------------------------------------------------------------------------------------------------------------------------------------
 Limit  (cost=3674.73..3674.73 rows=1 width=20) (actual time=47.465..47.465 rows=0 loops=1)
   ->  Limit  (cost=823.19..2674.73 rows=100000 width=20) (actual time=0.567..44.705 rows=100000 loops=1)
         ->  Incremental Sort  (cost=823.19..185978.79 rows=10000054 width=20) (actual time=0.567..39.267 rows=100000 loops=1)
               Sort Key: s_3.a, s_3.b, s_3.c, s_3.d
               Presorted Key: s_3.a, s_3.b, s_3.c
               Sort Method: quicksort  Memory: 589kB
               Sort Groups: 28
               ->  Index Scan using s_3_a_b_c_idx on s_3  (cost=0.43..451321.62 rows=10000054 width=20) (actual time=0.009..12.288 rows=102739 loops=1)
 Planning time: 0.291 ms
 Execution time: 47.505 ms
(10 rows)

===== 68 [Wed Mar  7 13:04:37 CET 2018] scale:10000000 groups:10 work_mem:8MB incremental:on max_workers:2 =====
SELECT * FROM s_4 ORDER BY a, b, c, d, e LIMIT 100000
                                                                       QUERY PLAN                                                                        
---------------------------------------------------------------------------------------------------------------------------------------------------------
 Limit  (cost=2907.93..2907.93 rows=1 width=20) (actual time=49.903..49.903 rows=0 loops=1)
   ->  Limit  (cost=63.42..1907.93 rows=100000 width=20) (actual time=0.100..47.138 rows=100000 loops=1)
         ->  Incremental Sort  (cost=63.42..184513.29 rows=9999939 width=20) (actual time=0.100..41.685 rows=100000 loops=1)
               Sort Key: s_4.a, s_4.b, s_4.c, s_4.d, s_4.e
               Presorted Key: s_4.a, s_4.b, s_4.c, s_4.d
               Sort Method: quicksort  Memory: 68kB
               Sort Groups: 303
               ->  Index Scan using s_4_a_b_c_d_idx on s_4  (cost=0.43..451319.90 rows=9999939 width=20) (actual time=0.017..11.938 rows=100414 loops=1)
 Planning time: 0.271 ms
 Execution time: 49.927 ms
(10 rows)

===== 69 [Wed Mar  7 13:04:38 CET 2018] scale:10000000 groups:10 work_mem:8MB incremental:off max_workers:2 =====
SELECT * FROM s_1 ORDER BY a, b LIMIT 100000
                                                                    QUERY PLAN                                                                    
--------------------------------------------------------------------------------------------------------------------------------------------------
 Limit  (cost=485898.87..485898.87 rows=1 width=20) (actual time=1376.242..1376.242 rows=0 loops=1)
   ->  Limit  (cost=473231.39..484898.87 rows=100000 width=20) (actual time=1349.713..1373.439 rows=100000 loops=1)
         ->  Gather Merge  (cost=473231.39..1445526.71 rows=8333378 width=20) (actual time=1349.712..1367.796 rows=100000 loops=1)
               Workers Planned: 2
               Workers Launched: 2
               ->  Sort  (cost=472231.37..482648.09 rows=4166689 width=20) (actual time=1347.798..1351.325 rows=34002 loops=3)
                     Sort Key: s_1.a, s_1.b
                     Sort Method: external merge  Disk: 97888kB
                     Worker 0:  Sort Method: external merge  Disk: 97888kB
                     Worker 1:  Sort Method: external merge  Disk: 97840kB
                     ->  Parallel Seq Scan on s_1  (cost=0.00..105361.89 rows=4166689 width=20) (actual time=0.008..232.078 rows=3333333 loops=3)
 Planning time: 0.265 ms
 Execution time: 1399.051 ms
(13 rows)

===== 70 [Wed Mar  7 13:04:45 CET 2018] scale:10000000 groups:10 work_mem:8MB incremental:off max_workers:2 =====
SELECT * FROM s_2 ORDER BY a, b, c LIMIT 100000
                                                                    QUERY PLAN                                                                    
--------------------------------------------------------------------------------------------------------------------------------------------------
 Limit  (cost=485898.87..485898.87 rows=1 width=20) (actual time=1412.411..1412.411 rows=0 loops=1)
   ->  Limit  (cost=473231.39..484898.87 rows=100000 width=20) (actual time=1382.461..1409.599 rows=100000 loops=1)
         ->  Gather Merge  (cost=473231.39..1445526.71 rows=8333378 width=20) (actual time=1382.460..1403.913 rows=100000 loops=1)
               Workers Planned: 2
               Workers Launched: 2
               ->  Sort  (cost=472231.37..482648.09 rows=4166689 width=20) (actual time=1380.707..1384.214 rows=33970 loops=3)
                     Sort Key: s_2.a, s_2.b, s_2.c
                     Sort Method: external merge  Disk: 98024kB
                     Worker 0:  Sort Method: external merge  Disk: 97792kB
                     Worker 1:  Sort Method: external merge  Disk: 97792kB
                     ->  Parallel Seq Scan on s_2  (cost=0.00..105361.89 rows=4166689 width=20) (actual time=0.009..233.062 rows=3333333 loops=3)
 Planning time: 0.280 ms
 Execution time: 1434.979 ms
(13 rows)

===== 71 [Wed Mar  7 13:04:53 CET 2018] scale:10000000 groups:10 work_mem:8MB incremental:off max_workers:2 =====
SELECT * FROM s_3 ORDER BY a, b, c, d LIMIT 100000
                                                                    QUERY PLAN                                                                    
--------------------------------------------------------------------------------------------------------------------------------------------------
 Limit  (cost=485898.87..485898.87 rows=1 width=20) (actual time=1558.916..1558.916 rows=0 loops=1)
   ->  Limit  (cost=473231.39..484898.87 rows=100000 width=20) (actual time=1526.844..1556.107 rows=100000 loops=1)
         ->  Gather Merge  (cost=473231.39..1445526.71 rows=8333378 width=20) (actual time=1526.843..1550.394 rows=100000 loops=1)
               Workers Planned: 2
               Workers Launched: 2
               ->  Sort  (cost=472231.37..482648.09 rows=4166689 width=20) (actual time=1517.906..1521.437 rows=34034 loops=3)
                     Sort Key: s_3.a, s_3.b, s_3.c, s_3.d
                     Sort Method: external merge  Disk: 98728kB
                     Worker 0:  Sort Method: external merge  Disk: 97792kB
                     Worker 1:  Sort Method: external merge  Disk: 97088kB
                     ->  Parallel Seq Scan on s_3  (cost=0.00..105361.89 rows=4166689 width=20) (actual time=0.009..233.106 rows=3333333 loops=3)
 Planning time: 0.285 ms
 Execution time: 1581.147 ms
(13 rows)

===== 72 [Wed Mar  7 13:05:02 CET 2018] scale:10000000 groups:10 work_mem:8MB incremental:off max_workers:2 =====
SELECT * FROM s_4 ORDER BY a, b, c, d, e LIMIT 100000
                                                                    QUERY PLAN                                                                    
--------------------------------------------------------------------------------------------------------------------------------------------------
 Limit  (cost=485894.17..485894.17 rows=1 width=20) (actual time=1936.509..1936.509 rows=0 loops=1)
   ->  Limit  (cost=473226.69..484894.17 rows=100000 width=20) (actual time=1901.870..1933.699 rows=100000 loops=1)
         ->  Gather Merge  (cost=473226.69..1445510.80 rows=8333282 width=20) (actual time=1901.869..1927.976 rows=100000 loops=1)
               Workers Planned: 2
               Workers Launched: 2
               ->  Sort  (cost=472226.66..482643.26 rows=4166641 width=20) (actual time=1897.594..1901.109 rows=33970 loops=3)
                     Sort Key: s_4.a, s_4.b, s_4.c, s_4.d, s_4.e
                     Sort Method: external merge  Disk: 98848kB
                     Worker 0:  Sort Method: external merge  Disk: 97448kB
                     Worker 1:  Sort Method: external merge  Disk: 97320kB
                     ->  Parallel Seq Scan on s_4  (cost=0.00..105361.41 rows=4166641 width=20) (actual time=0.011..233.153 rows=3333333 loops=3)
 Planning time: 0.267 ms
 Execution time: 1958.896 ms
(13 rows)

===== 73 [Wed Mar  7 13:05:13 CET 2018] scale:10000000 groups:10 work_mem:16MB incremental:on max_workers:2 =====
SELECT * FROM s_1 ORDER BY a, b LIMIT 100000
                                                                     QUERY PLAN                                                                     
----------------------------------------------------------------------------------------------------------------------------------------------------
 Limit  (cost=112193.49..112193.49 rows=1 width=20) (actual time=233.874..233.874 rows=0 loops=1)
   ->  Limit  (cost=109443.49..111193.49 rows=100000 width=20) (actual time=214.752..231.139 rows=100000 loops=1)
         ->  Incremental Sort  (cost=109443.49..284444.65 rows=10000054 width=20) (actual time=214.751..225.423 rows=100000 loops=1)
               Sort Key: s_1.a, s_1.b
               Presorted Key: s_1.a
               Sort Method: external merge  Disk: 14688kB
               Sort Groups: 1
               ->  Index Scan using s_1_a_idx on s_1  (cost=0.43..323387.25 rows=10000054 width=20) (actual time=0.013..61.436 rows=499794 loops=1)
 Planning time: 0.262 ms
 Execution time: 236.194 ms
(10 rows)

===== 74 [Wed Mar  7 13:05:14 CET 2018] scale:10000000 groups:10 work_mem:16MB incremental:on max_workers:2 =====
SELECT * FROM s_2 ORDER BY a, b, c LIMIT 100000
                                                                      QUERY PLAN                                                                      
------------------------------------------------------------------------------------------------------------------------------------------------------
 Limit  (cost=12885.10..12885.10 rows=1 width=20) (actual time=55.078..55.078 rows=0 loops=1)
   ->  Limit  (cost=10113.84..11885.10 rows=100000 width=20) (actual time=8.933..52.318 rows=100000 loops=1)
         ->  Incremental Sort  (cost=10113.84..187240.95 rows=10000054 width=20) (actual time=8.932..46.849 rows=100000 loops=1)
               Sort Key: s_2.a, s_2.b, s_2.c
               Presorted Key: s_2.a, s_2.b
               Sort Method: quicksort  Memory: 5454kB
               Sort Groups: 3
               ->  Index Scan using s_2_a_b_idx on s_2  (cost=0.43..406985.62 rows=10000054 width=20) (actual time=0.015..15.400 rows=125418 loops=1)
 Planning time: 0.279 ms
 Execution time: 55.163 ms
(10 rows)

===== 75 [Wed Mar  7 13:05:15 CET 2018] scale:10000000 groups:10 work_mem:16MB incremental:on max_workers:2 =====
SELECT * FROM s_3 ORDER BY a, b, c, d LIMIT 100000
                                                                       QUERY PLAN                                                                       
--------------------------------------------------------------------------------------------------------------------------------------------------------
 Limit  (cost=3674.73..3674.73 rows=1 width=20) (actual time=47.435..47.435 rows=0 loops=1)
   ->  Limit  (cost=823.19..2674.73 rows=100000 width=20) (actual time=0.565..44.683 rows=100000 loops=1)
         ->  Incremental Sort  (cost=823.19..185978.79 rows=10000054 width=20) (actual time=0.565..39.247 rows=100000 loops=1)
               Sort Key: s_3.a, s_3.b, s_3.c, s_3.d
               Presorted Key: s_3.a, s_3.b, s_3.c
               Sort Method: quicksort  Memory: 589kB
               Sort Groups: 28
               ->  Index Scan using s_3_a_b_c_idx on s_3  (cost=0.43..451321.62 rows=10000054 width=20) (actual time=0.009..12.262 rows=102739 loops=1)
 Planning time: 0.288 ms
 Execution time: 47.476 ms
(10 rows)

===== 76 [Wed Mar  7 13:05:15 CET 2018] scale:10000000 groups:10 work_mem:16MB incremental:on max_workers:2 =====
SELECT * FROM s_4 ORDER BY a, b, c, d, e LIMIT 100000
                                                                       QUERY PLAN                                                                        
---------------------------------------------------------------------------------------------------------------------------------------------------------
 Limit  (cost=2907.93..2907.93 rows=1 width=20) (actual time=49.895..49.895 rows=0 loops=1)
   ->  Limit  (cost=63.42..1907.93 rows=100000 width=20) (actual time=0.089..47.125 rows=100000 loops=1)
         ->  Incremental Sort  (cost=63.42..184513.29 rows=9999939 width=20) (actual time=0.089..41.670 rows=100000 loops=1)
               Sort Key: s_4.a, s_4.b, s_4.c, s_4.d, s_4.e
               Presorted Key: s_4.a, s_4.b, s_4.c, s_4.d
               Sort Method: quicksort  Memory: 68kB
               Sort Groups: 303
               ->  Index Scan using s_4_a_b_c_d_idx on s_4  (cost=0.43..451319.90 rows=9999939 width=20) (actual time=0.017..11.923 rows=100414 loops=1)
 Planning time: 0.275 ms
 Execution time: 49.919 ms
(10 rows)

===== 77 [Wed Mar  7 13:05:15 CET 2018] scale:10000000 groups:10 work_mem:16MB incremental:off max_workers:2 =====
SELECT * FROM s_1 ORDER BY a, b LIMIT 100000
                                                                    QUERY PLAN                                                                    
--------------------------------------------------------------------------------------------------------------------------------------------------
 Limit  (cost=485898.87..485898.87 rows=1 width=20) (actual time=1328.779..1328.779 rows=0 loops=1)
   ->  Limit  (cost=473231.39..484898.87 rows=100000 width=20) (actual time=1302.545..1325.982 rows=100000 loops=1)
         ->  Gather Merge  (cost=473231.39..1445526.71 rows=8333378 width=20) (actual time=1302.544..1320.344 rows=100000 loops=1)
               Workers Planned: 2
               Workers Launched: 2
               ->  Sort  (cost=472231.37..482648.09 rows=4166689 width=20) (actual time=1300.659..1304.095 rows=33985 loops=3)
                     Sort Key: s_1.a, s_1.b
                     Sort Method: external merge  Disk: 98008kB
                     Worker 0:  Sort Method: external merge  Disk: 98000kB
                     Worker 1:  Sort Method: external merge  Disk: 97904kB
                     ->  Parallel Seq Scan on s_1  (cost=0.00..105361.89 rows=4166689 width=20) (actual time=0.008..230.627 rows=3333333 loops=3)
 Planning time: 0.279 ms
 Execution time: 1352.628 ms
(13 rows)

===== 78 [Wed Mar  7 13:05:23 CET 2018] scale:10000000 groups:10 work_mem:16MB incremental:off max_workers:2 =====
SELECT * FROM s_2 ORDER BY a, b, c LIMIT 100000
                                                                    QUERY PLAN                                                                    
--------------------------------------------------------------------------------------------------------------------------------------------------
 Limit  (cost=485898.87..485898.87 rows=1 width=20) (actual time=1398.176..1398.176 rows=0 loops=1)
   ->  Limit  (cost=473231.39..484898.87 rows=100000 width=20) (actual time=1368.314..1395.356 rows=100000 loops=1)
         ->  Gather Merge  (cost=473231.39..1445526.71 rows=8333378 width=20) (actual time=1368.313..1389.657 rows=100000 loops=1)
               Workers Planned: 2
               Workers Launched: 2
               ->  Sort  (cost=472231.37..482648.09 rows=4166689 width=20) (actual time=1364.016..1367.554 rows=33990 loops=3)
                     Sort Key: s_2.a, s_2.b, s_2.c
                     Sort Method: external merge  Disk: 98224kB
                     Worker 0:  Sort Method: external merge  Disk: 97848kB
                     Worker 1:  Sort Method: external merge  Disk: 97840kB
                     ->  Parallel Seq Scan on s_2  (cost=0.00..105361.89 rows=4166689 width=20) (actual time=0.010..231.711 rows=3333333 loops=3)
 Planning time: 0.277 ms
 Execution time: 1421.513 ms
(13 rows)

===== 79 [Wed Mar  7 13:05:30 CET 2018] scale:10000000 groups:10 work_mem:16MB incremental:off max_workers:2 =====
SELECT * FROM s_3 ORDER BY a, b, c, d LIMIT 100000
                                                                    QUERY PLAN                                                                    
--------------------------------------------------------------------------------------------------------------------------------------------------
 Limit  (cost=485898.87..485898.87 rows=1 width=20) (actual time=1550.022..1550.022 rows=0 loops=1)
   ->  Limit  (cost=473231.39..484898.87 rows=100000 width=20) (actual time=1518.028..1547.207 rows=100000 loops=1)
         ->  Gather Merge  (cost=473231.39..1445526.71 rows=8333378 width=20) (actual time=1518.027..1541.497 rows=100000 loops=1)
               Workers Planned: 2
               Workers Launched: 2
               ->  Sort  (cost=472231.37..482648.09 rows=4166689 width=20) (actual time=1512.797..1516.364 rows=34051 loops=3)
                     Sort Key: s_3.a, s_3.b, s_3.c, s_3.d
                     Sort Method: external merge  Disk: 97456kB
                     Worker 0:  Sort Method: external merge  Disk: 98304kB
                     Worker 1:  Sort Method: external merge  Disk: 98152kB
                     ->  Parallel Seq Scan on s_3  (cost=0.00..105361.89 rows=4166689 width=20) (actual time=0.008..233.050 rows=3333333 loops=3)
 Planning time: 0.284 ms
 Execution time: 1573.117 ms
(13 rows)

===== 80 [Wed Mar  7 13:05:39 CET 2018] scale:10000000 groups:10 work_mem:16MB incremental:off max_workers:2 =====
SELECT * FROM s_4 ORDER BY a, b, c, d, e LIMIT 100000
                                                                    QUERY PLAN                                                                    
--------------------------------------------------------------------------------------------------------------------------------------------------
 Limit  (cost=485894.17..485894.17 rows=1 width=20) (actual time=1959.860..1959.860 rows=0 loops=1)
   ->  Limit  (cost=473226.69..484894.17 rows=100000 width=20) (actual time=1925.309..1957.043 rows=100000 loops=1)
         ->  Gather Merge  (cost=473226.69..1445510.80 rows=8333282 width=20) (actual time=1925.308..1951.327 rows=100000 loops=1)
               Workers Planned: 2
               Workers Launched: 2
               ->  Sort  (cost=472226.66..482643.26 rows=4166641 width=20) (actual time=1897.075..1900.639 rows=33965 loops=3)
                     Sort Key: s_4.a, s_4.b, s_4.c, s_4.d, s_4.e
                     Sort Method: external merge  Disk: 96672kB
                     Worker 0:  Sort Method: external merge  Disk: 97336kB
                     Worker 1:  Sort Method: external merge  Disk: 99904kB
                     ->  Parallel Seq Scan on s_4  (cost=0.00..105361.41 rows=4166641 width=20) (actual time=0.011..234.358 rows=3333333 loops=3)
 Planning time: 0.272 ms
 Execution time: 1982.664 ms
(13 rows)

===== 81 [Wed Mar  7 13:05:50 CET 2018] scale:10000000 groups:10 work_mem:32MB incremental:on max_workers:2 =====
SELECT * FROM s_1 ORDER BY a, b LIMIT 100000
                                                                     QUERY PLAN                                                                     
----------------------------------------------------------------------------------------------------------------------------------------------------
 Limit  (cost=112193.49..112193.49 rows=1 width=20) (actual time=253.741..253.741 rows=0 loops=1)
   ->  Limit  (cost=109443.49..111193.49 rows=100000 width=20) (actual time=236.187..251.027 rows=100000 loops=1)
         ->  Incremental Sort  (cost=109443.49..284444.65 rows=10000054 width=20) (actual time=236.187..245.334 rows=100000 loops=1)
               Sort Key: s_1.a, s_1.b
               Presorted Key: s_1.a
               Sort Method: external merge  Disk: 14680kB
               Sort Groups: 1
               ->  Index Scan using s_1_a_idx on s_1  (cost=0.43..323387.25 rows=10000054 width=20) (actual time=0.013..62.812 rows=499794 loops=1)
 Planning time: 0.265 ms
 Execution time: 256.096 ms
(10 rows)

===== 82 [Wed Mar  7 13:05:51 CET 2018] scale:10000000 groups:10 work_mem:32MB incremental:on max_workers:2 =====
SELECT * FROM s_2 ORDER BY a, b, c LIMIT 100000
                                                                      QUERY PLAN                                                                      
------------------------------------------------------------------------------------------------------------------------------------------------------
 Limit  (cost=12885.10..12885.10 rows=1 width=20) (actual time=55.297..55.297 rows=0 loops=1)
   ->  Limit  (cost=10113.84..11885.10 rows=100000 width=20) (actual time=8.939..52.542 rows=100000 loops=1)
         ->  Incremental Sort  (cost=10113.84..187240.95 rows=10000054 width=20) (actual time=8.938..47.077 rows=100000 loops=1)
               Sort Key: s_2.a, s_2.b, s_2.c
               Presorted Key: s_2.a, s_2.b
               Sort Method: quicksort  Memory: 5454kB
               Sort Groups: 3
               ->  Index Scan using s_2_a_b_idx on s_2  (cost=0.43..406985.62 rows=10000054 width=20) (actual time=0.015..15.423 rows=125418 loops=1)
 Planning time: 0.283 ms
 Execution time: 55.385 ms
(10 rows)

===== 83 [Wed Mar  7 13:05:52 CET 2018] scale:10000000 groups:10 work_mem:32MB incremental:on max_workers:2 =====
SELECT * FROM s_3 ORDER BY a, b, c, d LIMIT 100000
                                                                       QUERY PLAN                                                                       
--------------------------------------------------------------------------------------------------------------------------------------------------------
 Limit  (cost=3674.73..3674.73 rows=1 width=20) (actual time=47.460..47.460 rows=0 loops=1)
   ->  Limit  (cost=823.19..2674.73 rows=100000 width=20) (actual time=0.565..44.699 rows=100000 loops=1)
         ->  Incremental Sort  (cost=823.19..185978.79 rows=10000054 width=20) (actual time=0.565..39.263 rows=100000 loops=1)
               Sort Key: s_3.a, s_3.b, s_3.c, s_3.d
               Presorted Key: s_3.a, s_3.b, s_3.c
               Sort Method: quicksort  Memory: 589kB
               Sort Groups: 28
               ->  Index Scan using s_3_a_b_c_idx on s_3  (cost=0.43..451321.62 rows=10000054 width=20) (actual time=0.009..12.283 rows=102739 loops=1)
 Planning time: 0.293 ms
 Execution time: 47.500 ms
(10 rows)

===== 84 [Wed Mar  7 13:05:52 CET 2018] scale:10000000 groups:10 work_mem:32MB incremental:on max_workers:2 =====
SELECT * FROM s_4 ORDER BY a, b, c, d, e LIMIT 100000
                                                                       QUERY PLAN                                                                        
---------------------------------------------------------------------------------------------------------------------------------------------------------
 Limit  (cost=2907.93..2907.93 rows=1 width=20) (actual time=49.933..49.933 rows=0 loops=1)
   ->  Limit  (cost=63.42..1907.93 rows=100000 width=20) (actual time=0.098..47.169 rows=100000 loops=1)
         ->  Incremental Sort  (cost=63.42..184513.29 rows=9999939 width=20) (actual time=0.098..41.710 rows=100000 loops=1)
               Sort Key: s_4.a, s_4.b, s_4.c, s_4.d, s_4.e
               Presorted Key: s_4.a, s_4.b, s_4.c, s_4.d
               Sort Method: quicksort  Memory: 68kB
               Sort Groups: 303
               ->  Index Scan using s_4_a_b_c_d_idx on s_4  (cost=0.43..451319.90 rows=9999939 width=20) (actual time=0.017..11.950 rows=100414 loops=1)
 Planning time: 0.273 ms
 Execution time: 49.957 ms
(10 rows)

===== 85 [Wed Mar  7 13:05:52 CET 2018] scale:10000000 groups:10 work_mem:32MB incremental:off max_workers:2 =====
SELECT * FROM s_1 ORDER BY a, b LIMIT 100000
                                                                    QUERY PLAN                                                                    
--------------------------------------------------------------------------------------------------------------------------------------------------
 Limit  (cost=485898.87..485898.87 rows=1 width=20) (actual time=580.705..580.705 rows=0 loops=1)
   ->  Limit  (cost=473231.39..484898.87 rows=100000 width=20) (actual time=554.433..577.910 rows=100000 loops=1)
         ->  Gather Merge  (cost=473231.39..1445526.71 rows=8333378 width=20) (actual time=554.433..572.269 rows=100000 loops=1)
               Workers Planned: 2
               Workers Launched: 2
               ->  Sort  (cost=472231.37..482648.09 rows=4166689 width=20) (actual time=552.123..555.169 rows=33844 loops=3)
                     Sort Key: s_1.a, s_1.b
                     Sort Method: top-N heapsort  Memory: 18067kB
                     Worker 0:  Sort Method: top-N heapsort  Memory: 17425kB
                     Worker 1:  Sort Method: top-N heapsort  Memory: 17540kB
                     ->  Parallel Seq Scan on s_1  (cost=0.00..105361.89 rows=4166689 width=20) (actual time=0.008..219.233 rows=3333333 loops=3)
 Planning time: 0.264 ms
 Execution time: 584.965 ms
(13 rows)

===== 86 [Wed Mar  7 13:05:55 CET 2018] scale:10000000 groups:10 work_mem:32MB incremental:off max_workers:2 =====
SELECT * FROM s_2 ORDER BY a, b, c LIMIT 100000
                                                                    QUERY PLAN                                                                    
--------------------------------------------------------------------------------------------------------------------------------------------------
 Limit  (cost=485898.87..485898.87 rows=1 width=20) (actual time=583.474..583.474 rows=0 loops=1)
   ->  Limit  (cost=473231.39..484898.87 rows=100000 width=20) (actual time=554.779..580.665 rows=100000 loops=1)
         ->  Gather Merge  (cost=473231.39..1445526.71 rows=8333378 width=20) (actual time=554.779..574.979 rows=100000 loops=1)
               Workers Planned: 2
               Workers Launched: 2
               ->  Sort  (cost=472231.37..482648.09 rows=4166689 width=20) (actual time=553.077..555.465 rows=33946 loops=3)
                     Sort Key: s_2.a, s_2.b, s_2.c
                     Sort Method: top-N heapsort  Memory: 14013kB
                     Worker 0:  Sort Method: top-N heapsort  Memory: 14228kB
                     Worker 1:  Sort Method: top-N heapsort  Memory: 14241kB
                     ->  Parallel Seq Scan on s_2  (cost=0.00..105361.89 rows=4166689 width=20) (actual time=0.009..220.200 rows=3333333 loops=3)
 Planning time: 0.274 ms
 Execution time: 587.161 ms
(13 rows)

===== 87 [Wed Mar  7 13:05:58 CET 2018] scale:10000000 groups:10 work_mem:32MB incremental:off max_workers:2 =====
SELECT * FROM s_3 ORDER BY a, b, c, d LIMIT 100000
                                                                    QUERY PLAN                                                                    
--------------------------------------------------------------------------------------------------------------------------------------------------
 Limit  (cost=485898.87..485898.87 rows=1 width=20) (actual time=580.278..580.278 rows=0 loops=1)
   ->  Limit  (cost=473231.39..484898.87 rows=100000 width=20) (actual time=550.036..577.464 rows=100000 loops=1)
         ->  Gather Merge  (cost=473231.39..1445526.71 rows=8333378 width=20) (actual time=550.036..571.769 rows=100000 loops=1)
               Workers Planned: 2
               Workers Launched: 2
               ->  Sort  (cost=472231.37..482648.09 rows=4166689 width=20) (actual time=548.345..550.363 rows=34028 loops=3)
                     Sort Key: s_3.a, s_3.b, s_3.c, s_3.d
                     Sort Method: top-N heapsort  Memory: 13991kB
                     Worker 0:  Sort Method: top-N heapsort  Memory: 14002kB
                     Worker 1:  Sort Method: top-N heapsort  Memory: 13998kB
                     ->  Parallel Seq Scan on s_3  (cost=0.00..105361.89 rows=4166689 width=20) (actual time=0.009..221.203 rows=3333333 loops=3)
 Planning time: 0.286 ms
 Execution time: 584.110 ms
(13 rows)

===== 88 [Wed Mar  7 13:06:01 CET 2018] scale:10000000 groups:10 work_mem:32MB incremental:off max_workers:2 =====
SELECT * FROM s_4 ORDER BY a, b, c, d, e LIMIT 100000
                                                                    QUERY PLAN                                                                    
--------------------------------------------------------------------------------------------------------------------------------------------------
 Limit  (cost=485894.17..485894.17 rows=1 width=20) (actual time=589.015..589.015 rows=0 loops=1)
   ->  Limit  (cost=473226.69..484894.17 rows=100000 width=20) (actual time=556.520..586.203 rows=100000 loops=1)
         ->  Gather Merge  (cost=473226.69..1445510.80 rows=8333282 width=20) (actual time=556.519..580.511 rows=100000 loops=1)
               Workers Planned: 2
               Workers Launched: 2
               ->  Sort  (cost=472226.66..482643.26 rows=4166641 width=20) (actual time=554.794..556.613 rows=33925 loops=3)
                     Sort Key: s_4.a, s_4.b, s_4.c, s_4.d, s_4.e
                     Sort Method: top-N heapsort  Memory: 13960kB
                     Worker 0:  Sort Method: top-N heapsort  Memory: 13958kB
                     Worker 1:  Sort Method: top-N heapsort  Memory: 13958kB
                     ->  Parallel Seq Scan on s_4  (cost=0.00..105361.41 rows=4166641 width=20) (actual time=0.012..222.421 rows=3333333 loops=3)
 Planning time: 0.262 ms
 Execution time: 592.692 ms
(13 rows)

===== 89 [Wed Mar  7 13:06:04 CET 2018] scale:10000000 groups:10 work_mem:64MB incremental:on max_workers:2 =====
SELECT * FROM s_1 ORDER BY a, b LIMIT 100000
                                                                     QUERY PLAN                                                                     
----------------------------------------------------------------------------------------------------------------------------------------------------
 Limit  (cost=112193.49..112193.49 rows=1 width=20) (actual time=198.498..198.498 rows=0 loops=1)
   ->  Limit  (cost=109443.49..111193.49 rows=100000 width=20) (actual time=179.956..195.748 rows=100000 loops=1)
         ->  Incremental Sort  (cost=109443.49..284444.65 rows=10000054 width=20) (actual time=179.956..190.285 rows=100000 loops=1)
               Sort Key: s_1.a, s_1.b
               Presorted Key: s_1.a
               Sort Method: quicksort  Memory: 51335kB
               Sort Groups: 1
               ->  Index Scan using s_1_a_idx on s_1  (cost=0.43..323387.25 rows=10000054 width=20) (actual time=0.013..62.938 rows=499794 loops=1)
 Planning time: 0.266 ms
 Execution time: 200.614 ms
(10 rows)

===== 90 [Wed Mar  7 13:06:05 CET 2018] scale:10000000 groups:10 work_mem:64MB incremental:on max_workers:2 =====
SELECT * FROM s_2 ORDER BY a, b, c LIMIT 100000
                                                                      QUERY PLAN                                                                      
------------------------------------------------------------------------------------------------------------------------------------------------------
 Limit  (cost=12885.10..12885.10 rows=1 width=20) (actual time=55.092..55.092 rows=0 loops=1)
   ->  Limit  (cost=10113.84..11885.10 rows=100000 width=20) (actual time=8.929..52.334 rows=100000 loops=1)
         ->  Incremental Sort  (cost=10113.84..187240.95 rows=10000054 width=20) (actual time=8.928..46.862 rows=100000 loops=1)
               Sort Key: s_2.a, s_2.b, s_2.c
               Presorted Key: s_2.a, s_2.b
               Sort Method: quicksort  Memory: 5454kB
               Sort Groups: 3
               ->  Index Scan using s_2_a_b_idx on s_2  (cost=0.43..406985.62 rows=10000054 width=20) (actual time=0.015..15.410 rows=125418 loops=1)
 Planning time: 0.289 ms
 Execution time: 55.176 ms
(10 rows)

===== 91 [Wed Mar  7 13:06:05 CET 2018] scale:10000000 groups:10 work_mem:64MB incremental:on max_workers:2 =====
SELECT * FROM s_3 ORDER BY a, b, c, d LIMIT 100000
                                                                       QUERY PLAN                                                                       
--------------------------------------------------------------------------------------------------------------------------------------------------------
 Limit  (cost=3674.73..3674.73 rows=1 width=20) (actual time=47.415..47.415 rows=0 loops=1)
   ->  Limit  (cost=823.19..2674.73 rows=100000 width=20) (actual time=0.569..44.657 rows=100000 loops=1)
         ->  Incremental Sort  (cost=823.19..185978.79 rows=10000054 width=20) (actual time=0.568..39.219 rows=100000 loops=1)
               Sort Key: s_3.a, s_3.b, s_3.c, s_3.d
               Presorted Key: s_3.a, s_3.b, s_3.c
               Sort Method: quicksort  Memory: 589kB
               Sort Groups: 28
               ->  Index Scan using s_3_a_b_c_idx on s_3  (cost=0.43..451321.62 rows=10000054 width=20) (actual time=0.009..12.259 rows=102739 loops=1)
 Planning time: 0.291 ms
 Execution time: 47.455 ms
(10 rows)

===== 92 [Wed Mar  7 13:06:05 CET 2018] scale:10000000 groups:10 work_mem:64MB incremental:on max_workers:2 =====
SELECT * FROM s_4 ORDER BY a, b, c, d, e LIMIT 100000
                                                                       QUERY PLAN                                                                        
---------------------------------------------------------------------------------------------------------------------------------------------------------
 Limit  (cost=2907.93..2907.93 rows=1 width=20) (actual time=49.918..49.918 rows=0 loops=1)
   ->  Limit  (cost=63.42..1907.93 rows=100000 width=20) (actual time=0.089..47.139 rows=100000 loops=1)
         ->  Incremental Sort  (cost=63.42..184513.29 rows=9999939 width=20) (actual time=0.088..41.689 rows=100000 loops=1)
               Sort Key: s_4.a, s_4.b, s_4.c, s_4.d, s_4.e
               Presorted Key: s_4.a, s_4.b, s_4.c, s_4.d
               Sort Method: quicksort  Memory: 68kB
               Sort Groups: 303
               ->  Index Scan using s_4_a_b_c_d_idx on s_4  (cost=0.43..451319.90 rows=9999939 width=20) (actual time=0.017..11.943 rows=100414 loops=1)
 Planning time: 0.282 ms
 Execution time: 49.942 ms
(10 rows)

===== 93 [Wed Mar  7 13:06:06 CET 2018] scale:10000000 groups:10 work_mem:64MB incremental:off max_workers:2 =====
SELECT * FROM s_1 ORDER BY a, b LIMIT 100000
                                                                    QUERY PLAN                                                                    
--------------------------------------------------------------------------------------------------------------------------------------------------
 Limit  (cost=485898.87..485898.87 rows=1 width=20) (actual time=580.456..580.456 rows=0 loops=1)
   ->  Limit  (cost=473231.39..484898.87 rows=100000 width=20) (actual time=554.186..577.652 rows=100000 loops=1)
         ->  Gather Merge  (cost=473231.39..1445526.71 rows=8333378 width=20) (actual time=554.185..572.033 rows=100000 loops=1)
               Workers Planned: 2
               Workers Launched: 2
               ->  Sort  (cost=472231.37..482648.09 rows=4166689 width=20) (actual time=552.265..555.305 rows=33853 loops=3)
                     Sort Key: s_1.a, s_1.b
                     Sort Method: top-N heapsort  Memory: 17990kB
                     Worker 0:  Sort Method: top-N heapsort  Memory: 17587kB
                     Worker 1:  Sort Method: top-N heapsort  Memory: 17463kB
                     ->  Parallel Seq Scan on s_1  (cost=0.00..105361.89 rows=4166689 width=20) (actual time=0.008..219.139 rows=3333333 loops=3)
 Planning time: 0.266 ms
 Execution time: 584.796 ms
(13 rows)

===== 94 [Wed Mar  7 13:06:09 CET 2018] scale:10000000 groups:10 work_mem:64MB incremental:off max_workers:2 =====
SELECT * FROM s_2 ORDER BY a, b, c LIMIT 100000
                                                                    QUERY PLAN                                                                    
--------------------------------------------------------------------------------------------------------------------------------------------------
 Limit  (cost=485898.87..485898.87 rows=1 width=20) (actual time=582.146..582.146 rows=0 loops=1)
   ->  Limit  (cost=473231.39..484898.87 rows=100000 width=20) (actual time=553.417..579.345 rows=100000 loops=1)
         ->  Gather Merge  (cost=473231.39..1445526.71 rows=8333378 width=20) (actual time=553.416..573.658 rows=100000 loops=1)
               Workers Planned: 2
               Workers Launched: 2
               ->  Sort  (cost=472231.37..482648.09 rows=4166689 width=20) (actual time=551.705..554.112 rows=34021 loops=3)
                     Sort Key: s_2.a, s_2.b, s_2.c
                     Sort Method: top-N heapsort  Memory: 13984kB
                     Worker 0:  Sort Method: top-N heapsort  Memory: 14243kB
                     Worker 1:  Sort Method: top-N heapsort  Memory: 14227kB
                     ->  Parallel Seq Scan on s_2  (cost=0.00..105361.89 rows=4166689 width=20) (actual time=0.010..219.487 rows=3333333 loops=3)
 Planning time: 0.276 ms
 Execution time: 585.906 ms
(13 rows)

===== 95 [Wed Mar  7 13:06:11 CET 2018] scale:10000000 groups:10 work_mem:64MB incremental:off max_workers:2 =====
SELECT * FROM s_3 ORDER BY a, b, c, d LIMIT 100000
                                                                    QUERY PLAN                                                                    
--------------------------------------------------------------------------------------------------------------------------------------------------
 Limit  (cost=485898.87..485898.87 rows=1 width=20) (actual time=579.811..579.811 rows=0 loops=1)
   ->  Limit  (cost=473231.39..484898.87 rows=100000 width=20) (actual time=549.586..576.989 rows=100000 loops=1)
         ->  Gather Merge  (cost=473231.39..1445526.71 rows=8333378 width=20) (actual time=549.585..571.290 rows=100000 loops=1)
               Workers Planned: 2
               Workers Launched: 2
               ->  Sort  (cost=472231.37..482648.09 rows=4166689 width=20) (actual time=548.115..550.122 rows=34028 loops=3)
                     Sort Key: s_3.a, s_3.b, s_3.c, s_3.d
                     Sort Method: top-N heapsort  Memory: 13997kB
                     Worker 0:  Sort Method: top-N heapsort  Memory: 13998kB
                     Worker 1:  Sort Method: top-N heapsort  Memory: 13999kB
                     ->  Parallel Seq Scan on s_3  (cost=0.00..105361.89 rows=4166689 width=20) (actual time=0.009..221.007 rows=3333333 loops=3)
 Planning time: 0.282 ms
 Execution time: 583.727 ms
(13 rows)

===== 96 [Wed Mar  7 13:06:14 CET 2018] scale:10000000 groups:10 work_mem:64MB incremental:off max_workers:2 =====
SELECT * FROM s_4 ORDER BY a, b, c, d, e LIMIT 100000
                                                                    QUERY PLAN                                                                    
--------------------------------------------------------------------------------------------------------------------------------------------------
 Limit  (cost=485894.17..485894.17 rows=1 width=20) (actual time=589.189..589.189 rows=0 loops=1)
   ->  Limit  (cost=473226.69..484894.17 rows=100000 width=20) (actual time=556.740..586.388 rows=100000 loops=1)
         ->  Gather Merge  (cost=473226.69..1445510.80 rows=8333282 width=20) (actual time=556.740..580.702 rows=100000 loops=1)
               Workers Planned: 2
               Workers Launched: 2
               ->  Sort  (cost=472226.66..482643.26 rows=4166641 width=20) (actual time=555.003..556.827 rows=34003 loops=3)
                     Sort Key: s_4.a, s_4.b, s_4.c, s_4.d, s_4.e
                     Sort Method: top-N heapsort  Memory: 13958kB
                     Worker 0:  Sort Method: top-N heapsort  Memory: 13958kB
                     Worker 1:  Sort Method: top-N heapsort  Memory: 13959kB
                     ->  Parallel Seq Scan on s_4  (cost=0.00..105361.41 rows=4166641 width=20) (actual time=0.010..222.249 rows=3333333 loops=3)
 Planning time: 0.263 ms
 Execution time: 593.102 ms
(13 rows)

===== 97 [Wed Mar  7 13:06:17 CET 2018] scale:10000000 groups:10 work_mem:128MB incremental:on max_workers:2 =====
SELECT * FROM s_1 ORDER BY a, b LIMIT 100000
                                                                     QUERY PLAN                                                                     
----------------------------------------------------------------------------------------------------------------------------------------------------
 Limit  (cost=112193.49..112193.49 rows=1 width=20) (actual time=198.647..198.647 rows=0 loops=1)
   ->  Limit  (cost=109443.49..111193.49 rows=100000 width=20) (actual time=180.100..195.901 rows=100000 loops=1)
         ->  Incremental Sort  (cost=109443.49..284444.65 rows=10000054 width=20) (actual time=180.099..190.433 rows=100000 loops=1)
               Sort Key: s_1.a, s_1.b
               Presorted Key: s_1.a
               Sort Method: quicksort  Memory: 51335kB
               Sort Groups: 1
               ->  Index Scan using s_1_a_idx on s_1  (cost=0.43..323387.25 rows=10000054 width=20) (actual time=0.013..62.936 rows=499794 loops=1)
 Planning time: 0.263 ms
 Execution time: 200.762 ms
(10 rows)

===== 98 [Wed Mar  7 13:06:18 CET 2018] scale:10000000 groups:10 work_mem:128MB incremental:on max_workers:2 =====
SELECT * FROM s_2 ORDER BY a, b, c LIMIT 100000
                                                                      QUERY PLAN                                                                      
------------------------------------------------------------------------------------------------------------------------------------------------------
 Limit  (cost=12885.10..12885.10 rows=1 width=20) (actual time=55.161..55.161 rows=0 loops=1)
   ->  Limit  (cost=10113.84..11885.10 rows=100000 width=20) (actual time=8.931..52.399 rows=100000 loops=1)
         ->  Incremental Sort  (cost=10113.84..187240.95 rows=10000054 width=20) (actual time=8.930..46.930 rows=100000 loops=1)
               Sort Key: s_2.a, s_2.b, s_2.c
               Presorted Key: s_2.a, s_2.b
               Sort Method: quicksort  Memory: 5454kB
               Sort Groups: 3
               ->  Index Scan using s_2_a_b_idx on s_2  (cost=0.43..406985.62 rows=10000054 width=20) (actual time=0.015..15.404 rows=125418 loops=1)
 Planning time: 0.287 ms
 Execution time: 55.245 ms
(10 rows)

===== 99 [Wed Mar  7 13:06:19 CET 2018] scale:10000000 groups:10 work_mem:128MB incremental:on max_workers:2 =====
SELECT * FROM s_3 ORDER BY a, b, c, d LIMIT 100000
                                                                       QUERY PLAN                                                                       
--------------------------------------------------------------------------------------------------------------------------------------------------------
 Limit  (cost=3674.73..3674.73 rows=1 width=20) (actual time=47.464..47.464 rows=0 loops=1)
   ->  Limit  (cost=823.19..2674.73 rows=100000 width=20) (actual time=0.567..44.705 rows=100000 loops=1)
         ->  Incremental Sort  (cost=823.19..185978.79 rows=10000054 width=20) (actual time=0.567..39.261 rows=100000 loops=1)
               Sort Key: s_3.a, s_3.b, s_3.c, s_3.d
               Presorted Key: s_3.a, s_3.b, s_3.c
               Sort Method: quicksort  Memory: 589kB
               Sort Groups: 28
               ->  Index Scan using s_3_a_b_c_idx on s_3  (cost=0.43..451321.62 rows=10000054 width=20) (actual time=0.009..12.271 rows=102739 loops=1)
 Planning time: 0.287 ms
 Execution time: 47.508 ms
(10 rows)

===== 100 [Wed Mar  7 13:06:19 CET 2018] scale:10000000 groups:10 work_mem:128MB incremental:on max_workers:2 =====
SELECT * FROM s_4 ORDER BY a, b, c, d, e LIMIT 100000
                                                                       QUERY PLAN                                                                        
---------------------------------------------------------------------------------------------------------------------------------------------------------
 Limit  (cost=2907.93..2907.93 rows=1 width=20) (actual time=49.911..49.911 rows=0 loops=1)
   ->  Limit  (cost=63.42..1907.93 rows=100000 width=20) (actual time=0.091..47.134 rows=100000 loops=1)
         ->  Incremental Sort  (cost=63.42..184513.29 rows=9999939 width=20) (actual time=0.091..41.683 rows=100000 loops=1)
               Sort Key: s_4.a, s_4.b, s_4.c, s_4.d, s_4.e
               Presorted Key: s_4.a, s_4.b, s_4.c, s_4.d
               Sort Method: quicksort  Memory: 68kB
               Sort Groups: 303
               ->  Index Scan using s_4_a_b_c_d_idx on s_4  (cost=0.43..451319.90 rows=9999939 width=20) (actual time=0.017..11.944 rows=100414 loops=1)
 Planning time: 0.271 ms
 Execution time: 49.935 ms
(10 rows)

===== 101 [Wed Mar  7 13:06:19 CET 2018] scale:10000000 groups:10 work_mem:128MB incremental:off max_workers:2 =====
SELECT * FROM s_1 ORDER BY a, b LIMIT 100000
                                                                    QUERY PLAN                                                                    
--------------------------------------------------------------------------------------------------------------------------------------------------
 Limit  (cost=485898.87..485898.87 rows=1 width=20) (actual time=580.053..580.053 rows=0 loops=1)
   ->  Limit  (cost=473231.39..484898.87 rows=100000 width=20) (actual time=553.886..577.255 rows=100000 loops=1)
         ->  Gather Merge  (cost=473231.39..1445526.71 rows=8333378 width=20) (actual time=553.885..571.634 rows=100000 loops=1)
               Workers Planned: 2
               Workers Launched: 2
               ->  Sort  (cost=472231.37..482648.09 rows=4166689 width=20) (actual time=551.981..555.010 rows=33863 loops=3)
                     Sort Key: s_1.a, s_1.b
                     Sort Method: top-N heapsort  Memory: 17970kB
                     Worker 0:  Sort Method: top-N heapsort  Memory: 17519kB
                     Worker 1:  Sort Method: top-N heapsort  Memory: 17537kB
                     ->  Parallel Seq Scan on s_1  (cost=0.00..105361.89 rows=4166689 width=20) (actual time=0.010..219.796 rows=3333333 loops=3)
 Planning time: 0.269 ms
 Execution time: 584.504 ms
(13 rows)

===== 102 [Wed Mar  7 13:06:22 CET 2018] scale:10000000 groups:10 work_mem:128MB incremental:off max_workers:2 =====
SELECT * FROM s_2 ORDER BY a, b, c LIMIT 100000
                                                                    QUERY PLAN                                                                    
--------------------------------------------------------------------------------------------------------------------------------------------------
 Limit  (cost=485898.87..485898.87 rows=1 width=20) (actual time=583.327..583.327 rows=0 loops=1)
   ->  Limit  (cost=473231.39..484898.87 rows=100000 width=20) (actual time=554.601..580.563 rows=100000 loops=1)
         ->  Gather Merge  (cost=473231.39..1445526.71 rows=8333378 width=20) (actual time=554.600..574.896 rows=100000 loops=1)
               Workers Planned: 2
               Workers Launched: 2
               ->  Sort  (cost=472231.37..482648.09 rows=4166689 width=20) (actual time=551.716..554.110 rows=33906 loops=3)
                     Sort Key: s_2.a, s_2.b, s_2.c
                     Sort Method: top-N heapsort  Memory: 14011kB
                     Worker 0:  Sort Method: top-N heapsort  Memory: 14227kB
                     Worker 1:  Sort Method: top-N heapsort  Memory: 14234kB
                     ->  Parallel Seq Scan on s_2  (cost=0.00..105361.89 rows=4166689 width=20) (actual time=0.009..219.115 rows=3333333 loops=3)
 Planning time: 0.277 ms
 Execution time: 587.180 ms
(13 rows)

===== 103 [Wed Mar  7 13:06:25 CET 2018] scale:10000000 groups:10 work_mem:128MB incremental:off max_workers:2 =====
SELECT * FROM s_3 ORDER BY a, b, c, d LIMIT 100000
                                                                    QUERY PLAN                                                                    
--------------------------------------------------------------------------------------------------------------------------------------------------
 Limit  (cost=485898.87..485898.87 rows=1 width=20) (actual time=578.800..578.800 rows=0 loops=1)
   ->  Limit  (cost=473231.39..484898.87 rows=100000 width=20) (actual time=548.590..576.020 rows=100000 loops=1)
         ->  Gather Merge  (cost=473231.39..1445526.71 rows=8333378 width=20) (actual time=548.589..570.337 rows=100000 loops=1)
               Workers Planned: 2
               Workers Launched: 2
               ->  Sort  (cost=472231.37..482648.09 rows=4166689 width=20) (actual time=547.062..549.085 rows=34064 loops=3)
                     Sort Key: s_3.a, s_3.b, s_3.c, s_3.d
                     Sort Method: top-N heapsort  Memory: 13998kB
                     Worker 0:  Sort Method: top-N heapsort  Memory: 13999kB
                     Worker 1:  Sort Method: top-N heapsort  Memory: 14003kB
                     ->  Parallel Seq Scan on s_3  (cost=0.00..105361.89 rows=4166689 width=20) (actual time=0.009..221.057 rows=3333333 loops=3)
 Planning time: 0.294 ms
 Execution time: 582.900 ms
(13 rows)

===== 104 [Wed Mar  7 13:06:28 CET 2018] scale:10000000 groups:10 work_mem:128MB incremental:off max_workers:2 =====
SELECT * FROM s_4 ORDER BY a, b, c, d, e LIMIT 100000
                                                                    QUERY PLAN                                                                    
--------------------------------------------------------------------------------------------------------------------------------------------------
 Limit  (cost=485894.17..485894.17 rows=1 width=20) (actual time=588.116..588.116 rows=0 loops=1)
   ->  Limit  (cost=473226.69..484894.17 rows=100000 width=20) (actual time=555.711..585.328 rows=100000 loops=1)
         ->  Gather Merge  (cost=473226.69..1445510.80 rows=8333282 width=20) (actual time=555.710..579.645 rows=100000 loops=1)
               Workers Planned: 2
               Workers Launched: 2
               ->  Sort  (cost=472226.66..482643.26 rows=4166641 width=20) (actual time=554.078..555.898 rows=33983 loops=3)
                     Sort Key: s_4.a, s_4.b, s_4.c, s_4.d, s_4.e
                     Sort Method: top-N heapsort  Memory: 13963kB
                     Worker 0:  Sort Method: top-N heapsort  Memory: 13960kB
                     Worker 1:  Sort Method: top-N heapsort  Memory: 13958kB
                     ->  Parallel Seq Scan on s_4  (cost=0.00..105361.41 rows=4166641 width=20) (actual time=0.011..221.639 rows=3333333 loops=3)
 Planning time: 0.278 ms
 Execution time: 592.240 ms
(13 rows)

===== 105 [Wed Mar  7 13:06:31 CET 2018] scale:10000000 groups:10 work_mem:256MB incremental:on max_workers:2 =====
SELECT * FROM s_1 ORDER BY a, b LIMIT 100000
                                                                     QUERY PLAN                                                                     
----------------------------------------------------------------------------------------------------------------------------------------------------
 Limit  (cost=112193.49..112193.49 rows=1 width=20) (actual time=198.602..198.602 rows=0 loops=1)
   ->  Limit  (cost=109443.49..111193.49 rows=100000 width=20) (actual time=180.068..195.850 rows=100000 loops=1)
         ->  Incremental Sort  (cost=109443.49..284444.65 rows=10000054 width=20) (actual time=180.067..190.384 rows=100000 loops=1)
               Sort Key: s_1.a, s_1.b
               Presorted Key: s_1.a
               Sort Method: quicksort  Memory: 51335kB
               Sort Groups: 1
               ->  Index Scan using s_1_a_idx on s_1  (cost=0.43..323387.25 rows=10000054 width=20) (actual time=0.013..62.935 rows=499794 loops=1)
 Planning time: 0.268 ms
 Execution time: 200.713 ms
(10 rows)

===== 106 [Wed Mar  7 13:06:32 CET 2018] scale:10000000 groups:10 work_mem:256MB incremental:on max_workers:2 =====
SELECT * FROM s_2 ORDER BY a, b, c LIMIT 100000
                                                                      QUERY PLAN                                                                      
------------------------------------------------------------------------------------------------------------------------------------------------------
 Limit  (cost=12885.10..12885.10 rows=1 width=20) (actual time=55.174..55.174 rows=0 loops=1)
   ->  Limit  (cost=10113.84..11885.10 rows=100000 width=20) (actual time=8.937..52.414 rows=100000 loops=1)
         ->  Incremental Sort  (cost=10113.84..187240.95 rows=10000054 width=20) (actual time=8.936..46.940 rows=100000 loops=1)
               Sort Key: s_2.a, s_2.b, s_2.c
               Presorted Key: s_2.a, s_2.b
               Sort Method: quicksort  Memory: 5454kB
               Sort Groups: 3
               ->  Index Scan using s_2_a_b_idx on s_2  (cost=0.43..406985.62 rows=10000054 width=20) (actual time=0.015..15.387 rows=125418 loops=1)
 Planning time: 0.283 ms
 Execution time: 55.264 ms
(10 rows)

===== 107 [Wed Mar  7 13:06:32 CET 2018] scale:10000000 groups:10 work_mem:256MB incremental:on max_workers:2 =====
SELECT * FROM s_3 ORDER BY a, b, c, d LIMIT 100000
                                                                       QUERY PLAN                                                                       
--------------------------------------------------------------------------------------------------------------------------------------------------------
 Limit  (cost=3674.73..3674.73 rows=1 width=20) (actual time=47.430..47.430 rows=0 loops=1)
   ->  Limit  (cost=823.19..2674.73 rows=100000 width=20) (actual time=0.558..44.669 rows=100000 loops=1)
         ->  Incremental Sort  (cost=823.19..185978.79 rows=10000054 width=20) (actual time=0.557..39.220 rows=100000 loops=1)
               Sort Key: s_3.a, s_3.b, s_3.c, s_3.d
               Presorted Key: s_3.a, s_3.b, s_3.c
               Sort Method: quicksort  Memory: 589kB
               Sort Groups: 28
               ->  Index Scan using s_3_a_b_c_idx on s_3  (cost=0.43..451321.62 rows=10000054 width=20) (actual time=0.009..12.238 rows=102739 loops=1)
 Planning time: 0.297 ms
 Execution time: 47.471 ms
(10 rows)

===== 108 [Wed Mar  7 13:06:32 CET 2018] scale:10000000 groups:10 work_mem:256MB incremental:on max_workers:2 =====
SELECT * FROM s_4 ORDER BY a, b, c, d, e LIMIT 100000
                                                                       QUERY PLAN                                                                        
---------------------------------------------------------------------------------------------------------------------------------------------------------
 Limit  (cost=2907.93..2907.93 rows=1 width=20) (actual time=49.888..49.888 rows=0 loops=1)
   ->  Limit  (cost=63.42..1907.93 rows=100000 width=20) (actual time=0.088..47.120 rows=100000 loops=1)
         ->  Incremental Sort  (cost=63.42..184513.29 rows=9999939 width=20) (actual time=0.088..41.660 rows=100000 loops=1)
               Sort Key: s_4.a, s_4.b, s_4.c, s_4.d, s_4.e
               Presorted Key: s_4.a, s_4.b, s_4.c, s_4.d
               Sort Method: quicksort  Memory: 68kB
               Sort Groups: 303
               ->  Index Scan using s_4_a_b_c_d_idx on s_4  (cost=0.43..451319.90 rows=9999939 width=20) (actual time=0.017..11.924 rows=100414 loops=1)
 Planning time: 0.283 ms
 Execution time: 49.913 ms
(10 rows)

===== 109 [Wed Mar  7 13:06:33 CET 2018] scale:10000000 groups:10 work_mem:256MB incremental:off max_workers:2 =====
SELECT * FROM s_1 ORDER BY a, b LIMIT 100000
                                                                    QUERY PLAN                                                                    
--------------------------------------------------------------------------------------------------------------------------------------------------
 Limit  (cost=485898.87..485898.87 rows=1 width=20) (actual time=579.339..579.339 rows=0 loops=1)
   ->  Limit  (cost=473231.39..484898.87 rows=100000 width=20) (actual time=553.083..576.537 rows=100000 loops=1)
         ->  Gather Merge  (cost=473231.39..1445526.71 rows=8333378 width=20) (actual time=553.082..570.910 rows=100000 loops=1)
               Workers Planned: 2
               Workers Launched: 2
               ->  Sort  (cost=472231.37..482648.09 rows=4166689 width=20) (actual time=551.083..554.118 rows=33877 loops=3)
                     Sort Key: s_1.a, s_1.b
                     Sort Method: top-N heapsort  Memory: 17996kB
                     Worker 0:  Sort Method: top-N heapsort  Memory: 17596kB
                     Worker 1:  Sort Method: top-N heapsort  Memory: 17441kB
                     ->  Parallel Seq Scan on s_1  (cost=0.00..105361.89 rows=4166689 width=20) (actual time=0.008..218.043 rows=3333333 loops=3)
 Planning time: 0.269 ms
 Execution time: 583.847 ms
(13 rows)

===== 110 [Wed Mar  7 13:06:35 CET 2018] scale:10000000 groups:10 work_mem:256MB incremental:off max_workers:2 =====
SELECT * FROM s_2 ORDER BY a, b, c LIMIT 100000
                                                                    QUERY PLAN                                                                    
--------------------------------------------------------------------------------------------------------------------------------------------------
 Limit  (cost=485898.87..485898.87 rows=1 width=20) (actual time=582.023..582.023 rows=0 loops=1)
   ->  Limit  (cost=473231.39..484898.87 rows=100000 width=20) (actual time=553.347..579.209 rows=100000 loops=1)
         ->  Gather Merge  (cost=473231.39..1445526.71 rows=8333378 width=20) (actual time=553.346..573.527 rows=100000 loops=1)
               Workers Planned: 2
               Workers Launched: 2
               ->  Sort  (cost=472231.37..482648.09 rows=4166689 width=20) (actual time=551.591..553.974 rows=33934 loops=3)
                     Sort Key: s_2.a, s_2.b, s_2.c
                     Sort Method: top-N heapsort  Memory: 14072kB
                     Worker 0:  Sort Method: top-N heapsort  Memory: 14248kB
                     Worker 1:  Sort Method: top-N heapsort  Memory: 14227kB
                     ->  Parallel Seq Scan on s_2  (cost=0.00..105361.89 rows=4166689 width=20) (actual time=0.008..218.606 rows=3333333 loops=3)
 Planning time: 0.273 ms
 Execution time: 585.932 ms
(13 rows)

===== 111 [Wed Mar  7 13:06:38 CET 2018] scale:10000000 groups:10 work_mem:256MB incremental:off max_workers:2 =====
SELECT * FROM s_3 ORDER BY a, b, c, d LIMIT 100000
                                                                    QUERY PLAN                                                                    
--------------------------------------------------------------------------------------------------------------------------------------------------
 Limit  (cost=485898.87..485898.87 rows=1 width=20) (actual time=578.945..578.945 rows=0 loops=1)
   ->  Limit  (cost=473231.39..484898.87 rows=100000 width=20) (actual time=548.723..576.127 rows=100000 loops=1)
         ->  Gather Merge  (cost=473231.39..1445526.71 rows=8333378 width=20) (actual time=548.722..570.433 rows=100000 loops=1)
               Workers Planned: 2
               Workers Launched: 2
               ->  Sort  (cost=472231.37..482648.09 rows=4166689 width=20) (actual time=546.957..548.979 rows=34044 loops=3)
                     Sort Key: s_3.a, s_3.b, s_3.c, s_3.d
                     Sort Method: top-N heapsort  Memory: 13995kB
                     Worker 0:  Sort Method: top-N heapsort  Memory: 13999kB
                     Worker 1:  Sort Method: top-N heapsort  Memory: 14003kB
                     ->  Parallel Seq Scan on s_3  (cost=0.00..105361.89 rows=4166689 width=20) (actual time=0.008..219.735 rows=3333333 loops=3)
 Planning time: 0.292 ms
 Execution time: 583.071 ms
(13 rows)

===== 112 [Wed Mar  7 13:06:41 CET 2018] scale:10000000 groups:10 work_mem:256MB incremental:off max_workers:2 =====
SELECT * FROM s_4 ORDER BY a, b, c, d, e LIMIT 100000
                                                                    QUERY PLAN                                                                    
--------------------------------------------------------------------------------------------------------------------------------------------------
 Limit  (cost=485894.17..485894.17 rows=1 width=20) (actual time=587.501..587.501 rows=0 loops=1)
   ->  Limit  (cost=473226.69..484894.17 rows=100000 width=20) (actual time=555.105..584.701 rows=100000 loops=1)
         ->  Gather Merge  (cost=473226.69..1445510.80 rows=8333282 width=20) (actual time=555.105..579.012 rows=100000 loops=1)
               Workers Planned: 2
               Workers Launched: 2
               ->  Sort  (cost=472226.66..482643.26 rows=4166641 width=20) (actual time=553.502..555.313 rows=34000 loops=3)
                     Sort Key: s_4.a, s_4.b, s_4.c, s_4.d, s_4.e
                     Sort Method: top-N heapsort  Memory: 13960kB
                     Worker 0:  Sort Method: top-N heapsort  Memory: 13958kB
                     Worker 1:  Sort Method: top-N heapsort  Memory: 13959kB
                     ->  Parallel Seq Scan on s_4  (cost=0.00..105361.41 rows=4166641 width=20) (actual time=0.011..220.969 rows=3333333 loops=3)
 Planning time: 0.282 ms
 Execution time: 591.595 ms
(13 rows)

===== 113 [Wed Mar  7 13:08:04 CET 2018] scale:10000000 groups:100 work_mem:4MB incremental:on max_workers:0 =====
SELECT * FROM s_1 ORDER BY a, b LIMIT 100000
                                                                     QUERY PLAN                                                                     
----------------------------------------------------------------------------------------------------------------------------------------------------
 Limit  (cost=16202.69..16202.69 rows=1 width=20) (actual time=87.578..87.578 rows=0 loops=1)
   ->  Limit  (cost=13451.32..15202.69 rows=100000 width=20) (actual time=24.080..84.852 rows=100000 loops=1)
         ->  Incremental Sort  (cost=13451.32..188588.72 rows=10000054 width=20) (actual time=24.080..79.156 rows=100000 loops=1)
               Sort Key: s_1.a, s_1.b
               Presorted Key: s_1.a
               Sort Method: external merge  Disk: 2944kB
               Sort Groups: 2
               ->  Index Scan using s_1_a_idx on s_1  (cost=0.43..323387.25 rows=10000054 width=20) (actual time=0.037..23.840 rows=150258 loops=1)
 Planning time: 0.277 ms
 Execution time: 88.138 ms
(10 rows)

===== 114 [Wed Mar  7 13:08:04 CET 2018] scale:10000000 groups:100 work_mem:4MB incremental:on max_workers:0 =====
SELECT * FROM s_2 ORDER BY a, b, c LIMIT 100000
                                                                     QUERY PLAN                                                                      
-----------------------------------------------------------------------------------------------------------------------------------------------------
 Limit  (cost=2930.58..2930.58 rows=1 width=20) (actual time=56.111..56.111 rows=0 loops=1)
   ->  Limit  (cost=89.04..1930.58 rows=100000 width=20) (actual time=0.181..53.352 rows=100000 loops=1)
         ->  Incremental Sort  (cost=89.04..184241.78 rows=9999939 width=20) (actual time=0.181..47.876 rows=100000 loops=1)
               Sort Key: s_2.a, s_2.b, s_2.c
               Presorted Key: s_2.a, s_2.b
               Sort Method: quicksort  Memory: 132kB
               Sort Groups: 152
               ->  Index Scan using s_2_a_b_idx on s_2  (cost=0.43..406983.90 rows=9999939 width=20) (actual time=0.032..15.492 rows=100669 loops=1)
 Planning time: 0.293 ms
 Execution time: 56.144 ms
(10 rows)

===== 115 [Wed Mar  7 13:08:05 CET 2018] scale:10000000 groups:100 work_mem:4MB incremental:on max_workers:0 =====
SELECT * FROM s_3 ORDER BY a, b, c, d LIMIT 100000
                                                                       QUERY PLAN                                                                       
--------------------------------------------------------------------------------------------------------------------------------------------------------
 Limit  (cost=3012.79..3012.79 rows=1 width=20) (actual time=51.485..51.485 rows=0 loops=1)
   ->  Limit  (cost=1.05..2012.79 rows=100000 width=20) (actual time=0.097..48.700 rows=100000 loops=1)
         ->  Incremental Sort  (cost=1.05..201175.63 rows=10000054 width=20) (actual time=0.097..43.206 rows=100000 loops=1)
               Sort Key: s_3.a, s_3.b, s_3.c, s_3.d
               Presorted Key: s_3.a, s_3.b, s_3.c
               Sort Method: quicksort  Memory: 29kB
               Sort Groups: 2807
               ->  Index Scan using s_3_a_b_c_idx on s_3  (cost=0.43..451321.62 rows=10000054 width=20) (actual time=0.042..15.945 rows=100010 loops=1)
 Planning time: 0.286 ms
 Execution time: 51.510 ms
(10 rows)

===== 116 [Wed Mar  7 13:08:05 CET 2018] scale:10000000 groups:100 work_mem:4MB incremental:on max_workers:0 =====
SELECT * FROM s_4 ORDER BY a, b, c, d, e LIMIT 100000
                                                                        QUERY PLAN                                                                        
----------------------------------------------------------------------------------------------------------------------------------------------------------
 Limit  (cost=3012.79..3012.79 rows=1 width=20) (actual time=42.207..42.207 rows=0 loops=1)
   ->  Limit  (cost=1.05..2012.79 rows=100000 width=20) (actual time=0.092..39.432 rows=100000 loops=1)
         ->  Incremental Sort  (cost=1.05..201175.63 rows=10000054 width=20) (actual time=0.091..33.895 rows=100000 loops=1)
               Sort Key: s_4.a, s_4.b, s_4.c, s_4.d, s_4.e
               Presorted Key: s_4.a, s_4.b, s_4.c, s_4.d
               Sort Method: quicksort  Memory: 27kB
               Sort Groups: 3122
               ->  Index Scan using s_4_a_b_c_d_idx on s_4  (cost=0.43..451321.62 rows=10000054 width=20) (actual time=0.037..15.911 rows=100015 loops=1)
 Planning time: 0.293 ms
 Execution time: 42.231 ms
(10 rows)

===== 117 [Wed Mar  7 13:08:05 CET 2018] scale:10000000 groups:100 work_mem:4MB incremental:off max_workers:0 =====
SELECT * FROM s_1 ORDER BY a, b LIMIT 100000
                                                             QUERY PLAN                                                              
-------------------------------------------------------------------------------------------------------------------------------------
 Limit  (cost=1737792.04..1737792.04 rows=1 width=20) (actual time=4876.989..4876.989 rows=0 loops=1)
   ->  Limit  (cost=1736542.04..1736792.04 rows=100000 width=20) (actual time=4859.640..4874.165 rows=100000 loops=1)
         ->  Sort  (cost=1736542.04..1761542.18 rows=10000054 width=20) (actual time=4859.639..4868.580 rows=100000 loops=1)
               Sort Key: s_1.a, s_1.b
               Sort Method: external merge  Disk: 293600kB
               ->  Seq Scan on s_1  (cost=0.00..163695.54 rows=10000054 width=20) (actual time=0.007..643.968 rows=10000000 loops=1)
 Planning time: 0.270 ms
 Execution time: 4906.390 ms
(8 rows)

===== 118 [Wed Mar  7 13:08:32 CET 2018] scale:10000000 groups:100 work_mem:4MB incremental:off max_workers:0 =====
SELECT * FROM s_2 ORDER BY a, b, c LIMIT 100000
                                                             QUERY PLAN                                                             
------------------------------------------------------------------------------------------------------------------------------------
 Limit  (cost=1737769.69..1737769.69 rows=1 width=20) (actual time=6077.631..6077.631 rows=0 loops=1)
   ->  Limit  (cost=1736519.69..1736769.69 rows=100000 width=20) (actual time=6060.209..6074.800 rows=100000 loops=1)
         ->  Sort  (cost=1736519.69..1761519.54 rows=9999939 width=20) (actual time=6060.208..6069.212 rows=100000 loops=1)
               Sort Key: s_2.a, s_2.b, s_2.c
               Sort Method: external merge  Disk: 293600kB
               ->  Seq Scan on s_2  (cost=0.00..163694.39 rows=9999939 width=20) (actual time=0.009..640.626 rows=10000000 loops=1)
 Planning time: 0.275 ms
 Execution time: 6107.004 ms
(8 rows)

===== 119 [Wed Mar  7 13:09:07 CET 2018] scale:10000000 groups:100 work_mem:4MB incremental:off max_workers:0 =====
SELECT * FROM s_3 ORDER BY a, b, c, d LIMIT 100000
                                                             QUERY PLAN                                                              
-------------------------------------------------------------------------------------------------------------------------------------
 Limit  (cost=1737792.04..1737792.04 rows=1 width=20) (actual time=6952.540..6952.540 rows=0 loops=1)
   ->  Limit  (cost=1736542.04..1736792.04 rows=100000 width=20) (actual time=6935.124..6949.717 rows=100000 loops=1)
         ->  Sort  (cost=1736542.04..1761542.18 rows=10000054 width=20) (actual time=6935.123..6944.138 rows=100000 loops=1)
               Sort Key: s_3.a, s_3.b, s_3.c, s_3.d
               Sort Method: external merge  Disk: 293600kB
               ->  Seq Scan on s_3  (cost=0.00..163695.54 rows=10000054 width=20) (actual time=0.013..646.406 rows=10000000 loops=1)
 Planning time: 0.273 ms
 Execution time: 6981.996 ms
(8 rows)

===== 120 [Wed Mar  7 13:09:47 CET 2018] scale:10000000 groups:100 work_mem:4MB incremental:off max_workers:0 =====
SELECT * FROM s_4 ORDER BY a, b, c, d, e LIMIT 100000
                                                             QUERY PLAN                                                              
-------------------------------------------------------------------------------------------------------------------------------------
 Limit  (cost=1737792.04..1737792.04 rows=1 width=20) (actual time=6291.566..6291.566 rows=0 loops=1)
   ->  Limit  (cost=1736542.04..1736792.04 rows=100000 width=20) (actual time=6273.766..6288.742 rows=100000 loops=1)
         ->  Sort  (cost=1736542.04..1761542.18 rows=10000054 width=20) (actual time=6273.765..6282.811 rows=100000 loops=1)
               Sort Key: s_4.a, s_4.b, s_4.c, s_4.d, s_4.e
               Sort Method: external merge  Disk: 293600kB
               ->  Seq Scan on s_4  (cost=0.00..163695.54 rows=10000054 width=20) (actual time=0.012..646.168 rows=10000000 loops=1)
 Planning time: 0.271 ms
 Execution time: 6320.930 ms
(8 rows)

===== 121 [Wed Mar  7 13:10:22 CET 2018] scale:10000000 groups:100 work_mem:8MB incremental:on max_workers:0 =====
SELECT * FROM s_1 ORDER BY a, b LIMIT 100000
                                                                     QUERY PLAN                                                                     
----------------------------------------------------------------------------------------------------------------------------------------------------
 Limit  (cost=14168.98..14168.98 rows=1 width=20) (actual time=82.575..82.575 rows=0 loops=1)
   ->  Limit  (cost=11417.82..13168.98 rows=100000 width=20) (actual time=19.468..79.845 rows=100000 loops=1)
         ->  Incremental Sort  (cost=11417.82..186534.90 rows=10000054 width=20) (actual time=19.467..74.277 rows=100000 loops=1)
               Sort Key: s_1.a, s_1.b
               Presorted Key: s_1.a
               Sort Method: external merge  Disk: 2944kB
               Sort Groups: 2
               ->  Index Scan using s_1_a_idx on s_1  (cost=0.43..323387.25 rows=10000054 width=20) (actual time=0.015..18.740 rows=150258 loops=1)
 Planning time: 0.271 ms
 Execution time: 83.086 ms
(10 rows)

===== 122 [Wed Mar  7 13:10:23 CET 2018] scale:10000000 groups:100 work_mem:8MB incremental:on max_workers:0 =====
SELECT * FROM s_2 ORDER BY a, b, c LIMIT 100000
                                                                     QUERY PLAN                                                                      
-----------------------------------------------------------------------------------------------------------------------------------------------------
 Limit  (cost=2930.58..2930.58 rows=1 width=20) (actual time=52.007..52.007 rows=0 loops=1)
   ->  Limit  (cost=89.04..1930.58 rows=100000 width=20) (actual time=0.149..49.244 rows=100000 loops=1)
         ->  Incremental Sort  (cost=89.04..184241.78 rows=9999939 width=20) (actual time=0.149..43.753 rows=100000 loops=1)
               Sort Key: s_2.a, s_2.b, s_2.c
               Presorted Key: s_2.a, s_2.b
               Sort Method: quicksort  Memory: 132kB
               Sort Groups: 152
               ->  Index Scan using s_2_a_b_idx on s_2  (cost=0.43..406983.90 rows=9999939 width=20) (actual time=0.009..11.772 rows=100669 loops=1)
 Planning time: 0.293 ms
 Execution time: 52.040 ms
(10 rows)

===== 123 [Wed Mar  7 13:10:23 CET 2018] scale:10000000 groups:100 work_mem:8MB incremental:on max_workers:0 =====
SELECT * FROM s_3 ORDER BY a, b, c, d LIMIT 100000
                                                                       QUERY PLAN                                                                       
--------------------------------------------------------------------------------------------------------------------------------------------------------
 Limit  (cost=3012.79..3012.79 rows=1 width=20) (actual time=47.161..47.161 rows=0 loops=1)
   ->  Limit  (cost=1.05..2012.79 rows=100000 width=20) (actual time=0.074..44.376 rows=100000 loops=1)
         ->  Incremental Sort  (cost=1.05..201175.63 rows=10000054 width=20) (actual time=0.074..38.903 rows=100000 loops=1)
               Sort Key: s_3.a, s_3.b, s_3.c, s_3.d
               Presorted Key: s_3.a, s_3.b, s_3.c
               Sort Method: quicksort  Memory: 29kB
               Sort Groups: 2807
               ->  Index Scan using s_3_a_b_c_idx on s_3  (cost=0.43..451321.62 rows=10000054 width=20) (actual time=0.020..11.981 rows=100010 loops=1)
 Planning time: 0.286 ms
 Execution time: 47.185 ms
(10 rows)

===== 124 [Wed Mar  7 13:10:23 CET 2018] scale:10000000 groups:100 work_mem:8MB incremental:on max_workers:0 =====
SELECT * FROM s_4 ORDER BY a, b, c, d, e LIMIT 100000
                                                                        QUERY PLAN                                                                        
----------------------------------------------------------------------------------------------------------------------------------------------------------
 Limit  (cost=3012.79..3012.79 rows=1 width=20) (actual time=37.929..37.929 rows=0 loops=1)
   ->  Limit  (cost=1.05..2012.79 rows=100000 width=20) (actual time=0.069..35.154 rows=100000 loops=1)
         ->  Incremental Sort  (cost=1.05..201175.63 rows=10000054 width=20) (actual time=0.068..29.685 rows=100000 loops=1)
               Sort Key: s_4.a, s_4.b, s_4.c, s_4.d, s_4.e
               Presorted Key: s_4.a, s_4.b, s_4.c, s_4.d
               Sort Method: quicksort  Memory: 27kB
               Sort Groups: 3122
               ->  Index Scan using s_4_a_b_c_d_idx on s_4  (cost=0.43..451321.62 rows=10000054 width=20) (actual time=0.015..11.927 rows=100015 loops=1)
 Planning time: 0.285 ms
 Execution time: 37.954 ms
(10 rows)

===== 125 [Wed Mar  7 13:10:24 CET 2018] scale:10000000 groups:100 work_mem:8MB incremental:off max_workers:0 =====
SELECT * FROM s_1 ORDER BY a, b LIMIT 100000
                                                             QUERY PLAN                                                              
-------------------------------------------------------------------------------------------------------------------------------------
 Limit  (cost=1045432.32..1045432.32 rows=1 width=20) (actual time=4492.792..4492.792 rows=0 loops=1)
   ->  Limit  (cost=1044182.32..1044432.32 rows=100000 width=20) (actual time=4475.321..4489.969 rows=100000 loops=1)
         ->  Sort  (cost=1044182.32..1069182.45 rows=10000054 width=20) (actual time=4475.320..4484.376 rows=100000 loops=1)
               Sort Key: s_1.a, s_1.b
               Sort Method: external merge  Disk: 293608kB
               ->  Seq Scan on s_1  (cost=0.00..163695.54 rows=10000054 width=20) (actual time=0.007..643.075 rows=10000000 loops=1)
 Planning time: 0.266 ms
 Execution time: 4522.377 ms
(8 rows)

===== 126 [Wed Mar  7 13:10:49 CET 2018] scale:10000000 groups:100 work_mem:8MB incremental:off max_workers:0 =====
SELECT * FROM s_2 ORDER BY a, b, c LIMIT 100000
                                                             QUERY PLAN                                                             
------------------------------------------------------------------------------------------------------------------------------------
 Limit  (cost=1045421.04..1045421.04 rows=1 width=20) (actual time=5558.835..5558.835 rows=0 loops=1)
   ->  Limit  (cost=1044171.04..1044421.04 rows=100000 width=20) (actual time=5541.327..5556.022 rows=100000 loops=1)
         ->  Sort  (cost=1044171.04..1069170.89 rows=9999939 width=20) (actual time=5541.326..5550.415 rows=100000 loops=1)
               Sort Key: s_2.a, s_2.b, s_2.c
               Sort Method: external merge  Disk: 293608kB
               ->  Seq Scan on s_2  (cost=0.00..163694.39 rows=9999939 width=20) (actual time=0.009..640.400 rows=10000000 loops=1)
 Planning time: 0.285 ms
 Execution time: 5588.391 ms
(8 rows)

===== 127 [Wed Mar  7 13:11:20 CET 2018] scale:10000000 groups:100 work_mem:8MB incremental:off max_workers:0 =====
SELECT * FROM s_3 ORDER BY a, b, c, d LIMIT 100000
                                                             QUERY PLAN                                                              
-------------------------------------------------------------------------------------------------------------------------------------
 Limit  (cost=1045432.32..1045432.32 rows=1 width=20) (actual time=6346.921..6346.921 rows=0 loops=1)
   ->  Limit  (cost=1044182.32..1044432.32 rows=100000 width=20) (actual time=6329.413..6344.091 rows=100000 loops=1)
         ->  Sort  (cost=1044182.32..1069182.45 rows=10000054 width=20) (actual time=6329.412..6338.498 rows=100000 loops=1)
               Sort Key: s_3.a, s_3.b, s_3.c, s_3.d
               Sort Method: external merge  Disk: 293608kB
               ->  Seq Scan on s_3  (cost=0.00..163695.54 rows=10000054 width=20) (actual time=0.012..644.779 rows=10000000 loops=1)
 Planning time: 0.281 ms
 Execution time: 6377.264 ms
(8 rows)

===== 128 [Wed Mar  7 13:11:56 CET 2018] scale:10000000 groups:100 work_mem:8MB incremental:off max_workers:0 =====
SELECT * FROM s_4 ORDER BY a, b, c, d, e LIMIT 100000
                                                             QUERY PLAN                                                              
-------------------------------------------------------------------------------------------------------------------------------------
 Limit  (cost=1045432.32..1045432.32 rows=1 width=20) (actual time=5672.394..5672.394 rows=0 loops=1)
   ->  Limit  (cost=1044182.32..1044432.32 rows=100000 width=20) (actual time=5654.562..5669.568 rows=100000 loops=1)
         ->  Sort  (cost=1044182.32..1069182.45 rows=10000054 width=20) (actual time=5654.561..5663.655 rows=100000 loops=1)
               Sort Key: s_4.a, s_4.b, s_4.c, s_4.d, s_4.e
               Sort Method: external merge  Disk: 293608kB
               ->  Seq Scan on s_4  (cost=0.00..163695.54 rows=10000054 width=20) (actual time=0.012..647.031 rows=10000000 loops=1)
 Planning time: 0.267 ms
 Execution time: 5702.825 ms
(8 rows)

===== 129 [Wed Mar  7 13:12:28 CET 2018] scale:10000000 groups:100 work_mem:16MB incremental:on max_workers:0 =====
SELECT * FROM s_1 ORDER BY a, b LIMIT 100000
                                                                     QUERY PLAN                                                                     
----------------------------------------------------------------------------------------------------------------------------------------------------
 Limit  (cost=14168.98..14168.98 rows=1 width=20) (actual time=74.883..74.883 rows=0 loops=1)
   ->  Limit  (cost=11417.82..13168.98 rows=100000 width=20) (actual time=19.505..72.135 rows=100000 loops=1)
         ->  Incremental Sort  (cost=11417.82..186534.90 rows=10000054 width=20) (actual time=19.505..66.670 rows=100000 loops=1)
               Sort Key: s_1.a, s_1.b
               Presorted Key: s_1.a
               Sort Method: quicksort  Memory: 10896kB
               Sort Groups: 2
               ->  Index Scan using s_1_a_idx on s_1  (cost=0.43..323387.25 rows=10000054 width=20) (actual time=0.016..18.912 rows=150258 loops=1)
 Planning time: 0.268 ms
 Execution time: 75.184 ms
(10 rows)

===== 130 [Wed Mar  7 13:12:29 CET 2018] scale:10000000 groups:100 work_mem:16MB incremental:on max_workers:0 =====
SELECT * FROM s_2 ORDER BY a, b, c LIMIT 100000
                                                                     QUERY PLAN                                                                      
-----------------------------------------------------------------------------------------------------------------------------------------------------
 Limit  (cost=2930.58..2930.58 rows=1 width=20) (actual time=51.978..51.978 rows=0 loops=1)
   ->  Limit  (cost=89.04..1930.58 rows=100000 width=20) (actual time=0.147..49.221 rows=100000 loops=1)
         ->  Incremental Sort  (cost=89.04..184241.78 rows=9999939 width=20) (actual time=0.147..43.743 rows=100000 loops=1)
               Sort Key: s_2.a, s_2.b, s_2.c
               Presorted Key: s_2.a, s_2.b
               Sort Method: quicksort  Memory: 132kB
               Sort Groups: 152
               ->  Index Scan using s_2_a_b_idx on s_2  (cost=0.43..406983.90 rows=9999939 width=20) (actual time=0.009..11.754 rows=100669 loops=1)
 Planning time: 0.283 ms
 Execution time: 52.009 ms
(10 rows)

===== 131 [Wed Mar  7 13:12:29 CET 2018] scale:10000000 groups:100 work_mem:16MB incremental:on max_workers:0 =====
SELECT * FROM s_3 ORDER BY a, b, c, d LIMIT 100000
                                                                       QUERY PLAN                                                                       
--------------------------------------------------------------------------------------------------------------------------------------------------------
 Limit  (cost=3012.79..3012.79 rows=1 width=20) (actual time=47.167..47.167 rows=0 loops=1)
   ->  Limit  (cost=1.05..2012.79 rows=100000 width=20) (actual time=0.075..44.386 rows=100000 loops=1)
         ->  Incremental Sort  (cost=1.05..201175.63 rows=10000054 width=20) (actual time=0.074..38.902 rows=100000 loops=1)
               Sort Key: s_3.a, s_3.b, s_3.c, s_3.d
               Presorted Key: s_3.a, s_3.b, s_3.c
               Sort Method: quicksort  Memory: 29kB
               Sort Groups: 2807
               ->  Index Scan using s_3_a_b_c_idx on s_3  (cost=0.43..451321.62 rows=10000054 width=20) (actual time=0.021..11.989 rows=100010 loops=1)
 Planning time: 0.286 ms
 Execution time: 47.191 ms
(10 rows)

===== 132 [Wed Mar  7 13:12:29 CET 2018] scale:10000000 groups:100 work_mem:16MB incremental:on max_workers:0 =====
SELECT * FROM s_4 ORDER BY a, b, c, d, e LIMIT 100000
                                                                        QUERY PLAN                                                                        
----------------------------------------------------------------------------------------------------------------------------------------------------------
 Limit  (cost=3012.79..3012.79 rows=1 width=20) (actual time=37.936..37.936 rows=0 loops=1)
   ->  Limit  (cost=1.05..2012.79 rows=100000 width=20) (actual time=0.069..35.167 rows=100000 loops=1)
         ->  Incremental Sort  (cost=1.05..201175.63 rows=10000054 width=20) (actual time=0.069..29.687 rows=100000 loops=1)
               Sort Key: s_4.a, s_4.b, s_4.c, s_4.d, s_4.e
               Presorted Key: s_4.a, s_4.b, s_4.c, s_4.d
               Sort Method: quicksort  Memory: 27kB
               Sort Groups: 3122
               ->  Index Scan using s_4_a_b_c_d_idx on s_4  (cost=0.43..451321.62 rows=10000054 width=20) (actual time=0.014..11.932 rows=100015 loops=1)
 Planning time: 0.282 ms
 Execution time: 37.961 ms
(10 rows)

===== 133 [Wed Mar  7 13:12:29 CET 2018] scale:10000000 groups:100 work_mem:16MB incremental:off max_workers:0 =====
SELECT * FROM s_1 ORDER BY a, b LIMIT 100000
                                                             QUERY PLAN                                                              
-------------------------------------------------------------------------------------------------------------------------------------
 Limit  (cost=1045432.32..1045432.32 rows=1 width=20) (actual time=3978.041..3978.041 rows=0 loops=1)
   ->  Limit  (cost=1044182.32..1044432.32 rows=100000 width=20) (actual time=3960.613..3975.213 rows=100000 loops=1)
         ->  Sort  (cost=1044182.32..1069182.45 rows=10000054 width=20) (actual time=3960.613..3969.626 rows=100000 loops=1)
               Sort Key: s_1.a, s_1.b
               Sort Method: external merge  Disk: 293904kB
               ->  Seq Scan on s_1  (cost=0.00..163695.54 rows=10000054 width=20) (actual time=0.007..639.698 rows=10000000 loops=1)
 Planning time: 0.263 ms
 Execution time: 4008.505 ms
(8 rows)

===== 134 [Wed Mar  7 13:12:51 CET 2018] scale:10000000 groups:100 work_mem:16MB incremental:off max_workers:0 =====
SELECT * FROM s_2 ORDER BY a, b, c LIMIT 100000
                                                             QUERY PLAN                                                             
------------------------------------------------------------------------------------------------------------------------------------
 Limit  (cost=1045421.04..1045421.04 rows=1 width=20) (actual time=4933.878..4933.878 rows=0 loops=1)
   ->  Limit  (cost=1044171.04..1044421.04 rows=100000 width=20) (actual time=4916.460..4931.057 rows=100000 loops=1)
         ->  Sort  (cost=1044171.04..1069170.89 rows=9999939 width=20) (actual time=4916.460..4925.469 rows=100000 loops=1)
               Sort Key: s_2.a, s_2.b, s_2.c
               Sort Method: external merge  Disk: 293904kB
               ->  Seq Scan on s_2  (cost=0.00..163694.39 rows=9999939 width=20) (actual time=0.009..635.541 rows=10000000 loops=1)
 Planning time: 0.278 ms
 Execution time: 4964.454 ms
(8 rows)

===== 135 [Wed Mar  7 13:13:19 CET 2018] scale:10000000 groups:100 work_mem:16MB incremental:off max_workers:0 =====
SELECT * FROM s_3 ORDER BY a, b, c, d LIMIT 100000
                                                             QUERY PLAN                                                              
-------------------------------------------------------------------------------------------------------------------------------------
 Limit  (cost=1045432.32..1045432.32 rows=1 width=20) (actual time=5689.742..5689.742 rows=0 loops=1)
   ->  Limit  (cost=1044182.32..1044432.32 rows=100000 width=20) (actual time=5672.313..5686.924 rows=100000 loops=1)
         ->  Sort  (cost=1044182.32..1069182.45 rows=10000054 width=20) (actual time=5672.312..5681.325 rows=100000 loops=1)
               Sort Key: s_3.a, s_3.b, s_3.c, s_3.d
               Sort Method: external merge  Disk: 293904kB
               ->  Seq Scan on s_3  (cost=0.00..163695.54 rows=10000054 width=20) (actual time=0.012..641.723 rows=10000000 loops=1)
 Planning time: 0.283 ms
 Execution time: 5720.355 ms
(8 rows)

===== 136 [Wed Mar  7 13:13:51 CET 2018] scale:10000000 groups:100 work_mem:16MB incremental:off max_workers:0 =====
SELECT * FROM s_4 ORDER BY a, b, c, d, e LIMIT 100000
                                                             QUERY PLAN                                                              
-------------------------------------------------------------------------------------------------------------------------------------
 Limit  (cost=1045432.32..1045432.32 rows=1 width=20) (actual time=5005.335..5005.335 rows=0 loops=1)
   ->  Limit  (cost=1044182.32..1044432.32 rows=100000 width=20) (actual time=4987.513..5002.507 rows=100000 loops=1)
         ->  Sort  (cost=1044182.32..1069182.45 rows=10000054 width=20) (actual time=4987.512..4996.593 rows=100000 loops=1)
               Sort Key: s_4.a, s_4.b, s_4.c, s_4.d, s_4.e
               Sort Method: external merge  Disk: 293904kB
               ->  Seq Scan on s_4  (cost=0.00..163695.54 rows=10000054 width=20) (actual time=0.012..643.031 rows=10000000 loops=1)
 Planning time: 0.277 ms
 Execution time: 5035.883 ms
(8 rows)

===== 137 [Wed Mar  7 13:14:19 CET 2018] scale:10000000 groups:100 work_mem:32MB incremental:on max_workers:0 =====
SELECT * FROM s_1 ORDER BY a, b LIMIT 100000
                                                                     QUERY PLAN                                                                     
----------------------------------------------------------------------------------------------------------------------------------------------------
 Limit  (cost=14168.98..14168.98 rows=1 width=20) (actual time=74.880..74.880 rows=0 loops=1)
   ->  Limit  (cost=11417.82..13168.98 rows=100000 width=20) (actual time=19.490..72.133 rows=100000 loops=1)
         ->  Incremental Sort  (cost=11417.82..186534.90 rows=10000054 width=20) (actual time=19.489..66.669 rows=100000 loops=1)
               Sort Key: s_1.a, s_1.b
               Presorted Key: s_1.a
               Sort Method: quicksort  Memory: 10896kB
               Sort Groups: 2
               ->  Index Scan using s_1_a_idx on s_1  (cost=0.43..323387.25 rows=10000054 width=20) (actual time=0.016..18.883 rows=150258 loops=1)
 Planning time: 0.270 ms
 Execution time: 75.180 ms
(10 rows)

===== 138 [Wed Mar  7 13:14:20 CET 2018] scale:10000000 groups:100 work_mem:32MB incremental:on max_workers:0 =====
SELECT * FROM s_2 ORDER BY a, b, c LIMIT 100000
                                                                     QUERY PLAN                                                                      
-----------------------------------------------------------------------------------------------------------------------------------------------------
 Limit  (cost=2930.58..2930.58 rows=1 width=20) (actual time=52.017..52.017 rows=0 loops=1)
   ->  Limit  (cost=89.04..1930.58 rows=100000 width=20) (actual time=0.150..49.254 rows=100000 loops=1)
         ->  Incremental Sort  (cost=89.04..184241.78 rows=9999939 width=20) (actual time=0.150..43.774 rows=100000 loops=1)
               Sort Key: s_2.a, s_2.b, s_2.c
               Presorted Key: s_2.a, s_2.b
               Sort Method: quicksort  Memory: 132kB
               Sort Groups: 152
               ->  Index Scan using s_2_a_b_idx on s_2  (cost=0.43..406983.90 rows=9999939 width=20) (actual time=0.009..11.784 rows=100669 loops=1)
 Planning time: 0.290 ms
 Execution time: 52.050 ms
(10 rows)

===== 139 [Wed Mar  7 13:14:20 CET 2018] scale:10000000 groups:100 work_mem:32MB incremental:on max_workers:0 =====
SELECT * FROM s_3 ORDER BY a, b, c, d LIMIT 100000
                                                                       QUERY PLAN                                                                       
--------------------------------------------------------------------------------------------------------------------------------------------------------
 Limit  (cost=3012.79..3012.79 rows=1 width=20) (actual time=47.159..47.159 rows=0 loops=1)
   ->  Limit  (cost=1.05..2012.79 rows=100000 width=20) (actual time=0.074..44.372 rows=100000 loops=1)
         ->  Incremental Sort  (cost=1.05..201175.63 rows=10000054 width=20) (actual time=0.074..38.894 rows=100000 loops=1)
               Sort Key: s_3.a, s_3.b, s_3.c, s_3.d
               Presorted Key: s_3.a, s_3.b, s_3.c
               Sort Method: quicksort  Memory: 29kB
               Sort Groups: 2807
               ->  Index Scan using s_3_a_b_c_idx on s_3  (cost=0.43..451321.62 rows=10000054 width=20) (actual time=0.020..11.974 rows=100010 loops=1)
 Planning time: 0.294 ms
 Execution time: 47.183 ms
(10 rows)

===== 140 [Wed Mar  7 13:14:20 CET 2018] scale:10000000 groups:100 work_mem:32MB incremental:on max_workers:0 =====
SELECT * FROM s_4 ORDER BY a, b, c, d, e LIMIT 100000
                                                                        QUERY PLAN                                                                        
----------------------------------------------------------------------------------------------------------------------------------------------------------
 Limit  (cost=3012.79..3012.79 rows=1 width=20) (actual time=37.937..37.937 rows=0 loops=1)
   ->  Limit  (cost=1.05..2012.79 rows=100000 width=20) (actual time=0.068..35.166 rows=100000 loops=1)
         ->  Incremental Sort  (cost=1.05..201175.63 rows=10000054 width=20) (actual time=0.068..29.695 rows=100000 loops=1)
               Sort Key: s_4.a, s_4.b, s_4.c, s_4.d, s_4.e
               Presorted Key: s_4.a, s_4.b, s_4.c, s_4.d
               Sort Method: quicksort  Memory: 27kB
               Sort Groups: 3122
               ->  Index Scan using s_4_a_b_c_d_idx on s_4  (cost=0.43..451321.62 rows=10000054 width=20) (actual time=0.015..11.928 rows=100015 loops=1)
 Planning time: 0.280 ms
 Execution time: 37.962 ms
(10 rows)

===== 141 [Wed Mar  7 13:14:20 CET 2018] scale:10000000 groups:100 work_mem:32MB incremental:off max_workers:0 =====
SELECT * FROM s_1 ORDER BY a, b LIMIT 100000
                                                             QUERY PLAN                                                              
-------------------------------------------------------------------------------------------------------------------------------------
 Limit  (cost=1045432.32..1045432.32 rows=1 width=20) (actual time=1414.391..1414.391 rows=0 loops=1)
   ->  Limit  (cost=1044182.32..1044432.32 rows=100000 width=20) (actual time=1398.763..1411.638 rows=100000 loops=1)
         ->  Sort  (cost=1044182.32..1069182.45 rows=10000054 width=20) (actual time=1398.762..1406.195 rows=100000 loops=1)
               Sort Key: s_1.a, s_1.b
               Sort Method: top-N heapsort  Memory: 16649kB
               ->  Seq Scan on s_1  (cost=0.00..163695.54 rows=10000054 width=20) (actual time=0.007..616.966 rows=10000000 loops=1)
 Planning time: 0.259 ms
 Execution time: 1415.299 ms
(8 rows)

===== 142 [Wed Mar  7 13:14:27 CET 2018] scale:10000000 groups:100 work_mem:32MB incremental:off max_workers:0 =====
SELECT * FROM s_2 ORDER BY a, b, c LIMIT 100000
                                                             QUERY PLAN                                                             
------------------------------------------------------------------------------------------------------------------------------------
 Limit  (cost=1045421.04..1045421.04 rows=1 width=20) (actual time=1384.371..1384.371 rows=0 loops=1)
   ->  Limit  (cost=1044171.04..1044421.04 rows=100000 width=20) (actual time=1370.906..1381.631 rows=100000 loops=1)
         ->  Sort  (cost=1044171.04..1069170.89 rows=9999939 width=20) (actual time=1370.905..1376.191 rows=100000 loops=1)
               Sort Key: s_2.a, s_2.b, s_2.c
               Sort Method: top-N heapsort  Memory: 13985kB
               ->  Seq Scan on s_2  (cost=0.00..163694.39 rows=9999939 width=20) (actual time=0.009..616.799 rows=10000000 loops=1)
 Planning time: 0.281 ms
 Execution time: 1385.288 ms
(8 rows)

===== 143 [Wed Mar  7 13:14:33 CET 2018] scale:10000000 groups:100 work_mem:32MB incremental:off max_workers:0 =====
SELECT * FROM s_3 ORDER BY a, b, c, d LIMIT 100000
                                                             QUERY PLAN                                                              
-------------------------------------------------------------------------------------------------------------------------------------
 Limit  (cost=1045432.32..1045432.32 rows=1 width=20) (actual time=1419.146..1419.146 rows=0 loops=1)
   ->  Limit  (cost=1044182.32..1044432.32 rows=100000 width=20) (actual time=1406.540..1416.396 rows=100000 loops=1)
         ->  Sort  (cost=1044182.32..1069182.45 rows=10000054 width=20) (actual time=1406.539..1410.970 rows=100000 loops=1)
               Sort Key: s_3.a, s_3.b, s_3.c, s_3.d
               Sort Method: top-N heapsort  Memory: 13957kB
               ->  Seq Scan on s_3  (cost=0.00..163695.54 rows=10000054 width=20) (actual time=0.012..618.278 rows=10000000 loops=1)
 Planning time: 0.282 ms
 Execution time: 1420.065 ms
(8 rows)

===== 144 [Wed Mar  7 13:14:40 CET 2018] scale:10000000 groups:100 work_mem:32MB incremental:off max_workers:0 =====
SELECT * FROM s_4 ORDER BY a, b, c, d, e LIMIT 100000
                                                             QUERY PLAN                                                              
-------------------------------------------------------------------------------------------------------------------------------------
 Limit  (cost=1045432.32..1045432.32 rows=1 width=20) (actual time=1411.243..1411.243 rows=0 loops=1)
   ->  Limit  (cost=1044182.32..1044432.32 rows=100000 width=20) (actual time=1398.677..1408.501 rows=100000 loops=1)
         ->  Sort  (cost=1044182.32..1069182.45 rows=10000054 width=20) (actual time=1398.676..1402.646 rows=100000 loops=1)
               Sort Key: s_4.a, s_4.b, s_4.c, s_4.d, s_4.e
               Sort Method: top-N heapsort  Memory: 13957kB
               ->  Seq Scan on s_4  (cost=0.00..163695.54 rows=10000054 width=20) (actual time=0.012..620.795 rows=10000000 loops=1)
 Planning time: 0.274 ms
 Execution time: 1412.156 ms
(8 rows)

===== 145 [Wed Mar  7 13:14:46 CET 2018] scale:10000000 groups:100 work_mem:64MB incremental:on max_workers:0 =====
SELECT * FROM s_1 ORDER BY a, b LIMIT 100000
                                                                     QUERY PLAN                                                                     
----------------------------------------------------------------------------------------------------------------------------------------------------
 Limit  (cost=14168.98..14168.98 rows=1 width=20) (actual time=74.700..74.700 rows=0 loops=1)
   ->  Limit  (cost=11417.82..13168.98 rows=100000 width=20) (actual time=19.447..71.949 rows=100000 loops=1)
         ->  Incremental Sort  (cost=11417.82..186534.90 rows=10000054 width=20) (actual time=19.447..66.471 rows=100000 loops=1)
               Sort Key: s_1.a, s_1.b
               Presorted Key: s_1.a
               Sort Method: quicksort  Memory: 10896kB
               Sort Groups: 2
               ->  Index Scan using s_1_a_idx on s_1  (cost=0.43..323387.25 rows=10000054 width=20) (actual time=0.016..18.862 rows=150258 loops=1)
 Planning time: 0.270 ms
 Execution time: 74.997 ms
(10 rows)

===== 146 [Wed Mar  7 13:14:46 CET 2018] scale:10000000 groups:100 work_mem:64MB incremental:on max_workers:0 =====
SELECT * FROM s_2 ORDER BY a, b, c LIMIT 100000
                                                                     QUERY PLAN                                                                      
-----------------------------------------------------------------------------------------------------------------------------------------------------
 Limit  (cost=2930.58..2930.58 rows=1 width=20) (actual time=52.262..52.262 rows=0 loops=1)
   ->  Limit  (cost=89.04..1930.58 rows=100000 width=20) (actual time=0.150..49.502 rows=100000 loops=1)
         ->  Incremental Sort  (cost=89.04..184241.78 rows=9999939 width=20) (actual time=0.149..44.024 rows=100000 loops=1)
               Sort Key: s_2.a, s_2.b, s_2.c
               Presorted Key: s_2.a, s_2.b
               Sort Method: quicksort  Memory: 132kB
               Sort Groups: 152
               ->  Index Scan using s_2_a_b_idx on s_2  (cost=0.43..406983.90 rows=9999939 width=20) (actual time=0.009..11.870 rows=100669 loops=1)
 Planning time: 0.282 ms
 Execution time: 52.293 ms
(10 rows)

===== 147 [Wed Mar  7 13:14:47 CET 2018] scale:10000000 groups:100 work_mem:64MB incremental:on max_workers:0 =====
SELECT * FROM s_3 ORDER BY a, b, c, d LIMIT 100000
                                                                       QUERY PLAN                                                                       
--------------------------------------------------------------------------------------------------------------------------------------------------------
 Limit  (cost=3012.79..3012.79 rows=1 width=20) (actual time=47.089..47.089 rows=0 loops=1)
   ->  Limit  (cost=1.05..2012.79 rows=100000 width=20) (actual time=0.076..44.315 rows=100000 loops=1)
         ->  Incremental Sort  (cost=1.05..201175.63 rows=10000054 width=20) (actual time=0.076..38.852 rows=100000 loops=1)
               Sort Key: s_3.a, s_3.b, s_3.c, s_3.d
               Presorted Key: s_3.a, s_3.b, s_3.c
               Sort Method: quicksort  Memory: 29kB
               Sort Groups: 2807
               ->  Index Scan using s_3_a_b_c_idx on s_3  (cost=0.43..451321.62 rows=10000054 width=20) (actual time=0.021..11.949 rows=100010 loops=1)
 Planning time: 0.290 ms
 Execution time: 47.114 ms
(10 rows)

===== 148 [Wed Mar  7 13:14:47 CET 2018] scale:10000000 groups:100 work_mem:64MB incremental:on max_workers:0 =====
SELECT * FROM s_4 ORDER BY a, b, c, d, e LIMIT 100000
                                                                        QUERY PLAN                                                                        
----------------------------------------------------------------------------------------------------------------------------------------------------------
 Limit  (cost=3012.79..3012.79 rows=1 width=20) (actual time=37.794..37.794 rows=0 loops=1)
   ->  Limit  (cost=1.05..2012.79 rows=100000 width=20) (actual time=0.069..35.036 rows=100000 loops=1)
         ->  Incremental Sort  (cost=1.05..201175.63 rows=10000054 width=20) (actual time=0.069..29.524 rows=100000 loops=1)
               Sort Key: s_4.a, s_4.b, s_4.c, s_4.d, s_4.e
               Presorted Key: s_4.a, s_4.b, s_4.c, s_4.d
               Sort Method: quicksort  Memory: 27kB
               Sort Groups: 3122
               ->  Index Scan using s_4_a_b_c_d_idx on s_4  (cost=0.43..451321.62 rows=10000054 width=20) (actual time=0.015..11.923 rows=100015 loops=1)
 Planning time: 0.278 ms
 Execution time: 37.818 ms
(10 rows)

===== 149 [Wed Mar  7 13:14:47 CET 2018] scale:10000000 groups:100 work_mem:64MB incremental:off max_workers:0 =====
SELECT * FROM s_1 ORDER BY a, b LIMIT 100000
                                                             QUERY PLAN                                                              
-------------------------------------------------------------------------------------------------------------------------------------
 Limit  (cost=1045432.32..1045432.32 rows=1 width=20) (actual time=1413.787..1413.787 rows=0 loops=1)
   ->  Limit  (cost=1044182.32..1044432.32 rows=100000 width=20) (actual time=1398.117..1411.038 rows=100000 loops=1)
         ->  Sort  (cost=1044182.32..1069182.45 rows=10000054 width=20) (actual time=1398.116..1405.603 rows=100000 loops=1)
               Sort Key: s_1.a, s_1.b
               Sort Method: top-N heapsort  Memory: 16649kB
               ->  Seq Scan on s_1  (cost=0.00..163695.54 rows=10000054 width=20) (actual time=0.006..616.366 rows=10000000 loops=1)
 Planning time: 0.262 ms
 Execution time: 1414.699 ms
(8 rows)

===== 150 [Wed Mar  7 13:14:54 CET 2018] scale:10000000 groups:100 work_mem:64MB incremental:off max_workers:0 =====
SELECT * FROM s_2 ORDER BY a, b, c LIMIT 100000
                                                             QUERY PLAN                                                             
------------------------------------------------------------------------------------------------------------------------------------
 Limit  (cost=1045421.04..1045421.04 rows=1 width=20) (actual time=1383.663..1383.663 rows=0 loops=1)
   ->  Limit  (cost=1044171.04..1044421.04 rows=100000 width=20) (actual time=1370.195..1380.910 rows=100000 loops=1)
         ->  Sort  (cost=1044171.04..1069170.89 rows=9999939 width=20) (actual time=1370.195..1375.481 rows=100000 loops=1)
               Sort Key: s_2.a, s_2.b, s_2.c
               Sort Method: top-N heapsort  Memory: 13985kB
               ->  Seq Scan on s_2  (cost=0.00..163694.39 rows=9999939 width=20) (actual time=0.009..615.732 rows=10000000 loops=1)
 Planning time: 0.278 ms
 Execution time: 1384.580 ms
(8 rows)

===== 151 [Wed Mar  7 13:15:00 CET 2018] scale:10000000 groups:100 work_mem:64MB incremental:off max_workers:0 =====
SELECT * FROM s_3 ORDER BY a, b, c, d LIMIT 100000
                                                             QUERY PLAN                                                              
-------------------------------------------------------------------------------------------------------------------------------------
 Limit  (cost=1045432.32..1045432.32 rows=1 width=20) (actual time=1418.748..1418.748 rows=0 loops=1)
   ->  Limit  (cost=1044182.32..1044432.32 rows=100000 width=20) (actual time=1406.183..1416.007 rows=100000 loops=1)
         ->  Sort  (cost=1044182.32..1069182.45 rows=10000054 width=20) (actual time=1406.182..1410.574 rows=100000 loops=1)
               Sort Key: s_3.a, s_3.b, s_3.c, s_3.d
               Sort Method: top-N heapsort  Memory: 13957kB
               ->  Seq Scan on s_3  (cost=0.00..163695.54 rows=10000054 width=20) (actual time=0.012..617.820 rows=10000000 loops=1)
 Planning time: 0.277 ms
 Execution time: 1419.666 ms
(8 rows)

===== 152 [Wed Mar  7 13:15:06 CET 2018] scale:10000000 groups:100 work_mem:64MB incremental:off max_workers:0 =====
SELECT * FROM s_4 ORDER BY a, b, c, d, e LIMIT 100000
                                                             QUERY PLAN                                                              
-------------------------------------------------------------------------------------------------------------------------------------
 Limit  (cost=1045432.32..1045432.32 rows=1 width=20) (actual time=1411.364..1411.364 rows=0 loops=1)
   ->  Limit  (cost=1044182.32..1044432.32 rows=100000 width=20) (actual time=1399.049..1408.616 rows=100000 loops=1)
         ->  Sort  (cost=1044182.32..1069182.45 rows=10000054 width=20) (actual time=1399.048..1403.035 rows=100000 loops=1)
               Sort Key: s_4.a, s_4.b, s_4.c, s_4.d, s_4.e
               Sort Method: top-N heapsort  Memory: 13957kB
               ->  Seq Scan on s_4  (cost=0.00..163695.54 rows=10000054 width=20) (actual time=0.012..620.886 rows=10000000 loops=1)
 Planning time: 0.269 ms
 Execution time: 1412.277 ms
(8 rows)

===== 153 [Wed Mar  7 13:15:13 CET 2018] scale:10000000 groups:100 work_mem:128MB incremental:on max_workers:0 =====
SELECT * FROM s_1 ORDER BY a, b LIMIT 100000
                                                                     QUERY PLAN                                                                     
----------------------------------------------------------------------------------------------------------------------------------------------------
 Limit  (cost=14168.98..14168.98 rows=1 width=20) (actual time=74.976..74.976 rows=0 loops=1)
   ->  Limit  (cost=11417.82..13168.98 rows=100000 width=20) (actual time=19.514..72.220 rows=100000 loops=1)
         ->  Incremental Sort  (cost=11417.82..186534.90 rows=10000054 width=20) (actual time=19.514..66.754 rows=100000 loops=1)
               Sort Key: s_1.a, s_1.b
               Presorted Key: s_1.a
               Sort Method: quicksort  Memory: 10896kB
               Sort Groups: 2
               ->  Index Scan using s_1_a_idx on s_1  (cost=0.43..323387.25 rows=10000054 width=20) (actual time=0.016..18.910 rows=150258 loops=1)
 Planning time: 0.270 ms
 Execution time: 75.276 ms
(10 rows)

===== 154 [Wed Mar  7 13:15:13 CET 2018] scale:10000000 groups:100 work_mem:128MB incremental:on max_workers:0 =====
SELECT * FROM s_2 ORDER BY a, b, c LIMIT 100000
                                                                     QUERY PLAN                                                                      
-----------------------------------------------------------------------------------------------------------------------------------------------------
 Limit  (cost=2930.58..2930.58 rows=1 width=20) (actual time=51.982..51.982 rows=0 loops=1)
   ->  Limit  (cost=89.04..1930.58 rows=100000 width=20) (actual time=0.150..49.220 rows=100000 loops=1)
         ->  Incremental Sort  (cost=89.04..184241.78 rows=9999939 width=20) (actual time=0.149..43.737 rows=100000 loops=1)
               Sort Key: s_2.a, s_2.b, s_2.c
               Presorted Key: s_2.a, s_2.b
               Sort Method: quicksort  Memory: 132kB
               Sort Groups: 152
               ->  Index Scan using s_2_a_b_idx on s_2  (cost=0.43..406983.90 rows=9999939 width=20) (actual time=0.009..11.772 rows=100669 loops=1)
 Planning time: 0.285 ms
 Execution time: 52.019 ms
(10 rows)

===== 155 [Wed Mar  7 13:15:14 CET 2018] scale:10000000 groups:100 work_mem:128MB incremental:on max_workers:0 =====
SELECT * FROM s_3 ORDER BY a, b, c, d LIMIT 100000
                                                                       QUERY PLAN                                                                       
--------------------------------------------------------------------------------------------------------------------------------------------------------
 Limit  (cost=3012.79..3012.79 rows=1 width=20) (actual time=47.166..47.166 rows=0 loops=1)
   ->  Limit  (cost=1.05..2012.79 rows=100000 width=20) (actual time=0.073..44.386 rows=100000 loops=1)
         ->  Incremental Sort  (cost=1.05..201175.63 rows=10000054 width=20) (actual time=0.073..38.903 rows=100000 loops=1)
               Sort Key: s_3.a, s_3.b, s_3.c, s_3.d
               Presorted Key: s_3.a, s_3.b, s_3.c
               Sort Method: quicksort  Memory: 29kB
               Sort Groups: 2807
               ->  Index Scan using s_3_a_b_c_idx on s_3  (cost=0.43..451321.62 rows=10000054 width=20) (actual time=0.020..11.979 rows=100010 loops=1)
 Planning time: 0.296 ms
 Execution time: 47.189 ms
(10 rows)

===== 156 [Wed Mar  7 13:15:14 CET 2018] scale:10000000 groups:100 work_mem:128MB incremental:on max_workers:0 =====
SELECT * FROM s_4 ORDER BY a, b, c, d, e LIMIT 100000
                                                                        QUERY PLAN                                                                        
----------------------------------------------------------------------------------------------------------------------------------------------------------
 Limit  (cost=3012.79..3012.79 rows=1 width=20) (actual time=37.924..37.924 rows=0 loops=1)
   ->  Limit  (cost=1.05..2012.79 rows=100000 width=20) (actual time=0.068..35.155 rows=100000 loops=1)
         ->  Incremental Sort  (cost=1.05..201175.63 rows=10000054 width=20) (actual time=0.068..29.668 rows=100000 loops=1)
               Sort Key: s_4.a, s_4.b, s_4.c, s_4.d, s_4.e
               Presorted Key: s_4.a, s_4.b, s_4.c, s_4.d
               Sort Method: quicksort  Memory: 27kB
               Sort Groups: 3122
               ->  Index Scan using s_4_a_b_c_d_idx on s_4  (cost=0.43..451321.62 rows=10000054 width=20) (actual time=0.015..11.909 rows=100015 loops=1)
 Planning time: 0.285 ms
 Execution time: 37.948 ms
(10 rows)

===== 157 [Wed Mar  7 13:15:14 CET 2018] scale:10000000 groups:100 work_mem:128MB incremental:off max_workers:0 =====
SELECT * FROM s_1 ORDER BY a, b LIMIT 100000
                                                             QUERY PLAN                                                              
-------------------------------------------------------------------------------------------------------------------------------------
 Limit  (cost=1045432.32..1045432.32 rows=1 width=20) (actual time=1413.251..1413.251 rows=0 loops=1)
   ->  Limit  (cost=1044182.32..1044432.32 rows=100000 width=20) (actual time=1397.590..1410.500 rows=100000 loops=1)
         ->  Sort  (cost=1044182.32..1069182.45 rows=10000054 width=20) (actual time=1397.589..1405.057 rows=100000 loops=1)
               Sort Key: s_1.a, s_1.b
               Sort Method: top-N heapsort  Memory: 16649kB
               ->  Seq Scan on s_1  (cost=0.00..163695.54 rows=10000054 width=20) (actual time=0.006..615.736 rows=10000000 loops=1)
 Planning time: 0.268 ms
 Execution time: 1414.162 ms
(8 rows)

===== 158 [Wed Mar  7 13:15:21 CET 2018] scale:10000000 groups:100 work_mem:128MB incremental:off max_workers:0 =====
SELECT * FROM s_2 ORDER BY a, b, c LIMIT 100000
                                                             QUERY PLAN                                                             
------------------------------------------------------------------------------------------------------------------------------------
 Limit  (cost=1045421.04..1045421.04 rows=1 width=20) (actual time=1382.064..1382.064 rows=0 loops=1)
   ->  Limit  (cost=1044171.04..1044421.04 rows=100000 width=20) (actual time=1368.602..1379.311 rows=100000 loops=1)
         ->  Sort  (cost=1044171.04..1069170.89 rows=9999939 width=20) (actual time=1368.601..1373.878 rows=100000 loops=1)
               Sort Key: s_2.a, s_2.b, s_2.c
               Sort Method: top-N heapsort  Memory: 13985kB
               ->  Seq Scan on s_2  (cost=0.00..163694.39 rows=9999939 width=20) (actual time=0.009..614.392 rows=10000000 loops=1)
 Planning time: 0.276 ms
 Execution time: 1382.975 ms
(8 rows)

===== 159 [Wed Mar  7 13:15:27 CET 2018] scale:10000000 groups:100 work_mem:128MB incremental:off max_workers:0 =====
SELECT * FROM s_3 ORDER BY a, b, c, d LIMIT 100000
                                                             QUERY PLAN                                                              
-------------------------------------------------------------------------------------------------------------------------------------
 Limit  (cost=1045432.32..1045432.32 rows=1 width=20) (actual time=1419.155..1419.155 rows=0 loops=1)
   ->  Limit  (cost=1044182.32..1044432.32 rows=100000 width=20) (actual time=1406.557..1416.403 rows=100000 loops=1)
         ->  Sort  (cost=1044182.32..1069182.45 rows=10000054 width=20) (actual time=1406.556..1410.973 rows=100000 loops=1)
               Sort Key: s_3.a, s_3.b, s_3.c, s_3.d
               Sort Method: top-N heapsort  Memory: 13957kB
               ->  Seq Scan on s_3  (cost=0.00..163695.54 rows=10000054 width=20) (actual time=0.012..617.923 rows=10000000 loops=1)
 Planning time: 0.278 ms
 Execution time: 1420.070 ms
(8 rows)

===== 160 [Wed Mar  7 13:15:33 CET 2018] scale:10000000 groups:100 work_mem:128MB incremental:off max_workers:0 =====
SELECT * FROM s_4 ORDER BY a, b, c, d, e LIMIT 100000
                                                             QUERY PLAN                                                              
-------------------------------------------------------------------------------------------------------------------------------------
 Limit  (cost=1045432.32..1045432.32 rows=1 width=20) (actual time=1411.701..1411.701 rows=0 loops=1)
   ->  Limit  (cost=1044182.32..1044432.32 rows=100000 width=20) (actual time=1399.390..1408.949 rows=100000 loops=1)
         ->  Sort  (cost=1044182.32..1069182.45 rows=10000054 width=20) (actual time=1399.389..1403.363 rows=100000 loops=1)
               Sort Key: s_4.a, s_4.b, s_4.c, s_4.d, s_4.e
               Sort Method: top-N heapsort  Memory: 13957kB
               ->  Seq Scan on s_4  (cost=0.00..163695.54 rows=10000054 width=20) (actual time=0.012..620.943 rows=10000000 loops=1)
 Planning time: 0.269 ms
 Execution time: 1412.611 ms
(8 rows)

===== 161 [Wed Mar  7 13:15:40 CET 2018] scale:10000000 groups:100 work_mem:256MB incremental:on max_workers:0 =====
SELECT * FROM s_1 ORDER BY a, b LIMIT 100000
                                                                     QUERY PLAN                                                                     
----------------------------------------------------------------------------------------------------------------------------------------------------
 Limit  (cost=14168.98..14168.98 rows=1 width=20) (actual time=74.780..74.780 rows=0 loops=1)
   ->  Limit  (cost=11417.82..13168.98 rows=100000 width=20) (actual time=19.485..72.028 rows=100000 loops=1)
         ->  Incremental Sort  (cost=11417.82..186534.90 rows=10000054 width=20) (actual time=19.484..66.560 rows=100000 loops=1)
               Sort Key: s_1.a, s_1.b
               Presorted Key: s_1.a
               Sort Method: quicksort  Memory: 10896kB
               Sort Groups: 2
               ->  Index Scan using s_1_a_idx on s_1  (cost=0.43..323387.25 rows=10000054 width=20) (actual time=0.015..18.879 rows=150258 loops=1)
 Planning time: 0.266 ms
 Execution time: 75.082 ms
(10 rows)

===== 162 [Wed Mar  7 13:15:40 CET 2018] scale:10000000 groups:100 work_mem:256MB incremental:on max_workers:0 =====
SELECT * FROM s_2 ORDER BY a, b, c LIMIT 100000
                                                                     QUERY PLAN                                                                      
-----------------------------------------------------------------------------------------------------------------------------------------------------
 Limit  (cost=2930.58..2930.58 rows=1 width=20) (actual time=52.016..52.016 rows=0 loops=1)
   ->  Limit  (cost=89.04..1930.58 rows=100000 width=20) (actual time=0.151..49.250 rows=100000 loops=1)
         ->  Incremental Sort  (cost=89.04..184241.78 rows=9999939 width=20) (actual time=0.151..43.774 rows=100000 loops=1)
               Sort Key: s_2.a, s_2.b, s_2.c
               Presorted Key: s_2.a, s_2.b
               Sort Method: quicksort  Memory: 132kB
               Sort Groups: 152
               ->  Index Scan using s_2_a_b_idx on s_2  (cost=0.43..406983.90 rows=9999939 width=20) (actual time=0.009..11.762 rows=100669 loops=1)
 Planning time: 0.290 ms
 Execution time: 52.048 ms
(10 rows)

===== 163 [Wed Mar  7 13:15:40 CET 2018] scale:10000000 groups:100 work_mem:256MB incremental:on max_workers:0 =====
SELECT * FROM s_3 ORDER BY a, b, c, d LIMIT 100000
                                                                       QUERY PLAN                                                                       
--------------------------------------------------------------------------------------------------------------------------------------------------------
 Limit  (cost=3012.79..3012.79 rows=1 width=20) (actual time=47.143..47.143 rows=0 loops=1)
   ->  Limit  (cost=1.05..2012.79 rows=100000 width=20) (actual time=0.075..44.368 rows=100000 loops=1)
         ->  Incremental Sort  (cost=1.05..201175.63 rows=10000054 width=20) (actual time=0.075..38.890 rows=100000 loops=1)
               Sort Key: s_3.a, s_3.b, s_3.c, s_3.d
               Presorted Key: s_3.a, s_3.b, s_3.c
               Sort Method: quicksort  Memory: 29kB
               Sort Groups: 2807
               ->  Index Scan using s_3_a_b_c_idx on s_3  (cost=0.43..451321.62 rows=10000054 width=20) (actual time=0.021..11.986 rows=100010 loops=1)
 Planning time: 0.294 ms
 Execution time: 47.168 ms
(10 rows)

===== 164 [Wed Mar  7 13:15:41 CET 2018] scale:10000000 groups:100 work_mem:256MB incremental:on max_workers:0 =====
SELECT * FROM s_4 ORDER BY a, b, c, d, e LIMIT 100000
                                                                        QUERY PLAN                                                                        
----------------------------------------------------------------------------------------------------------------------------------------------------------
 Limit  (cost=3012.79..3012.79 rows=1 width=20) (actual time=37.936..37.936 rows=0 loops=1)
   ->  Limit  (cost=1.05..2012.79 rows=100000 width=20) (actual time=0.067..35.172 rows=100000 loops=1)
         ->  Incremental Sort  (cost=1.05..201175.63 rows=10000054 width=20) (actual time=0.067..29.692 rows=100000 loops=1)
               Sort Key: s_4.a, s_4.b, s_4.c, s_4.d, s_4.e
               Presorted Key: s_4.a, s_4.b, s_4.c, s_4.d
               Sort Method: quicksort  Memory: 27kB
               Sort Groups: 3122
               ->  Index Scan using s_4_a_b_c_d_idx on s_4  (cost=0.43..451321.62 rows=10000054 width=20) (actual time=0.015..11.936 rows=100015 loops=1)
 Planning time: 0.278 ms
 Execution time: 37.960 ms
(10 rows)

===== 165 [Wed Mar  7 13:15:41 CET 2018] scale:10000000 groups:100 work_mem:256MB incremental:off max_workers:0 =====
SELECT * FROM s_1 ORDER BY a, b LIMIT 100000
                                                             QUERY PLAN                                                              
-------------------------------------------------------------------------------------------------------------------------------------
 Limit  (cost=1045432.32..1045432.32 rows=1 width=20) (actual time=1413.773..1413.773 rows=0 loops=1)
   ->  Limit  (cost=1044182.32..1044432.32 rows=100000 width=20) (actual time=1398.099..1411.023 rows=100000 loops=1)
         ->  Sort  (cost=1044182.32..1069182.45 rows=10000054 width=20) (actual time=1398.098..1405.591 rows=100000 loops=1)
               Sort Key: s_1.a, s_1.b
               Sort Method: top-N heapsort  Memory: 16649kB
               ->  Seq Scan on s_1  (cost=0.00..163695.54 rows=10000054 width=20) (actual time=0.006..615.441 rows=10000000 loops=1)
 Planning time: 0.263 ms
 Execution time: 1414.690 ms
(8 rows)

===== 166 [Wed Mar  7 13:15:47 CET 2018] scale:10000000 groups:100 work_mem:256MB incremental:off max_workers:0 =====
SELECT * FROM s_2 ORDER BY a, b, c LIMIT 100000
                                                             QUERY PLAN                                                             
------------------------------------------------------------------------------------------------------------------------------------
 Limit  (cost=1045421.04..1045421.04 rows=1 width=20) (actual time=1384.174..1384.174 rows=0 loops=1)
   ->  Limit  (cost=1044171.04..1044421.04 rows=100000 width=20) (actual time=1370.693..1381.428 rows=100000 loops=1)
         ->  Sort  (cost=1044171.04..1069170.89 rows=9999939 width=20) (actual time=1370.692..1375.993 rows=100000 loops=1)
               Sort Key: s_2.a, s_2.b, s_2.c
               Sort Method: top-N heapsort  Memory: 13985kB
               ->  Seq Scan on s_2  (cost=0.00..163694.39 rows=9999939 width=20) (actual time=0.009..616.248 rows=10000000 loops=1)
 Planning time: 0.273 ms
 Execution time: 1385.095 ms
(8 rows)

===== 167 [Wed Mar  7 13:15:54 CET 2018] scale:10000000 groups:100 work_mem:256MB incremental:off max_workers:0 =====
SELECT * FROM s_3 ORDER BY a, b, c, d LIMIT 100000
                                                             QUERY PLAN                                                              
-------------------------------------------------------------------------------------------------------------------------------------
 Limit  (cost=1045432.32..1045432.32 rows=1 width=20) (actual time=1418.462..1418.462 rows=0 loops=1)
   ->  Limit  (cost=1044182.32..1044432.32 rows=100000 width=20) (actual time=1405.856..1415.707 rows=100000 loops=1)
         ->  Sort  (cost=1044182.32..1069182.45 rows=10000054 width=20) (actual time=1405.855..1410.263 rows=100000 loops=1)
               Sort Key: s_3.a, s_3.b, s_3.c, s_3.d
               Sort Method: top-N heapsort  Memory: 13957kB
               ->  Seq Scan on s_3  (cost=0.00..163695.54 rows=10000054 width=20) (actual time=0.012..617.580 rows=10000000 loops=1)
 Planning time: 0.288 ms
 Execution time: 1419.377 ms
(8 rows)

===== 168 [Wed Mar  7 13:16:00 CET 2018] scale:10000000 groups:100 work_mem:256MB incremental:off max_workers:0 =====
SELECT * FROM s_4 ORDER BY a, b, c, d, e LIMIT 100000
                                                             QUERY PLAN                                                              
-------------------------------------------------------------------------------------------------------------------------------------
 Limit  (cost=1045432.32..1045432.32 rows=1 width=20) (actual time=1412.060..1412.060 rows=0 loops=1)
   ->  Limit  (cost=1044182.32..1044432.32 rows=100000 width=20) (actual time=1399.759..1409.316 rows=100000 loops=1)
         ->  Sort  (cost=1044182.32..1069182.45 rows=10000054 width=20) (actual time=1399.759..1403.725 rows=100000 loops=1)
               Sort Key: s_4.a, s_4.b, s_4.c, s_4.d, s_4.e
               Sort Method: top-N heapsort  Memory: 13957kB
               ->  Seq Scan on s_4  (cost=0.00..163695.54 rows=10000054 width=20) (actual time=0.012..620.426 rows=10000000 loops=1)
 Planning time: 0.265 ms
 Execution time: 1412.971 ms
(8 rows)

===== 169 [Wed Mar  7 13:16:06 CET 2018] scale:10000000 groups:100 work_mem:4MB incremental:on max_workers:2 =====
SELECT * FROM s_1 ORDER BY a, b LIMIT 100000
                                                                     QUERY PLAN                                                                     
----------------------------------------------------------------------------------------------------------------------------------------------------
 Limit  (cost=16202.69..16202.69 rows=1 width=20) (actual time=82.629..82.629 rows=0 loops=1)
   ->  Limit  (cost=13451.32..15202.69 rows=100000 width=20) (actual time=22.530..79.908 rows=100000 loops=1)
         ->  Incremental Sort  (cost=13451.32..188588.72 rows=10000054 width=20) (actual time=22.529..74.207 rows=100000 loops=1)
               Sort Key: s_1.a, s_1.b
               Presorted Key: s_1.a
               Sort Method: external merge  Disk: 2944kB
               Sort Groups: 2
               ->  Index Scan using s_1_a_idx on s_1  (cost=0.43..323387.25 rows=10000054 width=20) (actual time=0.015..18.524 rows=150258 loops=1)
 Planning time: 0.288 ms
 Execution time: 83.308 ms
(10 rows)

===== 170 [Wed Mar  7 13:16:07 CET 2018] scale:10000000 groups:100 work_mem:4MB incremental:on max_workers:2 =====
SELECT * FROM s_2 ORDER BY a, b, c LIMIT 100000
                                                                     QUERY PLAN                                                                      
-----------------------------------------------------------------------------------------------------------------------------------------------------
 Limit  (cost=2930.58..2930.58 rows=1 width=20) (actual time=51.991..51.991 rows=0 loops=1)
   ->  Limit  (cost=89.04..1930.58 rows=100000 width=20) (actual time=0.153..49.227 rows=100000 loops=1)
         ->  Incremental Sort  (cost=89.04..184241.78 rows=9999939 width=20) (actual time=0.153..43.749 rows=100000 loops=1)
               Sort Key: s_2.a, s_2.b, s_2.c
               Presorted Key: s_2.a, s_2.b
               Sort Method: quicksort  Memory: 132kB
               Sort Groups: 152
               ->  Index Scan using s_2_a_b_idx on s_2  (cost=0.43..406983.90 rows=9999939 width=20) (actual time=0.009..11.762 rows=100669 loops=1)
 Planning time: 0.299 ms
 Execution time: 52.024 ms
(10 rows)

===== 171 [Wed Mar  7 13:16:07 CET 2018] scale:10000000 groups:100 work_mem:4MB incremental:on max_workers:2 =====
SELECT * FROM s_3 ORDER BY a, b, c, d LIMIT 100000
                                                                       QUERY PLAN                                                                       
--------------------------------------------------------------------------------------------------------------------------------------------------------
 Limit  (cost=3012.79..3012.79 rows=1 width=20) (actual time=47.276..47.276 rows=0 loops=1)
   ->  Limit  (cost=1.05..2012.79 rows=100000 width=20) (actual time=0.075..44.513 rows=100000 loops=1)
         ->  Incremental Sort  (cost=1.05..201175.63 rows=10000054 width=20) (actual time=0.074..39.014 rows=100000 loops=1)
               Sort Key: s_3.a, s_3.b, s_3.c, s_3.d
               Presorted Key: s_3.a, s_3.b, s_3.c
               Sort Method: quicksort  Memory: 29kB
               Sort Groups: 2807
               ->  Index Scan using s_3_a_b_c_idx on s_3  (cost=0.43..451321.62 rows=10000054 width=20) (actual time=0.021..12.036 rows=100010 loops=1)
 Planning time: 0.297 ms
 Execution time: 47.299 ms
(10 rows)

===== 172 [Wed Mar  7 13:16:08 CET 2018] scale:10000000 groups:100 work_mem:4MB incremental:on max_workers:2 =====
SELECT * FROM s_4 ORDER BY a, b, c, d, e LIMIT 100000
                                                                        QUERY PLAN                                                                        
----------------------------------------------------------------------------------------------------------------------------------------------------------
 Limit  (cost=3012.79..3012.79 rows=1 width=20) (actual time=37.923..37.923 rows=0 loops=1)
   ->  Limit  (cost=1.05..2012.79 rows=100000 width=20) (actual time=0.068..35.154 rows=100000 loops=1)
         ->  Incremental Sort  (cost=1.05..201175.63 rows=10000054 width=20) (actual time=0.068..29.681 rows=100000 loops=1)
               Sort Key: s_4.a, s_4.b, s_4.c, s_4.d, s_4.e
               Presorted Key: s_4.a, s_4.b, s_4.c, s_4.d
               Sort Method: quicksort  Memory: 27kB
               Sort Groups: 3122
               ->  Index Scan using s_4_a_b_c_d_idx on s_4  (cost=0.43..451321.62 rows=10000054 width=20) (actual time=0.015..11.915 rows=100015 loops=1)
 Planning time: 0.286 ms
 Execution time: 37.949 ms
(10 rows)

===== 173 [Wed Mar  7 13:16:08 CET 2018] scale:10000000 groups:100 work_mem:4MB incremental:off max_workers:2 =====
SELECT * FROM s_1 ORDER BY a, b LIMIT 100000
                                                                    QUERY PLAN                                                                    
--------------------------------------------------------------------------------------------------------------------------------------------------
 Limit  (cost=748071.64..748071.64 rows=1 width=20) (actual time=1712.314..1712.314 rows=0 loops=1)
   ->  Limit  (cost=735404.16..747071.64 rows=100000 width=20) (actual time=1685.593..1709.509 rows=100000 loops=1)
         ->  Gather Merge  (cost=735404.16..1707699.48 rows=8333378 width=20) (actual time=1685.593..1703.869 rows=100000 loops=1)
               Workers Planned: 2
               Workers Launched: 2
               ->  Sort  (cost=734404.14..744820.86 rows=4166689 width=20) (actual time=1683.452..1686.606 rows=34033 loops=3)
                     Sort Key: s_1.a, s_1.b
                     Sort Method: external merge  Disk: 97960kB
                     Worker 0:  Sort Method: external merge  Disk: 97824kB
                     Worker 1:  Sort Method: external merge  Disk: 97824kB
                     ->  Parallel Seq Scan on s_1  (cost=0.00..105361.89 rows=4166689 width=20) (actual time=0.008..235.055 rows=3333333 loops=3)
 Planning time: 0.276 ms
 Execution time: 1735.272 ms
(13 rows)

===== 174 [Wed Mar  7 13:16:18 CET 2018] scale:10000000 groups:100 work_mem:4MB incremental:off max_workers:2 =====
SELECT * FROM s_2 ORDER BY a, b, c LIMIT 100000
                                                                    QUERY PLAN                                                                    
--------------------------------------------------------------------------------------------------------------------------------------------------
 Limit  (cost=748058.54..748058.54 rows=1 width=20) (actual time=2004.955..2004.955 rows=0 loops=1)
   ->  Limit  (cost=735391.06..747058.54 rows=100000 width=20) (actual time=1974.694..2002.142 rows=100000 loops=1)
         ->  Gather Merge  (cost=735391.06..1707675.17 rows=8333282 width=20) (actual time=1974.693..1996.447 rows=100000 loops=1)
               Workers Planned: 2
               Workers Launched: 2
               ->  Sort  (cost=734391.04..744807.64 rows=4166641 width=20) (actual time=1963.143..1966.311 rows=33959 loops=3)
                     Sort Key: s_2.a, s_2.b, s_2.c
                     Sort Method: external merge  Disk: 98888kB
                     Worker 0:  Sort Method: external merge  Disk: 97744kB
                     Worker 1:  Sort Method: external merge  Disk: 96976kB
                     ->  Parallel Seq Scan on s_2  (cost=0.00..105361.41 rows=4166641 width=20) (actual time=0.010..228.440 rows=3333333 loops=3)
 Planning time: 0.294 ms
 Execution time: 2027.378 ms
(13 rows)

===== 175 [Wed Mar  7 13:16:29 CET 2018] scale:10000000 groups:100 work_mem:4MB incremental:off max_workers:2 =====
SELECT * FROM s_3 ORDER BY a, b, c, d LIMIT 100000
                                                                    QUERY PLAN                                                                    
--------------------------------------------------------------------------------------------------------------------------------------------------
 Limit  (cost=748071.64..748071.64 rows=1 width=20) (actual time=2185.289..2185.289 rows=0 loops=1)
   ->  Limit  (cost=735404.16..747071.64 rows=100000 width=20) (actual time=2156.574..2182.473 rows=100000 loops=1)
         ->  Gather Merge  (cost=735404.16..1707699.48 rows=8333378 width=20) (actual time=2156.573..2176.762 rows=100000 loops=1)
               Workers Planned: 2
               Workers Launched: 2
               ->  Sort  (cost=734404.14..744820.86 rows=4166689 width=20) (actual time=2148.647..2151.803 rows=33959 loops=3)
                     Sort Key: s_3.a, s_3.b, s_3.c, s_3.d
                     Sort Method: external merge  Disk: 97744kB
                     Worker 0:  Sort Method: external merge  Disk: 98112kB
                     Worker 1:  Sort Method: external merge  Disk: 97744kB
                     ->  Parallel Seq Scan on s_3  (cost=0.00..105361.89 rows=4166689 width=20) (actual time=0.010..234.640 rows=3333333 loops=3)
 Planning time: 0.294 ms
 Execution time: 2207.828 ms
(13 rows)

===== 176 [Wed Mar  7 13:16:41 CET 2018] scale:10000000 groups:100 work_mem:4MB incremental:off max_workers:2 =====
SELECT * FROM s_4 ORDER BY a, b, c, d, e LIMIT 100000
                                                                    QUERY PLAN                                                                    
--------------------------------------------------------------------------------------------------------------------------------------------------
 Limit  (cost=748071.64..748071.64 rows=1 width=20) (actual time=1957.278..1957.278 rows=0 loops=1)
   ->  Limit  (cost=735404.16..747071.64 rows=100000 width=20) (actual time=1928.569..1954.464 rows=100000 loops=1)
         ->  Gather Merge  (cost=735404.16..1707699.48 rows=8333378 width=20) (actual time=1928.568..1948.783 rows=100000 loops=1)
               Workers Planned: 2
               Workers Launched: 2
               ->  Sort  (cost=734404.14..744820.86 rows=4166689 width=20) (actual time=1920.186..1923.362 rows=33959 loops=3)
                     Sort Key: s_4.a, s_4.b, s_4.c, s_4.d, s_4.e
                     Sort Method: external merge  Disk: 97744kB
                     Worker 0:  Sort Method: external merge  Disk: 97944kB
                     Worker 1:  Sort Method: external merge  Disk: 97920kB
                     ->  Parallel Seq Scan on s_4  (cost=0.00..105361.89 rows=4166689 width=20) (actual time=0.010..235.321 rows=3333333 loops=3)
 Planning time: 0.283 ms
 Execution time: 1980.113 ms
(13 rows)

===== 177 [Wed Mar  7 13:16:53 CET 2018] scale:10000000 groups:100 work_mem:8MB incremental:on max_workers:2 =====
SELECT * FROM s_1 ORDER BY a, b LIMIT 100000
                                                                     QUERY PLAN                                                                     
----------------------------------------------------------------------------------------------------------------------------------------------------
 Limit  (cost=14168.98..14168.98 rows=1 width=20) (actual time=82.766..82.766 rows=0 loops=1)
   ->  Limit  (cost=11417.82..13168.98 rows=100000 width=20) (actual time=19.492..80.037 rows=100000 loops=1)
         ->  Incremental Sort  (cost=11417.82..186534.90 rows=10000054 width=20) (actual time=19.491..74.457 rows=100000 loops=1)
               Sort Key: s_1.a, s_1.b
               Presorted Key: s_1.a
               Sort Method: external merge  Disk: 2944kB
               Sort Groups: 2
               ->  Index Scan using s_1_a_idx on s_1  (cost=0.43..323387.25 rows=10000054 width=20) (actual time=0.015..18.744 rows=150258 loops=1)
 Planning time: 0.271 ms
 Execution time: 83.277 ms
(10 rows)

===== 178 [Wed Mar  7 13:16:53 CET 2018] scale:10000000 groups:100 work_mem:8MB incremental:on max_workers:2 =====
SELECT * FROM s_2 ORDER BY a, b, c LIMIT 100000
                                                                     QUERY PLAN                                                                      
-----------------------------------------------------------------------------------------------------------------------------------------------------
 Limit  (cost=2930.58..2930.58 rows=1 width=20) (actual time=51.998..51.998 rows=0 loops=1)
   ->  Limit  (cost=89.04..1930.58 rows=100000 width=20) (actual time=0.149..49.234 rows=100000 loops=1)
         ->  Incremental Sort  (cost=89.04..184241.78 rows=9999939 width=20) (actual time=0.149..43.755 rows=100000 loops=1)
               Sort Key: s_2.a, s_2.b, s_2.c
               Presorted Key: s_2.a, s_2.b
               Sort Method: quicksort  Memory: 132kB
               Sort Groups: 152
               ->  Index Scan using s_2_a_b_idx on s_2  (cost=0.43..406983.90 rows=9999939 width=20) (actual time=0.009..11.779 rows=100669 loops=1)
 Planning time: 0.305 ms
 Execution time: 52.030 ms
(10 rows)

===== 179 [Wed Mar  7 13:16:53 CET 2018] scale:10000000 groups:100 work_mem:8MB incremental:on max_workers:2 =====
SELECT * FROM s_3 ORDER BY a, b, c, d LIMIT 100000
                                                                       QUERY PLAN                                                                       
--------------------------------------------------------------------------------------------------------------------------------------------------------
 Limit  (cost=3012.79..3012.79 rows=1 width=20) (actual time=47.252..47.252 rows=0 loops=1)
   ->  Limit  (cost=1.05..2012.79 rows=100000 width=20) (actual time=0.074..44.487 rows=100000 loops=1)
         ->  Incremental Sort  (cost=1.05..201175.63 rows=10000054 width=20) (actual time=0.074..38.990 rows=100000 loops=1)
               Sort Key: s_3.a, s_3.b, s_3.c, s_3.d
               Presorted Key: s_3.a, s_3.b, s_3.c
               Sort Method: quicksort  Memory: 29kB
               Sort Groups: 2807
               ->  Index Scan using s_3_a_b_c_idx on s_3  (cost=0.43..451321.62 rows=10000054 width=20) (actual time=0.020..12.009 rows=100010 loops=1)
 Planning time: 0.299 ms
 Execution time: 47.277 ms
(10 rows)

===== 180 [Wed Mar  7 13:16:54 CET 2018] scale:10000000 groups:100 work_mem:8MB incremental:on max_workers:2 =====
SELECT * FROM s_4 ORDER BY a, b, c, d, e LIMIT 100000
                                                                        QUERY PLAN                                                                        
----------------------------------------------------------------------------------------------------------------------------------------------------------
 Limit  (cost=3012.79..3012.79 rows=1 width=20) (actual time=37.929..37.929 rows=0 loops=1)
   ->  Limit  (cost=1.05..2012.79 rows=100000 width=20) (actual time=0.069..35.155 rows=100000 loops=1)
         ->  Incremental Sort  (cost=1.05..201175.63 rows=10000054 width=20) (actual time=0.069..29.681 rows=100000 loops=1)
               Sort Key: s_4.a, s_4.b, s_4.c, s_4.d, s_4.e
               Presorted Key: s_4.a, s_4.b, s_4.c, s_4.d
               Sort Method: quicksort  Memory: 27kB
               Sort Groups: 3122
               ->  Index Scan using s_4_a_b_c_d_idx on s_4  (cost=0.43..451321.62 rows=10000054 width=20) (actual time=0.015..11.918 rows=100015 loops=1)
 Planning time: 0.287 ms
 Execution time: 37.954 ms
(10 rows)

===== 181 [Wed Mar  7 13:16:54 CET 2018] scale:10000000 groups:100 work_mem:8MB incremental:off max_workers:2 =====
SELECT * FROM s_1 ORDER BY a, b LIMIT 100000
                                                                    QUERY PLAN                                                                    
--------------------------------------------------------------------------------------------------------------------------------------------------
 Limit  (cost=485898.87..485898.87 rows=1 width=20) (actual time=1548.818..1548.818 rows=0 loops=1)
   ->  Limit  (cost=473231.39..484898.87 rows=100000 width=20) (actual time=1521.855..1546.010 rows=100000 loops=1)
         ->  Gather Merge  (cost=473231.39..1445526.71 rows=8333378 width=20) (actual time=1521.854..1540.377 rows=100000 loops=1)
               Workers Planned: 2
               Workers Launched: 2
               ->  Sort  (cost=472231.37..482648.09 rows=4166689 width=20) (actual time=1519.829..1522.987 rows=33933 loops=3)
                     Sort Key: s_1.a, s_1.b
                     Sort Method: external merge  Disk: 97912kB
                     Worker 0:  Sort Method: external merge  Disk: 97904kB
                     Worker 1:  Sort Method: external merge  Disk: 97792kB
                     ->  Parallel Seq Scan on s_1  (cost=0.00..105361.89 rows=4166689 width=20) (actual time=0.008..232.619 rows=3333333 loops=3)
 Planning time: 0.274 ms
 Execution time: 1572.018 ms
(13 rows)

===== 182 [Wed Mar  7 13:17:03 CET 2018] scale:10000000 groups:100 work_mem:8MB incremental:off max_workers:2 =====
SELECT * FROM s_2 ORDER BY a, b, c LIMIT 100000
                                                                    QUERY PLAN                                                                    
--------------------------------------------------------------------------------------------------------------------------------------------------
 Limit  (cost=485894.17..485894.17 rows=1 width=20) (actual time=1820.099..1820.099 rows=0 loops=1)
   ->  Limit  (cost=473226.69..484894.17 rows=100000 width=20) (actual time=1789.781..1817.282 rows=100000 loops=1)
         ->  Gather Merge  (cost=473226.69..1445510.80 rows=8333282 width=20) (actual time=1789.780..1811.598 rows=100000 loops=1)
               Workers Planned: 2
               Workers Launched: 2
               ->  Sort  (cost=472226.66..482643.26 rows=4166641 width=20) (actual time=1782.963..1786.129 rows=33953 loops=3)
                     Sort Key: s_2.a, s_2.b, s_2.c
                     Sort Method: external merge  Disk: 99448kB
                     Worker 0:  Sort Method: external merge  Disk: 97088kB
                     Worker 1:  Sort Method: external merge  Disk: 97072kB
                     ->  Parallel Seq Scan on s_2  (cost=0.00..105361.41 rows=4166641 width=20) (actual time=0.011..230.866 rows=3333333 loops=3)
 Planning time: 0.291 ms
 Execution time: 1843.365 ms
(13 rows)

===== 183 [Wed Mar  7 13:17:13 CET 2018] scale:10000000 groups:100 work_mem:8MB incremental:off max_workers:2 =====
SELECT * FROM s_3 ORDER BY a, b, c, d LIMIT 100000
                                                                    QUERY PLAN                                                                    
--------------------------------------------------------------------------------------------------------------------------------------------------
 Limit  (cost=485898.87..485898.87 rows=1 width=20) (actual time=1978.987..1978.987 rows=0 loops=1)
   ->  Limit  (cost=473231.39..484898.87 rows=100000 width=20) (actual time=1950.192..1976.174 rows=100000 loops=1)
         ->  Gather Merge  (cost=473231.39..1445526.71 rows=8333378 width=20) (actual time=1950.192..1970.483 rows=100000 loops=1)
               Workers Planned: 2
               Workers Launched: 2
               ->  Sort  (cost=472231.37..482648.09 rows=4166689 width=20) (actual time=1936.747..1939.907 rows=34011 loops=3)
                     Sort Key: s_3.a, s_3.b, s_3.c, s_3.d
                     Sort Method: external merge  Disk: 97792kB
                     Worker 0:  Sort Method: external merge  Disk: 97928kB
                     Worker 1:  Sort Method: external merge  Disk: 97888kB
                     ->  Parallel Seq Scan on s_3  (cost=0.00..105361.89 rows=4166689 width=20) (actual time=0.012..232.459 rows=3333333 loops=3)
 Planning time: 0.298 ms
 Execution time: 2001.895 ms
(13 rows)

===== 184 [Wed Mar  7 13:17:24 CET 2018] scale:10000000 groups:100 work_mem:8MB incremental:off max_workers:2 =====
SELECT * FROM s_4 ORDER BY a, b, c, d, e LIMIT 100000
                                                                    QUERY PLAN                                                                    
--------------------------------------------------------------------------------------------------------------------------------------------------
 Limit  (cost=485898.87..485898.87 rows=1 width=20) (actual time=1735.633..1735.633 rows=0 loops=1)
   ->  Limit  (cost=473231.39..484898.87 rows=100000 width=20) (actual time=1706.982..1732.835 rows=100000 loops=1)
         ->  Gather Merge  (cost=473231.39..1445526.71 rows=8333378 width=20) (actual time=1706.981..1727.162 rows=100000 loops=1)
               Workers Planned: 2
               Workers Launched: 2
               ->  Sort  (cost=472231.37..482648.09 rows=4166689 width=20) (actual time=1704.477..1707.604 rows=33920 loops=3)
                     Sort Key: s_4.a, s_4.b, s_4.c, s_4.d, s_4.e
                     Sort Method: external merge  Disk: 97792kB
                     Worker 0:  Sort Method: external merge  Disk: 97904kB
                     Worker 1:  Sort Method: external merge  Disk: 97912kB
                     ->  Parallel Seq Scan on s_4  (cost=0.00..105361.89 rows=4166689 width=20) (actual time=0.011..236.107 rows=3333333 loops=3)
 Planning time: 0.280 ms
 Execution time: 1758.836 ms
(13 rows)

===== 185 [Wed Mar  7 13:17:34 CET 2018] scale:10000000 groups:100 work_mem:16MB incremental:on max_workers:2 =====
SELECT * FROM s_1 ORDER BY a, b LIMIT 100000
                                                                     QUERY PLAN                                                                     
----------------------------------------------------------------------------------------------------------------------------------------------------
 Limit  (cost=14168.98..14168.98 rows=1 width=20) (actual time=75.095..75.095 rows=0 loops=1)
   ->  Limit  (cost=11417.82..13168.98 rows=100000 width=20) (actual time=19.554..72.345 rows=100000 loops=1)
         ->  Incremental Sort  (cost=11417.82..186534.90 rows=10000054 width=20) (actual time=19.553..66.877 rows=100000 loops=1)
               Sort Key: s_1.a, s_1.b
               Presorted Key: s_1.a
               Sort Method: quicksort  Memory: 10896kB
               Sort Groups: 2
               ->  Index Scan using s_1_a_idx on s_1  (cost=0.43..323387.25 rows=10000054 width=20) (actual time=0.016..18.874 rows=150258 loops=1)
 Planning time: 0.271 ms
 Execution time: 75.395 ms
(10 rows)

===== 186 [Wed Mar  7 13:17:35 CET 2018] scale:10000000 groups:100 work_mem:16MB incremental:on max_workers:2 =====
SELECT * FROM s_2 ORDER BY a, b, c LIMIT 100000
                                                                     QUERY PLAN                                                                      
-----------------------------------------------------------------------------------------------------------------------------------------------------
 Limit  (cost=2930.58..2930.58 rows=1 width=20) (actual time=51.996..51.996 rows=0 loops=1)
   ->  Limit  (cost=89.04..1930.58 rows=100000 width=20) (actual time=0.149..49.233 rows=100000 loops=1)
         ->  Incremental Sort  (cost=89.04..184241.78 rows=9999939 width=20) (actual time=0.149..43.756 rows=100000 loops=1)
               Sort Key: s_2.a, s_2.b, s_2.c
               Presorted Key: s_2.a, s_2.b
               Sort Method: quicksort  Memory: 132kB
               Sort Groups: 152
               ->  Index Scan using s_2_a_b_idx on s_2  (cost=0.43..406983.90 rows=9999939 width=20) (actual time=0.009..11.776 rows=100669 loops=1)
 Planning time: 0.304 ms
 Execution time: 52.027 ms
(10 rows)

===== 187 [Wed Mar  7 13:17:35 CET 2018] scale:10000000 groups:100 work_mem:16MB incremental:on max_workers:2 =====
SELECT * FROM s_3 ORDER BY a, b, c, d LIMIT 100000
                                                                       QUERY PLAN                                                                       
--------------------------------------------------------------------------------------------------------------------------------------------------------
 Limit  (cost=3012.79..3012.79 rows=1 width=20) (actual time=47.259..47.259 rows=0 loops=1)
   ->  Limit  (cost=1.05..2012.79 rows=100000 width=20) (actual time=0.075..44.482 rows=100000 loops=1)
         ->  Incremental Sort  (cost=1.05..201175.63 rows=10000054 width=20) (actual time=0.075..38.994 rows=100000 loops=1)
               Sort Key: s_3.a, s_3.b, s_3.c, s_3.d
               Presorted Key: s_3.a, s_3.b, s_3.c
               Sort Method: quicksort  Memory: 29kB
               Sort Groups: 2807
               ->  Index Scan using s_3_a_b_c_idx on s_3  (cost=0.43..451321.62 rows=10000054 width=20) (actual time=0.020..12.024 rows=100010 loops=1)
 Planning time: 0.301 ms
 Execution time: 47.285 ms
(10 rows)

===== 188 [Wed Mar  7 13:17:35 CET 2018] scale:10000000 groups:100 work_mem:16MB incremental:on max_workers:2 =====
SELECT * FROM s_4 ORDER BY a, b, c, d, e LIMIT 100000
                                                                        QUERY PLAN                                                                        
----------------------------------------------------------------------------------------------------------------------------------------------------------
 Limit  (cost=3012.79..3012.79 rows=1 width=20) (actual time=37.930..37.930 rows=0 loops=1)
   ->  Limit  (cost=1.05..2012.79 rows=100000 width=20) (actual time=0.068..35.156 rows=100000 loops=1)
         ->  Incremental Sort  (cost=1.05..201175.63 rows=10000054 width=20) (actual time=0.067..29.691 rows=100000 loops=1)
               Sort Key: s_4.a, s_4.b, s_4.c, s_4.d, s_4.e
               Presorted Key: s_4.a, s_4.b, s_4.c, s_4.d
               Sort Method: quicksort  Memory: 27kB
               Sort Groups: 3122
               ->  Index Scan using s_4_a_b_c_d_idx on s_4  (cost=0.43..451321.62 rows=10000054 width=20) (actual time=0.014..11.930 rows=100015 loops=1)
 Planning time: 0.286 ms
 Execution time: 37.954 ms
(10 rows)

===== 189 [Wed Mar  7 13:17:35 CET 2018] scale:10000000 groups:100 work_mem:16MB incremental:off max_workers:2 =====
SELECT * FROM s_1 ORDER BY a, b LIMIT 100000
                                                                    QUERY PLAN                                                                    
--------------------------------------------------------------------------------------------------------------------------------------------------
 Limit  (cost=485898.87..485898.87 rows=1 width=20) (actual time=1517.796..1517.796 rows=0 loops=1)
   ->  Limit  (cost=473231.39..484898.87 rows=100000 width=20) (actual time=1491.048..1514.991 rows=100000 loops=1)
         ->  Gather Merge  (cost=473231.39..1445526.71 rows=8333378 width=20) (actual time=1491.047..1509.364 rows=100000 loops=1)
               Workers Planned: 2
               Workers Launched: 2
               ->  Sort  (cost=472231.37..482648.09 rows=4166689 width=20) (actual time=1488.919..1492.059 rows=33996 loops=3)
                     Sort Key: s_1.a, s_1.b
                     Sort Method: external merge  Disk: 97888kB
                     Worker 0:  Sort Method: external merge  Disk: 98056kB
                     Worker 1:  Sort Method: external merge  Disk: 97968kB
                     ->  Parallel Seq Scan on s_1  (cost=0.00..105361.89 rows=4166689 width=20) (actual time=0.007..231.776 rows=3333333 loops=3)
 Planning time: 0.283 ms
 Execution time: 1541.956 ms
(13 rows)

===== 190 [Wed Mar  7 13:17:44 CET 2018] scale:10000000 groups:100 work_mem:16MB incremental:off max_workers:2 =====
SELECT * FROM s_2 ORDER BY a, b, c LIMIT 100000
                                                                    QUERY PLAN                                                                    
--------------------------------------------------------------------------------------------------------------------------------------------------
 Limit  (cost=485894.17..485894.17 rows=1 width=20) (actual time=1770.874..1770.874 rows=0 loops=1)
   ->  Limit  (cost=473226.69..484894.17 rows=100000 width=20) (actual time=1740.625..1768.059 rows=100000 loops=1)
         ->  Gather Merge  (cost=473226.69..1445510.80 rows=8333282 width=20) (actual time=1740.625..1762.381 rows=100000 loops=1)
               Workers Planned: 2
               Workers Launched: 2
               ->  Sort  (cost=472226.66..482643.26 rows=4166641 width=20) (actual time=1734.601..1737.755 rows=34013 loops=3)
                     Sort Key: s_2.a, s_2.b, s_2.c
                     Sort Method: external merge  Disk: 100336kB
                     Worker 0:  Sort Method: external merge  Disk: 96808kB
                     Worker 1:  Sort Method: external merge  Disk: 96776kB
                     ->  Parallel Seq Scan on s_2  (cost=0.00..105361.41 rows=4166641 width=20) (actual time=0.011..227.970 rows=3333333 loops=3)
 Planning time: 0.294 ms
 Execution time: 1795.016 ms
(13 rows)

===== 191 [Wed Mar  7 13:17:54 CET 2018] scale:10000000 groups:100 work_mem:16MB incremental:off max_workers:2 =====
SELECT * FROM s_3 ORDER BY a, b, c, d LIMIT 100000
                                                                    QUERY PLAN                                                                    
--------------------------------------------------------------------------------------------------------------------------------------------------
 Limit  (cost=485898.87..485898.87 rows=1 width=20) (actual time=1920.467..1920.467 rows=0 loops=1)
   ->  Limit  (cost=473231.39..484898.87 rows=100000 width=20) (actual time=1891.791..1917.652 rows=100000 loops=1)
         ->  Gather Merge  (cost=473231.39..1445526.71 rows=8333378 width=20) (actual time=1891.791..1911.970 rows=100000 loops=1)
               Workers Planned: 2
               Workers Launched: 2
               ->  Sort  (cost=472231.37..482648.09 rows=4166689 width=20) (actual time=1879.025..1882.180 rows=34015 loops=3)
                     Sort Key: s_3.a, s_3.b, s_3.c, s_3.d
                     Sort Method: external merge  Disk: 96744kB
                     Worker 0:  Sort Method: external merge  Disk: 98424kB
                     Worker 1:  Sort Method: external merge  Disk: 98736kB
                     ->  Parallel Seq Scan on s_3  (cost=0.00..105361.89 rows=4166689 width=20) (actual time=0.010..233.556 rows=3333333 loops=3)
 Planning time: 0.295 ms
 Execution time: 1944.746 ms
(13 rows)

===== 192 [Wed Mar  7 13:18:05 CET 2018] scale:10000000 groups:100 work_mem:16MB incremental:off max_workers:2 =====
SELECT * FROM s_4 ORDER BY a, b, c, d, e LIMIT 100000
                                                                    QUERY PLAN                                                                    
--------------------------------------------------------------------------------------------------------------------------------------------------
 Limit  (cost=485898.87..485898.87 rows=1 width=20) (actual time=1686.057..1686.057 rows=0 loops=1)
   ->  Limit  (cost=473231.39..484898.87 rows=100000 width=20) (actual time=1657.391..1683.242 rows=100000 loops=1)
         ->  Gather Merge  (cost=473231.39..1445526.71 rows=8333378 width=20) (actual time=1657.390..1677.559 rows=100000 loops=1)
               Workers Planned: 2
               Workers Launched: 2
               ->  Sort  (cost=472231.37..482648.09 rows=4166689 width=20) (actual time=1652.508..1655.654 rows=34051 loops=3)
                     Sort Key: s_4.a, s_4.b, s_4.c, s_4.d, s_4.e
                     Sort Method: external merge  Disk: 97592kB
                     Worker 0:  Sort Method: external merge  Disk: 98096kB
                     Worker 1:  Sort Method: external merge  Disk: 98224kB
                     ->  Parallel Seq Scan on s_4  (cost=0.00..105361.89 rows=4166689 width=20) (actual time=0.011..233.641 rows=3333333 loops=3)
 Planning time: 0.293 ms
 Execution time: 1710.430 ms
(13 rows)

===== 193 [Wed Mar  7 13:18:14 CET 2018] scale:10000000 groups:100 work_mem:32MB incremental:on max_workers:2 =====
SELECT * FROM s_1 ORDER BY a, b LIMIT 100000
                                                                     QUERY PLAN                                                                     
----------------------------------------------------------------------------------------------------------------------------------------------------
 Limit  (cost=14168.98..14168.98 rows=1 width=20) (actual time=74.902..74.902 rows=0 loops=1)
   ->  Limit  (cost=11417.82..13168.98 rows=100000 width=20) (actual time=19.511..72.148 rows=100000 loops=1)
         ->  Incremental Sort  (cost=11417.82..186534.90 rows=10000054 width=20) (actual time=19.510..66.680 rows=100000 loops=1)
               Sort Key: s_1.a, s_1.b
               Presorted Key: s_1.a
               Sort Method: quicksort  Memory: 10896kB
               Sort Groups: 2
               ->  Index Scan using s_1_a_idx on s_1  (cost=0.43..323387.25 rows=10000054 width=20) (actual time=0.016..18.884 rows=150258 loops=1)
 Planning time: 0.269 ms
 Execution time: 75.204 ms
(10 rows)

===== 194 [Wed Mar  7 13:18:15 CET 2018] scale:10000000 groups:100 work_mem:32MB incremental:on max_workers:2 =====
SELECT * FROM s_2 ORDER BY a, b, c LIMIT 100000
                                                                     QUERY PLAN                                                                      
-----------------------------------------------------------------------------------------------------------------------------------------------------
 Limit  (cost=2930.58..2930.58 rows=1 width=20) (actual time=52.031..52.031 rows=0 loops=1)
   ->  Limit  (cost=89.04..1930.58 rows=100000 width=20) (actual time=0.151..49.261 rows=100000 loops=1)
         ->  Incremental Sort  (cost=89.04..184241.78 rows=9999939 width=20) (actual time=0.151..43.771 rows=100000 loops=1)
               Sort Key: s_2.a, s_2.b, s_2.c
               Presorted Key: s_2.a, s_2.b
               Sort Method: quicksort  Memory: 132kB
               Sort Groups: 152
               ->  Index Scan using s_2_a_b_idx on s_2  (cost=0.43..406983.90 rows=9999939 width=20) (actual time=0.009..11.790 rows=100669 loops=1)
 Planning time: 0.296 ms
 Execution time: 52.064 ms
(10 rows)

===== 195 [Wed Mar  7 13:18:15 CET 2018] scale:10000000 groups:100 work_mem:32MB incremental:on max_workers:2 =====
SELECT * FROM s_3 ORDER BY a, b, c, d LIMIT 100000
                                                                       QUERY PLAN                                                                       
--------------------------------------------------------------------------------------------------------------------------------------------------------
 Limit  (cost=3012.79..3012.79 rows=1 width=20) (actual time=47.488..47.488 rows=0 loops=1)
   ->  Limit  (cost=1.05..2012.79 rows=100000 width=20) (actual time=0.076..44.722 rows=100000 loops=1)
         ->  Incremental Sort  (cost=1.05..201175.63 rows=10000054 width=20) (actual time=0.076..39.207 rows=100000 loops=1)
               Sort Key: s_3.a, s_3.b, s_3.c, s_3.d
               Presorted Key: s_3.a, s_3.b, s_3.c
               Sort Method: quicksort  Memory: 29kB
               Sort Groups: 2807
               ->  Index Scan using s_3_a_b_c_idx on s_3  (cost=0.43..451321.62 rows=10000054 width=20) (actual time=0.021..12.113 rows=100010 loops=1)
 Planning time: 0.312 ms
 Execution time: 47.513 ms
(10 rows)

===== 196 [Wed Mar  7 13:18:16 CET 2018] scale:10000000 groups:100 work_mem:32MB incremental:on max_workers:2 =====
SELECT * FROM s_4 ORDER BY a, b, c, d, e LIMIT 100000
                                                                        QUERY PLAN                                                                        
----------------------------------------------------------------------------------------------------------------------------------------------------------
 Limit  (cost=3012.79..3012.79 rows=1 width=20) (actual time=37.967..37.967 rows=0 loops=1)
   ->  Limit  (cost=1.05..2012.79 rows=100000 width=20) (actual time=0.067..35.193 rows=100000 loops=1)
         ->  Incremental Sort  (cost=1.05..201175.63 rows=10000054 width=20) (actual time=0.067..29.717 rows=100000 loops=1)
               Sort Key: s_4.a, s_4.b, s_4.c, s_4.d, s_4.e
               Presorted Key: s_4.a, s_4.b, s_4.c, s_4.d
               Sort Method: quicksort  Memory: 27kB
               Sort Groups: 3122
               ->  Index Scan using s_4_a_b_c_d_idx on s_4  (cost=0.43..451321.62 rows=10000054 width=20) (actual time=0.014..11.950 rows=100015 loops=1)
 Planning time: 0.293 ms
 Execution time: 37.994 ms
(10 rows)

===== 197 [Wed Mar  7 13:18:16 CET 2018] scale:10000000 groups:100 work_mem:32MB incremental:off max_workers:2 =====
SELECT * FROM s_1 ORDER BY a, b LIMIT 100000
                                                                    QUERY PLAN                                                                    
--------------------------------------------------------------------------------------------------------------------------------------------------
 Limit  (cost=485898.87..485898.87 rows=1 width=20) (actual time=568.300..568.300 rows=0 loops=1)
   ->  Limit  (cost=473231.39..484898.87 rows=100000 width=20) (actual time=541.786..565.496 rows=100000 loops=1)
         ->  Gather Merge  (cost=473231.39..1445526.71 rows=8333378 width=20) (actual time=541.786..559.861 rows=100000 loops=1)
               Workers Planned: 2
               Workers Launched: 2
               ->  Sort  (cost=472231.37..482648.09 rows=4166689 width=20) (actual time=539.978..542.623 rows=33930 loops=3)
                     Sort Key: s_1.a, s_1.b
                     Sort Method: top-N heapsort  Memory: 14855kB
                     Worker 0:  Sort Method: top-N heapsort  Memory: 14733kB
                     Worker 1:  Sort Method: top-N heapsort  Memory: 14708kB
                     ->  Parallel Seq Scan on s_1  (cost=0.00..105361.89 rows=4166689 width=20) (actual time=0.007..220.165 rows=3333333 loops=3)
 Planning time: 0.276 ms
 Execution time: 572.072 ms
(13 rows)

===== 198 [Wed Mar  7 13:18:19 CET 2018] scale:10000000 groups:100 work_mem:32MB incremental:off max_workers:2 =====
SELECT * FROM s_2 ORDER BY a, b, c LIMIT 100000
                                                                    QUERY PLAN                                                                    
--------------------------------------------------------------------------------------------------------------------------------------------------
 Limit  (cost=485894.17..485894.17 rows=1 width=20) (actual time=544.677..544.677 rows=0 loops=1)
   ->  Limit  (cost=473226.69..484894.17 rows=100000 width=20) (actual time=516.171..541.858 rows=100000 loops=1)
         ->  Gather Merge  (cost=473226.69..1445510.80 rows=8333282 width=20) (actual time=516.168..536.180 rows=100000 loops=1)
               Workers Planned: 2
               Workers Launched: 2
               ->  Sort  (cost=472226.66..482643.26 rows=4166641 width=20) (actual time=513.953..515.801 rows=33972 loops=3)
                     Sort Key: s_2.a, s_2.b, s_2.c
                     Sort Method: top-N heapsort  Memory: 13967kB
                     Worker 0:  Sort Method: top-N heapsort  Memory: 13966kB
                     Worker 1:  Sort Method: top-N heapsort  Memory: 13958kB
                     ->  Parallel Seq Scan on s_2  (cost=0.00..105361.41 rows=4166641 width=20) (actual time=0.009..219.576 rows=3333333 loops=3)
 Planning time: 0.281 ms
 Execution time: 548.591 ms
(13 rows)

===== 199 [Wed Mar  7 13:18:21 CET 2018] scale:10000000 groups:100 work_mem:32MB incremental:off max_workers:2 =====
SELECT * FROM s_3 ORDER BY a, b, c, d LIMIT 100000
                                                                    QUERY PLAN                                                                    
--------------------------------------------------------------------------------------------------------------------------------------------------
 Limit  (cost=485898.87..485898.87 rows=1 width=20) (actual time=568.125..568.125 rows=0 loops=1)
   ->  Limit  (cost=473231.39..484898.87 rows=100000 width=20) (actual time=541.291..565.308 rows=100000 loops=1)
         ->  Gather Merge  (cost=473231.39..1445526.71 rows=8333378 width=20) (actual time=541.290..559.626 rows=100000 loops=1)
               Workers Planned: 2
               Workers Launched: 2
               ->  Sort  (cost=472231.37..482648.09 rows=4166689 width=20) (actual time=539.731..541.324 rows=33987 loops=3)
                     Sort Key: s_3.a, s_3.b, s_3.c, s_3.d
                     Sort Method: top-N heapsort  Memory: 13957kB
                     Worker 0:  Sort Method: top-N heapsort  Memory: 13957kB
                     Worker 1:  Sort Method: top-N heapsort  Memory: 13957kB
                     ->  Parallel Seq Scan on s_3  (cost=0.00..105361.89 rows=4166689 width=20) (actual time=0.010..222.322 rows=3333333 loops=3)
 Planning time: 0.303 ms
 Execution time: 571.884 ms
(13 rows)

===== 200 [Wed Mar  7 13:18:24 CET 2018] scale:10000000 groups:100 work_mem:32MB incremental:off max_workers:2 =====
SELECT * FROM s_4 ORDER BY a, b, c, d, e LIMIT 100000
                                                                    QUERY PLAN                                                                    
--------------------------------------------------------------------------------------------------------------------------------------------------
 Limit  (cost=485898.87..485898.87 rows=1 width=20) (actual time=572.296..572.296 rows=0 loops=1)
   ->  Limit  (cost=473231.39..484898.87 rows=100000 width=20) (actual time=545.658..569.475 rows=100000 loops=1)
         ->  Gather Merge  (cost=473231.39..1445526.71 rows=8333378 width=20) (actual time=545.658..563.800 rows=100000 loops=1)
               Workers Planned: 2
               Workers Launched: 2
               ->  Sort  (cost=472231.37..482648.09 rows=4166689 width=20) (actual time=544.040..545.507 rows=34052 loops=3)
                     Sort Key: s_4.a, s_4.b, s_4.c, s_4.d, s_4.e
                     Sort Method: top-N heapsort  Memory: 13957kB
                     Worker 0:  Sort Method: top-N heapsort  Memory: 13957kB
                     Worker 1:  Sort Method: top-N heapsort  Memory: 13957kB
                     ->  Parallel Seq Scan on s_4  (cost=0.00..105361.89 rows=4166689 width=20) (actual time=0.010..223.003 rows=3333333 loops=3)
 Planning time: 0.292 ms
 Execution time: 576.164 ms
(13 rows)

===== 201 [Wed Mar  7 13:18:27 CET 2018] scale:10000000 groups:100 work_mem:64MB incremental:on max_workers:2 =====
SELECT * FROM s_1 ORDER BY a, b LIMIT 100000
                                                                     QUERY PLAN                                                                     
----------------------------------------------------------------------------------------------------------------------------------------------------
 Limit  (cost=14168.98..14168.98 rows=1 width=20) (actual time=74.981..74.981 rows=0 loops=1)
   ->  Limit  (cost=11417.82..13168.98 rows=100000 width=20) (actual time=19.486..72.234 rows=100000 loops=1)
         ->  Incremental Sort  (cost=11417.82..186534.90 rows=10000054 width=20) (actual time=19.485..66.756 rows=100000 loops=1)
               Sort Key: s_1.a, s_1.b
               Presorted Key: s_1.a
               Sort Method: quicksort  Memory: 10896kB
               Sort Groups: 2
               ->  Index Scan using s_1_a_idx on s_1  (cost=0.43..323387.25 rows=10000054 width=20) (actual time=0.015..18.909 rows=150258 loops=1)
 Planning time: 0.282 ms
 Execution time: 75.281 ms
(10 rows)

===== 202 [Wed Mar  7 13:18:27 CET 2018] scale:10000000 groups:100 work_mem:64MB incremental:on max_workers:2 =====
SELECT * FROM s_2 ORDER BY a, b, c LIMIT 100000
                                                                     QUERY PLAN                                                                      
-----------------------------------------------------------------------------------------------------------------------------------------------------
 Limit  (cost=2930.58..2930.58 rows=1 width=20) (actual time=51.996..51.996 rows=0 loops=1)
   ->  Limit  (cost=89.04..1930.58 rows=100000 width=20) (actual time=0.149..49.226 rows=100000 loops=1)
         ->  Incremental Sort  (cost=89.04..184241.78 rows=9999939 width=20) (actual time=0.148..43.737 rows=100000 loops=1)
               Sort Key: s_2.a, s_2.b, s_2.c
               Presorted Key: s_2.a, s_2.b
               Sort Method: quicksort  Memory: 132kB
               Sort Groups: 152
               ->  Index Scan using s_2_a_b_idx on s_2  (cost=0.43..406983.90 rows=9999939 width=20) (actual time=0.009..11.769 rows=100669 loops=1)
 Planning time: 0.299 ms
 Execution time: 52.027 ms
(10 rows)

===== 203 [Wed Mar  7 13:18:27 CET 2018] scale:10000000 groups:100 work_mem:64MB incremental:on max_workers:2 =====
SELECT * FROM s_3 ORDER BY a, b, c, d LIMIT 100000
                                                                       QUERY PLAN                                                                       
--------------------------------------------------------------------------------------------------------------------------------------------------------
 Limit  (cost=3012.79..3012.79 rows=1 width=20) (actual time=47.275..47.275 rows=0 loops=1)
   ->  Limit  (cost=1.05..2012.79 rows=100000 width=20) (actual time=0.076..44.511 rows=100000 loops=1)
         ->  Incremental Sort  (cost=1.05..201175.63 rows=10000054 width=20) (actual time=0.076..39.004 rows=100000 loops=1)
               Sort Key: s_3.a, s_3.b, s_3.c, s_3.d
               Presorted Key: s_3.a, s_3.b, s_3.c
               Sort Method: quicksort  Memory: 29kB
               Sort Groups: 2807
               ->  Index Scan using s_3_a_b_c_idx on s_3  (cost=0.43..451321.62 rows=10000054 width=20) (actual time=0.020..12.034 rows=100010 loops=1)
 Planning time: 0.300 ms
 Execution time: 47.299 ms
(10 rows)

===== 204 [Wed Mar  7 13:18:28 CET 2018] scale:10000000 groups:100 work_mem:64MB incremental:on max_workers:2 =====
SELECT * FROM s_4 ORDER BY a, b, c, d, e LIMIT 100000
                                                                        QUERY PLAN                                                                        
----------------------------------------------------------------------------------------------------------------------------------------------------------
 Limit  (cost=3012.79..3012.79 rows=1 width=20) (actual time=37.955..37.955 rows=0 loops=1)
   ->  Limit  (cost=1.05..2012.79 rows=100000 width=20) (actual time=0.074..35.183 rows=100000 loops=1)
         ->  Incremental Sort  (cost=1.05..201175.63 rows=10000054 width=20) (actual time=0.073..29.720 rows=100000 loops=1)
               Sort Key: s_4.a, s_4.b, s_4.c, s_4.d, s_4.e
               Presorted Key: s_4.a, s_4.b, s_4.c, s_4.d
               Sort Method: quicksort  Memory: 27kB
               Sort Groups: 3122
               ->  Index Scan using s_4_a_b_c_d_idx on s_4  (cost=0.43..451321.62 rows=10000054 width=20) (actual time=0.014..11.946 rows=100015 loops=1)
 Planning time: 0.288 ms
 Execution time: 37.979 ms
(10 rows)

===== 205 [Wed Mar  7 13:18:28 CET 2018] scale:10000000 groups:100 work_mem:64MB incremental:off max_workers:2 =====
SELECT * FROM s_1 ORDER BY a, b LIMIT 100000
                                                                    QUERY PLAN                                                                    
--------------------------------------------------------------------------------------------------------------------------------------------------
 Limit  (cost=485898.87..485898.87 rows=1 width=20) (actual time=568.337..568.337 rows=0 loops=1)
   ->  Limit  (cost=473231.39..484898.87 rows=100000 width=20) (actual time=541.818..565.535 rows=100000 loops=1)
         ->  Gather Merge  (cost=473231.39..1445526.71 rows=8333378 width=20) (actual time=541.817..559.900 rows=100000 loops=1)
               Workers Planned: 2
               Workers Launched: 2
               ->  Sort  (cost=472231.37..482648.09 rows=4166689 width=20) (actual time=540.063..542.714 rows=33946 loops=3)
                     Sort Key: s_1.a, s_1.b
                     Sort Method: top-N heapsort  Memory: 14848kB
                     Worker 0:  Sort Method: top-N heapsort  Memory: 14728kB
                     Worker 1:  Sort Method: top-N heapsort  Memory: 14690kB
                     ->  Parallel Seq Scan on s_1  (cost=0.00..105361.89 rows=4166689 width=20) (actual time=0.008..220.189 rows=3333333 loops=3)
 Planning time: 0.280 ms
 Execution time: 572.401 ms
(13 rows)

===== 206 [Wed Mar  7 13:18:31 CET 2018] scale:10000000 groups:100 work_mem:64MB incremental:off max_workers:2 =====
SELECT * FROM s_2 ORDER BY a, b, c LIMIT 100000
                                                                    QUERY PLAN                                                                    
--------------------------------------------------------------------------------------------------------------------------------------------------
 Limit  (cost=485894.17..485894.17 rows=1 width=20) (actual time=544.853..544.853 rows=0 loops=1)
   ->  Limit  (cost=473226.69..484894.17 rows=100000 width=20) (actual time=516.226..542.041 rows=100000 loops=1)
         ->  Gather Merge  (cost=473226.69..1445510.80 rows=8333282 width=20) (actual time=516.225..536.360 rows=100000 loops=1)
               Workers Planned: 2
               Workers Launched: 2
               ->  Sort  (cost=472226.66..482643.26 rows=4166641 width=20) (actual time=514.340..516.171 rows=34012 loops=3)
                     Sort Key: s_2.a, s_2.b, s_2.c
                     Sort Method: top-N heapsort  Memory: 13966kB
                     Worker 0:  Sort Method: top-N heapsort  Memory: 13966kB
                     Worker 1:  Sort Method: top-N heapsort  Memory: 13958kB
                     ->  Parallel Seq Scan on s_2  (cost=0.00..105361.41 rows=4166641 width=20) (actual time=0.010..219.917 rows=3333333 loops=3)
 Planning time: 0.290 ms
 Execution time: 548.761 ms
(13 rows)

===== 207 [Wed Mar  7 13:18:33 CET 2018] scale:10000000 groups:100 work_mem:64MB incremental:off max_workers:2 =====
SELECT * FROM s_3 ORDER BY a, b, c, d LIMIT 100000
                                                                    QUERY PLAN                                                                    
--------------------------------------------------------------------------------------------------------------------------------------------------
 Limit  (cost=485898.87..485898.87 rows=1 width=20) (actual time=567.767..567.767 rows=0 loops=1)
   ->  Limit  (cost=473231.39..484898.87 rows=100000 width=20) (actual time=540.927..564.957 rows=100000 loops=1)
         ->  Gather Merge  (cost=473231.39..1445526.71 rows=8333378 width=20) (actual time=540.927..559.277 rows=100000 loops=1)
               Workers Planned: 2
               Workers Launched: 2
               ->  Sort  (cost=472231.37..482648.09 rows=4166689 width=20) (actual time=539.325..540.916 rows=33947 loops=3)
                     Sort Key: s_3.a, s_3.b, s_3.c, s_3.d
                     Sort Method: top-N heapsort  Memory: 13957kB
                     Worker 0:  Sort Method: top-N heapsort  Memory: 13957kB
                     Worker 1:  Sort Method: top-N heapsort  Memory: 13957kB
                     ->  Parallel Seq Scan on s_3  (cost=0.00..105361.89 rows=4166689 width=20) (actual time=0.010..221.661 rows=3333333 loops=3)
 Planning time: 0.296 ms
 Execution time: 571.634 ms
(13 rows)

===== 208 [Wed Mar  7 13:18:36 CET 2018] scale:10000000 groups:100 work_mem:64MB incremental:off max_workers:2 =====
SELECT * FROM s_4 ORDER BY a, b, c, d, e LIMIT 100000
                                                                    QUERY PLAN                                                                    
--------------------------------------------------------------------------------------------------------------------------------------------------
 Limit  (cost=485898.87..485898.87 rows=1 width=20) (actual time=572.422..572.422 rows=0 loops=1)
   ->  Limit  (cost=473231.39..484898.87 rows=100000 width=20) (actual time=545.715..569.608 rows=100000 loops=1)
         ->  Gather Merge  (cost=473231.39..1445526.71 rows=8333378 width=20) (actual time=545.715..563.936 rows=100000 loops=1)
               Workers Planned: 2
               Workers Launched: 2
               ->  Sort  (cost=472231.37..482648.09 rows=4166689 width=20) (actual time=544.051..545.517 rows=33973 loops=3)
                     Sort Key: s_4.a, s_4.b, s_4.c, s_4.d, s_4.e
                     Sort Method: top-N heapsort  Memory: 13957kB
                     Worker 0:  Sort Method: top-N heapsort  Memory: 13957kB
                     Worker 1:  Sort Method: top-N heapsort  Memory: 13957kB
                     ->  Parallel Seq Scan on s_4  (cost=0.00..105361.89 rows=4166689 width=20) (actual time=0.010..222.986 rows=3333333 loops=3)
 Planning time: 0.281 ms
 Execution time: 576.390 ms
(13 rows)

===== 209 [Wed Mar  7 13:18:39 CET 2018] scale:10000000 groups:100 work_mem:128MB incremental:on max_workers:2 =====
SELECT * FROM s_1 ORDER BY a, b LIMIT 100000
                                                                     QUERY PLAN                                                                     
----------------------------------------------------------------------------------------------------------------------------------------------------
 Limit  (cost=14168.98..14168.98 rows=1 width=20) (actual time=74.768..74.768 rows=0 loops=1)
   ->  Limit  (cost=11417.82..13168.98 rows=100000 width=20) (actual time=19.466..72.020 rows=100000 loops=1)
         ->  Incremental Sort  (cost=11417.82..186534.90 rows=10000054 width=20) (actual time=19.465..66.555 rows=100000 loops=1)
               Sort Key: s_1.a, s_1.b
               Presorted Key: s_1.a
               Sort Method: quicksort  Memory: 10896kB
               Sort Groups: 2
               ->  Index Scan using s_1_a_idx on s_1  (cost=0.43..323387.25 rows=10000054 width=20) (actual time=0.016..18.904 rows=150258 loops=1)
 Planning time: 0.269 ms
 Execution time: 75.067 ms
(10 rows)

===== 210 [Wed Mar  7 13:18:39 CET 2018] scale:10000000 groups:100 work_mem:128MB incremental:on max_workers:2 =====
SELECT * FROM s_2 ORDER BY a, b, c LIMIT 100000
                                                                     QUERY PLAN                                                                      
-----------------------------------------------------------------------------------------------------------------------------------------------------
 Limit  (cost=2930.58..2930.58 rows=1 width=20) (actual time=52.027..52.027 rows=0 loops=1)
   ->  Limit  (cost=89.04..1930.58 rows=100000 width=20) (actual time=0.150..49.260 rows=100000 loops=1)
         ->  Incremental Sort  (cost=89.04..184241.78 rows=9999939 width=20) (actual time=0.150..43.781 rows=100000 loops=1)
               Sort Key: s_2.a, s_2.b, s_2.c
               Presorted Key: s_2.a, s_2.b
               Sort Method: quicksort  Memory: 132kB
               Sort Groups: 152
               ->  Index Scan using s_2_a_b_idx on s_2  (cost=0.43..406983.90 rows=9999939 width=20) (actual time=0.009..11.790 rows=100669 loops=1)
 Planning time: 0.293 ms
 Execution time: 52.058 ms
(10 rows)

===== 211 [Wed Mar  7 13:18:40 CET 2018] scale:10000000 groups:100 work_mem:128MB incremental:on max_workers:2 =====
SELECT * FROM s_3 ORDER BY a, b, c, d LIMIT 100000
                                                                       QUERY PLAN                                                                       
--------------------------------------------------------------------------------------------------------------------------------------------------------
 Limit  (cost=3012.79..3012.79 rows=1 width=20) (actual time=47.261..47.261 rows=0 loops=1)
   ->  Limit  (cost=1.05..2012.79 rows=100000 width=20) (actual time=0.074..44.487 rows=100000 loops=1)
         ->  Incremental Sort  (cost=1.05..201175.63 rows=10000054 width=20) (actual time=0.074..38.983 rows=100000 loops=1)
               Sort Key: s_3.a, s_3.b, s_3.c, s_3.d
               Presorted Key: s_3.a, s_3.b, s_3.c
               Sort Method: quicksort  Memory: 29kB
               Sort Groups: 2807
               ->  Index Scan using s_3_a_b_c_idx on s_3  (cost=0.43..451321.62 rows=10000054 width=20) (actual time=0.020..12.017 rows=100010 loops=1)
 Planning time: 0.294 ms
 Execution time: 47.289 ms
(10 rows)

===== 212 [Wed Mar  7 13:18:40 CET 2018] scale:10000000 groups:100 work_mem:128MB incremental:on max_workers:2 =====
SELECT * FROM s_4 ORDER BY a, b, c, d, e LIMIT 100000
                                                                        QUERY PLAN                                                                        
----------------------------------------------------------------------------------------------------------------------------------------------------------
 Limit  (cost=3012.79..3012.79 rows=1 width=20) (actual time=37.929..37.929 rows=0 loops=1)
   ->  Limit  (cost=1.05..2012.79 rows=100000 width=20) (actual time=0.068..35.156 rows=100000 loops=1)
         ->  Incremental Sort  (cost=1.05..201175.63 rows=10000054 width=20) (actual time=0.068..29.685 rows=100000 loops=1)
               Sort Key: s_4.a, s_4.b, s_4.c, s_4.d, s_4.e
               Presorted Key: s_4.a, s_4.b, s_4.c, s_4.d
               Sort Method: quicksort  Memory: 27kB
               Sort Groups: 3122
               ->  Index Scan using s_4_a_b_c_d_idx on s_4  (cost=0.43..451321.62 rows=10000054 width=20) (actual time=0.015..11.924 rows=100015 loops=1)
 Planning time: 0.291 ms
 Execution time: 37.954 ms
(10 rows)

===== 213 [Wed Mar  7 13:18:40 CET 2018] scale:10000000 groups:100 work_mem:128MB incremental:off max_workers:2 =====
SELECT * FROM s_1 ORDER BY a, b LIMIT 100000
                                                                    QUERY PLAN                                                                    
--------------------------------------------------------------------------------------------------------------------------------------------------
 Limit  (cost=485898.87..485898.87 rows=1 width=20) (actual time=566.906..566.906 rows=0 loops=1)
   ->  Limit  (cost=473231.39..484898.87 rows=100000 width=20) (actual time=540.424..564.108 rows=100000 loops=1)
         ->  Gather Merge  (cost=473231.39..1445526.71 rows=8333378 width=20) (actual time=540.424..558.479 rows=100000 loops=1)
               Workers Planned: 2
               Workers Launched: 2
               ->  Sort  (cost=472231.37..482648.09 rows=4166689 width=20) (actual time=538.872..541.518 rows=33906 loops=3)
                     Sort Key: s_1.a, s_1.b
                     Sort Method: top-N heapsort  Memory: 14862kB
                     Worker 0:  Sort Method: top-N heapsort  Memory: 14747kB
                     Worker 1:  Sort Method: top-N heapsort  Memory: 14681kB
                     ->  Parallel Seq Scan on s_1  (cost=0.00..105361.89 rows=4166689 width=20) (actual time=0.007..219.161 rows=3333333 loops=3)
 Planning time: 0.276 ms
 Execution time: 570.935 ms
(13 rows)

===== 214 [Wed Mar  7 13:18:43 CET 2018] scale:10000000 groups:100 work_mem:128MB incremental:off max_workers:2 =====
SELECT * FROM s_2 ORDER BY a, b, c LIMIT 100000
                                                                    QUERY PLAN                                                                    
--------------------------------------------------------------------------------------------------------------------------------------------------
 Limit  (cost=485894.17..485894.17 rows=1 width=20) (actual time=544.389..544.389 rows=0 loops=1)
   ->  Limit  (cost=473226.69..484894.17 rows=100000 width=20) (actual time=515.793..541.572 rows=100000 loops=1)
         ->  Gather Merge  (cost=473226.69..1445510.80 rows=8333282 width=20) (actual time=515.793..535.897 rows=100000 loops=1)
               Workers Planned: 2
               Workers Launched: 2
               ->  Sort  (cost=472226.66..482643.26 rows=4166641 width=20) (actual time=513.910..515.743 rows=33956 loops=3)
                     Sort Key: s_2.a, s_2.b, s_2.c
                     Sort Method: top-N heapsort  Memory: 13966kB
                     Worker 0:  Sort Method: top-N heapsort  Memory: 13958kB
                     Worker 1:  Sort Method: top-N heapsort  Memory: 13968kB
                     ->  Parallel Seq Scan on s_2  (cost=0.00..105361.41 rows=4166641 width=20) (actual time=0.009..219.211 rows=3333333 loops=3)
 Planning time: 0.288 ms
 Execution time: 548.434 ms
(13 rows)

===== 215 [Wed Mar  7 13:18:45 CET 2018] scale:10000000 groups:100 work_mem:128MB incremental:off max_workers:2 =====
SELECT * FROM s_3 ORDER BY a, b, c, d LIMIT 100000
                                                                    QUERY PLAN                                                                    
--------------------------------------------------------------------------------------------------------------------------------------------------
 Limit  (cost=485898.87..485898.87 rows=1 width=20) (actual time=567.495..567.495 rows=0 loops=1)
   ->  Limit  (cost=473231.39..484898.87 rows=100000 width=20) (actual time=540.690..564.682 rows=100000 loops=1)
         ->  Gather Merge  (cost=473231.39..1445526.71 rows=8333378 width=20) (actual time=540.689..558.998 rows=100000 loops=1)
               Workers Planned: 2
               Workers Launched: 2
               ->  Sort  (cost=472231.37..482648.09 rows=4166689 width=20) (actual time=539.127..540.716 rows=33959 loops=3)
                     Sort Key: s_3.a, s_3.b, s_3.c, s_3.d
                     Sort Method: top-N heapsort  Memory: 13957kB
                     Worker 0:  Sort Method: top-N heapsort  Memory: 13957kB
                     Worker 1:  Sort Method: top-N heapsort  Memory: 13957kB
                     ->  Parallel Seq Scan on s_3  (cost=0.00..105361.89 rows=4166689 width=20) (actual time=0.010..221.354 rows=3333333 loops=3)
 Planning time: 0.286 ms
 Execution time: 571.541 ms
(13 rows)

===== 216 [Wed Mar  7 13:18:48 CET 2018] scale:10000000 groups:100 work_mem:128MB incremental:off max_workers:2 =====
SELECT * FROM s_4 ORDER BY a, b, c, d, e LIMIT 100000
                                                                    QUERY PLAN                                                                    
--------------------------------------------------------------------------------------------------------------------------------------------------
 Limit  (cost=485898.87..485898.87 rows=1 width=20) (actual time=571.814..571.814 rows=0 loops=1)
   ->  Limit  (cost=473231.39..484898.87 rows=100000 width=20) (actual time=545.152..569.003 rows=100000 loops=1)
         ->  Gather Merge  (cost=473231.39..1445526.71 rows=8333378 width=20) (actual time=545.151..563.344 rows=100000 loops=1)
               Workers Planned: 2
               Workers Launched: 2
               ->  Sort  (cost=472231.37..482648.09 rows=4166689 width=20) (actual time=543.531..544.993 rows=33969 loops=3)
                     Sort Key: s_4.a, s_4.b, s_4.c, s_4.d, s_4.e
                     Sort Method: top-N heapsort  Memory: 13957kB
                     Worker 0:  Sort Method: top-N heapsort  Memory: 13957kB
                     Worker 1:  Sort Method: top-N heapsort  Memory: 13957kB
                     ->  Parallel Seq Scan on s_4  (cost=0.00..105361.89 rows=4166689 width=20) (actual time=0.011..222.414 rows=3333333 loops=3)
 Planning time: 0.290 ms
 Execution time: 575.933 ms
(13 rows)

===== 217 [Wed Mar  7 13:18:51 CET 2018] scale:10000000 groups:100 work_mem:256MB incremental:on max_workers:2 =====
SELECT * FROM s_1 ORDER BY a, b LIMIT 100000
                                                                     QUERY PLAN                                                                     
----------------------------------------------------------------------------------------------------------------------------------------------------
 Limit  (cost=14168.98..14168.98 rows=1 width=20) (actual time=74.906..74.906 rows=0 loops=1)
   ->  Limit  (cost=11417.82..13168.98 rows=100000 width=20) (actual time=19.485..72.157 rows=100000 loops=1)
         ->  Incremental Sort  (cost=11417.82..186534.90 rows=10000054 width=20) (actual time=19.484..66.675 rows=100000 loops=1)
               Sort Key: s_1.a, s_1.b
               Presorted Key: s_1.a
               Sort Method: quicksort  Memory: 10896kB
               Sort Groups: 2
               ->  Index Scan using s_1_a_idx on s_1  (cost=0.43..323387.25 rows=10000054 width=20) (actual time=0.016..18.879 rows=150258 loops=1)
 Planning time: 0.274 ms
 Execution time: 75.212 ms
(10 rows)

===== 218 [Wed Mar  7 13:18:51 CET 2018] scale:10000000 groups:100 work_mem:256MB incremental:on max_workers:2 =====
SELECT * FROM s_2 ORDER BY a, b, c LIMIT 100000
                                                                     QUERY PLAN                                                                      
-----------------------------------------------------------------------------------------------------------------------------------------------------
 Limit  (cost=2930.58..2930.58 rows=1 width=20) (actual time=52.003..52.003 rows=0 loops=1)
   ->  Limit  (cost=89.04..1930.58 rows=100000 width=20) (actual time=0.151..49.242 rows=100000 loops=1)
         ->  Incremental Sort  (cost=89.04..184241.78 rows=9999939 width=20) (actual time=0.151..43.759 rows=100000 loops=1)
               Sort Key: s_2.a, s_2.b, s_2.c
               Presorted Key: s_2.a, s_2.b
               Sort Method: quicksort  Memory: 132kB
               Sort Groups: 152
               ->  Index Scan using s_2_a_b_idx on s_2  (cost=0.43..406983.90 rows=9999939 width=20) (actual time=0.009..11.777 rows=100669 loops=1)
 Planning time: 0.292 ms
 Execution time: 52.034 ms
(10 rows)

===== 219 [Wed Mar  7 13:18:52 CET 2018] scale:10000000 groups:100 work_mem:256MB incremental:on max_workers:2 =====
SELECT * FROM s_3 ORDER BY a, b, c, d LIMIT 100000
                                                                       QUERY PLAN                                                                       
--------------------------------------------------------------------------------------------------------------------------------------------------------
 Limit  (cost=3012.79..3012.79 rows=1 width=20) (actual time=47.271..47.271 rows=0 loops=1)
   ->  Limit  (cost=1.05..2012.79 rows=100000 width=20) (actual time=0.078..44.497 rows=100000 loops=1)
         ->  Incremental Sort  (cost=1.05..201175.63 rows=10000054 width=20) (actual time=0.078..39.006 rows=100000 loops=1)
               Sort Key: s_3.a, s_3.b, s_3.c, s_3.d
               Presorted Key: s_3.a, s_3.b, s_3.c
               Sort Method: quicksort  Memory: 29kB
               Sort Groups: 2807
               ->  Index Scan using s_3_a_b_c_idx on s_3  (cost=0.43..451321.62 rows=10000054 width=20) (actual time=0.021..12.029 rows=100010 loops=1)
 Planning time: 0.301 ms
 Execution time: 47.295 ms
(10 rows)

===== 220 [Wed Mar  7 13:18:52 CET 2018] scale:10000000 groups:100 work_mem:256MB incremental:on max_workers:2 =====
SELECT * FROM s_4 ORDER BY a, b, c, d, e LIMIT 100000
                                                                        QUERY PLAN                                                                        
----------------------------------------------------------------------------------------------------------------------------------------------------------
 Limit  (cost=3012.79..3012.79 rows=1 width=20) (actual time=37.945..37.945 rows=0 loops=1)
   ->  Limit  (cost=1.05..2012.79 rows=100000 width=20) (actual time=0.068..35.179 rows=100000 loops=1)
         ->  Incremental Sort  (cost=1.05..201175.63 rows=10000054 width=20) (actual time=0.067..29.684 rows=100000 loops=1)
               Sort Key: s_4.a, s_4.b, s_4.c, s_4.d, s_4.e
               Presorted Key: s_4.a, s_4.b, s_4.c, s_4.d
               Sort Method: quicksort  Memory: 27kB
               Sort Groups: 3122
               ->  Index Scan using s_4_a_b_c_d_idx on s_4  (cost=0.43..451321.62 rows=10000054 width=20) (actual time=0.014..11.927 rows=100015 loops=1)
 Planning time: 0.292 ms
 Execution time: 37.969 ms
(10 rows)

===== 221 [Wed Mar  7 13:18:52 CET 2018] scale:10000000 groups:100 work_mem:256MB incremental:off max_workers:2 =====
SELECT * FROM s_1 ORDER BY a, b LIMIT 100000
                                                                    QUERY PLAN                                                                    
--------------------------------------------------------------------------------------------------------------------------------------------------
 Limit  (cost=485898.87..485898.87 rows=1 width=20) (actual time=567.291..567.291 rows=0 loops=1)
   ->  Limit  (cost=473231.39..484898.87 rows=100000 width=20) (actual time=540.797..564.477 rows=100000 loops=1)
         ->  Gather Merge  (cost=473231.39..1445526.71 rows=8333378 width=20) (actual time=540.797..558.844 rows=100000 loops=1)
               Workers Planned: 2
               Workers Launched: 2
               ->  Sort  (cost=472231.37..482648.09 rows=4166689 width=20) (actual time=539.092..541.737 rows=33940 loops=3)
                     Sort Key: s_1.a, s_1.b
                     Sort Method: top-N heapsort  Memory: 14867kB
                     Worker 0:  Sort Method: top-N heapsort  Memory: 14749kB
                     Worker 1:  Sort Method: top-N heapsort  Memory: 14694kB
                     ->  Parallel Seq Scan on s_1  (cost=0.00..105361.89 rows=4166689 width=20) (actual time=0.007..219.005 rows=3333333 loops=3)
 Planning time: 0.281 ms
 Execution time: 571.367 ms
(13 rows)

===== 222 [Wed Mar  7 13:18:55 CET 2018] scale:10000000 groups:100 work_mem:256MB incremental:off max_workers:2 =====
SELECT * FROM s_2 ORDER BY a, b, c LIMIT 100000
                                                                    QUERY PLAN                                                                    
--------------------------------------------------------------------------------------------------------------------------------------------------
 Limit  (cost=485894.17..485894.17 rows=1 width=20) (actual time=544.647..544.647 rows=0 loops=1)
   ->  Limit  (cost=473226.69..484894.17 rows=100000 width=20) (actual time=516.057..541.839 rows=100000 loops=1)
         ->  Gather Merge  (cost=473226.69..1445510.80 rows=8333282 width=20) (actual time=516.057..536.156 rows=100000 loops=1)
               Workers Planned: 2
               Workers Launched: 2
               ->  Sort  (cost=472226.66..482643.26 rows=4166641 width=20) (actual time=514.064..515.897 rows=33989 loops=3)
                     Sort Key: s_2.a, s_2.b, s_2.c
                     Sort Method: top-N heapsort  Memory: 13965kB
                     Worker 0:  Sort Method: top-N heapsort  Memory: 13966kB
                     Worker 1:  Sort Method: top-N heapsort  Memory: 13966kB
                     ->  Parallel Seq Scan on s_2  (cost=0.00..105361.41 rows=4166641 width=20) (actual time=0.011..219.176 rows=3333333 loops=3)
 Planning time: 0.299 ms
 Execution time: 548.749 ms
(13 rows)

===== 223 [Wed Mar  7 13:18:58 CET 2018] scale:10000000 groups:100 work_mem:256MB incremental:off max_workers:2 =====
SELECT * FROM s_3 ORDER BY a, b, c, d LIMIT 100000
                                                                    QUERY PLAN                                                                    
--------------------------------------------------------------------------------------------------------------------------------------------------
 Limit  (cost=485898.87..485898.87 rows=1 width=20) (actual time=568.867..568.867 rows=0 loops=1)
   ->  Limit  (cost=473231.39..484898.87 rows=100000 width=20) (actual time=542.009..566.059 rows=100000 loops=1)
         ->  Gather Merge  (cost=473231.39..1445526.71 rows=8333378 width=20) (actual time=542.009..560.369 rows=100000 loops=1)
               Workers Planned: 2
               Workers Launched: 2
               ->  Sort  (cost=472231.37..482648.09 rows=4166689 width=20) (actual time=540.290..541.888 rows=33966 loops=3)
                     Sort Key: s_3.a, s_3.b, s_3.c, s_3.d
                     Sort Method: top-N heapsort  Memory: 13957kB
                     Worker 0:  Sort Method: top-N heapsort  Memory: 13957kB
                     Worker 1:  Sort Method: top-N heapsort  Memory: 13957kB
                     ->  Parallel Seq Scan on s_3  (cost=0.00..105361.89 rows=4166689 width=20) (actual time=0.010..221.916 rows=3333333 loops=3)
 Planning time: 0.289 ms
 Execution time: 572.950 ms
(13 rows)

===== 224 [Wed Mar  7 13:19:00 CET 2018] scale:10000000 groups:100 work_mem:256MB incremental:off max_workers:2 =====
SELECT * FROM s_4 ORDER BY a, b, c, d, e LIMIT 100000
                                                                    QUERY PLAN                                                                    
--------------------------------------------------------------------------------------------------------------------------------------------------
 Limit  (cost=485898.87..485898.87 rows=1 width=20) (actual time=571.182..571.182 rows=0 loops=1)
   ->  Limit  (cost=473231.39..484898.87 rows=100000 width=20) (actual time=544.563..568.365 rows=100000 loops=1)
         ->  Gather Merge  (cost=473231.39..1445526.71 rows=8333378 width=20) (actual time=544.562..562.692 rows=100000 loops=1)
               Workers Planned: 2
               Workers Launched: 2
               ->  Sort  (cost=472231.37..482648.09 rows=4166689 width=20) (actual time=543.009..544.467 rows=34022 loops=3)
                     Sort Key: s_4.a, s_4.b, s_4.c, s_4.d, s_4.e
                     Sort Method: top-N heapsort  Memory: 13957kB
                     Worker 0:  Sort Method: top-N heapsort  Memory: 13957kB
                     Worker 1:  Sort Method: top-N heapsort  Memory: 13957kB
                     ->  Parallel Seq Scan on s_4  (cost=0.00..105361.89 rows=4166689 width=20) (actual time=0.010..221.858 rows=3333333 loops=3)
 Planning time: 0.277 ms
 Execution time: 575.285 ms
(13 rows)

===== 225 [Wed Mar  7 13:20:22 CET 2018] scale:10000000 groups:1000 work_mem:4MB incremental:on max_workers:0 =====
SELECT * FROM s_1 ORDER BY a, b LIMIT 100000
                                                                    QUERY PLAN                                                                     
---------------------------------------------------------------------------------------------------------------------------------------------------
 Limit  (cost=3826.25..3826.25 rows=1 width=20) (actual time=61.626..61.626 rows=0 loops=1)
   ->  Limit  (cost=987.14..2826.25 rows=100000 width=20) (actual time=2.526..58.880 rows=100000 loops=1)
         ->  Incremental Sort  (cost=987.14..184896.39 rows=9999939 width=20) (actual time=2.525..53.408 rows=100000 loops=1)
               Sort Key: s_1.a, s_1.b
               Presorted Key: s_1.a
               Sort Method: quicksort  Memory: 1187kB
               Sort Groups: 11
               ->  Index Scan using s_1_a_idx on s_1  (cost=0.43..323385.52 rows=9999939 width=20) (actual time=0.047..16.502 rows=104602 loops=1)
 Planning time: 0.284 ms
 Execution time: 61.667 ms
(10 rows)

===== 226 [Wed Mar  7 13:20:23 CET 2018] scale:10000000 groups:1000 work_mem:4MB incremental:on max_workers:0 =====
SELECT * FROM s_2 ORDER BY a, b, c LIMIT 100000
                                                                      QUERY PLAN                                                                      
------------------------------------------------------------------------------------------------------------------------------------------------------
 Limit  (cost=3008.31..3008.31 rows=1 width=20) (actual time=47.572..47.572 rows=0 loops=1)
   ->  Limit  (cost=1.01..2008.31 rows=100000 width=20) (actual time=0.081..44.795 rows=100000 loops=1)
         ->  Incremental Sort  (cost=1.01..200732.27 rows=10000054 width=20) (actual time=0.081..39.260 rows=100000 loops=1)
               Sort Key: s_2.a, s_2.b, s_2.c
               Presorted Key: s_2.a, s_2.b
               Sort Method: quicksort  Memory: 28kB
               Sort Groups: 2719
               ->  Index Scan using s_2_a_b_idx on s_2  (cost=0.43..406985.62 rows=10000054 width=20) (actual time=0.031..15.216 rows=100021 loops=1)
 Planning time: 0.292 ms
 Execution time: 47.597 ms
(10 rows)

===== 227 [Wed Mar  7 13:20:23 CET 2018] scale:10000000 groups:1000 work_mem:4MB incremental:on max_workers:0 =====
SELECT * FROM s_3 ORDER BY a, b, c, d LIMIT 100000
                                                                      QUERY PLAN                                                                       
-------------------------------------------------------------------------------------------------------------------------------------------------------
 Limit  (cost=3012.79..3012.79 rows=1 width=20) (actual time=38.711..38.711 rows=0 loops=1)
   ->  Limit  (cost=1.05..2012.79 rows=100000 width=20) (actual time=0.083..35.926 rows=100000 loops=1)
         ->  Incremental Sort  (cost=1.05..201173.43 rows=9999939 width=20) (actual time=0.083..30.411 rows=100000 loops=1)
               Sort Key: s_3.a, s_3.b, s_3.c, s_3.d
               Presorted Key: s_3.a, s_3.b, s_3.c
               Sort Method: quicksort  Memory: 27kB
               Sort Groups: 3125
               ->  Index Scan using s_3_a_b_c_idx on s_3  (cost=0.43..451319.90 rows=9999939 width=20) (actual time=0.035..15.945 rows=100017 loops=1)
 Planning time: 0.294 ms
 Execution time: 38.736 ms
(10 rows)

===== 228 [Wed Mar  7 13:20:23 CET 2018] scale:10000000 groups:1000 work_mem:4MB incremental:on max_workers:0 =====
SELECT * FROM s_4 ORDER BY a, b, c, d, e LIMIT 100000
                                                                       QUERY PLAN                                                                        
---------------------------------------------------------------------------------------------------------------------------------------------------------
 Limit  (cost=3012.79..3012.79 rows=1 width=20) (actual time=38.258..38.258 rows=0 loops=1)
   ->  Limit  (cost=1.05..2012.79 rows=100000 width=20) (actual time=0.086..35.473 rows=100000 loops=1)
         ->  Incremental Sort  (cost=1.05..201173.43 rows=9999939 width=20) (actual time=0.085..29.973 rows=100000 loops=1)
               Sort Key: s_4.a, s_4.b, s_4.c, s_4.d, s_4.e
               Presorted Key: s_4.a, s_4.b, s_4.c, s_4.d
               Sort Method: quicksort  Memory: 27kB
               Sort Groups: 3125
               ->  Index Scan using s_4_a_b_c_d_idx on s_4  (cost=0.43..451319.90 rows=9999939 width=20) (actual time=0.032..15.925 rows=100001 loops=1)
 Planning time: 0.299 ms
 Execution time: 38.283 ms
(10 rows)

===== 229 [Wed Mar  7 13:20:23 CET 2018] scale:10000000 groups:1000 work_mem:4MB incremental:off max_workers:0 =====
SELECT * FROM s_1 ORDER BY a, b LIMIT 100000
                                                             QUERY PLAN                                                             
------------------------------------------------------------------------------------------------------------------------------------
 Limit  (cost=1737769.69..1737769.69 rows=1 width=20) (actual time=5660.363..5660.363 rows=0 loops=1)
   ->  Limit  (cost=1736519.69..1736769.69 rows=100000 width=20) (actual time=5642.992..5657.546 rows=100000 loops=1)
         ->  Sort  (cost=1736519.69..1761519.54 rows=9999939 width=20) (actual time=5642.991..5651.951 rows=100000 loops=1)
               Sort Key: s_1.a, s_1.b
               Sort Method: external merge  Disk: 293600kB
               ->  Seq Scan on s_1  (cost=0.00..163694.39 rows=9999939 width=20) (actual time=0.012..645.640 rows=10000000 loops=1)
 Planning time: 0.288 ms
 Execution time: 5693.968 ms
(8 rows)

===== 230 [Wed Mar  7 13:20:55 CET 2018] scale:10000000 groups:1000 work_mem:4MB incremental:off max_workers:0 =====
SELECT * FROM s_2 ORDER BY a, b, c LIMIT 100000
                                                             QUERY PLAN                                                              
-------------------------------------------------------------------------------------------------------------------------------------
 Limit  (cost=1737792.04..1737792.04 rows=1 width=20) (actual time=5995.521..5995.521 rows=0 loops=1)
   ->  Limit  (cost=1736542.04..1736792.04 rows=100000 width=20) (actual time=5978.077..5992.693 rows=100000 loops=1)
         ->  Sort  (cost=1736542.04..1761542.18 rows=10000054 width=20) (actual time=5978.076..5987.099 rows=100000 loops=1)
               Sort Key: s_2.a, s_2.b, s_2.c
               Sort Method: external merge  Disk: 293600kB
               ->  Seq Scan on s_2  (cost=0.00..163695.54 rows=10000054 width=20) (actual time=0.010..641.942 rows=10000000 loops=1)
 Planning time: 0.283 ms
 Execution time: 6029.336 ms
(8 rows)

===== 231 [Wed Mar  7 13:21:29 CET 2018] scale:10000000 groups:1000 work_mem:4MB incremental:off max_workers:0 =====
SELECT * FROM s_3 ORDER BY a, b, c, d LIMIT 100000
                                                             QUERY PLAN                                                             
------------------------------------------------------------------------------------------------------------------------------------
 Limit  (cost=1737769.69..1737769.69 rows=1 width=20) (actual time=4968.207..4968.207 rows=0 loops=1)
   ->  Limit  (cost=1736519.69..1736769.69 rows=100000 width=20) (actual time=4950.774..4965.379 rows=100000 loops=1)
         ->  Sort  (cost=1736519.69..1761519.54 rows=9999939 width=20) (actual time=4950.774..4959.795 rows=100000 loops=1)
               Sort Key: s_3.a, s_3.b, s_3.c, s_3.d
               Sort Method: external merge  Disk: 293600kB
               ->  Seq Scan on s_3  (cost=0.00..163694.39 rows=9999939 width=20) (actual time=0.012..644.573 rows=10000000 loops=1)
 Planning time: 0.296 ms
 Execution time: 5001.902 ms
(8 rows)

===== 232 [Wed Mar  7 13:21:57 CET 2018] scale:10000000 groups:1000 work_mem:4MB incremental:off max_workers:0 =====
SELECT * FROM s_4 ORDER BY a, b, c, d, e LIMIT 100000
                                                             QUERY PLAN                                                             
------------------------------------------------------------------------------------------------------------------------------------
 Limit  (cost=1737769.69..1737769.69 rows=1 width=20) (actual time=3649.006..3649.006 rows=0 loops=1)
   ->  Limit  (cost=1736519.69..1736769.69 rows=100000 width=20) (actual time=3631.202..3646.181 rows=100000 loops=1)
         ->  Sort  (cost=1736519.69..1761519.54 rows=9999939 width=20) (actual time=3631.201..3640.242 rows=100000 loops=1)
               Sort Key: s_4.a, s_4.b, s_4.c, s_4.d, s_4.e
               Sort Method: external merge  Disk: 293600kB
               ->  Seq Scan on s_4  (cost=0.00..163694.39 rows=9999939 width=20) (actual time=0.010..646.266 rows=10000000 loops=1)
 Planning time: 0.283 ms
 Execution time: 3682.682 ms
(8 rows)

===== 233 [Wed Mar  7 13:22:17 CET 2018] scale:10000000 groups:1000 work_mem:8MB incremental:on max_workers:0 =====
SELECT * FROM s_1 ORDER BY a, b LIMIT 100000
                                                                    QUERY PLAN                                                                     
---------------------------------------------------------------------------------------------------------------------------------------------------
 Limit  (cost=3826.25..3826.25 rows=1 width=20) (actual time=57.571..57.571 rows=0 loops=1)
   ->  Limit  (cost=987.14..2826.25 rows=100000 width=20) (actual time=2.339..54.826 rows=100000 loops=1)
         ->  Incremental Sort  (cost=987.14..184896.39 rows=9999939 width=20) (actual time=2.339..49.351 rows=100000 loops=1)
               Sort Key: s_1.a, s_1.b
               Presorted Key: s_1.a
               Sort Method: quicksort  Memory: 1187kB
               Sort Groups: 11
               ->  Index Scan using s_1_a_idx on s_1  (cost=0.43..323385.52 rows=9999939 width=20) (actual time=0.024..12.846 rows=104602 loops=1)
 Planning time: 0.278 ms
 Execution time: 57.609 ms
(10 rows)

===== 234 [Wed Mar  7 13:22:17 CET 2018] scale:10000000 groups:1000 work_mem:8MB incremental:on max_workers:0 =====
SELECT * FROM s_2 ORDER BY a, b, c LIMIT 100000
                                                                      QUERY PLAN                                                                      
------------------------------------------------------------------------------------------------------------------------------------------------------
 Limit  (cost=3008.31..3008.31 rows=1 width=20) (actual time=43.672..43.672 rows=0 loops=1)
   ->  Limit  (cost=1.01..2008.31 rows=100000 width=20) (actual time=0.059..40.909 rows=100000 loops=1)
         ->  Incremental Sort  (cost=1.01..200732.27 rows=10000054 width=20) (actual time=0.059..35.397 rows=100000 loops=1)
               Sort Key: s_2.a, s_2.b, s_2.c
               Presorted Key: s_2.a, s_2.b
               Sort Method: quicksort  Memory: 28kB
               Sort Groups: 2719
               ->  Index Scan using s_2_a_b_idx on s_2  (cost=0.43..406985.62 rows=10000054 width=20) (actual time=0.010..11.669 rows=100021 loops=1)
 Planning time: 0.298 ms
 Execution time: 43.696 ms
(10 rows)

===== 235 [Wed Mar  7 13:22:18 CET 2018] scale:10000000 groups:1000 work_mem:8MB incremental:on max_workers:0 =====
SELECT * FROM s_3 ORDER BY a, b, c, d LIMIT 100000
                                                                      QUERY PLAN                                                                       
-------------------------------------------------------------------------------------------------------------------------------------------------------
 Limit  (cost=3012.79..3012.79 rows=1 width=20) (actual time=34.251..34.251 rows=0 loops=1)
   ->  Limit  (cost=1.05..2012.79 rows=100000 width=20) (actual time=0.062..31.460 rows=100000 loops=1)
         ->  Incremental Sort  (cost=1.05..201173.43 rows=9999939 width=20) (actual time=0.062..25.976 rows=100000 loops=1)
               Sort Key: s_3.a, s_3.b, s_3.c, s_3.d
               Presorted Key: s_3.a, s_3.b, s_3.c
               Sort Method: quicksort  Memory: 27kB
               Sort Groups: 3125
               ->  Index Scan using s_3_a_b_c_idx on s_3  (cost=0.43..451319.90 rows=9999939 width=20) (actual time=0.015..11.890 rows=100017 loops=1)
 Planning time: 0.297 ms
 Execution time: 34.274 ms
(10 rows)

===== 236 [Wed Mar  7 13:22:18 CET 2018] scale:10000000 groups:1000 work_mem:8MB incremental:on max_workers:0 =====
SELECT * FROM s_4 ORDER BY a, b, c, d, e LIMIT 100000
                                                                       QUERY PLAN                                                                        
---------------------------------------------------------------------------------------------------------------------------------------------------------
 Limit  (cost=3012.79..3012.79 rows=1 width=20) (actual time=33.949..33.949 rows=0 loops=1)
   ->  Limit  (cost=1.05..2012.79 rows=100000 width=20) (actual time=0.063..31.186 rows=100000 loops=1)
         ->  Incremental Sort  (cost=1.05..201173.43 rows=9999939 width=20) (actual time=0.063..25.713 rows=100000 loops=1)
               Sort Key: s_4.a, s_4.b, s_4.c, s_4.d, s_4.e
               Presorted Key: s_4.a, s_4.b, s_4.c, s_4.d
               Sort Method: quicksort  Memory: 27kB
               Sort Groups: 3125
               ->  Index Scan using s_4_a_b_c_d_idx on s_4  (cost=0.43..451319.90 rows=9999939 width=20) (actual time=0.009..11.972 rows=100001 loops=1)
 Planning time: 0.290 ms
 Execution time: 33.973 ms
(10 rows)

===== 237 [Wed Mar  7 13:22:18 CET 2018] scale:10000000 groups:1000 work_mem:8MB incremental:off max_workers:0 =====
SELECT * FROM s_1 ORDER BY a, b LIMIT 100000
                                                             QUERY PLAN                                                             
------------------------------------------------------------------------------------------------------------------------------------
 Limit  (cost=1045421.04..1045421.04 rows=1 width=20) (actual time=5174.100..5174.100 rows=0 loops=1)
   ->  Limit  (cost=1044171.04..1044421.04 rows=100000 width=20) (actual time=5156.629..5171.274 rows=100000 loops=1)
         ->  Sort  (cost=1044171.04..1069170.89 rows=9999939 width=20) (actual time=5156.628..5165.693 rows=100000 loops=1)
               Sort Key: s_1.a, s_1.b
               Sort Method: external merge  Disk: 293608kB
               ->  Seq Scan on s_1  (cost=0.00..163694.39 rows=9999939 width=20) (actual time=0.012..644.257 rows=10000000 loops=1)
 Planning time: 0.280 ms
 Execution time: 5207.965 ms
(8 rows)

===== 238 [Wed Mar  7 13:22:47 CET 2018] scale:10000000 groups:1000 work_mem:8MB incremental:off max_workers:0 =====
SELECT * FROM s_2 ORDER BY a, b, c LIMIT 100000
                                                             QUERY PLAN                                                              
-------------------------------------------------------------------------------------------------------------------------------------
 Limit  (cost=1045432.32..1045432.32 rows=1 width=20) (actual time=5353.478..5353.478 rows=0 loops=1)
   ->  Limit  (cost=1044182.32..1044432.32 rows=100000 width=20) (actual time=5335.988..5350.666 rows=100000 loops=1)
         ->  Sort  (cost=1044182.32..1069182.45 rows=10000054 width=20) (actual time=5335.988..5345.072 rows=100000 loops=1)
               Sort Key: s_2.a, s_2.b, s_2.c
               Sort Method: external merge  Disk: 293608kB
               ->  Seq Scan on s_2  (cost=0.00..163695.54 rows=10000054 width=20) (actual time=0.010..638.371 rows=10000000 loops=1)
 Planning time: 0.290 ms
 Execution time: 5387.239 ms
(8 rows)

===== 239 [Wed Mar  7 13:23:17 CET 2018] scale:10000000 groups:1000 work_mem:8MB incremental:off max_workers:0 =====
SELECT * FROM s_3 ORDER BY a, b, c, d LIMIT 100000
                                                             QUERY PLAN                                                             
------------------------------------------------------------------------------------------------------------------------------------
 Limit  (cost=1045421.04..1045421.04 rows=1 width=20) (actual time=4319.124..4319.124 rows=0 loops=1)
   ->  Limit  (cost=1044171.04..1044421.04 rows=100000 width=20) (actual time=4301.617..4316.307 rows=100000 loops=1)
         ->  Sort  (cost=1044171.04..1069170.89 rows=9999939 width=20) (actual time=4301.616..4310.701 rows=100000 loops=1)
               Sort Key: s_3.a, s_3.b, s_3.c, s_3.d
               Sort Method: external merge  Disk: 293608kB
               ->  Seq Scan on s_3  (cost=0.00..163694.39 rows=9999939 width=20) (actual time=0.012..644.337 rows=10000000 loops=1)
 Planning time: 0.283 ms
 Execution time: 4352.978 ms
(8 rows)

===== 240 [Wed Mar  7 13:23:41 CET 2018] scale:10000000 groups:1000 work_mem:8MB incremental:off max_workers:0 =====
SELECT * FROM s_4 ORDER BY a, b, c, d, e LIMIT 100000
                                                             QUERY PLAN                                                             
------------------------------------------------------------------------------------------------------------------------------------
 Limit  (cost=1045421.04..1045421.04 rows=1 width=20) (actual time=2958.313..2958.313 rows=0 loops=1)
   ->  Limit  (cost=1044171.04..1044421.04 rows=100000 width=20) (actual time=2940.473..2955.490 rows=100000 loops=1)
         ->  Sort  (cost=1044171.04..1069170.89 rows=9999939 width=20) (actual time=2940.472..2949.572 rows=100000 loops=1)
               Sort Key: s_4.a, s_4.b, s_4.c, s_4.d, s_4.e
               Sort Method: external merge  Disk: 293608kB
               ->  Seq Scan on s_4  (cost=0.00..163694.39 rows=9999939 width=20) (actual time=0.010..645.369 rows=10000000 loops=1)
 Planning time: 0.289 ms
 Execution time: 2992.206 ms
(8 rows)

===== 241 [Wed Mar  7 13:23:57 CET 2018] scale:10000000 groups:1000 work_mem:16MB incremental:on max_workers:0 =====
SELECT * FROM s_1 ORDER BY a, b LIMIT 100000
                                                                    QUERY PLAN                                                                     
---------------------------------------------------------------------------------------------------------------------------------------------------
 Limit  (cost=3826.25..3826.25 rows=1 width=20) (actual time=57.577..57.577 rows=0 loops=1)
   ->  Limit  (cost=987.14..2826.25 rows=100000 width=20) (actual time=2.335..54.837 rows=100000 loops=1)
         ->  Incremental Sort  (cost=987.14..184896.39 rows=9999939 width=20) (actual time=2.335..49.366 rows=100000 loops=1)
               Sort Key: s_1.a, s_1.b
               Presorted Key: s_1.a
               Sort Method: quicksort  Memory: 1187kB
               Sort Groups: 11
               ->  Index Scan using s_1_a_idx on s_1  (cost=0.43..323385.52 rows=9999939 width=20) (actual time=0.023..12.870 rows=104602 loops=1)
 Planning time: 0.284 ms
 Execution time: 57.618 ms
(10 rows)

===== 242 [Wed Mar  7 13:23:57 CET 2018] scale:10000000 groups:1000 work_mem:16MB incremental:on max_workers:0 =====
SELECT * FROM s_2 ORDER BY a, b, c LIMIT 100000
                                                                      QUERY PLAN                                                                      
------------------------------------------------------------------------------------------------------------------------------------------------------
 Limit  (cost=3008.31..3008.31 rows=1 width=20) (actual time=43.674..43.674 rows=0 loops=1)
   ->  Limit  (cost=1.01..2008.31 rows=100000 width=20) (actual time=0.059..40.915 rows=100000 loops=1)
         ->  Incremental Sort  (cost=1.01..200732.27 rows=10000054 width=20) (actual time=0.059..35.390 rows=100000 loops=1)
               Sort Key: s_2.a, s_2.b, s_2.c
               Presorted Key: s_2.a, s_2.b
               Sort Method: quicksort  Memory: 28kB
               Sort Groups: 2719
               ->  Index Scan using s_2_a_b_idx on s_2  (cost=0.43..406985.62 rows=10000054 width=20) (actual time=0.010..11.660 rows=100021 loops=1)
 Planning time: 0.290 ms
 Execution time: 43.699 ms
(10 rows)

===== 243 [Wed Mar  7 13:23:57 CET 2018] scale:10000000 groups:1000 work_mem:16MB incremental:on max_workers:0 =====
SELECT * FROM s_3 ORDER BY a, b, c, d LIMIT 100000
                                                                      QUERY PLAN                                                                       
-------------------------------------------------------------------------------------------------------------------------------------------------------
 Limit  (cost=3012.79..3012.79 rows=1 width=20) (actual time=34.232..34.232 rows=0 loops=1)
   ->  Limit  (cost=1.05..2012.79 rows=100000 width=20) (actual time=0.063..31.442 rows=100000 loops=1)
         ->  Incremental Sort  (cost=1.05..201173.43 rows=9999939 width=20) (actual time=0.062..25.959 rows=100000 loops=1)
               Sort Key: s_3.a, s_3.b, s_3.c, s_3.d
               Presorted Key: s_3.a, s_3.b, s_3.c
               Sort Method: quicksort  Memory: 27kB
               Sort Groups: 3125
               ->  Index Scan using s_3_a_b_c_idx on s_3  (cost=0.43..451319.90 rows=9999939 width=20) (actual time=0.015..11.877 rows=100017 loops=1)
 Planning time: 0.298 ms
 Execution time: 34.256 ms
(10 rows)

===== 244 [Wed Mar  7 13:23:58 CET 2018] scale:10000000 groups:1000 work_mem:16MB incremental:on max_workers:0 =====
SELECT * FROM s_4 ORDER BY a, b, c, d, e LIMIT 100000
                                                                       QUERY PLAN                                                                        
---------------------------------------------------------------------------------------------------------------------------------------------------------
 Limit  (cost=3012.79..3012.79 rows=1 width=20) (actual time=33.927..33.927 rows=0 loops=1)
   ->  Limit  (cost=1.05..2012.79 rows=100000 width=20) (actual time=0.064..31.159 rows=100000 loops=1)
         ->  Incremental Sort  (cost=1.05..201173.43 rows=9999939 width=20) (actual time=0.064..25.682 rows=100000 loops=1)
               Sort Key: s_4.a, s_4.b, s_4.c, s_4.d, s_4.e
               Presorted Key: s_4.a, s_4.b, s_4.c, s_4.d
               Sort Method: quicksort  Memory: 27kB
               Sort Groups: 3125
               ->  Index Scan using s_4_a_b_c_d_idx on s_4  (cost=0.43..451319.90 rows=9999939 width=20) (actual time=0.009..11.946 rows=100001 loops=1)
 Planning time: 0.290 ms
 Execution time: 33.950 ms
(10 rows)

===== 245 [Wed Mar  7 13:23:58 CET 2018] scale:10000000 groups:1000 work_mem:16MB incremental:off max_workers:0 =====
SELECT * FROM s_1 ORDER BY a, b LIMIT 100000
                                                             QUERY PLAN                                                             
------------------------------------------------------------------------------------------------------------------------------------
 Limit  (cost=1045421.04..1045421.04 rows=1 width=20) (actual time=4583.348..4583.348 rows=0 loops=1)
   ->  Limit  (cost=1044171.04..1044421.04 rows=100000 width=20) (actual time=4565.934..4580.517 rows=100000 loops=1)
         ->  Sort  (cost=1044171.04..1069170.89 rows=9999939 width=20) (actual time=4565.933..4574.936 rows=100000 loops=1)
               Sort Key: s_1.a, s_1.b
               Sort Method: external merge  Disk: 293904kB
               ->  Seq Scan on s_1  (cost=0.00..163694.39 rows=9999939 width=20) (actual time=0.012..642.292 rows=10000000 loops=1)
 Planning time: 0.270 ms
 Execution time: 4617.481 ms
(8 rows)

===== 246 [Wed Mar  7 13:24:23 CET 2018] scale:10000000 groups:1000 work_mem:16MB incremental:off max_workers:0 =====
SELECT * FROM s_2 ORDER BY a, b, c LIMIT 100000
                                                             QUERY PLAN                                                              
-------------------------------------------------------------------------------------------------------------------------------------
 Limit  (cost=1045432.32..1045432.32 rows=1 width=20) (actual time=4684.151..4684.151 rows=0 loops=1)
   ->  Limit  (cost=1044182.32..1044432.32 rows=100000 width=20) (actual time=4666.708..4681.327 rows=100000 loops=1)
         ->  Sort  (cost=1044182.32..1069182.45 rows=10000054 width=20) (actual time=4666.707..4675.724 rows=100000 loops=1)
               Sort Key: s_2.a, s_2.b, s_2.c
               Sort Method: external merge  Disk: 293904kB
               ->  Seq Scan on s_2  (cost=0.00..163695.54 rows=10000054 width=20) (actual time=0.009..635.963 rows=10000000 loops=1)
 Planning time: 0.280 ms
 Execution time: 4719.112 ms
(8 rows)

===== 247 [Wed Mar  7 13:24:50 CET 2018] scale:10000000 groups:1000 work_mem:16MB incremental:off max_workers:0 =====
SELECT * FROM s_3 ORDER BY a, b, c, d LIMIT 100000
                                                             QUERY PLAN                                                             
------------------------------------------------------------------------------------------------------------------------------------
 Limit  (cost=1045421.04..1045421.04 rows=1 width=20) (actual time=3636.535..3636.535 rows=0 loops=1)
   ->  Limit  (cost=1044171.04..1044421.04 rows=100000 width=20) (actual time=3618.978..3633.708 rows=100000 loops=1)
         ->  Sort  (cost=1044171.04..1069170.89 rows=9999939 width=20) (actual time=3618.977..3628.096 rows=100000 loops=1)
               Sort Key: s_3.a, s_3.b, s_3.c, s_3.d
               Sort Method: external merge  Disk: 293904kB
               ->  Seq Scan on s_3  (cost=0.00..163694.39 rows=9999939 width=20) (actual time=0.012..640.970 rows=10000000 loops=1)
 Planning time: 0.279 ms
 Execution time: 3671.595 ms
(8 rows)

===== 248 [Wed Mar  7 13:25:09 CET 2018] scale:10000000 groups:1000 work_mem:16MB incremental:off max_workers:0 =====
SELECT * FROM s_4 ORDER BY a, b, c, d, e LIMIT 100000
                                                             QUERY PLAN                                                             
------------------------------------------------------------------------------------------------------------------------------------
 Limit  (cost=1045421.04..1045421.04 rows=1 width=20) (actual time=2277.510..2277.510 rows=0 loops=1)
   ->  Limit  (cost=1044171.04..1044421.04 rows=100000 width=20) (actual time=2259.700..2274.674 rows=100000 loops=1)
         ->  Sort  (cost=1044171.04..1069170.89 rows=9999939 width=20) (actual time=2259.699..2268.768 rows=100000 loops=1)
               Sort Key: s_4.a, s_4.b, s_4.c, s_4.d, s_4.e
               Sort Method: external merge  Disk: 293904kB
               ->  Seq Scan on s_4  (cost=0.00..163694.39 rows=9999939 width=20) (actual time=0.010..643.209 rows=10000000 loops=1)
 Planning time: 0.280 ms
 Execution time: 2312.479 ms
(8 rows)

===== 249 [Wed Mar  7 13:25:21 CET 2018] scale:10000000 groups:1000 work_mem:32MB incremental:on max_workers:0 =====
SELECT * FROM s_1 ORDER BY a, b LIMIT 100000
                                                                    QUERY PLAN                                                                     
---------------------------------------------------------------------------------------------------------------------------------------------------
 Limit  (cost=3826.25..3826.25 rows=1 width=20) (actual time=57.608..57.608 rows=0 loops=1)
   ->  Limit  (cost=987.14..2826.25 rows=100000 width=20) (actual time=2.335..54.862 rows=100000 loops=1)
         ->  Incremental Sort  (cost=987.14..184896.39 rows=9999939 width=20) (actual time=2.335..49.387 rows=100000 loops=1)
               Sort Key: s_1.a, s_1.b
               Presorted Key: s_1.a
               Sort Method: quicksort  Memory: 1187kB
               Sort Groups: 11
               ->  Index Scan using s_1_a_idx on s_1  (cost=0.43..323385.52 rows=9999939 width=20) (actual time=0.023..12.871 rows=104602 loops=1)
 Planning time: 0.273 ms
 Execution time: 57.646 ms
(10 rows)

===== 250 [Wed Mar  7 13:25:21 CET 2018] scale:10000000 groups:1000 work_mem:32MB incremental:on max_workers:0 =====
SELECT * FROM s_2 ORDER BY a, b, c LIMIT 100000
                                                                      QUERY PLAN                                                                      
------------------------------------------------------------------------------------------------------------------------------------------------------
 Limit  (cost=3008.31..3008.31 rows=1 width=20) (actual time=43.661..43.661 rows=0 loops=1)
   ->  Limit  (cost=1.01..2008.31 rows=100000 width=20) (actual time=0.059..40.890 rows=100000 loops=1)
         ->  Incremental Sort  (cost=1.01..200732.27 rows=10000054 width=20) (actual time=0.058..35.373 rows=100000 loops=1)
               Sort Key: s_2.a, s_2.b, s_2.c
               Presorted Key: s_2.a, s_2.b
               Sort Method: quicksort  Memory: 28kB
               Sort Groups: 2719
               ->  Index Scan using s_2_a_b_idx on s_2  (cost=0.43..406985.62 rows=10000054 width=20) (actual time=0.010..11.652 rows=100021 loops=1)
 Planning time: 0.297 ms
 Execution time: 43.685 ms
(10 rows)

===== 251 [Wed Mar  7 13:25:22 CET 2018] scale:10000000 groups:1000 work_mem:32MB incremental:on max_workers:0 =====
SELECT * FROM s_3 ORDER BY a, b, c, d LIMIT 100000
                                                                      QUERY PLAN                                                                       
-------------------------------------------------------------------------------------------------------------------------------------------------------
 Limit  (cost=3012.79..3012.79 rows=1 width=20) (actual time=34.246..34.246 rows=0 loops=1)
   ->  Limit  (cost=1.05..2012.79 rows=100000 width=20) (actual time=0.063..31.452 rows=100000 loops=1)
         ->  Incremental Sort  (cost=1.05..201173.43 rows=9999939 width=20) (actual time=0.063..25.977 rows=100000 loops=1)
               Sort Key: s_3.a, s_3.b, s_3.c, s_3.d
               Presorted Key: s_3.a, s_3.b, s_3.c
               Sort Method: quicksort  Memory: 27kB
               Sort Groups: 3125
               ->  Index Scan using s_3_a_b_c_idx on s_3  (cost=0.43..451319.90 rows=9999939 width=20) (actual time=0.015..11.904 rows=100017 loops=1)
 Planning time: 0.305 ms
 Execution time: 34.270 ms
(10 rows)

===== 252 [Wed Mar  7 13:25:22 CET 2018] scale:10000000 groups:1000 work_mem:32MB incremental:on max_workers:0 =====
SELECT * FROM s_4 ORDER BY a, b, c, d, e LIMIT 100000
                                                                       QUERY PLAN                                                                        
---------------------------------------------------------------------------------------------------------------------------------------------------------
 Limit  (cost=3012.79..3012.79 rows=1 width=20) (actual time=33.946..33.946 rows=0 loops=1)
   ->  Limit  (cost=1.05..2012.79 rows=100000 width=20) (actual time=0.065..31.173 rows=100000 loops=1)
         ->  Incremental Sort  (cost=1.05..201173.43 rows=9999939 width=20) (actual time=0.065..25.694 rows=100000 loops=1)
               Sort Key: s_4.a, s_4.b, s_4.c, s_4.d, s_4.e
               Presorted Key: s_4.a, s_4.b, s_4.c, s_4.d
               Sort Method: quicksort  Memory: 27kB
               Sort Groups: 3125
               ->  Index Scan using s_4_a_b_c_d_idx on s_4  (cost=0.43..451319.90 rows=9999939 width=20) (actual time=0.010..11.954 rows=100001 loops=1)
 Planning time: 0.292 ms
 Execution time: 33.970 ms
(10 rows)

===== 253 [Wed Mar  7 13:25:22 CET 2018] scale:10000000 groups:1000 work_mem:32MB incremental:off max_workers:0 =====
SELECT * FROM s_1 ORDER BY a, b LIMIT 100000
                                                             QUERY PLAN                                                             
------------------------------------------------------------------------------------------------------------------------------------
 Limit  (cost=1045421.04..1045421.04 rows=1 width=20) (actual time=1380.884..1380.884 rows=0 loops=1)
   ->  Limit  (cost=1044171.04..1044421.04 rows=100000 width=20) (actual time=1365.457..1378.138 rows=100000 loops=1)
         ->  Sort  (cost=1044171.04..1069170.89 rows=9999939 width=20) (actual time=1365.456..1372.697 rows=100000 loops=1)
               Sort Key: s_1.a, s_1.b
               Sort Method: top-N heapsort  Memory: 14213kB
               ->  Seq Scan on s_1  (cost=0.00..163694.39 rows=9999939 width=20) (actual time=0.012..618.757 rows=10000000 loops=1)
 Planning time: 0.276 ms
 Execution time: 1381.796 ms
(8 rows)

===== 254 [Wed Mar  7 13:25:28 CET 2018] scale:10000000 groups:1000 work_mem:32MB incremental:off max_workers:0 =====
SELECT * FROM s_2 ORDER BY a, b, c LIMIT 100000
                                                             QUERY PLAN                                                              
-------------------------------------------------------------------------------------------------------------------------------------
 Limit  (cost=1045432.32..1045432.32 rows=1 width=20) (actual time=1377.016..1377.016 rows=0 loops=1)
   ->  Limit  (cost=1044182.32..1044432.32 rows=100000 width=20) (actual time=1364.461..1374.270 rows=100000 loops=1)
         ->  Sort  (cost=1044182.32..1069182.45 rows=10000054 width=20) (actual time=1364.461..1368.817 rows=100000 loops=1)
               Sort Key: s_2.a, s_2.b, s_2.c
               Sort Method: top-N heapsort  Memory: 13957kB
               ->  Seq Scan on s_2  (cost=0.00..163695.54 rows=10000054 width=20) (actual time=0.010..616.314 rows=10000000 loops=1)
 Planning time: 0.287 ms
 Execution time: 1377.928 ms
(8 rows)

===== 255 [Wed Mar  7 13:25:35 CET 2018] scale:10000000 groups:1000 work_mem:32MB incremental:off max_workers:0 =====
SELECT * FROM s_3 ORDER BY a, b, c, d LIMIT 100000
                                                             QUERY PLAN                                                             
------------------------------------------------------------------------------------------------------------------------------------
 Limit  (cost=1045421.04..1045421.04 rows=1 width=20) (actual time=1398.828..1398.828 rows=0 loops=1)
   ->  Limit  (cost=1044171.04..1044421.04 rows=100000 width=20) (actual time=1386.624..1396.090 rows=100000 loops=1)
         ->  Sort  (cost=1044171.04..1069170.89 rows=9999939 width=20) (actual time=1386.623..1390.654 rows=100000 loops=1)
               Sort Key: s_3.a, s_3.b, s_3.c, s_3.d
               Sort Method: top-N heapsort  Memory: 13957kB
               ->  Seq Scan on s_3  (cost=0.00..163694.39 rows=9999939 width=20) (actual time=0.012..618.121 rows=10000000 loops=1)
 Planning time: 0.281 ms
 Execution time: 1399.742 ms
(8 rows)

===== 256 [Wed Mar  7 13:25:41 CET 2018] scale:10000000 groups:1000 work_mem:32MB incremental:off max_workers:0 =====
SELECT * FROM s_4 ORDER BY a, b, c, d, e LIMIT 100000
                                                             QUERY PLAN                                                             
------------------------------------------------------------------------------------------------------------------------------------
 Limit  (cost=1045421.04..1045421.04 rows=1 width=20) (actual time=1387.890..1387.890 rows=0 loops=1)
   ->  Limit  (cost=1044171.04..1044421.04 rows=100000 width=20) (actual time=1375.581..1385.151 rows=100000 loops=1)
         ->  Sort  (cost=1044171.04..1069170.89 rows=9999939 width=20) (actual time=1375.580..1379.556 rows=100000 loops=1)
               Sort Key: s_4.a, s_4.b, s_4.c, s_4.d, s_4.e
               Sort Method: top-N heapsort  Memory: 13957kB
               ->  Seq Scan on s_4  (cost=0.00..163694.39 rows=9999939 width=20) (actual time=0.010..620.830 rows=10000000 loops=1)
 Planning time: 0.273 ms
 Execution time: 1388.797 ms
(8 rows)

===== 257 [Wed Mar  7 13:25:47 CET 2018] scale:10000000 groups:1000 work_mem:64MB incremental:on max_workers:0 =====
SELECT * FROM s_1 ORDER BY a, b LIMIT 100000
                                                                    QUERY PLAN                                                                     
---------------------------------------------------------------------------------------------------------------------------------------------------
 Limit  (cost=3826.25..3826.25 rows=1 width=20) (actual time=57.617..57.617 rows=0 loops=1)
   ->  Limit  (cost=987.14..2826.25 rows=100000 width=20) (actual time=2.343..54.869 rows=100000 loops=1)
         ->  Incremental Sort  (cost=987.14..184896.39 rows=9999939 width=20) (actual time=2.343..49.398 rows=100000 loops=1)
               Sort Key: s_1.a, s_1.b
               Presorted Key: s_1.a
               Sort Method: quicksort  Memory: 1187kB
               Sort Groups: 11
               ->  Index Scan using s_1_a_idx on s_1  (cost=0.43..323385.52 rows=9999939 width=20) (actual time=0.023..12.867 rows=104602 loops=1)
 Planning time: 0.273 ms
 Execution time: 57.657 ms
(10 rows)

===== 258 [Wed Mar  7 13:25:47 CET 2018] scale:10000000 groups:1000 work_mem:64MB incremental:on max_workers:0 =====
SELECT * FROM s_2 ORDER BY a, b, c LIMIT 100000
                                                                      QUERY PLAN                                                                      
------------------------------------------------------------------------------------------------------------------------------------------------------
 Limit  (cost=3008.31..3008.31 rows=1 width=20) (actual time=43.671..43.671 rows=0 loops=1)
   ->  Limit  (cost=1.01..2008.31 rows=100000 width=20) (actual time=0.059..40.905 rows=100000 loops=1)
         ->  Incremental Sort  (cost=1.01..200732.27 rows=10000054 width=20) (actual time=0.058..35.398 rows=100000 loops=1)
               Sort Key: s_2.a, s_2.b, s_2.c
               Presorted Key: s_2.a, s_2.b
               Sort Method: quicksort  Memory: 28kB
               Sort Groups: 2719
               ->  Index Scan using s_2_a_b_idx on s_2  (cost=0.43..406985.62 rows=10000054 width=20) (actual time=0.010..11.663 rows=100021 loops=1)
 Planning time: 0.293 ms
 Execution time: 43.695 ms
(10 rows)

===== 259 [Wed Mar  7 13:25:48 CET 2018] scale:10000000 groups:1000 work_mem:64MB incremental:on max_workers:0 =====
SELECT * FROM s_3 ORDER BY a, b, c, d LIMIT 100000
                                                                      QUERY PLAN                                                                       
-------------------------------------------------------------------------------------------------------------------------------------------------------
 Limit  (cost=3012.79..3012.79 rows=1 width=20) (actual time=34.242..34.242 rows=0 loops=1)
   ->  Limit  (cost=1.05..2012.79 rows=100000 width=20) (actual time=0.061..31.458 rows=100000 loops=1)
         ->  Incremental Sort  (cost=1.05..201173.43 rows=9999939 width=20) (actual time=0.061..25.985 rows=100000 loops=1)
               Sort Key: s_3.a, s_3.b, s_3.c, s_3.d
               Presorted Key: s_3.a, s_3.b, s_3.c
               Sort Method: quicksort  Memory: 27kB
               Sort Groups: 3125
               ->  Index Scan using s_3_a_b_c_idx on s_3  (cost=0.43..451319.90 rows=9999939 width=20) (actual time=0.015..11.886 rows=100017 loops=1)
 Planning time: 0.305 ms
 Execution time: 34.265 ms
(10 rows)

===== 260 [Wed Mar  7 13:25:48 CET 2018] scale:10000000 groups:1000 work_mem:64MB incremental:on max_workers:0 =====
SELECT * FROM s_4 ORDER BY a, b, c, d, e LIMIT 100000
                                                                       QUERY PLAN                                                                        
---------------------------------------------------------------------------------------------------------------------------------------------------------
 Limit  (cost=3012.79..3012.79 rows=1 width=20) (actual time=33.933..33.933 rows=0 loops=1)
   ->  Limit  (cost=1.05..2012.79 rows=100000 width=20) (actual time=0.063..31.161 rows=100000 loops=1)
         ->  Incremental Sort  (cost=1.05..201173.43 rows=9999939 width=20) (actual time=0.063..25.687 rows=100000 loops=1)
               Sort Key: s_4.a, s_4.b, s_4.c, s_4.d, s_4.e
               Presorted Key: s_4.a, s_4.b, s_4.c, s_4.d
               Sort Method: quicksort  Memory: 27kB
               Sort Groups: 3125
               ->  Index Scan using s_4_a_b_c_d_idx on s_4  (cost=0.43..451319.90 rows=9999939 width=20) (actual time=0.009..11.945 rows=100001 loops=1)
 Planning time: 0.291 ms
 Execution time: 33.957 ms
(10 rows)

===== 261 [Wed Mar  7 13:25:48 CET 2018] scale:10000000 groups:1000 work_mem:64MB incremental:off max_workers:0 =====
SELECT * FROM s_1 ORDER BY a, b LIMIT 100000
                                                             QUERY PLAN                                                             
------------------------------------------------------------------------------------------------------------------------------------
 Limit  (cost=1045421.04..1045421.04 rows=1 width=20) (actual time=1378.795..1378.795 rows=0 loops=1)
   ->  Limit  (cost=1044171.04..1044421.04 rows=100000 width=20) (actual time=1363.340..1376.062 rows=100000 loops=1)
         ->  Sort  (cost=1044171.04..1069170.89 rows=9999939 width=20) (actual time=1363.339..1370.604 rows=100000 loops=1)
               Sort Key: s_1.a, s_1.b
               Sort Method: top-N heapsort  Memory: 14213kB
               ->  Seq Scan on s_1  (cost=0.00..163694.39 rows=9999939 width=20) (actual time=0.012..617.117 rows=10000000 loops=1)
 Planning time: 0.276 ms
 Execution time: 1379.701 ms
(8 rows)

===== 262 [Wed Mar  7 13:25:54 CET 2018] scale:10000000 groups:1000 work_mem:64MB incremental:off max_workers:0 =====
SELECT * FROM s_2 ORDER BY a, b, c LIMIT 100000
                                                             QUERY PLAN                                                              
-------------------------------------------------------------------------------------------------------------------------------------
 Limit  (cost=1045432.32..1045432.32 rows=1 width=20) (actual time=1377.705..1377.705 rows=0 loops=1)
   ->  Limit  (cost=1044182.32..1044432.32 rows=100000 width=20) (actual time=1365.154..1374.961 rows=100000 loops=1)
         ->  Sort  (cost=1044182.32..1069182.45 rows=10000054 width=20) (actual time=1365.153..1369.512 rows=100000 loops=1)
               Sort Key: s_2.a, s_2.b, s_2.c
               Sort Method: top-N heapsort  Memory: 13957kB
               ->  Seq Scan on s_2  (cost=0.00..163695.54 rows=10000054 width=20) (actual time=0.010..617.113 rows=10000000 loops=1)
 Planning time: 0.278 ms
 Execution time: 1378.614 ms
(8 rows)

===== 263 [Wed Mar  7 13:26:01 CET 2018] scale:10000000 groups:1000 work_mem:64MB incremental:off max_workers:0 =====
SELECT * FROM s_3 ORDER BY a, b, c, d LIMIT 100000
                                                             QUERY PLAN                                                             
------------------------------------------------------------------------------------------------------------------------------------
 Limit  (cost=1045421.04..1045421.04 rows=1 width=20) (actual time=1399.534..1399.534 rows=0 loops=1)
   ->  Limit  (cost=1044171.04..1044421.04 rows=100000 width=20) (actual time=1387.342..1396.785 rows=100000 loops=1)
         ->  Sort  (cost=1044171.04..1069170.89 rows=9999939 width=20) (actual time=1387.341..1391.355 rows=100000 loops=1)
               Sort Key: s_3.a, s_3.b, s_3.c, s_3.d
               Sort Method: top-N heapsort  Memory: 13957kB
               ->  Seq Scan on s_3  (cost=0.00..163694.39 rows=9999939 width=20) (actual time=0.012..618.648 rows=10000000 loops=1)
 Planning time: 0.284 ms
 Execution time: 1400.445 ms
(8 rows)

===== 264 [Wed Mar  7 13:26:07 CET 2018] scale:10000000 groups:1000 work_mem:64MB incremental:off max_workers:0 =====
SELECT * FROM s_4 ORDER BY a, b, c, d, e LIMIT 100000
                                                             QUERY PLAN                                                             
------------------------------------------------------------------------------------------------------------------------------------
 Limit  (cost=1045421.04..1045421.04 rows=1 width=20) (actual time=1387.966..1387.966 rows=0 loops=1)
   ->  Limit  (cost=1044171.04..1044421.04 rows=100000 width=20) (actual time=1375.658..1385.216 rows=100000 loops=1)
         ->  Sort  (cost=1044171.04..1069170.89 rows=9999939 width=20) (actual time=1375.657..1379.627 rows=100000 loops=1)
               Sort Key: s_4.a, s_4.b, s_4.c, s_4.d, s_4.e
               Sort Method: top-N heapsort  Memory: 13957kB
               ->  Seq Scan on s_4  (cost=0.00..163694.39 rows=9999939 width=20) (actual time=0.009..621.226 rows=10000000 loops=1)
 Planning time: 0.273 ms
 Execution time: 1388.873 ms
(8 rows)

===== 265 [Wed Mar  7 13:26:13 CET 2018] scale:10000000 groups:1000 work_mem:128MB incremental:on max_workers:0 =====
SELECT * FROM s_1 ORDER BY a, b LIMIT 100000
                                                                    QUERY PLAN                                                                     
---------------------------------------------------------------------------------------------------------------------------------------------------
 Limit  (cost=3826.25..3826.25 rows=1 width=20) (actual time=57.630..57.630 rows=0 loops=1)
   ->  Limit  (cost=987.14..2826.25 rows=100000 width=20) (actual time=2.340..54.887 rows=100000 loops=1)
         ->  Incremental Sort  (cost=987.14..184896.39 rows=9999939 width=20) (actual time=2.339..49.414 rows=100000 loops=1)
               Sort Key: s_1.a, s_1.b
               Presorted Key: s_1.a
               Sort Method: quicksort  Memory: 1187kB
               Sort Groups: 11
               ->  Index Scan using s_1_a_idx on s_1  (cost=0.43..323385.52 rows=9999939 width=20) (actual time=0.023..12.869 rows=104602 loops=1)
 Planning time: 0.275 ms
 Execution time: 57.668 ms
(10 rows)

===== 266 [Wed Mar  7 13:26:14 CET 2018] scale:10000000 groups:1000 work_mem:128MB incremental:on max_workers:0 =====
SELECT * FROM s_2 ORDER BY a, b, c LIMIT 100000
                                                                      QUERY PLAN                                                                      
------------------------------------------------------------------------------------------------------------------------------------------------------
 Limit  (cost=3008.31..3008.31 rows=1 width=20) (actual time=43.671..43.671 rows=0 loops=1)
   ->  Limit  (cost=1.01..2008.31 rows=100000 width=20) (actual time=0.060..40.906 rows=100000 loops=1)
         ->  Incremental Sort  (cost=1.01..200732.27 rows=10000054 width=20) (actual time=0.059..35.387 rows=100000 loops=1)
               Sort Key: s_2.a, s_2.b, s_2.c
               Presorted Key: s_2.a, s_2.b
               Sort Method: quicksort  Memory: 28kB
               Sort Groups: 2719
               ->  Index Scan using s_2_a_b_idx on s_2  (cost=0.43..406985.62 rows=10000054 width=20) (actual time=0.010..11.654 rows=100021 loops=1)
 Planning time: 0.295 ms
 Execution time: 43.702 ms
(10 rows)

===== 267 [Wed Mar  7 13:26:14 CET 2018] scale:10000000 groups:1000 work_mem:128MB incremental:on max_workers:0 =====
SELECT * FROM s_3 ORDER BY a, b, c, d LIMIT 100000
                                                                      QUERY PLAN                                                                       
-------------------------------------------------------------------------------------------------------------------------------------------------------
 Limit  (cost=3012.79..3012.79 rows=1 width=20) (actual time=34.268..34.268 rows=0 loops=1)
   ->  Limit  (cost=1.05..2012.79 rows=100000 width=20) (actual time=0.063..31.485 rows=100000 loops=1)
         ->  Incremental Sort  (cost=1.05..201173.43 rows=9999939 width=20) (actual time=0.063..26.007 rows=100000 loops=1)
               Sort Key: s_3.a, s_3.b, s_3.c, s_3.d
               Presorted Key: s_3.a, s_3.b, s_3.c
               Sort Method: quicksort  Memory: 27kB
               Sort Groups: 3125
               ->  Index Scan using s_3_a_b_c_idx on s_3  (cost=0.43..451319.90 rows=9999939 width=20) (actual time=0.015..11.909 rows=100017 loops=1)
 Planning time: 0.299 ms
 Execution time: 34.292 ms
(10 rows)

===== 268 [Wed Mar  7 13:26:14 CET 2018] scale:10000000 groups:1000 work_mem:128MB incremental:on max_workers:0 =====
SELECT * FROM s_4 ORDER BY a, b, c, d, e LIMIT 100000
                                                                       QUERY PLAN                                                                        
---------------------------------------------------------------------------------------------------------------------------------------------------------
 Limit  (cost=3012.79..3012.79 rows=1 width=20) (actual time=33.932..33.932 rows=0 loops=1)
   ->  Limit  (cost=1.05..2012.79 rows=100000 width=20) (actual time=0.063..31.163 rows=100000 loops=1)
         ->  Incremental Sort  (cost=1.05..201173.43 rows=9999939 width=20) (actual time=0.063..25.692 rows=100000 loops=1)
               Sort Key: s_4.a, s_4.b, s_4.c, s_4.d, s_4.e
               Presorted Key: s_4.a, s_4.b, s_4.c, s_4.d
               Sort Method: quicksort  Memory: 27kB
               Sort Groups: 3125
               ->  Index Scan using s_4_a_b_c_d_idx on s_4  (cost=0.43..451319.90 rows=9999939 width=20) (actual time=0.010..11.949 rows=100001 loops=1)
 Planning time: 0.291 ms
 Execution time: 33.956 ms
(10 rows)

===== 269 [Wed Mar  7 13:26:14 CET 2018] scale:10000000 groups:1000 work_mem:128MB incremental:off max_workers:0 =====
SELECT * FROM s_1 ORDER BY a, b LIMIT 100000
                                                             QUERY PLAN                                                             
------------------------------------------------------------------------------------------------------------------------------------
 Limit  (cost=1045421.04..1045421.04 rows=1 width=20) (actual time=1379.255..1379.255 rows=0 loops=1)
   ->  Limit  (cost=1044171.04..1044421.04 rows=100000 width=20) (actual time=1363.811..1376.517 rows=100000 loops=1)
         ->  Sort  (cost=1044171.04..1069170.89 rows=9999939 width=20) (actual time=1363.810..1371.060 rows=100000 loops=1)
               Sort Key: s_1.a, s_1.b
               Sort Method: top-N heapsort  Memory: 14213kB
               ->  Seq Scan on s_1  (cost=0.00..163694.39 rows=9999939 width=20) (actual time=0.012..617.679 rows=10000000 loops=1)
 Planning time: 0.280 ms
 Execution time: 1380.162 ms
(8 rows)

===== 270 [Wed Mar  7 13:26:20 CET 2018] scale:10000000 groups:1000 work_mem:128MB incremental:off max_workers:0 =====
SELECT * FROM s_2 ORDER BY a, b, c LIMIT 100000
                                                             QUERY PLAN                                                              
-------------------------------------------------------------------------------------------------------------------------------------
 Limit  (cost=1045432.32..1045432.32 rows=1 width=20) (actual time=1376.567..1376.567 rows=0 loops=1)
   ->  Limit  (cost=1044182.32..1044432.32 rows=100000 width=20) (actual time=1364.001..1373.831 rows=100000 loops=1)
         ->  Sort  (cost=1044182.32..1069182.45 rows=10000054 width=20) (actual time=1364.000..1368.389 rows=100000 loops=1)
               Sort Key: s_2.a, s_2.b, s_2.c
               Sort Method: top-N heapsort  Memory: 13957kB
               ->  Seq Scan on s_2  (cost=0.00..163695.54 rows=10000054 width=20) (actual time=0.010..616.178 rows=10000000 loops=1)
 Planning time: 0.284 ms
 Execution time: 1377.479 ms
(8 rows)

===== 271 [Wed Mar  7 13:26:27 CET 2018] scale:10000000 groups:1000 work_mem:128MB incremental:off max_workers:0 =====
SELECT * FROM s_3 ORDER BY a, b, c, d LIMIT 100000
                                                             QUERY PLAN                                                             
------------------------------------------------------------------------------------------------------------------------------------
 Limit  (cost=1045421.04..1045421.04 rows=1 width=20) (actual time=1398.677..1398.677 rows=0 loops=1)
   ->  Limit  (cost=1044171.04..1044421.04 rows=100000 width=20) (actual time=1386.480..1395.928 rows=100000 loops=1)
         ->  Sort  (cost=1044171.04..1069170.89 rows=9999939 width=20) (actual time=1386.479..1390.503 rows=100000 loops=1)
               Sort Key: s_3.a, s_3.b, s_3.c, s_3.d
               Sort Method: top-N heapsort  Memory: 13957kB
               ->  Seq Scan on s_3  (cost=0.00..163694.39 rows=9999939 width=20) (actual time=0.012..617.731 rows=10000000 loops=1)
 Planning time: 0.284 ms
 Execution time: 1399.582 ms
(8 rows)

===== 272 [Wed Mar  7 13:26:33 CET 2018] scale:10000000 groups:1000 work_mem:128MB incremental:off max_workers:0 =====
SELECT * FROM s_4 ORDER BY a, b, c, d, e LIMIT 100000
                                                             QUERY PLAN                                                             
------------------------------------------------------------------------------------------------------------------------------------
 Limit  (cost=1045421.04..1045421.04 rows=1 width=20) (actual time=1387.621..1387.621 rows=0 loops=1)
   ->  Limit  (cost=1044171.04..1044421.04 rows=100000 width=20) (actual time=1375.305..1384.885 rows=100000 loops=1)
         ->  Sort  (cost=1044171.04..1069170.89 rows=9999939 width=20) (actual time=1375.304..1379.295 rows=100000 loops=1)
               Sort Key: s_4.a, s_4.b, s_4.c, s_4.d, s_4.e
               Sort Method: top-N heapsort  Memory: 13957kB
               ->  Seq Scan on s_4  (cost=0.00..163694.39 rows=9999939 width=20) (actual time=0.010..620.359 rows=10000000 loops=1)
 Planning time: 0.278 ms
 Execution time: 1388.528 ms
(8 rows)

===== 273 [Wed Mar  7 13:26:39 CET 2018] scale:10000000 groups:1000 work_mem:256MB incremental:on max_workers:0 =====
SELECT * FROM s_1 ORDER BY a, b LIMIT 100000
                                                                    QUERY PLAN                                                                     
---------------------------------------------------------------------------------------------------------------------------------------------------
 Limit  (cost=3826.25..3826.25 rows=1 width=20) (actual time=57.642..57.642 rows=0 loops=1)
   ->  Limit  (cost=987.14..2826.25 rows=100000 width=20) (actual time=2.350..54.898 rows=100000 loops=1)
         ->  Incremental Sort  (cost=987.14..184896.39 rows=9999939 width=20) (actual time=2.349..49.435 rows=100000 loops=1)
               Sort Key: s_1.a, s_1.b
               Presorted Key: s_1.a
               Sort Method: quicksort  Memory: 1187kB
               Sort Groups: 11
               ->  Index Scan using s_1_a_idx on s_1  (cost=0.43..323385.52 rows=9999939 width=20) (actual time=0.023..12.867 rows=104602 loops=1)
 Planning time: 0.271 ms
 Execution time: 57.680 ms
(10 rows)

===== 274 [Wed Mar  7 13:26:40 CET 2018] scale:10000000 groups:1000 work_mem:256MB incremental:on max_workers:0 =====
SELECT * FROM s_2 ORDER BY a, b, c LIMIT 100000
                                                                      QUERY PLAN                                                                      
------------------------------------------------------------------------------------------------------------------------------------------------------
 Limit  (cost=3008.31..3008.31 rows=1 width=20) (actual time=43.672..43.672 rows=0 loops=1)
   ->  Limit  (cost=1.01..2008.31 rows=100000 width=20) (actual time=0.059..40.898 rows=100000 loops=1)
         ->  Incremental Sort  (cost=1.01..200732.27 rows=10000054 width=20) (actual time=0.058..35.382 rows=100000 loops=1)
               Sort Key: s_2.a, s_2.b, s_2.c
               Presorted Key: s_2.a, s_2.b
               Sort Method: quicksort  Memory: 28kB
               Sort Groups: 2719
               ->  Index Scan using s_2_a_b_idx on s_2  (cost=0.43..406985.62 rows=10000054 width=20) (actual time=0.010..11.658 rows=100021 loops=1)
 Planning time: 0.298 ms
 Execution time: 43.696 ms
(10 rows)

===== 275 [Wed Mar  7 13:26:40 CET 2018] scale:10000000 groups:1000 work_mem:256MB incremental:on max_workers:0 =====
SELECT * FROM s_3 ORDER BY a, b, c, d LIMIT 100000
                                                                      QUERY PLAN                                                                       
-------------------------------------------------------------------------------------------------------------------------------------------------------
 Limit  (cost=3012.79..3012.79 rows=1 width=20) (actual time=34.249..34.249 rows=0 loops=1)
   ->  Limit  (cost=1.05..2012.79 rows=100000 width=20) (actual time=0.065..31.467 rows=100000 loops=1)
         ->  Incremental Sort  (cost=1.05..201173.43 rows=9999939 width=20) (actual time=0.065..25.988 rows=100000 loops=1)
               Sort Key: s_3.a, s_3.b, s_3.c, s_3.d
               Presorted Key: s_3.a, s_3.b, s_3.c
               Sort Method: quicksort  Memory: 27kB
               Sort Groups: 3125
               ->  Index Scan using s_3_a_b_c_idx on s_3  (cost=0.43..451319.90 rows=9999939 width=20) (actual time=0.015..11.884 rows=100017 loops=1)
 Planning time: 0.304 ms
 Execution time: 34.273 ms
(10 rows)

===== 276 [Wed Mar  7 13:26:40 CET 2018] scale:10000000 groups:1000 work_mem:256MB incremental:on max_workers:0 =====
SELECT * FROM s_4 ORDER BY a, b, c, d, e LIMIT 100000
                                                                       QUERY PLAN                                                                        
---------------------------------------------------------------------------------------------------------------------------------------------------------
 Limit  (cost=3012.79..3012.79 rows=1 width=20) (actual time=33.936..33.936 rows=0 loops=1)
   ->  Limit  (cost=1.05..2012.79 rows=100000 width=20) (actual time=0.066..31.165 rows=100000 loops=1)
         ->  Incremental Sort  (cost=1.05..201173.43 rows=9999939 width=20) (actual time=0.065..25.697 rows=100000 loops=1)
               Sort Key: s_4.a, s_4.b, s_4.c, s_4.d, s_4.e
               Presorted Key: s_4.a, s_4.b, s_4.c, s_4.d
               Sort Method: quicksort  Memory: 27kB
               Sort Groups: 3125
               ->  Index Scan using s_4_a_b_c_d_idx on s_4  (cost=0.43..451319.90 rows=9999939 width=20) (actual time=0.009..11.947 rows=100001 loops=1)
 Planning time: 0.287 ms
 Execution time: 33.960 ms
(10 rows)

===== 277 [Wed Mar  7 13:26:40 CET 2018] scale:10000000 groups:1000 work_mem:256MB incremental:off max_workers:0 =====
SELECT * FROM s_1 ORDER BY a, b LIMIT 100000
                                                             QUERY PLAN                                                             
------------------------------------------------------------------------------------------------------------------------------------
 Limit  (cost=1045421.04..1045421.04 rows=1 width=20) (actual time=1378.554..1378.554 rows=0 loops=1)
   ->  Limit  (cost=1044171.04..1044421.04 rows=100000 width=20) (actual time=1363.172..1375.813 rows=100000 loops=1)
         ->  Sort  (cost=1044171.04..1069170.89 rows=9999939 width=20) (actual time=1363.171..1370.368 rows=100000 loops=1)
               Sort Key: s_1.a, s_1.b
               Sort Method: top-N heapsort  Memory: 14213kB
               ->  Seq Scan on s_1  (cost=0.00..163694.39 rows=9999939 width=20) (actual time=0.012..616.808 rows=10000000 loops=1)
 Planning time: 0.266 ms
 Execution time: 1379.462 ms
(8 rows)

===== 278 [Wed Mar  7 13:26:47 CET 2018] scale:10000000 groups:1000 work_mem:256MB incremental:off max_workers:0 =====
SELECT * FROM s_2 ORDER BY a, b, c LIMIT 100000
                                                             QUERY PLAN                                                              
-------------------------------------------------------------------------------------------------------------------------------------
 Limit  (cost=1045432.32..1045432.32 rows=1 width=20) (actual time=1375.452..1375.452 rows=0 loops=1)
   ->  Limit  (cost=1044182.32..1044432.32 rows=100000 width=20) (actual time=1362.879..1372.715 rows=100000 loops=1)
         ->  Sort  (cost=1044182.32..1069182.45 rows=10000054 width=20) (actual time=1362.878..1367.257 rows=100000 loops=1)
               Sort Key: s_2.a, s_2.b, s_2.c
               Sort Method: top-N heapsort  Memory: 13957kB
               ->  Seq Scan on s_2  (cost=0.00..163695.54 rows=10000054 width=20) (actual time=0.010..615.077 rows=10000000 loops=1)
 Planning time: 0.282 ms
 Execution time: 1376.361 ms
(8 rows)

===== 279 [Wed Mar  7 13:26:53 CET 2018] scale:10000000 groups:1000 work_mem:256MB incremental:off max_workers:0 =====
SELECT * FROM s_3 ORDER BY a, b, c, d LIMIT 100000
                                                             QUERY PLAN                                                             
------------------------------------------------------------------------------------------------------------------------------------
 Limit  (cost=1045421.04..1045421.04 rows=1 width=20) (actual time=1398.715..1398.715 rows=0 loops=1)
   ->  Limit  (cost=1044171.04..1044421.04 rows=100000 width=20) (actual time=1386.521..1395.974 rows=100000 loops=1)
         ->  Sort  (cost=1044171.04..1069170.89 rows=9999939 width=20) (actual time=1386.521..1390.541 rows=100000 loops=1)
               Sort Key: s_3.a, s_3.b, s_3.c, s_3.d
               Sort Method: top-N heapsort  Memory: 13957kB
               ->  Seq Scan on s_3  (cost=0.00..163694.39 rows=9999939 width=20) (actual time=0.012..617.764 rows=10000000 loops=1)
 Planning time: 0.286 ms
 Execution time: 1399.628 ms
(8 rows)

===== 280 [Wed Mar  7 13:26:59 CET 2018] scale:10000000 groups:1000 work_mem:256MB incremental:off max_workers:0 =====
SELECT * FROM s_4 ORDER BY a, b, c, d, e LIMIT 100000
                                                             QUERY PLAN                                                             
------------------------------------------------------------------------------------------------------------------------------------
 Limit  (cost=1045421.04..1045421.04 rows=1 width=20) (actual time=1387.423..1387.423 rows=0 loops=1)
   ->  Limit  (cost=1044171.04..1044421.04 rows=100000 width=20) (actual time=1375.105..1384.670 rows=100000 loops=1)
         ->  Sort  (cost=1044171.04..1069170.89 rows=9999939 width=20) (actual time=1375.104..1379.074 rows=100000 loops=1)
               Sort Key: s_4.a, s_4.b, s_4.c, s_4.d, s_4.e
               Sort Method: top-N heapsort  Memory: 13957kB
               ->  Seq Scan on s_4  (cost=0.00..163694.39 rows=9999939 width=20) (actual time=0.009..620.202 rows=10000000 loops=1)
 Planning time: 0.289 ms
 Execution time: 1388.329 ms
(8 rows)

===== 281 [Wed Mar  7 13:27:05 CET 2018] scale:10000000 groups:1000 work_mem:4MB incremental:on max_workers:2 =====
SELECT * FROM s_1 ORDER BY a, b LIMIT 100000
                                                                    QUERY PLAN                                                                     
---------------------------------------------------------------------------------------------------------------------------------------------------
 Limit  (cost=3826.25..3826.25 rows=1 width=20) (actual time=57.633..57.633 rows=0 loops=1)
   ->  Limit  (cost=987.14..2826.25 rows=100000 width=20) (actual time=2.339..54.887 rows=100000 loops=1)
         ->  Incremental Sort  (cost=987.14..184896.39 rows=9999939 width=20) (actual time=2.339..49.421 rows=100000 loops=1)
               Sort Key: s_1.a, s_1.b
               Presorted Key: s_1.a
               Sort Method: quicksort  Memory: 1187kB
               Sort Groups: 11
               ->  Index Scan using s_1_a_idx on s_1  (cost=0.43..323385.52 rows=9999939 width=20) (actual time=0.024..12.854 rows=104602 loops=1)
 Planning time: 0.287 ms
 Execution time: 57.672 ms
(10 rows)

===== 282 [Wed Mar  7 13:27:06 CET 2018] scale:10000000 groups:1000 work_mem:4MB incremental:on max_workers:2 =====
SELECT * FROM s_2 ORDER BY a, b, c LIMIT 100000
                                                                      QUERY PLAN                                                                      
------------------------------------------------------------------------------------------------------------------------------------------------------
 Limit  (cost=3008.31..3008.31 rows=1 width=20) (actual time=43.673..43.673 rows=0 loops=1)
   ->  Limit  (cost=1.01..2008.31 rows=100000 width=20) (actual time=0.060..40.915 rows=100000 loops=1)
         ->  Incremental Sort  (cost=1.01..200732.27 rows=10000054 width=20) (actual time=0.060..35.398 rows=100000 loops=1)
               Sort Key: s_2.a, s_2.b, s_2.c
               Presorted Key: s_2.a, s_2.b
               Sort Method: quicksort  Memory: 28kB
               Sort Groups: 2719
               ->  Index Scan using s_2_a_b_idx on s_2  (cost=0.43..406985.62 rows=10000054 width=20) (actual time=0.010..11.650 rows=100021 loops=1)
 Planning time: 0.300 ms
 Execution time: 43.698 ms
(10 rows)

===== 283 [Wed Mar  7 13:27:06 CET 2018] scale:10000000 groups:1000 work_mem:4MB incremental:on max_workers:2 =====
SELECT * FROM s_3 ORDER BY a, b, c, d LIMIT 100000
                                                                      QUERY PLAN                                                                       
-------------------------------------------------------------------------------------------------------------------------------------------------------
 Limit  (cost=3012.79..3012.79 rows=1 width=20) (actual time=34.299..34.299 rows=0 loops=1)
   ->  Limit  (cost=1.05..2012.79 rows=100000 width=20) (actual time=0.062..31.533 rows=100000 loops=1)
         ->  Incremental Sort  (cost=1.05..201173.43 rows=9999939 width=20) (actual time=0.062..26.030 rows=100000 loops=1)
               Sort Key: s_3.a, s_3.b, s_3.c, s_3.d
               Presorted Key: s_3.a, s_3.b, s_3.c
               Sort Method: quicksort  Memory: 27kB
               Sort Groups: 3125
               ->  Index Scan using s_3_a_b_c_idx on s_3  (cost=0.43..451319.90 rows=9999939 width=20) (actual time=0.015..11.923 rows=100017 loops=1)
 Planning time: 0.301 ms
 Execution time: 34.323 ms
(10 rows)

===== 284 [Wed Mar  7 13:27:06 CET 2018] scale:10000000 groups:1000 work_mem:4MB incremental:on max_workers:2 =====
SELECT * FROM s_4 ORDER BY a, b, c, d, e LIMIT 100000
                                                                       QUERY PLAN                                                                        
---------------------------------------------------------------------------------------------------------------------------------------------------------
 Limit  (cost=3012.79..3012.79 rows=1 width=20) (actual time=33.934..33.934 rows=0 loops=1)
   ->  Limit  (cost=1.05..2012.79 rows=100000 width=20) (actual time=0.063..31.169 rows=100000 loops=1)
         ->  Incremental Sort  (cost=1.05..201173.43 rows=9999939 width=20) (actual time=0.063..25.692 rows=100000 loops=1)
               Sort Key: s_4.a, s_4.b, s_4.c, s_4.d, s_4.e
               Presorted Key: s_4.a, s_4.b, s_4.c, s_4.d
               Sort Method: quicksort  Memory: 27kB
               Sort Groups: 3125
               ->  Index Scan using s_4_a_b_c_d_idx on s_4  (cost=0.43..451319.90 rows=9999939 width=20) (actual time=0.009..11.973 rows=100001 loops=1)
 Planning time: 0.300 ms
 Execution time: 33.958 ms
(10 rows)

===== 285 [Wed Mar  7 13:27:06 CET 2018] scale:10000000 groups:1000 work_mem:4MB incremental:off max_workers:2 =====
SELECT * FROM s_1 ORDER BY a, b LIMIT 100000
                                                                    QUERY PLAN                                                                    
--------------------------------------------------------------------------------------------------------------------------------------------------
 Limit  (cost=748058.54..748058.54 rows=1 width=20) (actual time=1889.183..1889.183 rows=0 loops=1)
   ->  Limit  (cost=735391.06..747058.54 rows=100000 width=20) (actual time=1861.536..1886.376 rows=100000 loops=1)
         ->  Gather Merge  (cost=735391.06..1707675.17 rows=8333282 width=20) (actual time=1861.535..1880.702 rows=100000 loops=1)
               Workers Planned: 2
               Workers Launched: 2
               ->  Sort  (cost=734391.04..744807.64 rows=4166641 width=20) (actual time=1857.396..1860.579 rows=33975 loops=3)
                     Sort Key: s_1.a, s_1.b
                     Sort Method: external merge  Disk: 98112kB
                     Worker 0:  Sort Method: external merge  Disk: 97744kB
                     Worker 1:  Sort Method: external merge  Disk: 97744kB
                     ->  Parallel Seq Scan on s_1  (cost=0.00..105361.41 rows=4166641 width=20) (actual time=0.010..228.041 rows=3333333 loops=3)
 Planning time: 0.284 ms
 Execution time: 1914.348 ms
(13 rows)

===== 286 [Wed Mar  7 13:27:17 CET 2018] scale:10000000 groups:1000 work_mem:4MB incremental:off max_workers:2 =====
SELECT * FROM s_2 ORDER BY a, b, c LIMIT 100000
                                                                    QUERY PLAN                                                                    
--------------------------------------------------------------------------------------------------------------------------------------------------
 Limit  (cost=748071.64..748071.64 rows=1 width=20) (actual time=1882.813..1882.813 rows=0 loops=1)
   ->  Limit  (cost=735404.16..747071.64 rows=100000 width=20) (actual time=1856.294..1880.012 rows=100000 loops=1)
         ->  Gather Merge  (cost=735404.16..1707699.48 rows=8333378 width=20) (actual time=1856.294..1874.397 rows=100000 loops=1)
               Workers Planned: 2
               Workers Launched: 2
               ->  Sort  (cost=734404.14..744820.86 rows=4166689 width=20) (actual time=1845.265..1848.450 rows=33983 loops=3)
                     Sort Key: s_2.a, s_2.b, s_2.c
                     Sort Method: external merge  Disk: 98112kB
                     Worker 0:  Sort Method: external merge  Disk: 97744kB
                     Worker 1:  Sort Method: external merge  Disk: 97744kB
                     ->  Parallel Seq Scan on s_2  (cost=0.00..105361.89 rows=4166689 width=20) (actual time=0.010..227.250 rows=3333333 loops=3)
 Planning time: 0.295 ms
 Execution time: 1908.115 ms
(13 rows)

===== 287 [Wed Mar  7 13:27:28 CET 2018] scale:10000000 groups:1000 work_mem:4MB incremental:off max_workers:2 =====
SELECT * FROM s_3 ORDER BY a, b, c, d LIMIT 100000
                                                                    QUERY PLAN                                                                    
--------------------------------------------------------------------------------------------------------------------------------------------------
 Limit  (cost=748058.54..748058.54 rows=1 width=20) (actual time=1515.427..1515.427 rows=0 loops=1)
   ->  Limit  (cost=735391.06..747058.54 rows=100000 width=20) (actual time=1488.933..1512.623 rows=100000 loops=1)
         ->  Gather Merge  (cost=735391.06..1707675.17 rows=8333282 width=20) (actual time=1488.933..1506.996 rows=100000 loops=1)
               Workers Planned: 2
               Workers Launched: 2
               ->  Sort  (cost=734391.04..744807.64 rows=4166641 width=20) (actual time=1482.600..1485.773 rows=33959 loops=3)
                     Sort Key: s_3.a, s_3.b, s_3.c, s_3.d
                     Sort Method: external merge  Disk: 97376kB
                     Worker 0:  Sort Method: external merge  Disk: 98104kB
                     Worker 1:  Sort Method: external merge  Disk: 98128kB
                     ->  Parallel Seq Scan on s_3  (cost=0.00..105361.41 rows=4166641 width=20) (actual time=0.010..234.922 rows=3333333 loops=3)
 Planning time: 0.314 ms
 Execution time: 1541.089 ms
(13 rows)

===== 288 [Wed Mar  7 13:27:37 CET 2018] scale:10000000 groups:1000 work_mem:4MB incremental:off max_workers:2 =====
SELECT * FROM s_4 ORDER BY a, b, c, d, e LIMIT 100000
                                                                    QUERY PLAN                                                                    
--------------------------------------------------------------------------------------------------------------------------------------------------
 Limit  (cost=748058.54..748058.54 rows=1 width=20) (actual time=1113.269..1113.269 rows=0 loops=1)
   ->  Limit  (cost=735391.06..747058.54 rows=100000 width=20) (actual time=1086.831..1110.462 rows=100000 loops=1)
         ->  Gather Merge  (cost=735391.06..1707675.17 rows=8333282 width=20) (actual time=1086.830..1104.822 rows=100000 loops=1)
               Workers Planned: 2
               Workers Launched: 2
               ->  Sort  (cost=734391.04..744807.64 rows=4166641 width=20) (actual time=1079.083..1082.252 rows=33959 loops=3)
                     Sort Key: s_4.a, s_4.b, s_4.c, s_4.d, s_4.e
                     Sort Method: external merge  Disk: 97456kB
                     Worker 0:  Sort Method: external merge  Disk: 98096kB
                     Worker 1:  Sort Method: external merge  Disk: 98064kB
                     ->  Parallel Seq Scan on s_4  (cost=0.00..105361.41 rows=4166641 width=20) (actual time=0.008..239.459 rows=3333333 loops=3)
 Planning time: 0.294 ms
 Execution time: 1138.934 ms
(13 rows)

===== 289 [Wed Mar  7 13:27:43 CET 2018] scale:10000000 groups:1000 work_mem:8MB incremental:on max_workers:2 =====
SELECT * FROM s_1 ORDER BY a, b LIMIT 100000
                                                                    QUERY PLAN                                                                     
---------------------------------------------------------------------------------------------------------------------------------------------------
 Limit  (cost=3826.25..3826.25 rows=1 width=20) (actual time=57.627..57.627 rows=0 loops=1)
   ->  Limit  (cost=987.14..2826.25 rows=100000 width=20) (actual time=2.335..54.881 rows=100000 loops=1)
         ->  Incremental Sort  (cost=987.14..184896.39 rows=9999939 width=20) (actual time=2.335..49.407 rows=100000 loops=1)
               Sort Key: s_1.a, s_1.b
               Presorted Key: s_1.a
               Sort Method: quicksort  Memory: 1187kB
               Sort Groups: 11
               ->  Index Scan using s_1_a_idx on s_1  (cost=0.43..323385.52 rows=9999939 width=20) (actual time=0.023..12.859 rows=104602 loops=1)
 Planning time: 0.283 ms
 Execution time: 57.666 ms
(10 rows)

===== 290 [Wed Mar  7 13:27:43 CET 2018] scale:10000000 groups:1000 work_mem:8MB incremental:on max_workers:2 =====
SELECT * FROM s_2 ORDER BY a, b, c LIMIT 100000
                                                                      QUERY PLAN                                                                      
------------------------------------------------------------------------------------------------------------------------------------------------------
 Limit  (cost=3008.31..3008.31 rows=1 width=20) (actual time=43.679..43.679 rows=0 loops=1)
   ->  Limit  (cost=1.01..2008.31 rows=100000 width=20) (actual time=0.060..40.918 rows=100000 loops=1)
         ->  Incremental Sort  (cost=1.01..200732.27 rows=10000054 width=20) (actual time=0.059..35.404 rows=100000 loops=1)
               Sort Key: s_2.a, s_2.b, s_2.c
               Presorted Key: s_2.a, s_2.b
               Sort Method: quicksort  Memory: 28kB
               Sort Groups: 2719
               ->  Index Scan using s_2_a_b_idx on s_2  (cost=0.43..406985.62 rows=10000054 width=20) (actual time=0.010..11.650 rows=100021 loops=1)
 Planning time: 0.296 ms
 Execution time: 43.703 ms
(10 rows)

===== 291 [Wed Mar  7 13:27:43 CET 2018] scale:10000000 groups:1000 work_mem:8MB incremental:on max_workers:2 =====
SELECT * FROM s_3 ORDER BY a, b, c, d LIMIT 100000
                                                                      QUERY PLAN                                                                       
-------------------------------------------------------------------------------------------------------------------------------------------------------
 Limit  (cost=3012.79..3012.79 rows=1 width=20) (actual time=34.293..34.293 rows=0 loops=1)
   ->  Limit  (cost=1.05..2012.79 rows=100000 width=20) (actual time=0.061..31.530 rows=100000 loops=1)
         ->  Incremental Sort  (cost=1.05..201173.43 rows=9999939 width=20) (actual time=0.061..26.035 rows=100000 loops=1)
               Sort Key: s_3.a, s_3.b, s_3.c, s_3.d
               Presorted Key: s_3.a, s_3.b, s_3.c
               Sort Method: quicksort  Memory: 27kB
               Sort Groups: 3125
               ->  Index Scan using s_3_a_b_c_idx on s_3  (cost=0.43..451319.90 rows=9999939 width=20) (actual time=0.014..11.929 rows=100017 loops=1)
 Planning time: 0.307 ms
 Execution time: 34.317 ms
(10 rows)

===== 292 [Wed Mar  7 13:27:44 CET 2018] scale:10000000 groups:1000 work_mem:8MB incremental:on max_workers:2 =====
SELECT * FROM s_4 ORDER BY a, b, c, d, e LIMIT 100000
                                                                       QUERY PLAN                                                                        
---------------------------------------------------------------------------------------------------------------------------------------------------------
 Limit  (cost=3012.79..3012.79 rows=1 width=20) (actual time=33.923..33.923 rows=0 loops=1)
   ->  Limit  (cost=1.05..2012.79 rows=100000 width=20) (actual time=0.072..31.150 rows=100000 loops=1)
         ->  Incremental Sort  (cost=1.05..201173.43 rows=9999939 width=20) (actual time=0.071..25.679 rows=100000 loops=1)
               Sort Key: s_4.a, s_4.b, s_4.c, s_4.d, s_4.e
               Presorted Key: s_4.a, s_4.b, s_4.c, s_4.d
               Sort Method: quicksort  Memory: 27kB
               Sort Groups: 3125
               ->  Index Scan using s_4_a_b_c_d_idx on s_4  (cost=0.43..451319.90 rows=9999939 width=20) (actual time=0.009..11.943 rows=100001 loops=1)
 Planning time: 0.294 ms
 Execution time: 33.946 ms
(10 rows)

===== 293 [Wed Mar  7 13:27:44 CET 2018] scale:10000000 groups:1000 work_mem:8MB incremental:off max_workers:2 =====
SELECT * FROM s_1 ORDER BY a, b LIMIT 100000
                                                                    QUERY PLAN                                                                    
--------------------------------------------------------------------------------------------------------------------------------------------------
 Limit  (cost=485894.17..485894.17 rows=1 width=20) (actual time=1683.917..1683.917 rows=0 loops=1)
   ->  Limit  (cost=473226.69..484894.17 rows=100000 width=20) (actual time=1656.162..1681.117 rows=100000 loops=1)
         ->  Gather Merge  (cost=473226.69..1445510.80 rows=8333282 width=20) (actual time=1656.162..1675.461 rows=100000 loops=1)
               Workers Planned: 2
               Workers Launched: 2
               ->  Sort  (cost=472226.66..482643.26 rows=4166641 width=20) (actual time=1650.005..1653.170 rows=34012 loops=3)
                     Sort Key: s_1.a, s_1.b
                     Sort Method: external merge  Disk: 98440kB
                     Worker 0:  Sort Method: external merge  Disk: 97376kB
                     Worker 1:  Sort Method: external merge  Disk: 97792kB
                     ->  Parallel Seq Scan on s_1  (cost=0.00..105361.41 rows=4166641 width=20) (actual time=0.009..227.676 rows=3333333 loops=3)
 Planning time: 0.294 ms
 Execution time: 1709.705 ms
(13 rows)

===== 294 [Wed Mar  7 13:27:53 CET 2018] scale:10000000 groups:1000 work_mem:8MB incremental:off max_workers:2 =====
SELECT * FROM s_2 ORDER BY a, b, c LIMIT 100000
                                                                    QUERY PLAN                                                                    
--------------------------------------------------------------------------------------------------------------------------------------------------
 Limit  (cost=485898.87..485898.87 rows=1 width=20) (actual time=1652.097..1652.097 rows=0 loops=1)
   ->  Limit  (cost=473231.39..484898.87 rows=100000 width=20) (actual time=1625.537..1649.290 rows=100000 loops=1)
         ->  Gather Merge  (cost=473231.39..1445526.71 rows=8333378 width=20) (actual time=1625.536..1643.669 rows=100000 loops=1)
               Workers Planned: 2
               Workers Launched: 2
               ->  Sort  (cost=472231.37..482648.09 rows=4166689 width=20) (actual time=1621.899..1625.061 rows=34001 loops=3)
                     Sort Key: s_2.a, s_2.b, s_2.c
                     Sort Method: external merge  Disk: 97792kB
                     Worker 0:  Sort Method: external merge  Disk: 97792kB
                     Worker 1:  Sort Method: external merge  Disk: 98024kB
                     ->  Parallel Seq Scan on s_2  (cost=0.00..105361.89 rows=4166689 width=20) (actual time=0.009..234.834 rows=3333333 loops=3)
 Planning time: 0.298 ms
 Execution time: 1677.789 ms
(13 rows)

===== 295 [Wed Mar  7 13:28:03 CET 2018] scale:10000000 groups:1000 work_mem:8MB incremental:off max_workers:2 =====
SELECT * FROM s_3 ORDER BY a, b, c, d LIMIT 100000
                                                                    QUERY PLAN                                                                    
--------------------------------------------------------------------------------------------------------------------------------------------------
 Limit  (cost=485894.17..485894.17 rows=1 width=20) (actual time=1306.696..1306.696 rows=0 loops=1)
   ->  Limit  (cost=473226.69..484894.17 rows=100000 width=20) (actual time=1280.114..1303.883 rows=100000 loops=1)
         ->  Gather Merge  (cost=473226.69..1445510.80 rows=8333282 width=20) (actual time=1280.113..1298.273 rows=100000 loops=1)
               Workers Planned: 2
               Workers Launched: 2
               ->  Sort  (cost=472226.66..482643.26 rows=4166641 width=20) (actual time=1270.428..1273.589 rows=33980 loops=3)
                     Sort Key: s_3.a, s_3.b, s_3.c, s_3.d
                     Sort Method: external merge  Disk: 97792kB
                     Worker 0:  Sort Method: external merge  Disk: 97904kB
                     Worker 1:  Sort Method: external merge  Disk: 97912kB
                     ->  Parallel Seq Scan on s_3  (cost=0.00..105361.41 rows=4166641 width=20) (actual time=0.010..232.336 rows=3333333 loops=3)
 Planning time: 0.297 ms
 Execution time: 1332.498 ms
(13 rows)

===== 296 [Wed Mar  7 13:28:10 CET 2018] scale:10000000 groups:1000 work_mem:8MB incremental:off max_workers:2 =====
SELECT * FROM s_4 ORDER BY a, b, c, d, e LIMIT 100000
                                                                    QUERY PLAN                                                                    
--------------------------------------------------------------------------------------------------------------------------------------------------
 Limit  (cost=485894.17..485894.17 rows=1 width=20) (actual time=878.838..878.838 rows=0 loops=1)
   ->  Limit  (cost=473226.69..484894.17 rows=100000 width=20) (actual time=852.278..876.029 rows=100000 loops=1)
         ->  Gather Merge  (cost=473226.69..1445510.80 rows=8333282 width=20) (actual time=852.278..870.395 rows=100000 loops=1)
               Workers Planned: 2
               Workers Launched: 2
               ->  Sort  (cost=472226.66..482643.26 rows=4166641 width=20) (actual time=846.804..849.950 rows=33969 loops=3)
                     Sort Key: s_4.a, s_4.b, s_4.c, s_4.d, s_4.e
                     Sort Method: external merge  Disk: 96000kB
                     Worker 0:  Sort Method: external merge  Disk: 97792kB
                     Worker 1:  Sort Method: external merge  Disk: 99816kB
                     ->  Parallel Seq Scan on s_4  (cost=0.00..105361.41 rows=4166641 width=20) (actual time=0.009..237.859 rows=3333333 loops=3)
 Planning time: 0.295 ms
 Execution time: 904.337 ms
(13 rows)

===== 297 [Wed Mar  7 13:28:15 CET 2018] scale:10000000 groups:1000 work_mem:16MB incremental:on max_workers:2 =====
SELECT * FROM s_1 ORDER BY a, b LIMIT 100000
                                                                    QUERY PLAN                                                                     
---------------------------------------------------------------------------------------------------------------------------------------------------
 Limit  (cost=3826.25..3826.25 rows=1 width=20) (actual time=57.657..57.657 rows=0 loops=1)
   ->  Limit  (cost=987.14..2826.25 rows=100000 width=20) (actual time=2.338..54.913 rows=100000 loops=1)
         ->  Incremental Sort  (cost=987.14..184896.39 rows=9999939 width=20) (actual time=2.338..49.443 rows=100000 loops=1)
               Sort Key: s_1.a, s_1.b
               Presorted Key: s_1.a
               Sort Method: quicksort  Memory: 1187kB
               Sort Groups: 11
               ->  Index Scan using s_1_a_idx on s_1  (cost=0.43..323385.52 rows=9999939 width=20) (actual time=0.024..12.864 rows=104602 loops=1)
 Planning time: 0.284 ms
 Execution time: 57.698 ms
(10 rows)

===== 298 [Wed Mar  7 13:28:15 CET 2018] scale:10000000 groups:1000 work_mem:16MB incremental:on max_workers:2 =====
SELECT * FROM s_2 ORDER BY a, b, c LIMIT 100000
                                                                      QUERY PLAN                                                                      
------------------------------------------------------------------------------------------------------------------------------------------------------
 Limit  (cost=3008.31..3008.31 rows=1 width=20) (actual time=43.676..43.676 rows=0 loops=1)
   ->  Limit  (cost=1.01..2008.31 rows=100000 width=20) (actual time=0.059..40.914 rows=100000 loops=1)
         ->  Incremental Sort  (cost=1.01..200732.27 rows=10000054 width=20) (actual time=0.059..35.395 rows=100000 loops=1)
               Sort Key: s_2.a, s_2.b, s_2.c
               Presorted Key: s_2.a, s_2.b
               Sort Method: quicksort  Memory: 28kB
               Sort Groups: 2719
               ->  Index Scan using s_2_a_b_idx on s_2  (cost=0.43..406985.62 rows=10000054 width=20) (actual time=0.010..11.658 rows=100021 loops=1)
 Planning time: 0.299 ms
 Execution time: 43.700 ms
(10 rows)

===== 299 [Wed Mar  7 13:28:15 CET 2018] scale:10000000 groups:1000 work_mem:16MB incremental:on max_workers:2 =====
SELECT * FROM s_3 ORDER BY a, b, c, d LIMIT 100000
                                                                      QUERY PLAN                                                                       
-------------------------------------------------------------------------------------------------------------------------------------------------------
 Limit  (cost=3012.79..3012.79 rows=1 width=20) (actual time=34.384..34.384 rows=0 loops=1)
   ->  Limit  (cost=1.05..2012.79 rows=100000 width=20) (actual time=0.065..31.614 rows=100000 loops=1)
         ->  Incremental Sort  (cost=1.05..201173.43 rows=9999939 width=20) (actual time=0.065..26.122 rows=100000 loops=1)
               Sort Key: s_3.a, s_3.b, s_3.c, s_3.d
               Presorted Key: s_3.a, s_3.b, s_3.c
               Sort Method: quicksort  Memory: 27kB
               Sort Groups: 3125
               ->  Index Scan using s_3_a_b_c_idx on s_3  (cost=0.43..451319.90 rows=9999939 width=20) (actual time=0.014..11.974 rows=100017 loops=1)
 Planning time: 0.319 ms
 Execution time: 34.407 ms
(10 rows)

===== 300 [Wed Mar  7 13:28:15 CET 2018] scale:10000000 groups:1000 work_mem:16MB incremental:on max_workers:2 =====
SELECT * FROM s_4 ORDER BY a, b, c, d, e LIMIT 100000
                                                                       QUERY PLAN                                                                        
---------------------------------------------------------------------------------------------------------------------------------------------------------
 Limit  (cost=3012.79..3012.79 rows=1 width=20) (actual time=33.932..33.932 rows=0 loops=1)
   ->  Limit  (cost=1.05..2012.79 rows=100000 width=20) (actual time=0.063..31.160 rows=100000 loops=1)
         ->  Incremental Sort  (cost=1.05..201173.43 rows=9999939 width=20) (actual time=0.063..25.694 rows=100000 loops=1)
               Sort Key: s_4.a, s_4.b, s_4.c, s_4.d, s_4.e
               Presorted Key: s_4.a, s_4.b, s_4.c, s_4.d
               Sort Method: quicksort  Memory: 27kB
               Sort Groups: 3125
               ->  Index Scan using s_4_a_b_c_d_idx on s_4  (cost=0.43..451319.90 rows=9999939 width=20) (actual time=0.009..11.960 rows=100001 loops=1)
 Planning time: 0.295 ms
 Execution time: 33.955 ms
(10 rows)

===== 301 [Wed Mar  7 13:28:16 CET 2018] scale:10000000 groups:1000 work_mem:16MB incremental:off max_workers:2 =====
SELECT * FROM s_1 ORDER BY a, b LIMIT 100000
                                                                    QUERY PLAN                                                                    
--------------------------------------------------------------------------------------------------------------------------------------------------
 Limit  (cost=485894.17..485894.17 rows=1 width=20) (actual time=1650.655..1650.655 rows=0 loops=1)
   ->  Limit  (cost=473226.69..484894.17 rows=100000 width=20) (actual time=1623.001..1647.847 rows=100000 loops=1)
         ->  Gather Merge  (cost=473226.69..1445510.80 rows=8333282 width=20) (actual time=1623.000..1642.191 rows=100000 loops=1)
               Workers Planned: 2
               Workers Launched: 2
               ->  Sort  (cost=472226.66..482643.26 rows=4166641 width=20) (actual time=1602.559..1605.750 rows=34014 loops=3)
                     Sort Key: s_1.a, s_1.b
                     Sort Method: external merge  Disk: 100336kB
                     Worker 0:  Sort Method: external merge  Disk: 96808kB
                     Worker 1:  Sort Method: external merge  Disk: 96776kB
                     ->  Parallel Seq Scan on s_1  (cost=0.00..105361.41 rows=4166641 width=20) (actual time=0.009..229.721 rows=3333333 loops=3)
 Planning time: 0.294 ms
 Execution time: 1677.120 ms
(13 rows)

===== 302 [Wed Mar  7 13:28:25 CET 2018] scale:10000000 groups:1000 work_mem:16MB incremental:off max_workers:2 =====
SELECT * FROM s_2 ORDER BY a, b, c LIMIT 100000
                                                                    QUERY PLAN                                                                    
--------------------------------------------------------------------------------------------------------------------------------------------------
 Limit  (cost=485898.87..485898.87 rows=1 width=20) (actual time=1591.969..1591.969 rows=0 loops=1)
   ->  Limit  (cost=473231.39..484898.87 rows=100000 width=20) (actual time=1565.492..1589.161 rows=100000 loops=1)
         ->  Gather Merge  (cost=473231.39..1445526.71 rows=8333378 width=20) (actual time=1565.491..1583.552 rows=100000 loops=1)
               Workers Planned: 2
               Workers Launched: 2
               ->  Sort  (cost=472231.37..482648.09 rows=4166689 width=20) (actual time=1554.577..1557.772 rows=34012 loops=3)
                     Sort Key: s_2.a, s_2.b, s_2.c
                     Sort Method: external merge  Disk: 98800kB
                     Worker 0:  Sort Method: external merge  Disk: 97200kB
                     Worker 1:  Sort Method: external merge  Disk: 97912kB
                     ->  Parallel Seq Scan on s_2  (cost=0.00..105361.89 rows=4166689 width=20) (actual time=0.010..231.313 rows=3333333 loops=3)
 Planning time: 0.287 ms
 Execution time: 1618.735 ms
(13 rows)

===== 303 [Wed Mar  7 13:28:34 CET 2018] scale:10000000 groups:1000 work_mem:16MB incremental:off max_workers:2 =====
SELECT * FROM s_3 ORDER BY a, b, c, d LIMIT 100000
                                                                    QUERY PLAN                                                                    
--------------------------------------------------------------------------------------------------------------------------------------------------
 Limit  (cost=485894.17..485894.17 rows=1 width=20) (actual time=1242.009..1242.009 rows=0 loops=1)
   ->  Limit  (cost=473226.69..484894.17 rows=100000 width=20) (actual time=1215.591..1239.205 rows=100000 loops=1)
         ->  Gather Merge  (cost=473226.69..1445510.80 rows=8333282 width=20) (actual time=1215.591..1233.601 rows=100000 loops=1)
               Workers Planned: 2
               Workers Launched: 2
               ->  Sort  (cost=472226.66..482643.26 rows=4166641 width=20) (actual time=1206.753..1209.951 rows=33973 loops=3)
                     Sort Key: s_3.a, s_3.b, s_3.c, s_3.d
                     Sort Method: external merge  Disk: 96088kB
                     Worker 0:  Sort Method: external merge  Disk: 98896kB
                     Worker 1:  Sort Method: external merge  Disk: 98928kB
                     ->  Parallel Seq Scan on s_3  (cost=0.00..105361.41 rows=4166641 width=20) (actual time=0.010..233.315 rows=3333333 loops=3)
 Planning time: 0.305 ms
 Execution time: 1268.803 ms
(13 rows)

===== 304 [Wed Mar  7 13:28:41 CET 2018] scale:10000000 groups:1000 work_mem:16MB incremental:off max_workers:2 =====
SELECT * FROM s_4 ORDER BY a, b, c, d, e LIMIT 100000
                                                                    QUERY PLAN                                                                    
--------------------------------------------------------------------------------------------------------------------------------------------------
 Limit  (cost=485894.17..485894.17 rows=1 width=20) (actual time=824.450..824.450 rows=0 loops=1)
   ->  Limit  (cost=473226.69..484894.17 rows=100000 width=20) (actual time=797.980..821.636 rows=100000 loops=1)
         ->  Gather Merge  (cost=473226.69..1445510.80 rows=8333282 width=20) (actual time=797.979..816.034 rows=100000 loops=1)
               Workers Planned: 2
               Workers Launched: 2
               ->  Sort  (cost=472226.66..482643.26 rows=4166641 width=20) (actual time=795.434..798.595 rows=33920 loops=3)
                     Sort Key: s_4.a, s_4.b, s_4.c, s_4.d, s_4.e
                     Sort Method: external merge  Disk: 95784kB
                     Worker 0:  Sort Method: external merge  Disk: 97800kB
                     Worker 1:  Sort Method: external merge  Disk: 100336kB
                     ->  Parallel Seq Scan on s_4  (cost=0.00..105361.41 rows=4166641 width=20) (actual time=0.011..237.340 rows=3333333 loops=3)
 Planning time: 0.293 ms
 Execution time: 850.729 ms
(13 rows)

===== 305 [Wed Mar  7 13:28:45 CET 2018] scale:10000000 groups:1000 work_mem:32MB incremental:on max_workers:2 =====
SELECT * FROM s_1 ORDER BY a, b LIMIT 100000
                                                                    QUERY PLAN                                                                     
---------------------------------------------------------------------------------------------------------------------------------------------------
 Limit  (cost=3826.25..3826.25 rows=1 width=20) (actual time=57.594..57.594 rows=0 loops=1)
   ->  Limit  (cost=987.14..2826.25 rows=100000 width=20) (actual time=2.347..54.846 rows=100000 loops=1)
         ->  Incremental Sort  (cost=987.14..184896.39 rows=9999939 width=20) (actual time=2.347..49.382 rows=100000 loops=1)
               Sort Key: s_1.a, s_1.b
               Presorted Key: s_1.a
               Sort Method: quicksort  Memory: 1187kB
               Sort Groups: 11
               ->  Index Scan using s_1_a_idx on s_1  (cost=0.43..323385.52 rows=9999939 width=20) (actual time=0.024..12.870 rows=104602 loops=1)
 Planning time: 0.279 ms
 Execution time: 57.632 ms
(10 rows)

===== 306 [Wed Mar  7 13:28:46 CET 2018] scale:10000000 groups:1000 work_mem:32MB incremental:on max_workers:2 =====
SELECT * FROM s_2 ORDER BY a, b, c LIMIT 100000
                                                                      QUERY PLAN                                                                      
------------------------------------------------------------------------------------------------------------------------------------------------------
 Limit  (cost=3008.31..3008.31 rows=1 width=20) (actual time=43.681..43.681 rows=0 loops=1)
   ->  Limit  (cost=1.01..2008.31 rows=100000 width=20) (actual time=0.059..40.915 rows=100000 loops=1)
         ->  Incremental Sort  (cost=1.01..200732.27 rows=10000054 width=20) (actual time=0.059..35.403 rows=100000 loops=1)
               Sort Key: s_2.a, s_2.b, s_2.c
               Presorted Key: s_2.a, s_2.b
               Sort Method: quicksort  Memory: 28kB
               Sort Groups: 2719
               ->  Index Scan using s_2_a_b_idx on s_2  (cost=0.43..406985.62 rows=10000054 width=20) (actual time=0.010..11.667 rows=100021 loops=1)
 Planning time: 0.304 ms
 Execution time: 43.706 ms
(10 rows)

===== 307 [Wed Mar  7 13:28:46 CET 2018] scale:10000000 groups:1000 work_mem:32MB incremental:on max_workers:2 =====
SELECT * FROM s_3 ORDER BY a, b, c, d LIMIT 100000
                                                                      QUERY PLAN                                                                       
-------------------------------------------------------------------------------------------------------------------------------------------------------
 Limit  (cost=3012.79..3012.79 rows=1 width=20) (actual time=34.313..34.313 rows=0 loops=1)
   ->  Limit  (cost=1.05..2012.79 rows=100000 width=20) (actual time=0.063..31.540 rows=100000 loops=1)
         ->  Incremental Sort  (cost=1.05..201173.43 rows=9999939 width=20) (actual time=0.063..26.047 rows=100000 loops=1)
               Sort Key: s_3.a, s_3.b, s_3.c, s_3.d
               Presorted Key: s_3.a, s_3.b, s_3.c
               Sort Method: quicksort  Memory: 27kB
               Sort Groups: 3125
               ->  Index Scan using s_3_a_b_c_idx on s_3  (cost=0.43..451319.90 rows=9999939 width=20) (actual time=0.015..11.937 rows=100017 loops=1)
 Planning time: 0.304 ms
 Execution time: 34.338 ms
(10 rows)

===== 308 [Wed Mar  7 13:28:46 CET 2018] scale:10000000 groups:1000 work_mem:32MB incremental:on max_workers:2 =====
SELECT * FROM s_4 ORDER BY a, b, c, d, e LIMIT 100000
                                                                       QUERY PLAN                                                                        
---------------------------------------------------------------------------------------------------------------------------------------------------------
 Limit  (cost=3012.79..3012.79 rows=1 width=20) (actual time=33.915..33.915 rows=0 loops=1)
   ->  Limit  (cost=1.05..2012.79 rows=100000 width=20) (actual time=0.065..31.147 rows=100000 loops=1)
         ->  Incremental Sort  (cost=1.05..201173.43 rows=9999939 width=20) (actual time=0.065..25.678 rows=100000 loops=1)
               Sort Key: s_4.a, s_4.b, s_4.c, s_4.d, s_4.e
               Presorted Key: s_4.a, s_4.b, s_4.c, s_4.d
               Sort Method: quicksort  Memory: 27kB
               Sort Groups: 3125
               ->  Index Scan using s_4_a_b_c_d_idx on s_4  (cost=0.43..451319.90 rows=9999939 width=20) (actual time=0.010..11.942 rows=100001 loops=1)
 Planning time: 0.300 ms
 Execution time: 33.940 ms
(10 rows)

===== 309 [Wed Mar  7 13:28:46 CET 2018] scale:10000000 groups:1000 work_mem:32MB incremental:off max_workers:2 =====
SELECT * FROM s_1 ORDER BY a, b LIMIT 100000
                                                                    QUERY PLAN                                                                    
--------------------------------------------------------------------------------------------------------------------------------------------------
 Limit  (cost=485894.17..485894.17 rows=1 width=20) (actual time=537.421..537.421 rows=0 loops=1)
   ->  Limit  (cost=473226.69..484894.17 rows=100000 width=20) (actual time=510.064..534.624 rows=100000 loops=1)
         ->  Gather Merge  (cost=473226.69..1445510.80 rows=8333282 width=20) (actual time=510.063..528.975 rows=100000 loops=1)
               Workers Planned: 2
               Workers Launched: 2
               ->  Sort  (cost=472226.66..482643.26 rows=4166641 width=20) (actual time=508.308..510.780 rows=34024 loops=3)
                     Sort Key: s_1.a, s_1.b
                     Sort Method: top-N heapsort  Memory: 13982kB
                     Worker 0:  Sort Method: top-N heapsort  Memory: 14018kB
                     Worker 1:  Sort Method: top-N heapsort  Memory: 13991kB
                     ->  Parallel Seq Scan on s_1  (cost=0.00..105361.41 rows=4166641 width=20) (actual time=0.010..221.290 rows=3333333 loops=3)
 Planning time: 0.283 ms
 Execution time: 541.316 ms
(13 rows)

===== 310 [Wed Mar  7 13:28:49 CET 2018] scale:10000000 groups:1000 work_mem:32MB incremental:off max_workers:2 =====
SELECT * FROM s_2 ORDER BY a, b, c LIMIT 100000
                                                                    QUERY PLAN                                                                    
--------------------------------------------------------------------------------------------------------------------------------------------------
 Limit  (cost=485898.87..485898.87 rows=1 width=20) (actual time=540.870..540.870 rows=0 loops=1)
   ->  Limit  (cost=473231.39..484898.87 rows=100000 width=20) (actual time=516.247..538.078 rows=100000 loops=1)
         ->  Gather Merge  (cost=473231.39..1445526.71 rows=8333378 width=20) (actual time=516.247..532.474 rows=100000 loops=1)
               Workers Planned: 2
               Workers Launched: 2
               ->  Sort  (cost=472231.37..482648.09 rows=4166689 width=20) (actual time=514.561..516.185 rows=33995 loops=3)
                     Sort Key: s_2.a, s_2.b, s_2.c
                     Sort Method: top-N heapsort  Memory: 13957kB
                     Worker 0:  Sort Method: top-N heapsort  Memory: 13957kB
                     Worker 1:  Sort Method: top-N heapsort  Memory: 13957kB
                     ->  Parallel Seq Scan on s_2  (cost=0.00..105361.89 rows=4166689 width=20) (actual time=0.009..219.746 rows=3333333 loops=3)
 Planning time: 0.290 ms
 Execution time: 544.587 ms
(13 rows)

===== 311 [Wed Mar  7 13:28:51 CET 2018] scale:10000000 groups:1000 work_mem:32MB incremental:off max_workers:2 =====
SELECT * FROM s_3 ORDER BY a, b, c, d LIMIT 100000
                                                                    QUERY PLAN                                                                    
--------------------------------------------------------------------------------------------------------------------------------------------------
 Limit  (cost=485894.17..485894.17 rows=1 width=20) (actual time=549.577..549.577 rows=0 loops=1)
   ->  Limit  (cost=473226.69..484894.17 rows=100000 width=20) (actual time=525.029..546.770 rows=100000 loops=1)
         ->  Gather Merge  (cost=473226.69..1445510.80 rows=8333282 width=20) (actual time=525.028..541.162 rows=100000 loops=1)
               Workers Planned: 2
               Workers Launched: 2
               ->  Sort  (cost=472226.66..482643.26 rows=4166641 width=20) (actual time=523.356..524.816 rows=34018 loops=3)
                     Sort Key: s_3.a, s_3.b, s_3.c, s_3.d
                     Sort Method: top-N heapsort  Memory: 13957kB
                     Worker 0:  Sort Method: top-N heapsort  Memory: 13957kB
                     Worker 1:  Sort Method: top-N heapsort  Memory: 13957kB
                     ->  Parallel Seq Scan on s_3  (cost=0.00..105361.41 rows=4166641 width=20) (actual time=0.010..221.719 rows=3333333 loops=3)
 Planning time: 0.306 ms
 Execution time: 553.464 ms
(13 rows)

===== 312 [Wed Mar  7 13:28:54 CET 2018] scale:10000000 groups:1000 work_mem:32MB incremental:off max_workers:2 =====
SELECT * FROM s_4 ORDER BY a, b, c, d, e LIMIT 100000
                                                                    QUERY PLAN                                                                    
--------------------------------------------------------------------------------------------------------------------------------------------------
 Limit  (cost=485894.17..485894.17 rows=1 width=20) (actual time=549.834..549.834 rows=0 loops=1)
   ->  Limit  (cost=473226.69..484894.17 rows=100000 width=20) (actual time=525.330..547.025 rows=100000 loops=1)
         ->  Gather Merge  (cost=473226.69..1445510.80 rows=8333282 width=20) (actual time=525.330..541.425 rows=100000 loops=1)
               Workers Planned: 2
               Workers Launched: 2
               ->  Sort  (cost=472226.66..482643.26 rows=4166641 width=20) (actual time=523.653..525.108 rows=33969 loops=3)
                     Sort Key: s_4.a, s_4.b, s_4.c, s_4.d, s_4.e
                     Sort Method: top-N heapsort  Memory: 13957kB
                     Worker 0:  Sort Method: top-N heapsort  Memory: 13957kB
                     Worker 1:  Sort Method: top-N heapsort  Memory: 13957kB
                     ->  Parallel Seq Scan on s_4  (cost=0.00..105361.41 rows=4166641 width=20) (actual time=0.010..222.828 rows=3333333 loops=3)
 Planning time: 0.295 ms
 Execution time: 553.710 ms
(13 rows)

===== 313 [Wed Mar  7 13:28:57 CET 2018] scale:10000000 groups:1000 work_mem:64MB incremental:on max_workers:2 =====
SELECT * FROM s_1 ORDER BY a, b LIMIT 100000
                                                                    QUERY PLAN                                                                     
---------------------------------------------------------------------------------------------------------------------------------------------------
 Limit  (cost=3826.25..3826.25 rows=1 width=20) (actual time=57.607..57.607 rows=0 loops=1)
   ->  Limit  (cost=987.14..2826.25 rows=100000 width=20) (actual time=2.334..54.862 rows=100000 loops=1)
         ->  Incremental Sort  (cost=987.14..184896.39 rows=9999939 width=20) (actual time=2.334..49.391 rows=100000 loops=1)
               Sort Key: s_1.a, s_1.b
               Presorted Key: s_1.a
               Sort Method: quicksort  Memory: 1187kB
               Sort Groups: 11
               ->  Index Scan using s_1_a_idx on s_1  (cost=0.43..323385.52 rows=9999939 width=20) (actual time=0.024..12.842 rows=104602 loops=1)
 Planning time: 0.283 ms
 Execution time: 57.648 ms
(10 rows)

===== 314 [Wed Mar  7 13:28:57 CET 2018] scale:10000000 groups:1000 work_mem:64MB incremental:on max_workers:2 =====
SELECT * FROM s_2 ORDER BY a, b, c LIMIT 100000
                                                                      QUERY PLAN                                                                      
------------------------------------------------------------------------------------------------------------------------------------------------------
 Limit  (cost=3008.31..3008.31 rows=1 width=20) (actual time=43.664..43.664 rows=0 loops=1)
   ->  Limit  (cost=1.01..2008.31 rows=100000 width=20) (actual time=0.058..40.884 rows=100000 loops=1)
         ->  Incremental Sort  (cost=1.01..200732.27 rows=10000054 width=20) (actual time=0.058..35.378 rows=100000 loops=1)
               Sort Key: s_2.a, s_2.b, s_2.c
               Presorted Key: s_2.a, s_2.b
               Sort Method: quicksort  Memory: 28kB
               Sort Groups: 2719
               ->  Index Scan using s_2_a_b_idx on s_2  (cost=0.43..406985.62 rows=10000054 width=20) (actual time=0.010..11.648 rows=100021 loops=1)
 Planning time: 0.293 ms
 Execution time: 43.688 ms
(10 rows)

===== 315 [Wed Mar  7 13:28:57 CET 2018] scale:10000000 groups:1000 work_mem:64MB incremental:on max_workers:2 =====
SELECT * FROM s_3 ORDER BY a, b, c, d LIMIT 100000
                                                                      QUERY PLAN                                                                       
-------------------------------------------------------------------------------------------------------------------------------------------------------
 Limit  (cost=3012.79..3012.79 rows=1 width=20) (actual time=34.303..34.303 rows=0 loops=1)
   ->  Limit  (cost=1.05..2012.79 rows=100000 width=20) (actual time=0.063..31.535 rows=100000 loops=1)
         ->  Incremental Sort  (cost=1.05..201173.43 rows=9999939 width=20) (actual time=0.063..26.041 rows=100000 loops=1)
               Sort Key: s_3.a, s_3.b, s_3.c, s_3.d
               Presorted Key: s_3.a, s_3.b, s_3.c
               Sort Method: quicksort  Memory: 27kB
               Sort Groups: 3125
               ->  Index Scan using s_3_a_b_c_idx on s_3  (cost=0.43..451319.90 rows=9999939 width=20) (actual time=0.015..11.926 rows=100017 loops=1)
 Planning time: 0.304 ms
 Execution time: 34.326 ms
(10 rows)

===== 316 [Wed Mar  7 13:28:58 CET 2018] scale:10000000 groups:1000 work_mem:64MB incremental:on max_workers:2 =====
SELECT * FROM s_4 ORDER BY a, b, c, d, e LIMIT 100000
                                                                       QUERY PLAN                                                                        
---------------------------------------------------------------------------------------------------------------------------------------------------------
 Limit  (cost=3012.79..3012.79 rows=1 width=20) (actual time=33.943..33.943 rows=0 loops=1)
   ->  Limit  (cost=1.05..2012.79 rows=100000 width=20) (actual time=0.064..31.174 rows=100000 loops=1)
         ->  Incremental Sort  (cost=1.05..201173.43 rows=9999939 width=20) (actual time=0.064..25.706 rows=100000 loops=1)
               Sort Key: s_4.a, s_4.b, s_4.c, s_4.d, s_4.e
               Presorted Key: s_4.a, s_4.b, s_4.c, s_4.d
               Sort Method: quicksort  Memory: 27kB
               Sort Groups: 3125
               ->  Index Scan using s_4_a_b_c_d_idx on s_4  (cost=0.43..451319.90 rows=9999939 width=20) (actual time=0.010..11.970 rows=100001 loops=1)
 Planning time: 0.296 ms
 Execution time: 33.969 ms
(10 rows)

===== 317 [Wed Mar  7 13:28:58 CET 2018] scale:10000000 groups:1000 work_mem:64MB incremental:off max_workers:2 =====
SELECT * FROM s_1 ORDER BY a, b LIMIT 100000
                                                                    QUERY PLAN                                                                    
--------------------------------------------------------------------------------------------------------------------------------------------------
 Limit  (cost=485894.17..485894.17 rows=1 width=20) (actual time=537.385..537.385 rows=0 loops=1)
   ->  Limit  (cost=473226.69..484894.17 rows=100000 width=20) (actual time=510.087..534.590 rows=100000 loops=1)
         ->  Gather Merge  (cost=473226.69..1445510.80 rows=8333282 width=20) (actual time=510.086..528.936 rows=100000 loops=1)
               Workers Planned: 2
               Workers Launched: 2
               ->  Sort  (cost=472226.66..482643.26 rows=4166641 width=20) (actual time=508.194..510.656 rows=34004 loops=3)
                     Sort Key: s_1.a, s_1.b
                     Sort Method: top-N heapsort  Memory: 13982kB
                     Worker 0:  Sort Method: top-N heapsort  Memory: 14002kB
                     Worker 1:  Sort Method: top-N heapsort  Memory: 14009kB
                     ->  Parallel Seq Scan on s_1  (cost=0.00..105361.41 rows=4166641 width=20) (actual time=0.009..220.951 rows=3333333 loops=3)
 Planning time: 0.281 ms
 Execution time: 541.375 ms
(13 rows)

===== 318 [Wed Mar  7 13:29:00 CET 2018] scale:10000000 groups:1000 work_mem:64MB incremental:off max_workers:2 =====
SELECT * FROM s_2 ORDER BY a, b, c LIMIT 100000
                                                                    QUERY PLAN                                                                    
--------------------------------------------------------------------------------------------------------------------------------------------------
 Limit  (cost=485898.87..485898.87 rows=1 width=20) (actual time=540.943..540.943 rows=0 loops=1)
   ->  Limit  (cost=473231.39..484898.87 rows=100000 width=20) (actual time=516.269..538.138 rows=100000 loops=1)
         ->  Gather Merge  (cost=473231.39..1445526.71 rows=8333378 width=20) (actual time=516.268..532.531 rows=100000 loops=1)
               Workers Planned: 2
               Workers Launched: 2
               ->  Sort  (cost=472231.37..482648.09 rows=4166689 width=20) (actual time=514.580..516.199 rows=33980 loops=3)
                     Sort Key: s_2.a, s_2.b, s_2.c
                     Sort Method: top-N heapsort  Memory: 13957kB
                     Worker 0:  Sort Method: top-N heapsort  Memory: 13957kB
                     Worker 1:  Sort Method: top-N heapsort  Memory: 13957kB
                     ->  Parallel Seq Scan on s_2  (cost=0.00..105361.89 rows=4166689 width=20) (actual time=0.009..219.665 rows=3333333 loops=3)
 Planning time: 0.291 ms
 Execution time: 545.015 ms
(13 rows)

===== 319 [Wed Mar  7 13:29:03 CET 2018] scale:10000000 groups:1000 work_mem:64MB incremental:off max_workers:2 =====
SELECT * FROM s_3 ORDER BY a, b, c, d LIMIT 100000
                                                                    QUERY PLAN                                                                    
--------------------------------------------------------------------------------------------------------------------------------------------------
 Limit  (cost=485894.17..485894.17 rows=1 width=20) (actual time=549.686..549.686 rows=0 loops=1)
   ->  Limit  (cost=473226.69..484894.17 rows=100000 width=20) (actual time=525.166..546.882 rows=100000 loops=1)
         ->  Gather Merge  (cost=473226.69..1445510.80 rows=8333282 width=20) (actual time=525.166..541.276 rows=100000 loops=1)
               Workers Planned: 2
               Workers Launched: 2
               ->  Sort  (cost=472226.66..482643.26 rows=4166641 width=20) (actual time=523.496..524.957 rows=33978 loops=3)
                     Sort Key: s_3.a, s_3.b, s_3.c, s_3.d
                     Sort Method: top-N heapsort  Memory: 13957kB
                     Worker 0:  Sort Method: top-N heapsort  Memory: 13957kB
                     Worker 1:  Sort Method: top-N heapsort  Memory: 13957kB
                     ->  Parallel Seq Scan on s_3  (cost=0.00..105361.41 rows=4166641 width=20) (actual time=0.011..221.625 rows=3333333 loops=3)
 Planning time: 0.300 ms
 Execution time: 553.643 ms
(13 rows)

===== 320 [Wed Mar  7 13:29:06 CET 2018] scale:10000000 groups:1000 work_mem:64MB incremental:off max_workers:2 =====
SELECT * FROM s_4 ORDER BY a, b, c, d, e LIMIT 100000
                                                                    QUERY PLAN                                                                    
--------------------------------------------------------------------------------------------------------------------------------------------------
 Limit  (cost=485894.17..485894.17 rows=1 width=20) (actual time=549.370..549.370 rows=0 loops=1)
   ->  Limit  (cost=473226.69..484894.17 rows=100000 width=20) (actual time=524.857..546.568 rows=100000 loops=1)
         ->  Gather Merge  (cost=473226.69..1445510.80 rows=8333282 width=20) (actual time=524.856..540.961 rows=100000 loops=1)
               Workers Planned: 2
               Workers Launched: 2
               ->  Sort  (cost=472226.66..482643.26 rows=4166641 width=20) (actual time=523.196..524.652 rows=34003 loops=3)
                     Sort Key: s_4.a, s_4.b, s_4.c, s_4.d, s_4.e
                     Sort Method: top-N heapsort  Memory: 13957kB
                     Worker 0:  Sort Method: top-N heapsort  Memory: 13957kB
                     Worker 1:  Sort Method: top-N heapsort  Memory: 13957kB
                     ->  Parallel Seq Scan on s_4  (cost=0.00..105361.41 rows=4166641 width=20) (actual time=0.008..222.284 rows=3333333 loops=3)
 Planning time: 0.296 ms
 Execution time: 553.391 ms
(13 rows)

===== 321 [Wed Mar  7 13:29:08 CET 2018] scale:10000000 groups:1000 work_mem:128MB incremental:on max_workers:2 =====
SELECT * FROM s_1 ORDER BY a, b LIMIT 100000
                                                                    QUERY PLAN                                                                     
---------------------------------------------------------------------------------------------------------------------------------------------------
 Limit  (cost=3826.25..3826.25 rows=1 width=20) (actual time=57.592..57.592 rows=0 loops=1)
   ->  Limit  (cost=987.14..2826.25 rows=100000 width=20) (actual time=2.345..54.848 rows=100000 loops=1)
         ->  Incremental Sort  (cost=987.14..184896.39 rows=9999939 width=20) (actual time=2.345..49.376 rows=100000 loops=1)
               Sort Key: s_1.a, s_1.b
               Presorted Key: s_1.a
               Sort Method: quicksort  Memory: 1187kB
               Sort Groups: 11
               ->  Index Scan using s_1_a_idx on s_1  (cost=0.43..323385.52 rows=9999939 width=20) (actual time=0.023..12.857 rows=104602 loops=1)
 Planning time: 0.280 ms
 Execution time: 57.631 ms
(10 rows)

===== 322 [Wed Mar  7 13:29:09 CET 2018] scale:10000000 groups:1000 work_mem:128MB incremental:on max_workers:2 =====
SELECT * FROM s_2 ORDER BY a, b, c LIMIT 100000
                                                                      QUERY PLAN                                                                      
------------------------------------------------------------------------------------------------------------------------------------------------------
 Limit  (cost=3008.31..3008.31 rows=1 width=20) (actual time=43.671..43.671 rows=0 loops=1)
   ->  Limit  (cost=1.01..2008.31 rows=100000 width=20) (actual time=0.065..40.891 rows=100000 loops=1)
         ->  Incremental Sort  (cost=1.01..200732.27 rows=10000054 width=20) (actual time=0.065..35.388 rows=100000 loops=1)
               Sort Key: s_2.a, s_2.b, s_2.c
               Presorted Key: s_2.a, s_2.b
               Sort Method: quicksort  Memory: 28kB
               Sort Groups: 2719
               ->  Index Scan using s_2_a_b_idx on s_2  (cost=0.43..406985.62 rows=10000054 width=20) (actual time=0.010..11.650 rows=100021 loops=1)
 Planning time: 0.294 ms
 Execution time: 43.696 ms
(10 rows)

===== 323 [Wed Mar  7 13:29:09 CET 2018] scale:10000000 groups:1000 work_mem:128MB incremental:on max_workers:2 =====
SELECT * FROM s_3 ORDER BY a, b, c, d LIMIT 100000
                                                                      QUERY PLAN                                                                       
-------------------------------------------------------------------------------------------------------------------------------------------------------
 Limit  (cost=3012.79..3012.79 rows=1 width=20) (actual time=34.330..34.330 rows=0 loops=1)
   ->  Limit  (cost=1.05..2012.79 rows=100000 width=20) (actual time=0.063..31.574 rows=100000 loops=1)
         ->  Incremental Sort  (cost=1.05..201173.43 rows=9999939 width=20) (actual time=0.063..26.076 rows=100000 loops=1)
               Sort Key: s_3.a, s_3.b, s_3.c, s_3.d
               Presorted Key: s_3.a, s_3.b, s_3.c
               Sort Method: quicksort  Memory: 27kB
               Sort Groups: 3125
               ->  Index Scan using s_3_a_b_c_idx on s_3  (cost=0.43..451319.90 rows=9999939 width=20) (actual time=0.015..11.951 rows=100017 loops=1)
 Planning time: 0.303 ms
 Execution time: 34.354 ms
(10 rows)

===== 324 [Wed Mar  7 13:29:09 CET 2018] scale:10000000 groups:1000 work_mem:128MB incremental:on max_workers:2 =====
SELECT * FROM s_4 ORDER BY a, b, c, d, e LIMIT 100000
                                                                       QUERY PLAN                                                                        
---------------------------------------------------------------------------------------------------------------------------------------------------------
 Limit  (cost=3012.79..3012.79 rows=1 width=20) (actual time=33.939..33.939 rows=0 loops=1)
   ->  Limit  (cost=1.05..2012.79 rows=100000 width=20) (actual time=0.063..31.167 rows=100000 loops=1)
         ->  Incremental Sort  (cost=1.05..201173.43 rows=9999939 width=20) (actual time=0.063..25.695 rows=100000 loops=1)
               Sort Key: s_4.a, s_4.b, s_4.c, s_4.d, s_4.e
               Presorted Key: s_4.a, s_4.b, s_4.c, s_4.d
               Sort Method: quicksort  Memory: 27kB
               Sort Groups: 3125
               ->  Index Scan using s_4_a_b_c_d_idx on s_4  (cost=0.43..451319.90 rows=9999939 width=20) (actual time=0.009..11.950 rows=100001 loops=1)
 Planning time: 0.291 ms
 Execution time: 33.963 ms
(10 rows)

===== 325 [Wed Mar  7 13:29:09 CET 2018] scale:10000000 groups:1000 work_mem:128MB incremental:off max_workers:2 =====
SELECT * FROM s_1 ORDER BY a, b LIMIT 100000
                                                                    QUERY PLAN                                                                    
--------------------------------------------------------------------------------------------------------------------------------------------------
 Limit  (cost=485894.17..485894.17 rows=1 width=20) (actual time=537.059..537.059 rows=0 loops=1)
   ->  Limit  (cost=473226.69..484894.17 rows=100000 width=20) (actual time=509.715..534.257 rows=100000 loops=1)
         ->  Gather Merge  (cost=473226.69..1445510.80 rows=8333282 width=20) (actual time=509.715..528.602 rows=100000 loops=1)
               Workers Planned: 2
               Workers Launched: 2
               ->  Sort  (cost=472226.66..482643.26 rows=4166641 width=20) (actual time=507.965..510.449 rows=33991 loops=3)
                     Sort Key: s_1.a, s_1.b
                     Sort Method: top-N heapsort  Memory: 14042kB
                     Worker 0:  Sort Method: top-N heapsort  Memory: 14020kB
                     Worker 1:  Sort Method: top-N heapsort  Memory: 14018kB
                     ->  Parallel Seq Scan on s_1  (cost=0.00..105361.41 rows=4166641 width=20) (actual time=0.009..220.504 rows=3333333 loops=3)
 Planning time: 0.283 ms
 Execution time: 541.143 ms
(13 rows)

===== 326 [Wed Mar  7 13:29:12 CET 2018] scale:10000000 groups:1000 work_mem:128MB incremental:off max_workers:2 =====
SELECT * FROM s_2 ORDER BY a, b, c LIMIT 100000
                                                                    QUERY PLAN                                                                    
--------------------------------------------------------------------------------------------------------------------------------------------------
 Limit  (cost=485898.87..485898.87 rows=1 width=20) (actual time=540.281..540.281 rows=0 loops=1)
   ->  Limit  (cost=473231.39..484898.87 rows=100000 width=20) (actual time=515.647..537.483 rows=100000 loops=1)
         ->  Gather Merge  (cost=473231.39..1445526.71 rows=8333378 width=20) (actual time=515.646..531.879 rows=100000 loops=1)
               Workers Planned: 2
               Workers Launched: 2
               ->  Sort  (cost=472231.37..482648.09 rows=4166689 width=20) (actual time=513.907..515.525 rows=34001 loops=3)
                     Sort Key: s_2.a, s_2.b, s_2.c
                     Sort Method: top-N heapsort  Memory: 13957kB
                     Worker 0:  Sort Method: top-N heapsort  Memory: 13957kB
                     Worker 1:  Sort Method: top-N heapsort  Memory: 13957kB
                     ->  Parallel Seq Scan on s_2  (cost=0.00..105361.89 rows=4166689 width=20) (actual time=0.008..219.034 rows=3333333 loops=3)
 Planning time: 0.289 ms
 Execution time: 544.351 ms
(13 rows)

===== 327 [Wed Mar  7 13:29:14 CET 2018] scale:10000000 groups:1000 work_mem:128MB incremental:off max_workers:2 =====
SELECT * FROM s_3 ORDER BY a, b, c, d LIMIT 100000
                                                                    QUERY PLAN                                                                    
--------------------------------------------------------------------------------------------------------------------------------------------------
 Limit  (cost=485894.17..485894.17 rows=1 width=20) (actual time=549.298..549.298 rows=0 loops=1)
   ->  Limit  (cost=473226.69..484894.17 rows=100000 width=20) (actual time=524.794..546.500 rows=100000 loops=1)
         ->  Gather Merge  (cost=473226.69..1445510.80 rows=8333282 width=20) (actual time=524.794..540.895 rows=100000 loops=1)
               Workers Planned: 2
               Workers Launched: 2
               ->  Sort  (cost=472226.66..482643.26 rows=4166641 width=20) (actual time=523.179..524.634 rows=33981 loops=3)
                     Sort Key: s_3.a, s_3.b, s_3.c, s_3.d
                     Sort Method: top-N heapsort  Memory: 13957kB
                     Worker 0:  Sort Method: top-N heapsort  Memory: 13957kB
                     Worker 1:  Sort Method: top-N heapsort  Memory: 13957kB
                     ->  Parallel Seq Scan on s_3  (cost=0.00..105361.41 rows=4166641 width=20) (actual time=0.009..221.290 rows=3333333 loops=3)
 Planning time: 0.301 ms
 Execution time: 553.315 ms
(13 rows)

===== 328 [Wed Mar  7 13:29:17 CET 2018] scale:10000000 groups:1000 work_mem:128MB incremental:off max_workers:2 =====
SELECT * FROM s_4 ORDER BY a, b, c, d, e LIMIT 100000
                                                                    QUERY PLAN                                                                    
--------------------------------------------------------------------------------------------------------------------------------------------------
 Limit  (cost=485894.17..485894.17 rows=1 width=20) (actual time=549.472..549.472 rows=0 loops=1)
   ->  Limit  (cost=473226.69..484894.17 rows=100000 width=20) (actual time=524.961..546.660 rows=100000 loops=1)
         ->  Gather Merge  (cost=473226.69..1445510.80 rows=8333282 width=20) (actual time=524.961..541.057 rows=100000 loops=1)
               Workers Planned: 2
               Workers Launched: 2
               ->  Sort  (cost=472226.66..482643.26 rows=4166641 width=20) (actual time=523.281..524.742 rows=33956 loops=3)
                     Sort Key: s_4.a, s_4.b, s_4.c, s_4.d, s_4.e
                     Sort Method: top-N heapsort  Memory: 13957kB
                     Worker 0:  Sort Method: top-N heapsort  Memory: 13957kB
                     Worker 1:  Sort Method: top-N heapsort  Memory: 13957kB
                     ->  Parallel Seq Scan on s_4  (cost=0.00..105361.41 rows=4166641 width=20) (actual time=0.009..221.931 rows=3333333 loops=3)
 Planning time: 0.303 ms
 Execution time: 553.674 ms
(13 rows)

===== 329 [Wed Mar  7 13:29:20 CET 2018] scale:10000000 groups:1000 work_mem:256MB incremental:on max_workers:2 =====
SELECT * FROM s_1 ORDER BY a, b LIMIT 100000
                                                                    QUERY PLAN                                                                     
---------------------------------------------------------------------------------------------------------------------------------------------------
 Limit  (cost=3826.25..3826.25 rows=1 width=20) (actual time=57.538..57.538 rows=0 loops=1)
   ->  Limit  (cost=987.14..2826.25 rows=100000 width=20) (actual time=2.330..54.794 rows=100000 loops=1)
         ->  Incremental Sort  (cost=987.14..184896.39 rows=9999939 width=20) (actual time=2.330..49.327 rows=100000 loops=1)
               Sort Key: s_1.a, s_1.b
               Presorted Key: s_1.a
               Sort Method: quicksort  Memory: 1187kB
               Sort Groups: 11
               ->  Index Scan using s_1_a_idx on s_1  (cost=0.43..323385.52 rows=9999939 width=20) (actual time=0.023..12.853 rows=104602 loops=1)
 Planning time: 0.284 ms
 Execution time: 57.575 ms
(10 rows)

===== 330 [Wed Mar  7 13:29:20 CET 2018] scale:10000000 groups:1000 work_mem:256MB incremental:on max_workers:2 =====
SELECT * FROM s_2 ORDER BY a, b, c LIMIT 100000
                                                                      QUERY PLAN                                                                      
------------------------------------------------------------------------------------------------------------------------------------------------------
 Limit  (cost=3008.31..3008.31 rows=1 width=20) (actual time=43.678..43.678 rows=0 loops=1)
   ->  Limit  (cost=1.01..2008.31 rows=100000 width=20) (actual time=0.059..40.907 rows=100000 loops=1)
         ->  Incremental Sort  (cost=1.01..200732.27 rows=10000054 width=20) (actual time=0.058..35.400 rows=100000 loops=1)
               Sort Key: s_2.a, s_2.b, s_2.c
               Presorted Key: s_2.a, s_2.b
               Sort Method: quicksort  Memory: 28kB
               Sort Groups: 2719
               ->  Index Scan using s_2_a_b_idx on s_2  (cost=0.43..406985.62 rows=10000054 width=20) (actual time=0.010..11.663 rows=100021 loops=1)
 Planning time: 0.296 ms
 Execution time: 43.702 ms
(10 rows)

===== 331 [Wed Mar  7 13:29:20 CET 2018] scale:10000000 groups:1000 work_mem:256MB incremental:on max_workers:2 =====
SELECT * FROM s_3 ORDER BY a, b, c, d LIMIT 100000
                                                                      QUERY PLAN                                                                       
-------------------------------------------------------------------------------------------------------------------------------------------------------
 Limit  (cost=3012.79..3012.79 rows=1 width=20) (actual time=34.333..34.333 rows=0 loops=1)
   ->  Limit  (cost=1.05..2012.79 rows=100000 width=20) (actual time=0.063..31.563 rows=100000 loops=1)
         ->  Incremental Sort  (cost=1.05..201173.43 rows=9999939 width=20) (actual time=0.063..26.073 rows=100000 loops=1)
               Sort Key: s_3.a, s_3.b, s_3.c, s_3.d
               Presorted Key: s_3.a, s_3.b, s_3.c
               Sort Method: quicksort  Memory: 27kB
               Sort Groups: 3125
               ->  Index Scan using s_3_a_b_c_idx on s_3  (cost=0.43..451319.90 rows=9999939 width=20) (actual time=0.015..11.950 rows=100017 loops=1)
 Planning time: 0.306 ms
 Execution time: 34.357 ms
(10 rows)

===== 332 [Wed Mar  7 13:29:20 CET 2018] scale:10000000 groups:1000 work_mem:256MB incremental:on max_workers:2 =====
SELECT * FROM s_4 ORDER BY a, b, c, d, e LIMIT 100000
                                                                       QUERY PLAN                                                                        
---------------------------------------------------------------------------------------------------------------------------------------------------------
 Limit  (cost=3012.79..3012.79 rows=1 width=20) (actual time=33.943..33.943 rows=0 loops=1)
   ->  Limit  (cost=1.05..2012.79 rows=100000 width=20) (actual time=0.063..31.166 rows=100000 loops=1)
         ->  Incremental Sort  (cost=1.05..201173.43 rows=9999939 width=20) (actual time=0.063..25.701 rows=100000 loops=1)
               Sort Key: s_4.a, s_4.b, s_4.c, s_4.d, s_4.e
               Presorted Key: s_4.a, s_4.b, s_4.c, s_4.d
               Sort Method: quicksort  Memory: 27kB
               Sort Groups: 3125
               ->  Index Scan using s_4_a_b_c_d_idx on s_4  (cost=0.43..451319.90 rows=9999939 width=20) (actual time=0.009..11.968 rows=100001 loops=1)
 Planning time: 0.292 ms
 Execution time: 33.967 ms
(10 rows)

===== 333 [Wed Mar  7 13:29:21 CET 2018] scale:10000000 groups:1000 work_mem:256MB incremental:off max_workers:2 =====
SELECT * FROM s_1 ORDER BY a, b LIMIT 100000
                                                                    QUERY PLAN                                                                    
--------------------------------------------------------------------------------------------------------------------------------------------------
 Limit  (cost=485894.17..485894.17 rows=1 width=20) (actual time=537.395..537.395 rows=0 loops=1)
   ->  Limit  (cost=473226.69..484894.17 rows=100000 width=20) (actual time=510.057..534.592 rows=100000 loops=1)
         ->  Gather Merge  (cost=473226.69..1445510.80 rows=8333282 width=20) (actual time=510.056..528.946 rows=100000 loops=1)
               Workers Planned: 2
               Workers Launched: 2
               ->  Sort  (cost=472226.66..482643.26 rows=4166641 width=20) (actual time=508.200..510.670 rows=33961 loops=3)
                     Sort Key: s_1.a, s_1.b
                     Sort Method: top-N heapsort  Memory: 13982kB
                     Worker 0:  Sort Method: top-N heapsort  Memory: 14000kB
                     Worker 1:  Sort Method: top-N heapsort  Memory: 14010kB
                     ->  Parallel Seq Scan on s_1  (cost=0.00..105361.41 rows=4166641 width=20) (actual time=0.010..220.848 rows=3333333 loops=3)
 Planning time: 0.295 ms
 Execution time: 541.521 ms
(13 rows)

===== 334 [Wed Mar  7 13:29:23 CET 2018] scale:10000000 groups:1000 work_mem:256MB incremental:off max_workers:2 =====
SELECT * FROM s_2 ORDER BY a, b, c LIMIT 100000
                                                                    QUERY PLAN                                                                    
--------------------------------------------------------------------------------------------------------------------------------------------------
 Limit  (cost=485898.87..485898.87 rows=1 width=20) (actual time=540.319..540.319 rows=0 loops=1)
   ->  Limit  (cost=473231.39..484898.87 rows=100000 width=20) (actual time=515.687..537.524 rows=100000 loops=1)
         ->  Gather Merge  (cost=473231.39..1445526.71 rows=8333378 width=20) (actual time=515.687..531.920 rows=100000 loops=1)
               Workers Planned: 2
               Workers Launched: 2
               ->  Sort  (cost=472231.37..482648.09 rows=4166689 width=20) (actual time=513.973..515.591 rows=34002 loops=3)
                     Sort Key: s_2.a, s_2.b, s_2.c
                     Sort Method: top-N heapsort  Memory: 13957kB
                     Worker 0:  Sort Method: top-N heapsort  Memory: 13957kB
                     Worker 1:  Sort Method: top-N heapsort  Memory: 13957kB
                     ->  Parallel Seq Scan on s_2  (cost=0.00..105361.89 rows=4166689 width=20) (actual time=0.009..218.838 rows=3333333 loops=3)
 Planning time: 0.293 ms
 Execution time: 544.525 ms
(13 rows)

===== 335 [Wed Mar  7 13:29:26 CET 2018] scale:10000000 groups:1000 work_mem:256MB incremental:off max_workers:2 =====
SELECT * FROM s_3 ORDER BY a, b, c, d LIMIT 100000
                                                                    QUERY PLAN                                                                    
--------------------------------------------------------------------------------------------------------------------------------------------------
 Limit  (cost=485894.17..485894.17 rows=1 width=20) (actual time=549.278..549.278 rows=0 loops=1)
   ->  Limit  (cost=473226.69..484894.17 rows=100000 width=20) (actual time=524.764..546.476 rows=100000 loops=1)
         ->  Gather Merge  (cost=473226.69..1445510.80 rows=8333282 width=20) (actual time=524.763..540.865 rows=100000 loops=1)
               Workers Planned: 2
               Workers Launched: 2
               ->  Sort  (cost=472226.66..482643.26 rows=4166641 width=20) (actual time=523.037..524.494 rows=33973 loops=3)
                     Sort Key: s_3.a, s_3.b, s_3.c, s_3.d
                     Sort Method: top-N heapsort  Memory: 13957kB
                     Worker 0:  Sort Method: top-N heapsort  Memory: 13957kB
                     Worker 1:  Sort Method: top-N heapsort  Memory: 13957kB
                     ->  Parallel Seq Scan on s_3  (cost=0.00..105361.41 rows=4166641 width=20) (actual time=0.010..221.062 rows=3333333 loops=3)
 Planning time: 0.300 ms
 Execution time: 553.482 ms
(13 rows)

===== 336 [Wed Mar  7 13:29:28 CET 2018] scale:10000000 groups:1000 work_mem:256MB incremental:off max_workers:2 =====
SELECT * FROM s_4 ORDER BY a, b, c, d, e LIMIT 100000
                                                                    QUERY PLAN                                                                    
--------------------------------------------------------------------------------------------------------------------------------------------------
 Limit  (cost=485894.17..485894.17 rows=1 width=20) (actual time=549.082..549.082 rows=0 loops=1)
   ->  Limit  (cost=473226.69..484894.17 rows=100000 width=20) (actual time=524.592..546.281 rows=100000 loops=1)
         ->  Gather Merge  (cost=473226.69..1445510.80 rows=8333282 width=20) (actual time=524.591..540.682 rows=100000 loops=1)
               Workers Planned: 2
               Workers Launched: 2
               ->  Sort  (cost=472226.66..482643.26 rows=4166641 width=20) (actual time=522.947..524.403 rows=33938 loops=3)
                     Sort Key: s_4.a, s_4.b, s_4.c, s_4.d, s_4.e
                     Sort Method: top-N heapsort  Memory: 13957kB
                     Worker 0:  Sort Method: top-N heapsort  Memory: 13957kB
                     Worker 1:  Sort Method: top-N heapsort  Memory: 13957kB
                     ->  Parallel Seq Scan on s_4  (cost=0.00..105361.41 rows=4166641 width=20) (actual time=0.008..221.872 rows=3333333 loops=3)
 Planning time: 0.296 ms
 Execution time: 553.324 ms
(13 rows)

===== 337 [Wed Mar  7 13:30:49 CET 2018] scale:10000000 groups:10000 work_mem:4MB incremental:on max_workers:0 =====
SELECT * FROM s_1 ORDER BY a, b LIMIT 100000
                                                                     QUERY PLAN                                                                     
----------------------------------------------------------------------------------------------------------------------------------------------------
 Limit  (cost=2921.07..2921.07 rows=1 width=20) (actual time=56.478..56.478 rows=0 loops=1)
   ->  Limit  (cost=87.50..1921.07 rows=100000 width=20) (actual time=0.312..53.732 rows=100000 loops=1)
         ->  Incremental Sort  (cost=87.50..183446.14 rows=10000054 width=20) (actual time=0.312..48.236 rows=100000 loops=1)
               Sort Key: s_1.a, s_1.b
               Presorted Key: s_1.a
               Sort Method: quicksort  Memory: 133kB
               Sort Groups: 101
               ->  Index Scan using s_1_a_idx on s_1  (cost=0.43..323387.25 rows=10000054 width=20) (actual time=0.039..15.435 rows=100159 loops=1)
 Planning time: 0.279 ms
 Execution time: 56.514 ms
(10 rows)

===== 338 [Wed Mar  7 13:30:49 CET 2018] scale:10000000 groups:10000 work_mem:4MB incremental:on max_workers:0 =====
SELECT * FROM s_2 ORDER BY a, b, c LIMIT 100000
                                                                     QUERY PLAN                                                                      
-----------------------------------------------------------------------------------------------------------------------------------------------------
 Limit  (cost=3008.31..3008.31 rows=1 width=20) (actual time=38.990..38.990 rows=0 loops=1)
   ->  Limit  (cost=1.01..2008.31 rows=100000 width=20) (actual time=0.075..36.218 rows=100000 loops=1)
         ->  Incremental Sort  (cost=1.01..200730.07 rows=9999939 width=20) (actual time=0.074..30.679 rows=100000 loops=1)
               Sort Key: s_2.a, s_2.b, s_2.c
               Presorted Key: s_2.a, s_2.b
               Sort Method: quicksort  Memory: 27kB
               Sort Groups: 3121
               ->  Index Scan using s_2_a_b_idx on s_2  (cost=0.43..406983.90 rows=9999939 width=20) (actual time=0.030..15.240 rows=100018 loops=1)
 Planning time: 0.287 ms
 Execution time: 39.014 ms
(10 rows)

===== 339 [Wed Mar  7 13:30:50 CET 2018] scale:10000000 groups:10000 work_mem:4MB incremental:on max_workers:0 =====
SELECT * FROM s_3 ORDER BY a, b, c, d LIMIT 100000
                                                                       QUERY PLAN                                                                       
--------------------------------------------------------------------------------------------------------------------------------------------------------
 Limit  (cost=3012.79..3012.79 rows=1 width=20) (actual time=37.599..37.599 rows=0 loops=1)
   ->  Limit  (cost=1.05..2012.79 rows=100000 width=20) (actual time=0.080..34.808 rows=100000 loops=1)
         ->  Incremental Sort  (cost=1.05..201175.63 rows=10000054 width=20) (actual time=0.079..29.300 rows=100000 loops=1)
               Sort Key: s_3.a, s_3.b, s_3.c, s_3.d
               Presorted Key: s_3.a, s_3.b, s_3.c
               Sort Method: quicksort  Memory: 27kB
               Sort Groups: 3125
               ->  Index Scan using s_3_a_b_c_idx on s_3  (cost=0.43..451321.62 rows=10000054 width=20) (actual time=0.032..15.906 rows=100001 loops=1)
 Planning time: 0.296 ms
 Execution time: 37.624 ms
(10 rows)

===== 340 [Wed Mar  7 13:30:50 CET 2018] scale:10000000 groups:10000 work_mem:4MB incremental:on max_workers:0 =====
SELECT * FROM s_4 ORDER BY a, b, c, d, e LIMIT 100000
                                                                        QUERY PLAN                                                                        
----------------------------------------------------------------------------------------------------------------------------------------------------------
 Limit  (cost=3012.79..3012.79 rows=1 width=20) (actual time=37.595..37.595 rows=0 loops=1)
   ->  Limit  (cost=1.05..2012.79 rows=100000 width=20) (actual time=0.088..34.817 rows=100000 loops=1)
         ->  Incremental Sort  (cost=1.05..201175.63 rows=10000054 width=20) (actual time=0.088..29.307 rows=100000 loops=1)
               Sort Key: s_4.a, s_4.b, s_4.c, s_4.d, s_4.e
               Presorted Key: s_4.a, s_4.b, s_4.c, s_4.d
               Sort Method: quicksort  Memory: 27kB
               Sort Groups: 3125
               ->  Index Scan using s_4_a_b_c_d_idx on s_4  (cost=0.43..451321.62 rows=10000054 width=20) (actual time=0.035..15.923 rows=100001 loops=1)
 Planning time: 0.291 ms
 Execution time: 37.620 ms
(10 rows)

===== 341 [Wed Mar  7 13:30:50 CET 2018] scale:10000000 groups:10000 work_mem:4MB incremental:off max_workers:0 =====
SELECT * FROM s_1 ORDER BY a, b LIMIT 100000
                                                             QUERY PLAN                                                              
-------------------------------------------------------------------------------------------------------------------------------------
 Limit  (cost=1737792.04..1737792.04 rows=1 width=20) (actual time=5784.030..5784.030 rows=0 loops=1)
   ->  Limit  (cost=1736542.04..1736792.04 rows=100000 width=20) (actual time=5766.657..5781.208 rows=100000 loops=1)
         ->  Sort  (cost=1736542.04..1761542.18 rows=10000054 width=20) (actual time=5766.657..5775.617 rows=100000 loops=1)
               Sort Key: s_1.a, s_1.b
               Sort Method: external merge  Disk: 293600kB
               ->  Seq Scan on s_1  (cost=0.00..163695.54 rows=10000054 width=20) (actual time=0.012..649.238 rows=10000000 loops=1)
 Planning time: 0.275 ms
 Execution time: 5818.362 ms
(8 rows)

===== 342 [Wed Mar  7 13:31:23 CET 2018] scale:10000000 groups:10000 work_mem:4MB incremental:off max_workers:0 =====
SELECT * FROM s_2 ORDER BY a, b, c LIMIT 100000
                                                             QUERY PLAN                                                             
------------------------------------------------------------------------------------------------------------------------------------
 Limit  (cost=1737769.69..1737769.69 rows=1 width=20) (actual time=4983.228..4983.228 rows=0 loops=1)
   ->  Limit  (cost=1736519.69..1736769.69 rows=100000 width=20) (actual time=4965.822..4980.426 rows=100000 loops=1)
         ->  Sort  (cost=1736519.69..1761519.54 rows=9999939 width=20) (actual time=4965.821..4974.828 rows=100000 loops=1)
               Sort Key: s_2.a, s_2.b, s_2.c
               Sort Method: external merge  Disk: 293600kB
               ->  Seq Scan on s_2  (cost=0.00..163694.39 rows=9999939 width=20) (actual time=0.006..639.908 rows=10000000 loops=1)
 Planning time: 0.284 ms
 Execution time: 5017.689 ms
(8 rows)

===== 343 [Wed Mar  7 13:31:51 CET 2018] scale:10000000 groups:10000 work_mem:4MB incremental:off max_workers:0 =====
SELECT * FROM s_3 ORDER BY a, b, c, d LIMIT 100000
                                                             QUERY PLAN                                                              
-------------------------------------------------------------------------------------------------------------------------------------
 Limit  (cost=1737792.04..1737792.04 rows=1 width=20) (actual time=3567.960..3567.960 rows=0 loops=1)
   ->  Limit  (cost=1736542.04..1736792.04 rows=100000 width=20) (actual time=3550.532..3565.140 rows=100000 loops=1)
         ->  Sort  (cost=1736542.04..1761542.18 rows=10000054 width=20) (actual time=3550.531..3559.553 rows=100000 loops=1)
               Sort Key: s_3.a, s_3.b, s_3.c, s_3.d
               Sort Method: external merge  Disk: 293600kB
               ->  Seq Scan on s_3  (cost=0.00..163695.54 rows=10000054 width=20) (actual time=0.012..643.474 rows=10000000 loops=1)
 Planning time: 0.280 ms
 Execution time: 3602.469 ms
(8 rows)

===== 344 [Wed Mar  7 13:32:10 CET 2018] scale:10000000 groups:10000 work_mem:4MB incremental:off max_workers:0 =====
SELECT * FROM s_4 ORDER BY a, b, c, d, e LIMIT 100000
                                                             QUERY PLAN                                                              
-------------------------------------------------------------------------------------------------------------------------------------
 Limit  (cost=1737792.04..1737792.04 rows=1 width=20) (actual time=3526.626..3526.626 rows=0 loops=1)
   ->  Limit  (cost=1736542.04..1736792.04 rows=100000 width=20) (actual time=3508.828..3523.807 rows=100000 loops=1)
         ->  Sort  (cost=1736542.04..1761542.18 rows=10000054 width=20) (actual time=3508.828..3517.872 rows=100000 loops=1)
               Sort Key: s_4.a, s_4.b, s_4.c, s_4.d, s_4.e
               Sort Method: external merge  Disk: 293600kB
               ->  Seq Scan on s_4  (cost=0.00..163695.54 rows=10000054 width=20) (actual time=0.014..644.931 rows=10000000 loops=1)
 Planning time: 0.271 ms
 Execution time: 3560.969 ms
(8 rows)

===== 345 [Wed Mar  7 13:32:29 CET 2018] scale:10000000 groups:10000 work_mem:8MB incremental:on max_workers:0 =====
SELECT * FROM s_1 ORDER BY a, b LIMIT 100000
                                                                     QUERY PLAN                                                                     
----------------------------------------------------------------------------------------------------------------------------------------------------
 Limit  (cost=2921.07..2921.07 rows=1 width=20) (actual time=52.594..52.594 rows=0 loops=1)
   ->  Limit  (cost=87.50..1921.07 rows=100000 width=20) (actual time=0.274..49.854 rows=100000 loops=1)
         ->  Incremental Sort  (cost=87.50..183446.14 rows=10000054 width=20) (actual time=0.273..44.357 rows=100000 loops=1)
               Sort Key: s_1.a, s_1.b
               Presorted Key: s_1.a
               Sort Method: quicksort  Memory: 133kB
               Sort Groups: 101
               ->  Index Scan using s_1_a_idx on s_1  (cost=0.43..323387.25 rows=10000054 width=20) (actual time=0.016..11.796 rows=100159 loops=1)
 Planning time: 0.275 ms
 Execution time: 52.627 ms
(10 rows)

===== 346 [Wed Mar  7 13:32:30 CET 2018] scale:10000000 groups:10000 work_mem:8MB incremental:on max_workers:0 =====
SELECT * FROM s_2 ORDER BY a, b, c LIMIT 100000
                                                                     QUERY PLAN                                                                      
-----------------------------------------------------------------------------------------------------------------------------------------------------
 Limit  (cost=3008.31..3008.31 rows=1 width=20) (actual time=35.089..35.089 rows=0 loops=1)
   ->  Limit  (cost=1.01..2008.31 rows=100000 width=20) (actual time=0.054..32.324 rows=100000 loops=1)
         ->  Incremental Sort  (cost=1.01..200730.07 rows=9999939 width=20) (actual time=0.054..26.818 rows=100000 loops=1)
               Sort Key: s_2.a, s_2.b, s_2.c
               Presorted Key: s_2.a, s_2.b
               Sort Method: quicksort  Memory: 27kB
               Sort Groups: 3121
               ->  Index Scan using s_2_a_b_idx on s_2  (cost=0.43..406983.90 rows=9999939 width=20) (actual time=0.010..11.665 rows=100018 loops=1)
 Planning time: 0.294 ms
 Execution time: 35.114 ms
(10 rows)

===== 347 [Wed Mar  7 13:32:30 CET 2018] scale:10000000 groups:10000 work_mem:8MB incremental:on max_workers:0 =====
SELECT * FROM s_3 ORDER BY a, b, c, d LIMIT 100000
                                                                       QUERY PLAN                                                                       
--------------------------------------------------------------------------------------------------------------------------------------------------------
 Limit  (cost=3012.79..3012.79 rows=1 width=20) (actual time=33.194..33.194 rows=0 loops=1)
   ->  Limit  (cost=1.05..2012.79 rows=100000 width=20) (actual time=0.059..30.410 rows=100000 loops=1)
         ->  Incremental Sort  (cost=1.05..201175.63 rows=10000054 width=20) (actual time=0.059..24.930 rows=100000 loops=1)
               Sort Key: s_3.a, s_3.b, s_3.c, s_3.d
               Presorted Key: s_3.a, s_3.b, s_3.c
               Sort Method: quicksort  Memory: 27kB
               Sort Groups: 3125
               ->  Index Scan using s_3_a_b_c_idx on s_3  (cost=0.43..451321.62 rows=10000054 width=20) (actual time=0.011..11.899 rows=100001 loops=1)
 Planning time: 0.291 ms
 Execution time: 33.218 ms
(10 rows)

===== 348 [Wed Mar  7 13:32:30 CET 2018] scale:10000000 groups:10000 work_mem:8MB incremental:on max_workers:0 =====
SELECT * FROM s_4 ORDER BY a, b, c, d, e LIMIT 100000
                                                                        QUERY PLAN                                                                        
----------------------------------------------------------------------------------------------------------------------------------------------------------
 Limit  (cost=3012.79..3012.79 rows=1 width=20) (actual time=33.198..33.198 rows=0 loops=1)
   ->  Limit  (cost=1.05..2012.79 rows=100000 width=20) (actual time=0.067..30.436 rows=100000 loops=1)
         ->  Incremental Sort  (cost=1.05..201175.63 rows=10000054 width=20) (actual time=0.067..24.960 rows=100000 loops=1)
               Sort Key: s_4.a, s_4.b, s_4.c, s_4.d, s_4.e
               Presorted Key: s_4.a, s_4.b, s_4.c, s_4.d
               Sort Method: quicksort  Memory: 27kB
               Sort Groups: 3125
               ->  Index Scan using s_4_a_b_c_d_idx on s_4  (cost=0.43..451321.62 rows=10000054 width=20) (actual time=0.014..11.906 rows=100001 loops=1)
 Planning time: 0.302 ms
 Execution time: 33.222 ms
(10 rows)

===== 349 [Wed Mar  7 13:32:30 CET 2018] scale:10000000 groups:10000 work_mem:8MB incremental:off max_workers:0 =====
SELECT * FROM s_1 ORDER BY a, b LIMIT 100000
                                                             QUERY PLAN                                                              
-------------------------------------------------------------------------------------------------------------------------------------
 Limit  (cost=1045432.32..1045432.32 rows=1 width=20) (actual time=5231.872..5231.872 rows=0 loops=1)
   ->  Limit  (cost=1044182.32..1044432.32 rows=100000 width=20) (actual time=5214.380..5229.054 rows=100000 loops=1)
         ->  Sort  (cost=1044182.32..1069182.45 rows=10000054 width=20) (actual time=5214.379..5223.454 rows=100000 loops=1)
               Sort Key: s_1.a, s_1.b
               Sort Method: external merge  Disk: 293608kB
               ->  Seq Scan on s_1  (cost=0.00..163695.54 rows=10000054 width=20) (actual time=0.012..645.782 rows=10000000 loops=1)
 Planning time: 0.267 ms
 Execution time: 5266.162 ms
(8 rows)

===== 350 [Wed Mar  7 13:33:00 CET 2018] scale:10000000 groups:10000 work_mem:8MB incremental:off max_workers:0 =====
SELECT * FROM s_2 ORDER BY a, b, c LIMIT 100000
                                                             QUERY PLAN                                                             
------------------------------------------------------------------------------------------------------------------------------------
 Limit  (cost=1045421.04..1045421.04 rows=1 width=20) (actual time=4330.285..4330.285 rows=0 loops=1)
   ->  Limit  (cost=1044171.04..1044421.04 rows=100000 width=20) (actual time=4312.797..4327.468 rows=100000 loops=1)
         ->  Sort  (cost=1044171.04..1069170.89 rows=9999939 width=20) (actual time=4312.796..4321.869 rows=100000 loops=1)
               Sort Key: s_2.a, s_2.b, s_2.c
               Sort Method: external merge  Disk: 293608kB
               ->  Seq Scan on s_2  (cost=0.00..163694.39 rows=9999939 width=20) (actual time=0.006..639.348 rows=10000000 loops=1)
 Planning time: 0.274 ms
 Execution time: 4364.761 ms
(8 rows)

===== 351 [Wed Mar  7 13:33:24 CET 2018] scale:10000000 groups:10000 work_mem:8MB incremental:off max_workers:0 =====
SELECT * FROM s_3 ORDER BY a, b, c, d LIMIT 100000
                                                             QUERY PLAN                                                              
-------------------------------------------------------------------------------------------------------------------------------------
 Limit  (cost=1045432.32..1045432.32 rows=1 width=20) (actual time=2881.160..2881.160 rows=0 loops=1)
   ->  Limit  (cost=1044182.32..1044432.32 rows=100000 width=20) (actual time=2863.649..2878.345 rows=100000 loops=1)
         ->  Sort  (cost=1044182.32..1069182.45 rows=10000054 width=20) (actual time=2863.649..2872.752 rows=100000 loops=1)
               Sort Key: s_3.a, s_3.b, s_3.c, s_3.d
               Sort Method: external merge  Disk: 293608kB
               ->  Seq Scan on s_3  (cost=0.00..163695.54 rows=10000054 width=20) (actual time=0.012..643.478 rows=10000000 loops=1)
 Planning time: 0.288 ms
 Execution time: 2915.498 ms
(8 rows)

===== 352 [Wed Mar  7 13:33:39 CET 2018] scale:10000000 groups:10000 work_mem:8MB incremental:off max_workers:0 =====
SELECT * FROM s_4 ORDER BY a, b, c, d, e LIMIT 100000
                                                             QUERY PLAN                                                              
-------------------------------------------------------------------------------------------------------------------------------------
 Limit  (cost=1045432.32..1045432.32 rows=1 width=20) (actual time=2797.569..2797.569 rows=0 loops=1)
   ->  Limit  (cost=1044182.32..1044432.32 rows=100000 width=20) (actual time=2779.722..2794.741 rows=100000 loops=1)
         ->  Sort  (cost=1044182.32..1069182.45 rows=10000054 width=20) (actual time=2779.721..2788.856 rows=100000 loops=1)
               Sort Key: s_4.a, s_4.b, s_4.c, s_4.d, s_4.e
               Sort Method: external merge  Disk: 293608kB
               ->  Seq Scan on s_4  (cost=0.00..163695.54 rows=10000054 width=20) (actual time=0.014..644.388 rows=10000000 loops=1)
 Planning time: 0.271 ms
 Execution time: 2832.292 ms
(8 rows)

===== 353 [Wed Mar  7 13:33:54 CET 2018] scale:10000000 groups:10000 work_mem:16MB incremental:on max_workers:0 =====
SELECT * FROM s_1 ORDER BY a, b LIMIT 100000
                                                                     QUERY PLAN                                                                     
----------------------------------------------------------------------------------------------------------------------------------------------------
 Limit  (cost=2921.07..2921.07 rows=1 width=20) (actual time=52.611..52.611 rows=0 loops=1)
   ->  Limit  (cost=87.50..1921.07 rows=100000 width=20) (actual time=0.283..49.875 rows=100000 loops=1)
         ->  Incremental Sort  (cost=87.50..183446.14 rows=10000054 width=20) (actual time=0.283..44.390 rows=100000 loops=1)
               Sort Key: s_1.a, s_1.b
               Presorted Key: s_1.a
               Sort Method: quicksort  Memory: 133kB
               Sort Groups: 101
               ->  Index Scan using s_1_a_idx on s_1  (cost=0.43..323387.25 rows=10000054 width=20) (actual time=0.016..11.815 rows=100159 loops=1)
 Planning time: 0.275 ms
 Execution time: 52.643 ms
(10 rows)

===== 354 [Wed Mar  7 13:33:54 CET 2018] scale:10000000 groups:10000 work_mem:16MB incremental:on max_workers:0 =====
SELECT * FROM s_2 ORDER BY a, b, c LIMIT 100000
                                                                     QUERY PLAN                                                                      
-----------------------------------------------------------------------------------------------------------------------------------------------------
 Limit  (cost=3008.31..3008.31 rows=1 width=20) (actual time=35.081..35.081 rows=0 loops=1)
   ->  Limit  (cost=1.01..2008.31 rows=100000 width=20) (actual time=0.054..32.313 rows=100000 loops=1)
         ->  Incremental Sort  (cost=1.01..200730.07 rows=9999939 width=20) (actual time=0.053..26.805 rows=100000 loops=1)
               Sort Key: s_2.a, s_2.b, s_2.c
               Presorted Key: s_2.a, s_2.b
               Sort Method: quicksort  Memory: 27kB
               Sort Groups: 3121
               ->  Index Scan using s_2_a_b_idx on s_2  (cost=0.43..406983.90 rows=9999939 width=20) (actual time=0.010..11.635 rows=100018 loops=1)
 Planning time: 0.287 ms
 Execution time: 35.105 ms
(10 rows)

===== 355 [Wed Mar  7 13:33:54 CET 2018] scale:10000000 groups:10000 work_mem:16MB incremental:on max_workers:0 =====
SELECT * FROM s_3 ORDER BY a, b, c, d LIMIT 100000
                                                                       QUERY PLAN                                                                       
--------------------------------------------------------------------------------------------------------------------------------------------------------
 Limit  (cost=3012.79..3012.79 rows=1 width=20) (actual time=33.201..33.201 rows=0 loops=1)
   ->  Limit  (cost=1.05..2012.79 rows=100000 width=20) (actual time=0.060..30.424 rows=100000 loops=1)
         ->  Incremental Sort  (cost=1.05..201175.63 rows=10000054 width=20) (actual time=0.059..24.935 rows=100000 loops=1)
               Sort Key: s_3.a, s_3.b, s_3.c, s_3.d
               Presorted Key: s_3.a, s_3.b, s_3.c
               Sort Method: quicksort  Memory: 27kB
               Sort Groups: 3125
               ->  Index Scan using s_3_a_b_c_idx on s_3  (cost=0.43..451321.62 rows=10000054 width=20) (actual time=0.012..11.892 rows=100001 loops=1)
 Planning time: 0.287 ms
 Execution time: 33.224 ms
(10 rows)

===== 356 [Wed Mar  7 13:33:55 CET 2018] scale:10000000 groups:10000 work_mem:16MB incremental:on max_workers:0 =====
SELECT * FROM s_4 ORDER BY a, b, c, d, e LIMIT 100000
                                                                        QUERY PLAN                                                                        
----------------------------------------------------------------------------------------------------------------------------------------------------------
 Limit  (cost=3012.79..3012.79 rows=1 width=20) (actual time=33.220..33.220 rows=0 loops=1)
   ->  Limit  (cost=1.05..2012.79 rows=100000 width=20) (actual time=0.067..30.455 rows=100000 loops=1)
         ->  Incremental Sort  (cost=1.05..201175.63 rows=10000054 width=20) (actual time=0.067..24.984 rows=100000 loops=1)
               Sort Key: s_4.a, s_4.b, s_4.c, s_4.d, s_4.e
               Presorted Key: s_4.a, s_4.b, s_4.c, s_4.d
               Sort Method: quicksort  Memory: 27kB
               Sort Groups: 3125
               ->  Index Scan using s_4_a_b_c_d_idx on s_4  (cost=0.43..451321.62 rows=10000054 width=20) (actual time=0.014..11.912 rows=100001 loops=1)
 Planning time: 0.283 ms
 Execution time: 33.245 ms
(10 rows)

===== 357 [Wed Mar  7 13:33:55 CET 2018] scale:10000000 groups:10000 work_mem:16MB incremental:off max_workers:0 =====
SELECT * FROM s_1 ORDER BY a, b LIMIT 100000
                                                             QUERY PLAN                                                              
-------------------------------------------------------------------------------------------------------------------------------------
 Limit  (cost=1045432.32..1045432.32 rows=1 width=20) (actual time=4593.602..4593.602 rows=0 loops=1)
   ->  Limit  (cost=1044182.32..1044432.32 rows=100000 width=20) (actual time=4576.188..4590.781 rows=100000 loops=1)
         ->  Sort  (cost=1044182.32..1069182.45 rows=10000054 width=20) (actual time=4576.187..4585.183 rows=100000 loops=1)
               Sort Key: s_1.a, s_1.b
               Sort Method: external merge  Disk: 293904kB
               ->  Seq Scan on s_1  (cost=0.00..163695.54 rows=10000054 width=20) (actual time=0.012..644.013 rows=10000000 loops=1)
 Planning time: 0.274 ms
 Execution time: 4628.188 ms
(8 rows)

===== 358 [Wed Mar  7 13:34:20 CET 2018] scale:10000000 groups:10000 work_mem:16MB incremental:off max_workers:0 =====
SELECT * FROM s_2 ORDER BY a, b, c LIMIT 100000
                                                             QUERY PLAN                                                             
------------------------------------------------------------------------------------------------------------------------------------
 Limit  (cost=1045421.04..1045421.04 rows=1 width=20) (actual time=3638.951..3638.951 rows=0 loops=1)
   ->  Limit  (cost=1044171.04..1044421.04 rows=100000 width=20) (actual time=3621.507..3636.129 rows=100000 loops=1)
         ->  Sort  (cost=1044171.04..1069170.89 rows=9999939 width=20) (actual time=3621.506..3630.530 rows=100000 loops=1)
               Sort Key: s_2.a, s_2.b, s_2.c
               Sort Method: external merge  Disk: 293904kB
               ->  Seq Scan on s_2  (cost=0.00..163694.39 rows=9999939 width=20) (actual time=0.006..636.360 rows=10000000 loops=1)
 Planning time: 0.283 ms
 Execution time: 3673.734 ms
(8 rows)

===== 359 [Wed Mar  7 13:34:40 CET 2018] scale:10000000 groups:10000 work_mem:16MB incremental:off max_workers:0 =====
SELECT * FROM s_3 ORDER BY a, b, c, d LIMIT 100000
                                                             QUERY PLAN                                                              
-------------------------------------------------------------------------------------------------------------------------------------
 Limit  (cost=1045432.32..1045432.32 rows=1 width=20) (actual time=2193.908..2193.908 rows=0 loops=1)
   ->  Limit  (cost=1044182.32..1044432.32 rows=100000 width=20) (actual time=2176.478..2191.104 rows=100000 loops=1)
         ->  Sort  (cost=1044182.32..1069182.45 rows=10000054 width=20) (actual time=2176.477..2185.501 rows=100000 loops=1)
               Sort Key: s_3.a, s_3.b, s_3.c, s_3.d
               Sort Method: external merge  Disk: 293904kB
               ->  Seq Scan on s_3  (cost=0.00..163695.54 rows=10000054 width=20) (actual time=0.012..640.505 rows=10000000 loops=1)
 Planning time: 0.281 ms
 Execution time: 2228.538 ms
(8 rows)

===== 360 [Wed Mar  7 13:34:51 CET 2018] scale:10000000 groups:10000 work_mem:16MB incremental:off max_workers:0 =====
SELECT * FROM s_4 ORDER BY a, b, c, d, e LIMIT 100000
                                                             QUERY PLAN                                                              
-------------------------------------------------------------------------------------------------------------------------------------
 Limit  (cost=1045432.32..1045432.32 rows=1 width=20) (actual time=2045.887..2045.887 rows=0 loops=1)
   ->  Limit  (cost=1044182.32..1044432.32 rows=100000 width=20) (actual time=2028.113..2043.080 rows=100000 loops=1)
         ->  Sort  (cost=1044182.32..1069182.45 rows=10000054 width=20) (actual time=2028.113..2037.167 rows=100000 loops=1)
               Sort Key: s_4.a, s_4.b, s_4.c, s_4.d, s_4.e
               Sort Method: external merge  Disk: 293904kB
               ->  Seq Scan on s_4  (cost=0.00..163695.54 rows=10000054 width=20) (actual time=0.015..642.297 rows=10000000 loops=1)
 Planning time: 0.269 ms
 Execution time: 2080.745 ms
(8 rows)

===== 361 [Wed Mar  7 13:35:02 CET 2018] scale:10000000 groups:10000 work_mem:32MB incremental:on max_workers:0 =====
SELECT * FROM s_1 ORDER BY a, b LIMIT 100000
                                                                     QUERY PLAN                                                                     
----------------------------------------------------------------------------------------------------------------------------------------------------
 Limit  (cost=2921.07..2921.07 rows=1 width=20) (actual time=52.575..52.575 rows=0 loops=1)
   ->  Limit  (cost=87.50..1921.07 rows=100000 width=20) (actual time=0.276..49.843 rows=100000 loops=1)
         ->  Incremental Sort  (cost=87.50..183446.14 rows=10000054 width=20) (actual time=0.276..44.355 rows=100000 loops=1)
               Sort Key: s_1.a, s_1.b
               Presorted Key: s_1.a
               Sort Method: quicksort  Memory: 133kB
               Sort Groups: 101
               ->  Index Scan using s_1_a_idx on s_1  (cost=0.43..323387.25 rows=10000054 width=20) (actual time=0.016..11.787 rows=100159 loops=1)
 Planning time: 0.286 ms
 Execution time: 52.608 ms
(10 rows)

===== 362 [Wed Mar  7 13:35:02 CET 2018] scale:10000000 groups:10000 work_mem:32MB incremental:on max_workers:0 =====
SELECT * FROM s_2 ORDER BY a, b, c LIMIT 100000
                                                                     QUERY PLAN                                                                      
-----------------------------------------------------------------------------------------------------------------------------------------------------
 Limit  (cost=3008.31..3008.31 rows=1 width=20) (actual time=35.075..35.075 rows=0 loops=1)
   ->  Limit  (cost=1.01..2008.31 rows=100000 width=20) (actual time=0.055..32.309 rows=100000 loops=1)
         ->  Incremental Sort  (cost=1.01..200730.07 rows=9999939 width=20) (actual time=0.055..26.807 rows=100000 loops=1)
               Sort Key: s_2.a, s_2.b, s_2.c
               Presorted Key: s_2.a, s_2.b
               Sort Method: quicksort  Memory: 27kB
               Sort Groups: 3121
               ->  Index Scan using s_2_a_b_idx on s_2  (cost=0.43..406983.90 rows=9999939 width=20) (actual time=0.010..11.642 rows=100018 loops=1)
 Planning time: 0.294 ms
 Execution time: 35.099 ms
(10 rows)

===== 363 [Wed Mar  7 13:35:02 CET 2018] scale:10000000 groups:10000 work_mem:32MB incremental:on max_workers:0 =====
SELECT * FROM s_3 ORDER BY a, b, c, d LIMIT 100000
                                                                       QUERY PLAN                                                                       
--------------------------------------------------------------------------------------------------------------------------------------------------------
 Limit  (cost=3012.79..3012.79 rows=1 width=20) (actual time=33.189..33.189 rows=0 loops=1)
   ->  Limit  (cost=1.05..2012.79 rows=100000 width=20) (actual time=0.060..30.408 rows=100000 loops=1)
         ->  Incremental Sort  (cost=1.05..201175.63 rows=10000054 width=20) (actual time=0.060..24.928 rows=100000 loops=1)
               Sort Key: s_3.a, s_3.b, s_3.c, s_3.d
               Presorted Key: s_3.a, s_3.b, s_3.c
               Sort Method: quicksort  Memory: 27kB
               Sort Groups: 3125
               ->  Index Scan using s_3_a_b_c_idx on s_3  (cost=0.43..451321.62 rows=10000054 width=20) (actual time=0.012..11.897 rows=100001 loops=1)
 Planning time: 0.296 ms
 Execution time: 33.213 ms
(10 rows)

===== 364 [Wed Mar  7 13:35:02 CET 2018] scale:10000000 groups:10000 work_mem:32MB incremental:on max_workers:0 =====
SELECT * FROM s_4 ORDER BY a, b, c, d, e LIMIT 100000
                                                                        QUERY PLAN                                                                        
----------------------------------------------------------------------------------------------------------------------------------------------------------
 Limit  (cost=3012.79..3012.79 rows=1 width=20) (actual time=33.213..33.213 rows=0 loops=1)
   ->  Limit  (cost=1.05..2012.79 rows=100000 width=20) (actual time=0.068..30.434 rows=100000 loops=1)
         ->  Incremental Sort  (cost=1.05..201175.63 rows=10000054 width=20) (actual time=0.068..24.960 rows=100000 loops=1)
               Sort Key: s_4.a, s_4.b, s_4.c, s_4.d, s_4.e
               Presorted Key: s_4.a, s_4.b, s_4.c, s_4.d
               Sort Method: quicksort  Memory: 27kB
               Sort Groups: 3125
               ->  Index Scan using s_4_a_b_c_d_idx on s_4  (cost=0.43..451321.62 rows=10000054 width=20) (actual time=0.014..11.908 rows=100001 loops=1)
 Planning time: 0.283 ms
 Execution time: 33.237 ms
(10 rows)

===== 365 [Wed Mar  7 13:35:03 CET 2018] scale:10000000 groups:10000 work_mem:32MB incremental:off max_workers:0 =====
SELECT * FROM s_1 ORDER BY a, b LIMIT 100000
                                                             QUERY PLAN                                                              
-------------------------------------------------------------------------------------------------------------------------------------
 Limit  (cost=1045432.32..1045432.32 rows=1 width=20) (actual time=1368.812..1368.812 rows=0 loops=1)
   ->  Limit  (cost=1044182.32..1044432.32 rows=100000 width=20) (actual time=1355.347..1366.060 rows=100000 loops=1)
         ->  Sort  (cost=1044182.32..1069182.45 rows=10000054 width=20) (actual time=1355.347..1360.630 rows=100000 loops=1)
               Sort Key: s_1.a, s_1.b
               Sort Method: top-N heapsort  Memory: 13968kB
               ->  Seq Scan on s_1  (cost=0.00..163695.54 rows=10000054 width=20) (actual time=0.012..620.640 rows=10000000 loops=1)
 Planning time: 0.276 ms
 Execution time: 1369.728 ms
(8 rows)

===== 366 [Wed Mar  7 13:35:09 CET 2018] scale:10000000 groups:10000 work_mem:32MB incremental:off max_workers:0 =====
SELECT * FROM s_2 ORDER BY a, b, c LIMIT 100000
                                                             QUERY PLAN                                                             
------------------------------------------------------------------------------------------------------------------------------------
 Limit  (cost=1045421.04..1045421.04 rows=1 width=20) (actual time=1369.745..1369.745 rows=0 loops=1)
   ->  Limit  (cost=1044171.04..1044421.04 rows=100000 width=20) (actual time=1357.569..1366.991 rows=100000 loops=1)
         ->  Sort  (cost=1044171.04..1069170.89 rows=9999939 width=20) (actual time=1357.568..1361.544 rows=100000 loops=1)
               Sort Key: s_2.a, s_2.b, s_2.c
               Sort Method: top-N heapsort  Memory: 13957kB
               ->  Seq Scan on s_2  (cost=0.00..163694.39 rows=9999939 width=20) (actual time=0.006..615.331 rows=10000000 loops=1)
 Planning time: 0.270 ms
 Execution time: 1370.662 ms
(8 rows)

===== 367 [Wed Mar  7 13:35:15 CET 2018] scale:10000000 groups:10000 work_mem:32MB incremental:off max_workers:0 =====
SELECT * FROM s_3 ORDER BY a, b, c, d LIMIT 100000
                                                             QUERY PLAN                                                              
-------------------------------------------------------------------------------------------------------------------------------------
 Limit  (cost=1045432.32..1045432.32 rows=1 width=20) (actual time=1389.661..1389.661 rows=0 loops=1)
   ->  Limit  (cost=1044182.32..1044432.32 rows=100000 width=20) (actual time=1377.466..1386.916 rows=100000 loops=1)
         ->  Sort  (cost=1044182.32..1069182.45 rows=10000054 width=20) (actual time=1377.465..1381.486 rows=100000 loops=1)
               Sort Key: s_3.a, s_3.b, s_3.c, s_3.d
               Sort Method: top-N heapsort  Memory: 13957kB
               ->  Seq Scan on s_3  (cost=0.00..163695.54 rows=10000054 width=20) (actual time=0.012..618.443 rows=10000000 loops=1)
 Planning time: 0.277 ms
 Execution time: 1390.575 ms
(8 rows)

===== 368 [Wed Mar  7 13:35:21 CET 2018] scale:10000000 groups:10000 work_mem:32MB incremental:off max_workers:0 =====
SELECT * FROM s_4 ORDER BY a, b, c, d, e LIMIT 100000
                                                             QUERY PLAN                                                              
-------------------------------------------------------------------------------------------------------------------------------------
 Limit  (cost=1045432.32..1045432.32 rows=1 width=20) (actual time=1377.585..1377.585 rows=0 loops=1)
   ->  Limit  (cost=1044182.32..1044432.32 rows=100000 width=20) (actual time=1365.287..1374.839 rows=100000 loops=1)
         ->  Sort  (cost=1044182.32..1069182.45 rows=10000054 width=20) (actual time=1365.286..1369.244 rows=100000 loops=1)
               Sort Key: s_4.a, s_4.b, s_4.c, s_4.d, s_4.e
               Sort Method: top-N heapsort  Memory: 13957kB
               ->  Seq Scan on s_4  (cost=0.00..163695.54 rows=10000054 width=20) (actual time=0.014..619.863 rows=10000000 loops=1)
 Planning time: 0.277 ms
 Execution time: 1378.496 ms
(8 rows)

===== 369 [Wed Mar  7 13:35:27 CET 2018] scale:10000000 groups:10000 work_mem:64MB incremental:on max_workers:0 =====
SELECT * FROM s_1 ORDER BY a, b LIMIT 100000
                                                                     QUERY PLAN                                                                     
----------------------------------------------------------------------------------------------------------------------------------------------------
 Limit  (cost=2921.07..2921.07 rows=1 width=20) (actual time=52.599..52.599 rows=0 loops=1)
   ->  Limit  (cost=87.50..1921.07 rows=100000 width=20) (actual time=0.274..49.863 rows=100000 loops=1)
         ->  Incremental Sort  (cost=87.50..183446.14 rows=10000054 width=20) (actual time=0.273..44.378 rows=100000 loops=1)
               Sort Key: s_1.a, s_1.b
               Presorted Key: s_1.a
               Sort Method: quicksort  Memory: 133kB
               Sort Groups: 101
               ->  Index Scan using s_1_a_idx on s_1  (cost=0.43..323387.25 rows=10000054 width=20) (actual time=0.016..11.797 rows=100159 loops=1)
 Planning time: 0.281 ms
 Execution time: 52.632 ms
(10 rows)

===== 370 [Wed Mar  7 13:35:28 CET 2018] scale:10000000 groups:10000 work_mem:64MB incremental:on max_workers:0 =====
SELECT * FROM s_2 ORDER BY a, b, c LIMIT 100000
                                                                     QUERY PLAN                                                                      
-----------------------------------------------------------------------------------------------------------------------------------------------------
 Limit  (cost=3008.31..3008.31 rows=1 width=20) (actual time=35.098..35.098 rows=0 loops=1)
   ->  Limit  (cost=1.01..2008.31 rows=100000 width=20) (actual time=0.056..32.315 rows=100000 loops=1)
         ->  Incremental Sort  (cost=1.01..200730.07 rows=9999939 width=20) (actual time=0.055..26.814 rows=100000 loops=1)
               Sort Key: s_2.a, s_2.b, s_2.c
               Presorted Key: s_2.a, s_2.b
               Sort Method: quicksort  Memory: 27kB
               Sort Groups: 3121
               ->  Index Scan using s_2_a_b_idx on s_2  (cost=0.43..406983.90 rows=9999939 width=20) (actual time=0.010..11.645 rows=100018 loops=1)
 Planning time: 0.290 ms
 Execution time: 35.123 ms
(10 rows)

===== 371 [Wed Mar  7 13:35:28 CET 2018] scale:10000000 groups:10000 work_mem:64MB incremental:on max_workers:0 =====
SELECT * FROM s_3 ORDER BY a, b, c, d LIMIT 100000
                                                                       QUERY PLAN                                                                       
--------------------------------------------------------------------------------------------------------------------------------------------------------
 Limit  (cost=3012.79..3012.79 rows=1 width=20) (actual time=33.197..33.197 rows=0 loops=1)
   ->  Limit  (cost=1.05..2012.79 rows=100000 width=20) (actual time=0.061..30.416 rows=100000 loops=1)
         ->  Incremental Sort  (cost=1.05..201175.63 rows=10000054 width=20) (actual time=0.060..24.943 rows=100000 loops=1)
               Sort Key: s_3.a, s_3.b, s_3.c, s_3.d
               Presorted Key: s_3.a, s_3.b, s_3.c
               Sort Method: quicksort  Memory: 27kB
               Sort Groups: 3125
               ->  Index Scan using s_3_a_b_c_idx on s_3  (cost=0.43..451321.62 rows=10000054 width=20) (actual time=0.012..11.919 rows=100001 loops=1)
 Planning time: 0.304 ms
 Execution time: 33.222 ms
(10 rows)

===== 372 [Wed Mar  7 13:35:28 CET 2018] scale:10000000 groups:10000 work_mem:64MB incremental:on max_workers:0 =====
SELECT * FROM s_4 ORDER BY a, b, c, d, e LIMIT 100000
                                                                        QUERY PLAN                                                                        
----------------------------------------------------------------------------------------------------------------------------------------------------------
 Limit  (cost=3012.79..3012.79 rows=1 width=20) (actual time=33.206..33.206 rows=0 loops=1)
   ->  Limit  (cost=1.05..2012.79 rows=100000 width=20) (actual time=0.068..30.430 rows=100000 loops=1)
         ->  Incremental Sort  (cost=1.05..201175.63 rows=10000054 width=20) (actual time=0.068..24.963 rows=100000 loops=1)
               Sort Key: s_4.a, s_4.b, s_4.c, s_4.d, s_4.e
               Presorted Key: s_4.a, s_4.b, s_4.c, s_4.d
               Sort Method: quicksort  Memory: 27kB
               Sort Groups: 3125
               ->  Index Scan using s_4_a_b_c_d_idx on s_4  (cost=0.43..451321.62 rows=10000054 width=20) (actual time=0.014..11.909 rows=100001 loops=1)
 Planning time: 0.290 ms
 Execution time: 33.230 ms
(10 rows)

===== 373 [Wed Mar  7 13:35:28 CET 2018] scale:10000000 groups:10000 work_mem:64MB incremental:off max_workers:0 =====
SELECT * FROM s_1 ORDER BY a, b LIMIT 100000
                                                             QUERY PLAN                                                              
-------------------------------------------------------------------------------------------------------------------------------------
 Limit  (cost=1045432.32..1045432.32 rows=1 width=20) (actual time=1367.721..1367.721 rows=0 loops=1)
   ->  Limit  (cost=1044182.32..1044432.32 rows=100000 width=20) (actual time=1354.231..1364.970 rows=100000 loops=1)
         ->  Sort  (cost=1044182.32..1069182.45 rows=10000054 width=20) (actual time=1354.231..1359.532 rows=100000 loops=1)
               Sort Key: s_1.a, s_1.b
               Sort Method: top-N heapsort  Memory: 13968kB
               ->  Seq Scan on s_1  (cost=0.00..163695.54 rows=10000054 width=20) (actual time=0.012..619.875 rows=10000000 loops=1)
 Planning time: 0.267 ms
 Execution time: 1368.632 ms
(8 rows)

===== 374 [Wed Mar  7 13:35:35 CET 2018] scale:10000000 groups:10000 work_mem:64MB incremental:off max_workers:0 =====
SELECT * FROM s_2 ORDER BY a, b, c LIMIT 100000
                                                             QUERY PLAN                                                             
------------------------------------------------------------------------------------------------------------------------------------
 Limit  (cost=1045421.04..1045421.04 rows=1 width=20) (actual time=1369.872..1369.872 rows=0 loops=1)
   ->  Limit  (cost=1044171.04..1044421.04 rows=100000 width=20) (actual time=1357.690..1367.121 rows=100000 loops=1)
         ->  Sort  (cost=1044171.04..1069170.89 rows=9999939 width=20) (actual time=1357.689..1361.679 rows=100000 loops=1)
               Sort Key: s_2.a, s_2.b, s_2.c
               Sort Method: top-N heapsort  Memory: 13957kB
               ->  Seq Scan on s_2  (cost=0.00..163694.39 rows=9999939 width=20) (actual time=0.007..615.988 rows=10000000 loops=1)
 Planning time: 0.272 ms
 Execution time: 1370.789 ms
(8 rows)

===== 375 [Wed Mar  7 13:35:41 CET 2018] scale:10000000 groups:10000 work_mem:64MB incremental:off max_workers:0 =====
SELECT * FROM s_3 ORDER BY a, b, c, d LIMIT 100000
                                                             QUERY PLAN                                                              
-------------------------------------------------------------------------------------------------------------------------------------
 Limit  (cost=1045432.32..1045432.32 rows=1 width=20) (actual time=1389.248..1389.248 rows=0 loops=1)
   ->  Limit  (cost=1044182.32..1044432.32 rows=100000 width=20) (actual time=1377.053..1386.506 rows=100000 loops=1)
         ->  Sort  (cost=1044182.32..1069182.45 rows=10000054 width=20) (actual time=1377.052..1381.082 rows=100000 loops=1)
               Sort Key: s_3.a, s_3.b, s_3.c, s_3.d
               Sort Method: top-N heapsort  Memory: 13957kB
               ->  Seq Scan on s_3  (cost=0.00..163695.54 rows=10000054 width=20) (actual time=0.012..618.092 rows=10000000 loops=1)
 Planning time: 0.274 ms
 Execution time: 1390.162 ms
(8 rows)

===== 376 [Wed Mar  7 13:35:47 CET 2018] scale:10000000 groups:10000 work_mem:64MB incremental:off max_workers:0 =====
SELECT * FROM s_4 ORDER BY a, b, c, d, e LIMIT 100000
                                                             QUERY PLAN                                                              
-------------------------------------------------------------------------------------------------------------------------------------
 Limit  (cost=1045432.32..1045432.32 rows=1 width=20) (actual time=1377.037..1377.037 rows=0 loops=1)
   ->  Limit  (cost=1044182.32..1044432.32 rows=100000 width=20) (actual time=1364.785..1374.347 rows=100000 loops=1)
         ->  Sort  (cost=1044182.32..1069182.45 rows=10000054 width=20) (actual time=1364.784..1368.755 rows=100000 loops=1)
               Sort Key: s_4.a, s_4.b, s_4.c, s_4.d, s_4.e
               Sort Method: top-N heapsort  Memory: 13957kB
               ->  Seq Scan on s_4  (cost=0.00..163695.54 rows=10000054 width=20) (actual time=0.014..619.252 rows=10000000 loops=1)
 Planning time: 0.281 ms
 Execution time: 1377.948 ms
(8 rows)

===== 377 [Wed Mar  7 13:35:53 CET 2018] scale:10000000 groups:10000 work_mem:128MB incremental:on max_workers:0 =====
SELECT * FROM s_1 ORDER BY a, b LIMIT 100000
                                                                     QUERY PLAN                                                                     
----------------------------------------------------------------------------------------------------------------------------------------------------
 Limit  (cost=2921.07..2921.07 rows=1 width=20) (actual time=52.579..52.579 rows=0 loops=1)
   ->  Limit  (cost=87.50..1921.07 rows=100000 width=20) (actual time=0.278..49.847 rows=100000 loops=1)
         ->  Incremental Sort  (cost=87.50..183446.14 rows=10000054 width=20) (actual time=0.278..44.363 rows=100000 loops=1)
               Sort Key: s_1.a, s_1.b
               Presorted Key: s_1.a
               Sort Method: quicksort  Memory: 133kB
               Sort Groups: 101
               ->  Index Scan using s_1_a_idx on s_1  (cost=0.43..323387.25 rows=10000054 width=20) (actual time=0.016..11.793 rows=100159 loops=1)
 Planning time: 0.278 ms
 Execution time: 52.613 ms
(10 rows)

===== 378 [Wed Mar  7 13:35:53 CET 2018] scale:10000000 groups:10000 work_mem:128MB incremental:on max_workers:0 =====
SELECT * FROM s_2 ORDER BY a, b, c LIMIT 100000
                                                                     QUERY PLAN                                                                      
-----------------------------------------------------------------------------------------------------------------------------------------------------
 Limit  (cost=3008.31..3008.31 rows=1 width=20) (actual time=35.089..35.089 rows=0 loops=1)
   ->  Limit  (cost=1.01..2008.31 rows=100000 width=20) (actual time=0.054..32.325 rows=100000 loops=1)
         ->  Incremental Sort  (cost=1.01..200730.07 rows=9999939 width=20) (actual time=0.053..26.818 rows=100000 loops=1)
               Sort Key: s_2.a, s_2.b, s_2.c
               Presorted Key: s_2.a, s_2.b
               Sort Method: quicksort  Memory: 27kB
               Sort Groups: 3121
               ->  Index Scan using s_2_a_b_idx on s_2  (cost=0.43..406983.90 rows=9999939 width=20) (actual time=0.010..11.655 rows=100018 loops=1)
 Planning time: 0.288 ms
 Execution time: 35.114 ms
(10 rows)

===== 379 [Wed Mar  7 13:35:54 CET 2018] scale:10000000 groups:10000 work_mem:128MB incremental:on max_workers:0 =====
SELECT * FROM s_3 ORDER BY a, b, c, d LIMIT 100000
                                                                       QUERY PLAN                                                                       
--------------------------------------------------------------------------------------------------------------------------------------------------------
 Limit  (cost=3012.79..3012.79 rows=1 width=20) (actual time=33.210..33.210 rows=0 loops=1)
   ->  Limit  (cost=1.05..2012.79 rows=100000 width=20) (actual time=0.060..30.432 rows=100000 loops=1)
         ->  Incremental Sort  (cost=1.05..201175.63 rows=10000054 width=20) (actual time=0.060..24.947 rows=100000 loops=1)
               Sort Key: s_3.a, s_3.b, s_3.c, s_3.d
               Presorted Key: s_3.a, s_3.b, s_3.c
               Sort Method: quicksort  Memory: 27kB
               Sort Groups: 3125
               ->  Index Scan using s_3_a_b_c_idx on s_3  (cost=0.43..451321.62 rows=10000054 width=20) (actual time=0.011..11.926 rows=100001 loops=1)
 Planning time: 0.298 ms
 Execution time: 33.234 ms
(10 rows)

===== 380 [Wed Mar  7 13:35:54 CET 2018] scale:10000000 groups:10000 work_mem:128MB incremental:on max_workers:0 =====
SELECT * FROM s_4 ORDER BY a, b, c, d, e LIMIT 100000
                                                                        QUERY PLAN                                                                        
----------------------------------------------------------------------------------------------------------------------------------------------------------
 Limit  (cost=3012.79..3012.79 rows=1 width=20) (actual time=33.209..33.209 rows=0 loops=1)
   ->  Limit  (cost=1.05..2012.79 rows=100000 width=20) (actual time=0.068..30.432 rows=100000 loops=1)
         ->  Incremental Sort  (cost=1.05..201175.63 rows=10000054 width=20) (actual time=0.068..24.958 rows=100000 loops=1)
               Sort Key: s_4.a, s_4.b, s_4.c, s_4.d, s_4.e
               Presorted Key: s_4.a, s_4.b, s_4.c, s_4.d
               Sort Method: quicksort  Memory: 27kB
               Sort Groups: 3125
               ->  Index Scan using s_4_a_b_c_d_idx on s_4  (cost=0.43..451321.62 rows=10000054 width=20) (actual time=0.014..11.912 rows=100001 loops=1)
 Planning time: 0.291 ms
 Execution time: 33.233 ms
(10 rows)

===== 381 [Wed Mar  7 13:35:54 CET 2018] scale:10000000 groups:10000 work_mem:128MB incremental:off max_workers:0 =====
SELECT * FROM s_1 ORDER BY a, b LIMIT 100000
                                                             QUERY PLAN                                                              
-------------------------------------------------------------------------------------------------------------------------------------
 Limit  (cost=1045432.32..1045432.32 rows=1 width=20) (actual time=1367.583..1367.583 rows=0 loops=1)
   ->  Limit  (cost=1044182.32..1044432.32 rows=100000 width=20) (actual time=1354.097..1364.835 rows=100000 loops=1)
         ->  Sort  (cost=1044182.32..1069182.45 rows=10000054 width=20) (actual time=1354.096..1359.395 rows=100000 loops=1)
               Sort Key: s_1.a, s_1.b
               Sort Method: top-N heapsort  Memory: 13968kB
               ->  Seq Scan on s_1  (cost=0.00..163695.54 rows=10000054 width=20) (actual time=0.012..619.552 rows=10000000 loops=1)
 Planning time: 0.277 ms
 Execution time: 1368.500 ms
(8 rows)

===== 382 [Wed Mar  7 13:36:00 CET 2018] scale:10000000 groups:10000 work_mem:128MB incremental:off max_workers:0 =====
SELECT * FROM s_2 ORDER BY a, b, c LIMIT 100000
                                                             QUERY PLAN                                                             
------------------------------------------------------------------------------------------------------------------------------------
 Limit  (cost=1045421.04..1045421.04 rows=1 width=20) (actual time=1369.140..1369.140 rows=0 loops=1)
   ->  Limit  (cost=1044171.04..1044421.04 rows=100000 width=20) (actual time=1356.968..1366.394 rows=100000 loops=1)
         ->  Sort  (cost=1044171.04..1069170.89 rows=9999939 width=20) (actual time=1356.967..1360.943 rows=100000 loops=1)
               Sort Key: s_2.a, s_2.b, s_2.c
               Sort Method: top-N heapsort  Memory: 13957kB
               ->  Seq Scan on s_2  (cost=0.00..163694.39 rows=9999939 width=20) (actual time=0.006..614.897 rows=10000000 loops=1)
 Planning time: 0.277 ms
 Execution time: 1370.051 ms
(8 rows)

===== 383 [Wed Mar  7 13:36:06 CET 2018] scale:10000000 groups:10000 work_mem:128MB incremental:off max_workers:0 =====
SELECT * FROM s_3 ORDER BY a, b, c, d LIMIT 100000
                                                             QUERY PLAN                                                              
-------------------------------------------------------------------------------------------------------------------------------------
 Limit  (cost=1045432.32..1045432.32 rows=1 width=20) (actual time=1389.032..1389.032 rows=0 loops=1)
   ->  Limit  (cost=1044182.32..1044432.32 rows=100000 width=20) (actual time=1376.839..1386.279 rows=100000 loops=1)
         ->  Sort  (cost=1044182.32..1069182.45 rows=10000054 width=20) (actual time=1376.838..1380.854 rows=100000 loops=1)
               Sort Key: s_3.a, s_3.b, s_3.c, s_3.d
               Sort Method: top-N heapsort  Memory: 13957kB
               ->  Seq Scan on s_3  (cost=0.00..163695.54 rows=10000054 width=20) (actual time=0.012..617.541 rows=10000000 loops=1)
 Planning time: 0.276 ms
 Execution time: 1389.950 ms
(8 rows)

===== 384 [Wed Mar  7 13:36:13 CET 2018] scale:10000000 groups:10000 work_mem:128MB incremental:off max_workers:0 =====
SELECT * FROM s_4 ORDER BY a, b, c, d, e LIMIT 100000
                                                             QUERY PLAN                                                              
-------------------------------------------------------------------------------------------------------------------------------------
 Limit  (cost=1045432.32..1045432.32 rows=1 width=20) (actual time=1377.299..1377.299 rows=0 loops=1)
   ->  Limit  (cost=1044182.32..1044432.32 rows=100000 width=20) (actual time=1364.963..1374.549 rows=100000 loops=1)
         ->  Sort  (cost=1044182.32..1069182.45 rows=10000054 width=20) (actual time=1364.963..1368.957 rows=100000 loops=1)
               Sort Key: s_4.a, s_4.b, s_4.c, s_4.d, s_4.e
               Sort Method: top-N heapsort  Memory: 13957kB
               ->  Seq Scan on s_4  (cost=0.00..163695.54 rows=10000054 width=20) (actual time=0.014..619.335 rows=10000000 loops=1)
 Planning time: 0.270 ms
 Execution time: 1378.208 ms
(8 rows)

===== 385 [Wed Mar  7 13:36:19 CET 2018] scale:10000000 groups:10000 work_mem:256MB incremental:on max_workers:0 =====
SELECT * FROM s_1 ORDER BY a, b LIMIT 100000
                                                                     QUERY PLAN                                                                     
----------------------------------------------------------------------------------------------------------------------------------------------------
 Limit  (cost=2921.07..2921.07 rows=1 width=20) (actual time=52.588..52.588 rows=0 loops=1)
   ->  Limit  (cost=87.50..1921.07 rows=100000 width=20) (actual time=0.276..49.860 rows=100000 loops=1)
         ->  Incremental Sort  (cost=87.50..183446.14 rows=10000054 width=20) (actual time=0.276..44.368 rows=100000 loops=1)
               Sort Key: s_1.a, s_1.b
               Presorted Key: s_1.a
               Sort Method: quicksort  Memory: 133kB
               Sort Groups: 101
               ->  Index Scan using s_1_a_idx on s_1  (cost=0.43..323387.25 rows=10000054 width=20) (actual time=0.016..11.797 rows=100159 loops=1)
 Planning time: 0.275 ms
 Execution time: 52.621 ms
(10 rows)

===== 386 [Wed Mar  7 13:36:19 CET 2018] scale:10000000 groups:10000 work_mem:256MB incremental:on max_workers:0 =====
SELECT * FROM s_2 ORDER BY a, b, c LIMIT 100000
                                                                     QUERY PLAN                                                                      
-----------------------------------------------------------------------------------------------------------------------------------------------------
 Limit  (cost=3008.31..3008.31 rows=1 width=20) (actual time=35.089..35.089 rows=0 loops=1)
   ->  Limit  (cost=1.01..2008.31 rows=100000 width=20) (actual time=0.054..32.317 rows=100000 loops=1)
         ->  Incremental Sort  (cost=1.01..200730.07 rows=9999939 width=20) (actual time=0.053..26.804 rows=100000 loops=1)
               Sort Key: s_2.a, s_2.b, s_2.c
               Presorted Key: s_2.a, s_2.b
               Sort Method: quicksort  Memory: 27kB
               Sort Groups: 3121
               ->  Index Scan using s_2_a_b_idx on s_2  (cost=0.43..406983.90 rows=9999939 width=20) (actual time=0.010..11.634 rows=100018 loops=1)
 Planning time: 0.291 ms
 Execution time: 35.115 ms
(10 rows)

===== 387 [Wed Mar  7 13:36:19 CET 2018] scale:10000000 groups:10000 work_mem:256MB incremental:on max_workers:0 =====
SELECT * FROM s_3 ORDER BY a, b, c, d LIMIT 100000
                                                                       QUERY PLAN                                                                       
--------------------------------------------------------------------------------------------------------------------------------------------------------
 Limit  (cost=3012.79..3012.79 rows=1 width=20) (actual time=33.197..33.197 rows=0 loops=1)
   ->  Limit  (cost=1.05..2012.79 rows=100000 width=20) (actual time=0.060..30.414 rows=100000 loops=1)
         ->  Incremental Sort  (cost=1.05..201175.63 rows=10000054 width=20) (actual time=0.060..24.939 rows=100000 loops=1)
               Sort Key: s_3.a, s_3.b, s_3.c, s_3.d
               Presorted Key: s_3.a, s_3.b, s_3.c
               Sort Method: quicksort  Memory: 27kB
               Sort Groups: 3125
               ->  Index Scan using s_3_a_b_c_idx on s_3  (cost=0.43..451321.62 rows=10000054 width=20) (actual time=0.012..11.909 rows=100001 loops=1)
 Planning time: 0.292 ms
 Execution time: 33.222 ms
(10 rows)

===== 388 [Wed Mar  7 13:36:20 CET 2018] scale:10000000 groups:10000 work_mem:256MB incremental:on max_workers:0 =====
SELECT * FROM s_4 ORDER BY a, b, c, d, e LIMIT 100000
                                                                        QUERY PLAN                                                                        
----------------------------------------------------------------------------------------------------------------------------------------------------------
 Limit  (cost=3012.79..3012.79 rows=1 width=20) (actual time=33.209..33.209 rows=0 loops=1)
   ->  Limit  (cost=1.05..2012.79 rows=100000 width=20) (actual time=0.069..30.435 rows=100000 loops=1)
         ->  Incremental Sort  (cost=1.05..201175.63 rows=10000054 width=20) (actual time=0.068..24.955 rows=100000 loops=1)
               Sort Key: s_4.a, s_4.b, s_4.c, s_4.d, s_4.e
               Presorted Key: s_4.a, s_4.b, s_4.c, s_4.d
               Sort Method: quicksort  Memory: 27kB
               Sort Groups: 3125
               ->  Index Scan using s_4_a_b_c_d_idx on s_4  (cost=0.43..451321.62 rows=10000054 width=20) (actual time=0.014..11.900 rows=100001 loops=1)
 Planning time: 0.289 ms
 Execution time: 33.233 ms
(10 rows)

===== 389 [Wed Mar  7 13:36:20 CET 2018] scale:10000000 groups:10000 work_mem:256MB incremental:off max_workers:0 =====
SELECT * FROM s_1 ORDER BY a, b LIMIT 100000
                                                             QUERY PLAN                                                              
-------------------------------------------------------------------------------------------------------------------------------------
 Limit  (cost=1045432.32..1045432.32 rows=1 width=20) (actual time=1367.209..1367.209 rows=0 loops=1)
   ->  Limit  (cost=1044182.32..1044432.32 rows=100000 width=20) (actual time=1353.733..1364.467 rows=100000 loops=1)
         ->  Sort  (cost=1044182.32..1069182.45 rows=10000054 width=20) (actual time=1353.732..1359.025 rows=100000 loops=1)
               Sort Key: s_1.a, s_1.b
               Sort Method: top-N heapsort  Memory: 13968kB
               ->  Seq Scan on s_1  (cost=0.00..163695.54 rows=10000054 width=20) (actual time=0.012..619.238 rows=10000000 loops=1)
 Planning time: 0.283 ms
 Execution time: 1368.121 ms
(8 rows)

===== 390 [Wed Mar  7 13:36:26 CET 2018] scale:10000000 groups:10000 work_mem:256MB incremental:off max_workers:0 =====
SELECT * FROM s_2 ORDER BY a, b, c LIMIT 100000
                                                             QUERY PLAN                                                             
------------------------------------------------------------------------------------------------------------------------------------
 Limit  (cost=1045421.04..1045421.04 rows=1 width=20) (actual time=1368.742..1368.742 rows=0 loops=1)
   ->  Limit  (cost=1044171.04..1044421.04 rows=100000 width=20) (actual time=1356.576..1366.005 rows=100000 loops=1)
         ->  Sort  (cost=1044171.04..1069170.89 rows=9999939 width=20) (actual time=1356.576..1360.550 rows=100000 loops=1)
               Sort Key: s_2.a, s_2.b, s_2.c
               Sort Method: top-N heapsort  Memory: 13957kB
               ->  Seq Scan on s_2  (cost=0.00..163694.39 rows=9999939 width=20) (actual time=0.006..614.712 rows=10000000 loops=1)
 Planning time: 0.275 ms
 Execution time: 1369.657 ms
(8 rows)

===== 391 [Wed Mar  7 13:36:32 CET 2018] scale:10000000 groups:10000 work_mem:256MB incremental:off max_workers:0 =====
SELECT * FROM s_3 ORDER BY a, b, c, d LIMIT 100000
                                                             QUERY PLAN                                                              
-------------------------------------------------------------------------------------------------------------------------------------
 Limit  (cost=1045432.32..1045432.32 rows=1 width=20) (actual time=1389.431..1389.431 rows=0 loops=1)
   ->  Limit  (cost=1044182.32..1044432.32 rows=100000 width=20) (actual time=1377.248..1386.693 rows=100000 loops=1)
         ->  Sort  (cost=1044182.32..1069182.45 rows=10000054 width=20) (actual time=1377.247..1381.264 rows=100000 loops=1)
               Sort Key: s_3.a, s_3.b, s_3.c, s_3.d
               Sort Method: top-N heapsort  Memory: 13957kB
               ->  Seq Scan on s_3  (cost=0.00..163695.54 rows=10000054 width=20) (actual time=0.011..618.273 rows=10000000 loops=1)
 Planning time: 0.276 ms
 Execution time: 1390.348 ms
(8 rows)

===== 392 [Wed Mar  7 13:36:38 CET 2018] scale:10000000 groups:10000 work_mem:256MB incremental:off max_workers:0 =====
SELECT * FROM s_4 ORDER BY a, b, c, d, e LIMIT 100000
                                                             QUERY PLAN                                                              
-------------------------------------------------------------------------------------------------------------------------------------
 Limit  (cost=1045432.32..1045432.32 rows=1 width=20) (actual time=1377.754..1377.754 rows=0 loops=1)
   ->  Limit  (cost=1044182.32..1044432.32 rows=100000 width=20) (actual time=1365.455..1375.010 rows=100000 loops=1)
         ->  Sort  (cost=1044182.32..1069182.45 rows=10000054 width=20) (actual time=1365.454..1369.426 rows=100000 loops=1)
               Sort Key: s_4.a, s_4.b, s_4.c, s_4.d, s_4.e
               Sort Method: top-N heapsort  Memory: 13957kB
               ->  Seq Scan on s_4  (cost=0.00..163695.54 rows=10000054 width=20) (actual time=0.014..619.664 rows=10000000 loops=1)
 Planning time: 0.270 ms
 Execution time: 1378.669 ms
(8 rows)

===== 393 [Wed Mar  7 13:36:45 CET 2018] scale:10000000 groups:10000 work_mem:4MB incremental:on max_workers:2 =====
SELECT * FROM s_1 ORDER BY a, b LIMIT 100000
                                                                     QUERY PLAN                                                                     
----------------------------------------------------------------------------------------------------------------------------------------------------
 Limit  (cost=2921.07..2921.07 rows=1 width=20) (actual time=52.571..52.571 rows=0 loops=1)
   ->  Limit  (cost=87.50..1921.07 rows=100000 width=20) (actual time=0.273..49.838 rows=100000 loops=1)
         ->  Incremental Sort  (cost=87.50..183446.14 rows=10000054 width=20) (actual time=0.273..44.345 rows=100000 loops=1)
               Sort Key: s_1.a, s_1.b
               Presorted Key: s_1.a
               Sort Method: quicksort  Memory: 133kB
               Sort Groups: 101
               ->  Index Scan using s_1_a_idx on s_1  (cost=0.43..323387.25 rows=10000054 width=20) (actual time=0.015..11.803 rows=100159 loops=1)
 Planning time: 0.284 ms
 Execution time: 52.607 ms
(10 rows)

===== 394 [Wed Mar  7 13:36:45 CET 2018] scale:10000000 groups:10000 work_mem:4MB incremental:on max_workers:2 =====
SELECT * FROM s_2 ORDER BY a, b, c LIMIT 100000
                                                                     QUERY PLAN                                                                      
-----------------------------------------------------------------------------------------------------------------------------------------------------
 Limit  (cost=3008.31..3008.31 rows=1 width=20) (actual time=35.090..35.090 rows=0 loops=1)
   ->  Limit  (cost=1.01..2008.31 rows=100000 width=20) (actual time=0.055..32.328 rows=100000 loops=1)
         ->  Incremental Sort  (cost=1.01..200730.07 rows=9999939 width=20) (actual time=0.055..26.808 rows=100000 loops=1)
               Sort Key: s_2.a, s_2.b, s_2.c
               Presorted Key: s_2.a, s_2.b
               Sort Method: quicksort  Memory: 27kB
               Sort Groups: 3121
               ->  Index Scan using s_2_a_b_idx on s_2  (cost=0.43..406983.90 rows=9999939 width=20) (actual time=0.009..11.635 rows=100018 loops=1)
 Planning time: 0.290 ms
 Execution time: 35.114 ms
(10 rows)

===== 395 [Wed Mar  7 13:36:45 CET 2018] scale:10000000 groups:10000 work_mem:4MB incremental:on max_workers:2 =====
SELECT * FROM s_3 ORDER BY a, b, c, d LIMIT 100000
                                                                       QUERY PLAN                                                                       
--------------------------------------------------------------------------------------------------------------------------------------------------------
 Limit  (cost=3012.79..3012.79 rows=1 width=20) (actual time=33.265..33.265 rows=0 loops=1)
   ->  Limit  (cost=1.05..2012.79 rows=100000 width=20) (actual time=0.061..30.502 rows=100000 loops=1)
         ->  Incremental Sort  (cost=1.05..201175.63 rows=10000054 width=20) (actual time=0.061..25.009 rows=100000 loops=1)
               Sort Key: s_3.a, s_3.b, s_3.c, s_3.d
               Presorted Key: s_3.a, s_3.b, s_3.c
               Sort Method: quicksort  Memory: 27kB
               Sort Groups: 3125
               ->  Index Scan using s_3_a_b_c_idx on s_3  (cost=0.43..451321.62 rows=10000054 width=20) (actual time=0.012..11.953 rows=100001 loops=1)
 Planning time: 0.296 ms
 Execution time: 33.289 ms
(10 rows)

===== 396 [Wed Mar  7 13:36:45 CET 2018] scale:10000000 groups:10000 work_mem:4MB incremental:on max_workers:2 =====
SELECT * FROM s_4 ORDER BY a, b, c, d, e LIMIT 100000
                                                                        QUERY PLAN                                                                        
----------------------------------------------------------------------------------------------------------------------------------------------------------
 Limit  (cost=3012.79..3012.79 rows=1 width=20) (actual time=33.213..33.213 rows=0 loops=1)
   ->  Limit  (cost=1.05..2012.79 rows=100000 width=20) (actual time=0.069..30.446 rows=100000 loops=1)
         ->  Incremental Sort  (cost=1.05..201175.63 rows=10000054 width=20) (actual time=0.068..24.985 rows=100000 loops=1)
               Sort Key: s_4.a, s_4.b, s_4.c, s_4.d, s_4.e
               Presorted Key: s_4.a, s_4.b, s_4.c, s_4.d
               Sort Method: quicksort  Memory: 27kB
               Sort Groups: 3125
               ->  Index Scan using s_4_a_b_c_d_idx on s_4  (cost=0.43..451321.62 rows=10000054 width=20) (actual time=0.014..11.915 rows=100001 loops=1)
 Planning time: 0.287 ms
 Execution time: 33.237 ms
(10 rows)

===== 397 [Wed Mar  7 13:36:46 CET 2018] scale:10000000 groups:10000 work_mem:4MB incremental:off max_workers:2 =====
SELECT * FROM s_1 ORDER BY a, b LIMIT 100000
                                                                    QUERY PLAN                                                                    
--------------------------------------------------------------------------------------------------------------------------------------------------
 Limit  (cost=748071.64..748071.64 rows=1 width=20) (actual time=1827.948..1827.948 rows=0 loops=1)
   ->  Limit  (cost=735404.16..747071.64 rows=100000 width=20) (actual time=1799.908..1825.126 rows=100000 loops=1)
         ->  Gather Merge  (cost=735404.16..1707699.48 rows=8333378 width=20) (actual time=1799.907..1819.450 rows=100000 loops=1)
               Workers Planned: 2
               Workers Launched: 2
               ->  Sort  (cost=734404.14..744820.86 rows=4166689 width=20) (actual time=1797.894..1801.068 rows=33975 loops=3)
                     Sort Key: s_1.a, s_1.b
                     Sort Method: external merge  Disk: 98120kB
                     Worker 0:  Sort Method: external merge  Disk: 97744kB
                     Worker 1:  Sort Method: external merge  Disk: 97744kB
                     ->  Parallel Seq Scan on s_1  (cost=0.00..105361.89 rows=4166689 width=20) (actual time=0.011..227.148 rows=3333333 loops=3)
 Planning time: 0.282 ms
 Execution time: 1852.853 ms
(13 rows)

===== 398 [Wed Mar  7 13:36:56 CET 2018] scale:10000000 groups:10000 work_mem:4MB incremental:off max_workers:2 =====
SELECT * FROM s_2 ORDER BY a, b, c LIMIT 100000
                                                                    QUERY PLAN                                                                    
--------------------------------------------------------------------------------------------------------------------------------------------------
 Limit  (cost=748058.54..748058.54 rows=1 width=20) (actual time=1514.007..1514.007 rows=0 loops=1)
   ->  Limit  (cost=735391.06..747058.54 rows=100000 width=20) (actual time=1488.057..1511.201 rows=100000 loops=1)
         ->  Gather Merge  (cost=735391.06..1707675.17 rows=8333282 width=20) (actual time=1488.056..1505.587 rows=100000 loops=1)
               Workers Planned: 2
               Workers Launched: 2
               ->  Sort  (cost=734391.04..744807.64 rows=4166641 width=20) (actual time=1485.774..1488.918 rows=33959 loops=3)
                     Sort Key: s_2.a, s_2.b, s_2.c
                     Sort Method: external merge  Disk: 98056kB
                     Worker 0:  Sort Method: external merge  Disk: 97744kB
                     Worker 1:  Sort Method: external merge  Disk: 97808kB
                     ->  Parallel Seq Scan on s_2  (cost=0.00..105361.41 rows=4166641 width=20) (actual time=0.009..234.048 rows=3333333 loops=3)
 Planning time: 0.294 ms
 Execution time: 1539.340 ms
(13 rows)

===== 399 [Wed Mar  7 13:37:05 CET 2018] scale:10000000 groups:10000 work_mem:4MB incremental:off max_workers:2 =====
SELECT * FROM s_3 ORDER BY a, b, c, d LIMIT 100000
                                                                    QUERY PLAN                                                                    
--------------------------------------------------------------------------------------------------------------------------------------------------
 Limit  (cost=748071.64..748071.64 rows=1 width=20) (actual time=1080.437..1080.437 rows=0 loops=1)
   ->  Limit  (cost=735404.16..747071.64 rows=100000 width=20) (actual time=1054.479..1077.618 rows=100000 loops=1)
         ->  Gather Merge  (cost=735404.16..1707699.48 rows=8333378 width=20) (actual time=1054.478..1071.991 rows=100000 loops=1)
               Workers Planned: 2
               Workers Launched: 2
               ->  Sort  (cost=734404.14..744820.86 rows=4166689 width=20) (actual time=1050.415..1053.569 rows=33959 loops=3)
                     Sort Key: s_3.a, s_3.b, s_3.c, s_3.d
                     Sort Method: external merge  Disk: 97096kB
                     Worker 0:  Sort Method: external merge  Disk: 98080kB
                     Worker 1:  Sort Method: external merge  Disk: 98432kB
                     ->  Parallel Seq Scan on s_3  (cost=0.00..105361.89 rows=4166689 width=20) (actual time=0.012..239.527 rows=3333333 loops=3)
 Planning time: 0.292 ms
 Execution time: 1105.854 ms
(13 rows)

===== 400 [Wed Mar  7 13:37:11 CET 2018] scale:10000000 groups:10000 work_mem:4MB incremental:off max_workers:2 =====
SELECT * FROM s_4 ORDER BY a, b, c, d, e LIMIT 100000
                                                                    QUERY PLAN                                                                    
--------------------------------------------------------------------------------------------------------------------------------------------------
 Limit  (cost=748071.64..748071.64 rows=1 width=20) (actual time=1075.674..1075.674 rows=0 loops=1)
   ->  Limit  (cost=735404.16..747071.64 rows=100000 width=20) (actual time=1049.721..1072.869 rows=100000 loops=1)
         ->  Gather Merge  (cost=735404.16..1707699.48 rows=8333378 width=20) (actual time=1049.721..1067.262 rows=100000 loops=1)
               Workers Planned: 2
               Workers Launched: 2
               ->  Sort  (cost=734404.14..744820.86 rows=4166689 width=20) (actual time=1048.129..1051.272 rows=33959 loops=3)
                     Sort Key: s_4.a, s_4.b, s_4.c, s_4.d, s_4.e
                     Sort Method: external merge  Disk: 97744kB
                     Worker 0:  Sort Method: external merge  Disk: 97936kB
                     Worker 1:  Sort Method: external merge  Disk: 97928kB
                     ->  Parallel Seq Scan on s_4  (cost=0.00..105361.89 rows=4166689 width=20) (actual time=0.011..238.701 rows=3333333 loops=3)
 Planning time: 0.299 ms
 Execution time: 1101.202 ms
(13 rows)

===== 401 [Wed Mar  7 13:37:17 CET 2018] scale:10000000 groups:10000 work_mem:8MB incremental:on max_workers:2 =====
SELECT * FROM s_1 ORDER BY a, b LIMIT 100000
                                                                     QUERY PLAN                                                                     
----------------------------------------------------------------------------------------------------------------------------------------------------
 Limit  (cost=2921.07..2921.07 rows=1 width=20) (actual time=52.586..52.586 rows=0 loops=1)
   ->  Limit  (cost=87.50..1921.07 rows=100000 width=20) (actual time=0.286..49.849 rows=100000 loops=1)
         ->  Incremental Sort  (cost=87.50..183446.14 rows=10000054 width=20) (actual time=0.286..44.363 rows=100000 loops=1)
               Sort Key: s_1.a, s_1.b
               Presorted Key: s_1.a
               Sort Method: quicksort  Memory: 133kB
               Sort Groups: 101
               ->  Index Scan using s_1_a_idx on s_1  (cost=0.43..323387.25 rows=10000054 width=20) (actual time=0.016..11.796 rows=100159 loops=1)
 Planning time: 0.280 ms
 Execution time: 52.620 ms
(10 rows)

===== 402 [Wed Mar  7 13:37:17 CET 2018] scale:10000000 groups:10000 work_mem:8MB incremental:on max_workers:2 =====
SELECT * FROM s_2 ORDER BY a, b, c LIMIT 100000
                                                                     QUERY PLAN                                                                      
-----------------------------------------------------------------------------------------------------------------------------------------------------
 Limit  (cost=3008.31..3008.31 rows=1 width=20) (actual time=35.073..35.073 rows=0 loops=1)
   ->  Limit  (cost=1.01..2008.31 rows=100000 width=20) (actual time=0.054..32.315 rows=100000 loops=1)
         ->  Incremental Sort  (cost=1.01..200730.07 rows=9999939 width=20) (actual time=0.054..26.797 rows=100000 loops=1)
               Sort Key: s_2.a, s_2.b, s_2.c
               Presorted Key: s_2.a, s_2.b
               Sort Method: quicksort  Memory: 27kB
               Sort Groups: 3121
               ->  Index Scan using s_2_a_b_idx on s_2  (cost=0.43..406983.90 rows=9999939 width=20) (actual time=0.010..11.647 rows=100018 loops=1)
 Planning time: 0.297 ms
 Execution time: 35.097 ms
(10 rows)

===== 403 [Wed Mar  7 13:37:17 CET 2018] scale:10000000 groups:10000 work_mem:8MB incremental:on max_workers:2 =====
SELECT * FROM s_3 ORDER BY a, b, c, d LIMIT 100000
                                                                       QUERY PLAN                                                                       
--------------------------------------------------------------------------------------------------------------------------------------------------------
 Limit  (cost=3012.79..3012.79 rows=1 width=20) (actual time=33.260..33.260 rows=0 loops=1)
   ->  Limit  (cost=1.05..2012.79 rows=100000 width=20) (actual time=0.061..30.499 rows=100000 loops=1)
         ->  Incremental Sort  (cost=1.05..201175.63 rows=10000054 width=20) (actual time=0.060..25.001 rows=100000 loops=1)
               Sort Key: s_3.a, s_3.b, s_3.c, s_3.d
               Presorted Key: s_3.a, s_3.b, s_3.c
               Sort Method: quicksort  Memory: 27kB
               Sort Groups: 3125
               ->  Index Scan using s_3_a_b_c_idx on s_3  (cost=0.43..451321.62 rows=10000054 width=20) (actual time=0.012..11.954 rows=100001 loops=1)
 Planning time: 0.302 ms
 Execution time: 33.283 ms
(10 rows)

===== 404 [Wed Mar  7 13:37:17 CET 2018] scale:10000000 groups:10000 work_mem:8MB incremental:on max_workers:2 =====
SELECT * FROM s_4 ORDER BY a, b, c, d, e LIMIT 100000
                                                                        QUERY PLAN                                                                        
----------------------------------------------------------------------------------------------------------------------------------------------------------
 Limit  (cost=3012.79..3012.79 rows=1 width=20) (actual time=33.227..33.227 rows=0 loops=1)
   ->  Limit  (cost=1.05..2012.79 rows=100000 width=20) (actual time=0.068..30.452 rows=100000 loops=1)
         ->  Incremental Sort  (cost=1.05..201175.63 rows=10000054 width=20) (actual time=0.068..24.982 rows=100000 loops=1)
               Sort Key: s_4.a, s_4.b, s_4.c, s_4.d, s_4.e
               Presorted Key: s_4.a, s_4.b, s_4.c, s_4.d
               Sort Method: quicksort  Memory: 27kB
               Sort Groups: 3125
               ->  Index Scan using s_4_a_b_c_d_idx on s_4  (cost=0.43..451321.62 rows=10000054 width=20) (actual time=0.014..11.928 rows=100001 loops=1)
 Planning time: 0.288 ms
 Execution time: 33.250 ms
(10 rows)

===== 405 [Wed Mar  7 13:37:17 CET 2018] scale:10000000 groups:10000 work_mem:8MB incremental:off max_workers:2 =====
SELECT * FROM s_1 ORDER BY a, b LIMIT 100000
                                                                    QUERY PLAN                                                                    
--------------------------------------------------------------------------------------------------------------------------------------------------
 Limit  (cost=485898.87..485898.87 rows=1 width=20) (actual time=1614.502..1614.502 rows=0 loops=1)
   ->  Limit  (cost=473231.39..484898.87 rows=100000 width=20) (actual time=1586.368..1611.699 rows=100000 loops=1)
         ->  Gather Merge  (cost=473231.39..1445526.71 rows=8333378 width=20) (actual time=1586.367..1606.018 rows=100000 loops=1)
               Workers Planned: 2
               Workers Launched: 2
               ->  Sort  (cost=472231.37..482648.09 rows=4166689 width=20) (actual time=1574.007..1577.188 rows=33943 loops=3)
                     Sort Key: s_1.a, s_1.b
                     Sort Method: external merge  Disk: 98024kB
                     Worker 0:  Sort Method: external merge  Disk: 97792kB
                     Worker 1:  Sort Method: external merge  Disk: 97792kB
                     ->  Parallel Seq Scan on s_1  (cost=0.00..105361.89 rows=4166689 width=20) (actual time=0.009..230.406 rows=3333333 loops=3)
 Planning time: 0.283 ms
 Execution time: 1639.854 ms
(13 rows)

===== 406 [Wed Mar  7 13:37:27 CET 2018] scale:10000000 groups:10000 work_mem:8MB incremental:off max_workers:2 =====
SELECT * FROM s_2 ORDER BY a, b, c LIMIT 100000
                                                                    QUERY PLAN                                                                    
--------------------------------------------------------------------------------------------------------------------------------------------------
 Limit  (cost=485894.17..485894.17 rows=1 width=20) (actual time=1299.168..1299.168 rows=0 loops=1)
   ->  Limit  (cost=473226.69..484894.17 rows=100000 width=20) (actual time=1273.159..1296.363 rows=100000 loops=1)
         ->  Gather Merge  (cost=473226.69..1445510.80 rows=8333282 width=20) (actual time=1273.158..1290.738 rows=100000 loops=1)
               Workers Planned: 2
               Workers Launched: 2
               ->  Sort  (cost=472226.66..482643.26 rows=4166641 width=20) (actual time=1269.357..1272.530 rows=34025 loops=3)
                     Sort Key: s_2.a, s_2.b, s_2.c
                     Sort Method: external merge  Disk: 98024kB
                     Worker 0:  Sort Method: external merge  Disk: 97792kB
                     Worker 1:  Sort Method: external merge  Disk: 97792kB
                     ->  Parallel Seq Scan on s_2  (cost=0.00..105361.41 rows=4166641 width=20) (actual time=0.008..231.935 rows=3333333 loops=3)
 Planning time: 0.285 ms
 Execution time: 1324.892 ms
(13 rows)

===== 407 [Wed Mar  7 13:37:34 CET 2018] scale:10000000 groups:10000 work_mem:8MB incremental:off max_workers:2 =====
SELECT * FROM s_3 ORDER BY a, b, c, d LIMIT 100000
                                                                    QUERY PLAN                                                                    
--------------------------------------------------------------------------------------------------------------------------------------------------
 Limit  (cost=485898.87..485898.87 rows=1 width=20) (actual time=851.444..851.444 rows=0 loops=1)
   ->  Limit  (cost=473231.39..484898.87 rows=100000 width=20) (actual time=825.426..848.640 rows=100000 loops=1)
         ->  Gather Merge  (cost=473231.39..1445526.71 rows=8333378 width=20) (actual time=825.426..843.025 rows=100000 loops=1)
               Workers Planned: 2
               Workers Launched: 2
               ->  Sort  (cost=472231.37..482648.09 rows=4166689 width=20) (actual time=821.313..824.447 rows=33957 loops=3)
                     Sort Key: s_3.a, s_3.b, s_3.c, s_3.d
                     Sort Method: external merge  Disk: 97792kB
                     Worker 0:  Sort Method: external merge  Disk: 99000kB
                     Worker 1:  Sort Method: external merge  Disk: 96816kB
                     ->  Parallel Seq Scan on s_3  (cost=0.00..105361.89 rows=4166689 width=20) (actual time=0.011..237.683 rows=3333333 loops=3)
 Planning time: 0.295 ms
 Execution time: 876.989 ms
(13 rows)

===== 408 [Wed Mar  7 13:37:38 CET 2018] scale:10000000 groups:10000 work_mem:8MB incremental:off max_workers:2 =====
SELECT * FROM s_4 ORDER BY a, b, c, d, e LIMIT 100000
                                                                    QUERY PLAN                                                                    
--------------------------------------------------------------------------------------------------------------------------------------------------
 Limit  (cost=485898.87..485898.87 rows=1 width=20) (actual time=834.017..834.017 rows=0 loops=1)
   ->  Limit  (cost=473231.39..484898.87 rows=100000 width=20) (actual time=807.969..831.207 rows=100000 loops=1)
         ->  Gather Merge  (cost=473231.39..1445526.71 rows=8333378 width=20) (actual time=807.969..825.604 rows=100000 loops=1)
               Workers Planned: 2
               Workers Launched: 2
               ->  Sort  (cost=472231.37..482648.09 rows=4166689 width=20) (actual time=805.280..808.423 rows=33969 loops=3)
                     Sort Key: s_4.a, s_4.b, s_4.c, s_4.d, s_4.e
                     Sort Method: external merge  Disk: 97792kB
                     Worker 0:  Sort Method: external merge  Disk: 97960kB
                     Worker 1:  Sort Method: external merge  Disk: 97864kB
                     ->  Parallel Seq Scan on s_4  (cost=0.00..105361.89 rows=4166689 width=20) (actual time=0.011..236.827 rows=3333333 loops=3)
 Planning time: 0.292 ms
 Execution time: 859.961 ms
(13 rows)

===== 409 [Wed Mar  7 13:37:43 CET 2018] scale:10000000 groups:10000 work_mem:16MB incremental:on max_workers:2 =====
SELECT * FROM s_1 ORDER BY a, b LIMIT 100000
                                                                     QUERY PLAN                                                                     
----------------------------------------------------------------------------------------------------------------------------------------------------
 Limit  (cost=2921.07..2921.07 rows=1 width=20) (actual time=52.572..52.572 rows=0 loops=1)
   ->  Limit  (cost=87.50..1921.07 rows=100000 width=20) (actual time=0.276..49.829 rows=100000 loops=1)
         ->  Incremental Sort  (cost=87.50..183446.14 rows=10000054 width=20) (actual time=0.276..44.334 rows=100000 loops=1)
               Sort Key: s_1.a, s_1.b
               Presorted Key: s_1.a
               Sort Method: quicksort  Memory: 133kB
               Sort Groups: 101
               ->  Index Scan using s_1_a_idx on s_1  (cost=0.43..323387.25 rows=10000054 width=20) (actual time=0.016..11.763 rows=100159 loops=1)
 Planning time: 0.285 ms
 Execution time: 52.609 ms
(10 rows)

===== 410 [Wed Mar  7 13:37:43 CET 2018] scale:10000000 groups:10000 work_mem:16MB incremental:on max_workers:2 =====
SELECT * FROM s_2 ORDER BY a, b, c LIMIT 100000
                                                                     QUERY PLAN                                                                      
-----------------------------------------------------------------------------------------------------------------------------------------------------
 Limit  (cost=3008.31..3008.31 rows=1 width=20) (actual time=35.079..35.079 rows=0 loops=1)
   ->  Limit  (cost=1.01..2008.31 rows=100000 width=20) (actual time=0.054..32.302 rows=100000 loops=1)
         ->  Incremental Sort  (cost=1.01..200730.07 rows=9999939 width=20) (actual time=0.054..26.791 rows=100000 loops=1)
               Sort Key: s_2.a, s_2.b, s_2.c
               Presorted Key: s_2.a, s_2.b
               Sort Method: quicksort  Memory: 27kB
               Sort Groups: 3121
               ->  Index Scan using s_2_a_b_idx on s_2  (cost=0.43..406983.90 rows=9999939 width=20) (actual time=0.010..11.634 rows=100018 loops=1)
 Planning time: 0.287 ms
 Execution time: 35.105 ms
(10 rows)

===== 411 [Wed Mar  7 13:37:43 CET 2018] scale:10000000 groups:10000 work_mem:16MB incremental:on max_workers:2 =====
SELECT * FROM s_3 ORDER BY a, b, c, d LIMIT 100000
                                                                       QUERY PLAN                                                                       
--------------------------------------------------------------------------------------------------------------------------------------------------------
 Limit  (cost=3012.79..3012.79 rows=1 width=20) (actual time=33.237..33.237 rows=0 loops=1)
   ->  Limit  (cost=1.05..2012.79 rows=100000 width=20) (actual time=0.060..30.475 rows=100000 loops=1)
         ->  Incremental Sort  (cost=1.05..201175.63 rows=10000054 width=20) (actual time=0.059..24.983 rows=100000 loops=1)
               Sort Key: s_3.a, s_3.b, s_3.c, s_3.d
               Presorted Key: s_3.a, s_3.b, s_3.c
               Sort Method: quicksort  Memory: 27kB
               Sort Groups: 3125
               ->  Index Scan using s_3_a_b_c_idx on s_3  (cost=0.43..451321.62 rows=10000054 width=20) (actual time=0.012..11.942 rows=100001 loops=1)
 Planning time: 0.302 ms
 Execution time: 33.260 ms
(10 rows)

===== 412 [Wed Mar  7 13:37:44 CET 2018] scale:10000000 groups:10000 work_mem:16MB incremental:on max_workers:2 =====
SELECT * FROM s_4 ORDER BY a, b, c, d, e LIMIT 100000
                                                                        QUERY PLAN                                                                        
----------------------------------------------------------------------------------------------------------------------------------------------------------
 Limit  (cost=3012.79..3012.79 rows=1 width=20) (actual time=33.212..33.212 rows=0 loops=1)
   ->  Limit  (cost=1.05..2012.79 rows=100000 width=20) (actual time=0.068..30.440 rows=100000 loops=1)
         ->  Incremental Sort  (cost=1.05..201175.63 rows=10000054 width=20) (actual time=0.068..24.978 rows=100000 loops=1)
               Sort Key: s_4.a, s_4.b, s_4.c, s_4.d, s_4.e
               Presorted Key: s_4.a, s_4.b, s_4.c, s_4.d
               Sort Method: quicksort  Memory: 27kB
               Sort Groups: 3125
               ->  Index Scan using s_4_a_b_c_d_idx on s_4  (cost=0.43..451321.62 rows=10000054 width=20) (actual time=0.014..11.919 rows=100001 loops=1)
 Planning time: 0.294 ms
 Execution time: 33.236 ms
(10 rows)

===== 413 [Wed Mar  7 13:37:44 CET 2018] scale:10000000 groups:10000 work_mem:16MB incremental:off max_workers:2 =====
SELECT * FROM s_1 ORDER BY a, b LIMIT 100000
                                                                    QUERY PLAN                                                                    
--------------------------------------------------------------------------------------------------------------------------------------------------
 Limit  (cost=485898.87..485898.87 rows=1 width=20) (actual time=1556.311..1556.311 rows=0 loops=1)
   ->  Limit  (cost=473231.39..484898.87 rows=100000 width=20) (actual time=1528.257..1553.503 rows=100000 loops=1)
         ->  Gather Merge  (cost=473231.39..1445526.71 rows=8333378 width=20) (actual time=1528.257..1547.826 rows=100000 loops=1)
               Workers Planned: 2
               Workers Launched: 2
               ->  Sort  (cost=472231.37..482648.09 rows=4166689 width=20) (actual time=1515.600..1518.764 rows=33982 loops=3)
                     Sort Key: s_1.a, s_1.b
                     Sort Method: external merge  Disk: 99288kB
                     Worker 0:  Sort Method: external merge  Disk: 98840kB
                     Worker 1:  Sort Method: external merge  Disk: 95784kB
                     ->  Parallel Seq Scan on s_1  (cost=0.00..105361.89 rows=4166689 width=20) (actual time=0.011..230.326 rows=3333333 loops=3)
 Planning time: 0.286 ms
 Execution time: 1582.393 ms
(13 rows)

===== 414 [Wed Mar  7 13:37:53 CET 2018] scale:10000000 groups:10000 work_mem:16MB incremental:off max_workers:2 =====
SELECT * FROM s_2 ORDER BY a, b, c LIMIT 100000
                                                                    QUERY PLAN                                                                    
--------------------------------------------------------------------------------------------------------------------------------------------------
 Limit  (cost=485894.17..485894.17 rows=1 width=20) (actual time=1244.218..1244.218 rows=0 loops=1)
   ->  Limit  (cost=473226.69..484894.17 rows=100000 width=20) (actual time=1218.271..1241.408 rows=100000 loops=1)
         ->  Gather Merge  (cost=473226.69..1445510.80 rows=8333282 width=20) (actual time=1218.271..1235.798 rows=100000 loops=1)
               Workers Planned: 2
               Workers Launched: 2
               ->  Sort  (cost=472226.66..482643.26 rows=4166641 width=20) (actual time=1211.934..1215.127 rows=34025 loops=3)
                     Sort Key: s_2.a, s_2.b, s_2.c
                     Sort Method: external merge  Disk: 98656kB
                     Worker 0:  Sort Method: external merge  Disk: 97680kB
                     Worker 1:  Sort Method: external merge  Disk: 97576kB
                     ->  Parallel Seq Scan on s_2  (cost=0.00..105361.41 rows=4166641 width=20) (actual time=0.009..231.412 rows=3333333 loops=3)
 Planning time: 0.302 ms
 Execution time: 1270.680 ms
(13 rows)

===== 415 [Wed Mar  7 13:37:59 CET 2018] scale:10000000 groups:10000 work_mem:16MB incremental:off max_workers:2 =====
SELECT * FROM s_3 ORDER BY a, b, c, d LIMIT 100000
                                                                    QUERY PLAN                                                                    
--------------------------------------------------------------------------------------------------------------------------------------------------
 Limit  (cost=485898.87..485898.87 rows=1 width=20) (actual time=794.812..794.812 rows=0 loops=1)
   ->  Limit  (cost=473231.39..484898.87 rows=100000 width=20) (actual time=768.899..792.001 rows=100000 loops=1)
         ->  Gather Merge  (cost=473231.39..1445526.71 rows=8333378 width=20) (actual time=768.899..786.385 rows=100000 loops=1)
               Workers Planned: 2
               Workers Launched: 2
               ->  Sort  (cost=472231.37..482648.09 rows=4166689 width=20) (actual time=763.300..766.492 rows=33993 loops=3)
                     Sort Key: s_3.a, s_3.b, s_3.c, s_3.d
                     Sort Method: external merge  Disk: 98624kB
                     Worker 0:  Sort Method: external merge  Disk: 95784kB
                     Worker 1:  Sort Method: external merge  Disk: 99504kB
                     ->  Parallel Seq Scan on s_3  (cost=0.00..105361.89 rows=4166689 width=20) (actual time=0.012..238.630 rows=3333333 loops=3)
 Planning time: 0.294 ms
 Execution time: 820.800 ms
(13 rows)

===== 416 [Wed Mar  7 13:38:04 CET 2018] scale:10000000 groups:10000 work_mem:16MB incremental:off max_workers:2 =====
SELECT * FROM s_4 ORDER BY a, b, c, d, e LIMIT 100000
                                                                    QUERY PLAN                                                                    
--------------------------------------------------------------------------------------------------------------------------------------------------
 Limit  (cost=485898.87..485898.87 rows=1 width=20) (actual time=752.818..752.818 rows=0 loops=1)
   ->  Limit  (cost=473231.39..484898.87 rows=100000 width=20) (actual time=726.819..750.014 rows=100000 loops=1)
         ->  Gather Merge  (cost=473231.39..1445526.71 rows=8333378 width=20) (actual time=726.819..744.406 rows=100000 loops=1)
               Workers Planned: 2
               Workers Launched: 2
               ->  Sort  (cost=472231.37..482648.09 rows=4166689 width=20) (actual time=724.238..727.424 rows=34022 loops=3)
                     Sort Key: s_4.a, s_4.b, s_4.c, s_4.d, s_4.e
                     Sort Method: external merge  Disk: 97040kB
                     Worker 0:  Sort Method: external merge  Disk: 98440kB
                     Worker 1:  Sort Method: external merge  Disk: 98432kB
                     ->  Parallel Seq Scan on s_4  (cost=0.00..105361.89 rows=4166689 width=20) (actual time=0.012..234.763 rows=3333333 loops=3)
 Planning time: 0.286 ms
 Execution time: 779.347 ms
(13 rows)

===== 417 [Wed Mar  7 13:38:08 CET 2018] scale:10000000 groups:10000 work_mem:32MB incremental:on max_workers:2 =====
SELECT * FROM s_1 ORDER BY a, b LIMIT 100000
                                                                     QUERY PLAN                                                                     
----------------------------------------------------------------------------------------------------------------------------------------------------
 Limit  (cost=2921.07..2921.07 rows=1 width=20) (actual time=52.593..52.593 rows=0 loops=1)
   ->  Limit  (cost=87.50..1921.07 rows=100000 width=20) (actual time=0.287..49.855 rows=100000 loops=1)
         ->  Incremental Sort  (cost=87.50..183446.14 rows=10000054 width=20) (actual time=0.287..44.373 rows=100000 loops=1)
               Sort Key: s_1.a, s_1.b
               Presorted Key: s_1.a
               Sort Method: quicksort  Memory: 133kB
               Sort Groups: 101
               ->  Index Scan using s_1_a_idx on s_1  (cost=0.43..323387.25 rows=10000054 width=20) (actual time=0.016..11.804 rows=100159 loops=1)
 Planning time: 0.283 ms
 Execution time: 52.626 ms
(10 rows)

===== 418 [Wed Mar  7 13:38:08 CET 2018] scale:10000000 groups:10000 work_mem:32MB incremental:on max_workers:2 =====
SELECT * FROM s_2 ORDER BY a, b, c LIMIT 100000
                                                                     QUERY PLAN                                                                      
-----------------------------------------------------------------------------------------------------------------------------------------------------
 Limit  (cost=3008.31..3008.31 rows=1 width=20) (actual time=35.082..35.082 rows=0 loops=1)
   ->  Limit  (cost=1.01..2008.31 rows=100000 width=20) (actual time=0.056..32.323 rows=100000 loops=1)
         ->  Incremental Sort  (cost=1.01..200730.07 rows=9999939 width=20) (actual time=0.056..26.810 rows=100000 loops=1)
               Sort Key: s_2.a, s_2.b, s_2.c
               Presorted Key: s_2.a, s_2.b
               Sort Method: quicksort  Memory: 27kB
               Sort Groups: 3121
               ->  Index Scan using s_2_a_b_idx on s_2  (cost=0.43..406983.90 rows=9999939 width=20) (actual time=0.010..11.634 rows=100018 loops=1)
 Planning time: 0.291 ms
 Execution time: 35.110 ms
(10 rows)

===== 419 [Wed Mar  7 13:38:08 CET 2018] scale:10000000 groups:10000 work_mem:32MB incremental:on max_workers:2 =====
SELECT * FROM s_3 ORDER BY a, b, c, d LIMIT 100000
                                                                       QUERY PLAN                                                                       
--------------------------------------------------------------------------------------------------------------------------------------------------------
 Limit  (cost=3012.79..3012.79 rows=1 width=20) (actual time=33.266..33.266 rows=0 loops=1)
   ->  Limit  (cost=1.05..2012.79 rows=100000 width=20) (actual time=0.059..30.502 rows=100000 loops=1)
         ->  Incremental Sort  (cost=1.05..201175.63 rows=10000054 width=20) (actual time=0.059..24.996 rows=100000 loops=1)
               Sort Key: s_3.a, s_3.b, s_3.c, s_3.d
               Presorted Key: s_3.a, s_3.b, s_3.c
               Sort Method: quicksort  Memory: 27kB
               Sort Groups: 3125
               ->  Index Scan using s_3_a_b_c_idx on s_3  (cost=0.43..451321.62 rows=10000054 width=20) (actual time=0.011..11.947 rows=100001 loops=1)
 Planning time: 0.305 ms
 Execution time: 33.290 ms
(10 rows)

===== 420 [Wed Mar  7 13:38:08 CET 2018] scale:10000000 groups:10000 work_mem:32MB incremental:on max_workers:2 =====
SELECT * FROM s_4 ORDER BY a, b, c, d, e LIMIT 100000
                                                                        QUERY PLAN                                                                        
----------------------------------------------------------------------------------------------------------------------------------------------------------
 Limit  (cost=3012.79..3012.79 rows=1 width=20) (actual time=33.210..33.210 rows=0 loops=1)
   ->  Limit  (cost=1.05..2012.79 rows=100000 width=20) (actual time=0.070..30.441 rows=100000 loops=1)
         ->  Incremental Sort  (cost=1.05..201175.63 rows=10000054 width=20) (actual time=0.070..24.965 rows=100000 loops=1)
               Sort Key: s_4.a, s_4.b, s_4.c, s_4.d, s_4.e
               Presorted Key: s_4.a, s_4.b, s_4.c, s_4.d
               Sort Method: quicksort  Memory: 27kB
               Sort Groups: 3125
               ->  Index Scan using s_4_a_b_c_d_idx on s_4  (cost=0.43..451321.62 rows=10000054 width=20) (actual time=0.014..11.917 rows=100001 loops=1)
 Planning time: 0.286 ms
 Execution time: 33.234 ms
(10 rows)

===== 421 [Wed Mar  7 13:38:09 CET 2018] scale:10000000 groups:10000 work_mem:32MB incremental:off max_workers:2 =====
SELECT * FROM s_1 ORDER BY a, b LIMIT 100000
                                                                    QUERY PLAN                                                                    
--------------------------------------------------------------------------------------------------------------------------------------------------
 Limit  (cost=485898.87..485898.87 rows=1 width=20) (actual time=527.771..527.771 rows=0 loops=1)
   ->  Limit  (cost=473231.39..484898.87 rows=100000 width=20) (actual time=501.128..524.969 rows=100000 loops=1)
         ->  Gather Merge  (cost=473231.39..1445526.71 rows=8333378 width=20) (actual time=501.127..519.304 rows=100000 loops=1)
               Workers Planned: 2
               Workers Launched: 2
               ->  Sort  (cost=472231.37..482648.09 rows=4166689 width=20) (actual time=499.441..501.361 rows=33969 loops=3)
                     Sort Key: s_1.a, s_1.b
                     Sort Method: top-N heapsort  Memory: 13966kB
                     Worker 0:  Sort Method: top-N heapsort  Memory: 13958kB
                     Worker 1:  Sort Method: top-N heapsort  Memory: 13960kB
                     ->  Parallel Seq Scan on s_1  (cost=0.00..105361.89 rows=4166689 width=20) (actual time=0.010..221.381 rows=3333333 loops=3)
 Planning time: 0.289 ms
 Execution time: 531.657 ms
(13 rows)

===== 422 [Wed Mar  7 13:38:11 CET 2018] scale:10000000 groups:10000 work_mem:32MB incremental:off max_workers:2 =====
SELECT * FROM s_2 ORDER BY a, b, c LIMIT 100000
                                                                    QUERY PLAN                                                                    
--------------------------------------------------------------------------------------------------------------------------------------------------
 Limit  (cost=485894.17..485894.17 rows=1 width=20) (actual time=534.412..534.412 rows=0 loops=1)
   ->  Limit  (cost=473226.69..484894.17 rows=100000 width=20) (actual time=510.394..531.600 rows=100000 loops=1)
         ->  Gather Merge  (cost=473226.69..1445510.80 rows=8333282 width=20) (actual time=510.394..525.995 rows=100000 loops=1)
               Workers Planned: 2
               Workers Launched: 2
               ->  Sort  (cost=472226.66..482643.26 rows=4166641 width=20) (actual time=508.819..510.287 rows=33962 loops=3)
                     Sort Key: s_2.a, s_2.b, s_2.c
                     Sort Method: top-N heapsort  Memory: 13957kB
                     Worker 0:  Sort Method: top-N heapsort  Memory: 13957kB
                     Worker 1:  Sort Method: top-N heapsort  Memory: 13957kB
                     ->  Parallel Seq Scan on s_2  (cost=0.00..105361.41 rows=4166641 width=20) (actual time=0.009..219.467 rows=3333333 loops=3)
 Planning time: 0.286 ms
 Execution time: 538.252 ms
(13 rows)

===== 423 [Wed Mar  7 13:38:14 CET 2018] scale:10000000 groups:10000 work_mem:32MB incremental:off max_workers:2 =====
SELECT * FROM s_3 ORDER BY a, b, c, d LIMIT 100000
                                                                    QUERY PLAN                                                                    
--------------------------------------------------------------------------------------------------------------------------------------------------
 Limit  (cost=485898.87..485898.87 rows=1 width=20) (actual time=540.557..540.557 rows=0 loops=1)
   ->  Limit  (cost=473231.39..484898.87 rows=100000 width=20) (actual time=516.328..537.755 rows=100000 loops=1)
         ->  Gather Merge  (cost=473231.39..1445526.71 rows=8333378 width=20) (actual time=516.328..532.151 rows=100000 loops=1)
               Workers Planned: 2
               Workers Launched: 2
               ->  Sort  (cost=472231.37..482648.09 rows=4166689 width=20) (actual time=514.784..516.266 rows=34022 loops=3)
                     Sort Key: s_3.a, s_3.b, s_3.c, s_3.d
                     Sort Method: top-N heapsort  Memory: 13957kB
                     Worker 0:  Sort Method: top-N heapsort  Memory: 13957kB
                     Worker 1:  Sort Method: top-N heapsort  Memory: 13957kB
                     ->  Parallel Seq Scan on s_3  (cost=0.00..105361.89 rows=4166689 width=20) (actual time=0.010..222.054 rows=3333333 loops=3)
 Planning time: 0.297 ms
 Execution time: 544.412 ms
(13 rows)

===== 424 [Wed Mar  7 13:38:16 CET 2018] scale:10000000 groups:10000 work_mem:32MB incremental:off max_workers:2 =====
SELECT * FROM s_4 ORDER BY a, b, c, d, e LIMIT 100000
                                                                    QUERY PLAN                                                                    
--------------------------------------------------------------------------------------------------------------------------------------------------
 Limit  (cost=485898.87..485898.87 rows=1 width=20) (actual time=539.860..539.860 rows=0 loops=1)
   ->  Limit  (cost=473231.39..484898.87 rows=100000 width=20) (actual time=515.837..537.051 rows=100000 loops=1)
         ->  Gather Merge  (cost=473231.39..1445526.71 rows=8333378 width=20) (actual time=515.837..531.442 rows=100000 loops=1)
               Workers Planned: 2
               Workers Launched: 2
               ->  Sort  (cost=472231.37..482648.09 rows=4166689 width=20) (actual time=514.308..515.761 rows=33952 loops=3)
                     Sort Key: s_4.a, s_4.b, s_4.c, s_4.d, s_4.e
                     Sort Method: top-N heapsort  Memory: 13957kB
                     Worker 0:  Sort Method: top-N heapsort  Memory: 13957kB
                     Worker 1:  Sort Method: top-N heapsort  Memory: 13957kB
                     ->  Parallel Seq Scan on s_4  (cost=0.00..105361.89 rows=4166689 width=20) (actual time=0.012..222.714 rows=3333333 loops=3)
 Planning time: 0.282 ms
 Execution time: 543.737 ms
(13 rows)

===== 425 [Wed Mar  7 13:38:19 CET 2018] scale:10000000 groups:10000 work_mem:64MB incremental:on max_workers:2 =====
SELECT * FROM s_1 ORDER BY a, b LIMIT 100000
                                                                     QUERY PLAN                                                                     
----------------------------------------------------------------------------------------------------------------------------------------------------
 Limit  (cost=2921.07..2921.07 rows=1 width=20) (actual time=52.594..52.594 rows=0 loops=1)
   ->  Limit  (cost=87.50..1921.07 rows=100000 width=20) (actual time=0.274..49.866 rows=100000 loops=1)
         ->  Incremental Sort  (cost=87.50..183446.14 rows=10000054 width=20) (actual time=0.274..44.376 rows=100000 loops=1)
               Sort Key: s_1.a, s_1.b
               Presorted Key: s_1.a
               Sort Method: quicksort  Memory: 133kB
               Sort Groups: 101
               ->  Index Scan using s_1_a_idx on s_1  (cost=0.43..323387.25 rows=10000054 width=20) (actual time=0.015..11.804 rows=100159 loops=1)
 Planning time: 0.291 ms
 Execution time: 52.627 ms
(10 rows)

===== 426 [Wed Mar  7 13:38:19 CET 2018] scale:10000000 groups:10000 work_mem:64MB incremental:on max_workers:2 =====
SELECT * FROM s_2 ORDER BY a, b, c LIMIT 100000
                                                                     QUERY PLAN                                                                      
-----------------------------------------------------------------------------------------------------------------------------------------------------
 Limit  (cost=3008.31..3008.31 rows=1 width=20) (actual time=35.085..35.085 rows=0 loops=1)
   ->  Limit  (cost=1.01..2008.31 rows=100000 width=20) (actual time=0.053..32.323 rows=100000 loops=1)
         ->  Incremental Sort  (cost=1.01..200730.07 rows=9999939 width=20) (actual time=0.053..26.814 rows=100000 loops=1)
               Sort Key: s_2.a, s_2.b, s_2.c
               Presorted Key: s_2.a, s_2.b
               Sort Method: quicksort  Memory: 27kB
               Sort Groups: 3121
               ->  Index Scan using s_2_a_b_idx on s_2  (cost=0.43..406983.90 rows=9999939 width=20) (actual time=0.009..11.639 rows=100018 loops=1)
 Planning time: 0.289 ms
 Execution time: 35.111 ms
(10 rows)

===== 427 [Wed Mar  7 13:38:19 CET 2018] scale:10000000 groups:10000 work_mem:64MB incremental:on max_workers:2 =====
SELECT * FROM s_3 ORDER BY a, b, c, d LIMIT 100000
                                                                       QUERY PLAN                                                                       
--------------------------------------------------------------------------------------------------------------------------------------------------------
 Limit  (cost=3012.79..3012.79 rows=1 width=20) (actual time=33.240..33.240 rows=0 loops=1)
   ->  Limit  (cost=1.05..2012.79 rows=100000 width=20) (actual time=0.063..30.477 rows=100000 loops=1)
         ->  Incremental Sort  (cost=1.05..201175.63 rows=10000054 width=20) (actual time=0.062..24.982 rows=100000 loops=1)
               Sort Key: s_3.a, s_3.b, s_3.c, s_3.d
               Presorted Key: s_3.a, s_3.b, s_3.c
               Sort Method: quicksort  Memory: 27kB
               Sort Groups: 3125
               ->  Index Scan using s_3_a_b_c_idx on s_3  (cost=0.43..451321.62 rows=10000054 width=20) (actual time=0.012..11.935 rows=100001 loops=1)
 Planning time: 0.297 ms
 Execution time: 33.264 ms
(10 rows)

===== 428 [Wed Mar  7 13:38:19 CET 2018] scale:10000000 groups:10000 work_mem:64MB incremental:on max_workers:2 =====
SELECT * FROM s_4 ORDER BY a, b, c, d, e LIMIT 100000
                                                                        QUERY PLAN                                                                        
----------------------------------------------------------------------------------------------------------------------------------------------------------
 Limit  (cost=3012.79..3012.79 rows=1 width=20) (actual time=33.212..33.212 rows=0 loops=1)
   ->  Limit  (cost=1.05..2012.79 rows=100000 width=20) (actual time=0.070..30.437 rows=100000 loops=1)
         ->  Incremental Sort  (cost=1.05..201175.63 rows=10000054 width=20) (actual time=0.070..24.964 rows=100000 loops=1)
               Sort Key: s_4.a, s_4.b, s_4.c, s_4.d, s_4.e
               Presorted Key: s_4.a, s_4.b, s_4.c, s_4.d
               Sort Method: quicksort  Memory: 27kB
               Sort Groups: 3125
               ->  Index Scan using s_4_a_b_c_d_idx on s_4  (cost=0.43..451321.62 rows=10000054 width=20) (actual time=0.014..11.914 rows=100001 loops=1)
 Planning time: 0.301 ms
 Execution time: 33.237 ms
(10 rows)

===== 429 [Wed Mar  7 13:38:20 CET 2018] scale:10000000 groups:10000 work_mem:64MB incremental:off max_workers:2 =====
SELECT * FROM s_1 ORDER BY a, b LIMIT 100000
                                                                    QUERY PLAN                                                                    
--------------------------------------------------------------------------------------------------------------------------------------------------
 Limit  (cost=485898.87..485898.87 rows=1 width=20) (actual time=527.475..527.475 rows=0 loops=1)
   ->  Limit  (cost=473231.39..484898.87 rows=100000 width=20) (actual time=500.701..524.667 rows=100000 loops=1)
         ->  Gather Merge  (cost=473231.39..1445526.71 rows=8333378 width=20) (actual time=500.701..519.008 rows=100000 loops=1)
               Workers Planned: 2
               Workers Launched: 2
               ->  Sort  (cost=472231.37..482648.09 rows=4166689 width=20) (actual time=499.112..501.043 rows=33957 loops=3)
                     Sort Key: s_1.a, s_1.b
                     Sort Method: top-N heapsort  Memory: 13965kB
                     Worker 0:  Sort Method: top-N heapsort  Memory: 13958kB
                     Worker 1:  Sort Method: top-N heapsort  Memory: 13958kB
                     ->  Parallel Seq Scan on s_1  (cost=0.00..105361.89 rows=4166689 width=20) (actual time=0.012..220.718 rows=3333333 loops=3)
 Planning time: 0.294 ms
 Execution time: 531.460 ms
(13 rows)

===== 430 [Wed Mar  7 13:38:22 CET 2018] scale:10000000 groups:10000 work_mem:64MB incremental:off max_workers:2 =====
SELECT * FROM s_2 ORDER BY a, b, c LIMIT 100000
                                                                    QUERY PLAN                                                                    
--------------------------------------------------------------------------------------------------------------------------------------------------
 Limit  (cost=485894.17..485894.17 rows=1 width=20) (actual time=534.295..534.295 rows=0 loops=1)
   ->  Limit  (cost=473226.69..484894.17 rows=100000 width=20) (actual time=510.356..531.483 rows=100000 loops=1)
         ->  Gather Merge  (cost=473226.69..1445510.80 rows=8333282 width=20) (actual time=510.355..525.879 rows=100000 loops=1)
               Workers Planned: 2
               Workers Launched: 2
               ->  Sort  (cost=472226.66..482643.26 rows=4166641 width=20) (actual time=508.786..510.249 rows=33939 loops=3)
                     Sort Key: s_2.a, s_2.b, s_2.c
                     Sort Method: top-N heapsort  Memory: 13957kB
                     Worker 0:  Sort Method: top-N heapsort  Memory: 13957kB
                     Worker 1:  Sort Method: top-N heapsort  Memory: 13957kB
                     ->  Parallel Seq Scan on s_2  (cost=0.00..105361.41 rows=4166641 width=20) (actual time=0.009..219.359 rows=3333333 loops=3)
 Planning time: 0.288 ms
 Execution time: 538.298 ms
(13 rows)

===== 431 [Wed Mar  7 13:38:25 CET 2018] scale:10000000 groups:10000 work_mem:64MB incremental:off max_workers:2 =====
SELECT * FROM s_3 ORDER BY a, b, c, d LIMIT 100000
                                                                    QUERY PLAN                                                                    
--------------------------------------------------------------------------------------------------------------------------------------------------
 Limit  (cost=485898.87..485898.87 rows=1 width=20) (actual time=540.841..540.841 rows=0 loops=1)
   ->  Limit  (cost=473231.39..484898.87 rows=100000 width=20) (actual time=516.897..538.045 rows=100000 loops=1)
         ->  Gather Merge  (cost=473231.39..1445526.71 rows=8333378 width=20) (actual time=516.895..532.448 rows=100000 loops=1)
               Workers Planned: 2
               Workers Launched: 2
               ->  Sort  (cost=472231.37..482648.09 rows=4166689 width=20) (actual time=515.359..516.819 rows=33952 loops=3)
                     Sort Key: s_3.a, s_3.b, s_3.c, s_3.d
                     Sort Method: top-N heapsort  Memory: 13957kB
                     Worker 0:  Sort Method: top-N heapsort  Memory: 13957kB
                     Worker 1:  Sort Method: top-N heapsort  Memory: 13957kB
                     ->  Parallel Seq Scan on s_3  (cost=0.00..105361.89 rows=4166689 width=20) (actual time=0.012..222.411 rows=3333333 loops=3)
 Planning time: 0.301 ms
 Execution time: 544.816 ms
(13 rows)

===== 432 [Wed Mar  7 13:38:27 CET 2018] scale:10000000 groups:10000 work_mem:64MB incremental:off max_workers:2 =====
SELECT * FROM s_4 ORDER BY a, b, c, d, e LIMIT 100000
                                                                    QUERY PLAN                                                                    
--------------------------------------------------------------------------------------------------------------------------------------------------
 Limit  (cost=485898.87..485898.87 rows=1 width=20) (actual time=539.328..539.328 rows=0 loops=1)
   ->  Limit  (cost=473231.39..484898.87 rows=100000 width=20) (actual time=515.329..536.524 rows=100000 loops=1)
         ->  Gather Merge  (cost=473231.39..1445526.71 rows=8333378 width=20) (actual time=515.328..530.910 rows=100000 loops=1)
               Workers Planned: 2
               Workers Launched: 2
               ->  Sort  (cost=472231.37..482648.09 rows=4166689 width=20) (actual time=513.761..515.216 rows=33969 loops=3)
                     Sort Key: s_4.a, s_4.b, s_4.c, s_4.d, s_4.e
                     Sort Method: top-N heapsort  Memory: 13957kB
                     Worker 0:  Sort Method: top-N heapsort  Memory: 13957kB
                     Worker 1:  Sort Method: top-N heapsort  Memory: 13957kB
                     ->  Parallel Seq Scan on s_4  (cost=0.00..105361.89 rows=4166689 width=20) (actual time=0.012..222.107 rows=3333333 loops=3)
 Planning time: 0.285 ms
 Execution time: 543.286 ms
(13 rows)

===== 433 [Wed Mar  7 13:38:30 CET 2018] scale:10000000 groups:10000 work_mem:128MB incremental:on max_workers:2 =====
SELECT * FROM s_1 ORDER BY a, b LIMIT 100000
                                                                     QUERY PLAN                                                                     
----------------------------------------------------------------------------------------------------------------------------------------------------
 Limit  (cost=2921.07..2921.07 rows=1 width=20) (actual time=52.594..52.594 rows=0 loops=1)
   ->  Limit  (cost=87.50..1921.07 rows=100000 width=20) (actual time=0.278..49.863 rows=100000 loops=1)
         ->  Incremental Sort  (cost=87.50..183446.14 rows=10000054 width=20) (actual time=0.278..44.359 rows=100000 loops=1)
               Sort Key: s_1.a, s_1.b
               Presorted Key: s_1.a
               Sort Method: quicksort  Memory: 133kB
               Sort Groups: 101
               ->  Index Scan using s_1_a_idx on s_1  (cost=0.43..323387.25 rows=10000054 width=20) (actual time=0.015..11.805 rows=100159 loops=1)
 Planning time: 0.280 ms
 Execution time: 52.628 ms
(10 rows)

===== 434 [Wed Mar  7 13:38:30 CET 2018] scale:10000000 groups:10000 work_mem:128MB incremental:on max_workers:2 =====
SELECT * FROM s_2 ORDER BY a, b, c LIMIT 100000
                                                                     QUERY PLAN                                                                      
-----------------------------------------------------------------------------------------------------------------------------------------------------
 Limit  (cost=3008.31..3008.31 rows=1 width=20) (actual time=35.081..35.081 rows=0 loops=1)
   ->  Limit  (cost=1.01..2008.31 rows=100000 width=20) (actual time=0.054..32.291 rows=100000 loops=1)
         ->  Incremental Sort  (cost=1.01..200730.07 rows=9999939 width=20) (actual time=0.054..26.787 rows=100000 loops=1)
               Sort Key: s_2.a, s_2.b, s_2.c
               Presorted Key: s_2.a, s_2.b
               Sort Method: quicksort  Memory: 27kB
               Sort Groups: 3121
               ->  Index Scan using s_2_a_b_idx on s_2  (cost=0.43..406983.90 rows=9999939 width=20) (actual time=0.010..11.632 rows=100018 loops=1)
 Planning time: 0.294 ms
 Execution time: 35.106 ms
(10 rows)

===== 435 [Wed Mar  7 13:38:30 CET 2018] scale:10000000 groups:10000 work_mem:128MB incremental:on max_workers:2 =====
SELECT * FROM s_3 ORDER BY a, b, c, d LIMIT 100000
                                                                       QUERY PLAN                                                                       
--------------------------------------------------------------------------------------------------------------------------------------------------------
 Limit  (cost=3012.79..3012.79 rows=1 width=20) (actual time=33.249..33.249 rows=0 loops=1)
   ->  Limit  (cost=1.05..2012.79 rows=100000 width=20) (actual time=0.061..30.485 rows=100000 loops=1)
         ->  Incremental Sort  (cost=1.05..201175.63 rows=10000054 width=20) (actual time=0.061..24.986 rows=100000 loops=1)
               Sort Key: s_3.a, s_3.b, s_3.c, s_3.d
               Presorted Key: s_3.a, s_3.b, s_3.c
               Sort Method: quicksort  Memory: 27kB
               Sort Groups: 3125
               ->  Index Scan using s_3_a_b_c_idx on s_3  (cost=0.43..451321.62 rows=10000054 width=20) (actual time=0.012..11.946 rows=100001 loops=1)
 Planning time: 0.299 ms
 Execution time: 33.273 ms
(10 rows)

===== 436 [Wed Mar  7 13:38:31 CET 2018] scale:10000000 groups:10000 work_mem:128MB incremental:on max_workers:2 =====
SELECT * FROM s_4 ORDER BY a, b, c, d, e LIMIT 100000
                                                                        QUERY PLAN                                                                        
----------------------------------------------------------------------------------------------------------------------------------------------------------
 Limit  (cost=3012.79..3012.79 rows=1 width=20) (actual time=33.200..33.200 rows=0 loops=1)
   ->  Limit  (cost=1.05..2012.79 rows=100000 width=20) (actual time=0.069..30.426 rows=100000 loops=1)
         ->  Incremental Sort  (cost=1.05..201175.63 rows=10000054 width=20) (actual time=0.068..24.956 rows=100000 loops=1)
               Sort Key: s_4.a, s_4.b, s_4.c, s_4.d, s_4.e
               Presorted Key: s_4.a, s_4.b, s_4.c, s_4.d
               Sort Method: quicksort  Memory: 27kB
               Sort Groups: 3125
               ->  Index Scan using s_4_a_b_c_d_idx on s_4  (cost=0.43..451321.62 rows=10000054 width=20) (actual time=0.014..11.905 rows=100001 loops=1)
 Planning time: 0.289 ms
 Execution time: 33.228 ms
(10 rows)

===== 437 [Wed Mar  7 13:38:31 CET 2018] scale:10000000 groups:10000 work_mem:128MB incremental:off max_workers:2 =====
SELECT * FROM s_1 ORDER BY a, b LIMIT 100000
                                                                    QUERY PLAN                                                                    
--------------------------------------------------------------------------------------------------------------------------------------------------
 Limit  (cost=485898.87..485898.87 rows=1 width=20) (actual time=527.527..527.527 rows=0 loops=1)
   ->  Limit  (cost=473231.39..484898.87 rows=100000 width=20) (actual time=500.860..524.721 rows=100000 loops=1)
         ->  Gather Merge  (cost=473231.39..1445526.71 rows=8333378 width=20) (actual time=500.859..519.058 rows=100000 loops=1)
               Workers Planned: 2
               Workers Launched: 2
               ->  Sort  (cost=472231.37..482648.09 rows=4166689 width=20) (actual time=499.258..501.182 rows=34010 loops=3)
                     Sort Key: s_1.a, s_1.b
                     Sort Method: top-N heapsort  Memory: 13966kB
                     Worker 0:  Sort Method: top-N heapsort  Memory: 13966kB
                     Worker 1:  Sort Method: top-N heapsort  Memory: 13966kB
                     ->  Parallel Seq Scan on s_1  (cost=0.00..105361.89 rows=4166689 width=20) (actual time=0.011..220.951 rows=3333333 loops=3)
 Planning time: 0.283 ms
 Execution time: 531.632 ms
(13 rows)

===== 438 [Wed Mar  7 13:38:33 CET 2018] scale:10000000 groups:10000 work_mem:128MB incremental:off max_workers:2 =====
SELECT * FROM s_2 ORDER BY a, b, c LIMIT 100000
                                                                    QUERY PLAN                                                                    
--------------------------------------------------------------------------------------------------------------------------------------------------
 Limit  (cost=485894.17..485894.17 rows=1 width=20) (actual time=534.442..534.442 rows=0 loops=1)
   ->  Limit  (cost=473226.69..484894.17 rows=100000 width=20) (actual time=510.540..531.637 rows=100000 loops=1)
         ->  Gather Merge  (cost=473226.69..1445510.80 rows=8333282 width=20) (actual time=510.539..526.046 rows=100000 loops=1)
               Workers Planned: 2
               Workers Launched: 2
               ->  Sort  (cost=472226.66..482643.26 rows=4166641 width=20) (actual time=508.957..510.421 rows=33995 loops=3)
                     Sort Key: s_2.a, s_2.b, s_2.c
                     Sort Method: top-N heapsort  Memory: 13957kB
                     Worker 0:  Sort Method: top-N heapsort  Memory: 13957kB
                     Worker 1:  Sort Method: top-N heapsort  Memory: 13957kB
                     ->  Parallel Seq Scan on s_2  (cost=0.00..105361.41 rows=4166641 width=20) (actual time=0.008..219.376 rows=3333333 loops=3)
 Planning time: 0.292 ms
 Execution time: 538.503 ms
(13 rows)

===== 439 [Wed Mar  7 13:38:36 CET 2018] scale:10000000 groups:10000 work_mem:128MB incremental:off max_workers:2 =====
SELECT * FROM s_3 ORDER BY a, b, c, d LIMIT 100000
                                                                    QUERY PLAN                                                                    
--------------------------------------------------------------------------------------------------------------------------------------------------
 Limit  (cost=485898.87..485898.87 rows=1 width=20) (actual time=539.708..539.708 rows=0 loops=1)
   ->  Limit  (cost=473231.39..484898.87 rows=100000 width=20) (actual time=515.796..536.910 rows=100000 loops=1)
         ->  Gather Merge  (cost=473231.39..1445526.71 rows=8333378 width=20) (actual time=515.795..531.315 rows=100000 loops=1)
               Workers Planned: 2
               Workers Launched: 2
               ->  Sort  (cost=472231.37..482648.09 rows=4166689 width=20) (actual time=514.280..515.740 rows=33955 loops=3)
                     Sort Key: s_3.a, s_3.b, s_3.c, s_3.d
                     Sort Method: top-N heapsort  Memory: 13957kB
                     Worker 0:  Sort Method: top-N heapsort  Memory: 13957kB
                     Worker 1:  Sort Method: top-N heapsort  Memory: 13957kB
                     ->  Parallel Seq Scan on s_3  (cost=0.00..105361.89 rows=4166689 width=20) (actual time=0.011..221.447 rows=3333333 loops=3)
 Planning time: 0.297 ms
 Execution time: 543.766 ms
(13 rows)

===== 440 [Wed Mar  7 13:38:38 CET 2018] scale:10000000 groups:10000 work_mem:128MB incremental:off max_workers:2 =====
SELECT * FROM s_4 ORDER BY a, b, c, d, e LIMIT 100000
                                                                    QUERY PLAN                                                                    
--------------------------------------------------------------------------------------------------------------------------------------------------
 Limit  (cost=485898.87..485898.87 rows=1 width=20) (actual time=539.122..539.122 rows=0 loops=1)
   ->  Limit  (cost=473231.39..484898.87 rows=100000 width=20) (actual time=515.119..536.323 rows=100000 loops=1)
         ->  Gather Merge  (cost=473231.39..1445526.71 rows=8333378 width=20) (actual time=515.118..530.727 rows=100000 loops=1)
               Workers Planned: 2
               Workers Launched: 2
               ->  Sort  (cost=472231.37..482648.09 rows=4166689 width=20) (actual time=513.521..514.976 rows=34005 loops=3)
                     Sort Key: s_4.a, s_4.b, s_4.c, s_4.d, s_4.e
                     Sort Method: top-N heapsort  Memory: 13957kB
                     Worker 0:  Sort Method: top-N heapsort  Memory: 13957kB
                     Worker 1:  Sort Method: top-N heapsort  Memory: 13957kB
                     ->  Parallel Seq Scan on s_4  (cost=0.00..105361.89 rows=4166689 width=20) (actual time=0.010..221.533 rows=3333333 loops=3)
 Planning time: 0.298 ms
 Execution time: 543.067 ms
(13 rows)

===== 441 [Wed Mar  7 13:38:41 CET 2018] scale:10000000 groups:10000 work_mem:256MB incremental:on max_workers:2 =====
SELECT * FROM s_1 ORDER BY a, b LIMIT 100000
                                                                     QUERY PLAN                                                                     
----------------------------------------------------------------------------------------------------------------------------------------------------
 Limit  (cost=2921.07..2921.07 rows=1 width=20) (actual time=52.589..52.589 rows=0 loops=1)
   ->  Limit  (cost=87.50..1921.07 rows=100000 width=20) (actual time=0.277..49.861 rows=100000 loops=1)
         ->  Incremental Sort  (cost=87.50..183446.14 rows=10000054 width=20) (actual time=0.277..44.356 rows=100000 loops=1)
               Sort Key: s_1.a, s_1.b
               Presorted Key: s_1.a
               Sort Method: quicksort  Memory: 133kB
               Sort Groups: 101
               ->  Index Scan using s_1_a_idx on s_1  (cost=0.43..323387.25 rows=10000054 width=20) (actual time=0.015..11.802 rows=100159 loops=1)
 Planning time: 0.280 ms
 Execution time: 52.624 ms
(10 rows)

===== 442 [Wed Mar  7 13:38:41 CET 2018] scale:10000000 groups:10000 work_mem:256MB incremental:on max_workers:2 =====
SELECT * FROM s_2 ORDER BY a, b, c LIMIT 100000
                                                                     QUERY PLAN                                                                      
-----------------------------------------------------------------------------------------------------------------------------------------------------
 Limit  (cost=3008.31..3008.31 rows=1 width=20) (actual time=35.095..35.095 rows=0 loops=1)
   ->  Limit  (cost=1.01..2008.31 rows=100000 width=20) (actual time=0.061..32.323 rows=100000 loops=1)
         ->  Incremental Sort  (cost=1.01..200730.07 rows=9999939 width=20) (actual time=0.061..26.815 rows=100000 loops=1)
               Sort Key: s_2.a, s_2.b, s_2.c
               Presorted Key: s_2.a, s_2.b
               Sort Method: quicksort  Memory: 27kB
               Sort Groups: 3121
               ->  Index Scan using s_2_a_b_idx on s_2  (cost=0.43..406983.90 rows=9999939 width=20) (actual time=0.010..11.640 rows=100018 loops=1)
 Planning time: 0.291 ms
 Execution time: 35.120 ms
(10 rows)

===== 443 [Wed Mar  7 13:38:42 CET 2018] scale:10000000 groups:10000 work_mem:256MB incremental:on max_workers:2 =====
SELECT * FROM s_3 ORDER BY a, b, c, d LIMIT 100000
                                                                       QUERY PLAN                                                                       
--------------------------------------------------------------------------------------------------------------------------------------------------------
 Limit  (cost=3012.79..3012.79 rows=1 width=20) (actual time=33.251..33.251 rows=0 loops=1)
   ->  Limit  (cost=1.05..2012.79 rows=100000 width=20) (actual time=0.063..30.487 rows=100000 loops=1)
         ->  Incremental Sort  (cost=1.05..201175.63 rows=10000054 width=20) (actual time=0.063..25.002 rows=100000 loops=1)
               Sort Key: s_3.a, s_3.b, s_3.c, s_3.d
               Presorted Key: s_3.a, s_3.b, s_3.c
               Sort Method: quicksort  Memory: 27kB
               Sort Groups: 3125
               ->  Index Scan using s_3_a_b_c_idx on s_3  (cost=0.43..451321.62 rows=10000054 width=20) (actual time=0.015..11.968 rows=100001 loops=1)
 Planning time: 0.295 ms
 Execution time: 33.274 ms
(10 rows)

===== 444 [Wed Mar  7 13:38:42 CET 2018] scale:10000000 groups:10000 work_mem:256MB incremental:on max_workers:2 =====
SELECT * FROM s_4 ORDER BY a, b, c, d, e LIMIT 100000
                                                                        QUERY PLAN                                                                        
----------------------------------------------------------------------------------------------------------------------------------------------------------
 Limit  (cost=3012.79..3012.79 rows=1 width=20) (actual time=33.216..33.216 rows=0 loops=1)
   ->  Limit  (cost=1.05..2012.79 rows=100000 width=20) (actual time=0.068..30.447 rows=100000 loops=1)
         ->  Incremental Sort  (cost=1.05..201175.63 rows=10000054 width=20) (actual time=0.068..24.973 rows=100000 loops=1)
               Sort Key: s_4.a, s_4.b, s_4.c, s_4.d, s_4.e
               Presorted Key: s_4.a, s_4.b, s_4.c, s_4.d
               Sort Method: quicksort  Memory: 27kB
               Sort Groups: 3125
               ->  Index Scan using s_4_a_b_c_d_idx on s_4  (cost=0.43..451321.62 rows=10000054 width=20) (actual time=0.014..11.897 rows=100001 loops=1)
 Planning time: 0.289 ms
 Execution time: 33.240 ms
(10 rows)

===== 445 [Wed Mar  7 13:38:42 CET 2018] scale:10000000 groups:10000 work_mem:256MB incremental:off max_workers:2 =====
SELECT * FROM s_1 ORDER BY a, b LIMIT 100000
                                                                    QUERY PLAN                                                                    
--------------------------------------------------------------------------------------------------------------------------------------------------
 Limit  (cost=485898.87..485898.87 rows=1 width=20) (actual time=527.326..527.326 rows=0 loops=1)
   ->  Limit  (cost=473231.39..484898.87 rows=100000 width=20) (actual time=500.642..524.516 rows=100000 loops=1)
         ->  Gather Merge  (cost=473231.39..1445526.71 rows=8333378 width=20) (actual time=500.642..518.847 rows=100000 loops=1)
               Workers Planned: 2
               Workers Launched: 2
               ->  Sort  (cost=472231.37..482648.09 rows=4166689 width=20) (actual time=499.051..500.977 rows=33956 loops=3)
                     Sort Key: s_1.a, s_1.b
                     Sort Method: top-N heapsort  Memory: 13966kB
                     Worker 0:  Sort Method: top-N heapsort  Memory: 13966kB
                     Worker 1:  Sort Method: top-N heapsort  Memory: 13966kB
                     ->  Parallel Seq Scan on s_1  (cost=0.00..105361.89 rows=4166689 width=20) (actual time=0.011..220.574 rows=3333333 loops=3)
 Planning time: 0.284 ms
 Execution time: 531.471 ms
(13 rows)

===== 446 [Wed Mar  7 13:38:44 CET 2018] scale:10000000 groups:10000 work_mem:256MB incremental:off max_workers:2 =====
SELECT * FROM s_2 ORDER BY a, b, c LIMIT 100000
                                                                    QUERY PLAN                                                                    
--------------------------------------------------------------------------------------------------------------------------------------------------
 Limit  (cost=485894.17..485894.17 rows=1 width=20) (actual time=534.149..534.149 rows=0 loops=1)
   ->  Limit  (cost=473226.69..484894.17 rows=100000 width=20) (actual time=510.253..531.341 rows=100000 loops=1)
         ->  Gather Merge  (cost=473226.69..1445510.80 rows=8333282 width=20) (actual time=510.252..525.747 rows=100000 loops=1)
               Workers Planned: 2
               Workers Launched: 2
               ->  Sort  (cost=472226.66..482643.26 rows=4166641 width=20) (actual time=508.644..510.108 rows=33956 loops=3)
                     Sort Key: s_2.a, s_2.b, s_2.c
                     Sort Method: top-N heapsort  Memory: 13957kB
                     Worker 0:  Sort Method: top-N heapsort  Memory: 13957kB
                     Worker 1:  Sort Method: top-N heapsort  Memory: 13957kB
                     ->  Parallel Seq Scan on s_2  (cost=0.00..105361.41 rows=4166641 width=20) (actual time=0.010..218.977 rows=3333333 loops=3)
 Planning time: 0.287 ms
 Execution time: 538.118 ms
(13 rows)

===== 447 [Wed Mar  7 13:38:47 CET 2018] scale:10000000 groups:10000 work_mem:256MB incremental:off max_workers:2 =====
SELECT * FROM s_3 ORDER BY a, b, c, d LIMIT 100000
                                                                    QUERY PLAN                                                                    
--------------------------------------------------------------------------------------------------------------------------------------------------
 Limit  (cost=485898.87..485898.87 rows=1 width=20) (actual time=539.555..539.555 rows=0 loops=1)
   ->  Limit  (cost=473231.39..484898.87 rows=100000 width=20) (actual time=515.627..536.756 rows=100000 loops=1)
         ->  Gather Merge  (cost=473231.39..1445526.71 rows=8333378 width=20) (actual time=515.626..531.160 rows=100000 loops=1)
               Workers Planned: 2
               Workers Launched: 2
               ->  Sort  (cost=472231.37..482648.09 rows=4166689 width=20) (actual time=514.089..515.542 rows=33999 loops=3)
                     Sort Key: s_3.a, s_3.b, s_3.c, s_3.d
                     Sort Method: top-N heapsort  Memory: 13957kB
                     Worker 0:  Sort Method: top-N heapsort  Memory: 13957kB
                     Worker 1:  Sort Method: top-N heapsort  Memory: 13957kB
                     ->  Parallel Seq Scan on s_3  (cost=0.00..105361.89 rows=4166689 width=20) (actual time=0.011..221.164 rows=3333333 loops=3)
 Planning time: 0.292 ms
 Execution time: 543.681 ms
(13 rows)

===== 448 [Wed Mar  7 13:38:50 CET 2018] scale:10000000 groups:10000 work_mem:256MB incremental:off max_workers:2 =====
SELECT * FROM s_4 ORDER BY a, b, c, d, e LIMIT 100000
                                                                    QUERY PLAN                                                                    
--------------------------------------------------------------------------------------------------------------------------------------------------
 Limit  (cost=485898.87..485898.87 rows=1 width=20) (actual time=539.339..539.339 rows=0 loops=1)
   ->  Limit  (cost=473231.39..484898.87 rows=100000 width=20) (actual time=515.303..536.529 rows=100000 loops=1)
         ->  Gather Merge  (cost=473231.39..1445526.71 rows=8333378 width=20) (actual time=515.303..530.929 rows=100000 loops=1)
               Workers Planned: 2
               Workers Launched: 2
               ->  Sort  (cost=472231.37..482648.09 rows=4166689 width=20) (actual time=513.760..515.220 rows=34022 loops=3)
                     Sort Key: s_4.a, s_4.b, s_4.c, s_4.d, s_4.e
                     Sort Method: top-N heapsort  Memory: 13957kB
                     Worker 0:  Sort Method: top-N heapsort  Memory: 13957kB
                     Worker 1:  Sort Method: top-N heapsort  Memory: 13957kB
                     ->  Parallel Seq Scan on s_4  (cost=0.00..105361.89 rows=4166689 width=20) (actual time=0.011..221.760 rows=3333333 loops=3)
 Planning time: 0.283 ms
 Execution time: 543.474 ms
(13 rows)

