===== 1 [Wed Mar  7 13:40:08 CET 2018] scale:10000000 groups:10 work_mem:4MB incremental:on max_workers:0 =====
SELECT * FROM s_1 ORDER BY a, b
                                                                          QUERY PLAN                                                                           
---------------------------------------------------------------------------------------------------------------------------------------------------------------
 Limit  (cost=1818113.56..1818113.56 rows=1 width=20) (actual time=5270.202..5270.202 rows=0 loops=1)
   ->  Incremental Sort  (cost=140283.41..1718113.02 rows=10000054 width=20) (actual time=179.312..5048.232 rows=10000000 loops=1)
         Sort Key: s_1.a, s_1.b
         Presorted Key: s_1.a
         Sort Method: external merge  Disk: 29408kB
         Sort Groups: 11
         ->  Index Only Scan using s_1_a_e_d_c_b_idx on s_1  (cost=0.56..348313.37 rows=10000054 width=20) (actual time=0.050..1456.508 rows=10000000 loops=1)
               Heap Fetches: 0
 Planning time: 0.297 ms
 Execution time: 5272.301 ms
(10 rows)

===== 2 [Wed Mar  7 13:40:35 CET 2018] scale:10000000 groups:10 work_mem:4MB incremental:on max_workers:0 =====
SELECT * FROM s_2 ORDER BY a, b, c
                                                                          QUERY PLAN                                                                           
---------------------------------------------------------------------------------------------------------------------------------------------------------------
 Limit  (cost=1440053.75..1440053.75 rows=1 width=20) (actual time=5503.930..5503.930 rows=0 loops=1)
   ->  Incremental Sort  (cost=9629.07..1340053.21 rows=10000054 width=20) (actual time=10.132..5282.211 rows=10000000 loops=1)
         Sort Key: s_2.a, s_2.b, s_2.c
         Presorted Key: s_2.a, s_2.b
         Sort Method: external merge  Disk: 2960kB
         Sort Groups: 121
         ->  Index Only Scan using s_2_a_b_e_d_c_idx on s_2  (cost=0.56..348313.37 rows=10000054 width=20) (actual time=0.056..1471.377 rows=10000000 loops=1)
               Heap Fetches: 0
 Planning time: 0.309 ms
 Execution time: 5503.964 ms
(10 rows)

===== 3 [Wed Mar  7 13:41:03 CET 2018] scale:10000000 groups:10 work_mem:4MB incremental:on max_workers:0 =====
SELECT * FROM s_3 ORDER BY a, b, c, d
                                                                          QUERY PLAN                                                                           
---------------------------------------------------------------------------------------------------------------------------------------------------------------
 Limit  (cost=1267105.43..1267105.43 rows=1 width=20) (actual time=4542.372..4542.372 rows=0 loops=1)
   ->  Incremental Sort  (cost=745.92..1167104.89 rows=10000054 width=20) (actual time=0.663..4325.539 rows=10000000 loops=1)
         Sort Key: s_3.a, s_3.b, s_3.c, s_3.d
         Presorted Key: s_3.a, s_3.b, s_3.c
         Sort Method: quicksort  Memory: 1192kB
         Sort Groups: 1331
         ->  Index Only Scan using s_3_a_b_c_e_d_idx on s_3  (cost=0.56..348313.37 rows=10000054 width=20) (actual time=0.062..1490.240 rows=10000000 loops=1)
               Heap Fetches: 0
 Planning time: 0.295 ms
 Execution time: 4542.418 ms
(10 rows)

===== 4 [Wed Mar  7 13:41:25 CET 2018] scale:10000000 groups:10 work_mem:4MB incremental:off max_workers:0 =====
SELECT * FROM s_1 ORDER BY a, b
                                                          QUERY PLAN                                                           
-------------------------------------------------------------------------------------------------------------------------------
 Limit  (cost=1861542.72..1861542.72 rows=1 width=20) (actual time=5473.078..5473.078 rows=0 loops=1)
   ->  Sort  (cost=1736542.04..1761542.18 rows=10000054 width=20) (actual time=4312.334..5256.398 rows=10000000 loops=1)
         Sort Key: s_1.a, s_1.b
         Sort Method: external merge  Disk: 293600kB
         ->  Seq Scan on s_1  (cost=0.00..163695.54 rows=10000054 width=20) (actual time=0.020..655.131 rows=10000000 loops=1)
 Planning time: 0.279 ms
 Execution time: 5505.052 ms
(7 rows)

===== 5 [Wed Mar  7 13:41:54 CET 2018] scale:10000000 groups:10 work_mem:4MB incremental:off max_workers:0 =====
SELECT * FROM s_2 ORDER BY a, b, c
                                                          QUERY PLAN                                                           
-------------------------------------------------------------------------------------------------------------------------------
 Limit  (cost=1861542.72..1861542.72 rows=1 width=20) (actual time=5777.255..5777.255 rows=0 loops=1)
   ->  Sort  (cost=1736542.04..1761542.18 rows=10000054 width=20) (actual time=4616.091..5558.805 rows=10000000 loops=1)
         Sort Key: s_2.a, s_2.b, s_2.c
         Sort Method: external merge  Disk: 293600kB
         ->  Seq Scan on s_2  (cost=0.00..163695.54 rows=10000054 width=20) (actual time=0.032..651.157 rows=10000000 loops=1)
 Planning time: 0.288 ms
 Execution time: 5809.789 ms
(7 rows)

===== 6 [Wed Mar  7 13:42:24 CET 2018] scale:10000000 groups:10 work_mem:4MB incremental:off max_workers:0 =====
SELECT * FROM s_3 ORDER BY a, b, c, d
                                                          QUERY PLAN                                                           
-------------------------------------------------------------------------------------------------------------------------------
 Limit  (cost=1861542.72..1861542.72 rows=1 width=20) (actual time=6396.411..6396.411 rows=0 loops=1)
   ->  Sort  (cost=1736542.04..1761542.18 rows=10000054 width=20) (actual time=5239.623..6177.731 rows=10000000 loops=1)
         Sort Key: s_3.a, s_3.b, s_3.c, s_3.d
         Sort Method: external merge  Disk: 293600kB
         ->  Seq Scan on s_3  (cost=0.00..163695.54 rows=10000054 width=20) (actual time=0.032..658.943 rows=10000000 loops=1)
 Planning time: 0.288 ms
 Execution time: 6428.819 ms
(7 rows)

===== 7 [Wed Mar  7 13:42:59 CET 2018] scale:10000000 groups:10 work_mem:8MB incremental:on max_workers:0 =====
SELECT * FROM s_1 ORDER BY a, b
                                                                          QUERY PLAN                                                                           
---------------------------------------------------------------------------------------------------------------------------------------------------------------
 Limit  (cost=1818113.56..1818113.56 rows=1 width=20) (actual time=4947.262..4947.262 rows=0 loops=1)
   ->  Incremental Sort  (cost=140283.41..1718113.02 rows=10000054 width=20) (actual time=187.836..4725.378 rows=10000000 loops=1)
         Sort Key: s_1.a, s_1.b
         Presorted Key: s_1.a
         Sort Method: external merge  Disk: 29408kB
         Sort Groups: 11
         ->  Index Only Scan using s_1_a_e_d_c_b_idx on s_1  (cost=0.56..348313.37 rows=10000054 width=20) (actual time=0.062..1447.325 rows=10000000 loops=1)
               Heap Fetches: 0
 Planning time: 0.292 ms
 Execution time: 4949.659 ms
(10 rows)

===== 8 [Wed Mar  7 13:43:23 CET 2018] scale:10000000 groups:10 work_mem:8MB incremental:on max_workers:0 =====
SELECT * FROM s_2 ORDER BY a, b, c
                                                                          QUERY PLAN                                                                           
---------------------------------------------------------------------------------------------------------------------------------------------------------------
 Limit  (cost=1440053.75..1440053.75 rows=1 width=20) (actual time=5311.223..5311.223 rows=0 loops=1)
   ->  Incremental Sort  (cost=9629.07..1340053.21 rows=10000054 width=20) (actual time=10.187..5089.592 rows=10000000 loops=1)
         Sort Key: s_2.a, s_2.b, s_2.c
         Presorted Key: s_2.a, s_2.b
         Sort Method: external merge  Disk: 2960kB
         Sort Groups: 121
         ->  Index Only Scan using s_2_a_b_e_d_c_idx on s_2  (cost=0.56..348313.37 rows=10000054 width=20) (actual time=0.062..1501.766 rows=10000000 loops=1)
               Heap Fetches: 0
 Planning time: 0.301 ms
 Execution time: 5311.250 ms
(10 rows)

===== 9 [Wed Mar  7 13:43:50 CET 2018] scale:10000000 groups:10 work_mem:8MB incremental:on max_workers:0 =====
SELECT * FROM s_3 ORDER BY a, b, c, d
                                                                          QUERY PLAN                                                                           
---------------------------------------------------------------------------------------------------------------------------------------------------------------
 Limit  (cost=1267105.43..1267105.43 rows=1 width=20) (actual time=4496.855..4496.855 rows=0 loops=1)
   ->  Incremental Sort  (cost=745.92..1167104.89 rows=10000054 width=20) (actual time=0.668..4279.762 rows=10000000 loops=1)
         Sort Key: s_3.a, s_3.b, s_3.c, s_3.d
         Presorted Key: s_3.a, s_3.b, s_3.c
         Sort Method: quicksort  Memory: 1192kB
         Sort Groups: 1331
         ->  Index Only Scan using s_3_a_b_c_e_d_idx on s_3  (cost=0.56..348313.37 rows=10000054 width=20) (actual time=0.059..1458.614 rows=10000000 loops=1)
               Heap Fetches: 0
 Planning time: 0.301 ms
 Execution time: 4496.903 ms
(10 rows)

===== 10 [Wed Mar  7 13:44:12 CET 2018] scale:10000000 groups:10 work_mem:8MB incremental:off max_workers:0 =====
SELECT * FROM s_1 ORDER BY a, b
                                                          QUERY PLAN                                                           
-------------------------------------------------------------------------------------------------------------------------------
 Limit  (cost=1861542.72..1861542.72 rows=1 width=20) (actual time=4993.341..4993.341 rows=0 loops=1)
   ->  Sort  (cost=1736542.04..1761542.18 rows=10000054 width=20) (actual time=3835.159..4774.233 rows=10000000 loops=1)
         Sort Key: s_1.a, s_1.b
         Sort Method: external merge  Disk: 293608kB
         ->  Seq Scan on s_1  (cost=0.00..163695.54 rows=10000054 width=20) (actual time=0.025..654.720 rows=10000000 loops=1)
 Planning time: 0.284 ms
 Execution time: 5025.925 ms
(7 rows)

===== 11 [Wed Mar  7 13:44:38 CET 2018] scale:10000000 groups:10 work_mem:8MB incremental:off max_workers:0 =====
SELECT * FROM s_2 ORDER BY a, b, c
                                                          QUERY PLAN                                                           
-------------------------------------------------------------------------------------------------------------------------------
 Limit  (cost=1861542.72..1861542.72 rows=1 width=20) (actual time=5248.801..5248.801 rows=0 loops=1)
   ->  Sort  (cost=1736542.04..1761542.18 rows=10000054 width=20) (actual time=4086.642..5028.629 rows=10000000 loops=1)
         Sort Key: s_2.a, s_2.b, s_2.c
         Sort Method: external merge  Disk: 293608kB
         ->  Seq Scan on s_2  (cost=0.00..163695.54 rows=10000054 width=20) (actual time=0.032..650.401 rows=10000000 loops=1)
 Planning time: 0.286 ms
 Execution time: 5281.396 ms
(7 rows)

===== 12 [Wed Mar  7 13:45:06 CET 2018] scale:10000000 groups:10 work_mem:8MB incremental:off max_workers:0 =====
SELECT * FROM s_3 ORDER BY a, b, c, d
                                                          QUERY PLAN                                                           
-------------------------------------------------------------------------------------------------------------------------------
 Limit  (cost=1861542.72..1861542.72 rows=1 width=20) (actual time=5941.243..5941.243 rows=0 loops=1)
   ->  Sort  (cost=1736542.04..1761542.18 rows=10000054 width=20) (actual time=4790.076..5721.611 rows=10000000 loops=1)
         Sort Key: s_3.a, s_3.b, s_3.c, s_3.d
         Sort Method: external merge  Disk: 293608kB
         ->  Seq Scan on s_3  (cost=0.00..163695.54 rows=10000054 width=20) (actual time=0.031..658.958 rows=10000000 loops=1)
 Planning time: 0.290 ms
 Execution time: 5971.057 ms
(7 rows)

===== 13 [Wed Mar  7 13:45:37 CET 2018] scale:10000000 groups:10 work_mem:16MB incremental:on max_workers:0 =====
SELECT * FROM s_1 ORDER BY a, b
                                                          QUERY PLAN                                                           
-------------------------------------------------------------------------------------------------------------------------------
 Limit  (cost=1656460.22..1656460.22 rows=1 width=20) (actual time=4546.888..4546.888 rows=0 loops=1)
   ->  Sort  (cost=1531459.54..1556459.68 rows=10000054 width=20) (actual time=3315.188..4325.331 rows=10000000 loops=1)
         Sort Key: s_1.a, s_1.b
         Sort Method: external merge  Disk: 293904kB
         ->  Seq Scan on s_1  (cost=0.00..163695.54 rows=10000054 width=20) (actual time=0.024..649.023 rows=10000000 loops=1)
 Planning time: 0.293 ms
 Execution time: 4579.753 ms
(7 rows)

===== 14 [Wed Mar  7 13:46:01 CET 2018] scale:10000000 groups:10 work_mem:16MB incremental:on max_workers:0 =====
SELECT * FROM s_2 ORDER BY a, b, c
                                                                          QUERY PLAN                                                                           
---------------------------------------------------------------------------------------------------------------------------------------------------------------
 Limit  (cost=1440053.75..1440053.75 rows=1 width=20) (actual time=4115.587..4115.587 rows=0 loops=1)
   ->  Incremental Sort  (cost=9629.07..1340053.21 rows=10000054 width=20) (actual time=9.538..3896.912 rows=10000000 loops=1)
         Sort Key: s_2.a, s_2.b, s_2.c
         Presorted Key: s_2.a, s_2.b
         Sort Method: quicksort  Memory: 10936kB
         Sort Groups: 121
         ->  Index Only Scan using s_2_a_b_e_d_c_idx on s_2  (cost=0.56..348313.37 rows=10000054 width=20) (actual time=0.029..1294.108 rows=10000000 loops=1)
               Heap Fetches: 0
 Planning time: 0.289 ms
 Execution time: 4115.727 ms
(10 rows)

===== 15 [Wed Mar  7 13:46:21 CET 2018] scale:10000000 groups:10 work_mem:16MB incremental:on max_workers:0 =====
SELECT * FROM s_3 ORDER BY a, b, c, d
                                                                          QUERY PLAN                                                                           
---------------------------------------------------------------------------------------------------------------------------------------------------------------
 Limit  (cost=1267105.43..1267105.43 rows=1 width=20) (actual time=4313.427..4313.427 rows=0 loops=1)
   ->  Incremental Sort  (cost=745.92..1167104.89 rows=10000054 width=20) (actual time=0.591..4096.604 rows=10000000 loops=1)
         Sort Key: s_3.a, s_3.b, s_3.c, s_3.d
         Presorted Key: s_3.a, s_3.b, s_3.c
         Sort Method: quicksort  Memory: 1192kB
         Sort Groups: 1331
         ->  Index Only Scan using s_3_a_b_c_e_d_idx on s_3  (cost=0.56..348313.37 rows=10000054 width=20) (actual time=0.031..1273.939 rows=10000000 loops=1)
               Heap Fetches: 0
 Planning time: 0.299 ms
 Execution time: 4313.475 ms
(10 rows)

===== 16 [Wed Mar  7 13:46:43 CET 2018] scale:10000000 groups:10 work_mem:16MB incremental:off max_workers:0 =====
SELECT * FROM s_1 ORDER BY a, b
                                                          QUERY PLAN                                                           
-------------------------------------------------------------------------------------------------------------------------------
 Limit  (cost=1656460.22..1656460.22 rows=1 width=20) (actual time=4515.301..4515.301 rows=0 loops=1)
   ->  Sort  (cost=1531459.54..1556459.68 rows=10000054 width=20) (actual time=3285.418..4293.765 rows=10000000 loops=1)
         Sort Key: s_1.a, s_1.b
         Sort Method: external merge  Disk: 293904kB
         ->  Seq Scan on s_1  (cost=0.00..163695.54 rows=10000054 width=20) (actual time=0.025..649.423 rows=10000000 loops=1)
 Planning time: 0.276 ms
 Execution time: 4548.132 ms
(7 rows)

===== 17 [Wed Mar  7 13:47:06 CET 2018] scale:10000000 groups:10 work_mem:16MB incremental:off max_workers:0 =====
SELECT * FROM s_2 ORDER BY a, b, c
                                                          QUERY PLAN                                                           
-------------------------------------------------------------------------------------------------------------------------------
 Limit  (cost=1656460.22..1656460.22 rows=1 width=20) (actual time=4709.746..4709.746 rows=0 loops=1)
   ->  Sort  (cost=1531459.54..1556459.68 rows=10000054 width=20) (actual time=3477.528..4488.104 rows=10000000 loops=1)
         Sort Key: s_2.a, s_2.b, s_2.c
         Sort Method: external merge  Disk: 293904kB
         ->  Seq Scan on s_2  (cost=0.00..163695.54 rows=10000054 width=20) (actual time=0.032..647.487 rows=10000000 loops=1)
 Planning time: 0.286 ms
 Execution time: 4742.461 ms
(7 rows)

===== 18 [Wed Mar  7 13:47:30 CET 2018] scale:10000000 groups:10 work_mem:16MB incremental:off max_workers:0 =====
SELECT * FROM s_3 ORDER BY a, b, c, d
                                                          QUERY PLAN                                                           
-------------------------------------------------------------------------------------------------------------------------------
 Limit  (cost=1656460.22..1656460.22 rows=1 width=20) (actual time=5314.750..5314.750 rows=0 loops=1)
   ->  Sort  (cost=1531459.54..1556459.68 rows=10000054 width=20) (actual time=4099.857..5093.082 rows=10000000 loops=1)
         Sort Key: s_3.a, s_3.b, s_3.c, s_3.d
         Sort Method: external merge  Disk: 293904kB
         ->  Seq Scan on s_3  (cost=0.00..163695.54 rows=10000054 width=20) (actual time=0.035..655.866 rows=10000000 loops=1)
 Planning time: 0.291 ms
 Execution time: 5347.537 ms
(7 rows)

===== 19 [Wed Mar  7 13:47:58 CET 2018] scale:10000000 groups:10 work_mem:32MB incremental:on max_workers:0 =====
SELECT * FROM s_1 ORDER BY a, b
                                                          QUERY PLAN                                                           
-------------------------------------------------------------------------------------------------------------------------------
 Limit  (cost=1656460.22..1656460.22 rows=1 width=20) (actual time=4656.860..4656.860 rows=0 loops=1)
   ->  Sort  (cost=1531459.54..1556459.68 rows=10000054 width=20) (actual time=3429.553..4435.121 rows=10000000 loops=1)
         Sort Key: s_1.a, s_1.b
         Sort Method: external merge  Disk: 293576kB
         ->  Seq Scan on s_1  (cost=0.00..163695.54 rows=10000054 width=20) (actual time=0.029..648.042 rows=10000000 loops=1)
 Planning time: 0.281 ms
 Execution time: 4690.334 ms
(7 rows)

===== 20 [Wed Mar  7 13:48:22 CET 2018] scale:10000000 groups:10 work_mem:32MB incremental:on max_workers:0 =====
SELECT * FROM s_2 ORDER BY a, b, c
                                                                          QUERY PLAN                                                                           
---------------------------------------------------------------------------------------------------------------------------------------------------------------
 Limit  (cost=1440053.75..1440053.75 rows=1 width=20) (actual time=4116.196..4116.196 rows=0 loops=1)
   ->  Incremental Sort  (cost=9629.07..1340053.21 rows=10000054 width=20) (actual time=9.554..3897.556 rows=10000000 loops=1)
         Sort Key: s_2.a, s_2.b, s_2.c
         Presorted Key: s_2.a, s_2.b
         Sort Method: quicksort  Memory: 10936kB
         Sort Groups: 121
         ->  Index Only Scan using s_2_a_b_e_d_c_idx on s_2  (cost=0.56..348313.37 rows=10000054 width=20) (actual time=0.029..1294.435 rows=10000000 loops=1)
               Heap Fetches: 0
 Planning time: 0.294 ms
 Execution time: 4116.345 ms
(10 rows)

===== 21 [Wed Mar  7 13:48:43 CET 2018] scale:10000000 groups:10 work_mem:32MB incremental:on max_workers:0 =====
SELECT * FROM s_3 ORDER BY a, b, c, d
                                                                          QUERY PLAN                                                                           
---------------------------------------------------------------------------------------------------------------------------------------------------------------
 Limit  (cost=1267105.43..1267105.43 rows=1 width=20) (actual time=4317.958..4317.958 rows=0 loops=1)
   ->  Incremental Sort  (cost=745.92..1167104.89 rows=10000054 width=20) (actual time=0.607..4101.169 rows=10000000 loops=1)
         Sort Key: s_3.a, s_3.b, s_3.c, s_3.d
         Presorted Key: s_3.a, s_3.b, s_3.c
         Sort Method: quicksort  Memory: 1192kB
         Sort Groups: 1331
         ->  Index Only Scan using s_3_a_b_c_e_d_idx on s_3  (cost=0.56..348313.37 rows=10000054 width=20) (actual time=0.033..1273.845 rows=10000000 loops=1)
               Heap Fetches: 0
 Planning time: 0.300 ms
 Execution time: 4318.006 ms
(10 rows)

===== 22 [Wed Mar  7 13:49:05 CET 2018] scale:10000000 groups:10 work_mem:32MB incremental:off max_workers:0 =====
SELECT * FROM s_1 ORDER BY a, b
                                                          QUERY PLAN                                                           
-------------------------------------------------------------------------------------------------------------------------------
 Limit  (cost=1656460.22..1656460.22 rows=1 width=20) (actual time=4635.555..4635.555 rows=0 loops=1)
   ->  Sort  (cost=1531459.54..1556459.68 rows=10000054 width=20) (actual time=3412.866..4413.645 rows=10000000 loops=1)
         Sort Key: s_1.a, s_1.b
         Sort Method: external merge  Disk: 293576kB
         ->  Seq Scan on s_1  (cost=0.00..163695.54 rows=10000054 width=20) (actual time=0.030..647.581 rows=10000000 loops=1)
 Planning time: 0.277 ms
 Execution time: 4669.357 ms
(7 rows)

===== 23 [Wed Mar  7 13:49:29 CET 2018] scale:10000000 groups:10 work_mem:32MB incremental:off max_workers:0 =====
SELECT * FROM s_2 ORDER BY a, b, c
                                                          QUERY PLAN                                                           
-------------------------------------------------------------------------------------------------------------------------------
 Limit  (cost=1656460.22..1656460.22 rows=1 width=20) (actual time=4826.647..4826.647 rows=0 loops=1)
   ->  Sort  (cost=1531459.54..1556459.68 rows=10000054 width=20) (actual time=3642.568..4605.475 rows=10000000 loops=1)
         Sort Key: s_2.a, s_2.b, s_2.c
         Sort Method: external merge  Disk: 293576kB
         ->  Seq Scan on s_2  (cost=0.00..163695.54 rows=10000054 width=20) (actual time=0.032..644.827 rows=10000000 loops=1)
 Planning time: 0.287 ms
 Execution time: 4860.413 ms
(7 rows)

===== 24 [Wed Mar  7 13:49:54 CET 2018] scale:10000000 groups:10 work_mem:32MB incremental:off max_workers:0 =====
SELECT * FROM s_3 ORDER BY a, b, c, d
                                                          QUERY PLAN                                                           
-------------------------------------------------------------------------------------------------------------------------------
 Limit  (cost=1656460.22..1656460.22 rows=1 width=20) (actual time=5421.118..5421.118 rows=0 loops=1)
   ->  Sort  (cost=1531459.54..1556459.68 rows=10000054 width=20) (actual time=4250.711..5200.155 rows=10000000 loops=1)
         Sort Key: s_3.a, s_3.b, s_3.c, s_3.d
         Sort Method: external merge  Disk: 293576kB
         ->  Seq Scan on s_3  (cost=0.00..163695.54 rows=10000054 width=20) (actual time=0.035..655.335 rows=10000000 loops=1)
 Planning time: 0.281 ms
 Execution time: 5454.854 ms
(7 rows)

===== 25 [Wed Mar  7 13:50:22 CET 2018] scale:10000000 groups:10 work_mem:64MB incremental:on max_workers:0 =====
SELECT * FROM s_1 ORDER BY a, b
                                                                          QUERY PLAN                                                                           
---------------------------------------------------------------------------------------------------------------------------------------------------------------
 Limit  (cost=1613024.06..1613024.06 rows=1 width=20) (actual time=4942.290..4942.290 rows=0 loops=1)
   ->  Incremental Sort  (cost=121638.91..1513023.52 rows=10000054 width=20) (actual time=179.883..4720.700 rows=10000000 loops=1)
         Sort Key: s_1.a, s_1.b
         Presorted Key: s_1.a
         Sort Method: external merge  Disk: 29400kB
         Sort Groups: 11
         ->  Index Only Scan using s_1_a_e_d_c_b_idx on s_1  (cost=0.56..348313.37 rows=10000054 width=20) (actual time=0.070..1424.091 rows=10000000 loops=1)
               Heap Fetches: 0
 Planning time: 0.283 ms
 Execution time: 4945.128 ms
(10 rows)

===== 26 [Wed Mar  7 13:50:47 CET 2018] scale:10000000 groups:10 work_mem:64MB incremental:on max_workers:0 =====
SELECT * FROM s_2 ORDER BY a, b, c
                                                                          QUERY PLAN                                                                           
---------------------------------------------------------------------------------------------------------------------------------------------------------------
 Limit  (cost=1440053.75..1440053.75 rows=1 width=20) (actual time=4340.247..4340.247 rows=0 loops=1)
   ->  Incremental Sort  (cost=9629.07..1340053.21 rows=10000054 width=20) (actual time=10.180..4121.849 rows=10000000 loops=1)
         Sort Key: s_2.a, s_2.b, s_2.c
         Presorted Key: s_2.a, s_2.b
         Sort Method: quicksort  Memory: 10936kB
         Sort Groups: 121
         ->  Index Only Scan using s_2_a_b_e_d_c_idx on s_2  (cost=0.56..348313.37 rows=10000054 width=20) (actual time=0.058..1503.040 rows=10000000 loops=1)
               Heap Fetches: 0
 Planning time: 0.325 ms
 Execution time: 4340.385 ms
(10 rows)

===== 27 [Wed Mar  7 13:51:08 CET 2018] scale:10000000 groups:10 work_mem:64MB incremental:on max_workers:0 =====
SELECT * FROM s_3 ORDER BY a, b, c, d
                                                                          QUERY PLAN                                                                           
---------------------------------------------------------------------------------------------------------------------------------------------------------------
 Limit  (cost=1267105.43..1267105.43 rows=1 width=20) (actual time=4433.555..4433.555 rows=0 loops=1)
   ->  Incremental Sort  (cost=745.92..1167104.89 rows=10000054 width=20) (actual time=0.596..4216.605 rows=10000000 loops=1)
         Sort Key: s_3.a, s_3.b, s_3.c, s_3.d
         Presorted Key: s_3.a, s_3.b, s_3.c
         Sort Method: quicksort  Memory: 1192kB
         Sort Groups: 1331
         ->  Index Only Scan using s_3_a_b_c_e_d_idx on s_3  (cost=0.56..348313.37 rows=10000054 width=20) (actual time=0.037..1397.528 rows=10000000 loops=1)
               Heap Fetches: 0
 Planning time: 0.307 ms
 Execution time: 4433.602 ms
(10 rows)

===== 28 [Wed Mar  7 13:51:30 CET 2018] scale:10000000 groups:10 work_mem:64MB incremental:off max_workers:0 =====
SELECT * FROM s_1 ORDER BY a, b
                                                          QUERY PLAN                                                           
-------------------------------------------------------------------------------------------------------------------------------
 Limit  (cost=1656460.22..1656460.22 rows=1 width=20) (actual time=4738.014..4738.014 rows=0 loops=1)
   ->  Sort  (cost=1531459.54..1556459.68 rows=10000054 width=20) (actual time=3528.542..4515.850 rows=10000000 loops=1)
         Sort Key: s_1.a, s_1.b
         Sort Method: external merge  Disk: 293648kB
         ->  Seq Scan on s_1  (cost=0.00..163695.54 rows=10000054 width=20) (actual time=0.026..652.864 rows=10000000 loops=1)
 Planning time: 0.277 ms
 Execution time: 4773.039 ms
(7 rows)

===== 29 [Wed Mar  7 13:51:55 CET 2018] scale:10000000 groups:10 work_mem:64MB incremental:off max_workers:0 =====
SELECT * FROM s_2 ORDER BY a, b, c
                                                          QUERY PLAN                                                           
-------------------------------------------------------------------------------------------------------------------------------
 Limit  (cost=1656460.22..1656460.22 rows=1 width=20) (actual time=4997.508..4997.508 rows=0 loops=1)
   ->  Sort  (cost=1531459.54..1556459.68 rows=10000054 width=20) (actual time=3847.618..4777.216 rows=10000000 loops=1)
         Sort Key: s_2.a, s_2.b, s_2.c
         Sort Method: external merge  Disk: 293648kB
         ->  Seq Scan on s_2  (cost=0.00..163695.54 rows=10000054 width=20) (actual time=0.035..649.813 rows=10000000 loops=1)
 Planning time: 0.285 ms
 Execution time: 5032.913 ms
(7 rows)

===== 30 [Wed Mar  7 13:52:21 CET 2018] scale:10000000 groups:10 work_mem:64MB incremental:off max_workers:0 =====
SELECT * FROM s_3 ORDER BY a, b, c, d
                                                          QUERY PLAN                                                           
-------------------------------------------------------------------------------------------------------------------------------
 Limit  (cost=1656460.22..1656460.22 rows=1 width=20) (actual time=5595.594..5595.594 rows=0 loops=1)
   ->  Sort  (cost=1531459.54..1556459.68 rows=10000054 width=20) (actual time=4452.296..5375.399 rows=10000000 loops=1)
         Sort Key: s_3.a, s_3.b, s_3.c, s_3.d
         Sort Method: external merge  Disk: 293648kB
         ->  Seq Scan on s_3  (cost=0.00..163695.54 rows=10000054 width=20) (actual time=0.033..657.120 rows=10000000 loops=1)
 Planning time: 0.291 ms
 Execution time: 5631.043 ms
(7 rows)

===== 31 [Wed Mar  7 13:52:51 CET 2018] scale:10000000 groups:10 work_mem:128MB incremental:on max_workers:0 =====
SELECT * FROM s_1 ORDER BY a, b
                                                                          QUERY PLAN                                                                           
---------------------------------------------------------------------------------------------------------------------------------------------------------------
 Limit  (cost=1613024.06..1613024.06 rows=1 width=20) (actual time=4013.301..4013.301 rows=0 loops=1)
   ->  Incremental Sort  (cost=121638.91..1513023.52 rows=10000054 width=20) (actual time=168.356..3794.522 rows=10000000 loops=1)
         Sort Key: s_1.a, s_1.b
         Presorted Key: s_1.a
         Sort Method: quicksort  Memory: 102816kB
         Sort Groups: 11
         ->  Index Only Scan using s_1_a_e_d_c_b_idx on s_1  (cost=0.56..348313.37 rows=10000054 width=20) (actual time=0.034..1396.448 rows=10000000 loops=1)
               Heap Fetches: 0
 Planning time: 0.293 ms
 Execution time: 4014.414 ms
(10 rows)

===== 32 [Wed Mar  7 13:53:11 CET 2018] scale:10000000 groups:10 work_mem:128MB incremental:on max_workers:0 =====
SELECT * FROM s_2 ORDER BY a, b, c
                                                                          QUERY PLAN                                                                           
---------------------------------------------------------------------------------------------------------------------------------------------------------------
 Limit  (cost=1440053.75..1440053.75 rows=1 width=20) (actual time=4321.640..4321.640 rows=0 loops=1)
   ->  Incremental Sort  (cost=9629.07..1340053.21 rows=10000054 width=20) (actual time=10.192..4103.113 rows=10000000 loops=1)
         Sort Key: s_2.a, s_2.b, s_2.c
         Presorted Key: s_2.a, s_2.b
         Sort Method: quicksort  Memory: 10936kB
         Sort Groups: 121
         ->  Index Only Scan using s_2_a_b_e_d_c_idx on s_2  (cost=0.56..348313.37 rows=10000054 width=20) (actual time=0.068..1482.072 rows=10000000 loops=1)
               Heap Fetches: 0
 Planning time: 0.300 ms
 Execution time: 4321.774 ms
(10 rows)

===== 33 [Wed Mar  7 13:53:32 CET 2018] scale:10000000 groups:10 work_mem:128MB incremental:on max_workers:0 =====
SELECT * FROM s_3 ORDER BY a, b, c, d
                                                                          QUERY PLAN                                                                           
---------------------------------------------------------------------------------------------------------------------------------------------------------------
 Limit  (cost=1267105.43..1267105.43 rows=1 width=20) (actual time=4500.491..4500.491 rows=0 loops=1)
   ->  Incremental Sort  (cost=745.92..1167104.89 rows=10000054 width=20) (actual time=0.657..4283.402 rows=10000000 loops=1)
         Sort Key: s_3.a, s_3.b, s_3.c, s_3.d
         Presorted Key: s_3.a, s_3.b, s_3.c
         Sort Method: quicksort  Memory: 1192kB
         Sort Groups: 1331
         ->  Index Only Scan using s_3_a_b_c_e_d_idx on s_3  (cost=0.56..348313.37 rows=10000054 width=20) (actual time=0.062..1465.424 rows=10000000 loops=1)
               Heap Fetches: 0
 Planning time: 0.300 ms
 Execution time: 4500.537 ms
(10 rows)

===== 34 [Wed Mar  7 13:53:53 CET 2018] scale:10000000 groups:10 work_mem:128MB incremental:off max_workers:0 =====
SELECT * FROM s_1 ORDER BY a, b
                                                          QUERY PLAN                                                           
-------------------------------------------------------------------------------------------------------------------------------
 Limit  (cost=1656460.22..1656460.22 rows=1 width=20) (actual time=4791.974..4791.974 rows=0 loops=1)
   ->  Sort  (cost=1531459.54..1556459.68 rows=10000054 width=20) (actual time=3668.095..4572.479 rows=10000000 loops=1)
         Sort Key: s_1.a, s_1.b
         Sort Method: external merge  Disk: 293568kB
         ->  Seq Scan on s_1  (cost=0.00..163695.54 rows=10000054 width=20) (actual time=0.020..658.141 rows=10000000 loops=1)
 Planning time: 0.286 ms
 Execution time: 4829.607 ms
(7 rows)

===== 35 [Wed Mar  7 13:54:18 CET 2018] scale:10000000 groups:10 work_mem:128MB incremental:off max_workers:0 =====
SELECT * FROM s_2 ORDER BY a, b, c
                                                          QUERY PLAN                                                           
-------------------------------------------------------------------------------------------------------------------------------
 Limit  (cost=1656460.22..1656460.22 rows=1 width=20) (actual time=5156.991..5156.991 rows=0 loops=1)
   ->  Sort  (cost=1531459.54..1556459.68 rows=10000054 width=20) (actual time=4067.909..4937.837 rows=10000000 loops=1)
         Sort Key: s_2.a, s_2.b, s_2.c
         Sort Method: external merge  Disk: 293568kB
         ->  Seq Scan on s_2  (cost=0.00..163695.54 rows=10000054 width=20) (actual time=0.033..652.640 rows=10000000 loops=1)
 Planning time: 0.284 ms
 Execution time: 5194.556 ms
(7 rows)

===== 36 [Wed Mar  7 13:54:45 CET 2018] scale:10000000 groups:10 work_mem:128MB incremental:off max_workers:0 =====
SELECT * FROM s_3 ORDER BY a, b, c, d
                                                          QUERY PLAN                                                           
-------------------------------------------------------------------------------------------------------------------------------
 Limit  (cost=1656460.22..1656460.22 rows=1 width=20) (actual time=5752.493..5752.493 rows=0 loops=1)
   ->  Sort  (cost=1531459.54..1556459.68 rows=10000054 width=20) (actual time=4663.374..5533.646 rows=10000000 loops=1)
         Sort Key: s_3.a, s_3.b, s_3.c, s_3.d
         Sort Method: external merge  Disk: 293568kB
         ->  Seq Scan on s_3  (cost=0.00..163695.54 rows=10000054 width=20) (actual time=0.035..663.159 rows=10000000 loops=1)
 Planning time: 0.279 ms
 Execution time: 5789.955 ms
(7 rows)

===== 37 [Wed Mar  7 13:55:16 CET 2018] scale:10000000 groups:10 work_mem:256MB incremental:on max_workers:0 =====
SELECT * FROM s_1 ORDER BY a, b
                                                                          QUERY PLAN                                                                           
---------------------------------------------------------------------------------------------------------------------------------------------------------------
 Limit  (cost=1613024.06..1613024.06 rows=1 width=20) (actual time=4017.159..4017.159 rows=0 loops=1)
   ->  Incremental Sort  (cost=121638.91..1513023.52 rows=10000054 width=20) (actual time=168.787..3798.575 rows=10000000 loops=1)
         Sort Key: s_1.a, s_1.b
         Presorted Key: s_1.a
         Sort Method: quicksort  Memory: 102816kB
         Sort Groups: 11
         ->  Index Only Scan using s_1_a_e_d_c_b_idx on s_1  (cost=0.56..348313.37 rows=10000054 width=20) (actual time=0.047..1396.930 rows=10000000 loops=1)
               Heap Fetches: 0
 Planning time: 0.297 ms
 Execution time: 4018.274 ms
(10 rows)

===== 38 [Wed Mar  7 13:55:36 CET 2018] scale:10000000 groups:10 work_mem:256MB incremental:on max_workers:0 =====
SELECT * FROM s_2 ORDER BY a, b, c
                                                                          QUERY PLAN                                                                           
---------------------------------------------------------------------------------------------------------------------------------------------------------------
 Limit  (cost=1440053.75..1440053.75 rows=1 width=20) (actual time=4249.482..4249.482 rows=0 loops=1)
   ->  Incremental Sort  (cost=9629.07..1340053.21 rows=10000054 width=20) (actual time=10.194..4031.024 rows=10000000 loops=1)
         Sort Key: s_2.a, s_2.b, s_2.c
         Presorted Key: s_2.a, s_2.b
         Sort Method: quicksort  Memory: 10936kB
         Sort Groups: 121
         ->  Index Only Scan using s_2_a_b_e_d_c_idx on s_2  (cost=0.56..348313.37 rows=10000054 width=20) (actual time=0.063..1415.591 rows=10000000 loops=1)
               Heap Fetches: 0
 Planning time: 0.301 ms
 Execution time: 4249.625 ms
(10 rows)

===== 39 [Wed Mar  7 13:55:57 CET 2018] scale:10000000 groups:10 work_mem:256MB incremental:on max_workers:0 =====
SELECT * FROM s_3 ORDER BY a, b, c, d
                                                                          QUERY PLAN                                                                           
---------------------------------------------------------------------------------------------------------------------------------------------------------------
 Limit  (cost=1267105.43..1267105.43 rows=1 width=20) (actual time=4441.965..4441.965 rows=0 loops=1)
   ->  Incremental Sort  (cost=745.92..1167104.89 rows=10000054 width=20) (actual time=0.595..4225.023 rows=10000000 loops=1)
         Sort Key: s_3.a, s_3.b, s_3.c, s_3.d
         Presorted Key: s_3.a, s_3.b, s_3.c
         Sort Method: quicksort  Memory: 1192kB
         Sort Groups: 1331
         ->  Index Only Scan using s_3_a_b_c_e_d_idx on s_3  (cost=0.56..348313.37 rows=10000054 width=20) (actual time=0.040..1404.809 rows=10000000 loops=1)
               Heap Fetches: 0
 Planning time: 0.304 ms
 Execution time: 4442.012 ms
(10 rows)

===== 40 [Wed Mar  7 13:56:19 CET 2018] scale:10000000 groups:10 work_mem:256MB incremental:off max_workers:0 =====
SELECT * FROM s_1 ORDER BY a, b
                                                          QUERY PLAN                                                           
-------------------------------------------------------------------------------------------------------------------------------
 Limit  (cost=1656460.22..1656460.22 rows=1 width=20) (actual time=4869.569..4869.569 rows=0 loops=1)
   ->  Sort  (cost=1531459.54..1556459.68 rows=10000054 width=20) (actual time=3865.761..4651.149 rows=10000000 loops=1)
         Sort Key: s_1.a, s_1.b
         Sort Method: external merge  Disk: 293552kB
         ->  Seq Scan on s_1  (cost=0.00..163695.54 rows=10000054 width=20) (actual time=0.029..665.986 rows=10000000 loops=1)
 Planning time: 0.271 ms
 Execution time: 4909.590 ms
(7 rows)

===== 41 [Wed Mar  7 13:56:44 CET 2018] scale:10000000 groups:10 work_mem:256MB incremental:off max_workers:0 =====
SELECT * FROM s_2 ORDER BY a, b, c
                                                          QUERY PLAN                                                           
-------------------------------------------------------------------------------------------------------------------------------
 Limit  (cost=1656460.22..1656460.22 rows=1 width=20) (actual time=5321.424..5321.424 rows=0 loops=1)
   ->  Sort  (cost=1531459.54..1556459.68 rows=10000054 width=20) (actual time=4343.899..5103.257 rows=10000000 loops=1)
         Sort Key: s_2.a, s_2.b, s_2.c
         Sort Method: external merge  Disk: 293552kB
         ->  Seq Scan on s_2  (cost=0.00..163695.54 rows=10000054 width=20) (actual time=0.032..663.500 rows=10000000 loops=1)
 Planning time: 0.286 ms
 Execution time: 5361.756 ms
(7 rows)

===== 42 [Wed Mar  7 13:57:12 CET 2018] scale:10000000 groups:10 work_mem:256MB incremental:off max_workers:0 =====
SELECT * FROM s_3 ORDER BY a, b, c, d
                                                          QUERY PLAN                                                           
-------------------------------------------------------------------------------------------------------------------------------
 Limit  (cost=1656460.22..1656460.22 rows=1 width=20) (actual time=5889.045..5889.045 rows=0 loops=1)
   ->  Sort  (cost=1531459.54..1556459.68 rows=10000054 width=20) (actual time=4910.097..5670.891 rows=10000000 loops=1)
         Sort Key: s_3.a, s_3.b, s_3.c, s_3.d
         Sort Method: external merge  Disk: 293552kB
         ->  Seq Scan on s_3  (cost=0.00..163695.54 rows=10000054 width=20) (actual time=0.034..671.892 rows=10000000 loops=1)
 Planning time: 0.287 ms
 Execution time: 5929.091 ms
(7 rows)

===== 43 [Wed Mar  7 13:57:43 CET 2018] scale:10000000 groups:10 work_mem:4MB incremental:on max_workers:2 =====
SELECT * FROM s_1 ORDER BY a, b
                                                                          QUERY PLAN                                                                           
---------------------------------------------------------------------------------------------------------------------------------------------------------------
 Limit  (cost=1801446.80..1801446.80 rows=1 width=20) (actual time=5275.782..5275.782 rows=0 loops=1)
   ->  Incremental Sort  (cost=140283.41..1718113.02 rows=10000054 width=20) (actual time=180.203..5053.578 rows=10000000 loops=1)
         Sort Key: s_1.a, s_1.b
         Presorted Key: s_1.a
         Sort Method: external merge  Disk: 29408kB
         Sort Groups: 11
         ->  Index Only Scan using s_1_a_e_d_c_b_idx on s_1  (cost=0.56..348313.37 rows=10000054 width=20) (actual time=0.064..1453.974 rows=10000000 loops=1)
               Heap Fetches: 0
 Planning time: 0.284 ms
 Execution time: 5277.843 ms
(10 rows)

===== 44 [Wed Mar  7 13:58:10 CET 2018] scale:10000000 groups:10 work_mem:4MB incremental:on max_workers:2 =====
SELECT * FROM s_2 ORDER BY a, b, c
                                                                          QUERY PLAN                                                                           
---------------------------------------------------------------------------------------------------------------------------------------------------------------
 Limit  (cost=1440053.75..1440053.75 rows=1 width=20) (actual time=5380.184..5380.184 rows=0 loops=1)
   ->  Incremental Sort  (cost=9629.07..1340053.21 rows=10000054 width=20) (actual time=9.566..5157.596 rows=10000000 loops=1)
         Sort Key: s_2.a, s_2.b, s_2.c
         Presorted Key: s_2.a, s_2.b
         Sort Method: external merge  Disk: 2960kB
         Sort Groups: 121
         ->  Index Only Scan using s_2_a_b_e_d_c_idx on s_2  (cost=0.56..348313.37 rows=10000054 width=20) (actual time=0.035..1338.911 rows=10000000 loops=1)
               Heap Fetches: 0
 Planning time: 0.322 ms
 Execution time: 5380.209 ms
(10 rows)

===== 45 [Wed Mar  7 13:58:38 CET 2018] scale:10000000 groups:10 work_mem:4MB incremental:on max_workers:2 =====
SELECT * FROM s_3 ORDER BY a, b, c, d
                                                                          QUERY PLAN                                                                           
---------------------------------------------------------------------------------------------------------------------------------------------------------------
 Limit  (cost=1267105.43..1267105.43 rows=1 width=20) (actual time=4451.589..4451.589 rows=0 loops=1)
   ->  Incremental Sort  (cost=745.92..1167104.89 rows=10000054 width=20) (actual time=0.656..4235.056 rows=10000000 loops=1)
         Sort Key: s_3.a, s_3.b, s_3.c, s_3.d
         Presorted Key: s_3.a, s_3.b, s_3.c
         Sort Method: quicksort  Memory: 1192kB
         Sort Groups: 1331
         ->  Index Only Scan using s_3_a_b_c_e_d_idx on s_3  (cost=0.56..348313.37 rows=10000054 width=20) (actual time=0.061..1443.560 rows=10000000 loops=1)
               Heap Fetches: 0
 Planning time: 0.307 ms
 Execution time: 4451.633 ms
(10 rows)

===== 46 [Wed Mar  7 13:59:00 CET 2018] scale:10000000 groups:10 work_mem:4MB incremental:off max_workers:2 =====
SELECT * FROM s_1 ORDER BY a, b
                                                                 QUERY PLAN                                                                 
--------------------------------------------------------------------------------------------------------------------------------------------
 Limit  (cost=1791033.26..1791033.26 rows=1 width=20) (actual time=3859.247..3859.247 rows=0 loops=1)
   ->  Gather Merge  (cost=735404.16..1707699.48 rows=8333378 width=20) (actual time=1526.485..3623.887 rows=10000000 loops=1)
         Workers Planned: 2
         Workers Launched: 2
         ->  Sort  (cost=734404.14..744820.86 rows=4166689 width=20) (actual time=1519.679..1858.979 rows=3333333 loops=3)
               Sort Key: s_1.a, s_1.b
               Sort Method: external merge  Disk: 98704kB
               Worker 0:  Sort Method: external merge  Disk: 97368kB
               Worker 1:  Sort Method: external merge  Disk: 97536kB
               ->  Parallel Seq Scan on s_1  (cost=0.00..105361.89 rows=4166689 width=20) (actual time=0.015..238.050 rows=3333333 loops=3)
 Planning time: 0.292 ms
 Execution time: 3883.006 ms
(12 rows)

===== 47 [Wed Mar  7 13:59:20 CET 2018] scale:10000000 groups:10 work_mem:4MB incremental:off max_workers:2 =====
SELECT * FROM s_2 ORDER BY a, b, c
                                                                 QUERY PLAN                                                                 
--------------------------------------------------------------------------------------------------------------------------------------------
 Limit  (cost=1791033.26..1791033.26 rows=1 width=20) (actual time=3829.306..3829.306 rows=0 loops=1)
   ->  Gather Merge  (cost=735404.16..1707699.48 rows=8333378 width=20) (actual time=1565.771..3594.762 rows=10000000 loops=1)
         Workers Planned: 2
         Workers Launched: 2
         ->  Sort  (cost=734404.14..744820.86 rows=4166689 width=20) (actual time=1563.359..1900.446 rows=3333333 loops=3)
               Sort Key: s_2.a, s_2.b, s_2.c
               Sort Method: external merge  Disk: 97968kB
               Worker 0:  Sort Method: external merge  Disk: 97888kB
               Worker 1:  Sort Method: external merge  Disk: 97744kB
               ->  Parallel Seq Scan on s_2  (cost=0.00..105361.89 rows=4166689 width=20) (actual time=0.023..238.097 rows=3333333 loops=3)
 Planning time: 0.302 ms
 Execution time: 3853.094 ms
(12 rows)

===== 48 [Wed Mar  7 13:59:39 CET 2018] scale:10000000 groups:10 work_mem:4MB incremental:off max_workers:2 =====
SELECT * FROM s_3 ORDER BY a, b, c, d
                                                                 QUERY PLAN                                                                 
--------------------------------------------------------------------------------------------------------------------------------------------
 Limit  (cost=1791033.26..1791033.26 rows=1 width=20) (actual time=4114.299..4114.299 rows=0 loops=1)
   ->  Gather Merge  (cost=735404.16..1707699.48 rows=8333378 width=20) (actual time=1713.652..3891.544 rows=10000000 loops=1)
         Workers Planned: 2
         Workers Launched: 2
         ->  Sort  (cost=734404.14..744820.86 rows=4166689 width=20) (actual time=1706.711..2043.692 rows=3333333 loops=3)
               Sort Key: s_3.a, s_3.b, s_3.c, s_3.d
               Sort Method: external merge  Disk: 98800kB
               Worker 0:  Sort Method: external merge  Disk: 97744kB
               Worker 1:  Sort Method: external merge  Disk: 97064kB
               ->  Parallel Seq Scan on s_3  (cost=0.00..105361.89 rows=4166689 width=20) (actual time=0.028..235.419 rows=3333333 loops=3)
 Planning time: 0.294 ms
 Execution time: 4137.667 ms
(12 rows)

===== 49 [Wed Mar  7 14:00:00 CET 2018] scale:10000000 groups:10 work_mem:8MB incremental:on max_workers:2 =====
SELECT * FROM s_1 ORDER BY a, b
                                                                 QUERY PLAN                                                                 
--------------------------------------------------------------------------------------------------------------------------------------------
 Limit  (cost=1705580.76..1705580.76 rows=1 width=20) (actual time=3818.795..3818.795 rows=0 loops=1)
   ->  Gather Merge  (cost=649951.66..1622246.98 rows=8333378 width=20) (actual time=1352.591..3579.227 rows=10000000 loops=1)
         Workers Planned: 2
         Workers Launched: 2
         ->  Sort  (cost=648951.64..659368.36 rows=4166689 width=20) (actual time=1350.934..1716.261 rows=3333333 loops=3)
               Sort Key: s_1.a, s_1.b
               Sort Method: external merge  Disk: 97920kB
               Worker 0:  Sort Method: external merge  Disk: 97816kB
               Worker 1:  Sort Method: external merge  Disk: 97880kB
               ->  Parallel Seq Scan on s_1  (cost=0.00..105361.89 rows=4166689 width=20) (actual time=0.024..236.494 rows=3333333 loops=3)
 Planning time: 0.297 ms
 Execution time: 3842.963 ms
(12 rows)

===== 50 [Wed Mar  7 14:00:20 CET 2018] scale:10000000 groups:10 work_mem:8MB incremental:on max_workers:2 =====
SELECT * FROM s_2 ORDER BY a, b, c
                                                                          QUERY PLAN                                                                           
---------------------------------------------------------------------------------------------------------------------------------------------------------------
 Limit  (cost=1440053.75..1440053.75 rows=1 width=20) (actual time=5075.288..5075.288 rows=0 loops=1)
   ->  Incremental Sort  (cost=9629.07..1340053.21 rows=10000054 width=20) (actual time=9.559..4853.719 rows=10000000 loops=1)
         Sort Key: s_2.a, s_2.b, s_2.c
         Presorted Key: s_2.a, s_2.b
         Sort Method: external merge  Disk: 2960kB
         Sort Groups: 121
         ->  Index Only Scan using s_2_a_b_e_d_c_idx on s_2  (cost=0.56..348313.37 rows=10000054 width=20) (actual time=0.039..1286.840 rows=10000000 loops=1)
               Heap Fetches: 0
 Planning time: 0.294 ms
 Execution time: 5075.312 ms
(10 rows)

===== 51 [Wed Mar  7 14:00:46 CET 2018] scale:10000000 groups:10 work_mem:8MB incremental:on max_workers:2 =====
SELECT * FROM s_3 ORDER BY a, b, c, d
                                                                          QUERY PLAN                                                                           
---------------------------------------------------------------------------------------------------------------------------------------------------------------
 Limit  (cost=1267105.43..1267105.43 rows=1 width=20) (actual time=4265.641..4265.641 rows=0 loops=1)
   ->  Incremental Sort  (cost=745.92..1167104.89 rows=10000054 width=20) (actual time=0.596..4049.268 rows=10000000 loops=1)
         Sort Key: s_3.a, s_3.b, s_3.c, s_3.d
         Presorted Key: s_3.a, s_3.b, s_3.c
         Sort Method: quicksort  Memory: 1192kB
         Sort Groups: 1331
         ->  Index Only Scan using s_3_a_b_c_e_d_idx on s_3  (cost=0.56..348313.37 rows=10000054 width=20) (actual time=0.029..1282.243 rows=10000000 loops=1)
               Heap Fetches: 0
 Planning time: 0.309 ms
 Execution time: 4265.686 ms
(10 rows)

===== 52 [Wed Mar  7 14:01:08 CET 2018] scale:10000000 groups:10 work_mem:8MB incremental:off max_workers:2 =====
SELECT * FROM s_1 ORDER BY a, b
                                                                 QUERY PLAN                                                                 
--------------------------------------------------------------------------------------------------------------------------------------------
 Limit  (cost=1705580.76..1705580.76 rows=1 width=20) (actual time=3804.748..3804.748 rows=0 loops=1)
   ->  Gather Merge  (cost=649951.66..1622246.98 rows=8333378 width=20) (actual time=1351.066..3569.008 rows=10000000 loops=1)
         Workers Planned: 2
         Workers Launched: 2
         ->  Sort  (cost=648951.64..659368.36 rows=4166689 width=20) (actual time=1349.145..1713.501 rows=3333333 loops=3)
               Sort Key: s_1.a, s_1.b
               Sort Method: external merge  Disk: 97912kB
               Worker 0:  Sort Method: external merge  Disk: 97864kB
               Worker 1:  Sort Method: external merge  Disk: 97840kB
               ->  Parallel Seq Scan on s_1  (cost=0.00..105361.89 rows=4166689 width=20) (actual time=0.022..234.821 rows=3333333 loops=3)
 Planning time: 0.287 ms
 Execution time: 3828.867 ms
(12 rows)

===== 53 [Wed Mar  7 14:01:27 CET 2018] scale:10000000 groups:10 work_mem:8MB incremental:off max_workers:2 =====
SELECT * FROM s_2 ORDER BY a, b, c
                                                                 QUERY PLAN                                                                 
--------------------------------------------------------------------------------------------------------------------------------------------
 Limit  (cost=1705580.76..1705580.76 rows=1 width=20) (actual time=3670.712..3670.712 rows=0 loops=1)
   ->  Gather Merge  (cost=649951.66..1622246.98 rows=8333378 width=20) (actual time=1387.054..3436.031 rows=10000000 loops=1)
         Workers Planned: 2
         Workers Launched: 2
         ->  Sort  (cost=648951.64..659368.36 rows=4166689 width=20) (actual time=1385.424..1743.886 rows=3333333 loops=3)
               Sort Key: s_2.a, s_2.b, s_2.c
               Sort Method: external merge  Disk: 97904kB
               Worker 0:  Sort Method: external merge  Disk: 97816kB
               Worker 1:  Sort Method: external merge  Disk: 97896kB
               ->  Parallel Seq Scan on s_2  (cost=0.00..105361.89 rows=4166689 width=20) (actual time=0.026..235.515 rows=3333333 loops=3)
 Planning time: 0.307 ms
 Execution time: 3694.874 ms
(12 rows)

===== 54 [Wed Mar  7 14:01:46 CET 2018] scale:10000000 groups:10 work_mem:8MB incremental:off max_workers:2 =====
SELECT * FROM s_3 ORDER BY a, b, c, d
                                                                 QUERY PLAN                                                                 
--------------------------------------------------------------------------------------------------------------------------------------------
 Limit  (cost=1705580.76..1705580.76 rows=1 width=20) (actual time=3927.475..3927.475 rows=0 loops=1)
   ->  Gather Merge  (cost=649951.66..1622246.98 rows=8333378 width=20) (actual time=1516.133..3704.561 rows=10000000 loops=1)
         Workers Planned: 2
         Workers Launched: 2
         ->  Sort  (cost=648951.64..659368.36 rows=4166689 width=20) (actual time=1512.808..1874.973 rows=3333333 loops=3)
               Sort Key: s_3.a, s_3.b, s_3.c, s_3.d
               Sort Method: external merge  Disk: 98928kB
               Worker 0:  Sort Method: external merge  Disk: 96888kB
               Worker 1:  Sort Method: external merge  Disk: 97792kB
               ->  Parallel Seq Scan on s_3  (cost=0.00..105361.89 rows=4166689 width=20) (actual time=0.026..235.387 rows=3333333 loops=3)
 Planning time: 0.290 ms
 Execution time: 3946.854 ms
(12 rows)

===== 55 [Wed Mar  7 14:02:06 CET 2018] scale:10000000 groups:10 work_mem:16MB incremental:on max_workers:2 =====
SELECT * FROM s_1 ORDER BY a, b
                                                          QUERY PLAN                                                           
-------------------------------------------------------------------------------------------------------------------------------
 Limit  (cost=1656460.22..1656460.22 rows=1 width=20) (actual time=4539.282..4539.282 rows=0 loops=1)
   ->  Sort  (cost=1531459.54..1556459.68 rows=10000054 width=20) (actual time=3307.055..4317.666 rows=10000000 loops=1)
         Sort Key: s_1.a, s_1.b
         Sort Method: external merge  Disk: 293904kB
         ->  Seq Scan on s_1  (cost=0.00..163695.54 rows=10000054 width=20) (actual time=0.026..644.089 rows=10000000 loops=1)
 Planning time: 0.283 ms
 Execution time: 4573.615 ms
(7 rows)

===== 56 [Wed Mar  7 14:02:29 CET 2018] scale:10000000 groups:10 work_mem:16MB incremental:on max_workers:2 =====
SELECT * FROM s_2 ORDER BY a, b, c
                                                                          QUERY PLAN                                                                           
---------------------------------------------------------------------------------------------------------------------------------------------------------------
 Limit  (cost=1440053.75..1440053.75 rows=1 width=20) (actual time=4115.488..4115.488 rows=0 loops=1)
   ->  Incremental Sort  (cost=9629.07..1340053.21 rows=10000054 width=20) (actual time=9.563..3896.951 rows=10000000 loops=1)
         Sort Key: s_2.a, s_2.b, s_2.c
         Presorted Key: s_2.a, s_2.b
         Sort Method: quicksort  Memory: 10936kB
         Sort Groups: 121
         ->  Index Only Scan using s_2_a_b_e_d_c_idx on s_2  (cost=0.56..348313.37 rows=10000054 width=20) (actual time=0.038..1294.866 rows=10000000 loops=1)
               Heap Fetches: 0
 Planning time: 0.291 ms
 Execution time: 4115.630 ms
(10 rows)

===== 57 [Wed Mar  7 14:02:50 CET 2018] scale:10000000 groups:10 work_mem:16MB incremental:on max_workers:2 =====
SELECT * FROM s_3 ORDER BY a, b, c, d
                                                                          QUERY PLAN                                                                           
---------------------------------------------------------------------------------------------------------------------------------------------------------------
 Limit  (cost=1267105.43..1267105.43 rows=1 width=20) (actual time=4265.061..4265.061 rows=0 loops=1)
   ->  Incremental Sort  (cost=745.92..1167104.89 rows=10000054 width=20) (actual time=0.598..4048.677 rows=10000000 loops=1)
         Sort Key: s_3.a, s_3.b, s_3.c, s_3.d
         Presorted Key: s_3.a, s_3.b, s_3.c
         Sort Method: quicksort  Memory: 1192kB
         Sort Groups: 1331
         ->  Index Only Scan using s_3_a_b_c_e_d_idx on s_3  (cost=0.56..348313.37 rows=10000054 width=20) (actual time=0.030..1282.619 rows=10000000 loops=1)
               Heap Fetches: 0
 Planning time: 0.306 ms
 Execution time: 4265.109 ms
(10 rows)

===== 58 [Wed Mar  7 14:03:12 CET 2018] scale:10000000 groups:10 work_mem:16MB incremental:off max_workers:2 =====
SELECT * FROM s_1 ORDER BY a, b
                                                          QUERY PLAN                                                           
-------------------------------------------------------------------------------------------------------------------------------
 Limit  (cost=1656460.22..1656460.22 rows=1 width=20) (actual time=4529.529..4529.529 rows=0 loops=1)
   ->  Sort  (cost=1531459.54..1556459.68 rows=10000054 width=20) (actual time=3297.228..4308.064 rows=10000000 loops=1)
         Sort Key: s_1.a, s_1.b
         Sort Method: external merge  Disk: 293904kB
         ->  Seq Scan on s_1  (cost=0.00..163695.54 rows=10000054 width=20) (actual time=0.027..646.162 rows=10000000 loops=1)
 Planning time: 0.281 ms
 Execution time: 4563.844 ms
(7 rows)

===== 59 [Wed Mar  7 14:03:35 CET 2018] scale:10000000 groups:10 work_mem:16MB incremental:off max_workers:2 =====
SELECT * FROM s_2 ORDER BY a, b, c
                                                          QUERY PLAN                                                           
-------------------------------------------------------------------------------------------------------------------------------
 Limit  (cost=1656460.22..1656460.22 rows=1 width=20) (actual time=4705.667..4705.667 rows=0 loops=1)
   ->  Sort  (cost=1531459.54..1556459.68 rows=10000054 width=20) (actual time=3471.921..4484.000 rows=10000000 loops=1)
         Sort Key: s_2.a, s_2.b, s_2.c
         Sort Method: external merge  Disk: 293904kB
         ->  Seq Scan on s_2  (cost=0.00..163695.54 rows=10000054 width=20) (actual time=0.035..644.712 rows=10000000 loops=1)
 Planning time: 0.292 ms
 Execution time: 4739.994 ms
(7 rows)

===== 60 [Wed Mar  7 14:03:59 CET 2018] scale:10000000 groups:10 work_mem:16MB incremental:off max_workers:2 =====
SELECT * FROM s_3 ORDER BY a, b, c, d
                                                          QUERY PLAN                                                           
-------------------------------------------------------------------------------------------------------------------------------
 Limit  (cost=1656460.22..1656460.22 rows=1 width=20) (actual time=5319.439..5319.439 rows=0 loops=1)
   ->  Sort  (cost=1531459.54..1556459.68 rows=10000054 width=20) (actual time=4102.881..5097.749 rows=10000000 loops=1)
         Sort Key: s_3.a, s_3.b, s_3.c, s_3.d
         Sort Method: external merge  Disk: 293904kB
         ->  Seq Scan on s_3  (cost=0.00..163695.54 rows=10000054 width=20) (actual time=0.035..654.089 rows=10000000 loops=1)
 Planning time: 0.282 ms
 Execution time: 5353.796 ms
(7 rows)

===== 61 [Wed Mar  7 14:04:27 CET 2018] scale:10000000 groups:10 work_mem:32MB incremental:on max_workers:2 =====
SELECT * FROM s_1 ORDER BY a, b
                                                          QUERY PLAN                                                           
-------------------------------------------------------------------------------------------------------------------------------
 Limit  (cost=1656460.22..1656460.22 rows=1 width=20) (actual time=4646.267..4646.267 rows=0 loops=1)
   ->  Sort  (cost=1531459.54..1556459.68 rows=10000054 width=20) (actual time=3418.115..4424.660 rows=10000000 loops=1)
         Sort Key: s_1.a, s_1.b
         Sort Method: external merge  Disk: 293576kB
         ->  Seq Scan on s_1  (cost=0.00..163695.54 rows=10000054 width=20) (actual time=0.026..644.574 rows=10000000 loops=1)
 Planning time: 0.283 ms
 Execution time: 4681.271 ms
(7 rows)

===== 62 [Wed Mar  7 14:04:51 CET 2018] scale:10000000 groups:10 work_mem:32MB incremental:on max_workers:2 =====
SELECT * FROM s_2 ORDER BY a, b, c
                                                                          QUERY PLAN                                                                           
---------------------------------------------------------------------------------------------------------------------------------------------------------------
 Limit  (cost=1440053.75..1440053.75 rows=1 width=20) (actual time=4114.972..4114.972 rows=0 loops=1)
   ->  Incremental Sort  (cost=9629.07..1340053.21 rows=10000054 width=20) (actual time=9.564..3896.383 rows=10000000 loops=1)
         Sort Key: s_2.a, s_2.b, s_2.c
         Presorted Key: s_2.a, s_2.b
         Sort Method: quicksort  Memory: 10936kB
         Sort Groups: 121
         ->  Index Only Scan using s_2_a_b_e_d_c_idx on s_2  (cost=0.56..348313.37 rows=10000054 width=20) (actual time=0.041..1294.256 rows=10000000 loops=1)
               Heap Fetches: 0
 Planning time: 0.297 ms
 Execution time: 4115.112 ms
(10 rows)

===== 63 [Wed Mar  7 14:05:12 CET 2018] scale:10000000 groups:10 work_mem:32MB incremental:on max_workers:2 =====
SELECT * FROM s_3 ORDER BY a, b, c, d
                                                                          QUERY PLAN                                                                           
---------------------------------------------------------------------------------------------------------------------------------------------------------------
 Limit  (cost=1267105.43..1267105.43 rows=1 width=20) (actual time=4264.540..4264.540 rows=0 loops=1)
   ->  Incremental Sort  (cost=745.92..1167104.89 rows=10000054 width=20) (actual time=0.599..4048.109 rows=10000000 loops=1)
         Sort Key: s_3.a, s_3.b, s_3.c, s_3.d
         Presorted Key: s_3.a, s_3.b, s_3.c
         Sort Method: quicksort  Memory: 1192kB
         Sort Groups: 1331
         ->  Index Only Scan using s_3_a_b_c_e_d_idx on s_3  (cost=0.56..348313.37 rows=10000054 width=20) (actual time=0.030..1282.407 rows=10000000 loops=1)
               Heap Fetches: 0
 Planning time: 0.312 ms
 Execution time: 4264.588 ms
(10 rows)

===== 64 [Wed Mar  7 14:05:33 CET 2018] scale:10000000 groups:10 work_mem:32MB incremental:off max_workers:2 =====
SELECT * FROM s_1 ORDER BY a, b
                                                          QUERY PLAN                                                           
-------------------------------------------------------------------------------------------------------------------------------
 Limit  (cost=1656460.22..1656460.22 rows=1 width=20) (actual time=4635.685..4635.685 rows=0 loops=1)
   ->  Sort  (cost=1531459.54..1556459.68 rows=10000054 width=20) (actual time=3411.282..4413.781 rows=10000000 loops=1)
         Sort Key: s_1.a, s_1.b
         Sort Method: external merge  Disk: 293576kB
         ->  Seq Scan on s_1  (cost=0.00..163695.54 rows=10000054 width=20) (actual time=0.034..643.887 rows=10000000 loops=1)
 Planning time: 0.286 ms
 Execution time: 4670.593 ms
(7 rows)

===== 65 [Wed Mar  7 14:05:57 CET 2018] scale:10000000 groups:10 work_mem:32MB incremental:off max_workers:2 =====
SELECT * FROM s_2 ORDER BY a, b, c
                                                          QUERY PLAN                                                           
-------------------------------------------------------------------------------------------------------------------------------
 Limit  (cost=1656460.22..1656460.22 rows=1 width=20) (actual time=4828.768..4828.768 rows=0 loops=1)
   ->  Sort  (cost=1531459.54..1556459.68 rows=10000054 width=20) (actual time=3643.307..4607.618 rows=10000000 loops=1)
         Sort Key: s_2.a, s_2.b, s_2.c
         Sort Method: external merge  Disk: 293576kB
         ->  Seq Scan on s_2  (cost=0.00..163695.54 rows=10000054 width=20) (actual time=0.033..643.059 rows=10000000 loops=1)
 Planning time: 0.298 ms
 Execution time: 4863.780 ms
(7 rows)

===== 66 [Wed Mar  7 14:06:22 CET 2018] scale:10000000 groups:10 work_mem:32MB incremental:off max_workers:2 =====
SELECT * FROM s_3 ORDER BY a, b, c, d
                                                          QUERY PLAN                                                           
-------------------------------------------------------------------------------------------------------------------------------
 Limit  (cost=1656460.22..1656460.22 rows=1 width=20) (actual time=5423.793..5423.793 rows=0 loops=1)
   ->  Sort  (cost=1531459.54..1556459.68 rows=10000054 width=20) (actual time=4252.870..5202.826 rows=10000000 loops=1)
         Sort Key: s_3.a, s_3.b, s_3.c, s_3.d
         Sort Method: external merge  Disk: 293576kB
         ->  Seq Scan on s_3  (cost=0.00..163695.54 rows=10000054 width=20) (actual time=0.031..653.149 rows=10000000 loops=1)
 Planning time: 0.285 ms
 Execution time: 5458.742 ms
(7 rows)

===== 67 [Wed Mar  7 14:06:51 CET 2018] scale:10000000 groups:10 work_mem:64MB incremental:on max_workers:2 =====
SELECT * FROM s_1 ORDER BY a, b
                                                                          QUERY PLAN                                                                           
---------------------------------------------------------------------------------------------------------------------------------------------------------------
 Limit  (cost=1613024.06..1613024.06 rows=1 width=20) (actual time=4938.857..4938.857 rows=0 loops=1)
   ->  Incremental Sort  (cost=121638.91..1513023.52 rows=10000054 width=20) (actual time=168.438..4717.179 rows=10000000 loops=1)
         Sort Key: s_1.a, s_1.b
         Presorted Key: s_1.a
         Sort Method: external merge  Disk: 29400kB
         Sort Groups: 11
         ->  Index Only Scan using s_1_a_e_d_c_b_idx on s_1  (cost=0.56..348313.37 rows=10000054 width=20) (actual time=0.045..1415.878 rows=10000000 loops=1)
               Heap Fetches: 0
 Planning time: 0.291 ms
 Execution time: 4941.672 ms
(10 rows)

===== 68 [Wed Mar  7 14:07:16 CET 2018] scale:10000000 groups:10 work_mem:64MB incremental:on max_workers:2 =====
SELECT * FROM s_2 ORDER BY a, b, c
                                                                          QUERY PLAN                                                                           
---------------------------------------------------------------------------------------------------------------------------------------------------------------
 Limit  (cost=1440053.75..1440053.75 rows=1 width=20) (actual time=4271.103..4271.103 rows=0 loops=1)
   ->  Incremental Sort  (cost=9629.07..1340053.21 rows=10000054 width=20) (actual time=10.179..4052.701 rows=10000000 loops=1)
         Sort Key: s_2.a, s_2.b, s_2.c
         Presorted Key: s_2.a, s_2.b
         Sort Method: quicksort  Memory: 10936kB
         Sort Groups: 121
         ->  Index Only Scan using s_2_a_b_e_d_c_idx on s_2  (cost=0.56..348313.37 rows=10000054 width=20) (actual time=0.058..1438.282 rows=10000000 loops=1)
               Heap Fetches: 0
 Planning time: 0.307 ms
 Execution time: 4271.245 ms
(10 rows)

===== 69 [Wed Mar  7 14:07:37 CET 2018] scale:10000000 groups:10 work_mem:64MB incremental:on max_workers:2 =====
SELECT * FROM s_3 ORDER BY a, b, c, d
                                                                          QUERY PLAN                                                                           
---------------------------------------------------------------------------------------------------------------------------------------------------------------
 Limit  (cost=1267105.43..1267105.43 rows=1 width=20) (actual time=4469.322..4469.322 rows=0 loops=1)
   ->  Incremental Sort  (cost=745.92..1167104.89 rows=10000054 width=20) (actual time=0.672..4253.074 rows=10000000 loops=1)
         Sort Key: s_3.a, s_3.b, s_3.c, s_3.d
         Presorted Key: s_3.a, s_3.b, s_3.c
         Sort Method: quicksort  Memory: 1192kB
         Sort Groups: 1331
         ->  Index Only Scan using s_3_a_b_c_e_d_idx on s_3  (cost=0.56..348313.37 rows=10000054 width=20) (actual time=0.065..1467.033 rows=10000000 loops=1)
               Heap Fetches: 0
 Planning time: 0.306 ms
 Execution time: 4469.369 ms
(10 rows)

===== 70 [Wed Mar  7 14:07:59 CET 2018] scale:10000000 groups:10 work_mem:64MB incremental:off max_workers:2 =====
SELECT * FROM s_1 ORDER BY a, b
                                                          QUERY PLAN                                                           
-------------------------------------------------------------------------------------------------------------------------------
 Limit  (cost=1656460.22..1656460.22 rows=1 width=20) (actual time=4737.802..4737.802 rows=0 loops=1)
   ->  Sort  (cost=1531459.54..1556459.68 rows=10000054 width=20) (actual time=3527.223..4515.706 rows=10000000 loops=1)
         Sort Key: s_1.a, s_1.b
         Sort Method: external merge  Disk: 293648kB
         ->  Seq Scan on s_1  (cost=0.00..163695.54 rows=10000054 width=20) (actual time=0.024..652.356 rows=10000000 loops=1)
 Planning time: 0.282 ms
 Execution time: 4774.081 ms
(7 rows)

===== 71 [Wed Mar  7 14:08:23 CET 2018] scale:10000000 groups:10 work_mem:64MB incremental:off max_workers:2 =====
SELECT * FROM s_2 ORDER BY a, b, c
                                                          QUERY PLAN                                                           
-------------------------------------------------------------------------------------------------------------------------------
 Limit  (cost=1656460.22..1656460.22 rows=1 width=20) (actual time=5002.176..5002.176 rows=0 loops=1)
   ->  Sort  (cost=1531459.54..1556459.68 rows=10000054 width=20) (actual time=3850.638..4782.046 rows=10000000 loops=1)
         Sort Key: s_2.a, s_2.b, s_2.c
         Sort Method: external merge  Disk: 293648kB
         ->  Seq Scan on s_2  (cost=0.00..163695.54 rows=10000054 width=20) (actual time=0.035..648.213 rows=10000000 loops=1)
 Planning time: 0.302 ms
 Execution time: 5038.429 ms
(7 rows)

===== 72 [Wed Mar  7 14:08:49 CET 2018] scale:10000000 groups:10 work_mem:64MB incremental:off max_workers:2 =====
SELECT * FROM s_3 ORDER BY a, b, c, d
                                                          QUERY PLAN                                                           
-------------------------------------------------------------------------------------------------------------------------------
 Limit  (cost=1656460.22..1656460.22 rows=1 width=20) (actual time=5597.489..5597.489 rows=0 loops=1)
   ->  Sort  (cost=1531459.54..1556459.68 rows=10000054 width=20) (actual time=4453.700..5377.232 rows=10000000 loops=1)
         Sort Key: s_3.a, s_3.b, s_3.c, s_3.d
         Sort Method: external merge  Disk: 293648kB
         ->  Seq Scan on s_3  (cost=0.00..163695.54 rows=10000054 width=20) (actual time=0.033..657.669 rows=10000000 loops=1)
 Planning time: 0.288 ms
 Execution time: 5633.770 ms
(7 rows)

===== 73 [Wed Mar  7 14:09:19 CET 2018] scale:10000000 groups:10 work_mem:128MB incremental:on max_workers:2 =====
SELECT * FROM s_1 ORDER BY a, b
                                                                          QUERY PLAN                                                                           
---------------------------------------------------------------------------------------------------------------------------------------------------------------
 Limit  (cost=1613024.06..1613024.06 rows=1 width=20) (actual time=4098.099..4098.099 rows=0 loops=1)
   ->  Incremental Sort  (cost=121638.91..1513023.52 rows=10000054 width=20) (actual time=168.457..3879.227 rows=10000000 loops=1)
         Sort Key: s_1.a, s_1.b
         Presorted Key: s_1.a
         Sort Method: quicksort  Memory: 102816kB
         Sort Groups: 11
         ->  Index Only Scan using s_1_a_e_d_c_b_idx on s_1  (cost=0.56..348313.37 rows=10000054 width=20) (actual time=0.035..1472.345 rows=10000000 loops=1)
               Heap Fetches: 0
 Planning time: 0.305 ms
 Execution time: 4099.190 ms
(10 rows)

===== 74 [Wed Mar  7 14:09:39 CET 2018] scale:10000000 groups:10 work_mem:128MB incremental:on max_workers:2 =====
SELECT * FROM s_2 ORDER BY a, b, c
                                                                          QUERY PLAN                                                                           
---------------------------------------------------------------------------------------------------------------------------------------------------------------
 Limit  (cost=1440053.75..1440053.75 rows=1 width=20) (actual time=4325.084..4325.084 rows=0 loops=1)
   ->  Incremental Sort  (cost=9629.07..1340053.21 rows=10000054 width=20) (actual time=10.215..4106.588 rows=10000000 loops=1)
         Sort Key: s_2.a, s_2.b, s_2.c
         Presorted Key: s_2.a, s_2.b
         Sort Method: quicksort  Memory: 10936kB
         Sort Groups: 121
         ->  Index Only Scan using s_2_a_b_e_d_c_idx on s_2  (cost=0.56..348313.37 rows=10000054 width=20) (actual time=0.071..1483.261 rows=10000000 loops=1)
               Heap Fetches: 0
 Planning time: 0.313 ms
 Execution time: 4325.227 ms
(10 rows)

===== 75 [Wed Mar  7 14:10:00 CET 2018] scale:10000000 groups:10 work_mem:128MB incremental:on max_workers:2 =====
SELECT * FROM s_3 ORDER BY a, b, c, d
                                                                          QUERY PLAN                                                                           
---------------------------------------------------------------------------------------------------------------------------------------------------------------
 Limit  (cost=1267105.43..1267105.43 rows=1 width=20) (actual time=4495.190..4495.190 rows=0 loops=1)
   ->  Incremental Sort  (cost=745.92..1167104.89 rows=10000054 width=20) (actual time=0.664..4278.854 rows=10000000 loops=1)
         Sort Key: s_3.a, s_3.b, s_3.c, s_3.d
         Presorted Key: s_3.a, s_3.b, s_3.c
         Sort Method: quicksort  Memory: 1192kB
         Sort Groups: 1331
         ->  Index Only Scan using s_3_a_b_c_e_d_idx on s_3  (cost=0.56..348313.37 rows=10000054 width=20) (actual time=0.063..1493.241 rows=10000000 loops=1)
               Heap Fetches: 0
 Planning time: 0.314 ms
 Execution time: 4495.238 ms
(10 rows)

===== 76 [Wed Mar  7 14:10:22 CET 2018] scale:10000000 groups:10 work_mem:128MB incremental:off max_workers:2 =====
SELECT * FROM s_1 ORDER BY a, b
                                                          QUERY PLAN                                                           
-------------------------------------------------------------------------------------------------------------------------------
 Limit  (cost=1656460.22..1656460.22 rows=1 width=20) (actual time=4791.347..4791.347 rows=0 loops=1)
   ->  Sort  (cost=1531459.54..1556459.68 rows=10000054 width=20) (actual time=3667.051..4571.777 rows=10000000 loops=1)
         Sort Key: s_1.a, s_1.b
         Sort Method: external merge  Disk: 293568kB
         ->  Seq Scan on s_1  (cost=0.00..163695.54 rows=10000054 width=20) (actual time=0.020..657.069 rows=10000000 loops=1)
 Planning time: 0.286 ms
 Execution time: 4829.753 ms
(7 rows)

===== 77 [Wed Mar  7 14:10:47 CET 2018] scale:10000000 groups:10 work_mem:128MB incremental:off max_workers:2 =====
SELECT * FROM s_2 ORDER BY a, b, c
                                                          QUERY PLAN                                                           
-------------------------------------------------------------------------------------------------------------------------------
 Limit  (cost=1656460.22..1656460.22 rows=1 width=20) (actual time=5164.582..5164.582 rows=0 loops=1)
   ->  Sort  (cost=1531459.54..1556459.68 rows=10000054 width=20) (actual time=4075.043..4945.466 rows=10000000 loops=1)
         Sort Key: s_2.a, s_2.b, s_2.c
         Sort Method: external merge  Disk: 293568kB
         ->  Seq Scan on s_2  (cost=0.00..163695.54 rows=10000054 width=20) (actual time=0.030..653.236 rows=10000000 loops=1)
 Planning time: 0.296 ms
 Execution time: 5203.340 ms
(7 rows)

===== 78 [Wed Mar  7 14:11:14 CET 2018] scale:10000000 groups:10 work_mem:128MB incremental:off max_workers:2 =====
SELECT * FROM s_3 ORDER BY a, b, c, d
                                                          QUERY PLAN                                                           
-------------------------------------------------------------------------------------------------------------------------------
 Limit  (cost=1656460.22..1656460.22 rows=1 width=20) (actual time=5756.946..5756.946 rows=0 loops=1)
   ->  Sort  (cost=1531459.54..1556459.68 rows=10000054 width=20) (actual time=4667.434..5538.092 rows=10000000 loops=1)
         Sort Key: s_3.a, s_3.b, s_3.c, s_3.d
         Sort Method: external merge  Disk: 293568kB
         ->  Seq Scan on s_3  (cost=0.00..163695.54 rows=10000054 width=20) (actual time=0.029..664.430 rows=10000000 loops=1)
 Planning time: 0.289 ms
 Execution time: 5795.178 ms
(7 rows)

===== 79 [Wed Mar  7 14:11:44 CET 2018] scale:10000000 groups:10 work_mem:256MB incremental:on max_workers:2 =====
SELECT * FROM s_1 ORDER BY a, b
                                                                          QUERY PLAN                                                                           
---------------------------------------------------------------------------------------------------------------------------------------------------------------
 Limit  (cost=1613024.06..1613024.06 rows=1 width=20) (actual time=4061.295..4061.295 rows=0 loops=1)
   ->  Incremental Sort  (cost=121638.91..1513023.52 rows=10000054 width=20) (actual time=168.469..3842.494 rows=10000000 loops=1)
         Sort Key: s_1.a, s_1.b
         Presorted Key: s_1.a
         Sort Method: quicksort  Memory: 102816kB
         Sort Groups: 11
         ->  Index Only Scan using s_1_a_e_d_c_b_idx on s_1  (cost=0.56..348313.37 rows=10000054 width=20) (actual time=0.048..1436.597 rows=10000000 loops=1)
               Heap Fetches: 0
 Planning time: 0.293 ms
 Execution time: 4062.393 ms
(10 rows)

===== 80 [Wed Mar  7 14:12:04 CET 2018] scale:10000000 groups:10 work_mem:256MB incremental:on max_workers:2 =====
SELECT * FROM s_2 ORDER BY a, b, c
                                                                          QUERY PLAN                                                                           
---------------------------------------------------------------------------------------------------------------------------------------------------------------
 Limit  (cost=1440053.75..1440053.75 rows=1 width=20) (actual time=4335.590..4335.590 rows=0 loops=1)
   ->  Incremental Sort  (cost=9629.07..1340053.21 rows=10000054 width=20) (actual time=10.203..4117.022 rows=10000000 loops=1)
         Sort Key: s_2.a, s_2.b, s_2.c
         Presorted Key: s_2.a, s_2.b
         Sort Method: quicksort  Memory: 10936kB
         Sort Groups: 121
         ->  Index Only Scan using s_2_a_b_e_d_c_idx on s_2  (cost=0.56..348313.37 rows=10000054 width=20) (actual time=0.065..1496.973 rows=10000000 loops=1)
               Heap Fetches: 0
 Planning time: 0.309 ms
 Execution time: 4335.731 ms
(10 rows)

===== 81 [Wed Mar  7 14:12:25 CET 2018] scale:10000000 groups:10 work_mem:256MB incremental:on max_workers:2 =====
SELECT * FROM s_3 ORDER BY a, b, c, d
                                                                          QUERY PLAN                                                                           
---------------------------------------------------------------------------------------------------------------------------------------------------------------
 Limit  (cost=1267105.43..1267105.43 rows=1 width=20) (actual time=4465.758..4465.758 rows=0 loops=1)
   ->  Incremental Sort  (cost=745.92..1167104.89 rows=10000054 width=20) (actual time=0.653..4249.463 rows=10000000 loops=1)
         Sort Key: s_3.a, s_3.b, s_3.c, s_3.d
         Presorted Key: s_3.a, s_3.b, s_3.c
         Sort Method: quicksort  Memory: 1192kB
         Sort Groups: 1331
         ->  Index Only Scan using s_3_a_b_c_e_d_idx on s_3  (cost=0.56..348313.37 rows=10000054 width=20) (actual time=0.054..1466.643 rows=10000000 loops=1)
               Heap Fetches: 0
 Planning time: 0.314 ms
 Execution time: 4465.804 ms
(10 rows)

===== 82 [Wed Mar  7 14:12:47 CET 2018] scale:10000000 groups:10 work_mem:256MB incremental:off max_workers:2 =====
SELECT * FROM s_1 ORDER BY a, b
                                                                 QUERY PLAN                                                                 
--------------------------------------------------------------------------------------------------------------------------------------------
 Limit  (cost=1620128.26..1620128.26 rows=1 width=20) (actual time=3646.759..3646.759 rows=0 loops=1)
   ->  Gather Merge  (cost=564499.16..1536794.48 rows=8333378 width=20) (actual time=1575.352..3412.543 rows=10000000 loops=1)
         Workers Planned: 2
         Workers Launched: 2
         ->  Sort  (cost=563499.14..573915.86 rows=4166689 width=20) (actual time=1553.403..1822.080 rows=3333333 loops=3)
               Sort Key: s_1.a, s_1.b
               Sort Method: external merge  Disk: 100064kB
               Worker 0:  Sort Method: external merge  Disk: 97000kB
               Worker 1:  Sort Method: external merge  Disk: 96488kB
               ->  Parallel Seq Scan on s_1  (cost=0.00..105361.89 rows=4166689 width=20) (actual time=0.022..243.906 rows=3333333 loops=3)
 Planning time: 0.294 ms
 Execution time: 3675.305 ms
(12 rows)

===== 83 [Wed Mar  7 14:13:06 CET 2018] scale:10000000 groups:10 work_mem:256MB incremental:off max_workers:2 =====
SELECT * FROM s_2 ORDER BY a, b, c
                                                                 QUERY PLAN                                                                 
--------------------------------------------------------------------------------------------------------------------------------------------
 Limit  (cost=1620128.26..1620128.26 rows=1 width=20) (actual time=3907.727..3907.727 rows=0 loops=1)
   ->  Gather Merge  (cost=564499.16..1536794.48 rows=8333378 width=20) (actual time=1705.555..3673.400 rows=10000000 loops=1)
         Workers Planned: 2
         Workers Launched: 2
         ->  Sort  (cost=563499.14..573915.86 rows=4166689 width=20) (actual time=1695.534..1965.050 rows=3333333 loops=3)
               Sort Key: s_2.a, s_2.b, s_2.c
               Sort Method: external merge  Disk: 98640kB
               Worker 0:  Sort Method: external merge  Disk: 97816kB
               Worker 1:  Sort Method: external merge  Disk: 97104kB
               ->  Parallel Seq Scan on s_2  (cost=0.00..105361.89 rows=4166689 width=20) (actual time=0.026..243.362 rows=3333333 loops=3)
 Planning time: 0.297 ms
 Execution time: 3935.479 ms
(12 rows)

===== 84 [Wed Mar  7 14:13:26 CET 2018] scale:10000000 groups:10 work_mem:256MB incremental:off max_workers:2 =====
SELECT * FROM s_3 ORDER BY a, b, c, d
                                                                 QUERY PLAN                                                                 
--------------------------------------------------------------------------------------------------------------------------------------------
 Limit  (cost=1620128.26..1620128.26 rows=1 width=20) (actual time=4258.789..4258.789 rows=0 loops=1)
   ->  Gather Merge  (cost=564499.16..1536794.48 rows=8333378 width=20) (actual time=1822.615..4036.020 rows=10000000 loops=1)
         Workers Planned: 2
         Workers Launched: 2
         ->  Sort  (cost=563499.14..573915.86 rows=4166689 width=20) (actual time=1820.121..2094.784 rows=3333333 loops=3)
               Sort Key: s_3.a, s_3.b, s_3.c, s_3.d
               Sort Method: external merge  Disk: 97960kB
               Worker 0:  Sort Method: external merge  Disk: 97800kB
               Worker 1:  Sort Method: external merge  Disk: 97800kB
               ->  Parallel Seq Scan on s_3  (cost=0.00..105361.89 rows=4166689 width=20) (actual time=0.026..244.612 rows=3333333 loops=3)
 Planning time: 0.302 ms
 Execution time: 4287.457 ms
(12 rows)

===== 85 [Wed Mar  7 14:15:01 CET 2018] scale:10000000 groups:100 work_mem:4MB incremental:on max_workers:0 =====
SELECT * FROM s_1 ORDER BY a, b
                                                                          QUERY PLAN                                                                          
--------------------------------------------------------------------------------------------------------------------------------------------------------------
 Limit  (cost=1658454.24..1658454.24 rows=1 width=20) (actual time=5931.863..5931.863 rows=0 loops=1)
   ->  Incremental Sort  (cost=13698.12..1558454.85 rows=9999939 width=20) (actual time=24.709..5708.464 rows=10000000 loops=1)
         Sort Key: s_1.a, s_1.b
         Presorted Key: s_1.a
         Sort Method: external merge  Disk: 2960kB
         Sort Groups: 101
         ->  Index Only Scan using s_1_a_e_d_c_b_idx on s_1  (cost=0.56..348311.65 rows=9999939 width=20) (actual time=0.052..1483.455 rows=10000000 loops=1)
               Heap Fetches: 0
 Planning time: 0.286 ms
 Execution time: 5932.095 ms
(10 rows)

===== 86 [Wed Mar  7 14:15:31 CET 2018] scale:10000000 groups:100 work_mem:4MB incremental:on max_workers:0 =====
SELECT * FROM s_2 ORDER BY a, b, c
                                                                          QUERY PLAN                                                                          
--------------------------------------------------------------------------------------------------------------------------------------------------------------
 Limit  (cost=1120364.20..1120364.20 rows=1 width=20) (actual time=4958.619..4958.619 rows=0 loops=1)
   ->  Incremental Sort  (cost=83.41..1020364.81 rows=9999939 width=20) (actual time=0.224..4742.319 rows=10000000 loops=1)
         Sort Key: s_2.a, s_2.b, s_2.c
         Presorted Key: s_2.a, s_2.b
         Sort Method: quicksort  Memory: 137kB
         Sort Groups: 10201
         ->  Index Only Scan using s_2_a_b_e_d_c_idx on s_2  (cost=0.56..348311.65 rows=9999939 width=20) (actual time=0.049..1433.289 rows=10000000 loops=1)
               Heap Fetches: 0
 Planning time: 0.302 ms
 Execution time: 4958.656 ms
(10 rows)

===== 87 [Wed Mar  7 14:15:56 CET 2018] scale:10000000 groups:100 work_mem:4MB incremental:on max_workers:0 =====
SELECT * FROM s_3 ORDER BY a, b, c, d
                                                                          QUERY PLAN                                                                           
---------------------------------------------------------------------------------------------------------------------------------------------------------------
 Limit  (cost=809412.29..809412.29 rows=1 width=20) (actual time=4789.912..4789.912 rows=0 loops=1)
   ->  Incremental Sort  (cost=1.07..709411.75 rows=10000054 width=20) (actual time=0.119..4571.315 rows=10000000 loops=1)
         Sort Key: s_3.a, s_3.b, s_3.c, s_3.d
         Presorted Key: s_3.a, s_3.b, s_3.c
         Sort Method: quicksort  Memory: 29kB
         Sort Groups: 270967
         ->  Index Only Scan using s_3_a_b_c_e_d_idx on s_3  (cost=0.56..348313.37 rows=10000054 width=20) (actual time=0.064..1469.355 rows=10000000 loops=1)
               Heap Fetches: 0
 Planning time: 0.299 ms
 Execution time: 4789.936 ms
(10 rows)

===== 88 [Wed Mar  7 14:16:19 CET 2018] scale:10000000 groups:100 work_mem:4MB incremental:off max_workers:0 =====
SELECT * FROM s_1 ORDER BY a, b
                                                          QUERY PLAN                                                          
------------------------------------------------------------------------------------------------------------------------------
 Limit  (cost=1861518.93..1861518.93 rows=1 width=20) (actual time=5978.670..5978.670 rows=0 loops=1)
   ->  Sort  (cost=1736519.69..1761519.54 rows=9999939 width=20) (actual time=4893.432..5759.044 rows=10000000 loops=1)
         Sort Key: s_1.a, s_1.b
         Sort Method: external merge  Disk: 293600kB
         ->  Seq Scan on s_1  (cost=0.00..163694.39 rows=9999939 width=20) (actual time=0.020..656.215 rows=10000000 loops=1)
 Planning time: 0.297 ms
 Execution time: 6011.989 ms
(7 rows)

===== 89 [Wed Mar  7 14:16:51 CET 2018] scale:10000000 groups:100 work_mem:4MB incremental:off max_workers:0 =====
SELECT * FROM s_2 ORDER BY a, b, c
                                                          QUERY PLAN                                                          
------------------------------------------------------------------------------------------------------------------------------
 Limit  (cost=1861518.93..1861518.93 rows=1 width=20) (actual time=7131.487..7131.487 rows=0 loops=1)
   ->  Sort  (cost=1736519.69..1761519.54 rows=9999939 width=20) (actual time=6061.167..6912.189 rows=10000000 loops=1)
         Sort Key: s_2.a, s_2.b, s_2.c
         Sort Method: external merge  Disk: 293600kB
         ->  Seq Scan on s_2  (cost=0.00..163694.39 rows=9999939 width=20) (actual time=0.036..649.983 rows=10000000 loops=1)
 Planning time: 0.297 ms
 Execution time: 7164.816 ms
(7 rows)

===== 90 [Wed Mar  7 14:17:30 CET 2018] scale:10000000 groups:100 work_mem:4MB incremental:off max_workers:0 =====
SELECT * FROM s_3 ORDER BY a, b, c, d
                                                          QUERY PLAN                                                           
-------------------------------------------------------------------------------------------------------------------------------
 Limit  (cost=1861542.72..1861542.72 rows=1 width=20) (actual time=8010.298..8010.298 rows=0 loops=1)
   ->  Sort  (cost=1736542.04..1761542.18 rows=10000054 width=20) (actual time=6935.644..7790.849 rows=10000000 loops=1)
         Sort Key: s_3.a, s_3.b, s_3.c, s_3.d
         Sort Method: external merge  Disk: 293600kB
         ->  Seq Scan on s_3  (cost=0.00..163695.54 rows=10000054 width=20) (actual time=0.030..656.820 rows=10000000 loops=1)
 Planning time: 0.290 ms
 Execution time: 8043.632 ms
(7 rows)

===== 91 [Wed Mar  7 14:18:14 CET 2018] scale:10000000 groups:100 work_mem:8MB incremental:on max_workers:0 =====
SELECT * FROM s_1 ORDER BY a, b
                                                                          QUERY PLAN                                                                          
--------------------------------------------------------------------------------------------------------------------------------------------------------------
 Limit  (cost=1453070.74..1453070.74 rows=1 width=20) (actual time=6391.757..6391.757 rows=0 loops=1)
   ->  Incremental Sort  (cost=11664.62..1353071.35 rows=9999939 width=20) (actual time=21.637..6169.473 rows=10000000 loops=1)
         Sort Key: s_1.a, s_1.b
         Presorted Key: s_1.a
         Sort Method: external merge  Disk: 2960kB
         Sort Groups: 101
         ->  Index Only Scan using s_1_a_e_d_c_b_idx on s_1  (cost=0.56..348311.65 rows=9999939 width=20) (actual time=0.069..1484.785 rows=10000000 loops=1)
               Heap Fetches: 0
 Planning time: 0.295 ms
 Execution time: 6391.782 ms
(10 rows)

===== 92 [Wed Mar  7 14:18:48 CET 2018] scale:10000000 groups:100 work_mem:8MB incremental:on max_workers:0 =====
SELECT * FROM s_2 ORDER BY a, b, c
                                                                          QUERY PLAN                                                                          
--------------------------------------------------------------------------------------------------------------------------------------------------------------
 Limit  (cost=1120364.20..1120364.20 rows=1 width=20) (actual time=4986.554..4986.554 rows=0 loops=1)
   ->  Incremental Sort  (cost=83.41..1020364.81 rows=9999939 width=20) (actual time=0.238..4770.047 rows=10000000 loops=1)
         Sort Key: s_2.a, s_2.b, s_2.c
         Presorted Key: s_2.a, s_2.b
         Sort Method: quicksort  Memory: 137kB
         Sort Groups: 10201
         ->  Index Only Scan using s_2_a_b_e_d_c_idx on s_2  (cost=0.56..348311.65 rows=9999939 width=20) (actual time=0.062..1458.735 rows=10000000 loops=1)
               Heap Fetches: 0
 Planning time: 0.326 ms
 Execution time: 4986.593 ms
(10 rows)

===== 93 [Wed Mar  7 14:19:13 CET 2018] scale:10000000 groups:100 work_mem:8MB incremental:on max_workers:0 =====
SELECT * FROM s_3 ORDER BY a, b, c, d
                                                                          QUERY PLAN                                                                           
---------------------------------------------------------------------------------------------------------------------------------------------------------------
 Limit  (cost=809412.29..809412.29 rows=1 width=20) (actual time=4752.064..4752.064 rows=0 loops=1)
   ->  Incremental Sort  (cost=1.07..709411.75 rows=10000054 width=20) (actual time=0.119..4533.509 rows=10000000 loops=1)
         Sort Key: s_3.a, s_3.b, s_3.c, s_3.d
         Presorted Key: s_3.a, s_3.b, s_3.c
         Sort Method: quicksort  Memory: 29kB
         Sort Groups: 270967
         ->  Index Only Scan using s_3_a_b_c_e_d_idx on s_3  (cost=0.56..348313.37 rows=10000054 width=20) (actual time=0.062..1432.875 rows=10000000 loops=1)
               Heap Fetches: 0
 Planning time: 0.322 ms
 Execution time: 4752.089 ms
(10 rows)

===== 94 [Wed Mar  7 14:19:36 CET 2018] scale:10000000 groups:100 work_mem:8MB incremental:off max_workers:0 =====
SELECT * FROM s_1 ORDER BY a, b
                                                          QUERY PLAN                                                          
------------------------------------------------------------------------------------------------------------------------------
 Limit  (cost=1861518.93..1861518.93 rows=1 width=20) (actual time=5619.746..5619.746 rows=0 loops=1)
   ->  Sort  (cost=1736519.69..1761519.54 rows=9999939 width=20) (actual time=4519.586..5399.324 rows=10000000 loops=1)
         Sort Key: s_1.a, s_1.b
         Sort Method: external merge  Disk: 293608kB
         ->  Seq Scan on s_1  (cost=0.00..163694.39 rows=9999939 width=20) (actual time=0.028..654.845 rows=10000000 loops=1)
 Planning time: 0.301 ms
 Execution time: 5652.328 ms
(7 rows)

===== 95 [Wed Mar  7 14:20:06 CET 2018] scale:10000000 groups:100 work_mem:8MB incremental:off max_workers:0 =====
SELECT * FROM s_2 ORDER BY a, b, c
                                                          QUERY PLAN                                                          
------------------------------------------------------------------------------------------------------------------------------
 Limit  (cost=1861518.93..1861518.93 rows=1 width=20) (actual time=6613.482..6613.482 rows=0 loops=1)
   ->  Sort  (cost=1736519.69..1761519.54 rows=9999939 width=20) (actual time=5531.379..6393.349 rows=10000000 loops=1)
         Sort Key: s_2.a, s_2.b, s_2.c
         Sort Method: external merge  Disk: 293608kB
         ->  Seq Scan on s_2  (cost=0.00..163694.39 rows=9999939 width=20) (actual time=0.029..649.827 rows=10000000 loops=1)
 Planning time: 0.301 ms
 Execution time: 6646.882 ms
(7 rows)

===== 96 [Wed Mar  7 14:20:41 CET 2018] scale:10000000 groups:100 work_mem:8MB incremental:off max_workers:0 =====
SELECT * FROM s_3 ORDER BY a, b, c, d
                                                          QUERY PLAN                                                           
-------------------------------------------------------------------------------------------------------------------------------
 Limit  (cost=1861542.72..1861542.72 rows=1 width=20) (actual time=7405.219..7405.219 rows=0 loops=1)
   ->  Sort  (cost=1736542.04..1761542.18 rows=10000054 width=20) (actual time=6324.440..7185.943 rows=10000000 loops=1)
         Sort Key: s_3.a, s_3.b, s_3.c, s_3.d
         Sort Method: external merge  Disk: 293608kB
         ->  Seq Scan on s_3  (cost=0.00..163695.54 rows=10000054 width=20) (actual time=0.033..656.954 rows=10000000 loops=1)
 Planning time: 0.294 ms
 Execution time: 7438.801 ms
(7 rows)

===== 97 [Wed Mar  7 14:21:22 CET 2018] scale:10000000 groups:100 work_mem:16MB incremental:on max_workers:0 =====
SELECT * FROM s_1 ORDER BY a, b
                                                                          QUERY PLAN                                                                          
--------------------------------------------------------------------------------------------------------------------------------------------------------------
 Limit  (cost=1453070.74..1453070.74 rows=1 width=20) (actual time=5447.077..5447.077 rows=0 loops=1)
   ->  Incremental Sort  (cost=11664.62..1353071.35 rows=9999939 width=20) (actual time=21.534..5230.371 rows=10000000 loops=1)
         Sort Key: s_1.a, s_1.b
         Presorted Key: s_1.a
         Sort Method: quicksort  Memory: 10937kB
         Sort Groups: 101
         ->  Index Only Scan using s_1_a_e_d_c_b_idx on s_1  (cost=0.56..348311.65 rows=9999939 width=20) (actual time=0.071..1454.960 rows=10000000 loops=1)
               Heap Fetches: 0
 Planning time: 0.299 ms
 Execution time: 5447.212 ms
(10 rows)

===== 98 [Wed Mar  7 14:21:50 CET 2018] scale:10000000 groups:100 work_mem:16MB incremental:on max_workers:0 =====
SELECT * FROM s_2 ORDER BY a, b, c
                                                                          QUERY PLAN                                                                          
--------------------------------------------------------------------------------------------------------------------------------------------------------------
 Limit  (cost=1120364.20..1120364.20 rows=1 width=20) (actual time=4960.919..4960.919 rows=0 loops=1)
   ->  Incremental Sort  (cost=83.41..1020364.81 rows=9999939 width=20) (actual time=0.250..4744.459 rows=10000000 loops=1)
         Sort Key: s_2.a, s_2.b, s_2.c
         Presorted Key: s_2.a, s_2.b
         Sort Method: quicksort  Memory: 137kB
         Sort Groups: 10201
         ->  Index Only Scan using s_2_a_b_e_d_c_idx on s_2  (cost=0.56..348311.65 rows=9999939 width=20) (actual time=0.075..1435.669 rows=10000000 loops=1)
               Heap Fetches: 0
 Planning time: 0.331 ms
 Execution time: 4960.958 ms
(10 rows)

===== 99 [Wed Mar  7 14:22:15 CET 2018] scale:10000000 groups:100 work_mem:16MB incremental:on max_workers:0 =====
SELECT * FROM s_3 ORDER BY a, b, c, d
                                                                          QUERY PLAN                                                                           
---------------------------------------------------------------------------------------------------------------------------------------------------------------
 Limit  (cost=809412.29..809412.29 rows=1 width=20) (actual time=4779.258..4779.258 rows=0 loops=1)
   ->  Incremental Sort  (cost=1.07..709411.75 rows=10000054 width=20) (actual time=0.128..4560.552 rows=10000000 loops=1)
         Sort Key: s_3.a, s_3.b, s_3.c, s_3.d
         Presorted Key: s_3.a, s_3.b, s_3.c
         Sort Method: quicksort  Memory: 29kB
         Sort Groups: 270967
         ->  Index Only Scan using s_3_a_b_c_e_d_idx on s_3  (cost=0.56..348313.37 rows=10000054 width=20) (actual time=0.064..1459.882 rows=10000000 loops=1)
               Heap Fetches: 0
 Planning time: 0.304 ms
 Execution time: 4779.283 ms
(10 rows)

===== 100 [Wed Mar  7 14:22:38 CET 2018] scale:10000000 groups:100 work_mem:16MB incremental:off max_workers:0 =====
SELECT * FROM s_1 ORDER BY a, b
                                                          QUERY PLAN                                                          
------------------------------------------------------------------------------------------------------------------------------
 Limit  (cost=1656439.93..1656439.93 rows=1 width=20) (actual time=5078.444..5078.444 rows=0 loops=1)
   ->  Sort  (cost=1531440.69..1556440.54 rows=9999939 width=20) (actual time=3966.204..4858.525 rows=10000000 loops=1)
         Sort Key: s_1.a, s_1.b
         Sort Method: external merge  Disk: 293904kB
         ->  Seq Scan on s_1  (cost=0.00..163694.39 rows=9999939 width=20) (actual time=0.020..650.611 rows=10000000 loops=1)
 Planning time: 0.290 ms
 Execution time: 5112.027 ms
(7 rows)

===== 101 [Wed Mar  7 14:23:05 CET 2018] scale:10000000 groups:100 work_mem:16MB incremental:off max_workers:0 =====
SELECT * FROM s_2 ORDER BY a, b, c
                                                          QUERY PLAN                                                          
------------------------------------------------------------------------------------------------------------------------------
 Limit  (cost=1656439.93..1656439.93 rows=1 width=20) (actual time=5995.952..5995.952 rows=0 loops=1)
   ->  Sort  (cost=1531440.69..1556440.54 rows=9999939 width=20) (actual time=4919.673..5777.448 rows=10000000 loops=1)
         Sort Key: s_2.a, s_2.b, s_2.c
         Sort Method: external merge  Disk: 293904kB
         ->  Seq Scan on s_2  (cost=0.00..163694.39 rows=9999939 width=20) (actual time=0.033..647.027 rows=10000000 loops=1)
 Planning time: 0.301 ms
 Execution time: 6029.544 ms
(7 rows)

===== 102 [Wed Mar  7 14:23:37 CET 2018] scale:10000000 groups:100 work_mem:16MB incremental:off max_workers:0 =====
SELECT * FROM s_3 ORDER BY a, b, c, d
                                                          QUERY PLAN                                                           
-------------------------------------------------------------------------------------------------------------------------------
 Limit  (cost=1656460.22..1656460.22 rows=1 width=20) (actual time=6740.671..6740.671 rows=0 loops=1)
   ->  Sort  (cost=1531459.54..1556459.68 rows=10000054 width=20) (actual time=5665.586..6522.358 rows=10000000 loops=1)
         Sort Key: s_3.a, s_3.b, s_3.c, s_3.d
         Sort Method: external merge  Disk: 293904kB
         ->  Seq Scan on s_3  (cost=0.00..163695.54 rows=10000054 width=20) (actual time=0.030..654.518 rows=10000000 loops=1)
 Planning time: 0.286 ms
 Execution time: 6774.455 ms
(7 rows)

===== 103 [Wed Mar  7 14:24:13 CET 2018] scale:10000000 groups:100 work_mem:32MB incremental:on max_workers:0 =====
SELECT * FROM s_1 ORDER BY a, b
                                                                          QUERY PLAN                                                                          
--------------------------------------------------------------------------------------------------------------------------------------------------------------
 Limit  (cost=1453070.74..1453070.74 rows=1 width=20) (actual time=5447.875..5447.875 rows=0 loops=1)
   ->  Incremental Sort  (cost=11664.62..1353071.35 rows=9999939 width=20) (actual time=21.513..5230.886 rows=10000000 loops=1)
         Sort Key: s_1.a, s_1.b
         Presorted Key: s_1.a
         Sort Method: quicksort  Memory: 10937kB
         Sort Groups: 101
         ->  Index Only Scan using s_1_a_e_d_c_b_idx on s_1  (cost=0.56..348311.65 rows=9999939 width=20) (actual time=0.073..1446.809 rows=10000000 loops=1)
               Heap Fetches: 0
 Planning time: 0.292 ms
 Execution time: 5448.010 ms
(10 rows)

===== 104 [Wed Mar  7 14:24:41 CET 2018] scale:10000000 groups:100 work_mem:32MB incremental:on max_workers:0 =====
SELECT * FROM s_2 ORDER BY a, b, c
                                                                          QUERY PLAN                                                                          
--------------------------------------------------------------------------------------------------------------------------------------------------------------
 Limit  (cost=1120364.20..1120364.20 rows=1 width=20) (actual time=4993.735..4993.735 rows=0 loops=1)
   ->  Incremental Sort  (cost=83.41..1020364.81 rows=9999939 width=20) (actual time=0.244..4777.262 rows=10000000 loops=1)
         Sort Key: s_2.a, s_2.b, s_2.c
         Presorted Key: s_2.a, s_2.b
         Sort Method: quicksort  Memory: 137kB
         Sort Groups: 10201
         ->  Index Only Scan using s_2_a_b_e_d_c_idx on s_2  (cost=0.56..348311.65 rows=9999939 width=20) (actual time=0.070..1466.322 rows=10000000 loops=1)
               Heap Fetches: 0
 Planning time: 0.327 ms
 Execution time: 4993.777 ms
(10 rows)

===== 105 [Wed Mar  7 14:25:06 CET 2018] scale:10000000 groups:100 work_mem:32MB incremental:on max_workers:0 =====
SELECT * FROM s_3 ORDER BY a, b, c, d
                                                                          QUERY PLAN                                                                           
---------------------------------------------------------------------------------------------------------------------------------------------------------------
 Limit  (cost=809412.29..809412.29 rows=1 width=20) (actual time=4755.502..4755.502 rows=0 loops=1)
   ->  Incremental Sort  (cost=1.07..709411.75 rows=10000054 width=20) (actual time=0.116..4536.908 rows=10000000 loops=1)
         Sort Key: s_3.a, s_3.b, s_3.c, s_3.d
         Presorted Key: s_3.a, s_3.b, s_3.c
         Sort Method: quicksort  Memory: 29kB
         Sort Groups: 270967
         ->  Index Only Scan using s_3_a_b_c_e_d_idx on s_3  (cost=0.56..348313.37 rows=10000054 width=20) (actual time=0.059..1437.145 rows=10000000 loops=1)
               Heap Fetches: 0
 Planning time: 0.312 ms
 Execution time: 4755.528 ms
(10 rows)

===== 106 [Wed Mar  7 14:25:29 CET 2018] scale:10000000 groups:100 work_mem:32MB incremental:off max_workers:0 =====
SELECT * FROM s_1 ORDER BY a, b
                                                          QUERY PLAN                                                          
------------------------------------------------------------------------------------------------------------------------------
 Limit  (cost=1656439.93..1656439.93 rows=1 width=20) (actual time=5172.486..5172.486 rows=0 loops=1)
   ->  Sort  (cost=1531440.69..1556440.54 rows=9999939 width=20) (actual time=4097.578..4953.757 rows=10000000 loops=1)
         Sort Key: s_1.a, s_1.b
         Sort Method: external merge  Disk: 293576kB
         ->  Seq Scan on s_1  (cost=0.00..163694.39 rows=9999939 width=20) (actual time=0.017..649.763 rows=10000000 loops=1)
 Planning time: 0.288 ms
 Execution time: 5206.713 ms
(7 rows)

===== 107 [Wed Mar  7 14:25:57 CET 2018] scale:10000000 groups:100 work_mem:32MB incremental:off max_workers:0 =====
SELECT * FROM s_2 ORDER BY a, b, c
                                                          QUERY PLAN                                                          
------------------------------------------------------------------------------------------------------------------------------
 Limit  (cost=1656439.93..1656439.93 rows=1 width=20) (actual time=6052.942..6052.942 rows=0 loops=1)
   ->  Sort  (cost=1531440.69..1556440.54 rows=9999939 width=20) (actual time=4997.384..5835.320 rows=10000000 loops=1)
         Sort Key: s_2.a, s_2.b, s_2.c
         Sort Method: external merge  Disk: 293576kB
         ->  Seq Scan on s_2  (cost=0.00..163694.39 rows=9999939 width=20) (actual time=0.034..646.042 rows=10000000 loops=1)
 Planning time: 0.294 ms
 Execution time: 6087.199 ms
(7 rows)

===== 108 [Wed Mar  7 14:26:29 CET 2018] scale:10000000 groups:100 work_mem:32MB incremental:off max_workers:0 =====
SELECT * FROM s_3 ORDER BY a, b, c, d
                                                          QUERY PLAN                                                           
-------------------------------------------------------------------------------------------------------------------------------
 Limit  (cost=1656460.22..1656460.22 rows=1 width=20) (actual time=6782.685..6782.685 rows=0 loops=1)
   ->  Sort  (cost=1531459.54..1556459.68 rows=10000054 width=20) (actual time=5726.986..6565.007 rows=10000000 loops=1)
         Sort Key: s_3.a, s_3.b, s_3.c, s_3.d
         Sort Method: external merge  Disk: 293576kB
         ->  Seq Scan on s_3  (cost=0.00..163695.54 rows=10000054 width=20) (actual time=0.030..653.431 rows=10000000 loops=1)
 Planning time: 0.286 ms
 Execution time: 6816.931 ms
(7 rows)

===== 109 [Wed Mar  7 14:27:06 CET 2018] scale:10000000 groups:100 work_mem:64MB incremental:on max_workers:0 =====
SELECT * FROM s_1 ORDER BY a, b
                                                                          QUERY PLAN                                                                          
--------------------------------------------------------------------------------------------------------------------------------------------------------------
 Limit  (cost=1453070.74..1453070.74 rows=1 width=20) (actual time=5504.394..5504.394 rows=0 loops=1)
   ->  Incremental Sort  (cost=11664.62..1353071.35 rows=9999939 width=20) (actual time=21.576..5287.591 rows=10000000 loops=1)
         Sort Key: s_1.a, s_1.b
         Presorted Key: s_1.a
         Sort Method: quicksort  Memory: 10937kB
         Sort Groups: 101
         ->  Index Only Scan using s_1_a_e_d_c_b_idx on s_1  (cost=0.56..348311.65 rows=9999939 width=20) (actual time=0.061..1508.451 rows=10000000 loops=1)
               Heap Fetches: 0
 Planning time: 0.288 ms
 Execution time: 5504.529 ms
(10 rows)

===== 110 [Wed Mar  7 14:27:34 CET 2018] scale:10000000 groups:100 work_mem:64MB incremental:on max_workers:0 =====
SELECT * FROM s_2 ORDER BY a, b, c
                                                                          QUERY PLAN                                                                          
--------------------------------------------------------------------------------------------------------------------------------------------------------------
 Limit  (cost=1120364.20..1120364.20 rows=1 width=20) (actual time=4965.894..4965.894 rows=0 loops=1)
   ->  Incremental Sort  (cost=83.41..1020364.81 rows=9999939 width=20) (actual time=0.245..4749.445 rows=10000000 loops=1)
         Sort Key: s_2.a, s_2.b, s_2.c
         Presorted Key: s_2.a, s_2.b
         Sort Method: quicksort  Memory: 137kB
         Sort Groups: 10201
         ->  Index Only Scan using s_2_a_b_e_d_c_idx on s_2  (cost=0.56..348311.65 rows=9999939 width=20) (actual time=0.070..1439.720 rows=10000000 loops=1)
               Heap Fetches: 0
 Planning time: 0.307 ms
 Execution time: 4965.932 ms
(10 rows)

===== 111 [Wed Mar  7 14:27:59 CET 2018] scale:10000000 groups:100 work_mem:64MB incremental:on max_workers:0 =====
SELECT * FROM s_3 ORDER BY a, b, c, d
                                                                          QUERY PLAN                                                                           
---------------------------------------------------------------------------------------------------------------------------------------------------------------
 Limit  (cost=809412.29..809412.29 rows=1 width=20) (actual time=4762.788..4762.788 rows=0 loops=1)
   ->  Incremental Sort  (cost=1.07..709411.75 rows=10000054 width=20) (actual time=0.119..4544.210 rows=10000000 loops=1)
         Sort Key: s_3.a, s_3.b, s_3.c, s_3.d
         Presorted Key: s_3.a, s_3.b, s_3.c
         Sort Method: quicksort  Memory: 29kB
         Sort Groups: 270967
         ->  Index Only Scan using s_3_a_b_c_e_d_idx on s_3  (cost=0.56..348313.37 rows=10000054 width=20) (actual time=0.063..1444.597 rows=10000000 loops=1)
               Heap Fetches: 0
 Planning time: 0.317 ms
 Execution time: 4762.814 ms
(10 rows)

===== 112 [Wed Mar  7 14:28:22 CET 2018] scale:10000000 groups:100 work_mem:64MB incremental:off max_workers:0 =====
SELECT * FROM s_1 ORDER BY a, b
                                                          QUERY PLAN                                                          
------------------------------------------------------------------------------------------------------------------------------
 Limit  (cost=1656439.93..1656439.93 rows=1 width=20) (actual time=5300.023..5300.023 rows=0 loops=1)
   ->  Sort  (cost=1531440.69..1556440.54 rows=9999939 width=20) (actual time=4237.858..5081.997 rows=10000000 loops=1)
         Sort Key: s_1.a, s_1.b
         Sort Method: external merge  Disk: 293648kB
         ->  Seq Scan on s_1  (cost=0.00..163694.39 rows=9999939 width=20) (actual time=0.026..653.437 rows=10000000 loops=1)
 Planning time: 0.290 ms
 Execution time: 5335.557 ms
(7 rows)

===== 113 [Wed Mar  7 14:28:50 CET 2018] scale:10000000 groups:100 work_mem:64MB incremental:off max_workers:0 =====
SELECT * FROM s_2 ORDER BY a, b, c
                                                          QUERY PLAN                                                          
------------------------------------------------------------------------------------------------------------------------------
 Limit  (cost=1656439.93..1656439.93 rows=1 width=20) (actual time=6164.300..6164.300 rows=0 loops=1)
   ->  Sort  (cost=1531440.69..1556440.54 rows=9999939 width=20) (actual time=5111.100..5946.823 rows=10000000 loops=1)
         Sort Key: s_2.a, s_2.b, s_2.c
         Sort Method: external merge  Disk: 293648kB
         ->  Seq Scan on s_2  (cost=0.00..163694.39 rows=9999939 width=20) (actual time=0.032..649.762 rows=10000000 loops=1)
 Planning time: 0.301 ms
 Execution time: 6199.877 ms
(7 rows)

===== 114 [Wed Mar  7 14:29:23 CET 2018] scale:10000000 groups:100 work_mem:64MB incremental:off max_workers:0 =====
SELECT * FROM s_3 ORDER BY a, b, c, d
                                                          QUERY PLAN                                                           
-------------------------------------------------------------------------------------------------------------------------------
 Limit  (cost=1656460.22..1656460.22 rows=1 width=20) (actual time=6899.111..6899.111 rows=0 loops=1)
   ->  Sort  (cost=1531459.54..1556459.68 rows=10000054 width=20) (actual time=5845.728..6681.703 rows=10000000 loops=1)
         Sort Key: s_3.a, s_3.b, s_3.c, s_3.d
         Sort Method: external merge  Disk: 293648kB
         ->  Seq Scan on s_3  (cost=0.00..163695.54 rows=10000054 width=20) (actual time=0.033..654.930 rows=10000000 loops=1)
 Planning time: 0.298 ms
 Execution time: 6934.755 ms
(7 rows)

===== 115 [Wed Mar  7 14:30:01 CET 2018] scale:10000000 groups:100 work_mem:128MB incremental:on max_workers:0 =====
SELECT * FROM s_1 ORDER BY a, b
                                                                          QUERY PLAN                                                                          
--------------------------------------------------------------------------------------------------------------------------------------------------------------
 Limit  (cost=1453070.74..1453070.74 rows=1 width=20) (actual time=5419.247..5419.247 rows=0 loops=1)
   ->  Incremental Sort  (cost=11664.62..1353071.35 rows=9999939 width=20) (actual time=20.369..5203.820 rows=10000000 loops=1)
         Sort Key: s_1.a, s_1.b
         Presorted Key: s_1.a
         Sort Method: quicksort  Memory: 10937kB
         Sort Groups: 101
         ->  Index Only Scan using s_1_a_e_d_c_b_idx on s_1  (cost=0.56..348311.65 rows=9999939 width=20) (actual time=0.039..1427.328 rows=10000000 loops=1)
               Heap Fetches: 0
 Planning time: 0.297 ms
 Execution time: 5419.380 ms
(10 rows)

===== 116 [Wed Mar  7 14:30:29 CET 2018] scale:10000000 groups:100 work_mem:128MB incremental:on max_workers:0 =====
SELECT * FROM s_2 ORDER BY a, b, c
                                                                          QUERY PLAN                                                                          
--------------------------------------------------------------------------------------------------------------------------------------------------------------
 Limit  (cost=1120364.20..1120364.20 rows=1 width=20) (actual time=4933.592..4933.592 rows=0 loops=1)
   ->  Incremental Sort  (cost=83.41..1020364.81 rows=9999939 width=20) (actual time=0.256..4717.269 rows=10000000 loops=1)
         Sort Key: s_2.a, s_2.b, s_2.c
         Presorted Key: s_2.a, s_2.b
         Sort Method: quicksort  Memory: 137kB
         Sort Groups: 10201
         ->  Index Only Scan using s_2_a_b_e_d_c_idx on s_2  (cost=0.56..348311.65 rows=9999939 width=20) (actual time=0.079..1410.970 rows=10000000 loops=1)
               Heap Fetches: 0
 Planning time: 0.308 ms
 Execution time: 4933.630 ms
(10 rows)

===== 117 [Wed Mar  7 14:30:53 CET 2018] scale:10000000 groups:100 work_mem:128MB incremental:on max_workers:0 =====
SELECT * FROM s_3 ORDER BY a, b, c, d
                                                                          QUERY PLAN                                                                           
---------------------------------------------------------------------------------------------------------------------------------------------------------------
 Limit  (cost=809412.29..809412.29 rows=1 width=20) (actual time=4605.537..4605.537 rows=0 loops=1)
   ->  Incremental Sort  (cost=1.07..709411.75 rows=10000054 width=20) (actual time=0.094..4387.371 rows=10000000 loops=1)
         Sort Key: s_3.a, s_3.b, s_3.c, s_3.d
         Presorted Key: s_3.a, s_3.b, s_3.c
         Sort Method: quicksort  Memory: 29kB
         Sort Groups: 270967
         ->  Index Only Scan using s_3_a_b_c_e_d_idx on s_3  (cost=0.56..348313.37 rows=10000054 width=20) (actual time=0.038..1305.159 rows=10000000 loops=1)
               Heap Fetches: 0
 Planning time: 0.306 ms
 Execution time: 4605.562 ms
(10 rows)

===== 118 [Wed Mar  7 14:31:16 CET 2018] scale:10000000 groups:100 work_mem:128MB incremental:off max_workers:0 =====
SELECT * FROM s_1 ORDER BY a, b
                                                          QUERY PLAN                                                          
------------------------------------------------------------------------------------------------------------------------------
 Limit  (cost=1656439.93..1656439.93 rows=1 width=20) (actual time=5440.924..5440.924 rows=0 loops=1)
   ->  Sort  (cost=1531440.69..1556440.54 rows=9999939 width=20) (actual time=4395.038..5223.380 rows=10000000 loops=1)
         Sort Key: s_1.a, s_1.b
         Sort Method: external merge  Disk: 293568kB
         ->  Seq Scan on s_1  (cost=0.00..163694.39 rows=9999939 width=20) (actual time=0.023..658.096 rows=10000000 loops=1)
 Planning time: 0.305 ms
 Execution time: 5478.772 ms
(7 rows)

===== 119 [Wed Mar  7 14:31:45 CET 2018] scale:10000000 groups:100 work_mem:128MB incremental:off max_workers:0 =====
SELECT * FROM s_2 ORDER BY a, b, c
                                                          QUERY PLAN                                                          
------------------------------------------------------------------------------------------------------------------------------
 Limit  (cost=1656439.93..1656439.93 rows=1 width=20) (actual time=6298.355..6298.355 rows=0 loops=1)
   ->  Sort  (cost=1531440.69..1556440.54 rows=9999939 width=20) (actual time=5255.784..6080.860 rows=10000000 loops=1)
         Sort Key: s_2.a, s_2.b, s_2.c
         Sort Method: external merge  Disk: 293568kB
         ->  Seq Scan on s_2  (cost=0.00..163694.39 rows=9999939 width=20) (actual time=0.032..654.613 rows=10000000 loops=1)
 Planning time: 0.302 ms
 Execution time: 6336.482 ms
(7 rows)

===== 120 [Wed Mar  7 14:32:19 CET 2018] scale:10000000 groups:100 work_mem:128MB incremental:off max_workers:0 =====
SELECT * FROM s_3 ORDER BY a, b, c, d
                                                          QUERY PLAN                                                           
-------------------------------------------------------------------------------------------------------------------------------
 Limit  (cost=1656460.22..1656460.22 rows=1 width=20) (actual time=7036.498..7036.498 rows=0 loops=1)
   ->  Sort  (cost=1531459.54..1556459.68 rows=10000054 width=20) (actual time=5991.106..6819.138 rows=10000000 loops=1)
         Sort Key: s_3.a, s_3.b, s_3.c, s_3.d
         Sort Method: external merge  Disk: 293568kB
         ->  Seq Scan on s_3  (cost=0.00..163695.54 rows=10000054 width=20) (actual time=0.027..661.261 rows=10000000 loops=1)
 Planning time: 0.287 ms
 Execution time: 7074.480 ms
(7 rows)

===== 121 [Wed Mar  7 14:32:58 CET 2018] scale:10000000 groups:100 work_mem:256MB incremental:on max_workers:0 =====
SELECT * FROM s_1 ORDER BY a, b
                                                                          QUERY PLAN                                                                          
--------------------------------------------------------------------------------------------------------------------------------------------------------------
 Limit  (cost=1453070.74..1453070.74 rows=1 width=20) (actual time=5481.553..5481.553 rows=0 loops=1)
   ->  Incremental Sort  (cost=11664.62..1353071.35 rows=9999939 width=20) (actual time=21.528..5266.562 rows=10000000 loops=1)
         Sort Key: s_1.a, s_1.b
         Presorted Key: s_1.a
         Sort Method: quicksort  Memory: 10937kB
         Sort Groups: 101
         ->  Index Only Scan using s_1_a_e_d_c_b_idx on s_1  (cost=0.56..348311.65 rows=9999939 width=20) (actual time=0.061..1485.338 rows=10000000 loops=1)
               Heap Fetches: 0
 Planning time: 0.304 ms
 Execution time: 5481.690 ms
(10 rows)

===== 122 [Wed Mar  7 14:33:25 CET 2018] scale:10000000 groups:100 work_mem:256MB incremental:on max_workers:0 =====
SELECT * FROM s_2 ORDER BY a, b, c
                                                                          QUERY PLAN                                                                          
--------------------------------------------------------------------------------------------------------------------------------------------------------------
 Limit  (cost=1120364.20..1120364.20 rows=1 width=20) (actual time=4985.670..4985.670 rows=0 loops=1)
   ->  Incremental Sort  (cost=83.41..1020364.81 rows=9999939 width=20) (actual time=0.252..4769.266 rows=10000000 loops=1)
         Sort Key: s_2.a, s_2.b, s_2.c
         Presorted Key: s_2.a, s_2.b
         Sort Method: quicksort  Memory: 137kB
         Sort Groups: 10201
         ->  Index Only Scan using s_2_a_b_e_d_c_idx on s_2  (cost=0.56..348311.65 rows=9999939 width=20) (actual time=0.075..1459.052 rows=10000000 loops=1)
               Heap Fetches: 0
 Planning time: 0.313 ms
 Execution time: 4985.709 ms
(10 rows)

===== 123 [Wed Mar  7 14:33:50 CET 2018] scale:10000000 groups:100 work_mem:256MB incremental:on max_workers:0 =====
SELECT * FROM s_3 ORDER BY a, b, c, d
                                                                          QUERY PLAN                                                                           
---------------------------------------------------------------------------------------------------------------------------------------------------------------
 Limit  (cost=809412.29..809412.29 rows=1 width=20) (actual time=4750.405..4750.405 rows=0 loops=1)
   ->  Incremental Sort  (cost=1.07..709411.75 rows=10000054 width=20) (actual time=0.125..4531.870 rows=10000000 loops=1)
         Sort Key: s_3.a, s_3.b, s_3.c, s_3.d
         Presorted Key: s_3.a, s_3.b, s_3.c
         Sort Method: quicksort  Memory: 29kB
         Sort Groups: 270967
         ->  Index Only Scan using s_3_a_b_c_e_d_idx on s_3  (cost=0.56..348313.37 rows=10000054 width=20) (actual time=0.068..1433.811 rows=10000000 loops=1)
               Heap Fetches: 0
 Planning time: 0.311 ms
 Execution time: 4750.431 ms
(10 rows)

===== 124 [Wed Mar  7 14:34:14 CET 2018] scale:10000000 groups:100 work_mem:256MB incremental:off max_workers:0 =====
SELECT * FROM s_1 ORDER BY a, b
                                                          QUERY PLAN                                                          
------------------------------------------------------------------------------------------------------------------------------
 Limit  (cost=1656439.93..1656439.93 rows=1 width=20) (actual time=5577.200..5577.200 rows=0 loops=1)
   ->  Sort  (cost=1531440.69..1556440.54 rows=9999939 width=20) (actual time=4608.379..5358.917 rows=10000000 loops=1)
         Sort Key: s_1.a, s_1.b
         Sort Method: external merge  Disk: 293552kB
         ->  Seq Scan on s_1  (cost=0.00..163694.39 rows=9999939 width=20) (actual time=0.025..668.244 rows=10000000 loops=1)
 Planning time: 0.283 ms
 Execution time: 5617.697 ms
(7 rows)

===== 125 [Wed Mar  7 14:34:43 CET 2018] scale:10000000 groups:100 work_mem:256MB incremental:off max_workers:0 =====
SELECT * FROM s_2 ORDER BY a, b, c
                                                          QUERY PLAN                                                          
------------------------------------------------------------------------------------------------------------------------------
 Limit  (cost=1656439.93..1656439.93 rows=1 width=20) (actual time=6430.069..6430.069 rows=0 loops=1)
   ->  Sort  (cost=1531440.69..1556440.54 rows=9999939 width=20) (actual time=5463.047..6211.885 rows=10000000 loops=1)
         Sort Key: s_2.a, s_2.b, s_2.c
         Sort Method: external merge  Disk: 293552kB
         ->  Seq Scan on s_2  (cost=0.00..163694.39 rows=9999939 width=20) (actual time=0.029..664.191 rows=10000000 loops=1)
 Planning time: 0.311 ms
 Execution time: 6470.617 ms
(7 rows)

===== 126 [Wed Mar  7 14:35:18 CET 2018] scale:10000000 groups:100 work_mem:256MB incremental:off max_workers:0 =====
SELECT * FROM s_3 ORDER BY a, b, c, d
                                                          QUERY PLAN                                                           
-------------------------------------------------------------------------------------------------------------------------------
 Limit  (cost=1656460.22..1656460.22 rows=1 width=20) (actual time=7172.370..7172.370 rows=0 loops=1)
   ->  Sort  (cost=1531459.54..1556459.68 rows=10000054 width=20) (actual time=6202.021..6954.528 rows=10000000 loops=1)
         Sort Key: s_3.a, s_3.b, s_3.c, s_3.d
         Sort Method: external merge  Disk: 293552kB
         ->  Seq Scan on s_3  (cost=0.00..163695.54 rows=10000054 width=20) (actual time=0.034..669.372 rows=10000000 loops=1)
 Planning time: 0.284 ms
 Execution time: 7212.846 ms
(7 rows)

===== 127 [Wed Mar  7 14:35:57 CET 2018] scale:10000000 groups:100 work_mem:4MB incremental:on max_workers:2 =====
SELECT * FROM s_1 ORDER BY a, b
                                                                          QUERY PLAN                                                                          
--------------------------------------------------------------------------------------------------------------------------------------------------------------
 Limit  (cost=1658454.24..1658454.24 rows=1 width=20) (actual time=5777.280..5777.280 rows=0 loops=1)
   ->  Incremental Sort  (cost=13698.12..1558454.85 rows=9999939 width=20) (actual time=23.569..5553.756 rows=10000000 loops=1)
         Sort Key: s_1.a, s_1.b
         Presorted Key: s_1.a
         Sort Method: external merge  Disk: 2960kB
         Sort Groups: 101
         ->  Index Only Scan using s_1_a_e_d_c_b_idx on s_1  (cost=0.56..348311.65 rows=9999939 width=20) (actual time=0.042..1336.178 rows=10000000 loops=1)
               Heap Fetches: 0
 Planning time: 0.296 ms
 Execution time: 5777.514 ms
(10 rows)

===== 128 [Wed Mar  7 14:36:27 CET 2018] scale:10000000 groups:100 work_mem:4MB incremental:on max_workers:2 =====
SELECT * FROM s_2 ORDER BY a, b, c
                                                                          QUERY PLAN                                                                          
--------------------------------------------------------------------------------------------------------------------------------------------------------------
 Limit  (cost=1120364.20..1120364.20 rows=1 width=20) (actual time=4811.633..4811.633 rows=0 loops=1)
   ->  Incremental Sort  (cost=83.41..1020364.81 rows=9999939 width=20) (actual time=0.220..4595.355 rows=10000000 loops=1)
         Sort Key: s_2.a, s_2.b, s_2.c
         Presorted Key: s_2.a, s_2.b
         Sort Method: quicksort  Memory: 137kB
         Sort Groups: 10201
         ->  Index Only Scan using s_2_a_b_e_d_c_idx on s_2  (cost=0.56..348311.65 rows=9999939 width=20) (actual time=0.052..1298.890 rows=10000000 loops=1)
               Heap Fetches: 0
 Planning time: 0.331 ms
 Execution time: 4811.672 ms
(10 rows)

===== 129 [Wed Mar  7 14:36:52 CET 2018] scale:10000000 groups:100 work_mem:4MB incremental:on max_workers:2 =====
SELECT * FROM s_3 ORDER BY a, b, c, d
                                                                          QUERY PLAN                                                                           
---------------------------------------------------------------------------------------------------------------------------------------------------------------
 Limit  (cost=809412.29..809412.29 rows=1 width=20) (actual time=4743.273..4743.273 rows=0 loops=1)
   ->  Incremental Sort  (cost=1.07..709411.75 rows=10000054 width=20) (actual time=0.128..4525.215 rows=10000000 loops=1)
         Sort Key: s_3.a, s_3.b, s_3.c, s_3.d
         Presorted Key: s_3.a, s_3.b, s_3.c
         Sort Method: quicksort  Memory: 29kB
         Sort Groups: 270967
         ->  Index Only Scan using s_3_a_b_c_e_d_idx on s_3  (cost=0.56..348313.37 rows=10000054 width=20) (actual time=0.063..1461.393 rows=10000000 loops=1)
               Heap Fetches: 0
 Planning time: 0.305 ms
 Execution time: 4743.297 ms
(10 rows)

===== 130 [Wed Mar  7 14:37:15 CET 2018] scale:10000000 groups:100 work_mem:4MB incremental:off max_workers:2 =====
SELECT * FROM s_1 ORDER BY a, b
                                                                 QUERY PLAN                                                                 
--------------------------------------------------------------------------------------------------------------------------------------------
 Limit  (cost=1791007.99..1791007.99 rows=1 width=20) (actual time=3681.782..3681.782 rows=0 loops=1)
   ->  Gather Merge  (cost=735391.06..1707675.17 rows=8333282 width=20) (actual time=1688.654..3446.692 rows=10000000 loops=1)
         Workers Planned: 2
         Workers Launched: 2
         ->  Sort  (cost=734391.04..744807.64 rows=4166641 width=20) (actual time=1685.840..2002.183 rows=3333333 loops=3)
               Sort Key: s_1.a, s_1.b
               Sort Method: external merge  Disk: 97936kB
               Worker 0:  Sort Method: external merge  Disk: 97816kB
               Worker 1:  Sort Method: external merge  Disk: 97856kB
               ->  Parallel Seq Scan on s_1  (cost=0.00..105361.41 rows=4166641 width=20) (actual time=0.016..239.704 rows=3333333 loops=3)
 Planning time: 0.311 ms
 Execution time: 3705.014 ms
(12 rows)

===== 131 [Wed Mar  7 14:37:34 CET 2018] scale:10000000 groups:100 work_mem:4MB incremental:off max_workers:2 =====
SELECT * FROM s_2 ORDER BY a, b, c
                                                                 QUERY PLAN                                                                 
--------------------------------------------------------------------------------------------------------------------------------------------
 Limit  (cost=1791007.99..1791007.99 rows=1 width=20) (actual time=4175.815..4175.815 rows=0 loops=1)
   ->  Gather Merge  (cost=735391.06..1707675.17 rows=8333282 width=20) (actual time=1964.199..3941.072 rows=10000000 loops=1)
         Workers Planned: 2
         Workers Launched: 2
         ->  Sort  (cost=734391.04..744807.64 rows=4166641 width=20) (actual time=1959.498..2271.543 rows=3333333 loops=3)
               Sort Key: s_2.a, s_2.b, s_2.c
               Sort Method: external merge  Disk: 98112kB
               Worker 0:  Sort Method: external merge  Disk: 97744kB
               Worker 1:  Sort Method: external merge  Disk: 97744kB
               ->  Parallel Seq Scan on s_2  (cost=0.00..105361.41 rows=4166641 width=20) (actual time=0.022..230.792 rows=3333333 loops=3)
 Planning time: 0.316 ms
 Execution time: 4197.263 ms
(12 rows)

===== 132 [Wed Mar  7 14:37:56 CET 2018] scale:10000000 groups:100 work_mem:4MB incremental:off max_workers:2 =====
SELECT * FROM s_3 ORDER BY a, b, c, d
                                                                 QUERY PLAN                                                                 
--------------------------------------------------------------------------------------------------------------------------------------------
 Limit  (cost=1791033.26..1791033.26 rows=1 width=20) (actual time=4342.405..4342.405 rows=0 loops=1)
   ->  Gather Merge  (cost=735404.16..1707699.48 rows=8333378 width=20) (actual time=2146.365..4119.950 rows=10000000 loops=1)
         Workers Planned: 2
         Workers Launched: 2
         ->  Sort  (cost=734404.14..744820.86 rows=4166689 width=20) (actual time=2139.807..2452.016 rows=3333333 loops=3)
               Sort Key: s_3.a, s_3.b, s_3.c, s_3.d
               Sort Method: external merge  Disk: 97904kB
               Worker 0:  Sort Method: external merge  Disk: 97744kB
               Worker 1:  Sort Method: external merge  Disk: 97960kB
               ->  Parallel Seq Scan on s_3  (cost=0.00..105361.89 rows=4166689 width=20) (actual time=0.024..235.946 rows=3333333 loops=3)
 Planning time: 0.296 ms
 Execution time: 4365.534 ms
(12 rows)

===== 133 [Wed Mar  7 14:38:19 CET 2018] scale:10000000 groups:100 work_mem:8MB incremental:on max_workers:2 =====
SELECT * FROM s_1 ORDER BY a, b
                                                                          QUERY PLAN                                                                          
--------------------------------------------------------------------------------------------------------------------------------------------------------------
 Limit  (cost=1453070.74..1453070.74 rows=1 width=20) (actual time=6408.178..6408.178 rows=0 loops=1)
   ->  Incremental Sort  (cost=11664.62..1353071.35 rows=9999939 width=20) (actual time=21.605..6185.953 rows=10000000 loops=1)
         Sort Key: s_1.a, s_1.b
         Presorted Key: s_1.a
         Sort Method: external merge  Disk: 2960kB
         Sort Groups: 101
         ->  Index Only Scan using s_1_a_e_d_c_b_idx on s_1  (cost=0.56..348311.65 rows=9999939 width=20) (actual time=0.073..1501.511 rows=10000000 loops=1)
               Heap Fetches: 0
 Planning time: 0.302 ms
 Execution time: 6408.204 ms
(10 rows)

===== 134 [Wed Mar  7 14:38:52 CET 2018] scale:10000000 groups:100 work_mem:8MB incremental:on max_workers:2 =====
SELECT * FROM s_2 ORDER BY a, b, c
                                                                          QUERY PLAN                                                                          
--------------------------------------------------------------------------------------------------------------------------------------------------------------
 Limit  (cost=1120364.20..1120364.20 rows=1 width=20) (actual time=4964.589..4964.589 rows=0 loops=1)
   ->  Incremental Sort  (cost=83.41..1020364.81 rows=9999939 width=20) (actual time=0.244..4748.163 rows=10000000 loops=1)
         Sort Key: s_2.a, s_2.b, s_2.c
         Presorted Key: s_2.a, s_2.b
         Sort Method: quicksort  Memory: 137kB
         Sort Groups: 10201
         ->  Index Only Scan using s_2_a_b_e_d_c_idx on s_2  (cost=0.56..348311.65 rows=9999939 width=20) (actual time=0.063..1439.263 rows=10000000 loops=1)
               Heap Fetches: 0
 Planning time: 0.325 ms
 Execution time: 4964.628 ms
(10 rows)

===== 135 [Wed Mar  7 14:39:17 CET 2018] scale:10000000 groups:100 work_mem:8MB incremental:on max_workers:2 =====
SELECT * FROM s_3 ORDER BY a, b, c, d
                                                                          QUERY PLAN                                                                           
---------------------------------------------------------------------------------------------------------------------------------------------------------------
 Limit  (cost=809412.29..809412.29 rows=1 width=20) (actual time=4724.460..4724.460 rows=0 loops=1)
   ->  Incremental Sort  (cost=1.07..709411.75 rows=10000054 width=20) (actual time=0.134..4506.429 rows=10000000 loops=1)
         Sort Key: s_3.a, s_3.b, s_3.c, s_3.d
         Presorted Key: s_3.a, s_3.b, s_3.c
         Sort Method: quicksort  Memory: 29kB
         Sort Groups: 270967
         ->  Index Only Scan using s_3_a_b_c_e_d_idx on s_3  (cost=0.56..348313.37 rows=10000054 width=20) (actual time=0.073..1444.123 rows=10000000 loops=1)
               Heap Fetches: 0
 Planning time: 0.325 ms
 Execution time: 4724.485 ms
(10 rows)

===== 136 [Wed Mar  7 14:39:40 CET 2018] scale:10000000 groups:100 work_mem:8MB incremental:off max_workers:2 =====
SELECT * FROM s_1 ORDER BY a, b
                                                                 QUERY PLAN                                                                 
--------------------------------------------------------------------------------------------------------------------------------------------
 Limit  (cost=1705558.99..1705558.99 rows=1 width=20) (actual time=3517.143..3517.143 rows=0 loops=1)
   ->  Gather Merge  (cost=649942.06..1622226.17 rows=8333282 width=20) (actual time=1519.417..3281.915 rows=10000000 loops=1)
         Workers Planned: 2
         Workers Launched: 2
         ->  Sort  (cost=648942.04..659358.64 rows=4166641 width=20) (actual time=1517.733..1836.787 rows=3333333 loops=3)
               Sort Key: s_1.a, s_1.b
               Sort Method: external merge  Disk: 97952kB
               Worker 0:  Sort Method: external merge  Disk: 97872kB
               Worker 1:  Sort Method: external merge  Disk: 97792kB
               ->  Parallel Seq Scan on s_1  (cost=0.00..105361.41 rows=4166641 width=20) (actual time=0.016..236.590 rows=3333333 loops=3)
 Planning time: 0.312 ms
 Execution time: 3540.983 ms
(12 rows)

===== 137 [Wed Mar  7 14:39:58 CET 2018] scale:10000000 groups:100 work_mem:8MB incremental:off max_workers:2 =====
SELECT * FROM s_2 ORDER BY a, b, c
                                                                 QUERY PLAN                                                                 
--------------------------------------------------------------------------------------------------------------------------------------------
 Limit  (cost=1705558.99..1705558.99 rows=1 width=20) (actual time=3997.948..3997.948 rows=0 loops=1)
   ->  Gather Merge  (cost=649942.06..1622226.17 rows=8333282 width=20) (actual time=1793.205..3763.296 rows=10000000 loops=1)
         Workers Planned: 2
         Workers Launched: 2
         ->  Sort  (cost=648942.04..659358.64 rows=4166641 width=20) (actual time=1782.779..2096.130 rows=3333333 loops=3)
               Sort Key: s_2.a, s_2.b, s_2.c
               Sort Method: external merge  Disk: 99096kB
               Worker 0:  Sort Method: external merge  Disk: 97792kB
               Worker 1:  Sort Method: external merge  Disk: 96728kB
               ->  Parallel Seq Scan on s_2  (cost=0.00..105361.41 rows=4166641 width=20) (actual time=0.023..237.002 rows=3333333 loops=3)
 Planning time: 0.317 ms
 Execution time: 4021.370 ms
(12 rows)

===== 138 [Wed Mar  7 14:40:19 CET 2018] scale:10000000 groups:100 work_mem:8MB incremental:off max_workers:2 =====
SELECT * FROM s_3 ORDER BY a, b, c, d
                                                                 QUERY PLAN                                                                 
--------------------------------------------------------------------------------------------------------------------------------------------
 Limit  (cost=1705580.76..1705580.76 rows=1 width=20) (actual time=4089.427..4089.427 rows=0 loops=1)
   ->  Gather Merge  (cost=649951.66..1622246.98 rows=8333378 width=20) (actual time=1924.057..3867.141 rows=10000000 loops=1)
         Workers Planned: 2
         Workers Launched: 2
         ->  Sort  (cost=648951.64..659368.36 rows=4166689 width=20) (actual time=1922.075..2235.336 rows=3333333 loops=3)
               Sort Key: s_3.a, s_3.b, s_3.c, s_3.d
               Sort Method: external merge  Disk: 98024kB
               Worker 0:  Sort Method: external merge  Disk: 97792kB
               Worker 1:  Sort Method: external merge  Disk: 97792kB
               ->  Parallel Seq Scan on s_3  (cost=0.00..105361.89 rows=4166689 width=20) (actual time=0.020..236.779 rows=3333333 loops=3)
 Planning time: 0.307 ms
 Execution time: 4111.912 ms
(12 rows)

===== 139 [Wed Mar  7 14:40:40 CET 2018] scale:10000000 groups:100 work_mem:16MB incremental:on max_workers:2 =====
SELECT * FROM s_1 ORDER BY a, b
                                                                          QUERY PLAN                                                                          
--------------------------------------------------------------------------------------------------------------------------------------------------------------
 Limit  (cost=1453070.74..1453070.74 rows=1 width=20) (actual time=5487.364..5487.364 rows=0 loops=1)
   ->  Incremental Sort  (cost=11664.62..1353071.35 rows=9999939 width=20) (actual time=21.562..5271.972 rows=10000000 loops=1)
         Sort Key: s_1.a, s_1.b
         Presorted Key: s_1.a
         Sort Method: quicksort  Memory: 10937kB
         Sort Groups: 101
         ->  Index Only Scan using s_1_a_e_d_c_b_idx on s_1  (cost=0.56..348311.65 rows=9999939 width=20) (actual time=0.063..1486.464 rows=10000000 loops=1)
               Heap Fetches: 0
 Planning time: 0.299 ms
 Execution time: 5487.498 ms
(10 rows)

===== 140 [Wed Mar  7 14:41:08 CET 2018] scale:10000000 groups:100 work_mem:16MB incremental:on max_workers:2 =====
SELECT * FROM s_2 ORDER BY a, b, c
                                                                          QUERY PLAN                                                                          
--------------------------------------------------------------------------------------------------------------------------------------------------------------
 Limit  (cost=1120364.20..1120364.20 rows=1 width=20) (actual time=4849.246..4849.246 rows=0 loops=1)
   ->  Incremental Sort  (cost=83.41..1020364.81 rows=9999939 width=20) (actual time=0.212..4632.912 rows=10000000 loops=1)
         Sort Key: s_2.a, s_2.b, s_2.c
         Presorted Key: s_2.a, s_2.b
         Sort Method: quicksort  Memory: 137kB
         Sort Groups: 10201
         ->  Index Only Scan using s_2_a_b_e_d_c_idx on s_2  (cost=0.56..348311.65 rows=9999939 width=20) (actual time=0.044..1333.923 rows=10000000 loops=1)
               Heap Fetches: 0
 Planning time: 0.329 ms
 Execution time: 4849.286 ms
(10 rows)

===== 141 [Wed Mar  7 14:41:33 CET 2018] scale:10000000 groups:100 work_mem:16MB incremental:on max_workers:2 =====
SELECT * FROM s_3 ORDER BY a, b, c, d
                                                                          QUERY PLAN                                                                           
---------------------------------------------------------------------------------------------------------------------------------------------------------------
 Limit  (cost=809412.29..809412.29 rows=1 width=20) (actual time=4721.212..4721.212 rows=0 loops=1)
   ->  Incremental Sort  (cost=1.07..709411.75 rows=10000054 width=20) (actual time=0.139..4503.194 rows=10000000 loops=1)
         Sort Key: s_3.a, s_3.b, s_3.c, s_3.d
         Presorted Key: s_3.a, s_3.b, s_3.c
         Sort Method: quicksort  Memory: 29kB
         Sort Groups: 270967
         ->  Index Only Scan using s_3_a_b_c_e_d_idx on s_3  (cost=0.56..348313.37 rows=10000054 width=20) (actual time=0.073..1438.480 rows=10000000 loops=1)
               Heap Fetches: 0
 Planning time: 0.314 ms
 Execution time: 4721.240 ms
(10 rows)

===== 142 [Wed Mar  7 14:41:56 CET 2018] scale:10000000 groups:100 work_mem:16MB incremental:off max_workers:2 =====
SELECT * FROM s_1 ORDER BY a, b
                                                          QUERY PLAN                                                          
------------------------------------------------------------------------------------------------------------------------------
 Limit  (cost=1656439.93..1656439.93 rows=1 width=20) (actual time=5095.172..5095.172 rows=0 loops=1)
   ->  Sort  (cost=1531440.69..1556440.54 rows=9999939 width=20) (actual time=3982.031..4875.213 rows=10000000 loops=1)
         Sort Key: s_1.a, s_1.b
         Sort Method: external merge  Disk: 293904kB
         ->  Seq Scan on s_1  (cost=0.00..163694.39 rows=9999939 width=20) (actual time=0.025..651.153 rows=10000000 loops=1)
 Planning time: 0.302 ms
 Execution time: 5128.947 ms
(7 rows)

===== 143 [Wed Mar  7 14:42:22 CET 2018] scale:10000000 groups:100 work_mem:16MB incremental:off max_workers:2 =====
SELECT * FROM s_2 ORDER BY a, b, c
                                                          QUERY PLAN                                                          
------------------------------------------------------------------------------------------------------------------------------
 Limit  (cost=1656439.93..1656439.93 rows=1 width=20) (actual time=6001.288..6001.288 rows=0 loops=1)
   ->  Sort  (cost=1531440.69..1556440.54 rows=9999939 width=20) (actual time=4925.554..5782.773 rows=10000000 loops=1)
         Sort Key: s_2.a, s_2.b, s_2.c
         Sort Method: external merge  Disk: 293904kB
         ->  Seq Scan on s_2  (cost=0.00..163694.39 rows=9999939 width=20) (actual time=0.029..647.637 rows=10000000 loops=1)
 Planning time: 0.308 ms
 Execution time: 6035.167 ms
(7 rows)

===== 144 [Wed Mar  7 14:42:55 CET 2018] scale:10000000 groups:100 work_mem:16MB incremental:off max_workers:2 =====
SELECT * FROM s_3 ORDER BY a, b, c, d
                                                          QUERY PLAN                                                           
-------------------------------------------------------------------------------------------------------------------------------
 Limit  (cost=1656460.22..1656460.22 rows=1 width=20) (actual time=6737.827..6737.827 rows=0 loops=1)
   ->  Sort  (cost=1531459.54..1556459.68 rows=10000054 width=20) (actual time=5663.201..6519.537 rows=10000000 loops=1)
         Sort Key: s_3.a, s_3.b, s_3.c, s_3.d
         Sort Method: external merge  Disk: 293904kB
         ->  Seq Scan on s_3  (cost=0.00..163695.54 rows=10000054 width=20) (actual time=0.033..653.320 rows=10000000 loops=1)
 Planning time: 0.295 ms
 Execution time: 6771.801 ms
(7 rows)

===== 145 [Wed Mar  7 14:43:31 CET 2018] scale:10000000 groups:100 work_mem:32MB incremental:on max_workers:2 =====
SELECT * FROM s_1 ORDER BY a, b
                                                                          QUERY PLAN                                                                          
--------------------------------------------------------------------------------------------------------------------------------------------------------------
 Limit  (cost=1453070.74..1453070.74 rows=1 width=20) (actual time=5494.004..5494.004 rows=0 loops=1)
   ->  Incremental Sort  (cost=11664.62..1353071.35 rows=9999939 width=20) (actual time=21.962..5278.007 rows=10000000 loops=1)
         Sort Key: s_1.a, s_1.b
         Presorted Key: s_1.a
         Sort Method: quicksort  Memory: 10937kB
         Sort Groups: 101
         ->  Index Only Scan using s_1_a_e_d_c_b_idx on s_1  (cost=0.56..348311.65 rows=9999939 width=20) (actual time=0.063..1493.905 rows=10000000 loops=1)
               Heap Fetches: 0
 Planning time: 0.317 ms
 Execution time: 5494.139 ms
(10 rows)

===== 146 [Wed Mar  7 14:43:59 CET 2018] scale:10000000 groups:100 work_mem:32MB incremental:on max_workers:2 =====
SELECT * FROM s_2 ORDER BY a, b, c
                                                                          QUERY PLAN                                                                          
--------------------------------------------------------------------------------------------------------------------------------------------------------------
 Limit  (cost=1120364.20..1120364.20 rows=1 width=20) (actual time=4844.254..4844.254 rows=0 loops=1)
   ->  Incremental Sort  (cost=83.41..1020364.81 rows=9999939 width=20) (actual time=0.241..4627.867 rows=10000000 loops=1)
         Sort Key: s_2.a, s_2.b, s_2.c
         Presorted Key: s_2.a, s_2.b
         Sort Method: quicksort  Memory: 137kB
         Sort Groups: 10201
         ->  Index Only Scan using s_2_a_b_e_d_c_idx on s_2  (cost=0.56..348311.65 rows=9999939 width=20) (actual time=0.065..1329.290 rows=10000000 loops=1)
               Heap Fetches: 0
 Planning time: 0.332 ms
 Execution time: 4844.293 ms
(10 rows)

===== 147 [Wed Mar  7 14:44:24 CET 2018] scale:10000000 groups:100 work_mem:32MB incremental:on max_workers:2 =====
SELECT * FROM s_3 ORDER BY a, b, c, d
                                                                          QUERY PLAN                                                                           
---------------------------------------------------------------------------------------------------------------------------------------------------------------
 Limit  (cost=809412.29..809412.29 rows=1 width=20) (actual time=4573.788..4573.788 rows=0 loops=1)
   ->  Incremental Sort  (cost=1.07..709411.75 rows=10000054 width=20) (actual time=0.119..4356.410 rows=10000000 loops=1)
         Sort Key: s_3.a, s_3.b, s_3.c, s_3.d
         Presorted Key: s_3.a, s_3.b, s_3.c
         Sort Method: quicksort  Memory: 29kB
         Sort Groups: 270967
         ->  Index Only Scan using s_3_a_b_c_e_d_idx on s_3  (cost=0.56..348313.37 rows=10000054 width=20) (actual time=0.046..1303.826 rows=10000000 loops=1)
               Heap Fetches: 0
 Planning time: 0.307 ms
 Execution time: 4573.813 ms
(10 rows)

===== 148 [Wed Mar  7 14:44:47 CET 2018] scale:10000000 groups:100 work_mem:32MB incremental:off max_workers:2 =====
SELECT * FROM s_1 ORDER BY a, b
                                                          QUERY PLAN                                                          
------------------------------------------------------------------------------------------------------------------------------
 Limit  (cost=1656439.93..1656439.93 rows=1 width=20) (actual time=5184.670..5184.670 rows=0 loops=1)
   ->  Sort  (cost=1531440.69..1556440.54 rows=9999939 width=20) (actual time=4109.539..4966.004 rows=10000000 loops=1)
         Sort Key: s_1.a, s_1.b
         Sort Method: external merge  Disk: 293576kB
         ->  Seq Scan on s_1  (cost=0.00..163694.39 rows=9999939 width=20) (actual time=0.028..650.071 rows=10000000 loops=1)
 Planning time: 0.298 ms
 Execution time: 5219.056 ms
(7 rows)

===== 149 [Wed Mar  7 14:45:14 CET 2018] scale:10000000 groups:100 work_mem:32MB incremental:off max_workers:2 =====
SELECT * FROM s_2 ORDER BY a, b, c
                                                          QUERY PLAN                                                          
------------------------------------------------------------------------------------------------------------------------------
 Limit  (cost=1656439.93..1656439.93 rows=1 width=20) (actual time=6058.837..6058.837 rows=0 loops=1)
   ->  Sort  (cost=1531440.69..1556440.54 rows=9999939 width=20) (actual time=5002.603..5841.204 rows=10000000 loops=1)
         Sort Key: s_2.a, s_2.b, s_2.c
         Sort Method: external merge  Disk: 293576kB
         ->  Seq Scan on s_2  (cost=0.00..163694.39 rows=9999939 width=20) (actual time=0.032..646.373 rows=10000000 loops=1)
 Planning time: 0.311 ms
 Execution time: 6093.276 ms
(7 rows)

===== 150 [Wed Mar  7 14:45:46 CET 2018] scale:10000000 groups:100 work_mem:32MB incremental:off max_workers:2 =====
SELECT * FROM s_3 ORDER BY a, b, c, d
                                                          QUERY PLAN                                                           
-------------------------------------------------------------------------------------------------------------------------------
 Limit  (cost=1656460.22..1656460.22 rows=1 width=20) (actual time=6781.060..6781.060 rows=0 loops=1)
   ->  Sort  (cost=1531459.54..1556459.68 rows=10000054 width=20) (actual time=5725.333..6563.332 rows=10000000 loops=1)
         Sort Key: s_3.a, s_3.b, s_3.c, s_3.d
         Sort Method: external merge  Disk: 293576kB
         ->  Seq Scan on s_3  (cost=0.00..163695.54 rows=10000054 width=20) (actual time=0.035..653.225 rows=10000000 loops=1)
 Planning time: 0.294 ms
 Execution time: 6815.459 ms
(7 rows)

===== 151 [Wed Mar  7 14:46:23 CET 2018] scale:10000000 groups:100 work_mem:64MB incremental:on max_workers:2 =====
SELECT * FROM s_1 ORDER BY a, b
                                                                          QUERY PLAN                                                                          
--------------------------------------------------------------------------------------------------------------------------------------------------------------
 Limit  (cost=1453070.74..1453070.74 rows=1 width=20) (actual time=5459.347..5459.347 rows=0 loops=1)
   ->  Incremental Sort  (cost=11664.62..1353071.35 rows=9999939 width=20) (actual time=21.536..5243.435 rows=10000000 loops=1)
         Sort Key: s_1.a, s_1.b
         Presorted Key: s_1.a
         Sort Method: quicksort  Memory: 10937kB
         Sort Groups: 101
         ->  Index Only Scan using s_1_a_e_d_c_b_idx on s_1  (cost=0.56..348311.65 rows=9999939 width=20) (actual time=0.066..1459.519 rows=10000000 loops=1)
               Heap Fetches: 0
 Planning time: 0.305 ms
 Execution time: 5459.484 ms
(10 rows)

===== 152 [Wed Mar  7 14:46:51 CET 2018] scale:10000000 groups:100 work_mem:64MB incremental:on max_workers:2 =====
SELECT * FROM s_2 ORDER BY a, b, c
                                                                          QUERY PLAN                                                                          
--------------------------------------------------------------------------------------------------------------------------------------------------------------
 Limit  (cost=1120364.20..1120364.20 rows=1 width=20) (actual time=4885.751..4885.751 rows=0 loops=1)
   ->  Incremental Sort  (cost=83.41..1020364.81 rows=9999939 width=20) (actual time=0.242..4669.488 rows=10000000 loops=1)
         Sort Key: s_2.a, s_2.b, s_2.c
         Presorted Key: s_2.a, s_2.b
         Sort Method: quicksort  Memory: 137kB
         Sort Groups: 10201
         ->  Index Only Scan using s_2_a_b_e_d_c_idx on s_2  (cost=0.56..348311.65 rows=9999939 width=20) (actual time=0.067..1366.962 rows=10000000 loops=1)
               Heap Fetches: 0
 Planning time: 0.323 ms
 Execution time: 4885.790 ms
(10 rows)

===== 153 [Wed Mar  7 14:47:16 CET 2018] scale:10000000 groups:100 work_mem:64MB incremental:on max_workers:2 =====
SELECT * FROM s_3 ORDER BY a, b, c, d
                                                                          QUERY PLAN                                                                           
---------------------------------------------------------------------------------------------------------------------------------------------------------------
 Limit  (cost=809412.29..809412.29 rows=1 width=20) (actual time=4647.521..4647.521 rows=0 loops=1)
   ->  Incremental Sort  (cost=1.07..709411.75 rows=10000054 width=20) (actual time=0.135..4429.779 rows=10000000 loops=1)
         Sort Key: s_3.a, s_3.b, s_3.c, s_3.d
         Presorted Key: s_3.a, s_3.b, s_3.c
         Sort Method: quicksort  Memory: 29kB
         Sort Groups: 270967
         ->  Index Only Scan using s_3_a_b_c_e_d_idx on s_3  (cost=0.56..348313.37 rows=10000054 width=20) (actual time=0.069..1373.004 rows=10000000 loops=1)
               Heap Fetches: 0
 Planning time: 0.306 ms
 Execution time: 4647.545 ms
(10 rows)

===== 154 [Wed Mar  7 14:47:39 CET 2018] scale:10000000 groups:100 work_mem:64MB incremental:off max_workers:2 =====
SELECT * FROM s_1 ORDER BY a, b
                                                          QUERY PLAN                                                          
------------------------------------------------------------------------------------------------------------------------------
 Limit  (cost=1656439.93..1656439.93 rows=1 width=20) (actual time=5300.179..5300.179 rows=0 loops=1)
   ->  Sort  (cost=1531440.69..1556440.54 rows=9999939 width=20) (actual time=4237.942..5082.126 rows=10000000 loops=1)
         Sort Key: s_1.a, s_1.b
         Sort Method: external merge  Disk: 293648kB
         ->  Seq Scan on s_1  (cost=0.00..163694.39 rows=9999939 width=20) (actual time=0.026..652.594 rows=10000000 loops=1)
 Planning time: 0.304 ms
 Execution time: 5335.843 ms
(7 rows)

===== 155 [Wed Mar  7 14:48:07 CET 2018] scale:10000000 groups:100 work_mem:64MB incremental:off max_workers:2 =====
SELECT * FROM s_2 ORDER BY a, b, c
                                                          QUERY PLAN                                                          
------------------------------------------------------------------------------------------------------------------------------
 Limit  (cost=1656439.93..1656439.93 rows=1 width=20) (actual time=6163.406..6163.406 rows=0 loops=1)
   ->  Sort  (cost=1531440.69..1556440.54 rows=9999939 width=20) (actual time=5110.281..5945.911 rows=10000000 loops=1)
         Sort Key: s_2.a, s_2.b, s_2.c
         Sort Method: external merge  Disk: 293648kB
         ->  Seq Scan on s_2  (cost=0.00..163694.39 rows=9999939 width=20) (actual time=0.039..649.978 rows=10000000 loops=1)
 Planning time: 0.310 ms
 Execution time: 6199.104 ms
(7 rows)

===== 156 [Wed Mar  7 14:48:40 CET 2018] scale:10000000 groups:100 work_mem:64MB incremental:off max_workers:2 =====
SELECT * FROM s_3 ORDER BY a, b, c, d
                                                          QUERY PLAN                                                           
-------------------------------------------------------------------------------------------------------------------------------
 Limit  (cost=1656460.22..1656460.22 rows=1 width=20) (actual time=6901.502..6901.502 rows=0 loops=1)
   ->  Sort  (cost=1531459.54..1556459.68 rows=10000054 width=20) (actual time=5847.939..6684.043 rows=10000000 loops=1)
         Sort Key: s_3.a, s_3.b, s_3.c, s_3.d
         Sort Method: external merge  Disk: 293648kB
         ->  Seq Scan on s_3  (cost=0.00..163695.54 rows=10000054 width=20) (actual time=0.034..655.724 rows=10000000 loops=1)
 Planning time: 0.296 ms
 Execution time: 6937.106 ms
(7 rows)

===== 157 [Wed Mar  7 14:49:18 CET 2018] scale:10000000 groups:100 work_mem:128MB incremental:on max_workers:2 =====
SELECT * FROM s_1 ORDER BY a, b
                                                                          QUERY PLAN                                                                          
--------------------------------------------------------------------------------------------------------------------------------------------------------------
 Limit  (cost=1453070.74..1453070.74 rows=1 width=20) (actual time=5500.958..5500.958 rows=0 loops=1)
   ->  Incremental Sort  (cost=11664.62..1353071.35 rows=9999939 width=20) (actual time=21.581..5286.386 rows=10000000 loops=1)
         Sort Key: s_1.a, s_1.b
         Presorted Key: s_1.a
         Sort Method: quicksort  Memory: 10937kB
         Sort Groups: 101
         ->  Index Only Scan using s_1_a_e_d_c_b_idx on s_1  (cost=0.56..348311.65 rows=9999939 width=20) (actual time=0.071..1499.352 rows=10000000 loops=1)
               Heap Fetches: 0
 Planning time: 0.299 ms
 Execution time: 5501.093 ms
(10 rows)

===== 158 [Wed Mar  7 14:49:45 CET 2018] scale:10000000 groups:100 work_mem:128MB incremental:on max_workers:2 =====
SELECT * FROM s_2 ORDER BY a, b, c
                                                                          QUERY PLAN                                                                          
--------------------------------------------------------------------------------------------------------------------------------------------------------------
 Limit  (cost=1120364.20..1120364.20 rows=1 width=20) (actual time=4990.519..4990.519 rows=0 loops=1)
   ->  Incremental Sort  (cost=83.41..1020364.81 rows=9999939 width=20) (actual time=0.257..4774.236 rows=10000000 loops=1)
         Sort Key: s_2.a, s_2.b, s_2.c
         Presorted Key: s_2.a, s_2.b
         Sort Method: quicksort  Memory: 137kB
         Sort Groups: 10201
         ->  Index Only Scan using s_2_a_b_e_d_c_idx on s_2  (cost=0.56..348311.65 rows=9999939 width=20) (actual time=0.068..1463.206 rows=10000000 loops=1)
               Heap Fetches: 0
 Planning time: 0.322 ms
 Execution time: 4990.558 ms
(10 rows)

===== 159 [Wed Mar  7 14:50:10 CET 2018] scale:10000000 groups:100 work_mem:128MB incremental:on max_workers:2 =====
SELECT * FROM s_3 ORDER BY a, b, c, d
                                                                          QUERY PLAN                                                                           
---------------------------------------------------------------------------------------------------------------------------------------------------------------
 Limit  (cost=809412.29..809412.29 rows=1 width=20) (actual time=4697.778..4697.778 rows=0 loops=1)
   ->  Incremental Sort  (cost=1.07..709411.75 rows=10000054 width=20) (actual time=0.138..4479.923 rows=10000000 loops=1)
         Sort Key: s_3.a, s_3.b, s_3.c, s_3.d
         Presorted Key: s_3.a, s_3.b, s_3.c
         Sort Method: quicksort  Memory: 29kB
         Sort Groups: 270967
         ->  Index Only Scan using s_3_a_b_c_e_d_idx on s_3  (cost=0.56..348313.37 rows=10000054 width=20) (actual time=0.073..1419.185 rows=10000000 loops=1)
               Heap Fetches: 0
 Planning time: 0.307 ms
 Execution time: 4697.802 ms
(10 rows)

===== 160 [Wed Mar  7 14:50:33 CET 2018] scale:10000000 groups:100 work_mem:128MB incremental:off max_workers:2 =====
SELECT * FROM s_1 ORDER BY a, b
                                                          QUERY PLAN                                                          
------------------------------------------------------------------------------------------------------------------------------
 Limit  (cost=1656439.93..1656439.93 rows=1 width=20) (actual time=5451.651..5451.651 rows=0 loops=1)
   ->  Sort  (cost=1531440.69..1556440.54 rows=9999939 width=20) (actual time=4405.017..5234.164 rows=10000000 loops=1)
         Sort Key: s_1.a, s_1.b
         Sort Method: external merge  Disk: 293568kB
         ->  Seq Scan on s_1  (cost=0.00..163694.39 rows=9999939 width=20) (actual time=0.028..657.092 rows=10000000 loops=1)
 Planning time: 0.304 ms
 Execution time: 5489.697 ms
(7 rows)

===== 161 [Wed Mar  7 14:51:02 CET 2018] scale:10000000 groups:100 work_mem:128MB incremental:off max_workers:2 =====
SELECT * FROM s_2 ORDER BY a, b, c
                                                          QUERY PLAN                                                          
------------------------------------------------------------------------------------------------------------------------------
 Limit  (cost=1656439.93..1656439.93 rows=1 width=20) (actual time=6299.148..6299.148 rows=0 loops=1)
   ->  Sort  (cost=1531440.69..1556440.54 rows=9999939 width=20) (actual time=5257.383..6081.712 rows=10000000 loops=1)
         Sort Key: s_2.a, s_2.b, s_2.c
         Sort Method: external merge  Disk: 293568kB
         ->  Seq Scan on s_2  (cost=0.00..163694.39 rows=9999939 width=20) (actual time=0.031..653.821 rows=10000000 loops=1)
 Planning time: 0.305 ms
 Execution time: 6337.065 ms
(7 rows)

===== 162 [Wed Mar  7 14:51:36 CET 2018] scale:10000000 groups:100 work_mem:128MB incremental:off max_workers:2 =====
SELECT * FROM s_3 ORDER BY a, b, c, d
                                                          QUERY PLAN                                                           
-------------------------------------------------------------------------------------------------------------------------------
 Limit  (cost=1656460.22..1656460.22 rows=1 width=20) (actual time=7031.869..7031.869 rows=0 loops=1)
   ->  Sort  (cost=1531459.54..1556459.68 rows=10000054 width=20) (actual time=5987.191..6814.519 rows=10000000 loops=1)
         Sort Key: s_3.a, s_3.b, s_3.c, s_3.d
         Sort Method: external merge  Disk: 293568kB
         ->  Seq Scan on s_3  (cost=0.00..163695.54 rows=10000054 width=20) (actual time=0.030..659.838 rows=10000000 loops=1)
 Planning time: 0.293 ms
 Execution time: 7069.951 ms
(7 rows)

===== 163 [Wed Mar  7 14:52:15 CET 2018] scale:10000000 groups:100 work_mem:256MB incremental:on max_workers:2 =====
SELECT * FROM s_1 ORDER BY a, b
                                                                          QUERY PLAN                                                                          
--------------------------------------------------------------------------------------------------------------------------------------------------------------
 Limit  (cost=1453070.74..1453070.74 rows=1 width=20) (actual time=5465.947..5465.947 rows=0 loops=1)
   ->  Incremental Sort  (cost=11664.62..1353071.35 rows=9999939 width=20) (actual time=20.386..5249.951 rows=10000000 loops=1)
         Sort Key: s_1.a, s_1.b
         Presorted Key: s_1.a
         Sort Method: quicksort  Memory: 10937kB
         Sort Groups: 101
         ->  Index Only Scan using s_1_a_e_d_c_b_idx on s_1  (cost=0.56..348311.65 rows=9999939 width=20) (actual time=0.036..1471.232 rows=10000000 loops=1)
               Heap Fetches: 0
 Planning time: 0.298 ms
 Execution time: 5466.082 ms
(10 rows)

===== 164 [Wed Mar  7 14:52:42 CET 2018] scale:10000000 groups:100 work_mem:256MB incremental:on max_workers:2 =====
SELECT * FROM s_2 ORDER BY a, b, c
                                                                          QUERY PLAN                                                                          
--------------------------------------------------------------------------------------------------------------------------------------------------------------
 Limit  (cost=1120364.20..1120364.20 rows=1 width=20) (actual time=4957.463..4957.463 rows=0 loops=1)
   ->  Incremental Sort  (cost=83.41..1020364.81 rows=9999939 width=20) (actual time=0.220..4741.197 rows=10000000 loops=1)
         Sort Key: s_2.a, s_2.b, s_2.c
         Presorted Key: s_2.a, s_2.b
         Sort Method: quicksort  Memory: 137kB
         Sort Groups: 10201
         ->  Index Only Scan using s_2_a_b_e_d_c_idx on s_2  (cost=0.56..348311.65 rows=9999939 width=20) (actual time=0.052..1431.726 rows=10000000 loops=1)
               Heap Fetches: 0
 Planning time: 0.328 ms
 Execution time: 4957.502 ms
(10 rows)

===== 165 [Wed Mar  7 14:53:07 CET 2018] scale:10000000 groups:100 work_mem:256MB incremental:on max_workers:2 =====
SELECT * FROM s_3 ORDER BY a, b, c, d
                                                                          QUERY PLAN                                                                           
---------------------------------------------------------------------------------------------------------------------------------------------------------------
 Limit  (cost=809412.29..809412.29 rows=1 width=20) (actual time=4721.021..4721.021 rows=0 loops=1)
   ->  Incremental Sort  (cost=1.07..709411.75 rows=10000054 width=20) (actual time=0.134..4503.004 rows=10000000 loops=1)
         Sort Key: s_3.a, s_3.b, s_3.c, s_3.d
         Presorted Key: s_3.a, s_3.b, s_3.c
         Sort Method: quicksort  Memory: 29kB
         Sort Groups: 270967
         ->  Index Only Scan using s_3_a_b_c_e_d_idx on s_3  (cost=0.56..348313.37 rows=10000054 width=20) (actual time=0.070..1441.106 rows=10000000 loops=1)
               Heap Fetches: 0
 Planning time: 0.311 ms
 Execution time: 4721.045 ms
(10 rows)

===== 166 [Wed Mar  7 14:53:30 CET 2018] scale:10000000 groups:100 work_mem:256MB incremental:off max_workers:2 =====
SELECT * FROM s_1 ORDER BY a, b
                                                                 QUERY PLAN                                                                 
--------------------------------------------------------------------------------------------------------------------------------------------
 Limit  (cost=1620109.99..1620109.99 rows=1 width=20) (actual time=3723.118..3723.118 rows=0 loops=1)
   ->  Gather Merge  (cost=564493.06..1536777.17 rows=8333282 width=20) (actual time=1774.264..3488.793 rows=10000000 loops=1)
         Workers Planned: 2
         Workers Launched: 2
         ->  Sort  (cost=563493.04..573909.64 rows=4166641 width=20) (actual time=1757.583..2029.156 rows=3333333 loops=3)
               Sort Key: s_1.a, s_1.b
               Sort Method: external merge  Disk: 99112kB
               Worker 0:  Sort Method: external merge  Disk: 97344kB
               Worker 1:  Sort Method: external merge  Disk: 97104kB
               ->  Parallel Seq Scan on s_1  (cost=0.00..105361.41 rows=4166641 width=20) (actual time=0.017..244.647 rows=3333333 loops=3)
 Planning time: 0.301 ms
 Execution time: 3752.253 ms
(12 rows)

===== 167 [Wed Mar  7 14:53:49 CET 2018] scale:10000000 groups:100 work_mem:256MB incremental:off max_workers:2 =====
SELECT * FROM s_2 ORDER BY a, b, c
                                                                 QUERY PLAN                                                                 
--------------------------------------------------------------------------------------------------------------------------------------------
 Limit  (cost=1620109.99..1620109.99 rows=1 width=20) (actual time=4323.627..4323.627 rows=0 loops=1)
   ->  Gather Merge  (cost=564493.06..1536777.17 rows=8333282 width=20) (actual time=2011.277..4089.038 rows=10000000 loops=1)
         Workers Planned: 2
         Workers Launched: 2
         ->  Sort  (cost=563493.04..573909.64 rows=4166641 width=20) (actual time=2003.248..2278.169 rows=3333333 loops=3)
               Sort Key: s_2.a, s_2.b, s_2.c
               Sort Method: external merge  Disk: 98296kB
               Worker 0:  Sort Method: external merge  Disk: 97656kB
               Worker 1:  Sort Method: external merge  Disk: 97608kB
               ->  Parallel Seq Scan on s_2  (cost=0.00..105361.41 rows=4166641 width=20) (actual time=0.026..244.089 rows=3333333 loops=3)
 Planning time: 0.311 ms
 Execution time: 4353.072 ms
(12 rows)

===== 168 [Wed Mar  7 14:54:12 CET 2018] scale:10000000 groups:100 work_mem:256MB incremental:off max_workers:2 =====
SELECT * FROM s_3 ORDER BY a, b, c, d
                                                                 QUERY PLAN                                                                 
--------------------------------------------------------------------------------------------------------------------------------------------
 Limit  (cost=1620128.26..1620128.26 rows=1 width=20) (actual time=4280.780..4280.780 rows=0 loops=1)
   ->  Gather Merge  (cost=564499.16..1536794.48 rows=8333378 width=20) (actual time=2126.791..4058.482 rows=10000000 loops=1)
         Workers Planned: 2
         Workers Launched: 2
         ->  Sort  (cost=563499.14..573915.86 rows=4166689 width=20) (actual time=2124.020..2397.589 rows=3333333 loops=3)
               Sort Key: s_3.a, s_3.b, s_3.c, s_3.d
               Sort Method: external merge  Disk: 97920kB
               Worker 0:  Sort Method: external merge  Disk: 97712kB
               Worker 1:  Sort Method: external merge  Disk: 97928kB
               ->  Parallel Seq Scan on s_3  (cost=0.00..105361.89 rows=4166689 width=20) (actual time=0.027..244.259 rows=3333333 loops=3)
 Planning time: 0.315 ms
 Execution time: 4309.915 ms
(12 rows)

===== 169 [Wed Mar  7 14:55:44 CET 2018] scale:10000000 groups:1000 work_mem:4MB incremental:on max_workers:0 =====
SELECT * FROM s_1 ORDER BY a, b
                                                                          QUERY PLAN                                                                          
--------------------------------------------------------------------------------------------------------------------------------------------------------------
 Limit  (cost=1287639.02..1287639.02 rows=1 width=20) (actual time=5374.754..5374.754 rows=0 loops=1)
   ->  Incremental Sort  (cost=1012.17..1187639.63 rows=9999939 width=20) (actual time=2.677..5158.983 rows=10000000 loops=1)
         Sort Key: s_1.a, s_1.b
         Presorted Key: s_1.a
         Sort Method: quicksort  Memory: 1189kB
         Sort Groups: 1001
         ->  Index Only Scan using s_1_a_e_d_c_b_idx on s_1  (cost=0.56..348311.65 rows=9999939 width=20) (actual time=0.049..1478.081 rows=10000000 loops=1)
               Heap Fetches: 0
 Planning time: 0.289 ms
 Execution time: 5374.793 ms
(10 rows)

===== 170 [Wed Mar  7 14:56:11 CET 2018] scale:10000000 groups:1000 work_mem:4MB incremental:on max_workers:0 =====
SELECT * FROM s_2 ORDER BY a, b, c
                                                                          QUERY PLAN                                                                          
--------------------------------------------------------------------------------------------------------------------------------------------------------------
 Limit  (cost=809405.23..809405.23 rows=1 width=20) (actual time=4324.347..4324.347 rows=0 loops=1)
   ->  Incremental Sort  (cost=1.07..709405.84 rows=9999939 width=20) (actual time=0.112..4106.224 rows=10000000 loops=1)
         Sort Key: s_2.a, s_2.b, s_2.c
         Presorted Key: s_2.a, s_2.b
         Sort Method: quicksort  Memory: 29kB
         Sort Groups: 270439
         ->  Index Only Scan using s_2_a_b_e_d_c_idx on s_2  (cost=0.56..348311.65 rows=9999939 width=20) (actual time=0.053..1427.620 rows=10000000 loops=1)
               Heap Fetches: 0
 Planning time: 0.314 ms
 Execution time: 4324.372 ms
(10 rows)

===== 171 [Wed Mar  7 14:56:32 CET 2018] scale:10000000 groups:1000 work_mem:4MB incremental:on max_workers:0 =====
SELECT * FROM s_3 ORDER BY a, b, c, d
                                                                          QUERY PLAN                                                                          
--------------------------------------------------------------------------------------------------------------------------------------------------------------
 Limit  (cost=809405.23..809405.23 rows=1 width=20) (actual time=3392.178..3392.178 rows=0 loops=1)
   ->  Incremental Sort  (cost=1.07..709405.84 rows=9999939 width=20) (actual time=0.117..3172.867 rows=10000000 loops=1)
         Sort Key: s_3.a, s_3.b, s_3.c, s_3.d
         Presorted Key: s_3.a, s_3.b, s_3.c
         Sort Method: quicksort  Memory: 27kB
         Sort Groups: 312453
         ->  Index Only Scan using s_3_a_b_c_e_d_idx on s_3  (cost=0.56..348311.65 rows=9999939 width=20) (actual time=0.062..1463.550 rows=10000000 loops=1)
               Heap Fetches: 0
 Planning time: 0.306 ms
 Execution time: 3392.204 ms
(10 rows)

===== 172 [Wed Mar  7 14:56:47 CET 2018] scale:10000000 groups:1000 work_mem:4MB incremental:off max_workers:0 =====
SELECT * FROM s_1 ORDER BY a, b
                                                          QUERY PLAN                                                          
------------------------------------------------------------------------------------------------------------------------------
 Limit  (cost=1861518.93..1861518.93 rows=1 width=20) (actual time=6659.154..6659.154 rows=0 loops=1)
   ->  Sort  (cost=1736519.69..1761519.54 rows=9999939 width=20) (actual time=5603.013..6439.142 rows=10000000 loops=1)
         Sort Key: s_1.a, s_1.b
         Sort Method: external merge  Disk: 293600kB
         ->  Seq Scan on s_1  (cost=0.00..163694.39 rows=9999939 width=20) (actual time=0.019..654.129 rows=10000000 loops=1)
 Planning time: 0.287 ms
 Execution time: 6692.588 ms
(7 rows)

===== 173 [Wed Mar  7 14:57:23 CET 2018] scale:10000000 groups:1000 work_mem:4MB incremental:off max_workers:0 =====
SELECT * FROM s_2 ORDER BY a, b, c
                                                          QUERY PLAN                                                          
------------------------------------------------------------------------------------------------------------------------------
 Limit  (cost=1861518.93..1861518.93 rows=1 width=20) (actual time=7012.108..7012.108 rows=0 loops=1)
   ->  Sort  (cost=1736519.69..1761519.54 rows=9999939 width=20) (actual time=5961.058..6792.472 rows=10000000 loops=1)
         Sort Key: s_2.a, s_2.b, s_2.c
         Sort Method: external merge  Disk: 293600kB
         ->  Seq Scan on s_2  (cost=0.00..163694.39 rows=9999939 width=20) (actual time=0.030..650.278 rows=10000000 loops=1)
 Planning time: 0.291 ms
 Execution time: 7045.580 ms
(7 rows)

===== 174 [Wed Mar  7 14:58:01 CET 2018] scale:10000000 groups:1000 work_mem:4MB incremental:off max_workers:0 =====
SELECT * FROM s_3 ORDER BY a, b, c, d
                                                          QUERY PLAN                                                          
------------------------------------------------------------------------------------------------------------------------------
 Limit  (cost=1861518.93..1861518.93 rows=1 width=20) (actual time=5997.931..5997.931 rows=0 loops=1)
   ->  Sort  (cost=1736519.69..1761519.54 rows=9999939 width=20) (actual time=4943.341..5778.770 rows=10000000 loops=1)
         Sort Key: s_3.a, s_3.b, s_3.c, s_3.d
         Sort Method: external merge  Disk: 293600kB
         ->  Seq Scan on s_3  (cost=0.00..163694.39 rows=9999939 width=20) (actual time=0.033..659.757 rows=10000000 loops=1)
 Planning time: 0.283 ms
 Execution time: 6031.296 ms
(7 rows)

===== 175 [Wed Mar  7 14:58:33 CET 2018] scale:10000000 groups:1000 work_mem:8MB incremental:on max_workers:0 =====
SELECT * FROM s_1 ORDER BY a, b
                                                                          QUERY PLAN                                                                          
--------------------------------------------------------------------------------------------------------------------------------------------------------------
 Limit  (cost=1287639.02..1287639.02 rows=1 width=20) (actual time=5252.992..5252.992 rows=0 loops=1)
   ->  Incremental Sort  (cost=1012.17..1187639.63 rows=9999939 width=20) (actual time=2.735..5037.762 rows=10000000 loops=1)
         Sort Key: s_1.a, s_1.b
         Presorted Key: s_1.a
         Sort Method: quicksort  Memory: 1189kB
         Sort Groups: 1001
         ->  Index Only Scan using s_1_a_e_d_c_b_idx on s_1  (cost=0.56..348311.65 rows=9999939 width=20) (actual time=0.073..1360.325 rows=10000000 loops=1)
               Heap Fetches: 0
 Planning time: 0.287 ms
 Execution time: 5253.039 ms
(10 rows)

===== 176 [Wed Mar  7 14:59:00 CET 2018] scale:10000000 groups:1000 work_mem:8MB incremental:on max_workers:0 =====
SELECT * FROM s_2 ORDER BY a, b, c
                                                                          QUERY PLAN                                                                          
--------------------------------------------------------------------------------------------------------------------------------------------------------------
 Limit  (cost=809405.23..809405.23 rows=1 width=20) (actual time=4359.752..4359.752 rows=0 loops=1)
   ->  Incremental Sort  (cost=1.07..709405.84 rows=9999939 width=20) (actual time=0.127..4141.654 rows=10000000 loops=1)
         Sort Key: s_2.a, s_2.b, s_2.c
         Presorted Key: s_2.a, s_2.b
         Sort Method: quicksort  Memory: 29kB
         Sort Groups: 270439
         ->  Index Only Scan using s_2_a_b_e_d_c_idx on s_2  (cost=0.56..348311.65 rows=9999939 width=20) (actual time=0.067..1456.754 rows=10000000 loops=1)
               Heap Fetches: 0
 Planning time: 0.313 ms
 Execution time: 4359.778 ms
(10 rows)

===== 177 [Wed Mar  7 14:59:21 CET 2018] scale:10000000 groups:1000 work_mem:8MB incremental:on max_workers:0 =====
SELECT * FROM s_3 ORDER BY a, b, c, d
                                                                          QUERY PLAN                                                                          
--------------------------------------------------------------------------------------------------------------------------------------------------------------
 Limit  (cost=809405.23..809405.23 rows=1 width=20) (actual time=3350.433..3350.433 rows=0 loops=1)
   ->  Incremental Sort  (cost=1.07..709405.84 rows=9999939 width=20) (actual time=0.115..3131.136 rows=10000000 loops=1)
         Sort Key: s_3.a, s_3.b, s_3.c, s_3.d
         Presorted Key: s_3.a, s_3.b, s_3.c
         Sort Method: quicksort  Memory: 27kB
         Sort Groups: 312453
         ->  Index Only Scan using s_3_a_b_c_e_d_idx on s_3  (cost=0.56..348311.65 rows=9999939 width=20) (actual time=0.055..1428.562 rows=10000000 loops=1)
               Heap Fetches: 0
 Planning time: 0.305 ms
 Execution time: 3350.458 ms
(10 rows)

===== 178 [Wed Mar  7 14:59:36 CET 2018] scale:10000000 groups:1000 work_mem:8MB incremental:off max_workers:0 =====
SELECT * FROM s_1 ORDER BY a, b
                                                          QUERY PLAN                                                          
------------------------------------------------------------------------------------------------------------------------------
 Limit  (cost=1861518.93..1861518.93 rows=1 width=20) (actual time=6205.009..6205.009 rows=0 loops=1)
   ->  Sort  (cost=1736519.69..1761519.54 rows=9999939 width=20) (actual time=5148.276..5985.289 rows=10000000 loops=1)
         Sort Key: s_1.a, s_1.b
         Sort Method: external merge  Disk: 293608kB
         ->  Seq Scan on s_1  (cost=0.00..163694.39 rows=9999939 width=20) (actual time=0.026..653.445 rows=10000000 loops=1)
 Planning time: 0.286 ms
 Execution time: 6238.494 ms
(7 rows)

===== 179 [Wed Mar  7 15:00:10 CET 2018] scale:10000000 groups:1000 work_mem:8MB incremental:off max_workers:0 =====
SELECT * FROM s_2 ORDER BY a, b, c
                                                          QUERY PLAN                                                          
------------------------------------------------------------------------------------------------------------------------------
 Limit  (cost=1861518.93..1861518.93 rows=1 width=20) (actual time=6384.859..6384.859 rows=0 loops=1)
   ->  Sort  (cost=1736519.69..1761519.54 rows=9999939 width=20) (actual time=5332.760..6165.270 rows=10000000 loops=1)
         Sort Key: s_2.a, s_2.b, s_2.c
         Sort Method: external merge  Disk: 293608kB
         ->  Seq Scan on s_2  (cost=0.00..163694.39 rows=9999939 width=20) (actual time=0.029..650.001 rows=10000000 loops=1)
 Planning time: 0.297 ms
 Execution time: 6418.348 ms
(7 rows)

===== 180 [Wed Mar  7 15:00:44 CET 2018] scale:10000000 groups:1000 work_mem:8MB incremental:off max_workers:0 =====
SELECT * FROM s_3 ORDER BY a, b, c, d
                                                          QUERY PLAN                                                          
------------------------------------------------------------------------------------------------------------------------------
 Limit  (cost=1861518.93..1861518.93 rows=1 width=20) (actual time=5346.075..5346.075 rows=0 loops=1)
   ->  Sort  (cost=1736519.69..1761519.54 rows=9999939 width=20) (actual time=4292.985..5127.351 rows=10000000 loops=1)
         Sort Key: s_3.a, s_3.b, s_3.c, s_3.d
         Sort Method: external merge  Disk: 293608kB
         ->  Seq Scan on s_3  (cost=0.00..163694.39 rows=9999939 width=20) (actual time=0.030..657.690 rows=10000000 loops=1)
 Planning time: 0.295 ms
 Execution time: 5379.693 ms
(7 rows)

===== 181 [Wed Mar  7 15:01:13 CET 2018] scale:10000000 groups:1000 work_mem:16MB incremental:on max_workers:0 =====
SELECT * FROM s_1 ORDER BY a, b
                                                                          QUERY PLAN                                                                          
--------------------------------------------------------------------------------------------------------------------------------------------------------------
 Limit  (cost=1287639.02..1287639.02 rows=1 width=20) (actual time=5385.418..5385.418 rows=0 loops=1)
   ->  Incremental Sort  (cost=1012.17..1187639.63 rows=9999939 width=20) (actual time=2.725..5169.595 rows=10000000 loops=1)
         Sort Key: s_1.a, s_1.b
         Presorted Key: s_1.a
         Sort Method: quicksort  Memory: 1189kB
         Sort Groups: 1001
         ->  Index Only Scan using s_1_a_e_d_c_b_idx on s_1  (cost=0.56..348311.65 rows=9999939 width=20) (actual time=0.065..1489.456 rows=10000000 loops=1)
               Heap Fetches: 0
 Planning time: 0.287 ms
 Execution time: 5385.457 ms
(10 rows)

===== 182 [Wed Mar  7 15:01:40 CET 2018] scale:10000000 groups:1000 work_mem:16MB incremental:on max_workers:0 =====
SELECT * FROM s_2 ORDER BY a, b, c
                                                                          QUERY PLAN                                                                          
--------------------------------------------------------------------------------------------------------------------------------------------------------------
 Limit  (cost=809405.23..809405.23 rows=1 width=20) (actual time=4332.213..4332.213 rows=0 loops=1)
   ->  Incremental Sort  (cost=1.07..709405.84 rows=9999939 width=20) (actual time=0.141..4114.051 rows=10000000 loops=1)
         Sort Key: s_2.a, s_2.b, s_2.c
         Presorted Key: s_2.a, s_2.b
         Sort Method: quicksort  Memory: 29kB
         Sort Groups: 270439
         ->  Index Only Scan using s_2_a_b_e_d_c_idx on s_2  (cost=0.56..348311.65 rows=9999939 width=20) (actual time=0.081..1433.477 rows=10000000 loops=1)
               Heap Fetches: 0
 Planning time: 0.301 ms
 Execution time: 4332.237 ms
(10 rows)

===== 183 [Wed Mar  7 15:02:01 CET 2018] scale:10000000 groups:1000 work_mem:16MB incremental:on max_workers:0 =====
SELECT * FROM s_3 ORDER BY a, b, c, d
                                                                          QUERY PLAN                                                                          
--------------------------------------------------------------------------------------------------------------------------------------------------------------
 Limit  (cost=809405.23..809405.23 rows=1 width=20) (actual time=3380.606..3380.606 rows=0 loops=1)
   ->  Incremental Sort  (cost=1.07..709405.84 rows=9999939 width=20) (actual time=0.126..3161.239 rows=10000000 loops=1)
         Sort Key: s_3.a, s_3.b, s_3.c, s_3.d
         Presorted Key: s_3.a, s_3.b, s_3.c
         Sort Method: quicksort  Memory: 27kB
         Sort Groups: 312453
         ->  Index Only Scan using s_3_a_b_c_e_d_idx on s_3  (cost=0.56..348311.65 rows=9999939 width=20) (actual time=0.067..1455.816 rows=10000000 loops=1)
               Heap Fetches: 0
 Planning time: 0.302 ms
 Execution time: 3380.632 ms
(10 rows)

===== 184 [Wed Mar  7 15:02:16 CET 2018] scale:10000000 groups:1000 work_mem:16MB incremental:off max_workers:0 =====
SELECT * FROM s_1 ORDER BY a, b
                                                          QUERY PLAN                                                          
------------------------------------------------------------------------------------------------------------------------------
 Limit  (cost=1656439.93..1656439.93 rows=1 width=20) (actual time=5602.352..5602.352 rows=0 loops=1)
   ->  Sort  (cost=1531440.69..1556440.54 rows=9999939 width=20) (actual time=4553.005..5384.192 rows=10000000 loops=1)
         Sort Key: s_1.a, s_1.b
         Sort Method: external merge  Disk: 293904kB
         ->  Seq Scan on s_1  (cost=0.00..163694.39 rows=9999939 width=20) (actual time=0.020..650.998 rows=10000000 loops=1)
 Planning time: 0.280 ms
 Execution time: 5635.920 ms
(7 rows)

===== 185 [Wed Mar  7 15:02:45 CET 2018] scale:10000000 groups:1000 work_mem:16MB incremental:off max_workers:0 =====
SELECT * FROM s_2 ORDER BY a, b, c
                                                          QUERY PLAN                                                          
------------------------------------------------------------------------------------------------------------------------------
 Limit  (cost=1656439.93..1656439.93 rows=1 width=20) (actual time=5702.177..5702.177 rows=0 loops=1)
   ->  Sort  (cost=1531440.69..1556440.54 rows=9999939 width=20) (actual time=4659.624..5484.393 rows=10000000 loops=1)
         Sort Key: s_2.a, s_2.b, s_2.c
         Sort Method: external merge  Disk: 293904kB
         ->  Seq Scan on s_2  (cost=0.00..163694.39 rows=9999939 width=20) (actual time=0.032..647.144 rows=10000000 loops=1)
 Planning time: 0.291 ms
 Execution time: 5735.705 ms
(7 rows)

===== 186 [Wed Mar  7 15:03:16 CET 2018] scale:10000000 groups:1000 work_mem:16MB incremental:off max_workers:0 =====
SELECT * FROM s_3 ORDER BY a, b, c, d
                                                          QUERY PLAN                                                          
------------------------------------------------------------------------------------------------------------------------------
 Limit  (cost=1656439.93..1656439.93 rows=1 width=20) (actual time=4654.856..4654.856 rows=0 loops=1)
   ->  Sort  (cost=1531440.69..1556440.54 rows=9999939 width=20) (actual time=3609.738..4437.185 rows=10000000 loops=1)
         Sort Key: s_3.a, s_3.b, s_3.c, s_3.d
         Sort Method: external merge  Disk: 293904kB
         ->  Seq Scan on s_3  (cost=0.00..163694.39 rows=9999939 width=20) (actual time=0.030..654.603 rows=10000000 loops=1)
 Planning time: 0.284 ms
 Execution time: 4688.515 ms
(7 rows)

===== 187 [Wed Mar  7 15:03:40 CET 2018] scale:10000000 groups:1000 work_mem:32MB incremental:on max_workers:0 =====
SELECT * FROM s_1 ORDER BY a, b
                                                                          QUERY PLAN                                                                          
--------------------------------------------------------------------------------------------------------------------------------------------------------------
 Limit  (cost=1287639.02..1287639.02 rows=1 width=20) (actual time=5350.801..5350.801 rows=0 loops=1)
   ->  Incremental Sort  (cost=1012.17..1187639.63 rows=9999939 width=20) (actual time=2.731..5135.297 rows=10000000 loops=1)
         Sort Key: s_1.a, s_1.b
         Presorted Key: s_1.a
         Sort Method: quicksort  Memory: 1189kB
         Sort Groups: 1001
         ->  Index Only Scan using s_1_a_e_d_c_b_idx on s_1  (cost=0.56..348311.65 rows=9999939 width=20) (actual time=0.072..1467.347 rows=10000000 loops=1)
               Heap Fetches: 0
 Planning time: 0.290 ms
 Execution time: 5350.839 ms
(10 rows)

===== 188 [Wed Mar  7 15:04:07 CET 2018] scale:10000000 groups:1000 work_mem:32MB incremental:on max_workers:0 =====
SELECT * FROM s_2 ORDER BY a, b, c
                                                                          QUERY PLAN                                                                          
--------------------------------------------------------------------------------------------------------------------------------------------------------------
 Limit  (cost=809405.23..809405.23 rows=1 width=20) (actual time=4277.888..4277.888 rows=0 loops=1)
   ->  Incremental Sort  (cost=1.07..709405.84 rows=9999939 width=20) (actual time=0.136..4057.868 rows=10000000 loops=1)
         Sort Key: s_2.a, s_2.b, s_2.c
         Presorted Key: s_2.a, s_2.b
         Sort Method: quicksort  Memory: 29kB
         Sort Groups: 270439
         ->  Index Only Scan using s_2_a_b_e_d_c_idx on s_2  (cost=0.56..348311.65 rows=9999939 width=20) (actual time=0.071..1419.177 rows=10000000 loops=1)
               Heap Fetches: 0
 Planning time: 0.301 ms
 Execution time: 4277.913 ms
(10 rows)

===== 189 [Wed Mar  7 15:04:28 CET 2018] scale:10000000 groups:1000 work_mem:32MB incremental:on max_workers:0 =====
SELECT * FROM s_3 ORDER BY a, b, c, d
                                                                          QUERY PLAN                                                                          
--------------------------------------------------------------------------------------------------------------------------------------------------------------
 Limit  (cost=809405.23..809405.23 rows=1 width=20) (actual time=3337.903..3337.903 rows=0 loops=1)
   ->  Incremental Sort  (cost=1.07..709405.84 rows=9999939 width=20) (actual time=0.123..3119.161 rows=10000000 loops=1)
         Sort Key: s_3.a, s_3.b, s_3.c, s_3.d
         Presorted Key: s_3.a, s_3.b, s_3.c
         Sort Method: quicksort  Memory: 27kB
         Sort Groups: 312453
         ->  Index Only Scan using s_3_a_b_c_e_d_idx on s_3  (cost=0.56..348311.65 rows=9999939 width=20) (actual time=0.062..1426.345 rows=10000000 loops=1)
               Heap Fetches: 0
 Planning time: 0.312 ms
 Execution time: 3337.928 ms
(10 rows)

===== 190 [Wed Mar  7 15:04:43 CET 2018] scale:10000000 groups:1000 work_mem:32MB incremental:off max_workers:0 =====
SELECT * FROM s_1 ORDER BY a, b
                                                          QUERY PLAN                                                          
------------------------------------------------------------------------------------------------------------------------------
 Limit  (cost=1656439.93..1656439.93 rows=1 width=20) (actual time=5664.545..5664.545 rows=0 loops=1)
   ->  Sort  (cost=1531440.69..1556440.54 rows=9999939 width=20) (actual time=4620.094..5446.878 rows=10000000 loops=1)
         Sort Key: s_1.a, s_1.b
         Sort Method: external merge  Disk: 293576kB
         ->  Seq Scan on s_1  (cost=0.00..163694.39 rows=9999939 width=20) (actual time=0.023..649.746 rows=10000000 loops=1)
 Planning time: 0.292 ms
 Execution time: 5698.647 ms
(7 rows)

===== 191 [Wed Mar  7 15:05:13 CET 2018] scale:10000000 groups:1000 work_mem:32MB incremental:off max_workers:0 =====
SELECT * FROM s_2 ORDER BY a, b, c
                                                          QUERY PLAN                                                          
------------------------------------------------------------------------------------------------------------------------------
 Limit  (cost=1656439.93..1656439.93 rows=1 width=20) (actual time=5744.535..5744.535 rows=0 loops=1)
   ->  Sort  (cost=1531440.69..1556440.54 rows=9999939 width=20) (actual time=4705.071..5527.204 rows=10000000 loops=1)
         Sort Key: s_2.a, s_2.b, s_2.c
         Sort Method: external merge  Disk: 293576kB
         ->  Seq Scan on s_2  (cost=0.00..163694.39 rows=9999939 width=20) (actual time=0.026..647.515 rows=10000000 loops=1)
 Planning time: 0.281 ms
 Execution time: 5778.584 ms
(7 rows)

===== 192 [Wed Mar  7 15:05:44 CET 2018] scale:10000000 groups:1000 work_mem:32MB incremental:off max_workers:0 =====
SELECT * FROM s_3 ORDER BY a, b, c, d
                                                          QUERY PLAN                                                          
------------------------------------------------------------------------------------------------------------------------------
 Limit  (cost=1656439.93..1656439.93 rows=1 width=20) (actual time=4710.460..4710.460 rows=0 loops=1)
   ->  Sort  (cost=1531440.69..1556440.54 rows=9999939 width=20) (actual time=3670.882..4493.068 rows=10000000 loops=1)
         Sort Key: s_3.a, s_3.b, s_3.c, s_3.d
         Sort Method: external merge  Disk: 293576kB
         ->  Seq Scan on s_3  (cost=0.00..163694.39 rows=9999939 width=20) (actual time=0.035..653.542 rows=10000000 loops=1)
 Planning time: 0.303 ms
 Execution time: 4740.502 ms
(7 rows)

===== 193 [Wed Mar  7 15:06:08 CET 2018] scale:10000000 groups:1000 work_mem:64MB incremental:on max_workers:0 =====
SELECT * FROM s_1 ORDER BY a, b
                                                                          QUERY PLAN                                                                          
--------------------------------------------------------------------------------------------------------------------------------------------------------------
 Limit  (cost=1287639.02..1287639.02 rows=1 width=20) (actual time=5348.718..5348.718 rows=0 loops=1)
   ->  Incremental Sort  (cost=1012.17..1187639.63 rows=9999939 width=20) (actual time=2.726..5133.239 rows=10000000 loops=1)
         Sort Key: s_1.a, s_1.b
         Presorted Key: s_1.a
         Sort Method: quicksort  Memory: 1189kB
         Sort Groups: 1001
         ->  Index Only Scan using s_1_a_e_d_c_b_idx on s_1  (cost=0.56..348311.65 rows=9999939 width=20) (actual time=0.070..1465.662 rows=10000000 loops=1)
               Heap Fetches: 0
 Planning time: 0.287 ms
 Execution time: 5348.760 ms
(10 rows)

===== 194 [Wed Mar  7 15:06:35 CET 2018] scale:10000000 groups:1000 work_mem:64MB incremental:on max_workers:0 =====
SELECT * FROM s_2 ORDER BY a, b, c
                                                                          QUERY PLAN                                                                          
--------------------------------------------------------------------------------------------------------------------------------------------------------------
 Limit  (cost=809405.23..809405.23 rows=1 width=20) (actual time=4160.242..4160.242 rows=0 loops=1)
   ->  Incremental Sort  (cost=1.07..709405.84 rows=9999939 width=20) (actual time=0.131..3940.533 rows=10000000 loops=1)
         Sort Key: s_2.a, s_2.b, s_2.c
         Presorted Key: s_2.a, s_2.b
         Sort Method: quicksort  Memory: 29kB
         Sort Groups: 270439
         ->  Index Only Scan using s_2_a_b_e_d_c_idx on s_2  (cost=0.56..348311.65 rows=9999939 width=20) (actual time=0.073..1315.145 rows=10000000 loops=1)
               Heap Fetches: 0
 Planning time: 0.311 ms
 Execution time: 4160.267 ms
(10 rows)

===== 195 [Wed Mar  7 15:06:56 CET 2018] scale:10000000 groups:1000 work_mem:64MB incremental:on max_workers:0 =====
SELECT * FROM s_3 ORDER BY a, b, c, d
                                                                          QUERY PLAN                                                                          
--------------------------------------------------------------------------------------------------------------------------------------------------------------
 Limit  (cost=809405.23..809405.23 rows=1 width=20) (actual time=3334.911..3334.911 rows=0 loops=1)
   ->  Incremental Sort  (cost=1.07..709405.84 rows=9999939 width=20) (actual time=0.111..3116.166 rows=10000000 loops=1)
         Sort Key: s_3.a, s_3.b, s_3.c, s_3.d
         Presorted Key: s_3.a, s_3.b, s_3.c
         Sort Method: quicksort  Memory: 27kB
         Sort Groups: 312453
         ->  Index Only Scan using s_3_a_b_c_e_d_idx on s_3  (cost=0.56..348311.65 rows=9999939 width=20) (actual time=0.052..1424.143 rows=10000000 loops=1)
               Heap Fetches: 0
 Planning time: 0.307 ms
 Execution time: 3334.936 ms
(10 rows)

===== 196 [Wed Mar  7 15:07:11 CET 2018] scale:10000000 groups:1000 work_mem:64MB incremental:off max_workers:0 =====
SELECT * FROM s_1 ORDER BY a, b
                                                          QUERY PLAN                                                          
------------------------------------------------------------------------------------------------------------------------------
 Limit  (cost=1656439.93..1656439.93 rows=1 width=20) (actual time=5756.024..5756.024 rows=0 loops=1)
   ->  Sort  (cost=1531440.69..1556440.54 rows=9999939 width=20) (actual time=4710.338..5538.509 rows=10000000 loops=1)
         Sort Key: s_1.a, s_1.b
         Sort Method: external merge  Disk: 293648kB
         ->  Seq Scan on s_1  (cost=0.00..163694.39 rows=9999939 width=20) (actual time=0.023..653.452 rows=10000000 loops=1)
 Planning time: 0.280 ms
 Execution time: 5791.210 ms
(7 rows)

===== 197 [Wed Mar  7 15:07:42 CET 2018] scale:10000000 groups:1000 work_mem:64MB incremental:off max_workers:0 =====
SELECT * FROM s_2 ORDER BY a, b, c
                                                          QUERY PLAN                                                          
------------------------------------------------------------------------------------------------------------------------------
 Limit  (cost=1656439.93..1656439.93 rows=1 width=20) (actual time=5840.775..5840.775 rows=0 loops=1)
   ->  Sort  (cost=1531440.69..1556440.54 rows=9999939 width=20) (actual time=4796.437..5623.545 rows=10000000 loops=1)
         Sort Key: s_2.a, s_2.b, s_2.c
         Sort Method: external merge  Disk: 293648kB
         ->  Seq Scan on s_2  (cost=0.00..163694.39 rows=9999939 width=20) (actual time=0.025..649.047 rows=10000000 loops=1)
 Planning time: 0.283 ms
 Execution time: 5875.950 ms
(7 rows)

===== 198 [Wed Mar  7 15:08:13 CET 2018] scale:10000000 groups:1000 work_mem:64MB incremental:off max_workers:0 =====
SELECT * FROM s_3 ORDER BY a, b, c, d
                                                          QUERY PLAN                                                          
------------------------------------------------------------------------------------------------------------------------------
 Limit  (cost=1656439.93..1656439.93 rows=1 width=20) (actual time=4786.058..4786.058 rows=0 loops=1)
   ->  Sort  (cost=1531440.69..1556440.54 rows=9999939 width=20) (actual time=3737.241..4568.549 rows=10000000 loops=1)
         Sort Key: s_3.a, s_3.b, s_3.c, s_3.d
         Sort Method: external merge  Disk: 293648kB
         ->  Seq Scan on s_3  (cost=0.00..163694.39 rows=9999939 width=20) (actual time=0.033..655.077 rows=10000000 loops=1)
 Planning time: 0.304 ms
 Execution time: 4821.350 ms
(7 rows)

===== 199 [Wed Mar  7 15:08:38 CET 2018] scale:10000000 groups:1000 work_mem:128MB incremental:on max_workers:0 =====
SELECT * FROM s_1 ORDER BY a, b
                                                                          QUERY PLAN                                                                          
--------------------------------------------------------------------------------------------------------------------------------------------------------------
 Limit  (cost=1287639.02..1287639.02 rows=1 width=20) (actual time=5213.416..5213.416 rows=0 loops=1)
   ->  Incremental Sort  (cost=1012.17..1187639.63 rows=9999939 width=20) (actual time=2.571..4997.935 rows=10000000 loops=1)
         Sort Key: s_1.a, s_1.b
         Presorted Key: s_1.a
         Sort Method: quicksort  Memory: 1189kB
         Sort Groups: 1001
         ->  Index Only Scan using s_1_a_e_d_c_b_idx on s_1  (cost=0.56..348311.65 rows=9999939 width=20) (actual time=0.040..1339.863 rows=10000000 loops=1)
               Heap Fetches: 0
 Planning time: 0.292 ms
 Execution time: 5213.455 ms
(10 rows)

===== 200 [Wed Mar  7 15:09:05 CET 2018] scale:10000000 groups:1000 work_mem:128MB incremental:on max_workers:0 =====
SELECT * FROM s_2 ORDER BY a, b, c
                                                                          QUERY PLAN                                                                          
--------------------------------------------------------------------------------------------------------------------------------------------------------------
 Limit  (cost=809405.23..809405.23 rows=1 width=20) (actual time=4216.691..4216.691 rows=0 loops=1)
   ->  Incremental Sort  (cost=1.07..709405.84 rows=9999939 width=20) (actual time=0.133..3996.838 rows=10000000 loops=1)
         Sort Key: s_2.a, s_2.b, s_2.c
         Presorted Key: s_2.a, s_2.b
         Sort Method: quicksort  Memory: 29kB
         Sort Groups: 270439
         ->  Index Only Scan using s_2_a_b_e_d_c_idx on s_2  (cost=0.56..348311.65 rows=9999939 width=20) (actual time=0.073..1365.048 rows=10000000 loops=1)
               Heap Fetches: 0
 Planning time: 0.302 ms
 Execution time: 4216.736 ms
(10 rows)

===== 201 [Wed Mar  7 15:09:26 CET 2018] scale:10000000 groups:1000 work_mem:128MB incremental:on max_workers:0 =====
SELECT * FROM s_3 ORDER BY a, b, c, d
                                                                          QUERY PLAN                                                                          
--------------------------------------------------------------------------------------------------------------------------------------------------------------
 Limit  (cost=809405.23..809405.23 rows=1 width=20) (actual time=3186.582..3186.582 rows=0 loops=1)
   ->  Incremental Sort  (cost=1.07..709405.84 rows=9999939 width=20) (actual time=0.090..2968.353 rows=10000000 loops=1)
         Sort Key: s_3.a, s_3.b, s_3.c, s_3.d
         Presorted Key: s_3.a, s_3.b, s_3.c
         Sort Method: quicksort  Memory: 27kB
         Sort Groups: 312453
         ->  Index Only Scan using s_3_a_b_c_e_d_idx on s_3  (cost=0.56..348311.65 rows=9999939 width=20) (actual time=0.027..1289.231 rows=10000000 loops=1)
               Heap Fetches: 0
 Planning time: 0.323 ms
 Execution time: 3186.608 ms
(10 rows)

===== 202 [Wed Mar  7 15:09:41 CET 2018] scale:10000000 groups:1000 work_mem:128MB incremental:off max_workers:0 =====
SELECT * FROM s_1 ORDER BY a, b
                                                          QUERY PLAN                                                          
------------------------------------------------------------------------------------------------------------------------------
 Limit  (cost=1656439.93..1656439.93 rows=1 width=20) (actual time=5880.757..5880.757 rows=0 loops=1)
   ->  Sort  (cost=1531440.69..1556440.54 rows=9999939 width=20) (actual time=4842.778..5663.318 rows=10000000 loops=1)
         Sort Key: s_1.a, s_1.b
         Sort Method: external merge  Disk: 293568kB
         ->  Seq Scan on s_1  (cost=0.00..163694.39 rows=9999939 width=20) (actual time=0.027..656.461 rows=10000000 loops=1)
 Planning time: 0.284 ms
 Execution time: 5918.089 ms
(7 rows)

===== 203 [Wed Mar  7 15:10:13 CET 2018] scale:10000000 groups:1000 work_mem:128MB incremental:off max_workers:0 =====
SELECT * FROM s_2 ORDER BY a, b, c
                                                          QUERY PLAN                                                          
------------------------------------------------------------------------------------------------------------------------------
 Limit  (cost=1656439.93..1656439.93 rows=1 width=20) (actual time=5966.848..5966.848 rows=0 loops=1)
   ->  Sort  (cost=1531440.69..1556440.54 rows=9999939 width=20) (actual time=4931.026..5749.498 rows=10000000 loops=1)
         Sort Key: s_2.a, s_2.b, s_2.c
         Sort Method: external merge  Disk: 293568kB
         ->  Seq Scan on s_2  (cost=0.00..163694.39 rows=9999939 width=20) (actual time=0.032..653.170 rows=10000000 loops=1)
 Planning time: 0.287 ms
 Execution time: 6004.119 ms
(7 rows)

===== 204 [Wed Mar  7 15:10:44 CET 2018] scale:10000000 groups:1000 work_mem:128MB incremental:off max_workers:0 =====
SELECT * FROM s_3 ORDER BY a, b, c, d
                                                          QUERY PLAN                                                          
------------------------------------------------------------------------------------------------------------------------------
 Limit  (cost=1656439.93..1656439.93 rows=1 width=20) (actual time=4920.845..4920.845 rows=0 loops=1)
   ->  Sort  (cost=1531440.69..1556440.54 rows=9999939 width=20) (actual time=3880.383..4703.562 rows=10000000 loops=1)
         Sort Key: s_3.a, s_3.b, s_3.c, s_3.d
         Sort Method: external merge  Disk: 293568kB
         ->  Seq Scan on s_3  (cost=0.00..163694.39 rows=9999939 width=20) (actual time=0.032..659.608 rows=10000000 loops=1)
 Planning time: 0.294 ms
 Execution time: 4958.216 ms
(7 rows)

===== 205 [Wed Mar  7 15:11:10 CET 2018] scale:10000000 groups:1000 work_mem:256MB incremental:on max_workers:0 =====
SELECT * FROM s_1 ORDER BY a, b
                                                                          QUERY PLAN                                                                          
--------------------------------------------------------------------------------------------------------------------------------------------------------------
 Limit  (cost=1287639.02..1287639.02 rows=1 width=20) (actual time=5380.362..5380.362 rows=0 loops=1)
   ->  Incremental Sort  (cost=1012.17..1187639.63 rows=9999939 width=20) (actual time=2.727..5164.632 rows=10000000 loops=1)
         Sort Key: s_1.a, s_1.b
         Presorted Key: s_1.a
         Sort Method: quicksort  Memory: 1189kB
         Sort Groups: 1001
         ->  Index Only Scan using s_1_a_e_d_c_b_idx on s_1  (cost=0.56..348311.65 rows=9999939 width=20) (actual time=0.067..1483.751 rows=10000000 loops=1)
               Heap Fetches: 0
 Planning time: 0.282 ms
 Execution time: 5380.402 ms
(10 rows)

===== 206 [Wed Mar  7 15:11:37 CET 2018] scale:10000000 groups:1000 work_mem:256MB incremental:on max_workers:0 =====
SELECT * FROM s_2 ORDER BY a, b, c
                                                                          QUERY PLAN                                                                          
--------------------------------------------------------------------------------------------------------------------------------------------------------------
 Limit  (cost=809405.23..809405.23 rows=1 width=20) (actual time=4251.137..4251.137 rows=0 loops=1)
   ->  Incremental Sort  (cost=1.07..709405.84 rows=9999939 width=20) (actual time=0.133..4033.245 rows=10000000 loops=1)
         Sort Key: s_2.a, s_2.b, s_2.c
         Presorted Key: s_2.a, s_2.b
         Sort Method: quicksort  Memory: 29kB
         Sort Groups: 270439
         ->  Index Only Scan using s_2_a_b_e_d_c_idx on s_2  (cost=0.56..348311.65 rows=9999939 width=20) (actual time=0.073..1362.721 rows=10000000 loops=1)
               Heap Fetches: 0
 Planning time: 0.302 ms
 Execution time: 4251.162 ms
(10 rows)

===== 207 [Wed Mar  7 15:11:58 CET 2018] scale:10000000 groups:1000 work_mem:256MB incremental:on max_workers:0 =====
SELECT * FROM s_3 ORDER BY a, b, c, d
                                                                          QUERY PLAN                                                                          
--------------------------------------------------------------------------------------------------------------------------------------------------------------
 Limit  (cost=809405.23..809405.23 rows=1 width=20) (actual time=3366.514..3366.514 rows=0 loops=1)
   ->  Incremental Sort  (cost=1.07..709405.84 rows=9999939 width=20) (actual time=0.124..3147.172 rows=10000000 loops=1)
         Sort Key: s_3.a, s_3.b, s_3.c, s_3.d
         Presorted Key: s_3.a, s_3.b, s_3.c
         Sort Method: quicksort  Memory: 27kB
         Sort Groups: 312453
         ->  Index Only Scan using s_3_a_b_c_e_d_idx on s_3  (cost=0.56..348311.65 rows=9999939 width=20) (actual time=0.066..1442.901 rows=10000000 loops=1)
               Heap Fetches: 0
 Planning time: 0.301 ms
 Execution time: 3366.539 ms
(10 rows)

===== 208 [Wed Mar  7 15:12:13 CET 2018] scale:10000000 groups:1000 work_mem:256MB incremental:off max_workers:0 =====
SELECT * FROM s_1 ORDER BY a, b
                                                          QUERY PLAN                                                          
------------------------------------------------------------------------------------------------------------------------------
 Limit  (cost=1656439.93..1656439.93 rows=1 width=20) (actual time=6014.869..6014.869 rows=0 loops=1)
   ->  Sort  (cost=1531440.69..1556440.54 rows=9999939 width=20) (actual time=5049.217..5796.701 rows=10000000 loops=1)
         Sort Key: s_1.a, s_1.b
         Sort Method: external merge  Disk: 293552kB
         ->  Seq Scan on s_1  (cost=0.00..163694.39 rows=9999939 width=20) (actual time=0.030..666.437 rows=10000000 loops=1)
 Planning time: 0.286 ms
 Execution time: 6054.775 ms
(7 rows)

===== 209 [Wed Mar  7 15:12:45 CET 2018] scale:10000000 groups:1000 work_mem:256MB incremental:off max_workers:0 =====
SELECT * FROM s_2 ORDER BY a, b, c
                                                          QUERY PLAN                                                          
------------------------------------------------------------------------------------------------------------------------------
 Limit  (cost=1656439.93..1656439.93 rows=1 width=20) (actual time=6105.124..6105.124 rows=0 loops=1)
   ->  Sort  (cost=1531440.69..1556440.54 rows=9999939 width=20) (actual time=5140.083..5886.978 rows=10000000 loops=1)
         Sort Key: s_2.a, s_2.b, s_2.c
         Sort Method: external merge  Disk: 293552kB
         ->  Seq Scan on s_2  (cost=0.00..163694.39 rows=9999939 width=20) (actual time=0.032..664.538 rows=10000000 loops=1)
 Planning time: 0.293 ms
 Execution time: 6145.034 ms
(7 rows)

===== 210 [Wed Mar  7 15:13:18 CET 2018] scale:10000000 groups:1000 work_mem:256MB incremental:off max_workers:0 =====
SELECT * FROM s_3 ORDER BY a, b, c, d
                                                          QUERY PLAN                                                          
------------------------------------------------------------------------------------------------------------------------------
 Limit  (cost=1656439.93..1656439.93 rows=1 width=20) (actual time=5053.205..5053.205 rows=0 loops=1)
   ->  Sort  (cost=1531440.69..1556440.54 rows=9999939 width=20) (actual time=4084.432..4835.273 rows=10000000 loops=1)
         Sort Key: s_3.a, s_3.b, s_3.c, s_3.d
         Sort Method: external merge  Disk: 293552kB
         ->  Seq Scan on s_3  (cost=0.00..163694.39 rows=9999939 width=20) (actual time=0.029..671.005 rows=10000000 loops=1)
 Planning time: 0.290 ms
 Execution time: 5093.166 ms
(7 rows)

===== 211 [Wed Mar  7 15:13:45 CET 2018] scale:10000000 groups:1000 work_mem:4MB incremental:on max_workers:2 =====
SELECT * FROM s_1 ORDER BY a, b
                                                                          QUERY PLAN                                                                          
--------------------------------------------------------------------------------------------------------------------------------------------------------------
 Limit  (cost=1287639.02..1287639.02 rows=1 width=20) (actual time=5378.168..5378.168 rows=0 loops=1)
   ->  Incremental Sort  (cost=1012.17..1187639.63 rows=9999939 width=20) (actual time=2.728..5163.060 rows=10000000 loops=1)
         Sort Key: s_1.a, s_1.b
         Presorted Key: s_1.a
         Sort Method: quicksort  Memory: 1189kB
         Sort Groups: 1001
         ->  Index Only Scan using s_1_a_e_d_c_b_idx on s_1  (cost=0.56..348311.65 rows=9999939 width=20) (actual time=0.070..1472.581 rows=10000000 loops=1)
               Heap Fetches: 0
 Planning time: 0.297 ms
 Execution time: 5378.206 ms
(10 rows)

===== 212 [Wed Mar  7 15:14:12 CET 2018] scale:10000000 groups:1000 work_mem:4MB incremental:on max_workers:2 =====
SELECT * FROM s_2 ORDER BY a, b, c
                                                                          QUERY PLAN                                                                          
--------------------------------------------------------------------------------------------------------------------------------------------------------------
 Limit  (cost=809405.23..809405.23 rows=1 width=20) (actual time=4333.730..4333.730 rows=0 loops=1)
   ->  Incremental Sort  (cost=1.07..709405.84 rows=9999939 width=20) (actual time=0.145..4115.561 rows=10000000 loops=1)
         Sort Key: s_2.a, s_2.b, s_2.c
         Presorted Key: s_2.a, s_2.b
         Sort Method: quicksort  Memory: 29kB
         Sort Groups: 270439
         ->  Index Only Scan using s_2_a_b_e_d_c_idx on s_2  (cost=0.56..348311.65 rows=9999939 width=20) (actual time=0.080..1434.971 rows=10000000 loops=1)
               Heap Fetches: 0
 Planning time: 0.306 ms
 Execution time: 4333.755 ms
(10 rows)

===== 213 [Wed Mar  7 15:14:33 CET 2018] scale:10000000 groups:1000 work_mem:4MB incremental:on max_workers:2 =====
SELECT * FROM s_3 ORDER BY a, b, c, d
                                                                          QUERY PLAN                                                                          
--------------------------------------------------------------------------------------------------------------------------------------------------------------
 Limit  (cost=809405.23..809405.23 rows=1 width=20) (actual time=3313.412..3313.412 rows=0 loops=1)
   ->  Incremental Sort  (cost=1.07..709405.84 rows=9999939 width=20) (actual time=0.116..3095.841 rows=10000000 loops=1)
         Sort Key: s_3.a, s_3.b, s_3.c, s_3.d
         Presorted Key: s_3.a, s_3.b, s_3.c
         Sort Method: quicksort  Memory: 27kB
         Sort Groups: 312453
         ->  Index Only Scan using s_3_a_b_c_e_d_idx on s_3  (cost=0.56..348311.65 rows=9999939 width=20) (actual time=0.058..1392.586 rows=10000000 loops=1)
               Heap Fetches: 0
 Planning time: 0.311 ms
 Execution time: 3313.437 ms
(10 rows)

===== 214 [Wed Mar  7 15:14:48 CET 2018] scale:10000000 groups:1000 work_mem:4MB incremental:off max_workers:2 =====
SELECT * FROM s_1 ORDER BY a, b
                                                                 QUERY PLAN                                                                 
--------------------------------------------------------------------------------------------------------------------------------------------
 Limit  (cost=1791007.99..1791007.99 rows=1 width=20) (actual time=3911.247..3911.247 rows=0 loops=1)
   ->  Gather Merge  (cost=735391.06..1707675.17 rows=8333282 width=20) (actual time=1854.920..3676.505 rows=10000000 loops=1)
         Workers Planned: 2
         Workers Launched: 2
         ->  Sort  (cost=734391.04..744807.64 rows=4166641 width=20) (actual time=1850.977..2157.095 rows=3333333 loops=3)
               Sort Key: s_1.a, s_1.b
               Sort Method: external merge  Disk: 98312kB
               Worker 0:  Sort Method: external merge  Disk: 97744kB
               Worker 1:  Sort Method: external merge  Disk: 97552kB
               ->  Parallel Seq Scan on s_1  (cost=0.00..105361.41 rows=4166641 width=20) (actual time=0.017..229.851 rows=3333333 loops=3)
 Planning time: 0.296 ms
 Execution time: 3934.497 ms
(12 rows)

===== 215 [Wed Mar  7 15:15:08 CET 2018] scale:10000000 groups:1000 work_mem:4MB incremental:off max_workers:2 =====
SELECT * FROM s_2 ORDER BY a, b, c
                                                                 QUERY PLAN                                                                 
--------------------------------------------------------------------------------------------------------------------------------------------
 Limit  (cost=1791007.99..1791007.99 rows=1 width=20) (actual time=3867.084..3867.084 rows=0 loops=1)
   ->  Gather Merge  (cost=735391.06..1707675.17 rows=8333282 width=20) (actual time=1844.198..3632.065 rows=10000000 loops=1)
         Workers Planned: 2
         Workers Launched: 2
         ->  Sort  (cost=734391.04..744807.64 rows=4166641 width=20) (actual time=1836.822..2143.273 rows=3333333 loops=3)
               Sort Key: s_2.a, s_2.b, s_2.c
               Sort Method: external merge  Disk: 98112kB
               Worker 0:  Sort Method: external merge  Disk: 97744kB
               Worker 1:  Sort Method: external merge  Disk: 97744kB
               ->  Parallel Seq Scan on s_2  (cost=0.00..105361.41 rows=4166641 width=20) (actual time=0.023..231.781 rows=3333333 loops=3)
 Planning time: 0.301 ms
 Execution time: 3888.660 ms
(12 rows)

===== 216 [Wed Mar  7 15:15:28 CET 2018] scale:10000000 groups:1000 work_mem:4MB incremental:off max_workers:2 =====
SELECT * FROM s_3 ORDER BY a, b, c, d
                                                                 QUERY PLAN                                                                 
--------------------------------------------------------------------------------------------------------------------------------------------
 Limit  (cost=1791007.99..1791007.99 rows=1 width=20) (actual time=3485.158..3485.158 rows=0 loops=1)
   ->  Gather Merge  (cost=735391.06..1707675.17 rows=8333282 width=20) (actual time=1478.056..3263.137 rows=10000000 loops=1)
         Workers Planned: 2
         Workers Launched: 2
         ->  Sort  (cost=734391.04..744807.64 rows=4166641 width=20) (actual time=1476.061..1782.708 rows=3333333 loops=3)
               Sort Key: s_3.a, s_3.b, s_3.c, s_3.d
               Sort Method: external merge  Disk: 97984kB
               Worker 0:  Sort Method: external merge  Disk: 97736kB
               Worker 1:  Sort Method: external merge  Disk: 97888kB
               ->  Parallel Seq Scan on s_3  (cost=0.00..105361.41 rows=4166641 width=20) (actual time=0.024..236.397 rows=3333333 loops=3)
 Planning time: 0.306 ms
 Execution time: 3508.543 ms
(12 rows)

===== 217 [Wed Mar  7 15:15:46 CET 2018] scale:10000000 groups:1000 work_mem:8MB incremental:on max_workers:2 =====
SELECT * FROM s_1 ORDER BY a, b
                                                                          QUERY PLAN                                                                          
--------------------------------------------------------------------------------------------------------------------------------------------------------------
 Limit  (cost=1287639.02..1287639.02 rows=1 width=20) (actual time=5316.426..5316.426 rows=0 loops=1)
   ->  Incremental Sort  (cost=1012.17..1187639.63 rows=9999939 width=20) (actual time=2.569..5101.283 rows=10000000 loops=1)
         Sort Key: s_1.a, s_1.b
         Presorted Key: s_1.a
         Sort Method: quicksort  Memory: 1189kB
         Sort Groups: 1001
         ->  Index Only Scan using s_1_a_e_d_c_b_idx on s_1  (cost=0.56..348311.65 rows=9999939 width=20) (actual time=0.044..1416.778 rows=10000000 loops=1)
               Heap Fetches: 0
 Planning time: 0.299 ms
 Execution time: 5316.463 ms
(10 rows)

===== 218 [Wed Mar  7 15:16:13 CET 2018] scale:10000000 groups:1000 work_mem:8MB incremental:on max_workers:2 =====
SELECT * FROM s_2 ORDER BY a, b, c
                                                                          QUERY PLAN                                                                          
--------------------------------------------------------------------------------------------------------------------------------------------------------------
 Limit  (cost=809405.23..809405.23 rows=1 width=20) (actual time=4363.857..4363.857 rows=0 loops=1)
   ->  Incremental Sort  (cost=1.07..709405.84 rows=9999939 width=20) (actual time=0.141..4145.758 rows=10000000 loops=1)
         Sort Key: s_2.a, s_2.b, s_2.c
         Presorted Key: s_2.a, s_2.b
         Sort Method: quicksort  Memory: 29kB
         Sort Groups: 270439
         ->  Index Only Scan using s_2_a_b_e_d_c_idx on s_2  (cost=0.56..348311.65 rows=9999939 width=20) (actual time=0.078..1462.430 rows=10000000 loops=1)
               Heap Fetches: 0
 Planning time: 0.305 ms
 Execution time: 4363.881 ms
(10 rows)

===== 219 [Wed Mar  7 15:16:34 CET 2018] scale:10000000 groups:1000 work_mem:8MB incremental:on max_workers:2 =====
SELECT * FROM s_3 ORDER BY a, b, c, d
                                                                          QUERY PLAN                                                                          
--------------------------------------------------------------------------------------------------------------------------------------------------------------
 Limit  (cost=809405.23..809405.23 rows=1 width=20) (actual time=3277.227..3277.227 rows=0 loops=1)
   ->  Incremental Sort  (cost=1.07..709405.84 rows=9999939 width=20) (actual time=0.085..3059.770 rows=10000000 loops=1)
         Sort Key: s_3.a, s_3.b, s_3.c, s_3.d
         Presorted Key: s_3.a, s_3.b, s_3.c
         Sort Method: quicksort  Memory: 27kB
         Sort Groups: 312453
         ->  Index Only Scan using s_3_a_b_c_e_d_idx on s_3  (cost=0.56..348311.65 rows=9999939 width=20) (actual time=0.027..1361.389 rows=10000000 loops=1)
               Heap Fetches: 0
 Planning time: 0.314 ms
 Execution time: 3277.252 ms
(10 rows)

===== 220 [Wed Mar  7 15:16:49 CET 2018] scale:10000000 groups:1000 work_mem:8MB incremental:off max_workers:2 =====
SELECT * FROM s_1 ORDER BY a, b
                                                                 QUERY PLAN                                                                 
--------------------------------------------------------------------------------------------------------------------------------------------
 Limit  (cost=1705558.99..1705558.99 rows=1 width=20) (actual time=3626.215..3626.215 rows=0 loops=1)
   ->  Gather Merge  (cost=649942.06..1622226.17 rows=8333282 width=20) (actual time=1664.350..3391.609 rows=10000000 loops=1)
         Workers Planned: 2
         Workers Launched: 2
         ->  Sort  (cost=648942.04..659358.64 rows=4166641 width=20) (actual time=1653.859..1960.173 rows=3333333 loops=3)
               Sort Key: s_1.a, s_1.b
               Sort Method: external merge  Disk: 98848kB
               Worker 0:  Sort Method: external merge  Disk: 97792kB
               Worker 1:  Sort Method: external merge  Disk: 96968kB
               ->  Parallel Seq Scan on s_1  (cost=0.00..105361.41 rows=4166641 width=20) (actual time=0.016..232.204 rows=3333333 loops=3)
 Planning time: 0.294 ms
 Execution time: 3649.670 ms
(12 rows)

===== 221 [Wed Mar  7 15:17:07 CET 2018] scale:10000000 groups:1000 work_mem:8MB incremental:off max_workers:2 =====
SELECT * FROM s_2 ORDER BY a, b, c
                                                                 QUERY PLAN                                                                 
--------------------------------------------------------------------------------------------------------------------------------------------
 Limit  (cost=1705558.99..1705558.99 rows=1 width=20) (actual time=3570.737..3570.737 rows=0 loops=1)
   ->  Gather Merge  (cost=649942.06..1622226.17 rows=8333282 width=20) (actual time=1617.694..3336.015 rows=10000000 loops=1)
         Workers Planned: 2
         Workers Launched: 2
         ->  Sort  (cost=648942.04..659358.64 rows=4166641 width=20) (actual time=1612.949..1919.297 rows=3333333 loops=3)
               Sort Key: s_2.a, s_2.b, s_2.c
               Sort Method: external merge  Disk: 98024kB
               Worker 0:  Sort Method: external merge  Disk: 97792kB
               Worker 1:  Sort Method: external merge  Disk: 97792kB
               ->  Parallel Seq Scan on s_2  (cost=0.00..105361.41 rows=4166641 width=20) (actual time=0.026..235.078 rows=3333333 loops=3)
 Planning time: 0.300 ms
 Execution time: 3593.375 ms
(12 rows)

===== 222 [Wed Mar  7 15:17:25 CET 2018] scale:10000000 groups:1000 work_mem:8MB incremental:off max_workers:2 =====
SELECT * FROM s_3 ORDER BY a, b, c, d
                                                                 QUERY PLAN                                                                 
--------------------------------------------------------------------------------------------------------------------------------------------
 Limit  (cost=1705558.99..1705558.99 rows=1 width=20) (actual time=3239.458..3239.458 rows=0 loops=1)
   ->  Gather Merge  (cost=649942.06..1622226.17 rows=8333282 width=20) (actual time=1262.379..3017.338 rows=10000000 loops=1)
         Workers Planned: 2
         Workers Launched: 2
         ->  Sort  (cost=648942.04..659358.64 rows=4166641 width=20) (actual time=1258.149..1564.690 rows=3333333 loops=3)
               Sort Key: s_3.a, s_3.b, s_3.c, s_3.d
               Sort Method: external merge  Disk: 98024kB
               Worker 0:  Sort Method: external merge  Disk: 97800kB
               Worker 1:  Sort Method: external merge  Disk: 97792kB
               ->  Parallel Seq Scan on s_3  (cost=0.00..105361.41 rows=4166641 width=20) (actual time=0.028..236.596 rows=3333333 loops=3)
 Planning time: 0.306 ms
 Execution time: 3261.854 ms
(12 rows)

===== 223 [Wed Mar  7 15:17:42 CET 2018] scale:10000000 groups:1000 work_mem:16MB incremental:on max_workers:2 =====
SELECT * FROM s_1 ORDER BY a, b
                                                                          QUERY PLAN                                                                          
--------------------------------------------------------------------------------------------------------------------------------------------------------------
 Limit  (cost=1287639.02..1287639.02 rows=1 width=20) (actual time=5369.920..5369.920 rows=0 loops=1)
   ->  Incremental Sort  (cost=1012.17..1187639.63 rows=9999939 width=20) (actual time=2.731..5154.645 rows=10000000 loops=1)
         Sort Key: s_1.a, s_1.b
         Presorted Key: s_1.a
         Sort Method: quicksort  Memory: 1189kB
         Sort Groups: 1001
         ->  Index Only Scan using s_1_a_e_d_c_b_idx on s_1  (cost=0.56..348311.65 rows=9999939 width=20) (actual time=0.069..1466.549 rows=10000000 loops=1)
               Heap Fetches: 0
 Planning time: 0.294 ms
 Execution time: 5369.958 ms
(10 rows)

===== 224 [Wed Mar  7 15:18:09 CET 2018] scale:10000000 groups:1000 work_mem:16MB incremental:on max_workers:2 =====
SELECT * FROM s_2 ORDER BY a, b, c
                                                                          QUERY PLAN                                                                          
--------------------------------------------------------------------------------------------------------------------------------------------------------------
 Limit  (cost=809405.23..809405.23 rows=1 width=20) (actual time=4179.284..4179.284 rows=0 loops=1)
   ->  Incremental Sort  (cost=1.07..709405.84 rows=9999939 width=20) (actual time=0.105..3961.600 rows=10000000 loops=1)
         Sort Key: s_2.a, s_2.b, s_2.c
         Presorted Key: s_2.a, s_2.b
         Sort Method: quicksort  Memory: 29kB
         Sort Groups: 270439
         ->  Index Only Scan using s_2_a_b_e_d_c_idx on s_2  (cost=0.56..348311.65 rows=9999939 width=20) (actual time=0.041..1298.969 rows=10000000 loops=1)
               Heap Fetches: 0
 Planning time: 0.305 ms
 Execution time: 4179.308 ms
(10 rows)

===== 225 [Wed Mar  7 15:18:30 CET 2018] scale:10000000 groups:1000 work_mem:16MB incremental:on max_workers:2 =====
SELECT * FROM s_3 ORDER BY a, b, c, d
                                                                          QUERY PLAN                                                                          
--------------------------------------------------------------------------------------------------------------------------------------------------------------
 Limit  (cost=809405.23..809405.23 rows=1 width=20) (actual time=3289.032..3289.032 rows=0 loops=1)
   ->  Incremental Sort  (cost=1.07..709405.84 rows=9999939 width=20) (actual time=0.115..3071.547 rows=10000000 loops=1)
         Sort Key: s_3.a, s_3.b, s_3.c, s_3.d
         Presorted Key: s_3.a, s_3.b, s_3.c
         Sort Method: quicksort  Memory: 27kB
         Sort Groups: 312453
         ->  Index Only Scan using s_3_a_b_c_e_d_idx on s_3  (cost=0.56..348311.65 rows=9999939 width=20) (actual time=0.056..1370.726 rows=10000000 loops=1)
               Heap Fetches: 0
 Planning time: 0.309 ms
 Execution time: 3289.057 ms
(10 rows)

===== 226 [Wed Mar  7 15:18:45 CET 2018] scale:10000000 groups:1000 work_mem:16MB incremental:off max_workers:2 =====
SELECT * FROM s_1 ORDER BY a, b
                                                          QUERY PLAN                                                          
------------------------------------------------------------------------------------------------------------------------------
 Limit  (cost=1656439.93..1656439.93 rows=1 width=20) (actual time=5612.271..5612.271 rows=0 loops=1)
   ->  Sort  (cost=1531440.69..1556440.54 rows=9999939 width=20) (actual time=4561.584..5394.125 rows=10000000 loops=1)
         Sort Key: s_1.a, s_1.b
         Sort Method: external merge  Disk: 293904kB
         ->  Seq Scan on s_1  (cost=0.00..163694.39 rows=9999939 width=20) (actual time=0.027..651.350 rows=10000000 loops=1)
 Planning time: 0.300 ms
 Execution time: 5646.173 ms
(7 rows)

===== 227 [Wed Mar  7 15:19:14 CET 2018] scale:10000000 groups:1000 work_mem:16MB incremental:off max_workers:2 =====
SELECT * FROM s_2 ORDER BY a, b, c
                                                          QUERY PLAN                                                          
------------------------------------------------------------------------------------------------------------------------------
 Limit  (cost=1656439.93..1656439.93 rows=1 width=20) (actual time=5707.129..5707.129 rows=0 loops=1)
   ->  Sort  (cost=1531440.69..1556440.54 rows=9999939 width=20) (actual time=4663.095..5489.361 rows=10000000 loops=1)
         Sort Key: s_2.a, s_2.b, s_2.c
         Sort Method: external merge  Disk: 293904kB
         ->  Seq Scan on s_2  (cost=0.00..163694.39 rows=9999939 width=20) (actual time=0.029..646.682 rows=10000000 loops=1)
 Planning time: 0.307 ms
 Execution time: 5741.067 ms
(7 rows)

===== 228 [Wed Mar  7 15:19:45 CET 2018] scale:10000000 groups:1000 work_mem:16MB incremental:off max_workers:2 =====
SELECT * FROM s_3 ORDER BY a, b, c, d
                                                          QUERY PLAN                                                          
------------------------------------------------------------------------------------------------------------------------------
 Limit  (cost=1656439.93..1656439.93 rows=1 width=20) (actual time=4655.490..4655.490 rows=0 loops=1)
   ->  Sort  (cost=1531440.69..1556440.54 rows=9999939 width=20) (actual time=3612.045..4437.875 rows=10000000 loops=1)
         Sort Key: s_3.a, s_3.b, s_3.c, s_3.d
         Sort Method: external merge  Disk: 293904kB
         ->  Seq Scan on s_3  (cost=0.00..163694.39 rows=9999939 width=20) (actual time=0.035..653.526 rows=10000000 loops=1)
 Planning time: 0.300 ms
 Execution time: 4689.482 ms
(7 rows)

===== 229 [Wed Mar  7 15:20:09 CET 2018] scale:10000000 groups:1000 work_mem:32MB incremental:on max_workers:2 =====
SELECT * FROM s_1 ORDER BY a, b
                                                                          QUERY PLAN                                                                          
--------------------------------------------------------------------------------------------------------------------------------------------------------------
 Limit  (cost=1287639.02..1287639.02 rows=1 width=20) (actual time=5377.577..5377.577 rows=0 loops=1)
   ->  Incremental Sort  (cost=1012.17..1187639.63 rows=9999939 width=20) (actual time=2.735..5162.473 rows=10000000 loops=1)
         Sort Key: s_1.a, s_1.b
         Presorted Key: s_1.a
         Sort Method: quicksort  Memory: 1189kB
         Sort Groups: 1001
         ->  Index Only Scan using s_1_a_e_d_c_b_idx on s_1  (cost=0.56..348311.65 rows=9999939 width=20) (actual time=0.067..1474.988 rows=10000000 loops=1)
               Heap Fetches: 0
 Planning time: 0.290 ms
 Execution time: 5377.614 ms
(10 rows)

===== 230 [Wed Mar  7 15:20:36 CET 2018] scale:10000000 groups:1000 work_mem:32MB incremental:on max_workers:2 =====
SELECT * FROM s_2 ORDER BY a, b, c
                                                                          QUERY PLAN                                                                          
--------------------------------------------------------------------------------------------------------------------------------------------------------------
 Limit  (cost=809405.23..809405.23 rows=1 width=20) (actual time=4335.431..4335.431 rows=0 loops=1)
   ->  Incremental Sort  (cost=1.07..709405.84 rows=9999939 width=20) (actual time=0.139..4117.296 rows=10000000 loops=1)
         Sort Key: s_2.a, s_2.b, s_2.c
         Presorted Key: s_2.a, s_2.b
         Sort Method: quicksort  Memory: 29kB
         Sort Groups: 270439
         ->  Index Only Scan using s_2_a_b_e_d_c_idx on s_2  (cost=0.56..348311.65 rows=9999939 width=20) (actual time=0.077..1437.100 rows=10000000 loops=1)
               Heap Fetches: 0
 Planning time: 0.304 ms
 Execution time: 4335.456 ms
(10 rows)

===== 231 [Wed Mar  7 15:20:57 CET 2018] scale:10000000 groups:1000 work_mem:32MB incremental:on max_workers:2 =====
SELECT * FROM s_3 ORDER BY a, b, c, d
                                                                          QUERY PLAN                                                                          
--------------------------------------------------------------------------------------------------------------------------------------------------------------
 Limit  (cost=809405.23..809405.23 rows=1 width=20) (actual time=3394.468..3394.468 rows=0 loops=1)
   ->  Incremental Sort  (cost=1.07..709405.84 rows=9999939 width=20) (actual time=0.115..3176.718 rows=10000000 loops=1)
         Sort Key: s_3.a, s_3.b, s_3.c, s_3.d
         Presorted Key: s_3.a, s_3.b, s_3.c
         Sort Method: quicksort  Memory: 27kB
         Sort Groups: 312453
         ->  Index Only Scan using s_3_a_b_c_e_d_idx on s_3  (cost=0.56..348311.65 rows=9999939 width=20) (actual time=0.057..1463.793 rows=10000000 loops=1)
               Heap Fetches: 0
 Planning time: 0.312 ms
 Execution time: 3394.493 ms
(10 rows)

===== 232 [Wed Mar  7 15:21:12 CET 2018] scale:10000000 groups:1000 work_mem:32MB incremental:off max_workers:2 =====
SELECT * FROM s_1 ORDER BY a, b
                                                          QUERY PLAN                                                          
------------------------------------------------------------------------------------------------------------------------------
 Limit  (cost=1656439.93..1656439.93 rows=1 width=20) (actual time=5668.107..5668.107 rows=0 loops=1)
   ->  Sort  (cost=1531440.69..1556440.54 rows=9999939 width=20) (actual time=4624.133..5450.454 rows=10000000 loops=1)
         Sort Key: s_1.a, s_1.b
         Sort Method: external merge  Disk: 293576kB
         ->  Seq Scan on s_1  (cost=0.00..163694.39 rows=9999939 width=20) (actual time=0.018..649.212 rows=10000000 loops=1)
 Planning time: 0.291 ms
 Execution time: 5702.626 ms
(7 rows)

===== 233 [Wed Mar  7 15:21:42 CET 2018] scale:10000000 groups:1000 work_mem:32MB incremental:off max_workers:2 =====
SELECT * FROM s_2 ORDER BY a, b, c
                                                          QUERY PLAN                                                          
------------------------------------------------------------------------------------------------------------------------------
 Limit  (cost=1656439.93..1656439.93 rows=1 width=20) (actual time=5750.119..5750.119 rows=0 loops=1)
   ->  Sort  (cost=1531440.69..1556440.54 rows=9999939 width=20) (actual time=4710.034..5532.756 rows=10000000 loops=1)
         Sort Key: s_2.a, s_2.b, s_2.c
         Sort Method: external merge  Disk: 293576kB
         ->  Seq Scan on s_2  (cost=0.00..163694.39 rows=9999939 width=20) (actual time=0.029..646.082 rows=10000000 loops=1)
 Planning time: 0.291 ms
 Execution time: 5784.711 ms
(7 rows)

===== 234 [Wed Mar  7 15:22:13 CET 2018] scale:10000000 groups:1000 work_mem:32MB incremental:off max_workers:2 =====
SELECT * FROM s_3 ORDER BY a, b, c, d
                                                          QUERY PLAN                                                          
------------------------------------------------------------------------------------------------------------------------------
 Limit  (cost=1656439.93..1656439.93 rows=1 width=20) (actual time=4686.589..4686.589 rows=0 loops=1)
   ->  Sort  (cost=1531440.69..1556440.54 rows=9999939 width=20) (actual time=3646.821..4469.163 rows=10000000 loops=1)
         Sort Key: s_3.a, s_3.b, s_3.c, s_3.d
         Sort Method: external merge  Disk: 293576kB
         ->  Seq Scan on s_3  (cost=0.00..163694.39 rows=9999939 width=20) (actual time=0.036..653.787 rows=10000000 loops=1)
 Planning time: 0.293 ms
 Execution time: 4721.144 ms
(7 rows)

===== 235 [Wed Mar  7 15:22:37 CET 2018] scale:10000000 groups:1000 work_mem:64MB incremental:on max_workers:2 =====
SELECT * FROM s_1 ORDER BY a, b
                                                                          QUERY PLAN                                                                          
--------------------------------------------------------------------------------------------------------------------------------------------------------------
 Limit  (cost=1287639.02..1287639.02 rows=1 width=20) (actual time=5351.593..5351.593 rows=0 loops=1)
   ->  Incremental Sort  (cost=1012.17..1187639.63 rows=9999939 width=20) (actual time=2.729..5135.925 rows=10000000 loops=1)
         Sort Key: s_1.a, s_1.b
         Presorted Key: s_1.a
         Sort Method: quicksort  Memory: 1189kB
         Sort Groups: 1001
         ->  Index Only Scan using s_1_a_e_d_c_b_idx on s_1  (cost=0.56..348311.65 rows=9999939 width=20) (actual time=0.064..1453.354 rows=10000000 loops=1)
               Heap Fetches: 0
 Planning time: 0.290 ms
 Execution time: 5351.632 ms
(10 rows)

===== 236 [Wed Mar  7 15:23:04 CET 2018] scale:10000000 groups:1000 work_mem:64MB incremental:on max_workers:2 =====
SELECT * FROM s_2 ORDER BY a, b, c
                                                                          QUERY PLAN                                                                          
--------------------------------------------------------------------------------------------------------------------------------------------------------------
 Limit  (cost=809405.23..809405.23 rows=1 width=20) (actual time=4278.062..4278.062 rows=0 loops=1)
   ->  Incremental Sort  (cost=1.07..709405.84 rows=9999939 width=20) (actual time=0.129..4060.132 rows=10000000 loops=1)
         Sort Key: s_2.a, s_2.b, s_2.c
         Presorted Key: s_2.a, s_2.b
         Sort Method: quicksort  Memory: 29kB
         Sort Groups: 270439
         ->  Index Only Scan using s_2_a_b_e_d_c_idx on s_2  (cost=0.56..348311.65 rows=9999939 width=20) (actual time=0.069..1386.375 rows=10000000 loops=1)
               Heap Fetches: 0
 Planning time: 0.310 ms
 Execution time: 4278.088 ms
(10 rows)

===== 237 [Wed Mar  7 15:23:25 CET 2018] scale:10000000 groups:1000 work_mem:64MB incremental:on max_workers:2 =====
SELECT * FROM s_3 ORDER BY a, b, c, d
                                                                          QUERY PLAN                                                                          
--------------------------------------------------------------------------------------------------------------------------------------------------------------
 Limit  (cost=809405.23..809405.23 rows=1 width=20) (actual time=3294.386..3294.386 rows=0 loops=1)
   ->  Incremental Sort  (cost=1.07..709405.84 rows=9999939 width=20) (actual time=0.086..3076.881 rows=10000000 loops=1)
         Sort Key: s_3.a, s_3.b, s_3.c, s_3.d
         Presorted Key: s_3.a, s_3.b, s_3.c
         Sort Method: quicksort  Memory: 27kB
         Sort Groups: 312453
         ->  Index Only Scan using s_3_a_b_c_e_d_idx on s_3  (cost=0.56..348311.65 rows=9999939 width=20) (actual time=0.028..1376.678 rows=10000000 loops=1)
               Heap Fetches: 0
 Planning time: 0.313 ms
 Execution time: 3294.411 ms
(10 rows)

===== 238 [Wed Mar  7 15:23:40 CET 2018] scale:10000000 groups:1000 work_mem:64MB incremental:off max_workers:2 =====
SELECT * FROM s_1 ORDER BY a, b
                                                          QUERY PLAN                                                          
------------------------------------------------------------------------------------------------------------------------------
 Limit  (cost=1656439.93..1656439.93 rows=1 width=20) (actual time=5753.010..5753.010 rows=0 loops=1)
   ->  Sort  (cost=1531440.69..1556440.54 rows=9999939 width=20) (actual time=4707.468..5535.427 rows=10000000 loops=1)
         Sort Key: s_1.a, s_1.b
         Sort Method: external merge  Disk: 293648kB
         ->  Seq Scan on s_1  (cost=0.00..163694.39 rows=9999939 width=20) (actual time=0.024..651.447 rows=10000000 loops=1)
 Planning time: 0.288 ms
 Execution time: 5788.773 ms
(7 rows)

===== 239 [Wed Mar  7 15:24:11 CET 2018] scale:10000000 groups:1000 work_mem:64MB incremental:off max_workers:2 =====
SELECT * FROM s_2 ORDER BY a, b, c
                                                          QUERY PLAN                                                          
------------------------------------------------------------------------------------------------------------------------------
 Limit  (cost=1656439.93..1656439.93 rows=1 width=20) (actual time=5841.535..5841.535 rows=0 loops=1)
   ->  Sort  (cost=1531440.69..1556440.54 rows=9999939 width=20) (actual time=4796.355..5624.174 rows=10000000 loops=1)
         Sort Key: s_2.a, s_2.b, s_2.c
         Sort Method: external merge  Disk: 293648kB
         ->  Seq Scan on s_2  (cost=0.00..163694.39 rows=9999939 width=20) (actual time=0.031..647.315 rows=10000000 loops=1)
 Planning time: 0.306 ms
 Execution time: 5877.364 ms
(7 rows)

===== 240 [Wed Mar  7 15:24:42 CET 2018] scale:10000000 groups:1000 work_mem:64MB incremental:off max_workers:2 =====
SELECT * FROM s_3 ORDER BY a, b, c, d
                                                          QUERY PLAN                                                          
------------------------------------------------------------------------------------------------------------------------------
 Limit  (cost=1656439.93..1656439.93 rows=1 width=20) (actual time=4786.692..4786.692 rows=0 loops=1)
   ->  Sort  (cost=1531440.69..1556440.54 rows=9999939 width=20) (actual time=3738.018..4569.167 rows=10000000 loops=1)
         Sort Key: s_3.a, s_3.b, s_3.c, s_3.d
         Sort Method: external merge  Disk: 293648kB
         ->  Seq Scan on s_3  (cost=0.00..163694.39 rows=9999939 width=20) (actual time=0.031..656.076 rows=10000000 loops=1)
 Planning time: 0.291 ms
 Execution time: 4822.529 ms
(7 rows)

===== 241 [Wed Mar  7 15:25:07 CET 2018] scale:10000000 groups:1000 work_mem:128MB incremental:on max_workers:2 =====
SELECT * FROM s_1 ORDER BY a, b
                                                                          QUERY PLAN                                                                          
--------------------------------------------------------------------------------------------------------------------------------------------------------------
 Limit  (cost=1287639.02..1287639.02 rows=1 width=20) (actual time=5396.379..5396.379 rows=0 loops=1)
   ->  Incremental Sort  (cost=1012.17..1187639.63 rows=9999939 width=20) (actual time=2.734..5181.293 rows=10000000 loops=1)
         Sort Key: s_1.a, s_1.b
         Presorted Key: s_1.a
         Sort Method: quicksort  Memory: 1189kB
         Sort Groups: 1001
         ->  Index Only Scan using s_1_a_e_d_c_b_idx on s_1  (cost=0.56..348311.65 rows=9999939 width=20) (actual time=0.069..1491.884 rows=10000000 loops=1)
               Heap Fetches: 0
 Planning time: 0.300 ms
 Execution time: 5396.419 ms
(10 rows)

===== 242 [Wed Mar  7 15:25:34 CET 2018] scale:10000000 groups:1000 work_mem:128MB incremental:on max_workers:2 =====
SELECT * FROM s_2 ORDER BY a, b, c
                                                                          QUERY PLAN                                                                          
--------------------------------------------------------------------------------------------------------------------------------------------------------------
 Limit  (cost=809405.23..809405.23 rows=1 width=20) (actual time=4220.943..4220.943 rows=0 loops=1)
   ->  Incremental Sort  (cost=1.07..709405.84 rows=9999939 width=20) (actual time=0.100..4003.188 rows=10000000 loops=1)
         Sort Key: s_2.a, s_2.b, s_2.c
         Presorted Key: s_2.a, s_2.b
         Sort Method: quicksort  Memory: 29kB
         Sort Groups: 270439
         ->  Index Only Scan using s_2_a_b_e_d_c_idx on s_2  (cost=0.56..348311.65 rows=9999939 width=20) (actual time=0.040..1335.929 rows=10000000 loops=1)
               Heap Fetches: 0
 Planning time: 0.315 ms
 Execution time: 4220.968 ms
(10 rows)

===== 243 [Wed Mar  7 15:25:55 CET 2018] scale:10000000 groups:1000 work_mem:128MB incremental:on max_workers:2 =====
SELECT * FROM s_3 ORDER BY a, b, c, d
                                                                          QUERY PLAN                                                                          
--------------------------------------------------------------------------------------------------------------------------------------------------------------
 Limit  (cost=809405.23..809405.23 rows=1 width=20) (actual time=3363.270..3363.270 rows=0 loops=1)
   ->  Incremental Sort  (cost=1.07..709405.84 rows=9999939 width=20) (actual time=0.126..3145.615 rows=10000000 loops=1)
         Sort Key: s_3.a, s_3.b, s_3.c, s_3.d
         Presorted Key: s_3.a, s_3.b, s_3.c
         Sort Method: quicksort  Memory: 27kB
         Sort Groups: 312453
         ->  Index Only Scan using s_3_a_b_c_e_d_idx on s_3  (cost=0.56..348311.65 rows=9999939 width=20) (actual time=0.068..1435.460 rows=10000000 loops=1)
               Heap Fetches: 0
 Planning time: 0.307 ms
 Execution time: 3363.295 ms
(10 rows)

===== 244 [Wed Mar  7 15:26:10 CET 2018] scale:10000000 groups:1000 work_mem:128MB incremental:off max_workers:2 =====
SELECT * FROM s_1 ORDER BY a, b
                                                          QUERY PLAN                                                          
------------------------------------------------------------------------------------------------------------------------------
 Limit  (cost=1656439.93..1656439.93 rows=1 width=20) (actual time=5883.569..5883.569 rows=0 loops=1)
   ->  Sort  (cost=1531440.69..1556440.54 rows=9999939 width=20) (actual time=4845.831..5666.206 rows=10000000 loops=1)
         Sort Key: s_1.a, s_1.b
         Sort Method: external merge  Disk: 293568kB
         ->  Seq Scan on s_1  (cost=0.00..163694.39 rows=9999939 width=20) (actual time=0.017..656.680 rows=10000000 loops=1)
 Planning time: 0.291 ms
 Execution time: 5921.428 ms
(7 rows)

===== 245 [Wed Mar  7 15:26:42 CET 2018] scale:10000000 groups:1000 work_mem:128MB incremental:off max_workers:2 =====
SELECT * FROM s_2 ORDER BY a, b, c
                                                          QUERY PLAN                                                          
------------------------------------------------------------------------------------------------------------------------------
 Limit  (cost=1656439.93..1656439.93 rows=1 width=20) (actual time=5972.332..5972.332 rows=0 loops=1)
   ->  Sort  (cost=1531440.69..1556440.54 rows=9999939 width=20) (actual time=4936.867..5755.017 rows=10000000 loops=1)
         Sort Key: s_2.a, s_2.b, s_2.c
         Sort Method: external merge  Disk: 293568kB
         ->  Seq Scan on s_2  (cost=0.00..163694.39 rows=9999939 width=20) (actual time=0.031..653.052 rows=10000000 loops=1)
 Planning time: 0.292 ms
 Execution time: 6010.208 ms
(7 rows)

===== 246 [Wed Mar  7 15:27:14 CET 2018] scale:10000000 groups:1000 work_mem:128MB incremental:off max_workers:2 =====
SELECT * FROM s_3 ORDER BY a, b, c, d
                                                          QUERY PLAN                                                          
------------------------------------------------------------------------------------------------------------------------------
 Limit  (cost=1656439.93..1656439.93 rows=1 width=20) (actual time=4921.388..4921.388 rows=0 loops=1)
   ->  Sort  (cost=1531440.69..1556440.54 rows=9999939 width=20) (actual time=3880.697..4704.078 rows=10000000 loops=1)
         Sort Key: s_3.a, s_3.b, s_3.c, s_3.d
         Sort Method: external merge  Disk: 293568kB
         ->  Seq Scan on s_3  (cost=0.00..163694.39 rows=9999939 width=20) (actual time=0.029..660.753 rows=10000000 loops=1)
 Planning time: 0.293 ms
 Execution time: 4959.380 ms
(7 rows)

===== 247 [Wed Mar  7 15:27:39 CET 2018] scale:10000000 groups:1000 work_mem:256MB incremental:on max_workers:2 =====
SELECT * FROM s_1 ORDER BY a, b
                                                                          QUERY PLAN                                                                          
--------------------------------------------------------------------------------------------------------------------------------------------------------------
 Limit  (cost=1287639.02..1287639.02 rows=1 width=20) (actual time=5376.831..5376.831 rows=0 loops=1)
   ->  Incremental Sort  (cost=1012.17..1187639.63 rows=9999939 width=20) (actual time=2.723..5161.646 rows=10000000 loops=1)
         Sort Key: s_1.a, s_1.b
         Presorted Key: s_1.a
         Sort Method: quicksort  Memory: 1189kB
         Sort Groups: 1001
         ->  Index Only Scan using s_1_a_e_d_c_b_idx on s_1  (cost=0.56..348311.65 rows=9999939 width=20) (actual time=0.061..1473.240 rows=10000000 loops=1)
               Heap Fetches: 0
 Planning time: 0.296 ms
 Execution time: 5376.868 ms
(10 rows)

===== 248 [Wed Mar  7 15:28:07 CET 2018] scale:10000000 groups:1000 work_mem:256MB incremental:on max_workers:2 =====
SELECT * FROM s_2 ORDER BY a, b, c
                                                                          QUERY PLAN                                                                          
--------------------------------------------------------------------------------------------------------------------------------------------------------------
 Limit  (cost=809405.23..809405.23 rows=1 width=20) (actual time=4354.041..4354.041 rows=0 loops=1)
   ->  Incremental Sort  (cost=1.07..709405.84 rows=9999939 width=20) (actual time=0.135..4135.906 rows=10000000 loops=1)
         Sort Key: s_2.a, s_2.b, s_2.c
         Presorted Key: s_2.a, s_2.b
         Sort Method: quicksort  Memory: 29kB
         Sort Groups: 270439
         ->  Index Only Scan using s_2_a_b_e_d_c_idx on s_2  (cost=0.56..348311.65 rows=9999939 width=20) (actual time=0.075..1453.895 rows=10000000 loops=1)
               Heap Fetches: 0
 Planning time: 0.314 ms
 Execution time: 4354.066 ms
(10 rows)

===== 249 [Wed Mar  7 15:28:27 CET 2018] scale:10000000 groups:1000 work_mem:256MB incremental:on max_workers:2 =====
SELECT * FROM s_3 ORDER BY a, b, c, d
                                                                          QUERY PLAN                                                                          
--------------------------------------------------------------------------------------------------------------------------------------------------------------
 Limit  (cost=809405.23..809405.23 rows=1 width=20) (actual time=3307.858..3307.858 rows=0 loops=1)
   ->  Incremental Sort  (cost=1.07..709405.84 rows=9999939 width=20) (actual time=0.085..3090.174 rows=10000000 loops=1)
         Sort Key: s_3.a, s_3.b, s_3.c, s_3.d
         Presorted Key: s_3.a, s_3.b, s_3.c
         Sort Method: quicksort  Memory: 27kB
         Sort Groups: 312453
         ->  Index Only Scan using s_3_a_b_c_e_d_idx on s_3  (cost=0.56..348311.65 rows=9999939 width=20) (actual time=0.027..1380.421 rows=10000000 loops=1)
               Heap Fetches: 0
 Planning time: 0.323 ms
 Execution time: 3307.882 ms
(10 rows)

===== 250 [Wed Mar  7 15:28:43 CET 2018] scale:10000000 groups:1000 work_mem:256MB incremental:off max_workers:2 =====
SELECT * FROM s_1 ORDER BY a, b
                                                                 QUERY PLAN                                                                 
--------------------------------------------------------------------------------------------------------------------------------------------
 Limit  (cost=1620109.99..1620109.99 rows=1 width=20) (actual time=3947.718..3947.718 rows=0 loops=1)
   ->  Gather Merge  (cost=564493.06..1536777.17 rows=8333282 width=20) (actual time=1887.778..3712.913 rows=10000000 loops=1)
         Workers Planned: 2
         Workers Launched: 2
         ->  Sort  (cost=563493.04..573909.64 rows=4166641 width=20) (actual time=1858.864..2126.886 rows=3333333 loops=3)
               Sort Key: s_1.a, s_1.b
               Sort Method: external merge  Disk: 99928kB
               Worker 0:  Sort Method: external merge  Disk: 97120kB
               Worker 1:  Sort Method: external merge  Disk: 96512kB
               ->  Parallel Seq Scan on s_1  (cost=0.00..105361.41 rows=4166641 width=20) (actual time=0.020..243.636 rows=3333333 loops=3)
 Planning time: 0.303 ms
 Execution time: 3976.490 ms
(12 rows)

===== 251 [Wed Mar  7 15:29:03 CET 2018] scale:10000000 groups:1000 work_mem:256MB incremental:off max_workers:2 =====
SELECT * FROM s_2 ORDER BY a, b, c
                                                                 QUERY PLAN                                                                 
--------------------------------------------------------------------------------------------------------------------------------------------
 Limit  (cost=1620109.99..1620109.99 rows=1 width=20) (actual time=3756.681..3756.681 rows=0 loops=1)
   ->  Gather Merge  (cost=564493.06..1536777.17 rows=8333282 width=20) (actual time=1823.221..3522.446 rows=10000000 loops=1)
         Workers Planned: 2
         Workers Launched: 2
         ->  Sort  (cost=563493.04..573909.64 rows=4166641 width=20) (actual time=1802.259..2070.809 rows=3333333 loops=3)
               Sort Key: s_2.a, s_2.b, s_2.c
               Sort Method: external merge  Disk: 99424kB
               Worker 0:  Sort Method: external merge  Disk: 96768kB
               Worker 1:  Sort Method: external merge  Disk: 97368kB
               ->  Parallel Seq Scan on s_2  (cost=0.00..105361.41 rows=4166641 width=20) (actual time=0.024..242.363 rows=3333333 loops=3)
 Planning time: 0.302 ms
 Execution time: 3785.636 ms
(12 rows)

===== 252 [Wed Mar  7 15:29:22 CET 2018] scale:10000000 groups:1000 work_mem:256MB incremental:off max_workers:2 =====
SELECT * FROM s_3 ORDER BY a, b, c, d
                                                                 QUERY PLAN                                                                 
--------------------------------------------------------------------------------------------------------------------------------------------
 Limit  (cost=1620109.99..1620109.99 rows=1 width=20) (actual time=3374.294..3374.294 rows=0 loops=1)
   ->  Gather Merge  (cost=564493.06..1536777.17 rows=8333282 width=20) (actual time=1455.953..3153.311 rows=10000000 loops=1)
         Workers Planned: 2
         Workers Launched: 2
         ->  Sort  (cost=563493.04..573909.64 rows=4166641 width=20) (actual time=1448.946..1720.937 rows=3333333 loops=3)
               Sort Key: s_3.a, s_3.b, s_3.c, s_3.d
               Sort Method: external merge  Disk: 98392kB
               Worker 0:  Sort Method: external merge  Disk: 96936kB
               Worker 1:  Sort Method: external merge  Disk: 98232kB
               ->  Parallel Seq Scan on s_3  (cost=0.00..105361.41 rows=4166641 width=20) (actual time=0.026..243.321 rows=3333333 loops=3)
 Planning time: 0.306 ms
 Execution time: 3402.455 ms
(12 rows)

===== 253 [Wed Mar  7 15:30:48 CET 2018] scale:10000000 groups:10000 work_mem:4MB incremental:on max_workers:0 =====
SELECT * FROM s_1 ORDER BY a, b
                                                                          QUERY PLAN                                                                           
---------------------------------------------------------------------------------------------------------------------------------------------------------------
 Limit  (cost=1125421.51..1125421.51 rows=1 width=20) (actual time=5088.141..5088.141 rows=0 loops=1)
   ->  Incremental Sort  (cost=89.96..1025420.97 rows=10000054 width=20) (actual time=0.344..4871.784 rows=10000000 loops=1)
         Sort Key: s_1.a, s_1.b
         Presorted Key: s_1.a
         Sort Method: quicksort  Memory: 136kB
         Sort Groups: 10001
         ->  Index Only Scan using s_1_a_e_d_c_b_idx on s_1  (cost=0.56..348313.37 rows=10000054 width=20) (actual time=0.053..1445.894 rows=10000000 loops=1)
               Heap Fetches: 0
 Planning time: 0.294 ms
 Execution time: 5088.174 ms
(10 rows)

===== 254 [Wed Mar  7 15:31:14 CET 2018] scale:10000000 groups:10000 work_mem:4MB incremental:on max_workers:0 =====
SELECT * FROM s_2 ORDER BY a, b, c
                                                                          QUERY PLAN                                                                          
--------------------------------------------------------------------------------------------------------------------------------------------------------------
 Limit  (cost=809405.23..809405.23 rows=1 width=20) (actual time=3497.349..3497.349 rows=0 loops=1)
   ->  Incremental Sort  (cost=1.07..709405.84 rows=9999939 width=20) (actual time=0.108..3277.831 rows=10000000 loops=1)
         Sort Key: s_2.a, s_2.b, s_2.c
         Presorted Key: s_2.a, s_2.b
         Sort Method: quicksort  Memory: 27kB
         Sort Groups: 312012
         ->  Index Only Scan using s_2_a_b_e_d_c_idx on s_2  (cost=0.56..348311.65 rows=9999939 width=20) (actual time=0.055..1428.515 rows=10000000 loops=1)
               Heap Fetches: 0
 Planning time: 0.320 ms
 Execution time: 3497.374 ms
(10 rows)

===== 255 [Wed Mar  7 15:31:30 CET 2018] scale:10000000 groups:10000 work_mem:4MB incremental:on max_workers:0 =====
SELECT * FROM s_3 ORDER BY a, b, c, d
                                                                          QUERY PLAN                                                                          
--------------------------------------------------------------------------------------------------------------------------------------------------------------
 Limit  (cost=809405.23..809405.23 rows=1 width=20) (actual time=3288.855..3288.855 rows=0 loops=1)
   ->  Incremental Sort  (cost=1.07..709405.84 rows=9999939 width=20) (actual time=0.119..3069.648 rows=10000000 loops=1)
         Sort Key: s_3.a, s_3.b, s_3.c, s_3.d
         Presorted Key: s_3.a, s_3.b, s_3.c
         Sort Method: quicksort  Memory: 27kB
         Sort Groups: 312500
         ->  Index Only Scan using s_3_a_b_c_e_d_idx on s_3  (cost=0.56..348311.65 rows=9999939 width=20) (actual time=0.063..1463.288 rows=10000000 loops=1)
               Heap Fetches: 0
 Planning time: 0.325 ms
 Execution time: 3288.880 ms
(10 rows)

===== 256 [Wed Mar  7 15:31:44 CET 2018] scale:10000000 groups:10000 work_mem:4MB incremental:off max_workers:0 =====
SELECT * FROM s_1 ORDER BY a, b
                                                          QUERY PLAN                                                           
-------------------------------------------------------------------------------------------------------------------------------
 Limit  (cost=1861542.72..1861542.72 rows=1 width=20) (actual time=6801.611..6801.611 rows=0 loops=1)
   ->  Sort  (cost=1736542.04..1761542.18 rows=10000054 width=20) (actual time=5751.713..6581.713 rows=10000000 loops=1)
         Sort Key: s_1.a, s_1.b
         Sort Method: external merge  Disk: 293600kB
         ->  Seq Scan on s_1  (cost=0.00..163695.54 rows=10000054 width=20) (actual time=0.018..653.109 rows=10000000 loops=1)
 Planning time: 0.289 ms
 Execution time: 6834.158 ms
(7 rows)

===== 257 [Wed Mar  7 15:32:21 CET 2018] scale:10000000 groups:10000 work_mem:4MB incremental:off max_workers:0 =====
SELECT * FROM s_2 ORDER BY a, b, c
                                                          QUERY PLAN                                                          
------------------------------------------------------------------------------------------------------------------------------
 Limit  (cost=1861518.93..1861518.93 rows=1 width=20) (actual time=5997.542..5997.542 rows=0 loops=1)
   ->  Sort  (cost=1736519.69..1761519.54 rows=9999939 width=20) (actual time=4949.383..5778.009 rows=10000000 loops=1)
         Sort Key: s_2.a, s_2.b, s_2.c
         Sort Method: external merge  Disk: 293600kB
         ->  Seq Scan on s_2  (cost=0.00..163694.39 rows=9999939 width=20) (actual time=0.035..650.343 rows=10000000 loops=1)
 Planning time: 0.308 ms
 Execution time: 6030.458 ms
(7 rows)

===== 258 [Wed Mar  7 15:32:53 CET 2018] scale:10000000 groups:10000 work_mem:4MB incremental:off max_workers:0 =====
SELECT * FROM s_3 ORDER BY a, b, c, d
                                                          QUERY PLAN                                                          
------------------------------------------------------------------------------------------------------------------------------
 Limit  (cost=1861518.93..1861518.93 rows=1 width=20) (actual time=4591.048..4591.048 rows=0 loops=1)
   ->  Sort  (cost=1736519.69..1761519.54 rows=9999939 width=20) (actual time=3539.471..4371.893 rows=10000000 loops=1)
         Sort Key: s_3.a, s_3.b, s_3.c, s_3.d
         Sort Method: external merge  Disk: 293600kB
         ->  Seq Scan on s_3  (cost=0.00..163694.39 rows=9999939 width=20) (actual time=0.033..657.559 rows=10000000 loops=1)
 Planning time: 0.306 ms
 Execution time: 4623.922 ms
(7 rows)

===== 259 [Wed Mar  7 15:33:17 CET 2018] scale:10000000 groups:10000 work_mem:8MB incremental:on max_workers:0 =====
SELECT * FROM s_1 ORDER BY a, b
                                                                          QUERY PLAN                                                                           
---------------------------------------------------------------------------------------------------------------------------------------------------------------
 Limit  (cost=1125421.51..1125421.51 rows=1 width=20) (actual time=5017.359..5017.359 rows=0 loops=1)
   ->  Incremental Sort  (cost=89.96..1025420.97 rows=10000054 width=20) (actual time=0.307..4801.042 rows=10000000 loops=1)
         Sort Key: s_1.a, s_1.b
         Presorted Key: s_1.a
         Sort Method: quicksort  Memory: 136kB
         Sort Groups: 10001
         ->  Index Only Scan using s_1_a_e_d_c_b_idx on s_1  (cost=0.56..348313.37 rows=10000054 width=20) (actual time=0.028..1381.935 rows=10000000 loops=1)
               Heap Fetches: 0
 Planning time: 0.286 ms
 Execution time: 5017.394 ms
(10 rows)

===== 260 [Wed Mar  7 15:33:43 CET 2018] scale:10000000 groups:10000 work_mem:8MB incremental:on max_workers:0 =====
SELECT * FROM s_2 ORDER BY a, b, c
                                                                          QUERY PLAN                                                                          
--------------------------------------------------------------------------------------------------------------------------------------------------------------
 Limit  (cost=809405.23..809405.23 rows=1 width=20) (actual time=3388.322..3388.322 rows=0 loops=1)
   ->  Incremental Sort  (cost=1.07..709405.84 rows=9999939 width=20) (actual time=0.092..3169.121 rows=10000000 loops=1)
         Sort Key: s_2.a, s_2.b, s_2.c
         Presorted Key: s_2.a, s_2.b
         Sort Method: quicksort  Memory: 27kB
         Sort Groups: 312012
         ->  Index Only Scan using s_2_a_b_e_d_c_idx on s_2  (cost=0.56..348311.65 rows=9999939 width=20) (actual time=0.039..1331.958 rows=10000000 loops=1)
               Heap Fetches: 0
 Planning time: 0.312 ms
 Execution time: 3388.347 ms
(10 rows)

===== 261 [Wed Mar  7 15:33:58 CET 2018] scale:10000000 groups:10000 work_mem:8MB incremental:on max_workers:0 =====
SELECT * FROM s_3 ORDER BY a, b, c, d
                                                                          QUERY PLAN                                                                          
--------------------------------------------------------------------------------------------------------------------------------------------------------------
 Limit  (cost=809405.23..809405.23 rows=1 width=20) (actual time=3247.401..3247.401 rows=0 loops=1)
   ->  Incremental Sort  (cost=1.07..709405.84 rows=9999939 width=20) (actual time=0.109..3028.143 rows=10000000 loops=1)
         Sort Key: s_3.a, s_3.b, s_3.c, s_3.d
         Presorted Key: s_3.a, s_3.b, s_3.c
         Sort Method: quicksort  Memory: 27kB
         Sort Groups: 312500
         ->  Index Only Scan using s_3_a_b_c_e_d_idx on s_3  (cost=0.56..348311.65 rows=9999939 width=20) (actual time=0.055..1431.799 rows=10000000 loops=1)
               Heap Fetches: 0
 Planning time: 0.301 ms
 Execution time: 3247.425 ms
(10 rows)

===== 262 [Wed Mar  7 15:34:13 CET 2018] scale:10000000 groups:10000 work_mem:8MB incremental:off max_workers:0 =====
SELECT * FROM s_1 ORDER BY a, b
                                                          QUERY PLAN                                                           
-------------------------------------------------------------------------------------------------------------------------------
 Limit  (cost=1861542.72..1861542.72 rows=1 width=20) (actual time=6243.559..6243.559 rows=0 loops=1)
   ->  Sort  (cost=1736542.04..1761542.18 rows=10000054 width=20) (actual time=5192.047..6023.862 rows=10000000 loops=1)
         Sort Key: s_1.a, s_1.b
         Sort Method: external merge  Disk: 293608kB
         ->  Seq Scan on s_1  (cost=0.00..163695.54 rows=10000054 width=20) (actual time=0.027..652.656 rows=10000000 loops=1)
 Planning time: 0.289 ms
 Execution time: 6272.405 ms
(7 rows)

===== 263 [Wed Mar  7 15:34:47 CET 2018] scale:10000000 groups:10000 work_mem:8MB incremental:off max_workers:0 =====
SELECT * FROM s_2 ORDER BY a, b, c
                                                          QUERY PLAN                                                          
------------------------------------------------------------------------------------------------------------------------------
 Limit  (cost=1861518.93..1861518.93 rows=1 width=20) (actual time=5352.403..5352.403 rows=0 loops=1)
   ->  Sort  (cost=1736519.69..1761519.54 rows=9999939 width=20) (actual time=4302.816..5132.946 rows=10000000 loops=1)
         Sort Key: s_2.a, s_2.b, s_2.c
         Sort Method: external merge  Disk: 293608kB
         ->  Seq Scan on s_2  (cost=0.00..163694.39 rows=9999939 width=20) (actual time=0.037..650.285 rows=10000000 loops=1)
 Planning time: 0.298 ms
 Execution time: 5385.141 ms
(7 rows)

===== 264 [Wed Mar  7 15:35:15 CET 2018] scale:10000000 groups:10000 work_mem:8MB incremental:off max_workers:0 =====
SELECT * FROM s_3 ORDER BY a, b, c, d
                                                          QUERY PLAN                                                          
------------------------------------------------------------------------------------------------------------------------------
 Limit  (cost=1861518.93..1861518.93 rows=1 width=20) (actual time=3885.462..3885.462 rows=0 loops=1)
   ->  Sort  (cost=1736519.69..1761519.54 rows=9999939 width=20) (actual time=2834.996..3666.731 rows=10000000 loops=1)
         Sort Key: s_3.a, s_3.b, s_3.c, s_3.d
         Sort Method: external merge  Disk: 293608kB
         ->  Seq Scan on s_3  (cost=0.00..163694.39 rows=9999939 width=20) (actual time=0.034..656.340 rows=10000000 loops=1)
 Planning time: 0.294 ms
 Execution time: 3918.098 ms
(7 rows)

===== 265 [Wed Mar  7 15:35:34 CET 2018] scale:10000000 groups:10000 work_mem:16MB incremental:on max_workers:0 =====
SELECT * FROM s_1 ORDER BY a, b
                                                                          QUERY PLAN                                                                           
---------------------------------------------------------------------------------------------------------------------------------------------------------------
 Limit  (cost=1125421.51..1125421.51 rows=1 width=20) (actual time=5101.853..5101.853 rows=0 loops=1)
   ->  Incremental Sort  (cost=89.96..1025420.97 rows=10000054 width=20) (actual time=0.362..4885.519 rows=10000000 loops=1)
         Sort Key: s_1.a, s_1.b
         Presorted Key: s_1.a
         Sort Method: quicksort  Memory: 136kB
         Sort Groups: 10001
         ->  Index Only Scan using s_1_a_e_d_c_b_idx on s_1  (cost=0.56..348313.37 rows=10000054 width=20) (actual time=0.062..1459.982 rows=10000000 loops=1)
               Heap Fetches: 0
 Planning time: 0.301 ms
 Execution time: 5101.888 ms
(10 rows)

===== 266 [Wed Mar  7 15:36:00 CET 2018] scale:10000000 groups:10000 work_mem:16MB incremental:on max_workers:0 =====
SELECT * FROM s_2 ORDER BY a, b, c
                                                                          QUERY PLAN                                                                          
--------------------------------------------------------------------------------------------------------------------------------------------------------------
 Limit  (cost=809405.23..809405.23 rows=1 width=20) (actual time=3505.231..3505.231 rows=0 loops=1)
   ->  Incremental Sort  (cost=1.07..709405.84 rows=9999939 width=20) (actual time=0.124..3285.692 rows=10000000 loops=1)
         Sort Key: s_2.a, s_2.b, s_2.c
         Presorted Key: s_2.a, s_2.b
         Sort Method: quicksort  Memory: 27kB
         Sort Groups: 312012
         ->  Index Only Scan using s_2_a_b_e_d_c_idx on s_2  (cost=0.56..348311.65 rows=9999939 width=20) (actual time=0.070..1433.922 rows=10000000 loops=1)
               Heap Fetches: 0
 Planning time: 0.314 ms
 Execution time: 3505.257 ms
(10 rows)

===== 267 [Wed Mar  7 15:36:16 CET 2018] scale:10000000 groups:10000 work_mem:16MB incremental:on max_workers:0 =====
SELECT * FROM s_3 ORDER BY a, b, c, d
                                                                          QUERY PLAN                                                                          
--------------------------------------------------------------------------------------------------------------------------------------------------------------
 Limit  (cost=809405.23..809405.23 rows=1 width=20) (actual time=3271.809..3271.809 rows=0 loops=1)
   ->  Incremental Sort  (cost=1.07..709405.84 rows=9999939 width=20) (actual time=0.129..3052.456 rows=10000000 loops=1)
         Sort Key: s_3.a, s_3.b, s_3.c, s_3.d
         Presorted Key: s_3.a, s_3.b, s_3.c
         Sort Method: quicksort  Memory: 27kB
         Sort Groups: 312500
         ->  Index Only Scan using s_3_a_b_c_e_d_idx on s_3  (cost=0.56..348311.65 rows=9999939 width=20) (actual time=0.072..1453.444 rows=10000000 loops=1)
               Heap Fetches: 0
 Planning time: 0.319 ms
 Execution time: 3271.834 ms
(10 rows)

===== 268 [Wed Mar  7 15:36:30 CET 2018] scale:10000000 groups:10000 work_mem:16MB incremental:off max_workers:0 =====
SELECT * FROM s_1 ORDER BY a, b
                                                          QUERY PLAN                                                           
-------------------------------------------------------------------------------------------------------------------------------
 Limit  (cost=1656460.22..1656460.22 rows=1 width=20) (actual time=5599.032..5599.032 rows=0 loops=1)
   ->  Sort  (cost=1531459.54..1556459.68 rows=10000054 width=20) (actual time=4558.404..5381.298 rows=10000000 loops=1)
         Sort Key: s_1.a, s_1.b
         Sort Method: external merge  Disk: 293904kB
         ->  Seq Scan on s_1  (cost=0.00..163695.54 rows=10000054 width=20) (actual time=0.020..650.524 rows=10000000 loops=1)
 Planning time: 0.281 ms
 Execution time: 5631.931 ms
(7 rows)

===== 269 [Wed Mar  7 15:37:00 CET 2018] scale:10000000 groups:10000 work_mem:16MB incremental:off max_workers:0 =====
SELECT * FROM s_2 ORDER BY a, b, c
                                                          QUERY PLAN                                                          
------------------------------------------------------------------------------------------------------------------------------
 Limit  (cost=1656439.93..1656439.93 rows=1 width=20) (actual time=4656.270..4656.270 rows=0 loops=1)
   ->  Sort  (cost=1531440.69..1556440.54 rows=9999939 width=20) (actual time=3617.238..4438.506 rows=10000000 loops=1)
         Sort Key: s_2.a, s_2.b, s_2.c
         Sort Method: external merge  Disk: 293904kB
         ->  Seq Scan on s_2  (cost=0.00..163694.39 rows=9999939 width=20) (actual time=0.032..647.577 rows=10000000 loops=1)
 Planning time: 0.304 ms
 Execution time: 4689.238 ms
(7 rows)

===== 270 [Wed Mar  7 15:37:24 CET 2018] scale:10000000 groups:10000 work_mem:16MB incremental:off max_workers:0 =====
SELECT * FROM s_3 ORDER BY a, b, c, d
                                                          QUERY PLAN                                                          
------------------------------------------------------------------------------------------------------------------------------
 Limit  (cost=1656439.93..1656439.93 rows=1 width=20) (actual time=3166.327..3166.327 rows=0 loops=1)
   ->  Sort  (cost=1531440.69..1556440.54 rows=9999939 width=20) (actual time=2125.593..2948.660 rows=10000000 loops=1)
         Sort Key: s_3.a, s_3.b, s_3.c, s_3.d
         Sort Method: external merge  Disk: 293904kB
         ->  Seq Scan on s_3  (cost=0.00..163694.39 rows=9999939 width=20) (actual time=0.032..652.923 rows=10000000 loops=1)
 Planning time: 0.284 ms
 Execution time: 3199.137 ms
(7 rows)

===== 271 [Wed Mar  7 15:37:39 CET 2018] scale:10000000 groups:10000 work_mem:32MB incremental:on max_workers:0 =====
SELECT * FROM s_1 ORDER BY a, b
                                                                          QUERY PLAN                                                                           
---------------------------------------------------------------------------------------------------------------------------------------------------------------
 Limit  (cost=1125421.51..1125421.51 rows=1 width=20) (actual time=5080.435..5080.435 rows=0 loops=1)
   ->  Incremental Sort  (cost=89.96..1025420.97 rows=10000054 width=20) (actual time=0.367..4864.010 rows=10000000 loops=1)
         Sort Key: s_1.a, s_1.b
         Presorted Key: s_1.a
         Sort Method: quicksort  Memory: 136kB
         Sort Groups: 10001
         ->  Index Only Scan using s_1_a_e_d_c_b_idx on s_1  (cost=0.56..348313.37 rows=10000054 width=20) (actual time=0.070..1433.267 rows=10000000 loops=1)
               Heap Fetches: 0
 Planning time: 0.300 ms
 Execution time: 5080.469 ms
(10 rows)

===== 272 [Wed Mar  7 15:38:05 CET 2018] scale:10000000 groups:10000 work_mem:32MB incremental:on max_workers:0 =====
SELECT * FROM s_2 ORDER BY a, b, c
                                                                          QUERY PLAN                                                                          
--------------------------------------------------------------------------------------------------------------------------------------------------------------
 Limit  (cost=809405.23..809405.23 rows=1 width=20) (actual time=3535.537..3535.537 rows=0 loops=1)
   ->  Incremental Sort  (cost=1.07..709405.84 rows=9999939 width=20) (actual time=0.125..3315.928 rows=10000000 loops=1)
         Sort Key: s_2.a, s_2.b, s_2.c
         Presorted Key: s_2.a, s_2.b
         Sort Method: quicksort  Memory: 27kB
         Sort Groups: 312012
         ->  Index Only Scan using s_2_a_b_e_d_c_idx on s_2  (cost=0.56..348311.65 rows=9999939 width=20) (actual time=0.070..1462.053 rows=10000000 loops=1)
               Heap Fetches: 0
 Planning time: 0.318 ms
 Execution time: 3535.563 ms
(10 rows)

===== 273 [Wed Mar  7 15:38:21 CET 2018] scale:10000000 groups:10000 work_mem:32MB incremental:on max_workers:0 =====
SELECT * FROM s_3 ORDER BY a, b, c, d
                                                                          QUERY PLAN                                                                          
--------------------------------------------------------------------------------------------------------------------------------------------------------------
 Limit  (cost=809405.23..809405.23 rows=1 width=20) (actual time=3242.781..3242.781 rows=0 loops=1)
   ->  Incremental Sort  (cost=1.07..709405.84 rows=9999939 width=20) (actual time=0.118..3023.491 rows=10000000 loops=1)
         Sort Key: s_3.a, s_3.b, s_3.c, s_3.d
         Presorted Key: s_3.a, s_3.b, s_3.c
         Sort Method: quicksort  Memory: 27kB
         Sort Groups: 312500
         ->  Index Only Scan using s_3_a_b_c_e_d_idx on s_3  (cost=0.56..348311.65 rows=9999939 width=20) (actual time=0.063..1429.030 rows=10000000 loops=1)
               Heap Fetches: 0
 Planning time: 0.305 ms
 Execution time: 3242.806 ms
(10 rows)

===== 274 [Wed Mar  7 15:38:35 CET 2018] scale:10000000 groups:10000 work_mem:32MB incremental:off max_workers:0 =====
SELECT * FROM s_1 ORDER BY a, b
                                                          QUERY PLAN                                                           
-------------------------------------------------------------------------------------------------------------------------------
 Limit  (cost=1656460.22..1656460.22 rows=1 width=20) (actual time=5654.035..5654.035 rows=0 loops=1)
   ->  Sort  (cost=1531459.54..1556459.68 rows=10000054 width=20) (actual time=4615.782..5436.553 rows=10000000 loops=1)
         Sort Key: s_1.a, s_1.b
         Sort Method: external merge  Disk: 293576kB
         ->  Seq Scan on s_1  (cost=0.00..163695.54 rows=10000054 width=20) (actual time=0.027..648.830 rows=10000000 loops=1)
 Planning time: 0.293 ms
 Execution time: 5687.487 ms
(7 rows)

===== 275 [Wed Mar  7 15:39:05 CET 2018] scale:10000000 groups:10000 work_mem:32MB incremental:off max_workers:0 =====
SELECT * FROM s_2 ORDER BY a, b, c
                                                          QUERY PLAN                                                          
------------------------------------------------------------------------------------------------------------------------------
 Limit  (cost=1656439.93..1656439.93 rows=1 width=20) (actual time=4696.104..4696.104 rows=0 loops=1)
   ->  Sort  (cost=1531440.69..1556440.54 rows=9999939 width=20) (actual time=3658.162..4478.658 rows=10000000 loops=1)
         Sort Key: s_2.a, s_2.b, s_2.c
         Sort Method: external merge  Disk: 293576kB
         ->  Seq Scan on s_2  (cost=0.00..163694.39 rows=9999939 width=20) (actual time=0.032..647.188 rows=10000000 loops=1)
 Planning time: 0.292 ms
 Execution time: 4729.834 ms
(7 rows)

===== 276 [Wed Mar  7 15:39:30 CET 2018] scale:10000000 groups:10000 work_mem:32MB incremental:off max_workers:0 =====
SELECT * FROM s_3 ORDER BY a, b, c, d
                                                          QUERY PLAN                                                          
------------------------------------------------------------------------------------------------------------------------------
 Limit  (cost=1656439.93..1656439.93 rows=1 width=20) (actual time=3191.237..3191.237 rows=0 loops=1)
   ->  Sort  (cost=1531440.69..1556440.54 rows=9999939 width=20) (actual time=2152.240..2973.806 rows=10000000 loops=1)
         Sort Key: s_3.a, s_3.b, s_3.c, s_3.d
         Sort Method: external merge  Disk: 293576kB
         ->  Seq Scan on s_3  (cost=0.00..163694.39 rows=9999939 width=20) (actual time=0.032..652.512 rows=10000000 loops=1)
 Planning time: 0.283 ms
 Execution time: 3224.689 ms
(7 rows)

===== 277 [Wed Mar  7 15:39:45 CET 2018] scale:10000000 groups:10000 work_mem:64MB incremental:on max_workers:0 =====
SELECT * FROM s_1 ORDER BY a, b
                                                                          QUERY PLAN                                                                           
---------------------------------------------------------------------------------------------------------------------------------------------------------------
 Limit  (cost=1125421.51..1125421.51 rows=1 width=20) (actual time=5020.893..5020.893 rows=0 loops=1)
   ->  Incremental Sort  (cost=89.96..1025420.97 rows=10000054 width=20) (actual time=0.364..4804.543 rows=10000000 loops=1)
         Sort Key: s_1.a, s_1.b
         Presorted Key: s_1.a
         Sort Method: quicksort  Memory: 136kB
         Sort Groups: 10001
         ->  Index Only Scan using s_1_a_e_d_c_b_idx on s_1  (cost=0.56..348313.37 rows=10000054 width=20) (actual time=0.068..1385.239 rows=10000000 loops=1)
               Heap Fetches: 0
 Planning time: 0.286 ms
 Execution time: 5020.926 ms
(10 rows)

===== 278 [Wed Mar  7 15:40:10 CET 2018] scale:10000000 groups:10000 work_mem:64MB incremental:on max_workers:0 =====
SELECT * FROM s_2 ORDER BY a, b, c
                                                                          QUERY PLAN                                                                          
--------------------------------------------------------------------------------------------------------------------------------------------------------------
 Limit  (cost=809405.23..809405.23 rows=1 width=20) (actual time=3503.563..3503.563 rows=0 loops=1)
   ->  Incremental Sort  (cost=1.07..709405.84 rows=9999939 width=20) (actual time=0.124..3283.875 rows=10000000 loops=1)
         Sort Key: s_2.a, s_2.b, s_2.c
         Presorted Key: s_2.a, s_2.b
         Sort Method: quicksort  Memory: 27kB
         Sort Groups: 312012
         ->  Index Only Scan using s_2_a_b_e_d_c_idx on s_2  (cost=0.56..348311.65 rows=9999939 width=20) (actual time=0.070..1433.181 rows=10000000 loops=1)
               Heap Fetches: 0
 Planning time: 0.307 ms
 Execution time: 3503.588 ms
(10 rows)

===== 279 [Wed Mar  7 15:40:26 CET 2018] scale:10000000 groups:10000 work_mem:64MB incremental:on max_workers:0 =====
SELECT * FROM s_3 ORDER BY a, b, c, d
                                                                          QUERY PLAN                                                                          
--------------------------------------------------------------------------------------------------------------------------------------------------------------
 Limit  (cost=809405.23..809405.23 rows=1 width=20) (actual time=3243.591..3243.591 rows=0 loops=1)
   ->  Incremental Sort  (cost=1.07..709405.84 rows=9999939 width=20) (actual time=0.119..3024.274 rows=10000000 loops=1)
         Sort Key: s_3.a, s_3.b, s_3.c, s_3.d
         Presorted Key: s_3.a, s_3.b, s_3.c
         Sort Method: quicksort  Memory: 27kB
         Sort Groups: 312500
         ->  Index Only Scan using s_3_a_b_c_e_d_idx on s_3  (cost=0.56..348311.65 rows=9999939 width=20) (actual time=0.063..1428.638 rows=10000000 loops=1)
               Heap Fetches: 0
 Planning time: 0.316 ms
 Execution time: 3243.615 ms
(10 rows)

===== 280 [Wed Mar  7 15:40:41 CET 2018] scale:10000000 groups:10000 work_mem:64MB incremental:off max_workers:0 =====
SELECT * FROM s_1 ORDER BY a, b
                                                          QUERY PLAN                                                           
-------------------------------------------------------------------------------------------------------------------------------
 Limit  (cost=1656460.22..1656460.22 rows=1 width=20) (actual time=5749.849..5749.849 rows=0 loops=1)
   ->  Sort  (cost=1531459.54..1556459.68 rows=10000054 width=20) (actual time=4706.929..5532.424 rows=10000000 loops=1)
         Sort Key: s_1.a, s_1.b
         Sort Method: external merge  Disk: 293648kB
         ->  Seq Scan on s_1  (cost=0.00..163695.54 rows=10000054 width=20) (actual time=0.030..651.436 rows=10000000 loops=1)
 Planning time: 0.294 ms
 Execution time: 5784.422 ms
(7 rows)

===== 281 [Wed Mar  7 15:41:11 CET 2018] scale:10000000 groups:10000 work_mem:64MB incremental:off max_workers:0 =====
SELECT * FROM s_2 ORDER BY a, b, c
                                                          QUERY PLAN                                                          
------------------------------------------------------------------------------------------------------------------------------
 Limit  (cost=1656439.93..1656439.93 rows=1 width=20) (actual time=4785.766..4785.766 rows=0 loops=1)
   ->  Sort  (cost=1531440.69..1556440.54 rows=9999939 width=20) (actual time=3744.018..4568.474 rows=10000000 loops=1)
         Sort Key: s_2.a, s_2.b, s_2.c
         Sort Method: external merge  Disk: 293648kB
         ->  Seq Scan on s_2  (cost=0.00..163694.39 rows=9999939 width=20) (actual time=0.030..649.219 rows=10000000 loops=1)
 Planning time: 0.294 ms
 Execution time: 4820.175 ms
(7 rows)

===== 282 [Wed Mar  7 15:41:36 CET 2018] scale:10000000 groups:10000 work_mem:64MB incremental:off max_workers:0 =====
SELECT * FROM s_3 ORDER BY a, b, c, d
                                                          QUERY PLAN                                                          
------------------------------------------------------------------------------------------------------------------------------
 Limit  (cost=1656439.93..1656439.93 rows=1 width=20) (actual time=3320.685..3320.685 rows=0 loops=1)
   ->  Sort  (cost=1531440.69..1556440.54 rows=9999939 width=20) (actual time=2273.383..3103.171 rows=10000000 loops=1)
         Sort Key: s_3.a, s_3.b, s_3.c, s_3.d
         Sort Method: external merge  Disk: 293648kB
         ->  Seq Scan on s_3  (cost=0.00..163694.39 rows=9999939 width=20) (actual time=0.037..654.289 rows=10000000 loops=1)
 Planning time: 0.294 ms
 Execution time: 3355.142 ms
(7 rows)

===== 283 [Wed Mar  7 15:41:52 CET 2018] scale:10000000 groups:10000 work_mem:128MB incremental:on max_workers:0 =====
SELECT * FROM s_1 ORDER BY a, b
                                                                          QUERY PLAN                                                                           
---------------------------------------------------------------------------------------------------------------------------------------------------------------
 Limit  (cost=1125421.51..1125421.51 rows=1 width=20) (actual time=5070.448..5070.448 rows=0 loops=1)
   ->  Incremental Sort  (cost=89.96..1025420.97 rows=10000054 width=20) (actual time=0.320..4854.118 rows=10000000 loops=1)
         Sort Key: s_1.a, s_1.b
         Presorted Key: s_1.a
         Sort Method: quicksort  Memory: 136kB
         Sort Groups: 10001
         ->  Index Only Scan using s_1_a_e_d_c_b_idx on s_1  (cost=0.56..348313.37 rows=10000054 width=20) (actual time=0.036..1429.533 rows=10000000 loops=1)
               Heap Fetches: 0
 Planning time: 0.290 ms
 Execution time: 5070.482 ms
(10 rows)

===== 284 [Wed Mar  7 15:42:18 CET 2018] scale:10000000 groups:10000 work_mem:128MB incremental:on max_workers:0 =====
SELECT * FROM s_2 ORDER BY a, b, c
                                                                          QUERY PLAN                                                                          
--------------------------------------------------------------------------------------------------------------------------------------------------------------
 Limit  (cost=809405.23..809405.23 rows=1 width=20) (actual time=3528.100..3528.100 rows=0 loops=1)
   ->  Incremental Sort  (cost=1.07..709405.84 rows=9999939 width=20) (actual time=0.126..3308.517 rows=10000000 loops=1)
         Sort Key: s_2.a, s_2.b, s_2.c
         Presorted Key: s_2.a, s_2.b
         Sort Method: quicksort  Memory: 27kB
         Sort Groups: 312012
         ->  Index Only Scan using s_2_a_b_e_d_c_idx on s_2  (cost=0.56..348311.65 rows=9999939 width=20) (actual time=0.072..1455.328 rows=10000000 loops=1)
               Heap Fetches: 0
 Planning time: 0.312 ms
 Execution time: 3528.124 ms
(10 rows)

===== 285 [Wed Mar  7 15:42:34 CET 2018] scale:10000000 groups:10000 work_mem:128MB incremental:on max_workers:0 =====
SELECT * FROM s_3 ORDER BY a, b, c, d
                                                                          QUERY PLAN                                                                          
--------------------------------------------------------------------------------------------------------------------------------------------------------------
 Limit  (cost=809405.23..809405.23 rows=1 width=20) (actual time=3173.326..3173.326 rows=0 loops=1)
   ->  Incremental Sort  (cost=1.07..709405.84 rows=9999939 width=20) (actual time=0.084..2954.244 rows=10000000 loops=1)
         Sort Key: s_3.a, s_3.b, s_3.c, s_3.d
         Presorted Key: s_3.a, s_3.b, s_3.c
         Sort Method: quicksort  Memory: 27kB
         Sort Groups: 312500
         ->  Index Only Scan using s_3_a_b_c_e_d_idx on s_3  (cost=0.56..348311.65 rows=9999939 width=20) (actual time=0.031..1367.073 rows=10000000 loops=1)
               Heap Fetches: 0
 Planning time: 0.308 ms
 Execution time: 3173.351 ms
(10 rows)

===== 286 [Wed Mar  7 15:42:48 CET 2018] scale:10000000 groups:10000 work_mem:128MB incremental:off max_workers:0 =====
SELECT * FROM s_1 ORDER BY a, b
                                                          QUERY PLAN                                                           
-------------------------------------------------------------------------------------------------------------------------------
 Limit  (cost=1656460.22..1656460.22 rows=1 width=20) (actual time=5874.967..5874.967 rows=0 loops=1)
   ->  Sort  (cost=1531459.54..1556459.68 rows=10000054 width=20) (actual time=4840.482..5657.651 rows=10000000 loops=1)
         Sort Key: s_1.a, s_1.b
         Sort Method: external merge  Disk: 293568kB
         ->  Seq Scan on s_1  (cost=0.00..163695.54 rows=10000054 width=20) (actual time=0.020..655.821 rows=10000000 loops=1)
 Planning time: 0.283 ms
 Execution time: 5911.408 ms
(7 rows)

===== 287 [Wed Mar  7 15:43:20 CET 2018] scale:10000000 groups:10000 work_mem:128MB incremental:off max_workers:0 =====
SELECT * FROM s_2 ORDER BY a, b, c
                                                          QUERY PLAN                                                          
------------------------------------------------------------------------------------------------------------------------------
 Limit  (cost=1656439.93..1656439.93 rows=1 width=20) (actual time=4914.966..4914.966 rows=0 loops=1)
   ->  Sort  (cost=1531440.69..1556440.54 rows=9999939 width=20) (actual time=3879.575..4697.664 rows=10000000 loops=1)
         Sort Key: s_2.a, s_2.b, s_2.c
         Sort Method: external merge  Disk: 293568kB
         ->  Seq Scan on s_2  (cost=0.00..163694.39 rows=9999939 width=20) (actual time=0.034..652.882 rows=10000000 loops=1)
 Planning time: 0.290 ms
 Execution time: 4951.625 ms
(7 rows)

===== 288 [Wed Mar  7 15:43:45 CET 2018] scale:10000000 groups:10000 work_mem:128MB incremental:off max_workers:0 =====
SELECT * FROM s_3 ORDER BY a, b, c, d
                                                          QUERY PLAN                                                          
------------------------------------------------------------------------------------------------------------------------------
 Limit  (cost=1656439.93..1656439.93 rows=1 width=20) (actual time=3505.468..3505.468 rows=0 loops=1)
   ->  Sort  (cost=1531440.69..1556440.54 rows=9999939 width=20) (actual time=2465.752..3288.189 rows=10000000 loops=1)
         Sort Key: s_3.a, s_3.b, s_3.c, s_3.d
         Sort Method: external merge  Disk: 293568kB
         ->  Seq Scan on s_3  (cost=0.00..163694.39 rows=9999939 width=20) (actual time=0.033..659.461 rows=10000000 loops=1)
 Planning time: 0.289 ms
 Execution time: 3542.038 ms
(7 rows)

===== 289 [Wed Mar  7 15:44:02 CET 2018] scale:10000000 groups:10000 work_mem:256MB incremental:on max_workers:0 =====
SELECT * FROM s_1 ORDER BY a, b
                                                                          QUERY PLAN                                                                           
---------------------------------------------------------------------------------------------------------------------------------------------------------------
 Limit  (cost=1125421.51..1125421.51 rows=1 width=20) (actual time=5090.665..5090.665 rows=0 loops=1)
   ->  Incremental Sort  (cost=89.96..1025420.97 rows=10000054 width=20) (actual time=0.355..4874.293 rows=10000000 loops=1)
         Sort Key: s_1.a, s_1.b
         Presorted Key: s_1.a
         Sort Method: quicksort  Memory: 136kB
         Sort Groups: 10001
         ->  Index Only Scan using s_1_a_e_d_c_b_idx on s_1  (cost=0.56..348313.37 rows=10000054 width=20) (actual time=0.063..1448.080 rows=10000000 loops=1)
               Heap Fetches: 0
 Planning time: 0.289 ms
 Execution time: 5090.699 ms
(10 rows)

===== 290 [Wed Mar  7 15:44:28 CET 2018] scale:10000000 groups:10000 work_mem:256MB incremental:on max_workers:0 =====
SELECT * FROM s_2 ORDER BY a, b, c
                                                                          QUERY PLAN                                                                          
--------------------------------------------------------------------------------------------------------------------------------------------------------------
 Limit  (cost=809405.23..809405.23 rows=1 width=20) (actual time=3465.752..3465.752 rows=0 loops=1)
   ->  Incremental Sort  (cost=1.07..709405.84 rows=9999939 width=20) (actual time=0.081..3246.296 rows=10000000 loops=1)
         Sort Key: s_2.a, s_2.b, s_2.c
         Presorted Key: s_2.a, s_2.b
         Sort Method: quicksort  Memory: 27kB
         Sort Groups: 312012
         ->  Index Only Scan using s_2_a_b_e_d_c_idx on s_2  (cost=0.56..348311.65 rows=9999939 width=20) (actual time=0.027..1398.937 rows=10000000 loops=1)
               Heap Fetches: 0
 Planning time: 0.314 ms
 Execution time: 3465.776 ms
(10 rows)

===== 291 [Wed Mar  7 15:44:44 CET 2018] scale:10000000 groups:10000 work_mem:256MB incremental:on max_workers:0 =====
SELECT * FROM s_3 ORDER BY a, b, c, d
                                                                          QUERY PLAN                                                                          
--------------------------------------------------------------------------------------------------------------------------------------------------------------
 Limit  (cost=809405.23..809405.23 rows=1 width=20) (actual time=3246.446..3246.446 rows=0 loops=1)
   ->  Incremental Sort  (cost=1.07..709405.84 rows=9999939 width=20) (actual time=0.125..3027.150 rows=10000000 loops=1)
         Sort Key: s_3.a, s_3.b, s_3.c, s_3.d
         Presorted Key: s_3.a, s_3.b, s_3.c
         Sort Method: quicksort  Memory: 27kB
         Sort Groups: 312500
         ->  Index Only Scan using s_3_a_b_c_e_d_idx on s_3  (cost=0.56..348311.65 rows=9999939 width=20) (actual time=0.071..1432.355 rows=10000000 loops=1)
               Heap Fetches: 0
 Planning time: 0.307 ms
 Execution time: 3246.471 ms
(10 rows)

===== 292 [Wed Mar  7 15:44:58 CET 2018] scale:10000000 groups:10000 work_mem:256MB incremental:off max_workers:0 =====
SELECT * FROM s_1 ORDER BY a, b
                                                          QUERY PLAN                                                           
-------------------------------------------------------------------------------------------------------------------------------
 Limit  (cost=1656460.22..1656460.22 rows=1 width=20) (actual time=6021.527..6021.527 rows=0 loops=1)
   ->  Sort  (cost=1531459.54..1556459.68 rows=10000054 width=20) (actual time=5056.202..5803.312 rows=10000000 loops=1)
         Sort Key: s_1.a, s_1.b
         Sort Method: external merge  Disk: 293552kB
         ->  Seq Scan on s_1  (cost=0.00..163695.54 rows=10000054 width=20) (actual time=0.024..666.958 rows=10000000 loops=1)
 Planning time: 0.282 ms
 Execution time: 6061.284 ms
(7 rows)

===== 293 [Wed Mar  7 15:45:30 CET 2018] scale:10000000 groups:10000 work_mem:256MB incremental:off max_workers:0 =====
SELECT * FROM s_2 ORDER BY a, b, c
                                                          QUERY PLAN                                                          
------------------------------------------------------------------------------------------------------------------------------
 Limit  (cost=1656439.93..1656439.93 rows=1 width=20) (actual time=5046.631..5046.631 rows=0 loops=1)
   ->  Sort  (cost=1531440.69..1556440.54 rows=9999939 width=20) (actual time=4081.403..4828.505 rows=10000000 loops=1)
         Sort Key: s_2.a, s_2.b, s_2.c
         Sort Method: external merge  Disk: 293552kB
         ->  Seq Scan on s_2  (cost=0.00..163694.39 rows=9999939 width=20) (actual time=0.036..663.733 rows=10000000 loops=1)
 Planning time: 0.294 ms
 Execution time: 5086.035 ms
(7 rows)

===== 294 [Wed Mar  7 15:45:57 CET 2018] scale:10000000 groups:10000 work_mem:256MB incremental:off max_workers:0 =====
SELECT * FROM s_3 ORDER BY a, b, c, d
                                                          QUERY PLAN                                                          
------------------------------------------------------------------------------------------------------------------------------
 Limit  (cost=1656439.93..1656439.93 rows=1 width=20) (actual time=3629.689..3629.689 rows=0 loops=1)
   ->  Sort  (cost=1531440.69..1556440.54 rows=9999939 width=20) (actual time=2660.634..3411.736 rows=10000000 loops=1)
         Sort Key: s_3.a, s_3.b, s_3.c, s_3.d
         Sort Method: external merge  Disk: 293552kB
         ->  Seq Scan on s_3  (cost=0.00..163694.39 rows=9999939 width=20) (actual time=0.032..668.981 rows=10000000 loops=1)
 Planning time: 0.293 ms
 Execution time: 3665.070 ms
(7 rows)

===== 295 [Wed Mar  7 15:46:15 CET 2018] scale:10000000 groups:10000 work_mem:4MB incremental:on max_workers:2 =====
SELECT * FROM s_1 ORDER BY a, b
                                                                          QUERY PLAN                                                                           
---------------------------------------------------------------------------------------------------------------------------------------------------------------
 Limit  (cost=1125421.51..1125421.51 rows=1 width=20) (actual time=5057.041..5057.041 rows=0 loops=1)
   ->  Incremental Sort  (cost=89.96..1025420.97 rows=10000054 width=20) (actual time=0.322..4840.641 rows=10000000 loops=1)
         Sort Key: s_1.a, s_1.b
         Presorted Key: s_1.a
         Sort Method: quicksort  Memory: 136kB
         Sort Groups: 10001
         ->  Index Only Scan using s_1_a_e_d_c_b_idx on s_1  (cost=0.56..348313.37 rows=10000054 width=20) (actual time=0.037..1418.596 rows=10000000 loops=1)
               Heap Fetches: 0
 Planning time: 0.301 ms
 Execution time: 5057.075 ms
(10 rows)

===== 296 [Wed Mar  7 15:46:40 CET 2018] scale:10000000 groups:10000 work_mem:4MB incremental:on max_workers:2 =====
SELECT * FROM s_2 ORDER BY a, b, c
                                                                          QUERY PLAN                                                                          
--------------------------------------------------------------------------------------------------------------------------------------------------------------
 Limit  (cost=809405.23..809405.23 rows=1 width=20) (actual time=3506.373..3506.373 rows=0 loops=1)
   ->  Incremental Sort  (cost=1.07..709405.84 rows=9999939 width=20) (actual time=0.118..3286.775 rows=10000000 loops=1)
         Sort Key: s_2.a, s_2.b, s_2.c
         Presorted Key: s_2.a, s_2.b
         Sort Method: quicksort  Memory: 27kB
         Sort Groups: 312012
         ->  Index Only Scan using s_2_a_b_e_d_c_idx on s_2  (cost=0.56..348311.65 rows=9999939 width=20) (actual time=0.064..1435.547 rows=10000000 loops=1)
               Heap Fetches: 0
 Planning time: 0.320 ms
 Execution time: 3506.397 ms
(10 rows)

===== 297 [Wed Mar  7 15:46:56 CET 2018] scale:10000000 groups:10000 work_mem:4MB incremental:on max_workers:2 =====
SELECT * FROM s_3 ORDER BY a, b, c, d
                                                                          QUERY PLAN                                                                          
--------------------------------------------------------------------------------------------------------------------------------------------------------------
 Limit  (cost=809405.23..809405.23 rows=1 width=20) (actual time=3191.328..3191.328 rows=0 loops=1)
   ->  Incremental Sort  (cost=1.07..709405.84 rows=9999939 width=20) (actual time=0.082..2973.842 rows=10000000 loops=1)
         Sort Key: s_3.a, s_3.b, s_3.c, s_3.d
         Presorted Key: s_3.a, s_3.b, s_3.c
         Sort Method: quicksort  Memory: 27kB
         Sort Groups: 312500
         ->  Index Only Scan using s_3_a_b_c_e_d_idx on s_3  (cost=0.56..348311.65 rows=9999939 width=20) (actual time=0.027..1378.824 rows=10000000 loops=1)
               Heap Fetches: 0
 Planning time: 0.315 ms
 Execution time: 3191.352 ms
(10 rows)

===== 298 [Wed Mar  7 15:47:11 CET 2018] scale:10000000 groups:10000 work_mem:4MB incremental:off max_workers:2 =====
SELECT * FROM s_1 ORDER BY a, b
                                                                 QUERY PLAN                                                                 
--------------------------------------------------------------------------------------------------------------------------------------------
 Limit  (cost=1791033.26..1791033.26 rows=1 width=20) (actual time=3907.540..3907.540 rows=0 loops=1)
   ->  Gather Merge  (cost=735404.16..1707699.48 rows=8333378 width=20) (actual time=1808.883..3672.361 rows=10000000 loops=1)
         Workers Planned: 2
         Workers Launched: 2
         ->  Sort  (cost=734404.14..744820.86 rows=4166689 width=20) (actual time=1803.032..2108.526 rows=3333333 loops=3)
               Sort Key: s_1.a, s_1.b
               Sort Method: external merge  Disk: 98112kB
               Worker 0:  Sort Method: external merge  Disk: 97744kB
               Worker 1:  Sort Method: external merge  Disk: 97744kB
               ->  Parallel Seq Scan on s_1  (cost=0.00..105361.89 rows=4166689 width=20) (actual time=0.015..227.362 rows=3333333 loops=3)
 Planning time: 0.297 ms
 Execution time: 3929.142 ms
(12 rows)

===== 299 [Wed Mar  7 15:47:31 CET 2018] scale:10000000 groups:10000 work_mem:4MB incremental:off max_workers:2 =====
SELECT * FROM s_2 ORDER BY a, b, c
                                                                 QUERY PLAN                                                                 
--------------------------------------------------------------------------------------------------------------------------------------------
 Limit  (cost=1791007.99..1791007.99 rows=1 width=20) (actual time=3472.832..3472.832 rows=0 loops=1)
   ->  Gather Merge  (cost=735391.06..1707675.17 rows=8333282 width=20) (actual time=1492.395..3238.250 rows=10000000 loops=1)
         Workers Planned: 2
         Workers Launched: 2
         ->  Sort  (cost=734391.04..744807.64 rows=4166641 width=20) (actual time=1488.338..1793.624 rows=3333333 loops=3)
               Sort Key: s_2.a, s_2.b, s_2.c
               Sort Method: external merge  Disk: 98360kB
               Worker 0:  Sort Method: external merge  Disk: 97744kB
               Worker 1:  Sort Method: external merge  Disk: 97496kB
               ->  Parallel Seq Scan on s_2  (cost=0.00..105361.41 rows=4166641 width=20) (actual time=0.025..232.452 rows=3333333 loops=3)
 Planning time: 0.308 ms
 Execution time: 3495.748 ms
(12 rows)

===== 300 [Wed Mar  7 15:47:48 CET 2018] scale:10000000 groups:10000 work_mem:4MB incremental:off max_workers:2 =====
SELECT * FROM s_3 ORDER BY a, b, c, d
                                                                 QUERY PLAN                                                                 
--------------------------------------------------------------------------------------------------------------------------------------------
 Limit  (cost=1791007.99..1791007.99 rows=1 width=20) (actual time=2963.719..2963.719 rows=0 loops=1)
   ->  Gather Merge  (cost=735391.06..1707675.17 rows=8333282 width=20) (actual time=1045.176..2741.988 rows=10000000 loops=1)
         Workers Planned: 2
         Workers Launched: 2
         ->  Sort  (cost=734391.04..744807.64 rows=4166641 width=20) (actual time=1040.270..1346.187 rows=3333333 loops=3)
               Sort Key: s_3.a, s_3.b, s_3.c, s_3.d
               Sort Method: external merge  Disk: 97584kB
               Worker 0:  Sort Method: external merge  Disk: 97664kB
               Worker 1:  Sort Method: external merge  Disk: 98360kB
               ->  Parallel Seq Scan on s_3  (cost=0.00..105361.41 rows=4166641 width=20) (actual time=0.025..240.721 rows=3333333 loops=3)
 Planning time: 0.315 ms
 Execution time: 2986.750 ms
(12 rows)

===== 301 [Wed Mar  7 15:48:03 CET 2018] scale:10000000 groups:10000 work_mem:8MB incremental:on max_workers:2 =====
SELECT * FROM s_1 ORDER BY a, b
                                                                          QUERY PLAN                                                                           
---------------------------------------------------------------------------------------------------------------------------------------------------------------
 Limit  (cost=1125421.51..1125421.51 rows=1 width=20) (actual time=5101.533..5101.533 rows=0 loops=1)
   ->  Incremental Sort  (cost=89.96..1025420.97 rows=10000054 width=20) (actual time=0.365..4885.156 rows=10000000 loops=1)
         Sort Key: s_1.a, s_1.b
         Presorted Key: s_1.a
         Sort Method: quicksort  Memory: 136kB
         Sort Groups: 10001
         ->  Index Only Scan using s_1_a_e_d_c_b_idx on s_1  (cost=0.56..348313.37 rows=10000054 width=20) (actual time=0.067..1459.418 rows=10000000 loops=1)
               Heap Fetches: 0
 Planning time: 0.302 ms
 Execution time: 5101.568 ms
(10 rows)

===== 302 [Wed Mar  7 15:48:28 CET 2018] scale:10000000 groups:10000 work_mem:8MB incremental:on max_workers:2 =====
SELECT * FROM s_2 ORDER BY a, b, c
                                                                          QUERY PLAN                                                                          
--------------------------------------------------------------------------------------------------------------------------------------------------------------
 Limit  (cost=809405.23..809405.23 rows=1 width=20) (actual time=3431.919..3431.919 rows=0 loops=1)
   ->  Incremental Sort  (cost=1.07..709405.84 rows=9999939 width=20) (actual time=0.092..3212.526 rows=10000000 loops=1)
         Sort Key: s_2.a, s_2.b, s_2.c
         Presorted Key: s_2.a, s_2.b
         Sort Method: quicksort  Memory: 27kB
         Sort Groups: 312012
         ->  Index Only Scan using s_2_a_b_e_d_c_idx on s_2  (cost=0.56..348311.65 rows=9999939 width=20) (actual time=0.035..1370.718 rows=10000000 loops=1)
               Heap Fetches: 0
 Planning time: 0.318 ms
 Execution time: 3431.944 ms
(10 rows)

===== 303 [Wed Mar  7 15:48:44 CET 2018] scale:10000000 groups:10000 work_mem:8MB incremental:on max_workers:2 =====
SELECT * FROM s_3 ORDER BY a, b, c, d
                                                                          QUERY PLAN                                                                          
--------------------------------------------------------------------------------------------------------------------------------------------------------------
 Limit  (cost=809405.23..809405.23 rows=1 width=20) (actual time=3272.904..3272.904 rows=0 loops=1)
   ->  Incremental Sort  (cost=1.07..709405.84 rows=9999939 width=20) (actual time=0.144..3055.185 rows=10000000 loops=1)
         Sort Key: s_3.a, s_3.b, s_3.c, s_3.d
         Presorted Key: s_3.a, s_3.b, s_3.c
         Sort Method: quicksort  Memory: 27kB
         Sort Groups: 312500
         ->  Index Only Scan using s_3_a_b_c_e_d_idx on s_3  (cost=0.56..348311.65 rows=9999939 width=20) (actual time=0.081..1450.995 rows=10000000 loops=1)
               Heap Fetches: 0
 Planning time: 0.309 ms
 Execution time: 3272.928 ms
(10 rows)

===== 304 [Wed Mar  7 15:48:59 CET 2018] scale:10000000 groups:10000 work_mem:8MB incremental:off max_workers:2 =====
SELECT * FROM s_1 ORDER BY a, b
                                                                 QUERY PLAN                                                                 
--------------------------------------------------------------------------------------------------------------------------------------------
 Limit  (cost=1705580.76..1705580.76 rows=1 width=20) (actual time=3714.449..3714.449 rows=0 loops=1)
   ->  Gather Merge  (cost=649951.66..1622246.98 rows=8333378 width=20) (actual time=1585.161..3479.393 rows=10000000 loops=1)
         Workers Planned: 2
         Workers Launched: 2
         ->  Sort  (cost=648951.64..659368.36 rows=4166689 width=20) (actual time=1577.066..1882.530 rows=3333333 loops=3)
               Sort Key: s_1.a, s_1.b
               Sort Method: external merge  Disk: 98328kB
               Worker 0:  Sort Method: external merge  Disk: 97792kB
               Worker 1:  Sort Method: external merge  Disk: 97488kB
               ->  Parallel Seq Scan on s_1  (cost=0.00..105361.89 rows=4166689 width=20) (actual time=0.018..229.609 rows=3333333 loops=3)
 Planning time: 0.299 ms
 Execution time: 3737.562 ms
(12 rows)

===== 305 [Wed Mar  7 15:49:18 CET 2018] scale:10000000 groups:10000 work_mem:8MB incremental:off max_workers:2 =====
SELECT * FROM s_2 ORDER BY a, b, c
                                                                 QUERY PLAN                                                                 
--------------------------------------------------------------------------------------------------------------------------------------------
 Limit  (cost=1705558.99..1705558.99 rows=1 width=20) (actual time=3191.871..3191.871 rows=0 loops=1)
   ->  Gather Merge  (cost=649942.06..1622226.17 rows=8333282 width=20) (actual time=1271.619..2957.165 rows=10000000 loops=1)
         Workers Planned: 2
         Workers Launched: 2
         ->  Sort  (cost=648942.04..659358.64 rows=4166641 width=20) (actual time=1267.873..1573.135 rows=3333333 loops=3)
               Sort Key: s_2.a, s_2.b, s_2.c
               Sort Method: external merge  Disk: 98024kB
               Worker 0:  Sort Method: external merge  Disk: 97792kB
               Worker 1:  Sort Method: external merge  Disk: 97792kB
               ->  Parallel Seq Scan on s_2  (cost=0.00..105361.41 rows=4166641 width=20) (actual time=0.027..235.674 rows=3333333 loops=3)
 Planning time: 0.305 ms
 Execution time: 3214.188 ms
(12 rows)

===== 306 [Wed Mar  7 15:49:33 CET 2018] scale:10000000 groups:10000 work_mem:8MB incremental:off max_workers:2 =====
SELECT * FROM s_3 ORDER BY a, b, c, d
                                                                 QUERY PLAN                                                                 
--------------------------------------------------------------------------------------------------------------------------------------------
 Limit  (cost=1705558.99..1705558.99 rows=1 width=20) (actual time=2751.269..2751.269 rows=0 loops=1)
   ->  Gather Merge  (cost=649942.06..1622226.17 rows=8333282 width=20) (actual time=813.535..2529.346 rows=10000000 loops=1)
         Workers Planned: 2
         Workers Launched: 2
         ->  Sort  (cost=648942.04..659358.64 rows=4166641 width=20) (actual time=808.751..1113.731 rows=3333333 loops=3)
               Sort Key: s_3.a, s_3.b, s_3.c, s_3.d
               Sort Method: external merge  Disk: 97384kB
               Worker 0:  Sort Method: external merge  Disk: 97296kB
               Worker 1:  Sort Method: external merge  Disk: 98928kB
               ->  Parallel Seq Scan on s_3  (cost=0.00..105361.41 rows=4166641 width=20) (actual time=0.026..238.786 rows=3333333 loops=3)
 Planning time: 0.312 ms
 Execution time: 2774.378 ms
(12 rows)

===== 307 [Wed Mar  7 15:49:47 CET 2018] scale:10000000 groups:10000 work_mem:16MB incremental:on max_workers:2 =====
SELECT * FROM s_1 ORDER BY a, b
                                                                          QUERY PLAN                                                                           
---------------------------------------------------------------------------------------------------------------------------------------------------------------
 Limit  (cost=1125421.51..1125421.51 rows=1 width=20) (actual time=5073.065..5073.065 rows=0 loops=1)
   ->  Incremental Sort  (cost=89.96..1025420.97 rows=10000054 width=20) (actual time=0.353..4856.710 rows=10000000 loops=1)
         Sort Key: s_1.a, s_1.b
         Presorted Key: s_1.a
         Sort Method: quicksort  Memory: 136kB
         Sort Groups: 10001
         ->  Index Only Scan using s_1_a_e_d_c_b_idx on s_1  (cost=0.56..348313.37 rows=10000054 width=20) (actual time=0.057..1432.831 rows=10000000 loops=1)
               Heap Fetches: 0
 Planning time: 0.301 ms
 Execution time: 5073.099 ms
(10 rows)

===== 308 [Wed Mar  7 15:50:12 CET 2018] scale:10000000 groups:10000 work_mem:16MB incremental:on max_workers:2 =====
SELECT * FROM s_2 ORDER BY a, b, c
                                                                          QUERY PLAN                                                                          
--------------------------------------------------------------------------------------------------------------------------------------------------------------
 Limit  (cost=809405.23..809405.23 rows=1 width=20) (actual time=3518.661..3518.661 rows=0 loops=1)
   ->  Incremental Sort  (cost=1.07..709405.84 rows=9999939 width=20) (actual time=0.134..3299.091 rows=10000000 loops=1)
         Sort Key: s_2.a, s_2.b, s_2.c
         Presorted Key: s_2.a, s_2.b
         Sort Method: quicksort  Memory: 27kB
         Sort Groups: 312012
         ->  Index Only Scan using s_2_a_b_e_d_c_idx on s_2  (cost=0.56..348311.65 rows=9999939 width=20) (actual time=0.078..1446.572 rows=10000000 loops=1)
               Heap Fetches: 0
 Planning time: 0.317 ms
 Execution time: 3518.686 ms
(10 rows)

===== 309 [Wed Mar  7 15:50:28 CET 2018] scale:10000000 groups:10000 work_mem:16MB incremental:on max_workers:2 =====
SELECT * FROM s_3 ORDER BY a, b, c, d
                                                                          QUERY PLAN                                                                          
--------------------------------------------------------------------------------------------------------------------------------------------------------------
 Limit  (cost=809405.23..809405.23 rows=1 width=20) (actual time=3196.535..3196.535 rows=0 loops=1)
   ->  Incremental Sort  (cost=1.07..709405.84 rows=9999939 width=20) (actual time=0.086..2978.988 rows=10000000 loops=1)
         Sort Key: s_3.a, s_3.b, s_3.c, s_3.d
         Presorted Key: s_3.a, s_3.b, s_3.c
         Sort Method: quicksort  Memory: 27kB
         Sort Groups: 312500
         ->  Index Only Scan using s_3_a_b_c_e_d_idx on s_3  (cost=0.56..348311.65 rows=9999939 width=20) (actual time=0.032..1383.925 rows=10000000 loops=1)
               Heap Fetches: 0
 Planning time: 0.321 ms
 Execution time: 3196.560 ms
(10 rows)

===== 310 [Wed Mar  7 15:50:43 CET 2018] scale:10000000 groups:10000 work_mem:16MB incremental:off max_workers:2 =====
SELECT * FROM s_1 ORDER BY a, b
                                                          QUERY PLAN                                                           
-------------------------------------------------------------------------------------------------------------------------------
 Limit  (cost=1656460.22..1656460.22 rows=1 width=20) (actual time=5599.377..5599.377 rows=0 loops=1)
   ->  Sort  (cost=1531459.54..1556459.68 rows=10000054 width=20) (actual time=4558.655..5381.585 rows=10000000 loops=1)
         Sort Key: s_1.a, s_1.b
         Sort Method: external merge  Disk: 293904kB
         ->  Seq Scan on s_1  (cost=0.00..163695.54 rows=10000054 width=20) (actual time=0.027..648.760 rows=10000000 loops=1)
 Planning time: 0.310 ms
 Execution time: 5632.849 ms
(7 rows)

===== 311 [Wed Mar  7 15:51:13 CET 2018] scale:10000000 groups:10000 work_mem:16MB incremental:off max_workers:2 =====
SELECT * FROM s_2 ORDER BY a, b, c
                                                          QUERY PLAN                                                          
------------------------------------------------------------------------------------------------------------------------------
 Limit  (cost=1656439.93..1656439.93 rows=1 width=20) (actual time=4659.629..4659.629 rows=0 loops=1)
   ->  Sort  (cost=1531440.69..1556440.54 rows=9999939 width=20) (actual time=3619.487..4441.899 rows=10000000 loops=1)
         Sort Key: s_2.a, s_2.b, s_2.c
         Sort Method: external merge  Disk: 293904kB
         ->  Seq Scan on s_2  (cost=0.00..163694.39 rows=9999939 width=20) (actual time=0.037..646.653 rows=10000000 loops=1)
 Planning time: 0.304 ms
 Execution time: 4693.024 ms
(7 rows)

===== 312 [Wed Mar  7 15:51:37 CET 2018] scale:10000000 groups:10000 work_mem:16MB incremental:off max_workers:2 =====
SELECT * FROM s_3 ORDER BY a, b, c, d
                                                          QUERY PLAN                                                          
------------------------------------------------------------------------------------------------------------------------------
 Limit  (cost=1656439.93..1656439.93 rows=1 width=20) (actual time=3170.499..3170.499 rows=0 loops=1)
   ->  Sort  (cost=1531440.69..1556440.54 rows=9999939 width=20) (actual time=2130.000..2952.892 rows=10000000 loops=1)
         Sort Key: s_3.a, s_3.b, s_3.c, s_3.d
         Sort Method: external merge  Disk: 293904kB
         ->  Seq Scan on s_3  (cost=0.00..163694.39 rows=9999939 width=20) (actual time=0.032..654.108 rows=10000000 loops=1)
 Planning time: 0.300 ms
 Execution time: 3203.861 ms
(7 rows)

===== 313 [Wed Mar  7 15:51:52 CET 2018] scale:10000000 groups:10000 work_mem:32MB incremental:on max_workers:2 =====
SELECT * FROM s_1 ORDER BY a, b
                                                                          QUERY PLAN                                                                           
---------------------------------------------------------------------------------------------------------------------------------------------------------------
 Limit  (cost=1125421.51..1125421.51 rows=1 width=20) (actual time=5004.124..5004.124 rows=0 loops=1)
   ->  Incremental Sort  (cost=89.96..1025420.97 rows=10000054 width=20) (actual time=0.353..4787.853 rows=10000000 loops=1)
         Sort Key: s_1.a, s_1.b
         Presorted Key: s_1.a
         Sort Method: quicksort  Memory: 136kB
         Sort Groups: 10001
         ->  Index Only Scan using s_1_a_e_d_c_b_idx on s_1  (cost=0.56..348313.37 rows=10000054 width=20) (actual time=0.056..1370.020 rows=10000000 loops=1)
               Heap Fetches: 0
 Planning time: 0.298 ms
 Execution time: 5004.164 ms
(10 rows)

===== 314 [Wed Mar  7 15:52:17 CET 2018] scale:10000000 groups:10000 work_mem:32MB incremental:on max_workers:2 =====
SELECT * FROM s_2 ORDER BY a, b, c
                                                                          QUERY PLAN                                                                          
--------------------------------------------------------------------------------------------------------------------------------------------------------------
 Limit  (cost=809405.23..809405.23 rows=1 width=20) (actual time=3363.417..3363.417 rows=0 loops=1)
   ->  Incremental Sort  (cost=1.07..709405.84 rows=9999939 width=20) (actual time=0.085..3144.316 rows=10000000 loops=1)
         Sort Key: s_2.a, s_2.b, s_2.c
         Presorted Key: s_2.a, s_2.b
         Sort Method: quicksort  Memory: 27kB
         Sort Groups: 312012
         ->  Index Only Scan using s_2_a_b_e_d_c_idx on s_2  (cost=0.56..348311.65 rows=9999939 width=20) (actual time=0.030..1310.602 rows=10000000 loops=1)
               Heap Fetches: 0
 Planning time: 0.314 ms
 Execution time: 3363.441 ms
(10 rows)

===== 315 [Wed Mar  7 15:52:33 CET 2018] scale:10000000 groups:10000 work_mem:32MB incremental:on max_workers:2 =====
SELECT * FROM s_3 ORDER BY a, b, c, d
                                                                          QUERY PLAN                                                                          
--------------------------------------------------------------------------------------------------------------------------------------------------------------
 Limit  (cost=809405.23..809405.23 rows=1 width=20) (actual time=3258.573..3258.573 rows=0 loops=1)
   ->  Incremental Sort  (cost=1.07..709405.84 rows=9999939 width=20) (actual time=0.138..3040.936 rows=10000000 loops=1)
         Sort Key: s_3.a, s_3.b, s_3.c, s_3.d
         Presorted Key: s_3.a, s_3.b, s_3.c
         Sort Method: quicksort  Memory: 27kB
         Sort Groups: 312500
         ->  Index Only Scan using s_3_a_b_c_e_d_idx on s_3  (cost=0.56..348311.65 rows=9999939 width=20) (actual time=0.079..1438.321 rows=10000000 loops=1)
               Heap Fetches: 0
 Planning time: 0.315 ms
 Execution time: 3258.597 ms
(10 rows)

===== 316 [Wed Mar  7 15:52:48 CET 2018] scale:10000000 groups:10000 work_mem:32MB incremental:off max_workers:2 =====
SELECT * FROM s_1 ORDER BY a, b
                                                          QUERY PLAN                                                           
-------------------------------------------------------------------------------------------------------------------------------
 Limit  (cost=1656460.22..1656460.22 rows=1 width=20) (actual time=5651.173..5651.173 rows=0 loops=1)
   ->  Sort  (cost=1531459.54..1556459.68 rows=10000054 width=20) (actual time=4612.927..5433.676 rows=10000000 loops=1)
         Sort Key: s_1.a, s_1.b
         Sort Method: external merge  Disk: 293576kB
         ->  Seq Scan on s_1  (cost=0.00..163695.54 rows=10000054 width=20) (actual time=0.017..648.038 rows=10000000 loops=1)
 Planning time: 0.291 ms
 Execution time: 5685.034 ms
(7 rows)

===== 317 [Wed Mar  7 15:53:18 CET 2018] scale:10000000 groups:10000 work_mem:32MB incremental:off max_workers:2 =====
SELECT * FROM s_2 ORDER BY a, b, c
                                                          QUERY PLAN                                                          
------------------------------------------------------------------------------------------------------------------------------
 Limit  (cost=1656439.93..1656439.93 rows=1 width=20) (actual time=4695.312..4695.312 rows=0 loops=1)
   ->  Sort  (cost=1531440.69..1556440.54 rows=9999939 width=20) (actual time=3657.879..4477.963 rows=10000000 loops=1)
         Sort Key: s_2.a, s_2.b, s_2.c
         Sort Method: external merge  Disk: 293576kB
         ->  Seq Scan on s_2  (cost=0.00..163694.39 rows=9999939 width=20) (actual time=0.032..646.228 rows=10000000 loops=1)
 Planning time: 0.306 ms
 Execution time: 4729.169 ms
(7 rows)

===== 318 [Wed Mar  7 15:53:42 CET 2018] scale:10000000 groups:10000 work_mem:32MB incremental:off max_workers:2 =====
SELECT * FROM s_3 ORDER BY a, b, c, d
                                                          QUERY PLAN                                                          
------------------------------------------------------------------------------------------------------------------------------
 Limit  (cost=1656439.93..1656439.93 rows=1 width=20) (actual time=3193.798..3193.798 rows=0 loops=1)
   ->  Sort  (cost=1531440.69..1556440.54 rows=9999939 width=20) (actual time=2156.423..2976.436 rows=10000000 loops=1)
         Sort Key: s_3.a, s_3.b, s_3.c, s_3.d
         Sort Method: external merge  Disk: 293576kB
         ->  Seq Scan on s_3  (cost=0.00..163694.39 rows=9999939 width=20) (actual time=0.033..653.701 rows=10000000 loops=1)
 Planning time: 0.290 ms
 Execution time: 3227.676 ms
(7 rows)

===== 319 [Wed Mar  7 15:53:57 CET 2018] scale:10000000 groups:10000 work_mem:64MB incremental:on max_workers:2 =====
SELECT * FROM s_1 ORDER BY a, b
                                                                          QUERY PLAN                                                                           
---------------------------------------------------------------------------------------------------------------------------------------------------------------
 Limit  (cost=1125421.51..1125421.51 rows=1 width=20) (actual time=5078.857..5078.857 rows=0 loops=1)
   ->  Incremental Sort  (cost=89.96..1025420.97 rows=10000054 width=20) (actual time=0.371..4862.480 rows=10000000 loops=1)
         Sort Key: s_1.a, s_1.b
         Presorted Key: s_1.a
         Sort Method: quicksort  Memory: 136kB
         Sort Groups: 10001
         ->  Index Only Scan using s_1_a_e_d_c_b_idx on s_1  (cost=0.56..348313.37 rows=10000054 width=20) (actual time=0.058..1437.298 rows=10000000 loops=1)
               Heap Fetches: 0
 Planning time: 0.289 ms
 Execution time: 5078.891 ms
(10 rows)

===== 320 [Wed Mar  7 15:54:23 CET 2018] scale:10000000 groups:10000 work_mem:64MB incremental:on max_workers:2 =====
SELECT * FROM s_2 ORDER BY a, b, c
                                                                          QUERY PLAN                                                                          
--------------------------------------------------------------------------------------------------------------------------------------------------------------
 Limit  (cost=809405.23..809405.23 rows=1 width=20) (actual time=3422.359..3422.359 rows=0 loops=1)
   ->  Incremental Sort  (cost=1.07..709405.84 rows=9999939 width=20) (actual time=0.124..3203.071 rows=10000000 loops=1)
         Sort Key: s_2.a, s_2.b, s_2.c
         Presorted Key: s_2.a, s_2.b
         Sort Method: quicksort  Memory: 27kB
         Sort Groups: 312012
         ->  Index Only Scan using s_2_a_b_e_d_c_idx on s_2  (cost=0.56..348311.65 rows=9999939 width=20) (actual time=0.066..1362.366 rows=10000000 loops=1)
               Heap Fetches: 0
 Planning time: 0.320 ms
 Execution time: 3422.383 ms
(10 rows)

===== 321 [Wed Mar  7 15:54:39 CET 2018] scale:10000000 groups:10000 work_mem:64MB incremental:on max_workers:2 =====
SELECT * FROM s_3 ORDER BY a, b, c, d
                                                                          QUERY PLAN                                                                          
--------------------------------------------------------------------------------------------------------------------------------------------------------------
 Limit  (cost=809405.23..809405.23 rows=1 width=20) (actual time=3258.598..3258.598 rows=0 loops=1)
   ->  Incremental Sort  (cost=1.07..709405.84 rows=9999939 width=20) (actual time=0.132..3040.958 rows=10000000 loops=1)
         Sort Key: s_3.a, s_3.b, s_3.c, s_3.d
         Presorted Key: s_3.a, s_3.b, s_3.c
         Sort Method: quicksort  Memory: 27kB
         Sort Groups: 312500
         ->  Index Only Scan using s_3_a_b_c_e_d_idx on s_3  (cost=0.56..348311.65 rows=9999939 width=20) (actual time=0.076..1436.556 rows=10000000 loops=1)
               Heap Fetches: 0
 Planning time: 0.318 ms
 Execution time: 3258.623 ms
(10 rows)

===== 322 [Wed Mar  7 15:54:53 CET 2018] scale:10000000 groups:10000 work_mem:64MB incremental:off max_workers:2 =====
SELECT * FROM s_1 ORDER BY a, b
                                                          QUERY PLAN                                                           
-------------------------------------------------------------------------------------------------------------------------------
 Limit  (cost=1656460.22..1656460.22 rows=1 width=20) (actual time=5744.556..5744.556 rows=0 loops=1)
   ->  Sort  (cost=1531459.54..1556459.68 rows=10000054 width=20) (actual time=4702.877..5527.025 rows=10000000 loops=1)
         Sort Key: s_1.a, s_1.b
         Sort Method: external merge  Disk: 293648kB
         ->  Seq Scan on s_1  (cost=0.00..163695.54 rows=10000054 width=20) (actual time=0.020..650.009 rows=10000000 loops=1)
 Planning time: 0.291 ms
 Execution time: 5779.580 ms
(7 rows)

===== 323 [Wed Mar  7 15:55:24 CET 2018] scale:10000000 groups:10000 work_mem:64MB incremental:off max_workers:2 =====
SELECT * FROM s_2 ORDER BY a, b, c
                                                          QUERY PLAN                                                          
------------------------------------------------------------------------------------------------------------------------------
 Limit  (cost=1656439.93..1656439.93 rows=1 width=20) (actual time=4786.827..4786.827 rows=0 loops=1)
   ->  Sort  (cost=1531440.69..1556440.54 rows=9999939 width=20) (actual time=3744.786..4569.549 rows=10000000 loops=1)
         Sort Key: s_2.a, s_2.b, s_2.c
         Sort Method: external merge  Disk: 293648kB
         ->  Seq Scan on s_2  (cost=0.00..163694.39 rows=9999939 width=20) (actual time=0.030..648.238 rows=10000000 loops=1)
 Planning time: 0.304 ms
 Execution time: 4821.668 ms
(7 rows)

===== 324 [Wed Mar  7 15:55:49 CET 2018] scale:10000000 groups:10000 work_mem:64MB incremental:off max_workers:2 =====
SELECT * FROM s_3 ORDER BY a, b, c, d
                                                          QUERY PLAN                                                          
------------------------------------------------------------------------------------------------------------------------------
 Limit  (cost=1656439.93..1656439.93 rows=1 width=20) (actual time=3320.612..3320.612 rows=0 loops=1)
   ->  Sort  (cost=1531440.69..1556440.54 rows=9999939 width=20) (actual time=2273.053..3103.085 rows=10000000 loops=1)
         Sort Key: s_3.a, s_3.b, s_3.c, s_3.d
         Sort Method: external merge  Disk: 293648kB
         ->  Seq Scan on s_3  (cost=0.00..163694.39 rows=9999939 width=20) (actual time=0.034..655.749 rows=10000000 loops=1)
 Planning time: 0.296 ms
 Execution time: 3355.549 ms
(7 rows)

===== 325 [Wed Mar  7 15:56:05 CET 2018] scale:10000000 groups:10000 work_mem:128MB incremental:on max_workers:2 =====
SELECT * FROM s_1 ORDER BY a, b
                                                                          QUERY PLAN                                                                           
---------------------------------------------------------------------------------------------------------------------------------------------------------------
 Limit  (cost=1125421.51..1125421.51 rows=1 width=20) (actual time=5069.316..5069.316 rows=0 loops=1)
   ->  Incremental Sort  (cost=89.96..1025420.97 rows=10000054 width=20) (actual time=0.356..4852.999 rows=10000000 loops=1)
         Sort Key: s_1.a, s_1.b
         Presorted Key: s_1.a
         Sort Method: quicksort  Memory: 136kB
         Sort Groups: 10001
         ->  Index Only Scan using s_1_a_e_d_c_b_idx on s_1  (cost=0.56..348313.37 rows=10000054 width=20) (actual time=0.065..1429.509 rows=10000000 loops=1)
               Heap Fetches: 0
 Planning time: 0.289 ms
 Execution time: 5069.353 ms
(10 rows)

===== 326 [Wed Mar  7 15:56:30 CET 2018] scale:10000000 groups:10000 work_mem:128MB incremental:on max_workers:2 =====
SELECT * FROM s_2 ORDER BY a, b, c
                                                                          QUERY PLAN                                                                          
--------------------------------------------------------------------------------------------------------------------------------------------------------------
 Limit  (cost=809405.23..809405.23 rows=1 width=20) (actual time=3500.958..3500.958 rows=0 loops=1)
   ->  Incremental Sort  (cost=1.07..709405.84 rows=9999939 width=20) (actual time=0.132..3281.417 rows=10000000 loops=1)
         Sort Key: s_2.a, s_2.b, s_2.c
         Presorted Key: s_2.a, s_2.b
         Sort Method: quicksort  Memory: 27kB
         Sort Groups: 312012
         ->  Index Only Scan using s_2_a_b_e_d_c_idx on s_2  (cost=0.56..348311.65 rows=9999939 width=20) (actual time=0.077..1430.853 rows=10000000 loops=1)
               Heap Fetches: 0
 Planning time: 0.317 ms
 Execution time: 3500.982 ms
(10 rows)

===== 327 [Wed Mar  7 15:56:46 CET 2018] scale:10000000 groups:10000 work_mem:128MB incremental:on max_workers:2 =====
SELECT * FROM s_3 ORDER BY a, b, c, d
                                                                          QUERY PLAN                                                                          
--------------------------------------------------------------------------------------------------------------------------------------------------------------
 Limit  (cost=809405.23..809405.23 rows=1 width=20) (actual time=3270.511..3270.511 rows=0 loops=1)
   ->  Incremental Sort  (cost=1.07..709405.84 rows=9999939 width=20) (actual time=0.150..3052.867 rows=10000000 loops=1)
         Sort Key: s_3.a, s_3.b, s_3.c, s_3.d
         Presorted Key: s_3.a, s_3.b, s_3.c
         Sort Method: quicksort  Memory: 27kB
         Sort Groups: 312500
         ->  Index Only Scan using s_3_a_b_c_e_d_idx on s_3  (cost=0.56..348311.65 rows=9999939 width=20) (actual time=0.078..1448.562 rows=10000000 loops=1)
               Heap Fetches: 0
 Planning time: 0.306 ms
 Execution time: 3270.535 ms
(10 rows)

===== 328 [Wed Mar  7 15:57:01 CET 2018] scale:10000000 groups:10000 work_mem:128MB incremental:off max_workers:2 =====
SELECT * FROM s_1 ORDER BY a, b
                                                          QUERY PLAN                                                           
-------------------------------------------------------------------------------------------------------------------------------
 Limit  (cost=1656460.22..1656460.22 rows=1 width=20) (actual time=5878.956..5878.956 rows=0 loops=1)
   ->  Sort  (cost=1531459.54..1556459.68 rows=10000054 width=20) (actual time=4843.942..5661.563 rows=10000000 loops=1)
         Sort Key: s_1.a, s_1.b
         Sort Method: external merge  Disk: 293568kB
         ->  Seq Scan on s_1  (cost=0.00..163695.54 rows=10000054 width=20) (actual time=0.027..657.026 rows=10000000 loops=1)
 Planning time: 0.292 ms
 Execution time: 5915.765 ms
(7 rows)

===== 329 [Wed Mar  7 15:57:32 CET 2018] scale:10000000 groups:10000 work_mem:128MB incremental:off max_workers:2 =====
SELECT * FROM s_2 ORDER BY a, b, c
                                                          QUERY PLAN                                                          
------------------------------------------------------------------------------------------------------------------------------
 Limit  (cost=1656439.93..1656439.93 rows=1 width=20) (actual time=4917.269..4917.269 rows=0 loops=1)
   ->  Sort  (cost=1531440.69..1556440.54 rows=9999939 width=20) (actual time=3882.531..4700.005 rows=10000000 loops=1)
         Sort Key: s_2.a, s_2.b, s_2.c
         Sort Method: external merge  Disk: 293568kB
         ->  Seq Scan on s_2  (cost=0.00..163694.39 rows=9999939 width=20) (actual time=0.034..652.864 rows=10000000 loops=1)
 Planning time: 0.303 ms
 Execution time: 4954.267 ms
(7 rows)

===== 330 [Wed Mar  7 15:57:58 CET 2018] scale:10000000 groups:10000 work_mem:128MB incremental:off max_workers:2 =====
SELECT * FROM s_3 ORDER BY a, b, c, d
                                                          QUERY PLAN                                                          
------------------------------------------------------------------------------------------------------------------------------
 Limit  (cost=1656439.93..1656439.93 rows=1 width=20) (actual time=3510.253..3510.253 rows=0 loops=1)
   ->  Sort  (cost=1531440.69..1556440.54 rows=9999939 width=20) (actual time=2470.278..3292.966 rows=10000000 loops=1)
         Sort Key: s_3.a, s_3.b, s_3.c, s_3.d
         Sort Method: external merge  Disk: 293568kB
         ->  Seq Scan on s_3  (cost=0.00..163694.39 rows=9999939 width=20) (actual time=0.036..661.099 rows=10000000 loops=1)
 Planning time: 0.290 ms
 Execution time: 3547.142 ms
(7 rows)

===== 331 [Wed Mar  7 15:58:15 CET 2018] scale:10000000 groups:10000 work_mem:256MB incremental:on max_workers:2 =====
SELECT * FROM s_1 ORDER BY a, b
                                                                          QUERY PLAN                                                                           
---------------------------------------------------------------------------------------------------------------------------------------------------------------
 Limit  (cost=1125421.51..1125421.51 rows=1 width=20) (actual time=5079.042..5079.042 rows=0 loops=1)
   ->  Incremental Sort  (cost=89.96..1025420.97 rows=10000054 width=20) (actual time=0.362..4862.751 rows=10000000 loops=1)
         Sort Key: s_1.a, s_1.b
         Presorted Key: s_1.a
         Sort Method: quicksort  Memory: 136kB
         Sort Groups: 10001
         ->  Index Only Scan using s_1_a_e_d_c_b_idx on s_1  (cost=0.56..348313.37 rows=10000054 width=20) (actual time=0.069..1434.195 rows=10000000 loops=1)
               Heap Fetches: 0
 Planning time: 0.322 ms
 Execution time: 5079.078 ms
(10 rows)

===== 332 [Wed Mar  7 15:58:40 CET 2018] scale:10000000 groups:10000 work_mem:256MB incremental:on max_workers:2 =====
SELECT * FROM s_2 ORDER BY a, b, c
                                                                          QUERY PLAN                                                                          
--------------------------------------------------------------------------------------------------------------------------------------------------------------
 Limit  (cost=809405.23..809405.23 rows=1 width=20) (actual time=3533.110..3533.110 rows=0 loops=1)
   ->  Incremental Sort  (cost=1.07..709405.84 rows=9999939 width=20) (actual time=0.135..3313.638 rows=10000000 loops=1)
         Sort Key: s_2.a, s_2.b, s_2.c
         Presorted Key: s_2.a, s_2.b
         Sort Method: quicksort  Memory: 27kB
         Sort Groups: 312012
         ->  Index Only Scan using s_2_a_b_e_d_c_idx on s_2  (cost=0.56..348311.65 rows=9999939 width=20) (actual time=0.081..1458.154 rows=10000000 loops=1)
               Heap Fetches: 0
 Planning time: 0.322 ms
 Execution time: 3533.135 ms
(10 rows)

===== 333 [Wed Mar  7 15:58:56 CET 2018] scale:10000000 groups:10000 work_mem:256MB incremental:on max_workers:2 =====
SELECT * FROM s_3 ORDER BY a, b, c, d
                                                                          QUERY PLAN                                                                          
--------------------------------------------------------------------------------------------------------------------------------------------------------------
 Limit  (cost=809405.23..809405.23 rows=1 width=20) (actual time=3258.799..3258.799 rows=0 loops=1)
   ->  Incremental Sort  (cost=1.07..709405.84 rows=9999939 width=20) (actual time=0.115..3041.088 rows=10000000 loops=1)
         Sort Key: s_3.a, s_3.b, s_3.c, s_3.d
         Presorted Key: s_3.a, s_3.b, s_3.c
         Sort Method: quicksort  Memory: 27kB
         Sort Groups: 312500
         ->  Index Only Scan using s_3_a_b_c_e_d_idx on s_3  (cost=0.56..348311.65 rows=9999939 width=20) (actual time=0.059..1437.529 rows=10000000 loops=1)
               Heap Fetches: 0
 Planning time: 0.317 ms
 Execution time: 3258.823 ms
(10 rows)

===== 334 [Wed Mar  7 15:59:11 CET 2018] scale:10000000 groups:10000 work_mem:256MB incremental:off max_workers:2 =====
SELECT * FROM s_1 ORDER BY a, b
                                                                 QUERY PLAN                                                                 
--------------------------------------------------------------------------------------------------------------------------------------------
 Limit  (cost=1620128.26..1620128.26 rows=1 width=20) (actual time=3874.596..3874.596 rows=0 loops=1)
   ->  Gather Merge  (cost=564499.16..1536794.48 rows=8333378 width=20) (actual time=1751.896..3639.563 rows=10000000 loops=1)
         Workers Planned: 2
         Workers Launched: 2
         ->  Sort  (cost=563499.14..573915.86 rows=4166689 width=20) (actual time=1740.274..2011.944 rows=3333333 loops=3)
               Sort Key: s_1.a, s_1.b
               Sort Method: external merge  Disk: 98664kB
               Worker 0:  Sort Method: external merge  Disk: 98608kB
               Worker 1:  Sort Method: external merge  Disk: 96288kB
               ->  Parallel Seq Scan on s_1  (cost=0.00..105361.89 rows=4166689 width=20) (actual time=0.016..244.451 rows=3333333 loops=3)
 Planning time: 0.298 ms
 Execution time: 3902.744 ms
(12 rows)

===== 335 [Wed Mar  7 15:59:30 CET 2018] scale:10000000 groups:10000 work_mem:256MB incremental:off max_workers:2 =====
SELECT * FROM s_2 ORDER BY a, b, c
                                                                 QUERY PLAN                                                                 
--------------------------------------------------------------------------------------------------------------------------------------------
 Limit  (cost=1620109.99..1620109.99 rows=1 width=20) (actual time=3346.646..3346.646 rows=0 loops=1)
   ->  Gather Merge  (cost=564493.06..1536777.17 rows=8333282 width=20) (actual time=1457.689..3112.735 rows=10000000 loops=1)
         Workers Planned: 2
         Workers Launched: 2
         ->  Sort  (cost=563493.04..573909.64 rows=4166641 width=20) (actual time=1454.415..1726.225 rows=3333333 loops=3)
               Sort Key: s_2.a, s_2.b, s_2.c
               Sort Method: external merge  Disk: 97952kB
               Worker 0:  Sort Method: external merge  Disk: 97848kB
               Worker 1:  Sort Method: external merge  Disk: 97760kB
               ->  Parallel Seq Scan on s_2  (cost=0.00..105361.41 rows=4166641 width=20) (actual time=0.026..244.583 rows=3333333 loops=3)
 Planning time: 0.303 ms
 Execution time: 3375.206 ms
(12 rows)

===== 336 [Wed Mar  7 15:59:47 CET 2018] scale:10000000 groups:10000 work_mem:256MB incremental:off max_workers:2 =====
SELECT * FROM s_3 ORDER BY a, b, c, d
                                                                 QUERY PLAN                                                                 
--------------------------------------------------------------------------------------------------------------------------------------------
 Limit  (cost=1620109.99..1620109.99 rows=1 width=20) (actual time=2932.621..2932.621 rows=0 loops=1)
   ->  Gather Merge  (cost=564493.06..1536777.17 rows=8333282 width=20) (actual time=1044.115..2712.154 rows=10000000 loops=1)
         Workers Planned: 2
         Workers Launched: 2
         ->  Sort  (cost=563493.04..573909.64 rows=4166641 width=20) (actual time=1028.864..1301.375 rows=3333333 loops=3)
               Sort Key: s_3.a, s_3.b, s_3.c, s_3.d
               Sort Method: external merge  Disk: 96464kB
               Worker 0:  Sort Method: external merge  Disk: 100504kB
               Worker 1:  Sort Method: external merge  Disk: 96592kB
               ->  Parallel Seq Scan on s_3  (cost=0.00..105361.41 rows=4166641 width=20) (actual time=0.026..244.969 rows=3333333 loops=3)
 Planning time: 0.310 ms
 Execution time: 2961.930 ms
(12 rows)

