===== 1 [Wed Mar  7 16:01:21 CET 2018] scale:10000000 groups:10 work_mem:4MB incremental:on max_workers:0 =====
SELECT * FROM s_1 ORDER BY a, b LIMIT 100000
                                                                           QUERY PLAN                                                                            
-----------------------------------------------------------------------------------------------------------------------------------------------------------------
 Limit  (cost=143033.41..143033.41 rows=1 width=20) (actual time=198.866..198.866 rows=0 loops=1)
   ->  Limit  (cost=140283.41..142033.41 rows=100000 width=20) (actual time=179.776..196.131 rows=100000 loops=1)
         ->  Incremental Sort  (cost=140283.41..315284.57 rows=10000054 width=20) (actual time=179.775..190.412 rows=100000 loops=1)
               Sort Key: s_1.a, s_1.b
               Presorted Key: s_1.a
               Sort Method: external merge  Disk: 14720kB
               Sort Groups: 1
               ->  Index Only Scan using s_1_a_e_d_c_b_idx on s_1  (cost=0.56..348313.37 rows=10000054 width=20) (actual time=0.059..73.066 rows=501341 loops=1)
                     Heap Fetches: 0
 Planning time: 0.283 ms
 Execution time: 200.584 ms
(11 rows)

===== 2 [Wed Mar  7 16:01:22 CET 2018] scale:10000000 groups:10 work_mem:4MB incremental:on max_workers:0 =====
SELECT * FROM s_2 ORDER BY a, b, c LIMIT 100000
                                                                           QUERY PLAN                                                                           
----------------------------------------------------------------------------------------------------------------------------------------------------------------
 Limit  (cost=12399.21..12399.21 rows=1 width=20) (actual time=69.875..69.875 rows=0 loops=1)
   ->  Limit  (cost=9628.97..11399.21 rows=100000 width=20) (actual time=9.712..67.154 rows=100000 loops=1)
         ->  Incremental Sort  (cost=9628.97..186652.36 rows=9999939 width=20) (actual time=9.711..61.483 rows=100000 loops=1)
               Sort Key: s_2.a, s_2.b, s_2.c
               Presorted Key: s_2.a, s_2.b
               Sort Method: external merge  Disk: 1472kB
               Sort Groups: 3
               ->  Index Only Scan using s_2_a_b_e_d_c_idx on s_2  (cost=0.56..348311.65 rows=9999939 width=20) (actual time=0.047..18.882 rows=124977 loops=1)
                     Heap Fetches: 0
 Planning time: 0.297 ms
 Execution time: 70.151 ms
(11 rows)

===== 3 [Wed Mar  7 16:01:23 CET 2018] scale:10000000 groups:10 work_mem:4MB incremental:on max_workers:0 =====
SELECT * FROM s_3 ORDER BY a, b, c, d LIMIT 100000
                                                                           QUERY PLAN                                                                           
----------------------------------------------------------------------------------------------------------------------------------------------------------------
 Limit  (cost=3587.93..3587.93 rows=1 width=20) (actual time=50.810..50.810 rows=0 loops=1)
   ->  Limit  (cost=745.91..2587.93 rows=100000 width=20) (actual time=0.629..48.070 rows=100000 loops=1)
         ->  Incremental Sort  (cost=745.91..184946.84 rows=9999939 width=20) (actual time=0.629..42.602 rows=100000 loops=1)
               Sort Key: s_3.a, s_3.b, s_3.c, s_3.d
               Presorted Key: s_3.a, s_3.b, s_3.c
               Sort Method: quicksort  Memory: 585kB
               Sort Groups: 28
               ->  Index Only Scan using s_3_a_b_c_e_d_idx on s_3  (cost=0.56..348311.65 rows=9999939 width=20) (actual time=0.047..15.074 rows=102285 loops=1)
                     Heap Fetches: 0
 Planning time: 0.292 ms
 Execution time: 50.853 ms
(11 rows)

===== 4 [Wed Mar  7 16:01:23 CET 2018] scale:10000000 groups:10 work_mem:4MB incremental:off max_workers:0 =====
SELECT * FROM s_1 ORDER BY a, b LIMIT 100000
                                                             QUERY PLAN                                                              
-------------------------------------------------------------------------------------------------------------------------------------
 Limit  (cost=1737792.04..1737792.04 rows=1 width=20) (actual time=4311.802..4311.802 rows=0 loops=1)
   ->  Limit  (cost=1736542.04..1736792.04 rows=100000 width=20) (actual time=4293.186..4308.956 rows=100000 loops=1)
         ->  Sort  (cost=1736542.04..1761542.18 rows=10000054 width=20) (actual time=4293.185..4303.230 rows=100000 loops=1)
               Sort Key: s_1.a, s_1.b
               Sort Method: external merge  Disk: 293600kB
               ->  Seq Scan on s_1  (cost=0.00..163695.54 rows=10000054 width=20) (actual time=0.022..646.962 rows=10000000 loops=1)
 Planning time: 0.272 ms
 Execution time: 4344.150 ms
(8 rows)

===== 5 [Wed Mar  7 16:01:47 CET 2018] scale:10000000 groups:10 work_mem:4MB incremental:off max_workers:0 =====
SELECT * FROM s_2 ORDER BY a, b, c LIMIT 100000
                                                             QUERY PLAN                                                             
------------------------------------------------------------------------------------------------------------------------------------
 Limit  (cost=1737769.69..1737769.69 rows=1 width=20) (actual time=4599.473..4599.473 rows=0 loops=1)
   ->  Limit  (cost=1736519.69..1736769.69 rows=100000 width=20) (actual time=4580.829..4596.652 rows=100000 loops=1)
         ->  Sort  (cost=1736519.69..1761519.54 rows=9999939 width=20) (actual time=4580.828..4590.931 rows=100000 loops=1)
               Sort Key: s_2.a, s_2.b, s_2.c
               Sort Method: external merge  Disk: 293600kB
               ->  Seq Scan on s_2  (cost=0.00..163694.39 rows=9999939 width=20) (actual time=0.030..641.575 rows=10000000 loops=1)
 Planning time: 0.298 ms
 Execution time: 4631.957 ms
(8 rows)

===== 6 [Wed Mar  7 16:02:13 CET 2018] scale:10000000 groups:10 work_mem:4MB incremental:off max_workers:0 =====
SELECT * FROM s_3 ORDER BY a, b, c, d LIMIT 100000
                                                             QUERY PLAN                                                             
------------------------------------------------------------------------------------------------------------------------------------
 Limit  (cost=1737769.69..1737769.69 rows=1 width=20) (actual time=5219.355..5219.355 rows=0 loops=1)
   ->  Limit  (cost=1736519.69..1736769.69 rows=100000 width=20) (actual time=5200.721..5216.560 rows=100000 loops=1)
         ->  Sort  (cost=1736519.69..1761519.54 rows=9999939 width=20) (actual time=5200.720..5210.890 rows=100000 loops=1)
               Sort Key: s_3.a, s_3.b, s_3.c, s_3.d
               Sort Method: external merge  Disk: 293600kB
               ->  Seq Scan on s_3  (cost=0.00..163694.39 rows=9999939 width=20) (actual time=0.027..645.215 rows=10000000 loops=1)
 Planning time: 0.278 ms
 Execution time: 5251.790 ms
(8 rows)

===== 7 [Wed Mar  7 16:02:42 CET 2018] scale:10000000 groups:10 work_mem:8MB incremental:on max_workers:0 =====
SELECT * FROM s_1 ORDER BY a, b LIMIT 100000
                                                                           QUERY PLAN                                                                            
-----------------------------------------------------------------------------------------------------------------------------------------------------------------
 Limit  (cost=114459.62..114459.62 rows=1 width=20) (actual time=197.411..197.411 rows=0 loops=1)
   ->  Limit  (cost=111709.61..113459.62 rows=100000 width=20) (actual time=178.257..194.669 rows=100000 loops=1)
         ->  Incremental Sort  (cost=111709.61..286710.78 rows=10000054 width=20) (actual time=178.256..188.945 rows=100000 loops=1)
               Sort Key: s_1.a, s_1.b
               Presorted Key: s_1.a
               Sort Method: external merge  Disk: 14720kB
               Sort Groups: 1
               ->  Index Only Scan using s_1_a_e_d_c_b_idx on s_1  (cost=0.56..348313.37 rows=10000054 width=20) (actual time=0.039..63.419 rows=501341 loops=1)
                     Heap Fetches: 0
 Planning time: 0.282 ms
 Execution time: 199.594 ms
(11 rows)

===== 8 [Wed Mar  7 16:02:43 CET 2018] scale:10000000 groups:10 work_mem:8MB incremental:on max_workers:0 =====
SELECT * FROM s_2 ORDER BY a, b, c LIMIT 100000
                                                                           QUERY PLAN                                                                           
----------------------------------------------------------------------------------------------------------------------------------------------------------------
 Limit  (cost=12399.21..12399.21 rows=1 width=20) (actual time=55.941..55.941 rows=0 loops=1)
   ->  Limit  (cost=9628.97..11399.21 rows=100000 width=20) (actual time=9.188..53.227 rows=100000 loops=1)
         ->  Incremental Sort  (cost=9628.97..186652.36 rows=9999939 width=20) (actual time=9.187..47.747 rows=100000 loops=1)
               Sort Key: s_2.a, s_2.b, s_2.c
               Presorted Key: s_2.a, s_2.b
               Sort Method: quicksort  Memory: 5448kB
               Sort Groups: 3
               ->  Index Only Scan using s_2_a_b_e_d_c_idx on s_2  (cost=0.56..348311.65 rows=9999939 width=20) (actual time=0.025..16.359 rows=124977 loops=1)
                     Heap Fetches: 0
 Planning time: 0.303 ms
 Execution time: 56.035 ms
(11 rows)

===== 9 [Wed Mar  7 16:02:43 CET 2018] scale:10000000 groups:10 work_mem:8MB incremental:on max_workers:0 =====
SELECT * FROM s_3 ORDER BY a, b, c, d LIMIT 100000
                                                                           QUERY PLAN                                                                           
----------------------------------------------------------------------------------------------------------------------------------------------------------------
 Limit  (cost=3587.93..3587.93 rows=1 width=20) (actual time=48.410..48.410 rows=0 loops=1)
   ->  Limit  (cost=745.91..2587.93 rows=100000 width=20) (actual time=0.581..45.673 rows=100000 loops=1)
         ->  Incremental Sort  (cost=745.91..184946.84 rows=9999939 width=20) (actual time=0.581..40.197 rows=100000 loops=1)
               Sort Key: s_3.a, s_3.b, s_3.c, s_3.d
               Presorted Key: s_3.a, s_3.b, s_3.c
               Sort Method: quicksort  Memory: 585kB
               Sort Groups: 28
               ->  Index Only Scan using s_3_a_b_c_e_d_idx on s_3  (cost=0.56..348311.65 rows=9999939 width=20) (actual time=0.024..12.846 rows=102285 loops=1)
                     Heap Fetches: 0
 Planning time: 0.288 ms
 Execution time: 48.449 ms
(11 rows)

===== 10 [Wed Mar  7 16:02:44 CET 2018] scale:10000000 groups:10 work_mem:8MB incremental:off max_workers:0 =====
SELECT * FROM s_1 ORDER BY a, b LIMIT 100000
                                                             QUERY PLAN                                                              
-------------------------------------------------------------------------------------------------------------------------------------
 Limit  (cost=1045432.32..1045432.32 rows=1 width=20) (actual time=3851.698..3851.698 rows=0 loops=1)
   ->  Limit  (cost=1044182.32..1044432.32 rows=100000 width=20) (actual time=3834.080..3848.871 rows=100000 loops=1)
         ->  Sort  (cost=1044182.32..1069182.45 rows=10000054 width=20) (actual time=3834.079..3843.264 rows=100000 loops=1)
               Sort Key: s_1.a, s_1.b
               Sort Method: external merge  Disk: 293608kB
               ->  Seq Scan on s_1  (cost=0.00..163695.54 rows=10000054 width=20) (actual time=0.029..645.622 rows=10000000 loops=1)
 Planning time: 0.270 ms
 Execution time: 3884.351 ms
(8 rows)

===== 11 [Wed Mar  7 16:03:05 CET 2018] scale:10000000 groups:10 work_mem:8MB incremental:off max_workers:0 =====
SELECT * FROM s_2 ORDER BY a, b, c LIMIT 100000
                                                             QUERY PLAN                                                             
------------------------------------------------------------------------------------------------------------------------------------
 Limit  (cost=1045421.04..1045421.04 rows=1 width=20) (actual time=4107.020..4107.020 rows=0 loops=1)
   ->  Limit  (cost=1044171.04..1044421.04 rows=100000 width=20) (actual time=4089.542..4104.190 rows=100000 loops=1)
         ->  Sort  (cost=1044171.04..1069170.89 rows=9999939 width=20) (actual time=4089.541..4098.616 rows=100000 loops=1)
               Sort Key: s_2.a, s_2.b, s_2.c
               Sort Method: external merge  Disk: 293608kB
               ->  Seq Scan on s_2  (cost=0.00..163694.39 rows=9999939 width=20) (actual time=0.028..641.120 rows=10000000 loops=1)
 Planning time: 0.298 ms
 Execution time: 4139.696 ms
(8 rows)

===== 12 [Wed Mar  7 16:03:28 CET 2018] scale:10000000 groups:10 work_mem:8MB incremental:off max_workers:0 =====
SELECT * FROM s_3 ORDER BY a, b, c, d LIMIT 100000
                                                             QUERY PLAN                                                             
------------------------------------------------------------------------------------------------------------------------------------
 Limit  (cost=1045421.04..1045421.04 rows=1 width=20) (actual time=4762.299..4762.299 rows=0 loops=1)
   ->  Limit  (cost=1044171.04..1044421.04 rows=100000 width=20) (actual time=4744.714..4759.477 rows=100000 loops=1)
         ->  Sort  (cost=1044171.04..1069170.89 rows=9999939 width=20) (actual time=4744.713..4753.877 rows=100000 loops=1)
               Sort Key: s_3.a, s_3.b, s_3.c, s_3.d
               Sort Method: external merge  Disk: 293608kB
               ->  Seq Scan on s_3  (cost=0.00..163694.39 rows=9999939 width=20) (actual time=0.027..644.648 rows=10000000 loops=1)
 Planning time: 0.279 ms
 Execution time: 4794.898 ms
(8 rows)

===== 13 [Wed Mar  7 16:03:54 CET 2018] scale:10000000 groups:10 work_mem:16MB incremental:on max_workers:0 =====
SELECT * FROM s_1 ORDER BY a, b LIMIT 100000
                                                                           QUERY PLAN                                                                            
-----------------------------------------------------------------------------------------------------------------------------------------------------------------
 Limit  (cost=114459.62..114459.62 rows=1 width=20) (actual time=208.141..208.141 rows=0 loops=1)
   ->  Limit  (cost=111709.61..113459.62 rows=100000 width=20) (actual time=188.896..205.396 rows=100000 loops=1)
         ->  Incremental Sort  (cost=111709.61..286710.78 rows=10000054 width=20) (actual time=188.895..199.673 rows=100000 loops=1)
               Sort Key: s_1.a, s_1.b
               Presorted Key: s_1.a
               Sort Method: external merge  Disk: 14736kB
               Sort Groups: 1
               ->  Index Only Scan using s_1_a_e_d_c_b_idx on s_1  (cost=0.56..348313.37 rows=10000054 width=20) (actual time=0.039..64.367 rows=501341 loops=1)
                     Heap Fetches: 0
 Planning time: 0.286 ms
 Execution time: 210.512 ms
(11 rows)

===== 14 [Wed Mar  7 16:03:55 CET 2018] scale:10000000 groups:10 work_mem:16MB incremental:on max_workers:0 =====
SELECT * FROM s_2 ORDER BY a, b, c LIMIT 100000
                                                                           QUERY PLAN                                                                           
----------------------------------------------------------------------------------------------------------------------------------------------------------------
 Limit  (cost=12399.21..12399.21 rows=1 width=20) (actual time=55.909..55.909 rows=0 loops=1)
   ->  Limit  (cost=9628.97..11399.21 rows=100000 width=20) (actual time=9.172..53.174 rows=100000 loops=1)
         ->  Incremental Sort  (cost=9628.97..186652.36 rows=9999939 width=20) (actual time=9.172..47.697 rows=100000 loops=1)
               Sort Key: s_2.a, s_2.b, s_2.c
               Presorted Key: s_2.a, s_2.b
               Sort Method: quicksort  Memory: 5448kB
               Sort Groups: 3
               ->  Index Only Scan using s_2_a_b_e_d_c_idx on s_2  (cost=0.56..348311.65 rows=9999939 width=20) (actual time=0.025..16.345 rows=124977 loops=1)
                     Heap Fetches: 0
 Planning time: 0.304 ms
 Execution time: 55.993 ms
(11 rows)

===== 15 [Wed Mar  7 16:03:56 CET 2018] scale:10000000 groups:10 work_mem:16MB incremental:on max_workers:0 =====
SELECT * FROM s_3 ORDER BY a, b, c, d LIMIT 100000
                                                                           QUERY PLAN                                                                           
----------------------------------------------------------------------------------------------------------------------------------------------------------------
 Limit  (cost=3587.93..3587.93 rows=1 width=20) (actual time=48.420..48.420 rows=0 loops=1)
   ->  Limit  (cost=745.91..2587.93 rows=100000 width=20) (actual time=0.576..45.685 rows=100000 loops=1)
         ->  Incremental Sort  (cost=745.91..184946.84 rows=9999939 width=20) (actual time=0.576..40.212 rows=100000 loops=1)
               Sort Key: s_3.a, s_3.b, s_3.c, s_3.d
               Presorted Key: s_3.a, s_3.b, s_3.c
               Sort Method: quicksort  Memory: 585kB
               Sort Groups: 28
               ->  Index Only Scan using s_3_a_b_c_e_d_idx on s_3  (cost=0.56..348311.65 rows=9999939 width=20) (actual time=0.024..12.825 rows=102285 loops=1)
                     Heap Fetches: 0
 Planning time: 0.292 ms
 Execution time: 48.460 ms
(11 rows)

===== 16 [Wed Mar  7 16:03:56 CET 2018] scale:10000000 groups:10 work_mem:16MB incremental:off max_workers:0 =====
SELECT * FROM s_1 ORDER BY a, b LIMIT 100000
                                                             QUERY PLAN                                                              
-------------------------------------------------------------------------------------------------------------------------------------
 Limit  (cost=1045432.32..1045432.32 rows=1 width=20) (actual time=3293.449..3293.449 rows=0 loops=1)
   ->  Limit  (cost=1044182.32..1044432.32 rows=100000 width=20) (actual time=3274.839..3290.606 rows=100000 loops=1)
         ->  Sort  (cost=1044182.32..1069182.45 rows=10000054 width=20) (actual time=3274.838..3284.873 rows=100000 loops=1)
               Sort Key: s_1.a, s_1.b
               Sort Method: external merge  Disk: 293904kB
               ->  Seq Scan on s_1  (cost=0.00..163695.54 rows=10000054 width=20) (actual time=0.022..641.897 rows=10000000 loops=1)
 Planning time: 0.273 ms
 Execution time: 3326.285 ms
(8 rows)

===== 17 [Wed Mar  7 16:04:14 CET 2018] scale:10000000 groups:10 work_mem:16MB incremental:off max_workers:0 =====
SELECT * FROM s_2 ORDER BY a, b, c LIMIT 100000
                                                             QUERY PLAN                                                             
------------------------------------------------------------------------------------------------------------------------------------
 Limit  (cost=1045421.04..1045421.04 rows=1 width=20) (actual time=3486.808..3486.808 rows=0 loops=1)
   ->  Limit  (cost=1044171.04..1044421.04 rows=100000 width=20) (actual time=3468.082..3483.975 rows=100000 loops=1)
         ->  Sort  (cost=1044171.04..1069170.89 rows=9999939 width=20) (actual time=3468.081..3478.198 rows=100000 loops=1)
               Sort Key: s_2.a, s_2.b, s_2.c
               Sort Method: external merge  Disk: 293904kB
               ->  Seq Scan on s_2  (cost=0.00..163694.39 rows=9999939 width=20) (actual time=0.030..637.078 rows=10000000 loops=1)
 Planning time: 0.289 ms
 Execution time: 3519.756 ms
(8 rows)

===== 18 [Wed Mar  7 16:04:33 CET 2018] scale:10000000 groups:10 work_mem:16MB incremental:off max_workers:0 =====
SELECT * FROM s_3 ORDER BY a, b, c, d LIMIT 100000
                                                             QUERY PLAN                                                             
------------------------------------------------------------------------------------------------------------------------------------
 Limit  (cost=1045421.04..1045421.04 rows=1 width=20) (actual time=4100.140..4100.140 rows=0 loops=1)
   ->  Limit  (cost=1044171.04..1044421.04 rows=100000 width=20) (actual time=4081.512..4097.326 rows=100000 loops=1)
         ->  Sort  (cost=1044171.04..1069170.89 rows=9999939 width=20) (actual time=4081.511..4091.652 rows=100000 loops=1)
               Sort Key: s_3.a, s_3.b, s_3.c, s_3.d
               Sort Method: external merge  Disk: 293904kB
               ->  Seq Scan on s_3  (cost=0.00..163694.39 rows=9999939 width=20) (actual time=0.028..641.626 rows=10000000 loops=1)
 Planning time: 0.287 ms
 Execution time: 4132.983 ms
(8 rows)

===== 19 [Wed Mar  7 16:04:56 CET 2018] scale:10000000 groups:10 work_mem:32MB incremental:on max_workers:0 =====
SELECT * FROM s_1 ORDER BY a, b LIMIT 100000
                                                                           QUERY PLAN                                                                            
-----------------------------------------------------------------------------------------------------------------------------------------------------------------
 Limit  (cost=114459.62..114459.62 rows=1 width=20) (actual time=220.616..220.616 rows=0 loops=1)
   ->  Limit  (cost=111709.61..113459.62 rows=100000 width=20) (actual time=202.991..217.898 rows=100000 loops=1)
         ->  Incremental Sort  (cost=111709.61..286710.78 rows=10000054 width=20) (actual time=202.990..212.204 rows=100000 loops=1)
               Sort Key: s_1.a, s_1.b
               Presorted Key: s_1.a
               Sort Method: external merge  Disk: 14720kB
               Sort Groups: 1
               ->  Index Only Scan using s_1_a_e_d_c_b_idx on s_1  (cost=0.56..348313.37 rows=10000054 width=20) (actual time=0.038..65.673 rows=501341 loops=1)
                     Heap Fetches: 0
 Planning time: 0.281 ms
 Execution time: 223.059 ms
(11 rows)

===== 20 [Wed Mar  7 16:04:57 CET 2018] scale:10000000 groups:10 work_mem:32MB incremental:on max_workers:0 =====
SELECT * FROM s_2 ORDER BY a, b, c LIMIT 100000
                                                                           QUERY PLAN                                                                           
----------------------------------------------------------------------------------------------------------------------------------------------------------------
 Limit  (cost=12399.21..12399.21 rows=1 width=20) (actual time=55.922..55.922 rows=0 loops=1)
   ->  Limit  (cost=9628.97..11399.21 rows=100000 width=20) (actual time=9.182..53.195 rows=100000 loops=1)
         ->  Incremental Sort  (cost=9628.97..186652.36 rows=9999939 width=20) (actual time=9.182..47.709 rows=100000 loops=1)
               Sort Key: s_2.a, s_2.b, s_2.c
               Presorted Key: s_2.a, s_2.b
               Sort Method: quicksort  Memory: 5448kB
               Sort Groups: 3
               ->  Index Only Scan using s_2_a_b_e_d_c_idx on s_2  (cost=0.56..348311.65 rows=9999939 width=20) (actual time=0.025..16.371 rows=124977 loops=1)
                     Heap Fetches: 0
 Planning time: 0.300 ms
 Execution time: 56.007 ms
(11 rows)

===== 21 [Wed Mar  7 16:04:57 CET 2018] scale:10000000 groups:10 work_mem:32MB incremental:on max_workers:0 =====
SELECT * FROM s_3 ORDER BY a, b, c, d LIMIT 100000
                                                                           QUERY PLAN                                                                           
----------------------------------------------------------------------------------------------------------------------------------------------------------------
 Limit  (cost=3587.93..3587.93 rows=1 width=20) (actual time=48.427..48.427 rows=0 loops=1)
   ->  Limit  (cost=745.91..2587.93 rows=100000 width=20) (actual time=0.578..45.694 rows=100000 loops=1)
         ->  Incremental Sort  (cost=745.91..184946.84 rows=9999939 width=20) (actual time=0.578..40.215 rows=100000 loops=1)
               Sort Key: s_3.a, s_3.b, s_3.c, s_3.d
               Presorted Key: s_3.a, s_3.b, s_3.c
               Sort Method: quicksort  Memory: 585kB
               Sort Groups: 28
               ->  Index Only Scan using s_3_a_b_c_e_d_idx on s_3  (cost=0.56..348311.65 rows=9999939 width=20) (actual time=0.024..12.835 rows=102285 loops=1)
                     Heap Fetches: 0
 Planning time: 0.297 ms
 Execution time: 48.465 ms
(11 rows)

===== 22 [Wed Mar  7 16:04:57 CET 2018] scale:10000000 groups:10 work_mem:32MB incremental:off max_workers:0 =====
SELECT * FROM s_1 ORDER BY a, b LIMIT 100000
                                                             QUERY PLAN                                                              
-------------------------------------------------------------------------------------------------------------------------------------
 Limit  (cost=1045432.32..1045432.32 rows=1 width=20) (actual time=1460.488..1460.488 rows=0 loops=1)
   ->  Limit  (cost=1044182.32..1044432.32 rows=100000 width=20) (actual time=1444.437..1457.723 rows=100000 loops=1)
         ->  Sort  (cost=1044182.32..1069182.45 rows=10000054 width=20) (actual time=1444.436..1452.248 rows=100000 loops=1)
               Sort Key: s_1.a, s_1.b
               Sort Method: top-N heapsort  Memory: 18978kB
               ->  Seq Scan on s_1  (cost=0.00..163695.54 rows=10000054 width=20) (actual time=0.022..619.963 rows=10000000 loops=1)
 Planning time: 0.266 ms
 Execution time: 1461.395 ms
(8 rows)

===== 23 [Wed Mar  7 16:05:04 CET 2018] scale:10000000 groups:10 work_mem:32MB incremental:off max_workers:0 =====
SELECT * FROM s_2 ORDER BY a, b, c LIMIT 100000
                                                             QUERY PLAN                                                             
------------------------------------------------------------------------------------------------------------------------------------
 Limit  (cost=1045421.04..1045421.04 rows=1 width=20) (actual time=1417.436..1417.436 rows=0 loops=1)
   ->  Limit  (cost=1044171.04..1044421.04 rows=100000 width=20) (actual time=1402.241..1414.683 rows=100000 loops=1)
         ->  Sort  (cost=1044171.04..1069170.89 rows=9999939 width=20) (actual time=1402.240..1409.262 rows=100000 loops=1)
               Sort Key: s_2.a, s_2.b, s_2.c
               Sort Method: top-N heapsort  Memory: 15211kB
               ->  Seq Scan on s_2  (cost=0.00..163694.39 rows=9999939 width=20) (actual time=0.027..617.477 rows=10000000 loops=1)
 Planning time: 0.293 ms
 Execution time: 1418.344 ms
(8 rows)

===== 24 [Wed Mar  7 16:05:11 CET 2018] scale:10000000 groups:10 work_mem:32MB incremental:off max_workers:0 =====
SELECT * FROM s_3 ORDER BY a, b, c, d LIMIT 100000
                                                             QUERY PLAN                                                             
------------------------------------------------------------------------------------------------------------------------------------
 Limit  (cost=1045421.04..1045421.04 rows=1 width=20) (actual time=1424.077..1424.077 rows=0 loops=1)
   ->  Limit  (cost=1044171.04..1044421.04 rows=100000 width=20) (actual time=1408.911..1421.318 rows=100000 loops=1)
         ->  Sort  (cost=1044171.04..1069170.89 rows=9999939 width=20) (actual time=1408.910..1415.903 rows=100000 loops=1)
               Sort Key: s_3.a, s_3.b, s_3.c, s_3.d
               Sort Method: top-N heapsort  Memory: 14075kB
               ->  Seq Scan on s_3  (cost=0.00..163694.39 rows=9999939 width=20) (actual time=0.028..620.736 rows=10000000 loops=1)
 Planning time: 0.281 ms
 Execution time: 1424.984 ms
(8 rows)

===== 25 [Wed Mar  7 16:05:17 CET 2018] scale:10000000 groups:10 work_mem:64MB incremental:on max_workers:0 =====
SELECT * FROM s_1 ORDER BY a, b LIMIT 100000
                                                                           QUERY PLAN                                                                            
-----------------------------------------------------------------------------------------------------------------------------------------------------------------
 Limit  (cost=114459.62..114459.62 rows=1 width=20) (actual time=183.332..183.332 rows=0 loops=1)
   ->  Limit  (cost=111709.61..113459.62 rows=100000 width=20) (actual time=170.300..180.611 rows=100000 loops=1)
         ->  Incremental Sort  (cost=111709.61..286710.78 rows=10000054 width=20) (actual time=170.300..175.123 rows=100000 loops=1)
               Sort Key: s_1.a, s_1.b
               Presorted Key: s_1.a
               Sort Method: quicksort  Memory: 51456kB
               Sort Groups: 1
               ->  Index Only Scan using s_1_a_e_d_c_b_idx on s_1  (cost=0.56..348313.37 rows=10000054 width=20) (actual time=0.039..65.953 rows=501341 loops=1)
                     Heap Fetches: 0
 Planning time: 0.272 ms
 Execution time: 185.362 ms
(11 rows)

===== 26 [Wed Mar  7 16:05:18 CET 2018] scale:10000000 groups:10 work_mem:64MB incremental:on max_workers:0 =====
SELECT * FROM s_2 ORDER BY a, b, c LIMIT 100000
                                                                           QUERY PLAN                                                                           
----------------------------------------------------------------------------------------------------------------------------------------------------------------
 Limit  (cost=12399.21..12399.21 rows=1 width=20) (actual time=55.882..55.882 rows=0 loops=1)
   ->  Limit  (cost=9628.97..11399.21 rows=100000 width=20) (actual time=9.169..53.159 rows=100000 loops=1)
         ->  Incremental Sort  (cost=9628.97..186652.36 rows=9999939 width=20) (actual time=9.169..47.678 rows=100000 loops=1)
               Sort Key: s_2.a, s_2.b, s_2.c
               Presorted Key: s_2.a, s_2.b
               Sort Method: quicksort  Memory: 5448kB
               Sort Groups: 3
               ->  Index Only Scan using s_2_a_b_e_d_c_idx on s_2  (cost=0.56..348311.65 rows=9999939 width=20) (actual time=0.024..16.345 rows=124977 loops=1)
                     Heap Fetches: 0
 Planning time: 0.301 ms
 Execution time: 55.966 ms
(11 rows)

===== 27 [Wed Mar  7 16:05:19 CET 2018] scale:10000000 groups:10 work_mem:64MB incremental:on max_workers:0 =====
SELECT * FROM s_3 ORDER BY a, b, c, d LIMIT 100000
                                                                           QUERY PLAN                                                                           
----------------------------------------------------------------------------------------------------------------------------------------------------------------
 Limit  (cost=3587.93..3587.93 rows=1 width=20) (actual time=48.423..48.423 rows=0 loops=1)
   ->  Limit  (cost=745.91..2587.93 rows=100000 width=20) (actual time=0.578..45.685 rows=100000 loops=1)
         ->  Incremental Sort  (cost=745.91..184946.84 rows=9999939 width=20) (actual time=0.578..40.208 rows=100000 loops=1)
               Sort Key: s_3.a, s_3.b, s_3.c, s_3.d
               Presorted Key: s_3.a, s_3.b, s_3.c
               Sort Method: quicksort  Memory: 585kB
               Sort Groups: 28
               ->  Index Only Scan using s_3_a_b_c_e_d_idx on s_3  (cost=0.56..348311.65 rows=9999939 width=20) (actual time=0.024..12.828 rows=102285 loops=1)
                     Heap Fetches: 0
 Planning time: 0.294 ms
 Execution time: 48.462 ms
(11 rows)

===== 28 [Wed Mar  7 16:05:19 CET 2018] scale:10000000 groups:10 work_mem:64MB incremental:off max_workers:0 =====
SELECT * FROM s_1 ORDER BY a, b LIMIT 100000
                                                             QUERY PLAN                                                              
-------------------------------------------------------------------------------------------------------------------------------------
 Limit  (cost=1045432.32..1045432.32 rows=1 width=20) (actual time=1458.842..1458.842 rows=0 loops=1)
   ->  Limit  (cost=1044182.32..1044432.32 rows=100000 width=20) (actual time=1442.844..1456.062 rows=100000 loops=1)
         ->  Sort  (cost=1044182.32..1069182.45 rows=10000054 width=20) (actual time=1442.843..1450.632 rows=100000 loops=1)
               Sort Key: s_1.a, s_1.b
               Sort Method: top-N heapsort  Memory: 18978kB
               ->  Seq Scan on s_1  (cost=0.00..163695.54 rows=10000054 width=20) (actual time=0.026..618.394 rows=10000000 loops=1)
 Planning time: 0.290 ms
 Execution time: 1459.747 ms
(8 rows)

===== 29 [Wed Mar  7 16:05:26 CET 2018] scale:10000000 groups:10 work_mem:64MB incremental:off max_workers:0 =====
SELECT * FROM s_2 ORDER BY a, b, c LIMIT 100000
                                                             QUERY PLAN                                                             
------------------------------------------------------------------------------------------------------------------------------------
 Limit  (cost=1045421.04..1045421.04 rows=1 width=20) (actual time=1418.268..1418.268 rows=0 loops=1)
   ->  Limit  (cost=1044171.04..1044421.04 rows=100000 width=20) (actual time=1402.985..1415.512 rows=100000 loops=1)
         ->  Sort  (cost=1044171.04..1069170.89 rows=9999939 width=20) (actual time=1402.985..1410.098 rows=100000 loops=1)
               Sort Key: s_2.a, s_2.b, s_2.c
               Sort Method: top-N heapsort  Memory: 15211kB
               ->  Seq Scan on s_2  (cost=0.00..163694.39 rows=9999939 width=20) (actual time=0.028..617.433 rows=10000000 loops=1)
 Planning time: 0.295 ms
 Execution time: 1419.182 ms
(8 rows)

===== 30 [Wed Mar  7 16:05:32 CET 2018] scale:10000000 groups:10 work_mem:64MB incremental:off max_workers:0 =====
SELECT * FROM s_3 ORDER BY a, b, c, d LIMIT 100000
                                                             QUERY PLAN                                                             
------------------------------------------------------------------------------------------------------------------------------------
 Limit  (cost=1045421.04..1045421.04 rows=1 width=20) (actual time=1423.262..1423.262 rows=0 loops=1)
   ->  Limit  (cost=1044171.04..1044421.04 rows=100000 width=20) (actual time=1408.105..1420.511 rows=100000 loops=1)
         ->  Sort  (cost=1044171.04..1069170.89 rows=9999939 width=20) (actual time=1408.104..1415.084 rows=100000 loops=1)
               Sort Key: s_3.a, s_3.b, s_3.c, s_3.d
               Sort Method: top-N heapsort  Memory: 14075kB
               ->  Seq Scan on s_3  (cost=0.00..163694.39 rows=9999939 width=20) (actual time=0.029..620.058 rows=10000000 loops=1)
 Planning time: 0.279 ms
 Execution time: 1424.174 ms
(8 rows)

===== 31 [Wed Mar  7 16:05:39 CET 2018] scale:10000000 groups:10 work_mem:128MB incremental:on max_workers:0 =====
SELECT * FROM s_1 ORDER BY a, b LIMIT 100000
                                                                           QUERY PLAN                                                                            
-----------------------------------------------------------------------------------------------------------------------------------------------------------------
 Limit  (cost=114459.62..114459.62 rows=1 width=20) (actual time=183.521..183.521 rows=0 loops=1)
   ->  Limit  (cost=111709.61..113459.62 rows=100000 width=20) (actual time=170.466..180.805 rows=100000 loops=1)
         ->  Incremental Sort  (cost=111709.61..286710.78 rows=10000054 width=20) (actual time=170.465..175.315 rows=100000 loops=1)
               Sort Key: s_1.a, s_1.b
               Presorted Key: s_1.a
               Sort Method: quicksort  Memory: 51456kB
               Sort Groups: 1
               ->  Index Only Scan using s_1_a_e_d_c_b_idx on s_1  (cost=0.56..348313.37 rows=10000054 width=20) (actual time=0.039..65.932 rows=501341 loops=1)
                     Heap Fetches: 0
 Planning time: 0.278 ms
 Execution time: 185.554 ms
(11 rows)

===== 32 [Wed Mar  7 16:05:40 CET 2018] scale:10000000 groups:10 work_mem:128MB incremental:on max_workers:0 =====
SELECT * FROM s_2 ORDER BY a, b, c LIMIT 100000
                                                                           QUERY PLAN                                                                           
----------------------------------------------------------------------------------------------------------------------------------------------------------------
 Limit  (cost=12399.21..12399.21 rows=1 width=20) (actual time=55.897..55.897 rows=0 loops=1)
   ->  Limit  (cost=9628.97..11399.21 rows=100000 width=20) (actual time=9.178..53.186 rows=100000 loops=1)
         ->  Incremental Sort  (cost=9628.97..186652.36 rows=9999939 width=20) (actual time=9.178..47.698 rows=100000 loops=1)
               Sort Key: s_2.a, s_2.b, s_2.c
               Presorted Key: s_2.a, s_2.b
               Sort Method: quicksort  Memory: 5448kB
               Sort Groups: 3
               ->  Index Only Scan using s_2_a_b_e_d_c_idx on s_2  (cost=0.56..348311.65 rows=9999939 width=20) (actual time=0.025..16.346 rows=124977 loops=1)
                     Heap Fetches: 0
 Planning time: 0.300 ms
 Execution time: 55.982 ms
(11 rows)

===== 33 [Wed Mar  7 16:05:40 CET 2018] scale:10000000 groups:10 work_mem:128MB incremental:on max_workers:0 =====
SELECT * FROM s_3 ORDER BY a, b, c, d LIMIT 100000
                                                                           QUERY PLAN                                                                           
----------------------------------------------------------------------------------------------------------------------------------------------------------------
 Limit  (cost=3587.93..3587.93 rows=1 width=20) (actual time=48.431..48.431 rows=0 loops=1)
   ->  Limit  (cost=745.91..2587.93 rows=100000 width=20) (actual time=0.575..45.687 rows=100000 loops=1)
         ->  Incremental Sort  (cost=745.91..184946.84 rows=9999939 width=20) (actual time=0.574..40.213 rows=100000 loops=1)
               Sort Key: s_3.a, s_3.b, s_3.c, s_3.d
               Presorted Key: s_3.a, s_3.b, s_3.c
               Sort Method: quicksort  Memory: 585kB
               Sort Groups: 28
               ->  Index Only Scan using s_3_a_b_c_e_d_idx on s_3  (cost=0.56..348311.65 rows=9999939 width=20) (actual time=0.024..12.841 rows=102285 loops=1)
                     Heap Fetches: 0
 Planning time: 0.288 ms
 Execution time: 48.471 ms
(11 rows)

===== 34 [Wed Mar  7 16:05:40 CET 2018] scale:10000000 groups:10 work_mem:128MB incremental:off max_workers:0 =====
SELECT * FROM s_1 ORDER BY a, b LIMIT 100000
                                                             QUERY PLAN                                                              
-------------------------------------------------------------------------------------------------------------------------------------
 Limit  (cost=1045432.32..1045432.32 rows=1 width=20) (actual time=1459.737..1459.737 rows=0 loops=1)
   ->  Limit  (cost=1044182.32..1044432.32 rows=100000 width=20) (actual time=1443.725..1456.977 rows=100000 loops=1)
         ->  Sort  (cost=1044182.32..1069182.45 rows=10000054 width=20) (actual time=1443.724..1451.495 rows=100000 loops=1)
               Sort Key: s_1.a, s_1.b
               Sort Method: top-N heapsort  Memory: 18978kB
               ->  Seq Scan on s_1  (cost=0.00..163695.54 rows=10000054 width=20) (actual time=0.023..619.265 rows=10000000 loops=1)
 Planning time: 0.283 ms
 Execution time: 1460.641 ms
(8 rows)

===== 35 [Wed Mar  7 16:05:47 CET 2018] scale:10000000 groups:10 work_mem:128MB incremental:off max_workers:0 =====
SELECT * FROM s_2 ORDER BY a, b, c LIMIT 100000
                                                             QUERY PLAN                                                             
------------------------------------------------------------------------------------------------------------------------------------
 Limit  (cost=1045421.04..1045421.04 rows=1 width=20) (actual time=1417.748..1417.748 rows=0 loops=1)
   ->  Limit  (cost=1044171.04..1044421.04 rows=100000 width=20) (actual time=1402.549..1415.007 rows=100000 loops=1)
         ->  Sort  (cost=1044171.04..1069170.89 rows=9999939 width=20) (actual time=1402.548..1409.573 rows=100000 loops=1)
               Sort Key: s_2.a, s_2.b, s_2.c
               Sort Method: top-N heapsort  Memory: 15211kB
               ->  Seq Scan on s_2  (cost=0.00..163694.39 rows=9999939 width=20) (actual time=0.030..617.288 rows=10000000 loops=1)
 Planning time: 0.294 ms
 Execution time: 1418.660 ms
(8 rows)

===== 36 [Wed Mar  7 16:05:53 CET 2018] scale:10000000 groups:10 work_mem:128MB incremental:off max_workers:0 =====
SELECT * FROM s_3 ORDER BY a, b, c, d LIMIT 100000
                                                             QUERY PLAN                                                             
------------------------------------------------------------------------------------------------------------------------------------
 Limit  (cost=1045421.04..1045421.04 rows=1 width=20) (actual time=1423.272..1423.272 rows=0 loops=1)
   ->  Limit  (cost=1044171.04..1044421.04 rows=100000 width=20) (actual time=1408.108..1420.520 rows=100000 loops=1)
         ->  Sort  (cost=1044171.04..1069170.89 rows=9999939 width=20) (actual time=1408.107..1415.103 rows=100000 loops=1)
               Sort Key: s_3.a, s_3.b, s_3.c, s_3.d
               Sort Method: top-N heapsort  Memory: 14075kB
               ->  Seq Scan on s_3  (cost=0.00..163694.39 rows=9999939 width=20) (actual time=0.030..619.545 rows=10000000 loops=1)
 Planning time: 0.278 ms
 Execution time: 1424.183 ms
(8 rows)

===== 37 [Wed Mar  7 16:06:00 CET 2018] scale:10000000 groups:10 work_mem:256MB incremental:on max_workers:0 =====
SELECT * FROM s_1 ORDER BY a, b LIMIT 100000
                                                                           QUERY PLAN                                                                            
-----------------------------------------------------------------------------------------------------------------------------------------------------------------
 Limit  (cost=114459.62..114459.62 rows=1 width=20) (actual time=183.301..183.301 rows=0 loops=1)
   ->  Limit  (cost=111709.61..113459.62 rows=100000 width=20) (actual time=170.236..180.584 rows=100000 loops=1)
         ->  Incremental Sort  (cost=111709.61..286710.78 rows=10000054 width=20) (actual time=170.235..175.102 rows=100000 loops=1)
               Sort Key: s_1.a, s_1.b
               Presorted Key: s_1.a
               Sort Method: quicksort  Memory: 51456kB
               Sort Groups: 1
               ->  Index Only Scan using s_1_a_e_d_c_b_idx on s_1  (cost=0.56..348313.37 rows=10000054 width=20) (actual time=0.038..65.975 rows=501341 loops=1)
                     Heap Fetches: 0
 Planning time: 0.272 ms
 Execution time: 185.335 ms
(11 rows)

===== 38 [Wed Mar  7 16:06:01 CET 2018] scale:10000000 groups:10 work_mem:256MB incremental:on max_workers:0 =====
SELECT * FROM s_2 ORDER BY a, b, c LIMIT 100000
                                                                           QUERY PLAN                                                                           
----------------------------------------------------------------------------------------------------------------------------------------------------------------
 Limit  (cost=12399.21..12399.21 rows=1 width=20) (actual time=55.925..55.925 rows=0 loops=1)
   ->  Limit  (cost=9628.97..11399.21 rows=100000 width=20) (actual time=9.180..53.206 rows=100000 loops=1)
         ->  Incremental Sort  (cost=9628.97..186652.36 rows=9999939 width=20) (actual time=9.179..47.687 rows=100000 loops=1)
               Sort Key: s_2.a, s_2.b, s_2.c
               Presorted Key: s_2.a, s_2.b
               Sort Method: quicksort  Memory: 5448kB
               Sort Groups: 3
               ->  Index Only Scan using s_2_a_b_e_d_c_idx on s_2  (cost=0.56..348311.65 rows=9999939 width=20) (actual time=0.027..16.359 rows=124977 loops=1)
                     Heap Fetches: 0
 Planning time: 0.310 ms
 Execution time: 56.010 ms
(11 rows)

===== 39 [Wed Mar  7 16:06:01 CET 2018] scale:10000000 groups:10 work_mem:256MB incremental:on max_workers:0 =====
SELECT * FROM s_3 ORDER BY a, b, c, d LIMIT 100000
                                                                           QUERY PLAN                                                                           
----------------------------------------------------------------------------------------------------------------------------------------------------------------
 Limit  (cost=3587.93..3587.93 rows=1 width=20) (actual time=48.433..48.433 rows=0 loops=1)
   ->  Limit  (cost=745.91..2587.93 rows=100000 width=20) (actual time=0.584..45.690 rows=100000 loops=1)
         ->  Incremental Sort  (cost=745.91..184946.84 rows=9999939 width=20) (actual time=0.584..40.219 rows=100000 loops=1)
               Sort Key: s_3.a, s_3.b, s_3.c, s_3.d
               Presorted Key: s_3.a, s_3.b, s_3.c
               Sort Method: quicksort  Memory: 585kB
               Sort Groups: 28
               ->  Index Only Scan using s_3_a_b_c_e_d_idx on s_3  (cost=0.56..348311.65 rows=9999939 width=20) (actual time=0.024..12.842 rows=102285 loops=1)
                     Heap Fetches: 0
 Planning time: 0.287 ms
 Execution time: 48.472 ms
(11 rows)

===== 40 [Wed Mar  7 16:06:02 CET 2018] scale:10000000 groups:10 work_mem:256MB incremental:off max_workers:0 =====
SELECT * FROM s_1 ORDER BY a, b LIMIT 100000
                                                             QUERY PLAN                                                              
-------------------------------------------------------------------------------------------------------------------------------------
 Limit  (cost=1045432.32..1045432.32 rows=1 width=20) (actual time=1459.288..1459.288 rows=0 loops=1)
   ->  Limit  (cost=1044182.32..1044432.32 rows=100000 width=20) (actual time=1443.246..1456.514 rows=100000 loops=1)
         ->  Sort  (cost=1044182.32..1069182.45 rows=10000054 width=20) (actual time=1443.245..1451.060 rows=100000 loops=1)
               Sort Key: s_1.a, s_1.b
               Sort Method: top-N heapsort  Memory: 18978kB
               ->  Seq Scan on s_1  (cost=0.00..163695.54 rows=10000054 width=20) (actual time=0.022..618.587 rows=10000000 loops=1)
 Planning time: 0.265 ms
 Execution time: 1460.194 ms
(8 rows)

===== 41 [Wed Mar  7 16:06:08 CET 2018] scale:10000000 groups:10 work_mem:256MB incremental:off max_workers:0 =====
SELECT * FROM s_2 ORDER BY a, b, c LIMIT 100000
                                                             QUERY PLAN                                                             
------------------------------------------------------------------------------------------------------------------------------------
 Limit  (cost=1045421.04..1045421.04 rows=1 width=20) (actual time=1418.568..1418.568 rows=0 loops=1)
   ->  Limit  (cost=1044171.04..1044421.04 rows=100000 width=20) (actual time=1403.216..1415.813 rows=100000 loops=1)
         ->  Sort  (cost=1044171.04..1069170.89 rows=9999939 width=20) (actual time=1403.215..1410.407 rows=100000 loops=1)
               Sort Key: s_2.a, s_2.b, s_2.c
               Sort Method: top-N heapsort  Memory: 15211kB
               ->  Seq Scan on s_2  (cost=0.00..163694.39 rows=9999939 width=20) (actual time=0.027..617.976 rows=10000000 loops=1)
 Planning time: 0.295 ms
 Execution time: 1419.483 ms
(8 rows)

===== 42 [Wed Mar  7 16:06:15 CET 2018] scale:10000000 groups:10 work_mem:256MB incremental:off max_workers:0 =====
SELECT * FROM s_3 ORDER BY a, b, c, d LIMIT 100000
                                                             QUERY PLAN                                                             
------------------------------------------------------------------------------------------------------------------------------------
 Limit  (cost=1045421.04..1045421.04 rows=1 width=20) (actual time=1422.603..1422.603 rows=0 loops=1)
   ->  Limit  (cost=1044171.04..1044421.04 rows=100000 width=20) (actual time=1407.461..1419.864 rows=100000 loops=1)
         ->  Sort  (cost=1044171.04..1069170.89 rows=9999939 width=20) (actual time=1407.460..1414.447 rows=100000 loops=1)
               Sort Key: s_3.a, s_3.b, s_3.c, s_3.d
               Sort Method: top-N heapsort  Memory: 14075kB
               ->  Seq Scan on s_3  (cost=0.00..163694.39 rows=9999939 width=20) (actual time=0.028..619.180 rows=10000000 loops=1)
 Planning time: 0.283 ms
 Execution time: 1423.515 ms
(8 rows)

===== 43 [Wed Mar  7 16:06:21 CET 2018] scale:10000000 groups:10 work_mem:4MB incremental:on max_workers:2 =====
SELECT * FROM s_1 ORDER BY a, b LIMIT 100000
                                                                           QUERY PLAN                                                                            
-----------------------------------------------------------------------------------------------------------------------------------------------------------------
 Limit  (cost=143033.41..143033.41 rows=1 width=20) (actual time=187.312..187.312 rows=0 loops=1)
   ->  Limit  (cost=140283.41..142033.41 rows=100000 width=20) (actual time=168.226..184.577 rows=100000 loops=1)
         ->  Incremental Sort  (cost=140283.41..315284.57 rows=10000054 width=20) (actual time=168.225..178.855 rows=100000 loops=1)
               Sort Key: s_1.a, s_1.b
               Presorted Key: s_1.a
               Sort Method: external merge  Disk: 14720kB
               Sort Groups: 1
               ->  Index Only Scan using s_1_a_e_d_c_b_idx on s_1  (cost=0.56..348313.37 rows=10000054 width=20) (actual time=0.038..62.917 rows=501341 loops=1)
                     Heap Fetches: 0
 Planning time: 0.280 ms
 Execution time: 189.027 ms
(11 rows)

===== 44 [Wed Mar  7 16:06:22 CET 2018] scale:10000000 groups:10 work_mem:4MB incremental:on max_workers:2 =====
SELECT * FROM s_2 ORDER BY a, b, c LIMIT 100000
                                                                           QUERY PLAN                                                                           
----------------------------------------------------------------------------------------------------------------------------------------------------------------
 Limit  (cost=12399.21..12399.21 rows=1 width=20) (actual time=67.054..67.054 rows=0 loops=1)
   ->  Limit  (cost=9628.97..11399.21 rows=100000 width=20) (actual time=9.173..64.333 rows=100000 loops=1)
         ->  Incremental Sort  (cost=9628.97..186652.36 rows=9999939 width=20) (actual time=9.173..58.666 rows=100000 loops=1)
               Sort Key: s_2.a, s_2.b, s_2.c
               Presorted Key: s_2.a, s_2.b
               Sort Method: external merge  Disk: 1472kB
               Sort Groups: 3
               ->  Index Only Scan using s_2_a_b_e_d_c_idx on s_2  (cost=0.56..348311.65 rows=9999939 width=20) (actual time=0.025..16.346 rows=124977 loops=1)
                     Heap Fetches: 0
 Planning time: 0.308 ms
 Execution time: 67.335 ms
(11 rows)

===== 45 [Wed Mar  7 16:06:23 CET 2018] scale:10000000 groups:10 work_mem:4MB incremental:on max_workers:2 =====
SELECT * FROM s_3 ORDER BY a, b, c, d LIMIT 100000
                                                                           QUERY PLAN                                                                           
----------------------------------------------------------------------------------------------------------------------------------------------------------------
 Limit  (cost=3587.93..3587.93 rows=1 width=20) (actual time=48.419..48.419 rows=0 loops=1)
   ->  Limit  (cost=745.91..2587.93 rows=100000 width=20) (actual time=0.577..45.688 rows=100000 loops=1)
         ->  Incremental Sort  (cost=745.91..184946.84 rows=9999939 width=20) (actual time=0.576..40.215 rows=100000 loops=1)
               Sort Key: s_3.a, s_3.b, s_3.c, s_3.d
               Presorted Key: s_3.a, s_3.b, s_3.c
               Sort Method: quicksort  Memory: 585kB
               Sort Groups: 28
               ->  Index Only Scan using s_3_a_b_c_e_d_idx on s_3  (cost=0.56..348311.65 rows=9999939 width=20) (actual time=0.024..12.830 rows=102285 loops=1)
                     Heap Fetches: 0
 Planning time: 0.295 ms
 Execution time: 48.460 ms
(11 rows)

===== 46 [Wed Mar  7 16:06:23 CET 2018] scale:10000000 groups:10 work_mem:4MB incremental:off max_workers:2 =====
SELECT * FROM s_1 ORDER BY a, b LIMIT 100000
                                                                    QUERY PLAN                                                                    
--------------------------------------------------------------------------------------------------------------------------------------------------
 Limit  (cost=748071.64..748071.64 rows=1 width=20) (actual time=1558.287..1558.287 rows=0 loops=1)
   ->  Limit  (cost=735404.16..747071.64 rows=100000 width=20) (actual time=1531.969..1555.509 rows=100000 loops=1)
         ->  Gather Merge  (cost=735404.16..1707699.48 rows=8333378 width=20) (actual time=1531.969..1549.880 rows=100000 loops=1)
               Workers Planned: 2
               Workers Launched: 2
               ->  Sort  (cost=734404.14..744820.86 rows=4166689 width=20) (actual time=1530.329..1533.819 rows=33966 loops=3)
                     Sort Key: s_1.a, s_1.b
                     Sort Method: external merge  Disk: 97872kB
                     Worker 0:  Sort Method: external merge  Disk: 97888kB
                     Worker 1:  Sort Method: external merge  Disk: 97848kB
                     ->  Parallel Seq Scan on s_1  (cost=0.00..105361.89 rows=4166689 width=20) (actual time=0.022..234.459 rows=3333333 loops=3)
 Planning time: 0.299 ms
 Execution time: 1582.438 ms
(13 rows)

===== 47 [Wed Mar  7 16:06:32 CET 2018] scale:10000000 groups:10 work_mem:4MB incremental:off max_workers:2 =====
SELECT * FROM s_2 ORDER BY a, b, c LIMIT 100000
                                                                    QUERY PLAN                                                                    
--------------------------------------------------------------------------------------------------------------------------------------------------
 Limit  (cost=748058.54..748058.54 rows=1 width=20) (actual time=1599.035..1599.035 rows=0 loops=1)
   ->  Limit  (cost=735391.06..747058.54 rows=100000 width=20) (actual time=1569.181..1596.222 rows=100000 loops=1)
         ->  Gather Merge  (cost=735391.06..1707675.17 rows=8333282 width=20) (actual time=1569.180..1590.513 rows=100000 loops=1)
               Workers Planned: 2
               Workers Launched: 2
               ->  Sort  (cost=734391.04..744807.64 rows=4166641 width=20) (actual time=1566.827..1570.335 rows=34014 loops=3)
                     Sort Key: s_2.a, s_2.b, s_2.c
                     Sort Method: external merge  Disk: 97912kB
                     Worker 0:  Sort Method: external merge  Disk: 97856kB
                     Worker 1:  Sort Method: external merge  Disk: 97848kB
                     ->  Parallel Seq Scan on s_2  (cost=0.00..105361.41 rows=4166641 width=20) (actual time=0.023..235.117 rows=3333333 loops=3)
 Planning time: 0.323 ms
 Execution time: 1623.173 ms
(13 rows)

===== 48 [Wed Mar  7 16:06:41 CET 2018] scale:10000000 groups:10 work_mem:4MB incremental:off max_workers:2 =====
SELECT * FROM s_3 ORDER BY a, b, c, d LIMIT 100000
                                                                    QUERY PLAN                                                                    
--------------------------------------------------------------------------------------------------------------------------------------------------
 Limit  (cost=748058.54..748058.54 rows=1 width=20) (actual time=1738.965..1738.965 rows=0 loops=1)
   ->  Limit  (cost=735391.06..747058.54 rows=100000 width=20) (actual time=1706.883..1736.148 rows=100000 loops=1)
         ->  Gather Merge  (cost=735391.06..1707675.17 rows=8333282 width=20) (actual time=1706.882..1730.425 rows=100000 loops=1)
               Workers Planned: 2
               Workers Launched: 2
               ->  Sort  (cost=734391.04..744807.64 rows=4166641 width=20) (actual time=1700.524..1704.044 rows=34006 loops=3)
                     Sort Key: s_3.a, s_3.b, s_3.c, s_3.d
                     Sort Method: external merge  Disk: 98112kB
                     Worker 0:  Sort Method: external merge  Disk: 97744kB
                     Worker 1:  Sort Method: external merge  Disk: 97744kB
                     ->  Parallel Seq Scan on s_3  (cost=0.00..105361.41 rows=4166641 width=20) (actual time=0.024..232.234 rows=3333333 loops=3)
 Planning time: 0.297 ms
 Execution time: 1762.788 ms
(13 rows)

===== 49 [Wed Mar  7 16:06:51 CET 2018] scale:10000000 groups:10 work_mem:8MB incremental:on max_workers:2 =====
SELECT * FROM s_1 ORDER BY a, b LIMIT 100000
                                                                           QUERY PLAN                                                                            
-----------------------------------------------------------------------------------------------------------------------------------------------------------------
 Limit  (cost=114459.62..114459.62 rows=1 width=20) (actual time=197.122..197.122 rows=0 loops=1)
   ->  Limit  (cost=111709.61..113459.62 rows=100000 width=20) (actual time=177.980..194.384 rows=100000 loops=1)
         ->  Incremental Sort  (cost=111709.61..286710.78 rows=10000054 width=20) (actual time=177.980..188.649 rows=100000 loops=1)
               Sort Key: s_1.a, s_1.b
               Presorted Key: s_1.a
               Sort Method: external merge  Disk: 14720kB
               Sort Groups: 1
               ->  Index Only Scan using s_1_a_e_d_c_b_idx on s_1  (cost=0.56..348313.37 rows=10000054 width=20) (actual time=0.038..63.352 rows=501341 loops=1)
                     Heap Fetches: 0
 Planning time: 0.280 ms
 Execution time: 199.271 ms
(11 rows)

===== 50 [Wed Mar  7 16:06:52 CET 2018] scale:10000000 groups:10 work_mem:8MB incremental:on max_workers:2 =====
SELECT * FROM s_2 ORDER BY a, b, c LIMIT 100000
                                                                           QUERY PLAN                                                                           
----------------------------------------------------------------------------------------------------------------------------------------------------------------
 Limit  (cost=12399.21..12399.21 rows=1 width=20) (actual time=55.936..55.936 rows=0 loops=1)
   ->  Limit  (cost=9628.97..11399.21 rows=100000 width=20) (actual time=9.179..53.197 rows=100000 loops=1)
         ->  Incremental Sort  (cost=9628.97..186652.36 rows=9999939 width=20) (actual time=9.178..47.708 rows=100000 loops=1)
               Sort Key: s_2.a, s_2.b, s_2.c
               Presorted Key: s_2.a, s_2.b
               Sort Method: quicksort  Memory: 5448kB
               Sort Groups: 3
               ->  Index Only Scan using s_2_a_b_e_d_c_idx on s_2  (cost=0.56..348311.65 rows=9999939 width=20) (actual time=0.030..16.364 rows=124977 loops=1)
                     Heap Fetches: 0
 Planning time: 0.306 ms
 Execution time: 56.180 ms
(11 rows)

===== 51 [Wed Mar  7 16:06:52 CET 2018] scale:10000000 groups:10 work_mem:8MB incremental:on max_workers:2 =====
SELECT * FROM s_3 ORDER BY a, b, c, d LIMIT 100000
                                                                           QUERY PLAN                                                                           
----------------------------------------------------------------------------------------------------------------------------------------------------------------
 Limit  (cost=3587.93..3587.93 rows=1 width=20) (actual time=48.412..48.412 rows=0 loops=1)
   ->  Limit  (cost=745.91..2587.93 rows=100000 width=20) (actual time=0.580..45.674 rows=100000 loops=1)
         ->  Incremental Sort  (cost=745.91..184946.84 rows=9999939 width=20) (actual time=0.580..40.200 rows=100000 loops=1)
               Sort Key: s_3.a, s_3.b, s_3.c, s_3.d
               Presorted Key: s_3.a, s_3.b, s_3.c
               Sort Method: quicksort  Memory: 585kB
               Sort Groups: 28
               ->  Index Only Scan using s_3_a_b_c_e_d_idx on s_3  (cost=0.56..348311.65 rows=9999939 width=20) (actual time=0.024..12.822 rows=102285 loops=1)
                     Heap Fetches: 0
 Planning time: 0.290 ms
 Execution time: 48.452 ms
(11 rows)

===== 52 [Wed Mar  7 16:06:53 CET 2018] scale:10000000 groups:10 work_mem:8MB incremental:off max_workers:2 =====
SELECT * FROM s_1 ORDER BY a, b LIMIT 100000
                                                                    QUERY PLAN                                                                    
--------------------------------------------------------------------------------------------------------------------------------------------------
 Limit  (cost=485898.87..485898.87 rows=1 width=20) (actual time=1379.546..1379.546 rows=0 loops=1)
   ->  Limit  (cost=473231.39..484898.87 rows=100000 width=20) (actual time=1353.086..1376.768 rows=100000 loops=1)
         ->  Gather Merge  (cost=473231.39..1445526.71 rows=8333378 width=20) (actual time=1353.085..1371.142 rows=100000 loops=1)
               Workers Planned: 2
               Workers Launched: 2
               ->  Sort  (cost=472231.37..482648.09 rows=4166689 width=20) (actual time=1351.309..1354.823 rows=33882 loops=3)
                     Sort Key: s_1.a, s_1.b
                     Sort Method: external merge  Disk: 97880kB
                     Worker 0:  Sort Method: external merge  Disk: 97880kB
                     Worker 1:  Sort Method: external merge  Disk: 97856kB
                     ->  Parallel Seq Scan on s_1  (cost=0.00..105361.89 rows=4166689 width=20) (actual time=0.023..233.096 rows=3333333 loops=3)
 Planning time: 0.289 ms
 Execution time: 1403.912 ms
(13 rows)

===== 53 [Wed Mar  7 16:07:00 CET 2018] scale:10000000 groups:10 work_mem:8MB incremental:off max_workers:2 =====
SELECT * FROM s_2 ORDER BY a, b, c LIMIT 100000
                                                                    QUERY PLAN                                                                    
--------------------------------------------------------------------------------------------------------------------------------------------------
 Limit  (cost=485894.17..485894.17 rows=1 width=20) (actual time=1418.977..1418.977 rows=0 loops=1)
   ->  Limit  (cost=473226.69..484894.17 rows=100000 width=20) (actual time=1388.938..1416.169 rows=100000 loops=1)
         ->  Gather Merge  (cost=473226.69..1445510.80 rows=8333282 width=20) (actual time=1388.938..1410.457 rows=100000 loops=1)
               Workers Planned: 2
               Workers Launched: 2
               ->  Sort  (cost=472226.66..482643.26 rows=4166641 width=20) (actual time=1387.065..1390.568 rows=33999 loops=3)
                     Sort Key: s_2.a, s_2.b, s_2.c
                     Sort Method: external merge  Disk: 98016kB
                     Worker 0:  Sort Method: external merge  Disk: 97800kB
                     Worker 1:  Sort Method: external merge  Disk: 97792kB
                     ->  Parallel Seq Scan on s_2  (cost=0.00..105361.41 rows=4166641 width=20) (actual time=0.024..233.576 rows=3333333 loops=3)
 Planning time: 0.305 ms
 Execution time: 1443.555 ms
(13 rows)

===== 54 [Wed Mar  7 16:07:08 CET 2018] scale:10000000 groups:10 work_mem:8MB incremental:off max_workers:2 =====
SELECT * FROM s_3 ORDER BY a, b, c, d LIMIT 100000
                                                                    QUERY PLAN                                                                    
--------------------------------------------------------------------------------------------------------------------------------------------------
 Limit  (cost=485894.17..485894.17 rows=1 width=20) (actual time=1557.240..1557.240 rows=0 loops=1)
   ->  Limit  (cost=473226.69..484894.17 rows=100000 width=20) (actual time=1525.132..1554.425 rows=100000 loops=1)
         ->  Gather Merge  (cost=473226.69..1445510.80 rows=8333282 width=20) (actual time=1525.131..1548.712 rows=100000 loops=1)
               Workers Planned: 2
               Workers Launched: 2
               ->  Sort  (cost=472226.66..482643.26 rows=4166641 width=20) (actual time=1520.654..1524.161 rows=33923 loops=3)
                     Sort Key: s_3.a, s_3.b, s_3.c, s_3.d
                     Sort Method: external merge  Disk: 98912kB
                     Worker 0:  Sort Method: external merge  Disk: 97088kB
                     Worker 1:  Sort Method: external merge  Disk: 97608kB
                     ->  Parallel Seq Scan on s_3  (cost=0.00..105361.41 rows=4166641 width=20) (actual time=0.024..233.712 rows=3333333 loops=3)
 Planning time: 0.303 ms
 Execution time: 1581.682 ms
(13 rows)

===== 55 [Wed Mar  7 16:07:17 CET 2018] scale:10000000 groups:10 work_mem:16MB incremental:on max_workers:2 =====
SELECT * FROM s_1 ORDER BY a, b LIMIT 100000
                                                                           QUERY PLAN                                                                            
-----------------------------------------------------------------------------------------------------------------------------------------------------------------
 Limit  (cost=114459.62..114459.62 rows=1 width=20) (actual time=208.245..208.245 rows=0 loops=1)
   ->  Limit  (cost=111709.61..113459.62 rows=100000 width=20) (actual time=188.986..205.498 rows=100000 loops=1)
         ->  Incremental Sort  (cost=111709.61..286710.78 rows=10000054 width=20) (actual time=188.985..199.776 rows=100000 loops=1)
               Sort Key: s_1.a, s_1.b
               Presorted Key: s_1.a
               Sort Method: external merge  Disk: 14736kB
               Sort Groups: 1
               ->  Index Only Scan using s_1_a_e_d_c_b_idx on s_1  (cost=0.56..348313.37 rows=10000054 width=20) (actual time=0.039..64.361 rows=501341 loops=1)
                     Heap Fetches: 0
 Planning time: 0.291 ms
 Execution time: 210.609 ms
(11 rows)

===== 56 [Wed Mar  7 16:07:18 CET 2018] scale:10000000 groups:10 work_mem:16MB incremental:on max_workers:2 =====
SELECT * FROM s_2 ORDER BY a, b, c LIMIT 100000
                                                                           QUERY PLAN                                                                           
----------------------------------------------------------------------------------------------------------------------------------------------------------------
 Limit  (cost=12399.21..12399.21 rows=1 width=20) (actual time=55.923..55.923 rows=0 loops=1)
   ->  Limit  (cost=9628.97..11399.21 rows=100000 width=20) (actual time=9.183..53.183 rows=100000 loops=1)
         ->  Incremental Sort  (cost=9628.97..186652.36 rows=9999939 width=20) (actual time=9.183..47.689 rows=100000 loops=1)
               Sort Key: s_2.a, s_2.b, s_2.c
               Presorted Key: s_2.a, s_2.b
               Sort Method: quicksort  Memory: 5448kB
               Sort Groups: 3
               ->  Index Only Scan using s_2_a_b_e_d_c_idx on s_2  (cost=0.56..348311.65 rows=9999939 width=20) (actual time=0.024..16.334 rows=124977 loops=1)
                     Heap Fetches: 0
 Planning time: 0.310 ms
 Execution time: 56.163 ms
(11 rows)

===== 57 [Wed Mar  7 16:07:19 CET 2018] scale:10000000 groups:10 work_mem:16MB incremental:on max_workers:2 =====
SELECT * FROM s_3 ORDER BY a, b, c, d LIMIT 100000
                                                                           QUERY PLAN                                                                           
----------------------------------------------------------------------------------------------------------------------------------------------------------------
 Limit  (cost=3587.93..3587.93 rows=1 width=20) (actual time=48.420..48.420 rows=0 loops=1)
   ->  Limit  (cost=745.91..2587.93 rows=100000 width=20) (actual time=0.579..45.683 rows=100000 loops=1)
         ->  Incremental Sort  (cost=745.91..184946.84 rows=9999939 width=20) (actual time=0.579..40.211 rows=100000 loops=1)
               Sort Key: s_3.a, s_3.b, s_3.c, s_3.d
               Presorted Key: s_3.a, s_3.b, s_3.c
               Sort Method: quicksort  Memory: 585kB
               Sort Groups: 28
               ->  Index Only Scan using s_3_a_b_c_e_d_idx on s_3  (cost=0.56..348311.65 rows=9999939 width=20) (actual time=0.024..12.849 rows=102285 loops=1)
                     Heap Fetches: 0
 Planning time: 0.287 ms
 Execution time: 48.460 ms
(11 rows)

===== 58 [Wed Mar  7 16:07:19 CET 2018] scale:10000000 groups:10 work_mem:16MB incremental:off max_workers:2 =====
SELECT * FROM s_1 ORDER BY a, b LIMIT 100000
                                                                    QUERY PLAN                                                                    
--------------------------------------------------------------------------------------------------------------------------------------------------
 Limit  (cost=485898.87..485898.87 rows=1 width=20) (actual time=1332.694..1332.694 rows=0 loops=1)
   ->  Limit  (cost=473231.39..484898.87 rows=100000 width=20) (actual time=1306.453..1329.915 rows=100000 loops=1)
         ->  Gather Merge  (cost=473231.39..1445526.71 rows=8333378 width=20) (actual time=1306.452..1324.281 rows=100000 loops=1)
               Workers Planned: 2
               Workers Launched: 2
               ->  Sort  (cost=472231.37..482648.09 rows=4166689 width=20) (actual time=1303.666..1307.073 rows=33997 loops=3)
                     Sort Key: s_1.a, s_1.b
                     Sort Method: external merge  Disk: 97760kB
                     Worker 0:  Sort Method: external merge  Disk: 98088kB
                     Worker 1:  Sort Method: external merge  Disk: 98064kB
                     ->  Parallel Seq Scan on s_1  (cost=0.00..105361.89 rows=4166689 width=20) (actual time=0.025..232.128 rows=3333333 loops=3)
 Planning time: 0.293 ms
 Execution time: 1357.791 ms
(13 rows)

===== 59 [Wed Mar  7 16:07:26 CET 2018] scale:10000000 groups:10 work_mem:16MB incremental:off max_workers:2 =====
SELECT * FROM s_2 ORDER BY a, b, c LIMIT 100000
                                                                    QUERY PLAN                                                                    
--------------------------------------------------------------------------------------------------------------------------------------------------
 Limit  (cost=485894.17..485894.17 rows=1 width=20) (actual time=1401.686..1401.686 rows=0 loops=1)
   ->  Limit  (cost=473226.69..484894.17 rows=100000 width=20) (actual time=1371.745..1398.874 rows=100000 loops=1)
         ->  Gather Merge  (cost=473226.69..1445510.80 rows=8333282 width=20) (actual time=1371.744..1393.171 rows=100000 loops=1)
               Workers Planned: 2
               Workers Launched: 2
               ->  Sort  (cost=472226.66..482643.26 rows=4166641 width=20) (actual time=1367.809..1371.293 rows=33996 loops=3)
                     Sort Key: s_2.a, s_2.b, s_2.c
                     Sort Method: external merge  Disk: 98224kB
                     Worker 0:  Sort Method: external merge  Disk: 97720kB
                     Worker 1:  Sort Method: external merge  Disk: 97968kB
                     ->  Parallel Seq Scan on s_2  (cost=0.00..105361.41 rows=4166641 width=20) (actual time=0.023..232.048 rows=3333333 loops=3)
 Planning time: 0.310 ms
 Execution time: 1427.066 ms
(13 rows)

===== 60 [Wed Mar  7 16:07:34 CET 2018] scale:10000000 groups:10 work_mem:16MB incremental:off max_workers:2 =====
SELECT * FROM s_3 ORDER BY a, b, c, d LIMIT 100000
                                                                    QUERY PLAN                                                                    
--------------------------------------------------------------------------------------------------------------------------------------------------
 Limit  (cost=485894.17..485894.17 rows=1 width=20) (actual time=1557.515..1557.515 rows=0 loops=1)
   ->  Limit  (cost=473226.69..484894.17 rows=100000 width=20) (actual time=1525.424..1554.700 rows=100000 loops=1)
         ->  Gather Merge  (cost=473226.69..1445510.80 rows=8333282 width=20) (actual time=1525.424..1548.994 rows=100000 loops=1)
               Workers Planned: 2
               Workers Launched: 2
               ->  Sort  (cost=472226.66..482643.26 rows=4166641 width=20) (actual time=1515.102..1518.598 rows=33934 loops=3)
                     Sort Key: s_3.a, s_3.b, s_3.c, s_3.d
                     Sort Method: external merge  Disk: 97136kB
                     Worker 0:  Sort Method: external merge  Disk: 98800kB
                     Worker 1:  Sort Method: external merge  Disk: 97976kB
                     ->  Parallel Seq Scan on s_3  (cost=0.00..105361.41 rows=4166641 width=20) (actual time=0.024..233.758 rows=3333333 loops=3)
 Planning time: 0.295 ms
 Execution time: 1582.626 ms
(13 rows)

===== 61 [Wed Mar  7 16:07:43 CET 2018] scale:10000000 groups:10 work_mem:32MB incremental:on max_workers:2 =====
SELECT * FROM s_1 ORDER BY a, b LIMIT 100000
                                                                           QUERY PLAN                                                                            
-----------------------------------------------------------------------------------------------------------------------------------------------------------------
 Limit  (cost=114459.62..114459.62 rows=1 width=20) (actual time=220.656..220.656 rows=0 loops=1)
   ->  Limit  (cost=111709.61..113459.62 rows=100000 width=20) (actual time=203.059..217.941 rows=100000 loops=1)
         ->  Incremental Sort  (cost=111709.61..286710.78 rows=10000054 width=20) (actual time=203.059..212.248 rows=100000 loops=1)
               Sort Key: s_1.a, s_1.b
               Presorted Key: s_1.a
               Sort Method: external merge  Disk: 14720kB
               Sort Groups: 1
               ->  Index Only Scan using s_1_a_e_d_c_b_idx on s_1  (cost=0.56..348313.37 rows=10000054 width=20) (actual time=0.038..65.712 rows=501341 loops=1)
                     Heap Fetches: 0
 Planning time: 0.283 ms
 Execution time: 223.036 ms
(11 rows)

===== 62 [Wed Mar  7 16:07:44 CET 2018] scale:10000000 groups:10 work_mem:32MB incremental:on max_workers:2 =====
SELECT * FROM s_2 ORDER BY a, b, c LIMIT 100000
                                                                           QUERY PLAN                                                                           
----------------------------------------------------------------------------------------------------------------------------------------------------------------
 Limit  (cost=12399.21..12399.21 rows=1 width=20) (actual time=55.914..55.914 rows=0 loops=1)
   ->  Limit  (cost=9628.97..11399.21 rows=100000 width=20) (actual time=9.173..53.167 rows=100000 loops=1)
         ->  Incremental Sort  (cost=9628.97..186652.36 rows=9999939 width=20) (actual time=9.173..47.680 rows=100000 loops=1)
               Sort Key: s_2.a, s_2.b, s_2.c
               Presorted Key: s_2.a, s_2.b
               Sort Method: quicksort  Memory: 5448kB
               Sort Groups: 3
               ->  Index Only Scan using s_2_a_b_e_d_c_idx on s_2  (cost=0.56..348311.65 rows=9999939 width=20) (actual time=0.025..16.338 rows=124977 loops=1)
                     Heap Fetches: 0
 Planning time: 0.309 ms
 Execution time: 56.153 ms
(11 rows)

===== 63 [Wed Mar  7 16:07:44 CET 2018] scale:10000000 groups:10 work_mem:32MB incremental:on max_workers:2 =====
SELECT * FROM s_3 ORDER BY a, b, c, d LIMIT 100000
                                                                           QUERY PLAN                                                                           
----------------------------------------------------------------------------------------------------------------------------------------------------------------
 Limit  (cost=3587.93..3587.93 rows=1 width=20) (actual time=48.422..48.422 rows=0 loops=1)
   ->  Limit  (cost=745.91..2587.93 rows=100000 width=20) (actual time=0.579..45.678 rows=100000 loops=1)
         ->  Incremental Sort  (cost=745.91..184946.84 rows=9999939 width=20) (actual time=0.578..40.218 rows=100000 loops=1)
               Sort Key: s_3.a, s_3.b, s_3.c, s_3.d
               Presorted Key: s_3.a, s_3.b, s_3.c
               Sort Method: quicksort  Memory: 585kB
               Sort Groups: 28
               ->  Index Only Scan using s_3_a_b_c_e_d_idx on s_3  (cost=0.56..348311.65 rows=9999939 width=20) (actual time=0.024..12.831 rows=102285 loops=1)
                     Heap Fetches: 0
 Planning time: 0.288 ms
 Execution time: 48.462 ms
(11 rows)

===== 64 [Wed Mar  7 16:07:45 CET 2018] scale:10000000 groups:10 work_mem:32MB incremental:off max_workers:2 =====
SELECT * FROM s_1 ORDER BY a, b LIMIT 100000
                                                                    QUERY PLAN                                                                    
--------------------------------------------------------------------------------------------------------------------------------------------------
 Limit  (cost=485898.87..485898.87 rows=1 width=20) (actual time=580.528..580.528 rows=0 loops=1)
   ->  Limit  (cost=473231.39..484898.87 rows=100000 width=20) (actual time=554.351..577.759 rows=100000 loops=1)
         ->  Gather Merge  (cost=473231.39..1445526.71 rows=8333378 width=20) (actual time=554.350..572.135 rows=100000 loops=1)
               Workers Planned: 2
               Workers Launched: 2
               ->  Sort  (cost=472231.37..482648.09 rows=4166689 width=20) (actual time=552.387..555.408 rows=33855 loops=3)
                     Sort Key: s_1.a, s_1.b
                     Sort Method: top-N heapsort  Memory: 18071kB
                     Worker 0:  Sort Method: top-N heapsort  Memory: 17548kB
                     Worker 1:  Sort Method: top-N heapsort  Memory: 17492kB
                     ->  Parallel Seq Scan on s_1  (cost=0.00..105361.89 rows=4166689 width=20) (actual time=0.022..220.465 rows=3333333 loops=3)
 Planning time: 0.288 ms
 Execution time: 583.855 ms
(13 rows)

===== 65 [Wed Mar  7 16:07:48 CET 2018] scale:10000000 groups:10 work_mem:32MB incremental:off max_workers:2 =====
SELECT * FROM s_2 ORDER BY a, b, c LIMIT 100000
                                                                    QUERY PLAN                                                                    
--------------------------------------------------------------------------------------------------------------------------------------------------
 Limit  (cost=485894.17..485894.17 rows=1 width=20) (actual time=582.591..582.591 rows=0 loops=1)
   ->  Limit  (cost=473226.69..484894.17 rows=100000 width=20) (actual time=553.734..579.787 rows=100000 loops=1)
         ->  Gather Merge  (cost=473226.69..1445510.80 rows=8333282 width=20) (actual time=553.733..574.096 rows=100000 loops=1)
               Workers Planned: 2
               Workers Launched: 2
               ->  Sort  (cost=472226.66..482643.26 rows=4166641 width=20) (actual time=551.798..554.212 rows=33994 loops=3)
                     Sort Key: s_2.a, s_2.b, s_2.c
                     Sort Method: top-N heapsort  Memory: 13970kB
                     Worker 0:  Sort Method: top-N heapsort  Memory: 14250kB
                     Worker 1:  Sort Method: top-N heapsort  Memory: 14233kB
                     ->  Parallel Seq Scan on s_2  (cost=0.00..105361.41 rows=4166641 width=20) (actual time=0.022..219.914 rows=3333333 loops=3)
 Planning time: 0.314 ms
 Execution time: 585.926 ms
(13 rows)

===== 66 [Wed Mar  7 16:07:50 CET 2018] scale:10000000 groups:10 work_mem:32MB incremental:off max_workers:2 =====
SELECT * FROM s_3 ORDER BY a, b, c, d LIMIT 100000
                                                                    QUERY PLAN                                                                    
--------------------------------------------------------------------------------------------------------------------------------------------------
 Limit  (cost=485894.17..485894.17 rows=1 width=20) (actual time=580.553..580.553 rows=0 loops=1)
   ->  Limit  (cost=473226.69..484894.17 rows=100000 width=20) (actual time=550.337..577.731 rows=100000 loops=1)
         ->  Gather Merge  (cost=473226.69..1445510.80 rows=8333282 width=20) (actual time=550.337..572.038 rows=100000 loops=1)
               Workers Planned: 2
               Workers Launched: 2
               ->  Sort  (cost=472226.66..482643.26 rows=4166641 width=20) (actual time=548.668..550.685 rows=33991 loops=3)
                     Sort Key: s_3.a, s_3.b, s_3.c, s_3.d
                     Sort Method: top-N heapsort  Memory: 14004kB
                     Worker 0:  Sort Method: top-N heapsort  Memory: 13993kB
                     Worker 1:  Sort Method: top-N heapsort  Memory: 14001kB
                     ->  Parallel Seq Scan on s_3  (cost=0.00..105361.41 rows=4166641 width=20) (actual time=0.024..221.786 rows=3333333 loops=3)
 Planning time: 0.294 ms
 Execution time: 584.177 ms
(13 rows)

===== 67 [Wed Mar  7 16:07:53 CET 2018] scale:10000000 groups:10 work_mem:64MB incremental:on max_workers:2 =====
SELECT * FROM s_1 ORDER BY a, b LIMIT 100000
                                                                           QUERY PLAN                                                                            
-----------------------------------------------------------------------------------------------------------------------------------------------------------------
 Limit  (cost=114459.62..114459.62 rows=1 width=20) (actual time=183.315..183.315 rows=0 loops=1)
   ->  Limit  (cost=111709.61..113459.62 rows=100000 width=20) (actual time=170.263..180.604 rows=100000 loops=1)
         ->  Incremental Sort  (cost=111709.61..286710.78 rows=10000054 width=20) (actual time=170.262..175.109 rows=100000 loops=1)
               Sort Key: s_1.a, s_1.b
               Presorted Key: s_1.a
               Sort Method: quicksort  Memory: 51456kB
               Sort Groups: 1
               ->  Index Only Scan using s_1_a_e_d_c_b_idx on s_1  (cost=0.56..348313.37 rows=10000054 width=20) (actual time=0.039..65.931 rows=501341 loops=1)
                     Heap Fetches: 0
 Planning time: 0.277 ms
 Execution time: 185.328 ms
(11 rows)

===== 68 [Wed Mar  7 16:07:54 CET 2018] scale:10000000 groups:10 work_mem:64MB incremental:on max_workers:2 =====
SELECT * FROM s_2 ORDER BY a, b, c LIMIT 100000
                                                                           QUERY PLAN                                                                           
----------------------------------------------------------------------------------------------------------------------------------------------------------------
 Limit  (cost=12399.21..12399.21 rows=1 width=20) (actual time=55.928..55.928 rows=0 loops=1)
   ->  Limit  (cost=9628.97..11399.21 rows=100000 width=20) (actual time=9.173..53.184 rows=100000 loops=1)
         ->  Incremental Sort  (cost=9628.97..186652.36 rows=9999939 width=20) (actual time=9.172..47.700 rows=100000 loops=1)
               Sort Key: s_2.a, s_2.b, s_2.c
               Presorted Key: s_2.a, s_2.b
               Sort Method: quicksort  Memory: 5448kB
               Sort Groups: 3
               ->  Index Only Scan using s_2_a_b_e_d_c_idx on s_2  (cost=0.56..348311.65 rows=9999939 width=20) (actual time=0.025..16.348 rows=124977 loops=1)
                     Heap Fetches: 0
 Planning time: 0.305 ms
 Execution time: 56.170 ms
(11 rows)

===== 69 [Wed Mar  7 16:07:55 CET 2018] scale:10000000 groups:10 work_mem:64MB incremental:on max_workers:2 =====
SELECT * FROM s_3 ORDER BY a, b, c, d LIMIT 100000
                                                                           QUERY PLAN                                                                           
----------------------------------------------------------------------------------------------------------------------------------------------------------------
 Limit  (cost=3587.93..3587.93 rows=1 width=20) (actual time=48.437..48.437 rows=0 loops=1)
   ->  Limit  (cost=745.91..2587.93 rows=100000 width=20) (actual time=0.578..45.691 rows=100000 loops=1)
         ->  Incremental Sort  (cost=745.91..184946.84 rows=9999939 width=20) (actual time=0.578..40.227 rows=100000 loops=1)
               Sort Key: s_3.a, s_3.b, s_3.c, s_3.d
               Presorted Key: s_3.a, s_3.b, s_3.c
               Sort Method: quicksort  Memory: 585kB
               Sort Groups: 28
               ->  Index Only Scan using s_3_a_b_c_e_d_idx on s_3  (cost=0.56..348311.65 rows=9999939 width=20) (actual time=0.024..12.852 rows=102285 loops=1)
                     Heap Fetches: 0
 Planning time: 0.297 ms
 Execution time: 48.475 ms
(11 rows)

===== 70 [Wed Mar  7 16:07:55 CET 2018] scale:10000000 groups:10 work_mem:64MB incremental:off max_workers:2 =====
SELECT * FROM s_1 ORDER BY a, b LIMIT 100000
                                                                    QUERY PLAN                                                                    
--------------------------------------------------------------------------------------------------------------------------------------------------
 Limit  (cost=485898.87..485898.87 rows=1 width=20) (actual time=580.536..580.536 rows=0 loops=1)
   ->  Limit  (cost=473231.39..484898.87 rows=100000 width=20) (actual time=554.281..577.759 rows=100000 loops=1)
         ->  Gather Merge  (cost=473231.39..1445526.71 rows=8333378 width=20) (actual time=554.280..572.135 rows=100000 loops=1)
               Workers Planned: 2
               Workers Launched: 2
               ->  Sort  (cost=472231.37..482648.09 rows=4166689 width=20) (actual time=552.401..555.430 rows=33851 loops=3)
                     Sort Key: s_1.a, s_1.b
                     Sort Method: top-N heapsort  Memory: 18097kB
                     Worker 0:  Sort Method: top-N heapsort  Memory: 17537kB
                     Worker 1:  Sort Method: top-N heapsort  Memory: 17479kB
                     ->  Parallel Seq Scan on s_1  (cost=0.00..105361.89 rows=4166689 width=20) (actual time=0.022..220.058 rows=3333333 loops=3)
 Planning time: 0.285 ms
 Execution time: 583.936 ms
(13 rows)

===== 71 [Wed Mar  7 16:07:58 CET 2018] scale:10000000 groups:10 work_mem:64MB incremental:off max_workers:2 =====
SELECT * FROM s_2 ORDER BY a, b, c LIMIT 100000
                                                                    QUERY PLAN                                                                    
--------------------------------------------------------------------------------------------------------------------------------------------------
 Limit  (cost=485894.17..485894.17 rows=1 width=20) (actual time=582.340..582.340 rows=0 loops=1)
   ->  Limit  (cost=473226.69..484894.17 rows=100000 width=20) (actual time=553.461..579.526 rows=100000 loops=1)
         ->  Gather Merge  (cost=473226.69..1445510.80 rows=8333282 width=20) (actual time=553.460..573.832 rows=100000 loops=1)
               Workers Planned: 2
               Workers Launched: 2
               ->  Sort  (cost=472226.66..482643.26 rows=4166641 width=20) (actual time=551.562..553.986 rows=33969 loops=3)
                     Sort Key: s_2.a, s_2.b, s_2.c
                     Sort Method: top-N heapsort  Memory: 13982kB
                     Worker 0:  Sort Method: top-N heapsort  Memory: 14254kB
                     Worker 1:  Sort Method: top-N heapsort  Memory: 14240kB
                     ->  Parallel Seq Scan on s_2  (cost=0.00..105361.41 rows=4166641 width=20) (actual time=0.022..219.344 rows=3333333 loops=3)
 Planning time: 0.319 ms
 Execution time: 585.759 ms
(13 rows)

===== 72 [Wed Mar  7 16:08:01 CET 2018] scale:10000000 groups:10 work_mem:64MB incremental:off max_workers:2 =====
SELECT * FROM s_3 ORDER BY a, b, c, d LIMIT 100000
                                                                    QUERY PLAN                                                                    
--------------------------------------------------------------------------------------------------------------------------------------------------
 Limit  (cost=485894.17..485894.17 rows=1 width=20) (actual time=580.126..580.126 rows=0 loops=1)
   ->  Limit  (cost=473226.69..484894.17 rows=100000 width=20) (actual time=549.901..577.312 rows=100000 loops=1)
         ->  Gather Merge  (cost=473226.69..1445510.80 rows=8333282 width=20) (actual time=549.900..571.612 rows=100000 loops=1)
               Workers Planned: 2
               Workers Launched: 2
               ->  Sort  (cost=472226.66..482643.26 rows=4166641 width=20) (actual time=548.072..550.089 rows=33944 loops=3)
                     Sort Key: s_3.a, s_3.b, s_3.c, s_3.d
                     Sort Method: top-N heapsort  Memory: 13995kB
                     Worker 0:  Sort Method: top-N heapsort  Memory: 13999kB
                     Worker 1:  Sort Method: top-N heapsort  Memory: 14000kB
                     ->  Parallel Seq Scan on s_3  (cost=0.00..105361.41 rows=4166641 width=20) (actual time=0.023..221.319 rows=3333333 loops=3)
 Planning time: 0.298 ms
 Execution time: 583.920 ms
(13 rows)

===== 73 [Wed Mar  7 16:08:04 CET 2018] scale:10000000 groups:10 work_mem:128MB incremental:on max_workers:2 =====
SELECT * FROM s_1 ORDER BY a, b LIMIT 100000
                                                                           QUERY PLAN                                                                            
-----------------------------------------------------------------------------------------------------------------------------------------------------------------
 Limit  (cost=114459.62..114459.62 rows=1 width=20) (actual time=183.267..183.267 rows=0 loops=1)
   ->  Limit  (cost=111709.61..113459.62 rows=100000 width=20) (actual time=170.200..180.550 rows=100000 loops=1)
         ->  Incremental Sort  (cost=111709.61..286710.78 rows=10000054 width=20) (actual time=170.199..175.061 rows=100000 loops=1)
               Sort Key: s_1.a, s_1.b
               Presorted Key: s_1.a
               Sort Method: quicksort  Memory: 51456kB
               Sort Groups: 1
               ->  Index Only Scan using s_1_a_e_d_c_b_idx on s_1  (cost=0.56..348313.37 rows=10000054 width=20) (actual time=0.038..65.939 rows=501341 loops=1)
                     Heap Fetches: 0
 Planning time: 0.277 ms
 Execution time: 185.285 ms
(11 rows)

===== 74 [Wed Mar  7 16:08:05 CET 2018] scale:10000000 groups:10 work_mem:128MB incremental:on max_workers:2 =====
SELECT * FROM s_2 ORDER BY a, b, c LIMIT 100000
                                                                           QUERY PLAN                                                                           
----------------------------------------------------------------------------------------------------------------------------------------------------------------
 Limit  (cost=12399.21..12399.21 rows=1 width=20) (actual time=55.888..55.888 rows=0 loops=1)
   ->  Limit  (cost=9628.97..11399.21 rows=100000 width=20) (actual time=9.174..53.151 rows=100000 loops=1)
         ->  Incremental Sort  (cost=9628.97..186652.36 rows=9999939 width=20) (actual time=9.173..47.665 rows=100000 loops=1)
               Sort Key: s_2.a, s_2.b, s_2.c
               Presorted Key: s_2.a, s_2.b
               Sort Method: quicksort  Memory: 5448kB
               Sort Groups: 3
               ->  Index Only Scan using s_2_a_b_e_d_c_idx on s_2  (cost=0.56..348311.65 rows=9999939 width=20) (actual time=0.024..16.349 rows=124977 loops=1)
                     Heap Fetches: 0
 Planning time: 0.307 ms
 Execution time: 56.132 ms
(11 rows)

===== 75 [Wed Mar  7 16:08:05 CET 2018] scale:10000000 groups:10 work_mem:128MB incremental:on max_workers:2 =====
SELECT * FROM s_3 ORDER BY a, b, c, d LIMIT 100000
                                                                           QUERY PLAN                                                                           
----------------------------------------------------------------------------------------------------------------------------------------------------------------
 Limit  (cost=3587.93..3587.93 rows=1 width=20) (actual time=48.434..48.434 rows=0 loops=1)
   ->  Limit  (cost=745.91..2587.93 rows=100000 width=20) (actual time=0.575..45.695 rows=100000 loops=1)
         ->  Incremental Sort  (cost=745.91..184946.84 rows=9999939 width=20) (actual time=0.575..40.225 rows=100000 loops=1)
               Sort Key: s_3.a, s_3.b, s_3.c, s_3.d
               Presorted Key: s_3.a, s_3.b, s_3.c
               Sort Method: quicksort  Memory: 585kB
               Sort Groups: 28
               ->  Index Only Scan using s_3_a_b_c_e_d_idx on s_3  (cost=0.56..348311.65 rows=9999939 width=20) (actual time=0.023..12.844 rows=102285 loops=1)
                     Heap Fetches: 0
 Planning time: 0.291 ms
 Execution time: 48.474 ms
(11 rows)

===== 76 [Wed Mar  7 16:08:05 CET 2018] scale:10000000 groups:10 work_mem:128MB incremental:off max_workers:2 =====
SELECT * FROM s_1 ORDER BY a, b LIMIT 100000
                                                                    QUERY PLAN                                                                    
--------------------------------------------------------------------------------------------------------------------------------------------------
 Limit  (cost=485898.87..485898.87 rows=1 width=20) (actual time=579.807..579.807 rows=0 loops=1)
   ->  Limit  (cost=473231.39..484898.87 rows=100000 width=20) (actual time=553.584..577.031 rows=100000 loops=1)
         ->  Gather Merge  (cost=473231.39..1445526.71 rows=8333378 width=20) (actual time=553.584..571.401 rows=100000 loops=1)
               Workers Planned: 2
               Workers Launched: 2
               ->  Sort  (cost=472231.37..482648.09 rows=4166689 width=20) (actual time=551.703..554.743 rows=33934 loops=3)
                     Sort Key: s_1.a, s_1.b
                     Sort Method: top-N heapsort  Memory: 18049kB
                     Worker 0:  Sort Method: top-N heapsort  Memory: 17525kB
                     Worker 1:  Sort Method: top-N heapsort  Memory: 17523kB
                     ->  Parallel Seq Scan on s_1  (cost=0.00..105361.89 rows=4166689 width=20) (actual time=0.022..220.069 rows=3333333 loops=3)
 Planning time: 0.293 ms
 Execution time: 583.302 ms
(13 rows)

===== 77 [Wed Mar  7 16:08:08 CET 2018] scale:10000000 groups:10 work_mem:128MB incremental:off max_workers:2 =====
SELECT * FROM s_2 ORDER BY a, b, c LIMIT 100000
                                                                    QUERY PLAN                                                                    
--------------------------------------------------------------------------------------------------------------------------------------------------
 Limit  (cost=485894.17..485894.17 rows=1 width=20) (actual time=581.720..581.720 rows=0 loops=1)
   ->  Limit  (cost=473226.69..484894.17 rows=100000 width=20) (actual time=552.786..578.913 rows=100000 loops=1)
         ->  Gather Merge  (cost=473226.69..1445510.80 rows=8333282 width=20) (actual time=552.786..573.223 rows=100000 loops=1)
               Workers Planned: 2
               Workers Launched: 2
               ->  Sort  (cost=472226.66..482643.26 rows=4166641 width=20) (actual time=551.213..553.654 rows=34009 loops=3)
                     Sort Key: s_2.a, s_2.b, s_2.c
                     Sort Method: top-N heapsort  Memory: 13981kB
                     Worker 0:  Sort Method: top-N heapsort  Memory: 14235kB
                     Worker 1:  Sort Method: top-N heapsort  Memory: 14239kB
                     ->  Parallel Seq Scan on s_2  (cost=0.00..105361.41 rows=4166641 width=20) (actual time=0.022..219.198 rows=3333333 loops=3)
 Planning time: 0.314 ms
 Execution time: 585.411 ms
(13 rows)

===== 78 [Wed Mar  7 16:08:11 CET 2018] scale:10000000 groups:10 work_mem:128MB incremental:off max_workers:2 =====
SELECT * FROM s_3 ORDER BY a, b, c, d LIMIT 100000
                                                                    QUERY PLAN                                                                    
--------------------------------------------------------------------------------------------------------------------------------------------------
 Limit  (cost=485894.17..485894.17 rows=1 width=20) (actual time=579.703..579.703 rows=0 loops=1)
   ->  Limit  (cost=473226.69..484894.17 rows=100000 width=20) (actual time=549.480..576.884 rows=100000 loops=1)
         ->  Gather Merge  (cost=473226.69..1445510.80 rows=8333282 width=20) (actual time=549.480..571.187 rows=100000 loops=1)
               Workers Planned: 2
               Workers Launched: 2
               ->  Sort  (cost=472226.66..482643.26 rows=4166641 width=20) (actual time=547.816..549.835 rows=33953 loops=3)
                     Sort Key: s_3.a, s_3.b, s_3.c, s_3.d
                     Sort Method: top-N heapsort  Memory: 13999kB
                     Worker 0:  Sort Method: top-N heapsort  Memory: 14002kB
                     Worker 1:  Sort Method: top-N heapsort  Memory: 13999kB
                     ->  Parallel Seq Scan on s_3  (cost=0.00..105361.41 rows=4166641 width=20) (actual time=0.023..221.056 rows=3333333 loops=3)
 Planning time: 0.304 ms
 Execution time: 583.491 ms
(13 rows)

===== 79 [Wed Mar  7 16:08:14 CET 2018] scale:10000000 groups:10 work_mem:256MB incremental:on max_workers:2 =====
SELECT * FROM s_1 ORDER BY a, b LIMIT 100000
                                                                           QUERY PLAN                                                                            
-----------------------------------------------------------------------------------------------------------------------------------------------------------------
 Limit  (cost=114459.62..114459.62 rows=1 width=20) (actual time=183.692..183.692 rows=0 loops=1)
   ->  Limit  (cost=111709.61..113459.62 rows=100000 width=20) (actual time=170.637..180.953 rows=100000 loops=1)
         ->  Incremental Sort  (cost=111709.61..286710.78 rows=10000054 width=20) (actual time=170.636..175.456 rows=100000 loops=1)
               Sort Key: s_1.a, s_1.b
               Presorted Key: s_1.a
               Sort Method: quicksort  Memory: 51456kB
               Sort Groups: 1
               ->  Index Only Scan using s_1_a_e_d_c_b_idx on s_1  (cost=0.56..348313.37 rows=10000054 width=20) (actual time=0.039..66.049 rows=501341 loops=1)
                     Heap Fetches: 0
 Planning time: 0.281 ms
 Execution time: 185.712 ms
(11 rows)

===== 80 [Wed Mar  7 16:08:15 CET 2018] scale:10000000 groups:10 work_mem:256MB incremental:on max_workers:2 =====
SELECT * FROM s_2 ORDER BY a, b, c LIMIT 100000
                                                                           QUERY PLAN                                                                           
----------------------------------------------------------------------------------------------------------------------------------------------------------------
 Limit  (cost=12399.21..12399.21 rows=1 width=20) (actual time=56.073..56.073 rows=0 loops=1)
   ->  Limit  (cost=9628.97..11399.21 rows=100000 width=20) (actual time=9.181..53.305 rows=100000 loops=1)
         ->  Incremental Sort  (cost=9628.97..186652.36 rows=9999939 width=20) (actual time=9.181..47.811 rows=100000 loops=1)
               Sort Key: s_2.a, s_2.b, s_2.c
               Presorted Key: s_2.a, s_2.b
               Sort Method: quicksort  Memory: 5448kB
               Sort Groups: 3
               ->  Index Only Scan using s_2_a_b_e_d_c_idx on s_2  (cost=0.56..348311.65 rows=9999939 width=20) (actual time=0.025..16.311 rows=124977 loops=1)
                     Heap Fetches: 0
 Planning time: 0.310 ms
 Execution time: 56.336 ms
(11 rows)

===== 81 [Wed Mar  7 16:08:15 CET 2018] scale:10000000 groups:10 work_mem:256MB incremental:on max_workers:2 =====
SELECT * FROM s_3 ORDER BY a, b, c, d LIMIT 100000
                                                                           QUERY PLAN                                                                           
----------------------------------------------------------------------------------------------------------------------------------------------------------------
 Limit  (cost=3587.93..3587.93 rows=1 width=20) (actual time=48.505..48.505 rows=0 loops=1)
   ->  Limit  (cost=745.91..2587.93 rows=100000 width=20) (actual time=0.580..45.742 rows=100000 loops=1)
         ->  Incremental Sort  (cost=745.91..184946.84 rows=9999939 width=20) (actual time=0.580..40.262 rows=100000 loops=1)
               Sort Key: s_3.a, s_3.b, s_3.c, s_3.d
               Presorted Key: s_3.a, s_3.b, s_3.c
               Sort Method: quicksort  Memory: 585kB
               Sort Groups: 28
               ->  Index Only Scan using s_3_a_b_c_e_d_idx on s_3  (cost=0.56..348311.65 rows=9999939 width=20) (actual time=0.025..12.864 rows=102285 loops=1)
                     Heap Fetches: 0
 Planning time: 0.300 ms
 Execution time: 48.546 ms
(11 rows)

===== 82 [Wed Mar  7 16:08:15 CET 2018] scale:10000000 groups:10 work_mem:256MB incremental:off max_workers:2 =====
SELECT * FROM s_1 ORDER BY a, b LIMIT 100000
                                                                    QUERY PLAN                                                                    
--------------------------------------------------------------------------------------------------------------------------------------------------
 Limit  (cost=485898.87..485898.87 rows=1 width=20) (actual time=580.105..580.105 rows=0 loops=1)
   ->  Limit  (cost=473231.39..484898.87 rows=100000 width=20) (actual time=553.806..577.331 rows=100000 loops=1)
         ->  Gather Merge  (cost=473231.39..1445526.71 rows=8333378 width=20) (actual time=553.805..571.707 rows=100000 loops=1)
               Workers Planned: 2
               Workers Launched: 2
               ->  Sort  (cost=472231.37..482648.09 rows=4166689 width=20) (actual time=551.747..554.794 rows=33878 loops=3)
                     Sort Key: s_1.a, s_1.b
                     Sort Method: top-N heapsort  Memory: 18111kB
                     Worker 0:  Sort Method: top-N heapsort  Memory: 17478kB
                     Worker 1:  Sort Method: top-N heapsort  Memory: 17518kB
                     ->  Parallel Seq Scan on s_1  (cost=0.00..105361.89 rows=4166689 width=20) (actual time=0.024..218.609 rows=3333333 loops=3)
 Planning time: 0.289 ms
 Execution time: 583.631 ms
(13 rows)

===== 83 [Wed Mar  7 16:08:18 CET 2018] scale:10000000 groups:10 work_mem:256MB incremental:off max_workers:2 =====
SELECT * FROM s_2 ORDER BY a, b, c LIMIT 100000
                                                                    QUERY PLAN                                                                    
--------------------------------------------------------------------------------------------------------------------------------------------------
 Limit  (cost=485894.17..485894.17 rows=1 width=20) (actual time=581.855..581.855 rows=0 loops=1)
   ->  Limit  (cost=473226.69..484894.17 rows=100000 width=20) (actual time=552.981..579.041 rows=100000 loops=1)
         ->  Gather Merge  (cost=473226.69..1445510.80 rows=8333282 width=20) (actual time=552.980..573.357 rows=100000 loops=1)
               Workers Planned: 2
               Workers Launched: 2
               ->  Sort  (cost=472226.66..482643.26 rows=4166641 width=20) (actual time=551.131..553.560 rows=34018 loops=3)
                     Sort Key: s_2.a, s_2.b, s_2.c
                     Sort Method: top-N heapsort  Memory: 13993kB
                     Worker 0:  Sort Method: top-N heapsort  Memory: 14219kB
                     Worker 1:  Sort Method: top-N heapsort  Memory: 14246kB
                     ->  Parallel Seq Scan on s_2  (cost=0.00..105361.41 rows=4166641 width=20) (actual time=0.023..217.872 rows=3333333 loops=3)
 Planning time: 0.309 ms
 Execution time: 585.432 ms
(13 rows)

===== 84 [Wed Mar  7 16:08:21 CET 2018] scale:10000000 groups:10 work_mem:256MB incremental:off max_workers:2 =====
SELECT * FROM s_3 ORDER BY a, b, c, d LIMIT 100000
                                                                    QUERY PLAN                                                                    
--------------------------------------------------------------------------------------------------------------------------------------------------
 Limit  (cost=485894.17..485894.17 rows=1 width=20) (actual time=579.542..579.542 rows=0 loops=1)
   ->  Limit  (cost=473226.69..484894.17 rows=100000 width=20) (actual time=549.303..576.726 rows=100000 loops=1)
         ->  Gather Merge  (cost=473226.69..1445510.80 rows=8333282 width=20) (actual time=549.302..571.025 rows=100000 loops=1)
               Workers Planned: 2
               Workers Launched: 2
               ->  Sort  (cost=472226.66..482643.26 rows=4166641 width=20) (actual time=547.534..549.544 rows=33989 loops=3)
                     Sort Key: s_3.a, s_3.b, s_3.c, s_3.d
                     Sort Method: top-N heapsort  Memory: 13994kB
                     Worker 0:  Sort Method: top-N heapsort  Memory: 13993kB
                     Worker 1:  Sort Method: top-N heapsort  Memory: 13998kB
                     ->  Parallel Seq Scan on s_3  (cost=0.00..105361.41 rows=4166641 width=20) (actual time=0.024..219.765 rows=3333333 loops=3)
 Planning time: 0.305 ms
 Execution time: 583.340 ms
(13 rows)

===== 85 [Wed Mar  7 16:09:36 CET 2018] scale:10000000 groups:100 work_mem:4MB incremental:on max_workers:0 =====
SELECT * FROM s_1 ORDER BY a, b LIMIT 100000
                                                                           QUERY PLAN                                                                           
----------------------------------------------------------------------------------------------------------------------------------------------------------------
 Limit  (cost=16449.51..16449.51 rows=1 width=20) (actual time=89.363..89.363 rows=0 loops=1)
   ->  Limit  (cost=13698.12..15449.51 rows=100000 width=20) (actual time=24.866..86.636 rows=100000 loops=1)
         ->  Incremental Sort  (cost=13698.12..188836.13 rows=9999939 width=20) (actual time=24.865..80.931 rows=100000 loops=1)
               Sort Key: s_1.a, s_1.b
               Presorted Key: s_1.a
               Sort Method: external merge  Disk: 2920kB
               Sort Groups: 2
               ->  Index Only Scan using s_1_a_e_d_c_b_idx on s_1  (cost=0.56..348311.65 rows=9999939 width=20) (actual time=0.048..22.420 rows=149220 loops=1)
                     Heap Fetches: 0
 Planning time: 0.280 ms
 Execution time: 90.023 ms
(11 rows)

===== 86 [Wed Mar  7 16:09:37 CET 2018] scale:10000000 groups:100 work_mem:4MB incremental:on max_workers:0 =====
SELECT * FROM s_2 ORDER BY a, b, c LIMIT 100000
                                                                           QUERY PLAN                                                                           
----------------------------------------------------------------------------------------------------------------------------------------------------------------
 Limit  (cost=2919.14..2919.14 rows=1 width=20) (actual time=57.127..57.127 rows=0 loops=1)
   ->  Limit  (cost=83.41..1919.14 rows=100000 width=20) (actual time=0.223..54.405 rows=100000 loops=1)
         ->  Incremental Sort  (cost=83.41..183655.18 rows=9999939 width=20) (actual time=0.222..48.908 rows=100000 loops=1)
               Sort Key: s_2.a, s_2.b, s_2.c
               Presorted Key: s_2.a, s_2.b
               Sort Method: quicksort  Memory: 132kB
               Sort Groups: 152
               ->  Index Only Scan using s_2_a_b_e_d_c_idx on s_2  (cost=0.56..348311.65 rows=9999939 width=20) (actual time=0.057..14.772 rows=100138 loops=1)
                     Heap Fetches: 0
 Planning time: 0.300 ms
 Execution time: 57.163 ms
(11 rows)

===== 87 [Wed Mar  7 16:09:37 CET 2018] scale:10000000 groups:100 work_mem:4MB incremental:on max_workers:0 =====
SELECT * FROM s_3 ORDER BY a, b, c, d LIMIT 100000
                                                                           QUERY PLAN                                                                            
-----------------------------------------------------------------------------------------------------------------------------------------------------------------
 Limit  (cost=3002.51..3002.51 rows=1 width=20) (actual time=53.157..53.157 rows=0 loops=1)
   ->  Limit  (cost=1.07..2002.51 rows=100000 width=20) (actual time=0.108..50.426 rows=100000 loops=1)
         ->  Incremental Sort  (cost=1.07..200145.68 rows=10000054 width=20) (actual time=0.107..44.908 rows=100000 loops=1)
               Sort Key: s_3.a, s_3.b, s_3.c, s_3.d
               Presorted Key: s_3.a, s_3.b, s_3.c
               Sort Method: quicksort  Memory: 28kB
               Sort Groups: 2800
               ->  Index Only Scan using s_3_a_b_c_e_d_idx on s_3  (cost=0.56..348313.37 rows=10000054 width=20) (actual time=0.050..14.656 rows=100025 loops=1)
                     Heap Fetches: 0
 Planning time: 0.297 ms
 Execution time: 53.184 ms
(11 rows)

===== 88 [Wed Mar  7 16:09:37 CET 2018] scale:10000000 groups:100 work_mem:4MB incremental:off max_workers:0 =====
SELECT * FROM s_1 ORDER BY a, b LIMIT 100000
                                                             QUERY PLAN                                                             
------------------------------------------------------------------------------------------------------------------------------------
 Limit  (cost=1737769.69..1737769.69 rows=1 width=20) (actual time=4894.748..4894.748 rows=0 loops=1)
   ->  Limit  (cost=1736519.69..1736769.69 rows=100000 width=20) (actual time=4877.391..4891.921 rows=100000 loops=1)
         ->  Sort  (cost=1736519.69..1761519.54 rows=9999939 width=20) (actual time=4877.390..4886.339 rows=100000 loops=1)
               Sort Key: s_1.a, s_1.b
               Sort Method: external merge  Disk: 293600kB
               ->  Seq Scan on s_1  (cost=0.00..163694.39 rows=9999939 width=20) (actual time=0.025..646.349 rows=10000000 loops=1)
 Planning time: 0.280 ms
 Execution time: 4928.500 ms
(8 rows)

===== 89 [Wed Mar  7 16:10:05 CET 2018] scale:10000000 groups:100 work_mem:4MB incremental:off max_workers:0 =====
SELECT * FROM s_2 ORDER BY a, b, c LIMIT 100000
                                                             QUERY PLAN                                                             
------------------------------------------------------------------------------------------------------------------------------------
 Limit  (cost=1737769.69..1737769.69 rows=1 width=20) (actual time=6073.888..6073.888 rows=0 loops=1)
   ->  Limit  (cost=1736519.69..1736769.69 rows=100000 width=20) (actual time=6056.512..6071.067 rows=100000 loops=1)
         ->  Sort  (cost=1736519.69..1761519.54 rows=9999939 width=20) (actual time=6056.511..6065.481 rows=100000 loops=1)
               Sort Key: s_2.a, s_2.b, s_2.c
               Sort Method: external merge  Disk: 293600kB
               ->  Seq Scan on s_2  (cost=0.00..163694.39 rows=9999939 width=20) (actual time=0.031..642.712 rows=10000000 loops=1)
 Planning time: 0.361 ms
 Execution time: 6107.432 ms
(8 rows)

===== 90 [Wed Mar  7 16:10:39 CET 2018] scale:10000000 groups:100 work_mem:4MB incremental:off max_workers:0 =====
SELECT * FROM s_3 ORDER BY a, b, c, d LIMIT 100000
                                                             QUERY PLAN                                                              
-------------------------------------------------------------------------------------------------------------------------------------
 Limit  (cost=1737792.04..1737792.04 rows=1 width=20) (actual time=6946.051..6946.051 rows=0 loops=1)
   ->  Limit  (cost=1736542.04..1736792.04 rows=100000 width=20) (actual time=6928.649..6943.232 rows=100000 loops=1)
         ->  Sort  (cost=1736542.04..1761542.18 rows=10000054 width=20) (actual time=6928.648..6937.644 rows=100000 loops=1)
               Sort Key: s_3.a, s_3.b, s_3.c, s_3.d
               Sort Method: external merge  Disk: 293600kB
               ->  Seq Scan on s_3  (cost=0.00..163695.54 rows=10000054 width=20) (actual time=0.028..644.006 rows=10000000 loops=1)
 Planning time: 0.304 ms
 Execution time: 6979.498 ms
(8 rows)

===== 91 [Wed Mar  7 16:11:19 CET 2018] scale:10000000 groups:100 work_mem:8MB incremental:on max_workers:0 =====
SELECT * FROM s_1 ORDER BY a, b LIMIT 100000
                                                                           QUERY PLAN                                                                           
----------------------------------------------------------------------------------------------------------------------------------------------------------------
 Limit  (cost=14415.81..14415.81 rows=1 width=20) (actual time=86.394..86.394 rows=0 loops=1)
   ->  Limit  (cost=11664.62..13415.81 rows=100000 width=20) (actual time=20.578..83.683 rows=100000 loops=1)
         ->  Incremental Sort  (cost=11664.62..186782.28 rows=9999939 width=20) (actual time=20.577..78.106 rows=100000 loops=1)
               Sort Key: s_1.a, s_1.b
               Presorted Key: s_1.a
               Sort Method: external merge  Disk: 2920kB
               Sort Groups: 2
               ->  Index Only Scan using s_1_a_e_d_c_b_idx on s_1  (cost=0.56..348311.65 rows=9999939 width=20) (actual time=0.025..19.496 rows=149220 loops=1)
                     Heap Fetches: 0
 Planning time: 0.274 ms
 Execution time: 86.911 ms
(11 rows)

===== 92 [Wed Mar  7 16:11:20 CET 2018] scale:10000000 groups:100 work_mem:8MB incremental:on max_workers:0 =====
SELECT * FROM s_2 ORDER BY a, b, c LIMIT 100000
                                                                           QUERY PLAN                                                                           
----------------------------------------------------------------------------------------------------------------------------------------------------------------
 Limit  (cost=2919.14..2919.14 rows=1 width=20) (actual time=54.763..54.763 rows=0 loops=1)
   ->  Limit  (cost=83.41..1919.14 rows=100000 width=20) (actual time=0.192..52.045 rows=100000 loops=1)
         ->  Incremental Sort  (cost=83.41..183655.18 rows=9999939 width=20) (actual time=0.192..46.552 rows=100000 loops=1)
               Sort Key: s_2.a, s_2.b, s_2.c
               Presorted Key: s_2.a, s_2.b
               Sort Method: quicksort  Memory: 132kB
               Sort Groups: 152
               ->  Index Only Scan using s_2_a_b_e_d_c_idx on s_2  (cost=0.56..348311.65 rows=9999939 width=20) (actual time=0.029..12.638 rows=100138 loops=1)
                     Heap Fetches: 0
 Planning time: 0.301 ms
 Execution time: 54.795 ms
(11 rows)

===== 93 [Wed Mar  7 16:11:20 CET 2018] scale:10000000 groups:100 work_mem:8MB incremental:on max_workers:0 =====
SELECT * FROM s_3 ORDER BY a, b, c, d LIMIT 100000
                                                                           QUERY PLAN                                                                            
-----------------------------------------------------------------------------------------------------------------------------------------------------------------
 Limit  (cost=3002.51..3002.51 rows=1 width=20) (actual time=50.778..50.778 rows=0 loops=1)
   ->  Limit  (cost=1.07..2002.51 rows=100000 width=20) (actual time=0.087..48.052 rows=100000 loops=1)
         ->  Incremental Sort  (cost=1.07..200145.68 rows=10000054 width=20) (actual time=0.086..42.553 rows=100000 loops=1)
               Sort Key: s_3.a, s_3.b, s_3.c, s_3.d
               Presorted Key: s_3.a, s_3.b, s_3.c
               Sort Method: quicksort  Memory: 28kB
               Sort Groups: 2800
               ->  Index Only Scan using s_3_a_b_c_e_d_idx on s_3  (cost=0.56..348313.37 rows=10000054 width=20) (actual time=0.029..12.541 rows=100025 loops=1)
                     Heap Fetches: 0
 Planning time: 0.301 ms
 Execution time: 50.804 ms
(11 rows)

===== 94 [Wed Mar  7 16:11:20 CET 2018] scale:10000000 groups:100 work_mem:8MB incremental:off max_workers:0 =====
SELECT * FROM s_1 ORDER BY a, b LIMIT 100000
                                                             QUERY PLAN                                                             
------------------------------------------------------------------------------------------------------------------------------------
 Limit  (cost=1045421.04..1045421.04 rows=1 width=20) (actual time=4488.187..4488.187 rows=0 loops=1)
   ->  Limit  (cost=1044171.04..1044421.04 rows=100000 width=20) (actual time=4470.698..4485.353 rows=100000 loops=1)
         ->  Sort  (cost=1044171.04..1069170.89 rows=9999939 width=20) (actual time=4470.697..4479.729 rows=100000 loops=1)
               Sort Key: s_1.a, s_1.b
               Sort Method: external merge  Disk: 293608kB
               ->  Seq Scan on s_1  (cost=0.00..163694.39 rows=9999939 width=20) (actual time=0.023..644.827 rows=10000000 loops=1)
 Planning time: 0.285 ms
 Execution time: 4521.788 ms
(8 rows)

===== 95 [Wed Mar  7 16:11:45 CET 2018] scale:10000000 groups:100 work_mem:8MB incremental:off max_workers:0 =====
SELECT * FROM s_2 ORDER BY a, b, c LIMIT 100000
                                                             QUERY PLAN                                                             
------------------------------------------------------------------------------------------------------------------------------------
 Limit  (cost=1045421.04..1045421.04 rows=1 width=20) (actual time=5569.384..5569.384 rows=0 loops=1)
   ->  Limit  (cost=1044171.04..1044421.04 rows=100000 width=20) (actual time=5551.940..5566.566 rows=100000 loops=1)
         ->  Sort  (cost=1044171.04..1069170.89 rows=9999939 width=20) (actual time=5551.939..5560.984 rows=100000 loops=1)
               Sort Key: s_2.a, s_2.b, s_2.c
               Sort Method: external merge  Disk: 293608kB
               ->  Seq Scan on s_2  (cost=0.00..163694.39 rows=9999939 width=20) (actual time=0.029..640.307 rows=10000000 loops=1)
 Planning time: 0.286 ms
 Execution time: 5602.999 ms
(8 rows)

===== 96 [Wed Mar  7 16:12:17 CET 2018] scale:10000000 groups:100 work_mem:8MB incremental:off max_workers:0 =====
SELECT * FROM s_3 ORDER BY a, b, c, d LIMIT 100000
                                                             QUERY PLAN                                                              
-------------------------------------------------------------------------------------------------------------------------------------
 Limit  (cost=1045432.32..1045432.32 rows=1 width=20) (actual time=6326.835..6326.835 rows=0 loops=1)
   ->  Limit  (cost=1044182.32..1044432.32 rows=100000 width=20) (actual time=6309.286..6324.020 rows=100000 loops=1)
         ->  Sort  (cost=1044182.32..1069182.45 rows=10000054 width=20) (actual time=6309.285..6318.406 rows=100000 loops=1)
               Sort Key: s_3.a, s_3.b, s_3.c, s_3.d
               Sort Method: external merge  Disk: 293608kB
               ->  Seq Scan on s_3  (cost=0.00..163695.54 rows=10000054 width=20) (actual time=0.030..643.536 rows=10000000 loops=1)
 Planning time: 0.292 ms
 Execution time: 6360.428 ms
(8 rows)

===== 97 [Wed Mar  7 16:12:53 CET 2018] scale:10000000 groups:100 work_mem:16MB incremental:on max_workers:0 =====
SELECT * FROM s_1 ORDER BY a, b LIMIT 100000
                                                                           QUERY PLAN                                                                           
----------------------------------------------------------------------------------------------------------------------------------------------------------------
 Limit  (cost=14415.81..14415.81 rows=1 width=20) (actual time=78.257..78.257 rows=0 loops=1)
   ->  Limit  (cost=11664.62..13415.81 rows=100000 width=20) (actual time=20.507..75.541 rows=100000 loops=1)
         ->  Incremental Sort  (cost=11664.62..186782.28 rows=9999939 width=20) (actual time=20.506..70.074 rows=100000 loops=1)
               Sort Key: s_1.a, s_1.b
               Presorted Key: s_1.a
               Sort Method: quicksort  Memory: 10833kB
               Sort Groups: 2
               ->  Index Only Scan using s_1_a_e_d_c_b_idx on s_1  (cost=0.56..348311.65 rows=9999939 width=20) (actual time=0.025..19.622 rows=149220 loops=1)
                     Heap Fetches: 0
 Planning time: 0.282 ms
 Execution time: 78.533 ms
(11 rows)

===== 98 [Wed Mar  7 16:12:53 CET 2018] scale:10000000 groups:100 work_mem:16MB incremental:on max_workers:0 =====
SELECT * FROM s_2 ORDER BY a, b, c LIMIT 100000
                                                                           QUERY PLAN                                                                           
----------------------------------------------------------------------------------------------------------------------------------------------------------------
 Limit  (cost=2919.14..2919.14 rows=1 width=20) (actual time=54.755..54.755 rows=0 loops=1)
   ->  Limit  (cost=83.41..1919.14 rows=100000 width=20) (actual time=0.190..52.039 rows=100000 loops=1)
         ->  Incremental Sort  (cost=83.41..183655.18 rows=9999939 width=20) (actual time=0.190..46.546 rows=100000 loops=1)
               Sort Key: s_2.a, s_2.b, s_2.c
               Presorted Key: s_2.a, s_2.b
               Sort Method: quicksort  Memory: 132kB
               Sort Groups: 152
               ->  Index Only Scan using s_2_a_b_e_d_c_idx on s_2  (cost=0.56..348311.65 rows=9999939 width=20) (actual time=0.029..12.629 rows=100138 loops=1)
                     Heap Fetches: 0
 Planning time: 0.293 ms
 Execution time: 54.793 ms
(11 rows)

===== 99 [Wed Mar  7 16:12:54 CET 2018] scale:10000000 groups:100 work_mem:16MB incremental:on max_workers:0 =====
SELECT * FROM s_3 ORDER BY a, b, c, d LIMIT 100000
                                                                           QUERY PLAN                                                                            
-----------------------------------------------------------------------------------------------------------------------------------------------------------------
 Limit  (cost=3002.51..3002.51 rows=1 width=20) (actual time=50.788..50.788 rows=0 loops=1)
   ->  Limit  (cost=1.07..2002.51 rows=100000 width=20) (actual time=0.092..48.064 rows=100000 loops=1)
         ->  Incremental Sort  (cost=1.07..200145.68 rows=10000054 width=20) (actual time=0.092..42.560 rows=100000 loops=1)
               Sort Key: s_3.a, s_3.b, s_3.c, s_3.d
               Presorted Key: s_3.a, s_3.b, s_3.c
               Sort Method: quicksort  Memory: 28kB
               Sort Groups: 2800
               ->  Index Only Scan using s_3_a_b_c_e_d_idx on s_3  (cost=0.56..348313.37 rows=10000054 width=20) (actual time=0.034..12.541 rows=100025 loops=1)
                     Heap Fetches: 0
 Planning time: 0.295 ms
 Execution time: 50.813 ms
(11 rows)

===== 100 [Wed Mar  7 16:12:54 CET 2018] scale:10000000 groups:100 work_mem:16MB incremental:off max_workers:0 =====
SELECT * FROM s_1 ORDER BY a, b LIMIT 100000
                                                             QUERY PLAN                                                             
------------------------------------------------------------------------------------------------------------------------------------
 Limit  (cost=1045421.04..1045421.04 rows=1 width=20) (actual time=3990.938..3990.938 rows=0 loops=1)
   ->  Limit  (cost=1044171.04..1044421.04 rows=100000 width=20) (actual time=3973.550..3988.113 rows=100000 loops=1)
         ->  Sort  (cost=1044171.04..1069170.89 rows=9999939 width=20) (actual time=3973.549..3982.523 rows=100000 loops=1)
               Sort Key: s_1.a, s_1.b
               Sort Method: external merge  Disk: 293904kB
               ->  Seq Scan on s_1  (cost=0.00..163694.39 rows=9999939 width=20) (actual time=0.025..640.735 rows=10000000 loops=1)
 Planning time: 0.273 ms
 Execution time: 4024.733 ms
(8 rows)

===== 101 [Wed Mar  7 16:13:16 CET 2018] scale:10000000 groups:100 work_mem:16MB incremental:off max_workers:0 =====
SELECT * FROM s_2 ORDER BY a, b, c LIMIT 100000
                                                             QUERY PLAN                                                             
------------------------------------------------------------------------------------------------------------------------------------
 Limit  (cost=1045421.04..1045421.04 rows=1 width=20) (actual time=4922.537..4922.537 rows=0 loops=1)
   ->  Limit  (cost=1044171.04..1044421.04 rows=100000 width=20) (actual time=4905.135..4919.720 rows=100000 loops=1)
         ->  Sort  (cost=1044171.04..1069170.89 rows=9999939 width=20) (actual time=4905.135..4914.127 rows=100000 loops=1)
               Sort Key: s_2.a, s_2.b, s_2.c
               Sort Method: external merge  Disk: 293904kB
               ->  Seq Scan on s_2  (cost=0.00..163694.39 rows=9999939 width=20) (actual time=0.029..637.100 rows=10000000 loops=1)
 Planning time: 0.296 ms
 Execution time: 4956.193 ms
(8 rows)

===== 102 [Wed Mar  7 16:13:44 CET 2018] scale:10000000 groups:100 work_mem:16MB incremental:off max_workers:0 =====
SELECT * FROM s_3 ORDER BY a, b, c, d LIMIT 100000
                                                             QUERY PLAN                                                              
-------------------------------------------------------------------------------------------------------------------------------------
 Limit  (cost=1045432.32..1045432.32 rows=1 width=20) (actual time=5665.826..5665.826 rows=0 loops=1)
   ->  Limit  (cost=1044182.32..1044432.32 rows=100000 width=20) (actual time=5648.294..5663.010 rows=100000 loops=1)
         ->  Sort  (cost=1044182.32..1069182.45 rows=10000054 width=20) (actual time=5648.293..5657.403 rows=100000 loops=1)
               Sort Key: s_3.a, s_3.b, s_3.c, s_3.d
               Sort Method: external merge  Disk: 293904kB
               ->  Seq Scan on s_3  (cost=0.00..163695.54 rows=10000054 width=20) (actual time=0.031..640.687 rows=10000000 loops=1)
 Planning time: 0.292 ms
 Execution time: 5699.562 ms
(8 rows)

===== 103 [Wed Mar  7 16:14:16 CET 2018] scale:10000000 groups:100 work_mem:32MB incremental:on max_workers:0 =====
SELECT * FROM s_1 ORDER BY a, b LIMIT 100000
                                                                           QUERY PLAN                                                                           
----------------------------------------------------------------------------------------------------------------------------------------------------------------
 Limit  (cost=14415.81..14415.81 rows=1 width=20) (actual time=78.313..78.313 rows=0 loops=1)
   ->  Limit  (cost=11664.62..13415.81 rows=100000 width=20) (actual time=20.501..75.603 rows=100000 loops=1)
         ->  Incremental Sort  (cost=11664.62..186782.28 rows=9999939 width=20) (actual time=20.500..70.134 rows=100000 loops=1)
               Sort Key: s_1.a, s_1.b
               Presorted Key: s_1.a
               Sort Method: quicksort  Memory: 10833kB
               Sort Groups: 2
               ->  Index Only Scan using s_1_a_e_d_c_b_idx on s_1  (cost=0.56..348311.65 rows=9999939 width=20) (actual time=0.026..19.642 rows=149220 loops=1)
                     Heap Fetches: 0
 Planning time: 0.292 ms
 Execution time: 78.591 ms
(11 rows)

===== 104 [Wed Mar  7 16:14:16 CET 2018] scale:10000000 groups:100 work_mem:32MB incremental:on max_workers:0 =====
SELECT * FROM s_2 ORDER BY a, b, c LIMIT 100000
                                                                           QUERY PLAN                                                                           
----------------------------------------------------------------------------------------------------------------------------------------------------------------
 Limit  (cost=2919.14..2919.14 rows=1 width=20) (actual time=54.767..54.767 rows=0 loops=1)
   ->  Limit  (cost=83.41..1919.14 rows=100000 width=20) (actual time=0.198..52.049 rows=100000 loops=1)
         ->  Incremental Sort  (cost=83.41..183655.18 rows=9999939 width=20) (actual time=0.198..46.555 rows=100000 loops=1)
               Sort Key: s_2.a, s_2.b, s_2.c
               Presorted Key: s_2.a, s_2.b
               Sort Method: quicksort  Memory: 132kB
               Sort Groups: 152
               ->  Index Only Scan using s_2_a_b_e_d_c_idx on s_2  (cost=0.56..348311.65 rows=9999939 width=20) (actual time=0.029..12.649 rows=100138 loops=1)
                     Heap Fetches: 0
 Planning time: 0.296 ms
 Execution time: 54.798 ms
(11 rows)

===== 105 [Wed Mar  7 16:14:17 CET 2018] scale:10000000 groups:100 work_mem:32MB incremental:on max_workers:0 =====
SELECT * FROM s_3 ORDER BY a, b, c, d LIMIT 100000
                                                                           QUERY PLAN                                                                            
-----------------------------------------------------------------------------------------------------------------------------------------------------------------
 Limit  (cost=3002.51..3002.51 rows=1 width=20) (actual time=50.786..50.786 rows=0 loops=1)
   ->  Limit  (cost=1.07..2002.51 rows=100000 width=20) (actual time=0.091..48.056 rows=100000 loops=1)
         ->  Incremental Sort  (cost=1.07..200145.68 rows=10000054 width=20) (actual time=0.091..42.549 rows=100000 loops=1)
               Sort Key: s_3.a, s_3.b, s_3.c, s_3.d
               Presorted Key: s_3.a, s_3.b, s_3.c
               Sort Method: quicksort  Memory: 28kB
               Sort Groups: 2800
               ->  Index Only Scan using s_3_a_b_c_e_d_idx on s_3  (cost=0.56..348313.37 rows=10000054 width=20) (actual time=0.034..12.541 rows=100025 loops=1)
                     Heap Fetches: 0
 Planning time: 0.298 ms
 Execution time: 50.812 ms
(11 rows)

===== 106 [Wed Mar  7 16:14:17 CET 2018] scale:10000000 groups:100 work_mem:32MB incremental:off max_workers:0 =====
SELECT * FROM s_1 ORDER BY a, b LIMIT 100000
                                                             QUERY PLAN                                                             
------------------------------------------------------------------------------------------------------------------------------------
 Limit  (cost=1045421.04..1045421.04 rows=1 width=20) (actual time=1412.509..1412.509 rows=0 loops=1)
   ->  Limit  (cost=1044171.04..1044421.04 rows=100000 width=20) (actual time=1396.818..1409.738 rows=100000 loops=1)
         ->  Sort  (cost=1044171.04..1069170.89 rows=9999939 width=20) (actual time=1396.817..1404.293 rows=100000 loops=1)
               Sort Key: s_1.a, s_1.b
               Sort Method: top-N heapsort  Memory: 16612kB
               ->  Seq Scan on s_1  (cost=0.00..163694.39 rows=9999939 width=20) (actual time=0.023..618.136 rows=10000000 loops=1)
 Planning time: 0.284 ms
 Execution time: 1413.323 ms
(8 rows)

===== 107 [Wed Mar  7 16:14:23 CET 2018] scale:10000000 groups:100 work_mem:32MB incremental:off max_workers:0 =====
SELECT * FROM s_2 ORDER BY a, b, c LIMIT 100000
                                                             QUERY PLAN                                                             
------------------------------------------------------------------------------------------------------------------------------------
 Limit  (cost=1045421.04..1045421.04 rows=1 width=20) (actual time=1383.228..1383.228 rows=0 loops=1)
   ->  Limit  (cost=1044171.04..1044421.04 rows=100000 width=20) (actual time=1369.757..1380.481 rows=100000 loops=1)
         ->  Sort  (cost=1044171.04..1069170.89 rows=9999939 width=20) (actual time=1369.757..1375.040 rows=100000 loops=1)
               Sort Key: s_2.a, s_2.b, s_2.c
               Sort Method: top-N heapsort  Memory: 13967kB
               ->  Seq Scan on s_2  (cost=0.00..163694.39 rows=9999939 width=20) (actual time=0.029..617.370 rows=10000000 loops=1)
 Planning time: 0.287 ms
 Execution time: 1384.039 ms
(8 rows)

===== 108 [Wed Mar  7 16:14:30 CET 2018] scale:10000000 groups:100 work_mem:32MB incremental:off max_workers:0 =====
SELECT * FROM s_3 ORDER BY a, b, c, d LIMIT 100000
                                                             QUERY PLAN                                                              
-------------------------------------------------------------------------------------------------------------------------------------
 Limit  (cost=1045432.32..1045432.32 rows=1 width=20) (actual time=1406.449..1406.449 rows=0 loops=1)
   ->  Limit  (cost=1044182.32..1044432.32 rows=100000 width=20) (actual time=1393.924..1403.696 rows=100000 loops=1)
         ->  Sort  (cost=1044182.32..1069182.45 rows=10000054 width=20) (actual time=1393.924..1398.255 rows=100000 loops=1)
               Sort Key: s_3.a, s_3.b, s_3.c, s_3.d
               Sort Method: top-N heapsort  Memory: 13957kB
               ->  Seq Scan on s_3  (cost=0.00..163695.54 rows=10000054 width=20) (actual time=0.031..619.013 rows=10000000 loops=1)
 Planning time: 0.286 ms
 Execution time: 1407.263 ms
(8 rows)

===== 109 [Wed Mar  7 16:14:36 CET 2018] scale:10000000 groups:100 work_mem:64MB incremental:on max_workers:0 =====
SELECT * FROM s_1 ORDER BY a, b LIMIT 100000
                                                                           QUERY PLAN                                                                           
----------------------------------------------------------------------------------------------------------------------------------------------------------------
 Limit  (cost=14415.81..14415.81 rows=1 width=20) (actual time=78.538..78.538 rows=0 loops=1)
   ->  Limit  (cost=11664.62..13415.81 rows=100000 width=20) (actual time=20.576..75.792 rows=100000 loops=1)
         ->  Incremental Sort  (cost=11664.62..186782.28 rows=9999939 width=20) (actual time=20.575..70.343 rows=100000 loops=1)
               Sort Key: s_1.a, s_1.b
               Presorted Key: s_1.a
               Sort Method: quicksort  Memory: 10833kB
               Sort Groups: 2
               ->  Index Only Scan using s_1_a_e_d_c_b_idx on s_1  (cost=0.56..348311.65 rows=9999939 width=20) (actual time=0.026..19.633 rows=149220 loops=1)
                     Heap Fetches: 0
 Planning time: 0.279 ms
 Execution time: 78.816 ms
(11 rows)

===== 110 [Wed Mar  7 16:14:37 CET 2018] scale:10000000 groups:100 work_mem:64MB incremental:on max_workers:0 =====
SELECT * FROM s_2 ORDER BY a, b, c LIMIT 100000
                                                                           QUERY PLAN                                                                           
----------------------------------------------------------------------------------------------------------------------------------------------------------------
 Limit  (cost=2919.14..2919.14 rows=1 width=20) (actual time=54.715..54.715 rows=0 loops=1)
   ->  Limit  (cost=83.41..1919.14 rows=100000 width=20) (actual time=0.192..51.999 rows=100000 loops=1)
         ->  Incremental Sort  (cost=83.41..183655.18 rows=9999939 width=20) (actual time=0.191..46.505 rows=100000 loops=1)
               Sort Key: s_2.a, s_2.b, s_2.c
               Presorted Key: s_2.a, s_2.b
               Sort Method: quicksort  Memory: 132kB
               Sort Groups: 152
               ->  Index Only Scan using s_2_a_b_e_d_c_idx on s_2  (cost=0.56..348311.65 rows=9999939 width=20) (actual time=0.029..12.594 rows=100138 loops=1)
                     Heap Fetches: 0
 Planning time: 0.301 ms
 Execution time: 54.746 ms
(11 rows)

===== 111 [Wed Mar  7 16:14:37 CET 2018] scale:10000000 groups:100 work_mem:64MB incremental:on max_workers:0 =====
SELECT * FROM s_3 ORDER BY a, b, c, d LIMIT 100000
                                                                           QUERY PLAN                                                                            
-----------------------------------------------------------------------------------------------------------------------------------------------------------------
 Limit  (cost=3002.51..3002.51 rows=1 width=20) (actual time=50.534..50.534 rows=0 loops=1)
   ->  Limit  (cost=1.07..2002.51 rows=100000 width=20) (actual time=0.090..47.783 rows=100000 loops=1)
         ->  Incremental Sort  (cost=1.07..200145.68 rows=10000054 width=20) (actual time=0.090..42.259 rows=100000 loops=1)
               Sort Key: s_3.a, s_3.b, s_3.c, s_3.d
               Presorted Key: s_3.a, s_3.b, s_3.c
               Sort Method: quicksort  Memory: 28kB
               Sort Groups: 2800
               ->  Index Only Scan using s_3_a_b_c_e_d_idx on s_3  (cost=0.56..348313.37 rows=10000054 width=20) (actual time=0.031..12.528 rows=100025 loops=1)
                     Heap Fetches: 0
 Planning time: 0.296 ms
 Execution time: 50.559 ms
(11 rows)

===== 112 [Wed Mar  7 16:14:37 CET 2018] scale:10000000 groups:100 work_mem:64MB incremental:off max_workers:0 =====
SELECT * FROM s_1 ORDER BY a, b LIMIT 100000
                                                             QUERY PLAN                                                             
------------------------------------------------------------------------------------------------------------------------------------
 Limit  (cost=1045421.04..1045421.04 rows=1 width=20) (actual time=1411.380..1411.380 rows=0 loops=1)
   ->  Limit  (cost=1044171.04..1044421.04 rows=100000 width=20) (actual time=1395.686..1408.599 rows=100000 loops=1)
         ->  Sort  (cost=1044171.04..1069170.89 rows=9999939 width=20) (actual time=1395.685..1403.159 rows=100000 loops=1)
               Sort Key: s_1.a, s_1.b
               Sort Method: top-N heapsort  Memory: 16612kB
               ->  Seq Scan on s_1  (cost=0.00..163694.39 rows=9999939 width=20) (actual time=0.023..616.842 rows=10000000 loops=1)
 Planning time: 0.283 ms
 Execution time: 1412.195 ms
(8 rows)

===== 113 [Wed Mar  7 16:14:44 CET 2018] scale:10000000 groups:100 work_mem:64MB incremental:off max_workers:0 =====
SELECT * FROM s_2 ORDER BY a, b, c LIMIT 100000
                                                             QUERY PLAN                                                             
------------------------------------------------------------------------------------------------------------------------------------
 Limit  (cost=1045421.04..1045421.04 rows=1 width=20) (actual time=1383.092..1383.092 rows=0 loops=1)
   ->  Limit  (cost=1044171.04..1044421.04 rows=100000 width=20) (actual time=1369.639..1380.336 rows=100000 loops=1)
         ->  Sort  (cost=1044171.04..1069170.89 rows=9999939 width=20) (actual time=1369.638..1374.901 rows=100000 loops=1)
               Sort Key: s_2.a, s_2.b, s_2.c
               Sort Method: top-N heapsort  Memory: 13967kB
               ->  Seq Scan on s_2  (cost=0.00..163694.39 rows=9999939 width=20) (actual time=0.030..617.184 rows=10000000 loops=1)
 Planning time: 0.299 ms
 Execution time: 1383.906 ms
(8 rows)

===== 114 [Wed Mar  7 16:14:50 CET 2018] scale:10000000 groups:100 work_mem:64MB incremental:off max_workers:0 =====
SELECT * FROM s_3 ORDER BY a, b, c, d LIMIT 100000
                                                             QUERY PLAN                                                              
-------------------------------------------------------------------------------------------------------------------------------------
 Limit  (cost=1045432.32..1045432.32 rows=1 width=20) (actual time=1405.087..1405.087 rows=0 loops=1)
   ->  Limit  (cost=1044182.32..1044432.32 rows=100000 width=20) (actual time=1392.575..1402.345 rows=100000 loops=1)
         ->  Sort  (cost=1044182.32..1069182.45 rows=10000054 width=20) (actual time=1392.574..1396.909 rows=100000 loops=1)
               Sort Key: s_3.a, s_3.b, s_3.c, s_3.d
               Sort Method: top-N heapsort  Memory: 13957kB
               ->  Seq Scan on s_3  (cost=0.00..163695.54 rows=10000054 width=20) (actual time=0.030..617.649 rows=10000000 loops=1)
 Planning time: 0.290 ms
 Execution time: 1405.900 ms
(8 rows)

===== 115 [Wed Mar  7 16:14:56 CET 2018] scale:10000000 groups:100 work_mem:128MB incremental:on max_workers:0 =====
SELECT * FROM s_1 ORDER BY a, b LIMIT 100000
                                                                           QUERY PLAN                                                                           
----------------------------------------------------------------------------------------------------------------------------------------------------------------
 Limit  (cost=14415.81..14415.81 rows=1 width=20) (actual time=78.326..78.326 rows=0 loops=1)
   ->  Limit  (cost=11664.62..13415.81 rows=100000 width=20) (actual time=20.497..75.615 rows=100000 loops=1)
         ->  Incremental Sort  (cost=11664.62..186782.28 rows=9999939 width=20) (actual time=20.496..70.136 rows=100000 loops=1)
               Sort Key: s_1.a, s_1.b
               Presorted Key: s_1.a
               Sort Method: quicksort  Memory: 10833kB
               Sort Groups: 2
               ->  Index Only Scan using s_1_a_e_d_c_b_idx on s_1  (cost=0.56..348311.65 rows=9999939 width=20) (actual time=0.026..19.637 rows=149220 loops=1)
                     Heap Fetches: 0
 Planning time: 0.288 ms
 Execution time: 78.602 ms
(11 rows)

===== 116 [Wed Mar  7 16:14:57 CET 2018] scale:10000000 groups:100 work_mem:128MB incremental:on max_workers:0 =====
SELECT * FROM s_2 ORDER BY a, b, c LIMIT 100000
                                                                           QUERY PLAN                                                                           
----------------------------------------------------------------------------------------------------------------------------------------------------------------
 Limit  (cost=2919.14..2919.14 rows=1 width=20) (actual time=54.771..54.771 rows=0 loops=1)
   ->  Limit  (cost=83.41..1919.14 rows=100000 width=20) (actual time=0.191..52.049 rows=100000 loops=1)
         ->  Incremental Sort  (cost=83.41..183655.18 rows=9999939 width=20) (actual time=0.191..46.551 rows=100000 loops=1)
               Sort Key: s_2.a, s_2.b, s_2.c
               Presorted Key: s_2.a, s_2.b
               Sort Method: quicksort  Memory: 132kB
               Sort Groups: 152
               ->  Index Only Scan using s_2_a_b_e_d_c_idx on s_2  (cost=0.56..348311.65 rows=9999939 width=20) (actual time=0.029..12.652 rows=100138 loops=1)
                     Heap Fetches: 0
 Planning time: 0.295 ms
 Execution time: 54.803 ms
(11 rows)

===== 117 [Wed Mar  7 16:14:57 CET 2018] scale:10000000 groups:100 work_mem:128MB incremental:on max_workers:0 =====
SELECT * FROM s_3 ORDER BY a, b, c, d LIMIT 100000
                                                                           QUERY PLAN                                                                            
-----------------------------------------------------------------------------------------------------------------------------------------------------------------
 Limit  (cost=3002.51..3002.51 rows=1 width=20) (actual time=50.780..50.780 rows=0 loops=1)
   ->  Limit  (cost=1.07..2002.51 rows=100000 width=20) (actual time=0.096..48.052 rows=100000 loops=1)
         ->  Incremental Sort  (cost=1.07..200145.68 rows=10000054 width=20) (actual time=0.096..42.548 rows=100000 loops=1)
               Sort Key: s_3.a, s_3.b, s_3.c, s_3.d
               Presorted Key: s_3.a, s_3.b, s_3.c
               Sort Method: quicksort  Memory: 28kB
               Sort Groups: 2800
               ->  Index Only Scan using s_3_a_b_c_e_d_idx on s_3  (cost=0.56..348313.37 rows=10000054 width=20) (actual time=0.030..12.534 rows=100025 loops=1)
                     Heap Fetches: 0
 Planning time: 0.298 ms
 Execution time: 50.807 ms
(11 rows)

===== 118 [Wed Mar  7 16:14:57 CET 2018] scale:10000000 groups:100 work_mem:128MB incremental:off max_workers:0 =====
SELECT * FROM s_1 ORDER BY a, b LIMIT 100000
                                                             QUERY PLAN                                                             
------------------------------------------------------------------------------------------------------------------------------------
 Limit  (cost=1045421.04..1045421.04 rows=1 width=20) (actual time=1410.189..1410.189 rows=0 loops=1)
   ->  Limit  (cost=1044171.04..1044421.04 rows=100000 width=20) (actual time=1394.583..1407.418 rows=100000 loops=1)
         ->  Sort  (cost=1044171.04..1069170.89 rows=9999939 width=20) (actual time=1394.582..1401.959 rows=100000 loops=1)
               Sort Key: s_1.a, s_1.b
               Sort Method: top-N heapsort  Memory: 16612kB
               ->  Seq Scan on s_1  (cost=0.00..163694.39 rows=9999939 width=20) (actual time=0.022..616.467 rows=10000000 loops=1)
 Planning time: 0.277 ms
 Execution time: 1411.000 ms
(8 rows)

===== 119 [Wed Mar  7 16:15:04 CET 2018] scale:10000000 groups:100 work_mem:128MB incremental:off max_workers:0 =====
SELECT * FROM s_2 ORDER BY a, b, c LIMIT 100000
                                                             QUERY PLAN                                                             
------------------------------------------------------------------------------------------------------------------------------------
 Limit  (cost=1045421.04..1045421.04 rows=1 width=20) (actual time=1383.606..1383.606 rows=0 loops=1)
   ->  Limit  (cost=1044171.04..1044421.04 rows=100000 width=20) (actual time=1370.165..1380.871 rows=100000 loops=1)
         ->  Sort  (cost=1044171.04..1069170.89 rows=9999939 width=20) (actual time=1370.164..1375.417 rows=100000 loops=1)
               Sort Key: s_2.a, s_2.b, s_2.c
               Sort Method: top-N heapsort  Memory: 13967kB
               ->  Seq Scan on s_2  (cost=0.00..163694.39 rows=9999939 width=20) (actual time=0.030..618.050 rows=10000000 loops=1)
 Planning time: 0.295 ms
 Execution time: 1384.420 ms
(8 rows)

===== 120 [Wed Mar  7 16:15:10 CET 2018] scale:10000000 groups:100 work_mem:128MB incremental:off max_workers:0 =====
SELECT * FROM s_3 ORDER BY a, b, c, d LIMIT 100000
                                                             QUERY PLAN                                                              
-------------------------------------------------------------------------------------------------------------------------------------
 Limit  (cost=1045432.32..1045432.32 rows=1 width=20) (actual time=1405.507..1405.507 rows=0 loops=1)
   ->  Limit  (cost=1044182.32..1044432.32 rows=100000 width=20) (actual time=1392.962..1402.761 rows=100000 loops=1)
         ->  Sort  (cost=1044182.32..1069182.45 rows=10000054 width=20) (actual time=1392.961..1397.321 rows=100000 loops=1)
               Sort Key: s_3.a, s_3.b, s_3.c, s_3.d
               Sort Method: top-N heapsort  Memory: 13957kB
               ->  Seq Scan on s_3  (cost=0.00..163695.54 rows=10000054 width=20) (actual time=0.029..618.515 rows=10000000 loops=1)
 Planning time: 0.286 ms
 Execution time: 1406.321 ms
(8 rows)

===== 121 [Wed Mar  7 16:15:17 CET 2018] scale:10000000 groups:100 work_mem:256MB incremental:on max_workers:0 =====
SELECT * FROM s_1 ORDER BY a, b LIMIT 100000
                                                                           QUERY PLAN                                                                           
----------------------------------------------------------------------------------------------------------------------------------------------------------------
 Limit  (cost=14415.81..14415.81 rows=1 width=20) (actual time=78.208..78.208 rows=0 loops=1)
   ->  Limit  (cost=11664.62..13415.81 rows=100000 width=20) (actual time=20.498..75.497 rows=100000 loops=1)
         ->  Incremental Sort  (cost=11664.62..186782.28 rows=9999939 width=20) (actual time=20.497..70.020 rows=100000 loops=1)
               Sort Key: s_1.a, s_1.b
               Presorted Key: s_1.a
               Sort Method: quicksort  Memory: 10833kB
               Sort Groups: 2
               ->  Index Only Scan using s_1_a_e_d_c_b_idx on s_1  (cost=0.56..348311.65 rows=9999939 width=20) (actual time=0.026..19.610 rows=149220 loops=1)
                     Heap Fetches: 0
 Planning time: 0.285 ms
 Execution time: 78.487 ms
(11 rows)

===== 122 [Wed Mar  7 16:15:17 CET 2018] scale:10000000 groups:100 work_mem:256MB incremental:on max_workers:0 =====
SELECT * FROM s_2 ORDER BY a, b, c LIMIT 100000
                                                                           QUERY PLAN                                                                           
----------------------------------------------------------------------------------------------------------------------------------------------------------------
 Limit  (cost=2919.14..2919.14 rows=1 width=20) (actual time=54.749..54.749 rows=0 loops=1)
   ->  Limit  (cost=83.41..1919.14 rows=100000 width=20) (actual time=0.192..52.025 rows=100000 loops=1)
         ->  Incremental Sort  (cost=83.41..183655.18 rows=9999939 width=20) (actual time=0.192..46.535 rows=100000 loops=1)
               Sort Key: s_2.a, s_2.b, s_2.c
               Presorted Key: s_2.a, s_2.b
               Sort Method: quicksort  Memory: 132kB
               Sort Groups: 152
               ->  Index Only Scan using s_2_a_b_e_d_c_idx on s_2  (cost=0.56..348311.65 rows=9999939 width=20) (actual time=0.030..12.634 rows=100138 loops=1)
                     Heap Fetches: 0
 Planning time: 0.302 ms
 Execution time: 54.781 ms
(11 rows)

===== 123 [Wed Mar  7 16:15:17 CET 2018] scale:10000000 groups:100 work_mem:256MB incremental:on max_workers:0 =====
SELECT * FROM s_3 ORDER BY a, b, c, d LIMIT 100000
                                                                           QUERY PLAN                                                                            
-----------------------------------------------------------------------------------------------------------------------------------------------------------------
 Limit  (cost=3002.51..3002.51 rows=1 width=20) (actual time=50.794..50.794 rows=0 loops=1)
   ->  Limit  (cost=1.07..2002.51 rows=100000 width=20) (actual time=0.088..48.057 rows=100000 loops=1)
         ->  Incremental Sort  (cost=1.07..200145.68 rows=10000054 width=20) (actual time=0.088..42.551 rows=100000 loops=1)
               Sort Key: s_3.a, s_3.b, s_3.c, s_3.d
               Presorted Key: s_3.a, s_3.b, s_3.c
               Sort Method: quicksort  Memory: 28kB
               Sort Groups: 2800
               ->  Index Only Scan using s_3_a_b_c_e_d_idx on s_3  (cost=0.56..348313.37 rows=10000054 width=20) (actual time=0.030..12.525 rows=100025 loops=1)
                     Heap Fetches: 0
 Planning time: 0.298 ms
 Execution time: 50.827 ms
(11 rows)

===== 124 [Wed Mar  7 16:15:18 CET 2018] scale:10000000 groups:100 work_mem:256MB incremental:off max_workers:0 =====
SELECT * FROM s_1 ORDER BY a, b LIMIT 100000
                                                             QUERY PLAN                                                             
------------------------------------------------------------------------------------------------------------------------------------
 Limit  (cost=1045421.04..1045421.04 rows=1 width=20) (actual time=1410.512..1410.512 rows=0 loops=1)
   ->  Limit  (cost=1044171.04..1044421.04 rows=100000 width=20) (actual time=1394.818..1407.752 rows=100000 loops=1)
         ->  Sort  (cost=1044171.04..1069170.89 rows=9999939 width=20) (actual time=1394.818..1402.292 rows=100000 loops=1)
               Sort Key: s_1.a, s_1.b
               Sort Method: top-N heapsort  Memory: 16612kB
               ->  Seq Scan on s_1  (cost=0.00..163694.39 rows=9999939 width=20) (actual time=0.026..616.613 rows=10000000 loops=1)
 Planning time: 0.270 ms
 Execution time: 1411.319 ms
(8 rows)

===== 125 [Wed Mar  7 16:15:24 CET 2018] scale:10000000 groups:100 work_mem:256MB incremental:off max_workers:0 =====
SELECT * FROM s_2 ORDER BY a, b, c LIMIT 100000
                                                             QUERY PLAN                                                             
------------------------------------------------------------------------------------------------------------------------------------
 Limit  (cost=1045421.04..1045421.04 rows=1 width=20) (actual time=1382.323..1382.323 rows=0 loops=1)
   ->  Limit  (cost=1044171.04..1044421.04 rows=100000 width=20) (actual time=1368.839..1379.576 rows=100000 loops=1)
         ->  Sort  (cost=1044171.04..1069170.89 rows=9999939 width=20) (actual time=1368.838..1374.142 rows=100000 loops=1)
               Sort Key: s_2.a, s_2.b, s_2.c
               Sort Method: top-N heapsort  Memory: 13967kB
               ->  Seq Scan on s_2  (cost=0.00..163694.39 rows=9999939 width=20) (actual time=0.031..616.657 rows=10000000 loops=1)
 Planning time: 0.294 ms
 Execution time: 1383.136 ms
(8 rows)

===== 126 [Wed Mar  7 16:15:31 CET 2018] scale:10000000 groups:100 work_mem:256MB incremental:off max_workers:0 =====
SELECT * FROM s_3 ORDER BY a, b, c, d LIMIT 100000
                                                             QUERY PLAN                                                              
-------------------------------------------------------------------------------------------------------------------------------------
 Limit  (cost=1045432.32..1045432.32 rows=1 width=20) (actual time=1405.513..1405.513 rows=0 loops=1)
   ->  Limit  (cost=1044182.32..1044432.32 rows=100000 width=20) (actual time=1392.982..1402.770 rows=100000 loops=1)
         ->  Sort  (cost=1044182.32..1069182.45 rows=10000054 width=20) (actual time=1392.981..1397.321 rows=100000 loops=1)
               Sort Key: s_3.a, s_3.b, s_3.c, s_3.d
               Sort Method: top-N heapsort  Memory: 13957kB
               ->  Seq Scan on s_3  (cost=0.00..163695.54 rows=10000054 width=20) (actual time=0.031..617.607 rows=10000000 loops=1)
 Planning time: 0.290 ms
 Execution time: 1406.333 ms
(8 rows)

===== 127 [Wed Mar  7 16:15:37 CET 2018] scale:10000000 groups:100 work_mem:4MB incremental:on max_workers:2 =====
SELECT * FROM s_1 ORDER BY a, b LIMIT 100000
                                                                           QUERY PLAN                                                                           
----------------------------------------------------------------------------------------------------------------------------------------------------------------
 Limit  (cost=16449.51..16449.51 rows=1 width=20) (actual time=86.086..86.086 rows=0 loops=1)
   ->  Limit  (cost=13698.12..15449.51 rows=100000 width=20) (actual time=23.791..83.360 rows=100000 loops=1)
         ->  Incremental Sort  (cost=13698.12..188836.13 rows=9999939 width=20) (actual time=23.790..77.659 rows=100000 loops=1)
               Sort Key: s_1.a, s_1.b
               Presorted Key: s_1.a
               Sort Method: external merge  Disk: 2920kB
               Sort Groups: 2
               ->  Index Only Scan using s_1_a_e_d_c_b_idx on s_1  (cost=0.56..348311.65 rows=9999939 width=20) (actual time=0.030..19.272 rows=149220 loops=1)
                     Heap Fetches: 0
 Planning time: 0.287 ms
 Execution time: 86.742 ms
(11 rows)

===== 128 [Wed Mar  7 16:15:38 CET 2018] scale:10000000 groups:100 work_mem:4MB incremental:on max_workers:2 =====
SELECT * FROM s_2 ORDER BY a, b, c LIMIT 100000
                                                                           QUERY PLAN                                                                           
----------------------------------------------------------------------------------------------------------------------------------------------------------------
 Limit  (cost=2919.14..2919.14 rows=1 width=20) (actual time=54.802..54.802 rows=0 loops=1)
   ->  Limit  (cost=83.41..1919.14 rows=100000 width=20) (actual time=0.191..52.078 rows=100000 loops=1)
         ->  Incremental Sort  (cost=83.41..183655.18 rows=9999939 width=20) (actual time=0.191..46.590 rows=100000 loops=1)
               Sort Key: s_2.a, s_2.b, s_2.c
               Presorted Key: s_2.a, s_2.b
               Sort Method: quicksort  Memory: 132kB
               Sort Groups: 152
               ->  Index Only Scan using s_2_a_b_e_d_c_idx on s_2  (cost=0.56..348311.65 rows=9999939 width=20) (actual time=0.029..12.636 rows=100138 loops=1)
                     Heap Fetches: 0
 Planning time: 0.310 ms
 Execution time: 54.843 ms
(11 rows)

===== 129 [Wed Mar  7 16:15:38 CET 2018] scale:10000000 groups:100 work_mem:4MB incremental:on max_workers:2 =====
SELECT * FROM s_3 ORDER BY a, b, c, d LIMIT 100000
                                                                           QUERY PLAN                                                                            
-----------------------------------------------------------------------------------------------------------------------------------------------------------------
 Limit  (cost=3002.51..3002.51 rows=1 width=20) (actual time=50.805..50.805 rows=0 loops=1)
   ->  Limit  (cost=1.07..2002.51 rows=100000 width=20) (actual time=0.088..48.076 rows=100000 loops=1)
         ->  Incremental Sort  (cost=1.07..200145.68 rows=10000054 width=20) (actual time=0.087..42.564 rows=100000 loops=1)
               Sort Key: s_3.a, s_3.b, s_3.c, s_3.d
               Presorted Key: s_3.a, s_3.b, s_3.c
               Sort Method: quicksort  Memory: 28kB
               Sort Groups: 2800
               ->  Index Only Scan using s_3_a_b_c_e_d_idx on s_3  (cost=0.56..348313.37 rows=10000054 width=20) (actual time=0.029..12.527 rows=100025 loops=1)
                     Heap Fetches: 0
 Planning time: 0.304 ms
 Execution time: 50.831 ms
(11 rows)

===== 130 [Wed Mar  7 16:15:38 CET 2018] scale:10000000 groups:100 work_mem:4MB incremental:off max_workers:2 =====
SELECT * FROM s_1 ORDER BY a, b LIMIT 100000
                                                                    QUERY PLAN                                                                    
--------------------------------------------------------------------------------------------------------------------------------------------------
 Limit  (cost=748058.54..748058.54 rows=1 width=20) (actual time=1712.972..1712.972 rows=0 loops=1)
   ->  Limit  (cost=735391.06..747058.54 rows=100000 width=20) (actual time=1686.174..1710.182 rows=100000 loops=1)
         ->  Gather Merge  (cost=735391.06..1707675.17 rows=8333282 width=20) (actual time=1686.173..1704.555 rows=100000 loops=1)
               Workers Planned: 2
               Workers Launched: 2
               ->  Sort  (cost=734391.04..744807.64 rows=4166641 width=20) (actual time=1683.379..1686.525 rows=33992 loops=3)
                     Sort Key: s_1.a, s_1.b
                     Sort Method: external merge  Disk: 98112kB
                     Worker 0:  Sort Method: external merge  Disk: 97744kB
                     Worker 1:  Sort Method: external merge  Disk: 97744kB
                     ->  Parallel Seq Scan on s_1  (cost=0.00..105361.41 rows=4166641 width=20) (actual time=0.023..235.572 rows=3333333 loops=3)
 Planning time: 0.296 ms
 Execution time: 1737.423 ms
(13 rows)

===== 131 [Wed Mar  7 16:15:48 CET 2018] scale:10000000 groups:100 work_mem:4MB incremental:off max_workers:2 =====
SELECT * FROM s_2 ORDER BY a, b, c LIMIT 100000
                                                                    QUERY PLAN                                                                    
--------------------------------------------------------------------------------------------------------------------------------------------------
 Limit  (cost=748058.54..748058.54 rows=1 width=20) (actual time=2001.940..2001.940 rows=0 loops=1)
   ->  Limit  (cost=735391.06..747058.54 rows=100000 width=20) (actual time=1971.584..1999.123 rows=100000 loops=1)
         ->  Gather Merge  (cost=735391.06..1707675.17 rows=8333282 width=20) (actual time=1971.584..1993.430 rows=100000 loops=1)
               Workers Planned: 2
               Workers Launched: 2
               ->  Sort  (cost=734391.04..744807.64 rows=4166641 width=20) (actual time=1958.974..1962.131 rows=33970 loops=3)
                     Sort Key: s_2.a, s_2.b, s_2.c
                     Sort Method: external merge  Disk: 98888kB
                     Worker 0:  Sort Method: external merge  Disk: 97744kB
                     Worker 1:  Sort Method: external merge  Disk: 96976kB
                     ->  Parallel Seq Scan on s_2  (cost=0.00..105361.41 rows=4166641 width=20) (actual time=0.024..228.117 rows=3333333 loops=3)
 Planning time: 0.305 ms
 Execution time: 2026.061 ms
(13 rows)

===== 132 [Wed Mar  7 16:15:59 CET 2018] scale:10000000 groups:100 work_mem:4MB incremental:off max_workers:2 =====
SELECT * FROM s_3 ORDER BY a, b, c, d LIMIT 100000
                                                                    QUERY PLAN                                                                    
--------------------------------------------------------------------------------------------------------------------------------------------------
 Limit  (cost=748071.64..748071.64 rows=1 width=20) (actual time=2176.842..2176.842 rows=0 loops=1)
   ->  Limit  (cost=735404.16..747071.64 rows=100000 width=20) (actual time=2148.157..2174.061 rows=100000 loops=1)
         ->  Gather Merge  (cost=735404.16..1707699.48 rows=8333378 width=20) (actual time=2148.157..2168.389 rows=100000 loops=1)
               Workers Planned: 2
               Workers Launched: 2
               ->  Sort  (cost=734404.14..744820.86 rows=4166689 width=20) (actual time=2142.650..2145.791 rows=33959 loops=3)
                     Sort Key: s_3.a, s_3.b, s_3.c, s_3.d
                     Sort Method: external merge  Disk: 97744kB
                     Worker 0:  Sort Method: external merge  Disk: 97912kB
                     Worker 1:  Sort Method: external merge  Disk: 97944kB
                     ->  Parallel Seq Scan on s_3  (cost=0.00..105361.89 rows=4166689 width=20) (actual time=0.025..234.934 rows=3333333 loops=3)
 Planning time: 0.302 ms
 Execution time: 2201.154 ms
(13 rows)

===== 133 [Wed Mar  7 16:16:12 CET 2018] scale:10000000 groups:100 work_mem:8MB incremental:on max_workers:2 =====
SELECT * FROM s_1 ORDER BY a, b LIMIT 100000
                                                                           QUERY PLAN                                                                           
----------------------------------------------------------------------------------------------------------------------------------------------------------------
 Limit  (cost=14415.81..14415.81 rows=1 width=20) (actual time=86.236..86.236 rows=0 loops=1)
   ->  Limit  (cost=11664.62..13415.81 rows=100000 width=20) (actual time=20.529..83.507 rows=100000 loops=1)
         ->  Incremental Sort  (cost=11664.62..186782.28 rows=9999939 width=20) (actual time=20.528..77.927 rows=100000 loops=1)
               Sort Key: s_1.a, s_1.b
               Presorted Key: s_1.a
               Sort Method: external merge  Disk: 2920kB
               Sort Groups: 2
               ->  Index Only Scan using s_1_a_e_d_c_b_idx on s_1  (cost=0.56..348311.65 rows=9999939 width=20) (actual time=0.028..19.512 rows=149220 loops=1)
                     Heap Fetches: 0
 Planning time: 0.288 ms
 Execution time: 86.753 ms
(11 rows)

===== 134 [Wed Mar  7 16:16:12 CET 2018] scale:10000000 groups:100 work_mem:8MB incremental:on max_workers:2 =====
SELECT * FROM s_2 ORDER BY a, b, c LIMIT 100000
                                                                           QUERY PLAN                                                                           
----------------------------------------------------------------------------------------------------------------------------------------------------------------
 Limit  (cost=2919.14..2919.14 rows=1 width=20) (actual time=54.744..54.744 rows=0 loops=1)
   ->  Limit  (cost=83.41..1919.14 rows=100000 width=20) (actual time=0.193..52.021 rows=100000 loops=1)
         ->  Incremental Sort  (cost=83.41..183655.18 rows=9999939 width=20) (actual time=0.193..46.528 rows=100000 loops=1)
               Sort Key: s_2.a, s_2.b, s_2.c
               Presorted Key: s_2.a, s_2.b
               Sort Method: quicksort  Memory: 132kB
               Sort Groups: 152
               ->  Index Only Scan using s_2_a_b_e_d_c_idx on s_2  (cost=0.56..348311.65 rows=9999939 width=20) (actual time=0.029..12.602 rows=100138 loops=1)
                     Heap Fetches: 0
 Planning time: 0.310 ms
 Execution time: 54.782 ms
(11 rows)

===== 135 [Wed Mar  7 16:16:13 CET 2018] scale:10000000 groups:100 work_mem:8MB incremental:on max_workers:2 =====
SELECT * FROM s_3 ORDER BY a, b, c, d LIMIT 100000
                                                                           QUERY PLAN                                                                            
-----------------------------------------------------------------------------------------------------------------------------------------------------------------
 Limit  (cost=3002.51..3002.51 rows=1 width=20) (actual time=50.566..50.566 rows=0 loops=1)
   ->  Limit  (cost=1.07..2002.51 rows=100000 width=20) (actual time=0.090..47.797 rows=100000 loops=1)
         ->  Incremental Sort  (cost=1.07..200145.68 rows=10000054 width=20) (actual time=0.090..42.258 rows=100000 loops=1)
               Sort Key: s_3.a, s_3.b, s_3.c, s_3.d
               Presorted Key: s_3.a, s_3.b, s_3.c
               Sort Method: quicksort  Memory: 28kB
               Sort Groups: 2800
               ->  Index Only Scan using s_3_a_b_c_e_d_idx on s_3  (cost=0.56..348313.37 rows=10000054 width=20) (actual time=0.031..12.537 rows=100025 loops=1)
                     Heap Fetches: 0
 Planning time: 0.298 ms
 Execution time: 50.592 ms
(11 rows)

===== 136 [Wed Mar  7 16:16:13 CET 2018] scale:10000000 groups:100 work_mem:8MB incremental:off max_workers:2 =====
SELECT * FROM s_1 ORDER BY a, b LIMIT 100000
                                                                    QUERY PLAN                                                                    
--------------------------------------------------------------------------------------------------------------------------------------------------
 Limit  (cost=485894.17..485894.17 rows=1 width=20) (actual time=1542.501..1542.501 rows=0 loops=1)
   ->  Limit  (cost=473226.69..484894.17 rows=100000 width=20) (actual time=1515.756..1539.716 rows=100000 loops=1)
         ->  Gather Merge  (cost=473226.69..1445510.80 rows=8333282 width=20) (actual time=1515.756..1534.076 rows=100000 loops=1)
               Workers Planned: 2
               Workers Launched: 2
               ->  Sort  (cost=472226.66..482643.26 rows=4166641 width=20) (actual time=1513.993..1517.111 rows=33893 loops=3)
                     Sort Key: s_1.a, s_1.b
                     Sort Method: external merge  Disk: 97880kB
                     Worker 0:  Sort Method: external merge  Disk: 97896kB
                     Worker 1:  Sort Method: external merge  Disk: 97840kB
                     ->  Parallel Seq Scan on s_1  (cost=0.00..105361.41 rows=4166641 width=20) (actual time=0.023..232.647 rows=3333333 loops=3)
 Planning time: 0.299 ms
 Execution time: 1567.458 ms
(13 rows)

===== 137 [Wed Mar  7 16:16:22 CET 2018] scale:10000000 groups:100 work_mem:8MB incremental:off max_workers:2 =====
SELECT * FROM s_2 ORDER BY a, b, c LIMIT 100000
                                                                    QUERY PLAN                                                                    
--------------------------------------------------------------------------------------------------------------------------------------------------
 Limit  (cost=485894.17..485894.17 rows=1 width=20) (actual time=1810.445..1810.445 rows=0 loops=1)
   ->  Limit  (cost=473226.69..484894.17 rows=100000 width=20) (actual time=1779.985..1807.630 rows=100000 loops=1)
         ->  Gather Merge  (cost=473226.69..1445510.80 rows=8333282 width=20) (actual time=1779.984..1801.917 rows=100000 loops=1)
               Workers Planned: 2
               Workers Launched: 2
               ->  Sort  (cost=472226.66..482643.26 rows=4166641 width=20) (actual time=1769.597..1772.743 rows=33924 loops=3)
                     Sort Key: s_2.a, s_2.b, s_2.c
                     Sort Method: external merge  Disk: 99480kB
                     Worker 0:  Sort Method: external merge  Disk: 97792kB
                     Worker 1:  Sort Method: external merge  Disk: 96336kB
                     ->  Parallel Seq Scan on s_2  (cost=0.00..105361.41 rows=4166641 width=20) (actual time=0.024..229.201 rows=3333333 loops=3)
 Planning time: 0.311 ms
 Execution time: 1834.834 ms
(13 rows)

===== 138 [Wed Mar  7 16:16:32 CET 2018] scale:10000000 groups:100 work_mem:8MB incremental:off max_workers:2 =====
SELECT * FROM s_3 ORDER BY a, b, c, d LIMIT 100000
                                                                    QUERY PLAN                                                                    
--------------------------------------------------------------------------------------------------------------------------------------------------
 Limit  (cost=485898.87..485898.87 rows=1 width=20) (actual time=1979.001..1979.001 rows=0 loops=1)
   ->  Limit  (cost=473231.39..484898.87 rows=100000 width=20) (actual time=1950.214..1976.184 rows=100000 loops=1)
         ->  Gather Merge  (cost=473231.39..1445526.71 rows=8333378 width=20) (actual time=1950.214..1970.486 rows=100000 loops=1)
               Workers Planned: 2
               Workers Launched: 2
               ->  Sort  (cost=472231.37..482648.09 rows=4166689 width=20) (actual time=1937.287..1940.440 rows=33966 loops=3)
                     Sort Key: s_3.a, s_3.b, s_3.c, s_3.d
                     Sort Method: external merge  Disk: 97792kB
                     Worker 0:  Sort Method: external merge  Disk: 97848kB
                     Worker 1:  Sort Method: external merge  Disk: 97968kB
                     ->  Parallel Seq Scan on s_3  (cost=0.00..105361.89 rows=4166689 width=20) (actual time=0.024..232.727 rows=3333333 loops=3)
 Planning time: 0.305 ms
 Execution time: 2003.694 ms
(13 rows)

===== 139 [Wed Mar  7 16:16:43 CET 2018] scale:10000000 groups:100 work_mem:16MB incremental:on max_workers:2 =====
SELECT * FROM s_1 ORDER BY a, b LIMIT 100000
                                                                           QUERY PLAN                                                                           
----------------------------------------------------------------------------------------------------------------------------------------------------------------
 Limit  (cost=14415.81..14415.81 rows=1 width=20) (actual time=78.202..78.202 rows=0 loops=1)
   ->  Limit  (cost=11664.62..13415.81 rows=100000 width=20) (actual time=20.462..75.497 rows=100000 loops=1)
         ->  Incremental Sort  (cost=11664.62..186782.28 rows=9999939 width=20) (actual time=20.461..70.018 rows=100000 loops=1)
               Sort Key: s_1.a, s_1.b
               Presorted Key: s_1.a
               Sort Method: quicksort  Memory: 10833kB
               Sort Groups: 2
               ->  Index Only Scan using s_1_a_e_d_c_b_idx on s_1  (cost=0.56..348311.65 rows=9999939 width=20) (actual time=0.026..19.640 rows=149220 loops=1)
                     Heap Fetches: 0
 Planning time: 0.286 ms
 Execution time: 78.483 ms
(11 rows)

===== 140 [Wed Mar  7 16:16:44 CET 2018] scale:10000000 groups:100 work_mem:16MB incremental:on max_workers:2 =====
SELECT * FROM s_2 ORDER BY a, b, c LIMIT 100000
                                                                           QUERY PLAN                                                                           
----------------------------------------------------------------------------------------------------------------------------------------------------------------
 Limit  (cost=2919.14..2919.14 rows=1 width=20) (actual time=54.783..54.783 rows=0 loops=1)
   ->  Limit  (cost=83.41..1919.14 rows=100000 width=20) (actual time=0.190..52.057 rows=100000 loops=1)
         ->  Incremental Sort  (cost=83.41..183655.18 rows=9999939 width=20) (actual time=0.190..46.562 rows=100000 loops=1)
               Sort Key: s_2.a, s_2.b, s_2.c
               Presorted Key: s_2.a, s_2.b
               Sort Method: quicksort  Memory: 132kB
               Sort Groups: 152
               ->  Index Only Scan using s_2_a_b_e_d_c_idx on s_2  (cost=0.56..348311.65 rows=9999939 width=20) (actual time=0.029..12.629 rows=100138 loops=1)
                     Heap Fetches: 0
 Planning time: 0.313 ms
 Execution time: 54.822 ms
(11 rows)

===== 141 [Wed Mar  7 16:16:44 CET 2018] scale:10000000 groups:100 work_mem:16MB incremental:on max_workers:2 =====
SELECT * FROM s_3 ORDER BY a, b, c, d LIMIT 100000
                                                                           QUERY PLAN                                                                            
-----------------------------------------------------------------------------------------------------------------------------------------------------------------
 Limit  (cost=3002.51..3002.51 rows=1 width=20) (actual time=50.783..50.783 rows=0 loops=1)
   ->  Limit  (cost=1.07..2002.51 rows=100000 width=20) (actual time=0.088..48.058 rows=100000 loops=1)
         ->  Incremental Sort  (cost=1.07..200145.68 rows=10000054 width=20) (actual time=0.088..42.550 rows=100000 loops=1)
               Sort Key: s_3.a, s_3.b, s_3.c, s_3.d
               Presorted Key: s_3.a, s_3.b, s_3.c
               Sort Method: quicksort  Memory: 28kB
               Sort Groups: 2800
               ->  Index Only Scan using s_3_a_b_c_e_d_idx on s_3  (cost=0.56..348313.37 rows=10000054 width=20) (actual time=0.030..12.537 rows=100025 loops=1)
                     Heap Fetches: 0
 Planning time: 0.298 ms
 Execution time: 50.809 ms
(11 rows)

===== 142 [Wed Mar  7 16:16:45 CET 2018] scale:10000000 groups:100 work_mem:16MB incremental:off max_workers:2 =====
SELECT * FROM s_1 ORDER BY a, b LIMIT 100000
                                                                    QUERY PLAN                                                                    
--------------------------------------------------------------------------------------------------------------------------------------------------
 Limit  (cost=485894.17..485894.17 rows=1 width=20) (actual time=1515.191..1515.191 rows=0 loops=1)
   ->  Limit  (cost=473226.69..484894.17 rows=100000 width=20) (actual time=1488.502..1512.402 rows=100000 loops=1)
         ->  Gather Merge  (cost=473226.69..1445510.80 rows=8333282 width=20) (actual time=1488.501..1506.773 rows=100000 loops=1)
               Workers Planned: 2
               Workers Launched: 2
               ->  Sort  (cost=472226.66..482643.26 rows=4166641 width=20) (actual time=1486.376..1489.524 rows=33942 loops=3)
                     Sort Key: s_1.a, s_1.b
                     Sort Method: external merge  Disk: 97888kB
                     Worker 0:  Sort Method: external merge  Disk: 98016kB
                     Worker 1:  Sort Method: external merge  Disk: 98008kB
                     ->  Parallel Seq Scan on s_1  (cost=0.00..105361.41 rows=4166641 width=20) (actual time=0.023..232.281 rows=3333333 loops=3)
 Planning time: 0.291 ms
 Execution time: 1540.943 ms
(13 rows)

===== 143 [Wed Mar  7 16:16:53 CET 2018] scale:10000000 groups:100 work_mem:16MB incremental:off max_workers:2 =====
SELECT * FROM s_2 ORDER BY a, b, c LIMIT 100000
                                                                    QUERY PLAN                                                                    
--------------------------------------------------------------------------------------------------------------------------------------------------
 Limit  (cost=485894.17..485894.17 rows=1 width=20) (actual time=1789.628..1789.628 rows=0 loops=1)
   ->  Limit  (cost=473226.69..484894.17 rows=100000 width=20) (actual time=1759.286..1786.814 rows=100000 loops=1)
         ->  Gather Merge  (cost=473226.69..1445510.80 rows=8333282 width=20) (actual time=1759.286..1781.123 rows=100000 loops=1)
               Workers Planned: 2
               Workers Launched: 2
               ->  Sort  (cost=472226.66..482643.26 rows=4166641 width=20) (actual time=1738.825..1742.013 rows=34013 loops=3)
                     Sort Key: s_2.a, s_2.b, s_2.c
                     Sort Method: external merge  Disk: 100336kB
                     Worker 0:  Sort Method: external merge  Disk: 97800kB
                     Worker 1:  Sort Method: external merge  Disk: 95784kB
                     ->  Parallel Seq Scan on s_2  (cost=0.00..105361.41 rows=4166641 width=20) (actual time=0.024..227.993 rows=3333333 loops=3)
 Planning time: 0.317 ms
 Execution time: 1812.520 ms
(13 rows)

===== 144 [Wed Mar  7 16:17:03 CET 2018] scale:10000000 groups:100 work_mem:16MB incremental:off max_workers:2 =====
SELECT * FROM s_3 ORDER BY a, b, c, d LIMIT 100000
                                                                    QUERY PLAN                                                                    
--------------------------------------------------------------------------------------------------------------------------------------------------
 Limit  (cost=485898.87..485898.87 rows=1 width=20) (actual time=1924.769..1924.769 rows=0 loops=1)
   ->  Limit  (cost=473231.39..484898.87 rows=100000 width=20) (actual time=1896.062..1921.953 rows=100000 loops=1)
         ->  Gather Merge  (cost=473231.39..1445526.71 rows=8333378 width=20) (actual time=1896.062..1916.281 rows=100000 loops=1)
               Workers Planned: 2
               Workers Launched: 2
               ->  Sort  (cost=472231.37..482648.09 rows=4166689 width=20) (actual time=1880.534..1883.710 rows=33996 loops=3)
                     Sort Key: s_3.a, s_3.b, s_3.c, s_3.d
                     Sort Method: external merge  Disk: 95784kB
                     Worker 0:  Sort Method: external merge  Disk: 99056kB
                     Worker 1:  Sort Method: external merge  Disk: 99072kB
                     ->  Parallel Seq Scan on s_3  (cost=0.00..105361.89 rows=4166689 width=20) (actual time=0.024..233.347 rows=3333333 loops=3)
 Planning time: 0.306 ms
 Execution time: 1950.068 ms
(13 rows)

===== 145 [Wed Mar  7 16:17:14 CET 2018] scale:10000000 groups:100 work_mem:32MB incremental:on max_workers:2 =====
SELECT * FROM s_1 ORDER BY a, b LIMIT 100000
                                                                           QUERY PLAN                                                                           
----------------------------------------------------------------------------------------------------------------------------------------------------------------
 Limit  (cost=14415.81..14415.81 rows=1 width=20) (actual time=78.351..78.351 rows=0 loops=1)
   ->  Limit  (cost=11664.62..13415.81 rows=100000 width=20) (actual time=20.533..75.633 rows=100000 loops=1)
         ->  Incremental Sort  (cost=11664.62..186782.28 rows=9999939 width=20) (actual time=20.532..70.172 rows=100000 loops=1)
               Sort Key: s_1.a, s_1.b
               Presorted Key: s_1.a
               Sort Method: quicksort  Memory: 10833kB
               Sort Groups: 2
               ->  Index Only Scan using s_1_a_e_d_c_b_idx on s_1  (cost=0.56..348311.65 rows=9999939 width=20) (actual time=0.026..19.627 rows=149220 loops=1)
                     Heap Fetches: 0
 Planning time: 0.286 ms
 Execution time: 78.626 ms
(11 rows)

===== 146 [Wed Mar  7 16:17:15 CET 2018] scale:10000000 groups:100 work_mem:32MB incremental:on max_workers:2 =====
SELECT * FROM s_2 ORDER BY a, b, c LIMIT 100000
                                                                           QUERY PLAN                                                                           
----------------------------------------------------------------------------------------------------------------------------------------------------------------
 Limit  (cost=2919.14..2919.14 rows=1 width=20) (actual time=54.804..54.804 rows=0 loops=1)
   ->  Limit  (cost=83.41..1919.14 rows=100000 width=20) (actual time=0.191..52.089 rows=100000 loops=1)
         ->  Incremental Sort  (cost=83.41..183655.18 rows=9999939 width=20) (actual time=0.191..46.592 rows=100000 loops=1)
               Sort Key: s_2.a, s_2.b, s_2.c
               Presorted Key: s_2.a, s_2.b
               Sort Method: quicksort  Memory: 132kB
               Sort Groups: 152
               ->  Index Only Scan using s_2_a_b_e_d_c_idx on s_2  (cost=0.56..348311.65 rows=9999939 width=20) (actual time=0.029..12.633 rows=100138 loops=1)
                     Heap Fetches: 0
 Planning time: 0.310 ms
 Execution time: 54.841 ms
(11 rows)

===== 147 [Wed Mar  7 16:17:15 CET 2018] scale:10000000 groups:100 work_mem:32MB incremental:on max_workers:2 =====
SELECT * FROM s_3 ORDER BY a, b, c, d LIMIT 100000
                                                                           QUERY PLAN                                                                            
-----------------------------------------------------------------------------------------------------------------------------------------------------------------
 Limit  (cost=3002.51..3002.51 rows=1 width=20) (actual time=50.804..50.804 rows=0 loops=1)
   ->  Limit  (cost=1.07..2002.51 rows=100000 width=20) (actual time=0.087..48.071 rows=100000 loops=1)
         ->  Incremental Sort  (cost=1.07..200145.68 rows=10000054 width=20) (actual time=0.087..42.568 rows=100000 loops=1)
               Sort Key: s_3.a, s_3.b, s_3.c, s_3.d
               Presorted Key: s_3.a, s_3.b, s_3.c
               Sort Method: quicksort  Memory: 28kB
               Sort Groups: 2800
               ->  Index Only Scan using s_3_a_b_c_e_d_idx on s_3  (cost=0.56..348313.37 rows=10000054 width=20) (actual time=0.030..12.537 rows=100025 loops=1)
                     Heap Fetches: 0
 Planning time: 0.299 ms
 Execution time: 50.829 ms
(11 rows)

===== 148 [Wed Mar  7 16:17:15 CET 2018] scale:10000000 groups:100 work_mem:32MB incremental:off max_workers:2 =====
SELECT * FROM s_1 ORDER BY a, b LIMIT 100000
                                                                    QUERY PLAN                                                                    
--------------------------------------------------------------------------------------------------------------------------------------------------
 Limit  (cost=485894.17..485894.17 rows=1 width=20) (actual time=566.892..566.892 rows=0 loops=1)
   ->  Limit  (cost=473226.69..484894.17 rows=100000 width=20) (actual time=540.358..564.112 rows=100000 loops=1)
         ->  Gather Merge  (cost=473226.69..1445510.80 rows=8333282 width=20) (actual time=540.358..558.486 rows=100000 loops=1)
               Workers Planned: 2
               Workers Launched: 2
               ->  Sort  (cost=472226.66..482643.26 rows=4166641 width=20) (actual time=538.684..541.324 rows=33940 loops=3)
                     Sort Key: s_1.a, s_1.b
                     Sort Method: top-N heapsort  Memory: 14858kB
                     Worker 0:  Sort Method: top-N heapsort  Memory: 14707kB
                     Worker 1:  Sort Method: top-N heapsort  Memory: 14701kB
                     ->  Parallel Seq Scan on s_1  (cost=0.00..105361.41 rows=4166641 width=20) (actual time=0.023..220.574 rows=3333333 loops=3)
 Planning time: 0.294 ms
 Execution time: 570.186 ms
(13 rows)

===== 149 [Wed Mar  7 16:17:18 CET 2018] scale:10000000 groups:100 work_mem:32MB incremental:off max_workers:2 =====
SELECT * FROM s_2 ORDER BY a, b, c LIMIT 100000
                                                                    QUERY PLAN                                                                    
--------------------------------------------------------------------------------------------------------------------------------------------------
 Limit  (cost=485894.17..485894.17 rows=1 width=20) (actual time=544.681..544.681 rows=0 loops=1)
   ->  Limit  (cost=473226.69..484894.17 rows=100000 width=20) (actual time=515.950..541.872 rows=100000 loops=1)
         ->  Gather Merge  (cost=473226.69..1445510.80 rows=8333282 width=20) (actual time=515.950..536.186 rows=100000 loops=1)
               Workers Planned: 2
               Workers Launched: 2
               ->  Sort  (cost=472226.66..482643.26 rows=4166641 width=20) (actual time=514.003..515.842 rows=34018 loops=3)
                     Sort Key: s_2.a, s_2.b, s_2.c
                     Sort Method: top-N heapsort  Memory: 13958kB
                     Worker 0:  Sort Method: top-N heapsort  Memory: 13958kB
                     Worker 1:  Sort Method: top-N heapsort  Memory: 13958kB
                     ->  Parallel Seq Scan on s_2  (cost=0.00..105361.41 rows=4166641 width=20) (actual time=0.023..220.074 rows=3333333 loops=3)
 Planning time: 0.314 ms
 Execution time: 548.235 ms
(13 rows)

===== 150 [Wed Mar  7 16:17:21 CET 2018] scale:10000000 groups:100 work_mem:32MB incremental:off max_workers:2 =====
SELECT * FROM s_3 ORDER BY a, b, c, d LIMIT 100000
                                                                    QUERY PLAN                                                                    
--------------------------------------------------------------------------------------------------------------------------------------------------
 Limit  (cost=485898.87..485898.87 rows=1 width=20) (actual time=567.316..567.316 rows=0 loops=1)
   ->  Limit  (cost=473231.39..484898.87 rows=100000 width=20) (actual time=540.512..564.508 rows=100000 loops=1)
         ->  Gather Merge  (cost=473231.39..1445526.71 rows=8333378 width=20) (actual time=540.511..558.825 rows=100000 loops=1)
               Workers Planned: 2
               Workers Launched: 2
               ->  Sort  (cost=472231.37..482648.09 rows=4166689 width=20) (actual time=538.568..540.173 rows=33969 loops=3)
                     Sort Key: s_3.a, s_3.b, s_3.c, s_3.d
                     Sort Method: top-N heapsort  Memory: 13957kB
                     Worker 0:  Sort Method: top-N heapsort  Memory: 13957kB
                     Worker 1:  Sort Method: top-N heapsort  Memory: 13957kB
                     ->  Parallel Seq Scan on s_3  (cost=0.00..105361.89 rows=4166689 width=20) (actual time=0.022..221.637 rows=3333333 loops=3)
 Planning time: 0.307 ms
 Execution time: 570.899 ms
(13 rows)

===== 151 [Wed Mar  7 16:17:23 CET 2018] scale:10000000 groups:100 work_mem:64MB incremental:on max_workers:2 =====
SELECT * FROM s_1 ORDER BY a, b LIMIT 100000
                                                                           QUERY PLAN                                                                           
----------------------------------------------------------------------------------------------------------------------------------------------------------------
 Limit  (cost=14415.81..14415.81 rows=1 width=20) (actual time=78.251..78.251 rows=0 loops=1)
   ->  Limit  (cost=11664.62..13415.81 rows=100000 width=20) (actual time=20.487..75.539 rows=100000 loops=1)
         ->  Incremental Sort  (cost=11664.62..186782.28 rows=9999939 width=20) (actual time=20.486..70.058 rows=100000 loops=1)
               Sort Key: s_1.a, s_1.b
               Presorted Key: s_1.a
               Sort Method: quicksort  Memory: 10833kB
               Sort Groups: 2
               ->  Index Only Scan using s_1_a_e_d_c_b_idx on s_1  (cost=0.56..348311.65 rows=9999939 width=20) (actual time=0.026..19.633 rows=149220 loops=1)
                     Heap Fetches: 0
 Planning time: 0.295 ms
 Execution time: 78.529 ms
(11 rows)

===== 152 [Wed Mar  7 16:17:24 CET 2018] scale:10000000 groups:100 work_mem:64MB incremental:on max_workers:2 =====
SELECT * FROM s_2 ORDER BY a, b, c LIMIT 100000
                                                                           QUERY PLAN                                                                           
----------------------------------------------------------------------------------------------------------------------------------------------------------------
 Limit  (cost=2919.14..2919.14 rows=1 width=20) (actual time=54.800..54.800 rows=0 loops=1)
   ->  Limit  (cost=83.41..1919.14 rows=100000 width=20) (actual time=0.192..52.079 rows=100000 loops=1)
         ->  Incremental Sort  (cost=83.41..183655.18 rows=9999939 width=20) (actual time=0.192..46.585 rows=100000 loops=1)
               Sort Key: s_2.a, s_2.b, s_2.c
               Presorted Key: s_2.a, s_2.b
               Sort Method: quicksort  Memory: 132kB
               Sort Groups: 152
               ->  Index Only Scan using s_2_a_b_e_d_c_idx on s_2  (cost=0.56..348311.65 rows=9999939 width=20) (actual time=0.031..12.641 rows=100138 loops=1)
                     Heap Fetches: 0
 Planning time: 0.316 ms
 Execution time: 54.839 ms
(11 rows)

===== 153 [Wed Mar  7 16:17:24 CET 2018] scale:10000000 groups:100 work_mem:64MB incremental:on max_workers:2 =====
SELECT * FROM s_3 ORDER BY a, b, c, d LIMIT 100000
                                                                           QUERY PLAN                                                                            
-----------------------------------------------------------------------------------------------------------------------------------------------------------------
 Limit  (cost=3002.51..3002.51 rows=1 width=20) (actual time=50.782..50.782 rows=0 loops=1)
   ->  Limit  (cost=1.07..2002.51 rows=100000 width=20) (actual time=0.089..48.053 rows=100000 loops=1)
         ->  Incremental Sort  (cost=1.07..200145.68 rows=10000054 width=20) (actual time=0.089..42.541 rows=100000 loops=1)
               Sort Key: s_3.a, s_3.b, s_3.c, s_3.d
               Presorted Key: s_3.a, s_3.b, s_3.c
               Sort Method: quicksort  Memory: 28kB
               Sort Groups: 2800
               ->  Index Only Scan using s_3_a_b_c_e_d_idx on s_3  (cost=0.56..348313.37 rows=10000054 width=20) (actual time=0.030..12.538 rows=100025 loops=1)
                     Heap Fetches: 0
 Planning time: 0.308 ms
 Execution time: 50.807 ms
(11 rows)

===== 154 [Wed Mar  7 16:17:24 CET 2018] scale:10000000 groups:100 work_mem:64MB incremental:off max_workers:2 =====
SELECT * FROM s_1 ORDER BY a, b LIMIT 100000
                                                                    QUERY PLAN                                                                    
--------------------------------------------------------------------------------------------------------------------------------------------------
 Limit  (cost=485894.17..485894.17 rows=1 width=20) (actual time=566.808..566.808 rows=0 loops=1)
   ->  Limit  (cost=473226.69..484894.17 rows=100000 width=20) (actual time=540.281..564.033 rows=100000 loops=1)
         ->  Gather Merge  (cost=473226.69..1445510.80 rows=8333282 width=20) (actual time=540.281..558.403 rows=100000 loops=1)
               Workers Planned: 2
               Workers Launched: 2
               ->  Sort  (cost=472226.66..482643.26 rows=4166641 width=20) (actual time=538.580..541.250 rows=33997 loops=3)
                     Sort Key: s_1.a, s_1.b
                     Sort Method: top-N heapsort  Memory: 14866kB
                     Worker 0:  Sort Method: top-N heapsort  Memory: 14704kB
                     Worker 1:  Sort Method: top-N heapsort  Memory: 14699kB
                     ->  Parallel Seq Scan on s_1  (cost=0.00..105361.41 rows=4166641 width=20) (actual time=0.024..220.128 rows=3333333 loops=3)
 Planning time: 0.293 ms
 Execution time: 570.254 ms
(13 rows)

===== 155 [Wed Mar  7 16:17:27 CET 2018] scale:10000000 groups:100 work_mem:64MB incremental:off max_workers:2 =====
SELECT * FROM s_2 ORDER BY a, b, c LIMIT 100000
                                                                    QUERY PLAN                                                                    
--------------------------------------------------------------------------------------------------------------------------------------------------
 Limit  (cost=485894.17..485894.17 rows=1 width=20) (actual time=544.075..544.075 rows=0 loops=1)
   ->  Limit  (cost=473226.69..484894.17 rows=100000 width=20) (actual time=515.328..541.265 rows=100000 loops=1)
         ->  Gather Merge  (cost=473226.69..1445510.80 rows=8333282 width=20) (actual time=515.328..535.568 rows=100000 loops=1)
               Workers Planned: 2
               Workers Launched: 2
               ->  Sort  (cost=472226.66..482643.26 rows=4166641 width=20) (actual time=513.322..515.167 rows=33996 loops=3)
                     Sort Key: s_2.a, s_2.b, s_2.c
                     Sort Method: top-N heapsort  Memory: 13958kB
                     Worker 0:  Sort Method: top-N heapsort  Memory: 13958kB
                     Worker 1:  Sort Method: top-N heapsort  Memory: 13958kB
                     ->  Parallel Seq Scan on s_2  (cost=0.00..105361.41 rows=4166641 width=20) (actual time=0.023..219.721 rows=3333333 loops=3)
 Planning time: 0.307 ms
 Execution time: 547.684 ms
(13 rows)

===== 156 [Wed Mar  7 16:17:30 CET 2018] scale:10000000 groups:100 work_mem:64MB incremental:off max_workers:2 =====
SELECT * FROM s_3 ORDER BY a, b, c, d LIMIT 100000
                                                                    QUERY PLAN                                                                    
--------------------------------------------------------------------------------------------------------------------------------------------------
 Limit  (cost=485898.87..485898.87 rows=1 width=20) (actual time=566.585..566.585 rows=0 loops=1)
   ->  Limit  (cost=473231.39..484898.87 rows=100000 width=20) (actual time=539.747..563.778 rows=100000 loops=1)
         ->  Gather Merge  (cost=473231.39..1445526.71 rows=8333378 width=20) (actual time=539.747..558.093 rows=100000 loops=1)
               Workers Planned: 2
               Workers Launched: 2
               ->  Sort  (cost=472231.37..482648.09 rows=4166689 width=20) (actual time=538.060..539.645 rows=34044 loops=3)
                     Sort Key: s_3.a, s_3.b, s_3.c, s_3.d
                     Sort Method: top-N heapsort  Memory: 13957kB
                     Worker 0:  Sort Method: top-N heapsort  Memory: 13957kB
                     Worker 1:  Sort Method: top-N heapsort  Memory: 13957kB
                     ->  Parallel Seq Scan on s_3  (cost=0.00..105361.89 rows=4166689 width=20) (actual time=0.023..221.079 rows=3333333 loops=3)
 Planning time: 0.297 ms
 Execution time: 570.176 ms
(13 rows)

===== 157 [Wed Mar  7 16:17:33 CET 2018] scale:10000000 groups:100 work_mem:128MB incremental:on max_workers:2 =====
SELECT * FROM s_1 ORDER BY a, b LIMIT 100000
                                                                           QUERY PLAN                                                                           
----------------------------------------------------------------------------------------------------------------------------------------------------------------
 Limit  (cost=14415.81..14415.81 rows=1 width=20) (actual time=78.471..78.471 rows=0 loops=1)
   ->  Limit  (cost=11664.62..13415.81 rows=100000 width=20) (actual time=20.576..75.754 rows=100000 loops=1)
         ->  Incremental Sort  (cost=11664.62..186782.28 rows=9999939 width=20) (actual time=20.575..70.297 rows=100000 loops=1)
               Sort Key: s_1.a, s_1.b
               Presorted Key: s_1.a
               Sort Method: quicksort  Memory: 10833kB
               Sort Groups: 2
               ->  Index Only Scan using s_1_a_e_d_c_b_idx on s_1  (cost=0.56..348311.65 rows=9999939 width=20) (actual time=0.025..19.644 rows=149220 loops=1)
                     Heap Fetches: 0
 Planning time: 0.286 ms
 Execution time: 78.748 ms
(11 rows)

===== 158 [Wed Mar  7 16:17:33 CET 2018] scale:10000000 groups:100 work_mem:128MB incremental:on max_workers:2 =====
SELECT * FROM s_2 ORDER BY a, b, c LIMIT 100000
                                                                           QUERY PLAN                                                                           
----------------------------------------------------------------------------------------------------------------------------------------------------------------
 Limit  (cost=2919.14..2919.14 rows=1 width=20) (actual time=54.781..54.781 rows=0 loops=1)
   ->  Limit  (cost=83.41..1919.14 rows=100000 width=20) (actual time=0.190..52.063 rows=100000 loops=1)
         ->  Incremental Sort  (cost=83.41..183655.18 rows=9999939 width=20) (actual time=0.189..46.568 rows=100000 loops=1)
               Sort Key: s_2.a, s_2.b, s_2.c
               Presorted Key: s_2.a, s_2.b
               Sort Method: quicksort  Memory: 132kB
               Sort Groups: 152
               ->  Index Only Scan using s_2_a_b_e_d_c_idx on s_2  (cost=0.56..348311.65 rows=9999939 width=20) (actual time=0.029..12.636 rows=100138 loops=1)
                     Heap Fetches: 0
 Planning time: 0.313 ms
 Execution time: 54.819 ms
(11 rows)

===== 159 [Wed Mar  7 16:17:33 CET 2018] scale:10000000 groups:100 work_mem:128MB incremental:on max_workers:2 =====
SELECT * FROM s_3 ORDER BY a, b, c, d LIMIT 100000
                                                                           QUERY PLAN                                                                            
-----------------------------------------------------------------------------------------------------------------------------------------------------------------
 Limit  (cost=3002.51..3002.51 rows=1 width=20) (actual time=50.795..50.795 rows=0 loops=1)
   ->  Limit  (cost=1.07..2002.51 rows=100000 width=20) (actual time=0.089..48.066 rows=100000 loops=1)
         ->  Incremental Sort  (cost=1.07..200145.68 rows=10000054 width=20) (actual time=0.089..42.562 rows=100000 loops=1)
               Sort Key: s_3.a, s_3.b, s_3.c, s_3.d
               Presorted Key: s_3.a, s_3.b, s_3.c
               Sort Method: quicksort  Memory: 28kB
               Sort Groups: 2800
               ->  Index Only Scan using s_3_a_b_c_e_d_idx on s_3  (cost=0.56..348313.37 rows=10000054 width=20) (actual time=0.029..12.533 rows=100025 loops=1)
                     Heap Fetches: 0
 Planning time: 0.306 ms
 Execution time: 50.821 ms
(11 rows)

===== 160 [Wed Mar  7 16:17:34 CET 2018] scale:10000000 groups:100 work_mem:128MB incremental:off max_workers:2 =====
SELECT * FROM s_1 ORDER BY a, b LIMIT 100000
                                                                    QUERY PLAN                                                                    
--------------------------------------------------------------------------------------------------------------------------------------------------
 Limit  (cost=485894.17..485894.17 rows=1 width=20) (actual time=567.009..567.009 rows=0 loops=1)
   ->  Limit  (cost=473226.69..484894.17 rows=100000 width=20) (actual time=540.433..564.236 rows=100000 loops=1)
         ->  Gather Merge  (cost=473226.69..1445510.80 rows=8333282 width=20) (actual time=540.432..558.605 rows=100000 loops=1)
               Workers Planned: 2
               Workers Launched: 2
               ->  Sort  (cost=472226.66..482643.26 rows=4166641 width=20) (actual time=538.588..541.256 rows=33996 loops=3)
                     Sort Key: s_1.a, s_1.b
                     Sort Method: top-N heapsort  Memory: 14850kB
                     Worker 0:  Sort Method: top-N heapsort  Memory: 14698kB
                     Worker 1:  Sort Method: top-N heapsort  Memory: 14679kB
                     ->  Parallel Seq Scan on s_1  (cost=0.00..105361.41 rows=4166641 width=20) (actual time=0.023..219.279 rows=3333333 loops=3)
 Planning time: 0.293 ms
 Execution time: 570.706 ms
(13 rows)

===== 161 [Wed Mar  7 16:17:36 CET 2018] scale:10000000 groups:100 work_mem:128MB incremental:off max_workers:2 =====
SELECT * FROM s_2 ORDER BY a, b, c LIMIT 100000
                                                                    QUERY PLAN                                                                    
--------------------------------------------------------------------------------------------------------------------------------------------------
 Limit  (cost=485894.17..485894.17 rows=1 width=20) (actual time=543.905..543.905 rows=0 loops=1)
   ->  Limit  (cost=473226.69..484894.17 rows=100000 width=20) (actual time=515.175..541.096 rows=100000 loops=1)
         ->  Gather Merge  (cost=473226.69..1445510.80 rows=8333282 width=20) (actual time=515.175..535.412 rows=100000 loops=1)
               Workers Planned: 2
               Workers Launched: 2
               ->  Sort  (cost=472226.66..482643.26 rows=4166641 width=20) (actual time=513.213..515.060 rows=33970 loops=3)
                     Sort Key: s_2.a, s_2.b, s_2.c
                     Sort Method: top-N heapsort  Memory: 13959kB
                     Worker 0:  Sort Method: top-N heapsort  Memory: 13966kB
                     Worker 1:  Sort Method: top-N heapsort  Memory: 13958kB
                     ->  Parallel Seq Scan on s_2  (cost=0.00..105361.41 rows=4166641 width=20) (actual time=0.022..219.187 rows=3333333 loops=3)
 Planning time: 0.304 ms
 Execution time: 547.670 ms
(13 rows)

===== 162 [Wed Mar  7 16:17:39 CET 2018] scale:10000000 groups:100 work_mem:128MB incremental:off max_workers:2 =====
SELECT * FROM s_3 ORDER BY a, b, c, d LIMIT 100000
                                                                    QUERY PLAN                                                                    
--------------------------------------------------------------------------------------------------------------------------------------------------
 Limit  (cost=485898.87..485898.87 rows=1 width=20) (actual time=566.440..566.440 rows=0 loops=1)
   ->  Limit  (cost=473231.39..484898.87 rows=100000 width=20) (actual time=539.617..563.631 rows=100000 loops=1)
         ->  Gather Merge  (cost=473231.39..1445526.71 rows=8333378 width=20) (actual time=539.616..557.943 rows=100000 loops=1)
               Workers Planned: 2
               Workers Launched: 2
               ->  Sort  (cost=472231.37..482648.09 rows=4166689 width=20) (actual time=538.008..539.596 rows=33943 loops=3)
                     Sort Key: s_3.a, s_3.b, s_3.c, s_3.d
                     Sort Method: top-N heapsort  Memory: 13957kB
                     Worker 0:  Sort Method: top-N heapsort  Memory: 13957kB
                     Worker 1:  Sort Method: top-N heapsort  Memory: 13957kB
                     ->  Parallel Seq Scan on s_3  (cost=0.00..105361.89 rows=4166689 width=20) (actual time=0.024..220.966 rows=3333333 loops=3)
 Planning time: 0.307 ms
 Execution time: 570.128 ms
(13 rows)

===== 163 [Wed Mar  7 16:17:42 CET 2018] scale:10000000 groups:100 work_mem:256MB incremental:on max_workers:2 =====
SELECT * FROM s_1 ORDER BY a, b LIMIT 100000
                                                                           QUERY PLAN                                                                           
----------------------------------------------------------------------------------------------------------------------------------------------------------------
 Limit  (cost=14415.81..14415.81 rows=1 width=20) (actual time=78.088..78.088 rows=0 loops=1)
   ->  Limit  (cost=11664.62..13415.81 rows=100000 width=20) (actual time=20.459..75.370 rows=100000 loops=1)
         ->  Incremental Sort  (cost=11664.62..186782.28 rows=9999939 width=20) (actual time=20.458..69.918 rows=100000 loops=1)
               Sort Key: s_1.a, s_1.b
               Presorted Key: s_1.a
               Sort Method: quicksort  Memory: 10833kB
               Sort Groups: 2
               ->  Index Only Scan using s_1_a_e_d_c_b_idx on s_1  (cost=0.56..348311.65 rows=9999939 width=20) (actual time=0.026..19.628 rows=149220 loops=1)
                     Heap Fetches: 0
 Planning time: 0.280 ms
 Execution time: 78.363 ms
(11 rows)

===== 164 [Wed Mar  7 16:17:42 CET 2018] scale:10000000 groups:100 work_mem:256MB incremental:on max_workers:2 =====
SELECT * FROM s_2 ORDER BY a, b, c LIMIT 100000
                                                                           QUERY PLAN                                                                           
----------------------------------------------------------------------------------------------------------------------------------------------------------------
 Limit  (cost=2919.14..2919.14 rows=1 width=20) (actual time=54.817..54.817 rows=0 loops=1)
   ->  Limit  (cost=83.41..1919.14 rows=100000 width=20) (actual time=0.192..52.104 rows=100000 loops=1)
         ->  Incremental Sort  (cost=83.41..183655.18 rows=9999939 width=20) (actual time=0.192..46.598 rows=100000 loops=1)
               Sort Key: s_2.a, s_2.b, s_2.c
               Presorted Key: s_2.a, s_2.b
               Sort Method: quicksort  Memory: 132kB
               Sort Groups: 152
               ->  Index Only Scan using s_2_a_b_e_d_c_idx on s_2  (cost=0.56..348311.65 rows=9999939 width=20) (actual time=0.029..12.653 rows=100138 loops=1)
                     Heap Fetches: 0
 Planning time: 0.316 ms
 Execution time: 54.857 ms
(11 rows)

===== 165 [Wed Mar  7 16:17:43 CET 2018] scale:10000000 groups:100 work_mem:256MB incremental:on max_workers:2 =====
SELECT * FROM s_3 ORDER BY a, b, c, d LIMIT 100000
                                                                           QUERY PLAN                                                                            
-----------------------------------------------------------------------------------------------------------------------------------------------------------------
 Limit  (cost=3002.51..3002.51 rows=1 width=20) (actual time=50.783..50.783 rows=0 loops=1)
   ->  Limit  (cost=1.07..2002.51 rows=100000 width=20) (actual time=0.088..48.054 rows=100000 loops=1)
         ->  Incremental Sort  (cost=1.07..200145.68 rows=10000054 width=20) (actual time=0.087..42.554 rows=100000 loops=1)
               Sort Key: s_3.a, s_3.b, s_3.c, s_3.d
               Presorted Key: s_3.a, s_3.b, s_3.c
               Sort Method: quicksort  Memory: 28kB
               Sort Groups: 2800
               ->  Index Only Scan using s_3_a_b_c_e_d_idx on s_3  (cost=0.56..348313.37 rows=10000054 width=20) (actual time=0.030..12.534 rows=100025 loops=1)
                     Heap Fetches: 0
 Planning time: 0.314 ms
 Execution time: 50.810 ms
(11 rows)

===== 166 [Wed Mar  7 16:17:43 CET 2018] scale:10000000 groups:100 work_mem:256MB incremental:off max_workers:2 =====
SELECT * FROM s_1 ORDER BY a, b LIMIT 100000
                                                                    QUERY PLAN                                                                    
--------------------------------------------------------------------------------------------------------------------------------------------------
 Limit  (cost=485894.17..485894.17 rows=1 width=20) (actual time=566.038..566.038 rows=0 loops=1)
   ->  Limit  (cost=473226.69..484894.17 rows=100000 width=20) (actual time=539.502..563.261 rows=100000 loops=1)
         ->  Gather Merge  (cost=473226.69..1445510.80 rows=8333282 width=20) (actual time=539.501..557.638 rows=100000 loops=1)
               Workers Planned: 2
               Workers Launched: 2
               ->  Sort  (cost=472226.66..482643.26 rows=4166641 width=20) (actual time=537.602..540.249 rows=33956 loops=3)
                     Sort Key: s_1.a, s_1.b
                     Sort Method: top-N heapsort  Memory: 14854kB
                     Worker 0:  Sort Method: top-N heapsort  Memory: 14693kB
                     Worker 1:  Sort Method: top-N heapsort  Memory: 14692kB
                     ->  Parallel Seq Scan on s_1  (cost=0.00..105361.41 rows=4166641 width=20) (actual time=0.024..219.167 rows=3333333 loops=3)
 Planning time: 0.295 ms
 Execution time: 569.712 ms
(13 rows)

===== 167 [Wed Mar  7 16:17:46 CET 2018] scale:10000000 groups:100 work_mem:256MB incremental:off max_workers:2 =====
SELECT * FROM s_2 ORDER BY a, b, c LIMIT 100000
                                                                    QUERY PLAN                                                                    
--------------------------------------------------------------------------------------------------------------------------------------------------
 Limit  (cost=485894.17..485894.17 rows=1 width=20) (actual time=543.303..543.303 rows=0 loops=1)
   ->  Limit  (cost=473226.69..484894.17 rows=100000 width=20) (actual time=514.613..540.495 rows=100000 loops=1)
         ->  Gather Merge  (cost=473226.69..1445510.80 rows=8333282 width=20) (actual time=514.612..534.810 rows=100000 loops=1)
               Workers Planned: 2
               Workers Launched: 2
               ->  Sort  (cost=472226.66..482643.26 rows=4166641 width=20) (actual time=512.761..514.596 rows=34013 loops=3)
                     Sort Key: s_2.a, s_2.b, s_2.c
                     Sort Method: top-N heapsort  Memory: 13958kB
                     Worker 0:  Sort Method: top-N heapsort  Memory: 13958kB
                     Worker 1:  Sort Method: top-N heapsort  Memory: 13958kB
                     ->  Parallel Seq Scan on s_2  (cost=0.00..105361.41 rows=4166641 width=20) (actual time=0.022..218.743 rows=3333333 loops=3)
 Planning time: 0.303 ms
 Execution time: 547.195 ms
(13 rows)

===== 168 [Wed Mar  7 16:17:48 CET 2018] scale:10000000 groups:100 work_mem:256MB incremental:off max_workers:2 =====
SELECT * FROM s_3 ORDER BY a, b, c, d LIMIT 100000
                                                                    QUERY PLAN                                                                    
--------------------------------------------------------------------------------------------------------------------------------------------------
 Limit  (cost=485898.87..485898.87 rows=1 width=20) (actual time=564.622..564.622 rows=0 loops=1)
   ->  Limit  (cost=473231.39..484898.87 rows=100000 width=20) (actual time=537.803..561.847 rows=100000 loops=1)
         ->  Gather Merge  (cost=473231.39..1445526.71 rows=8333378 width=20) (actual time=537.803..556.169 rows=100000 loops=1)
               Workers Planned: 2
               Workers Launched: 2
               ->  Sort  (cost=472231.37..482648.09 rows=4166689 width=20) (actual time=535.818..537.418 rows=33948 loops=3)
                     Sort Key: s_3.a, s_3.b, s_3.c, s_3.d
                     Sort Method: top-N heapsort  Memory: 13957kB
                     Worker 0:  Sort Method: top-N heapsort  Memory: 13957kB
                     Worker 1:  Sort Method: top-N heapsort  Memory: 13957kB
                     ->  Parallel Seq Scan on s_3  (cost=0.00..105361.89 rows=4166689 width=20) (actual time=0.022..219.983 rows=3333333 loops=3)
 Planning time: 0.301 ms
 Execution time: 568.381 ms
(13 rows)

===== 169 [Wed Mar  7 16:19:00 CET 2018] scale:10000000 groups:1000 work_mem:4MB incremental:on max_workers:0 =====
SELECT * FROM s_1 ORDER BY a, b LIMIT 100000
                                                                           QUERY PLAN                                                                           
----------------------------------------------------------------------------------------------------------------------------------------------------------------
 Limit  (cost=3853.52..3853.52 rows=1 width=20) (actual time=62.776..62.776 rows=0 loops=1)
   ->  Limit  (cost=1012.17..2853.52 rows=100000 width=20) (actual time=2.585..60.059 rows=100000 loops=1)
         ->  Incremental Sort  (cost=1012.17..185145.78 rows=9999939 width=20) (actual time=2.585..54.599 rows=100000 loops=1)
               Sort Key: s_1.a, s_1.b
               Presorted Key: s_1.a
               Sort Method: quicksort  Memory: 1175kB
               Sort Groups: 11
               ->  Index Only Scan using s_1_a_e_d_c_b_idx on s_1  (cost=0.56..348311.65 rows=9999939 width=20) (actual time=0.052..15.697 rows=104726 loops=1)
                     Heap Fetches: 0
 Planning time: 0.285 ms
 Execution time: 62.817 ms
(11 rows)

===== 170 [Wed Mar  7 16:19:01 CET 2018] scale:10000000 groups:1000 work_mem:4MB incremental:on max_workers:0 =====
SELECT * FROM s_2 ORDER BY a, b, c LIMIT 100000
                                                                           QUERY PLAN                                                                            
-----------------------------------------------------------------------------------------------------------------------------------------------------------------
 Limit  (cost=3002.51..3002.51 rows=1 width=20) (actual time=49.919..49.919 rows=0 loops=1)
   ->  Limit  (cost=1.07..2002.51 rows=100000 width=20) (actual time=0.106..47.195 rows=100000 loops=1)
         ->  Incremental Sort  (cost=1.07..200145.68 rows=10000054 width=20) (actual time=0.106..41.668 rows=100000 loops=1)
               Sort Key: s_2.a, s_2.b, s_2.c
               Presorted Key: s_2.a, s_2.b
               Sort Method: quicksort  Memory: 28kB
               Sort Groups: 2727
               ->  Index Only Scan using s_2_a_b_e_d_c_idx on s_2  (cost=0.56..348313.37 rows=10000054 width=20) (actual time=0.049..14.678 rows=100014 loops=1)
                     Heap Fetches: 0
 Planning time: 0.300 ms
 Execution time: 49.947 ms
(11 rows)

===== 171 [Wed Mar  7 16:19:01 CET 2018] scale:10000000 groups:1000 work_mem:4MB incremental:on max_workers:0 =====
SELECT * FROM s_3 ORDER BY a, b, c, d LIMIT 100000
                                                                           QUERY PLAN                                                                            
-----------------------------------------------------------------------------------------------------------------------------------------------------------------
 Limit  (cost=3002.51..3002.51 rows=1 width=20) (actual time=40.556..40.556 rows=0 loops=1)
   ->  Limit  (cost=1.07..2002.51 rows=100000 width=20) (actual time=0.097..37.823 rows=100000 loops=1)
         ->  Incremental Sort  (cost=1.07..200145.68 rows=10000054 width=20) (actual time=0.097..32.295 rows=100000 loops=1)
               Sort Key: s_3.a, s_3.b, s_3.c, s_3.d
               Presorted Key: s_3.a, s_3.b, s_3.c
               Sort Method: quicksort  Memory: 27kB
               Sort Groups: 3125
               ->  Index Only Scan using s_3_a_b_c_e_d_idx on s_3  (cost=0.56..348313.37 rows=10000054 width=20) (actual time=0.046..14.666 rows=100027 loops=1)
                     Heap Fetches: 0
 Planning time: 0.301 ms
 Execution time: 40.583 ms
(11 rows)

===== 172 [Wed Mar  7 16:19:01 CET 2018] scale:10000000 groups:1000 work_mem:4MB incremental:off max_workers:0 =====
SELECT * FROM s_1 ORDER BY a, b LIMIT 100000
                                                             QUERY PLAN                                                             
------------------------------------------------------------------------------------------------------------------------------------
 Limit  (cost=1737769.69..1737769.69 rows=1 width=20) (actual time=5634.783..5634.783 rows=0 loops=1)
   ->  Limit  (cost=1736519.69..1736769.69 rows=100000 width=20) (actual time=5617.332..5631.961 rows=100000 loops=1)
         ->  Sort  (cost=1736519.69..1761519.54 rows=9999939 width=20) (actual time=5617.330..5626.356 rows=100000 loops=1)
               Sort Key: s_1.a, s_1.b
               Sort Method: external merge  Disk: 293600kB
               ->  Seq Scan on s_1  (cost=0.00..163694.39 rows=9999939 width=20) (actual time=0.023..647.080 rows=10000000 loops=1)
 Planning time: 0.277 ms
 Execution time: 5668.194 ms
(8 rows)

===== 173 [Wed Mar  7 16:19:33 CET 2018] scale:10000000 groups:1000 work_mem:4MB incremental:off max_workers:0 =====
SELECT * FROM s_2 ORDER BY a, b, c LIMIT 100000
                                                             QUERY PLAN                                                              
-------------------------------------------------------------------------------------------------------------------------------------
 Limit  (cost=1737792.04..1737792.04 rows=1 width=20) (actual time=5973.762..5973.762 rows=0 loops=1)
   ->  Limit  (cost=1736542.04..1736792.04 rows=100000 width=20) (actual time=5956.371..5970.940 rows=100000 loops=1)
         ->  Sort  (cost=1736542.04..1761542.18 rows=10000054 width=20) (actual time=5956.370..5965.349 rows=100000 loops=1)
               Sort Key: s_2.a, s_2.b, s_2.c
               Sort Method: external merge  Disk: 293600kB
               ->  Seq Scan on s_2  (cost=0.00..163695.54 rows=10000054 width=20) (actual time=0.028..643.221 rows=10000000 loops=1)
 Planning time: 0.300 ms
 Execution time: 6007.152 ms
(8 rows)

===== 174 [Wed Mar  7 16:20:07 CET 2018] scale:10000000 groups:1000 work_mem:4MB incremental:off max_workers:0 =====
SELECT * FROM s_3 ORDER BY a, b, c, d LIMIT 100000
                                                             QUERY PLAN                                                              
-------------------------------------------------------------------------------------------------------------------------------------
 Limit  (cost=1737792.04..1737792.04 rows=1 width=20) (actual time=4951.743..4951.743 rows=0 loops=1)
   ->  Limit  (cost=1736542.04..1736792.04 rows=100000 width=20) (actual time=4934.279..4948.925 rows=100000 loops=1)
         ->  Sort  (cost=1736542.04..1761542.18 rows=10000054 width=20) (actual time=4934.279..4943.311 rows=100000 loops=1)
               Sort Key: s_3.a, s_3.b, s_3.c, s_3.d
               Sort Method: external merge  Disk: 293600kB
               ->  Seq Scan on s_3  (cost=0.00..163695.54 rows=10000054 width=20) (actual time=0.028..643.964 rows=10000000 loops=1)
 Planning time: 0.304 ms
 Execution time: 4985.223 ms
(8 rows)

===== 175 [Wed Mar  7 16:20:35 CET 2018] scale:10000000 groups:1000 work_mem:8MB incremental:on max_workers:0 =====
SELECT * FROM s_1 ORDER BY a, b LIMIT 100000
                                                                           QUERY PLAN                                                                           
----------------------------------------------------------------------------------------------------------------------------------------------------------------
 Limit  (cost=3853.52..3853.52 rows=1 width=20) (actual time=60.513..60.513 rows=0 loops=1)
   ->  Limit  (cost=1012.17..2853.52 rows=100000 width=20) (actual time=2.470..57.767 rows=100000 loops=1)
         ->  Incremental Sort  (cost=1012.17..185145.78 rows=9999939 width=20) (actual time=2.470..52.310 rows=100000 loops=1)
               Sort Key: s_1.a, s_1.b
               Presorted Key: s_1.a
               Sort Method: quicksort  Memory: 1175kB
               Sort Groups: 11
               ->  Index Only Scan using s_1_a_e_d_c_b_idx on s_1  (cost=0.56..348311.65 rows=9999939 width=20) (actual time=0.031..13.558 rows=104726 loops=1)
                     Heap Fetches: 0
 Planning time: 0.279 ms
 Execution time: 60.551 ms
(11 rows)

===== 176 [Wed Mar  7 16:20:35 CET 2018] scale:10000000 groups:1000 work_mem:8MB incremental:on max_workers:0 =====
SELECT * FROM s_2 ORDER BY a, b, c LIMIT 100000
                                                                           QUERY PLAN                                                                            
-----------------------------------------------------------------------------------------------------------------------------------------------------------------
 Limit  (cost=3002.51..3002.51 rows=1 width=20) (actual time=47.525..47.525 rows=0 loops=1)
   ->  Limit  (cost=1.07..2002.51 rows=100000 width=20) (actual time=0.085..44.805 rows=100000 loops=1)
         ->  Incremental Sort  (cost=1.07..200145.68 rows=10000054 width=20) (actual time=0.084..39.292 rows=100000 loops=1)
               Sort Key: s_2.a, s_2.b, s_2.c
               Presorted Key: s_2.a, s_2.b
               Sort Method: quicksort  Memory: 28kB
               Sort Groups: 2727
               ->  Index Only Scan using s_2_a_b_e_d_c_idx on s_2  (cost=0.56..348313.37 rows=10000054 width=20) (actual time=0.028..12.551 rows=100014 loops=1)
                     Heap Fetches: 0
 Planning time: 0.307 ms
 Execution time: 47.552 ms
(11 rows)

===== 177 [Wed Mar  7 16:20:36 CET 2018] scale:10000000 groups:1000 work_mem:8MB incremental:on max_workers:0 =====
SELECT * FROM s_3 ORDER BY a, b, c, d LIMIT 100000
                                                                           QUERY PLAN                                                                            
-----------------------------------------------------------------------------------------------------------------------------------------------------------------
 Limit  (cost=3002.51..3002.51 rows=1 width=20) (actual time=37.908..37.908 rows=0 loops=1)
   ->  Limit  (cost=1.07..2002.51 rows=100000 width=20) (actual time=0.077..35.183 rows=100000 loops=1)
         ->  Incremental Sort  (cost=1.07..200145.68 rows=10000054 width=20) (actual time=0.076..29.657 rows=100000 loops=1)
               Sort Key: s_3.a, s_3.b, s_3.c, s_3.d
               Presorted Key: s_3.a, s_3.b, s_3.c
               Sort Method: quicksort  Memory: 27kB
               Sort Groups: 3125
               ->  Index Only Scan using s_3_a_b_c_e_d_idx on s_3  (cost=0.56..348313.37 rows=10000054 width=20) (actual time=0.024..12.542 rows=100027 loops=1)
                     Heap Fetches: 0
 Planning time: 0.304 ms
 Execution time: 37.934 ms
(11 rows)

===== 178 [Wed Mar  7 16:20:36 CET 2018] scale:10000000 groups:1000 work_mem:8MB incremental:off max_workers:0 =====
SELECT * FROM s_1 ORDER BY a, b LIMIT 100000
                                                             QUERY PLAN                                                             
------------------------------------------------------------------------------------------------------------------------------------
 Limit  (cost=1045421.04..1045421.04 rows=1 width=20) (actual time=5164.045..5164.045 rows=0 loops=1)
   ->  Limit  (cost=1044171.04..1044421.04 rows=100000 width=20) (actual time=5146.620..5161.222 rows=100000 loops=1)
         ->  Sort  (cost=1044171.04..1069170.89 rows=9999939 width=20) (actual time=5146.619..5155.622 rows=100000 loops=1)
               Sort Key: s_1.a, s_1.b
               Sort Method: external merge  Disk: 293608kB
               ->  Seq Scan on s_1  (cost=0.00..163694.39 rows=9999939 width=20) (actual time=0.026..646.123 rows=10000000 loops=1)
 Planning time: 0.279 ms
 Execution time: 5197.634 ms
(8 rows)

===== 179 [Wed Mar  7 16:21:05 CET 2018] scale:10000000 groups:1000 work_mem:8MB incremental:off max_workers:0 =====
SELECT * FROM s_2 ORDER BY a, b, c LIMIT 100000
                                                             QUERY PLAN                                                              
-------------------------------------------------------------------------------------------------------------------------------------
 Limit  (cost=1045432.32..1045432.32 rows=1 width=20) (actual time=5360.001..5360.001 rows=0 loops=1)
   ->  Limit  (cost=1044182.32..1044432.32 rows=100000 width=20) (actual time=5342.541..5357.178 rows=100000 loops=1)
         ->  Sort  (cost=1044182.32..1069182.45 rows=10000054 width=20) (actual time=5342.540..5351.593 rows=100000 loops=1)
               Sort Key: s_2.a, s_2.b, s_2.c
               Sort Method: external merge  Disk: 293608kB
               ->  Seq Scan on s_2  (cost=0.00..163695.54 rows=10000054 width=20) (actual time=0.031..642.144 rows=10000000 loops=1)
 Planning time: 0.293 ms
 Execution time: 5393.657 ms
(8 rows)

===== 180 [Wed Mar  7 16:21:35 CET 2018] scale:10000000 groups:1000 work_mem:8MB incremental:off max_workers:0 =====
SELECT * FROM s_3 ORDER BY a, b, c, d LIMIT 100000
                                                             QUERY PLAN                                                              
-------------------------------------------------------------------------------------------------------------------------------------
 Limit  (cost=1045432.32..1045432.32 rows=1 width=20) (actual time=4301.816..4301.816 rows=0 loops=1)
   ->  Limit  (cost=1044182.32..1044432.32 rows=100000 width=20) (actual time=4284.267..4298.992 rows=100000 loops=1)
         ->  Sort  (cost=1044182.32..1069182.45 rows=10000054 width=20) (actual time=4284.267..4293.375 rows=100000 loops=1)
               Sort Key: s_3.a, s_3.b, s_3.c, s_3.d
               Sort Method: external merge  Disk: 293608kB
               ->  Seq Scan on s_3  (cost=0.00..163695.54 rows=10000054 width=20) (actual time=0.027..642.991 rows=10000000 loops=1)
 Planning time: 0.291 ms
 Execution time: 4335.370 ms
(8 rows)

===== 181 [Wed Mar  7 16:21:59 CET 2018] scale:10000000 groups:1000 work_mem:16MB incremental:on max_workers:0 =====
SELECT * FROM s_1 ORDER BY a, b LIMIT 100000
                                                                           QUERY PLAN                                                                           
----------------------------------------------------------------------------------------------------------------------------------------------------------------
 Limit  (cost=3853.52..3853.52 rows=1 width=20) (actual time=60.463..60.463 rows=0 loops=1)
   ->  Limit  (cost=1012.17..2853.52 rows=100000 width=20) (actual time=2.462..57.745 rows=100000 loops=1)
         ->  Incremental Sort  (cost=1012.17..185145.78 rows=9999939 width=20) (actual time=2.462..52.283 rows=100000 loops=1)
               Sort Key: s_1.a, s_1.b
               Presorted Key: s_1.a
               Sort Method: quicksort  Memory: 1175kB
               Sort Groups: 11
               ->  Index Only Scan using s_1_a_e_d_c_b_idx on s_1  (cost=0.56..348311.65 rows=9999939 width=20) (actual time=0.031..13.544 rows=104726 loops=1)
                     Heap Fetches: 0
 Planning time: 0.276 ms
 Execution time: 60.501 ms
(11 rows)

===== 182 [Wed Mar  7 16:21:59 CET 2018] scale:10000000 groups:1000 work_mem:16MB incremental:on max_workers:0 =====
SELECT * FROM s_2 ORDER BY a, b, c LIMIT 100000
                                                                           QUERY PLAN                                                                            
-----------------------------------------------------------------------------------------------------------------------------------------------------------------
 Limit  (cost=3002.51..3002.51 rows=1 width=20) (actual time=47.544..47.544 rows=0 loops=1)
   ->  Limit  (cost=1.07..2002.51 rows=100000 width=20) (actual time=0.085..44.821 rows=100000 loops=1)
         ->  Incremental Sort  (cost=1.07..200145.68 rows=10000054 width=20) (actual time=0.085..39.312 rows=100000 loops=1)
               Sort Key: s_2.a, s_2.b, s_2.c
               Presorted Key: s_2.a, s_2.b
               Sort Method: quicksort  Memory: 28kB
               Sort Groups: 2727
               ->  Index Only Scan using s_2_a_b_e_d_c_idx on s_2  (cost=0.56..348313.37 rows=10000054 width=20) (actual time=0.028..12.606 rows=100014 loops=1)
                     Heap Fetches: 0
 Planning time: 0.306 ms
 Execution time: 47.570 ms
(11 rows)

===== 183 [Wed Mar  7 16:21:59 CET 2018] scale:10000000 groups:1000 work_mem:16MB incremental:on max_workers:0 =====
SELECT * FROM s_3 ORDER BY a, b, c, d LIMIT 100000
                                                                           QUERY PLAN                                                                            
-----------------------------------------------------------------------------------------------------------------------------------------------------------------
 Limit  (cost=3002.51..3002.51 rows=1 width=20) (actual time=38.165..38.165 rows=0 loops=1)
   ->  Limit  (cost=1.07..2002.51 rows=100000 width=20) (actual time=0.075..35.441 rows=100000 loops=1)
         ->  Incremental Sort  (cost=1.07..200145.68 rows=10000054 width=20) (actual time=0.075..29.942 rows=100000 loops=1)
               Sort Key: s_3.a, s_3.b, s_3.c, s_3.d
               Presorted Key: s_3.a, s_3.b, s_3.c
               Sort Method: quicksort  Memory: 27kB
               Sort Groups: 3125
               ->  Index Only Scan using s_3_a_b_c_e_d_idx on s_3  (cost=0.56..348313.37 rows=10000054 width=20) (actual time=0.024..12.545 rows=100027 loops=1)
                     Heap Fetches: 0
 Planning time: 0.297 ms
 Execution time: 38.191 ms
(11 rows)

===== 184 [Wed Mar  7 16:22:00 CET 2018] scale:10000000 groups:1000 work_mem:16MB incremental:off max_workers:0 =====
SELECT * FROM s_1 ORDER BY a, b LIMIT 100000
                                                             QUERY PLAN                                                             
------------------------------------------------------------------------------------------------------------------------------------
 Limit  (cost=1045421.04..1045421.04 rows=1 width=20) (actual time=4571.010..4571.010 rows=0 loops=1)
   ->  Limit  (cost=1044171.04..1044421.04 rows=100000 width=20) (actual time=4553.626..4568.181 rows=100000 loops=1)
         ->  Sort  (cost=1044171.04..1069170.89 rows=9999939 width=20) (actual time=4553.625..4562.591 rows=100000 loops=1)
               Sort Key: s_1.a, s_1.b
               Sort Method: external merge  Disk: 293904kB
               ->  Seq Scan on s_1  (cost=0.00..163694.39 rows=9999939 width=20) (actual time=0.023..643.629 rows=10000000 loops=1)
 Planning time: 0.282 ms
 Execution time: 4604.896 ms
(8 rows)

===== 185 [Wed Mar  7 16:22:25 CET 2018] scale:10000000 groups:1000 work_mem:16MB incremental:off max_workers:0 =====
SELECT * FROM s_2 ORDER BY a, b, c LIMIT 100000
                                                             QUERY PLAN                                                              
-------------------------------------------------------------------------------------------------------------------------------------
 Limit  (cost=1045432.32..1045432.32 rows=1 width=20) (actual time=4675.065..4675.065 rows=0 loops=1)
   ->  Limit  (cost=1044182.32..1044432.32 rows=100000 width=20) (actual time=4657.662..4672.244 rows=100000 loops=1)
         ->  Sort  (cost=1044182.32..1069182.45 rows=10000054 width=20) (actual time=4657.661..4666.646 rows=100000 loops=1)
               Sort Key: s_2.a, s_2.b, s_2.c
               Sort Method: external merge  Disk: 293904kB
               ->  Seq Scan on s_2  (cost=0.00..163695.54 rows=10000054 width=20) (actual time=0.027..637.606 rows=10000000 loops=1)
 Planning time: 0.290 ms
 Execution time: 4708.880 ms
(8 rows)

===== 186 [Wed Mar  7 16:22:51 CET 2018] scale:10000000 groups:1000 work_mem:16MB incremental:off max_workers:0 =====
SELECT * FROM s_3 ORDER BY a, b, c, d LIMIT 100000
                                                             QUERY PLAN                                                              
-------------------------------------------------------------------------------------------------------------------------------------
 Limit  (cost=1045432.32..1045432.32 rows=1 width=20) (actual time=3607.268..3607.268 rows=0 loops=1)
   ->  Limit  (cost=1044182.32..1044432.32 rows=100000 width=20) (actual time=3589.768..3604.447 rows=100000 loops=1)
         ->  Sort  (cost=1044182.32..1069182.45 rows=10000054 width=20) (actual time=3589.767..3598.843 rows=100000 loops=1)
               Sort Key: s_3.a, s_3.b, s_3.c, s_3.d
               Sort Method: external merge  Disk: 293904kB
               ->  Seq Scan on s_3  (cost=0.00..163695.54 rows=10000054 width=20) (actual time=0.028..640.222 rows=10000000 loops=1)
 Planning time: 0.294 ms
 Execution time: 3641.279 ms
(8 rows)

===== 187 [Wed Mar  7 16:23:11 CET 2018] scale:10000000 groups:1000 work_mem:32MB incremental:on max_workers:0 =====
SELECT * FROM s_1 ORDER BY a, b LIMIT 100000
                                                                           QUERY PLAN                                                                           
----------------------------------------------------------------------------------------------------------------------------------------------------------------
 Limit  (cost=3853.52..3853.52 rows=1 width=20) (actual time=60.480..60.480 rows=0 loops=1)
   ->  Limit  (cost=1012.17..2853.52 rows=100000 width=20) (actual time=2.465..57.757 rows=100000 loops=1)
         ->  Incremental Sort  (cost=1012.17..185145.78 rows=9999939 width=20) (actual time=2.465..52.304 rows=100000 loops=1)
               Sort Key: s_1.a, s_1.b
               Presorted Key: s_1.a
               Sort Method: quicksort  Memory: 1175kB
               Sort Groups: 11
               ->  Index Only Scan using s_1_a_e_d_c_b_idx on s_1  (cost=0.56..348311.65 rows=9999939 width=20) (actual time=0.031..13.545 rows=104726 loops=1)
                     Heap Fetches: 0
 Planning time: 0.283 ms
 Execution time: 60.518 ms
(11 rows)

===== 188 [Wed Mar  7 16:23:11 CET 2018] scale:10000000 groups:1000 work_mem:32MB incremental:on max_workers:0 =====
SELECT * FROM s_2 ORDER BY a, b, c LIMIT 100000
                                                                           QUERY PLAN                                                                            
-----------------------------------------------------------------------------------------------------------------------------------------------------------------
 Limit  (cost=3002.51..3002.51 rows=1 width=20) (actual time=47.553..47.553 rows=0 loops=1)
   ->  Limit  (cost=1.07..2002.51 rows=100000 width=20) (actual time=0.086..44.807 rows=100000 loops=1)
         ->  Incremental Sort  (cost=1.07..200145.68 rows=10000054 width=20) (actual time=0.086..39.301 rows=100000 loops=1)
               Sort Key: s_2.a, s_2.b, s_2.c
               Presorted Key: s_2.a, s_2.b
               Sort Method: quicksort  Memory: 28kB
               Sort Groups: 2727
               ->  Index Only Scan using s_2_a_b_e_d_c_idx on s_2  (cost=0.56..348313.37 rows=10000054 width=20) (actual time=0.028..12.594 rows=100014 loops=1)
                     Heap Fetches: 0
 Planning time: 0.303 ms
 Execution time: 47.580 ms
(11 rows)

===== 189 [Wed Mar  7 16:23:12 CET 2018] scale:10000000 groups:1000 work_mem:32MB incremental:on max_workers:0 =====
SELECT * FROM s_3 ORDER BY a, b, c, d LIMIT 100000
                                                                           QUERY PLAN                                                                            
-----------------------------------------------------------------------------------------------------------------------------------------------------------------
 Limit  (cost=3002.51..3002.51 rows=1 width=20) (actual time=38.158..38.158 rows=0 loops=1)
   ->  Limit  (cost=1.07..2002.51 rows=100000 width=20) (actual time=0.075..35.428 rows=100000 loops=1)
         ->  Incremental Sort  (cost=1.07..200145.68 rows=10000054 width=20) (actual time=0.075..29.919 rows=100000 loops=1)
               Sort Key: s_3.a, s_3.b, s_3.c, s_3.d
               Presorted Key: s_3.a, s_3.b, s_3.c
               Sort Method: quicksort  Memory: 27kB
               Sort Groups: 3125
               ->  Index Only Scan using s_3_a_b_c_e_d_idx on s_3  (cost=0.56..348313.37 rows=10000054 width=20) (actual time=0.024..12.522 rows=100027 loops=1)
                     Heap Fetches: 0
 Planning time: 0.301 ms
 Execution time: 38.184 ms
(11 rows)

===== 190 [Wed Mar  7 16:23:12 CET 2018] scale:10000000 groups:1000 work_mem:32MB incremental:off max_workers:0 =====
SELECT * FROM s_1 ORDER BY a, b LIMIT 100000
                                                             QUERY PLAN                                                             
------------------------------------------------------------------------------------------------------------------------------------
 Limit  (cost=1045421.04..1045421.04 rows=1 width=20) (actual time=1379.724..1379.724 rows=0 loops=1)
   ->  Limit  (cost=1044171.04..1044421.04 rows=100000 width=20) (actual time=1364.329..1376.959 rows=100000 loops=1)
         ->  Sort  (cost=1044171.04..1069170.89 rows=9999939 width=20) (actual time=1364.328..1371.510 rows=100000 loops=1)
               Sort Key: s_1.a, s_1.b
               Sort Method: top-N heapsort  Memory: 14218kB
               ->  Seq Scan on s_1  (cost=0.00..163694.39 rows=9999939 width=20) (actual time=0.026..620.933 rows=10000000 loops=1)
 Planning time: 0.276 ms
 Execution time: 1380.542 ms
(8 rows)

===== 191 [Wed Mar  7 16:23:18 CET 2018] scale:10000000 groups:1000 work_mem:32MB incremental:off max_workers:0 =====
SELECT * FROM s_2 ORDER BY a, b, c LIMIT 100000
                                                             QUERY PLAN                                                              
-------------------------------------------------------------------------------------------------------------------------------------
 Limit  (cost=1045432.32..1045432.32 rows=1 width=20) (actual time=1376.519..1376.519 rows=0 loops=1)
   ->  Limit  (cost=1044182.32..1044432.32 rows=100000 width=20) (actual time=1363.947..1373.781 rows=100000 loops=1)
         ->  Sort  (cost=1044182.32..1069182.45 rows=10000054 width=20) (actual time=1363.946..1368.333 rows=100000 loops=1)
               Sort Key: s_2.a, s_2.b, s_2.c
               Sort Method: top-N heapsort  Memory: 13957kB
               ->  Seq Scan on s_2  (cost=0.00..163695.54 rows=10000054 width=20) (actual time=0.026..617.626 rows=10000000 loops=1)
 Planning time: 0.291 ms
 Execution time: 1377.332 ms
(8 rows)

===== 192 [Wed Mar  7 16:23:24 CET 2018] scale:10000000 groups:1000 work_mem:32MB incremental:off max_workers:0 =====
SELECT * FROM s_3 ORDER BY a, b, c, d LIMIT 100000
                                                             QUERY PLAN                                                              
-------------------------------------------------------------------------------------------------------------------------------------
 Limit  (cost=1045432.32..1045432.32 rows=1 width=20) (actual time=1385.337..1385.337 rows=0 loops=1)
   ->  Limit  (cost=1044182.32..1044432.32 rows=100000 width=20) (actual time=1373.158..1382.581 rows=100000 loops=1)
         ->  Sort  (cost=1044182.32..1069182.45 rows=10000054 width=20) (actual time=1373.158..1377.135 rows=100000 loops=1)
               Sort Key: s_3.a, s_3.b, s_3.c, s_3.d
               Sort Method: top-N heapsort  Memory: 13957kB
               ->  Seq Scan on s_3  (cost=0.00..163695.54 rows=10000054 width=20) (actual time=0.028..618.287 rows=10000000 loops=1)
 Planning time: 0.296 ms
 Execution time: 1386.156 ms
(8 rows)

===== 193 [Wed Mar  7 16:23:31 CET 2018] scale:10000000 groups:1000 work_mem:64MB incremental:on max_workers:0 =====
SELECT * FROM s_1 ORDER BY a, b LIMIT 100000
                                                                           QUERY PLAN                                                                           
----------------------------------------------------------------------------------------------------------------------------------------------------------------
 Limit  (cost=3853.52..3853.52 rows=1 width=20) (actual time=60.484..60.484 rows=0 loops=1)
   ->  Limit  (cost=1012.17..2853.52 rows=100000 width=20) (actual time=2.465..57.761 rows=100000 loops=1)
         ->  Incremental Sort  (cost=1012.17..185145.78 rows=9999939 width=20) (actual time=2.465..52.299 rows=100000 loops=1)
               Sort Key: s_1.a, s_1.b
               Presorted Key: s_1.a
               Sort Method: quicksort  Memory: 1175kB
               Sort Groups: 11
               ->  Index Only Scan using s_1_a_e_d_c_b_idx on s_1  (cost=0.56..348311.65 rows=9999939 width=20) (actual time=0.030..13.535 rows=104726 loops=1)
                     Heap Fetches: 0
 Planning time: 0.282 ms
 Execution time: 60.531 ms
(11 rows)

===== 194 [Wed Mar  7 16:23:31 CET 2018] scale:10000000 groups:1000 work_mem:64MB incremental:on max_workers:0 =====
SELECT * FROM s_2 ORDER BY a, b, c LIMIT 100000
                                                                           QUERY PLAN                                                                            
-----------------------------------------------------------------------------------------------------------------------------------------------------------------
 Limit  (cost=3002.51..3002.51 rows=1 width=20) (actual time=47.538..47.538 rows=0 loops=1)
   ->  Limit  (cost=1.07..2002.51 rows=100000 width=20) (actual time=0.085..44.811 rows=100000 loops=1)
         ->  Incremental Sort  (cost=1.07..200145.68 rows=10000054 width=20) (actual time=0.085..39.298 rows=100000 loops=1)
               Sort Key: s_2.a, s_2.b, s_2.c
               Presorted Key: s_2.a, s_2.b
               Sort Method: quicksort  Memory: 28kB
               Sort Groups: 2727
               ->  Index Only Scan using s_2_a_b_e_d_c_idx on s_2  (cost=0.56..348313.37 rows=10000054 width=20) (actual time=0.028..12.583 rows=100014 loops=1)
                     Heap Fetches: 0
 Planning time: 0.313 ms
 Execution time: 47.563 ms
(11 rows)

===== 195 [Wed Mar  7 16:23:31 CET 2018] scale:10000000 groups:1000 work_mem:64MB incremental:on max_workers:0 =====
SELECT * FROM s_3 ORDER BY a, b, c, d LIMIT 100000
                                                                           QUERY PLAN                                                                            
-----------------------------------------------------------------------------------------------------------------------------------------------------------------
 Limit  (cost=3002.51..3002.51 rows=1 width=20) (actual time=38.153..38.153 rows=0 loops=1)
   ->  Limit  (cost=1.07..2002.51 rows=100000 width=20) (actual time=0.074..35.429 rows=100000 loops=1)
         ->  Incremental Sort  (cost=1.07..200145.68 rows=10000054 width=20) (actual time=0.074..29.927 rows=100000 loops=1)
               Sort Key: s_3.a, s_3.b, s_3.c, s_3.d
               Presorted Key: s_3.a, s_3.b, s_3.c
               Sort Method: quicksort  Memory: 27kB
               Sort Groups: 3125
               ->  Index Only Scan using s_3_a_b_c_e_d_idx on s_3  (cost=0.56..348313.37 rows=10000054 width=20) (actual time=0.024..12.531 rows=100027 loops=1)
                     Heap Fetches: 0
 Planning time: 0.303 ms
 Execution time: 38.180 ms
(11 rows)

===== 196 [Wed Mar  7 16:23:32 CET 2018] scale:10000000 groups:1000 work_mem:64MB incremental:off max_workers:0 =====
SELECT * FROM s_1 ORDER BY a, b LIMIT 100000
                                                             QUERY PLAN                                                             
------------------------------------------------------------------------------------------------------------------------------------
 Limit  (cost=1045421.04..1045421.04 rows=1 width=20) (actual time=1377.998..1377.998 rows=0 loops=1)
   ->  Limit  (cost=1044171.04..1044421.04 rows=100000 width=20) (actual time=1362.562..1375.232 rows=100000 loops=1)
         ->  Sort  (cost=1044171.04..1069170.89 rows=9999939 width=20) (actual time=1362.562..1369.771 rows=100000 loops=1)
               Sort Key: s_1.a, s_1.b
               Sort Method: top-N heapsort  Memory: 14218kB
               ->  Seq Scan on s_1  (cost=0.00..163694.39 rows=9999939 width=20) (actual time=0.025..619.101 rows=10000000 loops=1)
 Planning time: 0.272 ms
 Execution time: 1378.813 ms
(8 rows)

===== 197 [Wed Mar  7 16:23:38 CET 2018] scale:10000000 groups:1000 work_mem:64MB incremental:off max_workers:0 =====
SELECT * FROM s_2 ORDER BY a, b, c LIMIT 100000
                                                             QUERY PLAN                                                              
-------------------------------------------------------------------------------------------------------------------------------------
 Limit  (cost=1045432.32..1045432.32 rows=1 width=20) (actual time=1376.537..1376.537 rows=0 loops=1)
   ->  Limit  (cost=1044182.32..1044432.32 rows=100000 width=20) (actual time=1363.957..1373.798 rows=100000 loops=1)
         ->  Sort  (cost=1044182.32..1069182.45 rows=10000054 width=20) (actual time=1363.956..1368.350 rows=100000 loops=1)
               Sort Key: s_2.a, s_2.b, s_2.c
               Sort Method: top-N heapsort  Memory: 13957kB
               ->  Seq Scan on s_2  (cost=0.00..163695.54 rows=10000054 width=20) (actual time=0.028..616.796 rows=10000000 loops=1)
 Planning time: 0.294 ms
 Execution time: 1377.351 ms
(8 rows)

===== 198 [Wed Mar  7 16:23:44 CET 2018] scale:10000000 groups:1000 work_mem:64MB incremental:off max_workers:0 =====
SELECT * FROM s_3 ORDER BY a, b, c, d LIMIT 100000
                                                             QUERY PLAN                                                              
-------------------------------------------------------------------------------------------------------------------------------------
 Limit  (cost=1045432.32..1045432.32 rows=1 width=20) (actual time=1386.013..1386.013 rows=0 loops=1)
   ->  Limit  (cost=1044182.32..1044432.32 rows=100000 width=20) (actual time=1373.845..1383.262 rows=100000 loops=1)
         ->  Sort  (cost=1044182.32..1069182.45 rows=10000054 width=20) (actual time=1373.844..1377.824 rows=100000 loops=1)
               Sort Key: s_3.a, s_3.b, s_3.c, s_3.d
               Sort Method: top-N heapsort  Memory: 13957kB
               ->  Seq Scan on s_3  (cost=0.00..163695.54 rows=10000054 width=20) (actual time=0.031..618.489 rows=10000000 loops=1)
 Planning time: 0.296 ms
 Execution time: 1386.829 ms
(8 rows)

===== 199 [Wed Mar  7 16:23:50 CET 2018] scale:10000000 groups:1000 work_mem:128MB incremental:on max_workers:0 =====
SELECT * FROM s_1 ORDER BY a, b LIMIT 100000
                                                                           QUERY PLAN                                                                           
----------------------------------------------------------------------------------------------------------------------------------------------------------------
 Limit  (cost=3853.52..3853.52 rows=1 width=20) (actual time=60.470..60.470 rows=0 loops=1)
   ->  Limit  (cost=1012.17..2853.52 rows=100000 width=20) (actual time=2.460..57.746 rows=100000 loops=1)
         ->  Incremental Sort  (cost=1012.17..185145.78 rows=9999939 width=20) (actual time=2.459..52.283 rows=100000 loops=1)
               Sort Key: s_1.a, s_1.b
               Presorted Key: s_1.a
               Sort Method: quicksort  Memory: 1175kB
               Sort Groups: 11
               ->  Index Only Scan using s_1_a_e_d_c_b_idx on s_1  (cost=0.56..348311.65 rows=9999939 width=20) (actual time=0.030..13.551 rows=104726 loops=1)
                     Heap Fetches: 0
 Planning time: 0.284 ms
 Execution time: 60.508 ms
(11 rows)

===== 200 [Wed Mar  7 16:23:51 CET 2018] scale:10000000 groups:1000 work_mem:128MB incremental:on max_workers:0 =====
SELECT * FROM s_2 ORDER BY a, b, c LIMIT 100000
                                                                           QUERY PLAN                                                                            
-----------------------------------------------------------------------------------------------------------------------------------------------------------------
 Limit  (cost=3002.51..3002.51 rows=1 width=20) (actual time=47.548..47.548 rows=0 loops=1)
   ->  Limit  (cost=1.07..2002.51 rows=100000 width=20) (actual time=0.086..44.827 rows=100000 loops=1)
         ->  Incremental Sort  (cost=1.07..200145.68 rows=10000054 width=20) (actual time=0.086..39.301 rows=100000 loops=1)
               Sort Key: s_2.a, s_2.b, s_2.c
               Presorted Key: s_2.a, s_2.b
               Sort Method: quicksort  Memory: 28kB
               Sort Groups: 2727
               ->  Index Only Scan using s_2_a_b_e_d_c_idx on s_2  (cost=0.56..348313.37 rows=10000054 width=20) (actual time=0.028..12.589 rows=100014 loops=1)
                     Heap Fetches: 0
 Planning time: 0.304 ms
 Execution time: 47.574 ms
(11 rows)

===== 201 [Wed Mar  7 16:23:51 CET 2018] scale:10000000 groups:1000 work_mem:128MB incremental:on max_workers:0 =====
SELECT * FROM s_3 ORDER BY a, b, c, d LIMIT 100000
                                                                           QUERY PLAN                                                                            
-----------------------------------------------------------------------------------------------------------------------------------------------------------------
 Limit  (cost=3002.51..3002.51 rows=1 width=20) (actual time=38.175..38.175 rows=0 loops=1)
   ->  Limit  (cost=1.07..2002.51 rows=100000 width=20) (actual time=0.075..35.441 rows=100000 loops=1)
         ->  Incremental Sort  (cost=1.07..200145.68 rows=10000054 width=20) (actual time=0.075..29.936 rows=100000 loops=1)
               Sort Key: s_3.a, s_3.b, s_3.c, s_3.d
               Presorted Key: s_3.a, s_3.b, s_3.c
               Sort Method: quicksort  Memory: 27kB
               Sort Groups: 3125
               ->  Index Only Scan using s_3_a_b_c_e_d_idx on s_3  (cost=0.56..348313.37 rows=10000054 width=20) (actual time=0.024..12.528 rows=100027 loops=1)
                     Heap Fetches: 0
 Planning time: 0.310 ms
 Execution time: 38.201 ms
(11 rows)

===== 202 [Wed Mar  7 16:23:51 CET 2018] scale:10000000 groups:1000 work_mem:128MB incremental:off max_workers:0 =====
SELECT * FROM s_1 ORDER BY a, b LIMIT 100000
                                                             QUERY PLAN                                                             
------------------------------------------------------------------------------------------------------------------------------------
 Limit  (cost=1045421.04..1045421.04 rows=1 width=20) (actual time=1378.200..1378.200 rows=0 loops=1)
   ->  Limit  (cost=1044171.04..1044421.04 rows=100000 width=20) (actual time=1362.756..1375.434 rows=100000 loops=1)
         ->  Sort  (cost=1044171.04..1069170.89 rows=9999939 width=20) (actual time=1362.755..1369.984 rows=100000 loops=1)
               Sort Key: s_1.a, s_1.b
               Sort Method: top-N heapsort  Memory: 14218kB
               ->  Seq Scan on s_1  (cost=0.00..163694.39 rows=9999939 width=20) (actual time=0.023..618.746 rows=10000000 loops=1)
 Planning time: 0.282 ms
 Execution time: 1379.015 ms
(8 rows)

===== 203 [Wed Mar  7 16:23:58 CET 2018] scale:10000000 groups:1000 work_mem:128MB incremental:off max_workers:0 =====
SELECT * FROM s_2 ORDER BY a, b, c LIMIT 100000
                                                             QUERY PLAN                                                              
-------------------------------------------------------------------------------------------------------------------------------------
 Limit  (cost=1045432.32..1045432.32 rows=1 width=20) (actual time=1378.781..1378.781 rows=0 loops=1)
   ->  Limit  (cost=1044182.32..1044432.32 rows=100000 width=20) (actual time=1366.191..1376.036 rows=100000 loops=1)
         ->  Sort  (cost=1044182.32..1069182.45 rows=10000054 width=20) (actual time=1366.190..1370.585 rows=100000 loops=1)
               Sort Key: s_2.a, s_2.b, s_2.c
               Sort Method: top-N heapsort  Memory: 13957kB
               ->  Seq Scan on s_2  (cost=0.00..163695.54 rows=10000054 width=20) (actual time=0.027..619.475 rows=10000000 loops=1)
 Planning time: 0.295 ms
 Execution time: 1379.599 ms
(8 rows)

===== 204 [Wed Mar  7 16:24:04 CET 2018] scale:10000000 groups:1000 work_mem:128MB incremental:off max_workers:0 =====
SELECT * FROM s_3 ORDER BY a, b, c, d LIMIT 100000
                                                             QUERY PLAN                                                              
-------------------------------------------------------------------------------------------------------------------------------------
 Limit  (cost=1045432.32..1045432.32 rows=1 width=20) (actual time=1384.547..1384.547 rows=0 loops=1)
   ->  Limit  (cost=1044182.32..1044432.32 rows=100000 width=20) (actual time=1372.378..1381.798 rows=100000 loops=1)
         ->  Sort  (cost=1044182.32..1069182.45 rows=10000054 width=20) (actual time=1372.377..1376.353 rows=100000 loops=1)
               Sort Key: s_3.a, s_3.b, s_3.c, s_3.d
               Sort Method: top-N heapsort  Memory: 13957kB
               ->  Seq Scan on s_3  (cost=0.00..163695.54 rows=10000054 width=20) (actual time=0.030..617.319 rows=10000000 loops=1)
 Planning time: 0.286 ms
 Execution time: 1385.361 ms
(8 rows)

===== 205 [Wed Mar  7 16:24:10 CET 2018] scale:10000000 groups:1000 work_mem:256MB incremental:on max_workers:0 =====
SELECT * FROM s_1 ORDER BY a, b LIMIT 100000
                                                                           QUERY PLAN                                                                           
----------------------------------------------------------------------------------------------------------------------------------------------------------------
 Limit  (cost=3853.52..3853.52 rows=1 width=20) (actual time=60.481..60.481 rows=0 loops=1)
   ->  Limit  (cost=1012.17..2853.52 rows=100000 width=20) (actual time=2.466..57.740 rows=100000 loops=1)
         ->  Incremental Sort  (cost=1012.17..185145.78 rows=9999939 width=20) (actual time=2.466..52.277 rows=100000 loops=1)
               Sort Key: s_1.a, s_1.b
               Presorted Key: s_1.a
               Sort Method: quicksort  Memory: 1175kB
               Sort Groups: 11
               ->  Index Only Scan using s_1_a_e_d_c_b_idx on s_1  (cost=0.56..348311.65 rows=9999939 width=20) (actual time=0.031..13.551 rows=104726 loops=1)
                     Heap Fetches: 0
 Planning time: 0.286 ms
 Execution time: 60.519 ms
(11 rows)

===== 206 [Wed Mar  7 16:24:10 CET 2018] scale:10000000 groups:1000 work_mem:256MB incremental:on max_workers:0 =====
SELECT * FROM s_2 ORDER BY a, b, c LIMIT 100000
                                                                           QUERY PLAN                                                                            
-----------------------------------------------------------------------------------------------------------------------------------------------------------------
 Limit  (cost=3002.51..3002.51 rows=1 width=20) (actual time=47.519..47.519 rows=0 loops=1)
   ->  Limit  (cost=1.07..2002.51 rows=100000 width=20) (actual time=0.085..44.788 rows=100000 loops=1)
         ->  Incremental Sort  (cost=1.07..200145.68 rows=10000054 width=20) (actual time=0.085..39.285 rows=100000 loops=1)
               Sort Key: s_2.a, s_2.b, s_2.c
               Presorted Key: s_2.a, s_2.b
               Sort Method: quicksort  Memory: 28kB
               Sort Groups: 2727
               ->  Index Only Scan using s_2_a_b_e_d_c_idx on s_2  (cost=0.56..348313.37 rows=10000054 width=20) (actual time=0.028..12.560 rows=100014 loops=1)
                     Heap Fetches: 0
 Planning time: 0.306 ms
 Execution time: 47.545 ms
(11 rows)

===== 207 [Wed Mar  7 16:24:11 CET 2018] scale:10000000 groups:1000 work_mem:256MB incremental:on max_workers:0 =====
SELECT * FROM s_3 ORDER BY a, b, c, d LIMIT 100000
                                                                           QUERY PLAN                                                                            
-----------------------------------------------------------------------------------------------------------------------------------------------------------------
 Limit  (cost=3002.51..3002.51 rows=1 width=20) (actual time=37.914..37.914 rows=0 loops=1)
   ->  Limit  (cost=1.07..2002.51 rows=100000 width=20) (actual time=0.078..35.177 rows=100000 loops=1)
         ->  Incremental Sort  (cost=1.07..200145.68 rows=10000054 width=20) (actual time=0.078..29.649 rows=100000 loops=1)
               Sort Key: s_3.a, s_3.b, s_3.c, s_3.d
               Presorted Key: s_3.a, s_3.b, s_3.c
               Sort Method: quicksort  Memory: 27kB
               Sort Groups: 3125
               ->  Index Only Scan using s_3_a_b_c_e_d_idx on s_3  (cost=0.56..348313.37 rows=10000054 width=20) (actual time=0.024..12.520 rows=100027 loops=1)
                     Heap Fetches: 0
 Planning time: 0.296 ms
 Execution time: 37.940 ms
(11 rows)

===== 208 [Wed Mar  7 16:24:11 CET 2018] scale:10000000 groups:1000 work_mem:256MB incremental:off max_workers:0 =====
SELECT * FROM s_1 ORDER BY a, b LIMIT 100000
                                                             QUERY PLAN                                                             
------------------------------------------------------------------------------------------------------------------------------------
 Limit  (cost=1045421.04..1045421.04 rows=1 width=20) (actual time=1377.990..1377.990 rows=0 loops=1)
   ->  Limit  (cost=1044171.04..1044421.04 rows=100000 width=20) (actual time=1362.592..1375.211 rows=100000 loops=1)
         ->  Sort  (cost=1044171.04..1069170.89 rows=9999939 width=20) (actual time=1362.591..1369.761 rows=100000 loops=1)
               Sort Key: s_1.a, s_1.b
               Sort Method: top-N heapsort  Memory: 14218kB
               ->  Seq Scan on s_1  (cost=0.00..163694.39 rows=9999939 width=20) (actual time=0.023..619.014 rows=10000000 loops=1)
 Planning time: 0.273 ms
 Execution time: 1378.810 ms
(8 rows)

===== 209 [Wed Mar  7 16:24:17 CET 2018] scale:10000000 groups:1000 work_mem:256MB incremental:off max_workers:0 =====
SELECT * FROM s_2 ORDER BY a, b, c LIMIT 100000
                                                             QUERY PLAN                                                              
-------------------------------------------------------------------------------------------------------------------------------------
 Limit  (cost=1045432.32..1045432.32 rows=1 width=20) (actual time=1378.886..1378.886 rows=0 loops=1)
   ->  Limit  (cost=1044182.32..1044432.32 rows=100000 width=20) (actual time=1366.311..1376.141 rows=100000 loops=1)
         ->  Sort  (cost=1044182.32..1069182.45 rows=10000054 width=20) (actual time=1366.311..1370.701 rows=100000 loops=1)
               Sort Key: s_2.a, s_2.b, s_2.c
               Sort Method: top-N heapsort  Memory: 13957kB
               ->  Seq Scan on s_2  (cost=0.00..163695.54 rows=10000054 width=20) (actual time=0.029..619.594 rows=10000000 loops=1)
 Planning time: 0.297 ms
 Execution time: 1379.704 ms
(8 rows)

===== 210 [Wed Mar  7 16:24:23 CET 2018] scale:10000000 groups:1000 work_mem:256MB incremental:off max_workers:0 =====
SELECT * FROM s_3 ORDER BY a, b, c, d LIMIT 100000
                                                             QUERY PLAN                                                              
-------------------------------------------------------------------------------------------------------------------------------------
 Limit  (cost=1045432.32..1045432.32 rows=1 width=20) (actual time=1385.014..1385.014 rows=0 loops=1)
   ->  Limit  (cost=1044182.32..1044432.32 rows=100000 width=20) (actual time=1372.856..1382.269 rows=100000 loops=1)
         ->  Sort  (cost=1044182.32..1069182.45 rows=10000054 width=20) (actual time=1372.856..1376.818 rows=100000 loops=1)
               Sort Key: s_3.a, s_3.b, s_3.c, s_3.d
               Sort Method: top-N heapsort  Memory: 13957kB
               ->  Seq Scan on s_3  (cost=0.00..163695.54 rows=10000054 width=20) (actual time=0.032..617.619 rows=10000000 loops=1)
 Planning time: 0.290 ms
 Execution time: 1385.828 ms
(8 rows)

===== 211 [Wed Mar  7 16:24:30 CET 2018] scale:10000000 groups:1000 work_mem:4MB incremental:on max_workers:2 =====
SELECT * FROM s_1 ORDER BY a, b LIMIT 100000
                                                                           QUERY PLAN                                                                           
----------------------------------------------------------------------------------------------------------------------------------------------------------------
 Limit  (cost=3853.52..3853.52 rows=1 width=20) (actual time=60.440..60.440 rows=0 loops=1)
   ->  Limit  (cost=1012.17..2853.52 rows=100000 width=20) (actual time=2.463..57.729 rows=100000 loops=1)
         ->  Incremental Sort  (cost=1012.17..185145.78 rows=9999939 width=20) (actual time=2.462..52.257 rows=100000 loops=1)
               Sort Key: s_1.a, s_1.b
               Presorted Key: s_1.a
               Sort Method: quicksort  Memory: 1175kB
               Sort Groups: 11
               ->  Index Only Scan using s_1_a_e_d_c_b_idx on s_1  (cost=0.56..348311.65 rows=9999939 width=20) (actual time=0.030..13.548 rows=104726 loops=1)
                     Heap Fetches: 0
 Planning time: 0.283 ms
 Execution time: 60.478 ms
(11 rows)

===== 212 [Wed Mar  7 16:24:30 CET 2018] scale:10000000 groups:1000 work_mem:4MB incremental:on max_workers:2 =====
SELECT * FROM s_2 ORDER BY a, b, c LIMIT 100000
                                                                           QUERY PLAN                                                                            
-----------------------------------------------------------------------------------------------------------------------------------------------------------------
 Limit  (cost=3002.51..3002.51 rows=1 width=20) (actual time=47.563..47.563 rows=0 loops=1)
   ->  Limit  (cost=1.07..2002.51 rows=100000 width=20) (actual time=0.088..44.842 rows=100000 loops=1)
         ->  Incremental Sort  (cost=1.07..200145.68 rows=10000054 width=20) (actual time=0.088..39.324 rows=100000 loops=1)
               Sort Key: s_2.a, s_2.b, s_2.c
               Presorted Key: s_2.a, s_2.b
               Sort Method: quicksort  Memory: 28kB
               Sort Groups: 2727
               ->  Index Only Scan using s_2_a_b_e_d_c_idx on s_2  (cost=0.56..348313.37 rows=10000054 width=20) (actual time=0.029..12.603 rows=100014 loops=1)
                     Heap Fetches: 0
 Planning time: 0.311 ms
 Execution time: 47.593 ms
(11 rows)

===== 213 [Wed Mar  7 16:24:30 CET 2018] scale:10000000 groups:1000 work_mem:4MB incremental:on max_workers:2 =====
SELECT * FROM s_3 ORDER BY a, b, c, d LIMIT 100000
                                                                           QUERY PLAN                                                                            
-----------------------------------------------------------------------------------------------------------------------------------------------------------------
 Limit  (cost=3002.51..3002.51 rows=1 width=20) (actual time=38.153..38.153 rows=0 loops=1)
   ->  Limit  (cost=1.07..2002.51 rows=100000 width=20) (actual time=0.075..35.424 rows=100000 loops=1)
         ->  Incremental Sort  (cost=1.07..200145.68 rows=10000054 width=20) (actual time=0.075..29.927 rows=100000 loops=1)
               Sort Key: s_3.a, s_3.b, s_3.c, s_3.d
               Presorted Key: s_3.a, s_3.b, s_3.c
               Sort Method: quicksort  Memory: 27kB
               Sort Groups: 3125
               ->  Index Only Scan using s_3_a_b_c_e_d_idx on s_3  (cost=0.56..348313.37 rows=10000054 width=20) (actual time=0.024..12.536 rows=100027 loops=1)
                     Heap Fetches: 0
 Planning time: 0.300 ms
 Execution time: 38.178 ms
(11 rows)

===== 214 [Wed Mar  7 16:24:31 CET 2018] scale:10000000 groups:1000 work_mem:4MB incremental:off max_workers:2 =====
SELECT * FROM s_1 ORDER BY a, b LIMIT 100000
                                                                    QUERY PLAN                                                                    
--------------------------------------------------------------------------------------------------------------------------------------------------
 Limit  (cost=748058.54..748058.54 rows=1 width=20) (actual time=1881.034..1881.034 rows=0 loops=1)
   ->  Limit  (cost=735391.06..747058.54 rows=100000 width=20) (actual time=1853.415..1878.235 rows=100000 loops=1)
         ->  Gather Merge  (cost=735391.06..1707675.17 rows=8333282 width=20) (actual time=1853.415..1872.569 rows=100000 loops=1)
               Workers Planned: 2
               Workers Launched: 2
               ->  Sort  (cost=734391.04..744807.64 rows=4166641 width=20) (actual time=1850.670..1853.814 rows=33966 loops=3)
                     Sort Key: s_1.a, s_1.b
                     Sort Method: external merge  Disk: 98128kB
                     Worker 0:  Sort Method: external merge  Disk: 97736kB
                     Worker 1:  Sort Method: external merge  Disk: 97744kB
                     ->  Parallel Seq Scan on s_1  (cost=0.00..105361.41 rows=4166641 width=20) (actual time=0.022..228.429 rows=3333333 loops=3)
 Planning time: 0.297 ms
 Execution time: 1905.196 ms
(13 rows)

===== 215 [Wed Mar  7 16:24:41 CET 2018] scale:10000000 groups:1000 work_mem:4MB incremental:off max_workers:2 =====
SELECT * FROM s_2 ORDER BY a, b, c LIMIT 100000
                                                                    QUERY PLAN                                                                    
--------------------------------------------------------------------------------------------------------------------------------------------------
 Limit  (cost=748071.64..748071.64 rows=1 width=20) (actual time=1872.254..1872.254 rows=0 loops=1)
   ->  Limit  (cost=735404.16..747071.64 rows=100000 width=20) (actual time=1845.673..1869.451 rows=100000 loops=1)
         ->  Gather Merge  (cost=735404.16..1707699.48 rows=8333378 width=20) (actual time=1845.672..1863.824 rows=100000 loops=1)
               Workers Planned: 2
               Workers Launched: 2
               ->  Sort  (cost=734404.14..744820.86 rows=4166689 width=20) (actual time=1838.276..1841.436 rows=33959 loops=3)
                     Sort Key: s_2.a, s_2.b, s_2.c
                     Sort Method: external merge  Disk: 98112kB
                     Worker 0:  Sort Method: external merge  Disk: 97744kB
                     Worker 1:  Sort Method: external merge  Disk: 97744kB
                     ->  Parallel Seq Scan on s_2  (cost=0.00..105361.89 rows=4166689 width=20) (actual time=0.024..227.737 rows=3333333 loops=3)
 Planning time: 0.316 ms
 Execution time: 1896.688 ms
(13 rows)

===== 216 [Wed Mar  7 16:24:52 CET 2018] scale:10000000 groups:1000 work_mem:4MB incremental:off max_workers:2 =====
SELECT * FROM s_3 ORDER BY a, b, c, d LIMIT 100000
                                                                    QUERY PLAN                                                                    
--------------------------------------------------------------------------------------------------------------------------------------------------
 Limit  (cost=748071.64..748071.64 rows=1 width=20) (actual time=1516.776..1516.776 rows=0 loops=1)
   ->  Limit  (cost=735404.16..747071.64 rows=100000 width=20) (actual time=1490.328..1513.974 rows=100000 loops=1)
         ->  Gather Merge  (cost=735404.16..1707699.48 rows=8333378 width=20) (actual time=1490.327..1508.348 rows=100000 loops=1)
               Workers Planned: 2
               Workers Launched: 2
               ->  Sort  (cost=734404.14..744820.86 rows=4166689 width=20) (actual time=1484.514..1487.652 rows=33959 loops=3)
                     Sort Key: s_3.a, s_3.b, s_3.c, s_3.d
                     Sort Method: external merge  Disk: 97744kB
                     Worker 0:  Sort Method: external merge  Disk: 97744kB
                     Worker 1:  Sort Method: external merge  Disk: 98112kB
                     ->  Parallel Seq Scan on s_3  (cost=0.00..105361.89 rows=4166689 width=20) (actual time=0.023..232.550 rows=3333333 loops=3)
 Planning time: 0.307 ms
 Execution time: 1541.130 ms
(13 rows)

===== 217 [Wed Mar  7 16:25:01 CET 2018] scale:10000000 groups:1000 work_mem:8MB incremental:on max_workers:2 =====
SELECT * FROM s_1 ORDER BY a, b LIMIT 100000
                                                                           QUERY PLAN                                                                           
----------------------------------------------------------------------------------------------------------------------------------------------------------------
 Limit  (cost=3853.52..3853.52 rows=1 width=20) (actual time=60.474..60.474 rows=0 loops=1)
   ->  Limit  (cost=1012.17..2853.52 rows=100000 width=20) (actual time=2.472..57.757 rows=100000 loops=1)
         ->  Incremental Sort  (cost=1012.17..185145.78 rows=9999939 width=20) (actual time=2.472..52.302 rows=100000 loops=1)
               Sort Key: s_1.a, s_1.b
               Presorted Key: s_1.a
               Sort Method: quicksort  Memory: 1175kB
               Sort Groups: 11
               ->  Index Only Scan using s_1_a_e_d_c_b_idx on s_1  (cost=0.56..348311.65 rows=9999939 width=20) (actual time=0.031..13.551 rows=104726 loops=1)
                     Heap Fetches: 0
 Planning time: 0.284 ms
 Execution time: 60.512 ms
(11 rows)

===== 218 [Wed Mar  7 16:25:01 CET 2018] scale:10000000 groups:1000 work_mem:8MB incremental:on max_workers:2 =====
SELECT * FROM s_2 ORDER BY a, b, c LIMIT 100000
                                                                           QUERY PLAN                                                                            
-----------------------------------------------------------------------------------------------------------------------------------------------------------------
 Limit  (cost=3002.51..3002.51 rows=1 width=20) (actual time=47.555..47.555 rows=0 loops=1)
   ->  Limit  (cost=1.07..2002.51 rows=100000 width=20) (actual time=0.086..44.816 rows=100000 loops=1)
         ->  Incremental Sort  (cost=1.07..200145.68 rows=10000054 width=20) (actual time=0.086..39.315 rows=100000 loops=1)
               Sort Key: s_2.a, s_2.b, s_2.c
               Presorted Key: s_2.a, s_2.b
               Sort Method: quicksort  Memory: 28kB
               Sort Groups: 2727
               ->  Index Only Scan using s_2_a_b_e_d_c_idx on s_2  (cost=0.56..348313.37 rows=10000054 width=20) (actual time=0.028..12.604 rows=100014 loops=1)
                     Heap Fetches: 0
 Planning time: 0.309 ms
 Execution time: 47.586 ms
(11 rows)

===== 219 [Wed Mar  7 16:25:01 CET 2018] scale:10000000 groups:1000 work_mem:8MB incremental:on max_workers:2 =====
SELECT * FROM s_3 ORDER BY a, b, c, d LIMIT 100000
                                                                           QUERY PLAN                                                                            
-----------------------------------------------------------------------------------------------------------------------------------------------------------------
 Limit  (cost=3002.51..3002.51 rows=1 width=20) (actual time=38.158..38.158 rows=0 loops=1)
   ->  Limit  (cost=1.07..2002.51 rows=100000 width=20) (actual time=0.077..35.429 rows=100000 loops=1)
         ->  Incremental Sort  (cost=1.07..200145.68 rows=10000054 width=20) (actual time=0.076..29.925 rows=100000 loops=1)
               Sort Key: s_3.a, s_3.b, s_3.c, s_3.d
               Presorted Key: s_3.a, s_3.b, s_3.c
               Sort Method: quicksort  Memory: 27kB
               Sort Groups: 3125
               ->  Index Only Scan using s_3_a_b_c_e_d_idx on s_3  (cost=0.56..348313.37 rows=10000054 width=20) (actual time=0.024..12.527 rows=100027 loops=1)
                     Heap Fetches: 0
 Planning time: 0.306 ms
 Execution time: 38.184 ms
(11 rows)

===== 220 [Wed Mar  7 16:25:01 CET 2018] scale:10000000 groups:1000 work_mem:8MB incremental:off max_workers:2 =====
SELECT * FROM s_1 ORDER BY a, b LIMIT 100000
                                                                    QUERY PLAN                                                                    
--------------------------------------------------------------------------------------------------------------------------------------------------
 Limit  (cost=485894.17..485894.17 rows=1 width=20) (actual time=1682.816..1682.816 rows=0 loops=1)
   ->  Limit  (cost=473226.69..484894.17 rows=100000 width=20) (actual time=1655.094..1680.019 rows=100000 loops=1)
         ->  Gather Merge  (cost=473226.69..1445510.80 rows=8333282 width=20) (actual time=1655.094..1674.370 rows=100000 loops=1)
               Workers Planned: 2
               Workers Launched: 2
               ->  Sort  (cost=472226.66..482643.26 rows=4166641 width=20) (actual time=1648.409..1651.559 rows=33982 loops=3)
                     Sort Key: s_1.a, s_1.b
                     Sort Method: external merge  Disk: 98640kB
                     Worker 0:  Sort Method: external merge  Disk: 97792kB
                     Worker 1:  Sort Method: external merge  Disk: 97176kB
                     ->  Parallel Seq Scan on s_1  (cost=0.00..105361.41 rows=4166641 width=20) (actual time=0.024..227.794 rows=3333333 loops=3)
 Planning time: 0.301 ms
 Execution time: 1707.446 ms
(13 rows)

===== 221 [Wed Mar  7 16:25:11 CET 2018] scale:10000000 groups:1000 work_mem:8MB incremental:off max_workers:2 =====
SELECT * FROM s_2 ORDER BY a, b, c LIMIT 100000
                                                                    QUERY PLAN                                                                    
--------------------------------------------------------------------------------------------------------------------------------------------------
 Limit  (cost=485898.87..485898.87 rows=1 width=20) (actual time=1655.370..1655.370 rows=0 loops=1)
   ->  Limit  (cost=473231.39..484898.87 rows=100000 width=20) (actual time=1628.701..1652.570 rows=100000 loops=1)
         ->  Gather Merge  (cost=473231.39..1445526.71 rows=8333378 width=20) (actual time=1628.700..1646.941 rows=100000 loops=1)
               Workers Planned: 2
               Workers Launched: 2
               ->  Sort  (cost=472231.37..482648.09 rows=4166689 width=20) (actual time=1623.006..1626.160 rows=33992 loops=3)
                     Sort Key: s_2.a, s_2.b, s_2.c
                     Sort Method: external merge  Disk: 98024kB
                     Worker 0:  Sort Method: external merge  Disk: 97792kB
                     Worker 1:  Sort Method: external merge  Disk: 97792kB
                     ->  Parallel Seq Scan on s_2  (cost=0.00..105361.89 rows=4166689 width=20) (actual time=0.024..230.895 rows=3333333 loops=3)
 Planning time: 0.314 ms
 Execution time: 1680.349 ms
(13 rows)

===== 222 [Wed Mar  7 16:25:20 CET 2018] scale:10000000 groups:1000 work_mem:8MB incremental:off max_workers:2 =====
SELECT * FROM s_3 ORDER BY a, b, c, d LIMIT 100000
                                                                    QUERY PLAN                                                                    
--------------------------------------------------------------------------------------------------------------------------------------------------
 Limit  (cost=485898.87..485898.87 rows=1 width=20) (actual time=1299.927..1299.927 rows=0 loops=1)
   ->  Limit  (cost=473231.39..484898.87 rows=100000 width=20) (actual time=1273.409..1297.126 rows=100000 loops=1)
         ->  Gather Merge  (cost=473231.39..1445526.71 rows=8333378 width=20) (actual time=1273.408..1291.498 rows=100000 loops=1)
               Workers Planned: 2
               Workers Launched: 2
               ->  Sort  (cost=472231.37..482648.09 rows=4166689 width=20) (actual time=1266.746..1269.883 rows=33992 loops=3)
                     Sort Key: s_3.a, s_3.b, s_3.c, s_3.d
                     Sort Method: external merge  Disk: 97792kB
                     Worker 0:  Sort Method: external merge  Disk: 97792kB
                     Worker 1:  Sort Method: external merge  Disk: 98024kB
                     ->  Parallel Seq Scan on s_3  (cost=0.00..105361.89 rows=4166689 width=20) (actual time=0.024..233.969 rows=3333333 loops=3)
 Planning time: 0.303 ms
 Execution time: 1324.856 ms
(13 rows)

===== 223 [Wed Mar  7 16:25:28 CET 2018] scale:10000000 groups:1000 work_mem:16MB incremental:on max_workers:2 =====
SELECT * FROM s_1 ORDER BY a, b LIMIT 100000
                                                                           QUERY PLAN                                                                           
----------------------------------------------------------------------------------------------------------------------------------------------------------------
 Limit  (cost=3853.52..3853.52 rows=1 width=20) (actual time=60.505..60.505 rows=0 loops=1)
   ->  Limit  (cost=1012.17..2853.52 rows=100000 width=20) (actual time=2.465..57.787 rows=100000 loops=1)
         ->  Incremental Sort  (cost=1012.17..185145.78 rows=9999939 width=20) (actual time=2.465..52.325 rows=100000 loops=1)
               Sort Key: s_1.a, s_1.b
               Presorted Key: s_1.a
               Sort Method: quicksort  Memory: 1175kB
               Sort Groups: 11
               ->  Index Only Scan using s_1_a_e_d_c_b_idx on s_1  (cost=0.56..348311.65 rows=9999939 width=20) (actual time=0.030..13.559 rows=104726 loops=1)
                     Heap Fetches: 0
 Planning time: 0.288 ms
 Execution time: 60.543 ms
(11 rows)

===== 224 [Wed Mar  7 16:25:28 CET 2018] scale:10000000 groups:1000 work_mem:16MB incremental:on max_workers:2 =====
SELECT * FROM s_2 ORDER BY a, b, c LIMIT 100000
                                                                           QUERY PLAN                                                                            
-----------------------------------------------------------------------------------------------------------------------------------------------------------------
 Limit  (cost=3002.51..3002.51 rows=1 width=20) (actual time=47.557..47.557 rows=0 loops=1)
   ->  Limit  (cost=1.07..2002.51 rows=100000 width=20) (actual time=0.086..44.832 rows=100000 loops=1)
         ->  Incremental Sort  (cost=1.07..200145.68 rows=10000054 width=20) (actual time=0.086..39.313 rows=100000 loops=1)
               Sort Key: s_2.a, s_2.b, s_2.c
               Presorted Key: s_2.a, s_2.b
               Sort Method: quicksort  Memory: 28kB
               Sort Groups: 2727
               ->  Index Only Scan using s_2_a_b_e_d_c_idx on s_2  (cost=0.56..348313.37 rows=10000054 width=20) (actual time=0.028..12.600 rows=100014 loops=1)
                     Heap Fetches: 0
 Planning time: 0.303 ms
 Execution time: 47.589 ms
(11 rows)

===== 225 [Wed Mar  7 16:25:28 CET 2018] scale:10000000 groups:1000 work_mem:16MB incremental:on max_workers:2 =====
SELECT * FROM s_3 ORDER BY a, b, c, d LIMIT 100000
                                                                           QUERY PLAN                                                                            
-----------------------------------------------------------------------------------------------------------------------------------------------------------------
 Limit  (cost=3002.51..3002.51 rows=1 width=20) (actual time=38.159..38.159 rows=0 loops=1)
   ->  Limit  (cost=1.07..2002.51 rows=100000 width=20) (actual time=0.075..35.431 rows=100000 loops=1)
         ->  Incremental Sort  (cost=1.07..200145.68 rows=10000054 width=20) (actual time=0.074..29.937 rows=100000 loops=1)
               Sort Key: s_3.a, s_3.b, s_3.c, s_3.d
               Presorted Key: s_3.a, s_3.b, s_3.c
               Sort Method: quicksort  Memory: 27kB
               Sort Groups: 3125
               ->  Index Only Scan using s_3_a_b_c_e_d_idx on s_3  (cost=0.56..348313.37 rows=10000054 width=20) (actual time=0.024..12.523 rows=100027 loops=1)
                     Heap Fetches: 0
 Planning time: 0.303 ms
 Execution time: 38.186 ms
(11 rows)

===== 226 [Wed Mar  7 16:25:29 CET 2018] scale:10000000 groups:1000 work_mem:16MB incremental:off max_workers:2 =====
SELECT * FROM s_1 ORDER BY a, b LIMIT 100000
                                                                    QUERY PLAN                                                                    
--------------------------------------------------------------------------------------------------------------------------------------------------
 Limit  (cost=485894.17..485894.17 rows=1 width=20) (actual time=1643.464..1643.464 rows=0 loops=1)
   ->  Limit  (cost=473226.69..484894.17 rows=100000 width=20) (actual time=1615.791..1640.672 rows=100000 loops=1)
         ->  Gather Merge  (cost=473226.69..1445510.80 rows=8333282 width=20) (actual time=1615.791..1635.018 rows=100000 loops=1)
               Workers Planned: 2
               Workers Launched: 2
               ->  Sort  (cost=472226.66..482643.26 rows=4166641 width=20) (actual time=1602.348..1605.482 rows=33999 loops=3)
                     Sort Key: s_1.a, s_1.b
                     Sort Method: external merge  Disk: 100336kB
                     Worker 0:  Sort Method: external merge  Disk: 97104kB
                     Worker 1:  Sort Method: external merge  Disk: 96480kB
                     ->  Parallel Seq Scan on s_1  (cost=0.00..105361.41 rows=4166641 width=20) (actual time=0.022..229.244 rows=3333333 loops=3)
 Planning time: 0.289 ms
 Execution time: 1669.034 ms
(13 rows)

===== 227 [Wed Mar  7 16:25:38 CET 2018] scale:10000000 groups:1000 work_mem:16MB incremental:off max_workers:2 =====
SELECT * FROM s_2 ORDER BY a, b, c LIMIT 100000
                                                                    QUERY PLAN                                                                    
--------------------------------------------------------------------------------------------------------------------------------------------------
 Limit  (cost=485898.87..485898.87 rows=1 width=20) (actual time=1603.180..1603.180 rows=0 loops=1)
   ->  Limit  (cost=473231.39..484898.87 rows=100000 width=20) (actual time=1576.587..1600.368 rows=100000 loops=1)
         ->  Gather Merge  (cost=473231.39..1445526.71 rows=8333378 width=20) (actual time=1576.587..1594.751 rows=100000 loops=1)
               Workers Planned: 2
               Workers Launched: 2
               ->  Sort  (cost=472231.37..482648.09 rows=4166689 width=20) (actual time=1558.457..1561.582 rows=34021 loops=3)
                     Sort Key: s_2.a, s_2.b, s_2.c
                     Sort Method: external merge  Disk: 99448kB
                     Worker 0:  Sort Method: external merge  Disk: 96792kB
                     Worker 1:  Sort Method: external merge  Disk: 97672kB
                     ->  Parallel Seq Scan on s_2  (cost=0.00..105361.89 rows=4166689 width=20) (actual time=0.029..230.907 rows=3333333 loops=3)
 Planning time: 0.310 ms
 Execution time: 1628.865 ms
(13 rows)

===== 228 [Wed Mar  7 16:25:47 CET 2018] scale:10000000 groups:1000 work_mem:16MB incremental:off max_workers:2 =====
SELECT * FROM s_3 ORDER BY a, b, c, d LIMIT 100000
                                                                    QUERY PLAN                                                                    
--------------------------------------------------------------------------------------------------------------------------------------------------
 Limit  (cost=485898.87..485898.87 rows=1 width=20) (actual time=1237.564..1237.564 rows=0 loops=1)
   ->  Limit  (cost=473231.39..484898.87 rows=100000 width=20) (actual time=1211.086..1234.759 rows=100000 loops=1)
         ->  Gather Merge  (cost=473231.39..1445526.71 rows=8333378 width=20) (actual time=1211.085..1229.140 rows=100000 loops=1)
               Workers Planned: 2
               Workers Launched: 2
               ->  Sort  (cost=472231.37..482648.09 rows=4166689 width=20) (actual time=1204.942..1208.074 rows=33969 loops=3)
                     Sort Key: s_3.a, s_3.b, s_3.c, s_3.d
                     Sort Method: external merge  Disk: 97000kB
                     Worker 0:  Sort Method: external merge  Disk: 98560kB
                     Worker 1:  Sort Method: external merge  Disk: 98360kB
                     ->  Parallel Seq Scan on s_3  (cost=0.00..105361.89 rows=4166689 width=20) (actual time=0.026..232.880 rows=3333333 loops=3)
 Planning time: 0.306 ms
 Execution time: 1263.402 ms
(13 rows)

===== 229 [Wed Mar  7 16:25:54 CET 2018] scale:10000000 groups:1000 work_mem:32MB incremental:on max_workers:2 =====
SELECT * FROM s_1 ORDER BY a, b LIMIT 100000
                                                                           QUERY PLAN                                                                           
----------------------------------------------------------------------------------------------------------------------------------------------------------------
 Limit  (cost=3853.52..3853.52 rows=1 width=20) (actual time=60.498..60.498 rows=0 loops=1)
   ->  Limit  (cost=1012.17..2853.52 rows=100000 width=20) (actual time=2.469..57.768 rows=100000 loops=1)
         ->  Incremental Sort  (cost=1012.17..185145.78 rows=9999939 width=20) (actual time=2.468..52.316 rows=100000 loops=1)
               Sort Key: s_1.a, s_1.b
               Presorted Key: s_1.a
               Sort Method: quicksort  Memory: 1175kB
               Sort Groups: 11
               ->  Index Only Scan using s_1_a_e_d_c_b_idx on s_1  (cost=0.56..348311.65 rows=9999939 width=20) (actual time=0.031..13.587 rows=104726 loops=1)
                     Heap Fetches: 0
 Planning time: 0.290 ms
 Execution time: 60.536 ms
(11 rows)

===== 230 [Wed Mar  7 16:25:54 CET 2018] scale:10000000 groups:1000 work_mem:32MB incremental:on max_workers:2 =====
SELECT * FROM s_2 ORDER BY a, b, c LIMIT 100000
                                                                           QUERY PLAN                                                                            
-----------------------------------------------------------------------------------------------------------------------------------------------------------------
 Limit  (cost=3002.51..3002.51 rows=1 width=20) (actual time=47.554..47.554 rows=0 loops=1)
   ->  Limit  (cost=1.07..2002.51 rows=100000 width=20) (actual time=0.085..44.826 rows=100000 loops=1)
         ->  Incremental Sort  (cost=1.07..200145.68 rows=10000054 width=20) (actual time=0.085..39.320 rows=100000 loops=1)
               Sort Key: s_2.a, s_2.b, s_2.c
               Presorted Key: s_2.a, s_2.b
               Sort Method: quicksort  Memory: 28kB
               Sort Groups: 2727
               ->  Index Only Scan using s_2_a_b_e_d_c_idx on s_2  (cost=0.56..348313.37 rows=10000054 width=20) (actual time=0.028..12.604 rows=100014 loops=1)
                     Heap Fetches: 0
 Planning time: 0.305 ms
 Execution time: 47.584 ms
(11 rows)

===== 231 [Wed Mar  7 16:25:54 CET 2018] scale:10000000 groups:1000 work_mem:32MB incremental:on max_workers:2 =====
SELECT * FROM s_3 ORDER BY a, b, c, d LIMIT 100000
                                                                           QUERY PLAN                                                                            
-----------------------------------------------------------------------------------------------------------------------------------------------------------------
 Limit  (cost=3002.51..3002.51 rows=1 width=20) (actual time=38.149..38.149 rows=0 loops=1)
   ->  Limit  (cost=1.07..2002.51 rows=100000 width=20) (actual time=0.077..35.421 rows=100000 loops=1)
         ->  Incremental Sort  (cost=1.07..200145.68 rows=10000054 width=20) (actual time=0.077..29.910 rows=100000 loops=1)
               Sort Key: s_3.a, s_3.b, s_3.c, s_3.d
               Presorted Key: s_3.a, s_3.b, s_3.c
               Sort Method: quicksort  Memory: 27kB
               Sort Groups: 3125
               ->  Index Only Scan using s_3_a_b_c_e_d_idx on s_3  (cost=0.56..348313.37 rows=10000054 width=20) (actual time=0.024..12.525 rows=100027 loops=1)
                     Heap Fetches: 0
 Planning time: 0.311 ms
 Execution time: 38.175 ms
(11 rows)

===== 232 [Wed Mar  7 16:25:55 CET 2018] scale:10000000 groups:1000 work_mem:32MB incremental:off max_workers:2 =====
SELECT * FROM s_1 ORDER BY a, b LIMIT 100000
                                                                    QUERY PLAN                                                                    
--------------------------------------------------------------------------------------------------------------------------------------------------
 Limit  (cost=485894.17..485894.17 rows=1 width=20) (actual time=536.564..536.564 rows=0 loops=1)
   ->  Limit  (cost=473226.69..484894.17 rows=100000 width=20) (actual time=509.217..533.779 rows=100000 loops=1)
         ->  Gather Merge  (cost=473226.69..1445510.80 rows=8333282 width=20) (actual time=509.217..528.131 rows=100000 loops=1)
               Workers Planned: 2
               Workers Launched: 2
               ->  Sort  (cost=472226.66..482643.26 rows=4166641 width=20) (actual time=507.333..509.798 rows=33998 loops=3)
                     Sort Key: s_1.a, s_1.b
                     Sort Method: top-N heapsort  Memory: 13970kB
                     Worker 0:  Sort Method: top-N heapsort  Memory: 14013kB
                     Worker 1:  Sort Method: top-N heapsort  Memory: 13981kB
                     ->  Parallel Seq Scan on s_1  (cost=0.00..105361.41 rows=4166641 width=20) (actual time=0.021..220.109 rows=3333333 loops=3)
 Planning time: 0.290 ms
 Execution time: 540.146 ms
(13 rows)

===== 233 [Wed Mar  7 16:25:57 CET 2018] scale:10000000 groups:1000 work_mem:32MB incremental:off max_workers:2 =====
SELECT * FROM s_2 ORDER BY a, b, c LIMIT 100000
                                                                    QUERY PLAN                                                                    
--------------------------------------------------------------------------------------------------------------------------------------------------
 Limit  (cost=485898.87..485898.87 rows=1 width=20) (actual time=540.797..540.797 rows=0 loops=1)
   ->  Limit  (cost=473231.39..484898.87 rows=100000 width=20) (actual time=516.084..537.981 rows=100000 loops=1)
         ->  Gather Merge  (cost=473231.39..1445526.71 rows=8333378 width=20) (actual time=516.084..532.373 rows=100000 loops=1)
               Workers Planned: 2
               Workers Launched: 2
               ->  Sort  (cost=472231.37..482648.09 rows=4166689 width=20) (actual time=514.143..515.761 rows=34036 loops=3)
                     Sort Key: s_2.a, s_2.b, s_2.c
                     Sort Method: top-N heapsort  Memory: 13957kB
                     Worker 0:  Sort Method: top-N heapsort  Memory: 13957kB
                     Worker 1:  Sort Method: top-N heapsort  Memory: 13957kB
                     ->  Parallel Seq Scan on s_2  (cost=0.00..105361.89 rows=4166689 width=20) (actual time=0.026..219.324 rows=3333333 loops=3)
 Planning time: 0.310 ms
 Execution time: 544.167 ms
(13 rows)

===== 234 [Wed Mar  7 16:26:00 CET 2018] scale:10000000 groups:1000 work_mem:32MB incremental:off max_workers:2 =====
SELECT * FROM s_3 ORDER BY a, b, c, d LIMIT 100000
                                                                    QUERY PLAN                                                                    
--------------------------------------------------------------------------------------------------------------------------------------------------
 Limit  (cost=485898.87..485898.87 rows=1 width=20) (actual time=548.896..548.896 rows=0 loops=1)
   ->  Limit  (cost=473231.39..484898.87 rows=100000 width=20) (actual time=524.369..546.092 rows=100000 loops=1)
         ->  Gather Merge  (cost=473231.39..1445526.71 rows=8333378 width=20) (actual time=524.369..540.478 rows=100000 loops=1)
               Workers Planned: 2
               Workers Launched: 2
               ->  Sort  (cost=472231.37..482648.09 rows=4166689 width=20) (actual time=522.464..523.922 rows=34025 loops=3)
                     Sort Key: s_3.a, s_3.b, s_3.c, s_3.d
                     Sort Method: top-N heapsort  Memory: 13957kB
                     Worker 0:  Sort Method: top-N heapsort  Memory: 13957kB
                     Worker 1:  Sort Method: top-N heapsort  Memory: 13957kB
                     ->  Parallel Seq Scan on s_3  (cost=0.00..105361.89 rows=4166689 width=20) (actual time=0.022..220.641 rows=3333333 loops=3)
 Planning time: 0.307 ms
 Execution time: 552.496 ms
(13 rows)

===== 235 [Wed Mar  7 16:26:03 CET 2018] scale:10000000 groups:1000 work_mem:64MB incremental:on max_workers:2 =====
SELECT * FROM s_1 ORDER BY a, b LIMIT 100000
                                                                           QUERY PLAN                                                                           
----------------------------------------------------------------------------------------------------------------------------------------------------------------
 Limit  (cost=3853.52..3853.52 rows=1 width=20) (actual time=60.418..60.418 rows=0 loops=1)
   ->  Limit  (cost=1012.17..2853.52 rows=100000 width=20) (actual time=2.460..57.707 rows=100000 loops=1)
         ->  Incremental Sort  (cost=1012.17..185145.78 rows=9999939 width=20) (actual time=2.459..52.238 rows=100000 loops=1)
               Sort Key: s_1.a, s_1.b
               Presorted Key: s_1.a
               Sort Method: quicksort  Memory: 1175kB
               Sort Groups: 11
               ->  Index Only Scan using s_1_a_e_d_c_b_idx on s_1  (cost=0.56..348311.65 rows=9999939 width=20) (actual time=0.031..13.551 rows=104726 loops=1)
                     Heap Fetches: 0
 Planning time: 0.300 ms
 Execution time: 60.455 ms
(11 rows)

===== 236 [Wed Mar  7 16:26:03 CET 2018] scale:10000000 groups:1000 work_mem:64MB incremental:on max_workers:2 =====
SELECT * FROM s_2 ORDER BY a, b, c LIMIT 100000
                                                                           QUERY PLAN                                                                            
-----------------------------------------------------------------------------------------------------------------------------------------------------------------
 Limit  (cost=3002.51..3002.51 rows=1 width=20) (actual time=47.558..47.558 rows=0 loops=1)
   ->  Limit  (cost=1.07..2002.51 rows=100000 width=20) (actual time=0.086..44.836 rows=100000 loops=1)
         ->  Incremental Sort  (cost=1.07..200145.68 rows=10000054 width=20) (actual time=0.085..39.332 rows=100000 loops=1)
               Sort Key: s_2.a, s_2.b, s_2.c
               Presorted Key: s_2.a, s_2.b
               Sort Method: quicksort  Memory: 28kB
               Sort Groups: 2727
               ->  Index Only Scan using s_2_a_b_e_d_c_idx on s_2  (cost=0.56..348313.37 rows=10000054 width=20) (actual time=0.028..12.618 rows=100014 loops=1)
                     Heap Fetches: 0
 Planning time: 0.314 ms
 Execution time: 47.588 ms
(11 rows)

===== 237 [Wed Mar  7 16:26:03 CET 2018] scale:10000000 groups:1000 work_mem:64MB incremental:on max_workers:2 =====
SELECT * FROM s_3 ORDER BY a, b, c, d LIMIT 100000
                                                                           QUERY PLAN                                                                            
-----------------------------------------------------------------------------------------------------------------------------------------------------------------
 Limit  (cost=3002.51..3002.51 rows=1 width=20) (actual time=38.165..38.165 rows=0 loops=1)
   ->  Limit  (cost=1.07..2002.51 rows=100000 width=20) (actual time=0.075..35.439 rows=100000 loops=1)
         ->  Incremental Sort  (cost=1.07..200145.68 rows=10000054 width=20) (actual time=0.075..29.935 rows=100000 loops=1)
               Sort Key: s_3.a, s_3.b, s_3.c, s_3.d
               Presorted Key: s_3.a, s_3.b, s_3.c
               Sort Method: quicksort  Memory: 27kB
               Sort Groups: 3125
               ->  Index Only Scan using s_3_a_b_c_e_d_idx on s_3  (cost=0.56..348313.37 rows=10000054 width=20) (actual time=0.024..12.546 rows=100027 loops=1)
                     Heap Fetches: 0
 Planning time: 0.309 ms
 Execution time: 38.191 ms
(11 rows)

===== 238 [Wed Mar  7 16:26:03 CET 2018] scale:10000000 groups:1000 work_mem:64MB incremental:off max_workers:2 =====
SELECT * FROM s_1 ORDER BY a, b LIMIT 100000
                                                                    QUERY PLAN                                                                    
--------------------------------------------------------------------------------------------------------------------------------------------------
 Limit  (cost=485894.17..485894.17 rows=1 width=20) (actual time=537.273..537.273 rows=0 loops=1)
   ->  Limit  (cost=473226.69..484894.17 rows=100000 width=20) (actual time=509.890..534.490 rows=100000 loops=1)
         ->  Gather Merge  (cost=473226.69..1445510.80 rows=8333282 width=20) (actual time=509.889..528.837 rows=100000 loops=1)
               Workers Planned: 2
               Workers Launched: 2
               ->  Sort  (cost=472226.66..482643.26 rows=4166641 width=20) (actual time=508.139..510.602 rows=33982 loops=3)
                     Sort Key: s_1.a, s_1.b
                     Sort Method: top-N heapsort  Memory: 13958kB
                     Worker 0:  Sort Method: top-N heapsort  Memory: 14025kB
                     Worker 1:  Sort Method: top-N heapsort  Memory: 13971kB
                     ->  Parallel Seq Scan on s_1  (cost=0.00..105361.41 rows=4166641 width=20) (actual time=0.022..220.743 rows=3333333 loops=3)
 Planning time: 0.300 ms
 Execution time: 540.958 ms
(13 rows)

===== 239 [Wed Mar  7 16:26:06 CET 2018] scale:10000000 groups:1000 work_mem:64MB incremental:off max_workers:2 =====
SELECT * FROM s_2 ORDER BY a, b, c LIMIT 100000
                                                                    QUERY PLAN                                                                    
--------------------------------------------------------------------------------------------------------------------------------------------------
 Limit  (cost=485898.87..485898.87 rows=1 width=20) (actual time=540.804..540.804 rows=0 loops=1)
   ->  Limit  (cost=473231.39..484898.87 rows=100000 width=20) (actual time=516.079..537.996 rows=100000 loops=1)
         ->  Gather Merge  (cost=473231.39..1445526.71 rows=8333378 width=20) (actual time=516.079..532.388 rows=100000 loops=1)
               Workers Planned: 2
               Workers Launched: 2
               ->  Sort  (cost=472231.37..482648.09 rows=4166689 width=20) (actual time=514.444..516.069 rows=34001 loops=3)
                     Sort Key: s_2.a, s_2.b, s_2.c
                     Sort Method: top-N heapsort  Memory: 13957kB
                     Worker 0:  Sort Method: top-N heapsort  Memory: 13957kB
                     Worker 1:  Sort Method: top-N heapsort  Memory: 13957kB
                     ->  Parallel Seq Scan on s_2  (cost=0.00..105361.89 rows=4166689 width=20) (actual time=0.022..220.182 rows=3333333 loops=3)
 Planning time: 0.311 ms
 Execution time: 544.485 ms
(13 rows)

===== 240 [Wed Mar  7 16:26:09 CET 2018] scale:10000000 groups:1000 work_mem:64MB incremental:off max_workers:2 =====
SELECT * FROM s_3 ORDER BY a, b, c, d LIMIT 100000
                                                                    QUERY PLAN                                                                    
--------------------------------------------------------------------------------------------------------------------------------------------------
 Limit  (cost=485898.87..485898.87 rows=1 width=20) (actual time=549.259..549.259 rows=0 loops=1)
   ->  Limit  (cost=473231.39..484898.87 rows=100000 width=20) (actual time=524.704..546.454 rows=100000 loops=1)
         ->  Gather Merge  (cost=473231.39..1445526.71 rows=8333378 width=20) (actual time=524.704..540.831 rows=100000 loops=1)
               Workers Planned: 2
               Workers Launched: 2
               ->  Sort  (cost=472231.37..482648.09 rows=4166689 width=20) (actual time=522.993..524.456 rows=34022 loops=3)
                     Sort Key: s_3.a, s_3.b, s_3.c, s_3.d
                     Sort Method: top-N heapsort  Memory: 13957kB
                     Worker 0:  Sort Method: top-N heapsort  Memory: 13957kB
                     Worker 1:  Sort Method: top-N heapsort  Memory: 13957kB
                     ->  Parallel Seq Scan on s_3  (cost=0.00..105361.89 rows=4166689 width=20) (actual time=0.023..221.803 rows=3333333 loops=3)
 Planning time: 0.313 ms
 Execution time: 552.933 ms
(13 rows)

===== 241 [Wed Mar  7 16:26:11 CET 2018] scale:10000000 groups:1000 work_mem:128MB incremental:on max_workers:2 =====
SELECT * FROM s_1 ORDER BY a, b LIMIT 100000
                                                                           QUERY PLAN                                                                           
----------------------------------------------------------------------------------------------------------------------------------------------------------------
 Limit  (cost=3853.52..3853.52 rows=1 width=20) (actual time=60.430..60.430 rows=0 loops=1)
   ->  Limit  (cost=1012.17..2853.52 rows=100000 width=20) (actual time=2.458..57.715 rows=100000 loops=1)
         ->  Incremental Sort  (cost=1012.17..185145.78 rows=9999939 width=20) (actual time=2.458..52.251 rows=100000 loops=1)
               Sort Key: s_1.a, s_1.b
               Presorted Key: s_1.a
               Sort Method: quicksort  Memory: 1175kB
               Sort Groups: 11
               ->  Index Only Scan using s_1_a_e_d_c_b_idx on s_1  (cost=0.56..348311.65 rows=9999939 width=20) (actual time=0.031..13.553 rows=104726 loops=1)
                     Heap Fetches: 0
 Planning time: 0.295 ms
 Execution time: 60.470 ms
(11 rows)

===== 242 [Wed Mar  7 16:26:12 CET 2018] scale:10000000 groups:1000 work_mem:128MB incremental:on max_workers:2 =====
SELECT * FROM s_2 ORDER BY a, b, c LIMIT 100000
                                                                           QUERY PLAN                                                                            
-----------------------------------------------------------------------------------------------------------------------------------------------------------------
 Limit  (cost=3002.51..3002.51 rows=1 width=20) (actual time=47.564..47.564 rows=0 loops=1)
   ->  Limit  (cost=1.07..2002.51 rows=100000 width=20) (actual time=0.085..44.834 rows=100000 loops=1)
         ->  Incremental Sort  (cost=1.07..200145.68 rows=10000054 width=20) (actual time=0.085..39.326 rows=100000 loops=1)
               Sort Key: s_2.a, s_2.b, s_2.c
               Presorted Key: s_2.a, s_2.b
               Sort Method: quicksort  Memory: 28kB
               Sort Groups: 2727
               ->  Index Only Scan using s_2_a_b_e_d_c_idx on s_2  (cost=0.56..348313.37 rows=10000054 width=20) (actual time=0.029..12.604 rows=100014 loops=1)
                     Heap Fetches: 0
 Planning time: 0.309 ms
 Execution time: 47.594 ms
(11 rows)

===== 243 [Wed Mar  7 16:26:12 CET 2018] scale:10000000 groups:1000 work_mem:128MB incremental:on max_workers:2 =====
SELECT * FROM s_3 ORDER BY a, b, c, d LIMIT 100000
                                                                           QUERY PLAN                                                                            
-----------------------------------------------------------------------------------------------------------------------------------------------------------------
 Limit  (cost=3002.51..3002.51 rows=1 width=20) (actual time=38.180..38.180 rows=0 loops=1)
   ->  Limit  (cost=1.07..2002.51 rows=100000 width=20) (actual time=0.076..35.453 rows=100000 loops=1)
         ->  Incremental Sort  (cost=1.07..200145.68 rows=10000054 width=20) (actual time=0.076..29.951 rows=100000 loops=1)
               Sort Key: s_3.a, s_3.b, s_3.c, s_3.d
               Presorted Key: s_3.a, s_3.b, s_3.c
               Sort Method: quicksort  Memory: 27kB
               Sort Groups: 3125
               ->  Index Only Scan using s_3_a_b_c_e_d_idx on s_3  (cost=0.56..348313.37 rows=10000054 width=20) (actual time=0.024..12.522 rows=100027 loops=1)
                     Heap Fetches: 0
 Planning time: 0.306 ms
 Execution time: 38.206 ms
(11 rows)

===== 244 [Wed Mar  7 16:26:12 CET 2018] scale:10000000 groups:1000 work_mem:128MB incremental:off max_workers:2 =====
SELECT * FROM s_1 ORDER BY a, b LIMIT 100000
                                                                    QUERY PLAN                                                                    
--------------------------------------------------------------------------------------------------------------------------------------------------
 Limit  (cost=485894.17..485894.17 rows=1 width=20) (actual time=536.535..536.535 rows=0 loops=1)
   ->  Limit  (cost=473226.69..484894.17 rows=100000 width=20) (actual time=509.123..533.745 rows=100000 loops=1)
         ->  Gather Merge  (cost=473226.69..1445510.80 rows=8333282 width=20) (actual time=509.122..528.091 rows=100000 loops=1)
               Workers Planned: 2
               Workers Launched: 2
               ->  Sort  (cost=472226.66..482643.26 rows=4166641 width=20) (actual time=507.359..509.841 rows=34006 loops=3)
                     Sort Key: s_1.a, s_1.b
                     Sort Method: top-N heapsort  Memory: 13994kB
                     Worker 0:  Sort Method: top-N heapsort  Memory: 14011kB
                     Worker 1:  Sort Method: top-N heapsort  Memory: 14004kB
                     ->  Parallel Seq Scan on s_1  (cost=0.00..105361.41 rows=4166641 width=20) (actual time=0.023..220.563 rows=3333333 loops=3)
 Planning time: 0.291 ms
 Execution time: 540.102 ms
(13 rows)

===== 245 [Wed Mar  7 16:26:15 CET 2018] scale:10000000 groups:1000 work_mem:128MB incremental:off max_workers:2 =====
SELECT * FROM s_2 ORDER BY a, b, c LIMIT 100000
                                                                    QUERY PLAN                                                                    
--------------------------------------------------------------------------------------------------------------------------------------------------
 Limit  (cost=485898.87..485898.87 rows=1 width=20) (actual time=540.090..540.090 rows=0 loops=1)
   ->  Limit  (cost=473231.39..484898.87 rows=100000 width=20) (actual time=515.376..537.291 rows=100000 loops=1)
         ->  Gather Merge  (cost=473231.39..1445526.71 rows=8333378 width=20) (actual time=515.375..531.680 rows=100000 loops=1)
               Workers Planned: 2
               Workers Launched: 2
               ->  Sort  (cost=472231.37..482648.09 rows=4166689 width=20) (actual time=513.692..515.318 rows=34029 loops=3)
                     Sort Key: s_2.a, s_2.b, s_2.c
                     Sort Method: top-N heapsort  Memory: 13957kB
                     Worker 0:  Sort Method: top-N heapsort  Memory: 13957kB
                     Worker 1:  Sort Method: top-N heapsort  Memory: 13957kB
                     ->  Parallel Seq Scan on s_2  (cost=0.00..105361.89 rows=4166689 width=20) (actual time=0.023..219.379 rows=3333333 loops=3)
 Planning time: 0.313 ms
 Execution time: 543.819 ms
(13 rows)

===== 246 [Wed Mar  7 16:26:17 CET 2018] scale:10000000 groups:1000 work_mem:128MB incremental:off max_workers:2 =====
SELECT * FROM s_3 ORDER BY a, b, c, d LIMIT 100000
                                                                    QUERY PLAN                                                                    
--------------------------------------------------------------------------------------------------------------------------------------------------
 Limit  (cost=485898.87..485898.87 rows=1 width=20) (actual time=547.514..547.514 rows=0 loops=1)
   ->  Limit  (cost=473231.39..484898.87 rows=100000 width=20) (actual time=523.008..544.760 rows=100000 loops=1)
         ->  Gather Merge  (cost=473231.39..1445526.71 rows=8333378 width=20) (actual time=523.008..539.162 rows=100000 loops=1)
               Workers Planned: 2
               Workers Launched: 2
               ->  Sort  (cost=472231.37..482648.09 rows=4166689 width=20) (actual time=521.429..522.890 rows=33969 loops=3)
                     Sort Key: s_3.a, s_3.b, s_3.c, s_3.d
                     Sort Method: top-N heapsort  Memory: 13957kB
                     Worker 0:  Sort Method: top-N heapsort  Memory: 13957kB
                     Worker 1:  Sort Method: top-N heapsort  Memory: 13957kB
                     ->  Parallel Seq Scan on s_3  (cost=0.00..105361.89 rows=4166689 width=20) (actual time=0.023..221.316 rows=3333333 loops=3)
 Planning time: 0.311 ms
 Execution time: 550.965 ms
(13 rows)

===== 247 [Wed Mar  7 16:26:20 CET 2018] scale:10000000 groups:1000 work_mem:256MB incremental:on max_workers:2 =====
SELECT * FROM s_1 ORDER BY a, b LIMIT 100000
                                                                           QUERY PLAN                                                                           
----------------------------------------------------------------------------------------------------------------------------------------------------------------
 Limit  (cost=3853.52..3853.52 rows=1 width=20) (actual time=60.572..60.572 rows=0 loops=1)
   ->  Limit  (cost=1012.17..2853.52 rows=100000 width=20) (actual time=2.466..57.816 rows=100000 loops=1)
         ->  Incremental Sort  (cost=1012.17..185145.78 rows=9999939 width=20) (actual time=2.466..52.362 rows=100000 loops=1)
               Sort Key: s_1.a, s_1.b
               Presorted Key: s_1.a
               Sort Method: quicksort  Memory: 1175kB
               Sort Groups: 11
               ->  Index Only Scan using s_1_a_e_d_c_b_idx on s_1  (cost=0.56..348311.65 rows=9999939 width=20) (actual time=0.031..13.556 rows=104726 loops=1)
                     Heap Fetches: 0
 Planning time: 0.302 ms
 Execution time: 60.610 ms
(11 rows)

===== 248 [Wed Mar  7 16:26:20 CET 2018] scale:10000000 groups:1000 work_mem:256MB incremental:on max_workers:2 =====
SELECT * FROM s_2 ORDER BY a, b, c LIMIT 100000
                                                                           QUERY PLAN                                                                            
-----------------------------------------------------------------------------------------------------------------------------------------------------------------
 Limit  (cost=3002.51..3002.51 rows=1 width=20) (actual time=47.578..47.578 rows=0 loops=1)
   ->  Limit  (cost=1.07..2002.51 rows=100000 width=20) (actual time=0.086..44.859 rows=100000 loops=1)
         ->  Incremental Sort  (cost=1.07..200145.68 rows=10000054 width=20) (actual time=0.086..39.340 rows=100000 loops=1)
               Sort Key: s_2.a, s_2.b, s_2.c
               Presorted Key: s_2.a, s_2.b
               Sort Method: quicksort  Memory: 28kB
               Sort Groups: 2727
               ->  Index Only Scan using s_2_a_b_e_d_c_idx on s_2  (cost=0.56..348313.37 rows=10000054 width=20) (actual time=0.028..12.555 rows=100014 loops=1)
                     Heap Fetches: 0
 Planning time: 0.311 ms
 Execution time: 47.608 ms
(11 rows)

===== 249 [Wed Mar  7 16:26:21 CET 2018] scale:10000000 groups:1000 work_mem:256MB incremental:on max_workers:2 =====
SELECT * FROM s_3 ORDER BY a, b, c, d LIMIT 100000
                                                                           QUERY PLAN                                                                            
-----------------------------------------------------------------------------------------------------------------------------------------------------------------
 Limit  (cost=3002.51..3002.51 rows=1 width=20) (actual time=37.928..37.928 rows=0 loops=1)
   ->  Limit  (cost=1.07..2002.51 rows=100000 width=20) (actual time=0.077..35.179 rows=100000 loops=1)
         ->  Incremental Sort  (cost=1.07..200145.68 rows=10000054 width=20) (actual time=0.077..29.661 rows=100000 loops=1)
               Sort Key: s_3.a, s_3.b, s_3.c, s_3.d
               Presorted Key: s_3.a, s_3.b, s_3.c
               Sort Method: quicksort  Memory: 27kB
               Sort Groups: 3125
               ->  Index Only Scan using s_3_a_b_c_e_d_idx on s_3  (cost=0.56..348313.37 rows=10000054 width=20) (actual time=0.025..12.540 rows=100027 loops=1)
                     Heap Fetches: 0
 Planning time: 0.303 ms
 Execution time: 37.954 ms
(11 rows)

===== 250 [Wed Mar  7 16:26:21 CET 2018] scale:10000000 groups:1000 work_mem:256MB incremental:off max_workers:2 =====
SELECT * FROM s_1 ORDER BY a, b LIMIT 100000
                                                                    QUERY PLAN                                                                    
--------------------------------------------------------------------------------------------------------------------------------------------------
 Limit  (cost=485894.17..485894.17 rows=1 width=20) (actual time=537.312..537.312 rows=0 loops=1)
   ->  Limit  (cost=473226.69..484894.17 rows=100000 width=20) (actual time=509.895..534.516 rows=100000 loops=1)
         ->  Gather Merge  (cost=473226.69..1445510.80 rows=8333282 width=20) (actual time=509.895..528.867 rows=100000 loops=1)
               Workers Planned: 2
               Workers Launched: 2
               ->  Sort  (cost=472226.66..482643.26 rows=4166641 width=20) (actual time=508.016..510.493 rows=33947 loops=3)
                     Sort Key: s_1.a, s_1.b
                     Sort Method: top-N heapsort  Memory: 13958kB
                     Worker 0:  Sort Method: top-N heapsort  Memory: 14002kB
                     Worker 1:  Sort Method: top-N heapsort  Memory: 14004kB
                     ->  Parallel Seq Scan on s_1  (cost=0.00..105361.41 rows=4166641 width=20) (actual time=0.024..221.082 rows=3333333 loops=3)
 Planning time: 0.290 ms
 Execution time: 541.185 ms
(13 rows)

===== 251 [Wed Mar  7 16:26:23 CET 2018] scale:10000000 groups:1000 work_mem:256MB incremental:off max_workers:2 =====
SELECT * FROM s_2 ORDER BY a, b, c LIMIT 100000
                                                                    QUERY PLAN                                                                    
--------------------------------------------------------------------------------------------------------------------------------------------------
 Limit  (cost=485898.87..485898.87 rows=1 width=20) (actual time=544.257..544.257 rows=0 loops=1)
   ->  Limit  (cost=473231.39..484898.87 rows=100000 width=20) (actual time=519.566..541.453 rows=100000 loops=1)
         ->  Gather Merge  (cost=473231.39..1445526.71 rows=8333378 width=20) (actual time=519.565..535.845 rows=100000 loops=1)
               Workers Planned: 2
               Workers Launched: 2
               ->  Sort  (cost=472231.37..482648.09 rows=4166689 width=20) (actual time=517.912..519.530 rows=33962 loops=3)
                     Sort Key: s_2.a, s_2.b, s_2.c
                     Sort Method: top-N heapsort  Memory: 13957kB
                     Worker 0:  Sort Method: top-N heapsort  Memory: 13957kB
                     Worker 1:  Sort Method: top-N heapsort  Memory: 13957kB
                     ->  Parallel Seq Scan on s_2  (cost=0.00..105361.89 rows=4166689 width=20) (actual time=0.022..222.756 rows=3333333 loops=3)
 Planning time: 0.309 ms
 Execution time: 548.074 ms
(13 rows)

===== 252 [Wed Mar  7 16:26:26 CET 2018] scale:10000000 groups:1000 work_mem:256MB incremental:off max_workers:2 =====
SELECT * FROM s_3 ORDER BY a, b, c, d LIMIT 100000
                                                                    QUERY PLAN                                                                    
--------------------------------------------------------------------------------------------------------------------------------------------------
 Limit  (cost=485898.87..485898.87 rows=1 width=20) (actual time=548.101..548.101 rows=0 loops=1)
   ->  Limit  (cost=473231.39..484898.87 rows=100000 width=20) (actual time=523.586..545.295 rows=100000 loops=1)
         ->  Gather Merge  (cost=473231.39..1445526.71 rows=8333378 width=20) (actual time=523.586..539.686 rows=100000 loops=1)
               Workers Planned: 2
               Workers Launched: 2
               ->  Sort  (cost=472231.37..482648.09 rows=4166689 width=20) (actual time=521.948..523.407 rows=34002 loops=3)
                     Sort Key: s_3.a, s_3.b, s_3.c, s_3.d
                     Sort Method: top-N heapsort  Memory: 13957kB
                     Worker 0:  Sort Method: top-N heapsort  Memory: 13957kB
                     Worker 1:  Sort Method: top-N heapsort  Memory: 13957kB
                     ->  Parallel Seq Scan on s_3  (cost=0.00..105361.89 rows=4166689 width=20) (actual time=0.022..220.634 rows=3333333 loops=3)
 Planning time: 0.308 ms
 Execution time: 551.863 ms
(13 rows)

===== 253 [Wed Mar  7 16:27:36 CET 2018] scale:10000000 groups:10000 work_mem:4MB incremental:on max_workers:0 =====
SELECT * FROM s_1 ORDER BY a, b LIMIT 100000
                                                                           QUERY PLAN                                                                           
----------------------------------------------------------------------------------------------------------------------------------------------------------------
 Limit  (cost=2926.04..2926.04 rows=1 width=20) (actual time=57.999..57.999 rows=0 loops=1)
   ->  Limit  (cost=90.00..1926.04 rows=100000 width=20) (actual time=0.345..55.276 rows=100000 loops=1)
         ->  Incremental Sort  (cost=90.00..183692.18 rows=9999939 width=20) (actual time=0.344..49.794 rows=100000 loops=1)
               Sort Key: s_1.a, s_1.b
               Presorted Key: s_1.a
               Sort Method: quicksort  Memory: 133kB
               Sort Groups: 101
               ->  Index Only Scan using s_1_a_e_d_c_b_idx on s_1  (cost=0.56..348311.65 rows=9999939 width=20) (actual time=0.053..14.803 rows=100385 loops=1)
                     Heap Fetches: 0
 Planning time: 0.286 ms
 Execution time: 58.035 ms
(11 rows)

===== 254 [Wed Mar  7 16:27:36 CET 2018] scale:10000000 groups:10000 work_mem:4MB incremental:on max_workers:0 =====
SELECT * FROM s_2 ORDER BY a, b, c LIMIT 100000
                                                                           QUERY PLAN                                                                           
----------------------------------------------------------------------------------------------------------------------------------------------------------------
 Limit  (cost=3002.51..3002.51 rows=1 width=20) (actual time=41.743..41.743 rows=0 loops=1)
   ->  Limit  (cost=1.07..2002.51 rows=100000 width=20) (actual time=0.123..39.021 rows=100000 loops=1)
         ->  Incremental Sort  (cost=1.07..200143.47 rows=9999939 width=20) (actual time=0.123..33.484 rows=100000 loops=1)
               Sort Key: s_2.a, s_2.b, s_2.c
               Presorted Key: s_2.a, s_2.b
               Sort Method: quicksort  Memory: 27kB
               Sort Groups: 3121
               ->  Index Only Scan using s_2_a_b_e_d_c_idx on s_2  (cost=0.56..348311.65 rows=9999939 width=20) (actual time=0.070..14.749 rows=100016 loops=1)
                     Heap Fetches: 0
 Planning time: 0.305 ms
 Execution time: 41.771 ms
(11 rows)

===== 255 [Wed Mar  7 16:27:36 CET 2018] scale:10000000 groups:10000 work_mem:4MB incremental:on max_workers:0 =====
SELECT * FROM s_3 ORDER BY a, b, c, d LIMIT 100000
                                                                           QUERY PLAN                                                                            
-----------------------------------------------------------------------------------------------------------------------------------------------------------------
 Limit  (cost=3002.51..3002.51 rows=1 width=20) (actual time=39.516..39.516 rows=0 loops=1)
   ->  Limit  (cost=1.07..2002.51 rows=100000 width=20) (actual time=0.103..36.788 rows=100000 loops=1)
         ->  Incremental Sort  (cost=1.07..200145.68 rows=10000054 width=20) (actual time=0.102..31.258 rows=100000 loops=1)
               Sort Key: s_3.a, s_3.b, s_3.c, s_3.d
               Presorted Key: s_3.a, s_3.b, s_3.c
               Sort Method: quicksort  Memory: 27kB
               Sort Groups: 3125
               ->  Index Only Scan using s_3_a_b_c_e_d_idx on s_3  (cost=0.56..348313.37 rows=10000054 width=20) (actual time=0.054..14.681 rows=100001 loops=1)
                     Heap Fetches: 0
 Planning time: 0.300 ms
 Execution time: 39.543 ms
(11 rows)

===== 256 [Wed Mar  7 16:27:36 CET 2018] scale:10000000 groups:10000 work_mem:4MB incremental:off max_workers:0 =====
SELECT * FROM s_1 ORDER BY a, b LIMIT 100000
                                                             QUERY PLAN                                                             
------------------------------------------------------------------------------------------------------------------------------------
 Limit  (cost=1737769.69..1737769.69 rows=1 width=20) (actual time=5767.129..5767.129 rows=0 loops=1)
   ->  Limit  (cost=1736519.69..1736769.69 rows=100000 width=20) (actual time=5749.754..5764.300 rows=100000 loops=1)
         ->  Sort  (cost=1736519.69..1761519.54 rows=9999939 width=20) (actual time=5749.753..5758.699 rows=100000 loops=1)
               Sort Key: s_1.a, s_1.b
               Sort Method: external merge  Disk: 293600kB
               ->  Seq Scan on s_1  (cost=0.00..163694.39 rows=9999939 width=20) (actual time=0.023..647.084 rows=10000000 loops=1)
 Planning time: 0.287 ms
 Execution time: 5800.645 ms
(8 rows)

===== 257 [Wed Mar  7 16:28:09 CET 2018] scale:10000000 groups:10000 work_mem:4MB incremental:off max_workers:0 =====
SELECT * FROM s_2 ORDER BY a, b, c LIMIT 100000
                                                             QUERY PLAN                                                             
------------------------------------------------------------------------------------------------------------------------------------
 Limit  (cost=1737769.69..1737769.69 rows=1 width=20) (actual time=4968.359..4968.359 rows=0 loops=1)
   ->  Limit  (cost=1736519.69..1736769.69 rows=100000 width=20) (actual time=4950.969..4965.534 rows=100000 loops=1)
         ->  Sort  (cost=1736519.69..1761519.54 rows=9999939 width=20) (actual time=4950.968..4959.941 rows=100000 loops=1)
               Sort Key: s_2.a, s_2.b, s_2.c
               Sort Method: external merge  Disk: 293600kB
               ->  Seq Scan on s_2  (cost=0.00..163694.39 rows=9999939 width=20) (actual time=0.028..641.529 rows=10000000 loops=1)
 Planning time: 0.297 ms
 Execution time: 5001.925 ms
(8 rows)

===== 258 [Wed Mar  7 16:28:37 CET 2018] scale:10000000 groups:10000 work_mem:4MB incremental:off max_workers:0 =====
SELECT * FROM s_3 ORDER BY a, b, c, d LIMIT 100000
                                                             QUERY PLAN                                                              
-------------------------------------------------------------------------------------------------------------------------------------
 Limit  (cost=1737792.04..1737792.04 rows=1 width=20) (actual time=3539.770..3539.770 rows=0 loops=1)
   ->  Limit  (cost=1736542.04..1736792.04 rows=100000 width=20) (actual time=3522.399..3536.954 rows=100000 loops=1)
         ->  Sort  (cost=1736542.04..1761542.18 rows=10000054 width=20) (actual time=3522.398..3531.366 rows=100000 loops=1)
               Sort Key: s_3.a, s_3.b, s_3.c, s_3.d
               Sort Method: external merge  Disk: 293600kB
               ->  Seq Scan on s_3  (cost=0.00..163695.54 rows=10000054 width=20) (actual time=0.035..643.988 rows=10000000 loops=1)
 Planning time: 0.297 ms
 Execution time: 3573.395 ms
(8 rows)

===== 259 [Wed Mar  7 16:28:57 CET 2018] scale:10000000 groups:10000 work_mem:8MB incremental:on max_workers:0 =====
SELECT * FROM s_1 ORDER BY a, b LIMIT 100000
                                                                           QUERY PLAN                                                                           
----------------------------------------------------------------------------------------------------------------------------------------------------------------
 Limit  (cost=2926.04..2926.04 rows=1 width=20) (actual time=55.603..55.603 rows=0 loops=1)
   ->  Limit  (cost=90.00..1926.04 rows=100000 width=20) (actual time=0.317..52.884 rows=100000 loops=1)
         ->  Incremental Sort  (cost=90.00..183692.18 rows=9999939 width=20) (actual time=0.317..47.411 rows=100000 loops=1)
               Sort Key: s_1.a, s_1.b
               Presorted Key: s_1.a
               Sort Method: quicksort  Memory: 133kB
               Sort Groups: 101
               ->  Index Only Scan using s_1_a_e_d_c_b_idx on s_1  (cost=0.56..348311.65 rows=9999939 width=20) (actual time=0.036..12.626 rows=100385 loops=1)
                     Heap Fetches: 0
 Planning time: 0.287 ms
 Execution time: 55.636 ms
(11 rows)

===== 260 [Wed Mar  7 16:28:57 CET 2018] scale:10000000 groups:10000 work_mem:8MB incremental:on max_workers:0 =====
SELECT * FROM s_2 ORDER BY a, b, c LIMIT 100000
                                                                           QUERY PLAN                                                                           
----------------------------------------------------------------------------------------------------------------------------------------------------------------
 Limit  (cost=3002.51..3002.51 rows=1 width=20) (actual time=39.318..39.318 rows=0 loops=1)
   ->  Limit  (cost=1.07..2002.51 rows=100000 width=20) (actual time=0.094..36.590 rows=100000 loops=1)
         ->  Incremental Sort  (cost=1.07..200143.47 rows=9999939 width=20) (actual time=0.094..31.092 rows=100000 loops=1)
               Sort Key: s_2.a, s_2.b, s_2.c
               Presorted Key: s_2.a, s_2.b
               Sort Method: quicksort  Memory: 27kB
               Sort Groups: 3121
               ->  Index Only Scan using s_2_a_b_e_d_c_idx on s_2  (cost=0.56..348311.65 rows=9999939 width=20) (actual time=0.037..12.610 rows=100016 loops=1)
                     Heap Fetches: 0
 Planning time: 0.298 ms
 Execution time: 39.345 ms
(11 rows)

===== 261 [Wed Mar  7 16:28:57 CET 2018] scale:10000000 groups:10000 work_mem:8MB incremental:on max_workers:0 =====
SELECT * FROM s_3 ORDER BY a, b, c, d LIMIT 100000
                                                                           QUERY PLAN                                                                            
-----------------------------------------------------------------------------------------------------------------------------------------------------------------
 Limit  (cost=3002.51..3002.51 rows=1 width=20) (actual time=37.125..37.125 rows=0 loops=1)
   ->  Limit  (cost=1.07..2002.51 rows=100000 width=20) (actual time=0.081..34.394 rows=100000 loops=1)
         ->  Incremental Sort  (cost=1.07..200145.68 rows=10000054 width=20) (actual time=0.081..28.886 rows=100000 loops=1)
               Sort Key: s_3.a, s_3.b, s_3.c, s_3.d
               Presorted Key: s_3.a, s_3.b, s_3.c
               Sort Method: quicksort  Memory: 27kB
               Sort Groups: 3125
               ->  Index Only Scan using s_3_a_b_c_e_d_idx on s_3  (cost=0.56..348313.37 rows=10000054 width=20) (actual time=0.033..12.533 rows=100001 loops=1)
                     Heap Fetches: 0
 Planning time: 0.296 ms
 Execution time: 37.151 ms
(11 rows)

===== 262 [Wed Mar  7 16:28:57 CET 2018] scale:10000000 groups:10000 work_mem:8MB incremental:off max_workers:0 =====
SELECT * FROM s_1 ORDER BY a, b LIMIT 100000
                                                             QUERY PLAN                                                             
------------------------------------------------------------------------------------------------------------------------------------
 Limit  (cost=1045421.04..1045421.04 rows=1 width=20) (actual time=5211.050..5211.050 rows=0 loops=1)
   ->  Limit  (cost=1044171.04..1044421.04 rows=100000 width=20) (actual time=5193.620..5208.224 rows=100000 loops=1)
         ->  Sort  (cost=1044171.04..1069170.89 rows=9999939 width=20) (actual time=5193.620..5202.633 rows=100000 loops=1)
               Sort Key: s_1.a, s_1.b
               Sort Method: external merge  Disk: 293608kB
               ->  Seq Scan on s_1  (cost=0.00..163694.39 rows=9999939 width=20) (actual time=0.023..645.646 rows=10000000 loops=1)
 Planning time: 0.287 ms
 Execution time: 5244.754 ms
(8 rows)

===== 263 [Wed Mar  7 16:29:27 CET 2018] scale:10000000 groups:10000 work_mem:8MB incremental:off max_workers:0 =====
SELECT * FROM s_2 ORDER BY a, b, c LIMIT 100000
                                                             QUERY PLAN                                                             
------------------------------------------------------------------------------------------------------------------------------------
 Limit  (cost=1045421.04..1045421.04 rows=1 width=20) (actual time=4327.865..4327.865 rows=0 loops=1)
   ->  Limit  (cost=1044171.04..1044421.04 rows=100000 width=20) (actual time=4310.407..4325.044 rows=100000 loops=1)
         ->  Sort  (cost=1044171.04..1069170.89 rows=9999939 width=20) (actual time=4310.407..4319.452 rows=100000 loops=1)
               Sort Key: s_2.a, s_2.b, s_2.c
               Sort Method: external merge  Disk: 293608kB
               ->  Seq Scan on s_2  (cost=0.00..163694.39 rows=9999939 width=20) (actual time=0.027..642.394 rows=10000000 loops=1)
 Planning time: 0.296 ms
 Execution time: 4361.474 ms
(8 rows)

===== 264 [Wed Mar  7 16:29:51 CET 2018] scale:10000000 groups:10000 work_mem:8MB incremental:off max_workers:0 =====
SELECT * FROM s_3 ORDER BY a, b, c, d LIMIT 100000
                                                             QUERY PLAN                                                              
-------------------------------------------------------------------------------------------------------------------------------------
 Limit  (cost=1045432.32..1045432.32 rows=1 width=20) (actual time=2846.893..2846.893 rows=0 loops=1)
   ->  Limit  (cost=1044182.32..1044432.32 rows=100000 width=20) (actual time=2829.383..2844.118 rows=100000 loops=1)
         ->  Sort  (cost=1044182.32..1069182.45 rows=10000054 width=20) (actual time=2829.383..2838.494 rows=100000 loops=1)
               Sort Key: s_3.a, s_3.b, s_3.c, s_3.d
               Sort Method: external merge  Disk: 293608kB
               ->  Seq Scan on s_3  (cost=0.00..163695.54 rows=10000054 width=20) (actual time=0.027..642.718 rows=10000000 loops=1)
 Planning time: 0.298 ms
 Execution time: 2880.488 ms
(8 rows)

===== 265 [Wed Mar  7 16:30:06 CET 2018] scale:10000000 groups:10000 work_mem:16MB incremental:on max_workers:0 =====
SELECT * FROM s_1 ORDER BY a, b LIMIT 100000
                                                                           QUERY PLAN                                                                           
----------------------------------------------------------------------------------------------------------------------------------------------------------------
 Limit  (cost=2926.04..2926.04 rows=1 width=20) (actual time=55.609..55.609 rows=0 loops=1)
   ->  Limit  (cost=90.00..1926.04 rows=100000 width=20) (actual time=0.312..52.890 rows=100000 loops=1)
         ->  Incremental Sort  (cost=90.00..183692.18 rows=9999939 width=20) (actual time=0.312..47.416 rows=100000 loops=1)
               Sort Key: s_1.a, s_1.b
               Presorted Key: s_1.a
               Sort Method: quicksort  Memory: 133kB
               Sort Groups: 101
               ->  Index Only Scan using s_1_a_e_d_c_b_idx on s_1  (cost=0.56..348311.65 rows=9999939 width=20) (actual time=0.031..12.626 rows=100385 loops=1)
                     Heap Fetches: 0
 Planning time: 0.289 ms
 Execution time: 55.643 ms
(11 rows)

===== 266 [Wed Mar  7 16:30:06 CET 2018] scale:10000000 groups:10000 work_mem:16MB incremental:on max_workers:0 =====
SELECT * FROM s_2 ORDER BY a, b, c LIMIT 100000
                                                                           QUERY PLAN                                                                           
----------------------------------------------------------------------------------------------------------------------------------------------------------------
 Limit  (cost=3002.51..3002.51 rows=1 width=20) (actual time=39.318..39.318 rows=0 loops=1)
   ->  Limit  (cost=1.07..2002.51 rows=100000 width=20) (actual time=0.089..36.590 rows=100000 loops=1)
         ->  Incremental Sort  (cost=1.07..200143.47 rows=9999939 width=20) (actual time=0.089..31.086 rows=100000 loops=1)
               Sort Key: s_2.a, s_2.b, s_2.c
               Presorted Key: s_2.a, s_2.b
               Sort Method: quicksort  Memory: 27kB
               Sort Groups: 3121
               ->  Index Only Scan using s_2_a_b_e_d_c_idx on s_2  (cost=0.56..348311.65 rows=9999939 width=20) (actual time=0.037..12.617 rows=100016 loops=1)
                     Heap Fetches: 0
 Planning time: 0.297 ms
 Execution time: 39.344 ms
(11 rows)

===== 267 [Wed Mar  7 16:30:06 CET 2018] scale:10000000 groups:10000 work_mem:16MB incremental:on max_workers:0 =====
SELECT * FROM s_3 ORDER BY a, b, c, d LIMIT 100000
                                                                           QUERY PLAN                                                                            
-----------------------------------------------------------------------------------------------------------------------------------------------------------------
 Limit  (cost=3002.51..3002.51 rows=1 width=20) (actual time=37.131..37.131 rows=0 loops=1)
   ->  Limit  (cost=1.07..2002.51 rows=100000 width=20) (actual time=0.082..34.391 rows=100000 loops=1)
         ->  Incremental Sort  (cost=1.07..200145.68 rows=10000054 width=20) (actual time=0.082..28.885 rows=100000 loops=1)
               Sort Key: s_3.a, s_3.b, s_3.c, s_3.d
               Presorted Key: s_3.a, s_3.b, s_3.c
               Sort Method: quicksort  Memory: 27kB
               Sort Groups: 3125
               ->  Index Only Scan using s_3_a_b_c_e_d_idx on s_3  (cost=0.56..348313.37 rows=10000054 width=20) (actual time=0.032..12.530 rows=100001 loops=1)
                     Heap Fetches: 0
 Planning time: 0.306 ms
 Execution time: 37.157 ms
(11 rows)

===== 268 [Wed Mar  7 16:30:07 CET 2018] scale:10000000 groups:10000 work_mem:16MB incremental:off max_workers:0 =====
SELECT * FROM s_1 ORDER BY a, b LIMIT 100000
                                                             QUERY PLAN                                                             
------------------------------------------------------------------------------------------------------------------------------------
 Limit  (cost=1045421.04..1045421.04 rows=1 width=20) (actual time=4578.732..4578.732 rows=0 loops=1)
   ->  Limit  (cost=1044171.04..1044421.04 rows=100000 width=20) (actual time=4561.377..4575.899 rows=100000 loops=1)
         ->  Sort  (cost=1044171.04..1069170.89 rows=9999939 width=20) (actual time=4561.376..4570.321 rows=100000 loops=1)
               Sort Key: s_1.a, s_1.b
               Sort Method: external merge  Disk: 293904kB
               ->  Seq Scan on s_1  (cost=0.00..163694.39 rows=9999939 width=20) (actual time=0.022..641.864 rows=10000000 loops=1)
 Planning time: 0.275 ms
 Execution time: 4612.611 ms
(8 rows)

===== 269 [Wed Mar  7 16:30:32 CET 2018] scale:10000000 groups:10000 work_mem:16MB incremental:off max_workers:0 =====
SELECT * FROM s_2 ORDER BY a, b, c LIMIT 100000
                                                             QUERY PLAN                                                             
------------------------------------------------------------------------------------------------------------------------------------
 Limit  (cost=1045421.04..1045421.04 rows=1 width=20) (actual time=3628.554..3628.554 rows=0 loops=1)
   ->  Limit  (cost=1044171.04..1044421.04 rows=100000 width=20) (actual time=3611.185..3625.772 rows=100000 loops=1)
         ->  Sort  (cost=1044171.04..1069170.89 rows=9999939 width=20) (actual time=3611.184..3620.178 rows=100000 loops=1)
               Sort Key: s_2.a, s_2.b, s_2.c
               Sort Method: external merge  Disk: 293904kB
               ->  Seq Scan on s_2  (cost=0.00..163694.39 rows=9999939 width=20) (actual time=0.028..637.740 rows=10000000 loops=1)
 Planning time: 0.304 ms
 Execution time: 3662.480 ms
(8 rows)

===== 270 [Wed Mar  7 16:30:52 CET 2018] scale:10000000 groups:10000 work_mem:16MB incremental:off max_workers:0 =====
SELECT * FROM s_3 ORDER BY a, b, c, d LIMIT 100000
                                                             QUERY PLAN                                                              
-------------------------------------------------------------------------------------------------------------------------------------
 Limit  (cost=1045432.32..1045432.32 rows=1 width=20) (actual time=2122.277..2122.277 rows=0 loops=1)
   ->  Limit  (cost=1044182.32..1044432.32 rows=100000 width=20) (actual time=2104.777..2119.458 rows=100000 loops=1)
         ->  Sort  (cost=1044182.32..1069182.45 rows=10000054 width=20) (actual time=2104.776..2113.835 rows=100000 loops=1)
               Sort Key: s_3.a, s_3.b, s_3.c, s_3.d
               Sort Method: external merge  Disk: 293904kB
               ->  Seq Scan on s_3  (cost=0.00..163695.54 rows=10000054 width=20) (actual time=0.030..639.843 rows=10000000 loops=1)
 Planning time: 0.293 ms
 Execution time: 2156.175 ms
(8 rows)

===== 271 [Wed Mar  7 16:31:03 CET 2018] scale:10000000 groups:10000 work_mem:32MB incremental:on max_workers:0 =====
SELECT * FROM s_1 ORDER BY a, b LIMIT 100000
                                                                           QUERY PLAN                                                                           
----------------------------------------------------------------------------------------------------------------------------------------------------------------
 Limit  (cost=2926.04..2926.04 rows=1 width=20) (actual time=55.605..55.605 rows=0 loops=1)
   ->  Limit  (cost=90.00..1926.04 rows=100000 width=20) (actual time=0.313..52.884 rows=100000 loops=1)
         ->  Incremental Sort  (cost=90.00..183692.18 rows=9999939 width=20) (actual time=0.312..47.407 rows=100000 loops=1)
               Sort Key: s_1.a, s_1.b
               Presorted Key: s_1.a
               Sort Method: quicksort  Memory: 133kB
               Sort Groups: 101
               ->  Index Only Scan using s_1_a_e_d_c_b_idx on s_1  (cost=0.56..348311.65 rows=9999939 width=20) (actual time=0.031..12.621 rows=100385 loops=1)
                     Heap Fetches: 0
 Planning time: 0.283 ms
 Execution time: 55.637 ms
(11 rows)

===== 272 [Wed Mar  7 16:31:03 CET 2018] scale:10000000 groups:10000 work_mem:32MB incremental:on max_workers:0 =====
SELECT * FROM s_2 ORDER BY a, b, c LIMIT 100000
                                                                           QUERY PLAN                                                                           
----------------------------------------------------------------------------------------------------------------------------------------------------------------
 Limit  (cost=3002.51..3002.51 rows=1 width=20) (actual time=39.314..39.314 rows=0 loops=1)
   ->  Limit  (cost=1.07..2002.51 rows=100000 width=20) (actual time=0.088..36.587 rows=100000 loops=1)
         ->  Incremental Sort  (cost=1.07..200143.47 rows=9999939 width=20) (actual time=0.088..31.088 rows=100000 loops=1)
               Sort Key: s_2.a, s_2.b, s_2.c
               Presorted Key: s_2.a, s_2.b
               Sort Method: quicksort  Memory: 27kB
               Sort Groups: 3121
               ->  Index Only Scan using s_2_a_b_e_d_c_idx on s_2  (cost=0.56..348311.65 rows=9999939 width=20) (actual time=0.036..12.608 rows=100016 loops=1)
                     Heap Fetches: 0
 Planning time: 0.297 ms
 Execution time: 39.340 ms
(11 rows)

===== 273 [Wed Mar  7 16:31:03 CET 2018] scale:10000000 groups:10000 work_mem:32MB incremental:on max_workers:0 =====
SELECT * FROM s_3 ORDER BY a, b, c, d LIMIT 100000
                                                                           QUERY PLAN                                                                            
-----------------------------------------------------------------------------------------------------------------------------------------------------------------
 Limit  (cost=3002.51..3002.51 rows=1 width=20) (actual time=37.136..37.136 rows=0 loops=1)
   ->  Limit  (cost=1.07..2002.51 rows=100000 width=20) (actual time=0.081..34.409 rows=100000 loops=1)
         ->  Incremental Sort  (cost=1.07..200145.68 rows=10000054 width=20) (actual time=0.081..28.907 rows=100000 loops=1)
               Sort Key: s_3.a, s_3.b, s_3.c, s_3.d
               Presorted Key: s_3.a, s_3.b, s_3.c
               Sort Method: quicksort  Memory: 27kB
               Sort Groups: 3125
               ->  Index Only Scan using s_3_a_b_c_e_d_idx on s_3  (cost=0.56..348313.37 rows=10000054 width=20) (actual time=0.033..12.545 rows=100001 loops=1)
                     Heap Fetches: 0
 Planning time: 0.307 ms
 Execution time: 37.162 ms
(11 rows)

===== 274 [Wed Mar  7 16:31:04 CET 2018] scale:10000000 groups:10000 work_mem:32MB incremental:off max_workers:0 =====
SELECT * FROM s_1 ORDER BY a, b LIMIT 100000
                                                             QUERY PLAN                                                             
------------------------------------------------------------------------------------------------------------------------------------
 Limit  (cost=1045421.04..1045421.04 rows=1 width=20) (actual time=1365.371..1365.371 rows=0 loops=1)
   ->  Limit  (cost=1044171.04..1044421.04 rows=100000 width=20) (actual time=1351.878..1362.596 rows=100000 loops=1)
         ->  Sort  (cost=1044171.04..1069170.89 rows=9999939 width=20) (actual time=1351.877..1357.141 rows=100000 loops=1)
               Sort Key: s_1.a, s_1.b
               Sort Method: top-N heapsort  Memory: 13982kB
               ->  Seq Scan on s_1  (cost=0.00..163694.39 rows=9999939 width=20) (actual time=0.022..619.837 rows=10000000 loops=1)
 Planning time: 0.276 ms
 Execution time: 1366.183 ms
(8 rows)

===== 275 [Wed Mar  7 16:31:10 CET 2018] scale:10000000 groups:10000 work_mem:32MB incremental:off max_workers:0 =====
SELECT * FROM s_2 ORDER BY a, b, c LIMIT 100000
                                                             QUERY PLAN                                                             
------------------------------------------------------------------------------------------------------------------------------------
 Limit  (cost=1045421.04..1045421.04 rows=1 width=20) (actual time=1371.709..1371.709 rows=0 loops=1)
   ->  Limit  (cost=1044171.04..1044421.04 rows=100000 width=20) (actual time=1359.537..1368.972 rows=100000 loops=1)
         ->  Sort  (cost=1044171.04..1069170.89 rows=9999939 width=20) (actual time=1359.536..1363.512 rows=100000 loops=1)
               Sort Key: s_2.a, s_2.b, s_2.c
               Sort Method: top-N heapsort  Memory: 13957kB
               ->  Seq Scan on s_2  (cost=0.00..163694.39 rows=9999939 width=20) (actual time=0.035..618.789 rows=10000000 loops=1)
 Planning time: 0.294 ms
 Execution time: 1372.531 ms
(8 rows)

===== 276 [Wed Mar  7 16:31:16 CET 2018] scale:10000000 groups:10000 work_mem:32MB incremental:off max_workers:0 =====
SELECT * FROM s_3 ORDER BY a, b, c, d LIMIT 100000
                                                             QUERY PLAN                                                              
-------------------------------------------------------------------------------------------------------------------------------------
 Limit  (cost=1045432.32..1045432.32 rows=1 width=20) (actual time=1376.800..1376.800 rows=0 loops=1)
   ->  Limit  (cost=1044182.32..1044432.32 rows=100000 width=20) (actual time=1364.633..1374.039 rows=100000 loops=1)
         ->  Sort  (cost=1044182.32..1069182.45 rows=10000054 width=20) (actual time=1364.632..1368.606 rows=100000 loops=1)
               Sort Key: s_3.a, s_3.b, s_3.c, s_3.d
               Sort Method: top-N heapsort  Memory: 13957kB
               ->  Seq Scan on s_3  (cost=0.00..163695.54 rows=10000054 width=20) (actual time=0.029..618.525 rows=10000000 loops=1)
 Planning time: 0.292 ms
 Execution time: 1377.617 ms
(8 rows)

===== 277 [Wed Mar  7 16:31:22 CET 2018] scale:10000000 groups:10000 work_mem:64MB incremental:on max_workers:0 =====
SELECT * FROM s_1 ORDER BY a, b LIMIT 100000
                                                                           QUERY PLAN                                                                           
----------------------------------------------------------------------------------------------------------------------------------------------------------------
 Limit  (cost=2926.04..2926.04 rows=1 width=20) (actual time=55.613..55.613 rows=0 loops=1)
   ->  Limit  (cost=90.00..1926.04 rows=100000 width=20) (actual time=0.313..52.891 rows=100000 loops=1)
         ->  Incremental Sort  (cost=90.00..183692.18 rows=9999939 width=20) (actual time=0.313..47.414 rows=100000 loops=1)
               Sort Key: s_1.a, s_1.b
               Presorted Key: s_1.a
               Sort Method: quicksort  Memory: 133kB
               Sort Groups: 101
               ->  Index Only Scan using s_1_a_e_d_c_b_idx on s_1  (cost=0.56..348311.65 rows=9999939 width=20) (actual time=0.030..12.625 rows=100385 loops=1)
                     Heap Fetches: 0
 Planning time: 0.286 ms
 Execution time: 55.646 ms
(11 rows)

===== 278 [Wed Mar  7 16:31:23 CET 2018] scale:10000000 groups:10000 work_mem:64MB incremental:on max_workers:0 =====
SELECT * FROM s_2 ORDER BY a, b, c LIMIT 100000
                                                                           QUERY PLAN                                                                           
----------------------------------------------------------------------------------------------------------------------------------------------------------------
 Limit  (cost=3002.51..3002.51 rows=1 width=20) (actual time=39.312..39.312 rows=0 loops=1)
   ->  Limit  (cost=1.07..2002.51 rows=100000 width=20) (actual time=0.088..36.573 rows=100000 loops=1)
         ->  Incremental Sort  (cost=1.07..200143.47 rows=9999939 width=20) (actual time=0.088..31.078 rows=100000 loops=1)
               Sort Key: s_2.a, s_2.b, s_2.c
               Presorted Key: s_2.a, s_2.b
               Sort Method: quicksort  Memory: 27kB
               Sort Groups: 3121
               ->  Index Only Scan using s_2_a_b_e_d_c_idx on s_2  (cost=0.56..348311.65 rows=9999939 width=20) (actual time=0.036..12.602 rows=100016 loops=1)
                     Heap Fetches: 0
 Planning time: 0.297 ms
 Execution time: 39.339 ms
(11 rows)

===== 279 [Wed Mar  7 16:31:23 CET 2018] scale:10000000 groups:10000 work_mem:64MB incremental:on max_workers:0 =====
SELECT * FROM s_3 ORDER BY a, b, c, d LIMIT 100000
                                                                           QUERY PLAN                                                                            
-----------------------------------------------------------------------------------------------------------------------------------------------------------------
 Limit  (cost=3002.51..3002.51 rows=1 width=20) (actual time=37.143..37.143 rows=0 loops=1)
   ->  Limit  (cost=1.07..2002.51 rows=100000 width=20) (actual time=0.080..34.407 rows=100000 loops=1)
         ->  Incremental Sort  (cost=1.07..200145.68 rows=10000054 width=20) (actual time=0.080..28.906 rows=100000 loops=1)
               Sort Key: s_3.a, s_3.b, s_3.c, s_3.d
               Presorted Key: s_3.a, s_3.b, s_3.c
               Sort Method: quicksort  Memory: 27kB
               Sort Groups: 3125
               ->  Index Only Scan using s_3_a_b_c_e_d_idx on s_3  (cost=0.56..348313.37 rows=10000054 width=20) (actual time=0.033..12.532 rows=100001 loops=1)
                     Heap Fetches: 0
 Planning time: 0.312 ms
 Execution time: 37.168 ms
(11 rows)

===== 280 [Wed Mar  7 16:31:23 CET 2018] scale:10000000 groups:10000 work_mem:64MB incremental:off max_workers:0 =====
SELECT * FROM s_1 ORDER BY a, b LIMIT 100000
                                                             QUERY PLAN                                                             
------------------------------------------------------------------------------------------------------------------------------------
 Limit  (cost=1045421.04..1045421.04 rows=1 width=20) (actual time=1365.234..1365.234 rows=0 loops=1)
   ->  Limit  (cost=1044171.04..1044421.04 rows=100000 width=20) (actual time=1351.784..1362.468 rows=100000 loops=1)
         ->  Sort  (cost=1044171.04..1069170.89 rows=9999939 width=20) (actual time=1351.783..1357.014 rows=100000 loops=1)
               Sort Key: s_1.a, s_1.b
               Sort Method: top-N heapsort  Memory: 13982kB
               ->  Seq Scan on s_1  (cost=0.00..163694.39 rows=9999939 width=20) (actual time=0.023..619.516 rows=10000000 loops=1)
 Planning time: 0.280 ms
 Execution time: 1366.048 ms
(8 rows)

===== 281 [Wed Mar  7 16:31:29 CET 2018] scale:10000000 groups:10000 work_mem:64MB incremental:off max_workers:0 =====
SELECT * FROM s_2 ORDER BY a, b, c LIMIT 100000
                                                             QUERY PLAN                                                             
------------------------------------------------------------------------------------------------------------------------------------
 Limit  (cost=1045421.04..1045421.04 rows=1 width=20) (actual time=1371.079..1371.079 rows=0 loops=1)
   ->  Limit  (cost=1044171.04..1044421.04 rows=100000 width=20) (actual time=1358.929..1368.325 rows=100000 loops=1)
         ->  Sort  (cost=1044171.04..1069170.89 rows=9999939 width=20) (actual time=1358.928..1362.883 rows=100000 loops=1)
               Sort Key: s_2.a, s_2.b, s_2.c
               Sort Method: top-N heapsort  Memory: 13957kB
               ->  Seq Scan on s_2  (cost=0.00..163694.39 rows=9999939 width=20) (actual time=0.029..617.624 rows=10000000 loops=1)
 Planning time: 0.306 ms
 Execution time: 1371.900 ms
(8 rows)

===== 282 [Wed Mar  7 16:31:35 CET 2018] scale:10000000 groups:10000 work_mem:64MB incremental:off max_workers:0 =====
SELECT * FROM s_3 ORDER BY a, b, c, d LIMIT 100000
                                                             QUERY PLAN                                                              
-------------------------------------------------------------------------------------------------------------------------------------
 Limit  (cost=1045432.32..1045432.32 rows=1 width=20) (actual time=1376.718..1376.718 rows=0 loops=1)
   ->  Limit  (cost=1044182.32..1044432.32 rows=100000 width=20) (actual time=1364.505..1373.931 rows=100000 loops=1)
         ->  Sort  (cost=1044182.32..1069182.45 rows=10000054 width=20) (actual time=1364.504..1368.478 rows=100000 loops=1)
               Sort Key: s_3.a, s_3.b, s_3.c, s_3.d
               Sort Method: top-N heapsort  Memory: 13957kB
               ->  Seq Scan on s_3  (cost=0.00..163695.54 rows=10000054 width=20) (actual time=0.029..619.005 rows=10000000 loops=1)
 Planning time: 0.285 ms
 Execution time: 1377.537 ms
(8 rows)

===== 283 [Wed Mar  7 16:31:42 CET 2018] scale:10000000 groups:10000 work_mem:128MB incremental:on max_workers:0 =====
SELECT * FROM s_1 ORDER BY a, b LIMIT 100000
                                                                           QUERY PLAN                                                                           
----------------------------------------------------------------------------------------------------------------------------------------------------------------
 Limit  (cost=2926.04..2926.04 rows=1 width=20) (actual time=55.601..55.601 rows=0 loops=1)
   ->  Limit  (cost=90.00..1926.04 rows=100000 width=20) (actual time=0.319..52.881 rows=100000 loops=1)
         ->  Incremental Sort  (cost=90.00..183692.18 rows=9999939 width=20) (actual time=0.318..47.409 rows=100000 loops=1)
               Sort Key: s_1.a, s_1.b
               Presorted Key: s_1.a
               Sort Method: quicksort  Memory: 133kB
               Sort Groups: 101
               ->  Index Only Scan using s_1_a_e_d_c_b_idx on s_1  (cost=0.56..348311.65 rows=9999939 width=20) (actual time=0.030..12.616 rows=100385 loops=1)
                     Heap Fetches: 0
 Planning time: 0.285 ms
 Execution time: 55.634 ms
(11 rows)

===== 284 [Wed Mar  7 16:31:42 CET 2018] scale:10000000 groups:10000 work_mem:128MB incremental:on max_workers:0 =====
SELECT * FROM s_2 ORDER BY a, b, c LIMIT 100000
                                                                           QUERY PLAN                                                                           
----------------------------------------------------------------------------------------------------------------------------------------------------------------
 Limit  (cost=3002.51..3002.51 rows=1 width=20) (actual time=39.307..39.307 rows=0 loops=1)
   ->  Limit  (cost=1.07..2002.51 rows=100000 width=20) (actual time=0.092..36.584 rows=100000 loops=1)
         ->  Incremental Sort  (cost=1.07..200143.47 rows=9999939 width=20) (actual time=0.092..31.079 rows=100000 loops=1)
               Sort Key: s_2.a, s_2.b, s_2.c
               Presorted Key: s_2.a, s_2.b
               Sort Method: quicksort  Memory: 27kB
               Sort Groups: 3121
               ->  Index Only Scan using s_2_a_b_e_d_c_idx on s_2  (cost=0.56..348311.65 rows=9999939 width=20) (actual time=0.037..12.603 rows=100016 loops=1)
                     Heap Fetches: 0
 Planning time: 0.301 ms
 Execution time: 39.333 ms
(11 rows)

===== 285 [Wed Mar  7 16:31:42 CET 2018] scale:10000000 groups:10000 work_mem:128MB incremental:on max_workers:0 =====
SELECT * FROM s_3 ORDER BY a, b, c, d LIMIT 100000
                                                                           QUERY PLAN                                                                            
-----------------------------------------------------------------------------------------------------------------------------------------------------------------
 Limit  (cost=3002.51..3002.51 rows=1 width=20) (actual time=37.137..37.137 rows=0 loops=1)
   ->  Limit  (cost=1.07..2002.51 rows=100000 width=20) (actual time=0.080..34.391 rows=100000 loops=1)
         ->  Incremental Sort  (cost=1.07..200145.68 rows=10000054 width=20) (actual time=0.080..28.887 rows=100000 loops=1)
               Sort Key: s_3.a, s_3.b, s_3.c, s_3.d
               Presorted Key: s_3.a, s_3.b, s_3.c
               Sort Method: quicksort  Memory: 27kB
               Sort Groups: 3125
               ->  Index Only Scan using s_3_a_b_c_e_d_idx on s_3  (cost=0.56..348313.37 rows=10000054 width=20) (actual time=0.032..12.539 rows=100001 loops=1)
                     Heap Fetches: 0
 Planning time: 0.309 ms
 Execution time: 37.163 ms
(11 rows)

===== 286 [Wed Mar  7 16:31:42 CET 2018] scale:10000000 groups:10000 work_mem:128MB incremental:off max_workers:0 =====
SELECT * FROM s_1 ORDER BY a, b LIMIT 100000
                                                             QUERY PLAN                                                             
------------------------------------------------------------------------------------------------------------------------------------
 Limit  (cost=1045421.04..1045421.04 rows=1 width=20) (actual time=1364.288..1364.288 rows=0 loops=1)
   ->  Limit  (cost=1044171.04..1044421.04 rows=100000 width=20) (actual time=1350.812..1361.514 rows=100000 loops=1)
         ->  Sort  (cost=1044171.04..1069170.89 rows=9999939 width=20) (actual time=1350.811..1356.055 rows=100000 loops=1)
               Sort Key: s_1.a, s_1.b
               Sort Method: top-N heapsort  Memory: 13982kB
               ->  Seq Scan on s_1  (cost=0.00..163694.39 rows=9999939 width=20) (actual time=0.023..618.276 rows=10000000 loops=1)
 Planning time: 0.283 ms
 Execution time: 1365.112 ms
(8 rows)

===== 287 [Wed Mar  7 16:31:49 CET 2018] scale:10000000 groups:10000 work_mem:128MB incremental:off max_workers:0 =====
SELECT * FROM s_2 ORDER BY a, b, c LIMIT 100000
                                                             QUERY PLAN                                                             
------------------------------------------------------------------------------------------------------------------------------------
 Limit  (cost=1045421.04..1045421.04 rows=1 width=20) (actual time=1372.031..1372.031 rows=0 loops=1)
   ->  Limit  (cost=1044171.04..1044421.04 rows=100000 width=20) (actual time=1359.878..1369.286 rows=100000 loops=1)
         ->  Sort  (cost=1044171.04..1069170.89 rows=9999939 width=20) (actual time=1359.877..1363.842 rows=100000 loops=1)
               Sort Key: s_2.a, s_2.b, s_2.c
               Sort Method: top-N heapsort  Memory: 13957kB
               ->  Seq Scan on s_2  (cost=0.00..163694.39 rows=9999939 width=20) (actual time=0.027..619.071 rows=10000000 loops=1)
 Planning time: 0.299 ms
 Execution time: 1372.850 ms
(8 rows)

===== 288 [Wed Mar  7 16:31:55 CET 2018] scale:10000000 groups:10000 work_mem:128MB incremental:off max_workers:0 =====
SELECT * FROM s_3 ORDER BY a, b, c, d LIMIT 100000
                                                             QUERY PLAN                                                              
-------------------------------------------------------------------------------------------------------------------------------------
 Limit  (cost=1045432.32..1045432.32 rows=1 width=20) (actual time=1376.694..1376.694 rows=0 loops=1)
   ->  Limit  (cost=1044182.32..1044432.32 rows=100000 width=20) (actual time=1364.535..1373.956 rows=100000 loops=1)
         ->  Sort  (cost=1044182.32..1069182.45 rows=10000054 width=20) (actual time=1364.534..1368.502 rows=100000 loops=1)
               Sort Key: s_3.a, s_3.b, s_3.c, s_3.d
               Sort Method: top-N heapsort  Memory: 13957kB
               ->  Seq Scan on s_3  (cost=0.00..163695.54 rows=10000054 width=20) (actual time=0.030..618.896 rows=10000000 loops=1)
 Planning time: 0.296 ms
 Execution time: 1377.508 ms
(8 rows)

===== 289 [Wed Mar  7 16:32:01 CET 2018] scale:10000000 groups:10000 work_mem:256MB incremental:on max_workers:0 =====
SELECT * FROM s_1 ORDER BY a, b LIMIT 100000
                                                                           QUERY PLAN                                                                           
----------------------------------------------------------------------------------------------------------------------------------------------------------------
 Limit  (cost=2926.04..2926.04 rows=1 width=20) (actual time=55.603..55.603 rows=0 loops=1)
   ->  Limit  (cost=90.00..1926.04 rows=100000 width=20) (actual time=0.311..52.882 rows=100000 loops=1)
         ->  Incremental Sort  (cost=90.00..183692.18 rows=9999939 width=20) (actual time=0.311..47.408 rows=100000 loops=1)
               Sort Key: s_1.a, s_1.b
               Presorted Key: s_1.a
               Sort Method: quicksort  Memory: 133kB
               Sort Groups: 101
               ->  Index Only Scan using s_1_a_e_d_c_b_idx on s_1  (cost=0.56..348311.65 rows=9999939 width=20) (actual time=0.031..12.626 rows=100385 loops=1)
                     Heap Fetches: 0
 Planning time: 0.289 ms
 Execution time: 55.637 ms
(11 rows)

===== 290 [Wed Mar  7 16:32:01 CET 2018] scale:10000000 groups:10000 work_mem:256MB incremental:on max_workers:0 =====
SELECT * FROM s_2 ORDER BY a, b, c LIMIT 100000
                                                                           QUERY PLAN                                                                           
----------------------------------------------------------------------------------------------------------------------------------------------------------------
 Limit  (cost=3002.51..3002.51 rows=1 width=20) (actual time=39.317..39.317 rows=0 loops=1)
   ->  Limit  (cost=1.07..2002.51 rows=100000 width=20) (actual time=0.091..36.598 rows=100000 loops=1)
         ->  Incremental Sort  (cost=1.07..200143.47 rows=9999939 width=20) (actual time=0.090..31.090 rows=100000 loops=1)
               Sort Key: s_2.a, s_2.b, s_2.c
               Presorted Key: s_2.a, s_2.b
               Sort Method: quicksort  Memory: 27kB
               Sort Groups: 3121
               ->  Index Only Scan using s_2_a_b_e_d_c_idx on s_2  (cost=0.56..348311.65 rows=9999939 width=20) (actual time=0.037..12.616 rows=100016 loops=1)
                     Heap Fetches: 0
 Planning time: 0.300 ms
 Execution time: 39.343 ms
(11 rows)

===== 291 [Wed Mar  7 16:32:02 CET 2018] scale:10000000 groups:10000 work_mem:256MB incremental:on max_workers:0 =====
SELECT * FROM s_3 ORDER BY a, b, c, d LIMIT 100000
                                                                           QUERY PLAN                                                                            
-----------------------------------------------------------------------------------------------------------------------------------------------------------------
 Limit  (cost=3002.51..3002.51 rows=1 width=20) (actual time=37.122..37.122 rows=0 loops=1)
   ->  Limit  (cost=1.07..2002.51 rows=100000 width=20) (actual time=0.083..34.398 rows=100000 loops=1)
         ->  Incremental Sort  (cost=1.07..200145.68 rows=10000054 width=20) (actual time=0.082..28.899 rows=100000 loops=1)
               Sort Key: s_3.a, s_3.b, s_3.c, s_3.d
               Presorted Key: s_3.a, s_3.b, s_3.c
               Sort Method: quicksort  Memory: 27kB
               Sort Groups: 3125
               ->  Index Only Scan using s_3_a_b_c_e_d_idx on s_3  (cost=0.56..348313.37 rows=10000054 width=20) (actual time=0.033..12.538 rows=100001 loops=1)
                     Heap Fetches: 0
 Planning time: 0.302 ms
 Execution time: 37.148 ms
(11 rows)

===== 292 [Wed Mar  7 16:32:02 CET 2018] scale:10000000 groups:10000 work_mem:256MB incremental:off max_workers:0 =====
SELECT * FROM s_1 ORDER BY a, b LIMIT 100000
                                                             QUERY PLAN                                                             
------------------------------------------------------------------------------------------------------------------------------------
 Limit  (cost=1045421.04..1045421.04 rows=1 width=20) (actual time=1364.000..1364.000 rows=0 loops=1)
   ->  Limit  (cost=1044171.04..1044421.04 rows=100000 width=20) (actual time=1350.500..1361.233 rows=100000 loops=1)
         ->  Sort  (cost=1044171.04..1069170.89 rows=9999939 width=20) (actual time=1350.499..1355.771 rows=100000 loops=1)
               Sort Key: s_1.a, s_1.b
               Sort Method: top-N heapsort  Memory: 13982kB
               ->  Seq Scan on s_1  (cost=0.00..163694.39 rows=9999939 width=20) (actual time=0.022..618.607 rows=10000000 loops=1)
 Planning time: 0.277 ms
 Execution time: 1364.816 ms
(8 rows)

===== 293 [Wed Mar  7 16:32:08 CET 2018] scale:10000000 groups:10000 work_mem:256MB incremental:off max_workers:0 =====
SELECT * FROM s_2 ORDER BY a, b, c LIMIT 100000
                                                             QUERY PLAN                                                             
------------------------------------------------------------------------------------------------------------------------------------
 Limit  (cost=1045421.04..1045421.04 rows=1 width=20) (actual time=1370.300..1370.300 rows=0 loops=1)
   ->  Limit  (cost=1044171.04..1044421.04 rows=100000 width=20) (actual time=1358.139..1367.553 rows=100000 loops=1)
         ->  Sort  (cost=1044171.04..1069170.89 rows=9999939 width=20) (actual time=1358.139..1362.106 rows=100000 loops=1)
               Sort Key: s_2.a, s_2.b, s_2.c
               Sort Method: top-N heapsort  Memory: 13957kB
               ->  Seq Scan on s_2  (cost=0.00..163694.39 rows=9999939 width=20) (actual time=0.027..617.501 rows=10000000 loops=1)
 Planning time: 0.300 ms
 Execution time: 1371.120 ms
(8 rows)

===== 294 [Wed Mar  7 16:32:14 CET 2018] scale:10000000 groups:10000 work_mem:256MB incremental:off max_workers:0 =====
SELECT * FROM s_3 ORDER BY a, b, c, d LIMIT 100000
                                                             QUERY PLAN                                                              
-------------------------------------------------------------------------------------------------------------------------------------
 Limit  (cost=1045432.32..1045432.32 rows=1 width=20) (actual time=1375.060..1375.060 rows=0 loops=1)
   ->  Limit  (cost=1044182.32..1044432.32 rows=100000 width=20) (actual time=1362.906..1372.315 rows=100000 loops=1)
         ->  Sort  (cost=1044182.32..1069182.45 rows=10000054 width=20) (actual time=1362.906..1366.865 rows=100000 loops=1)
               Sort Key: s_3.a, s_3.b, s_3.c, s_3.d
               Sort Method: top-N heapsort  Memory: 13957kB
               ->  Seq Scan on s_3  (cost=0.00..163695.54 rows=10000054 width=20) (actual time=0.030..617.154 rows=10000000 loops=1)
 Planning time: 0.287 ms
 Execution time: 1375.879 ms
(8 rows)

===== 295 [Wed Mar  7 16:32:21 CET 2018] scale:10000000 groups:10000 work_mem:4MB incremental:on max_workers:2 =====
SELECT * FROM s_1 ORDER BY a, b LIMIT 100000
                                                                           QUERY PLAN                                                                           
----------------------------------------------------------------------------------------------------------------------------------------------------------------
 Limit  (cost=2926.04..2926.04 rows=1 width=20) (actual time=55.620..55.620 rows=0 loops=1)
   ->  Limit  (cost=90.00..1926.04 rows=100000 width=20) (actual time=0.312..52.904 rows=100000 loops=1)
         ->  Incremental Sort  (cost=90.00..183692.18 rows=9999939 width=20) (actual time=0.312..47.420 rows=100000 loops=1)
               Sort Key: s_1.a, s_1.b
               Presorted Key: s_1.a
               Sort Method: quicksort  Memory: 133kB
               Sort Groups: 101
               ->  Index Only Scan using s_1_a_e_d_c_b_idx on s_1  (cost=0.56..348311.65 rows=9999939 width=20) (actual time=0.031..12.633 rows=100385 loops=1)
                     Heap Fetches: 0
 Planning time: 0.290 ms
 Execution time: 55.652 ms
(11 rows)

===== 296 [Wed Mar  7 16:32:21 CET 2018] scale:10000000 groups:10000 work_mem:4MB incremental:on max_workers:2 =====
SELECT * FROM s_2 ORDER BY a, b, c LIMIT 100000
                                                                           QUERY PLAN                                                                           
----------------------------------------------------------------------------------------------------------------------------------------------------------------
 Limit  (cost=3002.51..3002.51 rows=1 width=20) (actual time=39.332..39.332 rows=0 loops=1)
   ->  Limit  (cost=1.07..2002.51 rows=100000 width=20) (actual time=0.088..36.602 rows=100000 loops=1)
         ->  Incremental Sort  (cost=1.07..200143.47 rows=9999939 width=20) (actual time=0.088..31.082 rows=100000 loops=1)
               Sort Key: s_2.a, s_2.b, s_2.c
               Presorted Key: s_2.a, s_2.b
               Sort Method: quicksort  Memory: 27kB
               Sort Groups: 3121
               ->  Index Only Scan using s_2_a_b_e_d_c_idx on s_2  (cost=0.56..348311.65 rows=9999939 width=20) (actual time=0.036..12.615 rows=100016 loops=1)
                     Heap Fetches: 0
 Planning time: 0.304 ms
 Execution time: 39.362 ms
(11 rows)

===== 297 [Wed Mar  7 16:32:21 CET 2018] scale:10000000 groups:10000 work_mem:4MB incremental:on max_workers:2 =====
SELECT * FROM s_3 ORDER BY a, b, c, d LIMIT 100000
                                                                           QUERY PLAN                                                                            
-----------------------------------------------------------------------------------------------------------------------------------------------------------------
 Limit  (cost=3002.51..3002.51 rows=1 width=20) (actual time=37.156..37.156 rows=0 loops=1)
   ->  Limit  (cost=1.07..2002.51 rows=100000 width=20) (actual time=0.081..34.387 rows=100000 loops=1)
         ->  Incremental Sort  (cost=1.07..200145.68 rows=10000054 width=20) (actual time=0.081..28.890 rows=100000 loops=1)
               Sort Key: s_3.a, s_3.b, s_3.c, s_3.d
               Presorted Key: s_3.a, s_3.b, s_3.c
               Sort Method: quicksort  Memory: 27kB
               Sort Groups: 3125
               ->  Index Only Scan using s_3_a_b_c_e_d_idx on s_3  (cost=0.56..348313.37 rows=10000054 width=20) (actual time=0.033..12.540 rows=100001 loops=1)
                     Heap Fetches: 0
 Planning time: 0.311 ms
 Execution time: 37.182 ms
(11 rows)

===== 298 [Wed Mar  7 16:32:21 CET 2018] scale:10000000 groups:10000 work_mem:4MB incremental:off max_workers:2 =====
SELECT * FROM s_1 ORDER BY a, b LIMIT 100000
                                                                    QUERY PLAN                                                                    
--------------------------------------------------------------------------------------------------------------------------------------------------
 Limit  (cost=748058.54..748058.54 rows=1 width=20) (actual time=1827.560..1827.560 rows=0 loops=1)
   ->  Limit  (cost=735391.06..747058.54 rows=100000 width=20) (actual time=1799.628..1824.759 rows=100000 loops=1)
         ->  Gather Merge  (cost=735391.06..1707675.17 rows=8333282 width=20) (actual time=1799.627..1819.085 rows=100000 loops=1)
               Workers Planned: 2
               Workers Launched: 2
               ->  Sort  (cost=734391.04..744807.64 rows=4166641 width=20) (actual time=1794.680..1797.827 rows=34011 loops=3)
                     Sort Key: s_1.a, s_1.b
                     Sort Method: external merge  Disk: 98480kB
                     Worker 0:  Sort Method: external merge  Disk: 97744kB
                     Worker 1:  Sort Method: external merge  Disk: 97376kB
                     ->  Parallel Seq Scan on s_1  (cost=0.00..105361.41 rows=4166641 width=20) (actual time=0.023..226.734 rows=3333333 loops=3)
 Planning time: 0.298 ms
 Execution time: 1851.975 ms
(13 rows)

===== 299 [Wed Mar  7 16:32:32 CET 2018] scale:10000000 groups:10000 work_mem:4MB incremental:off max_workers:2 =====
SELECT * FROM s_2 ORDER BY a, b, c LIMIT 100000
                                                                    QUERY PLAN                                                                    
--------------------------------------------------------------------------------------------------------------------------------------------------
 Limit  (cost=748058.54..748058.54 rows=1 width=20) (actual time=1511.892..1511.892 rows=0 loops=1)
   ->  Limit  (cost=735391.06..747058.54 rows=100000 width=20) (actual time=1485.885..1509.087 rows=100000 loops=1)
         ->  Gather Merge  (cost=735391.06..1707675.17 rows=8333282 width=20) (actual time=1485.884..1503.463 rows=100000 loops=1)
               Workers Planned: 2
               Workers Launched: 2
               ->  Sort  (cost=734391.04..744807.64 rows=4166641 width=20) (actual time=1483.694..1486.852 rows=33959 loops=3)
                     Sort Key: s_2.a, s_2.b, s_2.c
                     Sort Method: external merge  Disk: 98016kB
                     Worker 0:  Sort Method: external merge  Disk: 97744kB
                     Worker 1:  Sort Method: external merge  Disk: 97840kB
                     ->  Parallel Seq Scan on s_2  (cost=0.00..105361.41 rows=4166641 width=20) (actual time=0.026..234.184 rows=3333333 loops=3)
 Planning time: 0.310 ms
 Execution time: 1536.479 ms
(13 rows)

===== 300 [Wed Mar  7 16:32:40 CET 2018] scale:10000000 groups:10000 work_mem:4MB incremental:off max_workers:2 =====
SELECT * FROM s_3 ORDER BY a, b, c, d LIMIT 100000
                                                                    QUERY PLAN                                                                    
--------------------------------------------------------------------------------------------------------------------------------------------------
 Limit  (cost=748071.64..748071.64 rows=1 width=20) (actual time=1075.747..1075.747 rows=0 loops=1)
   ->  Limit  (cost=735404.16..747071.64 rows=100000 width=20) (actual time=1049.734..1072.943 rows=100000 loops=1)
         ->  Gather Merge  (cost=735404.16..1707699.48 rows=8333378 width=20) (actual time=1049.734..1067.298 rows=100000 loops=1)
               Workers Planned: 2
               Workers Launched: 2
               ->  Sort  (cost=734404.14..744820.86 rows=4166689 width=20) (actual time=1045.579..1048.722 rows=33959 loops=3)
                     Sort Key: s_3.a, s_3.b, s_3.c, s_3.d
                     Sort Method: external merge  Disk: 96720kB
                     Worker 0:  Sort Method: external merge  Disk: 98464kB
                     Worker 1:  Sort Method: external merge  Disk: 98424kB
                     ->  Parallel Seq Scan on s_3  (cost=0.00..105361.89 rows=4166689 width=20) (actual time=0.024..240.482 rows=3333333 loops=3)
 Planning time: 0.303 ms
 Execution time: 1100.401 ms
(13 rows)

===== 301 [Wed Mar  7 16:32:46 CET 2018] scale:10000000 groups:10000 work_mem:8MB incremental:on max_workers:2 =====
SELECT * FROM s_1 ORDER BY a, b LIMIT 100000
                                                                           QUERY PLAN                                                                           
----------------------------------------------------------------------------------------------------------------------------------------------------------------
 Limit  (cost=2926.04..2926.04 rows=1 width=20) (actual time=55.611..55.611 rows=0 loops=1)
   ->  Limit  (cost=90.00..1926.04 rows=100000 width=20) (actual time=0.313..52.898 rows=100000 loops=1)
         ->  Incremental Sort  (cost=90.00..183692.18 rows=9999939 width=20) (actual time=0.313..47.417 rows=100000 loops=1)
               Sort Key: s_1.a, s_1.b
               Presorted Key: s_1.a
               Sort Method: quicksort  Memory: 133kB
               Sort Groups: 101
               ->  Index Only Scan using s_1_a_e_d_c_b_idx on s_1  (cost=0.56..348311.65 rows=9999939 width=20) (actual time=0.031..12.621 rows=100385 loops=1)
                     Heap Fetches: 0
 Planning time: 0.298 ms
 Execution time: 55.644 ms
(11 rows)

===== 302 [Wed Mar  7 16:32:47 CET 2018] scale:10000000 groups:10000 work_mem:8MB incremental:on max_workers:2 =====
SELECT * FROM s_2 ORDER BY a, b, c LIMIT 100000
                                                                           QUERY PLAN                                                                           
----------------------------------------------------------------------------------------------------------------------------------------------------------------
 Limit  (cost=3002.51..3002.51 rows=1 width=20) (actual time=39.368..39.368 rows=0 loops=1)
   ->  Limit  (cost=1.07..2002.51 rows=100000 width=20) (actual time=0.095..36.610 rows=100000 loops=1)
         ->  Incremental Sort  (cost=1.07..200143.47 rows=9999939 width=20) (actual time=0.095..31.108 rows=100000 loops=1)
               Sort Key: s_2.a, s_2.b, s_2.c
               Presorted Key: s_2.a, s_2.b
               Sort Method: quicksort  Memory: 27kB
               Sort Groups: 3121
               ->  Index Only Scan using s_2_a_b_e_d_c_idx on s_2  (cost=0.56..348311.65 rows=9999939 width=20) (actual time=0.037..12.621 rows=100016 loops=1)
                     Heap Fetches: 0
 Planning time: 0.307 ms
 Execution time: 39.398 ms
(11 rows)

===== 303 [Wed Mar  7 16:32:47 CET 2018] scale:10000000 groups:10000 work_mem:8MB incremental:on max_workers:2 =====
SELECT * FROM s_3 ORDER BY a, b, c, d LIMIT 100000
                                                                           QUERY PLAN                                                                            
-----------------------------------------------------------------------------------------------------------------------------------------------------------------
 Limit  (cost=3002.51..3002.51 rows=1 width=20) (actual time=37.136..37.136 rows=0 loops=1)
   ->  Limit  (cost=1.07..2002.51 rows=100000 width=20) (actual time=0.081..34.397 rows=100000 loops=1)
         ->  Incremental Sort  (cost=1.07..200145.68 rows=10000054 width=20) (actual time=0.081..28.897 rows=100000 loops=1)
               Sort Key: s_3.a, s_3.b, s_3.c, s_3.d
               Presorted Key: s_3.a, s_3.b, s_3.c
               Sort Method: quicksort  Memory: 27kB
               Sort Groups: 3125
               ->  Index Only Scan using s_3_a_b_c_e_d_idx on s_3  (cost=0.56..348313.37 rows=10000054 width=20) (actual time=0.033..12.539 rows=100001 loops=1)
                     Heap Fetches: 0
 Planning time: 0.305 ms
 Execution time: 37.161 ms
(11 rows)

===== 304 [Wed Mar  7 16:32:47 CET 2018] scale:10000000 groups:10000 work_mem:8MB incremental:off max_workers:2 =====
SELECT * FROM s_1 ORDER BY a, b LIMIT 100000
                                                                    QUERY PLAN                                                                    
--------------------------------------------------------------------------------------------------------------------------------------------------
 Limit  (cost=485894.17..485894.17 rows=1 width=20) (actual time=1609.051..1609.051 rows=0 loops=1)
   ->  Limit  (cost=473226.69..484894.17 rows=100000 width=20) (actual time=1580.919..1606.242 rows=100000 loops=1)
         ->  Gather Merge  (cost=473226.69..1445510.80 rows=8333282 width=20) (actual time=1580.918..1600.571 rows=100000 loops=1)
               Workers Planned: 2
               Workers Launched: 2
               ->  Sort  (cost=472226.66..482643.26 rows=4166641 width=20) (actual time=1576.491..1579.640 rows=33988 loops=3)
                     Sort Key: s_1.a, s_1.b
                     Sort Method: external merge  Disk: 98920kB
                     Worker 0:  Sort Method: external merge  Disk: 97792kB
                     Worker 1:  Sort Method: external merge  Disk: 96896kB
                     ->  Parallel Seq Scan on s_1  (cost=0.00..105361.41 rows=4166641 width=20) (actual time=0.022..227.130 rows=3333333 loops=3)
 Planning time: 0.301 ms
 Execution time: 1633.790 ms
(13 rows)

===== 305 [Wed Mar  7 16:32:56 CET 2018] scale:10000000 groups:10000 work_mem:8MB incremental:off max_workers:2 =====
SELECT * FROM s_2 ORDER BY a, b, c LIMIT 100000
                                                                    QUERY PLAN                                                                    
--------------------------------------------------------------------------------------------------------------------------------------------------
 Limit  (cost=485894.17..485894.17 rows=1 width=20) (actual time=1302.616..1302.616 rows=0 loops=1)
   ->  Limit  (cost=473226.69..484894.17 rows=100000 width=20) (actual time=1276.503..1299.815 rows=100000 loops=1)
         ->  Gather Merge  (cost=473226.69..1445510.80 rows=8333282 width=20) (actual time=1276.503..1294.189 rows=100000 loops=1)
               Workers Planned: 2
               Workers Launched: 2
               ->  Sort  (cost=472226.66..482643.26 rows=4166641 width=20) (actual time=1270.141..1273.289 rows=34074 loops=3)
                     Sort Key: s_2.a, s_2.b, s_2.c
                     Sort Method: external merge  Disk: 98024kB
                     Worker 0:  Sort Method: external merge  Disk: 97792kB
                     Worker 1:  Sort Method: external merge  Disk: 97792kB
                     ->  Parallel Seq Scan on s_2  (cost=0.00..105361.41 rows=4166641 width=20) (actual time=0.022..232.452 rows=3333333 loops=3)
 Planning time: 0.308 ms
 Execution time: 1327.595 ms
(13 rows)

===== 306 [Wed Mar  7 16:33:04 CET 2018] scale:10000000 groups:10000 work_mem:8MB incremental:off max_workers:2 =====
SELECT * FROM s_3 ORDER BY a, b, c, d LIMIT 100000
                                                                    QUERY PLAN                                                                    
--------------------------------------------------------------------------------------------------------------------------------------------------
 Limit  (cost=485898.87..485898.87 rows=1 width=20) (actual time=842.960..842.960 rows=0 loops=1)
   ->  Limit  (cost=473231.39..484898.87 rows=100000 width=20) (actual time=816.941..840.156 rows=100000 loops=1)
         ->  Gather Merge  (cost=473231.39..1445526.71 rows=8333378 width=20) (actual time=816.940..834.547 rows=100000 loops=1)
               Workers Planned: 2
               Workers Launched: 2
               ->  Sort  (cost=472231.37..482648.09 rows=4166689 width=20) (actual time=813.415..816.539 rows=33922 loops=3)
                     Sort Key: s_3.a, s_3.b, s_3.c, s_3.d
                     Sort Method: external merge  Disk: 97792kB
                     Worker 0:  Sort Method: external merge  Disk: 98144kB
                     Worker 1:  Sort Method: external merge  Disk: 97672kB
                     ->  Parallel Seq Scan on s_3  (cost=0.00..105361.89 rows=4166689 width=20) (actual time=0.025..238.638 rows=3333333 loops=3)
 Planning time: 0.311 ms
 Execution time: 867.902 ms
(13 rows)

===== 307 [Wed Mar  7 16:33:08 CET 2018] scale:10000000 groups:10000 work_mem:16MB incremental:on max_workers:2 =====
SELECT * FROM s_1 ORDER BY a, b LIMIT 100000
                                                                           QUERY PLAN                                                                           
----------------------------------------------------------------------------------------------------------------------------------------------------------------
 Limit  (cost=2926.04..2926.04 rows=1 width=20) (actual time=55.617..55.617 rows=0 loops=1)
   ->  Limit  (cost=90.00..1926.04 rows=100000 width=20) (actual time=0.312..52.893 rows=100000 loops=1)
         ->  Incremental Sort  (cost=90.00..183692.18 rows=9999939 width=20) (actual time=0.312..47.419 rows=100000 loops=1)
               Sort Key: s_1.a, s_1.b
               Presorted Key: s_1.a
               Sort Method: quicksort  Memory: 133kB
               Sort Groups: 101
               ->  Index Only Scan using s_1_a_e_d_c_b_idx on s_1  (cost=0.56..348311.65 rows=9999939 width=20) (actual time=0.031..12.634 rows=100385 loops=1)
                     Heap Fetches: 0
 Planning time: 0.294 ms
 Execution time: 55.656 ms
(11 rows)

===== 308 [Wed Mar  7 16:33:08 CET 2018] scale:10000000 groups:10000 work_mem:16MB incremental:on max_workers:2 =====
SELECT * FROM s_2 ORDER BY a, b, c LIMIT 100000
                                                                           QUERY PLAN                                                                           
----------------------------------------------------------------------------------------------------------------------------------------------------------------
 Limit  (cost=3002.51..3002.51 rows=1 width=20) (actual time=39.346..39.346 rows=0 loops=1)
   ->  Limit  (cost=1.07..2002.51 rows=100000 width=20) (actual time=0.089..36.631 rows=100000 loops=1)
         ->  Incremental Sort  (cost=1.07..200143.47 rows=9999939 width=20) (actual time=0.088..31.121 rows=100000 loops=1)
               Sort Key: s_2.a, s_2.b, s_2.c
               Presorted Key: s_2.a, s_2.b
               Sort Method: quicksort  Memory: 27kB
               Sort Groups: 3121
               ->  Index Only Scan using s_2_a_b_e_d_c_idx on s_2  (cost=0.56..348311.65 rows=9999939 width=20) (actual time=0.036..12.610 rows=100016 loops=1)
                     Heap Fetches: 0
 Planning time: 0.311 ms
 Execution time: 39.376 ms
(11 rows)

===== 309 [Wed Mar  7 16:33:09 CET 2018] scale:10000000 groups:10000 work_mem:16MB incremental:on max_workers:2 =====
SELECT * FROM s_3 ORDER BY a, b, c, d LIMIT 100000
                                                                           QUERY PLAN                                                                            
-----------------------------------------------------------------------------------------------------------------------------------------------------------------
 Limit  (cost=3002.51..3002.51 rows=1 width=20) (actual time=37.140..37.140 rows=0 loops=1)
   ->  Limit  (cost=1.07..2002.51 rows=100000 width=20) (actual time=0.080..34.395 rows=100000 loops=1)
         ->  Incremental Sort  (cost=1.07..200145.68 rows=10000054 width=20) (actual time=0.080..28.894 rows=100000 loops=1)
               Sort Key: s_3.a, s_3.b, s_3.c, s_3.d
               Presorted Key: s_3.a, s_3.b, s_3.c
               Sort Method: quicksort  Memory: 27kB
               Sort Groups: 3125
               ->  Index Only Scan using s_3_a_b_c_e_d_idx on s_3  (cost=0.56..348313.37 rows=10000054 width=20) (actual time=0.032..12.531 rows=100001 loops=1)
                     Heap Fetches: 0
 Planning time: 0.312 ms
 Execution time: 37.167 ms
(11 rows)

===== 310 [Wed Mar  7 16:33:09 CET 2018] scale:10000000 groups:10000 work_mem:16MB incremental:off max_workers:2 =====
SELECT * FROM s_1 ORDER BY a, b LIMIT 100000
                                                                    QUERY PLAN                                                                    
--------------------------------------------------------------------------------------------------------------------------------------------------
 Limit  (cost=485894.17..485894.17 rows=1 width=20) (actual time=1533.049..1533.049 rows=0 loops=1)
   ->  Limit  (cost=473226.69..484894.17 rows=100000 width=20) (actual time=1504.987..1530.244 rows=100000 loops=1)
         ->  Gather Merge  (cost=473226.69..1445510.80 rows=8333282 width=20) (actual time=1504.987..1524.574 rows=100000 loops=1)
               Workers Planned: 2
               Workers Launched: 2
               ->  Sort  (cost=472226.66..482643.26 rows=4166641 width=20) (actual time=1499.934..1503.123 rows=33995 loops=3)
                     Sort Key: s_1.a, s_1.b
                     Sort Method: external merge  Disk: 98248kB
                     Worker 0:  Sort Method: external merge  Disk: 97696kB
                     Worker 1:  Sort Method: external merge  Disk: 97968kB
                     ->  Parallel Seq Scan on s_1  (cost=0.00..105361.41 rows=4166641 width=20) (actual time=0.024..232.380 rows=3333333 loops=3)
 Planning time: 0.296 ms
 Execution time: 1559.038 ms
(13 rows)

===== 311 [Wed Mar  7 16:33:18 CET 2018] scale:10000000 groups:10000 work_mem:16MB incremental:off max_workers:2 =====
SELECT * FROM s_2 ORDER BY a, b, c LIMIT 100000
                                                                    QUERY PLAN                                                                    
--------------------------------------------------------------------------------------------------------------------------------------------------
 Limit  (cost=485894.17..485894.17 rows=1 width=20) (actual time=1242.203..1242.203 rows=0 loops=1)
   ->  Limit  (cost=473226.69..484894.17 rows=100000 width=20) (actual time=1216.173..1239.380 rows=100000 loops=1)
         ->  Gather Merge  (cost=473226.69..1445510.80 rows=8333282 width=20) (actual time=1216.172..1233.771 rows=100000 loops=1)
               Workers Planned: 2
               Workers Launched: 2
               ->  Sort  (cost=472226.66..482643.26 rows=4166641 width=20) (actual time=1213.396..1216.565 rows=33948 loops=3)
                     Sort Key: s_2.a, s_2.b, s_2.c
                     Sort Method: external merge  Disk: 98168kB
                     Worker 0:  Sort Method: external merge  Disk: 97936kB
                     Worker 1:  Sort Method: external merge  Disk: 97808kB
                     ->  Parallel Seq Scan on s_2  (cost=0.00..105361.41 rows=4166641 width=20) (actual time=0.023..232.210 rows=3333333 loops=3)
 Planning time: 0.313 ms
 Execution time: 1268.251 ms
(13 rows)

===== 312 [Wed Mar  7 16:33:25 CET 2018] scale:10000000 groups:10000 work_mem:16MB incremental:off max_workers:2 =====
SELECT * FROM s_3 ORDER BY a, b, c, d LIMIT 100000
                                                                    QUERY PLAN                                                                    
--------------------------------------------------------------------------------------------------------------------------------------------------
 Limit  (cost=485898.87..485898.87 rows=1 width=20) (actual time=779.789..779.789 rows=0 loops=1)
   ->  Limit  (cost=473231.39..484898.87 rows=100000 width=20) (actual time=753.787..776.981 rows=100000 loops=1)
         ->  Gather Merge  (cost=473231.39..1445526.71 rows=8333378 width=20) (actual time=753.786..771.361 rows=100000 loops=1)
               Workers Planned: 2
               Workers Launched: 2
               ->  Sort  (cost=472231.37..482648.09 rows=4166689 width=20) (actual time=750.043..753.208 rows=33966 loops=3)
                     Sort Key: s_3.a, s_3.b, s_3.c, s_3.d
                     Sort Method: external merge  Disk: 96320kB
                     Worker 0:  Sort Method: external merge  Disk: 98632kB
                     Worker 1:  Sort Method: external merge  Disk: 98960kB
                     ->  Parallel Seq Scan on s_3  (cost=0.00..105361.89 rows=4166689 width=20) (actual time=0.023..237.969 rows=3333333 loops=3)
 Planning time: 0.306 ms
 Execution time: 805.428 ms
(13 rows)

===== 313 [Wed Mar  7 16:33:29 CET 2018] scale:10000000 groups:10000 work_mem:32MB incremental:on max_workers:2 =====
SELECT * FROM s_1 ORDER BY a, b LIMIT 100000
                                                                           QUERY PLAN                                                                           
----------------------------------------------------------------------------------------------------------------------------------------------------------------
 Limit  (cost=2926.04..2926.04 rows=1 width=20) (actual time=55.604..55.604 rows=0 loops=1)
   ->  Limit  (cost=90.00..1926.04 rows=100000 width=20) (actual time=0.313..52.886 rows=100000 loops=1)
         ->  Incremental Sort  (cost=90.00..183692.18 rows=9999939 width=20) (actual time=0.313..47.412 rows=100000 loops=1)
               Sort Key: s_1.a, s_1.b
               Presorted Key: s_1.a
               Sort Method: quicksort  Memory: 133kB
               Sort Groups: 101
               ->  Index Only Scan using s_1_a_e_d_c_b_idx on s_1  (cost=0.56..348311.65 rows=9999939 width=20) (actual time=0.031..12.621 rows=100385 loops=1)
                     Heap Fetches: 0
 Planning time: 0.302 ms
 Execution time: 55.638 ms
(11 rows)

===== 314 [Wed Mar  7 16:33:29 CET 2018] scale:10000000 groups:10000 work_mem:32MB incremental:on max_workers:2 =====
SELECT * FROM s_2 ORDER BY a, b, c LIMIT 100000
                                                                           QUERY PLAN                                                                           
----------------------------------------------------------------------------------------------------------------------------------------------------------------
 Limit  (cost=3002.51..3002.51 rows=1 width=20) (actual time=39.348..39.348 rows=0 loops=1)
   ->  Limit  (cost=1.07..2002.51 rows=100000 width=20) (actual time=0.088..36.614 rows=100000 loops=1)
         ->  Incremental Sort  (cost=1.07..200143.47 rows=9999939 width=20) (actual time=0.088..31.100 rows=100000 loops=1)
               Sort Key: s_2.a, s_2.b, s_2.c
               Presorted Key: s_2.a, s_2.b
               Sort Method: quicksort  Memory: 27kB
               Sort Groups: 3121
               ->  Index Only Scan using s_2_a_b_e_d_c_idx on s_2  (cost=0.56..348311.65 rows=9999939 width=20) (actual time=0.036..12.613 rows=100016 loops=1)
                     Heap Fetches: 0
 Planning time: 0.305 ms
 Execution time: 39.379 ms
(11 rows)

===== 315 [Wed Mar  7 16:33:29 CET 2018] scale:10000000 groups:10000 work_mem:32MB incremental:on max_workers:2 =====
SELECT * FROM s_3 ORDER BY a, b, c, d LIMIT 100000
                                                                           QUERY PLAN                                                                            
-----------------------------------------------------------------------------------------------------------------------------------------------------------------
 Limit  (cost=3002.51..3002.51 rows=1 width=20) (actual time=37.125..37.125 rows=0 loops=1)
   ->  Limit  (cost=1.07..2002.51 rows=100000 width=20) (actual time=0.081..34.394 rows=100000 loops=1)
         ->  Incremental Sort  (cost=1.07..200145.68 rows=10000054 width=20) (actual time=0.081..28.892 rows=100000 loops=1)
               Sort Key: s_3.a, s_3.b, s_3.c, s_3.d
               Presorted Key: s_3.a, s_3.b, s_3.c
               Sort Method: quicksort  Memory: 27kB
               Sort Groups: 3125
               ->  Index Only Scan using s_3_a_b_c_e_d_idx on s_3  (cost=0.56..348313.37 rows=10000054 width=20) (actual time=0.032..12.538 rows=100001 loops=1)
                     Heap Fetches: 0
 Planning time: 0.300 ms
 Execution time: 37.150 ms
(11 rows)

===== 316 [Wed Mar  7 16:33:30 CET 2018] scale:10000000 groups:10000 work_mem:32MB incremental:off max_workers:2 =====
SELECT * FROM s_1 ORDER BY a, b LIMIT 100000
                                                                    QUERY PLAN                                                                    
--------------------------------------------------------------------------------------------------------------------------------------------------
 Limit  (cost=485894.17..485894.17 rows=1 width=20) (actual time=526.988..526.988 rows=0 loops=1)
   ->  Limit  (cost=473226.69..484894.17 rows=100000 width=20) (actual time=500.334..524.184 rows=100000 loops=1)
         ->  Gather Merge  (cost=473226.69..1445510.80 rows=8333282 width=20) (actual time=500.334..518.523 rows=100000 loops=1)
               Workers Planned: 2
               Workers Launched: 2
               ->  Sort  (cost=472226.66..482643.26 rows=4166641 width=20) (actual time=498.833..500.759 rows=34033 loops=3)
                     Sort Key: s_1.a, s_1.b
                     Sort Method: top-N heapsort  Memory: 13961kB
                     Worker 0:  Sort Method: top-N heapsort  Memory: 13958kB
                     Worker 1:  Sort Method: top-N heapsort  Memory: 13963kB
                     ->  Parallel Seq Scan on s_1  (cost=0.00..105361.41 rows=4166641 width=20) (actual time=0.021..221.518 rows=3333333 loops=3)
 Planning time: 0.299 ms
 Execution time: 530.579 ms
(13 rows)

===== 317 [Wed Mar  7 16:33:32 CET 2018] scale:10000000 groups:10000 work_mem:32MB incremental:off max_workers:2 =====
SELECT * FROM s_2 ORDER BY a, b, c LIMIT 100000
                                                                    QUERY PLAN                                                                    
--------------------------------------------------------------------------------------------------------------------------------------------------
 Limit  (cost=485894.17..485894.17 rows=1 width=20) (actual time=534.659..534.659 rows=0 loops=1)
   ->  Limit  (cost=473226.69..484894.17 rows=100000 width=20) (actual time=510.644..531.855 rows=100000 loops=1)
         ->  Gather Merge  (cost=473226.69..1445510.80 rows=8333282 width=20) (actual time=510.644..526.258 rows=100000 loops=1)
               Workers Planned: 2
               Workers Launched: 2
               ->  Sort  (cost=472226.66..482643.26 rows=4166641 width=20) (actual time=509.028..510.496 rows=33960 loops=3)
                     Sort Key: s_2.a, s_2.b, s_2.c
                     Sort Method: top-N heapsort  Memory: 13957kB
                     Worker 0:  Sort Method: top-N heapsort  Memory: 13957kB
                     Worker 1:  Sort Method: top-N heapsort  Memory: 13957kB
                     ->  Parallel Seq Scan on s_2  (cost=0.00..105361.41 rows=4166641 width=20) (actual time=0.022..220.244 rows=3333333 loops=3)
 Planning time: 0.314 ms
 Execution time: 538.154 ms
(13 rows)

===== 318 [Wed Mar  7 16:33:35 CET 2018] scale:10000000 groups:10000 work_mem:32MB incremental:off max_workers:2 =====
SELECT * FROM s_3 ORDER BY a, b, c, d LIMIT 100000
                                                                    QUERY PLAN                                                                    
--------------------------------------------------------------------------------------------------------------------------------------------------
 Limit  (cost=485898.87..485898.87 rows=1 width=20) (actual time=540.434..540.434 rows=0 loops=1)
   ->  Limit  (cost=473231.39..484898.87 rows=100000 width=20) (actual time=516.379..537.630 rows=100000 loops=1)
         ->  Gather Merge  (cost=473231.39..1445526.71 rows=8333378 width=20) (actual time=516.379..532.027 rows=100000 loops=1)
               Workers Planned: 2
               Workers Launched: 2
               ->  Sort  (cost=472231.37..482648.09 rows=4166689 width=20) (actual time=514.835..516.296 rows=33999 loops=3)
                     Sort Key: s_3.a, s_3.b, s_3.c, s_3.d
                     Sort Method: top-N heapsort  Memory: 13957kB
                     Worker 0:  Sort Method: top-N heapsort  Memory: 13957kB
                     Worker 1:  Sort Method: top-N heapsort  Memory: 13957kB
                     ->  Parallel Seq Scan on s_3  (cost=0.00..105361.89 rows=4166689 width=20) (actual time=0.023..222.285 rows=3333333 loops=3)
 Planning time: 0.313 ms
 Execution time: 543.927 ms
(13 rows)

===== 319 [Wed Mar  7 16:33:37 CET 2018] scale:10000000 groups:10000 work_mem:64MB incremental:on max_workers:2 =====
SELECT * FROM s_1 ORDER BY a, b LIMIT 100000
                                                                           QUERY PLAN                                                                           
----------------------------------------------------------------------------------------------------------------------------------------------------------------
 Limit  (cost=2926.04..2926.04 rows=1 width=20) (actual time=55.612..55.612 rows=0 loops=1)
   ->  Limit  (cost=90.00..1926.04 rows=100000 width=20) (actual time=0.319..52.890 rows=100000 loops=1)
         ->  Incremental Sort  (cost=90.00..183692.18 rows=9999939 width=20) (actual time=0.319..47.420 rows=100000 loops=1)
               Sort Key: s_1.a, s_1.b
               Presorted Key: s_1.a
               Sort Method: quicksort  Memory: 133kB
               Sort Groups: 101
               ->  Index Only Scan using s_1_a_e_d_c_b_idx on s_1  (cost=0.56..348311.65 rows=9999939 width=20) (actual time=0.031..12.620 rows=100385 loops=1)
                     Heap Fetches: 0
 Planning time: 0.293 ms
 Execution time: 55.645 ms
(11 rows)

===== 320 [Wed Mar  7 16:33:38 CET 2018] scale:10000000 groups:10000 work_mem:64MB incremental:on max_workers:2 =====
SELECT * FROM s_2 ORDER BY a, b, c LIMIT 100000
                                                                           QUERY PLAN                                                                           
----------------------------------------------------------------------------------------------------------------------------------------------------------------
 Limit  (cost=3002.51..3002.51 rows=1 width=20) (actual time=39.325..39.325 rows=0 loops=1)
   ->  Limit  (cost=1.07..2002.51 rows=100000 width=20) (actual time=0.088..36.597 rows=100000 loops=1)
         ->  Incremental Sort  (cost=1.07..200143.47 rows=9999939 width=20) (actual time=0.088..31.099 rows=100000 loops=1)
               Sort Key: s_2.a, s_2.b, s_2.c
               Presorted Key: s_2.a, s_2.b
               Sort Method: quicksort  Memory: 27kB
               Sort Groups: 3121
               ->  Index Only Scan using s_2_a_b_e_d_c_idx on s_2  (cost=0.56..348311.65 rows=9999939 width=20) (actual time=0.036..12.623 rows=100016 loops=1)
                     Heap Fetches: 0
 Planning time: 0.306 ms
 Execution time: 39.355 ms
(11 rows)

===== 321 [Wed Mar  7 16:33:38 CET 2018] scale:10000000 groups:10000 work_mem:64MB incremental:on max_workers:2 =====
SELECT * FROM s_3 ORDER BY a, b, c, d LIMIT 100000
                                                                           QUERY PLAN                                                                            
-----------------------------------------------------------------------------------------------------------------------------------------------------------------
 Limit  (cost=3002.51..3002.51 rows=1 width=20) (actual time=37.128..37.128 rows=0 loops=1)
   ->  Limit  (cost=1.07..2002.51 rows=100000 width=20) (actual time=0.081..34.403 rows=100000 loops=1)
         ->  Incremental Sort  (cost=1.07..200145.68 rows=10000054 width=20) (actual time=0.081..28.901 rows=100000 loops=1)
               Sort Key: s_3.a, s_3.b, s_3.c, s_3.d
               Presorted Key: s_3.a, s_3.b, s_3.c
               Sort Method: quicksort  Memory: 27kB
               Sort Groups: 3125
               ->  Index Only Scan using s_3_a_b_c_e_d_idx on s_3  (cost=0.56..348313.37 rows=10000054 width=20) (actual time=0.033..12.535 rows=100001 loops=1)
                     Heap Fetches: 0
 Planning time: 0.318 ms
 Execution time: 37.153 ms
(11 rows)

===== 322 [Wed Mar  7 16:33:38 CET 2018] scale:10000000 groups:10000 work_mem:64MB incremental:off max_workers:2 =====
SELECT * FROM s_1 ORDER BY a, b LIMIT 100000
                                                                    QUERY PLAN                                                                    
--------------------------------------------------------------------------------------------------------------------------------------------------
 Limit  (cost=485894.17..485894.17 rows=1 width=20) (actual time=526.712..526.712 rows=0 loops=1)
   ->  Limit  (cost=473226.69..484894.17 rows=100000 width=20) (actual time=500.058..523.908 rows=100000 loops=1)
         ->  Gather Merge  (cost=473226.69..1445510.80 rows=8333282 width=20) (actual time=500.057..518.242 rows=100000 loops=1)
               Workers Planned: 2
               Workers Launched: 2
               ->  Sort  (cost=472226.66..482643.26 rows=4166641 width=20) (actual time=498.495..500.423 rows=34002 loops=3)
                     Sort Key: s_1.a, s_1.b
                     Sort Method: top-N heapsort  Memory: 13965kB
                     Worker 0:  Sort Method: top-N heapsort  Memory: 13958kB
                     Worker 1:  Sort Method: top-N heapsort  Memory: 13958kB
                     ->  Parallel Seq Scan on s_1  (cost=0.00..105361.41 rows=4166641 width=20) (actual time=0.021..220.885 rows=3333333 loops=3)
 Planning time: 0.293 ms
 Execution time: 530.205 ms
(13 rows)

===== 323 [Wed Mar  7 16:33:41 CET 2018] scale:10000000 groups:10000 work_mem:64MB incremental:off max_workers:2 =====
SELECT * FROM s_2 ORDER BY a, b, c LIMIT 100000
                                                                    QUERY PLAN                                                                    
--------------------------------------------------------------------------------------------------------------------------------------------------
 Limit  (cost=485894.17..485894.17 rows=1 width=20) (actual time=534.415..534.415 rows=0 loops=1)
   ->  Limit  (cost=473226.69..484894.17 rows=100000 width=20) (actual time=510.142..531.605 rows=100000 loops=1)
         ->  Gather Merge  (cost=473226.69..1445510.80 rows=8333282 width=20) (actual time=510.141..525.975 rows=100000 loops=1)
               Workers Planned: 2
               Workers Launched: 2
               ->  Sort  (cost=472226.66..482643.26 rows=4166641 width=20) (actual time=508.657..510.129 rows=34022 loops=3)
                     Sort Key: s_2.a, s_2.b, s_2.c
                     Sort Method: top-N heapsort  Memory: 13957kB
                     Worker 0:  Sort Method: top-N heapsort  Memory: 13957kB
                     Worker 1:  Sort Method: top-N heapsort  Memory: 13957kB
                     ->  Parallel Seq Scan on s_2  (cost=0.00..105361.41 rows=4166641 width=20) (actual time=0.024..219.691 rows=3333333 loops=3)
 Planning time: 0.307 ms
 Execution time: 538.073 ms
(13 rows)

===== 324 [Wed Mar  7 16:33:43 CET 2018] scale:10000000 groups:10000 work_mem:64MB incremental:off max_workers:2 =====
SELECT * FROM s_3 ORDER BY a, b, c, d LIMIT 100000
                                                                    QUERY PLAN                                                                    
--------------------------------------------------------------------------------------------------------------------------------------------------
 Limit  (cost=485898.87..485898.87 rows=1 width=20) (actual time=539.231..539.231 rows=0 loops=1)
   ->  Limit  (cost=473231.39..484898.87 rows=100000 width=20) (actual time=515.188..536.425 rows=100000 loops=1)
         ->  Gather Merge  (cost=473231.39..1445526.71 rows=8333378 width=20) (actual time=515.187..530.825 rows=100000 loops=1)
               Workers Planned: 2
               Workers Launched: 2
               ->  Sort  (cost=472231.37..482648.09 rows=4166689 width=20) (actual time=513.618..515.076 rows=34006 loops=3)
                     Sort Key: s_3.a, s_3.b, s_3.c, s_3.d
                     Sort Method: top-N heapsort  Memory: 13957kB
                     Worker 0:  Sort Method: top-N heapsort  Memory: 13957kB
                     Worker 1:  Sort Method: top-N heapsort  Memory: 13957kB
                     ->  Parallel Seq Scan on s_3  (cost=0.00..105361.89 rows=4166689 width=20) (actual time=0.024..221.315 rows=3333333 loops=3)
 Planning time: 0.310 ms
 Execution time: 542.824 ms
(13 rows)

===== 325 [Wed Mar  7 16:33:46 CET 2018] scale:10000000 groups:10000 work_mem:128MB incremental:on max_workers:2 =====
SELECT * FROM s_1 ORDER BY a, b LIMIT 100000
                                                                           QUERY PLAN                                                                           
----------------------------------------------------------------------------------------------------------------------------------------------------------------
 Limit  (cost=2926.04..2926.04 rows=1 width=20) (actual time=55.602..55.602 rows=0 loops=1)
   ->  Limit  (cost=90.00..1926.04 rows=100000 width=20) (actual time=0.316..52.879 rows=100000 loops=1)
         ->  Incremental Sort  (cost=90.00..183692.18 rows=9999939 width=20) (actual time=0.316..47.407 rows=100000 loops=1)
               Sort Key: s_1.a, s_1.b
               Presorted Key: s_1.a
               Sort Method: quicksort  Memory: 133kB
               Sort Groups: 101
               ->  Index Only Scan using s_1_a_e_d_c_b_idx on s_1  (cost=0.56..348311.65 rows=9999939 width=20) (actual time=0.030..12.619 rows=100385 loops=1)
                     Heap Fetches: 0
 Planning time: 0.292 ms
 Execution time: 55.636 ms
(11 rows)

===== 326 [Wed Mar  7 16:33:46 CET 2018] scale:10000000 groups:10000 work_mem:128MB incremental:on max_workers:2 =====
SELECT * FROM s_2 ORDER BY a, b, c LIMIT 100000
                                                                           QUERY PLAN                                                                           
----------------------------------------------------------------------------------------------------------------------------------------------------------------
 Limit  (cost=3002.51..3002.51 rows=1 width=20) (actual time=39.335..39.335 rows=0 loops=1)
   ->  Limit  (cost=1.07..2002.51 rows=100000 width=20) (actual time=0.095..36.609 rows=100000 loops=1)
         ->  Incremental Sort  (cost=1.07..200143.47 rows=9999939 width=20) (actual time=0.095..31.098 rows=100000 loops=1)
               Sort Key: s_2.a, s_2.b, s_2.c
               Presorted Key: s_2.a, s_2.b
               Sort Method: quicksort  Memory: 27kB
               Sort Groups: 3121
               ->  Index Only Scan using s_2_a_b_e_d_c_idx on s_2  (cost=0.56..348311.65 rows=9999939 width=20) (actual time=0.037..12.616 rows=100016 loops=1)
                     Heap Fetches: 0
 Planning time: 0.302 ms
 Execution time: 39.367 ms
(11 rows)

===== 327 [Wed Mar  7 16:33:46 CET 2018] scale:10000000 groups:10000 work_mem:128MB incremental:on max_workers:2 =====
SELECT * FROM s_3 ORDER BY a, b, c, d LIMIT 100000
                                                                           QUERY PLAN                                                                            
-----------------------------------------------------------------------------------------------------------------------------------------------------------------
 Limit  (cost=3002.51..3002.51 rows=1 width=20) (actual time=37.133..37.133 rows=0 loops=1)
   ->  Limit  (cost=1.07..2002.51 rows=100000 width=20) (actual time=0.086..34.413 rows=100000 loops=1)
         ->  Incremental Sort  (cost=1.07..200145.68 rows=10000054 width=20) (actual time=0.086..28.909 rows=100000 loops=1)
               Sort Key: s_3.a, s_3.b, s_3.c, s_3.d
               Presorted Key: s_3.a, s_3.b, s_3.c
               Sort Method: quicksort  Memory: 27kB
               Sort Groups: 3125
               ->  Index Only Scan using s_3_a_b_c_e_d_idx on s_3  (cost=0.56..348313.37 rows=10000054 width=20) (actual time=0.033..12.550 rows=100001 loops=1)
                     Heap Fetches: 0
 Planning time: 0.305 ms
 Execution time: 37.159 ms
(11 rows)

===== 328 [Wed Mar  7 16:33:46 CET 2018] scale:10000000 groups:10000 work_mem:128MB incremental:off max_workers:2 =====
SELECT * FROM s_1 ORDER BY a, b LIMIT 100000
                                                                    QUERY PLAN                                                                    
--------------------------------------------------------------------------------------------------------------------------------------------------
 Limit  (cost=485894.17..485894.17 rows=1 width=20) (actual time=526.072..526.072 rows=0 loops=1)
   ->  Limit  (cost=473226.69..484894.17 rows=100000 width=20) (actual time=499.385..523.274 rows=100000 loops=1)
         ->  Gather Merge  (cost=473226.69..1445510.80 rows=8333282 width=20) (actual time=499.384..517.621 rows=100000 loops=1)
               Workers Planned: 2
               Workers Launched: 2
               ->  Sort  (cost=472226.66..482643.26 rows=4166641 width=20) (actual time=497.844..499.777 rows=34005 loops=3)
                     Sort Key: s_1.a, s_1.b
                     Sort Method: top-N heapsort  Memory: 13968kB
                     Worker 0:  Sort Method: top-N heapsort  Memory: 13968kB
                     Worker 1:  Sort Method: top-N heapsort  Memory: 13958kB
                     ->  Parallel Seq Scan on s_1  (cost=0.00..105361.41 rows=4166641 width=20) (actual time=0.022..220.406 rows=3333333 loops=3)
 Planning time: 0.304 ms
 Execution time: 529.804 ms
(13 rows)

===== 329 [Wed Mar  7 16:33:49 CET 2018] scale:10000000 groups:10000 work_mem:128MB incremental:off max_workers:2 =====
SELECT * FROM s_2 ORDER BY a, b, c LIMIT 100000
                                                                    QUERY PLAN                                                                    
--------------------------------------------------------------------------------------------------------------------------------------------------
 Limit  (cost=485894.17..485894.17 rows=1 width=20) (actual time=533.912..533.912 rows=0 loops=1)
   ->  Limit  (cost=473226.69..484894.17 rows=100000 width=20) (actual time=509.892..531.103 rows=100000 loops=1)
         ->  Gather Merge  (cost=473226.69..1445510.80 rows=8333282 width=20) (actual time=509.891..525.501 rows=100000 loops=1)
               Workers Planned: 2
               Workers Launched: 2
               ->  Sort  (cost=472226.66..482643.26 rows=4166641 width=20) (actual time=508.346..509.821 rows=34075 loops=3)
                     Sort Key: s_2.a, s_2.b, s_2.c
                     Sort Method: top-N heapsort  Memory: 13957kB
                     Worker 0:  Sort Method: top-N heapsort  Memory: 13957kB
                     Worker 1:  Sort Method: top-N heapsort  Memory: 13957kB
                     ->  Parallel Seq Scan on s_2  (cost=0.00..105361.41 rows=4166641 width=20) (actual time=0.023..219.322 rows=3333333 loops=3)
 Planning time: 0.309 ms
 Execution time: 537.622 ms
(13 rows)

===== 330 [Wed Mar  7 16:33:52 CET 2018] scale:10000000 groups:10000 work_mem:128MB incremental:off max_workers:2 =====
SELECT * FROM s_3 ORDER BY a, b, c, d LIMIT 100000
                                                                    QUERY PLAN                                                                    
--------------------------------------------------------------------------------------------------------------------------------------------------
 Limit  (cost=485898.87..485898.87 rows=1 width=20) (actual time=537.639..537.639 rows=0 loops=1)
   ->  Limit  (cost=473231.39..484898.87 rows=100000 width=20) (actual time=513.777..534.876 rows=100000 loops=1)
         ->  Gather Merge  (cost=473231.39..1445526.71 rows=8333378 width=20) (actual time=513.776..529.284 rows=100000 loops=1)
               Workers Planned: 2
               Workers Launched: 2
               ->  Sort  (cost=472231.37..482648.09 rows=4166689 width=20) (actual time=512.174..513.630 rows=33999 loops=3)
                     Sort Key: s_3.a, s_3.b, s_3.c, s_3.d
                     Sort Method: top-N heapsort  Memory: 13957kB
                     Worker 0:  Sort Method: top-N heapsort  Memory: 13957kB
                     Worker 1:  Sort Method: top-N heapsort  Memory: 13957kB
                     ->  Parallel Seq Scan on s_3  (cost=0.00..105361.89 rows=4166689 width=20) (actual time=0.024..220.924 rows=3333333 loops=3)
 Planning time: 0.316 ms
 Execution time: 541.279 ms
(13 rows)

===== 331 [Wed Mar  7 16:33:54 CET 2018] scale:10000000 groups:10000 work_mem:256MB incremental:on max_workers:2 =====
SELECT * FROM s_1 ORDER BY a, b LIMIT 100000
                                                                           QUERY PLAN                                                                           
----------------------------------------------------------------------------------------------------------------------------------------------------------------
 Limit  (cost=2926.04..2926.04 rows=1 width=20) (actual time=55.618..55.618 rows=0 loops=1)
   ->  Limit  (cost=90.00..1926.04 rows=100000 width=20) (actual time=0.311..52.896 rows=100000 loops=1)
         ->  Incremental Sort  (cost=90.00..183692.18 rows=9999939 width=20) (actual time=0.311..47.423 rows=100000 loops=1)
               Sort Key: s_1.a, s_1.b
               Presorted Key: s_1.a
               Sort Method: quicksort  Memory: 133kB
               Sort Groups: 101
               ->  Index Only Scan using s_1_a_e_d_c_b_idx on s_1  (cost=0.56..348311.65 rows=9999939 width=20) (actual time=0.031..12.641 rows=100385 loops=1)
                     Heap Fetches: 0
 Planning time: 0.302 ms
 Execution time: 55.650 ms
(11 rows)

===== 332 [Wed Mar  7 16:33:54 CET 2018] scale:10000000 groups:10000 work_mem:256MB incremental:on max_workers:2 =====
SELECT * FROM s_2 ORDER BY a, b, c LIMIT 100000
                                                                           QUERY PLAN                                                                           
----------------------------------------------------------------------------------------------------------------------------------------------------------------
 Limit  (cost=3002.51..3002.51 rows=1 width=20) (actual time=39.326..39.326 rows=0 loops=1)
   ->  Limit  (cost=1.07..2002.51 rows=100000 width=20) (actual time=0.088..36.600 rows=100000 loops=1)
         ->  Incremental Sort  (cost=1.07..200143.47 rows=9999939 width=20) (actual time=0.088..31.095 rows=100000 loops=1)
               Sort Key: s_2.a, s_2.b, s_2.c
               Presorted Key: s_2.a, s_2.b
               Sort Method: quicksort  Memory: 27kB
               Sort Groups: 3121
               ->  Index Only Scan using s_2_a_b_e_d_c_idx on s_2  (cost=0.56..348311.65 rows=9999939 width=20) (actual time=0.037..12.624 rows=100016 loops=1)
                     Heap Fetches: 0
 Planning time: 0.306 ms
 Execution time: 39.356 ms
(11 rows)

===== 333 [Wed Mar  7 16:33:55 CET 2018] scale:10000000 groups:10000 work_mem:256MB incremental:on max_workers:2 =====
SELECT * FROM s_3 ORDER BY a, b, c, d LIMIT 100000
                                                                           QUERY PLAN                                                                            
-----------------------------------------------------------------------------------------------------------------------------------------------------------------
 Limit  (cost=3002.51..3002.51 rows=1 width=20) (actual time=37.126..37.126 rows=0 loops=1)
   ->  Limit  (cost=1.07..2002.51 rows=100000 width=20) (actual time=0.083..34.394 rows=100000 loops=1)
         ->  Incremental Sort  (cost=1.07..200145.68 rows=10000054 width=20) (actual time=0.083..28.893 rows=100000 loops=1)
               Sort Key: s_3.a, s_3.b, s_3.c, s_3.d
               Presorted Key: s_3.a, s_3.b, s_3.c
               Sort Method: quicksort  Memory: 27kB
               Sort Groups: 3125
               ->  Index Only Scan using s_3_a_b_c_e_d_idx on s_3  (cost=0.56..348313.37 rows=10000054 width=20) (actual time=0.035..12.531 rows=100001 loops=1)
                     Heap Fetches: 0
 Planning time: 0.316 ms
 Execution time: 37.152 ms
(11 rows)

===== 334 [Wed Mar  7 16:33:55 CET 2018] scale:10000000 groups:10000 work_mem:256MB incremental:off max_workers:2 =====
SELECT * FROM s_1 ORDER BY a, b LIMIT 100000
                                                                    QUERY PLAN                                                                    
--------------------------------------------------------------------------------------------------------------------------------------------------
 Limit  (cost=485894.17..485894.17 rows=1 width=20) (actual time=526.330..526.330 rows=0 loops=1)
   ->  Limit  (cost=473226.69..484894.17 rows=100000 width=20) (actual time=499.651..523.523 rows=100000 loops=1)
         ->  Gather Merge  (cost=473226.69..1445510.80 rows=8333282 width=20) (actual time=499.651..517.866 rows=100000 loops=1)
               Workers Planned: 2
               Workers Launched: 2
               ->  Sort  (cost=472226.66..482643.26 rows=4166641 width=20) (actual time=498.062..500.010 rows=34054 loops=3)
                     Sort Key: s_1.a, s_1.b
                     Sort Method: top-N heapsort  Memory: 13958kB
                     Worker 0:  Sort Method: top-N heapsort  Memory: 13966kB
                     Worker 1:  Sort Method: top-N heapsort  Memory: 13958kB
                     ->  Parallel Seq Scan on s_1  (cost=0.00..105361.41 rows=4166641 width=20) (actual time=0.022..220.345 rows=3333333 loops=3)
 Planning time: 0.297 ms
 Execution time: 530.160 ms
(13 rows)

===== 335 [Wed Mar  7 16:33:57 CET 2018] scale:10000000 groups:10000 work_mem:256MB incremental:off max_workers:2 =====
SELECT * FROM s_2 ORDER BY a, b, c LIMIT 100000
                                                                    QUERY PLAN                                                                    
--------------------------------------------------------------------------------------------------------------------------------------------------
 Limit  (cost=485894.17..485894.17 rows=1 width=20) (actual time=533.956..533.956 rows=0 loops=1)
   ->  Limit  (cost=473226.69..484894.17 rows=100000 width=20) (actual time=509.905..531.149 rows=100000 loops=1)
         ->  Gather Merge  (cost=473226.69..1445510.80 rows=8333282 width=20) (actual time=509.904..525.542 rows=100000 loops=1)
               Workers Planned: 2
               Workers Launched: 2
               ->  Sort  (cost=472226.66..482643.26 rows=4166641 width=20) (actual time=508.375..509.841 rows=34074 loops=3)
                     Sort Key: s_2.a, s_2.b, s_2.c
                     Sort Method: top-N heapsort  Memory: 13957kB
                     Worker 0:  Sort Method: top-N heapsort  Memory: 13957kB
                     Worker 1:  Sort Method: top-N heapsort  Memory: 13957kB
                     ->  Parallel Seq Scan on s_2  (cost=0.00..105361.41 rows=4166641 width=20) (actual time=0.022..219.102 rows=3333333 loops=3)
 Planning time: 0.307 ms
 Execution time: 537.725 ms
(13 rows)

===== 336 [Wed Mar  7 16:34:00 CET 2018] scale:10000000 groups:10000 work_mem:256MB incremental:off max_workers:2 =====
SELECT * FROM s_3 ORDER BY a, b, c, d LIMIT 100000
                                                                    QUERY PLAN                                                                    
--------------------------------------------------------------------------------------------------------------------------------------------------
 Limit  (cost=485898.87..485898.87 rows=1 width=20) (actual time=537.677..537.677 rows=0 loops=1)
   ->  Limit  (cost=473231.39..484898.87 rows=100000 width=20) (actual time=513.805..534.921 rows=100000 loops=1)
         ->  Gather Merge  (cost=473231.39..1445526.71 rows=8333378 width=20) (actual time=513.805..529.324 rows=100000 loops=1)
               Workers Planned: 2
               Workers Launched: 2
               ->  Sort  (cost=472231.37..482648.09 rows=4166689 width=20) (actual time=512.200..513.661 rows=34035 loops=3)
                     Sort Key: s_3.a, s_3.b, s_3.c, s_3.d
                     Sort Method: top-N heapsort  Memory: 13957kB
                     Worker 0:  Sort Method: top-N heapsort  Memory: 13957kB
                     Worker 1:  Sort Method: top-N heapsort  Memory: 13957kB
                     ->  Parallel Seq Scan on s_3  (cost=0.00..105361.89 rows=4166689 width=20) (actual time=0.024..220.830 rows=3333333 loops=3)
 Planning time: 0.308 ms
 Execution time: 541.217 ms
(13 rows)

