===== 1 [Wed Mar  7 07:41:31 CET 2018] scale:10000000 groups:10 work_mem:4MB incremental:on max_workers:0 =====
SELECT * FROM (SELECT * FROM s_1 ORDER BY a) foo ORDER BY a, b LIMIT 100000
                                                                QUERY PLAN                                                                
------------------------------------------------------------------------------------------------------------------------------------------
 Limit  (cost=1859250.19..1859250.19 rows=1 width=20) (actual time=3584.529..3584.529 rows=0 loops=1)
   ->  Limit  (cost=1856500.19..1858250.19 rows=100000 width=20) (actual time=3565.408..3581.794 rows=100000 loops=1)
         ->  Incremental Sort  (cost=1856500.19..2031499.34 rows=9999939 width=20) (actual time=3565.407..3576.071 rows=100000 loops=1)
               Sort Key: s_1.a, s_1.b
               Presorted Key: s_1.a
               Sort Method: external merge  Disk: 14712kB
               Sort Groups: 1
               ->  Sort  (cost=1736519.69..1761519.54 rows=9999939 width=20) (actual time=3417.527..3465.105 rows=501073 loops=1)
                     Sort Key: s_1.a
                     Sort Method: external merge  Disk: 293600kB
                     ->  Seq Scan on s_1  (cost=0.00..163694.39 rows=9999939 width=20) (actual time=0.019..649.225 rows=10000000 loops=1)
 Planning time: 0.237 ms
 Execution time: 3615.588 ms
(13 rows)

===== 2 [Wed Mar  7 07:41:51 CET 2018] scale:10000000 groups:10 work_mem:4MB incremental:on max_workers:0 =====
SELECT * FROM (SELECT * FROM s_2 ORDER BY a, b) foo ORDER BY a, b, c LIMIT 100000
                                                                QUERY PLAN                                                                 
-------------------------------------------------------------------------------------------------------------------------------------------
 Limit  (cost=1747091.36..1747091.36 rows=1 width=20) (actual time=3738.694..3738.694 rows=0 loops=1)
   ->  Limit  (cost=1744324.99..1746091.36 rows=100000 width=20) (actual time=3683.919..3735.973 rows=100000 loops=1)
         ->  Incremental Sort  (cost=1744324.99..1920962.73 rows=10000054 width=20) (actual time=3683.918..3730.333 rows=100000 loops=1)
               Sort Key: s_2.a, s_2.b, s_2.c
               Presorted Key: s_2.a, s_2.b
               Sort Method: external merge  Disk: 1480kB
               Sort Groups: 3
               ->  Sort  (cost=1736542.04..1761542.18 rows=10000054 width=20) (actual time=3675.639..3689.121 rows=125696 loops=1)
                     Sort Key: s_2.a, s_2.b
                     Sort Method: external merge  Disk: 293600kB
                     ->  Seq Scan on s_2  (cost=0.00..163695.54 rows=10000054 width=20) (actual time=0.028..647.348 rows=10000000 loops=1)
 Planning time: 0.234 ms
 Execution time: 3768.049 ms
(13 rows)

===== 3 [Wed Mar  7 07:42:11 CET 2018] scale:10000000 groups:10 work_mem:4MB incremental:on max_workers:0 =====
SELECT * FROM (SELECT * FROM s_3 ORDER BY a, b, c) foo ORDER BY a, b, c, d LIMIT 100000
                                                                QUERY PLAN                                                                 
-------------------------------------------------------------------------------------------------------------------------------------------
 Limit  (cost=1739940.99..1739940.99 rows=1 width=20) (actual time=3919.260..3919.260 rows=0 loops=1)
   ->  Limit  (cost=1737119.63..1738940.99 rows=100000 width=20) (actual time=3873.781..3916.440 rows=100000 loops=1)
         ->  Incremental Sort  (cost=1737119.63..1919257.21 rows=10000054 width=20) (actual time=3873.780..3911.008 rows=100000 loops=1)
               Sort Key: s_3.a, s_3.b, s_3.c, s_3.d
               Presorted Key: s_3.a, s_3.b, s_3.c
               Sort Method: quicksort  Memory: 598kB
               Sort Groups: 28
               ->  Sort  (cost=1736542.04..1761542.18 rows=10000054 width=20) (actual time=3873.280..3884.547 rows=103268 loops=1)
                     Sort Key: s_3.a, s_3.b, s_3.c
                     Sort Method: external merge  Disk: 293600kB
                     ->  Seq Scan on s_3  (cost=0.00..163695.54 rows=10000054 width=20) (actual time=0.031..648.025 rows=10000000 loops=1)
 Planning time: 0.248 ms
 Execution time: 3948.693 ms
(13 rows)

===== 4 [Wed Mar  7 07:42:32 CET 2018] scale:10000000 groups:10 work_mem:4MB incremental:on max_workers:0 =====
SELECT * FROM (SELECT * FROM s_4 ORDER BY a, b, c, d) foo ORDER BY a, b, c, d, e LIMIT 100000
                                                                QUERY PLAN                                                                 
-------------------------------------------------------------------------------------------------------------------------------------------
 Limit  (cost=1739394.83..1739394.83 rows=1 width=20) (actual time=3990.975..3990.975 rows=0 loops=1)
   ->  Limit  (cost=1736582.73..1738394.83 rows=100000 width=20) (actual time=3942.738..3988.156 rows=100000 loops=1)
         ->  Incremental Sort  (cost=1736582.73..1917793.70 rows=10000054 width=20) (actual time=3942.738..3982.713 rows=100000 loops=1)
               Sort Key: s_4.a, s_4.b, s_4.c, s_4.d, s_4.e
               Presorted Key: s_4.a, s_4.b, s_4.c, s_4.d
               Sort Method: quicksort  Memory: 69kB
               Sort Groups: 301
               ->  Sort  (cost=1736542.04..1761542.18 rows=10000054 width=20) (actual time=3942.655..3953.540 rows=100042 loops=1)
                     Sort Key: s_4.a, s_4.b, s_4.c, s_4.d
                     Sort Method: external merge  Disk: 293600kB
                     ->  Seq Scan on s_4  (cost=0.00..163695.54 rows=10000054 width=20) (actual time=0.032..645.881 rows=10000000 loops=1)
 Planning time: 0.246 ms
 Execution time: 4020.090 ms
(13 rows)

===== 5 [Wed Mar  7 07:42:54 CET 2018] scale:10000000 groups:10 work_mem:4MB incremental:off max_workers:0 =====
SELECT * FROM (SELECT * FROM s_1 ORDER BY a) foo ORDER BY a, b LIMIT 100000
                                                                QUERY PLAN                                                                
------------------------------------------------------------------------------------------------------------------------------------------
 Limit  (cost=3435594.23..3435594.23 rows=1 width=20) (actual time=7898.509..7898.509 rows=0 loops=1)
   ->  Limit  (cost=3434344.23..3434594.23 rows=100000 width=20) (actual time=7879.627..7895.665 rows=100000 loops=1)
         ->  Sort  (cost=3434344.23..3459344.08 rows=9999939 width=20) (actual time=7879.626..7889.901 rows=100000 loops=1)
               Sort Key: s_1.a, s_1.b
               Sort Method: external merge  Disk: 293600kB
               ->  Sort  (cost=1736519.69..1761519.54 rows=9999939 width=20) (actual time=3401.471..4348.476 rows=10000000 loops=1)
                     Sort Key: s_1.a
                     Sort Method: external merge  Disk: 293600kB
                     ->  Seq Scan on s_1  (cost=0.00..163694.39 rows=9999939 width=20) (actual time=0.026..642.823 rows=10000000 loops=1)
 Planning time: 0.226 ms
 Execution time: 7958.685 ms
(11 rows)

===== 6 [Wed Mar  7 07:43:37 CET 2018] scale:10000000 groups:10 work_mem:4MB incremental:off max_workers:0 =====
SELECT * FROM (SELECT * FROM s_2 ORDER BY a, b) foo ORDER BY a, b, c LIMIT 100000
                                                                QUERY PLAN                                                                 
-------------------------------------------------------------------------------------------------------------------------------------------
 Limit  (cost=3435639.22..3435639.22 rows=1 width=20) (actual time=8595.844..8595.844 rows=0 loops=1)
   ->  Limit  (cost=3434389.22..3434639.22 rows=100000 width=20) (actual time=8577.138..8593.028 rows=100000 loops=1)
         ->  Sort  (cost=3434389.22..3459389.35 rows=10000054 width=20) (actual time=8577.137..8587.318 rows=100000 loops=1)
               Sort Key: s_2.a, s_2.b, s_2.c
               Sort Method: external merge  Disk: 293600kB
               ->  Sort  (cost=1736542.04..1761542.18 rows=10000054 width=20) (actual time=3671.411..4700.710 rows=10000000 loops=1)
                     Sort Key: s_2.a, s_2.b
                     Sort Method: external merge  Disk: 293600kB
                     ->  Seq Scan on s_2  (cost=0.00..163695.54 rows=10000054 width=20) (actual time=0.031..641.581 rows=10000000 loops=1)
 Planning time: 0.234 ms
 Execution time: 8655.936 ms
(11 rows)

===== 7 [Wed Mar  7 07:44:25 CET 2018] scale:10000000 groups:10 work_mem:4MB incremental:off max_workers:0 =====
SELECT * FROM (SELECT * FROM s_3 ORDER BY a, b, c) foo ORDER BY a, b, c, d LIMIT 100000
                                                                QUERY PLAN                                                                 
-------------------------------------------------------------------------------------------------------------------------------------------
 Limit  (cost=3435639.22..3435639.22 rows=1 width=20) (actual time=9437.037..9437.037 rows=0 loops=1)
   ->  Limit  (cost=3434389.22..3434639.22 rows=100000 width=20) (actual time=9418.186..9434.213 rows=100000 loops=1)
         ->  Sort  (cost=3434389.22..3459389.35 rows=10000054 width=20) (actual time=9418.185..9428.488 rows=100000 loops=1)
               Sort Key: s_3.a, s_3.b, s_3.c, s_3.d
               Sort Method: external merge  Disk: 293600kB
               ->  Sort  (cost=1736542.04..1761542.18 rows=10000054 width=20) (actual time=3867.052..4911.778 rows=10000000 loops=1)
                     Sort Key: s_3.a, s_3.b, s_3.c
                     Sort Method: external merge  Disk: 293600kB
                     ->  Seq Scan on s_3  (cost=0.00..163695.54 rows=10000054 width=20) (actual time=0.031..636.606 rows=10000000 loops=1)
 Planning time: 0.239 ms
 Execution time: 9497.227 ms
(11 rows)

===== 8 [Wed Mar  7 07:45:17 CET 2018] scale:10000000 groups:10 work_mem:4MB incremental:off max_workers:0 =====
SELECT * FROM (SELECT * FROM s_4 ORDER BY a, b, c, d) foo ORDER BY a, b, c, d, e LIMIT 100000
                                                                QUERY PLAN                                                                 
-------------------------------------------------------------------------------------------------------------------------------------------
 Limit  (cost=3435639.22..3435639.22 rows=1 width=20) (actual time=10693.251..10693.251 rows=0 loops=1)
   ->  Limit  (cost=3434389.22..3434639.22 rows=100000 width=20) (actual time=10674.383..10690.406 rows=100000 loops=1)
         ->  Sort  (cost=3434389.22..3459389.35 rows=10000054 width=20) (actual time=10674.382..10684.677 rows=100000 loops=1)
               Sort Key: s_4.a, s_4.b, s_4.c, s_4.d, s_4.e
               Sort Method: external merge  Disk: 293600kB
               ->  Sort  (cost=1736542.04..1761542.18 rows=10000054 width=20) (actual time=3941.718..4988.129 rows=10000000 loops=1)
                     Sort Key: s_4.a, s_4.b, s_4.c, s_4.d
                     Sort Method: external merge  Disk: 293600kB
                     ->  Seq Scan on s_4  (cost=0.00..163695.54 rows=10000054 width=20) (actual time=0.031..636.338 rows=10000000 loops=1)
 Planning time: 0.245 ms
 Execution time: 10753.653 ms
(11 rows)

===== 9 [Wed Mar  7 07:46:17 CET 2018] scale:10000000 groups:10 work_mem:8MB incremental:on max_workers:0 =====
SELECT * FROM (SELECT * FROM s_1 ORDER BY a) foo ORDER BY a, b LIMIT 100000
                                                                QUERY PLAN                                                                
------------------------------------------------------------------------------------------------------------------------------------------
 Limit  (cost=1830676.59..1830676.59 rows=1 width=20) (actual time=2857.440..2857.440 rows=0 loops=1)
   ->  Limit  (cost=1827926.59..1829676.59 rows=100000 width=20) (actual time=2838.377..2854.708 rows=100000 loops=1)
         ->  Incremental Sort  (cost=1827926.59..2002925.74 rows=9999939 width=20) (actual time=2838.376..2848.995 rows=100000 loops=1)
               Sort Key: s_1.a, s_1.b
               Presorted Key: s_1.a
               Sort Method: external merge  Disk: 14712kB
               Sort Groups: 1
               ->  Sort  (cost=1736519.69..1761519.54 rows=9999939 width=20) (actual time=2666.497..2714.650 rows=501073 loops=1)
                     Sort Key: s_1.a
                     Sort Method: external merge  Disk: 293608kB
                     ->  Seq Scan on s_1  (cost=0.00..163694.39 rows=9999939 width=20) (actual time=0.026..641.369 rows=10000000 loops=1)
 Planning time: 0.229 ms
 Execution time: 2890.495 ms
(13 rows)

===== 10 [Wed Mar  7 07:46:32 CET 2018] scale:10000000 groups:10 work_mem:8MB incremental:on max_workers:0 =====
SELECT * FROM (SELECT * FROM s_2 ORDER BY a, b) foo ORDER BY a, b, c LIMIT 100000
                                                                QUERY PLAN                                                                 
-------------------------------------------------------------------------------------------------------------------------------------------
 Limit  (cost=1747091.36..1747091.36 rows=1 width=20) (actual time=2943.671..2943.671 rows=0 loops=1)
   ->  Limit  (cost=1744324.99..1746091.36 rows=100000 width=20) (actual time=2901.914..2940.925 rows=100000 loops=1)
         ->  Incremental Sort  (cost=1744324.99..1920962.73 rows=10000054 width=20) (actual time=2901.913..2935.467 rows=100000 loops=1)
               Sort Key: s_2.a, s_2.b, s_2.c
               Presorted Key: s_2.a, s_2.b
               Sort Method: quicksort  Memory: 5459kB
               Sort Groups: 3
               ->  Sort  (cost=1736542.04..1761542.18 rows=10000054 width=20) (actual time=2893.919..2906.082 rows=125696 loops=1)
                     Sort Key: s_2.a, s_2.b
                     Sort Method: external merge  Disk: 293608kB
                     ->  Seq Scan on s_2  (cost=0.00..163695.54 rows=10000054 width=20) (actual time=0.031..639.817 rows=10000000 loops=1)
 Planning time: 0.237 ms
 Execution time: 2975.024 ms
(13 rows)

===== 11 [Wed Mar  7 07:46:48 CET 2018] scale:10000000 groups:10 work_mem:8MB incremental:on max_workers:0 =====
SELECT * FROM (SELECT * FROM s_3 ORDER BY a, b, c) foo ORDER BY a, b, c, d LIMIT 100000
                                                                QUERY PLAN                                                                 
-------------------------------------------------------------------------------------------------------------------------------------------
 Limit  (cost=1739940.99..1739940.99 rows=1 width=20) (actual time=3098.074..3098.074 rows=0 loops=1)
   ->  Limit  (cost=1737119.63..1738940.99 rows=100000 width=20) (actual time=3053.623..3095.253 rows=100000 loops=1)
         ->  Incremental Sort  (cost=1737119.63..1919257.21 rows=10000054 width=20) (actual time=3053.623..3089.821 rows=100000 loops=1)
               Sort Key: s_3.a, s_3.b, s_3.c, s_3.d
               Presorted Key: s_3.a, s_3.b, s_3.c
               Sort Method: quicksort  Memory: 598kB
               Sort Groups: 28
               ->  Sort  (cost=1736542.04..1761542.18 rows=10000054 width=20) (actual time=3053.136..3063.340 rows=103268 loops=1)
                     Sort Key: s_3.a, s_3.b, s_3.c
                     Sort Method: external merge  Disk: 293608kB
                     ->  Seq Scan on s_3  (cost=0.00..163695.54 rows=10000054 width=20) (actual time=0.035..638.857 rows=10000000 loops=1)
 Planning time: 0.245 ms
 Execution time: 3129.219 ms
(13 rows)

===== 12 [Wed Mar  7 07:47:04 CET 2018] scale:10000000 groups:10 work_mem:8MB incremental:on max_workers:0 =====
SELECT * FROM (SELECT * FROM s_4 ORDER BY a, b, c, d) foo ORDER BY a, b, c, d, e LIMIT 100000
                                                                QUERY PLAN                                                                 
-------------------------------------------------------------------------------------------------------------------------------------------
 Limit  (cost=1739394.83..1739394.83 rows=1 width=20) (actual time=3168.215..3168.215 rows=0 loops=1)
   ->  Limit  (cost=1736582.73..1738394.83 rows=100000 width=20) (actual time=3120.962..3165.397 rows=100000 loops=1)
         ->  Incremental Sort  (cost=1736582.73..1917793.70 rows=10000054 width=20) (actual time=3120.962..3159.946 rows=100000 loops=1)
               Sort Key: s_4.a, s_4.b, s_4.c, s_4.d, s_4.e
               Presorted Key: s_4.a, s_4.b, s_4.c, s_4.d
               Sort Method: quicksort  Memory: 69kB
               Sort Groups: 301
               ->  Sort  (cost=1736542.04..1761542.18 rows=10000054 width=20) (actual time=3120.876..3130.791 rows=100042 loops=1)
                     Sort Key: s_4.a, s_4.b, s_4.c, s_4.d
                     Sort Method: external merge  Disk: 293608kB
                     ->  Seq Scan on s_4  (cost=0.00..163695.54 rows=10000054 width=20) (actual time=0.031..638.351 rows=10000000 loops=1)
 Planning time: 0.256 ms
 Execution time: 3199.677 ms
(13 rows)

===== 13 [Wed Mar  7 07:47:21 CET 2018] scale:10000000 groups:10 work_mem:8MB incremental:off max_workers:0 =====
SELECT * FROM (SELECT * FROM s_1 ORDER BY a) foo ORDER BY a, b LIMIT 100000
                                                                QUERY PLAN                                                                
------------------------------------------------------------------------------------------------------------------------------------------
 Limit  (cost=2743245.58..2743245.58 rows=1 width=20) (actual time=6721.957..6721.957 rows=0 loops=1)
   ->  Limit  (cost=2741995.58..2742245.58 rows=100000 width=20) (actual time=6704.418..6719.134 rows=100000 loops=1)
         ->  Sort  (cost=2741995.58..2766995.43 rows=9999939 width=20) (actual time=6704.417..6713.538 rows=100000 loops=1)
               Sort Key: s_1.a, s_1.b
               Sort Method: external merge  Disk: 293608kB
               ->  Sort  (cost=1736519.69..1761519.54 rows=9999939 width=20) (actual time=2668.347..3618.548 rows=10000000 loops=1)
                     Sort Key: s_1.a
                     Sort Method: external merge  Disk: 293608kB
                     ->  Seq Scan on s_1  (cost=0.00..163694.39 rows=9999939 width=20) (actual time=0.026..642.122 rows=10000000 loops=1)
 Planning time: 0.227 ms
 Execution time: 6782.800 ms
(11 rows)

===== 14 [Wed Mar  7 07:47:57 CET 2018] scale:10000000 groups:10 work_mem:8MB incremental:off max_workers:0 =====
SELECT * FROM (SELECT * FROM s_2 ORDER BY a, b) foo ORDER BY a, b, c LIMIT 100000
                                                                QUERY PLAN                                                                 
-------------------------------------------------------------------------------------------------------------------------------------------
 Limit  (cost=2743279.49..2743279.49 rows=1 width=20) (actual time=7304.652..7304.652 rows=0 loops=1)
   ->  Limit  (cost=2742029.49..2742279.49 rows=100000 width=20) (actual time=7286.957..7301.836 rows=100000 loops=1)
         ->  Sort  (cost=2742029.49..2767029.63 rows=10000054 width=20) (actual time=7286.956..7296.245 rows=100000 loops=1)
               Sort Key: s_2.a, s_2.b, s_2.c
               Sort Method: external merge  Disk: 293608kB
               ->  Sort  (cost=1736542.04..1761542.18 rows=10000054 width=20) (actual time=2897.995..3923.608 rows=10000000 loops=1)
                     Sort Key: s_2.a, s_2.b
                     Sort Method: external merge  Disk: 293608kB
                     ->  Seq Scan on s_2  (cost=0.00..163695.54 rows=10000054 width=20) (actual time=0.031..640.214 rows=10000000 loops=1)
 Planning time: 0.236 ms
 Execution time: 7365.905 ms
(11 rows)

===== 15 [Wed Mar  7 07:48:37 CET 2018] scale:10000000 groups:10 work_mem:8MB incremental:off max_workers:0 =====
SELECT * FROM (SELECT * FROM s_3 ORDER BY a, b, c) foo ORDER BY a, b, c, d LIMIT 100000
                                                                QUERY PLAN                                                                 
-------------------------------------------------------------------------------------------------------------------------------------------
 Limit  (cost=2743279.49..2743279.49 rows=1 width=20) (actual time=8156.432..8156.432 rows=0 loops=1)
   ->  Limit  (cost=2742029.49..2742279.49 rows=100000 width=20) (actual time=8138.722..8153.611 rows=100000 loops=1)
         ->  Sort  (cost=2742029.49..2767029.63 rows=10000054 width=20) (actual time=8138.722..8147.996 rows=100000 loops=1)
               Sort Key: s_3.a, s_3.b, s_3.c, s_3.d
               Sort Method: external merge  Disk: 293608kB
               ->  Sort  (cost=1736542.04..1761542.18 rows=10000054 width=20) (actual time=3065.980..4107.591 rows=10000000 loops=1)
                     Sort Key: s_3.a, s_3.b, s_3.c
                     Sort Method: external merge  Disk: 293608kB
                     ->  Seq Scan on s_3  (cost=0.00..163695.54 rows=10000054 width=20) (actual time=0.031..636.189 rows=10000000 loops=1)
 Planning time: 0.246 ms
 Execution time: 8217.697 ms
(11 rows)

===== 16 [Wed Mar  7 07:49:21 CET 2018] scale:10000000 groups:10 work_mem:8MB incremental:off max_workers:0 =====
SELECT * FROM (SELECT * FROM s_4 ORDER BY a, b, c, d) foo ORDER BY a, b, c, d, e LIMIT 100000
                                                                QUERY PLAN                                                                 
-------------------------------------------------------------------------------------------------------------------------------------------
 Limit  (cost=2743279.49..2743279.49 rows=1 width=20) (actual time=9358.940..9358.940 rows=0 loops=1)
   ->  Limit  (cost=2742029.49..2742279.49 rows=100000 width=20) (actual time=9341.344..9356.125 rows=100000 loops=1)
         ->  Sort  (cost=2742029.49..2767029.63 rows=10000054 width=20) (actual time=9341.344..9350.516 rows=100000 loops=1)
               Sort Key: s_4.a, s_4.b, s_4.c, s_4.d, s_4.e
               Sort Method: external merge  Disk: 293608kB
               ->  Sort  (cost=1736542.04..1761542.18 rows=10000054 width=20) (actual time=3134.006..4176.015 rows=10000000 loops=1)
                     Sort Key: s_4.a, s_4.b, s_4.c, s_4.d
                     Sort Method: external merge  Disk: 293608kB
                     ->  Seq Scan on s_4  (cost=0.00..163695.54 rows=10000054 width=20) (actual time=0.031..635.054 rows=10000000 loops=1)
 Planning time: 0.240 ms
 Execution time: 9420.193 ms
(11 rows)

===== 17 [Wed Mar  7 07:50:13 CET 2018] scale:10000000 groups:10 work_mem:16MB incremental:on max_workers:0 =====
SELECT * FROM (SELECT * FROM s_1 ORDER BY a) foo ORDER BY a, b LIMIT 100000
                                                                QUERY PLAN                                                                
------------------------------------------------------------------------------------------------------------------------------------------
 Limit  (cost=1625597.59..1625597.59 rows=1 width=20) (actual time=2096.349..2096.349 rows=0 loops=1)
   ->  Limit  (cost=1622847.59..1624597.59 rows=100000 width=20) (actual time=2077.046..2093.576 rows=100000 loops=1)
         ->  Incremental Sort  (cost=1622847.59..1797846.74 rows=9999939 width=20) (actual time=2077.046..2087.856 rows=100000 loops=1)
               Sort Key: s_1.a, s_1.b
               Presorted Key: s_1.a
               Sort Method: external merge  Disk: 14728kB
               Sort Groups: 1
               ->  Sort  (cost=1531440.69..1556440.54 rows=9999939 width=20) (actual time=1880.683..1930.293 rows=501073 loops=1)
                     Sort Key: s_1.a
                     Sort Method: external merge  Disk: 293904kB
                     ->  Seq Scan on s_1  (cost=0.00..163694.39 rows=9999939 width=20) (actual time=0.026..638.561 rows=10000000 loops=1)
 Planning time: 0.231 ms
 Execution time: 2130.339 ms
(13 rows)

===== 18 [Wed Mar  7 07:50:24 CET 2018] scale:10000000 groups:10 work_mem:16MB incremental:on max_workers:0 =====
SELECT * FROM (SELECT * FROM s_2 ORDER BY a, b) foo ORDER BY a, b, c LIMIT 100000
                                                                QUERY PLAN                                                                 
-------------------------------------------------------------------------------------------------------------------------------------------
 Limit  (cost=1542008.86..1542008.86 rows=1 width=20) (actual time=2069.672..2069.672 rows=0 loops=1)
   ->  Limit  (cost=1539242.49..1541008.86 rows=100000 width=20) (actual time=2026.967..2066.849 rows=100000 loops=1)
         ->  Incremental Sort  (cost=1539242.49..1715880.23 rows=10000054 width=20) (actual time=2026.967..2061.425 rows=100000 loops=1)
               Sort Key: s_2.a, s_2.b, s_2.c
               Presorted Key: s_2.a, s_2.b
               Sort Method: quicksort  Memory: 5459kB
               Sort Groups: 3
               ->  Sort  (cost=1531459.54..1556459.68 rows=10000054 width=20) (actual time=2018.732..2032.222 rows=125696 loops=1)
                     Sort Key: s_2.a, s_2.b
                     Sort Method: external merge  Disk: 293904kB
                     ->  Seq Scan on s_2  (cost=0.00..163695.54 rows=10000054 width=20) (actual time=0.030..637.030 rows=10000000 loops=1)
 Planning time: 0.235 ms
 Execution time: 2102.070 ms
(13 rows)

===== 19 [Wed Mar  7 07:50:34 CET 2018] scale:10000000 groups:10 work_mem:16MB incremental:on max_workers:0 =====
SELECT * FROM (SELECT * FROM s_3 ORDER BY a, b, c) foo ORDER BY a, b, c, d LIMIT 100000
                                                                QUERY PLAN                                                                 
-------------------------------------------------------------------------------------------------------------------------------------------
 Limit  (cost=1534858.49..1534858.49 rows=1 width=20) (actual time=2200.878..2200.878 rows=0 loops=1)
   ->  Limit  (cost=1532037.13..1533858.49 rows=100000 width=20) (actual time=2155.382..2198.128 rows=100000 loops=1)
         ->  Incremental Sort  (cost=1532037.13..1714174.71 rows=10000054 width=20) (actual time=2155.382..2192.683 rows=100000 loops=1)
               Sort Key: s_3.a, s_3.b, s_3.c, s_3.d
               Presorted Key: s_3.a, s_3.b, s_3.c
               Sort Method: quicksort  Memory: 598kB
               Sort Groups: 28
               ->  Sort  (cost=1531459.54..1556459.68 rows=10000054 width=20) (actual time=2154.907..2166.257 rows=103268 loops=1)
                     Sort Key: s_3.a, s_3.b, s_3.c
                     Sort Method: external merge  Disk: 293904kB
                     ->  Seq Scan on s_3  (cost=0.00..163695.54 rows=10000054 width=20) (actual time=0.031..635.647 rows=10000000 loops=1)
 Planning time: 0.239 ms
 Execution time: 2232.143 ms
(13 rows)

===== 20 [Wed Mar  7 07:50:45 CET 2018] scale:10000000 groups:10 work_mem:16MB incremental:on max_workers:0 =====
SELECT * FROM (SELECT * FROM s_4 ORDER BY a, b, c, d) foo ORDER BY a, b, c, d, e LIMIT 100000
                                                                QUERY PLAN                                                                 
-------------------------------------------------------------------------------------------------------------------------------------------
 Limit  (cost=1534312.33..1534312.33 rows=1 width=20) (actual time=2267.835..2267.835 rows=0 loops=1)
   ->  Limit  (cost=1531500.23..1533312.33 rows=100000 width=20) (actual time=2219.738..2265.094 rows=100000 loops=1)
         ->  Incremental Sort  (cost=1531500.23..1712711.20 rows=10000054 width=20) (actual time=2219.737..2259.632 rows=100000 loops=1)
               Sort Key: s_4.a, s_4.b, s_4.c, s_4.d, s_4.e
               Presorted Key: s_4.a, s_4.b, s_4.c, s_4.d
               Sort Method: quicksort  Memory: 69kB
               Sort Groups: 301
               ->  Sort  (cost=1531459.54..1556459.68 rows=10000054 width=20) (actual time=2219.653..2230.571 rows=100042 loops=1)
                     Sort Key: s_4.a, s_4.b, s_4.c, s_4.d
                     Sort Method: external merge  Disk: 293904kB
                     ->  Seq Scan on s_4  (cost=0.00..163695.54 rows=10000054 width=20) (actual time=0.032..633.852 rows=10000000 loops=1)
 Planning time: 0.245 ms
 Execution time: 2299.115 ms
(13 rows)

===== 21 [Wed Mar  7 07:50:56 CET 2018] scale:10000000 groups:10 work_mem:16MB incremental:off max_workers:0 =====
SELECT * FROM (SELECT * FROM s_1 ORDER BY a) foo ORDER BY a, b LIMIT 100000
                                                                QUERY PLAN                                                                
------------------------------------------------------------------------------------------------------------------------------------------
 Limit  (cost=2538166.58..2538166.58 rows=1 width=20) (actual time=5407.313..5407.313 rows=0 loops=1)
   ->  Limit  (cost=2536916.58..2537166.58 rows=100000 width=20) (actual time=5388.613..5404.465 rows=100000 loops=1)
         ->  Sort  (cost=2536916.58..2561916.43 rows=9999939 width=20) (actual time=5388.612..5398.734 rows=100000 loops=1)
               Sort Key: s_1.a, s_1.b
               Sort Method: external merge  Disk: 293904kB
               ->  Sort  (cost=1531440.69..1556440.54 rows=9999939 width=20) (actual time=1882.409..2842.903 rows=10000000 loops=1)
                     Sort Key: s_1.a
                     Sort Method: external merge  Disk: 293904kB
                     ->  Seq Scan on s_1  (cost=0.00..163694.39 rows=9999939 width=20) (actual time=0.028..640.037 rows=10000000 loops=1)
 Planning time: 0.219 ms
 Execution time: 5468.359 ms
(11 rows)

===== 22 [Wed Mar  7 07:51:25 CET 2018] scale:10000000 groups:10 work_mem:16MB incremental:off max_workers:0 =====
SELECT * FROM (SELECT * FROM s_2 ORDER BY a, b) foo ORDER BY a, b, c LIMIT 100000
                                                                QUERY PLAN                                                                 
-------------------------------------------------------------------------------------------------------------------------------------------
 Limit  (cost=2538196.99..2538196.99 rows=1 width=20) (actual time=5859.934..5859.934 rows=0 loops=1)
   ->  Limit  (cost=2536946.99..2537196.99 rows=100000 width=20) (actual time=5841.219..5857.105 rows=100000 loops=1)
         ->  Sort  (cost=2536946.99..2561947.13 rows=10000054 width=20) (actual time=5841.218..5851.431 rows=100000 loops=1)
               Sort Key: s_2.a, s_2.b, s_2.c
               Sort Method: external merge  Disk: 293904kB
               ->  Sort  (cost=1531459.54..1556459.68 rows=10000054 width=20) (actual time=2021.349..3106.641 rows=10000000 loops=1)
                     Sort Key: s_2.a, s_2.b
                     Sort Method: external merge  Disk: 293904kB
                     ->  Seq Scan on s_2  (cost=0.00..163695.54 rows=10000054 width=20) (actual time=0.031..637.593 rows=10000000 loops=1)
 Planning time: 0.226 ms
 Execution time: 5920.742 ms
(11 rows)

===== 23 [Wed Mar  7 07:51:56 CET 2018] scale:10000000 groups:10 work_mem:16MB incremental:off max_workers:0 =====
SELECT * FROM (SELECT * FROM s_3 ORDER BY a, b, c) foo ORDER BY a, b, c, d LIMIT 100000
                                                                QUERY PLAN                                                                 
-------------------------------------------------------------------------------------------------------------------------------------------
 Limit  (cost=2538196.99..2538196.99 rows=1 width=20) (actual time=6676.735..6676.735 rows=0 loops=1)
   ->  Limit  (cost=2536946.99..2537196.99 rows=100000 width=20) (actual time=6657.981..6673.904 rows=100000 loops=1)
         ->  Sort  (cost=2536946.99..2561947.13 rows=10000054 width=20) (actual time=6657.980..6668.229 rows=100000 loops=1)
               Sort Key: s_3.a, s_3.b, s_3.c, s_3.d
               Sort Method: external merge  Disk: 293904kB
               ->  Sort  (cost=1531459.54..1556459.68 rows=10000054 width=20) (actual time=2154.188..3269.047 rows=10000000 loops=1)
                     Sort Key: s_3.a, s_3.b, s_3.c
                     Sort Method: external merge  Disk: 293904kB
                     ->  Seq Scan on s_3  (cost=0.00..163695.54 rows=10000054 width=20) (actual time=0.031..632.734 rows=10000000 loops=1)
 Planning time: 0.235 ms
 Execution time: 6737.423 ms
(11 rows)

===== 24 [Wed Mar  7 07:52:32 CET 2018] scale:10000000 groups:10 work_mem:16MB incremental:off max_workers:0 =====
SELECT * FROM (SELECT * FROM s_4 ORDER BY a, b, c, d) foo ORDER BY a, b, c, d, e LIMIT 100000
                                                                QUERY PLAN                                                                 
-------------------------------------------------------------------------------------------------------------------------------------------
 Limit  (cost=2538196.99..2538196.99 rows=1 width=20) (actual time=7883.945..7883.945 rows=0 loops=1)
   ->  Limit  (cost=2536946.99..2537196.99 rows=100000 width=20) (actual time=7865.251..7881.116 rows=100000 loops=1)
         ->  Sort  (cost=2536946.99..2561947.13 rows=10000054 width=20) (actual time=7865.251..7875.413 rows=100000 loops=1)
               Sort Key: s_4.a, s_4.b, s_4.c, s_4.d, s_4.e
               Sort Method: external merge  Disk: 293904kB
               ->  Sort  (cost=1531459.54..1556459.68 rows=10000054 width=20) (actual time=2223.420..3339.147 rows=10000000 loops=1)
                     Sort Key: s_4.a, s_4.b, s_4.c, s_4.d
                     Sort Method: external merge  Disk: 293904kB
                     ->  Seq Scan on s_4  (cost=0.00..163695.54 rows=10000054 width=20) (actual time=0.032..631.600 rows=10000000 loops=1)
 Planning time: 0.243 ms
 Execution time: 7944.731 ms
(11 rows)

===== 25 [Wed Mar  7 07:53:14 CET 2018] scale:10000000 groups:10 work_mem:32MB incremental:on max_workers:0 =====
SELECT * FROM (SELECT * FROM s_1 ORDER BY a) foo ORDER BY a, b LIMIT 100000
                                                                QUERY PLAN                                                                
------------------------------------------------------------------------------------------------------------------------------------------
 Limit  (cost=1625597.59..1625597.59 rows=1 width=20) (actual time=2098.318..2098.318 rows=0 loops=1)
   ->  Limit  (cost=1622847.59..1624597.59 rows=100000 width=20) (actual time=2080.775..2095.608 rows=100000 loops=1)
         ->  Incremental Sort  (cost=1622847.59..1797846.74 rows=9999939 width=20) (actual time=2080.775..2089.916 rows=100000 loops=1)
               Sort Key: s_1.a, s_1.b
               Presorted Key: s_1.a
               Sort Method: external merge  Disk: 14712kB
               Sort Groups: 1
               ->  Sort  (cost=1531440.69..1556440.54 rows=9999939 width=20) (actual time=1867.708..1917.266 rows=501073 loops=1)
                     Sort Key: s_1.a
                     Sort Method: external merge  Disk: 293576kB
                     ->  Seq Scan on s_1  (cost=0.00..163694.39 rows=9999939 width=20) (actual time=0.026..638.956 rows=10000000 loops=1)
 Planning time: 0.230 ms
 Execution time: 2134.091 ms
(13 rows)

===== 26 [Wed Mar  7 07:53:25 CET 2018] scale:10000000 groups:10 work_mem:32MB incremental:on max_workers:0 =====
SELECT * FROM (SELECT * FROM s_2 ORDER BY a, b) foo ORDER BY a, b, c LIMIT 100000
                                                                QUERY PLAN                                                                 
-------------------------------------------------------------------------------------------------------------------------------------------
 Limit  (cost=1542008.86..1542008.86 rows=1 width=20) (actual time=2035.601..2035.601 rows=0 loops=1)
   ->  Limit  (cost=1539242.49..1541008.86 rows=100000 width=20) (actual time=1992.163..2032.863 rows=100000 loops=1)
         ->  Incremental Sort  (cost=1539242.49..1715880.23 rows=10000054 width=20) (actual time=1992.162..2027.405 rows=100000 loops=1)
               Sort Key: s_2.a, s_2.b, s_2.c
               Presorted Key: s_2.a, s_2.b
               Sort Method: quicksort  Memory: 5459kB
               Sort Groups: 3
               ->  Sort  (cost=1531459.54..1556459.68 rows=10000054 width=20) (actual time=1984.021..1997.362 rows=125696 loops=1)
                     Sort Key: s_2.a, s_2.b
                     Sort Method: external merge  Disk: 293576kB
                     ->  Seq Scan on s_2  (cost=0.00..163695.54 rows=10000054 width=20) (actual time=0.038..635.645 rows=10000000 loops=1)
 Planning time: 0.231 ms
 Execution time: 2067.226 ms
(13 rows)

===== 27 [Wed Mar  7 07:53:35 CET 2018] scale:10000000 groups:10 work_mem:32MB incremental:on max_workers:0 =====
SELECT * FROM (SELECT * FROM s_3 ORDER BY a, b, c) foo ORDER BY a, b, c, d LIMIT 100000
                                                                QUERY PLAN                                                                 
-------------------------------------------------------------------------------------------------------------------------------------------
 Limit  (cost=1534858.49..1534858.49 rows=1 width=20) (actual time=2159.991..2159.991 rows=0 loops=1)
   ->  Limit  (cost=1532037.13..1533858.49 rows=100000 width=20) (actual time=2114.455..2157.160 rows=100000 loops=1)
         ->  Incremental Sort  (cost=1532037.13..1714174.71 rows=10000054 width=20) (actual time=2114.454..2151.729 rows=100000 loops=1)
               Sort Key: s_3.a, s_3.b, s_3.c, s_3.d
               Presorted Key: s_3.a, s_3.b, s_3.c
               Sort Method: quicksort  Memory: 598kB
               Sort Groups: 28
               ->  Sort  (cost=1531459.54..1556459.68 rows=10000054 width=20) (actual time=2113.954..2125.223 rows=103268 loops=1)
                     Sort Key: s_3.a, s_3.b, s_3.c
                     Sort Method: external merge  Disk: 293576kB
                     ->  Seq Scan on s_3  (cost=0.00..163695.54 rows=10000054 width=20) (actual time=0.031..634.842 rows=10000000 loops=1)
 Planning time: 0.243 ms
 Execution time: 2191.482 ms
(13 rows)

===== 28 [Wed Mar  7 07:53:46 CET 2018] scale:10000000 groups:10 work_mem:32MB incremental:on max_workers:0 =====
SELECT * FROM (SELECT * FROM s_4 ORDER BY a, b, c, d) foo ORDER BY a, b, c, d, e LIMIT 100000
                                                                QUERY PLAN                                                                 
-------------------------------------------------------------------------------------------------------------------------------------------
 Limit  (cost=1534312.33..1534312.33 rows=1 width=20) (actual time=2230.952..2230.952 rows=0 loops=1)
   ->  Limit  (cost=1531500.23..1533312.33 rows=100000 width=20) (actual time=2182.696..2228.131 rows=100000 loops=1)
         ->  Incremental Sort  (cost=1531500.23..1712711.20 rows=10000054 width=20) (actual time=2182.695..2222.694 rows=100000 loops=1)
               Sort Key: s_4.a, s_4.b, s_4.c, s_4.d, s_4.e
               Presorted Key: s_4.a, s_4.b, s_4.c, s_4.d
               Sort Method: quicksort  Memory: 69kB
               Sort Groups: 301
               ->  Sort  (cost=1531459.54..1556459.68 rows=10000054 width=20) (actual time=2182.616..2193.544 rows=100042 loops=1)
                     Sort Key: s_4.a, s_4.b, s_4.c, s_4.d
                     Sort Method: external merge  Disk: 293576kB
                     ->  Seq Scan on s_4  (cost=0.00..163695.54 rows=10000054 width=20) (actual time=0.031..633.954 rows=10000000 loops=1)
 Planning time: 0.251 ms
 Execution time: 2262.543 ms
(13 rows)

===== 29 [Wed Mar  7 07:53:57 CET 2018] scale:10000000 groups:10 work_mem:32MB incremental:off max_workers:0 =====
SELECT * FROM (SELECT * FROM s_1 ORDER BY a) foo ORDER BY a, b LIMIT 100000
                                                                QUERY PLAN                                                                
------------------------------------------------------------------------------------------------------------------------------------------
 Limit  (cost=2538166.58..2538166.58 rows=1 width=20) (actual time=3579.370..3579.370 rows=0 loops=1)
   ->  Limit  (cost=2536916.58..2537166.58 rows=100000 width=20) (actual time=3563.327..3576.626 rows=100000 loops=1)
         ->  Sort  (cost=2536916.58..2561916.43 rows=9999939 width=20) (actual time=3563.327..3571.150 rows=100000 loops=1)
               Sort Key: s_1.a, s_1.b
               Sort Method: top-N heapsort  Memory: 18976kB
               ->  Sort  (cost=1531440.69..1556440.54 rows=9999939 width=20) (actual time=1860.804..2812.655 rows=10000000 loops=1)
                     Sort Key: s_1.a
                     Sort Method: external merge  Disk: 293576kB
                     ->  Seq Scan on s_1  (cost=0.00..163694.39 rows=9999939 width=20) (actual time=0.030..637.287 rows=10000000 loops=1)
 Planning time: 0.221 ms
 Execution time: 3612.315 ms
(11 rows)

===== 30 [Wed Mar  7 07:54:14 CET 2018] scale:10000000 groups:10 work_mem:32MB incremental:off max_workers:0 =====
SELECT * FROM (SELECT * FROM s_2 ORDER BY a, b) foo ORDER BY a, b, c LIMIT 100000
                                                                QUERY PLAN                                                                 
-------------------------------------------------------------------------------------------------------------------------------------------
 Limit  (cost=2538196.99..2538196.99 rows=1 width=20) (actual time=3758.711..3758.711 rows=0 loops=1)
   ->  Limit  (cost=2536946.99..2537196.99 rows=100000 width=20) (actual time=3743.310..3755.977 rows=100000 loops=1)
         ->  Sort  (cost=2536946.99..2561947.13 rows=10000054 width=20) (actual time=3743.309..3750.484 rows=100000 loops=1)
               Sort Key: s_2.a, s_2.b, s_2.c
               Sort Method: top-N heapsort  Memory: 15222kB
               ->  Sort  (cost=1531459.54..1556459.68 rows=10000054 width=20) (actual time=1990.256..3029.850 rows=10000000 loops=1)
                     Sort Key: s_2.a, s_2.b
                     Sort Method: external merge  Disk: 293576kB
                     ->  Seq Scan on s_2  (cost=0.00..163695.54 rows=10000054 width=20) (actual time=0.032..635.866 rows=10000000 loops=1)
 Planning time: 0.227 ms
 Execution time: 3791.567 ms
(11 rows)

===== 31 [Wed Mar  7 07:54:32 CET 2018] scale:10000000 groups:10 work_mem:32MB incremental:off max_workers:0 =====
SELECT * FROM (SELECT * FROM s_3 ORDER BY a, b, c) foo ORDER BY a, b, c, d LIMIT 100000
                                                                QUERY PLAN                                                                 
-------------------------------------------------------------------------------------------------------------------------------------------
 Limit  (cost=2538196.99..2538196.99 rows=1 width=20) (actual time=4008.185..4008.185 rows=0 loops=1)
   ->  Limit  (cost=2536946.99..2537196.99 rows=100000 width=20) (actual time=3992.955..4005.421 rows=100000 loops=1)
         ->  Sort  (cost=2536946.99..2561947.13 rows=10000054 width=20) (actual time=3992.954..3999.974 rows=100000 loops=1)
               Sort Key: s_3.a, s_3.b, s_3.c, s_3.d
               Sort Method: top-N heapsort  Memory: 14089kB
               ->  Sort  (cost=1531459.54..1556459.68 rows=10000054 width=20) (actual time=2118.251..3228.033 rows=10000000 loops=1)
                     Sort Key: s_3.a, s_3.b, s_3.c
                     Sort Method: external merge  Disk: 293576kB
                     ->  Seq Scan on s_3  (cost=0.00..163695.54 rows=10000054 width=20) (actual time=0.031..633.010 rows=10000000 loops=1)
 Planning time: 0.241 ms
 Execution time: 4041.101 ms
(11 rows)

===== 32 [Wed Mar  7 07:54:51 CET 2018] scale:10000000 groups:10 work_mem:32MB incremental:off max_workers:0 =====
SELECT * FROM (SELECT * FROM s_4 ORDER BY a, b, c, d) foo ORDER BY a, b, c, d, e LIMIT 100000
                                                                QUERY PLAN                                                                 
-------------------------------------------------------------------------------------------------------------------------------------------
 Limit  (cost=2538196.99..2538196.99 rows=1 width=20) (actual time=4077.763..4077.763 rows=0 loops=1)
   ->  Limit  (cost=2536946.99..2537196.99 rows=100000 width=20) (actual time=4064.286..4075.009 rows=100000 loops=1)
         ->  Sort  (cost=2536946.99..2561947.13 rows=10000054 width=20) (actual time=4064.285..4069.561 rows=100000 loops=1)
               Sort Key: s_4.a, s_4.b, s_4.c, s_4.d, s_4.e
               Sort Method: top-N heapsort  Memory: 13960kB
               ->  Sort  (cost=1531459.54..1556459.68 rows=10000054 width=20) (actual time=2183.196..3294.126 rows=10000000 loops=1)
                     Sort Key: s_4.a, s_4.b, s_4.c, s_4.d
                     Sort Method: external merge  Disk: 293576kB
                     ->  Seq Scan on s_4  (cost=0.00..163695.54 rows=10000054 width=20) (actual time=0.032..631.565 rows=10000000 loops=1)
 Planning time: 0.238 ms
 Execution time: 4110.728 ms
(11 rows)

===== 33 [Wed Mar  7 07:55:11 CET 2018] scale:10000000 groups:10 work_mem:64MB incremental:on max_workers:0 =====
SELECT * FROM (SELECT * FROM s_1 ORDER BY a) foo ORDER BY a, b LIMIT 100000
                                                                QUERY PLAN                                                                
------------------------------------------------------------------------------------------------------------------------------------------
 Limit  (cost=1625597.59..1625597.59 rows=1 width=20) (actual time=2059.904..2059.904 rows=0 loops=1)
   ->  Limit  (cost=1622847.59..1624597.59 rows=100000 width=20) (actual time=2041.362..2057.069 rows=100000 loops=1)
         ->  Incremental Sort  (cost=1622847.59..1797846.74 rows=9999939 width=20) (actual time=2041.361..2051.654 rows=100000 loops=1)
               Sort Key: s_1.a, s_1.b
               Presorted Key: s_1.a
               Sort Method: quicksort  Memory: 51435kB
               Sort Groups: 1
               ->  Sort  (cost=1531440.69..1556440.54 rows=9999939 width=20) (actual time=1875.694..1926.098 rows=501073 loops=1)
                     Sort Key: s_1.a
                     Sort Method: external merge  Disk: 293648kB
                     ->  Seq Scan on s_1  (cost=0.00..163694.39 rows=9999939 width=20) (actual time=0.029..638.913 rows=10000000 loops=1)
 Planning time: 0.236 ms
 Execution time: 2095.800 ms
(13 rows)

===== 34 [Wed Mar  7 07:55:21 CET 2018] scale:10000000 groups:10 work_mem:64MB incremental:on max_workers:0 =====
SELECT * FROM (SELECT * FROM s_2 ORDER BY a, b) foo ORDER BY a, b, c LIMIT 100000
                                                                QUERY PLAN                                                                 
-------------------------------------------------------------------------------------------------------------------------------------------
 Limit  (cost=1542008.86..1542008.86 rows=1 width=20) (actual time=2059.534..2059.534 rows=0 loops=1)
   ->  Limit  (cost=1539242.49..1541008.86 rows=100000 width=20) (actual time=2017.406..2056.715 rows=100000 loops=1)
         ->  Incremental Sort  (cost=1539242.49..1715880.23 rows=10000054 width=20) (actual time=2017.405..2051.290 rows=100000 loops=1)
               Sort Key: s_2.a, s_2.b, s_2.c
               Presorted Key: s_2.a, s_2.b
               Sort Method: quicksort  Memory: 5459kB
               Sort Groups: 3
               ->  Sort  (cost=1531459.54..1556459.68 rows=10000054 width=20) (actual time=2010.001..2022.515 rows=125696 loops=1)
                     Sort Key: s_2.a, s_2.b
                     Sort Method: external merge  Disk: 293648kB
                     ->  Seq Scan on s_2  (cost=0.00..163695.54 rows=10000054 width=20) (actual time=0.031..636.733 rows=10000000 loops=1)
 Planning time: 0.237 ms
 Execution time: 2090.860 ms
(13 rows)

===== 35 [Wed Mar  7 07:55:32 CET 2018] scale:10000000 groups:10 work_mem:64MB incremental:on max_workers:0 =====
SELECT * FROM (SELECT * FROM s_3 ORDER BY a, b, c) foo ORDER BY a, b, c, d LIMIT 100000
                                                                QUERY PLAN                                                                 
-------------------------------------------------------------------------------------------------------------------------------------------
 Limit  (cost=1534858.49..1534858.49 rows=1 width=20) (actual time=2192.710..2192.710 rows=0 loops=1)
   ->  Limit  (cost=1532037.13..1533858.49 rows=100000 width=20) (actual time=2148.085..2189.957 rows=100000 loops=1)
         ->  Incremental Sort  (cost=1532037.13..1714174.71 rows=10000054 width=20) (actual time=2148.084..2184.505 rows=100000 loops=1)
               Sort Key: s_3.a, s_3.b, s_3.c, s_3.d
               Presorted Key: s_3.a, s_3.b, s_3.c
               Sort Method: quicksort  Memory: 598kB
               Sort Groups: 28
               ->  Sort  (cost=1531459.54..1556459.68 rows=10000054 width=20) (actual time=2147.614..2158.224 rows=103268 loops=1)
                     Sort Key: s_3.a, s_3.b, s_3.c
                     Sort Method: external merge  Disk: 293648kB
                     ->  Seq Scan on s_3  (cost=0.00..163695.54 rows=10000054 width=20) (actual time=0.031..636.117 rows=10000000 loops=1)
 Planning time: 0.241 ms
 Execution time: 2223.985 ms
(13 rows)

===== 36 [Wed Mar  7 07:55:42 CET 2018] scale:10000000 groups:10 work_mem:64MB incremental:on max_workers:0 =====
SELECT * FROM (SELECT * FROM s_4 ORDER BY a, b, c, d) foo ORDER BY a, b, c, d, e LIMIT 100000
                                                                QUERY PLAN                                                                 
-------------------------------------------------------------------------------------------------------------------------------------------
 Limit  (cost=1534312.33..1534312.33 rows=1 width=20) (actual time=2261.662..2261.662 rows=0 loops=1)
   ->  Limit  (cost=1531500.23..1533312.33 rows=100000 width=20) (actual time=2214.220..2258.948 rows=100000 loops=1)
         ->  Incremental Sort  (cost=1531500.23..1712711.20 rows=10000054 width=20) (actual time=2214.220..2253.481 rows=100000 loops=1)
               Sort Key: s_4.a, s_4.b, s_4.c, s_4.d, s_4.e
               Presorted Key: s_4.a, s_4.b, s_4.c, s_4.d
               Sort Method: quicksort  Memory: 69kB
               Sort Groups: 301
               ->  Sort  (cost=1531459.54..1556459.68 rows=10000054 width=20) (actual time=2214.141..2224.454 rows=100042 loops=1)
                     Sort Key: s_4.a, s_4.b, s_4.c, s_4.d
                     Sort Method: external merge  Disk: 293648kB
                     ->  Seq Scan on s_4  (cost=0.00..163695.54 rows=10000054 width=20) (actual time=0.031..635.072 rows=10000000 loops=1)
 Planning time: 0.243 ms
 Execution time: 2292.820 ms
(13 rows)

===== 37 [Wed Mar  7 07:55:54 CET 2018] scale:10000000 groups:10 work_mem:64MB incremental:off max_workers:0 =====
SELECT * FROM (SELECT * FROM s_1 ORDER BY a) foo ORDER BY a, b LIMIT 100000
                                                                QUERY PLAN                                                                
------------------------------------------------------------------------------------------------------------------------------------------
 Limit  (cost=2538166.58..2538166.58 rows=1 width=20) (actual time=3611.117..3611.117 rows=0 loops=1)
   ->  Limit  (cost=2536916.58..2537166.58 rows=100000 width=20) (actual time=3595.069..3608.366 rows=100000 loops=1)
         ->  Sort  (cost=2536916.58..2561916.43 rows=9999939 width=20) (actual time=3595.068..3602.889 rows=100000 loops=1)
               Sort Key: s_1.a, s_1.b
               Sort Method: top-N heapsort  Memory: 18976kB
               ->  Sort  (cost=1531440.69..1556440.54 rows=9999939 width=20) (actual time=1880.593..2843.260 rows=10000000 loops=1)
                     Sort Key: s_1.a
                     Sort Method: external merge  Disk: 293648kB
                     ->  Seq Scan on s_1  (cost=0.00..163694.39 rows=9999939 width=20) (actual time=0.029..639.373 rows=10000000 loops=1)
 Planning time: 0.224 ms
 Execution time: 3646.023 ms
(11 rows)

===== 38 [Wed Mar  7 07:56:11 CET 2018] scale:10000000 groups:10 work_mem:64MB incremental:off max_workers:0 =====
SELECT * FROM (SELECT * FROM s_2 ORDER BY a, b) foo ORDER BY a, b, c LIMIT 100000
                                                                QUERY PLAN                                                                 
-------------------------------------------------------------------------------------------------------------------------------------------
 Limit  (cost=2538196.99..2538196.99 rows=1 width=20) (actual time=3781.908..3781.908 rows=0 loops=1)
   ->  Limit  (cost=2536946.99..2537196.99 rows=100000 width=20) (actual time=3766.728..3779.161 rows=100000 loops=1)
         ->  Sort  (cost=2536946.99..2561947.13 rows=10000054 width=20) (actual time=3766.727..3773.674 rows=100000 loops=1)
               Sort Key: s_2.a, s_2.b, s_2.c
               Sort Method: top-N heapsort  Memory: 15222kB
               ->  Sort  (cost=1531459.54..1556459.68 rows=10000054 width=20) (actual time=2006.170..3027.244 rows=10000000 loops=1)
                     Sort Key: s_2.a, s_2.b
                     Sort Method: external merge  Disk: 293648kB
                     ->  Seq Scan on s_2  (cost=0.00..163695.54 rows=10000054 width=20) (actual time=0.037..636.263 rows=10000000 loops=1)
 Planning time: 0.225 ms
 Execution time: 3816.796 ms
(11 rows)

===== 39 [Wed Mar  7 07:56:30 CET 2018] scale:10000000 groups:10 work_mem:64MB incremental:off max_workers:0 =====
SELECT * FROM (SELECT * FROM s_3 ORDER BY a, b, c) foo ORDER BY a, b, c, d LIMIT 100000
                                                                QUERY PLAN                                                                 
-------------------------------------------------------------------------------------------------------------------------------------------
 Limit  (cost=2538196.99..2538196.99 rows=1 width=20) (actual time=4055.424..4055.424 rows=0 loops=1)
   ->  Limit  (cost=2536946.99..2537196.99 rows=100000 width=20) (actual time=4040.212..4052.674 rows=100000 loops=1)
         ->  Sort  (cost=2536946.99..2561947.13 rows=10000054 width=20) (actual time=4040.211..4047.234 rows=100000 loops=1)
               Sort Key: s_3.a, s_3.b, s_3.c, s_3.d
               Sort Method: top-N heapsort  Memory: 14089kB
               ->  Sort  (cost=1531459.54..1556459.68 rows=10000054 width=20) (actual time=2149.699..3251.890 rows=10000000 loops=1)
                     Sort Key: s_3.a, s_3.b, s_3.c
                     Sort Method: external merge  Disk: 293648kB
                     ->  Seq Scan on s_3  (cost=0.00..163695.54 rows=10000054 width=20) (actual time=0.031..634.375 rows=10000000 loops=1)
 Planning time: 0.243 ms
 Execution time: 4090.315 ms
(11 rows)

===== 40 [Wed Mar  7 07:56:49 CET 2018] scale:10000000 groups:10 work_mem:64MB incremental:off max_workers:0 =====
SELECT * FROM (SELECT * FROM s_4 ORDER BY a, b, c, d) foo ORDER BY a, b, c, d, e LIMIT 100000
                                                                QUERY PLAN                                                                 
-------------------------------------------------------------------------------------------------------------------------------------------
 Limit  (cost=2538196.99..2538196.99 rows=1 width=20) (actual time=4125.817..4125.817 rows=0 loops=1)
   ->  Limit  (cost=2536946.99..2537196.99 rows=100000 width=20) (actual time=4112.413..4123.063 rows=100000 loops=1)
         ->  Sort  (cost=2536946.99..2561947.13 rows=10000054 width=20) (actual time=4112.412..4117.616 rows=100000 loops=1)
               Sort Key: s_4.a, s_4.b, s_4.c, s_4.d, s_4.e
               Sort Method: top-N heapsort  Memory: 13960kB
               ->  Sort  (cost=1531459.54..1556459.68 rows=10000054 width=20) (actual time=2214.238..3318.440 rows=10000000 loops=1)
                     Sort Key: s_4.a, s_4.b, s_4.c, s_4.d
                     Sort Method: external merge  Disk: 293648kB
                     ->  Seq Scan on s_4  (cost=0.00..163695.54 rows=10000054 width=20) (actual time=0.032..632.642 rows=10000000 loops=1)
 Planning time: 0.243 ms
 Execution time: 4160.740 ms
(11 rows)

===== 41 [Wed Mar  7 07:57:09 CET 2018] scale:10000000 groups:10 work_mem:128MB incremental:on max_workers:0 =====
SELECT * FROM (SELECT * FROM s_1 ORDER BY a) foo ORDER BY a, b LIMIT 100000
                                                                QUERY PLAN                                                                
------------------------------------------------------------------------------------------------------------------------------------------
 Limit  (cost=1625597.59..1625597.59 rows=1 width=20) (actual time=2196.477..2196.477 rows=0 loops=1)
   ->  Limit  (cost=1622847.59..1624597.59 rows=100000 width=20) (actual time=2177.933..2193.656 rows=100000 loops=1)
         ->  Incremental Sort  (cost=1622847.59..1797846.74 rows=9999939 width=20) (actual time=2177.932..2188.217 rows=100000 loops=1)
               Sort Key: s_1.a, s_1.b
               Presorted Key: s_1.a
               Sort Method: quicksort  Memory: 51435kB
               Sort Groups: 1
               ->  Sort  (cost=1531440.69..1556440.54 rows=9999939 width=20) (actual time=2014.134..2064.336 rows=501073 loops=1)
                     Sort Key: s_1.a
                     Sort Method: external merge  Disk: 293568kB
                     ->  Seq Scan on s_1  (cost=0.00..163694.39 rows=9999939 width=20) (actual time=0.029..639.534 rows=10000000 loops=1)
 Planning time: 0.231 ms
 Execution time: 2234.433 ms
(13 rows)

===== 42 [Wed Mar  7 07:57:19 CET 2018] scale:10000000 groups:10 work_mem:128MB incremental:on max_workers:0 =====
SELECT * FROM (SELECT * FROM s_2 ORDER BY a, b) foo ORDER BY a, b, c LIMIT 100000
                                                                QUERY PLAN                                                                 
-------------------------------------------------------------------------------------------------------------------------------------------
 Limit  (cost=1542008.86..1542008.86 rows=1 width=20) (actual time=2186.677..2186.677 rows=0 loops=1)
   ->  Limit  (cost=1539242.49..1541008.86 rows=100000 width=20) (actual time=2146.686..2183.853 rows=100000 loops=1)
         ->  Incremental Sort  (cost=1539242.49..1715880.23 rows=10000054 width=20) (actual time=2146.685..2178.433 rows=100000 loops=1)
               Sort Key: s_2.a, s_2.b, s_2.c
               Presorted Key: s_2.a, s_2.b
               Sort Method: quicksort  Memory: 5459kB
               Sort Groups: 3
               ->  Sort  (cost=1531459.54..1556459.68 rows=10000054 width=20) (actual time=2139.910..2150.980 rows=125696 loops=1)
                     Sort Key: s_2.a, s_2.b
                     Sort Method: external merge  Disk: 293568kB
                     ->  Seq Scan on s_2  (cost=0.00..163695.54 rows=10000054 width=20) (actual time=0.032..637.094 rows=10000000 loops=1)
 Planning time: 0.236 ms
 Execution time: 2222.619 ms
(13 rows)

===== 43 [Wed Mar  7 07:57:30 CET 2018] scale:10000000 groups:10 work_mem:128MB incremental:on max_workers:0 =====
SELECT * FROM (SELECT * FROM s_3 ORDER BY a, b, c) foo ORDER BY a, b, c, d LIMIT 100000
                                                                QUERY PLAN                                                                 
-------------------------------------------------------------------------------------------------------------------------------------------
 Limit  (cost=1534858.49..1534858.49 rows=1 width=20) (actual time=2259.717..2259.717 rows=0 loops=1)
   ->  Limit  (cost=1532037.13..1533858.49 rows=100000 width=20) (actual time=2216.257..2256.980 rows=100000 loops=1)
         ->  Incremental Sort  (cost=1532037.13..1714174.71 rows=10000054 width=20) (actual time=2216.256..2251.515 rows=100000 loops=1)
               Sort Key: s_3.a, s_3.b, s_3.c, s_3.d
               Presorted Key: s_3.a, s_3.b, s_3.c
               Sort Method: quicksort  Memory: 598kB
               Sort Groups: 28
               ->  Sort  (cost=1531459.54..1556459.68 rows=10000054 width=20) (actual time=2215.795..2225.236 rows=103268 loops=1)
                     Sort Key: s_3.a, s_3.b, s_3.c
                     Sort Method: external merge  Disk: 293568kB
                     ->  Seq Scan on s_3  (cost=0.00..163695.54 rows=10000054 width=20) (actual time=0.031..640.318 rows=10000000 loops=1)
 Planning time: 0.249 ms
 Execution time: 2295.355 ms
(13 rows)

===== 44 [Wed Mar  7 07:57:41 CET 2018] scale:10000000 groups:10 work_mem:128MB incremental:on max_workers:0 =====
SELECT * FROM (SELECT * FROM s_4 ORDER BY a, b, c, d) foo ORDER BY a, b, c, d, e LIMIT 100000
                                                                QUERY PLAN                                                                 
-------------------------------------------------------------------------------------------------------------------------------------------
 Limit  (cost=1534312.33..1534312.33 rows=1 width=20) (actual time=2325.647..2325.647 rows=0 loops=1)
   ->  Limit  (cost=1531500.23..1533312.33 rows=100000 width=20) (actual time=2279.295..2322.927 rows=100000 loops=1)
         ->  Incremental Sort  (cost=1531500.23..1712711.20 rows=10000054 width=20) (actual time=2279.294..2317.474 rows=100000 loops=1)
               Sort Key: s_4.a, s_4.b, s_4.c, s_4.d, s_4.e
               Presorted Key: s_4.a, s_4.b, s_4.c, s_4.d
               Sort Method: quicksort  Memory: 69kB
               Sort Groups: 301
               ->  Sort  (cost=1531459.54..1556459.68 rows=10000054 width=20) (actual time=2279.216..2288.427 rows=100042 loops=1)
                     Sort Key: s_4.a, s_4.b, s_4.c, s_4.d
                     Sort Method: external merge  Disk: 293568kB
                     ->  Seq Scan on s_4  (cost=0.00..163695.54 rows=10000054 width=20) (actual time=0.031..639.128 rows=10000000 loops=1)
 Planning time: 0.248 ms
 Execution time: 2361.420 ms
(13 rows)

===== 45 [Wed Mar  7 07:57:53 CET 2018] scale:10000000 groups:10 work_mem:128MB incremental:off max_workers:0 =====
SELECT * FROM (SELECT * FROM s_1 ORDER BY a) foo ORDER BY a, b LIMIT 100000
                                                                QUERY PLAN                                                                
------------------------------------------------------------------------------------------------------------------------------------------
 Limit  (cost=2538166.58..2538166.58 rows=1 width=20) (actual time=3718.437..3718.437 rows=0 loops=1)
   ->  Limit  (cost=2536916.58..2537166.58 rows=100000 width=20) (actual time=3702.413..3715.691 rows=100000 loops=1)
         ->  Sort  (cost=2536916.58..2561916.43 rows=9999939 width=20) (actual time=3702.412..3710.207 rows=100000 loops=1)
               Sort Key: s_1.a, s_1.b
               Sort Method: top-N heapsort  Memory: 18976kB
               ->  Sort  (cost=1531440.69..1556440.54 rows=9999939 width=20) (actual time=2012.197..2957.112 rows=10000000 loops=1)
                     Sort Key: s_1.a
                     Sort Method: external merge  Disk: 293568kB
                     ->  Seq Scan on s_1  (cost=0.00..163694.39 rows=9999939 width=20) (actual time=0.029..637.149 rows=10000000 loops=1)
 Planning time: 0.231 ms
 Execution time: 3755.068 ms
(11 rows)

===== 46 [Wed Mar  7 07:58:11 CET 2018] scale:10000000 groups:10 work_mem:128MB incremental:off max_workers:0 =====
SELECT * FROM (SELECT * FROM s_2 ORDER BY a, b) foo ORDER BY a, b, c LIMIT 100000
                                                                QUERY PLAN                                                                 
-------------------------------------------------------------------------------------------------------------------------------------------
 Limit  (cost=2538196.99..2538196.99 rows=1 width=20) (actual time=3849.155..3849.155 rows=0 loops=1)
   ->  Limit  (cost=2536946.99..2537196.99 rows=100000 width=20) (actual time=3833.836..3846.387 rows=100000 loops=1)
         ->  Sort  (cost=2536946.99..2561947.13 rows=10000054 width=20) (actual time=3833.835..3840.900 rows=100000 loops=1)
               Sort Key: s_2.a, s_2.b, s_2.c
               Sort Method: top-N heapsort  Memory: 15222kB
               ->  Sort  (cost=1531459.54..1556459.68 rows=10000054 width=20) (actual time=2143.491..3124.627 rows=10000000 loops=1)
                     Sort Key: s_2.a, s_2.b
                     Sort Method: external merge  Disk: 293568kB
                     ->  Seq Scan on s_2  (cost=0.00..163695.54 rows=10000054 width=20) (actual time=0.031..634.395 rows=10000000 loops=1)
 Planning time: 0.225 ms
 Execution time: 3885.816 ms
(11 rows)

===== 47 [Wed Mar  7 07:58:30 CET 2018] scale:10000000 groups:10 work_mem:128MB incremental:off max_workers:0 =====
SELECT * FROM (SELECT * FROM s_3 ORDER BY a, b, c) foo ORDER BY a, b, c, d LIMIT 100000
                                                                QUERY PLAN                                                                 
-------------------------------------------------------------------------------------------------------------------------------------------
 Limit  (cost=2538196.99..2538196.99 rows=1 width=20) (actual time=4029.700..4029.700 rows=0 loops=1)
   ->  Limit  (cost=2536946.99..2537196.99 rows=100000 width=20) (actual time=4014.485..4026.940 rows=100000 loops=1)
         ->  Sort  (cost=2536946.99..2561947.13 rows=10000054 width=20) (actual time=4014.484..4021.504 rows=100000 loops=1)
               Sort Key: s_3.a, s_3.b, s_3.c, s_3.d
               Sort Method: top-N heapsort  Memory: 14089kB
               ->  Sort  (cost=1531459.54..1556459.68 rows=10000054 width=20) (actual time=2209.062..3257.461 rows=10000000 loops=1)
                     Sort Key: s_3.a, s_3.b, s_3.c
                     Sort Method: external merge  Disk: 293568kB
                     ->  Seq Scan on s_3  (cost=0.00..163695.54 rows=10000054 width=20) (actual time=0.031..637.540 rows=10000000 loops=1)
 Planning time: 0.236 ms
 Execution time: 4066.394 ms
(11 rows)

===== 48 [Wed Mar  7 07:58:49 CET 2018] scale:10000000 groups:10 work_mem:128MB incremental:off max_workers:0 =====
SELECT * FROM (SELECT * FROM s_4 ORDER BY a, b, c, d) foo ORDER BY a, b, c, d, e LIMIT 100000
                                                                QUERY PLAN                                                                 
-------------------------------------------------------------------------------------------------------------------------------------------
 Limit  (cost=2538196.99..2538196.99 rows=1 width=20) (actual time=4102.478..4102.478 rows=0 loops=1)
   ->  Limit  (cost=2536946.99..2537196.99 rows=100000 width=20) (actual time=4089.051..4099.726 rows=100000 loops=1)
         ->  Sort  (cost=2536946.99..2561947.13 rows=10000054 width=20) (actual time=4089.050..4094.277 rows=100000 loops=1)
               Sort Key: s_4.a, s_4.b, s_4.c, s_4.d, s_4.e
               Sort Method: top-N heapsort  Memory: 13960kB
               ->  Sort  (cost=1531459.54..1556459.68 rows=10000054 width=20) (actual time=2277.273..3326.623 rows=10000000 loops=1)
                     Sort Key: s_4.a, s_4.b, s_4.c, s_4.d
                     Sort Method: external merge  Disk: 293568kB
                     ->  Seq Scan on s_4  (cost=0.00..163695.54 rows=10000054 width=20) (actual time=0.031..637.252 rows=10000000 loops=1)
 Planning time: 0.234 ms
 Execution time: 4139.178 ms
(11 rows)

===== 49 [Wed Mar  7 07:59:08 CET 2018] scale:10000000 groups:10 work_mem:256MB incremental:on max_workers:0 =====
SELECT * FROM (SELECT * FROM s_1 ORDER BY a) foo ORDER BY a, b LIMIT 100000
                                                                QUERY PLAN                                                                
------------------------------------------------------------------------------------------------------------------------------------------
 Limit  (cost=1625597.59..1625597.59 rows=1 width=20) (actual time=2327.445..2327.445 rows=0 loops=1)
   ->  Limit  (cost=1622847.59..1624597.59 rows=100000 width=20) (actual time=2309.019..2324.703 rows=100000 loops=1)
         ->  Incremental Sort  (cost=1622847.59..1797846.74 rows=9999939 width=20) (actual time=2309.018..2319.216 rows=100000 loops=1)
               Sort Key: s_1.a, s_1.b
               Presorted Key: s_1.a
               Sort Method: quicksort  Memory: 51435kB
               Sort Groups: 1
               ->  Sort  (cost=1531440.69..1556440.54 rows=9999939 width=20) (actual time=2146.154..2191.896 rows=501073 loops=1)
                     Sort Key: s_1.a
                     Sort Method: external merge  Disk: 293552kB
                     ->  Seq Scan on s_1  (cost=0.00..163694.39 rows=9999939 width=20) (actual time=0.029..649.008 rows=10000000 loops=1)
 Planning time: 0.228 ms
 Execution time: 2371.104 ms
(13 rows)

===== 50 [Wed Mar  7 07:59:20 CET 2018] scale:10000000 groups:10 work_mem:256MB incremental:on max_workers:0 =====
SELECT * FROM (SELECT * FROM s_2 ORDER BY a, b) foo ORDER BY a, b, c LIMIT 100000
                                                                QUERY PLAN                                                                 
-------------------------------------------------------------------------------------------------------------------------------------------
 Limit  (cost=1542008.86..1542008.86 rows=1 width=20) (actual time=2326.542..2326.542 rows=0 loops=1)
   ->  Limit  (cost=1539242.49..1541008.86 rows=100000 width=20) (actual time=2285.367..2323.802 rows=100000 loops=1)
         ->  Incremental Sort  (cost=1539242.49..1715880.23 rows=10000054 width=20) (actual time=2285.366..2318.342 rows=100000 loops=1)
               Sort Key: s_2.a, s_2.b, s_2.c
               Presorted Key: s_2.a, s_2.b
               Sort Method: quicksort  Memory: 5459kB
               Sort Groups: 3
               ->  Sort  (cost=1531459.54..1556459.68 rows=10000054 width=20) (actual time=2277.609..2288.903 rows=125696 loops=1)
                     Sort Key: s_2.a, s_2.b
                     Sort Method: external merge  Disk: 293552kB
                     ->  Seq Scan on s_2  (cost=0.00..163695.54 rows=10000054 width=20) (actual time=0.031..646.887 rows=10000000 loops=1)
 Planning time: 0.236 ms
 Execution time: 2368.319 ms
(13 rows)

===== 51 [Wed Mar  7 07:59:32 CET 2018] scale:10000000 groups:10 work_mem:256MB incremental:on max_workers:0 =====
SELECT * FROM (SELECT * FROM s_3 ORDER BY a, b, c) foo ORDER BY a, b, c, d LIMIT 100000
                                                                QUERY PLAN                                                                 
-------------------------------------------------------------------------------------------------------------------------------------------
 Limit  (cost=1534858.49..1534858.49 rows=1 width=20) (actual time=2398.359..2398.359 rows=0 loops=1)
   ->  Limit  (cost=1532037.13..1533858.49 rows=100000 width=20) (actual time=2354.678..2395.536 rows=100000 loops=1)
         ->  Incremental Sort  (cost=1532037.13..1714174.71 rows=10000054 width=20) (actual time=2354.677..2390.111 rows=100000 loops=1)
               Sort Key: s_3.a, s_3.b, s_3.c, s_3.d
               Presorted Key: s_3.a, s_3.b, s_3.c
               Sort Method: quicksort  Memory: 598kB
               Sort Groups: 28
               ->  Sort  (cost=1531459.54..1556459.68 rows=10000054 width=20) (actual time=2354.213..2363.667 rows=103268 loops=1)
                     Sort Key: s_3.a, s_3.b, s_3.c
                     Sort Method: external merge  Disk: 293552kB
                     ->  Seq Scan on s_3  (cost=0.00..163695.54 rows=10000054 width=20) (actual time=0.031..649.735 rows=10000000 loops=1)
 Planning time: 0.245 ms
 Execution time: 2439.907 ms
(13 rows)

===== 52 [Wed Mar  7 07:59:44 CET 2018] scale:10000000 groups:10 work_mem:256MB incremental:on max_workers:0 =====
SELECT * FROM (SELECT * FROM s_4 ORDER BY a, b, c, d) foo ORDER BY a, b, c, d, e LIMIT 100000
                                                                QUERY PLAN                                                                 
-------------------------------------------------------------------------------------------------------------------------------------------
 Limit  (cost=1534312.33..1534312.33 rows=1 width=20) (actual time=2467.858..2467.858 rows=0 loops=1)
   ->  Limit  (cost=1531500.23..1533312.33 rows=100000 width=20) (actual time=2421.371..2465.045 rows=100000 loops=1)
         ->  Incremental Sort  (cost=1531500.23..1712711.20 rows=10000054 width=20) (actual time=2421.370..2459.606 rows=100000 loops=1)
               Sort Key: s_4.a, s_4.b, s_4.c, s_4.d, s_4.e
               Presorted Key: s_4.a, s_4.b, s_4.c, s_4.d
               Sort Method: quicksort  Memory: 69kB
               Sort Groups: 301
               ->  Sort  (cost=1531459.54..1556459.68 rows=10000054 width=20) (actual time=2421.290..2430.441 rows=100042 loops=1)
                     Sort Key: s_4.a, s_4.b, s_4.c, s_4.d
                     Sort Method: external merge  Disk: 293552kB
                     ->  Seq Scan on s_4  (cost=0.00..163695.54 rows=10000054 width=20) (actual time=0.031..649.253 rows=10000000 loops=1)
 Planning time: 0.252 ms
 Execution time: 2506.048 ms
(13 rows)

===== 53 [Wed Mar  7 07:59:56 CET 2018] scale:10000000 groups:10 work_mem:256MB incremental:off max_workers:0 =====
SELECT * FROM (SELECT * FROM s_1 ORDER BY a) foo ORDER BY a, b LIMIT 100000
                                                                QUERY PLAN                                                                
------------------------------------------------------------------------------------------------------------------------------------------
 Limit  (cost=2538166.58..2538166.58 rows=1 width=20) (actual time=3770.872..3770.872 rows=0 loops=1)
   ->  Limit  (cost=2536916.58..2537166.58 rows=100000 width=20) (actual time=3754.836..3768.134 rows=100000 loops=1)
         ->  Sort  (cost=2536916.58..2561916.43 rows=9999939 width=20) (actual time=3754.835..3762.654 rows=100000 loops=1)
               Sort Key: s_1.a, s_1.b
               Sort Method: top-N heapsort  Memory: 18976kB
               ->  Sort  (cost=1531440.69..1556440.54 rows=9999939 width=20) (actual time=2143.034..3008.259 rows=10000000 loops=1)
                     Sort Key: s_1.a
                     Sort Method: external merge  Disk: 293552kB
                     ->  Seq Scan on s_1  (cost=0.00..163694.39 rows=9999939 width=20) (actual time=0.029..646.897 rows=10000000 loops=1)
 Planning time: 0.223 ms
 Execution time: 3810.673 ms
(11 rows)

===== 54 [Wed Mar  7 08:00:14 CET 2018] scale:10000000 groups:10 work_mem:256MB incremental:off max_workers:0 =====
SELECT * FROM (SELECT * FROM s_2 ORDER BY a, b) foo ORDER BY a, b, c LIMIT 100000
                                                                QUERY PLAN                                                                 
-------------------------------------------------------------------------------------------------------------------------------------------
 Limit  (cost=2538196.99..2538196.99 rows=1 width=20) (actual time=3871.944..3871.944 rows=0 loops=1)
   ->  Limit  (cost=2536946.99..2537196.99 rows=100000 width=20) (actual time=3856.665..3869.199 rows=100000 loops=1)
         ->  Sort  (cost=2536946.99..2561947.13 rows=10000054 width=20) (actual time=3856.664..3863.714 rows=100000 loops=1)
               Sort Key: s_2.a, s_2.b, s_2.c
               Sort Method: top-N heapsort  Memory: 15222kB
               ->  Sort  (cost=1531459.54..1556459.68 rows=10000054 width=20) (actual time=2274.591..3147.185 rows=10000000 loops=1)
                     Sort Key: s_2.a, s_2.b
                     Sort Method: external merge  Disk: 293552kB
                     ->  Seq Scan on s_2  (cost=0.00..163695.54 rows=10000054 width=20) (actual time=0.032..643.697 rows=10000000 loops=1)
 Planning time: 0.233 ms
 Execution time: 3911.948 ms
(11 rows)

===== 55 [Wed Mar  7 08:00:33 CET 2018] scale:10000000 groups:10 work_mem:256MB incremental:off max_workers:0 =====
SELECT * FROM (SELECT * FROM s_3 ORDER BY a, b, c) foo ORDER BY a, b, c, d LIMIT 100000
                                                                QUERY PLAN                                                                 
-------------------------------------------------------------------------------------------------------------------------------------------
 Limit  (cost=2538196.99..2538196.99 rows=1 width=20) (actual time=4057.791..4057.791 rows=0 loops=1)
   ->  Limit  (cost=2536946.99..2537196.99 rows=100000 width=20) (actual time=4042.640..4055.035 rows=100000 loops=1)
         ->  Sort  (cost=2536946.99..2561947.13 rows=10000054 width=20) (actual time=4042.639..4049.592 rows=100000 loops=1)
               Sort Key: s_3.a, s_3.b, s_3.c, s_3.d
               Sort Method: top-N heapsort  Memory: 14089kB
               ->  Sort  (cost=1531459.54..1556459.68 rows=10000054 width=20) (actual time=2352.064..3286.399 rows=10000000 loops=1)
                     Sort Key: s_3.a, s_3.b, s_3.c
                     Sort Method: external merge  Disk: 293552kB
                     ->  Seq Scan on s_3  (cost=0.00..163695.54 rows=10000054 width=20) (actual time=0.032..647.723 rows=10000000 loops=1)
 Planning time: 0.235 ms
 Execution time: 4097.868 ms
(11 rows)

===== 56 [Wed Mar  7 08:00:53 CET 2018] scale:10000000 groups:10 work_mem:256MB incremental:off max_workers:0 =====
SELECT * FROM (SELECT * FROM s_4 ORDER BY a, b, c, d) foo ORDER BY a, b, c, d, e LIMIT 100000
                                                                QUERY PLAN                                                                 
-------------------------------------------------------------------------------------------------------------------------------------------
 Limit  (cost=2538196.99..2538196.99 rows=1 width=20) (actual time=4130.537..4130.537 rows=0 loops=1)
   ->  Limit  (cost=2536946.99..2537196.99 rows=100000 width=20) (actual time=4117.087..4127.788 rows=100000 loops=1)
         ->  Sort  (cost=2536946.99..2561947.13 rows=10000054 width=20) (actual time=4117.086..4122.337 rows=100000 loops=1)
               Sort Key: s_4.a, s_4.b, s_4.c, s_4.d, s_4.e
               Sort Method: top-N heapsort  Memory: 13960kB
               ->  Sort  (cost=1531459.54..1556459.68 rows=10000054 width=20) (actual time=2421.537..3355.613 rows=10000000 loops=1)
                     Sort Key: s_4.a, s_4.b, s_4.c, s_4.d
                     Sort Method: external merge  Disk: 293552kB
                     ->  Seq Scan on s_4  (cost=0.00..163695.54 rows=10000054 width=20) (actual time=0.032..646.642 rows=10000000 loops=1)
 Planning time: 0.241 ms
 Execution time: 4170.792 ms
(11 rows)

===== 57 [Wed Mar  7 08:01:12 CET 2018] scale:10000000 groups:10 work_mem:4MB incremental:on max_workers:2 =====
SELECT * FROM (SELECT * FROM s_1 ORDER BY a) foo ORDER BY a, b LIMIT 100000
                                                                       QUERY PLAN                                                                       
--------------------------------------------------------------------------------------------------------------------------------------------------------
 Limit  (cost=923623.43..923623.43 rows=1 width=20) (actual time=1188.630..1188.630 rows=0 loops=1)
   ->  Limit  (cost=920873.42..922623.43 rows=100000 width=20) (actual time=1169.539..1185.894 rows=100000 loops=1)
         ->  Incremental Sort  (cost=920873.42..1066706.08 rows=8333282 width=20) (actual time=1169.538..1180.157 rows=100000 loops=1)
               Sort Key: s_1.a, s_1.b
               Presorted Key: s_1.a
               Sort Method: external merge  Disk: 14712kB
               Sort Groups: 1
               ->  Gather Merge  (cost=735391.06..1707675.17 rows=8333282 width=20) (actual time=990.883..1069.320 rows=501073 loops=1)
                     Workers Planned: 2
                     Workers Launched: 2
                     ->  Sort  (cost=734391.04..744807.64 rows=4166641 width=20) (actual time=988.311..1004.464 rows=167769 loops=3)
                           Sort Key: s_1.a
                           Sort Method: external merge  Disk: 97928kB
                           Worker 0:  Sort Method: external merge  Disk: 97744kB
                           Worker 1:  Sort Method: external merge  Disk: 97936kB
                           ->  Parallel Seq Scan on s_1  (cost=0.00..105361.41 rows=4166641 width=20) (actual time=0.024..236.400 rows=3333333 loops=3)
 Planning time: 0.245 ms
 Execution time: 1214.077 ms
(18 rows)

===== 58 [Wed Mar  7 08:01:19 CET 2018] scale:10000000 groups:10 work_mem:4MB incremental:on max_workers:2 =====
SELECT * FROM (SELECT * FROM s_2 ORDER BY a, b) foo ORDER BY a, b, c LIMIT 100000
                                                                       QUERY PLAN                                                                       
--------------------------------------------------------------------------------------------------------------------------------------------------------
 Limit  (cost=752490.07..752490.07 rows=1 width=20) (actual time=1170.684..1170.684 rows=0 loops=1)
   ->  Limit  (cost=749662.70..751490.07 rows=100000 width=20) (actual time=1108.474..1167.962 rows=100000 loops=1)
         ->  Incremental Sort  (cost=749662.70..901943.98 rows=8333378 width=20) (actual time=1108.473..1162.316 rows=100000 loops=1)
               Sort Key: s_2.a, s_2.b, s_2.c
               Presorted Key: s_2.a, s_2.b
               Sort Method: external merge  Disk: 1480kB
               Sort Groups: 3
               ->  Gather Merge  (cost=735404.16..1707699.48 rows=8333378 width=20) (actual time=1097.913..1122.004 rows=125696 loops=1)
                     Workers Planned: 2
                     Workers Launched: 2
                     ->  Sort  (cost=734404.14..744820.86 rows=4166689 width=20) (actual time=1089.464..1093.754 rows=42540 loops=3)
                           Sort Key: s_2.a, s_2.b
                           Sort Method: external merge  Disk: 95472kB
                           Worker 0:  Sort Method: external merge  Disk: 99064kB
                           Worker 1:  Sort Method: external merge  Disk: 99064kB
                           ->  Parallel Seq Scan on s_2  (cost=0.00..105361.89 rows=4166689 width=20) (actual time=0.025..236.616 rows=3333333 loops=3)
 Planning time: 0.247 ms
 Execution time: 1194.935 ms
(18 rows)

===== 59 [Wed Mar  7 08:01:25 CET 2018] scale:10000000 groups:10 work_mem:4MB incremental:on max_workers:2 =====
SELECT * FROM (SELECT * FROM s_3 ORDER BY a, b, c) foo ORDER BY a, b, c, d LIMIT 100000
                                                                       QUERY PLAN                                                                       
--------------------------------------------------------------------------------------------------------------------------------------------------------
 Limit  (cost=739555.84..739555.84 rows=1 width=20) (actual time=1170.053..1170.053 rows=0 loops=1)
   ->  Limit  (cost=736592.10..738555.84 rows=100000 width=20) (actual time=1115.682..1167.309 rows=100000 loops=1)
         ->  Incremental Sort  (cost=736592.10..900238.47 rows=8333378 width=20) (actual time=1115.682..1161.832 rows=100000 loops=1)
               Sort Key: s_3.a, s_3.b, s_3.c, s_3.d
               Presorted Key: s_3.a, s_3.b, s_3.c
               Sort Method: quicksort  Memory: 598kB
               Sort Groups: 28
               ->  Gather Merge  (cost=735404.16..1707699.48 rows=8333378 width=20) (actual time=1115.013..1137.216 rows=103268 loops=1)
                     Workers Planned: 2
                     Workers Launched: 2
                     ->  Sort  (cost=734404.14..744820.86 rows=4166689 width=20) (actual time=1108.737..1112.524 rows=35131 loops=3)
                           Sort Key: s_3.a, s_3.b, s_3.c
                           Sort Method: external merge  Disk: 95848kB
                           Worker 0:  Sort Method: external merge  Disk: 98880kB
                           Worker 1:  Sort Method: external merge  Disk: 98880kB
                           ->  Parallel Seq Scan on s_3  (cost=0.00..105361.89 rows=4166689 width=20) (actual time=0.024..235.495 rows=3333333 loops=3)
 Planning time: 0.260 ms
 Execution time: 1193.753 ms
(18 rows)

===== 60 [Wed Mar  7 08:01:32 CET 2018] scale:10000000 groups:10 work_mem:4MB incremental:on max_workers:2 =====
SELECT * FROM (SELECT * FROM s_4 ORDER BY a, b, c, d) foo ORDER BY a, b, c, d, e LIMIT 100000
                                                                       QUERY PLAN                                                                       
--------------------------------------------------------------------------------------------------------------------------------------------------------
 Limit  (cost=738461.57..738461.57 rows=1 width=20) (actual time=1202.273..1202.273 rows=0 loops=1)
   ->  Limit  (cost=735502.31..737461.57 rows=100000 width=20) (actual time=1142.885..1199.548 rows=100000 loops=1)
         ->  Incremental Sort  (cost=735502.31..898774.95 rows=8333378 width=20) (actual time=1142.884..1194.037 rows=100000 loops=1)
               Sort Key: s_4.a, s_4.b, s_4.c, s_4.d, s_4.e
               Presorted Key: s_4.a, s_4.b, s_4.c, s_4.d
               Sort Method: quicksort  Memory: 69kB
               Sort Groups: 301
               ->  Gather Merge  (cost=735404.16..1707699.48 rows=8333378 width=20) (actual time=1142.808..1166.487 rows=100042 loops=1)
                     Workers Planned: 2
                     Workers Launched: 2
                     ->  Sort  (cost=734404.14..744820.86 rows=4166689 width=20) (actual time=1133.956..1137.400 rows=34008 loops=3)
                           Sort Key: s_4.a, s_4.b, s_4.c, s_4.d
                           Sort Method: external merge  Disk: 95832kB
                           Worker 0:  Sort Method: external merge  Disk: 98888kB
                           Worker 1:  Sort Method: external merge  Disk: 98888kB
                           ->  Parallel Seq Scan on s_4  (cost=0.00..105361.89 rows=4166689 width=20) (actual time=0.026..234.565 rows=3333333 loops=3)
 Planning time: 0.259 ms
 Execution time: 1226.036 ms
(18 rows)

===== 61 [Wed Mar  7 08:01:38 CET 2018] scale:10000000 groups:10 work_mem:4MB incremental:off max_workers:2 =====
SELECT * FROM (SELECT * FROM s_1 ORDER BY a) foo ORDER BY a, b LIMIT 100000
                                                                       QUERY PLAN                                                                       
--------------------------------------------------------------------------------------------------------------------------------------------------------
 Limit  (cost=3091983.65..3091983.65 rows=1 width=20) (actual time=6163.680..6163.680 rows=0 loops=1)
   ->  Limit  (cost=3090733.65..3090983.65 rows=100000 width=20) (actual time=6144.863..6160.841 rows=100000 loops=1)
         ->  Sort  (cost=3090733.65..3111566.86 rows=8333282 width=20) (actual time=6144.862..6155.066 rows=100000 loops=1)
               Sort Key: s_1.a, s_1.b
               Sort Method: external merge  Disk: 293600kB
               ->  Gather Merge  (cost=735391.06..1707675.17 rows=8333282 width=20) (actual time=1007.230..2565.723 rows=10000000 loops=1)
                     Workers Planned: 2
                     Workers Launched: 2
                     ->  Sort  (cost=734391.04..744807.64 rows=4166641 width=20) (actual time=999.486..1320.534 rows=3333333 loops=3)
                           Sort Key: s_1.a
                           Sort Method: external merge  Disk: 95568kB
                           Worker 0:  Sort Method: external merge  Disk: 99040kB
                           Worker 1:  Sort Method: external merge  Disk: 99000kB
                           ->  Parallel Seq Scan on s_1  (cost=0.00..105361.41 rows=4166641 width=20) (actual time=0.027..233.691 rows=3333333 loops=3)
 Planning time: 0.239 ms
 Execution time: 6204.092 ms
(16 rows)

===== 62 [Wed Mar  7 08:02:12 CET 2018] scale:10000000 groups:10 work_mem:4MB incremental:off max_workers:2 =====
SELECT * FROM (SELECT * FROM s_2 ORDER BY a, b) foo ORDER BY a, b, c LIMIT 100000
                                                                       QUERY PLAN                                                                       
--------------------------------------------------------------------------------------------------------------------------------------------------------
 Limit  (cost=3092027.64..3092027.64 rows=1 width=20) (actual time=6889.239..6889.239 rows=0 loops=1)
   ->  Limit  (cost=3090777.64..3091027.64 rows=100000 width=20) (actual time=6870.511..6886.407 rows=100000 loops=1)
         ->  Sort  (cost=3090777.64..3111611.09 rows=8333378 width=20) (actual time=6870.510..6880.649 rows=100000 loops=1)
               Sort Key: s_2.a, s_2.b, s_2.c
               Sort Method: external merge  Disk: 293600kB
               ->  Gather Merge  (cost=735404.16..1707699.48 rows=8333378 width=20) (actual time=1098.801..2937.661 rows=10000000 loops=1)
                     Workers Planned: 2
                     Workers Launched: 2
                     ->  Sort  (cost=734404.14..744820.86 rows=4166689 width=20) (actual time=1090.060..1436.146 rows=3333333 loops=3)
                           Sort Key: s_2.a, s_2.b
                           Sort Method: external merge  Disk: 95832kB
                           Worker 0:  Sort Method: external merge  Disk: 98888kB
                           Worker 1:  Sort Method: external merge  Disk: 98888kB
                           ->  Parallel Seq Scan on s_2  (cost=0.00..105361.89 rows=4166689 width=20) (actual time=0.025..235.652 rows=3333333 loops=3)
 Planning time: 0.251 ms
 Execution time: 6929.416 ms
(16 rows)

===== 63 [Wed Mar  7 08:02:50 CET 2018] scale:10000000 groups:10 work_mem:4MB incremental:off max_workers:2 =====
SELECT * FROM (SELECT * FROM s_3 ORDER BY a, b, c) foo ORDER BY a, b, c, d LIMIT 100000
                                                                       QUERY PLAN                                                                       
--------------------------------------------------------------------------------------------------------------------------------------------------------
 Limit  (cost=3092027.64..3092027.64 rows=1 width=20) (actual time=7804.310..7804.310 rows=0 loops=1)
   ->  Limit  (cost=3090777.64..3091027.64 rows=100000 width=20) (actual time=7785.667..7801.472 rows=100000 loops=1)
         ->  Sort  (cost=3090777.64..3111611.09 rows=8333378 width=20) (actual time=7785.666..7795.719 rows=100000 loops=1)
               Sort Key: s_3.a, s_3.b, s_3.c, s_3.d
               Sort Method: external merge  Disk: 293600kB
               ->  Gather Merge  (cost=735404.16..1707699.48 rows=8333378 width=20) (actual time=1116.088..3215.192 rows=10000000 loops=1)
                     Workers Planned: 2
                     Workers Launched: 2
                     ->  Sort  (cost=734404.14..744820.86 rows=4166689 width=20) (actual time=1109.738..1461.243 rows=3333333 loops=3)
                           Sort Key: s_3.a, s_3.b, s_3.c
                           Sort Method: external merge  Disk: 95856kB
                           Worker 0:  Sort Method: external merge  Disk: 98872kB
                           Worker 1:  Sort Method: external merge  Disk: 98880kB
                           ->  Parallel Seq Scan on s_3  (cost=0.00..105361.89 rows=4166689 width=20) (actual time=0.026..234.778 rows=3333333 loops=3)
 Planning time: 0.259 ms
 Execution time: 7844.485 ms
(16 rows)

===== 64 [Wed Mar  7 08:03:33 CET 2018] scale:10000000 groups:10 work_mem:4MB incremental:off max_workers:2 =====
SELECT * FROM (SELECT * FROM s_4 ORDER BY a, b, c, d) foo ORDER BY a, b, c, d, e LIMIT 100000
                                                                       QUERY PLAN                                                                       
--------------------------------------------------------------------------------------------------------------------------------------------------------
 Limit  (cost=3092027.64..3092027.64 rows=1 width=20) (actual time=9157.321..9157.321 rows=0 loops=1)
   ->  Limit  (cost=3090777.64..3091027.64 rows=100000 width=20) (actual time=9138.513..9154.452 rows=100000 loops=1)
         ->  Sort  (cost=3090777.64..3111611.09 rows=8333378 width=20) (actual time=9138.512..9148.674 rows=100000 loops=1)
               Sort Key: s_4.a, s_4.b, s_4.c, s_4.d, s_4.e
               Sort Method: external merge  Disk: 293600kB
               ->  Gather Merge  (cost=735404.16..1707699.48 rows=8333378 width=20) (actual time=1135.123..3435.553 rows=10000000 loops=1)
                     Workers Planned: 2
                     Workers Launched: 2
                     ->  Sort  (cost=734404.14..744820.86 rows=4166689 width=20) (actual time=1129.044..1486.145 rows=3333333 loops=3)
                           Sort Key: s_4.a, s_4.b, s_4.c, s_4.d
                           Sort Method: external merge  Disk: 96336kB
                           Worker 0:  Sort Method: external merge  Disk: 98616kB
                           Worker 1:  Sort Method: external merge  Disk: 98664kB
                           ->  Parallel Seq Scan on s_4  (cost=0.00..105361.89 rows=4166689 width=20) (actual time=0.027..233.717 rows=3333333 loops=3)
 Planning time: 0.255 ms
 Execution time: 9197.560 ms
(16 rows)

===== 65 [Wed Mar  7 08:04:24 CET 2018] scale:10000000 groups:10 work_mem:8MB incremental:on max_workers:2 =====
SELECT * FROM (SELECT * FROM s_1 ORDER BY a) foo ORDER BY a, b LIMIT 100000
                                                                       QUERY PLAN                                                                       
--------------------------------------------------------------------------------------------------------------------------------------------------------
 Limit  (cost=815360.01..815360.01 rows=1 width=20) (actual time=969.875..969.875 rows=0 loops=1)
   ->  Limit  (cost=812610.01..814360.01 rows=100000 width=20) (actual time=950.760..967.143 rows=100000 loops=1)
         ->  Incremental Sort  (cost=812610.01..958442.66 rows=8333282 width=20) (actual time=950.759..961.415 rows=100000 loops=1)
               Sort Key: s_1.a, s_1.b
               Presorted Key: s_1.a
               Sort Method: external merge  Disk: 14712kB
               Sort Groups: 1
               ->  Gather Merge  (cost=649942.06..1622226.17 rows=8333282 width=20) (actual time=747.886..826.922 rows=501073 loops=1)
                     Workers Planned: 2
                     Workers Launched: 2
                     ->  Sort  (cost=648942.04..659358.64 rows=4166641 width=20) (actual time=744.661..761.209 rows=167738 loops=3)
                           Sort Key: s_1.a
                           Sort Method: external merge  Disk: 98616kB
                           Worker 0:  Sort Method: external merge  Disk: 97096kB
                           Worker 1:  Sort Method: external merge  Disk: 97904kB
                           ->  Parallel Seq Scan on s_1  (cost=0.00..105361.41 rows=4166641 width=20) (actual time=0.026..234.853 rows=3333333 loops=3)
 Planning time: 0.244 ms
 Execution time: 995.638 ms
(18 rows)

===== 66 [Wed Mar  7 08:04:29 CET 2018] scale:10000000 groups:10 work_mem:8MB incremental:on max_workers:2 =====
SELECT * FROM (SELECT * FROM s_2 ORDER BY a, b) foo ORDER BY a, b, c LIMIT 100000
                                                                       QUERY PLAN                                                                       
--------------------------------------------------------------------------------------------------------------------------------------------------------
 Limit  (cost=667037.57..667037.57 rows=1 width=20) (actual time=876.318..876.318 rows=0 loops=1)
   ->  Limit  (cost=664210.20..666037.57 rows=100000 width=20) (actual time=825.997..873.553 rows=100000 loops=1)
         ->  Incremental Sort  (cost=664210.20..816491.48 rows=8333378 width=20) (actual time=825.997..868.099 rows=100000 loops=1)
               Sort Key: s_2.a, s_2.b, s_2.c
               Presorted Key: s_2.a, s_2.b
               Sort Method: quicksort  Memory: 5459kB
               Sort Groups: 3
               ->  Gather Merge  (cost=649951.66..1622246.98 rows=8333378 width=20) (actual time=815.508..839.184 rows=125696 loops=1)
                     Workers Planned: 2
                     Workers Launched: 2
                     ->  Sort  (cost=648951.64..659368.36 rows=4166689 width=20) (actual time=811.095..815.514 rows=42526 loops=3)
                           Sort Key: s_2.a, s_2.b
                           Sort Method: external merge  Disk: 95528kB
                           Worker 0:  Sort Method: external merge  Disk: 99040kB
                           Worker 1:  Sort Method: external merge  Disk: 99048kB
                           ->  Parallel Seq Scan on s_2  (cost=0.00..105361.89 rows=4166689 width=20) (actual time=0.025..233.215 rows=3333333 loops=3)
 Planning time: 0.252 ms
 Execution time: 900.815 ms
(18 rows)

===== 67 [Wed Mar  7 08:04:34 CET 2018] scale:10000000 groups:10 work_mem:8MB incremental:on max_workers:2 =====
SELECT * FROM (SELECT * FROM s_3 ORDER BY a, b, c) foo ORDER BY a, b, c, d LIMIT 100000
                                                                       QUERY PLAN                                                                       
--------------------------------------------------------------------------------------------------------------------------------------------------------
 Limit  (cost=654103.34..654103.34 rows=1 width=20) (actual time=890.927..890.927 rows=0 loops=1)
   ->  Limit  (cost=651139.60..653103.34 rows=100000 width=20) (actual time=836.293..888.182 rows=100000 loops=1)
         ->  Incremental Sort  (cost=651139.60..814785.97 rows=8333378 width=20) (actual time=836.292..882.710 rows=100000 loops=1)
               Sort Key: s_3.a, s_3.b, s_3.c, s_3.d
               Presorted Key: s_3.a, s_3.b, s_3.c
               Sort Method: quicksort  Memory: 598kB
               Sort Groups: 28
               ->  Gather Merge  (cost=649951.66..1622246.98 rows=8333378 width=20) (actual time=835.614..858.081 rows=103268 loops=1)
                     Workers Planned: 2
                     Workers Launched: 2
                     ->  Sort  (cost=648951.64..659368.36 rows=4166689 width=20) (actual time=830.673..834.500 rows=35085 loops=3)
                           Sort Key: s_3.a, s_3.b, s_3.c
                           Sort Method: external merge  Disk: 95864kB
                           Worker 0:  Sort Method: external merge  Disk: 98880kB
                           Worker 1:  Sort Method: external merge  Disk: 98872kB
                           ->  Parallel Seq Scan on s_3  (cost=0.00..105361.89 rows=4166689 width=20) (actual time=0.026..232.332 rows=3333333 loops=3)
 Planning time: 0.262 ms
 Execution time: 915.192 ms
(18 rows)

===== 68 [Wed Mar  7 08:04:39 CET 2018] scale:10000000 groups:10 work_mem:8MB incremental:on max_workers:2 =====
SELECT * FROM (SELECT * FROM s_4 ORDER BY a, b, c, d) foo ORDER BY a, b, c, d, e LIMIT 100000
                                                                       QUERY PLAN                                                                       
--------------------------------------------------------------------------------------------------------------------------------------------------------
 Limit  (cost=653009.07..653009.07 rows=1 width=20) (actual time=916.005..916.005 rows=0 loops=1)
   ->  Limit  (cost=650049.81..652009.07 rows=100000 width=20) (actual time=856.555..913.282 rows=100000 loops=1)
         ->  Incremental Sort  (cost=650049.81..813322.45 rows=8333378 width=20) (actual time=856.554..907.773 rows=100000 loops=1)
               Sort Key: s_4.a, s_4.b, s_4.c, s_4.d, s_4.e
               Presorted Key: s_4.a, s_4.b, s_4.c, s_4.d
               Sort Method: quicksort  Memory: 69kB
               Sort Groups: 301
               ->  Gather Merge  (cost=649951.66..1622246.98 rows=8333378 width=20) (actual time=856.477..880.146 rows=100042 loops=1)
                     Workers Planned: 2
                     Workers Launched: 2
                     ->  Sort  (cost=648951.64..659368.36 rows=4166689 width=20) (actual time=851.776..855.434 rows=33997 loops=3)
                           Sort Key: s_4.a, s_4.b, s_4.c, s_4.d
                           Sort Method: external merge  Disk: 95776kB
                           Worker 0:  Sort Method: external merge  Disk: 98920kB
                           Worker 1:  Sort Method: external merge  Disk: 98920kB
                           ->  Parallel Seq Scan on s_4  (cost=0.00..105361.89 rows=4166689 width=20) (actual time=0.025..231.795 rows=3333333 loops=3)
 Planning time: 0.261 ms
 Execution time: 940.331 ms
(18 rows)

===== 69 [Wed Mar  7 08:04:43 CET 2018] scale:10000000 groups:10 work_mem:8MB incremental:off max_workers:2 =====
SELECT * FROM (SELECT * FROM s_1 ORDER BY a) foo ORDER BY a, b LIMIT 100000
                                                                       QUERY PLAN                                                                       
--------------------------------------------------------------------------------------------------------------------------------------------------------
 Limit  (cost=2440539.49..2440539.49 rows=1 width=20) (actual time=5524.189..5524.189 rows=0 loops=1)
   ->  Limit  (cost=2439289.49..2439539.49 rows=100000 width=20) (actual time=5506.471..5521.373 rows=100000 loops=1)
         ->  Sort  (cost=2439289.49..2460122.70 rows=8333282 width=20) (actual time=5506.470..5515.743 rows=100000 loops=1)
               Sort Key: s_1.a, s_1.b
               Sort Method: external merge  Disk: 293608kB
               ->  Gather Merge  (cost=649942.06..1622226.17 rows=8333282 width=20) (actual time=754.701..2313.913 rows=10000000 loops=1)
                     Workers Planned: 2
                     Workers Launched: 2
                     ->  Sort  (cost=648942.04..659358.64 rows=4166641 width=20) (actual time=750.640..1073.614 rows=3333333 loops=3)
                           Sort Key: s_1.a
                           Sort Method: external merge  Disk: 95528kB
                           Worker 0:  Sort Method: external merge  Disk: 98664kB
                           Worker 1:  Sort Method: external merge  Disk: 99424kB
                           ->  Parallel Seq Scan on s_1  (cost=0.00..105361.41 rows=4166641 width=20) (actual time=0.025..232.363 rows=3333333 loops=3)
 Planning time: 0.241 ms
 Execution time: 5565.095 ms
(16 rows)

===== 70 [Wed Mar  7 08:05:13 CET 2018] scale:10000000 groups:10 work_mem:8MB incremental:off max_workers:2 =====
SELECT * FROM (SELECT * FROM s_2 ORDER BY a, b) foo ORDER BY a, b, c LIMIT 100000
                                                                       QUERY PLAN                                                                       
--------------------------------------------------------------------------------------------------------------------------------------------------------
 Limit  (cost=2440569.71..2440569.71 rows=1 width=20) (actual time=6129.464..6129.464 rows=0 loops=1)
   ->  Limit  (cost=2439319.71..2439569.71 rows=100000 width=20) (actual time=6111.835..6126.626 rows=100000 loops=1)
         ->  Sort  (cost=2439319.71..2460153.16 rows=8333378 width=20) (actual time=6111.834..6121.030 rows=100000 loops=1)
               Sort Key: s_2.a, s_2.b, s_2.c
               Sort Method: external merge  Disk: 293608kB
               ->  Gather Merge  (cost=649951.66..1622246.98 rows=8333378 width=20) (actual time=810.103..2666.718 rows=10000000 loops=1)
                     Workers Planned: 2
                     Workers Launched: 2
                     ->  Sort  (cost=648951.64..659368.36 rows=4166689 width=20) (actual time=807.884..1172.638 rows=3333333 loops=3)
                           Sort Key: s_2.a, s_2.b
                           Sort Method: external merge  Disk: 98024kB
                           Worker 0:  Sort Method: external merge  Disk: 97792kB
                           Worker 1:  Sort Method: external merge  Disk: 97792kB
                           ->  Parallel Seq Scan on s_2  (cost=0.00..105361.89 rows=4166689 width=20) (actual time=0.024..232.850 rows=3333333 loops=3)
 Planning time: 0.243 ms
 Execution time: 6170.160 ms
(16 rows)

===== 71 [Wed Mar  7 08:05:46 CET 2018] scale:10000000 groups:10 work_mem:8MB incremental:off max_workers:2 =====
SELECT * FROM (SELECT * FROM s_3 ORDER BY a, b, c) foo ORDER BY a, b, c, d LIMIT 100000
                                                                       QUERY PLAN                                                                       
--------------------------------------------------------------------------------------------------------------------------------------------------------
 Limit  (cost=2440569.71..2440569.71 rows=1 width=20) (actual time=7019.806..7019.806 rows=0 loops=1)
   ->  Limit  (cost=2439319.71..2439569.71 rows=100000 width=20) (actual time=7002.273..7016.981 rows=100000 loops=1)
         ->  Sort  (cost=2439319.71..2460153.16 rows=8333378 width=20) (actual time=7002.272..7011.373 rows=100000 loops=1)
               Sort Key: s_3.a, s_3.b, s_3.c, s_3.d
               Sort Method: external merge  Disk: 293608kB
               ->  Gather Merge  (cost=649951.66..1622246.98 rows=8333378 width=20) (actual time=840.016..2937.602 rows=10000000 loops=1)
                     Workers Planned: 2
                     Workers Launched: 2
                     ->  Sort  (cost=648951.64..659368.36 rows=4166689 width=20) (actual time=834.351..1202.457 rows=3333333 loops=3)
                           Sort Key: s_3.a, s_3.b, s_3.c
                           Sort Method: external merge  Disk: 95360kB
                           Worker 0:  Sort Method: external merge  Disk: 99136kB
                           Worker 1:  Sort Method: external merge  Disk: 99120kB
                           ->  Parallel Seq Scan on s_3  (cost=0.00..105361.89 rows=4166689 width=20) (actual time=0.025..234.451 rows=3333333 loops=3)
 Planning time: 0.264 ms
 Execution time: 7060.402 ms
(16 rows)

===== 72 [Wed Mar  7 08:06:25 CET 2018] scale:10000000 groups:10 work_mem:8MB incremental:off max_workers:2 =====
SELECT * FROM (SELECT * FROM s_4 ORDER BY a, b, c, d) foo ORDER BY a, b, c, d, e LIMIT 100000
                                                                       QUERY PLAN                                                                       
--------------------------------------------------------------------------------------------------------------------------------------------------------
 Limit  (cost=2440569.71..2440569.71 rows=1 width=20) (actual time=8396.831..8396.831 rows=0 loops=1)
   ->  Limit  (cost=2439319.71..2439569.71 rows=100000 width=20) (actual time=8379.225..8393.999 rows=100000 loops=1)
         ->  Sort  (cost=2439319.71..2460153.16 rows=8333378 width=20) (actual time=8379.224..8388.384 rows=100000 loops=1)
               Sort Key: s_4.a, s_4.b, s_4.c, s_4.d, s_4.e
               Sort Method: external merge  Disk: 293608kB
               ->  Gather Merge  (cost=649951.66..1622246.98 rows=8333378 width=20) (actual time=857.203..3168.660 rows=10000000 loops=1)
                     Workers Planned: 2
                     Workers Launched: 2
                     ->  Sort  (cost=648951.64..659368.36 rows=4166689 width=20) (actual time=853.370..1228.787 rows=3333333 loops=3)
                           Sort Key: s_4.a, s_4.b, s_4.c, s_4.d
                           Sort Method: external merge  Disk: 96544kB
                           Worker 0:  Sort Method: external merge  Disk: 98552kB
                           Worker 1:  Sort Method: external merge  Disk: 98512kB
                           ->  Parallel Seq Scan on s_4  (cost=0.00..105361.89 rows=4166689 width=20) (actual time=0.025..230.714 rows=3333333 loops=3)
 Planning time: 0.254 ms
 Execution time: 8437.595 ms
(16 rows)

===== 73 [Wed Mar  7 08:07:12 CET 2018] scale:10000000 groups:10 work_mem:16MB incremental:on max_workers:2 =====
SELECT * FROM (SELECT * FROM s_1 ORDER BY a) foo ORDER BY a, b LIMIT 100000
                                                                       QUERY PLAN                                                                       
--------------------------------------------------------------------------------------------------------------------------------------------------------
 Limit  (cost=830215.71..830215.71 rows=1 width=20) (actual time=909.746..909.746 rows=0 loops=1)
   ->  Limit  (cost=827465.71..829215.71 rows=100000 width=20) (actual time=890.557..906.998 rows=100000 loops=1)
         ->  Incremental Sort  (cost=827465.71..1002464.86 rows=9999939 width=20) (actual time=890.556..901.245 rows=100000 loops=1)
               Sort Key: s_1.a, s_1.b
               Presorted Key: s_1.a
               Sort Method: external merge  Disk: 14728kB
               Sort Groups: 1
               ->  Gather Merge  (cost=649942.06..1622226.17 rows=8333282 width=20) (actual time=665.294..744.720 rows=501073 loops=1)
                     Workers Planned: 2
                     Workers Launched: 2
                     ->  Sort  (cost=648942.04..659358.64 rows=4166641 width=20) (actual time=663.677..680.150 rows=167688 loops=3)
                           Sort Key: s_1.a
                           Sort Method: external merge  Disk: 98048kB
                           Worker 0:  Sort Method: external merge  Disk: 98032kB
                           Worker 1:  Sort Method: external merge  Disk: 97832kB
                           ->  Parallel Seq Scan on s_1  (cost=0.00..105361.41 rows=4166641 width=20) (actual time=0.025..229.535 rows=3333333 loops=3)
 Planning time: 0.249 ms
 Execution time: 936.040 ms
(18 rows)

===== 74 [Wed Mar  7 08:07:17 CET 2018] scale:10000000 groups:10 work_mem:16MB incremental:on max_workers:2 =====
SELECT * FROM (SELECT * FROM s_2 ORDER BY a, b) foo ORDER BY a, b, c LIMIT 100000
                                                                       QUERY PLAN                                                                       
--------------------------------------------------------------------------------------------------------------------------------------------------------
 Limit  (cost=668346.31..668346.31 rows=1 width=20) (actual time=781.033..781.033 rows=0 loops=1)
   ->  Limit  (cost=665563.50..667346.31 rows=100000 width=20) (actual time=730.700..778.278 rows=100000 loops=1)
         ->  Incremental Sort  (cost=665563.50..843845.25 rows=10000054 width=20) (actual time=730.700..772.836 rows=100000 loops=1)
               Sort Key: s_2.a, s_2.b, s_2.c
               Presorted Key: s_2.a, s_2.b
               Sort Method: quicksort  Memory: 5459kB
               Sort Groups: 3
               ->  Gather Merge  (cost=649951.66..1622246.98 rows=8333378 width=20) (actual time=720.090..744.211 rows=125696 loops=1)
                     Workers Planned: 2
                     Workers Launched: 2
                     ->  Sort  (cost=648951.64..659368.36 rows=4166689 width=20) (actual time=717.451..722.012 rows=42578 loops=3)
                           Sort Key: s_2.a, s_2.b
                           Sort Method: external merge  Disk: 95504kB
                           Worker 0:  Sort Method: external merge  Disk: 98968kB
                           Worker 1:  Sort Method: external merge  Disk: 99432kB
                           ->  Parallel Seq Scan on s_2  (cost=0.00..105361.89 rows=4166689 width=20) (actual time=0.024..231.539 rows=3333333 loops=3)
 Planning time: 0.254 ms
 Execution time: 806.349 ms
(18 rows)

===== 75 [Wed Mar  7 08:07:21 CET 2018] scale:10000000 groups:10 work_mem:16MB incremental:on max_workers:2 =====
SELECT * FROM (SELECT * FROM s_3 ORDER BY a, b, c) foo ORDER BY a, b, c, d LIMIT 100000
                                                                       QUERY PLAN                                                                       
--------------------------------------------------------------------------------------------------------------------------------------------------------
 Limit  (cost=654149.94..654149.94 rows=1 width=20) (actual time=796.734..796.734 rows=0 loops=1)
   ->  Limit  (cost=651240.96..653149.94 rows=100000 width=20) (actual time=742.147..793.989 rows=100000 loops=1)
         ->  Incremental Sort  (cost=651240.96..842139.73 rows=10000054 width=20) (actual time=742.146..788.518 rows=100000 loops=1)
               Sort Key: s_3.a, s_3.b, s_3.c, s_3.d
               Presorted Key: s_3.a, s_3.b, s_3.c
               Sort Method: quicksort  Memory: 598kB
               Sort Groups: 28
               ->  Gather Merge  (cost=649951.66..1622246.98 rows=8333378 width=20) (actual time=741.471..763.745 rows=103268 loops=1)
                     Workers Planned: 2
                     Workers Launched: 2
                     ->  Sort  (cost=648951.64..659368.36 rows=4166689 width=20) (actual time=739.109..742.965 rows=35145 loops=3)
                           Sort Key: s_3.a, s_3.b, s_3.c
                           Sort Method: external merge  Disk: 95784kB
                           Worker 0:  Sort Method: external merge  Disk: 98736kB
                           Worker 1:  Sort Method: external merge  Disk: 99392kB
                           ->  Parallel Seq Scan on s_3  (cost=0.00..105361.89 rows=4166689 width=20) (actual time=0.025..231.195 rows=3333333 loops=3)
 Planning time: 0.272 ms
 Execution time: 820.829 ms
(18 rows)

===== 76 [Wed Mar  7 08:07:25 CET 2018] scale:10000000 groups:10 work_mem:16MB incremental:on max_workers:2 =====
SELECT * FROM (SELECT * FROM s_4 ORDER BY a, b, c, d) foo ORDER BY a, b, c, d, e LIMIT 100000
                                                                       QUERY PLAN                                                                       
--------------------------------------------------------------------------------------------------------------------------------------------------------
 Limit  (cost=652963.24..652963.24 rows=1 width=20) (actual time=821.099..821.099 rows=0 loops=1)
   ->  Limit  (cost=650057.06..651963.24 rows=100000 width=20) (actual time=761.661..818.373 rows=100000 loops=1)
         ->  Incremental Sort  (cost=650057.06..840676.22 rows=10000054 width=20) (actual time=761.661..812.863 rows=100000 loops=1)
               Sort Key: s_4.a, s_4.b, s_4.c, s_4.d, s_4.e
               Presorted Key: s_4.a, s_4.b, s_4.c, s_4.d
               Sort Method: quicksort  Memory: 69kB
               Sort Groups: 301
               ->  Gather Merge  (cost=649951.66..1622246.98 rows=8333378 width=20) (actual time=761.582..785.287 rows=100042 loops=1)
                     Workers Planned: 2
                     Workers Launched: 2
                     ->  Sort  (cost=648951.64..659368.36 rows=4166689 width=20) (actual time=759.026..762.749 rows=34015 loops=3)
                           Sort Key: s_4.a, s_4.b, s_4.c, s_4.d
                           Sort Method: external merge  Disk: 95784kB
                           Worker 0:  Sort Method: external merge  Disk: 99040kB
                           Worker 1:  Sort Method: external merge  Disk: 99088kB
                           ->  Parallel Seq Scan on s_4  (cost=0.00..105361.89 rows=4166689 width=20) (actual time=0.026..229.925 rows=3333333 loops=3)
 Planning time: 0.271 ms
 Execution time: 845.955 ms
(18 rows)

===== 77 [Wed Mar  7 08:07:29 CET 2018] scale:10000000 groups:10 work_mem:16MB incremental:off max_workers:2 =====
SELECT * FROM (SELECT * FROM s_1 ORDER BY a) foo ORDER BY a, b LIMIT 100000
                                                                QUERY PLAN                                                                
------------------------------------------------------------------------------------------------------------------------------------------
 Limit  (cost=2538166.58..2538166.58 rows=1 width=20) (actual time=5398.523..5398.523 rows=0 loops=1)
   ->  Limit  (cost=2536916.58..2537166.58 rows=100000 width=20) (actual time=5379.778..5395.672 rows=100000 loops=1)
         ->  Sort  (cost=2536916.58..2561916.43 rows=9999939 width=20) (actual time=5379.778..5389.931 rows=100000 loops=1)
               Sort Key: s_1.a, s_1.b
               Sort Method: external merge  Disk: 293904kB
               ->  Sort  (cost=1531440.69..1556440.54 rows=9999939 width=20) (actual time=1881.991..2842.788 rows=10000000 loops=1)
                     Sort Key: s_1.a
                     Sort Method: external merge  Disk: 293904kB
                     ->  Seq Scan on s_1  (cost=0.00..163694.39 rows=9999939 width=20) (actual time=0.029..629.776 rows=10000000 loops=1)
 Planning time: 0.231 ms
 Execution time: 5460.300 ms
(11 rows)

===== 78 [Wed Mar  7 08:07:58 CET 2018] scale:10000000 groups:10 work_mem:16MB incremental:off max_workers:2 =====
SELECT * FROM (SELECT * FROM s_2 ORDER BY a, b) foo ORDER BY a, b, c LIMIT 100000
                                                                QUERY PLAN                                                                 
-------------------------------------------------------------------------------------------------------------------------------------------
 Limit  (cost=2538196.99..2538196.99 rows=1 width=20) (actual time=5967.329..5967.329 rows=0 loops=1)
   ->  Limit  (cost=2536946.99..2537196.99 rows=100000 width=20) (actual time=5948.606..5964.503 rows=100000 loops=1)
         ->  Sort  (cost=2536946.99..2561947.13 rows=10000054 width=20) (actual time=5948.605..5958.812 rows=100000 loops=1)
               Sort Key: s_2.a, s_2.b, s_2.c
               Sort Method: external merge  Disk: 293904kB
               ->  Sort  (cost=1531459.54..1556459.68 rows=10000054 width=20) (actual time=2078.742..3172.317 rows=10000000 loops=1)
                     Sort Key: s_2.a, s_2.b
                     Sort Method: external merge  Disk: 293904kB
                     ->  Seq Scan on s_2  (cost=0.00..163695.54 rows=10000054 width=20) (actual time=0.032..623.417 rows=10000000 loops=1)
 Planning time: 0.244 ms
 Execution time: 6028.502 ms
(11 rows)

===== 79 [Wed Mar  7 08:08:29 CET 2018] scale:10000000 groups:10 work_mem:16MB incremental:off max_workers:2 =====
SELECT * FROM (SELECT * FROM s_3 ORDER BY a, b, c) foo ORDER BY a, b, c, d LIMIT 100000
                                                                QUERY PLAN                                                                 
-------------------------------------------------------------------------------------------------------------------------------------------
 Limit  (cost=2538196.99..2538196.99 rows=1 width=20) (actual time=6677.177..6677.177 rows=0 loops=1)
   ->  Limit  (cost=2536946.99..2537196.99 rows=100000 width=20) (actual time=6658.441..6674.341 rows=100000 loops=1)
         ->  Sort  (cost=2536946.99..2561947.13 rows=10000054 width=20) (actual time=6658.440..6668.654 rows=100000 loops=1)
               Sort Key: s_3.a, s_3.b, s_3.c, s_3.d
               Sort Method: external merge  Disk: 293904kB
               ->  Sort  (cost=1531459.54..1556459.68 rows=10000054 width=20) (actual time=2151.634..3266.052 rows=10000000 loops=1)
                     Sort Key: s_3.a, s_3.b, s_3.c
                     Sort Method: external merge  Disk: 293904kB
                     ->  Seq Scan on s_3  (cost=0.00..163695.54 rows=10000054 width=20) (actual time=0.032..623.917 rows=10000000 loops=1)
 Planning time: 0.250 ms
 Execution time: 6738.316 ms
(11 rows)

===== 80 [Wed Mar  7 08:09:04 CET 2018] scale:10000000 groups:10 work_mem:16MB incremental:off max_workers:2 =====
SELECT * FROM (SELECT * FROM s_4 ORDER BY a, b, c, d) foo ORDER BY a, b, c, d, e LIMIT 100000
                                                                QUERY PLAN                                                                 
-------------------------------------------------------------------------------------------------------------------------------------------
 Limit  (cost=2538196.99..2538196.99 rows=1 width=20) (actual time=7883.627..7883.627 rows=0 loops=1)
   ->  Limit  (cost=2536946.99..2537196.99 rows=100000 width=20) (actual time=7864.940..7880.802 rows=100000 loops=1)
         ->  Sort  (cost=2536946.99..2561947.13 rows=10000054 width=20) (actual time=7864.940..7875.089 rows=100000 loops=1)
               Sort Key: s_4.a, s_4.b, s_4.c, s_4.d, s_4.e
               Sort Method: external merge  Disk: 293904kB
               ->  Sort  (cost=1531459.54..1556459.68 rows=10000054 width=20) (actual time=2219.254..3335.844 rows=10000000 loops=1)
                     Sort Key: s_4.a, s_4.b, s_4.c, s_4.d
                     Sort Method: external merge  Disk: 293904kB
                     ->  Seq Scan on s_4  (cost=0.00..163695.54 rows=10000054 width=20) (actual time=0.032..623.401 rows=10000000 loops=1)
 Planning time: 0.252 ms
 Execution time: 7944.670 ms
(11 rows)

===== 81 [Wed Mar  7 08:09:47 CET 2018] scale:10000000 groups:10 work_mem:32MB incremental:on max_workers:2 =====
SELECT * FROM (SELECT * FROM s_1 ORDER BY a) foo ORDER BY a, b LIMIT 100000
                                                                       QUERY PLAN                                                                       
--------------------------------------------------------------------------------------------------------------------------------------------------------
 Limit  (cost=830215.71..830215.71 rows=1 width=20) (actual time=951.580..951.580 rows=0 loops=1)
   ->  Limit  (cost=827465.71..829215.71 rows=100000 width=20) (actual time=934.058..948.858 rows=100000 loops=1)
         ->  Incremental Sort  (cost=827465.71..1002464.86 rows=9999939 width=20) (actual time=934.057..943.153 rows=100000 loops=1)
               Sort Key: s_1.a, s_1.b
               Presorted Key: s_1.a
               Sort Method: external merge  Disk: 14712kB
               Sort Groups: 1
               ->  Gather Merge  (cost=649942.06..1622226.17 rows=8333282 width=20) (actual time=688.289..769.895 rows=501073 loops=1)
                     Workers Planned: 2
                     Workers Launched: 2
                     ->  Sort  (cost=648942.04..659358.64 rows=4166641 width=20) (actual time=686.230..702.469 rows=167641 loops=3)
                           Sort Key: s_1.a
                           Sort Method: external merge  Disk: 97736kB
                           Worker 0:  Sort Method: external merge  Disk: 98328kB
                           Worker 1:  Sort Method: external merge  Disk: 97520kB
                           ->  Parallel Seq Scan on s_1  (cost=0.00..105361.41 rows=4166641 width=20) (actual time=0.026..229.505 rows=3333333 loops=3)
 Planning time: 0.246 ms
 Execution time: 980.209 ms
(18 rows)

===== 82 [Wed Mar  7 08:09:52 CET 2018] scale:10000000 groups:10 work_mem:32MB incremental:on max_workers:2 =====
SELECT * FROM (SELECT * FROM s_2 ORDER BY a, b) foo ORDER BY a, b, c LIMIT 100000
                                                                       QUERY PLAN                                                                       
--------------------------------------------------------------------------------------------------------------------------------------------------------
 Limit  (cost=668346.31..668346.31 rows=1 width=20) (actual time=801.052..801.052 rows=0 loops=1)
   ->  Limit  (cost=665563.50..667346.31 rows=100000 width=20) (actual time=751.116..798.324 rows=100000 loops=1)
         ->  Incremental Sort  (cost=665563.50..843845.25 rows=10000054 width=20) (actual time=751.116..792.883 rows=100000 loops=1)
               Sort Key: s_2.a, s_2.b, s_2.c
               Presorted Key: s_2.a, s_2.b
               Sort Method: quicksort  Memory: 5459kB
               Sort Groups: 3
               ->  Gather Merge  (cost=649951.66..1622246.98 rows=8333378 width=20) (actual time=740.812..764.190 rows=125696 loops=1)
                     Workers Planned: 2
                     Workers Launched: 2
                     ->  Sort  (cost=648951.64..659368.36 rows=4166689 width=20) (actual time=734.937..738.819 rows=42578 loops=3)
                           Sort Key: s_2.a, s_2.b
                           Sort Method: external merge  Disk: 94264kB
                           Worker 0:  Sort Method: external merge  Disk: 99792kB
                           Worker 1:  Sort Method: external merge  Disk: 99520kB
                           ->  Parallel Seq Scan on s_2  (cost=0.00..105361.89 rows=4166689 width=20) (actual time=0.025..230.816 rows=3333333 loops=3)
 Planning time: 0.252 ms
 Execution time: 827.392 ms
(18 rows)

===== 83 [Wed Mar  7 08:09:56 CET 2018] scale:10000000 groups:10 work_mem:32MB incremental:on max_workers:2 =====
SELECT * FROM (SELECT * FROM s_3 ORDER BY a, b, c) foo ORDER BY a, b, c, d LIMIT 100000
                                                                       QUERY PLAN                                                                       
--------------------------------------------------------------------------------------------------------------------------------------------------------
 Limit  (cost=654149.94..654149.94 rows=1 width=20) (actual time=815.172..815.172 rows=0 loops=1)
   ->  Limit  (cost=651240.96..653149.94 rows=100000 width=20) (actual time=761.117..812.430 rows=100000 loops=1)
         ->  Incremental Sort  (cost=651240.96..842139.73 rows=10000054 width=20) (actual time=761.117..806.943 rows=100000 loops=1)
               Sort Key: s_3.a, s_3.b, s_3.c, s_3.d
               Presorted Key: s_3.a, s_3.b, s_3.c
               Sort Method: quicksort  Memory: 598kB
               Sort Groups: 28
               ->  Gather Merge  (cost=649951.66..1622246.98 rows=8333378 width=20) (actual time=760.490..782.152 rows=103268 loops=1)
                     Workers Planned: 2
                     Workers Launched: 2
                     ->  Sort  (cost=648951.64..659368.36 rows=4166689 width=20) (actual time=755.368..758.642 rows=35101 loops=3)
                           Sort Key: s_3.a, s_3.b, s_3.c
                           Sort Method: external merge  Disk: 95016kB
                           Worker 0:  Sort Method: external merge  Disk: 99376kB
                           Worker 1:  Sort Method: external merge  Disk: 99192kB
                           ->  Parallel Seq Scan on s_3  (cost=0.00..105361.89 rows=4166689 width=20) (actual time=0.023..229.518 rows=3333333 loops=3)
 Planning time: 0.256 ms
 Execution time: 841.516 ms
(18 rows)

===== 84 [Wed Mar  7 08:10:01 CET 2018] scale:10000000 groups:10 work_mem:32MB incremental:on max_workers:2 =====
SELECT * FROM (SELECT * FROM s_4 ORDER BY a, b, c, d) foo ORDER BY a, b, c, d, e LIMIT 100000
                                                                       QUERY PLAN                                                                       
--------------------------------------------------------------------------------------------------------------------------------------------------------
 Limit  (cost=652963.24..652963.24 rows=1 width=20) (actual time=840.888..840.888 rows=0 loops=1)
   ->  Limit  (cost=650057.06..651963.24 rows=100000 width=20) (actual time=782.282..838.150 rows=100000 loops=1)
         ->  Incremental Sort  (cost=650057.06..840676.22 rows=10000054 width=20) (actual time=782.282..832.649 rows=100000 loops=1)
               Sort Key: s_4.a, s_4.b, s_4.c, s_4.d, s_4.e
               Presorted Key: s_4.a, s_4.b, s_4.c, s_4.d
               Sort Method: quicksort  Memory: 69kB
               Sort Groups: 301
               ->  Gather Merge  (cost=649951.66..1622246.98 rows=8333378 width=20) (actual time=782.203..805.265 rows=100042 loops=1)
                     Workers Planned: 2
                     Workers Launched: 2
                     ->  Sort  (cost=648951.64..659368.36 rows=4166689 width=20) (actual time=776.442..779.608 rows=34008 loops=3)
                           Sort Key: s_4.a, s_4.b, s_4.c, s_4.d
                           Sort Method: external merge  Disk: 95136kB
                           Worker 0:  Sort Method: external merge  Disk: 99456kB
                           Worker 1:  Sort Method: external merge  Disk: 98992kB
                           ->  Parallel Seq Scan on s_4  (cost=0.00..105361.89 rows=4166689 width=20) (actual time=0.024..228.816 rows=3333333 loops=3)
 Planning time: 0.264 ms
 Execution time: 867.056 ms
(18 rows)

===== 85 [Wed Mar  7 08:10:05 CET 2018] scale:10000000 groups:10 work_mem:32MB incremental:off max_workers:2 =====
SELECT * FROM (SELECT * FROM s_1 ORDER BY a) foo ORDER BY a, b LIMIT 100000
                                                                QUERY PLAN                                                                
------------------------------------------------------------------------------------------------------------------------------------------
 Limit  (cost=2538166.58..2538166.58 rows=1 width=20) (actual time=3572.405..3572.405 rows=0 loops=1)
   ->  Limit  (cost=2536916.58..2537166.58 rows=100000 width=20) (actual time=3556.388..3569.658 rows=100000 loops=1)
         ->  Sort  (cost=2536916.58..2561916.43 rows=9999939 width=20) (actual time=3556.387..3564.166 rows=100000 loops=1)
               Sort Key: s_1.a, s_1.b
               Sort Method: top-N heapsort  Memory: 18976kB
               ->  Sort  (cost=1531440.69..1556440.54 rows=9999939 width=20) (actual time=1854.065..2805.782 rows=10000000 loops=1)
                     Sort Key: s_1.a
                     Sort Method: external merge  Disk: 293576kB
                     ->  Seq Scan on s_1  (cost=0.00..163694.39 rows=9999939 width=20) (actual time=0.030..626.261 rows=10000000 loops=1)
 Planning time: 0.235 ms
 Execution time: 3605.165 ms
(11 rows)

===== 86 [Wed Mar  7 08:10:22 CET 2018] scale:10000000 groups:10 work_mem:32MB incremental:off max_workers:2 =====
SELECT * FROM (SELECT * FROM s_2 ORDER BY a, b) foo ORDER BY a, b, c LIMIT 100000
                                                                QUERY PLAN                                                                 
-------------------------------------------------------------------------------------------------------------------------------------------
 Limit  (cost=2538196.99..2538196.99 rows=1 width=20) (actual time=3914.242..3914.242 rows=0 loops=1)
   ->  Limit  (cost=2536946.99..2537196.99 rows=100000 width=20) (actual time=3898.976..3911.495 rows=100000 loops=1)
         ->  Sort  (cost=2536946.99..2561947.13 rows=10000054 width=20) (actual time=3898.975..3906.035 rows=100000 loops=1)
               Sort Key: s_2.a, s_2.b, s_2.c
               Sort Method: top-N heapsort  Memory: 15222kB
               ->  Sort  (cost=1531459.54..1556459.68 rows=10000054 width=20) (actual time=2034.062..3132.108 rows=10000000 loops=1)
                     Sort Key: s_2.a, s_2.b
                     Sort Method: external merge  Disk: 293576kB
                     ->  Seq Scan on s_2  (cost=0.00..163695.54 rows=10000054 width=20) (actual time=0.031..620.249 rows=10000000 loops=1)
 Planning time: 0.241 ms
 Execution time: 3947.041 ms
(11 rows)

===== 87 [Wed Mar  7 08:10:41 CET 2018] scale:10000000 groups:10 work_mem:32MB incremental:off max_workers:2 =====
SELECT * FROM (SELECT * FROM s_3 ORDER BY a, b, c) foo ORDER BY a, b, c, d LIMIT 100000
                                                                QUERY PLAN                                                                 
-------------------------------------------------------------------------------------------------------------------------------------------
 Limit  (cost=2538196.99..2538196.99 rows=1 width=20) (actual time=3999.827..3999.827 rows=0 loops=1)
   ->  Limit  (cost=2536946.99..2537196.99 rows=100000 width=20) (actual time=3984.688..3997.077 rows=100000 loops=1)
         ->  Sort  (cost=2536946.99..2561947.13 rows=10000054 width=20) (actual time=3984.687..3991.638 rows=100000 loops=1)
               Sort Key: s_3.a, s_3.b, s_3.c, s_3.d
               Sort Method: top-N heapsort  Memory: 14089kB
               ->  Sort  (cost=1531459.54..1556459.68 rows=10000054 width=20) (actual time=2110.255..3219.838 rows=10000000 loops=1)
                     Sort Key: s_3.a, s_3.b, s_3.c
                     Sort Method: external merge  Disk: 293576kB
                     ->  Seq Scan on s_3  (cost=0.00..163695.54 rows=10000054 width=20) (actual time=0.032..622.423 rows=10000000 loops=1)
 Planning time: 0.252 ms
 Execution time: 4032.717 ms
(11 rows)

===== 88 [Wed Mar  7 08:11:00 CET 2018] scale:10000000 groups:10 work_mem:32MB incremental:off max_workers:2 =====
SELECT * FROM (SELECT * FROM s_4 ORDER BY a, b, c, d) foo ORDER BY a, b, c, d, e LIMIT 100000
                                                                QUERY PLAN                                                                 
-------------------------------------------------------------------------------------------------------------------------------------------
 Limit  (cost=2538196.99..2538196.99 rows=1 width=20) (actual time=4078.551..4078.551 rows=0 loops=1)
   ->  Limit  (cost=2536946.99..2537196.99 rows=100000 width=20) (actual time=4065.115..4075.794 rows=100000 loops=1)
         ->  Sort  (cost=2536946.99..2561947.13 rows=10000054 width=20) (actual time=4065.114..4070.353 rows=100000 loops=1)
               Sort Key: s_4.a, s_4.b, s_4.c, s_4.d, s_4.e
               Sort Method: top-N heapsort  Memory: 13960kB
               ->  Sort  (cost=1531459.54..1556459.68 rows=10000054 width=20) (actual time=2183.985..3294.823 rows=10000000 loops=1)
                     Sort Key: s_4.a, s_4.b, s_4.c, s_4.d
                     Sort Method: external merge  Disk: 293576kB
                     ->  Seq Scan on s_4  (cost=0.00..163695.54 rows=10000054 width=20) (actual time=0.031..623.017 rows=10000000 loops=1)
 Planning time: 0.247 ms
 Execution time: 4111.310 ms
(11 rows)

===== 89 [Wed Mar  7 08:11:19 CET 2018] scale:10000000 groups:10 work_mem:64MB incremental:on max_workers:2 =====
SELECT * FROM (SELECT * FROM s_1 ORDER BY a) foo ORDER BY a, b LIMIT 100000
                                                                       QUERY PLAN                                                                       
--------------------------------------------------------------------------------------------------------------------------------------------------------
 Limit  (cost=830215.71..830215.71 rows=1 width=20) (actual time=931.570..931.570 rows=0 loops=1)
   ->  Limit  (cost=827465.71..829215.71 rows=100000 width=20) (actual time=913.057..928.827 rows=100000 loops=1)
         ->  Incremental Sort  (cost=827465.71..1002464.86 rows=9999939 width=20) (actual time=913.056..923.347 rows=100000 loops=1)
               Sort Key: s_1.a, s_1.b
               Presorted Key: s_1.a
               Sort Method: quicksort  Memory: 51435kB
               Sort Groups: 1
               ->  Gather Merge  (cost=649942.06..1622226.17 rows=8333282 width=20) (actual time=723.960..803.403 rows=501073 loops=1)
                     Workers Planned: 2
                     Workers Launched: 2
                     ->  Sort  (cost=648942.04..659358.64 rows=4166641 width=20) (actual time=721.658..736.839 rows=167723 loops=3)
                           Sort Key: s_1.a
                           Sort Method: external merge  Disk: 97544kB
                           Worker 0:  Sort Method: external merge  Disk: 98008kB
                           Worker 1:  Sort Method: external merge  Disk: 98096kB
                           ->  Parallel Seq Scan on s_1  (cost=0.00..105361.41 rows=4166641 width=20) (actual time=0.026..230.363 rows=3333333 loops=3)
 Planning time: 0.247 ms
 Execution time: 963.448 ms
(18 rows)

===== 90 [Wed Mar  7 08:11:24 CET 2018] scale:10000000 groups:10 work_mem:64MB incremental:on max_workers:2 =====
SELECT * FROM (SELECT * FROM s_2 ORDER BY a, b) foo ORDER BY a, b, c LIMIT 100000
                                                                       QUERY PLAN                                                                       
--------------------------------------------------------------------------------------------------------------------------------------------------------
 Limit  (cost=668346.31..668346.31 rows=1 width=20) (actual time=837.378..837.378 rows=0 loops=1)
   ->  Limit  (cost=665563.50..667346.31 rows=100000 width=20) (actual time=788.380..834.631 rows=100000 loops=1)
         ->  Incremental Sort  (cost=665563.50..843845.25 rows=10000054 width=20) (actual time=788.380..829.174 rows=100000 loops=1)
               Sort Key: s_2.a, s_2.b, s_2.c
               Presorted Key: s_2.a, s_2.b
               Sort Method: quicksort  Memory: 5459kB
               Sort Groups: 3
               ->  Gather Merge  (cost=649951.66..1622246.98 rows=8333378 width=20) (actual time=779.050..802.240 rows=125696 loops=1)
                     Workers Planned: 2
                     Workers Launched: 2
                     ->  Sort  (cost=648951.64..659368.36 rows=4166689 width=20) (actual time=773.465..777.361 rows=42578 loops=3)
                           Sort Key: s_2.a, s_2.b
                           Sort Method: external merge  Disk: 94264kB
                           Worker 0:  Sort Method: external merge  Disk: 99912kB
                           Worker 1:  Sort Method: external merge  Disk: 99472kB
                           ->  Parallel Seq Scan on s_2  (cost=0.00..105361.89 rows=4166689 width=20) (actual time=0.024..230.619 rows=3333333 loops=3)
 Planning time: 0.261 ms
 Execution time: 867.099 ms
(18 rows)

===== 91 [Wed Mar  7 08:11:29 CET 2018] scale:10000000 groups:10 work_mem:64MB incremental:on max_workers:2 =====
SELECT * FROM (SELECT * FROM s_3 ORDER BY a, b, c) foo ORDER BY a, b, c, d LIMIT 100000
                                                                       QUERY PLAN                                                                       
--------------------------------------------------------------------------------------------------------------------------------------------------------
 Limit  (cost=654149.94..654149.94 rows=1 width=20) (actual time=854.484..854.484 rows=0 loops=1)
   ->  Limit  (cost=651240.96..653149.94 rows=100000 width=20) (actual time=800.618..851.737 rows=100000 loops=1)
         ->  Incremental Sort  (cost=651240.96..842139.73 rows=10000054 width=20) (actual time=800.617..846.267 rows=100000 loops=1)
               Sort Key: s_3.a, s_3.b, s_3.c, s_3.d
               Presorted Key: s_3.a, s_3.b, s_3.c
               Sort Method: quicksort  Memory: 598kB
               Sort Groups: 28
               ->  Gather Merge  (cost=649951.66..1622246.98 rows=8333378 width=20) (actual time=799.988..821.682 rows=103268 loops=1)
                     Workers Planned: 2
                     Workers Launched: 2
                     ->  Sort  (cost=648951.64..659368.36 rows=4166689 width=20) (actual time=794.159..797.445 rows=35184 loops=3)
                           Sort Key: s_3.a, s_3.b, s_3.c
                           Sort Method: external merge  Disk: 94936kB
                           Worker 0:  Sort Method: external merge  Disk: 98912kB
                           Worker 1:  Sort Method: external merge  Disk: 99800kB
                           ->  Parallel Seq Scan on s_3  (cost=0.00..105361.89 rows=4166689 width=20) (actual time=0.023..230.152 rows=3333333 loops=3)
 Planning time: 0.269 ms
 Execution time: 883.599 ms
(18 rows)

===== 92 [Wed Mar  7 08:11:33 CET 2018] scale:10000000 groups:10 work_mem:64MB incremental:on max_workers:2 =====
SELECT * FROM (SELECT * FROM s_4 ORDER BY a, b, c, d) foo ORDER BY a, b, c, d, e LIMIT 100000
                                                                       QUERY PLAN                                                                       
--------------------------------------------------------------------------------------------------------------------------------------------------------
 Limit  (cost=652963.24..652963.24 rows=1 width=20) (actual time=880.382..880.382 rows=0 loops=1)
   ->  Limit  (cost=650057.06..651963.24 rows=100000 width=20) (actual time=821.581..877.654 rows=100000 loops=1)
         ->  Incremental Sort  (cost=650057.06..840676.22 rows=10000054 width=20) (actual time=821.581..872.150 rows=100000 loops=1)
               Sort Key: s_4.a, s_4.b, s_4.c, s_4.d, s_4.e
               Presorted Key: s_4.a, s_4.b, s_4.c, s_4.d
               Sort Method: quicksort  Memory: 69kB
               Sort Groups: 301
               ->  Gather Merge  (cost=649951.66..1622246.98 rows=8333378 width=20) (actual time=821.503..844.627 rows=100042 loops=1)
                     Workers Planned: 2
                     Workers Launched: 2
                     ->  Sort  (cost=648951.64..659368.36 rows=4166689 width=20) (actual time=815.949..819.124 rows=34049 loops=3)
                           Sort Key: s_4.a, s_4.b, s_4.c, s_4.d
                           Sort Method: external merge  Disk: 94928kB
                           Worker 0:  Sort Method: external merge  Disk: 99496kB
                           Worker 1:  Sort Method: external merge  Disk: 99216kB
                           ->  Parallel Seq Scan on s_4  (cost=0.00..105361.89 rows=4166689 width=20) (actual time=0.023..229.717 rows=3333333 loops=3)
 Planning time: 0.263 ms
 Execution time: 909.340 ms
(18 rows)

===== 93 [Wed Mar  7 08:11:38 CET 2018] scale:10000000 groups:10 work_mem:64MB incremental:off max_workers:2 =====
SELECT * FROM (SELECT * FROM s_1 ORDER BY a) foo ORDER BY a, b LIMIT 100000
                                                                QUERY PLAN                                                                
------------------------------------------------------------------------------------------------------------------------------------------
 Limit  (cost=2538166.58..2538166.58 rows=1 width=20) (actual time=3609.486..3609.486 rows=0 loops=1)
   ->  Limit  (cost=2536916.58..2537166.58 rows=100000 width=20) (actual time=3593.466..3606.754 rows=100000 loops=1)
         ->  Sort  (cost=2536916.58..2561916.43 rows=9999939 width=20) (actual time=3593.465..3601.263 rows=100000 loops=1)
               Sort Key: s_1.a, s_1.b
               Sort Method: top-N heapsort  Memory: 18976kB
               ->  Sort  (cost=1531440.69..1556440.54 rows=9999939 width=20) (actual time=1878.697..2841.405 rows=10000000 loops=1)
                     Sort Key: s_1.a
                     Sort Method: external merge  Disk: 293648kB
                     ->  Seq Scan on s_1  (cost=0.00..163694.39 rows=9999939 width=20) (actual time=0.029..629.681 rows=10000000 loops=1)
 Planning time: 0.236 ms
 Execution time: 3644.438 ms
(11 rows)

===== 94 [Wed Mar  7 08:11:55 CET 2018] scale:10000000 groups:10 work_mem:64MB incremental:off max_workers:2 =====
SELECT * FROM (SELECT * FROM s_2 ORDER BY a, b) foo ORDER BY a, b, c LIMIT 100000
                                                                QUERY PLAN                                                                 
-------------------------------------------------------------------------------------------------------------------------------------------
 Limit  (cost=2538196.99..2538196.99 rows=1 width=20) (actual time=3971.696..3971.696 rows=0 loops=1)
   ->  Limit  (cost=2536946.99..2537196.99 rows=100000 width=20) (actual time=3956.445..3968.950 rows=100000 loops=1)
         ->  Sort  (cost=2536946.99..2561947.13 rows=10000054 width=20) (actual time=3956.444..3963.506 rows=100000 loops=1)
               Sort Key: s_2.a, s_2.b, s_2.c
               Sort Method: top-N heapsort  Memory: 15222kB
               ->  Sort  (cost=1531459.54..1556459.68 rows=10000054 width=20) (actual time=2067.300..3166.140 rows=10000000 loops=1)
                     Sort Key: s_2.a, s_2.b
                     Sort Method: external merge  Disk: 293648kB
                     ->  Seq Scan on s_2  (cost=0.00..163695.54 rows=10000054 width=20) (actual time=0.030..621.476 rows=10000000 loops=1)
 Planning time: 0.234 ms
 Execution time: 4006.499 ms
(11 rows)

===== 95 [Wed Mar  7 08:12:14 CET 2018] scale:10000000 groups:10 work_mem:64MB incremental:off max_workers:2 =====
SELECT * FROM (SELECT * FROM s_3 ORDER BY a, b, c) foo ORDER BY a, b, c, d LIMIT 100000
                                                                QUERY PLAN                                                                 
-------------------------------------------------------------------------------------------------------------------------------------------
 Limit  (cost=2538196.99..2538196.99 rows=1 width=20) (actual time=4047.107..4047.107 rows=0 loops=1)
   ->  Limit  (cost=2536946.99..2537196.99 rows=100000 width=20) (actual time=4031.914..4044.348 rows=100000 loops=1)
         ->  Sort  (cost=2536946.99..2561947.13 rows=10000054 width=20) (actual time=4031.914..4038.911 rows=100000 loops=1)
               Sort Key: s_3.a, s_3.b, s_3.c, s_3.d
               Sort Method: top-N heapsort  Memory: 14089kB
               ->  Sort  (cost=1531459.54..1556459.68 rows=10000054 width=20) (actual time=2140.712..3243.805 rows=10000000 loops=1)
                     Sort Key: s_3.a, s_3.b, s_3.c
                     Sort Method: external merge  Disk: 293648kB
                     ->  Seq Scan on s_3  (cost=0.00..163695.54 rows=10000054 width=20) (actual time=0.033..622.967 rows=10000000 loops=1)
 Planning time: 0.248 ms
 Execution time: 4081.961 ms
(11 rows)

===== 96 [Wed Mar  7 08:12:33 CET 2018] scale:10000000 groups:10 work_mem:64MB incremental:off max_workers:2 =====
SELECT * FROM (SELECT * FROM s_4 ORDER BY a, b, c, d) foo ORDER BY a, b, c, d, e LIMIT 100000
                                                                QUERY PLAN                                                                 
-------------------------------------------------------------------------------------------------------------------------------------------
 Limit  (cost=2538196.99..2538196.99 rows=1 width=20) (actual time=4120.052..4120.052 rows=0 loops=1)
   ->  Limit  (cost=2536946.99..2537196.99 rows=100000 width=20) (actual time=4106.623..4117.289 rows=100000 loops=1)
         ->  Sort  (cost=2536946.99..2561947.13 rows=10000054 width=20) (actual time=4106.623..4111.854 rows=100000 loops=1)
               Sort Key: s_4.a, s_4.b, s_4.c, s_4.d, s_4.e
               Sort Method: top-N heapsort  Memory: 13960kB
               ->  Sort  (cost=1531459.54..1556459.68 rows=10000054 width=20) (actual time=2208.880..3312.603 rows=10000000 loops=1)
                     Sort Key: s_4.a, s_4.b, s_4.c, s_4.d
                     Sort Method: external merge  Disk: 293648kB
                     ->  Seq Scan on s_4  (cost=0.00..163695.54 rows=10000054 width=20) (actual time=0.032..622.283 rows=10000000 loops=1)
 Planning time: 0.247 ms
 Execution time: 4154.998 ms
(11 rows)

===== 97 [Wed Mar  7 08:12:53 CET 2018] scale:10000000 groups:10 work_mem:128MB incremental:on max_workers:2 =====
SELECT * FROM (SELECT * FROM s_1 ORDER BY a) foo ORDER BY a, b LIMIT 100000
                                                                       QUERY PLAN                                                                       
--------------------------------------------------------------------------------------------------------------------------------------------------------
 Limit  (cost=830215.71..830215.71 rows=1 width=20) (actual time=996.471..996.471 rows=0 loops=1)
   ->  Limit  (cost=827465.71..829215.71 rows=100000 width=20) (actual time=979.475..993.723 rows=100000 loops=1)
         ->  Incremental Sort  (cost=827465.71..1002464.86 rows=9999939 width=20) (actual time=979.475..988.255 rows=100000 loops=1)
               Sort Key: s_1.a, s_1.b
               Presorted Key: s_1.a
               Sort Method: quicksort  Memory: 51435kB
               Sort Groups: 1
               ->  Gather Merge  (cost=649942.06..1622226.17 rows=8333282 width=20) (actual time=787.216..867.026 rows=501073 loops=1)
                     Workers Planned: 2
                     Workers Launched: 2
                     ->  Sort  (cost=648942.04..659358.64 rows=4166641 width=20) (actual time=785.632..800.975 rows=167678 loops=3)
                           Sort Key: s_1.a
                           Sort Method: external merge  Disk: 97600kB
                           Worker 0:  Sort Method: external merge  Disk: 97824kB
                           Worker 1:  Sort Method: external merge  Disk: 98152kB
                           ->  Parallel Seq Scan on s_1  (cost=0.00..105361.41 rows=4166641 width=20) (actual time=0.026..233.562 rows=3333333 loops=3)
 Planning time: 0.260 ms
 Execution time: 1033.945 ms
(18 rows)

===== 98 [Wed Mar  7 08:12:58 CET 2018] scale:10000000 groups:10 work_mem:128MB incremental:on max_workers:2 =====
SELECT * FROM (SELECT * FROM s_2 ORDER BY a, b) foo ORDER BY a, b, c LIMIT 100000
                                                                       QUERY PLAN                                                                       
--------------------------------------------------------------------------------------------------------------------------------------------------------
 Limit  (cost=668346.31..668346.31 rows=1 width=20) (actual time=904.313..904.313 rows=0 loops=1)
   ->  Limit  (cost=665563.50..667346.31 rows=100000 width=20) (actual time=855.520..901.557 rows=100000 loops=1)
         ->  Incremental Sort  (cost=665563.50..843845.25 rows=10000054 width=20) (actual time=855.520..896.119 rows=100000 loops=1)
               Sort Key: s_2.a, s_2.b, s_2.c
               Presorted Key: s_2.a, s_2.b
               Sort Method: quicksort  Memory: 5459kB
               Sort Groups: 3
               ->  Gather Merge  (cost=649951.66..1622246.98 rows=8333378 width=20) (actual time=846.100..869.267 rows=125696 loops=1)
                     Workers Planned: 2
                     Workers Launched: 2
                     ->  Sort  (cost=648951.64..659368.36 rows=4166689 width=20) (actual time=838.889..842.777 rows=42526 loops=3)
                           Sort Key: s_2.a, s_2.b
                           Sort Method: external merge  Disk: 93984kB
                           Worker 0:  Sort Method: external merge  Disk: 99920kB
                           Worker 1:  Sort Method: external merge  Disk: 99680kB
                           ->  Parallel Seq Scan on s_2  (cost=0.00..105361.89 rows=4166689 width=20) (actual time=0.026..233.565 rows=3333333 loops=3)
 Planning time: 0.249 ms
 Execution time: 939.176 ms
(18 rows)

===== 99 [Wed Mar  7 08:13:03 CET 2018] scale:10000000 groups:10 work_mem:128MB incremental:on max_workers:2 =====
SELECT * FROM (SELECT * FROM s_3 ORDER BY a, b, c) foo ORDER BY a, b, c, d LIMIT 100000
                                                                       QUERY PLAN                                                                       
--------------------------------------------------------------------------------------------------------------------------------------------------------
 Limit  (cost=654149.94..654149.94 rows=1 width=20) (actual time=922.400..922.400 rows=0 loops=1)
   ->  Limit  (cost=651240.96..653149.94 rows=100000 width=20) (actual time=868.584..919.658 rows=100000 loops=1)
         ->  Incremental Sort  (cost=651240.96..842139.73 rows=10000054 width=20) (actual time=868.583..914.180 rows=100000 loops=1)
               Sort Key: s_3.a, s_3.b, s_3.c, s_3.d
               Presorted Key: s_3.a, s_3.b, s_3.c
               Sort Method: quicksort  Memory: 598kB
               Sort Groups: 28
               ->  Gather Merge  (cost=649951.66..1622246.98 rows=8333378 width=20) (actual time=867.952..889.584 rows=103268 loops=1)
                     Workers Planned: 2
                     Workers Launched: 2
                     ->  Sort  (cost=648951.64..659368.36 rows=4166689 width=20) (actual time=861.390..864.652 rows=35099 loops=3)
                           Sort Key: s_3.a, s_3.b, s_3.c
                           Sort Method: external merge  Disk: 94344kB
                           Worker 0:  Sort Method: external merge  Disk: 99432kB
                           Worker 1:  Sort Method: external merge  Disk: 99800kB
                           ->  Parallel Seq Scan on s_3  (cost=0.00..105361.89 rows=4166689 width=20) (actual time=0.026..233.580 rows=3333333 loops=3)
 Planning time: 0.259 ms
 Execution time: 957.164 ms
(18 rows)

===== 100 [Wed Mar  7 08:13:08 CET 2018] scale:10000000 groups:10 work_mem:128MB incremental:on max_workers:2 =====
SELECT * FROM (SELECT * FROM s_4 ORDER BY a, b, c, d) foo ORDER BY a, b, c, d, e LIMIT 100000
                                                                       QUERY PLAN                                                                       
--------------------------------------------------------------------------------------------------------------------------------------------------------
 Limit  (cost=652963.24..652963.24 rows=1 width=20) (actual time=948.319..948.319 rows=0 loops=1)
   ->  Limit  (cost=650057.06..651963.24 rows=100000 width=20) (actual time=889.464..945.584 rows=100000 loops=1)
         ->  Incremental Sort  (cost=650057.06..840676.22 rows=10000054 width=20) (actual time=889.463..940.077 rows=100000 loops=1)
               Sort Key: s_4.a, s_4.b, s_4.c, s_4.d, s_4.e
               Presorted Key: s_4.a, s_4.b, s_4.c, s_4.d
               Sort Method: quicksort  Memory: 69kB
               Sort Groups: 301
               ->  Gather Merge  (cost=649951.66..1622246.98 rows=8333378 width=20) (actual time=889.387..912.478 rows=100042 loops=1)
                     Workers Planned: 2
                     Workers Launched: 2
                     ->  Sort  (cost=648951.64..659368.36 rows=4166689 width=20) (actual time=882.661..885.817 rows=33952 loops=3)
                           Sort Key: s_4.a, s_4.b, s_4.c, s_4.d
                           Sort Method: external merge  Disk: 94296kB
                           Worker 0:  Sort Method: external merge  Disk: 99728kB
                           Worker 1:  Sort Method: external merge  Disk: 99552kB
                           ->  Parallel Seq Scan on s_4  (cost=0.00..105361.89 rows=4166689 width=20) (actual time=0.023..233.271 rows=3333333 loops=3)
 Planning time: 0.267 ms
 Execution time: 983.118 ms
(18 rows)

===== 101 [Wed Mar  7 08:13:13 CET 2018] scale:10000000 groups:10 work_mem:128MB incremental:off max_workers:2 =====
SELECT * FROM (SELECT * FROM s_1 ORDER BY a) foo ORDER BY a, b LIMIT 100000
                                                                QUERY PLAN                                                                
------------------------------------------------------------------------------------------------------------------------------------------
 Limit  (cost=2538166.58..2538166.58 rows=1 width=20) (actual time=3717.010..3717.010 rows=0 loops=1)
   ->  Limit  (cost=2536916.58..2537166.58 rows=100000 width=20) (actual time=3700.928..3714.270 rows=100000 loops=1)
         ->  Sort  (cost=2536916.58..2561916.43 rows=9999939 width=20) (actual time=3700.927..3708.772 rows=100000 loops=1)
               Sort Key: s_1.a, s_1.b
               Sort Method: top-N heapsort  Memory: 18976kB
               ->  Sort  (cost=1531440.69..1556440.54 rows=9999939 width=20) (actual time=2011.497..2955.644 rows=10000000 loops=1)
                     Sort Key: s_1.a
                     Sort Method: external merge  Disk: 293568kB
                     ->  Seq Scan on s_1  (cost=0.00..163694.39 rows=9999939 width=20) (actual time=0.029..625.971 rows=10000000 loops=1)
 Planning time: 0.241 ms
 Execution time: 3755.059 ms
(11 rows)

===== 102 [Wed Mar  7 08:13:31 CET 2018] scale:10000000 groups:10 work_mem:128MB incremental:off max_workers:2 =====
SELECT * FROM (SELECT * FROM s_2 ORDER BY a, b) foo ORDER BY a, b, c LIMIT 100000
                                                                QUERY PLAN                                                                 
-------------------------------------------------------------------------------------------------------------------------------------------
 Limit  (cost=2538196.99..2538196.99 rows=1 width=20) (actual time=3952.631..3952.631 rows=0 loops=1)
   ->  Limit  (cost=2536946.99..2537196.99 rows=100000 width=20) (actual time=3937.417..3949.879 rows=100000 loops=1)
         ->  Sort  (cost=2536946.99..2561947.13 rows=10000054 width=20) (actual time=3937.416..3944.441 rows=100000 loops=1)
               Sort Key: s_2.a, s_2.b, s_2.c
               Sort Method: top-N heapsort  Memory: 15222kB
               ->  Sort  (cost=1531459.54..1556459.68 rows=10000054 width=20) (actual time=2133.656..3178.859 rows=10000000 loops=1)
                     Sort Key: s_2.a, s_2.b
                     Sort Method: external merge  Disk: 293568kB
                     ->  Seq Scan on s_2  (cost=0.00..163695.54 rows=10000054 width=20) (actual time=0.032..625.183 rows=10000000 loops=1)
 Planning time: 0.234 ms
 Execution time: 3990.394 ms
(11 rows)

===== 103 [Wed Mar  7 08:13:49 CET 2018] scale:10000000 groups:10 work_mem:128MB incremental:off max_workers:2 =====
SELECT * FROM (SELECT * FROM s_3 ORDER BY a, b, c) foo ORDER BY a, b, c, d LIMIT 100000
                                                                QUERY PLAN                                                                 
-------------------------------------------------------------------------------------------------------------------------------------------
 Limit  (cost=2538196.99..2538196.99 rows=1 width=20) (actual time=4030.050..4030.050 rows=0 loops=1)
   ->  Limit  (cost=2536946.99..2537196.99 rows=100000 width=20) (actual time=4014.872..4027.295 rows=100000 loops=1)
         ->  Sort  (cost=2536946.99..2561947.13 rows=10000054 width=20) (actual time=4014.871..4021.849 rows=100000 loops=1)
               Sort Key: s_3.a, s_3.b, s_3.c, s_3.d
               Sort Method: top-N heapsort  Memory: 14089kB
               ->  Sort  (cost=1531459.54..1556459.68 rows=10000054 width=20) (actual time=2209.458..3258.117 rows=10000000 loops=1)
                     Sort Key: s_3.a, s_3.b, s_3.c
                     Sort Method: external merge  Disk: 293568kB
                     ->  Seq Scan on s_3  (cost=0.00..163695.54 rows=10000054 width=20) (actual time=0.031..627.001 rows=10000000 loops=1)
 Planning time: 0.246 ms
 Execution time: 4068.076 ms
(11 rows)

===== 104 [Wed Mar  7 08:14:09 CET 2018] scale:10000000 groups:10 work_mem:128MB incremental:off max_workers:2 =====
SELECT * FROM (SELECT * FROM s_4 ORDER BY a, b, c, d) foo ORDER BY a, b, c, d, e LIMIT 100000
                                                                QUERY PLAN                                                                 
-------------------------------------------------------------------------------------------------------------------------------------------
 Limit  (cost=2538196.99..2538196.99 rows=1 width=20) (actual time=4104.973..4104.973 rows=0 loops=1)
   ->  Limit  (cost=2536946.99..2537196.99 rows=100000 width=20) (actual time=4091.567..4102.215 rows=100000 loops=1)
         ->  Sort  (cost=2536946.99..2561947.13 rows=10000054 width=20) (actual time=4091.566..4096.770 rows=100000 loops=1)
               Sort Key: s_4.a, s_4.b, s_4.c, s_4.d, s_4.e
               Sort Method: top-N heapsort  Memory: 13960kB
               ->  Sort  (cost=1531459.54..1556459.68 rows=10000054 width=20) (actual time=2280.520..3329.501 rows=10000000 loops=1)
                     Sort Key: s_4.a, s_4.b, s_4.c, s_4.d
                     Sort Method: external merge  Disk: 293568kB
                     ->  Seq Scan on s_4  (cost=0.00..163695.54 rows=10000054 width=20) (actual time=0.028..627.038 rows=10000000 loops=1)
 Planning time: 0.245 ms
 Execution time: 4142.867 ms
(11 rows)

===== 105 [Wed Mar  7 08:14:28 CET 2018] scale:10000000 groups:10 work_mem:256MB incremental:on max_workers:2 =====
SELECT * FROM (SELECT * FROM s_1 ORDER BY a) foo ORDER BY a, b LIMIT 100000
                                                                       QUERY PLAN                                                                       
--------------------------------------------------------------------------------------------------------------------------------------------------------
 Limit  (cost=729911.01..729911.01 rows=1 width=20) (actual time=1024.051..1024.051 rows=0 loops=1)
   ->  Limit  (cost=727161.01..728911.01 rows=100000 width=20) (actual time=1005.480..1021.294 rows=100000 loops=1)
         ->  Incremental Sort  (cost=727161.01..872993.66 rows=8333282 width=20) (actual time=1005.479..1015.843 rows=100000 loops=1)
               Sort Key: s_1.a, s_1.b
               Presorted Key: s_1.a
               Sort Method: quicksort  Memory: 51435kB
               Sort Groups: 1
               ->  Gather Merge  (cost=564493.06..1536777.17 rows=8333282 width=20) (actual time=830.264..907.035 rows=501073 loops=1)
                     Workers Planned: 2
                     Workers Launched: 2
                     ->  Sort  (cost=563493.04..573909.64 rows=4166641 width=20) (actual time=828.630..842.711 rows=167640 loops=3)
                           Sort Key: s_1.a
                           Sort Method: external merge  Disk: 97464kB
                           Worker 0:  Sort Method: external merge  Disk: 98128kB
                           Worker 1:  Sort Method: external merge  Disk: 97968kB
                           ->  Parallel Seq Scan on s_1  (cost=0.00..105361.41 rows=4166641 width=20) (actual time=0.025..237.627 rows=3333333 loops=3)
 Planning time: 0.243 ms
 Execution time: 1063.570 ms
(18 rows)

===== 106 [Wed Mar  7 08:14:34 CET 2018] scale:10000000 groups:10 work_mem:256MB incremental:on max_workers:2 =====
SELECT * FROM (SELECT * FROM s_2 ORDER BY a, b) foo ORDER BY a, b, c LIMIT 100000
                                                                       QUERY PLAN                                                                       
--------------------------------------------------------------------------------------------------------------------------------------------------------
 Limit  (cost=581585.07..581585.07 rows=1 width=20) (actual time=945.906..945.906 rows=0 loops=1)
   ->  Limit  (cost=578757.70..580585.07 rows=100000 width=20) (actual time=897.327..943.158 rows=100000 loops=1)
         ->  Incremental Sort  (cost=578757.70..731038.98 rows=8333378 width=20) (actual time=897.326..937.719 rows=100000 loops=1)
               Sort Key: s_2.a, s_2.b, s_2.c
               Presorted Key: s_2.a, s_2.b
               Sort Method: quicksort  Memory: 5459kB
               Sort Groups: 3
               ->  Gather Merge  (cost=564499.16..1536794.48 rows=8333378 width=20) (actual time=888.088..910.968 rows=125696 loops=1)
                     Workers Planned: 2
                     Workers Launched: 2
                     ->  Sort  (cost=563499.14..573915.86 rows=4166689 width=20) (actual time=882.809..886.437 rows=42571 loops=3)
                           Sort Key: s_2.a, s_2.b
                           Sort Method: external merge  Disk: 94608kB
                           Worker 0:  Sort Method: external merge  Disk: 99560kB
                           Worker 1:  Sort Method: external merge  Disk: 99392kB
                           ->  Parallel Seq Scan on s_2  (cost=0.00..105361.89 rows=4166689 width=20) (actual time=0.025..237.246 rows=3333333 loops=3)
 Planning time: 0.251 ms
 Execution time: 984.601 ms
(18 rows)

===== 107 [Wed Mar  7 08:14:39 CET 2018] scale:10000000 groups:10 work_mem:256MB incremental:on max_workers:2 =====
SELECT * FROM (SELECT * FROM s_3 ORDER BY a, b, c) foo ORDER BY a, b, c, d LIMIT 100000
                                                                       QUERY PLAN                                                                       
--------------------------------------------------------------------------------------------------------------------------------------------------------
 Limit  (cost=568650.84..568650.84 rows=1 width=20) (actual time=962.821..962.821 rows=0 loops=1)
   ->  Limit  (cost=565687.10..567650.84 rows=100000 width=20) (actual time=909.249..960.079 rows=100000 loops=1)
         ->  Incremental Sort  (cost=565687.10..729333.47 rows=8333378 width=20) (actual time=909.248..954.602 rows=100000 loops=1)
               Sort Key: s_3.a, s_3.b, s_3.c, s_3.d
               Presorted Key: s_3.a, s_3.b, s_3.c
               Sort Method: quicksort  Memory: 598kB
               Sort Groups: 28
               ->  Gather Merge  (cost=564499.16..1536794.48 rows=8333378 width=20) (actual time=908.621..930.058 rows=103268 loops=1)
                     Workers Planned: 2
                     Workers Launched: 2
                     ->  Sort  (cost=563499.14..573915.86 rows=4166689 width=20) (actual time=903.172..906.223 rows=35092 loops=3)
                           Sort Key: s_3.a, s_3.b, s_3.c
                           Sort Method: external merge  Disk: 95552kB
                           Worker 0:  Sort Method: external merge  Disk: 99424kB
                           Worker 1:  Sort Method: external merge  Disk: 98584kB
                           ->  Parallel Seq Scan on s_3  (cost=0.00..105361.89 rows=4166689 width=20) (actual time=0.024..236.919 rows=3333333 loops=3)
 Planning time: 0.258 ms
 Execution time: 1001.900 ms
(18 rows)

===== 108 [Wed Mar  7 08:14:44 CET 2018] scale:10000000 groups:10 work_mem:256MB incremental:on max_workers:2 =====
SELECT * FROM (SELECT * FROM s_4 ORDER BY a, b, c, d) foo ORDER BY a, b, c, d, e LIMIT 100000
                                                                       QUERY PLAN                                                                       
--------------------------------------------------------------------------------------------------------------------------------------------------------
 Limit  (cost=567556.57..567556.57 rows=1 width=20) (actual time=988.264..988.264 rows=0 loops=1)
   ->  Limit  (cost=564597.31..566556.57 rows=100000 width=20) (actual time=929.871..985.539 rows=100000 loops=1)
         ->  Incremental Sort  (cost=564597.31..727869.95 rows=8333378 width=20) (actual time=929.871..980.027 rows=100000 loops=1)
               Sort Key: s_4.a, s_4.b, s_4.c, s_4.d, s_4.e
               Presorted Key: s_4.a, s_4.b, s_4.c, s_4.d
               Sort Method: quicksort  Memory: 69kB
               Sort Groups: 301
               ->  Gather Merge  (cost=564499.16..1536794.48 rows=8333378 width=20) (actual time=929.795..952.647 rows=100042 loops=1)
                     Workers Planned: 2
                     Workers Launched: 2
                     ->  Sort  (cost=563499.14..573915.86 rows=4166689 width=20) (actual time=925.182..928.140 rows=34049 loops=3)
                           Sort Key: s_4.a, s_4.b, s_4.c, s_4.d
                           Sort Method: external merge  Disk: 95720kB
                           Worker 0:  Sort Method: external merge  Disk: 98976kB
                           Worker 1:  Sort Method: external merge  Disk: 98864kB
                           ->  Parallel Seq Scan on s_4  (cost=0.00..105361.89 rows=4166689 width=20) (actual time=0.024..236.329 rows=3333333 loops=3)
 Planning time: 0.264 ms
 Execution time: 1027.060 ms
(18 rows)

===== 109 [Wed Mar  7 08:14:49 CET 2018] scale:10000000 groups:10 work_mem:256MB incremental:off max_workers:2 =====
SELECT * FROM (SELECT * FROM s_1 ORDER BY a) foo ORDER BY a, b LIMIT 100000
                                                                       QUERY PLAN                                                                       
--------------------------------------------------------------------------------------------------------------------------------------------------------
 Limit  (cost=2355090.49..2355090.49 rows=1 width=20) (actual time=3217.523..3217.523 rows=0 loops=1)
   ->  Limit  (cost=2353840.49..2354090.49 rows=100000 width=20) (actual time=3201.513..3214.766 rows=100000 loops=1)
         ->  Sort  (cost=2353840.49..2374673.70 rows=8333282 width=20) (actual time=3201.513..3209.295 rows=100000 loops=1)
               Sort Key: s_1.a, s_1.b
               Sort Method: top-N heapsort  Memory: 18962kB
               ->  Gather Merge  (cost=564493.06..1536777.17 rows=8333282 width=20) (actual time=838.869..2358.534 rows=10000000 loops=1)
                     Workers Planned: 2
                     Workers Launched: 2
                     ->  Sort  (cost=563493.04..573909.64 rows=4166641 width=20) (actual time=834.186..1110.176 rows=3333333 loops=3)
                           Sort Key: s_1.a
                           Sort Method: external merge  Disk: 94936kB
                           Worker 0:  Sort Method: external merge  Disk: 99680kB
                           Worker 1:  Sort Method: external merge  Disk: 98944kB
                           ->  Parallel Seq Scan on s_1  (cost=0.00..105361.41 rows=4166641 width=20) (actual time=0.024..235.890 rows=3333333 loops=3)
 Planning time: 0.243 ms
 Execution time: 3230.843 ms
(16 rows)

===== 110 [Wed Mar  7 08:15:05 CET 2018] scale:10000000 groups:10 work_mem:256MB incremental:off max_workers:2 =====
SELECT * FROM (SELECT * FROM s_2 ORDER BY a, b) foo ORDER BY a, b, c LIMIT 100000
                                                                       QUERY PLAN                                                                       
--------------------------------------------------------------------------------------------------------------------------------------------------------
 Limit  (cost=2355117.21..2355117.21 rows=1 width=20) (actual time=3487.494..3487.494 rows=0 loops=1)
   ->  Limit  (cost=2353867.21..2354117.21 rows=100000 width=20) (actual time=3472.288..3484.742 rows=100000 loops=1)
         ->  Sort  (cost=2353867.21..2374700.66 rows=8333378 width=20) (actual time=3472.287..3479.291 rows=100000 loops=1)
               Sort Key: s_2.a, s_2.b, s_2.c
               Sort Method: top-N heapsort  Memory: 15230kB
               ->  Gather Merge  (cost=564499.16..1536794.48 rows=8333378 width=20) (actual time=884.897..2680.816 rows=10000000 loops=1)
                     Workers Planned: 2
                     Workers Launched: 2
                     ->  Sort  (cost=563499.14..573915.86 rows=4166689 width=20) (actual time=879.510..1159.474 rows=3333333 loops=3)
                           Sort Key: s_2.a, s_2.b
                           Sort Method: external merge  Disk: 94848kB
                           Worker 0:  Sort Method: external merge  Disk: 99152kB
                           Worker 1:  Sort Method: external merge  Disk: 99552kB
                           ->  Parallel Seq Scan on s_2  (cost=0.00..105361.89 rows=4166689 width=20) (actual time=0.024..235.682 rows=3333333 loops=3)
 Planning time: 0.241 ms
 Execution time: 3500.753 ms
(16 rows)

===== 111 [Wed Mar  7 08:15:22 CET 2018] scale:10000000 groups:10 work_mem:256MB incremental:off max_workers:2 =====
SELECT * FROM (SELECT * FROM s_3 ORDER BY a, b, c) foo ORDER BY a, b, c, d LIMIT 100000
                                                                       QUERY PLAN                                                                       
--------------------------------------------------------------------------------------------------------------------------------------------------------
 Limit  (cost=2355117.21..2355117.21 rows=1 width=20) (actual time=3751.814..3751.814 rows=0 loops=1)
   ->  Limit  (cost=2353867.21..2354117.21 rows=100000 width=20) (actual time=3736.585..3748.992 rows=100000 loops=1)
         ->  Sort  (cost=2353867.21..2374700.66 rows=8333378 width=20) (actual time=3736.585..3743.537 rows=100000 loops=1)
               Sort Key: s_3.a, s_3.b, s_3.c, s_3.d
               Sort Method: top-N heapsort  Memory: 14089kB
               ->  Gather Merge  (cost=564499.16..1536794.48 rows=8333378 width=20) (actual time=911.781..2954.467 rows=10000000 loops=1)
                     Workers Planned: 2
                     Workers Launched: 2
                     ->  Sort  (cost=563499.14..573915.86 rows=4166689 width=20) (actual time=905.144..1188.208 rows=3333333 loops=3)
                           Sort Key: s_3.a, s_3.b, s_3.c
                           Sort Method: external merge  Disk: 94424kB
                           Worker 0:  Sort Method: external merge  Disk: 100056kB
                           Worker 1:  Sort Method: external merge  Disk: 99080kB
                           ->  Parallel Seq Scan on s_3  (cost=0.00..105361.89 rows=4166689 width=20) (actual time=0.024..238.232 rows=3333333 loops=3)
 Planning time: 0.245 ms
 Execution time: 3764.939 ms
(16 rows)

===== 112 [Wed Mar  7 08:15:41 CET 2018] scale:10000000 groups:10 work_mem:256MB incremental:off max_workers:2 =====
SELECT * FROM (SELECT * FROM s_4 ORDER BY a, b, c, d) foo ORDER BY a, b, c, d, e LIMIT 100000
                                                                       QUERY PLAN                                                                       
--------------------------------------------------------------------------------------------------------------------------------------------------------
 Limit  (cost=2355117.21..2355117.21 rows=1 width=20) (actual time=3992.005..3992.005 rows=0 loops=1)
   ->  Limit  (cost=2353867.21..2354117.21 rows=100000 width=20) (actual time=3978.574..3989.305 rows=100000 loops=1)
         ->  Sort  (cost=2353867.21..2374700.66 rows=8333378 width=20) (actual time=3978.573..3983.834 rows=100000 loops=1)
               Sort Key: s_4.a, s_4.b, s_4.c, s_4.d, s_4.e
               Sort Method: top-N heapsort  Memory: 13960kB
               ->  Gather Merge  (cost=564499.16..1536794.48 rows=8333378 width=20) (actual time=930.384..3205.801 rows=10000000 loops=1)
                     Workers Planned: 2
                     Workers Launched: 2
                     ->  Sort  (cost=563499.14..573915.86 rows=4166689 width=20) (actual time=924.893..1208.155 rows=3333333 loops=3)
                           Sort Key: s_4.a, s_4.b, s_4.c, s_4.d
                           Sort Method: external merge  Disk: 95032kB
                           Worker 0:  Sort Method: external merge  Disk: 99264kB
                           Worker 1:  Sort Method: external merge  Disk: 99264kB
                           ->  Parallel Seq Scan on s_4  (cost=0.00..105361.89 rows=4166689 width=20) (actual time=0.023..237.194 rows=3333333 loops=3)
 Planning time: 0.251 ms
 Execution time: 4005.280 ms
(16 rows)

===== 113 [Wed Mar  7 08:17:06 CET 2018] scale:10000000 groups:100 work_mem:4MB incremental:on max_workers:0 =====
SELECT * FROM (SELECT * FROM s_1 ORDER BY a) foo ORDER BY a, b LIMIT 100000
                                                                QUERY PLAN                                                                
------------------------------------------------------------------------------------------------------------------------------------------
 Limit  (cost=1750757.41..1750757.41 rows=1 width=20) (actual time=3475.357..3475.357 rows=0 loops=1)
   ->  Limit  (cost=1748006.24..1749757.41 rows=100000 width=20) (actual time=3418.355..3472.610 rows=100000 loops=1)
         ->  Incremental Sort  (cost=1748006.24..1923122.13 rows=9999939 width=20) (actual time=3418.354..3466.897 rows=100000 loops=1)
               Sort Key: s_1.a, s_1.b
               Presorted Key: s_1.a
               Sort Method: external merge  Disk: 2944kB
               Sort Groups: 2
               ->  Sort  (cost=1736519.69..1761519.54 rows=9999939 width=20) (actual time=3398.033..3412.446 rows=150242 loops=1)
                     Sort Key: s_1.a
                     Sort Method: external merge  Disk: 293600kB
                     ->  Seq Scan on s_1  (cost=0.00..163694.39 rows=9999939 width=20) (actual time=0.016..648.183 rows=10000000 loops=1)
 Planning time: 0.240 ms
 Execution time: 3505.185 ms
(13 rows)

===== 114 [Wed Mar  7 08:17:25 CET 2018] scale:10000000 groups:100 work_mem:4MB incremental:on max_workers:0 =====
SELECT * FROM (SELECT * FROM s_2 ORDER BY a, b) foo ORDER BY a, b, c LIMIT 100000
                                                                QUERY PLAN                                                                 
-------------------------------------------------------------------------------------------------------------------------------------------
 Limit  (cost=1739416.62..1739416.62 rows=1 width=20) (actual time=3647.751..3647.751 rows=0 loops=1)
   ->  Limit  (cost=1736603.00..1738416.62 rows=100000 width=20) (actual time=3599.073..3644.927 rows=100000 loops=1)
         ->  Incremental Sort  (cost=1736603.00..1917965.55 rows=10000054 width=20) (actual time=3599.073..3639.495 rows=100000 loops=1)
               Sort Key: s_2.a, s_2.b, s_2.c
               Presorted Key: s_2.a, s_2.b
               Sort Method: quicksort  Memory: 134kB
               Sort Groups: 152
               ->  Sort  (cost=1736542.04..1761542.18 rows=10000054 width=20) (actual time=3598.926..3608.390 rows=100611 loops=1)
                     Sort Key: s_2.a, s_2.b
                     Sort Method: external merge  Disk: 293600kB
                     ->  Seq Scan on s_2  (cost=0.00..163695.54 rows=10000054 width=20) (actual time=0.025..647.850 rows=10000000 loops=1)
 Planning time: 0.234 ms
 Execution time: 3677.117 ms
(13 rows)

===== 115 [Wed Mar  7 08:17:44 CET 2018] scale:10000000 groups:100 work_mem:4MB incremental:on max_workers:0 =====
SELECT * FROM (SELECT * FROM s_3 ORDER BY a, b, c) foo ORDER BY a, b, c, d LIMIT 100000
                                                                QUERY PLAN                                                                 
-------------------------------------------------------------------------------------------------------------------------------------------
 Limit  (cost=1739521.44..1739521.44 rows=1 width=20) (actual time=3786.240..3786.240 rows=0 loops=1)
   ->  Limit  (cost=1736542.33..1738521.44 rows=100000 width=20) (actual time=3741.806..3783.486 rows=100000 loops=1)
         ->  Incremental Sort  (cost=1736542.33..1934454.05 rows=10000054 width=20) (actual time=3741.806..3778.026 rows=100000 loops=1)
               Sort Key: s_3.a, s_3.b, s_3.c, s_3.d
               Presorted Key: s_3.a, s_3.b, s_3.c
               Sort Method: quicksort  Memory: 28kB
               Sort Groups: 2803
               ->  Sort  (cost=1736542.04..1761542.18 rows=10000054 width=20) (actual time=3741.745..3751.574 rows=100007 loops=1)
                     Sort Key: s_3.a, s_3.b, s_3.c
                     Sort Method: external merge  Disk: 293600kB
                     ->  Seq Scan on s_3  (cost=0.00..163695.54 rows=10000054 width=20) (actual time=0.033..647.984 rows=10000000 loops=1)
 Planning time: 0.242 ms
 Execution time: 3815.588 ms
(13 rows)

===== 116 [Wed Mar  7 08:18:05 CET 2018] scale:10000000 groups:100 work_mem:4MB incremental:on max_workers:0 =====
SELECT * FROM (SELECT * FROM s_4 ORDER BY a, b, c, d) foo ORDER BY a, b, c, d, e LIMIT 100000
                                                                QUERY PLAN                                                                
------------------------------------------------------------------------------------------------------------------------------------------
 Limit  (cost=1739499.09..1739499.09 rows=1 width=20) (actual time=3835.162..3835.162 rows=0 loops=1)
   ->  Limit  (cost=1736519.98..1738499.09 rows=100000 width=20) (actual time=3799.745..3832.411 rows=100000 loops=1)
         ->  Incremental Sort  (cost=1736519.98..1934429.47 rows=9999939 width=20) (actual time=3799.745..3826.959 rows=100000 loops=1)
               Sort Key: s_4.a, s_4.b, s_4.c, s_4.d, s_4.e
               Presorted Key: s_4.a, s_4.b, s_4.c, s_4.d
               Sort Method: quicksort  Memory: 27kB
               Sort Groups: 3122
               ->  Sort  (cost=1736519.69..1761519.54 rows=9999939 width=20) (actual time=3799.684..3809.509 rows=100008 loops=1)
                     Sort Key: s_4.a, s_4.b, s_4.c, s_4.d
                     Sort Method: external merge  Disk: 293600kB
                     ->  Seq Scan on s_4  (cost=0.00..163694.39 rows=9999939 width=20) (actual time=0.031..646.165 rows=10000000 loops=1)
 Planning time: 0.243 ms
 Execution time: 3864.798 ms
(13 rows)

===== 117 [Wed Mar  7 08:18:25 CET 2018] scale:10000000 groups:100 work_mem:4MB incremental:off max_workers:0 =====
SELECT * FROM (SELECT * FROM s_1 ORDER BY a) foo ORDER BY a, b LIMIT 100000
                                                                QUERY PLAN                                                                
------------------------------------------------------------------------------------------------------------------------------------------
 Limit  (cost=3435594.23..3435594.23 rows=1 width=20) (actual time=8490.385..8490.385 rows=0 loops=1)
   ->  Limit  (cost=3434344.23..3434594.23 rows=100000 width=20) (actual time=8472.906..8487.560 rows=100000 loops=1)
         ->  Sort  (cost=3434344.23..3459344.08 rows=9999939 width=20) (actual time=8472.906..8481.969 rows=100000 loops=1)
               Sort Key: s_1.a, s_1.b
               Sort Method: external merge  Disk: 293600kB
               ->  Sort  (cost=1736519.69..1761519.54 rows=9999939 width=20) (actual time=3389.002..4321.863 rows=10000000 loops=1)
                     Sort Key: s_1.a
                     Sort Method: external merge  Disk: 293600kB
                     ->  Seq Scan on s_1  (cost=0.00..163694.39 rows=9999939 width=20) (actual time=0.024..641.918 rows=10000000 loops=1)
 Planning time: 0.226 ms
 Execution time: 8553.072 ms
(11 rows)

===== 118 [Wed Mar  7 08:19:13 CET 2018] scale:10000000 groups:100 work_mem:4MB incremental:off max_workers:0 =====
SELECT * FROM (SELECT * FROM s_2 ORDER BY a, b) foo ORDER BY a, b, c LIMIT 100000
                                                                QUERY PLAN                                                                 
-------------------------------------------------------------------------------------------------------------------------------------------
 Limit  (cost=3435639.22..3435639.22 rows=1 width=20) (actual time=9873.900..9873.900 rows=0 loops=1)
   ->  Limit  (cost=3434389.22..3434639.22 rows=100000 width=20) (actual time=9856.419..9871.076 rows=100000 loops=1)
         ->  Sort  (cost=3434389.22..3459389.35 rows=10000054 width=20) (actual time=9856.418..9865.489 rows=100000 loops=1)
               Sort Key: s_2.a, s_2.b, s_2.c
               Sort Method: external merge  Disk: 293600kB
               ->  Sort  (cost=1736542.04..1761542.18 rows=10000054 width=20) (actual time=3593.643..4546.577 rows=10000000 loops=1)
                     Sort Key: s_2.a, s_2.b
                     Sort Method: external merge  Disk: 293600kB
                     ->  Seq Scan on s_2  (cost=0.00..163695.54 rows=10000054 width=20) (actual time=0.030..640.809 rows=10000000 loops=1)
 Planning time: 0.236 ms
 Execution time: 9936.475 ms
(11 rows)

===== 119 [Wed Mar  7 08:20:08 CET 2018] scale:10000000 groups:100 work_mem:4MB incremental:off max_workers:0 =====
SELECT * FROM (SELECT * FROM s_3 ORDER BY a, b, c) foo ORDER BY a, b, c, d LIMIT 100000
                                                                QUERY PLAN                                                                 
-------------------------------------------------------------------------------------------------------------------------------------------
 Limit  (cost=3435639.22..3435639.22 rows=1 width=20) (actual time=10933.460..10933.460 rows=0 loops=1)
   ->  Limit  (cost=3434389.22..3434639.22 rows=100000 width=20) (actual time=10915.844..10930.651 rows=100000 loops=1)
         ->  Sort  (cost=3434389.22..3459389.35 rows=10000054 width=20) (actual time=10915.843..10925.053 rows=100000 loops=1)
               Sort Key: s_3.a, s_3.b, s_3.c, s_3.d
               Sort Method: external merge  Disk: 293600kB
               ->  Sort  (cost=1736542.04..1761542.18 rows=10000054 width=20) (actual time=3747.449..4705.736 rows=10000000 loops=1)
                     Sort Key: s_3.a, s_3.b, s_3.c
                     Sort Method: external merge  Disk: 293600kB
                     ->  Seq Scan on s_3  (cost=0.00..163695.54 rows=10000054 width=20) (actual time=0.031..639.722 rows=10000000 loops=1)
 Planning time: 0.241 ms
 Execution time: 10996.064 ms
(11 rows)

===== 120 [Wed Mar  7 08:21:10 CET 2018] scale:10000000 groups:100 work_mem:4MB incremental:off max_workers:0 =====
SELECT * FROM (SELECT * FROM s_4 ORDER BY a, b, c, d) foo ORDER BY a, b, c, d, e LIMIT 100000
                                                                QUERY PLAN                                                                
------------------------------------------------------------------------------------------------------------------------------------------
 Limit  (cost=3435594.23..3435594.23 rows=1 width=20) (actual time=10338.048..10338.048 rows=0 loops=1)
   ->  Limit  (cost=3434344.23..3434594.23 rows=100000 width=20) (actual time=10320.415..10335.226 rows=100000 loops=1)
         ->  Sort  (cost=3434344.23..3459344.08 rows=9999939 width=20) (actual time=10320.414..10329.630 rows=100000 loops=1)
               Sort Key: s_4.a, s_4.b, s_4.c, s_4.d, s_4.e
               Sort Method: external merge  Disk: 293600kB
               ->  Sort  (cost=1736519.69..1761519.54 rows=9999939 width=20) (actual time=3801.738..4758.991 rows=10000000 loops=1)
                     Sort Key: s_4.a, s_4.b, s_4.c, s_4.d
                     Sort Method: external merge  Disk: 293600kB
                     ->  Seq Scan on s_4  (cost=0.00..163694.39 rows=9999939 width=20) (actual time=0.030..636.874 rows=10000000 loops=1)
 Planning time: 0.237 ms
 Execution time: 10400.643 ms
(11 rows)

===== 121 [Wed Mar  7 08:22:08 CET 2018] scale:10000000 groups:100 work_mem:8MB incremental:on max_workers:0 =====
SELECT * FROM (SELECT * FROM s_1 ORDER BY a) foo ORDER BY a, b LIMIT 100000
                                                                QUERY PLAN                                                                
------------------------------------------------------------------------------------------------------------------------------------------
 Limit  (cost=1748723.71..1748723.71 rows=1 width=20) (actual time=2734.823..2734.823 rows=0 loops=1)
   ->  Limit  (cost=1745972.74..1747723.71 rows=100000 width=20) (actual time=2676.656..2732.099 rows=100000 loops=1)
         ->  Incremental Sort  (cost=1745972.74..1921068.28 rows=9999939 width=20) (actual time=2676.655..2726.520 rows=100000 loops=1)
               Sort Key: s_1.a, s_1.b
               Presorted Key: s_1.a
               Sort Method: external merge  Disk: 2944kB
               Sort Groups: 2
               ->  Sort  (cost=1736519.69..1761519.54 rows=9999939 width=20) (actual time=2659.290..2673.842 rows=150242 loops=1)
                     Sort Key: s_1.a
                     Sort Method: external merge  Disk: 293608kB
                     ->  Seq Scan on s_1  (cost=0.00..163694.39 rows=9999939 width=20) (actual time=0.023..642.237 rows=10000000 loops=1)
 Planning time: 0.233 ms
 Execution time: 2768.447 ms
(13 rows)

===== 122 [Wed Mar  7 08:22:22 CET 2018] scale:10000000 groups:100 work_mem:8MB incremental:on max_workers:0 =====
SELECT * FROM (SELECT * FROM s_2 ORDER BY a, b) foo ORDER BY a, b, c LIMIT 100000
                                                                QUERY PLAN                                                                 
-------------------------------------------------------------------------------------------------------------------------------------------
 Limit  (cost=1739416.62..1739416.62 rows=1 width=20) (actual time=2863.747..2863.747 rows=0 loops=1)
   ->  Limit  (cost=1736603.00..1738416.62 rows=100000 width=20) (actual time=2814.789..2860.980 rows=100000 loops=1)
         ->  Incremental Sort  (cost=1736603.00..1917965.55 rows=10000054 width=20) (actual time=2814.788..2855.498 rows=100000 loops=1)
               Sort Key: s_2.a, s_2.b, s_2.c
               Presorted Key: s_2.a, s_2.b
               Sort Method: quicksort  Memory: 134kB
               Sort Groups: 152
               ->  Sort  (cost=1736542.04..1761542.18 rows=10000054 width=20) (actual time=2814.644..2824.280 rows=100611 loops=1)
                     Sort Key: s_2.a, s_2.b
                     Sort Method: external merge  Disk: 293608kB
                     ->  Seq Scan on s_2  (cost=0.00..163695.54 rows=10000054 width=20) (actual time=0.029..637.704 rows=10000000 loops=1)
 Planning time: 0.235 ms
 Execution time: 2896.511 ms
(13 rows)

===== 123 [Wed Mar  7 08:22:37 CET 2018] scale:10000000 groups:100 work_mem:8MB incremental:on max_workers:0 =====
SELECT * FROM (SELECT * FROM s_3 ORDER BY a, b, c) foo ORDER BY a, b, c, d LIMIT 100000
                                                                QUERY PLAN                                                                 
-------------------------------------------------------------------------------------------------------------------------------------------
 Limit  (cost=1739521.44..1739521.44 rows=1 width=20) (actual time=3006.331..3006.331 rows=0 loops=1)
   ->  Limit  (cost=1736542.33..1738521.44 rows=100000 width=20) (actual time=2961.590..3003.507 rows=100000 loops=1)
         ->  Incremental Sort  (cost=1736542.33..1934454.05 rows=10000054 width=20) (actual time=2961.590..2998.053 rows=100000 loops=1)
               Sort Key: s_3.a, s_3.b, s_3.c, s_3.d
               Presorted Key: s_3.a, s_3.b, s_3.c
               Sort Method: quicksort  Memory: 28kB
               Sort Groups: 2803
               ->  Sort  (cost=1736542.04..1761542.18 rows=10000054 width=20) (actual time=2961.534..2971.451 rows=100007 loops=1)
                     Sort Key: s_3.a, s_3.b, s_3.c
                     Sort Method: external merge  Disk: 293608kB
                     ->  Seq Scan on s_3  (cost=0.00..163695.54 rows=10000054 width=20) (actual time=0.031..641.212 rows=10000000 loops=1)
 Planning time: 0.250 ms
 Execution time: 3039.625 ms
(13 rows)

===== 124 [Wed Mar  7 08:22:53 CET 2018] scale:10000000 groups:100 work_mem:8MB incremental:on max_workers:0 =====
SELECT * FROM (SELECT * FROM s_4 ORDER BY a, b, c, d) foo ORDER BY a, b, c, d, e LIMIT 100000
                                                                QUERY PLAN                                                                
------------------------------------------------------------------------------------------------------------------------------------------
 Limit  (cost=1739499.09..1739499.09 rows=1 width=20) (actual time=3057.641..3057.641 rows=0 loops=1)
   ->  Limit  (cost=1736519.98..1738499.09 rows=100000 width=20) (actual time=3022.008..3054.814 rows=100000 loops=1)
         ->  Incremental Sort  (cost=1736519.98..1934429.47 rows=9999939 width=20) (actual time=3022.007..3049.353 rows=100000 loops=1)
               Sort Key: s_4.a, s_4.b, s_4.c, s_4.d, s_4.e
               Presorted Key: s_4.a, s_4.b, s_4.c, s_4.d
               Sort Method: quicksort  Memory: 27kB
               Sort Groups: 3122
               ->  Sort  (cost=1736519.69..1761519.54 rows=9999939 width=20) (actual time=3021.948..3031.866 rows=100008 loops=1)
                     Sort Key: s_4.a, s_4.b, s_4.c, s_4.d
                     Sort Method: external merge  Disk: 293608kB
                     ->  Seq Scan on s_4  (cost=0.00..163694.39 rows=9999939 width=20) (actual time=0.031..639.120 rows=10000000 loops=1)
 Planning time: 0.246 ms
 Execution time: 3090.671 ms
(13 rows)

===== 125 [Wed Mar  7 08:23:09 CET 2018] scale:10000000 groups:100 work_mem:8MB incremental:off max_workers:0 =====
SELECT * FROM (SELECT * FROM s_1 ORDER BY a) foo ORDER BY a, b LIMIT 100000
                                                                QUERY PLAN                                                                
------------------------------------------------------------------------------------------------------------------------------------------
 Limit  (cost=2743245.58..2743245.58 rows=1 width=20) (actual time=7363.104..7363.104 rows=0 loops=1)
   ->  Limit  (cost=2741995.58..2742245.58 rows=100000 width=20) (actual time=7345.509..7360.277 rows=100000 loops=1)
         ->  Sort  (cost=2741995.58..2766995.43 rows=9999939 width=20) (actual time=7345.508..7354.664 rows=100000 loops=1)
               Sort Key: s_1.a, s_1.b
               Sort Method: external merge  Disk: 293608kB
               ->  Sort  (cost=1736519.69..1761519.54 rows=9999939 width=20) (actual time=2658.974..3603.094 rows=10000000 loops=1)
                     Sort Key: s_1.a
                     Sort Method: external merge  Disk: 293608kB
                     ->  Seq Scan on s_1  (cost=0.00..163694.39 rows=9999939 width=20) (actual time=0.024..643.134 rows=10000000 loops=1)
 Planning time: 0.230 ms
 Execution time: 7425.797 ms
(11 rows)

===== 126 [Wed Mar  7 08:23:49 CET 2018] scale:10000000 groups:100 work_mem:8MB incremental:off max_workers:0 =====
SELECT * FROM (SELECT * FROM s_2 ORDER BY a, b) foo ORDER BY a, b, c LIMIT 100000
                                                                QUERY PLAN                                                                 
-------------------------------------------------------------------------------------------------------------------------------------------
 Limit  (cost=2743279.49..2743279.49 rows=1 width=20) (actual time=8609.392..8609.392 rows=0 loops=1)
   ->  Limit  (cost=2742029.49..2742279.49 rows=100000 width=20) (actual time=8591.685..8606.562 rows=100000 loops=1)
         ->  Sort  (cost=2742029.49..2767029.63 rows=10000054 width=20) (actual time=8591.685..8600.973 rows=100000 loops=1)
               Sort Key: s_2.a, s_2.b, s_2.c
               Sort Method: external merge  Disk: 293608kB
               ->  Sort  (cost=1736542.04..1761542.18 rows=10000054 width=20) (actual time=2827.735..3794.049 rows=10000000 loops=1)
                     Sort Key: s_2.a, s_2.b
                     Sort Method: external merge  Disk: 293608kB
                     ->  Seq Scan on s_2  (cost=0.00..163695.54 rows=10000054 width=20) (actual time=0.029..639.899 rows=10000000 loops=1)
 Planning time: 0.233 ms
 Execution time: 8672.708 ms
(11 rows)

===== 127 [Wed Mar  7 08:24:37 CET 2018] scale:10000000 groups:100 work_mem:8MB incremental:off max_workers:0 =====
SELECT * FROM (SELECT * FROM s_3 ORDER BY a, b, c) foo ORDER BY a, b, c, d LIMIT 100000
                                                                QUERY PLAN                                                                 
-------------------------------------------------------------------------------------------------------------------------------------------
 Limit  (cost=2743279.49..2743279.49 rows=1 width=20) (actual time=9569.378..9569.378 rows=0 loops=1)
   ->  Limit  (cost=2742029.49..2742279.49 rows=100000 width=20) (actual time=9551.707..9566.575 rows=100000 loops=1)
         ->  Sort  (cost=2742029.49..2767029.63 rows=10000054 width=20) (actual time=9551.706..9560.972 rows=100000 loops=1)
               Sort Key: s_3.a, s_3.b, s_3.c, s_3.d
               Sort Method: external merge  Disk: 293608kB
               ->  Sort  (cost=1736542.04..1761542.18 rows=10000054 width=20) (actual time=2977.213..3947.032 rows=10000000 loops=1)
                     Sort Key: s_3.a, s_3.b, s_3.c
                     Sort Method: external merge  Disk: 293608kB
                     ->  Seq Scan on s_3  (cost=0.00..163695.54 rows=10000054 width=20) (actual time=0.031..638.602 rows=10000000 loops=1)
 Planning time: 0.232 ms
 Execution time: 9633.060 ms
(11 rows)

===== 128 [Wed Mar  7 08:25:30 CET 2018] scale:10000000 groups:100 work_mem:8MB incremental:off max_workers:0 =====
SELECT * FROM (SELECT * FROM s_4 ORDER BY a, b, c, d) foo ORDER BY a, b, c, d, e LIMIT 100000
                                                                QUERY PLAN                                                                
------------------------------------------------------------------------------------------------------------------------------------------
 Limit  (cost=2743245.58..2743245.58 rows=1 width=20) (actual time=8958.763..8958.763 rows=0 loops=1)
   ->  Limit  (cost=2741995.58..2742245.58 rows=100000 width=20) (actual time=8941.154..8955.942 rows=100000 loops=1)
         ->  Sort  (cost=2741995.58..2766995.43 rows=9999939 width=20) (actual time=8941.153..8950.332 rows=100000 loops=1)
               Sort Key: s_4.a, s_4.b, s_4.c, s_4.d, s_4.e
               Sort Method: external merge  Disk: 293608kB
               ->  Sort  (cost=1736519.69..1761519.54 rows=9999939 width=20) (actual time=3033.415..4002.526 rows=10000000 loops=1)
                     Sort Key: s_4.a, s_4.b, s_4.c, s_4.d
                     Sort Method: external merge  Disk: 293608kB
                     ->  Seq Scan on s_4  (cost=0.00..163694.39 rows=9999939 width=20) (actual time=0.033..634.405 rows=10000000 loops=1)
 Planning time: 0.244 ms
 Execution time: 9022.590 ms
(11 rows)

===== 129 [Wed Mar  7 08:26:20 CET 2018] scale:10000000 groups:100 work_mem:16MB incremental:on max_workers:0 =====
SELECT * FROM (SELECT * FROM s_1 ORDER BY a) foo ORDER BY a, b LIMIT 100000
                                                                QUERY PLAN                                                                
------------------------------------------------------------------------------------------------------------------------------------------
 Limit  (cost=1543644.71..1543644.71 rows=1 width=20) (actual time=1955.535..1955.535 rows=0 loops=1)
   ->  Limit  (cost=1540893.74..1542644.71 rows=100000 width=20) (actual time=1904.964..1952.710 rows=100000 loops=1)
         ->  Incremental Sort  (cost=1540893.74..1715989.28 rows=9999939 width=20) (actual time=1904.964..1947.283 rows=100000 loops=1)
               Sort Key: s_1.a, s_1.b
               Presorted Key: s_1.a
               Sort Method: quicksort  Memory: 10906kB
               Sort Groups: 2
               ->  Sort  (cost=1531440.69..1556440.54 rows=9999939 width=20) (actual time=1887.688..1902.266 rows=150242 loops=1)
                     Sort Key: s_1.a
                     Sort Method: external merge  Disk: 293904kB
                     ->  Seq Scan on s_1  (cost=0.00..163694.39 rows=9999939 width=20) (actual time=0.023..639.566 rows=10000000 loops=1)
 Planning time: 0.231 ms
 Execution time: 1989.856 ms
(13 rows)

===== 130 [Wed Mar  7 08:26:29 CET 2018] scale:10000000 groups:100 work_mem:16MB incremental:on max_workers:0 =====
SELECT * FROM (SELECT * FROM s_2 ORDER BY a, b) foo ORDER BY a, b, c LIMIT 100000
                                                                QUERY PLAN                                                                 
-------------------------------------------------------------------------------------------------------------------------------------------
 Limit  (cost=1534334.12..1534334.12 rows=1 width=20) (actual time=2067.814..2067.814 rows=0 loops=1)
   ->  Limit  (cost=1531520.50..1533334.12 rows=100000 width=20) (actual time=2019.118..2064.984 rows=100000 loops=1)
         ->  Incremental Sort  (cost=1531520.50..1712883.05 rows=10000054 width=20) (actual time=2019.117..2059.553 rows=100000 loops=1)
               Sort Key: s_2.a, s_2.b, s_2.c
               Presorted Key: s_2.a, s_2.b
               Sort Method: quicksort  Memory: 134kB
               Sort Groups: 152
               ->  Sort  (cost=1531459.54..1556459.68 rows=10000054 width=20) (actual time=2018.978..2028.494 rows=100611 loops=1)
                     Sort Key: s_2.a, s_2.b
                     Sort Method: external merge  Disk: 293904kB
                     ->  Seq Scan on s_2  (cost=0.00..163695.54 rows=10000054 width=20) (actual time=0.029..637.906 rows=10000000 loops=1)
 Planning time: 0.235 ms
 Execution time: 2101.505 ms
(13 rows)

===== 131 [Wed Mar  7 08:26:40 CET 2018] scale:10000000 groups:100 work_mem:16MB incremental:on max_workers:0 =====
SELECT * FROM (SELECT * FROM s_3 ORDER BY a, b, c) foo ORDER BY a, b, c, d LIMIT 100000
                                                                QUERY PLAN                                                                 
-------------------------------------------------------------------------------------------------------------------------------------------
 Limit  (cost=1534438.94..1534438.94 rows=1 width=20) (actual time=2212.739..2212.739 rows=0 loops=1)
   ->  Limit  (cost=1531459.83..1533438.94 rows=100000 width=20) (actual time=2168.259..2209.973 rows=100000 loops=1)
         ->  Incremental Sort  (cost=1531459.83..1729371.55 rows=10000054 width=20) (actual time=2168.259..2204.529 rows=100000 loops=1)
               Sort Key: s_3.a, s_3.b, s_3.c, s_3.d
               Presorted Key: s_3.a, s_3.b, s_3.c
               Sort Method: quicksort  Memory: 28kB
               Sort Groups: 2803
               ->  Sort  (cost=1531459.54..1556459.68 rows=10000054 width=20) (actual time=2168.200..2178.066 rows=100007 loops=1)
                     Sort Key: s_3.a, s_3.b, s_3.c
                     Sort Method: external merge  Disk: 293904kB
                     ->  Seq Scan on s_3  (cost=0.00..163695.54 rows=10000054 width=20) (actual time=0.031..637.138 rows=10000000 loops=1)
 Planning time: 0.238 ms
 Execution time: 2246.594 ms
(13 rows)

===== 132 [Wed Mar  7 08:26:51 CET 2018] scale:10000000 groups:100 work_mem:16MB incremental:on max_workers:0 =====
SELECT * FROM (SELECT * FROM s_4 ORDER BY a, b, c, d) foo ORDER BY a, b, c, d, e LIMIT 100000
                                                                QUERY PLAN                                                                
------------------------------------------------------------------------------------------------------------------------------------------
 Limit  (cost=1534420.09..1534420.09 rows=1 width=20) (actual time=2263.584..2263.584 rows=0 loops=1)
   ->  Limit  (cost=1531440.98..1533420.09 rows=100000 width=20) (actual time=2228.108..2260.827 rows=100000 loops=1)
         ->  Incremental Sort  (cost=1531440.98..1729350.47 rows=9999939 width=20) (actual time=2228.108..2255.370 rows=100000 loops=1)
               Sort Key: s_4.a, s_4.b, s_4.c, s_4.d, s_4.e
               Presorted Key: s_4.a, s_4.b, s_4.c, s_4.d
               Sort Method: quicksort  Memory: 27kB
               Sort Groups: 3122
               ->  Sort  (cost=1531440.69..1556440.54 rows=9999939 width=20) (actual time=2228.050..2237.925 rows=100008 loops=1)
                     Sort Key: s_4.a, s_4.b, s_4.c, s_4.d
                     Sort Method: external merge  Disk: 293904kB
                     ->  Seq Scan on s_4  (cost=0.00..163694.39 rows=9999939 width=20) (actual time=0.031..635.314 rows=10000000 loops=1)
 Planning time: 0.245 ms
 Execution time: 2297.314 ms
(13 rows)

===== 133 [Wed Mar  7 08:27:02 CET 2018] scale:10000000 groups:100 work_mem:16MB incremental:off max_workers:0 =====
SELECT * FROM (SELECT * FROM s_1 ORDER BY a) foo ORDER BY a, b LIMIT 100000
                                                                QUERY PLAN                                                                
------------------------------------------------------------------------------------------------------------------------------------------
 Limit  (cost=2538166.58..2538166.58 rows=1 width=20) (actual time=6080.185..6080.185 rows=0 loops=1)
   ->  Limit  (cost=2536916.58..2537166.58 rows=100000 width=20) (actual time=6062.720..6077.363 rows=100000 loops=1)
         ->  Sort  (cost=2536916.58..2561916.43 rows=9999939 width=20) (actual time=6062.719..6071.775 rows=100000 loops=1)
               Sort Key: s_1.a, s_1.b
               Sort Method: external merge  Disk: 293904kB
               ->  Sort  (cost=1531440.69..1556440.54 rows=9999939 width=20) (actual time=1885.436..2822.239 rows=10000000 loops=1)
                     Sort Key: s_1.a
                     Sort Method: external merge  Disk: 293904kB
                     ->  Seq Scan on s_1  (cost=0.00..163694.39 rows=9999939 width=20) (actual time=0.024..639.495 rows=10000000 loops=1)
 Planning time: 0.224 ms
 Execution time: 6142.540 ms
(11 rows)

===== 134 [Wed Mar  7 08:27:35 CET 2018] scale:10000000 groups:100 work_mem:16MB incremental:off max_workers:0 =====
SELECT * FROM (SELECT * FROM s_2 ORDER BY a, b) foo ORDER BY a, b, c LIMIT 100000
                                                                QUERY PLAN                                                                 
-------------------------------------------------------------------------------------------------------------------------------------------
 Limit  (cost=2538196.99..2538196.99 rows=1 width=20) (actual time=7182.147..7182.147 rows=0 loops=1)
   ->  Limit  (cost=2536946.99..2537196.99 rows=100000 width=20) (actual time=7164.519..7179.333 rows=100000 loops=1)
         ->  Sort  (cost=2536946.99..2561947.13 rows=10000054 width=20) (actual time=7164.518..7173.737 rows=100000 loops=1)
               Sort Key: s_2.a, s_2.b, s_2.c
               Sort Method: external merge  Disk: 293904kB
               ->  Sort  (cost=1531459.54..1556459.68 rows=10000054 width=20) (actual time=2016.176..2981.101 rows=10000000 loops=1)
                     Sort Key: s_2.a, s_2.b
                     Sort Method: external merge  Disk: 293904kB
                     ->  Seq Scan on s_2  (cost=0.00..163695.54 rows=10000054 width=20) (actual time=0.029..636.001 rows=10000000 loops=1)
 Planning time: 0.231 ms
 Execution time: 7244.322 ms
(11 rows)

===== 135 [Wed Mar  7 08:28:14 CET 2018] scale:10000000 groups:100 work_mem:16MB incremental:off max_workers:0 =====
SELECT * FROM (SELECT * FROM s_3 ORDER BY a, b, c) foo ORDER BY a, b, c, d LIMIT 100000
                                                                QUERY PLAN                                                                 
-------------------------------------------------------------------------------------------------------------------------------------------
 Limit  (cost=2538196.99..2538196.99 rows=1 width=20) (actual time=8104.142..8104.142 rows=0 loops=1)
   ->  Limit  (cost=2536946.99..2537196.99 rows=100000 width=20) (actual time=8086.579..8101.342 rows=100000 loops=1)
         ->  Sort  (cost=2536946.99..2561947.13 rows=10000054 width=20) (actual time=8086.578..8095.743 rows=100000 loops=1)
               Sort Key: s_3.a, s_3.b, s_3.c, s_3.d
               Sort Method: external merge  Disk: 293904kB
               ->  Sort  (cost=1531459.54..1556459.68 rows=10000054 width=20) (actual time=2169.402..3140.263 rows=10000000 loops=1)
                     Sort Key: s_3.a, s_3.b, s_3.c
                     Sort Method: external merge  Disk: 293904kB
                     ->  Seq Scan on s_3  (cost=0.00..163695.54 rows=10000054 width=20) (actual time=0.031..635.128 rows=10000000 loops=1)
 Planning time: 0.231 ms
 Execution time: 8166.585 ms
(11 rows)

===== 136 [Wed Mar  7 08:28:58 CET 2018] scale:10000000 groups:100 work_mem:16MB incremental:off max_workers:0 =====
SELECT * FROM (SELECT * FROM s_4 ORDER BY a, b, c, d) foo ORDER BY a, b, c, d, e LIMIT 100000
                                                                QUERY PLAN                                                                
------------------------------------------------------------------------------------------------------------------------------------------
 Limit  (cost=2538166.58..2538166.58 rows=1 width=20) (actual time=7494.289..7494.289 rows=0 loops=1)
   ->  Limit  (cost=2536916.58..2537166.58 rows=100000 width=20) (actual time=7476.769..7491.468 rows=100000 loops=1)
         ->  Sort  (cost=2536916.58..2561916.43 rows=9999939 width=20) (actual time=7476.768..7485.857 rows=100000 loops=1)
               Sort Key: s_4.a, s_4.b, s_4.c, s_4.d, s_4.e
               Sort Method: external merge  Disk: 293904kB
               ->  Sort  (cost=1531440.69..1556440.54 rows=9999939 width=20) (actual time=2226.101..3197.747 rows=10000000 loops=1)
                     Sort Key: s_4.a, s_4.b, s_4.c, s_4.d
                     Sort Method: external merge  Disk: 293904kB
                     ->  Seq Scan on s_4  (cost=0.00..163694.39 rows=9999939 width=20) (actual time=0.033..632.379 rows=10000000 loops=1)
 Planning time: 0.241 ms
 Execution time: 7556.935 ms
(11 rows)

===== 137 [Wed Mar  7 08:29:39 CET 2018] scale:10000000 groups:100 work_mem:32MB incremental:on max_workers:0 =====
SELECT * FROM (SELECT * FROM s_1 ORDER BY a) foo ORDER BY a, b LIMIT 100000
                                                                QUERY PLAN                                                                
------------------------------------------------------------------------------------------------------------------------------------------
 Limit  (cost=1543644.71..1543644.71 rows=1 width=20) (actual time=1939.643..1939.643 rows=0 loops=1)
   ->  Limit  (cost=1540893.74..1542644.71 rows=100000 width=20) (actual time=1888.960..1936.903 rows=100000 loops=1)
         ->  Incremental Sort  (cost=1540893.74..1715989.28 rows=9999939 width=20) (actual time=1888.960..1931.436 rows=100000 loops=1)
               Sort Key: s_1.a, s_1.b
               Presorted Key: s_1.a
               Sort Method: quicksort  Memory: 10906kB
               Sort Groups: 2
               ->  Sort  (cost=1531440.69..1556440.54 rows=9999939 width=20) (actual time=1871.527..1886.060 rows=150242 loops=1)
                     Sort Key: s_1.a
                     Sort Method: external merge  Disk: 293576kB
                     ->  Seq Scan on s_1  (cost=0.00..163694.39 rows=9999939 width=20) (actual time=0.024..638.546 rows=10000000 loops=1)
 Planning time: 0.227 ms
 Execution time: 1973.530 ms
(13 rows)

===== 138 [Wed Mar  7 08:29:49 CET 2018] scale:10000000 groups:100 work_mem:32MB incremental:on max_workers:0 =====
SELECT * FROM (SELECT * FROM s_2 ORDER BY a, b) foo ORDER BY a, b, c LIMIT 100000
                                                                QUERY PLAN                                                                 
-------------------------------------------------------------------------------------------------------------------------------------------
 Limit  (cost=1534334.12..1534334.12 rows=1 width=20) (actual time=2034.944..2034.944 rows=0 loops=1)
   ->  Limit  (cost=1531520.50..1533334.12 rows=100000 width=20) (actual time=1986.070..2032.227 rows=100000 loops=1)
         ->  Incremental Sort  (cost=1531520.50..1712883.05 rows=10000054 width=20) (actual time=1986.070..2026.742 rows=100000 loops=1)
               Sort Key: s_2.a, s_2.b, s_2.c
               Presorted Key: s_2.a, s_2.b
               Sort Method: quicksort  Memory: 134kB
               Sort Groups: 152
               ->  Sort  (cost=1531459.54..1556459.68 rows=10000054 width=20) (actual time=1985.922..1995.496 rows=100611 loops=1)
                     Sort Key: s_2.a, s_2.b
                     Sort Method: external merge  Disk: 293576kB
                     ->  Seq Scan on s_2  (cost=0.00..163695.54 rows=10000054 width=20) (actual time=0.028..635.266 rows=10000000 loops=1)
 Planning time: 0.235 ms
 Execution time: 2067.850 ms
(13 rows)

===== 139 [Wed Mar  7 08:29:59 CET 2018] scale:10000000 groups:100 work_mem:32MB incremental:on max_workers:0 =====
SELECT * FROM (SELECT * FROM s_3 ORDER BY a, b, c) foo ORDER BY a, b, c, d LIMIT 100000
                                                                QUERY PLAN                                                                 
-------------------------------------------------------------------------------------------------------------------------------------------
 Limit  (cost=1534438.94..1534438.94 rows=1 width=20) (actual time=2178.250..2178.250 rows=0 loops=1)
   ->  Limit  (cost=1531459.83..1533438.94 rows=100000 width=20) (actual time=2133.493..2175.427 rows=100000 loops=1)
         ->  Incremental Sort  (cost=1531459.83..1729371.55 rows=10000054 width=20) (actual time=2133.493..2169.974 rows=100000 loops=1)
               Sort Key: s_3.a, s_3.b, s_3.c, s_3.d
               Presorted Key: s_3.a, s_3.b, s_3.c
               Sort Method: quicksort  Memory: 28kB
               Sort Groups: 2803
               ->  Sort  (cost=1531459.54..1556459.68 rows=10000054 width=20) (actual time=2133.438..2143.345 rows=100007 loops=1)
                     Sort Key: s_3.a, s_3.b, s_3.c
                     Sort Method: external merge  Disk: 293576kB
                     ->  Seq Scan on s_3  (cost=0.00..163695.54 rows=10000054 width=20) (actual time=0.032..636.486 rows=10000000 loops=1)
 Planning time: 0.242 ms
 Execution time: 2211.525 ms
(13 rows)

===== 140 [Wed Mar  7 08:30:10 CET 2018] scale:10000000 groups:100 work_mem:32MB incremental:on max_workers:0 =====
SELECT * FROM (SELECT * FROM s_4 ORDER BY a, b, c, d) foo ORDER BY a, b, c, d, e LIMIT 100000
                                                                QUERY PLAN                                                                
------------------------------------------------------------------------------------------------------------------------------------------
 Limit  (cost=1534420.09..1534420.09 rows=1 width=20) (actual time=2219.650..2219.650 rows=0 loops=1)
   ->  Limit  (cost=1531440.98..1533420.09 rows=100000 width=20) (actual time=2183.970..2216.825 rows=100000 loops=1)
         ->  Incremental Sort  (cost=1531440.98..1729350.47 rows=9999939 width=20) (actual time=2183.969..2211.373 rows=100000 loops=1)
               Sort Key: s_4.a, s_4.b, s_4.c, s_4.d, s_4.e
               Presorted Key: s_4.a, s_4.b, s_4.c, s_4.d
               Sort Method: quicksort  Memory: 27kB
               Sort Groups: 3122
               ->  Sort  (cost=1531440.69..1556440.54 rows=9999939 width=20) (actual time=2183.913..2193.822 rows=100008 loops=1)
                     Sort Key: s_4.a, s_4.b, s_4.c, s_4.d
                     Sort Method: external merge  Disk: 293576kB
                     ->  Seq Scan on s_4  (cost=0.00..163694.39 rows=9999939 width=20) (actual time=0.031..633.561 rows=10000000 loops=1)
 Planning time: 0.246 ms
 Execution time: 2252.856 ms
(13 rows)

===== 141 [Wed Mar  7 08:30:21 CET 2018] scale:10000000 groups:100 work_mem:32MB incremental:off max_workers:0 =====
SELECT * FROM (SELECT * FROM s_1 ORDER BY a) foo ORDER BY a, b LIMIT 100000
                                                                QUERY PLAN                                                                
------------------------------------------------------------------------------------------------------------------------------------------
 Limit  (cost=2538166.58..2538166.58 rows=1 width=20) (actual time=3517.396..3517.396 rows=0 loops=1)
   ->  Limit  (cost=2536916.58..2537166.58 rows=100000 width=20) (actual time=3501.792..3514.650 rows=100000 loops=1)
         ->  Sort  (cost=2536916.58..2561916.43 rows=9999939 width=20) (actual time=3501.791..3509.173 rows=100000 loops=1)
               Sort Key: s_1.a, s_1.b
               Sort Method: top-N heapsort  Memory: 16650kB
               ->  Sort  (cost=1531440.69..1556440.54 rows=9999939 width=20) (actual time=1862.343..2798.716 rows=10000000 loops=1)
                     Sort Key: s_1.a
                     Sort Method: external merge  Disk: 293576kB
                     ->  Seq Scan on s_1  (cost=0.00..163694.39 rows=9999939 width=20) (actual time=0.024..638.546 rows=10000000 loops=1)
 Planning time: 0.224 ms
 Execution time: 3551.911 ms
(11 rows)

===== 142 [Wed Mar  7 08:30:38 CET 2018] scale:10000000 groups:100 work_mem:32MB incremental:off max_workers:0 =====
SELECT * FROM (SELECT * FROM s_2 ORDER BY a, b) foo ORDER BY a, b, c LIMIT 100000
                                                                QUERY PLAN                                                                 
-------------------------------------------------------------------------------------------------------------------------------------------
 Limit  (cost=2538196.99..2538196.99 rows=1 width=20) (actual time=3631.305..3631.305 rows=0 loops=1)
   ->  Limit  (cost=2536946.99..2537196.99 rows=100000 width=20) (actual time=3617.815..3628.566 rows=100000 loops=1)
         ->  Sort  (cost=2536946.99..2561947.13 rows=10000054 width=20) (actual time=3617.814..3623.093 rows=100000 loops=1)
               Sort Key: s_2.a, s_2.b, s_2.c
               Sort Method: top-N heapsort  Memory: 13985kB
               ->  Sort  (cost=1531459.54..1556459.68 rows=10000054 width=20) (actual time=1991.035..2939.795 rows=10000000 loops=1)
                     Sort Key: s_2.a, s_2.b
                     Sort Method: external merge  Disk: 293576kB
                     ->  Seq Scan on s_2  (cost=0.00..163695.54 rows=10000054 width=20) (actual time=0.028..635.629 rows=10000000 loops=1)
 Planning time: 0.226 ms
 Execution time: 3665.685 ms
(11 rows)

===== 143 [Wed Mar  7 08:30:55 CET 2018] scale:10000000 groups:100 work_mem:32MB incremental:off max_workers:0 =====
SELECT * FROM (SELECT * FROM s_3 ORDER BY a, b, c) foo ORDER BY a, b, c, d LIMIT 100000
                                                                QUERY PLAN                                                                 
-------------------------------------------------------------------------------------------------------------------------------------------
 Limit  (cost=2538196.99..2538196.99 rows=1 width=20) (actual time=3903.485..3903.485 rows=0 loops=1)
   ->  Limit  (cost=2536946.99..2537196.99 rows=100000 width=20) (actual time=3891.050..3900.813 rows=100000 loops=1)
         ->  Sort  (cost=2536946.99..2561947.13 rows=10000054 width=20) (actual time=3891.049..3895.394 rows=100000 loops=1)
               Sort Key: s_3.a, s_3.b, s_3.c, s_3.d
               Sort Method: top-N heapsort  Memory: 13957kB
               ->  Sort  (cost=1531459.54..1556459.68 rows=10000054 width=20) (actual time=2132.624..3142.936 rows=10000000 loops=1)
                     Sort Key: s_3.a, s_3.b, s_3.c
                     Sort Method: external merge  Disk: 293576kB
                     ->  Seq Scan on s_3  (cost=0.00..163695.54 rows=10000054 width=20) (actual time=0.031..634.674 rows=10000000 loops=1)
 Planning time: 0.230 ms
 Execution time: 3938.006 ms
(11 rows)

===== 144 [Wed Mar  7 08:31:14 CET 2018] scale:10000000 groups:100 work_mem:32MB incremental:off max_workers:0 =====
SELECT * FROM (SELECT * FROM s_4 ORDER BY a, b, c, d) foo ORDER BY a, b, c, d, e LIMIT 100000
                                                                QUERY PLAN                                                                
------------------------------------------------------------------------------------------------------------------------------------------
 Limit  (cost=2538166.58..2538166.58 rows=1 width=20) (actual time=3970.331..3970.331 rows=0 loops=1)
   ->  Limit  (cost=2536916.58..2537166.58 rows=100000 width=20) (actual time=3958.127..3967.589 rows=100000 loops=1)
         ->  Sort  (cost=2536916.58..2561916.43 rows=9999939 width=20) (actual time=3958.126..3962.146 rows=100000 loops=1)
               Sort Key: s_4.a, s_4.b, s_4.c, s_4.d, s_4.e
               Sort Method: top-N heapsort  Memory: 13957kB
               ->  Sort  (cost=1531440.69..1556440.54 rows=9999939 width=20) (actual time=2196.566..3206.532 rows=10000000 loops=1)
                     Sort Key: s_4.a, s_4.b, s_4.c, s_4.d
                     Sort Method: external merge  Disk: 293576kB
                     ->  Seq Scan on s_4  (cost=0.00..163694.39 rows=9999939 width=20) (actual time=0.031..632.083 rows=10000000 loops=1)
 Planning time: 0.235 ms
 Execution time: 4004.833 ms
(11 rows)

===== 145 [Wed Mar  7 08:31:32 CET 2018] scale:10000000 groups:100 work_mem:64MB incremental:on max_workers:0 =====
SELECT * FROM (SELECT * FROM s_1 ORDER BY a) foo ORDER BY a, b LIMIT 100000
                                                                QUERY PLAN                                                                
------------------------------------------------------------------------------------------------------------------------------------------
 Limit  (cost=1543644.71..1543644.71 rows=1 width=20) (actual time=1957.541..1957.541 rows=0 loops=1)
   ->  Limit  (cost=1540893.74..1542644.71 rows=100000 width=20) (actual time=1906.261..1954.791 rows=100000 loops=1)
         ->  Incremental Sort  (cost=1540893.74..1715989.28 rows=9999939 width=20) (actual time=1906.260..1949.321 rows=100000 loops=1)
               Sort Key: s_1.a, s_1.b
               Presorted Key: s_1.a
               Sort Method: quicksort  Memory: 10906kB
               Sort Groups: 2
               ->  Sort  (cost=1531440.69..1556440.54 rows=9999939 width=20) (actual time=1889.820..1904.480 rows=150242 loops=1)
                     Sort Key: s_1.a
                     Sort Method: external merge  Disk: 293648kB
                     ->  Seq Scan on s_1  (cost=0.00..163694.39 rows=9999939 width=20) (actual time=0.024..638.710 rows=10000000 loops=1)
 Planning time: 0.236 ms
 Execution time: 1991.637 ms
(13 rows)

===== 146 [Wed Mar  7 08:31:42 CET 2018] scale:10000000 groups:100 work_mem:64MB incremental:on max_workers:0 =====
SELECT * FROM (SELECT * FROM s_2 ORDER BY a, b) foo ORDER BY a, b, c LIMIT 100000
                                                                QUERY PLAN                                                                 
-------------------------------------------------------------------------------------------------------------------------------------------
 Limit  (cost=1534334.12..1534334.12 rows=1 width=20) (actual time=2067.993..2067.993 rows=0 loops=1)
   ->  Limit  (cost=1531520.50..1533334.12 rows=100000 width=20) (actual time=2019.934..2065.273 rows=100000 loops=1)
         ->  Incremental Sort  (cost=1531520.50..1712883.05 rows=10000054 width=20) (actual time=2019.934..2059.800 rows=100000 loops=1)
               Sort Key: s_2.a, s_2.b, s_2.c
               Presorted Key: s_2.a, s_2.b
               Sort Method: quicksort  Memory: 134kB
               Sort Groups: 152
               ->  Sort  (cost=1531459.54..1556459.68 rows=10000054 width=20) (actual time=2019.793..2028.644 rows=100611 loops=1)
                     Sort Key: s_2.a, s_2.b
                     Sort Method: external merge  Disk: 293648kB
                     ->  Seq Scan on s_2  (cost=0.00..163695.54 rows=10000054 width=20) (actual time=0.027..635.929 rows=10000000 loops=1)
 Planning time: 0.232 ms
 Execution time: 2100.936 ms
(13 rows)

===== 147 [Wed Mar  7 08:31:53 CET 2018] scale:10000000 groups:100 work_mem:64MB incremental:on max_workers:0 =====
SELECT * FROM (SELECT * FROM s_3 ORDER BY a, b, c) foo ORDER BY a, b, c, d LIMIT 100000
                                                                QUERY PLAN                                                                 
-------------------------------------------------------------------------------------------------------------------------------------------
 Limit  (cost=1534438.94..1534438.94 rows=1 width=20) (actual time=2208.904..2208.904 rows=0 loops=1)
   ->  Limit  (cost=1531459.83..1533438.94 rows=100000 width=20) (actual time=2164.923..2206.077 rows=100000 loops=1)
         ->  Incremental Sort  (cost=1531459.83..1729371.55 rows=10000054 width=20) (actual time=2164.923..2200.629 rows=100000 loops=1)
               Sort Key: s_3.a, s_3.b, s_3.c, s_3.d
               Presorted Key: s_3.a, s_3.b, s_3.c
               Sort Method: quicksort  Memory: 28kB
               Sort Groups: 2803
               ->  Sort  (cost=1531459.54..1556459.68 rows=10000054 width=20) (actual time=2164.866..2174.053 rows=100007 loops=1)
                     Sort Key: s_3.a, s_3.b, s_3.c
                     Sort Method: external merge  Disk: 293648kB
                     ->  Seq Scan on s_3  (cost=0.00..163695.54 rows=10000054 width=20) (actual time=0.032..638.018 rows=10000000 loops=1)
 Planning time: 0.248 ms
 Execution time: 2244.707 ms
(13 rows)

===== 148 [Wed Mar  7 08:32:04 CET 2018] scale:10000000 groups:100 work_mem:64MB incremental:on max_workers:0 =====
SELECT * FROM (SELECT * FROM s_4 ORDER BY a, b, c, d) foo ORDER BY a, b, c, d, e LIMIT 100000
                                                                QUERY PLAN                                                                
------------------------------------------------------------------------------------------------------------------------------------------
 Limit  (cost=1534420.09..1534420.09 rows=1 width=20) (actual time=2259.027..2259.027 rows=0 loops=1)
   ->  Limit  (cost=1531440.98..1533420.09 rows=100000 width=20) (actual time=2224.116..2256.203 rows=100000 loops=1)
         ->  Incremental Sort  (cost=1531440.98..1729350.47 rows=9999939 width=20) (actual time=2224.116..2250.741 rows=100000 loops=1)
               Sort Key: s_4.a, s_4.b, s_4.c, s_4.d, s_4.e
               Presorted Key: s_4.a, s_4.b, s_4.c, s_4.d
               Sort Method: quicksort  Memory: 27kB
               Sort Groups: 3122
               ->  Sort  (cost=1531440.69..1556440.54 rows=9999939 width=20) (actual time=2224.059..2233.264 rows=100008 loops=1)
                     Sort Key: s_4.a, s_4.b, s_4.c, s_4.d
                     Sort Method: external merge  Disk: 293648kB
                     ->  Seq Scan on s_4  (cost=0.00..163694.39 rows=9999939 width=20) (actual time=0.032..635.228 rows=10000000 loops=1)
 Planning time: 0.248 ms
 Execution time: 2294.883 ms
(13 rows)

===== 149 [Wed Mar  7 08:32:15 CET 2018] scale:10000000 groups:100 work_mem:64MB incremental:off max_workers:0 =====
SELECT * FROM (SELECT * FROM s_1 ORDER BY a) foo ORDER BY a, b LIMIT 100000
                                                                QUERY PLAN                                                                
------------------------------------------------------------------------------------------------------------------------------------------
 Limit  (cost=2538166.58..2538166.58 rows=1 width=20) (actual time=3567.715..3567.715 rows=0 loops=1)
   ->  Limit  (cost=2536916.58..2537166.58 rows=100000 width=20) (actual time=3552.109..3564.968 rows=100000 loops=1)
         ->  Sort  (cost=2536916.58..2561916.43 rows=9999939 width=20) (actual time=3552.108..3559.490 rows=100000 loops=1)
               Sort Key: s_1.a, s_1.b
               Sort Method: top-N heapsort  Memory: 16650kB
               ->  Sort  (cost=1531440.69..1556440.54 rows=9999939 width=20) (actual time=1882.937..2822.781 rows=10000000 loops=1)
                     Sort Key: s_1.a
                     Sort Method: external merge  Disk: 293648kB
                     ->  Seq Scan on s_1  (cost=0.00..163694.39 rows=9999939 width=20) (actual time=0.023..639.043 rows=10000000 loops=1)
 Planning time: 0.224 ms
 Execution time: 3604.423 ms
(11 rows)

===== 150 [Wed Mar  7 08:32:32 CET 2018] scale:10000000 groups:100 work_mem:64MB incremental:off max_workers:0 =====
SELECT * FROM (SELECT * FROM s_2 ORDER BY a, b) foo ORDER BY a, b, c LIMIT 100000
                                                                QUERY PLAN                                                                 
-------------------------------------------------------------------------------------------------------------------------------------------
 Limit  (cost=2538196.99..2538196.99 rows=1 width=20) (actual time=3677.890..3677.890 rows=0 loops=1)
   ->  Limit  (cost=2536946.99..2537196.99 rows=100000 width=20) (actual time=3664.379..3675.152 rows=100000 loops=1)
         ->  Sort  (cost=2536946.99..2561947.13 rows=10000054 width=20) (actual time=3664.379..3669.665 rows=100000 loops=1)
               Sort Key: s_2.a, s_2.b, s_2.c
               Sort Method: top-N heapsort  Memory: 13985kB
               ->  Sort  (cost=1531459.54..1556459.68 rows=10000054 width=20) (actual time=2011.480..2960.341 rows=10000000 loops=1)
                     Sort Key: s_2.a, s_2.b
                     Sort Method: external merge  Disk: 293648kB
                     ->  Seq Scan on s_2  (cost=0.00..163695.54 rows=10000054 width=20) (actual time=0.027..637.540 rows=10000000 loops=1)
 Planning time: 0.225 ms
 Execution time: 3714.464 ms
(11 rows)

===== 151 [Wed Mar  7 08:32:50 CET 2018] scale:10000000 groups:100 work_mem:64MB incremental:off max_workers:0 =====
SELECT * FROM (SELECT * FROM s_3 ORDER BY a, b, c) foo ORDER BY a, b, c, d LIMIT 100000
                                                                QUERY PLAN                                                                 
-------------------------------------------------------------------------------------------------------------------------------------------
 Limit  (cost=2538196.99..2538196.99 rows=1 width=20) (actual time=3975.600..3975.600 rows=0 loops=1)
   ->  Limit  (cost=2536946.99..2537196.99 rows=100000 width=20) (actual time=3963.032..3972.843 rows=100000 loops=1)
         ->  Sort  (cost=2536946.99..2561947.13 rows=10000054 width=20) (actual time=3963.032..3967.397 rows=100000 loops=1)
               Sort Key: s_3.a, s_3.b, s_3.c, s_3.d
               Sort Method: top-N heapsort  Memory: 13957kB
               ->  Sort  (cost=1531459.54..1556459.68 rows=10000054 width=20) (actual time=2163.810..3188.835 rows=10000000 loops=1)
                     Sort Key: s_3.a, s_3.b, s_3.c
                     Sort Method: external merge  Disk: 293648kB
                     ->  Seq Scan on s_3  (cost=0.00..163695.54 rows=10000054 width=20) (actual time=0.031..635.780 rows=10000000 loops=1)
 Planning time: 0.230 ms
 Execution time: 4012.398 ms
(11 rows)

===== 152 [Wed Mar  7 08:33:09 CET 2018] scale:10000000 groups:100 work_mem:64MB incremental:off max_workers:0 =====
SELECT * FROM (SELECT * FROM s_4 ORDER BY a, b, c, d) foo ORDER BY a, b, c, d, e LIMIT 100000
                                                                QUERY PLAN                                                                
------------------------------------------------------------------------------------------------------------------------------------------
 Limit  (cost=2538166.58..2538166.58 rows=1 width=20) (actual time=4037.251..4037.251 rows=0 loops=1)
   ->  Limit  (cost=2536916.58..2537166.58 rows=100000 width=20) (actual time=4025.032..4034.496 rows=100000 loops=1)
         ->  Sort  (cost=2536916.58..2561916.43 rows=9999939 width=20) (actual time=4025.031..4029.057 rows=100000 loops=1)
               Sort Key: s_4.a, s_4.b, s_4.c, s_4.d, s_4.e
               Sort Method: top-N heapsort  Memory: 13957kB
               ->  Sort  (cost=1531440.69..1556440.54 rows=9999939 width=20) (actual time=2222.087..3246.999 rows=10000000 loops=1)
                     Sort Key: s_4.a, s_4.b, s_4.c, s_4.d
                     Sort Method: external merge  Disk: 293648kB
                     ->  Seq Scan on s_4  (cost=0.00..163694.39 rows=9999939 width=20) (actual time=0.032..633.736 rows=10000000 loops=1)
 Planning time: 0.241 ms
 Execution time: 4074.017 ms
(11 rows)

===== 153 [Wed Mar  7 08:33:28 CET 2018] scale:10000000 groups:100 work_mem:128MB incremental:on max_workers:0 =====
SELECT * FROM (SELECT * FROM s_1 ORDER BY a) foo ORDER BY a, b LIMIT 100000
                                                                QUERY PLAN                                                                
------------------------------------------------------------------------------------------------------------------------------------------
 Limit  (cost=1543644.71..1543644.71 rows=1 width=20) (actual time=2084.883..2084.883 rows=0 loops=1)
   ->  Limit  (cost=1540893.74..1542644.71 rows=100000 width=20) (actual time=2035.626..2082.139 rows=100000 loops=1)
         ->  Incremental Sort  (cost=1540893.74..1715989.28 rows=9999939 width=20) (actual time=2035.626..2076.658 rows=100000 loops=1)
               Sort Key: s_1.a, s_1.b
               Presorted Key: s_1.a
               Sort Method: quicksort  Memory: 10906kB
               Sort Groups: 2
               ->  Sort  (cost=1531440.69..1556440.54 rows=9999939 width=20) (actual time=2020.653..2033.990 rows=150242 loops=1)
                     Sort Key: s_1.a
                     Sort Method: external merge  Disk: 293568kB
                     ->  Seq Scan on s_1  (cost=0.00..163694.39 rows=9999939 width=20) (actual time=0.023..638.593 rows=10000000 loops=1)
 Planning time: 0.226 ms
 Execution time: 2122.937 ms
(13 rows)

===== 154 [Wed Mar  7 08:33:38 CET 2018] scale:10000000 groups:100 work_mem:128MB incremental:on max_workers:0 =====
SELECT * FROM (SELECT * FROM s_2 ORDER BY a, b) foo ORDER BY a, b, c LIMIT 100000
                                                                QUERY PLAN                                                                 
-------------------------------------------------------------------------------------------------------------------------------------------
 Limit  (cost=1534334.12..1534334.12 rows=1 width=20) (actual time=2201.936..2201.936 rows=0 loops=1)
   ->  Limit  (cost=1531520.50..1533334.12 rows=100000 width=20) (actual time=2153.788..2199.217 rows=100000 loops=1)
         ->  Incremental Sort  (cost=1531520.50..1712883.05 rows=10000054 width=20) (actual time=2153.788..2193.737 rows=100000 loops=1)
               Sort Key: s_2.a, s_2.b, s_2.c
               Presorted Key: s_2.a, s_2.b
               Sort Method: quicksort  Memory: 134kB
               Sort Groups: 152
               ->  Sort  (cost=1531459.54..1556459.68 rows=10000054 width=20) (actual time=2153.648..2162.619 rows=100611 loops=1)
                     Sort Key: s_2.a, s_2.b
                     Sort Method: external merge  Disk: 293568kB
                     ->  Seq Scan on s_2  (cost=0.00..163695.54 rows=10000054 width=20) (actual time=0.028..636.787 rows=10000000 loops=1)
 Planning time: 0.233 ms
 Execution time: 2239.877 ms
(13 rows)

===== 155 [Wed Mar  7 08:33:49 CET 2018] scale:10000000 groups:100 work_mem:128MB incremental:on max_workers:0 =====
SELECT * FROM (SELECT * FROM s_3 ORDER BY a, b, c) foo ORDER BY a, b, c, d LIMIT 100000
                                                                QUERY PLAN                                                                 
-------------------------------------------------------------------------------------------------------------------------------------------
 Limit  (cost=1534438.94..1534438.94 rows=1 width=20) (actual time=2272.994..2272.994 rows=0 loops=1)
   ->  Limit  (cost=1531459.83..1533438.94 rows=100000 width=20) (actual time=2228.992..2270.167 rows=100000 loops=1)
         ->  Incremental Sort  (cost=1531459.83..1729371.55 rows=10000054 width=20) (actual time=2228.991..2264.719 rows=100000 loops=1)
               Sort Key: s_3.a, s_3.b, s_3.c, s_3.d
               Presorted Key: s_3.a, s_3.b, s_3.c
               Sort Method: quicksort  Memory: 28kB
               Sort Groups: 2803
               ->  Sort  (cost=1531459.54..1556459.68 rows=10000054 width=20) (actual time=2228.936..2238.139 rows=100007 loops=1)
                     Sort Key: s_3.a, s_3.b, s_3.c
                     Sort Method: external merge  Disk: 293568kB
                     ->  Seq Scan on s_3  (cost=0.00..163695.54 rows=10000054 width=20) (actual time=0.028..643.040 rows=10000000 loops=1)
 Planning time: 0.242 ms
 Execution time: 2311.036 ms
(13 rows)

===== 156 [Wed Mar  7 08:34:00 CET 2018] scale:10000000 groups:100 work_mem:128MB incremental:on max_workers:0 =====
SELECT * FROM (SELECT * FROM s_4 ORDER BY a, b, c, d) foo ORDER BY a, b, c, d, e LIMIT 100000
                                                                QUERY PLAN                                                                
------------------------------------------------------------------------------------------------------------------------------------------
 Limit  (cost=1534420.09..1534420.09 rows=1 width=20) (actual time=2319.754..2319.754 rows=0 loops=1)
   ->  Limit  (cost=1531440.98..1533420.09 rows=100000 width=20) (actual time=2284.832..2316.931 rows=100000 loops=1)
         ->  Incremental Sort  (cost=1531440.98..1729350.47 rows=9999939 width=20) (actual time=2284.832..2311.480 rows=100000 loops=1)
               Sort Key: s_4.a, s_4.b, s_4.c, s_4.d, s_4.e
               Presorted Key: s_4.a, s_4.b, s_4.c, s_4.d
               Sort Method: quicksort  Memory: 27kB
               Sort Groups: 3122
               ->  Sort  (cost=1531440.69..1556440.54 rows=9999939 width=20) (actual time=2284.775..2293.980 rows=100008 loops=1)
                     Sort Key: s_4.a, s_4.b, s_4.c, s_4.d
                     Sort Method: external merge  Disk: 293568kB
                     ->  Seq Scan on s_4  (cost=0.00..163694.39 rows=9999939 width=20) (actual time=0.032..638.812 rows=10000000 loops=1)
 Planning time: 0.257 ms
 Execution time: 2357.612 ms
(13 rows)

===== 157 [Wed Mar  7 08:34:12 CET 2018] scale:10000000 groups:100 work_mem:128MB incremental:off max_workers:0 =====
SELECT * FROM (SELECT * FROM s_1 ORDER BY a) foo ORDER BY a, b LIMIT 100000
                                                                QUERY PLAN                                                                
------------------------------------------------------------------------------------------------------------------------------------------
 Limit  (cost=2538166.58..2538166.58 rows=1 width=20) (actual time=3673.456..3673.456 rows=0 loops=1)
   ->  Limit  (cost=2536916.58..2537166.58 rows=100000 width=20) (actual time=3657.836..3670.730 rows=100000 loops=1)
         ->  Sort  (cost=2536916.58..2561916.43 rows=9999939 width=20) (actual time=3657.835..3665.268 rows=100000 loops=1)
               Sort Key: s_1.a, s_1.b
               Sort Method: top-N heapsort  Memory: 16650kB
               ->  Sort  (cost=1531440.69..1556440.54 rows=9999939 width=20) (actual time=2017.863..2958.177 rows=10000000 loops=1)
                     Sort Key: s_1.a
                     Sort Method: external merge  Disk: 293568kB
                     ->  Seq Scan on s_1  (cost=0.00..163694.39 rows=9999939 width=20) (actual time=0.023..637.195 rows=10000000 loops=1)
 Planning time: 0.228 ms
 Execution time: 3712.002 ms
(11 rows)

===== 158 [Wed Mar  7 08:34:29 CET 2018] scale:10000000 groups:100 work_mem:128MB incremental:off max_workers:0 =====
SELECT * FROM (SELECT * FROM s_2 ORDER BY a, b) foo ORDER BY a, b, c LIMIT 100000
                                                                QUERY PLAN                                                                 
-------------------------------------------------------------------------------------------------------------------------------------------
 Limit  (cost=2538196.99..2538196.99 rows=1 width=20) (actual time=3777.481..3777.481 rows=0 loops=1)
   ->  Limit  (cost=2536946.99..2537196.99 rows=100000 width=20) (actual time=3763.951..3774.738 rows=100000 loops=1)
         ->  Sort  (cost=2536946.99..2561947.13 rows=10000054 width=20) (actual time=3763.950..3769.262 rows=100000 loops=1)
               Sort Key: s_2.a, s_2.b, s_2.c
               Sort Method: top-N heapsort  Memory: 13985kB
               ->  Sort  (cost=1531459.54..1556459.68 rows=10000054 width=20) (actual time=2146.458..3089.376 rows=10000000 loops=1)
                     Sort Key: s_2.a, s_2.b
                     Sort Method: external merge  Disk: 293568kB
                     ->  Seq Scan on s_2  (cost=0.00..163695.54 rows=10000054 width=20) (actual time=0.033..634.892 rows=10000000 loops=1)
 Planning time: 0.232 ms
 Execution time: 3816.107 ms
(11 rows)

===== 159 [Wed Mar  7 08:34:47 CET 2018] scale:10000000 groups:100 work_mem:128MB incremental:off max_workers:0 =====
SELECT * FROM (SELECT * FROM s_3 ORDER BY a, b, c) foo ORDER BY a, b, c, d LIMIT 100000
                                                                QUERY PLAN                                                                 
-------------------------------------------------------------------------------------------------------------------------------------------
 Limit  (cost=2538196.99..2538196.99 rows=1 width=20) (actual time=3989.332..3989.332 rows=0 loops=1)
   ->  Limit  (cost=2536946.99..2537196.99 rows=100000 width=20) (actual time=3976.791..3986.588 rows=100000 loops=1)
         ->  Sort  (cost=2536946.99..2561947.13 rows=10000054 width=20) (actual time=3976.790..3981.135 rows=100000 loops=1)
               Sort Key: s_3.a, s_3.b, s_3.c, s_3.d
               Sort Method: top-N heapsort  Memory: 13957kB
               ->  Sort  (cost=1531459.54..1556459.68 rows=10000054 width=20) (actual time=2225.706..3235.277 rows=10000000 loops=1)
                     Sort Key: s_3.a, s_3.b, s_3.c
                     Sort Method: external merge  Disk: 293568kB
                     ->  Seq Scan on s_3  (cost=0.00..163695.54 rows=10000054 width=20) (actual time=0.028..639.508 rows=10000000 loops=1)
 Planning time: 0.227 ms
 Execution time: 4027.696 ms
(11 rows)

===== 160 [Wed Mar  7 08:35:06 CET 2018] scale:10000000 groups:100 work_mem:128MB incremental:off max_workers:0 =====
SELECT * FROM (SELECT * FROM s_4 ORDER BY a, b, c, d) foo ORDER BY a, b, c, d, e LIMIT 100000
                                                                QUERY PLAN                                                                
------------------------------------------------------------------------------------------------------------------------------------------
 Limit  (cost=2538166.58..2538166.58 rows=1 width=20) (actual time=4055.750..4055.750 rows=0 loops=1)
   ->  Limit  (cost=2536916.58..2537166.58 rows=100000 width=20) (actual time=4043.523..4052.993 rows=100000 loops=1)
         ->  Sort  (cost=2536916.58..2561916.43 rows=9999939 width=20) (actual time=4043.522..4047.548 rows=100000 loops=1)
               Sort Key: s_4.a, s_4.b, s_4.c, s_4.d, s_4.e
               Sort Method: top-N heapsort  Memory: 13957kB
               ->  Sort  (cost=1531440.69..1556440.54 rows=9999939 width=20) (actual time=2287.362..3298.343 rows=10000000 loops=1)
                     Sort Key: s_4.a, s_4.b, s_4.c, s_4.d
                     Sort Method: external merge  Disk: 293568kB
                     ->  Seq Scan on s_4  (cost=0.00..163694.39 rows=9999939 width=20) (actual time=0.030..637.515 rows=10000000 loops=1)
 Planning time: 0.239 ms
 Execution time: 4094.150 ms
(11 rows)

===== 161 [Wed Mar  7 08:35:26 CET 2018] scale:10000000 groups:100 work_mem:256MB incremental:on max_workers:0 =====
SELECT * FROM (SELECT * FROM s_1 ORDER BY a) foo ORDER BY a, b LIMIT 100000
                                                                QUERY PLAN                                                                
------------------------------------------------------------------------------------------------------------------------------------------
 Limit  (cost=1543644.71..1543644.71 rows=1 width=20) (actual time=2214.948..2214.948 rows=0 loops=1)
   ->  Limit  (cost=1540893.74..1542644.71 rows=100000 width=20) (actual time=2164.859..2212.201 rows=100000 loops=1)
         ->  Incremental Sort  (cost=1540893.74..1715989.28 rows=9999939 width=20) (actual time=2164.859..2206.734 rows=100000 loops=1)
               Sort Key: s_1.a, s_1.b
               Presorted Key: s_1.a
               Sort Method: quicksort  Memory: 10906kB
               Sort Groups: 2
               ->  Sort  (cost=1531440.69..1556440.54 rows=9999939 width=20) (actual time=2147.804..2161.411 rows=150242 loops=1)
                     Sort Key: s_1.a
                     Sort Method: external merge  Disk: 293552kB
                     ->  Seq Scan on s_1  (cost=0.00..163694.39 rows=9999939 width=20) (actual time=0.024..648.736 rows=10000000 loops=1)
 Planning time: 0.233 ms
 Execution time: 2258.593 ms
(13 rows)

===== 162 [Wed Mar  7 08:35:37 CET 2018] scale:10000000 groups:100 work_mem:256MB incremental:on max_workers:0 =====
SELECT * FROM (SELECT * FROM s_2 ORDER BY a, b) foo ORDER BY a, b, c LIMIT 100000
                                                                QUERY PLAN                                                                 
-------------------------------------------------------------------------------------------------------------------------------------------
 Limit  (cost=1534334.12..1534334.12 rows=1 width=20) (actual time=2361.118..2361.118 rows=0 loops=1)
   ->  Limit  (cost=1531520.50..1533334.12 rows=100000 width=20) (actual time=2312.896..2358.398 rows=100000 loops=1)
         ->  Incremental Sort  (cost=1531520.50..1712883.05 rows=10000054 width=20) (actual time=2312.895..2352.920 rows=100000 loops=1)
               Sort Key: s_2.a, s_2.b, s_2.c
               Presorted Key: s_2.a, s_2.b
               Sort Method: quicksort  Memory: 134kB
               Sort Groups: 152
               ->  Sort  (cost=1531459.54..1556459.68 rows=10000054 width=20) (actual time=2312.754..2321.764 rows=100611 loops=1)
                     Sort Key: s_2.a, s_2.b
                     Sort Method: external merge  Disk: 293552kB
                     ->  Seq Scan on s_2  (cost=0.00..163695.54 rows=10000054 width=20) (actual time=0.029..683.164 rows=10000000 loops=1)
 Planning time: 0.236 ms
 Execution time: 2404.078 ms
(13 rows)

===== 163 [Wed Mar  7 08:35:48 CET 2018] scale:10000000 groups:100 work_mem:256MB incremental:on max_workers:0 =====
SELECT * FROM (SELECT * FROM s_3 ORDER BY a, b, c) foo ORDER BY a, b, c, d LIMIT 100000
                                                                QUERY PLAN                                                                 
-------------------------------------------------------------------------------------------------------------------------------------------
 Limit  (cost=1534438.94..1534438.94 rows=1 width=20) (actual time=2410.073..2410.073 rows=0 loops=1)
   ->  Limit  (cost=1531459.83..1533438.94 rows=100000 width=20) (actual time=2366.058..2407.249 rows=100000 loops=1)
         ->  Incremental Sort  (cost=1531459.83..1729371.55 rows=10000054 width=20) (actual time=2366.058..2401.793 rows=100000 loops=1)
               Sort Key: s_3.a, s_3.b, s_3.c, s_3.d
               Presorted Key: s_3.a, s_3.b, s_3.c
               Sort Method: quicksort  Memory: 28kB
               Sort Groups: 2803
               ->  Sort  (cost=1531459.54..1556459.68 rows=10000054 width=20) (actual time=2366.003..2375.203 rows=100007 loops=1)
                     Sort Key: s_3.a, s_3.b, s_3.c
                     Sort Method: external merge  Disk: 293552kB
                     ->  Seq Scan on s_3  (cost=0.00..163695.54 rows=10000054 width=20) (actual time=0.029..650.986 rows=10000000 loops=1)
 Planning time: 0.238 ms
 Execution time: 2453.239 ms
(13 rows)

===== 164 [Wed Mar  7 08:36:01 CET 2018] scale:10000000 groups:100 work_mem:256MB incremental:on max_workers:0 =====
SELECT * FROM (SELECT * FROM s_4 ORDER BY a, b, c, d) foo ORDER BY a, b, c, d, e LIMIT 100000
                                                                QUERY PLAN                                                                
------------------------------------------------------------------------------------------------------------------------------------------
 Limit  (cost=1534420.09..1534420.09 rows=1 width=20) (actual time=2463.139..2463.139 rows=0 loops=1)
   ->  Limit  (cost=1531440.98..1533420.09 rows=100000 width=20) (actual time=2428.248..2460.314 rows=100000 loops=1)
         ->  Incremental Sort  (cost=1531440.98..1729350.47 rows=9999939 width=20) (actual time=2428.248..2454.866 rows=100000 loops=1)
               Sort Key: s_4.a, s_4.b, s_4.c, s_4.d, s_4.e
               Presorted Key: s_4.a, s_4.b, s_4.c, s_4.d
               Sort Method: quicksort  Memory: 27kB
               Sort Groups: 3122
               ->  Sort  (cost=1531440.69..1556440.54 rows=9999939 width=20) (actual time=2428.191..2437.376 rows=100008 loops=1)
                     Sort Key: s_4.a, s_4.b, s_4.c, s_4.d
                     Sort Method: external merge  Disk: 293552kB
                     ->  Seq Scan on s_4  (cost=0.00..163694.39 rows=9999939 width=20) (actual time=0.030..649.672 rows=10000000 loops=1)
 Planning time: 0.243 ms
 Execution time: 2506.288 ms
(13 rows)

===== 165 [Wed Mar  7 08:36:13 CET 2018] scale:10000000 groups:100 work_mem:256MB incremental:off max_workers:0 =====
SELECT * FROM (SELECT * FROM s_1 ORDER BY a) foo ORDER BY a, b LIMIT 100000
                                                                QUERY PLAN                                                                
------------------------------------------------------------------------------------------------------------------------------------------
 Limit  (cost=2538166.58..2538166.58 rows=1 width=20) (actual time=3731.671..3731.671 rows=0 loops=1)
   ->  Limit  (cost=2536916.58..2537166.58 rows=100000 width=20) (actual time=3716.044..3728.926 rows=100000 loops=1)
         ->  Sort  (cost=2536916.58..2561916.43 rows=9999939 width=20) (actual time=3716.043..3723.440 rows=100000 loops=1)
               Sort Key: s_1.a, s_1.b
               Sort Method: top-N heapsort  Memory: 16650kB
               ->  Sort  (cost=1531440.69..1556440.54 rows=9999939 width=20) (actual time=2148.511..3013.549 rows=10000000 loops=1)
                     Sort Key: s_1.a
                     Sort Method: external merge  Disk: 293552kB
                     ->  Seq Scan on s_1  (cost=0.00..163694.39 rows=9999939 width=20) (actual time=0.026..646.271 rows=10000000 loops=1)
 Planning time: 0.234 ms
 Execution time: 3773.027 ms
(11 rows)

===== 166 [Wed Mar  7 08:36:31 CET 2018] scale:10000000 groups:100 work_mem:256MB incremental:off max_workers:0 =====
SELECT * FROM (SELECT * FROM s_2 ORDER BY a, b) foo ORDER BY a, b, c LIMIT 100000
                                                                QUERY PLAN                                                                 
-------------------------------------------------------------------------------------------------------------------------------------------
 Limit  (cost=2538196.99..2538196.99 rows=1 width=20) (actual time=3836.077..3836.077 rows=0 loops=1)
   ->  Limit  (cost=2536946.99..2537196.99 rows=100000 width=20) (actual time=3822.561..3833.333 rows=100000 loops=1)
         ->  Sort  (cost=2536946.99..2561947.13 rows=10000054 width=20) (actual time=3822.560..3827.853 rows=100000 loops=1)
               Sort Key: s_2.a, s_2.b, s_2.c
               Sort Method: top-N heapsort  Memory: 13985kB
               ->  Sort  (cost=1531459.54..1556459.68 rows=10000054 width=20) (actual time=2279.428..3145.609 rows=10000000 loops=1)
                     Sort Key: s_2.a, s_2.b
                     Sort Method: external merge  Disk: 293552kB
                     ->  Seq Scan on s_2  (cost=0.00..163695.54 rows=10000054 width=20) (actual time=0.029..644.762 rows=10000000 loops=1)
 Planning time: 0.230 ms
 Execution time: 3877.503 ms
(11 rows)

===== 167 [Wed Mar  7 08:36:50 CET 2018] scale:10000000 groups:100 work_mem:256MB incremental:off max_workers:0 =====
SELECT * FROM (SELECT * FROM s_3 ORDER BY a, b, c) foo ORDER BY a, b, c, d LIMIT 100000
                                                                QUERY PLAN                                                                 
-------------------------------------------------------------------------------------------------------------------------------------------
 Limit  (cost=2538196.99..2538196.99 rows=1 width=20) (actual time=4047.684..4047.684 rows=0 loops=1)
   ->  Limit  (cost=2536946.99..2537196.99 rows=100000 width=20) (actual time=4035.109..4044.932 rows=100000 loops=1)
         ->  Sort  (cost=2536946.99..2561947.13 rows=10000054 width=20) (actual time=4035.108..4039.483 rows=100000 loops=1)
               Sort Key: s_3.a, s_3.b, s_3.c, s_3.d
               Sort Method: top-N heapsort  Memory: 13957kB
               ->  Sort  (cost=1531459.54..1556459.68 rows=10000054 width=20) (actual time=2366.078..3292.322 rows=10000000 loops=1)
                     Sort Key: s_3.a, s_3.b, s_3.c
                     Sort Method: external merge  Disk: 293552kB
                     ->  Seq Scan on s_3  (cost=0.00..163695.54 rows=10000054 width=20) (actual time=0.028..648.305 rows=10000000 loops=1)
 Planning time: 0.237 ms
 Execution time: 4088.949 ms
(11 rows)

===== 168 [Wed Mar  7 08:37:09 CET 2018] scale:10000000 groups:100 work_mem:256MB incremental:off max_workers:0 =====
SELECT * FROM (SELECT * FROM s_4 ORDER BY a, b, c, d) foo ORDER BY a, b, c, d, e LIMIT 100000
                                                                QUERY PLAN                                                                
------------------------------------------------------------------------------------------------------------------------------------------
 Limit  (cost=2538166.58..2538166.58 rows=1 width=20) (actual time=4114.999..4114.999 rows=0 loops=1)
   ->  Limit  (cost=2536916.58..2537166.58 rows=100000 width=20) (actual time=4102.641..4112.248 rows=100000 loops=1)
         ->  Sort  (cost=2536916.58..2561916.43 rows=9999939 width=20) (actual time=4102.640..4106.814 rows=100000 loops=1)
               Sort Key: s_4.a, s_4.b, s_4.c, s_4.d, s_4.e
               Sort Method: top-N heapsort  Memory: 13957kB
               ->  Sort  (cost=1531440.69..1556440.54 rows=9999939 width=20) (actual time=2429.307..3356.244 rows=10000000 loops=1)
                     Sort Key: s_4.a, s_4.b, s_4.c, s_4.d
                     Sort Method: external merge  Disk: 293552kB
                     ->  Seq Scan on s_4  (cost=0.00..163694.39 rows=9999939 width=20) (actual time=0.032..646.888 rows=10000000 loops=1)
 Planning time: 0.253 ms
 Execution time: 4156.514 ms
(11 rows)

===== 169 [Wed Mar  7 08:37:29 CET 2018] scale:10000000 groups:100 work_mem:4MB incremental:on max_workers:2 =====
SELECT * FROM (SELECT * FROM s_1 ORDER BY a) foo ORDER BY a, b LIMIT 100000
                                                                       QUERY PLAN                                                                       
--------------------------------------------------------------------------------------------------------------------------------------------------------
 Limit  (cost=755374.15..755374.15 rows=1 width=20) (actual time=1076.319..1076.319 rows=0 loops=1)
   ->  Limit  (cost=752580.39..754374.15 rows=100000 width=20) (actual time=1013.292..1073.591 rows=100000 loops=1)
         ->  Incremental Sort  (cost=752580.39..902059.12 rows=8333282 width=20) (actual time=1013.291..1067.876 rows=100000 loops=1)
               Sort Key: s_1.a, s_1.b
               Presorted Key: s_1.a
               Sort Method: external merge  Disk: 2944kB
               Sort Groups: 2
               ->  Gather Merge  (cost=735391.06..1707675.17 rows=8333282 width=20) (actual time=989.740..1014.000 rows=150242 loops=1)
                     Workers Planned: 2
                     Workers Launched: 2
                     ->  Sort  (cost=734391.04..744807.64 rows=4166641 width=20) (actual time=985.359..990.283 rows=50759 loops=3)
                           Sort Key: s_1.a
                           Sort Method: external merge  Disk: 98448kB
                           Worker 0:  Sort Method: external merge  Disk: 96704kB
                           Worker 1:  Sort Method: external merge  Disk: 98456kB
                           ->  Parallel Seq Scan on s_1  (cost=0.00..105361.41 rows=4166641 width=20) (actual time=0.022..235.734 rows=3333333 loops=3)
 Planning time: 0.248 ms
 Execution time: 1101.438 ms
(18 rows)

===== 170 [Wed Mar  7 08:37:35 CET 2018] scale:10000000 groups:100 work_mem:4MB incremental:on max_workers:2 =====
SELECT * FROM (SELECT * FROM s_2 ORDER BY a, b) foo ORDER BY a, b, c LIMIT 100000
                                                                       QUERY PLAN                                                                       
--------------------------------------------------------------------------------------------------------------------------------------------------------
 Limit  (cost=738507.95..738507.95 rows=1 width=20) (actual time=1122.598..1122.598 rows=0 loops=1)
   ->  Limit  (cost=735547.16..737507.95 rows=100000 width=20) (actual time=1065.177..1119.835 rows=100000 loops=1)
         ->  Incremental Sort  (cost=735547.16..898946.80 rows=8333378 width=20) (actual time=1065.177..1114.365 rows=100000 loops=1)
               Sort Key: s_2.a, s_2.b, s_2.c
               Presorted Key: s_2.a, s_2.b
               Sort Method: quicksort  Memory: 134kB
               Sort Groups: 152
               ->  Gather Merge  (cost=735404.16..1707699.48 rows=8333378 width=20) (actual time=1065.009..1083.596 rows=100611 loops=1)
                     Workers Planned: 2
                     Workers Launched: 2
                     ->  Sort  (cost=734404.14..744820.86 rows=4166689 width=20) (actual time=1056.722..1060.032 rows=34236 loops=3)
                           Sort Key: s_2.a, s_2.b
                           Sort Method: external merge  Disk: 95832kB
                           Worker 0:  Sort Method: external merge  Disk: 98888kB
                           Worker 1:  Sort Method: external merge  Disk: 98888kB
                           ->  Parallel Seq Scan on s_2  (cost=0.00..105361.89 rows=4166689 width=20) (actual time=0.024..235.403 rows=3333333 loops=3)
 Planning time: 0.256 ms
 Execution time: 1147.418 ms
(18 rows)

===== 171 [Wed Mar  7 08:37:41 CET 2018] scale:10000000 groups:100 work_mem:4MB incremental:on max_workers:2 =====
SELECT * FROM (SELECT * FROM s_3 ORDER BY a, b, c) foo ORDER BY a, b, c, d LIMIT 100000
                                                                       QUERY PLAN                                                                       
--------------------------------------------------------------------------------------------------------------------------------------------------------
 Limit  (cost=738527.52..738527.52 rows=1 width=20) (actual time=1133.680..1133.680 rows=0 loops=1)
   ->  Limit  (cost=735405.60..737527.52 rows=100000 width=20) (actual time=1078.768..1130.925 rows=100000 loops=1)
         ->  Incremental Sort  (cost=735405.60..912233.48 rows=8333378 width=20) (actual time=1078.767..1125.403 rows=100000 loops=1)
               Sort Key: s_3.a, s_3.b, s_3.c, s_3.d
               Presorted Key: s_3.a, s_3.b, s_3.c
               Sort Method: quicksort  Memory: 28kB
               Sort Groups: 2803
               ->  Gather Merge  (cost=735404.16..1707699.48 rows=8333378 width=20) (actual time=1078.715..1099.210 rows=100007 loops=1)
                     Workers Planned: 2
                     Workers Launched: 2
                     ->  Sort  (cost=734404.14..744820.86 rows=4166689 width=20) (actual time=1072.438..1075.760 rows=33945 loops=3)
                           Sort Key: s_3.a, s_3.b, s_3.c
                           Sort Method: external merge  Disk: 95912kB
                           Worker 0:  Sort Method: external merge  Disk: 98848kB
                           Worker 1:  Sort Method: external merge  Disk: 98848kB
                           ->  Parallel Seq Scan on s_3  (cost=0.00..105361.89 rows=4166689 width=20) (actual time=0.024..235.980 rows=3333333 loops=3)
 Planning time: 0.263 ms
 Execution time: 1158.497 ms
(18 rows)

===== 172 [Wed Mar  7 08:37:47 CET 2018] scale:10000000 groups:100 work_mem:4MB incremental:on max_workers:2 =====
SELECT * FROM (SELECT * FROM s_4 ORDER BY a, b, c, d) foo ORDER BY a, b, c, d, e LIMIT 100000
                                                                       QUERY PLAN                                                                       
--------------------------------------------------------------------------------------------------------------------------------------------------------
 Limit  (cost=738514.42..738514.42 rows=1 width=20) (actual time=1146.552..1146.552 rows=0 loops=1)
   ->  Limit  (cost=735392.49..737514.42 rows=100000 width=20) (actual time=1100.441..1143.796 rows=100000 loops=1)
         ->  Incremental Sort  (cost=735392.49..912218.50 rows=8333282 width=20) (actual time=1100.440..1138.281 rows=100000 loops=1)
               Sort Key: s_4.a, s_4.b, s_4.c, s_4.d, s_4.e
               Presorted Key: s_4.a, s_4.b, s_4.c, s_4.d
               Sort Method: quicksort  Memory: 27kB
               Sort Groups: 3122
               ->  Gather Merge  (cost=735391.06..1707675.17 rows=8333282 width=20) (actual time=1100.391..1120.948 rows=100008 loops=1)
                     Workers Planned: 2
                     Workers Launched: 2
                     ->  Sort  (cost=734391.04..744807.64 rows=4166641 width=20) (actual time=1091.868..1095.199 rows=34049 loops=3)
                           Sort Key: s_4.a, s_4.b, s_4.c, s_4.d
                           Sort Method: external merge  Disk: 95880kB
                           Worker 0:  Sort Method: external merge  Disk: 98848kB
                           Worker 1:  Sort Method: external merge  Disk: 98888kB
                           ->  Parallel Seq Scan on s_4  (cost=0.00..105361.41 rows=4166641 width=20) (actual time=0.025..235.267 rows=3333333 loops=3)
 Planning time: 0.264 ms
 Execution time: 1171.198 ms
(18 rows)

===== 173 [Wed Mar  7 08:37:53 CET 2018] scale:10000000 groups:100 work_mem:4MB incremental:off max_workers:2 =====
SELECT * FROM (SELECT * FROM s_1 ORDER BY a) foo ORDER BY a, b LIMIT 100000
                                                                       QUERY PLAN                                                                       
--------------------------------------------------------------------------------------------------------------------------------------------------------
 Limit  (cost=3091983.65..3091983.65 rows=1 width=20) (actual time=6808.147..6808.147 rows=0 loops=1)
   ->  Limit  (cost=3090733.65..3090983.65 rows=100000 width=20) (actual time=6790.591..6805.323 rows=100000 loops=1)
         ->  Sort  (cost=3090733.65..3111566.86 rows=8333282 width=20) (actual time=6790.590..6799.726 rows=100000 loops=1)
               Sort Key: s_1.a, s_1.b
               Sort Method: external merge  Disk: 293600kB
               ->  Gather Merge  (cost=735391.06..1707675.17 rows=8333282 width=20) (actual time=1004.932..2556.521 rows=10000000 loops=1)
                     Workers Planned: 2
                     Workers Launched: 2
                     ->  Sort  (cost=734391.04..744807.64 rows=4166641 width=20) (actual time=995.752..1314.467 rows=3333333 loops=3)
                           Sort Key: s_1.a
                           Sort Method: external merge  Disk: 96048kB
                           Worker 0:  Sort Method: external merge  Disk: 98624kB
                           Worker 1:  Sort Method: external merge  Disk: 98936kB
                           ->  Parallel Seq Scan on s_1  (cost=0.00..105361.41 rows=4166641 width=20) (actual time=0.023..234.781 rows=3333333 loops=3)
 Planning time: 0.241 ms
 Execution time: 6849.293 ms
(16 rows)

===== 174 [Wed Mar  7 08:38:31 CET 2018] scale:10000000 groups:100 work_mem:4MB incremental:off max_workers:2 =====
SELECT * FROM (SELECT * FROM s_2 ORDER BY a, b) foo ORDER BY a, b, c LIMIT 100000
                                                                       QUERY PLAN                                                                       
--------------------------------------------------------------------------------------------------------------------------------------------------------
 Limit  (cost=3092027.64..3092027.64 rows=1 width=20) (actual time=8318.668..8318.668 rows=0 loops=1)
   ->  Limit  (cost=3090777.64..3091027.64 rows=100000 width=20) (actual time=8301.165..8315.846 rows=100000 loops=1)
         ->  Sort  (cost=3090777.64..3111611.09 rows=8333378 width=20) (actual time=8301.164..8310.257 rows=100000 loops=1)
               Sort Key: s_2.a, s_2.b, s_2.c
               Sort Method: external merge  Disk: 293600kB
               ->  Gather Merge  (cost=735404.16..1707699.48 rows=8333378 width=20) (actual time=1065.619..2885.569 rows=10000000 loops=1)
                     Workers Planned: 2
                     Workers Launched: 2
                     ->  Sort  (cost=734404.14..744820.86 rows=4166689 width=20) (actual time=1062.206..1394.424 rows=3333333 loops=3)
                           Sort Key: s_2.a, s_2.b
                           Sort Method: external merge  Disk: 96616kB
                           Worker 0:  Sort Method: external merge  Disk: 98488kB
                           Worker 1:  Sort Method: external merge  Disk: 98504kB
                           ->  Parallel Seq Scan on s_2  (cost=0.00..105361.89 rows=4166689 width=20) (actual time=0.027..235.545 rows=3333333 loops=3)
 Planning time: 0.247 ms
 Execution time: 8359.733 ms
(16 rows)

===== 175 [Wed Mar  7 08:39:17 CET 2018] scale:10000000 groups:100 work_mem:4MB incremental:off max_workers:2 =====
SELECT * FROM (SELECT * FROM s_3 ORDER BY a, b, c) foo ORDER BY a, b, c, d LIMIT 100000
                                                                       QUERY PLAN                                                                       
--------------------------------------------------------------------------------------------------------------------------------------------------------
 Limit  (cost=3092027.64..3092027.64 rows=1 width=20) (actual time=9367.528..9367.528 rows=0 loops=1)
   ->  Limit  (cost=3090777.64..3091027.64 rows=100000 width=20) (actual time=9350.161..9364.702 rows=100000 loops=1)
         ->  Sort  (cost=3090777.64..3111611.09 rows=8333378 width=20) (actual time=9350.161..9359.107 rows=100000 loops=1)
               Sort Key: s_3.a, s_3.b, s_3.c, s_3.d
               Sort Method: external merge  Disk: 293600kB
               ->  Gather Merge  (cost=735404.16..1707699.48 rows=8333378 width=20) (actual time=1094.043..3087.950 rows=10000000 loops=1)
                     Workers Planned: 2
                     Workers Launched: 2
                     ->  Sort  (cost=734404.14..744820.86 rows=4166689 width=20) (actual time=1085.675..1416.545 rows=3333333 loops=3)
                           Sort Key: s_3.a, s_3.b, s_3.c
                           Sort Method: external merge  Disk: 95832kB
                           Worker 0:  Sort Method: external merge  Disk: 98888kB
                           Worker 1:  Sort Method: external merge  Disk: 98888kB
                           ->  Parallel Seq Scan on s_3  (cost=0.00..105361.89 rows=4166689 width=20) (actual time=0.025..237.620 rows=3333333 loops=3)
 Planning time: 0.250 ms
 Execution time: 9408.590 ms
(16 rows)

===== 176 [Wed Mar  7 08:40:10 CET 2018] scale:10000000 groups:100 work_mem:4MB incremental:off max_workers:2 =====
SELECT * FROM (SELECT * FROM s_4 ORDER BY a, b, c, d) foo ORDER BY a, b, c, d, e LIMIT 100000
                                                                       QUERY PLAN                                                                       
--------------------------------------------------------------------------------------------------------------------------------------------------------
 Limit  (cost=3091983.65..3091983.65 rows=1 width=20) (actual time=8716.327..8716.327 rows=0 loops=1)
   ->  Limit  (cost=3090733.65..3090983.65 rows=100000 width=20) (actual time=8698.957..8713.510 rows=100000 loops=1)
         ->  Sort  (cost=3090733.65..3111566.86 rows=8333282 width=20) (actual time=8698.956..8707.896 rows=100000 loops=1)
               Sort Key: s_4.a, s_4.b, s_4.c, s_4.d, s_4.e
               Sort Method: external merge  Disk: 293600kB
               ->  Gather Merge  (cost=735391.06..1707675.17 rows=8333282 width=20) (actual time=1100.996..3094.352 rows=10000000 loops=1)
                     Workers Planned: 2
                     Workers Launched: 2
                     ->  Sort  (cost=734391.04..744807.64 rows=4166641 width=20) (actual time=1094.604..1425.685 rows=3333333 loops=3)
                           Sort Key: s_4.a, s_4.b, s_4.c, s_4.d
                           Sort Method: external merge  Disk: 95976kB
                           Worker 0:  Sort Method: external merge  Disk: 98832kB
                           Worker 1:  Sort Method: external merge  Disk: 98808kB
                           ->  Parallel Seq Scan on s_4  (cost=0.00..105361.41 rows=4166641 width=20) (actual time=0.025..234.784 rows=3333333 loops=3)
 Planning time: 0.251 ms
 Execution time: 8757.469 ms
(16 rows)

===== 177 [Wed Mar  7 08:40:58 CET 2018] scale:10000000 groups:100 work_mem:8MB incremental:on max_workers:2 =====
SELECT * FROM (SELECT * FROM s_1 ORDER BY a) foo ORDER BY a, b LIMIT 100000
                                                                       QUERY PLAN                                                                       
--------------------------------------------------------------------------------------------------------------------------------------------------------
 Limit  (cost=669925.15..669925.15 rows=1 width=20) (actual time=831.558..831.558 rows=0 loops=1)
   ->  Limit  (cost=667131.39..668925.15 rows=100000 width=20) (actual time=767.159..828.831 rows=100000 loops=1)
         ->  Incremental Sort  (cost=667131.39..816610.12 rows=8333282 width=20) (actual time=767.158..823.251 rows=100000 loops=1)
               Sort Key: s_1.a, s_1.b
               Presorted Key: s_1.a
               Sort Method: external merge  Disk: 2944kB
               Sort Groups: 2
               ->  Gather Merge  (cost=649942.06..1622226.17 rows=8333282 width=20) (actual time=746.400..770.572 rows=150242 loops=1)
                     Workers Planned: 2
                     Workers Launched: 2
                     ->  Sort  (cost=648942.04..659358.64 rows=4166641 width=20) (actual time=743.422..748.353 rows=50840 loops=3)
                           Sort Key: s_1.a
                           Sort Method: external merge  Disk: 98384kB
                           Worker 0:  Sort Method: external merge  Disk: 96968kB
                           Worker 1:  Sort Method: external merge  Disk: 98256kB
                           ->  Parallel Seq Scan on s_1  (cost=0.00..105361.41 rows=4166641 width=20) (actual time=0.022..234.637 rows=3333333 loops=3)
 Planning time: 0.260 ms
 Execution time: 857.112 ms
(18 rows)

===== 178 [Wed Mar  7 08:41:03 CET 2018] scale:10000000 groups:100 work_mem:8MB incremental:on max_workers:2 =====
SELECT * FROM (SELECT * FROM s_2 ORDER BY a, b) foo ORDER BY a, b, c LIMIT 100000
                                                                       QUERY PLAN                                                                       
--------------------------------------------------------------------------------------------------------------------------------------------------------
 Limit  (cost=653055.45..653055.45 rows=1 width=20) (actual time=862.925..862.925 rows=0 loops=1)
   ->  Limit  (cost=650094.66..652055.45 rows=100000 width=20) (actual time=805.532..860.161 rows=100000 loops=1)
         ->  Incremental Sort  (cost=650094.66..813494.30 rows=8333378 width=20) (actual time=805.532..854.689 rows=100000 loops=1)
               Sort Key: s_2.a, s_2.b, s_2.c
               Presorted Key: s_2.a, s_2.b
               Sort Method: quicksort  Memory: 134kB
               Sort Groups: 152
               ->  Gather Merge  (cost=649951.66..1622246.98 rows=8333378 width=20) (actual time=805.370..823.960 rows=100611 loops=1)
                     Workers Planned: 2
                     Workers Launched: 2
                     ->  Sort  (cost=648951.64..659368.36 rows=4166689 width=20) (actual time=801.310..804.605 rows=34140 loops=3)
                           Sort Key: s_2.a, s_2.b
                           Sort Method: external merge  Disk: 95528kB
                           Worker 0:  Sort Method: external merge  Disk: 99160kB
                           Worker 1:  Sort Method: external merge  Disk: 98928kB
                           ->  Parallel Seq Scan on s_2  (cost=0.00..105361.89 rows=4166689 width=20) (actual time=0.024..233.194 rows=3333333 loops=3)
 Planning time: 0.261 ms
 Execution time: 887.676 ms
(18 rows)

===== 179 [Wed Mar  7 08:41:07 CET 2018] scale:10000000 groups:100 work_mem:8MB incremental:on max_workers:2 =====
SELECT * FROM (SELECT * FROM s_3 ORDER BY a, b, c) foo ORDER BY a, b, c, d LIMIT 100000
                                                                       QUERY PLAN                                                                       
--------------------------------------------------------------------------------------------------------------------------------------------------------
 Limit  (cost=653075.02..653075.02 rows=1 width=20) (actual time=883.279..883.279 rows=0 loops=1)
   ->  Limit  (cost=649953.10..652075.02 rows=100000 width=20) (actual time=828.259..880.526 rows=100000 loops=1)
         ->  Incremental Sort  (cost=649953.10..826780.98 rows=8333378 width=20) (actual time=828.258..875.008 rows=100000 loops=1)
               Sort Key: s_3.a, s_3.b, s_3.c, s_3.d
               Presorted Key: s_3.a, s_3.b, s_3.c
               Sort Method: quicksort  Memory: 28kB
               Sort Groups: 2803
               ->  Gather Merge  (cost=649951.66..1622246.98 rows=8333378 width=20) (actual time=828.201..848.754 rows=100007 loops=1)
                     Workers Planned: 2
                     Workers Launched: 2
                     ->  Sort  (cost=648951.64..659368.36 rows=4166689 width=20) (actual time=824.023..827.342 rows=33998 loops=3)
                           Sort Key: s_3.a, s_3.b, s_3.c
                           Sort Method: external merge  Disk: 95792kB
                           Worker 0:  Sort Method: external merge  Disk: 98912kB
                           Worker 1:  Sort Method: external merge  Disk: 98904kB
                           ->  Parallel Seq Scan on s_3  (cost=0.00..105361.89 rows=4166689 width=20) (actual time=0.023..233.299 rows=3333333 loops=3)
 Planning time: 0.255 ms
 Execution time: 908.624 ms
(18 rows)

===== 180 [Wed Mar  7 08:41:12 CET 2018] scale:10000000 groups:100 work_mem:8MB incremental:on max_workers:2 =====
SELECT * FROM (SELECT * FROM s_4 ORDER BY a, b, c, d) foo ORDER BY a, b, c, d, e LIMIT 100000
                                                                       QUERY PLAN                                                                       
--------------------------------------------------------------------------------------------------------------------------------------------------------
 Limit  (cost=653065.42..653065.42 rows=1 width=20) (actual time=893.485..893.485 rows=0 loops=1)
   ->  Limit  (cost=649943.49..652065.42 rows=100000 width=20) (actual time=847.401..890.733 rows=100000 loops=1)
         ->  Incremental Sort  (cost=649943.49..826769.50 rows=8333282 width=20) (actual time=847.400..885.210 rows=100000 loops=1)
               Sort Key: s_4.a, s_4.b, s_4.c, s_4.d, s_4.e
               Presorted Key: s_4.a, s_4.b, s_4.c, s_4.d
               Sort Method: quicksort  Memory: 27kB
               Sort Groups: 3122
               ->  Gather Merge  (cost=649942.06..1622226.17 rows=8333282 width=20) (actual time=847.351..867.898 rows=100008 loops=1)
                     Workers Planned: 2
                     Workers Launched: 2
                     ->  Sort  (cost=648942.04..659358.64 rows=4166641 width=20) (actual time=842.898..846.218 rows=34009 loops=3)
                           Sort Key: s_4.a, s_4.b, s_4.c, s_4.d
                           Sort Method: external merge  Disk: 95736kB
                           Worker 0:  Sort Method: external merge  Disk: 98936kB
                           Worker 1:  Sort Method: external merge  Disk: 98936kB
                           ->  Parallel Seq Scan on s_4  (cost=0.00..105361.41 rows=4166641 width=20) (actual time=0.024..232.097 rows=3333333 loops=3)
 Planning time: 0.260 ms
 Execution time: 918.764 ms
(18 rows)

===== 181 [Wed Mar  7 08:41:17 CET 2018] scale:10000000 groups:100 work_mem:8MB incremental:off max_workers:2 =====
SELECT * FROM (SELECT * FROM s_1 ORDER BY a) foo ORDER BY a, b LIMIT 100000
                                                                       QUERY PLAN                                                                       
--------------------------------------------------------------------------------------------------------------------------------------------------------
 Limit  (cost=2440539.49..2440539.49 rows=1 width=20) (actual time=6145.086..6145.086 rows=0 loops=1)
   ->  Limit  (cost=2439289.49..2439539.49 rows=100000 width=20) (actual time=6127.374..6142.269 rows=100000 loops=1)
         ->  Sort  (cost=2439289.49..2460122.70 rows=8333282 width=20) (actual time=6127.373..6136.642 rows=100000 loops=1)
               Sort Key: s_1.a, s_1.b
               Sort Method: external merge  Disk: 293608kB
               ->  Gather Merge  (cost=649942.06..1622226.17 rows=8333282 width=20) (actual time=757.271..2307.279 rows=10000000 loops=1)
                     Workers Planned: 2
                     Workers Launched: 2
                     ->  Sort  (cost=648942.04..659358.64 rows=4166641 width=20) (actual time=752.870..1070.699 rows=3333333 loops=3)
                           Sort Key: s_1.a
                           Sort Method: external merge  Disk: 95616kB
                           Worker 0:  Sort Method: external merge  Disk: 99000kB
                           Worker 1:  Sort Method: external merge  Disk: 99000kB
                           ->  Parallel Seq Scan on s_1  (cost=0.00..105361.41 rows=4166641 width=20) (actual time=0.022..231.698 rows=3333333 loops=3)
 Planning time: 0.241 ms
 Execution time: 6186.634 ms
(16 rows)

===== 182 [Wed Mar  7 08:41:50 CET 2018] scale:10000000 groups:100 work_mem:8MB incremental:off max_workers:2 =====
SELECT * FROM (SELECT * FROM s_2 ORDER BY a, b) foo ORDER BY a, b, c LIMIT 100000
                                                                       QUERY PLAN                                                                       
--------------------------------------------------------------------------------------------------------------------------------------------------------
 Limit  (cost=2440569.71..2440569.71 rows=1 width=20) (actual time=7535.882..7535.882 rows=0 loops=1)
   ->  Limit  (cost=2439319.71..2439569.71 rows=100000 width=20) (actual time=7518.263..7533.057 rows=100000 loops=1)
         ->  Sort  (cost=2439319.71..2460153.16 rows=8333378 width=20) (actual time=7518.262..7527.479 rows=100000 loops=1)
               Sort Key: s_2.a, s_2.b, s_2.c
               Sort Method: external merge  Disk: 293608kB
               ->  Gather Merge  (cost=649951.66..1622246.98 rows=8333378 width=20) (actual time=802.421..2618.455 rows=10000000 loops=1)
                     Workers Planned: 2
                     Workers Launched: 2
                     ->  Sort  (cost=648951.64..659368.36 rows=4166689 width=20) (actual time=800.491..1131.982 rows=3333333 loops=3)
                           Sort Key: s_2.a, s_2.b
                           Sort Method: external merge  Disk: 97864kB
                           Worker 0:  Sort Method: external merge  Disk: 97872kB
                           Worker 1:  Sort Method: external merge  Disk: 97872kB
                           ->  Parallel Seq Scan on s_2  (cost=0.00..105361.89 rows=4166689 width=20) (actual time=0.024..231.391 rows=3333333 loops=3)
 Planning time: 0.243 ms
 Execution time: 7577.538 ms
(16 rows)

===== 183 [Wed Mar  7 08:42:32 CET 2018] scale:10000000 groups:100 work_mem:8MB incremental:off max_workers:2 =====
SELECT * FROM (SELECT * FROM s_3 ORDER BY a, b, c) foo ORDER BY a, b, c, d LIMIT 100000
                                                                       QUERY PLAN                                                                       
--------------------------------------------------------------------------------------------------------------------------------------------------------
 Limit  (cost=2440569.71..2440569.71 rows=1 width=20) (actual time=8513.607..8513.607 rows=0 loops=1)
   ->  Limit  (cost=2439319.71..2439569.71 rows=100000 width=20) (actual time=8496.141..8510.782 rows=100000 loops=1)
         ->  Sort  (cost=2439319.71..2460153.16 rows=8333378 width=20) (actual time=8496.140..8505.191 rows=100000 loops=1)
               Sort Key: s_3.a, s_3.b, s_3.c, s_3.d
               Sort Method: external merge  Disk: 293608kB
               ->  Gather Merge  (cost=649951.66..1622246.98 rows=8333378 width=20) (actual time=830.527..2825.491 rows=10000000 loops=1)
                     Workers Planned: 2
                     Workers Launched: 2
                     ->  Sort  (cost=648951.64..659368.36 rows=4166689 width=20) (actual time=826.349..1156.435 rows=3333333 loops=3)
                           Sort Key: s_3.a, s_3.b, s_3.c
                           Sort Method: external merge  Disk: 95896kB
                           Worker 0:  Sort Method: external merge  Disk: 98880kB
                           Worker 1:  Sort Method: external merge  Disk: 98832kB
                           ->  Parallel Seq Scan on s_3  (cost=0.00..105361.89 rows=4166689 width=20) (actual time=0.024..231.686 rows=3333333 loops=3)
 Planning time: 0.248 ms
 Execution time: 8555.010 ms
(16 rows)

===== 184 [Wed Mar  7 08:43:19 CET 2018] scale:10000000 groups:100 work_mem:8MB incremental:off max_workers:2 =====
SELECT * FROM (SELECT * FROM s_4 ORDER BY a, b, c, d) foo ORDER BY a, b, c, d, e LIMIT 100000
                                                                       QUERY PLAN                                                                       
--------------------------------------------------------------------------------------------------------------------------------------------------------
 Limit  (cost=2440539.49..2440539.49 rows=1 width=20) (actual time=7831.079..7831.079 rows=0 loops=1)
   ->  Limit  (cost=2439289.49..2439539.49 rows=100000 width=20) (actual time=7813.449..7828.246 rows=100000 loops=1)
         ->  Sort  (cost=2439289.49..2460122.70 rows=8333282 width=20) (actual time=7813.448..7822.635 rows=100000 loops=1)
               Sort Key: s_4.a, s_4.b, s_4.c, s_4.d, s_4.e
               Sort Method: external merge  Disk: 293608kB
               ->  Gather Merge  (cost=649942.06..1622226.17 rows=8333282 width=20) (actual time=846.669..2824.051 rows=10000000 loops=1)
                     Workers Planned: 2
                     Workers Launched: 2
                     ->  Sort  (cost=648942.04..659358.64 rows=4166641 width=20) (actual time=843.220..1172.942 rows=3333333 loops=3)
                           Sort Key: s_4.a, s_4.b, s_4.c, s_4.d
                           Sort Method: external merge  Disk: 96640kB
                           Worker 0:  Sort Method: external merge  Disk: 98544kB
                           Worker 1:  Sort Method: external merge  Disk: 98424kB
                           ->  Parallel Seq Scan on s_4  (cost=0.00..105361.41 rows=4166641 width=20) (actual time=0.024..230.811 rows=3333333 loops=3)
 Planning time: 0.254 ms
 Execution time: 7872.636 ms
(16 rows)

===== 185 [Wed Mar  7 08:44:03 CET 2018] scale:10000000 groups:100 work_mem:16MB incremental:on max_workers:2 =====
SELECT * FROM (SELECT * FROM s_1 ORDER BY a) foo ORDER BY a, b LIMIT 100000
                                                                       QUERY PLAN                                                                       
--------------------------------------------------------------------------------------------------------------------------------------------------------
 Limit  (cost=671526.07..671526.07 rows=1 width=20) (actual time=746.081..746.081 rows=0 loops=1)
   ->  Limit  (cost=668774.16..670526.07 rows=100000 width=20) (actual time=689.017..743.322 rows=100000 loops=1)
         ->  Incremental Sort  (cost=668774.16..843963.55 rows=9999939 width=20) (actual time=689.016..737.850 rows=100000 loops=1)
               Sort Key: s_1.a, s_1.b
               Presorted Key: s_1.a
               Sort Method: quicksort  Memory: 10906kB
               Sort Groups: 2
               ->  Gather Merge  (cost=649942.06..1622226.17 rows=8333282 width=20) (actual time=668.259..692.844 rows=150242 loops=1)
                     Workers Planned: 2
                     Workers Launched: 2
                     ->  Sort  (cost=648942.04..659358.64 rows=4166641 width=20) (actual time=666.739..671.612 rows=50776 loops=3)
                           Sort Key: s_1.a
                           Sort Method: external merge  Disk: 97928kB
                           Worker 0:  Sort Method: external merge  Disk: 98016kB
                           Worker 1:  Sort Method: external merge  Disk: 97976kB
                           ->  Parallel Seq Scan on s_1  (cost=0.00..105361.41 rows=4166641 width=20) (actual time=0.022..229.691 rows=3333333 loops=3)
 Planning time: 0.248 ms
 Execution time: 772.814 ms
(18 rows)

===== 186 [Wed Mar  7 08:44:07 CET 2018] scale:10000000 groups:100 work_mem:16MB incremental:on max_workers:2 =====
SELECT * FROM (SELECT * FROM s_2 ORDER BY a, b) foo ORDER BY a, b, c LIMIT 100000
                                                                       QUERY PLAN                                                                       
--------------------------------------------------------------------------------------------------------------------------------------------------------
 Limit  (cost=653012.90..653012.90 rows=1 width=20) (actual time=781.227..781.227 rows=0 loops=1)
   ->  Limit  (cost=650105.49..652012.90 rows=100000 width=20) (actual time=723.791..778.461 rows=100000 loops=1)
         ->  Incremental Sort  (cost=650105.49..840848.07 rows=10000054 width=20) (actual time=723.790..772.986 rows=100000 loops=1)
               Sort Key: s_2.a, s_2.b, s_2.c
               Presorted Key: s_2.a, s_2.b
               Sort Method: quicksort  Memory: 134kB
               Sort Groups: 152
               ->  Gather Merge  (cost=649951.66..1622246.98 rows=8333378 width=20) (actual time=723.632..742.196 rows=100611 loops=1)
                     Workers Planned: 2
                     Workers Launched: 2
                     ->  Sort  (cost=648951.64..659368.36 rows=4166689 width=20) (actual time=720.613..723.962 rows=34238 loops=3)
                           Sort Key: s_2.a, s_2.b
                           Sort Method: external merge  Disk: 95744kB
                           Worker 0:  Sort Method: external merge  Disk: 99072kB
                           Worker 1:  Sort Method: external merge  Disk: 99088kB
                           ->  Parallel Seq Scan on s_2  (cost=0.00..105361.89 rows=4166689 width=20) (actual time=0.023..231.543 rows=3333333 loops=3)
 Planning time: 0.269 ms
 Execution time: 806.727 ms
(18 rows)

===== 187 [Wed Mar  7 08:44:11 CET 2018] scale:10000000 groups:100 work_mem:16MB incremental:on max_workers:2 =====
SELECT * FROM (SELECT * FROM s_3 ORDER BY a, b, c) foo ORDER BY a, b, c, d LIMIT 100000
                                                                       QUERY PLAN                                                                       
--------------------------------------------------------------------------------------------------------------------------------------------------------
 Limit  (cost=653026.73..653026.73 rows=1 width=20) (actual time=801.210..801.210 rows=0 loops=1)
   ->  Limit  (cost=649952.90..652026.73 rows=100000 width=20) (actual time=746.262..798.458 rows=100000 loops=1)
         ->  Incremental Sort  (cost=649952.90..857336.57 rows=10000054 width=20) (actual time=746.261..792.937 rows=100000 loops=1)
               Sort Key: s_3.a, s_3.b, s_3.c, s_3.d
               Presorted Key: s_3.a, s_3.b, s_3.c
               Sort Method: quicksort  Memory: 28kB
               Sort Groups: 2803
               ->  Gather Merge  (cost=649951.66..1622246.98 rows=8333378 width=20) (actual time=746.210..766.682 rows=100007 loops=1)
                     Workers Planned: 2
                     Workers Launched: 2
                     ->  Sort  (cost=648951.64..659368.36 rows=4166689 width=20) (actual time=743.840..747.205 rows=34012 loops=3)
                           Sort Key: s_3.a, s_3.b, s_3.c
                           Sort Method: external merge  Disk: 95784kB
                           Worker 0:  Sort Method: external merge  Disk: 99080kB
                           Worker 1:  Sort Method: external merge  Disk: 99048kB
                           ->  Parallel Seq Scan on s_3  (cost=0.00..105361.89 rows=4166689 width=20) (actual time=0.023..231.519 rows=3333333 loops=3)
 Planning time: 0.260 ms
 Execution time: 827.364 ms
(18 rows)

===== 188 [Wed Mar  7 08:44:15 CET 2018] scale:10000000 groups:100 work_mem:16MB incremental:on max_workers:2 =====
SELECT * FROM (SELECT * FROM s_4 ORDER BY a, b, c, d) foo ORDER BY a, b, c, d, e LIMIT 100000
                                                                       QUERY PLAN                                                                       
--------------------------------------------------------------------------------------------------------------------------------------------------------
 Limit  (cost=653017.12..653017.12 rows=1 width=20) (actual time=810.919..810.919 rows=0 loops=1)
   ->  Limit  (cost=649943.30..652017.12 rows=100000 width=20) (actual time=764.820..808.162 rows=100000 loops=1)
         ->  Incremental Sort  (cost=649943.30..857324.74 rows=9999939 width=20) (actual time=764.819..802.647 rows=100000 loops=1)
               Sort Key: s_4.a, s_4.b, s_4.c, s_4.d, s_4.e
               Presorted Key: s_4.a, s_4.b, s_4.c, s_4.d
               Sort Method: quicksort  Memory: 27kB
               Sort Groups: 3122
               ->  Gather Merge  (cost=649942.06..1622226.17 rows=8333282 width=20) (actual time=764.772..785.342 rows=100008 loops=1)
                     Workers Planned: 2
                     Workers Launched: 2
                     ->  Sort  (cost=648942.04..659358.64 rows=4166641 width=20) (actual time=762.856..766.232 rows=33958 loops=3)
                           Sort Key: s_4.a, s_4.b, s_4.c, s_4.d
                           Sort Method: external merge  Disk: 95784kB
                           Worker 0:  Sort Method: external merge  Disk: 99000kB
                           Worker 1:  Sort Method: external merge  Disk: 99128kB
                           ->  Parallel Seq Scan on s_4  (cost=0.00..105361.41 rows=4166641 width=20) (actual time=0.024..230.419 rows=3333333 loops=3)
 Planning time: 0.270 ms
 Execution time: 836.815 ms
(18 rows)

===== 189 [Wed Mar  7 08:44:19 CET 2018] scale:10000000 groups:100 work_mem:16MB incremental:off max_workers:2 =====
SELECT * FROM (SELECT * FROM s_1 ORDER BY a) foo ORDER BY a, b LIMIT 100000
                                                                QUERY PLAN                                                                
------------------------------------------------------------------------------------------------------------------------------------------
 Limit  (cost=2538166.58..2538166.58 rows=1 width=20) (actual time=6083.073..6083.073 rows=0 loops=1)
   ->  Limit  (cost=2536916.58..2537166.58 rows=100000 width=20) (actual time=6065.572..6080.252 rows=100000 loops=1)
         ->  Sort  (cost=2536916.58..2561916.43 rows=9999939 width=20) (actual time=6065.571..6074.661 rows=100000 loops=1)
               Sort Key: s_1.a, s_1.b
               Sort Method: external merge  Disk: 293904kB
               ->  Sort  (cost=1531440.69..1556440.54 rows=9999939 width=20) (actual time=1882.947..2820.603 rows=10000000 loops=1)
                     Sort Key: s_1.a
                     Sort Method: external merge  Disk: 293904kB
                     ->  Seq Scan on s_1  (cost=0.00..163694.39 rows=9999939 width=20) (actual time=0.023..630.852 rows=10000000 loops=1)
 Planning time: 0.229 ms
 Execution time: 6145.704 ms
(11 rows)

===== 190 [Wed Mar  7 08:44:52 CET 2018] scale:10000000 groups:100 work_mem:16MB incremental:off max_workers:2 =====
SELECT * FROM (SELECT * FROM s_2 ORDER BY a, b) foo ORDER BY a, b, c LIMIT 100000
                                                                QUERY PLAN                                                                 
-------------------------------------------------------------------------------------------------------------------------------------------
 Limit  (cost=2538196.99..2538196.99 rows=1 width=20) (actual time=7280.289..7280.289 rows=0 loops=1)
   ->  Limit  (cost=2536946.99..2537196.99 rows=100000 width=20) (actual time=7262.700..7277.470 rows=100000 loops=1)
         ->  Sort  (cost=2536946.99..2561947.13 rows=10000054 width=20) (actual time=7262.699..7271.857 rows=100000 loops=1)
               Sort Key: s_2.a, s_2.b, s_2.c
               Sort Method: external merge  Disk: 293904kB
               ->  Sort  (cost=1531459.54..1556459.68 rows=10000054 width=20) (actual time=2077.057..3048.431 rows=10000000 loops=1)
                     Sort Key: s_2.a, s_2.b
                     Sort Method: external merge  Disk: 293904kB
                     ->  Seq Scan on s_2  (cost=0.00..163695.54 rows=10000054 width=20) (actual time=0.029..623.073 rows=10000000 loops=1)
 Planning time: 0.248 ms
 Execution time: 7343.230 ms
(11 rows)

===== 191 [Wed Mar  7 08:45:31 CET 2018] scale:10000000 groups:100 work_mem:16MB incremental:off max_workers:2 =====
SELECT * FROM (SELECT * FROM s_3 ORDER BY a, b, c) foo ORDER BY a, b, c, d LIMIT 100000
                                                                QUERY PLAN                                                                 
-------------------------------------------------------------------------------------------------------------------------------------------
 Limit  (cost=2538196.99..2538196.99 rows=1 width=20) (actual time=8096.219..8096.219 rows=0 loops=1)
   ->  Limit  (cost=2536946.99..2537196.99 rows=100000 width=20) (actual time=8078.642..8093.399 rows=100000 loops=1)
         ->  Sort  (cost=2536946.99..2561947.13 rows=10000054 width=20) (actual time=8078.641..8087.793 rows=100000 loops=1)
               Sort Key: s_3.a, s_3.b, s_3.c, s_3.d
               Sort Method: external merge  Disk: 293904kB
               ->  Sort  (cost=1531459.54..1556459.68 rows=10000054 width=20) (actual time=2166.746..3138.074 rows=10000000 loops=1)
                     Sort Key: s_3.a, s_3.b, s_3.c
                     Sort Method: external merge  Disk: 293904kB
                     ->  Seq Scan on s_3  (cost=0.00..163695.54 rows=10000054 width=20) (actual time=0.029..624.969 rows=10000000 loops=1)
 Planning time: 0.241 ms
 Execution time: 8159.129 ms
(11 rows)

===== 192 [Wed Mar  7 08:46:15 CET 2018] scale:10000000 groups:100 work_mem:16MB incremental:off max_workers:2 =====
SELECT * FROM (SELECT * FROM s_4 ORDER BY a, b, c, d) foo ORDER BY a, b, c, d, e LIMIT 100000
                                                                QUERY PLAN                                                                
------------------------------------------------------------------------------------------------------------------------------------------
 Limit  (cost=2538166.58..2538166.58 rows=1 width=20) (actual time=7491.439..7491.439 rows=0 loops=1)
   ->  Limit  (cost=2536916.58..2537166.58 rows=100000 width=20) (actual time=7473.959..7488.646 rows=100000 loops=1)
         ->  Sort  (cost=2536916.58..2561916.43 rows=9999939 width=20) (actual time=7473.958..7483.043 rows=100000 loops=1)
               Sort Key: s_4.a, s_4.b, s_4.c, s_4.d, s_4.e
               Sort Method: external merge  Disk: 293904kB
               ->  Sort  (cost=1531440.69..1556440.54 rows=9999939 width=20) (actual time=2223.435..3195.220 rows=10000000 loops=1)
                     Sort Key: s_4.a, s_4.b, s_4.c, s_4.d
                     Sort Method: external merge  Disk: 293904kB
                     ->  Seq Scan on s_4  (cost=0.00..163694.39 rows=9999939 width=20) (actual time=0.032..623.463 rows=10000000 loops=1)
 Planning time: 0.258 ms
 Execution time: 7554.226 ms
(11 rows)

===== 193 [Wed Mar  7 08:46:56 CET 2018] scale:10000000 groups:100 work_mem:32MB incremental:on max_workers:2 =====
SELECT * FROM (SELECT * FROM s_1 ORDER BY a) foo ORDER BY a, b LIMIT 100000
                                                                       QUERY PLAN                                                                       
--------------------------------------------------------------------------------------------------------------------------------------------------------
 Limit  (cost=671526.07..671526.07 rows=1 width=20) (actual time=765.262..765.262 rows=0 loops=1)
   ->  Limit  (cost=668774.16..670526.07 rows=100000 width=20) (actual time=709.380..762.507 rows=100000 loops=1)
         ->  Incremental Sort  (cost=668774.16..843963.55 rows=9999939 width=20) (actual time=709.379..757.040 rows=100000 loops=1)
               Sort Key: s_1.a, s_1.b
               Presorted Key: s_1.a
               Sort Method: quicksort  Memory: 10906kB
               Sort Groups: 2
               ->  Gather Merge  (cost=649942.06..1622226.17 rows=8333282 width=20) (actual time=688.615..712.620 rows=150242 loops=1)
                     Workers Planned: 2
                     Workers Launched: 2
                     ->  Sort  (cost=648942.04..659358.64 rows=4166641 width=20) (actual time=686.681..691.335 rows=50847 loops=3)
                           Sort Key: s_1.a
                           Sort Method: external merge  Disk: 97432kB
                           Worker 0:  Sort Method: external merge  Disk: 97944kB
                           Worker 1:  Sort Method: external merge  Disk: 98208kB
                           ->  Parallel Seq Scan on s_1  (cost=0.00..105361.41 rows=4166641 width=20) (actual time=0.022..229.187 rows=3333333 loops=3)
 Planning time: 0.253 ms
 Execution time: 793.623 ms
(18 rows)

===== 194 [Wed Mar  7 08:47:00 CET 2018] scale:10000000 groups:100 work_mem:32MB incremental:on max_workers:2 =====
SELECT * FROM (SELECT * FROM s_2 ORDER BY a, b) foo ORDER BY a, b, c LIMIT 100000
                                                                       QUERY PLAN                                                                       
--------------------------------------------------------------------------------------------------------------------------------------------------------
 Limit  (cost=653012.90..653012.90 rows=1 width=20) (actual time=799.761..799.761 rows=0 loops=1)
   ->  Limit  (cost=650105.49..652012.90 rows=100000 width=20) (actual time=742.590..796.999 rows=100000 loops=1)
         ->  Incremental Sort  (cost=650105.49..840848.07 rows=10000054 width=20) (actual time=742.589..791.507 rows=100000 loops=1)
               Sort Key: s_2.a, s_2.b, s_2.c
               Presorted Key: s_2.a, s_2.b
               Sort Method: quicksort  Memory: 134kB
               Sort Groups: 152
               ->  Gather Merge  (cost=649951.66..1622246.98 rows=8333378 width=20) (actual time=742.418..760.785 rows=100611 loops=1)
                     Workers Planned: 2
                     Workers Launched: 2
                     ->  Sort  (cost=648951.64..659368.36 rows=4166689 width=20) (actual time=736.522..739.661 rows=34192 loops=3)
                           Sort Key: s_2.a, s_2.b
                           Sort Method: external merge  Disk: 94336kB
                           Worker 0:  Sort Method: external merge  Disk: 99816kB
                           Worker 1:  Sort Method: external merge  Disk: 99432kB
                           ->  Parallel Seq Scan on s_2  (cost=0.00..105361.89 rows=4166689 width=20) (actual time=0.024..230.332 rows=3333333 loops=3)
 Planning time: 0.254 ms
 Execution time: 827.014 ms
(18 rows)

===== 195 [Wed Mar  7 08:47:04 CET 2018] scale:10000000 groups:100 work_mem:32MB incremental:on max_workers:2 =====
SELECT * FROM (SELECT * FROM s_3 ORDER BY a, b, c) foo ORDER BY a, b, c, d LIMIT 100000
                                                                       QUERY PLAN                                                                       
--------------------------------------------------------------------------------------------------------------------------------------------------------
 Limit  (cost=653026.73..653026.73 rows=1 width=20) (actual time=821.112..821.112 rows=0 loops=1)
   ->  Limit  (cost=649952.90..652026.73 rows=100000 width=20) (actual time=766.340..818.357 rows=100000 loops=1)
         ->  Incremental Sort  (cost=649952.90..857336.57 rows=10000054 width=20) (actual time=766.339..812.833 rows=100000 loops=1)
               Sort Key: s_3.a, s_3.b, s_3.c, s_3.d
               Presorted Key: s_3.a, s_3.b, s_3.c
               Sort Method: quicksort  Memory: 28kB
               Sort Groups: 2803
               ->  Gather Merge  (cost=649951.66..1622246.98 rows=8333378 width=20) (actual time=766.288..786.641 rows=100007 loops=1)
                     Workers Planned: 2
                     Workers Launched: 2
                     ->  Sort  (cost=648951.64..659368.36 rows=4166689 width=20) (actual time=761.013..764.216 rows=33996 loops=3)
                           Sort Key: s_3.a, s_3.b, s_3.c
                           Sort Method: external merge  Disk: 95104kB
                           Worker 0:  Sort Method: external merge  Disk: 98992kB
                           Worker 1:  Sort Method: external merge  Disk: 99488kB
                           ->  Parallel Seq Scan on s_3  (cost=0.00..105361.89 rows=4166689 width=20) (actual time=0.023..230.064 rows=3333333 loops=3)
 Planning time: 0.255 ms
 Execution time: 848.364 ms
(18 rows)

===== 196 [Wed Mar  7 08:47:09 CET 2018] scale:10000000 groups:100 work_mem:32MB incremental:on max_workers:2 =====
SELECT * FROM (SELECT * FROM s_4 ORDER BY a, b, c, d) foo ORDER BY a, b, c, d, e LIMIT 100000
                                                                       QUERY PLAN                                                                       
--------------------------------------------------------------------------------------------------------------------------------------------------------
 Limit  (cost=653017.12..653017.12 rows=1 width=20) (actual time=831.900..831.900 rows=0 loops=1)
   ->  Limit  (cost=649943.30..652017.12 rows=100000 width=20) (actual time=786.009..829.149 rows=100000 loops=1)
         ->  Incremental Sort  (cost=649943.30..857324.74 rows=9999939 width=20) (actual time=786.009..823.639 rows=100000 loops=1)
               Sort Key: s_4.a, s_4.b, s_4.c, s_4.d, s_4.e
               Presorted Key: s_4.a, s_4.b, s_4.c, s_4.d
               Sort Method: quicksort  Memory: 27kB
               Sort Groups: 3122
               ->  Gather Merge  (cost=649942.06..1622226.17 rows=8333282 width=20) (actual time=785.961..806.332 rows=100008 loops=1)
                     Workers Planned: 2
                     Workers Launched: 2
                     ->  Sort  (cost=648942.04..659358.64 rows=4166641 width=20) (actual time=780.330..783.518 rows=33960 loops=3)
                           Sort Key: s_4.a, s_4.b, s_4.c, s_4.d
                           Sort Method: external merge  Disk: 95040kB
                           Worker 0:  Sort Method: external merge  Disk: 99296kB
                           Worker 1:  Sort Method: external merge  Disk: 99248kB
                           ->  Parallel Seq Scan on s_4  (cost=0.00..105361.41 rows=4166641 width=20) (actual time=0.023..229.083 rows=3333333 loops=3)
 Planning time: 0.259 ms
 Execution time: 859.433 ms
(18 rows)

===== 197 [Wed Mar  7 08:47:13 CET 2018] scale:10000000 groups:100 work_mem:32MB incremental:off max_workers:2 =====
SELECT * FROM (SELECT * FROM s_1 ORDER BY a) foo ORDER BY a, b LIMIT 100000
                                                                QUERY PLAN                                                                
------------------------------------------------------------------------------------------------------------------------------------------
 Limit  (cost=2538166.58..2538166.58 rows=1 width=20) (actual time=3515.187..3515.187 rows=0 loops=1)
   ->  Limit  (cost=2536916.58..2537166.58 rows=100000 width=20) (actual time=3499.553..3512.441 rows=100000 loops=1)
         ->  Sort  (cost=2536916.58..2561916.43 rows=9999939 width=20) (actual time=3499.552..3506.970 rows=100000 loops=1)
               Sort Key: s_1.a, s_1.b
               Sort Method: top-N heapsort  Memory: 16650kB
               ->  Sort  (cost=1531440.69..1556440.54 rows=9999939 width=20) (actual time=1860.325..2795.973 rows=10000000 loops=1)
                     Sort Key: s_1.a
                     Sort Method: external merge  Disk: 293576kB
                     ->  Seq Scan on s_1  (cost=0.00..163694.39 rows=9999939 width=20) (actual time=0.024..628.033 rows=10000000 loops=1)
 Planning time: 0.235 ms
 Execution time: 3549.844 ms
(11 rows)

===== 198 [Wed Mar  7 08:47:30 CET 2018] scale:10000000 groups:100 work_mem:32MB incremental:off max_workers:2 =====
SELECT * FROM (SELECT * FROM s_2 ORDER BY a, b) foo ORDER BY a, b, c LIMIT 100000
                                                                QUERY PLAN                                                                 
-------------------------------------------------------------------------------------------------------------------------------------------
 Limit  (cost=2538196.99..2538196.99 rows=1 width=20) (actual time=3791.398..3791.398 rows=0 loops=1)
   ->  Limit  (cost=2536946.99..2537196.99 rows=100000 width=20) (actual time=3777.937..3788.645 rows=100000 loops=1)
         ->  Sort  (cost=2536946.99..2561947.13 rows=10000054 width=20) (actual time=3777.936..3783.207 rows=100000 loops=1)
               Sort Key: s_2.a, s_2.b, s_2.c
               Sort Method: top-N heapsort  Memory: 13985kB
               ->  Sort  (cost=1531459.54..1556459.68 rows=10000054 width=20) (actual time=2038.531..3047.370 rows=10000000 loops=1)
                     Sort Key: s_2.a, s_2.b
                     Sort Method: external merge  Disk: 293576kB
                     ->  Seq Scan on s_2  (cost=0.00..163695.54 rows=10000054 width=20) (actual time=0.028..621.170 rows=10000000 loops=1)
 Planning time: 0.248 ms
 Execution time: 3825.988 ms
(11 rows)

===== 199 [Wed Mar  7 08:47:48 CET 2018] scale:10000000 groups:100 work_mem:32MB incremental:off max_workers:2 =====
SELECT * FROM (SELECT * FROM s_3 ORDER BY a, b, c) foo ORDER BY a, b, c, d LIMIT 100000
                                                                QUERY PLAN                                                                 
-------------------------------------------------------------------------------------------------------------------------------------------
 Limit  (cost=2538196.99..2538196.99 rows=1 width=20) (actual time=3894.857..3894.857 rows=0 loops=1)
   ->  Limit  (cost=2536946.99..2537196.99 rows=100000 width=20) (actual time=3882.298..3892.098 rows=100000 loops=1)
         ->  Sort  (cost=2536946.99..2561947.13 rows=10000054 width=20) (actual time=3882.298..3886.662 rows=100000 loops=1)
               Sort Key: s_3.a, s_3.b, s_3.c, s_3.d
               Sort Method: top-N heapsort  Memory: 13957kB
               ->  Sort  (cost=1531459.54..1556459.68 rows=10000054 width=20) (actual time=2124.791..3134.314 rows=10000000 loops=1)
                     Sort Key: s_3.a, s_3.b, s_3.c
                     Sort Method: external merge  Disk: 293576kB
                     ->  Seq Scan on s_3  (cost=0.00..163695.54 rows=10000054 width=20) (actual time=0.028..623.571 rows=10000000 loops=1)
 Planning time: 0.239 ms
 Execution time: 3929.408 ms
(11 rows)

===== 200 [Wed Mar  7 08:48:06 CET 2018] scale:10000000 groups:100 work_mem:32MB incremental:off max_workers:2 =====
SELECT * FROM (SELECT * FROM s_4 ORDER BY a, b, c, d) foo ORDER BY a, b, c, d, e LIMIT 100000
                                                                QUERY PLAN                                                                
------------------------------------------------------------------------------------------------------------------------------------------
 Limit  (cost=2538166.58..2538166.58 rows=1 width=20) (actual time=3963.194..3963.194 rows=0 loops=1)
   ->  Limit  (cost=2536916.58..2537166.58 rows=100000 width=20) (actual time=3950.974..3960.445 rows=100000 loops=1)
         ->  Sort  (cost=2536916.58..2561916.43 rows=9999939 width=20) (actual time=3950.974..3955.001 rows=100000 loops=1)
               Sort Key: s_4.a, s_4.b, s_4.c, s_4.d, s_4.e
               Sort Method: top-N heapsort  Memory: 13957kB
               ->  Sort  (cost=1531440.69..1556440.54 rows=9999939 width=20) (actual time=2188.246..3198.846 rows=10000000 loops=1)
                     Sort Key: s_4.a, s_4.b, s_4.c, s_4.d
                     Sort Method: external merge  Disk: 293576kB
                     ->  Seq Scan on s_4  (cost=0.00..163694.39 rows=9999939 width=20) (actual time=0.032..621.400 rows=10000000 loops=1)
 Planning time: 0.246 ms
 Execution time: 3997.652 ms
(11 rows)

===== 201 [Wed Mar  7 08:48:25 CET 2018] scale:10000000 groups:100 work_mem:64MB incremental:on max_workers:2 =====
SELECT * FROM (SELECT * FROM s_1 ORDER BY a) foo ORDER BY a, b LIMIT 100000
                                                                       QUERY PLAN                                                                       
--------------------------------------------------------------------------------------------------------------------------------------------------------
 Limit  (cost=671526.07..671526.07 rows=1 width=20) (actual time=799.384..799.384 rows=0 loops=1)
   ->  Limit  (cost=668774.16..670526.07 rows=100000 width=20) (actual time=744.488..796.634 rows=100000 loops=1)
         ->  Incremental Sort  (cost=668774.16..843963.55 rows=9999939 width=20) (actual time=744.488..791.160 rows=100000 loops=1)
               Sort Key: s_1.a, s_1.b
               Presorted Key: s_1.a
               Sort Method: quicksort  Memory: 10906kB
               Sort Groups: 2
               ->  Gather Merge  (cost=649942.06..1622226.17 rows=8333282 width=20) (actual time=726.020..749.584 rows=150242 loops=1)
                     Workers Planned: 2
                     Workers Launched: 2
                     ->  Sort  (cost=648942.04..659358.64 rows=4166641 width=20) (actual time=723.437..728.018 rows=50797 loops=3)
                           Sort Key: s_1.a
                           Sort Method: external merge  Disk: 97344kB
                           Worker 0:  Sort Method: external merge  Disk: 98432kB
                           Worker 1:  Sort Method: external merge  Disk: 97872kB
                           ->  Parallel Seq Scan on s_1  (cost=0.00..105361.41 rows=4166641 width=20) (actual time=0.022..230.491 rows=3333333 loops=3)
 Planning time: 0.250 ms
 Execution time: 830.306 ms
(18 rows)

===== 202 [Wed Mar  7 08:48:29 CET 2018] scale:10000000 groups:100 work_mem:64MB incremental:on max_workers:2 =====
SELECT * FROM (SELECT * FROM s_2 ORDER BY a, b) foo ORDER BY a, b, c LIMIT 100000
                                                                       QUERY PLAN                                                                       
--------------------------------------------------------------------------------------------------------------------------------------------------------
 Limit  (cost=653012.90..653012.90 rows=1 width=20) (actual time=837.565..837.565 rows=0 loops=1)
   ->  Limit  (cost=650105.49..652012.90 rows=100000 width=20) (actual time=780.387..834.806 rows=100000 loops=1)
         ->  Incremental Sort  (cost=650105.49..840848.07 rows=10000054 width=20) (actual time=780.387..829.339 rows=100000 loops=1)
               Sort Key: s_2.a, s_2.b, s_2.c
               Presorted Key: s_2.a, s_2.b
               Sort Method: quicksort  Memory: 134kB
               Sort Groups: 152
               ->  Gather Merge  (cost=649951.66..1622246.98 rows=8333378 width=20) (actual time=780.223..798.622 rows=100611 loops=1)
                     Workers Planned: 2
                     Workers Launched: 2
                     ->  Sort  (cost=648951.64..659368.36 rows=4166689 width=20) (actual time=773.641..776.809 rows=34140 loops=3)
                           Sort Key: s_2.a, s_2.b
                           Sort Method: external merge  Disk: 93960kB
                           Worker 0:  Sort Method: external merge  Disk: 100104kB
                           Worker 1:  Sort Method: external merge  Disk: 99584kB
                           ->  Parallel Seq Scan on s_2  (cost=0.00..105361.89 rows=4166689 width=20) (actual time=0.024..230.461 rows=3333333 loops=3)
 Planning time: 0.268 ms
 Execution time: 868.177 ms
(18 rows)

===== 203 [Wed Mar  7 08:48:33 CET 2018] scale:10000000 groups:100 work_mem:64MB incremental:on max_workers:2 =====
SELECT * FROM (SELECT * FROM s_3 ORDER BY a, b, c) foo ORDER BY a, b, c, d LIMIT 100000
                                                                       QUERY PLAN                                                                       
--------------------------------------------------------------------------------------------------------------------------------------------------------
 Limit  (cost=653026.73..653026.73 rows=1 width=20) (actual time=858.989..858.989 rows=0 loops=1)
   ->  Limit  (cost=649952.90..652026.73 rows=100000 width=20) (actual time=804.088..856.236 rows=100000 loops=1)
         ->  Incremental Sort  (cost=649952.90..857336.57 rows=10000054 width=20) (actual time=804.088..850.710 rows=100000 loops=1)
               Sort Key: s_3.a, s_3.b, s_3.c, s_3.d
               Presorted Key: s_3.a, s_3.b, s_3.c
               Sort Method: quicksort  Memory: 28kB
               Sort Groups: 2803
               ->  Gather Merge  (cost=649951.66..1622246.98 rows=8333378 width=20) (actual time=804.036..824.392 rows=100007 loops=1)
                     Workers Planned: 2
                     Workers Launched: 2
                     ->  Sort  (cost=648951.64..659368.36 rows=4166689 width=20) (actual time=798.154..801.362 rows=34048 loops=3)
                           Sort Key: s_3.a, s_3.b, s_3.c
                           Sort Method: external merge  Disk: 94768kB
                           Worker 0:  Sort Method: external merge  Disk: 99144kB
                           Worker 1:  Sort Method: external merge  Disk: 99736kB
                           ->  Parallel Seq Scan on s_3  (cost=0.00..105361.89 rows=4166689 width=20) (actual time=0.023..230.982 rows=3333333 loops=3)
 Planning time: 0.261 ms
 Execution time: 889.659 ms
(18 rows)

===== 204 [Wed Mar  7 08:48:38 CET 2018] scale:10000000 groups:100 work_mem:64MB incremental:on max_workers:2 =====
SELECT * FROM (SELECT * FROM s_4 ORDER BY a, b, c, d) foo ORDER BY a, b, c, d, e LIMIT 100000
                                                                       QUERY PLAN                                                                       
--------------------------------------------------------------------------------------------------------------------------------------------------------
 Limit  (cost=653017.12..653017.12 rows=1 width=20) (actual time=868.811..868.811 rows=0 loops=1)
   ->  Limit  (cost=649943.30..652017.12 rows=100000 width=20) (actual time=822.776..866.053 rows=100000 loops=1)
         ->  Incremental Sort  (cost=649943.30..857324.74 rows=9999939 width=20) (actual time=822.776..860.532 rows=100000 loops=1)
               Sort Key: s_4.a, s_4.b, s_4.c, s_4.d, s_4.e
               Presorted Key: s_4.a, s_4.b, s_4.c, s_4.d
               Sort Method: quicksort  Memory: 27kB
               Sort Groups: 3122
               ->  Gather Merge  (cost=649942.06..1622226.17 rows=8333282 width=20) (actual time=822.722..843.101 rows=100008 loops=1)
                     Workers Planned: 2
                     Workers Launched: 2
                     ->  Sort  (cost=648942.04..659358.64 rows=4166641 width=20) (actual time=817.069..820.267 rows=33998 loops=3)
                           Sort Key: s_4.a, s_4.b, s_4.c, s_4.d
                           Sort Method: external merge  Disk: 94680kB
                           Worker 0:  Sort Method: external merge  Disk: 99528kB
                           Worker 1:  Sort Method: external merge  Disk: 99440kB
                           ->  Parallel Seq Scan on s_4  (cost=0.00..105361.41 rows=4166641 width=20) (actual time=0.023..230.065 rows=3333333 loops=3)
 Planning time: 0.269 ms
 Execution time: 899.435 ms
(18 rows)

===== 205 [Wed Mar  7 08:48:43 CET 2018] scale:10000000 groups:100 work_mem:64MB incremental:off max_workers:2 =====
SELECT * FROM (SELECT * FROM s_1 ORDER BY a) foo ORDER BY a, b LIMIT 100000
                                                                QUERY PLAN                                                                
------------------------------------------------------------------------------------------------------------------------------------------
 Limit  (cost=2538166.58..2538166.58 rows=1 width=20) (actual time=3567.477..3567.477 rows=0 loops=1)
   ->  Limit  (cost=2536916.58..2537166.58 rows=100000 width=20) (actual time=3551.826..3564.737 rows=100000 loops=1)
         ->  Sort  (cost=2536916.58..2561916.43 rows=9999939 width=20) (actual time=3551.825..3559.276 rows=100000 loops=1)
               Sort Key: s_1.a, s_1.b
               Sort Method: top-N heapsort  Memory: 16650kB
               ->  Sort  (cost=1531440.69..1556440.54 rows=9999939 width=20) (actual time=1881.498..2821.940 rows=10000000 loops=1)
                     Sort Key: s_1.a
                     Sort Method: external merge  Disk: 293648kB
                     ->  Seq Scan on s_1  (cost=0.00..163694.39 rows=9999939 width=20) (actual time=0.024..629.176 rows=10000000 loops=1)
 Planning time: 0.237 ms
 Execution time: 3604.320 ms
(11 rows)

===== 206 [Wed Mar  7 08:49:00 CET 2018] scale:10000000 groups:100 work_mem:64MB incremental:off max_workers:2 =====
SELECT * FROM (SELECT * FROM s_2 ORDER BY a, b) foo ORDER BY a, b, c LIMIT 100000
                                                                QUERY PLAN                                                                 
-------------------------------------------------------------------------------------------------------------------------------------------
 Limit  (cost=2538196.99..2538196.99 rows=1 width=20) (actual time=3865.198..3865.198 rows=0 loops=1)
   ->  Limit  (cost=2536946.99..2537196.99 rows=100000 width=20) (actual time=3851.821..3862.537 rows=100000 loops=1)
         ->  Sort  (cost=2536946.99..2561947.13 rows=10000054 width=20) (actual time=3851.820..3857.122 rows=100000 loops=1)
               Sort Key: s_2.a, s_2.b, s_2.c
               Sort Method: top-N heapsort  Memory: 13985kB
               ->  Sort  (cost=1531459.54..1556459.68 rows=10000054 width=20) (actual time=2071.212..3094.587 rows=10000000 loops=1)
                     Sort Key: s_2.a, s_2.b
                     Sort Method: external merge  Disk: 293648kB
                     ->  Seq Scan on s_2  (cost=0.00..163695.54 rows=10000054 width=20) (actual time=0.029..620.356 rows=10000000 loops=1)
 Planning time: 0.245 ms
 Execution time: 3902.051 ms
(11 rows)

===== 207 [Wed Mar  7 08:49:18 CET 2018] scale:10000000 groups:100 work_mem:64MB incremental:off max_workers:2 =====
SELECT * FROM (SELECT * FROM s_3 ORDER BY a, b, c) foo ORDER BY a, b, c, d LIMIT 100000
                                                                QUERY PLAN                                                                 
-------------------------------------------------------------------------------------------------------------------------------------------
 Limit  (cost=2538196.99..2538196.99 rows=1 width=20) (actual time=3965.201..3965.201 rows=0 loops=1)
   ->  Limit  (cost=2536946.99..2537196.99 rows=100000 width=20) (actual time=3952.645..3962.454 rows=100000 loops=1)
         ->  Sort  (cost=2536946.99..2561947.13 rows=10000054 width=20) (actual time=3952.644..3957.003 rows=100000 loops=1)
               Sort Key: s_3.a, s_3.b, s_3.c, s_3.d
               Sort Method: top-N heapsort  Memory: 13957kB
               ->  Sort  (cost=1531459.54..1556459.68 rows=10000054 width=20) (actual time=2154.095..3178.533 rows=10000000 loops=1)
                     Sort Key: s_3.a, s_3.b, s_3.c
                     Sort Method: external merge  Disk: 293648kB
                     ->  Seq Scan on s_3  (cost=0.00..163695.54 rows=10000054 width=20) (actual time=0.029..623.416 rows=10000000 loops=1)
 Planning time: 0.242 ms
 Execution time: 4001.874 ms
(11 rows)

===== 208 [Wed Mar  7 08:49:36 CET 2018] scale:10000000 groups:100 work_mem:64MB incremental:off max_workers:2 =====
SELECT * FROM (SELECT * FROM s_4 ORDER BY a, b, c, d) foo ORDER BY a, b, c, d, e LIMIT 100000
                                                                QUERY PLAN                                                                
------------------------------------------------------------------------------------------------------------------------------------------
 Limit  (cost=2538166.58..2538166.58 rows=1 width=20) (actual time=4029.744..4029.744 rows=0 loops=1)
   ->  Limit  (cost=2536916.58..2537166.58 rows=100000 width=20) (actual time=4017.532..4026.986 rows=100000 loops=1)
         ->  Sort  (cost=2536916.58..2561916.43 rows=9999939 width=20) (actual time=4017.531..4021.557 rows=100000 loops=1)
               Sort Key: s_4.a, s_4.b, s_4.c, s_4.d, s_4.e
               Sort Method: top-N heapsort  Memory: 13957kB
               ->  Sort  (cost=1531440.69..1556440.54 rows=9999939 width=20) (actual time=2214.950..3239.488 rows=10000000 loops=1)
                     Sort Key: s_4.a, s_4.b, s_4.c, s_4.d
                     Sort Method: external merge  Disk: 293648kB
                     ->  Seq Scan on s_4  (cost=0.00..163694.39 rows=9999939 width=20) (actual time=0.031..621.667 rows=10000000 loops=1)
 Planning time: 0.244 ms
 Execution time: 4066.710 ms
(11 rows)

===== 209 [Wed Mar  7 08:49:55 CET 2018] scale:10000000 groups:100 work_mem:128MB incremental:on max_workers:2 =====
SELECT * FROM (SELECT * FROM s_1 ORDER BY a) foo ORDER BY a, b LIMIT 100000
                                                                       QUERY PLAN                                                                       
--------------------------------------------------------------------------------------------------------------------------------------------------------
 Limit  (cost=671526.07..671526.07 rows=1 width=20) (actual time=868.702..868.702 rows=0 loops=1)
   ->  Limit  (cost=668774.16..670526.07 rows=100000 width=20) (actual time=813.172..865.941 rows=100000 loops=1)
         ->  Incremental Sort  (cost=668774.16..843963.55 rows=9999939 width=20) (actual time=813.171..860.477 rows=100000 loops=1)
               Sort Key: s_1.a, s_1.b
               Presorted Key: s_1.a
               Sort Method: quicksort  Memory: 10906kB
               Sort Groups: 2
               ->  Gather Merge  (cost=649942.06..1622226.17 rows=8333282 width=20) (actual time=794.647..818.235 rows=150242 loops=1)
                     Workers Planned: 2
                     Workers Launched: 2
                     ->  Sort  (cost=648942.04..659358.64 rows=4166641 width=20) (actual time=790.659..795.222 rows=50749 loops=3)
                           Sort Key: s_1.a
                           Sort Method: external merge  Disk: 98888kB
                           Worker 0:  Sort Method: external merge  Disk: 97736kB
                           Worker 1:  Sort Method: external merge  Disk: 96952kB
                           ->  Parallel Seq Scan on s_1  (cost=0.00..105361.41 rows=4166641 width=20) (actual time=0.022..233.305 rows=3333333 loops=3)
 Planning time: 0.249 ms
 Execution time: 904.449 ms
(18 rows)

===== 210 [Wed Mar  7 08:50:00 CET 2018] scale:10000000 groups:100 work_mem:128MB incremental:on max_workers:2 =====
SELECT * FROM (SELECT * FROM s_2 ORDER BY a, b) foo ORDER BY a, b, c LIMIT 100000
                                                                       QUERY PLAN                                                                       
--------------------------------------------------------------------------------------------------------------------------------------------------------
 Limit  (cost=653012.90..653012.90 rows=1 width=20) (actual time=904.716..904.716 rows=0 loops=1)
   ->  Limit  (cost=650105.49..652012.90 rows=100000 width=20) (actual time=847.392..901.953 rows=100000 loops=1)
         ->  Incremental Sort  (cost=650105.49..840848.07 rows=10000054 width=20) (actual time=847.391..896.479 rows=100000 loops=1)
               Sort Key: s_2.a, s_2.b, s_2.c
               Presorted Key: s_2.a, s_2.b
               Sort Method: quicksort  Memory: 134kB
               Sort Groups: 152
               ->  Gather Merge  (cost=649951.66..1622246.98 rows=8333378 width=20) (actual time=847.228..865.584 rows=100611 loops=1)
                     Workers Planned: 2
                     Workers Launched: 2
                     ->  Sort  (cost=648951.64..659368.36 rows=4166689 width=20) (actual time=840.468..843.627 rows=34131 loops=3)
                           Sort Key: s_2.a, s_2.b
                           Sort Method: external merge  Disk: 93880kB
                           Worker 0:  Sort Method: external merge  Disk: 99504kB
                           Worker 1:  Sort Method: external merge  Disk: 100200kB
                           ->  Parallel Seq Scan on s_2  (cost=0.00..105361.89 rows=4166689 width=20) (actual time=0.024..233.275 rows=3333333 loops=3)
 Planning time: 0.263 ms
 Execution time: 939.917 ms
(18 rows)

===== 211 [Wed Mar  7 08:50:05 CET 2018] scale:10000000 groups:100 work_mem:128MB incremental:on max_workers:2 =====
SELECT * FROM (SELECT * FROM s_3 ORDER BY a, b, c) foo ORDER BY a, b, c, d LIMIT 100000
                                                                       QUERY PLAN                                                                       
--------------------------------------------------------------------------------------------------------------------------------------------------------
 Limit  (cost=653026.73..653026.73 rows=1 width=20) (actual time=926.212..926.212 rows=0 loops=1)
   ->  Limit  (cost=649952.90..652026.73 rows=100000 width=20) (actual time=871.422..923.454 rows=100000 loops=1)
         ->  Incremental Sort  (cost=649952.90..857336.57 rows=10000054 width=20) (actual time=871.421..917.933 rows=100000 loops=1)
               Sort Key: s_3.a, s_3.b, s_3.c, s_3.d
               Presorted Key: s_3.a, s_3.b, s_3.c
               Sort Method: quicksort  Memory: 28kB
               Sort Groups: 2803
               ->  Gather Merge  (cost=649951.66..1622246.98 rows=8333378 width=20) (actual time=871.370..891.728 rows=100007 loops=1)
                     Workers Planned: 2
                     Workers Launched: 2
                     ->  Sort  (cost=648951.64..659368.36 rows=4166689 width=20) (actual time=865.166..868.365 rows=34003 loops=3)
                           Sort Key: s_3.a, s_3.b, s_3.c
                           Sort Method: external merge  Disk: 94568kB
                           Worker 0:  Sort Method: external merge  Disk: 99504kB
                           Worker 1:  Sort Method: external merge  Disk: 99512kB
                           ->  Parallel Seq Scan on s_3  (cost=0.00..105361.89 rows=4166689 width=20) (actual time=0.023..234.127 rows=3333333 loops=3)
 Planning time: 0.253 ms
 Execution time: 961.649 ms
(18 rows)

===== 212 [Wed Mar  7 08:50:10 CET 2018] scale:10000000 groups:100 work_mem:128MB incremental:on max_workers:2 =====
SELECT * FROM (SELECT * FROM s_4 ORDER BY a, b, c, d) foo ORDER BY a, b, c, d, e LIMIT 100000
                                                                       QUERY PLAN                                                                       
--------------------------------------------------------------------------------------------------------------------------------------------------------
 Limit  (cost=653017.12..653017.12 rows=1 width=20) (actual time=937.333..937.333 rows=0 loops=1)
   ->  Limit  (cost=649943.30..652017.12 rows=100000 width=20) (actual time=891.408..934.582 rows=100000 loops=1)
         ->  Incremental Sort  (cost=649943.30..857324.74 rows=9999939 width=20) (actual time=891.407..929.066 rows=100000 loops=1)
               Sort Key: s_4.a, s_4.b, s_4.c, s_4.d, s_4.e
               Presorted Key: s_4.a, s_4.b, s_4.c, s_4.d
               Sort Method: quicksort  Memory: 27kB
               Sort Groups: 3122
               ->  Gather Merge  (cost=649942.06..1622226.17 rows=8333282 width=20) (actual time=891.359..911.736 rows=100008 loops=1)
                     Workers Planned: 2
                     Workers Launched: 2
                     ->  Sort  (cost=648942.04..659358.64 rows=4166641 width=20) (actual time=884.475..887.658 rows=33958 loops=3)
                           Sort Key: s_4.a, s_4.b, s_4.c, s_4.d
                           Sort Method: external merge  Disk: 94232kB
                           Worker 0:  Sort Method: external merge  Disk: 99616kB
                           Worker 1:  Sort Method: external merge  Disk: 99728kB
                           ->  Parallel Seq Scan on s_4  (cost=0.00..105361.41 rows=4166641 width=20) (actual time=0.023..233.254 rows=3333333 loops=3)
 Planning time: 0.271 ms
 Execution time: 972.812 ms
(18 rows)

===== 213 [Wed Mar  7 08:50:15 CET 2018] scale:10000000 groups:100 work_mem:128MB incremental:off max_workers:2 =====
SELECT * FROM (SELECT * FROM s_1 ORDER BY a) foo ORDER BY a, b LIMIT 100000
                                                                QUERY PLAN                                                                
------------------------------------------------------------------------------------------------------------------------------------------
 Limit  (cost=2538166.58..2538166.58 rows=1 width=20) (actual time=3668.462..3668.462 rows=0 loops=1)
   ->  Limit  (cost=2536916.58..2537166.58 rows=100000 width=20) (actual time=3652.825..3665.714 rows=100000 loops=1)
         ->  Sort  (cost=2536916.58..2561916.43 rows=9999939 width=20) (actual time=3652.824..3660.244 rows=100000 loops=1)
               Sort Key: s_1.a, s_1.b
               Sort Method: top-N heapsort  Memory: 16650kB
               ->  Sort  (cost=1531440.69..1556440.54 rows=9999939 width=20) (actual time=2012.853..2952.829 rows=10000000 loops=1)
                     Sort Key: s_1.a
                     Sort Method: external merge  Disk: 293568kB
                     ->  Seq Scan on s_1  (cost=0.00..163694.39 rows=9999939 width=20) (actual time=0.024..625.269 rows=10000000 loops=1)
 Planning time: 0.230 ms
 Execution time: 3707.581 ms
(11 rows)

===== 214 [Wed Mar  7 08:50:32 CET 2018] scale:10000000 groups:100 work_mem:128MB incremental:off max_workers:2 =====
SELECT * FROM (SELECT * FROM s_2 ORDER BY a, b) foo ORDER BY a, b, c LIMIT 100000
                                                                QUERY PLAN                                                                 
-------------------------------------------------------------------------------------------------------------------------------------------
 Limit  (cost=2538196.99..2538196.99 rows=1 width=20) (actual time=3884.834..3884.834 rows=0 loops=1)
   ->  Limit  (cost=2536946.99..2537196.99 rows=100000 width=20) (actual time=3871.323..3882.076 rows=100000 loops=1)
         ->  Sort  (cost=2536946.99..2561947.13 rows=10000054 width=20) (actual time=3871.322..3876.636 rows=100000 loops=1)
               Sort Key: s_2.a, s_2.b, s_2.c
               Sort Method: top-N heapsort  Memory: 13985kB
               ->  Sort  (cost=1531459.54..1556459.68 rows=10000054 width=20) (actual time=2135.676..3147.208 rows=10000000 loops=1)
                     Sort Key: s_2.a, s_2.b
                     Sort Method: external merge  Disk: 293568kB
                     ->  Seq Scan on s_2  (cost=0.00..163695.54 rows=10000054 width=20) (actual time=0.028..625.033 rows=10000000 loops=1)
 Planning time: 0.238 ms
 Execution time: 3923.905 ms
(11 rows)

===== 215 [Wed Mar  7 08:50:51 CET 2018] scale:10000000 groups:100 work_mem:128MB incremental:off max_workers:2 =====
SELECT * FROM (SELECT * FROM s_3 ORDER BY a, b, c) foo ORDER BY a, b, c, d LIMIT 100000
                                                                QUERY PLAN                                                                 
-------------------------------------------------------------------------------------------------------------------------------------------
 Limit  (cost=2538196.99..2538196.99 rows=1 width=20) (actual time=3988.766..3988.766 rows=0 loops=1)
   ->  Limit  (cost=2536946.99..2537196.99 rows=100000 width=20) (actual time=3976.214..3986.015 rows=100000 loops=1)
         ->  Sort  (cost=2536946.99..2561947.13 rows=10000054 width=20) (actual time=3976.213..3980.566 rows=100000 loops=1)
               Sort Key: s_3.a, s_3.b, s_3.c, s_3.d
               Sort Method: top-N heapsort  Memory: 13957kB
               ->  Sort  (cost=1531459.54..1556459.68 rows=10000054 width=20) (actual time=2223.748..3234.561 rows=10000000 loops=1)
                     Sort Key: s_3.a, s_3.b, s_3.c
                     Sort Method: external merge  Disk: 293568kB
                     ->  Seq Scan on s_3  (cost=0.00..163695.54 rows=10000054 width=20) (actual time=0.029..627.066 rows=10000000 loops=1)
 Planning time: 0.247 ms
 Execution time: 4027.617 ms
(11 rows)

===== 216 [Wed Mar  7 08:51:10 CET 2018] scale:10000000 groups:100 work_mem:128MB incremental:off max_workers:2 =====
SELECT * FROM (SELECT * FROM s_4 ORDER BY a, b, c, d) foo ORDER BY a, b, c, d, e LIMIT 100000
                                                                QUERY PLAN                                                                
------------------------------------------------------------------------------------------------------------------------------------------
 Limit  (cost=2538166.58..2538166.58 rows=1 width=20) (actual time=4048.810..4048.810 rows=0 loops=1)
   ->  Limit  (cost=2536916.58..2537166.58 rows=100000 width=20) (actual time=4036.581..4046.059 rows=100000 loops=1)
         ->  Sort  (cost=2536916.58..2561916.43 rows=9999939 width=20) (actual time=4036.580..4040.613 rows=100000 loops=1)
               Sort Key: s_4.a, s_4.b, s_4.c, s_4.d, s_4.e
               Sort Method: top-N heapsort  Memory: 13957kB
               ->  Sort  (cost=1531440.69..1556440.54 rows=9999939 width=20) (actual time=2281.487..3291.583 rows=10000000 loops=1)
                     Sort Key: s_4.a, s_4.b, s_4.c, s_4.d
                     Sort Method: external merge  Disk: 293568kB
                     ->  Seq Scan on s_4  (cost=0.00..163694.39 rows=9999939 width=20) (actual time=0.031..625.805 rows=10000000 loops=1)
 Planning time: 0.246 ms
 Execution time: 4087.860 ms
(11 rows)

===== 217 [Wed Mar  7 08:51:29 CET 2018] scale:10000000 groups:100 work_mem:256MB incremental:on max_workers:2 =====
SELECT * FROM (SELECT * FROM s_1 ORDER BY a) foo ORDER BY a, b LIMIT 100000
                                                                       QUERY PLAN                                                                       
--------------------------------------------------------------------------------------------------------------------------------------------------------
 Limit  (cost=584476.15..584476.15 rows=1 width=20) (actual time=906.931..906.931 rows=0 loops=1)
   ->  Limit  (cost=581682.39..583476.15 rows=100000 width=20) (actual time=852.598..904.193 rows=100000 loops=1)
         ->  Incremental Sort  (cost=581682.39..731161.12 rows=8333282 width=20) (actual time=852.598..898.725 rows=100000 loops=1)
               Sort Key: s_1.a, s_1.b
               Presorted Key: s_1.a
               Sort Method: quicksort  Memory: 10906kB
               Sort Groups: 2
               ->  Gather Merge  (cost=564493.06..1536777.17 rows=8333282 width=20) (actual time=834.075..857.323 rows=150242 loops=1)
                     Workers Planned: 2
                     Workers Launched: 2
                     ->  Sort  (cost=563493.04..573909.64 rows=4166641 width=20) (actual time=831.733..835.982 rows=50804 loops=3)
                           Sort Key: s_1.a
                           Sort Method: external merge  Disk: 98320kB
                           Worker 0:  Sort Method: external merge  Disk: 97728kB
                           Worker 1:  Sort Method: external merge  Disk: 97512kB
                           ->  Parallel Seq Scan on s_1  (cost=0.00..105361.41 rows=4166641 width=20) (actual time=0.024..236.850 rows=3333333 loops=3)
 Planning time: 0.245 ms
 Execution time: 946.867 ms
(18 rows)

===== 218 [Wed Mar  7 08:51:34 CET 2018] scale:10000000 groups:100 work_mem:256MB incremental:on max_workers:2 =====
SELECT * FROM (SELECT * FROM s_2 ORDER BY a, b) foo ORDER BY a, b, c LIMIT 100000
                                                                       QUERY PLAN                                                                       
--------------------------------------------------------------------------------------------------------------------------------------------------------
 Limit  (cost=567602.95..567602.95 rows=1 width=20) (actual time=944.779..944.779 rows=0 loops=1)
   ->  Limit  (cost=564642.16..566602.95 rows=100000 width=20) (actual time=887.722..942.021 rows=100000 loops=1)
         ->  Incremental Sort  (cost=564642.16..728041.80 rows=8333378 width=20) (actual time=887.721..936.546 rows=100000 loops=1)
               Sort Key: s_2.a, s_2.b, s_2.c
               Presorted Key: s_2.a, s_2.b
               Sort Method: quicksort  Memory: 134kB
               Sort Groups: 152
               ->  Gather Merge  (cost=564499.16..1536794.48 rows=8333378 width=20) (actual time=887.553..905.706 rows=100611 loops=1)
                     Workers Planned: 2
                     Workers Launched: 2
                     ->  Sort  (cost=563499.14..573915.86 rows=4166689 width=20) (actual time=882.015..885.010 rows=34183 loops=3)
                           Sort Key: s_2.a, s_2.b
                           Sort Method: external merge  Disk: 94696kB
                           Worker 0:  Sort Method: external merge  Disk: 99360kB
                           Worker 1:  Sort Method: external merge  Disk: 99504kB
                           ->  Parallel Seq Scan on s_2  (cost=0.00..105361.89 rows=4166689 width=20) (actual time=0.023..236.461 rows=3333333 loops=3)
 Planning time: 0.254 ms
 Execution time: 983.423 ms
(18 rows)

===== 219 [Wed Mar  7 08:51:39 CET 2018] scale:10000000 groups:100 work_mem:256MB incremental:on max_workers:2 =====
SELECT * FROM (SELECT * FROM s_3 ORDER BY a, b, c) foo ORDER BY a, b, c, d LIMIT 100000
                                                                       QUERY PLAN                                                                       
--------------------------------------------------------------------------------------------------------------------------------------------------------
 Limit  (cost=567622.52..567622.52 rows=1 width=20) (actual time=965.450..965.450 rows=0 loops=1)
   ->  Limit  (cost=564500.60..566622.52 rows=100000 width=20) (actual time=910.905..962.695 rows=100000 loops=1)
         ->  Incremental Sort  (cost=564500.60..741328.48 rows=8333378 width=20) (actual time=910.905..957.176 rows=100000 loops=1)
               Sort Key: s_3.a, s_3.b, s_3.c, s_3.d
               Presorted Key: s_3.a, s_3.b, s_3.c
               Sort Method: quicksort  Memory: 28kB
               Sort Groups: 2803
               ->  Gather Merge  (cost=564499.16..1536794.48 rows=8333378 width=20) (actual time=910.853..930.950 rows=100007 loops=1)
                     Workers Planned: 2
                     Workers Launched: 2
                     ->  Sort  (cost=563499.14..573915.86 rows=4166689 width=20) (actual time=905.576..908.574 rows=33997 loops=3)
                           Sort Key: s_3.a, s_3.b, s_3.c
                           Sort Method: external merge  Disk: 95256kB
                           Worker 0:  Sort Method: external merge  Disk: 99056kB
                           Worker 1:  Sort Method: external merge  Disk: 99240kB
                           ->  Parallel Seq Scan on s_3  (cost=0.00..105361.89 rows=4166689 width=20) (actual time=0.027..236.841 rows=3333333 loops=3)
 Planning time: 0.253 ms
 Execution time: 1004.187 ms
(18 rows)

===== 220 [Wed Mar  7 08:51:44 CET 2018] scale:10000000 groups:100 work_mem:256MB incremental:on max_workers:2 =====
SELECT * FROM (SELECT * FROM s_4 ORDER BY a, b, c, d) foo ORDER BY a, b, c, d, e LIMIT 100000
                                                                       QUERY PLAN                                                                       
--------------------------------------------------------------------------------------------------------------------------------------------------------
 Limit  (cost=567616.42..567616.42 rows=1 width=20) (actual time=977.954..977.954 rows=0 loops=1)
   ->  Limit  (cost=564494.49..566616.42 rows=100000 width=20) (actual time=932.298..975.195 rows=100000 loops=1)
         ->  Incremental Sort  (cost=564494.49..741320.50 rows=8333282 width=20) (actual time=932.297..969.672 rows=100000 loops=1)
               Sort Key: s_4.a, s_4.b, s_4.c, s_4.d, s_4.e
               Presorted Key: s_4.a, s_4.b, s_4.c, s_4.d
               Sort Method: quicksort  Memory: 27kB
               Sort Groups: 3122
               ->  Gather Merge  (cost=564493.06..1536777.17 rows=8333282 width=20) (actual time=932.241..952.360 rows=100008 loops=1)
                     Workers Planned: 2
                     Workers Launched: 2
                     ->  Sort  (cost=563493.04..573909.64 rows=4166641 width=20) (actual time=927.003..930.045 rows=33997 loops=3)
                           Sort Key: s_4.a, s_4.b, s_4.c, s_4.d
                           Sort Method: external merge  Disk: 95384kB
                           Worker 0:  Sort Method: external merge  Disk: 99024kB
                           Worker 1:  Sort Method: external merge  Disk: 99152kB
                           ->  Parallel Seq Scan on s_4  (cost=0.00..105361.41 rows=4166641 width=20) (actual time=0.025..236.508 rows=3333333 loops=3)
 Planning time: 0.264 ms
 Execution time: 1016.602 ms
(18 rows)

===== 221 [Wed Mar  7 08:51:49 CET 2018] scale:10000000 groups:100 work_mem:256MB incremental:off max_workers:2 =====
SELECT * FROM (SELECT * FROM s_1 ORDER BY a) foo ORDER BY a, b LIMIT 100000
                                                                       QUERY PLAN                                                                       
--------------------------------------------------------------------------------------------------------------------------------------------------------
 Limit  (cost=2355090.49..2355090.49 rows=1 width=20) (actual time=3160.686..3160.686 rows=0 loops=1)
   ->  Limit  (cost=2353840.49..2354090.49 rows=100000 width=20) (actual time=3145.106..3157.927 rows=100000 loops=1)
         ->  Sort  (cost=2353840.49..2374673.70 rows=8333282 width=20) (actual time=3145.105..3152.464 rows=100000 loops=1)
               Sort Key: s_1.a, s_1.b
               Sort Method: top-N heapsort  Memory: 16649kB
               ->  Gather Merge  (cost=564493.06..1536777.17 rows=8333282 width=20) (actual time=840.176..2364.695 rows=10000000 loops=1)
                     Workers Planned: 2
                     Workers Launched: 2
                     ->  Sort  (cost=563493.04..573909.64 rows=4166641 width=20) (actual time=835.496..1111.843 rows=3333333 loops=3)
                           Sort Key: s_1.a
                           Sort Method: external merge  Disk: 95296kB
                           Worker 0:  Sort Method: external merge  Disk: 99528kB
                           Worker 1:  Sort Method: external merge  Disk: 98744kB
                           ->  Parallel Seq Scan on s_1  (cost=0.00..105361.41 rows=4166641 width=20) (actual time=0.022..235.689 rows=3333333 loops=3)
 Planning time: 0.236 ms
 Execution time: 3174.068 ms
(16 rows)

===== 222 [Wed Mar  7 08:52:05 CET 2018] scale:10000000 groups:100 work_mem:256MB incremental:off max_workers:2 =====
SELECT * FROM (SELECT * FROM s_2 ORDER BY a, b) foo ORDER BY a, b, c LIMIT 100000
                                                                       QUERY PLAN                                                                       
--------------------------------------------------------------------------------------------------------------------------------------------------------
 Limit  (cost=2355117.21..2355117.21 rows=1 width=20) (actual time=3430.988..3430.988 rows=0 loops=1)
   ->  Limit  (cost=2353867.21..2354117.21 rows=100000 width=20) (actual time=3417.256..3428.227 rows=100000 loops=1)
         ->  Sort  (cost=2353867.21..2374700.66 rows=8333378 width=20) (actual time=3417.255..3422.768 rows=100000 loops=1)
               Sort Key: s_2.a, s_2.b, s_2.c
               Sort Method: top-N heapsort  Memory: 13985kB
               ->  Gather Merge  (cost=564499.16..1536794.48 rows=8333378 width=20) (actual time=885.280..2663.930 rows=10000000 loops=1)
                     Workers Planned: 2
                     Workers Launched: 2
                     ->  Sort  (cost=563499.14..573915.86 rows=4166689 width=20) (actual time=880.077..1162.995 rows=3333333 loops=3)
                           Sort Key: s_2.a, s_2.b
                           Sort Method: external merge  Disk: 94784kB
                           Worker 0:  Sort Method: external merge  Disk: 99200kB
                           Worker 1:  Sort Method: external merge  Disk: 99584kB
                           ->  Parallel Seq Scan on s_2  (cost=0.00..105361.89 rows=4166689 width=20) (actual time=0.024..235.372 rows=3333333 loops=3)
 Planning time: 0.245 ms
 Execution time: 3444.228 ms
(16 rows)

===== 223 [Wed Mar  7 08:52:21 CET 2018] scale:10000000 groups:100 work_mem:256MB incremental:off max_workers:2 =====
SELECT * FROM (SELECT * FROM s_3 ORDER BY a, b, c) foo ORDER BY a, b, c, d LIMIT 100000
                                                                       QUERY PLAN                                                                       
--------------------------------------------------------------------------------------------------------------------------------------------------------
 Limit  (cost=2355117.21..2355117.21 rows=1 width=20) (actual time=3722.348..3722.348 rows=0 loops=1)
   ->  Limit  (cost=2353867.21..2354117.21 rows=100000 width=20) (actual time=3709.640..3719.609 rows=100000 loops=1)
         ->  Sort  (cost=2353867.21..2374700.66 rows=8333378 width=20) (actual time=3709.639..3714.112 rows=100000 loops=1)
               Sort Key: s_3.a, s_3.b, s_3.c, s_3.d
               Sort Method: top-N heapsort  Memory: 13957kB
               ->  Gather Merge  (cost=564499.16..1536794.48 rows=8333378 width=20) (actual time=910.297..2889.412 rows=10000000 loops=1)
                     Workers Planned: 2
                     Workers Launched: 2
                     ->  Sort  (cost=563499.14..573915.86 rows=4166689 width=20) (actual time=905.340..1187.950 rows=3333333 loops=3)
                           Sort Key: s_3.a, s_3.b, s_3.c
                           Sort Method: external merge  Disk: 95432kB
                           Worker 0:  Sort Method: external merge  Disk: 99088kB
                           Worker 1:  Sort Method: external merge  Disk: 99048kB
                           ->  Parallel Seq Scan on s_3  (cost=0.00..105361.89 rows=4166689 width=20) (actual time=0.023..236.040 rows=3333333 loops=3)
 Planning time: 0.256 ms
 Execution time: 3735.704 ms
(16 rows)

===== 224 [Wed Mar  7 08:52:40 CET 2018] scale:10000000 groups:100 work_mem:256MB incremental:off max_workers:2 =====
SELECT * FROM (SELECT * FROM s_4 ORDER BY a, b, c, d) foo ORDER BY a, b, c, d, e LIMIT 100000
                                                                       QUERY PLAN                                                                       
--------------------------------------------------------------------------------------------------------------------------------------------------------
 Limit  (cost=2355090.49..2355090.49 rows=1 width=20) (actual time=3679.574..3679.574 rows=0 loops=1)
   ->  Limit  (cost=2353840.49..2354090.49 rows=100000 width=20) (actual time=3667.185..3676.799 rows=100000 loops=1)
         ->  Sort  (cost=2353840.49..2374673.70 rows=8333282 width=20) (actual time=3667.184..3671.335 rows=100000 loops=1)
               Sort Key: s_4.a, s_4.b, s_4.c, s_4.d, s_4.e
               Sort Method: top-N heapsort  Memory: 13957kB
               ->  Gather Merge  (cost=564493.06..1536777.17 rows=8333282 width=20) (actual time=932.928..2908.512 rows=10000000 loops=1)
                     Workers Planned: 2
                     Workers Launched: 2
                     ->  Sort  (cost=563493.04..573909.64 rows=4166641 width=20) (actual time=927.246..1210.359 rows=3333333 loops=3)
                           Sort Key: s_4.a, s_4.b, s_4.c, s_4.d
                           Sort Method: external merge  Disk: 95552kB
                           Worker 0:  Sort Method: external merge  Disk: 99408kB
                           Worker 1:  Sort Method: external merge  Disk: 98600kB
                           ->  Parallel Seq Scan on s_4  (cost=0.00..105361.41 rows=4166641 width=20) (actual time=0.025..235.948 rows=3333333 loops=3)
 Planning time: 0.258 ms
 Execution time: 3693.004 ms
(16 rows)

===== 225 [Wed Mar  7 08:54:02 CET 2018] scale:10000000 groups:1000 work_mem:4MB incremental:on max_workers:0 =====
SELECT * FROM (SELECT * FROM s_1 ORDER BY a) foo ORDER BY a, b LIMIT 100000
                                                                QUERY PLAN                                                                 
-------------------------------------------------------------------------------------------------------------------------------------------
 Limit  (cost=1740151.82..1740151.82 rows=1 width=20) (actual time=3475.910..3475.910 rows=0 loops=1)
   ->  Limit  (cost=1737330.57..1739151.82 rows=100000 width=20) (actual time=3426.226..3473.165 rows=100000 loops=1)
         ->  Incremental Sort  (cost=1737330.57..1919456.15 rows=10000054 width=20) (actual time=3426.226..3467.683 rows=100000 loops=1)
               Sort Key: s_1.a, s_1.b
               Presorted Key: s_1.a
               Sort Method: quicksort  Memory: 1173kB
               Sort Groups: 11
               ->  Sort  (cost=1736542.04..1761542.18 rows=10000054 width=20) (actual time=3424.107..3433.997 rows=104856 loops=1)
                     Sort Key: s_1.a
                     Sort Method: external merge  Disk: 293600kB
                     ->  Seq Scan on s_1  (cost=0.00..163695.54 rows=10000054 width=20) (actual time=0.021..684.873 rows=10000000 loops=1)
 Planning time: 0.233 ms
 Execution time: 3505.992 ms
(13 rows)

===== 226 [Wed Mar  7 08:54:21 CET 2018] scale:10000000 groups:1000 work_mem:4MB incremental:on max_workers:0 =====
SELECT * FROM (SELECT * FROM s_2 ORDER BY a, b) foo ORDER BY a, b, c LIMIT 100000
                                                                QUERY PLAN                                                                 
-------------------------------------------------------------------------------------------------------------------------------------------
 Limit  (cost=1739521.44..1739521.44 rows=1 width=20) (actual time=3559.598..3559.598 rows=0 loops=1)
   ->  Limit  (cost=1736542.33..1738521.44 rows=100000 width=20) (actual time=3518.468..3556.855 rows=100000 loops=1)
         ->  Incremental Sort  (cost=1736542.33..1934454.05 rows=10000054 width=20) (actual time=3518.467..3551.357 rows=100000 loops=1)
               Sort Key: s_2.a, s_2.b, s_2.c
               Presorted Key: s_2.a, s_2.b
               Sort Method: quicksort  Memory: 29kB
               Sort Groups: 2714
               ->  Sort  (cost=1736542.04..1761542.18 rows=10000054 width=20) (actual time=3518.409..3528.225 rows=100008 loops=1)
                     Sort Key: s_2.a, s_2.b
                     Sort Method: external merge  Disk: 293600kB
                     ->  Seq Scan on s_2  (cost=0.00..163695.54 rows=10000054 width=20) (actual time=0.028..649.382 rows=10000000 loops=1)
 Planning time: 0.233 ms
 Execution time: 3589.564 ms
(13 rows)

===== 227 [Wed Mar  7 08:54:40 CET 2018] scale:10000000 groups:1000 work_mem:4MB incremental:on max_workers:0 =====
SELECT * FROM (SELECT * FROM s_3 ORDER BY a, b, c) foo ORDER BY a, b, c, d LIMIT 100000
                                                                QUERY PLAN                                                                 
-------------------------------------------------------------------------------------------------------------------------------------------
 Limit  (cost=1739521.44..1739521.44 rows=1 width=20) (actual time=3672.418..3672.418 rows=0 loops=1)
   ->  Limit  (cost=1736542.33..1738521.44 rows=100000 width=20) (actual time=3640.615..3669.598 rows=100000 loops=1)
         ->  Incremental Sort  (cost=1736542.33..1934454.05 rows=10000054 width=20) (actual time=3640.614..3664.153 rows=100000 loops=1)
               Sort Key: s_3.a, s_3.b, s_3.c, s_3.d
               Presorted Key: s_3.a, s_3.b, s_3.c
               Sort Method: quicksort  Memory: 27kB
               Sort Groups: 3125
               ->  Sort  (cost=1736542.04..1761542.18 rows=10000054 width=20) (actual time=3640.559..3650.392 rows=100018 loops=1)
                     Sort Key: s_3.a, s_3.b, s_3.c
                     Sort Method: external merge  Disk: 293600kB
                     ->  Seq Scan on s_3  (cost=0.00..163695.54 rows=10000054 width=20) (actual time=0.029..649.271 rows=10000000 loops=1)
 Planning time: 0.239 ms
 Execution time: 3702.388 ms
(13 rows)

===== 228 [Wed Mar  7 08:55:00 CET 2018] scale:10000000 groups:1000 work_mem:4MB incremental:on max_workers:0 =====
SELECT * FROM (SELECT * FROM s_4 ORDER BY a, b, c, d) foo ORDER BY a, b, c, d, e LIMIT 100000
                                                                QUERY PLAN                                                                 
-------------------------------------------------------------------------------------------------------------------------------------------
 Limit  (cost=1739521.44..1739521.44 rows=1 width=20) (actual time=3674.256..3674.256 rows=0 loops=1)
   ->  Limit  (cost=1736542.33..1738521.44 rows=100000 width=20) (actual time=3642.823..3671.437 rows=100000 loops=1)
         ->  Incremental Sort  (cost=1736542.33..1934454.05 rows=10000054 width=20) (actual time=3642.822..3665.985 rows=100000 loops=1)
               Sort Key: s_4.a, s_4.b, s_4.c, s_4.d, s_4.e
               Presorted Key: s_4.a, s_4.b, s_4.c, s_4.d
               Sort Method: quicksort  Memory: 27kB
               Sort Groups: 3125
               ->  Sort  (cost=1736542.04..1761542.18 rows=10000054 width=20) (actual time=3642.759..3652.606 rows=100001 loops=1)
                     Sort Key: s_4.a, s_4.b, s_4.c, s_4.d
                     Sort Method: external merge  Disk: 293600kB
                     ->  Seq Scan on s_4  (cost=0.00..163695.54 rows=10000054 width=20) (actual time=0.029..650.432 rows=10000000 loops=1)
 Planning time: 0.246 ms
 Execution time: 3704.360 ms
(13 rows)

===== 229 [Wed Mar  7 08:55:20 CET 2018] scale:10000000 groups:1000 work_mem:4MB incremental:off max_workers:0 =====
SELECT * FROM (SELECT * FROM s_1 ORDER BY a) foo ORDER BY a, b LIMIT 100000
                                                                QUERY PLAN                                                                 
-------------------------------------------------------------------------------------------------------------------------------------------
 Limit  (cost=3435639.22..3435639.22 rows=1 width=20) (actual time=9189.126..9189.126 rows=0 loops=1)
   ->  Limit  (cost=3434389.22..3434639.22 rows=100000 width=20) (actual time=9171.653..9186.297 rows=100000 loops=1)
         ->  Sort  (cost=3434389.22..3459389.35 rows=10000054 width=20) (actual time=9171.652..9180.719 rows=100000 loops=1)
               Sort Key: s_1.a, s_1.b
               Sort Method: external merge  Disk: 293600kB
               ->  Sort  (cost=1736542.04..1761542.18 rows=10000054 width=20) (actual time=3371.052..4298.870 rows=10000000 loops=1)
                     Sort Key: s_1.a
                     Sort Method: external merge  Disk: 293600kB
                     ->  Seq Scan on s_1  (cost=0.00..163695.54 rows=10000054 width=20) (actual time=0.026..642.276 rows=10000000 loops=1)
 Planning time: 0.219 ms
 Execution time: 9250.644 ms
(11 rows)

===== 230 [Wed Mar  7 08:56:11 CET 2018] scale:10000000 groups:1000 work_mem:4MB incremental:off max_workers:0 =====
SELECT * FROM (SELECT * FROM s_2 ORDER BY a, b) foo ORDER BY a, b, c LIMIT 100000
                                                                QUERY PLAN                                                                 
-------------------------------------------------------------------------------------------------------------------------------------------
 Limit  (cost=3435639.22..3435639.22 rows=1 width=20) (actual time=9664.530..9664.530 rows=0 loops=1)
   ->  Limit  (cost=3434389.22..3434639.22 rows=100000 width=20) (actual time=9647.037..9661.700 rows=100000 loops=1)
         ->  Sort  (cost=3434389.22..3459389.35 rows=10000054 width=20) (actual time=9647.036..9656.111 rows=100000 loops=1)
               Sort Key: s_2.a, s_2.b, s_2.c
               Sort Method: external merge  Disk: 293600kB
               ->  Sort  (cost=1736542.04..1761542.18 rows=10000054 width=20) (actual time=3508.936..4439.960 rows=10000000 loops=1)
                     Sort Key: s_2.a, s_2.b
                     Sort Method: external merge  Disk: 293600kB
                     ->  Seq Scan on s_2  (cost=0.00..163695.54 rows=10000054 width=20) (actual time=0.031..642.802 rows=10000000 loops=1)
 Planning time: 0.236 ms
 Execution time: 9726.085 ms
(11 rows)

===== 231 [Wed Mar  7 08:57:05 CET 2018] scale:10000000 groups:1000 work_mem:4MB incremental:off max_workers:0 =====
SELECT * FROM (SELECT * FROM s_3 ORDER BY a, b, c) foo ORDER BY a, b, c, d LIMIT 100000
                                                                QUERY PLAN                                                                 
-------------------------------------------------------------------------------------------------------------------------------------------
 Limit  (cost=3435639.22..3435639.22 rows=1 width=20) (actual time=8804.900..8804.900 rows=0 loops=1)
   ->  Limit  (cost=3434389.22..3434639.22 rows=100000 width=20) (actual time=8787.277..8802.074 rows=100000 loops=1)
         ->  Sort  (cost=3434389.22..3459389.35 rows=10000054 width=20) (actual time=8787.277..8796.474 rows=100000 loops=1)
               Sort Key: s_3.a, s_3.b, s_3.c, s_3.d
               Sort Method: external merge  Disk: 293600kB
               ->  Sort  (cost=1736542.04..1761542.18 rows=10000054 width=20) (actual time=3643.951..4579.381 rows=10000000 loops=1)
                     Sort Key: s_3.a, s_3.b, s_3.c
                     Sort Method: external merge  Disk: 293600kB
                     ->  Seq Scan on s_3  (cost=0.00..163695.54 rows=10000054 width=20) (actual time=0.029..638.219 rows=10000000 loops=1)
 Planning time: 0.238 ms
 Execution time: 8866.742 ms
(11 rows)

===== 232 [Wed Mar  7 08:57:54 CET 2018] scale:10000000 groups:1000 work_mem:4MB incremental:off max_workers:0 =====
SELECT * FROM (SELECT * FROM s_4 ORDER BY a, b, c, d) foo ORDER BY a, b, c, d, e LIMIT 100000
                                                                QUERY PLAN                                                                 
-------------------------------------------------------------------------------------------------------------------------------------------
 Limit  (cost=3435639.22..3435639.22 rows=1 width=20) (actual time=7492.956..7492.956 rows=0 loops=1)
   ->  Limit  (cost=3434389.22..3434639.22 rows=100000 width=20) (actual time=7475.324..7490.129 rows=100000 loops=1)
         ->  Sort  (cost=3434389.22..3459389.35 rows=10000054 width=20) (actual time=7475.323..7484.539 rows=100000 loops=1)
               Sort Key: s_4.a, s_4.b, s_4.c, s_4.d, s_4.e
               Sort Method: external merge  Disk: 293600kB
               ->  Sort  (cost=1736542.04..1761542.18 rows=10000054 width=20) (actual time=3643.626..4578.597 rows=10000000 loops=1)
                     Sort Key: s_4.a, s_4.b, s_4.c, s_4.d
                     Sort Method: external merge  Disk: 293600kB
                     ->  Seq Scan on s_4  (cost=0.00..163695.54 rows=10000054 width=20) (actual time=0.029..640.490 rows=10000000 loops=1)
 Planning time: 0.248 ms
 Execution time: 7554.699 ms
(11 rows)

===== 233 [Wed Mar  7 08:58:35 CET 2018] scale:10000000 groups:1000 work_mem:8MB incremental:on max_workers:0 =====
SELECT * FROM (SELECT * FROM s_1 ORDER BY a) foo ORDER BY a, b LIMIT 100000
                                                                QUERY PLAN                                                                 
-------------------------------------------------------------------------------------------------------------------------------------------
 Limit  (cost=1740151.82..1740151.82 rows=1 width=20) (actual time=2691.403..2691.403 rows=0 loops=1)
   ->  Limit  (cost=1737330.57..1739151.82 rows=100000 width=20) (actual time=2641.559..2688.659 rows=100000 loops=1)
         ->  Incremental Sort  (cost=1737330.57..1919456.15 rows=10000054 width=20) (actual time=2641.559..2683.185 rows=100000 loops=1)
               Sort Key: s_1.a, s_1.b
               Presorted Key: s_1.a
               Sort Method: quicksort  Memory: 1173kB
               Sort Groups: 11
               ->  Sort  (cost=1736542.04..1761542.18 rows=10000054 width=20) (actual time=2639.507..2649.516 rows=104856 loops=1)
                     Sort Key: s_1.a
                     Sort Method: external merge  Disk: 293608kB
                     ->  Seq Scan on s_1  (cost=0.00..163695.54 rows=10000054 width=20) (actual time=0.027..641.032 rows=10000000 loops=1)
 Planning time: 0.230 ms
 Execution time: 2723.462 ms
(13 rows)

===== 234 [Wed Mar  7 08:58:49 CET 2018] scale:10000000 groups:1000 work_mem:8MB incremental:on max_workers:0 =====
SELECT * FROM (SELECT * FROM s_2 ORDER BY a, b) foo ORDER BY a, b, c LIMIT 100000
                                                                QUERY PLAN                                                                 
-------------------------------------------------------------------------------------------------------------------------------------------
 Limit  (cost=1739521.44..1739521.44 rows=1 width=20) (actual time=2824.499..2824.499 rows=0 loops=1)
   ->  Limit  (cost=1736542.33..1738521.44 rows=100000 width=20) (actual time=2783.285..2821.747 rows=100000 loops=1)
         ->  Incremental Sort  (cost=1736542.33..1934454.05 rows=10000054 width=20) (actual time=2783.285..2816.263 rows=100000 loops=1)
               Sort Key: s_2.a, s_2.b, s_2.c
               Presorted Key: s_2.a, s_2.b
               Sort Method: quicksort  Memory: 29kB
               Sort Groups: 2714
               ->  Sort  (cost=1736542.04..1761542.18 rows=10000054 width=20) (actual time=2783.226..2793.121 rows=100008 loops=1)
                     Sort Key: s_2.a, s_2.b
                     Sort Method: external merge  Disk: 293608kB
                     ->  Seq Scan on s_2  (cost=0.00..163695.54 rows=10000054 width=20) (actual time=0.031..640.855 rows=10000000 loops=1)
 Planning time: 0.233 ms
 Execution time: 2856.892 ms
(13 rows)

===== 235 [Wed Mar  7 08:59:04 CET 2018] scale:10000000 groups:1000 work_mem:8MB incremental:on max_workers:0 =====
SELECT * FROM (SELECT * FROM s_3 ORDER BY a, b, c) foo ORDER BY a, b, c, d LIMIT 100000
                                                                QUERY PLAN                                                                 
-------------------------------------------------------------------------------------------------------------------------------------------
 Limit  (cost=1739521.44..1739521.44 rows=1 width=20) (actual time=2943.540..2943.540 rows=0 loops=1)
   ->  Limit  (cost=1736542.33..1738521.44 rows=100000 width=20) (actual time=2911.645..2940.710 rows=100000 loops=1)
         ->  Incremental Sort  (cost=1736542.33..1934454.05 rows=10000054 width=20) (actual time=2911.645..2935.262 rows=100000 loops=1)
               Sort Key: s_3.a, s_3.b, s_3.c, s_3.d
               Presorted Key: s_3.a, s_3.b, s_3.c
               Sort Method: quicksort  Memory: 27kB
               Sort Groups: 3125
               ->  Sort  (cost=1736542.04..1761542.18 rows=10000054 width=20) (actual time=2911.588..2921.506 rows=100018 loops=1)
                     Sort Key: s_3.a, s_3.b, s_3.c
                     Sort Method: external merge  Disk: 293608kB
                     ->  Seq Scan on s_3  (cost=0.00..163695.54 rows=10000054 width=20) (actual time=0.029..639.494 rows=10000000 loops=1)
 Planning time: 0.237 ms
 Execution time: 2975.973 ms
(13 rows)

===== 236 [Wed Mar  7 08:59:19 CET 2018] scale:10000000 groups:1000 work_mem:8MB incremental:on max_workers:0 =====
SELECT * FROM (SELECT * FROM s_4 ORDER BY a, b, c, d) foo ORDER BY a, b, c, d, e LIMIT 100000
                                                                QUERY PLAN                                                                 
-------------------------------------------------------------------------------------------------------------------------------------------
 Limit  (cost=1739521.44..1739521.44 rows=1 width=20) (actual time=2944.213..2944.213 rows=0 loops=1)
   ->  Limit  (cost=1736542.33..1738521.44 rows=100000 width=20) (actual time=2912.699..2941.387 rows=100000 loops=1)
         ->  Incremental Sort  (cost=1736542.33..1934454.05 rows=10000054 width=20) (actual time=2912.699..2935.932 rows=100000 loops=1)
               Sort Key: s_4.a, s_4.b, s_4.c, s_4.d, s_4.e
               Presorted Key: s_4.a, s_4.b, s_4.c, s_4.d
               Sort Method: quicksort  Memory: 27kB
               Sort Groups: 3125
               ->  Sort  (cost=1736542.04..1761542.18 rows=10000054 width=20) (actual time=2912.637..2922.563 rows=100001 loops=1)
                     Sort Key: s_4.a, s_4.b, s_4.c, s_4.d
                     Sort Method: external merge  Disk: 293608kB
                     ->  Seq Scan on s_4  (cost=0.00..163695.54 rows=10000054 width=20) (actual time=0.029..641.399 rows=10000000 loops=1)
 Planning time: 0.241 ms
 Execution time: 2976.609 ms
(13 rows)

===== 237 [Wed Mar  7 08:59:35 CET 2018] scale:10000000 groups:1000 work_mem:8MB incremental:off max_workers:0 =====
SELECT * FROM (SELECT * FROM s_1 ORDER BY a) foo ORDER BY a, b LIMIT 100000
                                                                QUERY PLAN                                                                 
-------------------------------------------------------------------------------------------------------------------------------------------
 Limit  (cost=2743279.49..2743279.49 rows=1 width=20) (actual time=7993.473..7993.473 rows=0 loops=1)
   ->  Limit  (cost=2742029.49..2742279.49 rows=100000 width=20) (actual time=7975.915..7990.656 rows=100000 loops=1)
         ->  Sort  (cost=2742029.49..2767029.63 rows=10000054 width=20) (actual time=7975.914..7985.073 rows=100000 loops=1)
               Sort Key: s_1.a, s_1.b
               Sort Method: external merge  Disk: 293608kB
               ->  Sort  (cost=1736542.04..1761542.18 rows=10000054 width=20) (actual time=2646.916..3580.211 rows=10000000 loops=1)
                     Sort Key: s_1.a
                     Sort Method: external merge  Disk: 293608kB
                     ->  Seq Scan on s_1  (cost=0.00..163695.54 rows=10000054 width=20) (actual time=0.028..641.608 rows=10000000 loops=1)
 Planning time: 0.223 ms
 Execution time: 8055.342 ms
(11 rows)

===== 238 [Wed Mar  7 09:00:19 CET 2018] scale:10000000 groups:1000 work_mem:8MB incremental:off max_workers:0 =====
SELECT * FROM (SELECT * FROM s_2 ORDER BY a, b) foo ORDER BY a, b, c LIMIT 100000
                                                                QUERY PLAN                                                                 
-------------------------------------------------------------------------------------------------------------------------------------------
 Limit  (cost=2743279.49..2743279.49 rows=1 width=20) (actual time=8335.272..8335.272 rows=0 loops=1)
   ->  Limit  (cost=2742029.49..2742279.49 rows=100000 width=20) (actual time=8317.561..8332.445 rows=100000 loops=1)
         ->  Sort  (cost=2742029.49..2767029.63 rows=10000054 width=20) (actual time=8317.560..8326.853 rows=100000 loops=1)
               Sort Key: s_2.a, s_2.b, s_2.c
               Sort Method: external merge  Disk: 293608kB
               ->  Sort  (cost=1736542.04..1761542.18 rows=10000054 width=20) (actual time=2790.024..3724.628 rows=10000000 loops=1)
                     Sort Key: s_2.a, s_2.b
                     Sort Method: external merge  Disk: 293608kB
                     ->  Seq Scan on s_2  (cost=0.00..163695.54 rows=10000054 width=20) (actual time=0.032..641.247 rows=10000000 loops=1)
 Planning time: 0.242 ms
 Execution time: 8397.465 ms
(11 rows)

===== 239 [Wed Mar  7 09:01:05 CET 2018] scale:10000000 groups:1000 work_mem:8MB incremental:off max_workers:0 =====
SELECT * FROM (SELECT * FROM s_3 ORDER BY a, b, c) foo ORDER BY a, b, c, d LIMIT 100000
                                                                QUERY PLAN                                                                 
-------------------------------------------------------------------------------------------------------------------------------------------
 Limit  (cost=2743279.49..2743279.49 rows=1 width=20) (actual time=7454.904..7454.904 rows=0 loops=1)
   ->  Limit  (cost=2742029.49..2742279.49 rows=100000 width=20) (actual time=7437.221..7452.075 rows=100000 loops=1)
         ->  Sort  (cost=2742029.49..2767029.63 rows=10000054 width=20) (actual time=7437.220..7446.459 rows=100000 loops=1)
               Sort Key: s_3.a, s_3.b, s_3.c, s_3.d
               Sort Method: external merge  Disk: 293608kB
               ->  Sort  (cost=1736542.04..1761542.18 rows=10000054 width=20) (actual time=2923.942..3860.403 rows=10000000 loops=1)
                     Sort Key: s_3.a, s_3.b, s_3.c
                     Sort Method: external merge  Disk: 293608kB
                     ->  Seq Scan on s_3  (cost=0.00..163695.54 rows=10000054 width=20) (actual time=0.029..637.588 rows=10000000 loops=1)
 Planning time: 0.230 ms
 Execution time: 7516.886 ms
(11 rows)

===== 240 [Wed Mar  7 09:01:45 CET 2018] scale:10000000 groups:1000 work_mem:8MB incremental:off max_workers:0 =====
SELECT * FROM (SELECT * FROM s_4 ORDER BY a, b, c, d) foo ORDER BY a, b, c, d, e LIMIT 100000
                                                                QUERY PLAN                                                                 
-------------------------------------------------------------------------------------------------------------------------------------------
 Limit  (cost=2743279.49..2743279.49 rows=1 width=20) (actual time=6079.333..6079.333 rows=0 loops=1)
   ->  Limit  (cost=2742029.49..2742279.49 rows=100000 width=20) (actual time=6061.713..6076.510 rows=100000 loops=1)
         ->  Sort  (cost=2742029.49..2767029.63 rows=10000054 width=20) (actual time=6061.712..6070.904 rows=100000 loops=1)
               Sort Key: s_4.a, s_4.b, s_4.c, s_4.d, s_4.e
               Sort Method: external merge  Disk: 293608kB
               ->  Sort  (cost=1736542.04..1761542.18 rows=10000054 width=20) (actual time=2922.173..3858.547 rows=10000000 loops=1)
                     Sort Key: s_4.a, s_4.b, s_4.c, s_4.d
                     Sort Method: external merge  Disk: 293608kB
                     ->  Seq Scan on s_4  (cost=0.00..163695.54 rows=10000054 width=20) (actual time=0.029..638.088 rows=10000000 loops=1)
 Planning time: 0.240 ms
 Execution time: 6141.389 ms
(11 rows)

===== 241 [Wed Mar  7 09:02:17 CET 2018] scale:10000000 groups:1000 work_mem:16MB incremental:on max_workers:0 =====
SELECT * FROM (SELECT * FROM s_1 ORDER BY a) foo ORDER BY a, b LIMIT 100000
                                                                QUERY PLAN                                                                 
-------------------------------------------------------------------------------------------------------------------------------------------
 Limit  (cost=1535069.32..1535069.32 rows=1 width=20) (actual time=1933.521..1933.521 rows=0 loops=1)
   ->  Limit  (cost=1532248.07..1534069.32 rows=100000 width=20) (actual time=1883.660..1930.696 rows=100000 loops=1)
         ->  Incremental Sort  (cost=1532248.07..1714373.65 rows=10000054 width=20) (actual time=1883.659..1925.248 rows=100000 loops=1)
               Sort Key: s_1.a, s_1.b
               Presorted Key: s_1.a
               Sort Method: quicksort  Memory: 1173kB
               Sort Groups: 11
               ->  Sort  (cost=1531459.54..1556459.68 rows=10000054 width=20) (actual time=1881.641..1891.591 rows=104856 loops=1)
                     Sort Key: s_1.a
                     Sort Method: external merge  Disk: 293904kB
                     ->  Seq Scan on s_1  (cost=0.00..163695.54 rows=10000054 width=20) (actual time=0.027..638.086 rows=10000000 loops=1)
 Planning time: 0.227 ms
 Execution time: 1966.313 ms
(13 rows)

===== 242 [Wed Mar  7 09:02:27 CET 2018] scale:10000000 groups:1000 work_mem:16MB incremental:on max_workers:0 =====
SELECT * FROM (SELECT * FROM s_2 ORDER BY a, b) foo ORDER BY a, b, c LIMIT 100000
                                                                QUERY PLAN                                                                 
-------------------------------------------------------------------------------------------------------------------------------------------
 Limit  (cost=1534438.94..1534438.94 rows=1 width=20) (actual time=2067.530..2067.530 rows=0 loops=1)
   ->  Limit  (cost=1531459.83..1533438.94 rows=100000 width=20) (actual time=2026.428..2064.699 rows=100000 loops=1)
         ->  Incremental Sort  (cost=1531459.83..1729371.55 rows=10000054 width=20) (actual time=2026.428..2059.246 rows=100000 loops=1)
               Sort Key: s_2.a, s_2.b, s_2.c
               Presorted Key: s_2.a, s_2.b
               Sort Method: quicksort  Memory: 29kB
               Sort Groups: 2714
               ->  Sort  (cost=1531459.54..1556459.68 rows=10000054 width=20) (actual time=2026.367..2036.257 rows=100008 loops=1)
                     Sort Key: s_2.a, s_2.b
                     Sort Method: external merge  Disk: 293904kB
                     ->  Seq Scan on s_2  (cost=0.00..163695.54 rows=10000054 width=20) (actual time=0.032..639.034 rows=10000000 loops=1)
 Planning time: 0.234 ms
 Execution time: 2100.204 ms
(13 rows)

===== 243 [Wed Mar  7 09:02:37 CET 2018] scale:10000000 groups:1000 work_mem:16MB incremental:on max_workers:0 =====
SELECT * FROM (SELECT * FROM s_3 ORDER BY a, b, c) foo ORDER BY a, b, c, d LIMIT 100000
                                                                QUERY PLAN                                                                 
-------------------------------------------------------------------------------------------------------------------------------------------
 Limit  (cost=1534438.94..1534438.94 rows=1 width=20) (actual time=2184.504..2184.504 rows=0 loops=1)
   ->  Limit  (cost=1531459.83..1533438.94 rows=100000 width=20) (actual time=2152.748..2181.753 rows=100000 loops=1)
         ->  Incremental Sort  (cost=1531459.83..1729371.55 rows=10000054 width=20) (actual time=2152.747..2176.295 rows=100000 loops=1)
               Sort Key: s_3.a, s_3.b, s_3.c, s_3.d
               Presorted Key: s_3.a, s_3.b, s_3.c
               Sort Method: quicksort  Memory: 27kB
               Sort Groups: 3125
               ->  Sort  (cost=1531459.54..1556459.68 rows=10000054 width=20) (actual time=2152.690..2162.574 rows=100018 loops=1)
                     Sort Key: s_3.a, s_3.b, s_3.c
                     Sort Method: external merge  Disk: 293904kB
                     ->  Seq Scan on s_3  (cost=0.00..163695.54 rows=10000054 width=20) (actual time=0.029..636.797 rows=10000000 loops=1)
 Planning time: 0.237 ms
 Execution time: 2216.996 ms
(13 rows)

===== 244 [Wed Mar  7 09:02:48 CET 2018] scale:10000000 groups:1000 work_mem:16MB incremental:on max_workers:0 =====
SELECT * FROM (SELECT * FROM s_4 ORDER BY a, b, c, d) foo ORDER BY a, b, c, d, e LIMIT 100000
                                                                QUERY PLAN                                                                 
-------------------------------------------------------------------------------------------------------------------------------------------
 Limit  (cost=1534438.94..1534438.94 rows=1 width=20) (actual time=2186.565..2186.565 rows=0 loops=1)
   ->  Limit  (cost=1531459.83..1533438.94 rows=100000 width=20) (actual time=2155.182..2183.813 rows=100000 loops=1)
         ->  Incremental Sort  (cost=1531459.83..1729371.55 rows=10000054 width=20) (actual time=2155.182..2178.363 rows=100000 loops=1)
               Sort Key: s_4.a, s_4.b, s_4.c, s_4.d, s_4.e
               Presorted Key: s_4.a, s_4.b, s_4.c, s_4.d
               Sort Method: quicksort  Memory: 27kB
               Sort Groups: 3125
               ->  Sort  (cost=1531459.54..1556459.68 rows=10000054 width=20) (actual time=2155.120..2164.997 rows=100001 loops=1)
                     Sort Key: s_4.a, s_4.b, s_4.c, s_4.d
                     Sort Method: external merge  Disk: 293904kB
                     ->  Seq Scan on s_4  (cost=0.00..163695.54 rows=10000054 width=20) (actual time=0.029..637.864 rows=10000000 loops=1)
 Planning time: 0.246 ms
 Execution time: 2219.191 ms
(13 rows)

===== 245 [Wed Mar  7 09:02:59 CET 2018] scale:10000000 groups:1000 work_mem:16MB incremental:off max_workers:0 =====
SELECT * FROM (SELECT * FROM s_1 ORDER BY a) foo ORDER BY a, b LIMIT 100000
                                                                QUERY PLAN                                                                 
-------------------------------------------------------------------------------------------------------------------------------------------
 Limit  (cost=2538196.99..2538196.99 rows=1 width=20) (actual time=6654.196..6654.196 rows=0 loops=1)
   ->  Limit  (cost=2536946.99..2537196.99 rows=100000 width=20) (actual time=6636.723..6651.371 rows=100000 loops=1)
         ->  Sort  (cost=2536946.99..2561947.13 rows=10000054 width=20) (actual time=6636.722..6645.779 rows=100000 loops=1)
               Sort Key: s_1.a, s_1.b
               Sort Method: external merge  Disk: 293904kB
               ->  Sort  (cost=1531459.54..1556459.68 rows=10000054 width=20) (actual time=1882.063..2811.114 rows=10000000 loops=1)
                     Sort Key: s_1.a
                     Sort Method: external merge  Disk: 293904kB
                     ->  Seq Scan on s_1  (cost=0.00..163695.54 rows=10000054 width=20) (actual time=0.027..638.173 rows=10000000 loops=1)
 Planning time: 0.221 ms
 Execution time: 6711.132 ms
(11 rows)

===== 246 [Wed Mar  7 09:03:35 CET 2018] scale:10000000 groups:1000 work_mem:16MB incremental:off max_workers:0 =====
SELECT * FROM (SELECT * FROM s_2 ORDER BY a, b) foo ORDER BY a, b, c LIMIT 100000
                                                                QUERY PLAN                                                                 
-------------------------------------------------------------------------------------------------------------------------------------------
 Limit  (cost=2538196.99..2538196.99 rows=1 width=20) (actual time=6890.036..6890.036 rows=0 loops=1)
   ->  Limit  (cost=2536946.99..2537196.99 rows=100000 width=20) (actual time=6872.374..6887.213 rows=100000 loops=1)
         ->  Sort  (cost=2536946.99..2561947.13 rows=10000054 width=20) (actual time=6872.373..6881.613 rows=100000 loops=1)
               Sort Key: s_2.a, s_2.b, s_2.c
               Sort Method: external merge  Disk: 293904kB
               ->  Sort  (cost=1531459.54..1556459.68 rows=10000054 width=20) (actual time=2025.309..2955.928 rows=10000000 loops=1)
                     Sort Key: s_2.a, s_2.b
                     Sort Method: external merge  Disk: 293904kB
                     ->  Seq Scan on s_2  (cost=0.00..163695.54 rows=10000054 width=20) (actual time=0.031..638.179 rows=10000000 loops=1)
 Planning time: 0.222 ms
 Execution time: 6951.491 ms
(11 rows)

===== 247 [Wed Mar  7 09:04:13 CET 2018] scale:10000000 groups:1000 work_mem:16MB incremental:off max_workers:0 =====
SELECT * FROM (SELECT * FROM s_3 ORDER BY a, b, c) foo ORDER BY a, b, c, d LIMIT 100000
                                                                QUERY PLAN                                                                 
-------------------------------------------------------------------------------------------------------------------------------------------
 Limit  (cost=2538196.99..2538196.99 rows=1 width=20) (actual time=6007.955..6007.955 rows=0 loops=1)
   ->  Limit  (cost=2536946.99..2537196.99 rows=100000 width=20) (actual time=5990.360..6005.130 rows=100000 loops=1)
         ->  Sort  (cost=2536946.99..2561947.13 rows=10000054 width=20) (actual time=5990.360..5999.530 rows=100000 loops=1)
               Sort Key: s_3.a, s_3.b, s_3.c, s_3.d
               Sort Method: external merge  Disk: 293904kB
               ->  Sort  (cost=1531459.54..1556459.68 rows=10000054 width=20) (actual time=2157.110..3092.291 rows=10000000 loops=1)
                     Sort Key: s_3.a, s_3.b, s_3.c
                     Sort Method: external merge  Disk: 293904kB
                     ->  Seq Scan on s_3  (cost=0.00..163695.54 rows=10000054 width=20) (actual time=0.029..633.949 rows=10000000 loops=1)
 Planning time: 0.228 ms
 Execution time: 6069.679 ms
(11 rows)

===== 248 [Wed Mar  7 09:04:45 CET 2018] scale:10000000 groups:1000 work_mem:16MB incremental:off max_workers:0 =====
SELECT * FROM (SELECT * FROM s_4 ORDER BY a, b, c, d) foo ORDER BY a, b, c, d, e LIMIT 100000
                                                                QUERY PLAN                                                                 
-------------------------------------------------------------------------------------------------------------------------------------------
 Limit  (cost=2538196.99..2538196.99 rows=1 width=20) (actual time=4614.537..4614.537 rows=0 loops=1)
   ->  Limit  (cost=2536946.99..2537196.99 rows=100000 width=20) (actual time=4597.000..4611.714 rows=100000 loops=1)
         ->  Sort  (cost=2536946.99..2561947.13 rows=10000054 width=20) (actual time=4596.999..4606.107 rows=100000 loops=1)
               Sort Key: s_4.a, s_4.b, s_4.c, s_4.d, s_4.e
               Sort Method: external merge  Disk: 293904kB
               ->  Sort  (cost=1531459.54..1556459.68 rows=10000054 width=20) (actual time=2153.582..3089.698 rows=10000000 loops=1)
                     Sort Key: s_4.a, s_4.b, s_4.c, s_4.d
                     Sort Method: external merge  Disk: 293904kB
                     ->  Seq Scan on s_4  (cost=0.00..163695.54 rows=10000054 width=20) (actual time=0.029..635.205 rows=10000000 loops=1)
 Planning time: 0.240 ms
 Execution time: 4676.172 ms
(11 rows)

===== 249 [Wed Mar  7 09:05:08 CET 2018] scale:10000000 groups:1000 work_mem:32MB incremental:on max_workers:0 =====
SELECT * FROM (SELECT * FROM s_1 ORDER BY a) foo ORDER BY a, b LIMIT 100000
                                                                QUERY PLAN                                                                 
-------------------------------------------------------------------------------------------------------------------------------------------
 Limit  (cost=1535069.32..1535069.32 rows=1 width=20) (actual time=1920.713..1920.713 rows=0 loops=1)
   ->  Limit  (cost=1532248.07..1534069.32 rows=100000 width=20) (actual time=1870.937..1917.965 rows=100000 loops=1)
         ->  Incremental Sort  (cost=1532248.07..1714373.65 rows=10000054 width=20) (actual time=1870.937..1912.486 rows=100000 loops=1)
               Sort Key: s_1.a, s_1.b
               Presorted Key: s_1.a
               Sort Method: quicksort  Memory: 1173kB
               Sort Groups: 11
               ->  Sort  (cost=1531459.54..1556459.68 rows=10000054 width=20) (actual time=1868.810..1878.725 rows=104856 loops=1)
                     Sort Key: s_1.a
                     Sort Method: external merge  Disk: 293576kB
                     ->  Seq Scan on s_1  (cost=0.00..163695.54 rows=10000054 width=20) (actual time=0.027..638.076 rows=10000000 loops=1)
 Planning time: 0.225 ms
 Execution time: 1952.845 ms
(13 rows)

===== 250 [Wed Mar  7 09:05:17 CET 2018] scale:10000000 groups:1000 work_mem:32MB incremental:on max_workers:0 =====
SELECT * FROM (SELECT * FROM s_2 ORDER BY a, b) foo ORDER BY a, b, c LIMIT 100000
                                                                QUERY PLAN                                                                 
-------------------------------------------------------------------------------------------------------------------------------------------
 Limit  (cost=1534438.94..1534438.94 rows=1 width=20) (actual time=2038.153..2038.153 rows=0 loops=1)
   ->  Limit  (cost=1531459.83..1533438.94 rows=100000 width=20) (actual time=1996.850..2035.405 rows=100000 loops=1)
         ->  Incremental Sort  (cost=1531459.83..1729371.55 rows=10000054 width=20) (actual time=1996.849..2029.914 rows=100000 loops=1)
               Sort Key: s_2.a, s_2.b, s_2.c
               Presorted Key: s_2.a, s_2.b
               Sort Method: quicksort  Memory: 29kB
               Sort Groups: 2714
               ->  Sort  (cost=1531459.54..1556459.68 rows=10000054 width=20) (actual time=1996.790..2006.688 rows=100008 loops=1)
                     Sort Key: s_2.a, s_2.b
                     Sort Method: external merge  Disk: 293576kB
                     ->  Seq Scan on s_2  (cost=0.00..163695.54 rows=10000054 width=20) (actual time=0.032..638.073 rows=10000000 loops=1)
 Planning time: 0.234 ms
 Execution time: 2070.257 ms
(13 rows)

===== 251 [Wed Mar  7 09:05:27 CET 2018] scale:10000000 groups:1000 work_mem:32MB incremental:on max_workers:0 =====
SELECT * FROM (SELECT * FROM s_3 ORDER BY a, b, c) foo ORDER BY a, b, c, d LIMIT 100000
                                                                QUERY PLAN                                                                 
-------------------------------------------------------------------------------------------------------------------------------------------
 Limit  (cost=1534438.94..1534438.94 rows=1 width=20) (actual time=2142.347..2142.347 rows=0 loops=1)
   ->  Limit  (cost=1531459.83..1533438.94 rows=100000 width=20) (actual time=2110.392..2139.523 rows=100000 loops=1)
         ->  Incremental Sort  (cost=1531459.83..1729371.55 rows=10000054 width=20) (actual time=2110.391..2134.076 rows=100000 loops=1)
               Sort Key: s_3.a, s_3.b, s_3.c, s_3.d
               Presorted Key: s_3.a, s_3.b, s_3.c
               Sort Method: quicksort  Memory: 27kB
               Sort Groups: 3125
               ->  Sort  (cost=1531459.54..1556459.68 rows=10000054 width=20) (actual time=2110.336..2120.262 rows=100018 loops=1)
                     Sort Key: s_3.a, s_3.b, s_3.c
                     Sort Method: external merge  Disk: 293576kB
                     ->  Seq Scan on s_3  (cost=0.00..163695.54 rows=10000054 width=20) (actual time=0.029..635.017 rows=10000000 loops=1)
 Planning time: 0.237 ms
 Execution time: 2174.494 ms
(13 rows)

===== 252 [Wed Mar  7 09:05:38 CET 2018] scale:10000000 groups:1000 work_mem:32MB incremental:on max_workers:0 =====
SELECT * FROM (SELECT * FROM s_4 ORDER BY a, b, c, d) foo ORDER BY a, b, c, d, e LIMIT 100000
                                                                QUERY PLAN                                                                 
-------------------------------------------------------------------------------------------------------------------------------------------
 Limit  (cost=1534438.94..1534438.94 rows=1 width=20) (actual time=2146.449..2146.449 rows=0 loops=1)
   ->  Limit  (cost=1531459.83..1533438.94 rows=100000 width=20) (actual time=2114.892..2143.629 rows=100000 loops=1)
         ->  Incremental Sort  (cost=1531459.83..1729371.55 rows=10000054 width=20) (actual time=2114.891..2138.177 rows=100000 loops=1)
               Sort Key: s_4.a, s_4.b, s_4.c, s_4.d, s_4.e
               Presorted Key: s_4.a, s_4.b, s_4.c, s_4.d
               Sort Method: quicksort  Memory: 27kB
               Sort Groups: 3125
               ->  Sort  (cost=1531459.54..1556459.68 rows=10000054 width=20) (actual time=2114.831..2124.770 rows=100001 loops=1)
                     Sort Key: s_4.a, s_4.b, s_4.c, s_4.d
                     Sort Method: external merge  Disk: 293576kB
                     ->  Seq Scan on s_4  (cost=0.00..163695.54 rows=10000054 width=20) (actual time=0.029..636.764 rows=10000000 loops=1)
 Planning time: 0.248 ms
 Execution time: 2178.406 ms
(13 rows)

===== 253 [Wed Mar  7 09:05:49 CET 2018] scale:10000000 groups:1000 work_mem:32MB incremental:off max_workers:0 =====
SELECT * FROM (SELECT * FROM s_1 ORDER BY a) foo ORDER BY a, b LIMIT 100000
                                                                QUERY PLAN                                                                 
-------------------------------------------------------------------------------------------------------------------------------------------
 Limit  (cost=2538196.99..2538196.99 rows=1 width=20) (actual time=3472.216..3472.216 rows=0 loops=1)
   ->  Limit  (cost=2536946.99..2537196.99 rows=100000 width=20) (actual time=3456.833..3469.477 rows=100000 loops=1)
         ->  Sort  (cost=2536946.99..2561947.13 rows=10000054 width=20) (actual time=3456.833..3464.006 rows=100000 loops=1)
               Sort Key: s_1.a, s_1.b
               Sort Method: top-N heapsort  Memory: 14220kB
               ->  Sort  (cost=1531459.54..1556459.68 rows=10000054 width=20) (actual time=1857.484..2789.541 rows=10000000 loops=1)
                     Sort Key: s_1.a
                     Sort Method: external merge  Disk: 293576kB
                     ->  Seq Scan on s_1  (cost=0.00..163695.54 rows=10000054 width=20) (actual time=0.026..636.576 rows=10000000 loops=1)
 Planning time: 0.217 ms
 Execution time: 3505.646 ms
(11 rows)

===== 254 [Wed Mar  7 09:06:05 CET 2018] scale:10000000 groups:1000 work_mem:32MB incremental:off max_workers:0 =====
SELECT * FROM (SELECT * FROM s_2 ORDER BY a, b) foo ORDER BY a, b, c LIMIT 100000
                                                                QUERY PLAN                                                                 
-------------------------------------------------------------------------------------------------------------------------------------------
 Limit  (cost=2538196.99..2538196.99 rows=1 width=20) (actual time=3615.583..3615.583 rows=0 loops=1)
   ->  Limit  (cost=2536946.99..2537196.99 rows=100000 width=20) (actual time=3602.986..3612.844 rows=100000 loops=1)
         ->  Sort  (cost=2536946.99..2561947.13 rows=10000054 width=20) (actual time=3602.986..3607.350 rows=100000 loops=1)
               Sort Key: s_2.a, s_2.b, s_2.c
               Sort Method: top-N heapsort  Memory: 13957kB
               ->  Sort  (cost=1531459.54..1556459.68 rows=10000054 width=20) (actual time=1998.205..2931.612 rows=10000000 loops=1)
                     Sort Key: s_2.a, s_2.b
                     Sort Method: external merge  Disk: 293576kB
                     ->  Seq Scan on s_2  (cost=0.00..163695.54 rows=10000054 width=20) (actual time=0.032..636.999 rows=10000000 loops=1)
 Planning time: 0.228 ms
 Execution time: 3649.023 ms
(11 rows)

===== 255 [Wed Mar  7 09:06:23 CET 2018] scale:10000000 groups:1000 work_mem:32MB incremental:off max_workers:0 =====
SELECT * FROM (SELECT * FROM s_3 ORDER BY a, b, c) foo ORDER BY a, b, c, d LIMIT 100000
                                                                QUERY PLAN                                                                 
-------------------------------------------------------------------------------------------------------------------------------------------
 Limit  (cost=2538196.99..2538196.99 rows=1 width=20) (actual time=3853.630..3853.630 rows=0 loops=1)
   ->  Limit  (cost=2536946.99..2537196.99 rows=100000 width=20) (actual time=3841.462..3850.928 rows=100000 loops=1)
         ->  Sort  (cost=2536946.99..2561947.13 rows=10000054 width=20) (actual time=3841.461..3845.491 rows=100000 loops=1)
               Sort Key: s_3.a, s_3.b, s_3.c, s_3.d
               Sort Method: top-N heapsort  Memory: 13957kB
               ->  Sort  (cost=1531459.54..1556459.68 rows=10000054 width=20) (actual time=2120.269..3114.159 rows=10000000 loops=1)
                     Sort Key: s_3.a, s_3.b, s_3.c
                     Sort Method: external merge  Disk: 293576kB
                     ->  Seq Scan on s_3  (cost=0.00..163695.54 rows=10000054 width=20) (actual time=0.030..633.910 rows=10000000 loops=1)
 Planning time: 0.225 ms
 Execution time: 3887.075 ms
(11 rows)

===== 256 [Wed Mar  7 09:06:41 CET 2018] scale:10000000 groups:1000 work_mem:32MB incremental:off max_workers:0 =====
SELECT * FROM (SELECT * FROM s_4 ORDER BY a, b, c, d) foo ORDER BY a, b, c, d, e LIMIT 100000
                                                                QUERY PLAN                                                                 
-------------------------------------------------------------------------------------------------------------------------------------------
 Limit  (cost=2538196.99..2538196.99 rows=1 width=20) (actual time=3854.473..3854.473 rows=0 loops=1)
   ->  Limit  (cost=2536946.99..2537196.99 rows=100000 width=20) (actual time=3842.262..3851.723 rows=100000 loops=1)
         ->  Sort  (cost=2536946.99..2561947.13 rows=10000054 width=20) (actual time=3842.261..3846.278 rows=100000 loops=1)
               Sort Key: s_4.a, s_4.b, s_4.c, s_4.d, s_4.e
               Sort Method: top-N heapsort  Memory: 13957kB
               ->  Sort  (cost=1531459.54..1556459.68 rows=10000054 width=20) (actual time=2120.732..3114.943 rows=10000000 loops=1)
                     Sort Key: s_4.a, s_4.b, s_4.c, s_4.d
                     Sort Method: external merge  Disk: 293576kB
                     ->  Seq Scan on s_4  (cost=0.00..163695.54 rows=10000054 width=20) (actual time=0.028..633.520 rows=10000000 loops=1)
 Planning time: 0.234 ms
 Execution time: 3888.035 ms
(11 rows)

===== 257 [Wed Mar  7 09:06:59 CET 2018] scale:10000000 groups:1000 work_mem:64MB incremental:on max_workers:0 =====
SELECT * FROM (SELECT * FROM s_1 ORDER BY a) foo ORDER BY a, b LIMIT 100000
                                                                QUERY PLAN                                                                 
-------------------------------------------------------------------------------------------------------------------------------------------
 Limit  (cost=1535069.32..1535069.32 rows=1 width=20) (actual time=1939.324..1939.324 rows=0 loops=1)
   ->  Limit  (cost=1532248.07..1534069.32 rows=100000 width=20) (actual time=1890.455..1936.612 rows=100000 loops=1)
         ->  Incremental Sort  (cost=1532248.07..1714373.65 rows=10000054 width=20) (actual time=1890.454..1931.164 rows=100000 loops=1)
               Sort Key: s_1.a, s_1.b
               Presorted Key: s_1.a
               Sort Method: quicksort  Memory: 1173kB
               Sort Groups: 11
               ->  Sort  (cost=1531459.54..1556459.68 rows=10000054 width=20) (actual time=1888.537..1897.697 rows=104856 loops=1)
                     Sort Key: s_1.a
                     Sort Method: external merge  Disk: 293648kB
                     ->  Seq Scan on s_1  (cost=0.00..163695.54 rows=10000054 width=20) (actual time=0.026..638.958 rows=10000000 loops=1)
 Planning time: 0.221 ms
 Execution time: 1971.219 ms
(13 rows)

===== 258 [Wed Mar  7 09:07:09 CET 2018] scale:10000000 groups:1000 work_mem:64MB incremental:on max_workers:0 =====
SELECT * FROM (SELECT * FROM s_2 ORDER BY a, b) foo ORDER BY a, b, c LIMIT 100000
                                                                QUERY PLAN                                                                 
-------------------------------------------------------------------------------------------------------------------------------------------
 Limit  (cost=1534438.94..1534438.94 rows=1 width=20) (actual time=2067.760..2067.760 rows=0 loops=1)
   ->  Limit  (cost=1531459.83..1533438.94 rows=100000 width=20) (actual time=2027.191..2065.019 rows=100000 loops=1)
         ->  Incremental Sort  (cost=1531459.83..1729371.55 rows=10000054 width=20) (actual time=2027.191..2059.531 rows=100000 loops=1)
               Sort Key: s_2.a, s_2.b, s_2.c
               Presorted Key: s_2.a, s_2.b
               Sort Method: quicksort  Memory: 29kB
               Sort Groups: 2714
               ->  Sort  (cost=1531459.54..1556459.68 rows=10000054 width=20) (actual time=2027.131..2036.342 rows=100008 loops=1)
                     Sort Key: s_2.a, s_2.b
                     Sort Method: external merge  Disk: 293648kB
                     ->  Seq Scan on s_2  (cost=0.00..163695.54 rows=10000054 width=20) (actual time=0.030..639.642 rows=10000000 loops=1)
 Planning time: 0.227 ms
 Execution time: 2102.641 ms
(13 rows)

===== 259 [Wed Mar  7 09:07:19 CET 2018] scale:10000000 groups:1000 work_mem:64MB incremental:on max_workers:0 =====
SELECT * FROM (SELECT * FROM s_3 ORDER BY a, b, c) foo ORDER BY a, b, c, d LIMIT 100000
                                                                QUERY PLAN                                                                 
-------------------------------------------------------------------------------------------------------------------------------------------
 Limit  (cost=1534438.94..1534438.94 rows=1 width=20) (actual time=2178.825..2178.825 rows=0 loops=1)
   ->  Limit  (cost=1531459.83..1533438.94 rows=100000 width=20) (actual time=2147.659..2176.007 rows=100000 loops=1)
         ->  Incremental Sort  (cost=1531459.83..1729371.55 rows=10000054 width=20) (actual time=2147.659..2170.559 rows=100000 loops=1)
               Sort Key: s_3.a, s_3.b, s_3.c, s_3.d
               Presorted Key: s_3.a, s_3.b, s_3.c
               Sort Method: quicksort  Memory: 27kB
               Sort Groups: 3125
               ->  Sort  (cost=1531459.54..1556459.68 rows=10000054 width=20) (actual time=2147.603..2156.815 rows=100018 loops=1)
                     Sort Key: s_3.a, s_3.b, s_3.c
                     Sort Method: external merge  Disk: 293648kB
                     ->  Seq Scan on s_3  (cost=0.00..163695.54 rows=10000054 width=20) (actual time=0.031..637.451 rows=10000000 loops=1)
 Planning time: 0.235 ms
 Execution time: 2213.732 ms
(13 rows)

===== 260 [Wed Mar  7 09:07:30 CET 2018] scale:10000000 groups:1000 work_mem:64MB incremental:on max_workers:0 =====
SELECT * FROM (SELECT * FROM s_4 ORDER BY a, b, c, d) foo ORDER BY a, b, c, d, e LIMIT 100000
                                                                QUERY PLAN                                                                 
-------------------------------------------------------------------------------------------------------------------------------------------
 Limit  (cost=1534438.94..1534438.94 rows=1 width=20) (actual time=2182.150..2182.150 rows=0 loops=1)
   ->  Limit  (cost=1531459.83..1533438.94 rows=100000 width=20) (actual time=2151.367..2179.327 rows=100000 loops=1)
         ->  Incremental Sort  (cost=1531459.83..1729371.55 rows=10000054 width=20) (actual time=2151.367..2173.880 rows=100000 loops=1)
               Sort Key: s_4.a, s_4.b, s_4.c, s_4.d, s_4.e
               Presorted Key: s_4.a, s_4.b, s_4.c, s_4.d
               Sort Method: quicksort  Memory: 27kB
               Sort Groups: 3125
               ->  Sort  (cost=1531459.54..1556459.68 rows=10000054 width=20) (actual time=2151.306..2160.529 rows=100001 loops=1)
                     Sort Key: s_4.a, s_4.b, s_4.c, s_4.d
                     Sort Method: external merge  Disk: 293648kB
                     ->  Seq Scan on s_4  (cost=0.00..163695.54 rows=10000054 width=20) (actual time=0.028..637.425 rows=10000000 loops=1)
 Planning time: 0.242 ms
 Execution time: 2216.970 ms
(13 rows)

===== 261 [Wed Mar  7 09:07:41 CET 2018] scale:10000000 groups:1000 work_mem:64MB incremental:off max_workers:0 =====
SELECT * FROM (SELECT * FROM s_1 ORDER BY a) foo ORDER BY a, b LIMIT 100000
                                                                QUERY PLAN                                                                 
-------------------------------------------------------------------------------------------------------------------------------------------
 Limit  (cost=2538196.99..2538196.99 rows=1 width=20) (actual time=3529.478..3529.478 rows=0 loops=1)
   ->  Limit  (cost=2536946.99..2537196.99 rows=100000 width=20) (actual time=3514.075..3526.732 rows=100000 loops=1)
         ->  Sort  (cost=2536946.99..2561947.13 rows=10000054 width=20) (actual time=3514.074..3521.259 rows=100000 loops=1)
               Sort Key: s_1.a, s_1.b
               Sort Method: top-N heapsort  Memory: 14220kB
               ->  Sort  (cost=1531459.54..1556459.68 rows=10000054 width=20) (actual time=1882.648..2820.490 rows=10000000 loops=1)
                     Sort Key: s_1.a
                     Sort Method: external merge  Disk: 293648kB
                     ->  Seq Scan on s_1  (cost=0.00..163695.54 rows=10000054 width=20) (actual time=0.027..638.782 rows=10000000 loops=1)
 Planning time: 0.220 ms
 Execution time: 3565.229 ms
(11 rows)

===== 262 [Wed Mar  7 09:07:58 CET 2018] scale:10000000 groups:1000 work_mem:64MB incremental:off max_workers:0 =====
SELECT * FROM (SELECT * FROM s_2 ORDER BY a, b) foo ORDER BY a, b, c LIMIT 100000
                                                                QUERY PLAN                                                                 
-------------------------------------------------------------------------------------------------------------------------------------------
 Limit  (cost=2538196.99..2538196.99 rows=1 width=20) (actual time=3666.372..3666.372 rows=0 loops=1)
   ->  Limit  (cost=2536946.99..2537196.99 rows=100000 width=20) (actual time=3653.738..3663.632 rows=100000 loops=1)
         ->  Sort  (cost=2536946.99..2561947.13 rows=10000054 width=20) (actual time=3653.737..3658.138 rows=100000 loops=1)
               Sort Key: s_2.a, s_2.b, s_2.c
               Sort Method: top-N heapsort  Memory: 13957kB
               ->  Sort  (cost=1531459.54..1556459.68 rows=10000054 width=20) (actual time=2017.073..2955.777 rows=10000000 loops=1)
                     Sort Key: s_2.a, s_2.b
                     Sort Method: external merge  Disk: 293648kB
                     ->  Seq Scan on s_2  (cost=0.00..163695.54 rows=10000054 width=20) (actual time=0.034..638.433 rows=10000000 loops=1)
 Planning time: 0.230 ms
 Execution time: 3701.994 ms
(11 rows)

===== 263 [Wed Mar  7 09:08:15 CET 2018] scale:10000000 groups:1000 work_mem:64MB incremental:off max_workers:0 =====
SELECT * FROM (SELECT * FROM s_3 ORDER BY a, b, c) foo ORDER BY a, b, c, d LIMIT 100000
                                                                QUERY PLAN                                                                 
-------------------------------------------------------------------------------------------------------------------------------------------
 Limit  (cost=2538196.99..2538196.99 rows=1 width=20) (actual time=3930.138..3930.138 rows=0 loops=1)
   ->  Limit  (cost=2536946.99..2537196.99 rows=100000 width=20) (actual time=3917.921..3927.380 rows=100000 loops=1)
         ->  Sort  (cost=2536946.99..2561947.13 rows=10000054 width=20) (actual time=3917.920..3921.938 rows=100000 loops=1)
               Sort Key: s_3.a, s_3.b, s_3.c, s_3.d
               Sort Method: top-N heapsort  Memory: 13957kB
               ->  Sort  (cost=1531459.54..1556459.68 rows=10000054 width=20) (actual time=2147.927..3163.376 rows=10000000 loops=1)
                     Sort Key: s_3.a, s_3.b, s_3.c
                     Sort Method: external merge  Disk: 293648kB
                     ->  Seq Scan on s_3  (cost=0.00..163695.54 rows=10000054 width=20) (actual time=0.032..633.612 rows=10000000 loops=1)
 Planning time: 0.234 ms
 Execution time: 3965.831 ms
(11 rows)

===== 264 [Wed Mar  7 09:08:34 CET 2018] scale:10000000 groups:1000 work_mem:64MB incremental:off max_workers:0 =====
SELECT * FROM (SELECT * FROM s_4 ORDER BY a, b, c, d) foo ORDER BY a, b, c, d, e LIMIT 100000
                                                                QUERY PLAN                                                                 
-------------------------------------------------------------------------------------------------------------------------------------------
 Limit  (cost=2538196.99..2538196.99 rows=1 width=20) (actual time=3934.169..3934.169 rows=0 loops=1)
   ->  Limit  (cost=2536946.99..2537196.99 rows=100000 width=20) (actual time=3921.964..3931.424 rows=100000 loops=1)
         ->  Sort  (cost=2536946.99..2561947.13 rows=10000054 width=20) (actual time=3921.963..3925.976 rows=100000 loops=1)
               Sort Key: s_4.a, s_4.b, s_4.c, s_4.d, s_4.e
               Sort Method: top-N heapsort  Memory: 13957kB
               ->  Sort  (cost=1531459.54..1556459.68 rows=10000054 width=20) (actual time=2151.323..3167.305 rows=10000000 loops=1)
                     Sort Key: s_4.a, s_4.b, s_4.c, s_4.d
                     Sort Method: external merge  Disk: 293648kB
                     ->  Seq Scan on s_4  (cost=0.00..163695.54 rows=10000054 width=20) (actual time=0.028..635.401 rows=10000000 loops=1)
 Planning time: 0.240 ms
 Execution time: 3969.822 ms
(11 rows)

===== 265 [Wed Mar  7 09:08:52 CET 2018] scale:10000000 groups:1000 work_mem:128MB incremental:on max_workers:0 =====
SELECT * FROM (SELECT * FROM s_1 ORDER BY a) foo ORDER BY a, b LIMIT 100000
                                                                QUERY PLAN                                                                 
-------------------------------------------------------------------------------------------------------------------------------------------
 Limit  (cost=1535069.32..1535069.32 rows=1 width=20) (actual time=2069.552..2069.552 rows=0 loops=1)
   ->  Limit  (cost=1532248.07..1534069.32 rows=100000 width=20) (actual time=2020.685..2066.806 rows=100000 loops=1)
         ->  Incremental Sort  (cost=1532248.07..1714373.65 rows=10000054 width=20) (actual time=2020.684..2061.324 rows=100000 loops=1)
               Sort Key: s_1.a, s_1.b
               Presorted Key: s_1.a
               Sort Method: quicksort  Memory: 1173kB
               Sort Groups: 11
               ->  Sort  (cost=1531459.54..1556459.68 rows=10000054 width=20) (actual time=2018.754..2027.969 rows=104856 loops=1)
                     Sort Key: s_1.a
                     Sort Method: external merge  Disk: 293568kB
                     ->  Seq Scan on s_1  (cost=0.00..163695.54 rows=10000054 width=20) (actual time=0.027..637.430 rows=10000000 loops=1)
 Planning time: 0.225 ms
 Execution time: 2106.432 ms
(13 rows)

===== 266 [Wed Mar  7 09:09:02 CET 2018] scale:10000000 groups:1000 work_mem:128MB incremental:on max_workers:0 =====
SELECT * FROM (SELECT * FROM s_2 ORDER BY a, b) foo ORDER BY a, b, c LIMIT 100000
                                                                QUERY PLAN                                                                 
-------------------------------------------------------------------------------------------------------------------------------------------
 Limit  (cost=1534438.94..1534438.94 rows=1 width=20) (actual time=2192.167..2192.167 rows=0 loops=1)
   ->  Limit  (cost=1531459.83..1533438.94 rows=100000 width=20) (actual time=2151.633..2189.420 rows=100000 loops=1)
         ->  Incremental Sort  (cost=1531459.83..1729371.55 rows=10000054 width=20) (actual time=2151.632..2183.930 rows=100000 loops=1)
               Sort Key: s_2.a, s_2.b, s_2.c
               Presorted Key: s_2.a, s_2.b
               Sort Method: quicksort  Memory: 29kB
               Sort Groups: 2714
               ->  Sort  (cost=1531459.54..1556459.68 rows=10000054 width=20) (actual time=2151.572..2160.809 rows=100008 loops=1)
                     Sort Key: s_2.a, s_2.b
                     Sort Method: external merge  Disk: 293568kB
                     ->  Seq Scan on s_2  (cost=0.00..163695.54 rows=10000054 width=20) (actual time=0.031..637.725 rows=10000000 loops=1)
 Planning time: 0.232 ms
 Execution time: 2228.899 ms
(13 rows)

===== 267 [Wed Mar  7 09:09:13 CET 2018] scale:10000000 groups:1000 work_mem:128MB incremental:on max_workers:0 =====
SELECT * FROM (SELECT * FROM s_3 ORDER BY a, b, c) foo ORDER BY a, b, c, d LIMIT 100000
                                                                QUERY PLAN                                                                 
-------------------------------------------------------------------------------------------------------------------------------------------
 Limit  (cost=1534438.94..1534438.94 rows=1 width=20) (actual time=2242.194..2242.194 rows=0 loops=1)
   ->  Limit  (cost=1531459.83..1533438.94 rows=100000 width=20) (actual time=2210.997..2239.365 rows=100000 loops=1)
         ->  Incremental Sort  (cost=1531459.83..1729371.55 rows=10000054 width=20) (actual time=2210.997..2233.915 rows=100000 loops=1)
               Sort Key: s_3.a, s_3.b, s_3.c, s_3.d
               Presorted Key: s_3.a, s_3.b, s_3.c
               Sort Method: quicksort  Memory: 27kB
               Sort Groups: 3125
               ->  Sort  (cost=1531459.54..1556459.68 rows=10000054 width=20) (actual time=2210.942..2220.169 rows=100018 loops=1)
                     Sort Key: s_3.a, s_3.b, s_3.c
                     Sort Method: external merge  Disk: 293568kB
                     ->  Seq Scan on s_3  (cost=0.00..163695.54 rows=10000054 width=20) (actual time=0.031..640.312 rows=10000000 loops=1)
 Planning time: 0.234 ms
 Execution time: 2279.018 ms
(13 rows)

===== 268 [Wed Mar  7 09:09:24 CET 2018] scale:10000000 groups:1000 work_mem:128MB incremental:on max_workers:0 =====
SELECT * FROM (SELECT * FROM s_4 ORDER BY a, b, c, d) foo ORDER BY a, b, c, d, e LIMIT 100000
                                                                QUERY PLAN                                                                 
-------------------------------------------------------------------------------------------------------------------------------------------
 Limit  (cost=1534438.94..1534438.94 rows=1 width=20) (actual time=2244.342..2244.342 rows=0 loops=1)
   ->  Limit  (cost=1531459.83..1533438.94 rows=100000 width=20) (actual time=2213.522..2241.512 rows=100000 loops=1)
         ->  Incremental Sort  (cost=1531459.83..1729371.55 rows=10000054 width=20) (actual time=2213.521..2236.062 rows=100000 loops=1)
               Sort Key: s_4.a, s_4.b, s_4.c, s_4.d, s_4.e
               Presorted Key: s_4.a, s_4.b, s_4.c, s_4.d
               Sort Method: quicksort  Memory: 27kB
               Sort Groups: 3125
               ->  Sort  (cost=1531459.54..1556459.68 rows=10000054 width=20) (actual time=2213.460..2222.705 rows=100001 loops=1)
                     Sort Key: s_4.a, s_4.b, s_4.c, s_4.d
                     Sort Method: external merge  Disk: 293568kB
                     ->  Seq Scan on s_4  (cost=0.00..163695.54 rows=10000054 width=20) (actual time=0.037..641.072 rows=10000000 loops=1)
 Planning time: 0.248 ms
 Execution time: 2281.113 ms
(13 rows)

===== 269 [Wed Mar  7 09:09:35 CET 2018] scale:10000000 groups:1000 work_mem:128MB incremental:off max_workers:0 =====
SELECT * FROM (SELECT * FROM s_1 ORDER BY a) foo ORDER BY a, b LIMIT 100000
                                                                QUERY PLAN                                                                 
-------------------------------------------------------------------------------------------------------------------------------------------
 Limit  (cost=2538196.99..2538196.99 rows=1 width=20) (actual time=3633.124..3633.124 rows=0 loops=1)
   ->  Limit  (cost=2536946.99..2537196.99 rows=100000 width=20) (actual time=3617.728..3630.410 rows=100000 loops=1)
         ->  Sort  (cost=2536946.99..2561947.13 rows=10000054 width=20) (actual time=3617.727..3624.967 rows=100000 loops=1)
               Sort Key: s_1.a, s_1.b
               Sort Method: top-N heapsort  Memory: 14220kB
               ->  Sort  (cost=1531459.54..1556459.68 rows=10000054 width=20) (actual time=2014.321..2953.101 rows=10000000 loops=1)
                     Sort Key: s_1.a
                     Sort Method: external merge  Disk: 293568kB
                     ->  Seq Scan on s_1  (cost=0.00..163695.54 rows=10000054 width=20) (actual time=0.027..636.288 rows=10000000 loops=1)
 Planning time: 0.235 ms
 Execution time: 3670.667 ms
(11 rows)

===== 270 [Wed Mar  7 09:09:53 CET 2018] scale:10000000 groups:1000 work_mem:128MB incremental:off max_workers:0 =====
SELECT * FROM (SELECT * FROM s_2 ORDER BY a, b) foo ORDER BY a, b, c LIMIT 100000
                                                                QUERY PLAN                                                                 
-------------------------------------------------------------------------------------------------------------------------------------------
 Limit  (cost=2538196.99..2538196.99 rows=1 width=20) (actual time=3772.215..3772.215 rows=0 loops=1)
   ->  Limit  (cost=2536946.99..2537196.99 rows=100000 width=20) (actual time=3759.591..3769.476 rows=100000 loops=1)
         ->  Sort  (cost=2536946.99..2561947.13 rows=10000054 width=20) (actual time=3759.591..3763.986 rows=100000 loops=1)
               Sort Key: s_2.a, s_2.b, s_2.c
               Sort Method: top-N heapsort  Memory: 13957kB
               ->  Sort  (cost=1531459.54..1556459.68 rows=10000054 width=20) (actual time=2153.379..3091.009 rows=10000000 loops=1)
                     Sort Key: s_2.a, s_2.b
                     Sort Method: external merge  Disk: 293568kB
                     ->  Seq Scan on s_2  (cost=0.00..163695.54 rows=10000054 width=20) (actual time=0.032..635.941 rows=10000000 loops=1)
 Planning time: 0.229 ms
 Execution time: 3809.792 ms
(11 rows)

===== 271 [Wed Mar  7 09:10:11 CET 2018] scale:10000000 groups:1000 work_mem:128MB incremental:off max_workers:0 =====
SELECT * FROM (SELECT * FROM s_3 ORDER BY a, b, c) foo ORDER BY a, b, c, d LIMIT 100000
                                                                QUERY PLAN                                                                 
-------------------------------------------------------------------------------------------------------------------------------------------
 Limit  (cost=2538196.99..2538196.99 rows=1 width=20) (actual time=3951.833..3951.833 rows=0 loops=1)
   ->  Limit  (cost=2536946.99..2537196.99 rows=100000 width=20) (actual time=3939.620..3949.081 rows=100000 loops=1)
         ->  Sort  (cost=2536946.99..2561947.13 rows=10000054 width=20) (actual time=3939.619..3943.644 rows=100000 loops=1)
               Sort Key: s_3.a, s_3.b, s_3.c, s_3.d
               Sort Method: top-N heapsort  Memory: 13957kB
               ->  Sort  (cost=1531459.54..1556459.68 rows=10000054 width=20) (actual time=2211.869..3218.026 rows=10000000 loops=1)
                     Sort Key: s_3.a, s_3.b, s_3.c
                     Sort Method: external merge  Disk: 293568kB
                     ->  Seq Scan on s_3  (cost=0.00..163695.54 rows=10000054 width=20) (actual time=0.030..638.955 rows=10000000 loops=1)
 Planning time: 0.226 ms
 Execution time: 3989.417 ms
(11 rows)

===== 272 [Wed Mar  7 09:10:30 CET 2018] scale:10000000 groups:1000 work_mem:128MB incremental:off max_workers:0 =====
SELECT * FROM (SELECT * FROM s_4 ORDER BY a, b, c, d) foo ORDER BY a, b, c, d, e LIMIT 100000
                                                                QUERY PLAN                                                                 
-------------------------------------------------------------------------------------------------------------------------------------------
 Limit  (cost=2538196.99..2538196.99 rows=1 width=20) (actual time=3953.632..3953.632 rows=0 loops=1)
   ->  Limit  (cost=2536946.99..2537196.99 rows=100000 width=20) (actual time=3941.427..3950.883 rows=100000 loops=1)
         ->  Sort  (cost=2536946.99..2561947.13 rows=10000054 width=20) (actual time=3941.426..3945.440 rows=100000 loops=1)
               Sort Key: s_4.a, s_4.b, s_4.c, s_4.d, s_4.e
               Sort Method: top-N heapsort  Memory: 13957kB
               ->  Sort  (cost=1531459.54..1556459.68 rows=10000054 width=20) (actual time=2214.421..3219.960 rows=10000000 loops=1)
                     Sort Key: s_4.a, s_4.b, s_4.c, s_4.d
                     Sort Method: external merge  Disk: 293568kB
                     ->  Seq Scan on s_4  (cost=0.00..163695.54 rows=10000054 width=20) (actual time=0.029..638.910 rows=10000000 loops=1)
 Planning time: 0.243 ms
 Execution time: 3991.200 ms
(11 rows)

===== 273 [Wed Mar  7 09:10:48 CET 2018] scale:10000000 groups:1000 work_mem:256MB incremental:on max_workers:0 =====
SELECT * FROM (SELECT * FROM s_1 ORDER BY a) foo ORDER BY a, b LIMIT 100000
                                                                QUERY PLAN                                                                 
-------------------------------------------------------------------------------------------------------------------------------------------
 Limit  (cost=1535069.32..1535069.32 rows=1 width=20) (actual time=2196.104..2196.104 rows=0 loops=1)
   ->  Limit  (cost=1532248.07..1534069.32 rows=100000 width=20) (actual time=2146.931..2193.360 rows=100000 loops=1)
         ->  Incremental Sort  (cost=1532248.07..1714373.65 rows=10000054 width=20) (actual time=2146.930..2187.880 rows=100000 loops=1)
               Sort Key: s_1.a, s_1.b
               Presorted Key: s_1.a
               Sort Method: quicksort  Memory: 1173kB
               Sort Groups: 11
               ->  Sort  (cost=1531459.54..1556459.68 rows=10000054 width=20) (actual time=2144.946..2154.180 rows=104856 loops=1)
                     Sort Key: s_1.a
                     Sort Method: external merge  Disk: 293552kB
                     ->  Seq Scan on s_1  (cost=0.00..163695.54 rows=10000054 width=20) (actual time=0.026..648.654 rows=10000000 loops=1)
 Planning time: 0.225 ms
 Execution time: 2237.768 ms
(13 rows)

===== 274 [Wed Mar  7 09:10:59 CET 2018] scale:10000000 groups:1000 work_mem:256MB incremental:on max_workers:0 =====
SELECT * FROM (SELECT * FROM s_2 ORDER BY a, b) foo ORDER BY a, b, c LIMIT 100000
                                                                QUERY PLAN                                                                 
-------------------------------------------------------------------------------------------------------------------------------------------
 Limit  (cost=1534438.94..1534438.94 rows=1 width=20) (actual time=2323.863..2323.863 rows=0 loops=1)
   ->  Limit  (cost=1531459.83..1533438.94 rows=100000 width=20) (actual time=2283.339..2321.123 rows=100000 loops=1)
         ->  Incremental Sort  (cost=1531459.83..1729371.55 rows=10000054 width=20) (actual time=2283.339..2315.635 rows=100000 loops=1)
               Sort Key: s_2.a, s_2.b, s_2.c
               Presorted Key: s_2.a, s_2.b
               Sort Method: quicksort  Memory: 29kB
               Sort Groups: 2714
               ->  Sort  (cost=1531459.54..1556459.68 rows=10000054 width=20) (actual time=2283.281..2292.493 rows=100008 loops=1)
                     Sort Key: s_2.a, s_2.b
                     Sort Method: external merge  Disk: 293552kB
                     ->  Seq Scan on s_2  (cost=0.00..163695.54 rows=10000054 width=20) (actual time=0.037..648.512 rows=10000000 loops=1)
 Planning time: 0.234 ms
 Execution time: 2365.552 ms
(13 rows)

===== 275 [Wed Mar  7 09:11:11 CET 2018] scale:10000000 groups:1000 work_mem:256MB incremental:on max_workers:0 =====
SELECT * FROM (SELECT * FROM s_3 ORDER BY a, b, c) foo ORDER BY a, b, c, d LIMIT 100000
                                                                QUERY PLAN                                                                 
-------------------------------------------------------------------------------------------------------------------------------------------
 Limit  (cost=1534438.94..1534438.94 rows=1 width=20) (actual time=2384.107..2384.107 rows=0 loops=1)
   ->  Limit  (cost=1531459.83..1533438.94 rows=100000 width=20) (actual time=2352.904..2381.284 rows=100000 loops=1)
         ->  Incremental Sort  (cost=1531459.83..1729371.55 rows=10000054 width=20) (actual time=2352.904..2375.834 rows=100000 loops=1)
               Sort Key: s_3.a, s_3.b, s_3.c, s_3.d
               Presorted Key: s_3.a, s_3.b, s_3.c
               Sort Method: quicksort  Memory: 27kB
               Sort Groups: 3125
               ->  Sort  (cost=1531459.54..1556459.68 rows=10000054 width=20) (actual time=2352.848..2362.081 rows=100018 loops=1)
                     Sort Key: s_3.a, s_3.b, s_3.c
                     Sort Method: external merge  Disk: 293552kB
                     ->  Seq Scan on s_3  (cost=0.00..163695.54 rows=10000054 width=20) (actual time=0.030..651.435 rows=10000000 loops=1)
 Planning time: 0.233 ms
 Execution time: 2425.869 ms
(13 rows)

===== 276 [Wed Mar  7 09:11:23 CET 2018] scale:10000000 groups:1000 work_mem:256MB incremental:on max_workers:0 =====
SELECT * FROM (SELECT * FROM s_4 ORDER BY a, b, c, d) foo ORDER BY a, b, c, d, e LIMIT 100000
                                                                QUERY PLAN                                                                 
-------------------------------------------------------------------------------------------------------------------------------------------
 Limit  (cost=1534438.94..1534438.94 rows=1 width=20) (actual time=2380.561..2380.561 rows=0 loops=1)
   ->  Limit  (cost=1531459.83..1533438.94 rows=100000 width=20) (actual time=2349.750..2377.738 rows=100000 loops=1)
         ->  Incremental Sort  (cost=1531459.83..1729371.55 rows=10000054 width=20) (actual time=2349.750..2372.287 rows=100000 loops=1)
               Sort Key: s_4.a, s_4.b, s_4.c, s_4.d, s_4.e
               Presorted Key: s_4.a, s_4.b, s_4.c, s_4.d
               Sort Method: quicksort  Memory: 27kB
               Sort Groups: 3125
               ->  Sort  (cost=1531459.54..1556459.68 rows=10000054 width=20) (actual time=2349.688..2358.915 rows=100001 loops=1)
                     Sort Key: s_4.a, s_4.b, s_4.c, s_4.d
                     Sort Method: external merge  Disk: 293552kB
                     ->  Seq Scan on s_4  (cost=0.00..163695.54 rows=10000054 width=20) (actual time=0.029..650.918 rows=10000000 loops=1)
 Planning time: 0.245 ms
 Execution time: 2422.133 ms
(13 rows)

===== 277 [Wed Mar  7 09:11:35 CET 2018] scale:10000000 groups:1000 work_mem:256MB incremental:off max_workers:0 =====
SELECT * FROM (SELECT * FROM s_1 ORDER BY a) foo ORDER BY a, b LIMIT 100000
                                                                QUERY PLAN                                                                 
-------------------------------------------------------------------------------------------------------------------------------------------
 Limit  (cost=2538196.99..2538196.99 rows=1 width=20) (actual time=3695.137..3695.137 rows=0 loops=1)
   ->  Limit  (cost=2536946.99..2537196.99 rows=100000 width=20) (actual time=3679.698..3692.394 rows=100000 loops=1)
         ->  Sort  (cost=2536946.99..2561947.13 rows=10000054 width=20) (actual time=3679.697..3686.914 rows=100000 loops=1)
               Sort Key: s_1.a, s_1.b
               Sort Method: top-N heapsort  Memory: 14220kB
               ->  Sort  (cost=1531459.54..1556459.68 rows=10000054 width=20) (actual time=2147.978..3012.797 rows=10000000 loops=1)
                     Sort Key: s_1.a
                     Sort Method: external merge  Disk: 293552kB
                     ->  Seq Scan on s_1  (cost=0.00..163695.54 rows=10000054 width=20) (actual time=0.027..646.936 rows=10000000 loops=1)
 Planning time: 0.229 ms
 Execution time: 3735.260 ms
(11 rows)

===== 278 [Wed Mar  7 09:11:53 CET 2018] scale:10000000 groups:1000 work_mem:256MB incremental:off max_workers:0 =====
SELECT * FROM (SELECT * FROM s_2 ORDER BY a, b) foo ORDER BY a, b, c LIMIT 100000
                                                                QUERY PLAN                                                                 
-------------------------------------------------------------------------------------------------------------------------------------------
 Limit  (cost=2538196.99..2538196.99 rows=1 width=20) (actual time=3828.593..3828.593 rows=0 loops=1)
   ->  Limit  (cost=2536946.99..2537196.99 rows=100000 width=20) (actual time=3815.979..3825.856 rows=100000 loops=1)
         ->  Sort  (cost=2536946.99..2561947.13 rows=10000054 width=20) (actual time=3815.978..3820.380 rows=100000 loops=1)
               Sort Key: s_2.a, s_2.b, s_2.c
               Sort Method: top-N heapsort  Memory: 13957kB
               ->  Sort  (cost=1531459.54..1556459.68 rows=10000054 width=20) (actual time=2280.720..3145.224 rows=10000000 loops=1)
                     Sort Key: s_2.a, s_2.b
                     Sort Method: external merge  Disk: 293552kB
                     ->  Seq Scan on s_2  (cost=0.00..163695.54 rows=10000054 width=20) (actual time=0.031..645.377 rows=10000000 loops=1)
 Planning time: 0.225 ms
 Execution time: 3868.747 ms
(11 rows)

===== 279 [Wed Mar  7 09:12:11 CET 2018] scale:10000000 groups:1000 work_mem:256MB incremental:off max_workers:0 =====
SELECT * FROM (SELECT * FROM s_3 ORDER BY a, b, c) foo ORDER BY a, b, c, d LIMIT 100000
                                                                QUERY PLAN                                                                 
-------------------------------------------------------------------------------------------------------------------------------------------
 Limit  (cost=2538196.99..2538196.99 rows=1 width=20) (actual time=4012.343..4012.343 rows=0 loops=1)
   ->  Limit  (cost=2536946.99..2537196.99 rows=100000 width=20) (actual time=4000.136..4009.597 rows=100000 loops=1)
         ->  Sort  (cost=2536946.99..2561947.13 rows=10000054 width=20) (actual time=4000.135..4004.150 rows=100000 loops=1)
               Sort Key: s_3.a, s_3.b, s_3.c, s_3.d
               Sort Method: top-N heapsort  Memory: 13957kB
               ->  Sort  (cost=1531459.54..1556459.68 rows=10000054 width=20) (actual time=2353.655..3277.249 rows=10000000 loops=1)
                     Sort Key: s_3.a, s_3.b, s_3.c
                     Sort Method: external merge  Disk: 293552kB
                     ->  Seq Scan on s_3  (cost=0.00..163695.54 rows=10000054 width=20) (actual time=0.030..647.399 rows=10000000 loops=1)
 Planning time: 0.228 ms
 Execution time: 4052.508 ms
(11 rows)

===== 280 [Wed Mar  7 09:12:30 CET 2018] scale:10000000 groups:1000 work_mem:256MB incremental:off max_workers:0 =====
SELECT * FROM (SELECT * FROM s_4 ORDER BY a, b, c, d) foo ORDER BY a, b, c, d, e LIMIT 100000
                                                                QUERY PLAN                                                                 
-------------------------------------------------------------------------------------------------------------------------------------------
 Limit  (cost=2538196.99..2538196.99 rows=1 width=20) (actual time=4013.273..4013.273 rows=0 loops=1)
   ->  Limit  (cost=2536946.99..2537196.99 rows=100000 width=20) (actual time=4001.056..4010.510 rows=100000 loops=1)
         ->  Sort  (cost=2536946.99..2561947.13 rows=10000054 width=20) (actual time=4001.055..4005.076 rows=100000 loops=1)
               Sort Key: s_4.a, s_4.b, s_4.c, s_4.d, s_4.e
               Sort Method: top-N heapsort  Memory: 13957kB
               ->  Sort  (cost=1531459.54..1556459.68 rows=10000054 width=20) (actual time=2354.189..3278.332 rows=10000000 loops=1)
                     Sort Key: s_4.a, s_4.b, s_4.c, s_4.d
                     Sort Method: external merge  Disk: 293552kB
                     ->  Seq Scan on s_4  (cost=0.00..163695.54 rows=10000054 width=20) (actual time=0.028..648.583 rows=10000000 loops=1)
 Planning time: 0.236 ms
 Execution time: 4053.550 ms
(11 rows)

===== 281 [Wed Mar  7 09:12:49 CET 2018] scale:10000000 groups:1000 work_mem:4MB incremental:on max_workers:2 =====
SELECT * FROM (SELECT * FROM s_1 ORDER BY a) foo ORDER BY a, b LIMIT 100000
                                                                       QUERY PLAN                                                                       
--------------------------------------------------------------------------------------------------------------------------------------------------------
 Limit  (cost=739962.06..739962.06 rows=1 width=20) (actual time=1039.751..1039.751 rows=0 loops=1)
   ->  Limit  (cost=737000.83..738962.06 rows=100000 width=20) (actual time=983.998..1037.002 rows=100000 loops=1)
         ->  Incremental Sort  (cost=737000.83..900437.40 rows=8333378 width=20) (actual time=983.997..1031.528 rows=100000 loops=1)
               Sort Key: s_1.a, s_1.b
               Presorted Key: s_1.a
               Sort Method: quicksort  Memory: 1173kB
               Sort Groups: 11
               ->  Gather Merge  (cost=735404.16..1707699.48 rows=8333378 width=20) (actual time=981.480..998.017 rows=104856 loops=1)
                     Workers Planned: 2
                     Workers Launched: 2
                     ->  Sort  (cost=734404.14..744820.86 rows=4166689 width=20) (actual time=976.235..979.613 rows=35619 loops=3)
                           Sort Key: s_1.a
                           Sort Method: external merge  Disk: 98456kB
                           Worker 0:  Sort Method: external merge  Disk: 97576kB
                           Worker 1:  Sort Method: external merge  Disk: 97576kB
                           ->  Parallel Seq Scan on s_1  (cost=0.00..105361.89 rows=4166689 width=20) (actual time=0.025..235.414 rows=3333333 loops=3)
 Planning time: 0.260 ms
 Execution time: 1063.987 ms
(18 rows)

===== 282 [Wed Mar  7 09:12:55 CET 2018] scale:10000000 groups:1000 work_mem:4MB incremental:on max_workers:2 =====
SELECT * FROM (SELECT * FROM s_2 ORDER BY a, b) foo ORDER BY a, b, c LIMIT 100000
                                                                       QUERY PLAN                                                                       
--------------------------------------------------------------------------------------------------------------------------------------------------------
 Limit  (cost=738527.52..738527.52 rows=1 width=20) (actual time=1103.819..1103.819 rows=0 loops=1)
   ->  Limit  (cost=735405.60..737527.52 rows=100000 width=20) (actual time=1053.543..1101.056 rows=100000 loops=1)
         ->  Incremental Sort  (cost=735405.60..912233.48 rows=8333378 width=20) (actual time=1053.542..1095.563 rows=100000 loops=1)
               Sort Key: s_2.a, s_2.b, s_2.c
               Presorted Key: s_2.a, s_2.b
               Sort Method: quicksort  Memory: 29kB
               Sort Groups: 2714
               ->  Gather Merge  (cost=735404.16..1707699.48 rows=8333378 width=20) (actual time=1053.490..1071.907 rows=100008 loops=1)
                     Workers Planned: 2
                     Workers Launched: 2
                     ->  Sort  (cost=734404.14..744820.86 rows=4166689 width=20) (actual time=1045.693..1049.002 rows=33965 loops=3)
                           Sort Key: s_2.a, s_2.b
                           Sort Method: external merge  Disk: 95480kB
                           Worker 0:  Sort Method: external merge  Disk: 99064kB
                           Worker 1:  Sort Method: external merge  Disk: 99064kB
                           ->  Parallel Seq Scan on s_2  (cost=0.00..105361.89 rows=4166689 width=20) (actual time=0.027..236.402 rows=3333333 loops=3)
 Planning time: 0.248 ms
 Execution time: 1127.882 ms
(18 rows)

===== 283 [Wed Mar  7 09:13:01 CET 2018] scale:10000000 groups:1000 work_mem:4MB incremental:on max_workers:2 =====
SELECT * FROM (SELECT * FROM s_3 ORDER BY a, b, c) foo ORDER BY a, b, c, d LIMIT 100000
                                                                       QUERY PLAN                                                                       
--------------------------------------------------------------------------------------------------------------------------------------------------------
 Limit  (cost=738527.52..738527.52 rows=1 width=20) (actual time=1105.148..1105.148 rows=0 loops=1)
   ->  Limit  (cost=735405.60..737527.52 rows=100000 width=20) (actual time=1064.885..1102.403 rows=100000 loops=1)
         ->  Incremental Sort  (cost=735405.60..912233.48 rows=8333378 width=20) (actual time=1064.884..1096.878 rows=100000 loops=1)
               Sort Key: s_3.a, s_3.b, s_3.c, s_3.d
               Presorted Key: s_3.a, s_3.b, s_3.c
               Sort Method: quicksort  Memory: 27kB
               Sort Groups: 3125
               ->  Gather Merge  (cost=735404.16..1707699.48 rows=8333378 width=20) (actual time=1064.832..1083.284 rows=100018 loops=1)
                     Workers Planned: 2
                     Workers Launched: 2
                     ->  Sort  (cost=734404.14..744820.86 rows=4166689 width=20) (actual time=1058.600..1061.932 rows=33987 loops=3)
                           Sort Key: s_3.a, s_3.b, s_3.c
                           Sort Method: external merge  Disk: 95920kB
                           Worker 0:  Sort Method: external merge  Disk: 98840kB
                           Worker 1:  Sort Method: external merge  Disk: 98848kB
                           ->  Parallel Seq Scan on s_3  (cost=0.00..105361.89 rows=4166689 width=20) (actual time=0.027..236.237 rows=3333333 loops=3)
 Planning time: 0.257 ms
 Execution time: 1129.177 ms
(18 rows)

===== 284 [Wed Mar  7 09:13:07 CET 2018] scale:10000000 groups:1000 work_mem:4MB incremental:on max_workers:2 =====
SELECT * FROM (SELECT * FROM s_4 ORDER BY a, b, c, d) foo ORDER BY a, b, c, d, e LIMIT 100000
                                                                       QUERY PLAN                                                                       
--------------------------------------------------------------------------------------------------------------------------------------------------------
 Limit  (cost=738527.52..738527.52 rows=1 width=20) (actual time=1111.556..1111.556 rows=0 loops=1)
   ->  Limit  (cost=735405.60..737527.52 rows=100000 width=20) (actual time=1071.730..1108.813 rows=100000 loops=1)
         ->  Incremental Sort  (cost=735405.60..912233.48 rows=8333378 width=20) (actual time=1071.729..1103.297 rows=100000 loops=1)
               Sort Key: s_4.a, s_4.b, s_4.c, s_4.d, s_4.e
               Presorted Key: s_4.a, s_4.b, s_4.c, s_4.d
               Sort Method: quicksort  Memory: 27kB
               Sort Groups: 3125
               ->  Gather Merge  (cost=735404.16..1707699.48 rows=8333378 width=20) (actual time=1071.673..1090.112 rows=100001 loops=1)
                     Workers Planned: 2
                     Workers Launched: 2
                     ->  Sort  (cost=734404.14..744820.86 rows=4166689 width=20) (actual time=1063.737..1067.060 rows=33998 loops=3)
                           Sort Key: s_4.a, s_4.b, s_4.c, s_4.d
                           Sort Method: external merge  Disk: 95832kB
                           Worker 0:  Sort Method: external merge  Disk: 98888kB
                           Worker 1:  Sort Method: external merge  Disk: 98888kB
                           ->  Parallel Seq Scan on s_4  (cost=0.00..105361.89 rows=4166689 width=20) (actual time=0.024..236.987 rows=3333333 loops=3)
 Planning time: 0.272 ms
 Execution time: 1135.573 ms
(18 rows)

===== 285 [Wed Mar  7 09:13:13 CET 2018] scale:10000000 groups:1000 work_mem:4MB incremental:off max_workers:2 =====
SELECT * FROM (SELECT * FROM s_1 ORDER BY a) foo ORDER BY a, b LIMIT 100000
                                                                       QUERY PLAN                                                                       
--------------------------------------------------------------------------------------------------------------------------------------------------------
 Limit  (cost=3092027.64..3092027.64 rows=1 width=20) (actual time=7519.079..7519.079 rows=0 loops=1)
   ->  Limit  (cost=3090777.64..3091027.64 rows=100000 width=20) (actual time=7501.552..7516.260 rows=100000 loops=1)
         ->  Sort  (cost=3090777.64..3111611.09 rows=8333378 width=20) (actual time=7501.551..7510.666 rows=100000 loops=1)
               Sort Key: s_1.a, s_1.b
               Sort Method: external merge  Disk: 293600kB
               ->  Gather Merge  (cost=735404.16..1707699.48 rows=8333378 width=20) (actual time=1000.691..2547.345 rows=10000000 loops=1)
                     Workers Planned: 2
                     Workers Launched: 2
                     ->  Sort  (cost=734404.14..744820.86 rows=4166689 width=20) (actual time=992.569..1314.668 rows=3333333 loops=3)
                           Sort Key: s_1.a
                           Sort Method: external merge  Disk: 95712kB
                           Worker 0:  Sort Method: external merge  Disk: 98952kB
                           Worker 1:  Sort Method: external merge  Disk: 98944kB
                           ->  Parallel Seq Scan on s_1  (cost=0.00..105361.89 rows=4166689 width=20) (actual time=0.026..233.994 rows=3333333 loops=3)
 Planning time: 0.232 ms
 Execution time: 7559.747 ms
(16 rows)

===== 286 [Wed Mar  7 09:13:55 CET 2018] scale:10000000 groups:1000 work_mem:4MB incremental:off max_workers:2 =====
SELECT * FROM (SELECT * FROM s_2 ORDER BY a, b) foo ORDER BY a, b, c LIMIT 100000
                                                                       QUERY PLAN                                                                       
--------------------------------------------------------------------------------------------------------------------------------------------------------
 Limit  (cost=3092027.64..3092027.64 rows=1 width=20) (actual time=8151.606..8151.606 rows=0 loops=1)
   ->  Limit  (cost=3090777.64..3091027.64 rows=100000 width=20) (actual time=8134.039..8148.780 rows=100000 loops=1)
         ->  Sort  (cost=3090777.64..3111611.09 rows=8333378 width=20) (actual time=8134.039..8143.206 rows=100000 loops=1)
               Sort Key: s_2.a, s_2.b, s_2.c
               Sort Method: external merge  Disk: 293600kB
               ->  Gather Merge  (cost=735404.16..1707699.48 rows=8333378 width=20) (actual time=1045.026..2815.273 rows=10000000 loops=1)
                     Workers Planned: 2
                     Workers Launched: 2
                     ->  Sort  (cost=734404.14..744820.86 rows=4166689 width=20) (actual time=1039.441..1366.810 rows=3333333 loops=3)
                           Sort Key: s_2.a, s_2.b
                           Sort Method: external merge  Disk: 98624kB
                           Worker 0:  Sort Method: external merge  Disk: 97488kB
                           Worker 1:  Sort Method: external merge  Disk: 97496kB
                           ->  Parallel Seq Scan on s_2  (cost=0.00..105361.89 rows=4166689 width=20) (actual time=0.024..237.685 rows=3333333 loops=3)
 Planning time: 0.240 ms
 Execution time: 8192.356 ms
(16 rows)

===== 287 [Wed Mar  7 09:14:40 CET 2018] scale:10000000 groups:1000 work_mem:4MB incremental:off max_workers:2 =====
SELECT * FROM (SELECT * FROM s_3 ORDER BY a, b, c) foo ORDER BY a, b, c, d LIMIT 100000
                                                                       QUERY PLAN                                                                       
--------------------------------------------------------------------------------------------------------------------------------------------------------
 Limit  (cost=3092027.64..3092027.64 rows=1 width=20) (actual time=7129.252..7129.252 rows=0 loops=1)
   ->  Limit  (cost=3090777.64..3091027.64 rows=100000 width=20) (actual time=7111.862..7126.428 rows=100000 loops=1)
         ->  Sort  (cost=3090777.64..3111611.09 rows=8333378 width=20) (actual time=7111.861..7120.843 rows=100000 loops=1)
               Sort Key: s_3.a, s_3.b, s_3.c, s_3.d
               Sort Method: external merge  Disk: 293600kB
               ->  Gather Merge  (cost=735404.16..1707699.48 rows=8333378 width=20) (actual time=1069.912..2839.802 rows=10000000 loops=1)
                     Workers Planned: 2
                     Workers Launched: 2
                     ->  Sort  (cost=734404.14..744820.86 rows=4166689 width=20) (actual time=1061.145..1386.350 rows=3333333 loops=3)
                           Sort Key: s_3.a, s_3.b, s_3.c
                           Sort Method: external merge  Disk: 96128kB
                           Worker 0:  Sort Method: external merge  Disk: 98592kB
                           Worker 1:  Sort Method: external merge  Disk: 98888kB
                           ->  Parallel Seq Scan on s_3  (cost=0.00..105361.89 rows=4166689 width=20) (actual time=0.024..235.307 rows=3333333 loops=3)
 Planning time: 0.244 ms
 Execution time: 7169.770 ms
(16 rows)

===== 288 [Wed Mar  7 09:15:19 CET 2018] scale:10000000 groups:1000 work_mem:4MB incremental:off max_workers:2 =====
SELECT * FROM (SELECT * FROM s_4 ORDER BY a, b, c, d) foo ORDER BY a, b, c, d, e LIMIT 100000
                                                                       QUERY PLAN                                                                       
--------------------------------------------------------------------------------------------------------------------------------------------------------
 Limit  (cost=3092027.64..3092027.64 rows=1 width=20) (actual time=5778.694..5778.694 rows=0 loops=1)
   ->  Limit  (cost=3090777.64..3091027.64 rows=100000 width=20) (actual time=5761.316..5775.869 rows=100000 loops=1)
         ->  Sort  (cost=3090777.64..3111611.09 rows=8333378 width=20) (actual time=5761.315..5770.273 rows=100000 loops=1)
               Sort Key: s_4.a, s_4.b, s_4.c, s_4.d, s_4.e
               Sort Method: external merge  Disk: 293600kB
               ->  Gather Merge  (cost=735404.16..1707699.48 rows=8333378 width=20) (actual time=1068.701..2823.595 rows=10000000 loops=1)
                     Workers Planned: 2
                     Workers Launched: 2
                     ->  Sort  (cost=734404.14..744820.86 rows=4166689 width=20) (actual time=1060.457..1385.355 rows=3333333 loops=3)
                           Sort Key: s_4.a, s_4.b, s_4.c, s_4.d
                           Sort Method: external merge  Disk: 96280kB
                           Worker 0:  Sort Method: external merge  Disk: 98888kB
                           Worker 1:  Sort Method: external merge  Disk: 98440kB
                           ->  Parallel Seq Scan on s_4  (cost=0.00..105361.89 rows=4166689 width=20) (actual time=0.027..236.992 rows=3333333 loops=3)
 Planning time: 0.259 ms
 Execution time: 5819.306 ms
(16 rows)

===== 289 [Wed Mar  7 09:15:50 CET 2018] scale:10000000 groups:1000 work_mem:8MB incremental:on max_workers:2 =====
SELECT * FROM (SELECT * FROM s_1 ORDER BY a) foo ORDER BY a, b LIMIT 100000
                                                                       QUERY PLAN                                                                       
--------------------------------------------------------------------------------------------------------------------------------------------------------
 Limit  (cost=654509.56..654509.56 rows=1 width=20) (actual time=799.308..799.308 rows=0 loops=1)
   ->  Limit  (cost=651548.33..653509.56 rows=100000 width=20) (actual time=743.535..796.562 rows=100000 loops=1)
         ->  Incremental Sort  (cost=651548.33..814984.90 rows=8333378 width=20) (actual time=743.534..791.091 rows=100000 loops=1)
               Sort Key: s_1.a, s_1.b
               Presorted Key: s_1.a
               Sort Method: quicksort  Memory: 1173kB
               Sort Groups: 11
               ->  Gather Merge  (cost=649951.66..1622246.98 rows=8333378 width=20) (actual time=741.017..757.704 rows=104856 loops=1)
                     Workers Planned: 2
                     Workers Launched: 2
                     ->  Sort  (cost=648951.64..659368.36 rows=4166689 width=20) (actual time=737.367..740.763 rows=35706 loops=3)
                           Sort Key: s_1.a
                           Sort Method: external merge  Disk: 98352kB
                           Worker 0:  Sort Method: external merge  Disk: 97680kB
                           Worker 1:  Sort Method: external merge  Disk: 97576kB
                           ->  Parallel Seq Scan on s_1  (cost=0.00..105361.89 rows=4166689 width=20) (actual time=0.024..233.739 rows=3333333 loops=3)
 Planning time: 0.244 ms
 Execution time: 824.085 ms
(18 rows)

===== 290 [Wed Mar  7 09:15:55 CET 2018] scale:10000000 groups:1000 work_mem:8MB incremental:on max_workers:2 =====
SELECT * FROM (SELECT * FROM s_2 ORDER BY a, b) foo ORDER BY a, b, c LIMIT 100000
                                                                       QUERY PLAN                                                                       
--------------------------------------------------------------------------------------------------------------------------------------------------------
 Limit  (cost=653075.02..653075.02 rows=1 width=20) (actual time=857.174..857.174 rows=0 loops=1)
   ->  Limit  (cost=649953.10..652075.02 rows=100000 width=20) (actual time=806.846..854.414 rows=100000 loops=1)
         ->  Incremental Sort  (cost=649953.10..826780.98 rows=8333378 width=20) (actual time=806.845..848.930 rows=100000 loops=1)
               Sort Key: s_2.a, s_2.b, s_2.c
               Presorted Key: s_2.a, s_2.b
               Sort Method: quicksort  Memory: 29kB
               Sort Groups: 2714
               ->  Gather Merge  (cost=649951.66..1622246.98 rows=8333378 width=20) (actual time=806.793..825.289 rows=100008 loops=1)
                     Workers Planned: 2
                     Workers Launched: 2
                     ->  Sort  (cost=648951.64..659368.36 rows=4166689 width=20) (actual time=802.599..805.933 rows=33997 loops=3)
                           Sort Key: s_2.a, s_2.b
                           Sort Method: external merge  Disk: 95528kB
                           Worker 0:  Sort Method: external merge  Disk: 99032kB
                           Worker 1:  Sort Method: external merge  Disk: 99048kB
                           ->  Parallel Seq Scan on s_2  (cost=0.00..105361.89 rows=4166689 width=20) (actual time=0.027..234.489 rows=3333333 loops=3)
 Planning time: 0.252 ms
 Execution time: 881.611 ms
(18 rows)

===== 291 [Wed Mar  7 09:15:59 CET 2018] scale:10000000 groups:1000 work_mem:8MB incremental:on max_workers:2 =====
SELECT * FROM (SELECT * FROM s_3 ORDER BY a, b, c) foo ORDER BY a, b, c, d LIMIT 100000
                                                                       QUERY PLAN                                                                       
--------------------------------------------------------------------------------------------------------------------------------------------------------
 Limit  (cost=653075.02..653075.02 rows=1 width=20) (actual time=862.994..862.994 rows=0 loops=1)
   ->  Limit  (cost=649953.10..652075.02 rows=100000 width=20) (actual time=822.746..860.246 rows=100000 loops=1)
         ->  Incremental Sort  (cost=649953.10..826780.98 rows=8333378 width=20) (actual time=822.745..854.726 rows=100000 loops=1)
               Sort Key: s_3.a, s_3.b, s_3.c, s_3.d
               Presorted Key: s_3.a, s_3.b, s_3.c
               Sort Method: quicksort  Memory: 27kB
               Sort Groups: 3125
               ->  Gather Merge  (cost=649951.66..1622246.98 rows=8333378 width=20) (actual time=822.692..841.144 rows=100018 loops=1)
                     Workers Planned: 2
                     Workers Launched: 2
                     ->  Sort  (cost=648951.64..659368.36 rows=4166689 width=20) (actual time=818.159..821.474 rows=33988 loops=3)
                           Sort Key: s_3.a, s_3.b, s_3.c
                           Sort Method: external merge  Disk: 95736kB
                           Worker 0:  Sort Method: external merge  Disk: 98936kB
                           Worker 1:  Sort Method: external merge  Disk: 98936kB
                           ->  Parallel Seq Scan on s_3  (cost=0.00..105361.89 rows=4166689 width=20) (actual time=0.028..233.460 rows=3333333 loops=3)
 Planning time: 0.256 ms
 Execution time: 887.647 ms
(18 rows)

===== 292 [Wed Mar  7 09:16:04 CET 2018] scale:10000000 groups:1000 work_mem:8MB incremental:on max_workers:2 =====
SELECT * FROM (SELECT * FROM s_4 ORDER BY a, b, c, d) foo ORDER BY a, b, c, d, e LIMIT 100000
                                                                       QUERY PLAN                                                                       
--------------------------------------------------------------------------------------------------------------------------------------------------------
 Limit  (cost=653075.02..653075.02 rows=1 width=20) (actual time=861.146..861.146 rows=0 loops=1)
   ->  Limit  (cost=649953.10..652075.02 rows=100000 width=20) (actual time=821.326..858.394 rows=100000 loops=1)
         ->  Incremental Sort  (cost=649953.10..826780.98 rows=8333378 width=20) (actual time=821.325..852.885 rows=100000 loops=1)
               Sort Key: s_4.a, s_4.b, s_4.c, s_4.d, s_4.e
               Presorted Key: s_4.a, s_4.b, s_4.c, s_4.d
               Sort Method: quicksort  Memory: 27kB
               Sort Groups: 3125
               ->  Gather Merge  (cost=649951.66..1622246.98 rows=8333378 width=20) (actual time=821.274..839.701 rows=100001 loops=1)
                     Workers Planned: 2
                     Workers Launched: 2
                     ->  Sort  (cost=648951.64..659368.36 rows=4166689 width=20) (actual time=816.622..819.952 rows=33997 loops=3)
                           Sort Key: s_4.a, s_4.b, s_4.c, s_4.d
                           Sort Method: external merge  Disk: 95760kB
                           Worker 0:  Sort Method: external merge  Disk: 99184kB
                           Worker 1:  Sort Method: external merge  Disk: 98664kB
                           ->  Parallel Seq Scan on s_4  (cost=0.00..105361.89 rows=4166689 width=20) (actual time=0.024..233.653 rows=3333333 loops=3)
 Planning time: 0.267 ms
 Execution time: 885.567 ms
(18 rows)

===== 293 [Wed Mar  7 09:16:08 CET 2018] scale:10000000 groups:1000 work_mem:8MB incremental:off max_workers:2 =====
SELECT * FROM (SELECT * FROM s_1 ORDER BY a) foo ORDER BY a, b LIMIT 100000
                                                                       QUERY PLAN                                                                       
--------------------------------------------------------------------------------------------------------------------------------------------------------
 Limit  (cost=2440569.71..2440569.71 rows=1 width=20) (actual time=6814.629..6814.629 rows=0 loops=1)
   ->  Limit  (cost=2439319.71..2439569.71 rows=100000 width=20) (actual time=6796.889..6811.809 rows=100000 loops=1)
         ->  Sort  (cost=2439319.71..2460153.16 rows=8333378 width=20) (actual time=6796.888..6806.177 rows=100000 loops=1)
               Sort Key: s_1.a, s_1.b
               Sort Method: external merge  Disk: 293608kB
               ->  Gather Merge  (cost=649951.66..1622246.98 rows=8333378 width=20) (actual time=761.896..2308.677 rows=10000000 loops=1)
                     Workers Planned: 2
                     Workers Launched: 2
                     ->  Sort  (cost=648951.64..659368.36 rows=4166689 width=20) (actual time=757.928..1077.345 rows=3333333 loops=3)
                           Sort Key: s_1.a
                           Sort Method: external merge  Disk: 96224kB
                           Worker 0:  Sort Method: external merge  Disk: 98696kB
                           Worker 1:  Sort Method: external merge  Disk: 98696kB
                           ->  Parallel Seq Scan on s_1  (cost=0.00..105361.89 rows=4166689 width=20) (actual time=0.023..232.191 rows=3333333 loops=3)
 Planning time: 0.236 ms
 Execution time: 6855.455 ms
(16 rows)

===== 294 [Wed Mar  7 09:16:46 CET 2018] scale:10000000 groups:1000 work_mem:8MB incremental:off max_workers:2 =====
SELECT * FROM (SELECT * FROM s_2 ORDER BY a, b) foo ORDER BY a, b, c LIMIT 100000
                                                                       QUERY PLAN                                                                       
--------------------------------------------------------------------------------------------------------------------------------------------------------
 Limit  (cost=2440569.71..2440569.71 rows=1 width=20) (actual time=7274.163..7274.163 rows=0 loops=1)
   ->  Limit  (cost=2439319.71..2439569.71 rows=100000 width=20) (actual time=7256.441..7271.349 rows=100000 loops=1)
         ->  Sort  (cost=2439319.71..2460153.16 rows=8333378 width=20) (actual time=7256.440..7265.716 rows=100000 loops=1)
               Sort Key: s_2.a, s_2.b, s_2.c
               Sort Method: external merge  Disk: 293608kB
               ->  Gather Merge  (cost=649951.66..1622246.98 rows=8333378 width=20) (actual time=808.221..2579.379 rows=10000000 loops=1)
                     Workers Planned: 2
                     Workers Launched: 2
                     ->  Sort  (cost=648951.64..659368.36 rows=4166689 width=20) (actual time=803.833..1127.549 rows=3333333 loops=3)
                           Sort Key: s_2.a, s_2.b
                           Sort Method: external merge  Disk: 95656kB
                           Worker 0:  Sort Method: external merge  Disk: 99016kB
                           Worker 1:  Sort Method: external merge  Disk: 98944kB
                           ->  Parallel Seq Scan on s_2  (cost=0.00..105361.89 rows=4166689 width=20) (actual time=0.026..233.832 rows=3333333 loops=3)
 Planning time: 0.238 ms
 Execution time: 7315.099 ms
(16 rows)

===== 295 [Wed Mar  7 09:17:26 CET 2018] scale:10000000 groups:1000 work_mem:8MB incremental:off max_workers:2 =====
SELECT * FROM (SELECT * FROM s_3 ORDER BY a, b, c) foo ORDER BY a, b, c, d LIMIT 100000
                                                                       QUERY PLAN                                                                       
--------------------------------------------------------------------------------------------------------------------------------------------------------
 Limit  (cost=2440569.71..2440569.71 rows=1 width=20) (actual time=6218.035..6218.035 rows=0 loops=1)
   ->  Limit  (cost=2439319.71..2439569.71 rows=100000 width=20) (actual time=6200.495..6215.211 rows=100000 loops=1)
         ->  Sort  (cost=2439319.71..2460153.16 rows=8333378 width=20) (actual time=6200.494..6209.598 rows=100000 loops=1)
               Sort Key: s_3.a, s_3.b, s_3.c, s_3.d
               Sort Method: external merge  Disk: 293608kB
               ->  Gather Merge  (cost=649951.66..1622246.98 rows=8333378 width=20) (actual time=826.358..2588.622 rows=10000000 loops=1)
                     Workers Planned: 2
                     Workers Launched: 2
                     ->  Sort  (cost=648951.64..659368.36 rows=4166689 width=20) (actual time=821.185..1144.070 rows=3333333 loops=3)
                           Sort Key: s_3.a, s_3.b, s_3.c
                           Sort Method: external merge  Disk: 95424kB
                           Worker 0:  Sort Method: external merge  Disk: 99160kB
                           Worker 1:  Sort Method: external merge  Disk: 99032kB
                           ->  Parallel Seq Scan on s_3  (cost=0.00..105361.89 rows=4166689 width=20) (actual time=0.025..234.666 rows=3333333 loops=3)
 Planning time: 0.245 ms
 Execution time: 6258.909 ms
(16 rows)

===== 296 [Wed Mar  7 09:17:59 CET 2018] scale:10000000 groups:1000 work_mem:8MB incremental:off max_workers:2 =====
SELECT * FROM (SELECT * FROM s_4 ORDER BY a, b, c, d) foo ORDER BY a, b, c, d, e LIMIT 100000
                                                                       QUERY PLAN                                                                       
--------------------------------------------------------------------------------------------------------------------------------------------------------
 Limit  (cost=2440569.71..2440569.71 rows=1 width=20) (actual time=4843.216..4843.216 rows=0 loops=1)
   ->  Limit  (cost=2439319.71..2439569.71 rows=100000 width=20) (actual time=4825.668..4840.402 rows=100000 loops=1)
         ->  Sort  (cost=2439319.71..2460153.16 rows=8333378 width=20) (actual time=4825.667..4834.783 rows=100000 loops=1)
               Sort Key: s_4.a, s_4.b, s_4.c, s_4.d, s_4.e
               Sort Method: external merge  Disk: 293608kB
               ->  Gather Merge  (cost=649951.66..1622246.98 rows=8333378 width=20) (actual time=824.289..2585.837 rows=10000000 loops=1)
                     Workers Planned: 2
                     Workers Launched: 2
                     ->  Sort  (cost=648951.64..659368.36 rows=4166689 width=20) (actual time=819.678..1142.662 rows=3333333 loops=3)
                           Sort Key: s_4.a, s_4.b, s_4.c, s_4.d
                           Sort Method: external merge  Disk: 95576kB
                           Worker 0:  Sort Method: external merge  Disk: 99016kB
                           Worker 1:  Sort Method: external merge  Disk: 99016kB
                           ->  Parallel Seq Scan on s_4  (cost=0.00..105361.89 rows=4166689 width=20) (actual time=0.025..232.933 rows=3333333 loops=3)
 Planning time: 0.256 ms
 Execution time: 4884.030 ms
(16 rows)

===== 297 [Wed Mar  7 09:18:25 CET 2018] scale:10000000 groups:1000 work_mem:16MB incremental:on max_workers:2 =====
SELECT * FROM (SELECT * FROM s_1 ORDER BY a) foo ORDER BY a, b LIMIT 100000
                                                                       QUERY PLAN                                                                       
--------------------------------------------------------------------------------------------------------------------------------------------------------
 Limit  (cost=654593.05..654593.05 rows=1 width=20) (actual time=724.396..724.396 rows=0 loops=1)
   ->  Limit  (cost=651686.54..653593.05 rows=100000 width=20) (actual time=668.778..721.656 rows=100000 loops=1)
         ->  Incremental Sort  (cost=651686.54..842338.67 rows=10000054 width=20) (actual time=668.777..716.179 rows=100000 loops=1)
               Sort Key: s_1.a, s_1.b
               Presorted Key: s_1.a
               Sort Method: quicksort  Memory: 1173kB
               Sort Groups: 11
               ->  Gather Merge  (cost=649951.66..1622246.98 rows=8333378 width=20) (actual time=666.172..682.899 rows=104856 loops=1)
                     Workers Planned: 2
                     Workers Launched: 2
                     ->  Sort  (cost=648951.64..659368.36 rows=4166689 width=20) (actual time=664.460..667.865 rows=35681 loops=3)
                           Sort Key: s_1.a
                           Sort Method: external merge  Disk: 97704kB
                           Worker 0:  Sort Method: external merge  Disk: 98000kB
                           Worker 1:  Sort Method: external merge  Disk: 98200kB
                           ->  Parallel Seq Scan on s_1  (cost=0.00..105361.89 rows=4166689 width=20) (actual time=0.023..229.509 rows=3333333 loops=3)
 Planning time: 0.244 ms
 Execution time: 750.092 ms
(18 rows)

===== 298 [Wed Mar  7 09:18:29 CET 2018] scale:10000000 groups:1000 work_mem:16MB incremental:on max_workers:2 =====
SELECT * FROM (SELECT * FROM s_2 ORDER BY a, b) foo ORDER BY a, b, c LIMIT 100000
                                                                       QUERY PLAN                                                                       
--------------------------------------------------------------------------------------------------------------------------------------------------------
 Limit  (cost=653026.73..653026.73 rows=1 width=20) (actual time=773.868..773.868 rows=0 loops=1)
   ->  Limit  (cost=649952.90..652026.73 rows=100000 width=20) (actual time=723.597..771.104 rows=100000 loops=1)
         ->  Incremental Sort  (cost=649952.90..857336.57 rows=10000054 width=20) (actual time=723.596..765.617 rows=100000 loops=1)
               Sort Key: s_2.a, s_2.b, s_2.c
               Presorted Key: s_2.a, s_2.b
               Sort Method: quicksort  Memory: 29kB
               Sort Groups: 2714
               ->  Gather Merge  (cost=649951.66..1622246.98 rows=8333378 width=20) (actual time=723.547..741.948 rows=100008 loops=1)
                     Workers Planned: 2
                     Workers Launched: 2
                     ->  Sort  (cost=648951.64..659368.36 rows=4166689 width=20) (actual time=720.937..724.291 rows=33989 loops=3)
                           Sort Key: s_2.a, s_2.b
                           Sort Method: external merge  Disk: 95512kB
                           Worker 0:  Sort Method: external merge  Disk: 99312kB
                           Worker 1:  Sort Method: external merge  Disk: 99088kB
                           ->  Parallel Seq Scan on s_2  (cost=0.00..105361.89 rows=4166689 width=20) (actual time=0.025..232.355 rows=3333333 loops=3)
 Planning time: 0.251 ms
 Execution time: 799.207 ms
(18 rows)

===== 299 [Wed Mar  7 09:18:33 CET 2018] scale:10000000 groups:1000 work_mem:16MB incremental:on max_workers:2 =====
SELECT * FROM (SELECT * FROM s_3 ORDER BY a, b, c) foo ORDER BY a, b, c, d LIMIT 100000
                                                                       QUERY PLAN                                                                       
--------------------------------------------------------------------------------------------------------------------------------------------------------
 Limit  (cost=653026.73..653026.73 rows=1 width=20) (actual time=781.259..781.259 rows=0 loops=1)
   ->  Limit  (cost=649952.90..652026.73 rows=100000 width=20) (actual time=741.007..778.506 rows=100000 loops=1)
         ->  Incremental Sort  (cost=649952.90..857336.57 rows=10000054 width=20) (actual time=741.006..772.993 rows=100000 loops=1)
               Sort Key: s_3.a, s_3.b, s_3.c, s_3.d
               Presorted Key: s_3.a, s_3.b, s_3.c
               Sort Method: quicksort  Memory: 27kB
               Sort Groups: 3125
               ->  Gather Merge  (cost=649951.66..1622246.98 rows=8333378 width=20) (actual time=740.955..759.391 rows=100018 loops=1)
                     Workers Planned: 2
                     Workers Launched: 2
                     ->  Sort  (cost=648951.64..659368.36 rows=4166689 width=20) (actual time=738.554..741.931 rows=33992 loops=3)
                           Sort Key: s_3.a, s_3.b, s_3.c
                           Sort Method: external merge  Disk: 95784kB
                           Worker 0:  Sort Method: external merge  Disk: 99240kB
                           Worker 1:  Sort Method: external merge  Disk: 98888kB
                           ->  Parallel Seq Scan on s_3  (cost=0.00..105361.89 rows=4166689 width=20) (actual time=0.025..231.567 rows=3333333 loops=3)
 Planning time: 0.260 ms
 Execution time: 806.518 ms
(18 rows)

===== 300 [Wed Mar  7 09:18:37 CET 2018] scale:10000000 groups:1000 work_mem:16MB incremental:on max_workers:2 =====
SELECT * FROM (SELECT * FROM s_4 ORDER BY a, b, c, d) foo ORDER BY a, b, c, d, e LIMIT 100000
                                                                       QUERY PLAN                                                                       
--------------------------------------------------------------------------------------------------------------------------------------------------------
 Limit  (cost=653026.73..653026.73 rows=1 width=20) (actual time=780.618..780.618 rows=0 loops=1)
   ->  Limit  (cost=649952.90..652026.73 rows=100000 width=20) (actual time=740.814..777.871 rows=100000 loops=1)
         ->  Incremental Sort  (cost=649952.90..857336.57 rows=10000054 width=20) (actual time=740.814..772.345 rows=100000 loops=1)
               Sort Key: s_4.a, s_4.b, s_4.c, s_4.d, s_4.e
               Presorted Key: s_4.a, s_4.b, s_4.c, s_4.d
               Sort Method: quicksort  Memory: 27kB
               Sort Groups: 3125
               ->  Gather Merge  (cost=649951.66..1622246.98 rows=8333378 width=20) (actual time=740.763..759.171 rows=100001 loops=1)
                     Workers Planned: 2
                     Workers Launched: 2
                     ->  Sort  (cost=648951.64..659368.36 rows=4166689 width=20) (actual time=738.727..742.105 rows=33985 loops=3)
                           Sort Key: s_4.a, s_4.b, s_4.c, s_4.d
                           Sort Method: external merge  Disk: 95784kB
                           Worker 0:  Sort Method: external merge  Disk: 99208kB
                           Worker 1:  Sort Method: external merge  Disk: 98920kB
                           ->  Parallel Seq Scan on s_4  (cost=0.00..105361.89 rows=4166689 width=20) (actual time=0.025..231.197 rows=3333333 loops=3)
 Planning time: 0.264 ms
 Execution time: 805.992 ms
(18 rows)

===== 301 [Wed Mar  7 09:18:41 CET 2018] scale:10000000 groups:1000 work_mem:16MB incremental:off max_workers:2 =====
SELECT * FROM (SELECT * FROM s_1 ORDER BY a) foo ORDER BY a, b LIMIT 100000
                                                                QUERY PLAN                                                                 
-------------------------------------------------------------------------------------------------------------------------------------------
 Limit  (cost=2538196.99..2538196.99 rows=1 width=20) (actual time=6652.699..6652.699 rows=0 loops=1)
   ->  Limit  (cost=2536946.99..2537196.99 rows=100000 width=20) (actual time=6635.261..6649.928 rows=100000 loops=1)
         ->  Sort  (cost=2536946.99..2561947.13 rows=10000054 width=20) (actual time=6635.260..6644.337 rows=100000 loops=1)
               Sort Key: s_1.a, s_1.b
               Sort Method: external merge  Disk: 293904kB
               ->  Sort  (cost=1531459.54..1556459.68 rows=10000054 width=20) (actual time=1879.117..2809.016 rows=10000000 loops=1)
                     Sort Key: s_1.a
                     Sort Method: external merge  Disk: 293904kB
                     ->  Seq Scan on s_1  (cost=0.00..163695.54 rows=10000054 width=20) (actual time=0.026..629.316 rows=10000000 loops=1)
 Planning time: 0.227 ms
 Execution time: 6710.200 ms
(11 rows)

===== 302 [Wed Mar  7 09:19:17 CET 2018] scale:10000000 groups:1000 work_mem:16MB incremental:off max_workers:2 =====
SELECT * FROM (SELECT * FROM s_2 ORDER BY a, b) foo ORDER BY a, b, c LIMIT 100000
                                                                QUERY PLAN                                                                 
-------------------------------------------------------------------------------------------------------------------------------------------
 Limit  (cost=2538196.99..2538196.99 rows=1 width=20) (actual time=6992.253..6992.253 rows=0 loops=1)
   ->  Limit  (cost=2536946.99..2537196.99 rows=100000 width=20) (actual time=6974.647..6989.427 rows=100000 loops=1)
         ->  Sort  (cost=2536946.99..2561947.13 rows=10000054 width=20) (actual time=6974.646..6983.831 rows=100000 loops=1)
               Sort Key: s_2.a, s_2.b, s_2.c
               Sort Method: external merge  Disk: 293904kB
               ->  Sort  (cost=1531459.54..1556459.68 rows=10000054 width=20) (actual time=2082.793..3019.104 rows=10000000 loops=1)
                     Sort Key: s_2.a, s_2.b
                     Sort Method: external merge  Disk: 293904kB
                     ->  Seq Scan on s_2  (cost=0.00..163695.54 rows=10000054 width=20) (actual time=0.032..624.355 rows=10000000 loops=1)
 Planning time: 0.238 ms
 Execution time: 7053.798 ms
(11 rows)

===== 303 [Wed Mar  7 09:19:55 CET 2018] scale:10000000 groups:1000 work_mem:16MB incremental:off max_workers:2 =====
SELECT * FROM (SELECT * FROM s_3 ORDER BY a, b, c) foo ORDER BY a, b, c, d LIMIT 100000
                                                                QUERY PLAN                                                                 
-------------------------------------------------------------------------------------------------------------------------------------------
 Limit  (cost=2538196.99..2538196.99 rows=1 width=20) (actual time=5991.694..5991.694 rows=0 loops=1)
   ->  Limit  (cost=2536946.99..2537196.99 rows=100000 width=20) (actual time=5974.113..5988.868 rows=100000 loops=1)
         ->  Sort  (cost=2536946.99..2561947.13 rows=10000054 width=20) (actual time=5974.113..5983.263 rows=100000 loops=1)
               Sort Key: s_3.a, s_3.b, s_3.c, s_3.d
               Sort Method: external merge  Disk: 293904kB
               ->  Sort  (cost=1531459.54..1556459.68 rows=10000054 width=20) (actual time=2146.627..3082.826 rows=10000000 loops=1)
                     Sort Key: s_3.a, s_3.b, s_3.c
                     Sort Method: external merge  Disk: 293904kB
                     ->  Seq Scan on s_3  (cost=0.00..163695.54 rows=10000054 width=20) (actual time=0.032..624.746 rows=10000000 loops=1)
 Planning time: 0.237 ms
 Execution time: 6053.275 ms
(11 rows)

===== 304 [Wed Mar  7 09:20:26 CET 2018] scale:10000000 groups:1000 work_mem:16MB incremental:off max_workers:2 =====
SELECT * FROM (SELECT * FROM s_4 ORDER BY a, b, c, d) foo ORDER BY a, b, c, d, e LIMIT 100000
                                                                QUERY PLAN                                                                 
-------------------------------------------------------------------------------------------------------------------------------------------
 Limit  (cost=2538196.99..2538196.99 rows=1 width=20) (actual time=4612.359..4612.359 rows=0 loops=1)
   ->  Limit  (cost=2536946.99..2537196.99 rows=100000 width=20) (actual time=4594.857..4609.546 rows=100000 loops=1)
         ->  Sort  (cost=2536946.99..2561947.13 rows=10000054 width=20) (actual time=4594.856..4603.943 rows=100000 loops=1)
               Sort Key: s_4.a, s_4.b, s_4.c, s_4.d, s_4.e
               Sort Method: external merge  Disk: 293904kB
               ->  Sort  (cost=1531459.54..1556459.68 rows=10000054 width=20) (actual time=2151.401..3087.420 rows=10000000 loops=1)
                     Sort Key: s_4.a, s_4.b, s_4.c, s_4.d
                     Sort Method: external merge  Disk: 293904kB
                     ->  Seq Scan on s_4  (cost=0.00..163695.54 rows=10000054 width=20) (actual time=0.030..625.374 rows=10000000 loops=1)
 Planning time: 0.247 ms
 Execution time: 4674.000 ms
(11 rows)

===== 305 [Wed Mar  7 09:20:50 CET 2018] scale:10000000 groups:1000 work_mem:32MB incremental:on max_workers:2 =====
SELECT * FROM (SELECT * FROM s_1 ORDER BY a) foo ORDER BY a, b LIMIT 100000
                                                                       QUERY PLAN                                                                       
--------------------------------------------------------------------------------------------------------------------------------------------------------
 Limit  (cost=654593.05..654593.05 rows=1 width=20) (actual time=745.577..745.577 rows=0 loops=1)
   ->  Limit  (cost=651686.54..653593.05 rows=100000 width=20) (actual time=690.019..742.823 rows=100000 loops=1)
         ->  Incremental Sort  (cost=651686.54..842338.67 rows=10000054 width=20) (actual time=690.018..737.349 rows=100000 loops=1)
               Sort Key: s_1.a, s_1.b
               Presorted Key: s_1.a
               Sort Method: quicksort  Memory: 1173kB
               Sort Groups: 11
               ->  Gather Merge  (cost=649951.66..1622246.98 rows=8333378 width=20) (actual time=687.517..703.988 rows=104856 loops=1)
                     Workers Planned: 2
                     Workers Launched: 2
                     ->  Sort  (cost=648951.64..659368.36 rows=4166689 width=20) (actual time=685.450..688.679 rows=35609 loops=3)
                           Sort Key: s_1.a
                           Sort Method: external merge  Disk: 97136kB
                           Worker 0:  Sort Method: external merge  Disk: 98256kB
                           Worker 1:  Sort Method: external merge  Disk: 98184kB
                           ->  Parallel Seq Scan on s_1  (cost=0.00..105361.89 rows=4166689 width=20) (actual time=0.026..229.463 rows=3333333 loops=3)
 Planning time: 0.244 ms
 Execution time: 772.763 ms
(18 rows)

===== 306 [Wed Mar  7 09:20:53 CET 2018] scale:10000000 groups:1000 work_mem:32MB incremental:on max_workers:2 =====
SELECT * FROM (SELECT * FROM s_2 ORDER BY a, b) foo ORDER BY a, b, c LIMIT 100000
                                                                       QUERY PLAN                                                                       
--------------------------------------------------------------------------------------------------------------------------------------------------------
 Limit  (cost=653026.73..653026.73 rows=1 width=20) (actual time=793.497..793.497 rows=0 loops=1)
   ->  Limit  (cost=649952.90..652026.73 rows=100000 width=20) (actual time=743.411..790.736 rows=100000 loops=1)
         ->  Incremental Sort  (cost=649952.90..857336.57 rows=10000054 width=20) (actual time=743.411..785.250 rows=100000 loops=1)
               Sort Key: s_2.a, s_2.b, s_2.c
               Presorted Key: s_2.a, s_2.b
               Sort Method: quicksort  Memory: 29kB
               Sort Groups: 2714
               ->  Gather Merge  (cost=649951.66..1622246.98 rows=8333378 width=20) (actual time=743.359..761.602 rows=100008 loops=1)
                     Workers Planned: 2
                     Workers Launched: 2
                     ->  Sort  (cost=648951.64..659368.36 rows=4166689 width=20) (actual time=737.623..740.771 rows=33945 loops=3)
                           Sort Key: s_2.a, s_2.b
                           Sort Method: external merge  Disk: 94232kB
                           Worker 0:  Sort Method: external merge  Disk: 99664kB
                           Worker 1:  Sort Method: external merge  Disk: 99680kB
                           ->  Parallel Seq Scan on s_2  (cost=0.00..105361.89 rows=4166689 width=20) (actual time=0.025..231.053 rows=3333333 loops=3)
 Planning time: 0.248 ms
 Execution time: 820.298 ms
(18 rows)

===== 307 [Wed Mar  7 09:20:58 CET 2018] scale:10000000 groups:1000 work_mem:32MB incremental:on max_workers:2 =====
SELECT * FROM (SELECT * FROM s_3 ORDER BY a, b, c) foo ORDER BY a, b, c, d LIMIT 100000
                                                                       QUERY PLAN                                                                       
--------------------------------------------------------------------------------------------------------------------------------------------------------
 Limit  (cost=653026.73..653026.73 rows=1 width=20) (actual time=801.982..801.982 rows=0 loops=1)
   ->  Limit  (cost=649952.90..652026.73 rows=100000 width=20) (actual time=761.915..799.225 rows=100000 loops=1)
         ->  Incremental Sort  (cost=649952.90..857336.57 rows=10000054 width=20) (actual time=761.914..793.695 rows=100000 loops=1)
               Sort Key: s_3.a, s_3.b, s_3.c, s_3.d
               Presorted Key: s_3.a, s_3.b, s_3.c
               Sort Method: quicksort  Memory: 27kB
               Sort Groups: 3125
               ->  Gather Merge  (cost=649951.66..1622246.98 rows=8333378 width=20) (actual time=761.862..780.105 rows=100018 loops=1)
                     Workers Planned: 2
                     Workers Launched: 2
                     ->  Sort  (cost=648951.64..659368.36 rows=4166689 width=20) (actual time=756.437..759.632 rows=34049 loops=3)
                           Sort Key: s_3.a, s_3.b, s_3.c
                           Sort Method: external merge  Disk: 94976kB
                           Worker 0:  Sort Method: external merge  Disk: 99464kB
                           Worker 1:  Sort Method: external merge  Disk: 99144kB
                           ->  Parallel Seq Scan on s_3  (cost=0.00..105361.89 rows=4166689 width=20) (actual time=0.025..230.506 rows=3333333 loops=3)
 Planning time: 0.254 ms
 Execution time: 828.603 ms
(18 rows)

===== 308 [Wed Mar  7 09:21:02 CET 2018] scale:10000000 groups:1000 work_mem:32MB incremental:on max_workers:2 =====
SELECT * FROM (SELECT * FROM s_4 ORDER BY a, b, c, d) foo ORDER BY a, b, c, d, e LIMIT 100000
                                                                       QUERY PLAN                                                                       
--------------------------------------------------------------------------------------------------------------------------------------------------------
 Limit  (cost=653026.73..653026.73 rows=1 width=20) (actual time=802.596..802.596 rows=0 loops=1)
   ->  Limit  (cost=649952.90..652026.73 rows=100000 width=20) (actual time=762.973..799.847 rows=100000 loops=1)
         ->  Incremental Sort  (cost=649952.90..857336.57 rows=10000054 width=20) (actual time=762.972..794.333 rows=100000 loops=1)
               Sort Key: s_4.a, s_4.b, s_4.c, s_4.d, s_4.e
               Presorted Key: s_4.a, s_4.b, s_4.c, s_4.d
               Sort Method: quicksort  Memory: 27kB
               Sort Groups: 3125
               ->  Gather Merge  (cost=649951.66..1622246.98 rows=8333378 width=20) (actual time=762.921..781.143 rows=100001 loops=1)
                     Workers Planned: 2
                     Workers Launched: 2
                     ->  Sort  (cost=648951.64..659368.36 rows=4166689 width=20) (actual time=757.869..761.057 rows=34046 loops=3)
                           Sort Key: s_4.a, s_4.b, s_4.c, s_4.d
                           Sort Method: external merge  Disk: 95152kB
                           Worker 0:  Sort Method: external merge  Disk: 99328kB
                           Worker 1:  Sort Method: external merge  Disk: 99104kB
                           ->  Parallel Seq Scan on s_4  (cost=0.00..105361.89 rows=4166689 width=20) (actual time=0.025..230.504 rows=3333333 loops=3)
 Planning time: 0.266 ms
 Execution time: 829.423 ms
(18 rows)

===== 309 [Wed Mar  7 09:21:06 CET 2018] scale:10000000 groups:1000 work_mem:32MB incremental:off max_workers:2 =====
SELECT * FROM (SELECT * FROM s_1 ORDER BY a) foo ORDER BY a, b LIMIT 100000
                                                                QUERY PLAN                                                                 
-------------------------------------------------------------------------------------------------------------------------------------------
 Limit  (cost=2538196.99..2538196.99 rows=1 width=20) (actual time=3470.642..3470.642 rows=0 loops=1)
   ->  Limit  (cost=2536946.99..2537196.99 rows=100000 width=20) (actual time=3455.280..3467.940 rows=100000 loops=1)
         ->  Sort  (cost=2536946.99..2561947.13 rows=10000054 width=20) (actual time=3455.280..3462.499 rows=100000 loops=1)
               Sort Key: s_1.a, s_1.b
               Sort Method: top-N heapsort  Memory: 14220kB
               ->  Sort  (cost=1531459.54..1556459.68 rows=10000054 width=20) (actual time=1855.440..2787.789 rows=10000000 loops=1)
                     Sort Key: s_1.a
                     Sort Method: external merge  Disk: 293576kB
                     ->  Seq Scan on s_1  (cost=0.00..163695.54 rows=10000054 width=20) (actual time=0.027..626.653 rows=10000000 loops=1)
 Planning time: 0.228 ms
 Execution time: 3504.329 ms
(11 rows)

===== 310 [Wed Mar  7 09:21:23 CET 2018] scale:10000000 groups:1000 work_mem:32MB incremental:off max_workers:2 =====
SELECT * FROM (SELECT * FROM s_2 ORDER BY a, b) foo ORDER BY a, b, c LIMIT 100000
                                                                QUERY PLAN                                                                 
-------------------------------------------------------------------------------------------------------------------------------------------
 Limit  (cost=2538196.99..2538196.99 rows=1 width=20) (actual time=3778.450..3778.450 rows=0 loops=1)
   ->  Limit  (cost=2536946.99..2537196.99 rows=100000 width=20) (actual time=3765.871..3775.701 rows=100000 loops=1)
         ->  Sort  (cost=2536946.99..2561947.13 rows=10000054 width=20) (actual time=3765.870..3770.251 rows=100000 loops=1)
               Sort Key: s_2.a, s_2.b, s_2.c
               Sort Method: top-N heapsort  Memory: 13957kB
               ->  Sort  (cost=1531459.54..1556459.68 rows=10000054 width=20) (actual time=2047.952..3042.251 rows=10000000 loops=1)
                     Sort Key: s_2.a, s_2.b
                     Sort Method: external merge  Disk: 293576kB
                     ->  Seq Scan on s_2  (cost=0.00..163695.54 rows=10000054 width=20) (actual time=0.031..622.748 rows=10000000 loops=1)
 Planning time: 0.231 ms
 Execution time: 3811.805 ms
(11 rows)

===== 311 [Wed Mar  7 09:21:40 CET 2018] scale:10000000 groups:1000 work_mem:32MB incremental:off max_workers:2 =====
SELECT * FROM (SELECT * FROM s_3 ORDER BY a, b, c) foo ORDER BY a, b, c, d LIMIT 100000
                                                                QUERY PLAN                                                                 
-------------------------------------------------------------------------------------------------------------------------------------------
 Limit  (cost=2538196.99..2538196.99 rows=1 width=20) (actual time=3845.670..3845.670 rows=0 loops=1)
   ->  Limit  (cost=2536946.99..2537196.99 rows=100000 width=20) (actual time=3833.480..3842.919 rows=100000 loops=1)
         ->  Sort  (cost=2536946.99..2561947.13 rows=10000054 width=20) (actual time=3833.479..3837.485 rows=100000 loops=1)
               Sort Key: s_3.a, s_3.b, s_3.c, s_3.d
               Sort Method: top-N heapsort  Memory: 13957kB
               ->  Sort  (cost=1531459.54..1556459.68 rows=10000054 width=20) (actual time=2111.259..3105.932 rows=10000000 loops=1)
                     Sort Key: s_3.a, s_3.b, s_3.c
                     Sort Method: external merge  Disk: 293576kB
                     ->  Seq Scan on s_3  (cost=0.00..163695.54 rows=10000054 width=20) (actual time=0.031..622.760 rows=10000000 loops=1)
 Planning time: 0.245 ms
 Execution time: 3879.219 ms
(11 rows)

===== 312 [Wed Mar  7 09:21:58 CET 2018] scale:10000000 groups:1000 work_mem:32MB incremental:off max_workers:2 =====
SELECT * FROM (SELECT * FROM s_4 ORDER BY a, b, c, d) foo ORDER BY a, b, c, d, e LIMIT 100000
                                                                QUERY PLAN                                                                 
-------------------------------------------------------------------------------------------------------------------------------------------
 Limit  (cost=2538196.99..2538196.99 rows=1 width=20) (actual time=3847.969..3847.969 rows=0 loops=1)
   ->  Limit  (cost=2536946.99..2537196.99 rows=100000 width=20) (actual time=3835.752..3845.233 rows=100000 loops=1)
         ->  Sort  (cost=2536946.99..2561947.13 rows=10000054 width=20) (actual time=3835.751..3839.775 rows=100000 loops=1)
               Sort Key: s_4.a, s_4.b, s_4.c, s_4.d, s_4.e
               Sort Method: top-N heapsort  Memory: 13957kB
               ->  Sort  (cost=1531459.54..1556459.68 rows=10000054 width=20) (actual time=2115.145..3108.547 rows=10000000 loops=1)
                     Sort Key: s_4.a, s_4.b, s_4.c, s_4.d
                     Sort Method: external merge  Disk: 293576kB
                     ->  Seq Scan on s_4  (cost=0.00..163695.54 rows=10000054 width=20) (actual time=0.029..623.244 rows=10000000 loops=1)
 Planning time: 0.246 ms
 Execution time: 3881.569 ms
(11 rows)

===== 313 [Wed Mar  7 09:22:16 CET 2018] scale:10000000 groups:1000 work_mem:64MB incremental:on max_workers:2 =====
SELECT * FROM (SELECT * FROM s_1 ORDER BY a) foo ORDER BY a, b LIMIT 100000
                                                                       QUERY PLAN                                                                       
--------------------------------------------------------------------------------------------------------------------------------------------------------
 Limit  (cost=654593.05..654593.05 rows=1 width=20) (actual time=780.371..780.371 rows=0 loops=1)
   ->  Limit  (cost=651686.54..653593.05 rows=100000 width=20) (actual time=725.256..777.628 rows=100000 loops=1)
         ->  Incremental Sort  (cost=651686.54..842338.67 rows=10000054 width=20) (actual time=725.255..772.151 rows=100000 loops=1)
               Sort Key: s_1.a, s_1.b
               Presorted Key: s_1.a
               Sort Method: quicksort  Memory: 1173kB
               Sort Groups: 11
               ->  Gather Merge  (cost=649951.66..1622246.98 rows=8333378 width=20) (actual time=722.846..739.216 rows=104856 loops=1)
                     Workers Planned: 2
                     Workers Launched: 2
                     ->  Sort  (cost=648951.64..659368.36 rows=4166689 width=20) (actual time=721.167..724.382 rows=35668 loops=3)
                           Sort Key: s_1.a
                           Sort Method: external merge  Disk: 97096kB
                           Worker 0:  Sort Method: external merge  Disk: 98272kB
                           Worker 1:  Sort Method: external merge  Disk: 98272kB
                           ->  Parallel Seq Scan on s_1  (cost=0.00..105361.89 rows=4166689 width=20) (actual time=0.024..230.558 rows=3333333 loops=3)
 Planning time: 0.251 ms
 Execution time: 810.467 ms
(18 rows)

===== 314 [Wed Mar  7 09:22:21 CET 2018] scale:10000000 groups:1000 work_mem:64MB incremental:on max_workers:2 =====
SELECT * FROM (SELECT * FROM s_2 ORDER BY a, b) foo ORDER BY a, b, c LIMIT 100000
                                                                       QUERY PLAN                                                                       
--------------------------------------------------------------------------------------------------------------------------------------------------------
 Limit  (cost=653026.73..653026.73 rows=1 width=20) (actual time=832.489..832.489 rows=0 loops=1)
   ->  Limit  (cost=649952.90..652026.73 rows=100000 width=20) (actual time=782.108..829.736 rows=100000 loops=1)
         ->  Incremental Sort  (cost=649952.90..857336.57 rows=10000054 width=20) (actual time=782.108..824.242 rows=100000 loops=1)
               Sort Key: s_2.a, s_2.b, s_2.c
               Presorted Key: s_2.a, s_2.b
               Sort Method: quicksort  Memory: 29kB
               Sort Groups: 2714
               ->  Gather Merge  (cost=649951.66..1622246.98 rows=8333378 width=20) (actual time=782.054..800.471 rows=100008 loops=1)
                     Workers Planned: 2
                     Workers Launched: 2
                     ->  Sort  (cost=648951.64..659368.36 rows=4166689 width=20) (actual time=775.551..778.777 rows=33945 loops=3)
                           Sort Key: s_2.a, s_2.b
                           Sort Method: external merge  Disk: 94320kB
                           Worker 0:  Sort Method: external merge  Disk: 100040kB
                           Worker 1:  Sort Method: external merge  Disk: 99288kB
                           ->  Parallel Seq Scan on s_2  (cost=0.00..105361.89 rows=4166689 width=20) (actual time=0.024..231.022 rows=3333333 loops=3)
 Planning time: 0.248 ms
 Execution time: 862.304 ms
(18 rows)

===== 315 [Wed Mar  7 09:22:25 CET 2018] scale:10000000 groups:1000 work_mem:64MB incremental:on max_workers:2 =====
SELECT * FROM (SELECT * FROM s_3 ORDER BY a, b, c) foo ORDER BY a, b, c, d LIMIT 100000
                                                                       QUERY PLAN                                                                       
--------------------------------------------------------------------------------------------------------------------------------------------------------
 Limit  (cost=653026.73..653026.73 rows=1 width=20) (actual time=838.118..838.118 rows=0 loops=1)
   ->  Limit  (cost=649952.90..652026.73 rows=100000 width=20) (actual time=797.903..835.374 rows=100000 loops=1)
         ->  Incremental Sort  (cost=649952.90..857336.57 rows=10000054 width=20) (actual time=797.903..829.851 rows=100000 loops=1)
               Sort Key: s_3.a, s_3.b, s_3.c, s_3.d
               Presorted Key: s_3.a, s_3.b, s_3.c
               Sort Method: quicksort  Memory: 27kB
               Sort Groups: 3125
               ->  Gather Merge  (cost=649951.66..1622246.98 rows=8333378 width=20) (actual time=797.851..816.227 rows=100018 loops=1)
                     Workers Planned: 2
                     Workers Launched: 2
                     ->  Sort  (cost=648951.64..659368.36 rows=4166689 width=20) (actual time=792.867..796.063 rows=33997 loops=3)
                           Sort Key: s_3.a, s_3.b, s_3.c
                           Sort Method: external merge  Disk: 94880kB
                           Worker 0:  Sort Method: external merge  Disk: 99440kB
                           Worker 1:  Sort Method: external merge  Disk: 99328kB
                           ->  Parallel Seq Scan on s_3  (cost=0.00..105361.89 rows=4166689 width=20) (actual time=0.024..230.304 rows=3333333 loops=3)
 Planning time: 0.251 ms
 Execution time: 867.221 ms
(18 rows)

===== 316 [Wed Mar  7 09:22:29 CET 2018] scale:10000000 groups:1000 work_mem:64MB incremental:on max_workers:2 =====
SELECT * FROM (SELECT * FROM s_4 ORDER BY a, b, c, d) foo ORDER BY a, b, c, d, e LIMIT 100000
                                                                       QUERY PLAN                                                                       
--------------------------------------------------------------------------------------------------------------------------------------------------------
 Limit  (cost=653026.73..653026.73 rows=1 width=20) (actual time=839.141..839.141 rows=0 loops=1)
   ->  Limit  (cost=649952.90..652026.73 rows=100000 width=20) (actual time=799.308..836.399 rows=100000 loops=1)
         ->  Incremental Sort  (cost=649952.90..857336.57 rows=10000054 width=20) (actual time=799.307..830.862 rows=100000 loops=1)
               Sort Key: s_4.a, s_4.b, s_4.c, s_4.d, s_4.e
               Presorted Key: s_4.a, s_4.b, s_4.c, s_4.d
               Sort Method: quicksort  Memory: 27kB
               Sort Groups: 3125
               ->  Gather Merge  (cost=649951.66..1622246.98 rows=8333378 width=20) (actual time=799.253..817.632 rows=100001 loops=1)
                     Workers Planned: 2
                     Workers Launched: 2
                     ->  Sort  (cost=648951.64..659368.36 rows=4166689 width=20) (actual time=794.316..797.516 rows=34046 loops=3)
                           Sort Key: s_4.a, s_4.b, s_4.c, s_4.d
                           Sort Method: external merge  Disk: 94928kB
                           Worker 0:  Sort Method: external merge  Disk: 99328kB
                           Worker 1:  Sort Method: external merge  Disk: 99384kB
                           ->  Parallel Seq Scan on s_4  (cost=0.00..105361.89 rows=4166689 width=20) (actual time=0.023..230.401 rows=3333333 loops=3)
 Planning time: 0.267 ms
 Execution time: 868.619 ms
(18 rows)

===== 317 [Wed Mar  7 09:22:34 CET 2018] scale:10000000 groups:1000 work_mem:64MB incremental:off max_workers:2 =====
SELECT * FROM (SELECT * FROM s_1 ORDER BY a) foo ORDER BY a, b LIMIT 100000
                                                                QUERY PLAN                                                                 
-------------------------------------------------------------------------------------------------------------------------------------------
 Limit  (cost=2538196.99..2538196.99 rows=1 width=20) (actual time=3523.257..3523.257 rows=0 loops=1)
   ->  Limit  (cost=2536946.99..2537196.99 rows=100000 width=20) (actual time=3507.842..3520.510 rows=100000 loops=1)
         ->  Sort  (cost=2536946.99..2561947.13 rows=10000054 width=20) (actual time=3507.841..3515.050 rows=100000 loops=1)
               Sort Key: s_1.a, s_1.b
               Sort Method: top-N heapsort  Memory: 14220kB
               ->  Sort  (cost=1531459.54..1556459.68 rows=10000054 width=20) (actual time=1875.212..2813.947 rows=10000000 loops=1)
                     Sort Key: s_1.a
                     Sort Method: external merge  Disk: 293648kB
                     ->  Seq Scan on s_1  (cost=0.00..163695.54 rows=10000054 width=20) (actual time=0.026..628.286 rows=10000000 loops=1)
 Planning time: 0.227 ms
 Execution time: 3559.139 ms
(11 rows)

===== 318 [Wed Mar  7 09:22:51 CET 2018] scale:10000000 groups:1000 work_mem:64MB incremental:off max_workers:2 =====
SELECT * FROM (SELECT * FROM s_2 ORDER BY a, b) foo ORDER BY a, b, c LIMIT 100000
                                                                QUERY PLAN                                                                 
-------------------------------------------------------------------------------------------------------------------------------------------
 Limit  (cost=2538196.99..2538196.99 rows=1 width=20) (actual time=3854.770..3854.770 rows=0 loops=1)
   ->  Limit  (cost=2536946.99..2537196.99 rows=100000 width=20) (actual time=3842.183..3852.021 rows=100000 loops=1)
         ->  Sort  (cost=2536946.99..2561947.13 rows=10000054 width=20) (actual time=3842.182..3846.585 rows=100000 loops=1)
               Sort Key: s_2.a, s_2.b, s_2.c
               Sort Method: top-N heapsort  Memory: 13957kB
               ->  Sort  (cost=1531459.54..1556459.68 rows=10000054 width=20) (actual time=2075.434..3091.256 rows=10000000 loops=1)
                     Sort Key: s_2.a, s_2.b
                     Sort Method: external merge  Disk: 293648kB
                     ->  Seq Scan on s_2  (cost=0.00..163695.54 rows=10000054 width=20) (actual time=0.029..621.460 rows=10000000 loops=1)
 Planning time: 0.232 ms
 Execution time: 3890.510 ms
(11 rows)

===== 319 [Wed Mar  7 09:23:09 CET 2018] scale:10000000 groups:1000 work_mem:64MB incremental:off max_workers:2 =====
SELECT * FROM (SELECT * FROM s_3 ORDER BY a, b, c) foo ORDER BY a, b, c, d LIMIT 100000
                                                                QUERY PLAN                                                                 
-------------------------------------------------------------------------------------------------------------------------------------------
 Limit  (cost=2538196.99..2538196.99 rows=1 width=20) (actual time=3927.168..3927.168 rows=0 loops=1)
   ->  Limit  (cost=2536946.99..2537196.99 rows=100000 width=20) (actual time=3914.950..3924.415 rows=100000 loops=1)
         ->  Sort  (cost=2536946.99..2561947.13 rows=10000054 width=20) (actual time=3914.949..3918.971 rows=100000 loops=1)
               Sort Key: s_3.a, s_3.b, s_3.c, s_3.d
               Sort Method: top-N heapsort  Memory: 13957kB
               ->  Sort  (cost=1531459.54..1556459.68 rows=10000054 width=20) (actual time=2145.176..3160.448 rows=10000000 loops=1)
                     Sort Key: s_3.a, s_3.b, s_3.c
                     Sort Method: external merge  Disk: 293648kB
                     ->  Seq Scan on s_3  (cost=0.00..163695.54 rows=10000054 width=20) (actual time=0.032..622.904 rows=10000000 loops=1)
 Planning time: 0.245 ms
 Execution time: 3962.922 ms
(11 rows)

===== 320 [Wed Mar  7 09:23:27 CET 2018] scale:10000000 groups:1000 work_mem:64MB incremental:off max_workers:2 =====
SELECT * FROM (SELECT * FROM s_4 ORDER BY a, b, c, d) foo ORDER BY a, b, c, d, e LIMIT 100000
                                                                QUERY PLAN                                                                 
-------------------------------------------------------------------------------------------------------------------------------------------
 Limit  (cost=2538196.99..2538196.99 rows=1 width=20) (actual time=3925.358..3925.358 rows=0 loops=1)
   ->  Limit  (cost=2536946.99..2537196.99 rows=100000 width=20) (actual time=3913.148..3922.608 rows=100000 loops=1)
         ->  Sort  (cost=2536946.99..2561947.13 rows=10000054 width=20) (actual time=3913.148..3917.161 rows=100000 loops=1)
               Sort Key: s_4.a, s_4.b, s_4.c, s_4.d, s_4.e
               Sort Method: top-N heapsort  Memory: 13957kB
               ->  Sort  (cost=1531459.54..1556459.68 rows=10000054 width=20) (actual time=2144.225..3158.706 rows=10000000 loops=1)
                     Sort Key: s_4.a, s_4.b, s_4.c, s_4.d
                     Sort Method: external merge  Disk: 293648kB
                     ->  Seq Scan on s_4  (cost=0.00..163695.54 rows=10000054 width=20) (actual time=0.029..622.751 rows=10000000 loops=1)
 Planning time: 0.248 ms
 Execution time: 3961.128 ms
(11 rows)

===== 321 [Wed Mar  7 09:23:45 CET 2018] scale:10000000 groups:1000 work_mem:128MB incremental:on max_workers:2 =====
SELECT * FROM (SELECT * FROM s_1 ORDER BY a) foo ORDER BY a, b LIMIT 100000
                                                                       QUERY PLAN                                                                       
--------------------------------------------------------------------------------------------------------------------------------------------------------
 Limit  (cost=654593.05..654593.05 rows=1 width=20) (actual time=846.486..846.486 rows=0 loops=1)
   ->  Limit  (cost=651686.54..653593.05 rows=100000 width=20) (actual time=790.890..843.737 rows=100000 loops=1)
         ->  Incremental Sort  (cost=651686.54..842338.67 rows=10000054 width=20) (actual time=790.889..838.276 rows=100000 loops=1)
               Sort Key: s_1.a, s_1.b
               Presorted Key: s_1.a
               Sort Method: quicksort  Memory: 1173kB
               Sort Groups: 11
               ->  Gather Merge  (cost=649951.66..1622246.98 rows=8333378 width=20) (actual time=788.473..804.912 rows=104856 loops=1)
                     Workers Planned: 2
                     Workers Launched: 2
                     ->  Sort  (cost=648951.64..659368.36 rows=4166689 width=20) (actual time=785.944..789.171 rows=35609 loops=3)
                           Sort Key: s_1.a
                           Sort Method: external merge  Disk: 98288kB
                           Worker 0:  Sort Method: external merge  Disk: 97464kB
                           Worker 1:  Sort Method: external merge  Disk: 97824kB
                           ->  Parallel Seq Scan on s_1  (cost=0.00..105361.89 rows=4166689 width=20) (actual time=0.025..233.548 rows=3333333 loops=3)
 Planning time: 0.242 ms
 Execution time: 881.122 ms
(18 rows)

===== 322 [Wed Mar  7 09:23:50 CET 2018] scale:10000000 groups:1000 work_mem:128MB incremental:on max_workers:2 =====
SELECT * FROM (SELECT * FROM s_2 ORDER BY a, b) foo ORDER BY a, b, c LIMIT 100000
                                                                       QUERY PLAN                                                                       
--------------------------------------------------------------------------------------------------------------------------------------------------------
 Limit  (cost=653026.73..653026.73 rows=1 width=20) (actual time=898.292..898.292 rows=0 loops=1)
   ->  Limit  (cost=649952.90..652026.73 rows=100000 width=20) (actual time=848.169..895.522 rows=100000 loops=1)
         ->  Incremental Sort  (cost=649952.90..857336.57 rows=10000054 width=20) (actual time=848.169..890.044 rows=100000 loops=1)
               Sort Key: s_2.a, s_2.b, s_2.c
               Presorted Key: s_2.a, s_2.b
               Sort Method: quicksort  Memory: 29kB
               Sort Groups: 2714
               ->  Gather Merge  (cost=649951.66..1622246.98 rows=8333378 width=20) (actual time=848.117..866.350 rows=100008 loops=1)
                     Workers Planned: 2
                     Workers Launched: 2
                     ->  Sort  (cost=648951.64..659368.36 rows=4166689 width=20) (actual time=841.670..844.853 rows=33964 loops=3)
                           Sort Key: s_2.a, s_2.b
                           Sort Method: external merge  Disk: 94184kB
                           Worker 0:  Sort Method: external merge  Disk: 99616kB
                           Worker 1:  Sort Method: external merge  Disk: 99784kB
                           ->  Parallel Seq Scan on s_2  (cost=0.00..105361.89 rows=4166689 width=20) (actual time=0.025..234.354 rows=3333333 loops=3)
 Planning time: 0.252 ms
 Execution time: 932.408 ms
(18 rows)

===== 323 [Wed Mar  7 09:23:55 CET 2018] scale:10000000 groups:1000 work_mem:128MB incremental:on max_workers:2 =====
SELECT * FROM (SELECT * FROM s_3 ORDER BY a, b, c) foo ORDER BY a, b, c, d LIMIT 100000
                                                                       QUERY PLAN                                                                       
--------------------------------------------------------------------------------------------------------------------------------------------------------
 Limit  (cost=653026.73..653026.73 rows=1 width=20) (actual time=906.023..906.023 rows=0 loops=1)
   ->  Limit  (cost=649952.90..652026.73 rows=100000 width=20) (actual time=865.947..903.272 rows=100000 loops=1)
         ->  Incremental Sort  (cost=649952.90..857336.57 rows=10000054 width=20) (actual time=865.947..897.748 rows=100000 loops=1)
               Sort Key: s_3.a, s_3.b, s_3.c, s_3.d
               Presorted Key: s_3.a, s_3.b, s_3.c
               Sort Method: quicksort  Memory: 27kB
               Sort Groups: 3125
               ->  Gather Merge  (cost=649951.66..1622246.98 rows=8333378 width=20) (actual time=865.896..884.166 rows=100018 loops=1)
                     Workers Planned: 2
                     Workers Launched: 2
                     ->  Sort  (cost=648951.64..659368.36 rows=4166689 width=20) (actual time=859.938..863.124 rows=34000 loops=3)
                           Sort Key: s_3.a, s_3.b, s_3.c
                           Sort Method: external merge  Disk: 94752kB
                           Worker 0:  Sort Method: external merge  Disk: 99352kB
                           Worker 1:  Sort Method: external merge  Disk: 99472kB
                           ->  Parallel Seq Scan on s_3  (cost=0.00..105361.89 rows=4166689 width=20) (actual time=0.025..234.009 rows=3333333 loops=3)
 Planning time: 0.255 ms
 Execution time: 940.196 ms
(18 rows)

===== 324 [Wed Mar  7 09:24:00 CET 2018] scale:10000000 groups:1000 work_mem:128MB incremental:on max_workers:2 =====
SELECT * FROM (SELECT * FROM s_4 ORDER BY a, b, c, d) foo ORDER BY a, b, c, d, e LIMIT 100000
                                                                       QUERY PLAN                                                                       
--------------------------------------------------------------------------------------------------------------------------------------------------------
 Limit  (cost=653026.73..653026.73 rows=1 width=20) (actual time=905.338..905.338 rows=0 loops=1)
   ->  Limit  (cost=649952.90..652026.73 rows=100000 width=20) (actual time=865.744..902.590 rows=100000 loops=1)
         ->  Incremental Sort  (cost=649952.90..857336.57 rows=10000054 width=20) (actual time=865.743..897.076 rows=100000 loops=1)
               Sort Key: s_4.a, s_4.b, s_4.c, s_4.d, s_4.e
               Presorted Key: s_4.a, s_4.b, s_4.c, s_4.d
               Sort Method: quicksort  Memory: 27kB
               Sort Groups: 3125
               ->  Gather Merge  (cost=649951.66..1622246.98 rows=8333378 width=20) (actual time=865.693..883.908 rows=100001 loops=1)
                     Workers Planned: 2
                     Workers Launched: 2
                     ->  Sort  (cost=648951.64..659368.36 rows=4166689 width=20) (actual time=859.533..862.712 rows=33997 loops=3)
                           Sort Key: s_4.a, s_4.b, s_4.c, s_4.d
                           Sort Method: external merge  Disk: 94400kB
                           Worker 0:  Sort Method: external merge  Disk: 99560kB
                           Worker 1:  Sort Method: external merge  Disk: 99616kB
                           ->  Parallel Seq Scan on s_4  (cost=0.00..105361.89 rows=4166689 width=20) (actual time=0.023..233.989 rows=3333333 loops=3)
 Planning time: 0.262 ms
 Execution time: 939.564 ms
(18 rows)

===== 325 [Wed Mar  7 09:24:04 CET 2018] scale:10000000 groups:1000 work_mem:128MB incremental:off max_workers:2 =====
SELECT * FROM (SELECT * FROM s_1 ORDER BY a) foo ORDER BY a, b LIMIT 100000
                                                                QUERY PLAN                                                                 
-------------------------------------------------------------------------------------------------------------------------------------------
 Limit  (cost=2538196.99..2538196.99 rows=1 width=20) (actual time=3627.354..3627.354 rows=0 loops=1)
   ->  Limit  (cost=2536946.99..2537196.99 rows=100000 width=20) (actual time=3611.794..3624.604 rows=100000 loops=1)
         ->  Sort  (cost=2536946.99..2561947.13 rows=10000054 width=20) (actual time=3611.793..3619.121 rows=100000 loops=1)
               Sort Key: s_1.a, s_1.b
               Sort Method: top-N heapsort  Memory: 14220kB
               ->  Sort  (cost=1531459.54..1556459.68 rows=10000054 width=20) (actual time=2008.638..2947.239 rows=10000000 loops=1)
                     Sort Key: s_1.a
                     Sort Method: external merge  Disk: 293568kB
                     ->  Seq Scan on s_1  (cost=0.00..163695.54 rows=10000054 width=20) (actual time=0.027..624.579 rows=10000000 loops=1)
 Planning time: 0.233 ms
 Execution time: 3665.315 ms
(11 rows)

===== 326 [Wed Mar  7 09:24:22 CET 2018] scale:10000000 groups:1000 work_mem:128MB incremental:off max_workers:2 =====
SELECT * FROM (SELECT * FROM s_2 ORDER BY a, b) foo ORDER BY a, b, c LIMIT 100000
                                                                QUERY PLAN                                                                 
-------------------------------------------------------------------------------------------------------------------------------------------
 Limit  (cost=2538196.99..2538196.99 rows=1 width=20) (actual time=3878.119..3878.119 rows=0 loops=1)
   ->  Limit  (cost=2536946.99..2537196.99 rows=100000 width=20) (actual time=3865.537..3875.372 rows=100000 loops=1)
         ->  Sort  (cost=2536946.99..2561947.13 rows=10000054 width=20) (actual time=3865.537..3869.932 rows=100000 loops=1)
               Sort Key: s_2.a, s_2.b, s_2.c
               Sort Method: top-N heapsort  Memory: 13957kB
               ->  Sort  (cost=1531459.54..1556459.68 rows=10000054 width=20) (actual time=2142.140..3147.411 rows=10000000 loops=1)
                     Sort Key: s_2.a, s_2.b
                     Sort Method: external merge  Disk: 293568kB
                     ->  Seq Scan on s_2  (cost=0.00..163695.54 rows=10000054 width=20) (actual time=0.029..625.495 rows=10000000 loops=1)
 Planning time: 0.238 ms
 Execution time: 3916.186 ms
(11 rows)

===== 327 [Wed Mar  7 09:24:40 CET 2018] scale:10000000 groups:1000 work_mem:128MB incremental:off max_workers:2 =====
SELECT * FROM (SELECT * FROM s_3 ORDER BY a, b, c) foo ORDER BY a, b, c, d LIMIT 100000
                                                                QUERY PLAN                                                                 
-------------------------------------------------------------------------------------------------------------------------------------------
 Limit  (cost=2538196.99..2538196.99 rows=1 width=20) (actual time=3949.066..3949.066 rows=0 loops=1)
   ->  Limit  (cost=2536946.99..2537196.99 rows=100000 width=20) (actual time=3936.823..3946.309 rows=100000 loops=1)
         ->  Sort  (cost=2536946.99..2561947.13 rows=10000054 width=20) (actual time=3936.822..3940.842 rows=100000 loops=1)
               Sort Key: s_3.a, s_3.b, s_3.c, s_3.d
               Sort Method: top-N heapsort  Memory: 13957kB
               ->  Sort  (cost=1531459.54..1556459.68 rows=10000054 width=20) (actual time=2209.086..3215.407 rows=10000000 loops=1)
                     Sort Key: s_3.a, s_3.b, s_3.c
                     Sort Method: external merge  Disk: 293568kB
                     ->  Seq Scan on s_3  (cost=0.00..163695.54 rows=10000054 width=20) (actual time=0.031..627.129 rows=10000000 loops=1)
 Planning time: 0.240 ms
 Execution time: 3987.187 ms
(11 rows)

===== 328 [Wed Mar  7 09:24:59 CET 2018] scale:10000000 groups:1000 work_mem:128MB incremental:off max_workers:2 =====
SELECT * FROM (SELECT * FROM s_4 ORDER BY a, b, c, d) foo ORDER BY a, b, c, d, e LIMIT 100000
                                                                QUERY PLAN                                                                 
-------------------------------------------------------------------------------------------------------------------------------------------
 Limit  (cost=2538196.99..2538196.99 rows=1 width=20) (actual time=3948.585..3948.585 rows=0 loops=1)
   ->  Limit  (cost=2536946.99..2537196.99 rows=100000 width=20) (actual time=3936.354..3945.820 rows=100000 loops=1)
         ->  Sort  (cost=2536946.99..2561947.13 rows=10000054 width=20) (actual time=3936.354..3940.386 rows=100000 loops=1)
               Sort Key: s_4.a, s_4.b, s_4.c, s_4.d, s_4.e
               Sort Method: top-N heapsort  Memory: 13957kB
               ->  Sort  (cost=1531459.54..1556459.68 rows=10000054 width=20) (actual time=2208.385..3214.773 rows=10000000 loops=1)
                     Sort Key: s_4.a, s_4.b, s_4.c, s_4.d
                     Sort Method: external merge  Disk: 293568kB
                     ->  Seq Scan on s_4  (cost=0.00..163695.54 rows=10000054 width=20) (actual time=0.028..627.429 rows=10000000 loops=1)
 Planning time: 0.245 ms
 Execution time: 3986.643 ms
(11 rows)

===== 329 [Wed Mar  7 09:25:17 CET 2018] scale:10000000 groups:1000 work_mem:256MB incremental:on max_workers:2 =====
SELECT * FROM (SELECT * FROM s_1 ORDER BY a) foo ORDER BY a, b LIMIT 100000
                                                                       QUERY PLAN                                                                       
--------------------------------------------------------------------------------------------------------------------------------------------------------
 Limit  (cost=569057.06..569057.06 rows=1 width=20) (actual time=885.848..885.848 rows=0 loops=1)
   ->  Limit  (cost=566095.83..568057.06 rows=100000 width=20) (actual time=830.600..883.086 rows=100000 loops=1)
         ->  Incremental Sort  (cost=566095.83..729532.40 rows=8333378 width=20) (actual time=830.600..877.600 rows=100000 loops=1)
               Sort Key: s_1.a, s_1.b
               Presorted Key: s_1.a
               Sort Method: quicksort  Memory: 1173kB
               Sort Groups: 11
               ->  Gather Merge  (cost=564499.16..1536794.48 rows=8333378 width=20) (actual time=828.210..844.405 rows=104856 loops=1)
                     Workers Planned: 2
                     Workers Launched: 2
                     ->  Sort  (cost=563499.14..573915.86 rows=4166689 width=20) (actual time=826.330..829.352 rows=35661 loops=3)
                           Sort Key: s_1.a
                           Sort Method: external merge  Disk: 97792kB
                           Worker 0:  Sort Method: external merge  Disk: 97992kB
                           Worker 1:  Sort Method: external merge  Disk: 97768kB
                           ->  Parallel Seq Scan on s_1  (cost=0.00..105361.89 rows=4166689 width=20) (actual time=0.024..236.822 rows=3333333 loops=3)
 Planning time: 0.244 ms
 Execution time: 925.636 ms
(18 rows)

===== 330 [Wed Mar  7 09:25:22 CET 2018] scale:10000000 groups:1000 work_mem:256MB incremental:on max_workers:2 =====
SELECT * FROM (SELECT * FROM s_2 ORDER BY a, b) foo ORDER BY a, b, c LIMIT 100000
                                                                       QUERY PLAN                                                                       
--------------------------------------------------------------------------------------------------------------------------------------------------------
 Limit  (cost=567622.52..567622.52 rows=1 width=20) (actual time=938.586..938.586 rows=0 loops=1)
   ->  Limit  (cost=564500.60..566622.52 rows=100000 width=20) (actual time=888.685..935.823 rows=100000 loops=1)
         ->  Incremental Sort  (cost=564500.60..741328.48 rows=8333378 width=20) (actual time=888.685..930.333 rows=100000 loops=1)
               Sort Key: s_2.a, s_2.b, s_2.c
               Presorted Key: s_2.a, s_2.b
               Sort Method: quicksort  Memory: 29kB
               Sort Groups: 2714
               ->  Gather Merge  (cost=564499.16..1536794.48 rows=8333378 width=20) (actual time=888.634..906.643 rows=100008 loops=1)
                     Workers Planned: 2
                     Workers Launched: 2
                     ->  Sort  (cost=563499.14..573915.86 rows=4166689 width=20) (actual time=883.602..886.587 rows=33944 loops=3)
                           Sort Key: s_2.a, s_2.b
                           Sort Method: external merge  Disk: 95048kB
                           Worker 0:  Sort Method: external merge  Disk: 98968kB
                           Worker 1:  Sort Method: external merge  Disk: 99552kB
                           ->  Parallel Seq Scan on s_2  (cost=0.00..105361.89 rows=4166689 width=20) (actual time=0.024..237.466 rows=3333333 loops=3)
 Planning time: 0.248 ms
 Execution time: 978.197 ms
(18 rows)

===== 331 [Wed Mar  7 09:25:27 CET 2018] scale:10000000 groups:1000 work_mem:256MB incremental:on max_workers:2 =====
SELECT * FROM (SELECT * FROM s_3 ORDER BY a, b, c) foo ORDER BY a, b, c, d LIMIT 100000
                                                                       QUERY PLAN                                                                       
--------------------------------------------------------------------------------------------------------------------------------------------------------
 Limit  (cost=567622.52..567622.52 rows=1 width=20) (actual time=946.183..946.183 rows=0 loops=1)
   ->  Limit  (cost=564500.60..566622.52 rows=100000 width=20) (actual time=906.376..943.429 rows=100000 loops=1)
         ->  Incremental Sort  (cost=564500.60..741328.48 rows=8333378 width=20) (actual time=906.376..937.913 rows=100000 loops=1)
               Sort Key: s_3.a, s_3.b, s_3.c, s_3.d
               Presorted Key: s_3.a, s_3.b, s_3.c
               Sort Method: quicksort  Memory: 27kB
               Sort Groups: 3125
               ->  Gather Merge  (cost=564499.16..1536794.48 rows=8333378 width=20) (actual time=906.325..924.311 rows=100018 loops=1)
                     Workers Planned: 2
                     Workers Launched: 2
                     ->  Sort  (cost=563499.14..573915.86 rows=4166689 width=20) (actual time=901.700..904.718 rows=33945 loops=3)
                           Sort Key: s_3.a, s_3.b, s_3.c
                           Sort Method: external merge  Disk: 95528kB
                           Worker 0:  Sort Method: external merge  Disk: 99144kB
                           Worker 1:  Sort Method: external merge  Disk: 98896kB
                           ->  Parallel Seq Scan on s_3  (cost=0.00..105361.89 rows=4166689 width=20) (actual time=0.024..237.007 rows=3333333 loops=3)
 Planning time: 0.252 ms
 Execution time: 985.123 ms
(18 rows)

===== 332 [Wed Mar  7 09:25:32 CET 2018] scale:10000000 groups:1000 work_mem:256MB incremental:on max_workers:2 =====
SELECT * FROM (SELECT * FROM s_4 ORDER BY a, b, c, d) foo ORDER BY a, b, c, d, e LIMIT 100000
                                                                       QUERY PLAN                                                                       
--------------------------------------------------------------------------------------------------------------------------------------------------------
 Limit  (cost=567622.52..567622.52 rows=1 width=20) (actual time=944.577..944.577 rows=0 loops=1)
   ->  Limit  (cost=564500.60..566622.52 rows=100000 width=20) (actual time=905.167..941.830 rows=100000 loops=1)
         ->  Incremental Sort  (cost=564500.60..741328.48 rows=8333378 width=20) (actual time=905.166..936.312 rows=100000 loops=1)
               Sort Key: s_4.a, s_4.b, s_4.c, s_4.d, s_4.e
               Presorted Key: s_4.a, s_4.b, s_4.c, s_4.d
               Sort Method: quicksort  Memory: 27kB
               Sort Groups: 3125
               ->  Gather Merge  (cost=564499.16..1536794.48 rows=8333378 width=20) (actual time=905.115..923.118 rows=100001 loops=1)
                     Workers Planned: 2
                     Workers Launched: 2
                     ->  Sort  (cost=563499.14..573915.86 rows=4166689 width=20) (actual time=900.348..903.379 rows=33982 loops=3)
                           Sort Key: s_4.a, s_4.b, s_4.c, s_4.d
                           Sort Method: external merge  Disk: 95384kB
                           Worker 0:  Sort Method: external merge  Disk: 98736kB
                           Worker 1:  Sort Method: external merge  Disk: 99440kB
                           ->  Parallel Seq Scan on s_4  (cost=0.00..105361.89 rows=4166689 width=20) (actual time=0.024..236.927 rows=3333333 loops=3)
 Planning time: 0.260 ms
 Execution time: 983.928 ms
(18 rows)

===== 333 [Wed Mar  7 09:25:37 CET 2018] scale:10000000 groups:1000 work_mem:256MB incremental:off max_workers:2 =====
SELECT * FROM (SELECT * FROM s_1 ORDER BY a) foo ORDER BY a, b LIMIT 100000
                                                                       QUERY PLAN                                                                       
--------------------------------------------------------------------------------------------------------------------------------------------------------
 Limit  (cost=2355117.21..2355117.21 rows=1 width=20) (actual time=3115.031..3115.031 rows=0 loops=1)
   ->  Limit  (cost=2353867.21..2354117.21 rows=100000 width=20) (actual time=3099.406..3112.273 rows=100000 loops=1)
         ->  Sort  (cost=2353867.21..2374700.66 rows=8333378 width=20) (actual time=3099.405..3106.833 rows=100000 loops=1)
               Sort Key: s_1.a, s_1.b
               Sort Method: top-N heapsort  Memory: 14224kB
               ->  Gather Merge  (cost=564499.16..1536794.48 rows=8333378 width=20) (actual time=837.525..2357.806 rows=10000000 loops=1)
                     Workers Planned: 2
                     Workers Launched: 2
                     ->  Sort  (cost=563499.14..573915.86 rows=4166689 width=20) (actual time=832.800..1109.225 rows=3333333 loops=3)
                           Sort Key: s_1.a
                           Sort Method: external merge  Disk: 95424kB
                           Worker 0:  Sort Method: external merge  Disk: 99872kB
                           Worker 1:  Sort Method: external merge  Disk: 98264kB
                           ->  Parallel Seq Scan on s_1  (cost=0.00..105361.89 rows=4166689 width=20) (actual time=0.025..235.673 rows=3333333 loops=3)
 Planning time: 0.240 ms
 Execution time: 3128.442 ms
(16 rows)

===== 334 [Wed Mar  7 09:25:52 CET 2018] scale:10000000 groups:1000 work_mem:256MB incremental:off max_workers:2 =====
SELECT * FROM (SELECT * FROM s_2 ORDER BY a, b) foo ORDER BY a, b, c LIMIT 100000
                                                                       QUERY PLAN                                                                       
--------------------------------------------------------------------------------------------------------------------------------------------------------
 Limit  (cost=2355117.21..2355117.21 rows=1 width=20) (actual time=3401.020..3401.020 rows=0 loops=1)
   ->  Limit  (cost=2353867.21..2354117.21 rows=100000 width=20) (actual time=3388.136..3398.265 rows=100000 loops=1)
         ->  Sort  (cost=2353867.21..2374700.66 rows=8333378 width=20) (actual time=3388.136..3392.803 rows=100000 loops=1)
               Sort Key: s_2.a, s_2.b, s_2.c
               Sort Method: top-N heapsort  Memory: 13957kB
               ->  Gather Merge  (cost=564499.16..1536794.48 rows=8333378 width=20) (actual time=885.553..2638.584 rows=10000000 loops=1)
                     Workers Planned: 2
                     Workers Launched: 2
                     ->  Sort  (cost=563499.14..573915.86 rows=4166689 width=20) (actual time=880.512..1162.274 rows=3333333 loops=3)
                           Sort Key: s_2.a, s_2.b
                           Sort Method: external merge  Disk: 94920kB
                           Worker 0:  Sort Method: external merge  Disk: 99512kB
                           Worker 1:  Sort Method: external merge  Disk: 99128kB
                           ->  Parallel Seq Scan on s_2  (cost=0.00..105361.89 rows=4166689 width=20) (actual time=0.024..236.090 rows=3333333 loops=3)
 Planning time: 0.245 ms
 Execution time: 3414.216 ms
(16 rows)

===== 335 [Wed Mar  7 09:26:09 CET 2018] scale:10000000 groups:1000 work_mem:256MB incremental:off max_workers:2 =====
SELECT * FROM (SELECT * FROM s_3 ORDER BY a, b, c) foo ORDER BY a, b, c, d LIMIT 100000
                                                                       QUERY PLAN                                                                       
--------------------------------------------------------------------------------------------------------------------------------------------------------
 Limit  (cost=2355117.21..2355117.21 rows=1 width=20) (actual time=3466.312..3466.312 rows=0 loops=1)
   ->  Limit  (cost=2353867.21..2354117.21 rows=100000 width=20) (actual time=3453.980..3463.571 rows=100000 loops=1)
         ->  Sort  (cost=2353867.21..2374700.66 rows=8333378 width=20) (actual time=3453.979..3458.077 rows=100000 loops=1)
               Sort Key: s_3.a, s_3.b, s_3.c, s_3.d
               Sort Method: top-N heapsort  Memory: 13957kB
               ->  Gather Merge  (cost=564499.16..1536794.48 rows=8333378 width=20) (actual time=906.743..2659.692 rows=10000000 loops=1)
                     Workers Planned: 2
                     Workers Launched: 2
                     ->  Sort  (cost=563499.14..573915.86 rows=4166689 width=20) (actual time=901.369..1183.369 rows=3333333 loops=3)
                           Sort Key: s_3.a, s_3.b, s_3.c
                           Sort Method: external merge  Disk: 95048kB
                           Worker 0:  Sort Method: external merge  Disk: 99104kB
                           Worker 1:  Sort Method: external merge  Disk: 99416kB
                           ->  Parallel Seq Scan on s_3  (cost=0.00..105361.89 rows=4166689 width=20) (actual time=0.024..236.339 rows=3333333 loops=3)
 Planning time: 0.248 ms
 Execution time: 3479.589 ms
(16 rows)

===== 336 [Wed Mar  7 09:26:26 CET 2018] scale:10000000 groups:1000 work_mem:256MB incremental:off max_workers:2 =====
SELECT * FROM (SELECT * FROM s_4 ORDER BY a, b, c, d) foo ORDER BY a, b, c, d, e LIMIT 100000
                                                                       QUERY PLAN                                                                       
--------------------------------------------------------------------------------------------------------------------------------------------------------
 Limit  (cost=2355117.21..2355117.21 rows=1 width=20) (actual time=3397.890..3397.890 rows=0 loops=1)
   ->  Limit  (cost=2353867.21..2354117.21 rows=100000 width=20) (actual time=3385.484..3395.116 rows=100000 loops=1)
         ->  Sort  (cost=2353867.21..2374700.66 rows=8333378 width=20) (actual time=3385.483..3389.659 rows=100000 loops=1)
               Sort Key: s_4.a, s_4.b, s_4.c, s_4.d, s_4.e
               Sort Method: top-N heapsort  Memory: 13957kB
               ->  Gather Merge  (cost=564499.16..1536794.48 rows=8333378 width=20) (actual time=903.824..2650.782 rows=10000000 loops=1)
                     Workers Planned: 2
                     Workers Launched: 2
                     ->  Sort  (cost=563499.14..573915.86 rows=4166689 width=20) (actual time=899.610..1183.031 rows=3333333 loops=3)
                           Sort Key: s_4.a, s_4.b, s_4.c, s_4.d
                           Sort Method: external merge  Disk: 95680kB
                           Worker 0:  Sort Method: external merge  Disk: 98912kB
                           Worker 1:  Sort Method: external merge  Disk: 98960kB
                           ->  Parallel Seq Scan on s_4  (cost=0.00..105361.89 rows=4166689 width=20) (actual time=0.024..235.897 rows=3333333 loops=3)
 Planning time: 0.252 ms
 Execution time: 3411.249 ms
(16 rows)

===== 337 [Wed Mar  7 09:27:46 CET 2018] scale:10000000 groups:10000 work_mem:4MB incremental:on max_workers:0 =====
SELECT * FROM (SELECT * FROM s_1 ORDER BY a) foo ORDER BY a, b LIMIT 100000
                                                                QUERY PLAN                                                                
------------------------------------------------------------------------------------------------------------------------------------------
 Limit  (cost=1739399.45..1739399.45 rows=1 width=20) (actual time=3432.556..3432.556 rows=0 loops=1)
   ->  Limit  (cost=1736585.52..1738399.45 rows=100000 width=20) (actual time=3383.425..3429.730 rows=100000 loops=1)
         ->  Incremental Sort  (cost=1736585.52..1917977.28 rows=9999939 width=20) (actual time=3383.424..3424.293 rows=100000 loops=1)
               Sort Key: s_1.a, s_1.b
               Presorted Key: s_1.a
               Sort Method: quicksort  Memory: 132kB
               Sort Groups: 101
               ->  Sort  (cost=1736519.69..1761519.54 rows=9999939 width=20) (actual time=3383.204..3392.644 rows=100505 loops=1)
                     Sort Key: s_1.a
                     Sort Method: external merge  Disk: 293600kB
                     ->  Seq Scan on s_1  (cost=0.00..163694.39 rows=9999939 width=20) (actual time=0.020..650.990 rows=10000000 loops=1)
 Planning time: 0.235 ms
 Execution time: 3462.982 ms
(13 rows)

===== 338 [Wed Mar  7 09:28:04 CET 2018] scale:10000000 groups:10000 work_mem:4MB incremental:on max_workers:0 =====
SELECT * FROM (SELECT * FROM s_2 ORDER BY a, b) foo ORDER BY a, b, c LIMIT 100000
                                                                QUERY PLAN                                                                 
-------------------------------------------------------------------------------------------------------------------------------------------
 Limit  (cost=1739521.44..1739521.44 rows=1 width=20) (actual time=3528.460..3528.460 rows=0 loops=1)
   ->  Limit  (cost=1736542.33..1738521.44 rows=100000 width=20) (actual time=3495.736..3525.638 rows=100000 loops=1)
         ->  Incremental Sort  (cost=1736542.33..1934454.05 rows=10000054 width=20) (actual time=3495.736..3520.178 rows=100000 loops=1)
               Sort Key: s_2.a, s_2.b, s_2.c
               Presorted Key: s_2.a, s_2.b
               Sort Method: quicksort  Memory: 27kB
               Sort Groups: 3121
               ->  Sort  (cost=1736542.04..1761542.18 rows=10000054 width=20) (actual time=3495.684..3505.556 rows=100028 loops=1)
                     Sort Key: s_2.a, s_2.b
                     Sort Method: external merge  Disk: 293600kB
                     ->  Seq Scan on s_2  (cost=0.00..163695.54 rows=10000054 width=20) (actual time=0.027..647.998 rows=10000000 loops=1)
 Planning time: 0.233 ms
 Execution time: 3558.659 ms
(13 rows)

===== 339 [Wed Mar  7 09:28:23 CET 2018] scale:10000000 groups:10000 work_mem:4MB incremental:on max_workers:0 =====
SELECT * FROM (SELECT * FROM s_3 ORDER BY a, b, c) foo ORDER BY a, b, c, d LIMIT 100000
                                                                QUERY PLAN                                                                
------------------------------------------------------------------------------------------------------------------------------------------
 Limit  (cost=1739499.09..1739499.09 rows=1 width=20) (actual time=3592.802..3592.802 rows=0 loops=1)
   ->  Limit  (cost=1736519.98..1738499.09 rows=100000 width=20) (actual time=3562.083..3590.048 rows=100000 loops=1)
         ->  Incremental Sort  (cost=1736519.98..1934429.47 rows=9999939 width=20) (actual time=3562.083..3584.584 rows=100000 loops=1)
               Sort Key: s_3.a, s_3.b, s_3.c, s_3.d
               Presorted Key: s_3.a, s_3.b, s_3.c
               Sort Method: quicksort  Memory: 27kB
               Sort Groups: 3125
               ->  Sort  (cost=1736519.69..1761519.54 rows=9999939 width=20) (actual time=3562.030..3571.907 rows=100001 loops=1)
                     Sort Key: s_3.a, s_3.b, s_3.c
                     Sort Method: external merge  Disk: 293600kB
                     ->  Seq Scan on s_3  (cost=0.00..163694.39 rows=9999939 width=20) (actual time=0.032..648.705 rows=10000000 loops=1)
 Planning time: 0.257 ms
 Execution time: 3623.077 ms
(13 rows)

===== 340 [Wed Mar  7 09:28:43 CET 2018] scale:10000000 groups:10000 work_mem:4MB incremental:on max_workers:0 =====
SELECT * FROM (SELECT * FROM s_4 ORDER BY a, b, c, d) foo ORDER BY a, b, c, d, e LIMIT 100000
                                                                QUERY PLAN                                                                 
-------------------------------------------------------------------------------------------------------------------------------------------
 Limit  (cost=1739521.44..1739521.44 rows=1 width=20) (actual time=3597.341..3597.341 rows=0 loops=1)
   ->  Limit  (cost=1736542.33..1738521.44 rows=100000 width=20) (actual time=3566.623..3594.589 rows=100000 loops=1)
         ->  Incremental Sort  (cost=1736542.33..1934454.05 rows=10000054 width=20) (actual time=3566.622..3589.140 rows=100000 loops=1)
               Sort Key: s_4.a, s_4.b, s_4.c, s_4.d, s_4.e
               Presorted Key: s_4.a, s_4.b, s_4.c, s_4.d
               Sort Method: quicksort  Memory: 27kB
               Sort Groups: 3125
               ->  Sort  (cost=1736542.04..1761542.18 rows=10000054 width=20) (actual time=3566.565..3576.408 rows=100001 loops=1)
                     Sort Key: s_4.a, s_4.b, s_4.c, s_4.d
                     Sort Method: external merge  Disk: 293600kB
                     ->  Seq Scan on s_4  (cost=0.00..163695.54 rows=10000054 width=20) (actual time=0.029..650.826 rows=10000000 loops=1)
 Planning time: 0.248 ms
 Execution time: 3627.584 ms
(13 rows)

===== 341 [Wed Mar  7 09:29:02 CET 2018] scale:10000000 groups:10000 work_mem:4MB incremental:off max_workers:0 =====
SELECT * FROM (SELECT * FROM s_1 ORDER BY a) foo ORDER BY a, b LIMIT 100000
                                                                QUERY PLAN                                                                
------------------------------------------------------------------------------------------------------------------------------------------
 Limit  (cost=3435594.23..3435594.23 rows=1 width=20) (actual time=9305.394..9305.394 rows=0 loops=1)
   ->  Limit  (cost=3434344.23..3434594.23 rows=100000 width=20) (actual time=9287.966..9302.622 rows=100000 loops=1)
         ->  Sort  (cost=3434344.23..3459344.08 rows=9999939 width=20) (actual time=9287.966..9297.035 rows=100000 loops=1)
               Sort Key: s_1.a, s_1.b
               Sort Method: external merge  Disk: 293600kB
               ->  Sort  (cost=1736519.69..1761519.54 rows=9999939 width=20) (actual time=3372.979..4300.566 rows=10000000 loops=1)
                     Sort Key: s_1.a
                     Sort Method: external merge  Disk: 293600kB
                     ->  Seq Scan on s_1  (cost=0.00..163694.39 rows=9999939 width=20) (actual time=0.026..644.634 rows=10000000 loops=1)
 Planning time: 0.229 ms
 Execution time: 9367.794 ms
(11 rows)

===== 342 [Wed Mar  7 09:29:54 CET 2018] scale:10000000 groups:10000 work_mem:4MB incremental:off max_workers:0 =====
SELECT * FROM (SELECT * FROM s_2 ORDER BY a, b) foo ORDER BY a, b, c LIMIT 100000
                                                                QUERY PLAN                                                                 
-------------------------------------------------------------------------------------------------------------------------------------------
 Limit  (cost=3435639.22..3435639.22 rows=1 width=20) (actual time=8640.514..8640.514 rows=0 loops=1)
   ->  Limit  (cost=3434389.22..3434639.22 rows=100000 width=20) (actual time=8623.037..8637.693 rows=100000 loops=1)
         ->  Sort  (cost=3434389.22..3459389.35 rows=10000054 width=20) (actual time=8623.036..8632.112 rows=100000 loops=1)
               Sort Key: s_2.a, s_2.b, s_2.c
               Sort Method: external merge  Disk: 293600kB
               ->  Sort  (cost=1736542.04..1761542.18 rows=10000054 width=20) (actual time=3490.905..4418.297 rows=10000000 loops=1)
                     Sort Key: s_2.a, s_2.b
                     Sort Method: external merge  Disk: 293600kB
                     ->  Seq Scan on s_2  (cost=0.00..163695.54 rows=10000054 width=20) (actual time=0.030..641.325 rows=10000000 loops=1)
 Planning time: 0.227 ms
 Execution time: 8703.190 ms
(11 rows)

===== 343 [Wed Mar  7 09:30:42 CET 2018] scale:10000000 groups:10000 work_mem:4MB incremental:off max_workers:0 =====
SELECT * FROM (SELECT * FROM s_3 ORDER BY a, b, c) foo ORDER BY a, b, c, d LIMIT 100000
                                                                QUERY PLAN                                                                
------------------------------------------------------------------------------------------------------------------------------------------
 Limit  (cost=3435594.23..3435594.23 rows=1 width=20) (actual time=7315.947..7315.947 rows=0 loops=1)
   ->  Limit  (cost=3434344.23..3434594.23 rows=100000 width=20) (actual time=7298.299..7313.125 rows=100000 loops=1)
         ->  Sort  (cost=3434344.23..3459344.08 rows=9999939 width=20) (actual time=7298.298..7307.525 rows=100000 loops=1)
               Sort Key: s_3.a, s_3.b, s_3.c, s_3.d
               Sort Method: external merge  Disk: 293600kB
               ->  Sort  (cost=1736519.69..1761519.54 rows=9999939 width=20) (actual time=3565.757..4497.457 rows=10000000 loops=1)
                     Sort Key: s_3.a, s_3.b, s_3.c
                     Sort Method: external merge  Disk: 293600kB
                     ->  Seq Scan on s_3  (cost=0.00..163694.39 rows=9999939 width=20) (actual time=0.032..637.917 rows=10000000 loops=1)
 Planning time: 0.239 ms
 Execution time: 7378.443 ms
(11 rows)

===== 344 [Wed Mar  7 09:31:22 CET 2018] scale:10000000 groups:10000 work_mem:4MB incremental:off max_workers:0 =====
SELECT * FROM (SELECT * FROM s_4 ORDER BY a, b, c, d) foo ORDER BY a, b, c, d, e LIMIT 100000
                                                                QUERY PLAN                                                                 
-------------------------------------------------------------------------------------------------------------------------------------------
 Limit  (cost=3435639.22..3435639.22 rows=1 width=20) (actual time=7292.360..7292.360 rows=0 loops=1)
   ->  Limit  (cost=3434389.22..3434639.22 rows=100000 width=20) (actual time=7274.718..7289.543 rows=100000 loops=1)
         ->  Sort  (cost=3434389.22..3459389.35 rows=10000054 width=20) (actual time=7274.717..7283.950 rows=100000 loops=1)
               Sort Key: s_4.a, s_4.b, s_4.c, s_4.d, s_4.e
               Sort Method: external merge  Disk: 293600kB
               ->  Sort  (cost=1736542.04..1761542.18 rows=10000054 width=20) (actual time=3562.962..4494.731 rows=10000000 loops=1)
                     Sort Key: s_4.a, s_4.b, s_4.c, s_4.d
                     Sort Method: external merge  Disk: 293600kB
                     ->  Seq Scan on s_4  (cost=0.00..163695.54 rows=10000054 width=20) (actual time=0.029..639.451 rows=10000000 loops=1)
 Planning time: 0.240 ms
 Execution time: 7355.231 ms
(11 rows)

===== 345 [Wed Mar  7 09:32:01 CET 2018] scale:10000000 groups:10000 work_mem:8MB incremental:on max_workers:0 =====
SELECT * FROM (SELECT * FROM s_1 ORDER BY a) foo ORDER BY a, b LIMIT 100000
                                                                QUERY PLAN                                                                
------------------------------------------------------------------------------------------------------------------------------------------
 Limit  (cost=1739399.45..1739399.45 rows=1 width=20) (actual time=2685.451..2685.451 rows=0 loops=1)
   ->  Limit  (cost=1736585.52..1738399.45 rows=100000 width=20) (actual time=2636.162..2682.703 rows=100000 loops=1)
         ->  Incremental Sort  (cost=1736585.52..1917977.28 rows=9999939 width=20) (actual time=2636.161..2677.210 rows=100000 loops=1)
               Sort Key: s_1.a, s_1.b
               Presorted Key: s_1.a
               Sort Method: quicksort  Memory: 132kB
               Sort Groups: 101
               ->  Sort  (cost=1736519.69..1761519.54 rows=9999939 width=20) (actual time=2635.936..2645.480 rows=100505 loops=1)
                     Sort Key: s_1.a
                     Sort Method: external merge  Disk: 293608kB
                     ->  Seq Scan on s_1  (cost=0.00..163694.39 rows=9999939 width=20) (actual time=0.026..642.873 rows=10000000 loops=1)
 Planning time: 0.243 ms
 Execution time: 2718.195 ms
(13 rows)

===== 346 [Wed Mar  7 09:32:15 CET 2018] scale:10000000 groups:10000 work_mem:8MB incremental:on max_workers:0 =====
SELECT * FROM (SELECT * FROM s_2 ORDER BY a, b) foo ORDER BY a, b, c LIMIT 100000
                                                                QUERY PLAN                                                                 
-------------------------------------------------------------------------------------------------------------------------------------------
 Limit  (cost=1739521.44..1739521.44 rows=1 width=20) (actual time=2805.606..2805.606 rows=0 loops=1)
   ->  Limit  (cost=1736542.33..1738521.44 rows=100000 width=20) (actual time=2772.771..2802.865 rows=100000 loops=1)
         ->  Incremental Sort  (cost=1736542.33..1934454.05 rows=10000054 width=20) (actual time=2772.771..2797.372 rows=100000 loops=1)
               Sort Key: s_2.a, s_2.b, s_2.c
               Presorted Key: s_2.a, s_2.b
               Sort Method: quicksort  Memory: 27kB
               Sort Groups: 3121
               ->  Sort  (cost=1736542.04..1761542.18 rows=10000054 width=20) (actual time=2772.724..2782.659 rows=100028 loops=1)
                     Sort Key: s_2.a, s_2.b
                     Sort Method: external merge  Disk: 293608kB
                     ->  Seq Scan on s_2  (cost=0.00..163695.54 rows=10000054 width=20) (actual time=0.032..639.335 rows=10000000 loops=1)
 Planning time: 0.234 ms
 Execution time: 2838.545 ms
(13 rows)

===== 347 [Wed Mar  7 09:32:30 CET 2018] scale:10000000 groups:10000 work_mem:8MB incremental:on max_workers:0 =====
SELECT * FROM (SELECT * FROM s_3 ORDER BY a, b, c) foo ORDER BY a, b, c, d LIMIT 100000
                                                                QUERY PLAN                                                                
------------------------------------------------------------------------------------------------------------------------------------------
 Limit  (cost=1739499.09..1739499.09 rows=1 width=20) (actual time=2863.487..2863.487 rows=0 loops=1)
   ->  Limit  (cost=1736519.98..1738499.09 rows=100000 width=20) (actual time=2832.686..2860.662 rows=100000 loops=1)
         ->  Incremental Sort  (cost=1736519.98..1934429.47 rows=9999939 width=20) (actual time=2832.686..2855.212 rows=100000 loops=1)
               Sort Key: s_3.a, s_3.b, s_3.c, s_3.d
               Presorted Key: s_3.a, s_3.b, s_3.c
               Sort Method: quicksort  Memory: 27kB
               Sort Groups: 3125
               ->  Sort  (cost=1736519.69..1761519.54 rows=9999939 width=20) (actual time=2832.639..2842.517 rows=100001 loops=1)
                     Sort Key: s_3.a, s_3.b, s_3.c
                     Sort Method: external merge  Disk: 293608kB
                     ->  Seq Scan on s_3  (cost=0.00..163694.39 rows=9999939 width=20) (actual time=0.031..639.495 rows=10000000 loops=1)
 Planning time: 0.249 ms
 Execution time: 2896.272 ms
(13 rows)

===== 348 [Wed Mar  7 09:32:45 CET 2018] scale:10000000 groups:10000 work_mem:8MB incremental:on max_workers:0 =====
SELECT * FROM (SELECT * FROM s_4 ORDER BY a, b, c, d) foo ORDER BY a, b, c, d, e LIMIT 100000
                                                                QUERY PLAN                                                                 
-------------------------------------------------------------------------------------------------------------------------------------------
 Limit  (cost=1739521.44..1739521.44 rows=1 width=20) (actual time=2868.800..2868.800 rows=0 loops=1)
   ->  Limit  (cost=1736542.33..1738521.44 rows=100000 width=20) (actual time=2837.968..2865.978 rows=100000 loops=1)
         ->  Incremental Sort  (cost=1736542.33..1934454.05 rows=10000054 width=20) (actual time=2837.967..2860.530 rows=100000 loops=1)
               Sort Key: s_4.a, s_4.b, s_4.c, s_4.d, s_4.e
               Presorted Key: s_4.a, s_4.b, s_4.c, s_4.d
               Sort Method: quicksort  Memory: 27kB
               Sort Groups: 3125
               ->  Sort  (cost=1736542.04..1761542.18 rows=10000054 width=20) (actual time=2837.916..2847.811 rows=100001 loops=1)
                     Sort Key: s_4.a, s_4.b, s_4.c, s_4.d
                     Sort Method: external merge  Disk: 293608kB
                     ->  Seq Scan on s_4  (cost=0.00..163695.54 rows=10000054 width=20) (actual time=0.029..640.288 rows=10000000 loops=1)
 Planning time: 0.244 ms
 Execution time: 2901.592 ms
(13 rows)

===== 349 [Wed Mar  7 09:33:00 CET 2018] scale:10000000 groups:10000 work_mem:8MB incremental:off max_workers:0 =====
SELECT * FROM (SELECT * FROM s_1 ORDER BY a) foo ORDER BY a, b LIMIT 100000
                                                                QUERY PLAN                                                                
------------------------------------------------------------------------------------------------------------------------------------------
 Limit  (cost=2743245.58..2743245.58 rows=1 width=20) (actual time=8051.771..8051.771 rows=0 loops=1)
   ->  Limit  (cost=2741995.58..2742245.58 rows=100000 width=20) (actual time=8034.189..8048.947 rows=100000 loops=1)
         ->  Sort  (cost=2741995.58..2766995.43 rows=9999939 width=20) (actual time=8034.188..8043.358 rows=100000 loops=1)
               Sort Key: s_1.a, s_1.b
               Sort Method: external merge  Disk: 293608kB
               ->  Sort  (cost=1736519.69..1761519.54 rows=9999939 width=20) (actual time=2649.598..3581.366 rows=10000000 loops=1)
                     Sort Key: s_1.a
                     Sort Method: external merge  Disk: 293608kB
                     ->  Seq Scan on s_1  (cost=0.00..163694.39 rows=9999939 width=20) (actual time=0.026..644.058 rows=10000000 loops=1)
 Planning time: 0.230 ms
 Execution time: 8114.880 ms
(11 rows)

===== 350 [Wed Mar  7 09:33:45 CET 2018] scale:10000000 groups:10000 work_mem:8MB incremental:off max_workers:0 =====
SELECT * FROM (SELECT * FROM s_2 ORDER BY a, b) foo ORDER BY a, b, c LIMIT 100000
                                                                QUERY PLAN                                                                 
-------------------------------------------------------------------------------------------------------------------------------------------
 Limit  (cost=2743279.49..2743279.49 rows=1 width=20) (actual time=7299.962..7299.962 rows=0 loops=1)
   ->  Limit  (cost=2742029.49..2742279.49 rows=100000 width=20) (actual time=7282.228..7297.141 rows=100000 loops=1)
         ->  Sort  (cost=2742029.49..2767029.63 rows=10000054 width=20) (actual time=7282.227..7291.545 rows=100000 loops=1)
               Sort Key: s_2.a, s_2.b, s_2.c
               Sort Method: external merge  Disk: 293608kB
               ->  Sort  (cost=1736542.04..1761542.18 rows=10000054 width=20) (actual time=2780.096..3712.007 rows=10000000 loops=1)
                     Sort Key: s_2.a, s_2.b
                     Sort Method: external merge  Disk: 293608kB
                     ->  Seq Scan on s_2  (cost=0.00..163695.54 rows=10000054 width=20) (actual time=0.031..640.404 rows=10000000 loops=1)
 Planning time: 0.230 ms
 Execution time: 7362.827 ms
(11 rows)

===== 351 [Wed Mar  7 09:34:24 CET 2018] scale:10000000 groups:10000 work_mem:8MB incremental:off max_workers:0 =====
SELECT * FROM (SELECT * FROM s_3 ORDER BY a, b, c) foo ORDER BY a, b, c, d LIMIT 100000
                                                                QUERY PLAN                                                                
------------------------------------------------------------------------------------------------------------------------------------------
 Limit  (cost=2743245.58..2743245.58 rows=1 width=20) (actual time=5919.597..5919.597 rows=0 loops=1)
   ->  Limit  (cost=2741995.58..2742245.58 rows=100000 width=20) (actual time=5901.898..5916.793 rows=100000 loops=1)
         ->  Sort  (cost=2741995.58..2766995.43 rows=9999939 width=20) (actual time=5901.897..5911.180 rows=100000 loops=1)
               Sort Key: s_3.a, s_3.b, s_3.c, s_3.d
               Sort Method: external merge  Disk: 293608kB
               ->  Sort  (cost=1736519.69..1761519.54 rows=9999939 width=20) (actual time=2855.607..3790.224 rows=10000000 loops=1)
                     Sort Key: s_3.a, s_3.b, s_3.c
                     Sort Method: external merge  Disk: 293608kB
                     ->  Seq Scan on s_3  (cost=0.00..163694.39 rows=9999939 width=20) (actual time=0.033..638.087 rows=10000000 loops=1)
 Planning time: 0.240 ms
 Execution time: 5982.279 ms
(11 rows)

===== 352 [Wed Mar  7 09:34:56 CET 2018] scale:10000000 groups:10000 work_mem:8MB incremental:off max_workers:0 =====
SELECT * FROM (SELECT * FROM s_4 ORDER BY a, b, c, d) foo ORDER BY a, b, c, d, e LIMIT 100000
                                                                QUERY PLAN                                                                 
-------------------------------------------------------------------------------------------------------------------------------------------
 Limit  (cost=2743279.49..2743279.49 rows=1 width=20) (actual time=5870.882..5870.882 rows=0 loops=1)
   ->  Limit  (cost=2742029.49..2742279.49 rows=100000 width=20) (actual time=5853.247..5868.067 rows=100000 loops=1)
         ->  Sort  (cost=2742029.49..2767029.63 rows=10000054 width=20) (actual time=5853.246..5862.453 rows=100000 loops=1)
               Sort Key: s_4.a, s_4.b, s_4.c, s_4.d, s_4.e
               Sort Method: external merge  Disk: 293608kB
               ->  Sort  (cost=1736542.04..1761542.18 rows=10000054 width=20) (actual time=2852.062..3786.257 rows=10000000 loops=1)
                     Sort Key: s_4.a, s_4.b, s_4.c, s_4.d
                     Sort Method: external merge  Disk: 293608kB
                     ->  Seq Scan on s_4  (cost=0.00..163695.54 rows=10000054 width=20) (actual time=0.029..639.032 rows=10000000 loops=1)
 Planning time: 0.240 ms
 Execution time: 5933.868 ms
(11 rows)

===== 353 [Wed Mar  7 09:35:26 CET 2018] scale:10000000 groups:10000 work_mem:16MB incremental:on max_workers:0 =====
SELECT * FROM (SELECT * FROM s_1 ORDER BY a) foo ORDER BY a, b LIMIT 100000
                                                                QUERY PLAN                                                                
------------------------------------------------------------------------------------------------------------------------------------------
 Limit  (cost=1534320.45..1534320.45 rows=1 width=20) (actual time=1942.905..1942.905 rows=0 loops=1)
   ->  Limit  (cost=1531506.52..1533320.45 rows=100000 width=20) (actual time=1893.771..1940.183 rows=100000 loops=1)
         ->  Incremental Sort  (cost=1531506.52..1712898.28 rows=9999939 width=20) (actual time=1893.771..1934.698 rows=100000 loops=1)
               Sort Key: s_1.a, s_1.b
               Presorted Key: s_1.a
               Sort Method: quicksort  Memory: 132kB
               Sort Groups: 101
               ->  Sort  (cost=1531440.69..1556440.54 rows=9999939 width=20) (actual time=1893.557..1902.995 rows=100505 loops=1)
                     Sort Key: s_1.a
                     Sort Method: external merge  Disk: 293904kB
                     ->  Seq Scan on s_1  (cost=0.00..163694.39 rows=9999939 width=20) (actual time=0.027..640.745 rows=10000000 loops=1)
 Planning time: 0.233 ms
 Execution time: 1976.102 ms
(13 rows)

===== 354 [Wed Mar  7 09:35:36 CET 2018] scale:10000000 groups:10000 work_mem:16MB incremental:on max_workers:0 =====
SELECT * FROM (SELECT * FROM s_2 ORDER BY a, b) foo ORDER BY a, b, c LIMIT 100000
                                                                QUERY PLAN                                                                 
-------------------------------------------------------------------------------------------------------------------------------------------
 Limit  (cost=1534438.94..1534438.94 rows=1 width=20) (actual time=2057.542..2057.542 rows=0 loops=1)
   ->  Limit  (cost=1531459.83..1533438.94 rows=100000 width=20) (actual time=2024.740..2054.796 rows=100000 loops=1)
         ->  Incremental Sort  (cost=1531459.83..1729371.55 rows=10000054 width=20) (actual time=2024.739..2049.294 rows=100000 loops=1)
               Sort Key: s_2.a, s_2.b, s_2.c
               Presorted Key: s_2.a, s_2.b
               Sort Method: quicksort  Memory: 27kB
               Sort Groups: 3121
               ->  Sort  (cost=1531459.54..1556459.68 rows=10000054 width=20) (actual time=2024.689..2034.575 rows=100028 loops=1)
                     Sort Key: s_2.a, s_2.b
                     Sort Method: external merge  Disk: 293904kB
                     ->  Seq Scan on s_2  (cost=0.00..163695.54 rows=10000054 width=20) (actual time=0.031..636.199 rows=10000000 loops=1)
 Planning time: 0.236 ms
 Execution time: 2090.556 ms
(13 rows)

===== 355 [Wed Mar  7 09:35:46 CET 2018] scale:10000000 groups:10000 work_mem:16MB incremental:on max_workers:0 =====
SELECT * FROM (SELECT * FROM s_3 ORDER BY a, b, c) foo ORDER BY a, b, c, d LIMIT 100000
                                                                QUERY PLAN                                                                
------------------------------------------------------------------------------------------------------------------------------------------
 Limit  (cost=1534420.09..1534420.09 rows=1 width=20) (actual time=2117.807..2117.807 rows=0 loops=1)
   ->  Limit  (cost=1531440.98..1533420.09 rows=100000 width=20) (actual time=2087.062..2114.981 rows=100000 loops=1)
         ->  Incremental Sort  (cost=1531440.98..1729350.47 rows=9999939 width=20) (actual time=2087.061..2109.523 rows=100000 loops=1)
               Sort Key: s_3.a, s_3.b, s_3.c, s_3.d
               Presorted Key: s_3.a, s_3.b, s_3.c
               Sort Method: quicksort  Memory: 27kB
               Sort Groups: 3125
               ->  Sort  (cost=1531440.69..1556440.54 rows=9999939 width=20) (actual time=2087.015..2096.825 rows=100001 loops=1)
                     Sort Key: s_3.a, s_3.b, s_3.c
                     Sort Method: external merge  Disk: 293904kB
                     ->  Seq Scan on s_3  (cost=0.00..163694.39 rows=9999939 width=20) (actual time=0.030..638.473 rows=10000000 loops=1)
 Planning time: 0.241 ms
 Execution time: 2150.911 ms
(13 rows)

===== 356 [Wed Mar  7 09:35:57 CET 2018] scale:10000000 groups:10000 work_mem:16MB incremental:on max_workers:0 =====
SELECT * FROM (SELECT * FROM s_4 ORDER BY a, b, c, d) foo ORDER BY a, b, c, d, e LIMIT 100000
                                                                QUERY PLAN                                                                 
-------------------------------------------------------------------------------------------------------------------------------------------
 Limit  (cost=1534438.94..1534438.94 rows=1 width=20) (actual time=2120.640..2120.640 rows=0 loops=1)
   ->  Limit  (cost=1531459.83..1533438.94 rows=100000 width=20) (actual time=2089.872..2117.814 rows=100000 loops=1)
         ->  Incremental Sort  (cost=1531459.83..1729371.55 rows=10000054 width=20) (actual time=2089.872..2112.358 rows=100000 loops=1)
               Sort Key: s_4.a, s_4.b, s_4.c, s_4.d, s_4.e
               Presorted Key: s_4.a, s_4.b, s_4.c, s_4.d
               Sort Method: quicksort  Memory: 27kB
               Sort Groups: 3125
               ->  Sort  (cost=1531459.54..1556459.68 rows=10000054 width=20) (actual time=2089.819..2099.645 rows=100001 loops=1)
                     Sort Key: s_4.a, s_4.b, s_4.c, s_4.d
                     Sort Method: external merge  Disk: 293904kB
                     ->  Seq Scan on s_4  (cost=0.00..163695.54 rows=10000054 width=20) (actual time=0.035..638.610 rows=10000000 loops=1)
 Planning time: 0.249 ms
 Execution time: 2153.658 ms
(13 rows)

===== 357 [Wed Mar  7 09:36:07 CET 2018] scale:10000000 groups:10000 work_mem:16MB incremental:off max_workers:0 =====
SELECT * FROM (SELECT * FROM s_1 ORDER BY a) foo ORDER BY a, b LIMIT 100000
                                                                QUERY PLAN                                                                
------------------------------------------------------------------------------------------------------------------------------------------
 Limit  (cost=2538166.58..2538166.58 rows=1 width=20) (actual time=6656.674..6656.674 rows=0 loops=1)
   ->  Limit  (cost=2536916.58..2537166.58 rows=100000 width=20) (actual time=6639.177..6653.850 rows=100000 loops=1)
         ->  Sort  (cost=2536916.58..2561916.43 rows=9999939 width=20) (actual time=6639.176..6648.262 rows=100000 loops=1)
               Sort Key: s_1.a, s_1.b
               Sort Method: external merge  Disk: 293904kB
               ->  Sort  (cost=1531440.69..1556440.54 rows=9999939 width=20) (actual time=1884.342..2811.630 rows=10000000 loops=1)
                     Sort Key: s_1.a
                     Sort Method: external merge  Disk: 293904kB
                     ->  Seq Scan on s_1  (cost=0.00..163694.39 rows=9999939 width=20) (actual time=0.026..640.814 rows=10000000 loops=1)
 Planning time: 0.226 ms
 Execution time: 6718.539 ms
(11 rows)

===== 358 [Wed Mar  7 09:36:43 CET 2018] scale:10000000 groups:10000 work_mem:16MB incremental:off max_workers:0 =====
SELECT * FROM (SELECT * FROM s_2 ORDER BY a, b) foo ORDER BY a, b, c LIMIT 100000
                                                                QUERY PLAN                                                                 
-------------------------------------------------------------------------------------------------------------------------------------------
 Limit  (cost=2538196.99..2538196.99 rows=1 width=20) (actual time=5848.354..5848.354 rows=0 loops=1)
   ->  Limit  (cost=2536946.99..2537196.99 rows=100000 width=20) (actual time=5830.679..5845.526 rows=100000 loops=1)
         ->  Sort  (cost=2536946.99..2561947.13 rows=10000054 width=20) (actual time=5830.678..5839.939 rows=100000 loops=1)
               Sort Key: s_2.a, s_2.b, s_2.c
               Sort Method: external merge  Disk: 293904kB
               ->  Sort  (cost=1531459.54..1556459.68 rows=10000054 width=20) (actual time=2015.926..2942.725 rows=10000000 loops=1)
                     Sort Key: s_2.a, s_2.b
                     Sort Method: external merge  Disk: 293904kB
                     ->  Seq Scan on s_2  (cost=0.00..163695.54 rows=10000054 width=20) (actual time=0.030..637.670 rows=10000000 loops=1)
 Planning time: 0.227 ms
 Execution time: 5910.645 ms
(11 rows)

===== 359 [Wed Mar  7 09:37:15 CET 2018] scale:10000000 groups:10000 work_mem:16MB incremental:off max_workers:0 =====
SELECT * FROM (SELECT * FROM s_3 ORDER BY a, b, c) foo ORDER BY a, b, c, d LIMIT 100000
                                                                QUERY PLAN                                                                
------------------------------------------------------------------------------------------------------------------------------------------
 Limit  (cost=2538166.58..2538166.58 rows=1 width=20) (actual time=4436.511..4436.511 rows=0 loops=1)
   ->  Limit  (cost=2536916.58..2537166.58 rows=100000 width=20) (actual time=4418.909..4433.691 rows=100000 loops=1)
         ->  Sort  (cost=2536916.58..2561916.43 rows=9999939 width=20) (actual time=4418.908..4428.091 rows=100000 loops=1)
               Sort Key: s_3.a, s_3.b, s_3.c, s_3.d
               Sort Method: external merge  Disk: 293904kB
               ->  Sort  (cost=1531440.69..1556440.54 rows=9999939 width=20) (actual time=2083.007..3014.697 rows=10000000 loops=1)
                     Sort Key: s_3.a, s_3.b, s_3.c
                     Sort Method: external merge  Disk: 293904kB
                     ->  Seq Scan on s_3  (cost=0.00..163694.39 rows=9999939 width=20) (actual time=0.031..634.137 rows=10000000 loops=1)
 Planning time: 0.243 ms
 Execution time: 4498.583 ms
(11 rows)

===== 360 [Wed Mar  7 09:37:37 CET 2018] scale:10000000 groups:10000 work_mem:16MB incremental:off max_workers:0 =====
SELECT * FROM (SELECT * FROM s_4 ORDER BY a, b, c, d) foo ORDER BY a, b, c, d, e LIMIT 100000
                                                                QUERY PLAN                                                                 
-------------------------------------------------------------------------------------------------------------------------------------------
 Limit  (cost=2538196.99..2538196.99 rows=1 width=20) (actual time=4354.350..4354.350 rows=0 loops=1)
   ->  Limit  (cost=2536946.99..2537196.99 rows=100000 width=20) (actual time=4336.794..4351.526 rows=100000 loops=1)
         ->  Sort  (cost=2536946.99..2561947.13 rows=10000054 width=20) (actual time=4336.793..4345.918 rows=100000 loops=1)
               Sort Key: s_4.a, s_4.b, s_4.c, s_4.d, s_4.e
               Sort Method: external merge  Disk: 293904kB
               ->  Sort  (cost=1531459.54..1556459.68 rows=10000054 width=20) (actual time=2084.722..3016.841 rows=10000000 loops=1)
                     Sort Key: s_4.a, s_4.b, s_4.c, s_4.d
                     Sort Method: external merge  Disk: 293904kB
                     ->  Seq Scan on s_4  (cost=0.00..163695.54 rows=10000054 width=20) (actual time=0.029..635.244 rows=10000000 loops=1)
 Planning time: 0.244 ms
 Execution time: 4416.627 ms
(11 rows)

===== 361 [Wed Mar  7 09:37:58 CET 2018] scale:10000000 groups:10000 work_mem:32MB incremental:on max_workers:0 =====
SELECT * FROM (SELECT * FROM s_1 ORDER BY a) foo ORDER BY a, b LIMIT 100000
                                                                QUERY PLAN                                                                
------------------------------------------------------------------------------------------------------------------------------------------
 Limit  (cost=1534320.45..1534320.45 rows=1 width=20) (actual time=1918.353..1918.353 rows=0 loops=1)
   ->  Limit  (cost=1531506.52..1533320.45 rows=100000 width=20) (actual time=1869.219..1915.636 rows=100000 loops=1)
         ->  Incremental Sort  (cost=1531506.52..1712898.28 rows=9999939 width=20) (actual time=1869.219..1910.162 rows=100000 loops=1)
               Sort Key: s_1.a, s_1.b
               Presorted Key: s_1.a
               Sort Method: quicksort  Memory: 132kB
               Sort Groups: 101
               ->  Sort  (cost=1531440.69..1556440.54 rows=9999939 width=20) (actual time=1868.996..1878.463 rows=100505 loops=1)
                     Sort Key: s_1.a
                     Sort Method: external merge  Disk: 293576kB
                     ->  Seq Scan on s_1  (cost=0.00..163694.39 rows=9999939 width=20) (actual time=0.027..639.682 rows=10000000 loops=1)
 Planning time: 0.250 ms
 Execution time: 1950.842 ms
(13 rows)

===== 362 [Wed Mar  7 09:38:08 CET 2018] scale:10000000 groups:10000 work_mem:32MB incremental:on max_workers:0 =====
SELECT * FROM (SELECT * FROM s_2 ORDER BY a, b) foo ORDER BY a, b, c LIMIT 100000
                                                                QUERY PLAN                                                                 
-------------------------------------------------------------------------------------------------------------------------------------------
 Limit  (cost=1534438.94..1534438.94 rows=1 width=20) (actual time=2015.027..2015.027 rows=0 loops=1)
   ->  Limit  (cost=1531459.83..1533438.94 rows=100000 width=20) (actual time=1982.082..2012.277 rows=100000 loops=1)
         ->  Incremental Sort  (cost=1531459.83..1729371.55 rows=10000054 width=20) (actual time=1982.082..2006.789 rows=100000 loops=1)
               Sort Key: s_2.a, s_2.b, s_2.c
               Presorted Key: s_2.a, s_2.b
               Sort Method: quicksort  Memory: 27kB
               Sort Groups: 3121
               ->  Sort  (cost=1531459.54..1556459.68 rows=10000054 width=20) (actual time=1982.035..1991.973 rows=100028 loops=1)
                     Sort Key: s_2.a, s_2.b
                     Sort Method: external merge  Disk: 293576kB
                     ->  Seq Scan on s_2  (cost=0.00..163695.54 rows=10000054 width=20) (actual time=0.030..635.112 rows=10000000 loops=1)
 Planning time: 0.235 ms
 Execution time: 2047.540 ms
(13 rows)

===== 363 [Wed Mar  7 09:38:18 CET 2018] scale:10000000 groups:10000 work_mem:32MB incremental:on max_workers:0 =====
SELECT * FROM (SELECT * FROM s_3 ORDER BY a, b, c) foo ORDER BY a, b, c, d LIMIT 100000
                                                                QUERY PLAN                                                                
------------------------------------------------------------------------------------------------------------------------------------------
 Limit  (cost=1534420.09..1534420.09 rows=1 width=20) (actual time=2076.481..2076.481 rows=0 loops=1)
   ->  Limit  (cost=1531440.98..1533420.09 rows=100000 width=20) (actual time=2045.635..2073.656 rows=100000 loops=1)
         ->  Incremental Sort  (cost=1531440.98..1729350.47 rows=9999939 width=20) (actual time=2045.634..2068.211 rows=100000 loops=1)
               Sort Key: s_3.a, s_3.b, s_3.c, s_3.d
               Presorted Key: s_3.a, s_3.b, s_3.c
               Sort Method: quicksort  Memory: 27kB
               Sort Groups: 3125
               ->  Sort  (cost=1531440.69..1556440.54 rows=9999939 width=20) (actual time=2045.586..2055.475 rows=100001 loops=1)
                     Sort Key: s_3.a, s_3.b, s_3.c
                     Sort Method: external merge  Disk: 293576kB
                     ->  Seq Scan on s_3  (cost=0.00..163694.39 rows=9999939 width=20) (actual time=0.034..635.743 rows=10000000 loops=1)
 Planning time: 0.252 ms
 Execution time: 2109.027 ms
(13 rows)

===== 364 [Wed Mar  7 09:38:28 CET 2018] scale:10000000 groups:10000 work_mem:32MB incremental:on max_workers:0 =====
SELECT * FROM (SELECT * FROM s_4 ORDER BY a, b, c, d) foo ORDER BY a, b, c, d, e LIMIT 100000
                                                                QUERY PLAN                                                                 
-------------------------------------------------------------------------------------------------------------------------------------------
 Limit  (cost=1534438.94..1534438.94 rows=1 width=20) (actual time=2077.670..2077.670 rows=0 loops=1)
   ->  Limit  (cost=1531459.83..1533438.94 rows=100000 width=20) (actual time=2046.800..2074.850 rows=100000 loops=1)
         ->  Incremental Sort  (cost=1531459.83..1729371.55 rows=10000054 width=20) (actual time=2046.799..2069.401 rows=100000 loops=1)
               Sort Key: s_4.a, s_4.b, s_4.c, s_4.d, s_4.e
               Presorted Key: s_4.a, s_4.b, s_4.c, s_4.d
               Sort Method: quicksort  Memory: 27kB
               Sort Groups: 3125
               ->  Sort  (cost=1531459.54..1556459.68 rows=10000054 width=20) (actual time=2046.746..2056.637 rows=100001 loops=1)
                     Sort Key: s_4.a, s_4.b, s_4.c, s_4.d
                     Sort Method: external merge  Disk: 293576kB
                     ->  Seq Scan on s_4  (cost=0.00..163695.54 rows=10000054 width=20) (actual time=0.029..638.514 rows=10000000 loops=1)
 Planning time: 0.246 ms
 Execution time: 2110.165 ms
(13 rows)

===== 365 [Wed Mar  7 09:38:38 CET 2018] scale:10000000 groups:10000 work_mem:32MB incremental:off max_workers:0 =====
SELECT * FROM (SELECT * FROM s_1 ORDER BY a) foo ORDER BY a, b LIMIT 100000
                                                                QUERY PLAN                                                                
------------------------------------------------------------------------------------------------------------------------------------------
 Limit  (cost=2538166.58..2538166.58 rows=1 width=20) (actual time=3462.150..3462.150 rows=0 loops=1)
   ->  Limit  (cost=2536916.58..2537166.58 rows=100000 width=20) (actual time=3448.651..3459.410 rows=100000 loops=1)
         ->  Sort  (cost=2536916.58..2561916.43 rows=9999939 width=20) (actual time=3448.650..3453.916 rows=100000 loops=1)
               Sort Key: s_1.a, s_1.b
               Sort Method: top-N heapsort  Memory: 13985kB
               ->  Sort  (cost=1531440.69..1556440.54 rows=9999939 width=20) (actual time=1860.555..2793.002 rows=10000000 loops=1)
                     Sort Key: s_1.a
                     Sort Method: external merge  Disk: 293576kB
                     ->  Seq Scan on s_1  (cost=0.00..163694.39 rows=9999939 width=20) (actual time=0.027..639.541 rows=10000000 loops=1)
 Planning time: 0.228 ms
 Execution time: 3496.070 ms
(11 rows)

===== 366 [Wed Mar  7 09:38:55 CET 2018] scale:10000000 groups:10000 work_mem:32MB incremental:off max_workers:0 =====
SELECT * FROM (SELECT * FROM s_2 ORDER BY a, b) foo ORDER BY a, b, c LIMIT 100000
                                                                QUERY PLAN                                                                 
-------------------------------------------------------------------------------------------------------------------------------------------
 Limit  (cost=2538196.99..2538196.99 rows=1 width=20) (actual time=3597.921..3597.921 rows=0 loops=1)
   ->  Limit  (cost=2536946.99..2537196.99 rows=100000 width=20) (actual time=3585.718..3595.199 rows=100000 loops=1)
         ->  Sort  (cost=2536946.99..2561947.13 rows=10000054 width=20) (actual time=3585.717..3589.746 rows=100000 loops=1)
               Sort Key: s_2.a, s_2.b, s_2.c
               Sort Method: top-N heapsort  Memory: 13957kB
               ->  Sort  (cost=1531459.54..1556459.68 rows=10000054 width=20) (actual time=1988.765..2919.728 rows=10000000 loops=1)
                     Sort Key: s_2.a, s_2.b
                     Sort Method: external merge  Disk: 293576kB
                     ->  Seq Scan on s_2  (cost=0.00..163695.54 rows=10000054 width=20) (actual time=0.031..636.550 rows=10000000 loops=1)
 Planning time: 0.228 ms
 Execution time: 3631.967 ms
(11 rows)

===== 367 [Wed Mar  7 09:39:12 CET 2018] scale:10000000 groups:10000 work_mem:32MB incremental:off max_workers:0 =====
SELECT * FROM (SELECT * FROM s_3 ORDER BY a, b, c) foo ORDER BY a, b, c, d LIMIT 100000
                                                                QUERY PLAN                                                                
------------------------------------------------------------------------------------------------------------------------------------------
 Limit  (cost=2538166.58..2538166.58 rows=1 width=20) (actual time=3771.575..3771.575 rows=0 loops=1)
   ->  Limit  (cost=2536916.58..2537166.58 rows=100000 width=20) (actual time=3759.354..3768.813 rows=100000 loops=1)
         ->  Sort  (cost=2536916.58..2561916.43 rows=9999939 width=20) (actual time=3759.353..3763.369 rows=100000 loops=1)
               Sort Key: s_3.a, s_3.b, s_3.c, s_3.d
               Sort Method: top-N heapsort  Memory: 13957kB
               ->  Sort  (cost=1531440.69..1556440.54 rows=9999939 width=20) (actual time=2048.075..3041.095 rows=10000000 loops=1)
                     Sort Key: s_3.a, s_3.b, s_3.c
                     Sort Method: external merge  Disk: 293576kB
                     ->  Seq Scan on s_3  (cost=0.00..163694.39 rows=9999939 width=20) (actual time=0.030..633.689 rows=10000000 loops=1)
 Planning time: 0.232 ms
 Execution time: 3805.536 ms
(11 rows)

===== 368 [Wed Mar  7 09:39:30 CET 2018] scale:10000000 groups:10000 work_mem:32MB incremental:off max_workers:0 =====
SELECT * FROM (SELECT * FROM s_4 ORDER BY a, b, c, d) foo ORDER BY a, b, c, d, e LIMIT 100000
                                                                QUERY PLAN                                                                 
-------------------------------------------------------------------------------------------------------------------------------------------
 Limit  (cost=2538196.99..2538196.99 rows=1 width=20) (actual time=3774.723..3774.723 rows=0 loops=1)
   ->  Limit  (cost=2536946.99..2537196.99 rows=100000 width=20) (actual time=3762.499..3771.964 rows=100000 loops=1)
         ->  Sort  (cost=2536946.99..2561947.13 rows=10000054 width=20) (actual time=3762.498..3766.522 rows=100000 loops=1)
               Sort Key: s_4.a, s_4.b, s_4.c, s_4.d, s_4.e
               Sort Method: top-N heapsort  Memory: 13957kB
               ->  Sort  (cost=1531459.54..1556459.68 rows=10000054 width=20) (actual time=2051.148..3044.298 rows=10000000 loops=1)
                     Sort Key: s_4.a, s_4.b, s_4.c, s_4.d
                     Sort Method: external merge  Disk: 293576kB
                     ->  Seq Scan on s_4  (cost=0.00..163695.54 rows=10000054 width=20) (actual time=0.030..635.169 rows=10000000 loops=1)
 Planning time: 0.238 ms
 Execution time: 3808.600 ms
(11 rows)

===== 369 [Wed Mar  7 09:39:48 CET 2018] scale:10000000 groups:10000 work_mem:64MB incremental:on max_workers:0 =====
SELECT * FROM (SELECT * FROM s_1 ORDER BY a) foo ORDER BY a, b LIMIT 100000
                                                                QUERY PLAN                                                                
------------------------------------------------------------------------------------------------------------------------------------------
 Limit  (cost=1534320.45..1534320.45 rows=1 width=20) (actual time=1924.968..1924.968 rows=0 loops=1)
   ->  Limit  (cost=1531506.52..1533320.45 rows=100000 width=20) (actual time=1876.508..1922.151 rows=100000 loops=1)
         ->  Incremental Sort  (cost=1531506.52..1712898.28 rows=9999939 width=20) (actual time=1876.507..1916.724 rows=100000 loops=1)
               Sort Key: s_1.a, s_1.b
               Presorted Key: s_1.a
               Sort Method: quicksort  Memory: 132kB
               Sort Groups: 101
               ->  Sort  (cost=1531440.69..1556440.54 rows=9999939 width=20) (actual time=1876.292..1885.115 rows=100505 loops=1)
                     Sort Key: s_1.a
                     Sort Method: external merge  Disk: 293648kB
                     ->  Seq Scan on s_1  (cost=0.00..163694.39 rows=9999939 width=20) (actual time=0.026..639.799 rows=10000000 loops=1)
 Planning time: 0.235 ms
 Execution time: 1957.624 ms
(13 rows)

===== 370 [Wed Mar  7 09:39:57 CET 2018] scale:10000000 groups:10000 work_mem:64MB incremental:on max_workers:0 =====
SELECT * FROM (SELECT * FROM s_2 ORDER BY a, b) foo ORDER BY a, b, c LIMIT 100000
                                                                QUERY PLAN                                                                 
-------------------------------------------------------------------------------------------------------------------------------------------
 Limit  (cost=1534438.94..1534438.94 rows=1 width=20) (actual time=2042.058..2042.058 rows=0 loops=1)
   ->  Limit  (cost=1531459.83..1533438.94 rows=100000 width=20) (actual time=2009.830..2039.229 rows=100000 loops=1)
         ->  Incremental Sort  (cost=1531459.83..1729371.55 rows=10000054 width=20) (actual time=2009.830..2033.780 rows=100000 loops=1)
               Sort Key: s_2.a, s_2.b, s_2.c
               Presorted Key: s_2.a, s_2.b
               Sort Method: quicksort  Memory: 27kB
               Sort Groups: 3121
               ->  Sort  (cost=1531459.54..1556459.68 rows=10000054 width=20) (actual time=2009.781..2019.083 rows=100028 loops=1)
                     Sort Key: s_2.a, s_2.b
                     Sort Method: external merge  Disk: 293648kB
                     ->  Seq Scan on s_2  (cost=0.00..163695.54 rows=10000054 width=20) (actual time=0.031..637.243 rows=10000000 loops=1)
 Planning time: 0.233 ms
 Execution time: 2077.112 ms
(13 rows)

===== 371 [Wed Mar  7 09:40:08 CET 2018] scale:10000000 groups:10000 work_mem:64MB incremental:on max_workers:0 =====
SELECT * FROM (SELECT * FROM s_3 ORDER BY a, b, c) foo ORDER BY a, b, c, d LIMIT 100000
                                                                QUERY PLAN                                                                
------------------------------------------------------------------------------------------------------------------------------------------
 Limit  (cost=1534420.09..1534420.09 rows=1 width=20) (actual time=2113.960..2113.960 rows=0 loops=1)
   ->  Limit  (cost=1531440.98..1533420.09 rows=100000 width=20) (actual time=2083.925..2111.214 rows=100000 loops=1)
         ->  Incremental Sort  (cost=1531440.98..1729350.47 rows=9999939 width=20) (actual time=2083.924..2105.759 rows=100000 loops=1)
               Sort Key: s_3.a, s_3.b, s_3.c, s_3.d
               Presorted Key: s_3.a, s_3.b, s_3.c
               Sort Method: quicksort  Memory: 27kB
               Sort Groups: 3125
               ->  Sort  (cost=1531440.69..1556440.54 rows=9999939 width=20) (actual time=2083.875..2093.107 rows=100001 loops=1)
                     Sort Key: s_3.a, s_3.b, s_3.c
                     Sort Method: external merge  Disk: 293648kB
                     ->  Seq Scan on s_3  (cost=0.00..163694.39 rows=9999939 width=20) (actual time=0.031..636.886 rows=10000000 loops=1)
 Planning time: 0.250 ms
 Execution time: 2149.008 ms
(13 rows)

===== 372 [Wed Mar  7 09:40:18 CET 2018] scale:10000000 groups:10000 work_mem:64MB incremental:on max_workers:0 =====
SELECT * FROM (SELECT * FROM s_4 ORDER BY a, b, c, d) foo ORDER BY a, b, c, d, e LIMIT 100000
                                                                QUERY PLAN                                                                 
-------------------------------------------------------------------------------------------------------------------------------------------
 Limit  (cost=1534438.94..1534438.94 rows=1 width=20) (actual time=2113.008..2113.008 rows=0 loops=1)
   ->  Limit  (cost=1531459.83..1533438.94 rows=100000 width=20) (actual time=2082.935..2110.270 rows=100000 loops=1)
         ->  Incremental Sort  (cost=1531459.83..1729371.55 rows=10000054 width=20) (actual time=2082.934..2104.806 rows=100000 loops=1)
               Sort Key: s_4.a, s_4.b, s_4.c, s_4.d, s_4.e
               Presorted Key: s_4.a, s_4.b, s_4.c, s_4.d
               Sort Method: quicksort  Memory: 27kB
               Sort Groups: 3125
               ->  Sort  (cost=1531459.54..1556459.68 rows=10000054 width=20) (actual time=2082.878..2092.099 rows=100001 loops=1)
                     Sort Key: s_4.a, s_4.b, s_4.c, s_4.d
                     Sort Method: external merge  Disk: 293648kB
                     ->  Seq Scan on s_4  (cost=0.00..163695.54 rows=10000054 width=20) (actual time=0.030..637.947 rows=10000000 loops=1)
 Planning time: 0.247 ms
 Execution time: 2148.219 ms
(13 rows)

===== 373 [Wed Mar  7 09:40:28 CET 2018] scale:10000000 groups:10000 work_mem:64MB incremental:off max_workers:0 =====
SELECT * FROM (SELECT * FROM s_1 ORDER BY a) foo ORDER BY a, b LIMIT 100000
                                                                QUERY PLAN                                                                
------------------------------------------------------------------------------------------------------------------------------------------
 Limit  (cost=2538166.58..2538166.58 rows=1 width=20) (actual time=3515.135..3515.135 rows=0 loops=1)
   ->  Limit  (cost=2536916.58..2537166.58 rows=100000 width=20) (actual time=3501.634..3512.391 rows=100000 loops=1)
         ->  Sort  (cost=2536916.58..2561916.43 rows=9999939 width=20) (actual time=3501.633..3506.906 rows=100000 loops=1)
               Sort Key: s_1.a, s_1.b
               Sort Method: top-N heapsort  Memory: 13985kB
               ->  Sort  (cost=1531440.69..1556440.54 rows=9999939 width=20) (actual time=1881.341..2819.279 rows=10000000 loops=1)
                     Sort Key: s_1.a
                     Sort Method: external merge  Disk: 293648kB
                     ->  Seq Scan on s_1  (cost=0.00..163694.39 rows=9999939 width=20) (actual time=0.027..640.718 rows=10000000 loops=1)
 Planning time: 0.223 ms
 Execution time: 3551.485 ms
(11 rows)

===== 374 [Wed Mar  7 09:40:45 CET 2018] scale:10000000 groups:10000 work_mem:64MB incremental:off max_workers:0 =====
SELECT * FROM (SELECT * FROM s_2 ORDER BY a, b) foo ORDER BY a, b, c LIMIT 100000
                                                                QUERY PLAN                                                                 
-------------------------------------------------------------------------------------------------------------------------------------------
 Limit  (cost=2538196.99..2538196.99 rows=1 width=20) (actual time=3652.625..3652.625 rows=0 loops=1)
   ->  Limit  (cost=2536946.99..2537196.99 rows=100000 width=20) (actual time=3640.381..3649.883 rows=100000 loops=1)
         ->  Sort  (cost=2536946.99..2561947.13 rows=10000054 width=20) (actual time=3640.380..3644.398 rows=100000 loops=1)
               Sort Key: s_2.a, s_2.b, s_2.c
               Sort Method: top-N heapsort  Memory: 13957kB
               ->  Sort  (cost=1531459.54..1556459.68 rows=10000054 width=20) (actual time=2009.248..2948.051 rows=10000000 loops=1)
                     Sort Key: s_2.a, s_2.b
                     Sort Method: external merge  Disk: 293648kB
                     ->  Seq Scan on s_2  (cost=0.00..163695.54 rows=10000054 width=20) (actual time=0.032..637.310 rows=10000000 loops=1)
 Planning time: 0.228 ms
 Execution time: 3688.929 ms
(11 rows)

===== 375 [Wed Mar  7 09:41:03 CET 2018] scale:10000000 groups:10000 work_mem:64MB incremental:off max_workers:0 =====
SELECT * FROM (SELECT * FROM s_3 ORDER BY a, b, c) foo ORDER BY a, b, c, d LIMIT 100000
                                                                QUERY PLAN                                                                
------------------------------------------------------------------------------------------------------------------------------------------
 Limit  (cost=2538166.58..2538166.58 rows=1 width=20) (actual time=3853.574..3853.574 rows=0 loops=1)
   ->  Limit  (cost=2536916.58..2537166.58 rows=100000 width=20) (actual time=3841.357..3850.819 rows=100000 loops=1)
         ->  Sort  (cost=2536916.58..2561916.43 rows=9999939 width=20) (actual time=3841.357..3845.371 rows=100000 loops=1)
               Sort Key: s_3.a, s_3.b, s_3.c, s_3.d
               Sort Method: top-N heapsort  Memory: 13957kB
               ->  Sort  (cost=1531440.69..1556440.54 rows=9999939 width=20) (actual time=2080.896..3096.223 rows=10000000 loops=1)
                     Sort Key: s_3.a, s_3.b, s_3.c
                     Sort Method: external merge  Disk: 293648kB
                     ->  Seq Scan on s_3  (cost=0.00..163694.39 rows=9999939 width=20) (actual time=0.030..635.149 rows=10000000 loops=1)
 Planning time: 0.234 ms
 Execution time: 3889.835 ms
(11 rows)

===== 376 [Wed Mar  7 09:41:21 CET 2018] scale:10000000 groups:10000 work_mem:64MB incremental:off max_workers:0 =====
SELECT * FROM (SELECT * FROM s_4 ORDER BY a, b, c, d) foo ORDER BY a, b, c, d, e LIMIT 100000
                                                                QUERY PLAN                                                                 
-------------------------------------------------------------------------------------------------------------------------------------------
 Limit  (cost=2538196.99..2538196.99 rows=1 width=20) (actual time=3856.728..3856.728 rows=0 loops=1)
   ->  Limit  (cost=2536946.99..2537196.99 rows=100000 width=20) (actual time=3844.529..3853.981 rows=100000 loops=1)
         ->  Sort  (cost=2536946.99..2561947.13 rows=10000054 width=20) (actual time=3844.528..3848.540 rows=100000 loops=1)
               Sort Key: s_4.a, s_4.b, s_4.c, s_4.d, s_4.e
               Sort Method: top-N heapsort  Memory: 13957kB
               ->  Sort  (cost=1531459.54..1556459.68 rows=10000054 width=20) (actual time=2083.897..3099.395 rows=10000000 loops=1)
                     Sort Key: s_4.a, s_4.b, s_4.c, s_4.d
                     Sort Method: external merge  Disk: 293648kB
                     ->  Seq Scan on s_4  (cost=0.00..163695.54 rows=10000054 width=20) (actual time=0.028..637.052 rows=10000000 loops=1)
 Planning time: 0.238 ms
 Execution time: 3892.964 ms
(11 rows)

===== 377 [Wed Mar  7 09:41:39 CET 2018] scale:10000000 groups:10000 work_mem:128MB incremental:on max_workers:0 =====
SELECT * FROM (SELECT * FROM s_1 ORDER BY a) foo ORDER BY a, b LIMIT 100000
                                                                QUERY PLAN                                                                
------------------------------------------------------------------------------------------------------------------------------------------
 Limit  (cost=1534320.45..1534320.45 rows=1 width=20) (actual time=2062.527..2062.527 rows=0 loops=1)
   ->  Limit  (cost=1531506.52..1533320.45 rows=100000 width=20) (actual time=2014.027..2059.706 rows=100000 loops=1)
         ->  Incremental Sort  (cost=1531506.52..1712898.28 rows=9999939 width=20) (actual time=2014.027..2054.271 rows=100000 loops=1)
               Sort Key: s_1.a, s_1.b
               Presorted Key: s_1.a
               Sort Method: quicksort  Memory: 132kB
               Sort Groups: 101
               ->  Sort  (cost=1531440.69..1556440.54 rows=9999939 width=20) (actual time=2013.802..2022.662 rows=100505 loops=1)
                     Sort Key: s_1.a
                     Sort Method: external merge  Disk: 293568kB
                     ->  Seq Scan on s_1  (cost=0.00..163694.39 rows=9999939 width=20) (actual time=0.026..640.820 rows=10000000 loops=1)
 Planning time: 0.238 ms
 Execution time: 2099.768 ms
(13 rows)

===== 378 [Wed Mar  7 09:41:49 CET 2018] scale:10000000 groups:10000 work_mem:128MB incremental:on max_workers:0 =====
SELECT * FROM (SELECT * FROM s_2 ORDER BY a, b) foo ORDER BY a, b, c LIMIT 100000
                                                                QUERY PLAN                                                                 
-------------------------------------------------------------------------------------------------------------------------------------------
 Limit  (cost=1534438.94..1534438.94 rows=1 width=20) (actual time=2174.248..2174.248 rows=0 loops=1)
   ->  Limit  (cost=1531459.83..1533438.94 rows=100000 width=20) (actual time=2142.092..2171.427 rows=100000 loops=1)
         ->  Incremental Sort  (cost=1531459.83..1729371.55 rows=10000054 width=20) (actual time=2142.091..2165.967 rows=100000 loops=1)
               Sort Key: s_2.a, s_2.b, s_2.c
               Presorted Key: s_2.a, s_2.b
               Sort Method: quicksort  Memory: 27kB
               Sort Groups: 3121
               ->  Sort  (cost=1531459.54..1556459.68 rows=10000054 width=20) (actual time=2142.042..2151.334 rows=100028 loops=1)
                     Sort Key: s_2.a, s_2.b
                     Sort Method: external merge  Disk: 293568kB
                     ->  Seq Scan on s_2  (cost=0.00..163695.54 rows=10000054 width=20) (actual time=0.031..637.322 rows=10000000 loops=1)
 Planning time: 0.246 ms
 Execution time: 2211.479 ms
(13 rows)

===== 379 [Wed Mar  7 09:42:00 CET 2018] scale:10000000 groups:10000 work_mem:128MB incremental:on max_workers:0 =====
SELECT * FROM (SELECT * FROM s_3 ORDER BY a, b, c) foo ORDER BY a, b, c, d LIMIT 100000
                                                                QUERY PLAN                                                                
------------------------------------------------------------------------------------------------------------------------------------------
 Limit  (cost=1534420.09..1534420.09 rows=1 width=20) (actual time=2174.798..2174.798 rows=0 loops=1)
   ->  Limit  (cost=1531440.98..1533420.09 rows=100000 width=20) (actual time=2144.778..2172.059 rows=100000 loops=1)
         ->  Incremental Sort  (cost=1531440.98..1729350.47 rows=9999939 width=20) (actual time=2144.777..2166.589 rows=100000 loops=1)
               Sort Key: s_3.a, s_3.b, s_3.c, s_3.d
               Presorted Key: s_3.a, s_3.b, s_3.c
               Sort Method: quicksort  Memory: 27kB
               Sort Groups: 3125
               ->  Sort  (cost=1531440.69..1556440.54 rows=9999939 width=20) (actual time=2144.728..2153.939 rows=100001 loops=1)
                     Sort Key: s_3.a, s_3.b, s_3.c
                     Sort Method: external merge  Disk: 293568kB
                     ->  Seq Scan on s_3  (cost=0.00..163694.39 rows=9999939 width=20) (actual time=0.031..640.425 rows=10000000 loops=1)
 Planning time: 0.245 ms
 Execution time: 2212.009 ms
(13 rows)

===== 380 [Wed Mar  7 09:42:10 CET 2018] scale:10000000 groups:10000 work_mem:128MB incremental:on max_workers:0 =====
SELECT * FROM (SELECT * FROM s_4 ORDER BY a, b, c, d) foo ORDER BY a, b, c, d, e LIMIT 100000
                                                                QUERY PLAN                                                                 
-------------------------------------------------------------------------------------------------------------------------------------------
 Limit  (cost=1534438.94..1534438.94 rows=1 width=20) (actual time=2179.196..2179.196 rows=0 loops=1)
   ->  Limit  (cost=1531459.83..1533438.94 rows=100000 width=20) (actual time=2149.141..2176.460 rows=100000 loops=1)
         ->  Incremental Sort  (cost=1531459.83..1729371.55 rows=10000054 width=20) (actual time=2149.140..2171.001 rows=100000 loops=1)
               Sort Key: s_4.a, s_4.b, s_4.c, s_4.d, s_4.e
               Presorted Key: s_4.a, s_4.b, s_4.c, s_4.d
               Sort Method: quicksort  Memory: 27kB
               Sort Groups: 3125
               ->  Sort  (cost=1531459.54..1556459.68 rows=10000054 width=20) (actual time=2149.086..2158.318 rows=100001 loops=1)
                     Sort Key: s_4.a, s_4.b, s_4.c, s_4.d
                     Sort Method: external merge  Disk: 293568kB
                     ->  Seq Scan on s_4  (cost=0.00..163695.54 rows=10000054 width=20) (actual time=0.029..642.816 rows=10000000 loops=1)
 Planning time: 0.248 ms
 Execution time: 2216.545 ms
(13 rows)

===== 381 [Wed Mar  7 09:42:21 CET 2018] scale:10000000 groups:10000 work_mem:128MB incremental:off max_workers:0 =====
SELECT * FROM (SELECT * FROM s_1 ORDER BY a) foo ORDER BY a, b LIMIT 100000
                                                                QUERY PLAN                                                                
------------------------------------------------------------------------------------------------------------------------------------------
 Limit  (cost=2538166.58..2538166.58 rows=1 width=20) (actual time=3624.149..3624.149 rows=0 loops=1)
   ->  Limit  (cost=2536916.58..2537166.58 rows=100000 width=20) (actual time=3610.650..3621.409 rows=100000 loops=1)
         ->  Sort  (cost=2536916.58..2561916.43 rows=9999939 width=20) (actual time=3610.649..3615.912 rows=100000 loops=1)
               Sort Key: s_1.a, s_1.b
               Sort Method: top-N heapsort  Memory: 13985kB
               ->  Sort  (cost=1531440.69..1556440.54 rows=9999939 width=20) (actual time=2018.922..2957.761 rows=10000000 loops=1)
                     Sort Key: s_1.a
                     Sort Method: external merge  Disk: 293568kB
                     ->  Seq Scan on s_1  (cost=0.00..163694.39 rows=9999939 width=20) (actual time=0.027..639.489 rows=10000000 loops=1)
 Planning time: 0.243 ms
 Execution time: 3662.373 ms
(11 rows)

===== 382 [Wed Mar  7 09:42:38 CET 2018] scale:10000000 groups:10000 work_mem:128MB incremental:off max_workers:0 =====
SELECT * FROM (SELECT * FROM s_2 ORDER BY a, b) foo ORDER BY a, b, c LIMIT 100000
                                                                QUERY PLAN                                                                 
-------------------------------------------------------------------------------------------------------------------------------------------
 Limit  (cost=2538196.99..2538196.99 rows=1 width=20) (actual time=3758.099..3758.099 rows=0 loops=1)
   ->  Limit  (cost=2536946.99..2537196.99 rows=100000 width=20) (actual time=3745.857..3755.360 rows=100000 loops=1)
         ->  Sort  (cost=2536946.99..2561947.13 rows=10000054 width=20) (actual time=3745.856..3749.891 rows=100000 loops=1)
               Sort Key: s_2.a, s_2.b, s_2.c
               Sort Method: top-N heapsort  Memory: 13957kB
               ->  Sort  (cost=1531459.54..1556459.68 rows=10000054 width=20) (actual time=2145.766..3082.242 rows=10000000 loops=1)
                     Sort Key: s_2.a, s_2.b
                     Sort Method: external merge  Disk: 293568kB
                     ->  Seq Scan on s_2  (cost=0.00..163695.54 rows=10000054 width=20) (actual time=0.032..634.732 rows=10000000 loops=1)
 Planning time: 0.233 ms
 Execution time: 3796.299 ms
(11 rows)

===== 383 [Wed Mar  7 09:42:57 CET 2018] scale:10000000 groups:10000 work_mem:128MB incremental:off max_workers:0 =====
SELECT * FROM (SELECT * FROM s_3 ORDER BY a, b, c) foo ORDER BY a, b, c, d LIMIT 100000
                                                                QUERY PLAN                                                                
------------------------------------------------------------------------------------------------------------------------------------------
 Limit  (cost=2538166.58..2538166.58 rows=1 width=20) (actual time=3870.752..3870.752 rows=0 loops=1)
   ->  Limit  (cost=2536916.58..2537166.58 rows=100000 width=20) (actual time=3858.531..3867.998 rows=100000 loops=1)
         ->  Sort  (cost=2536916.58..2561916.43 rows=9999939 width=20) (actual time=3858.530..3862.568 rows=100000 loops=1)
               Sort Key: s_3.a, s_3.b, s_3.c, s_3.d
               Sort Method: top-N heapsort  Memory: 13957kB
               ->  Sort  (cost=1531440.69..1556440.54 rows=9999939 width=20) (actual time=2140.739..3146.665 rows=10000000 loops=1)
                     Sort Key: s_3.a, s_3.b, s_3.c
                     Sort Method: external merge  Disk: 293568kB
                     ->  Seq Scan on s_3  (cost=0.00..163694.39 rows=9999939 width=20) (actual time=0.030..638.377 rows=10000000 loops=1)
 Planning time: 0.233 ms
 Execution time: 3908.949 ms
(11 rows)

===== 384 [Wed Mar  7 09:43:15 CET 2018] scale:10000000 groups:10000 work_mem:128MB incremental:off max_workers:0 =====
SELECT * FROM (SELECT * FROM s_4 ORDER BY a, b, c, d) foo ORDER BY a, b, c, d, e LIMIT 100000
                                                                QUERY PLAN                                                                 
-------------------------------------------------------------------------------------------------------------------------------------------
 Limit  (cost=2538196.99..2538196.99 rows=1 width=20) (actual time=3879.769..3879.769 rows=0 loops=1)
   ->  Limit  (cost=2536946.99..2537196.99 rows=100000 width=20) (actual time=3867.560..3877.027 rows=100000 loops=1)
         ->  Sort  (cost=2536946.99..2561947.13 rows=10000054 width=20) (actual time=3867.559..3871.583 rows=100000 loops=1)
               Sort Key: s_4.a, s_4.b, s_4.c, s_4.d, s_4.e
               Sort Method: top-N heapsort  Memory: 13957kB
               ->  Sort  (cost=1531459.54..1556459.68 rows=10000054 width=20) (actual time=2149.704..3155.340 rows=10000000 loops=1)
                     Sort Key: s_4.a, s_4.b, s_4.c, s_4.d
                     Sort Method: external merge  Disk: 293568kB
                     ->  Seq Scan on s_4  (cost=0.00..163695.54 rows=10000054 width=20) (actual time=0.029..640.178 rows=10000000 loops=1)
 Planning time: 0.234 ms
 Execution time: 3918.050 ms
(11 rows)

===== 385 [Wed Mar  7 09:43:33 CET 2018] scale:10000000 groups:10000 work_mem:256MB incremental:on max_workers:0 =====
SELECT * FROM (SELECT * FROM s_1 ORDER BY a) foo ORDER BY a, b LIMIT 100000
                                                                QUERY PLAN                                                                
------------------------------------------------------------------------------------------------------------------------------------------
 Limit  (cost=1534320.45..1534320.45 rows=1 width=20) (actual time=2194.170..2194.170 rows=0 loops=1)
   ->  Limit  (cost=1531506.52..1533320.45 rows=100000 width=20) (actual time=2145.644..2191.345 rows=100000 loops=1)
         ->  Incremental Sort  (cost=1531506.52..1712898.28 rows=9999939 width=20) (actual time=2145.643..2185.918 rows=100000 loops=1)
               Sort Key: s_1.a, s_1.b
               Presorted Key: s_1.a
               Sort Method: quicksort  Memory: 132kB
               Sort Groups: 101
               ->  Sort  (cost=1531440.69..1556440.54 rows=9999939 width=20) (actual time=2145.425..2154.294 rows=100505 loops=1)
                     Sort Key: s_1.a
                     Sort Method: external merge  Disk: 293552kB
                     ->  Seq Scan on s_1  (cost=0.00..163694.39 rows=9999939 width=20) (actual time=0.027..651.357 rows=10000000 loops=1)
 Planning time: 0.248 ms
 Execution time: 2236.088 ms
(13 rows)

===== 386 [Wed Mar  7 09:43:44 CET 2018] scale:10000000 groups:10000 work_mem:256MB incremental:on max_workers:0 =====
SELECT * FROM (SELECT * FROM s_2 ORDER BY a, b) foo ORDER BY a, b, c LIMIT 100000
                                                                QUERY PLAN                                                                 
-------------------------------------------------------------------------------------------------------------------------------------------
 Limit  (cost=1534438.94..1534438.94 rows=1 width=20) (actual time=2302.594..2302.594 rows=0 loops=1)
   ->  Limit  (cost=1531459.83..1533438.94 rows=100000 width=20) (actual time=2270.434..2299.774 rows=100000 loops=1)
         ->  Incremental Sort  (cost=1531459.83..1729371.55 rows=10000054 width=20) (actual time=2270.434..2294.322 rows=100000 loops=1)
               Sort Key: s_2.a, s_2.b, s_2.c
               Presorted Key: s_2.a, s_2.b
               Sort Method: quicksort  Memory: 27kB
               Sort Groups: 3121
               ->  Sort  (cost=1531459.54..1556459.68 rows=10000054 width=20) (actual time=2270.384..2279.693 rows=100028 loops=1)
                     Sort Key: s_2.a, s_2.b
                     Sort Method: external merge  Disk: 293552kB
                     ->  Seq Scan on s_2  (cost=0.00..163695.54 rows=10000054 width=20) (actual time=0.032..647.486 rows=10000000 loops=1)
 Planning time: 0.234 ms
 Execution time: 2344.386 ms
(13 rows)

===== 387 [Wed Mar  7 09:43:55 CET 2018] scale:10000000 groups:10000 work_mem:256MB incremental:on max_workers:0 =====
SELECT * FROM (SELECT * FROM s_3 ORDER BY a, b, c) foo ORDER BY a, b, c, d LIMIT 100000
                                                                QUERY PLAN                                                                
------------------------------------------------------------------------------------------------------------------------------------------
 Limit  (cost=1534420.09..1534420.09 rows=1 width=20) (actual time=2316.882..2316.882 rows=0 loops=1)
   ->  Limit  (cost=1531440.98..1533420.09 rows=100000 width=20) (actual time=2286.847..2314.143 rows=100000 loops=1)
         ->  Incremental Sort  (cost=1531440.98..1729350.47 rows=9999939 width=20) (actual time=2286.846..2308.683 rows=100000 loops=1)
               Sort Key: s_3.a, s_3.b, s_3.c, s_3.d
               Presorted Key: s_3.a, s_3.b, s_3.c
               Sort Method: quicksort  Memory: 27kB
               Sort Groups: 3125
               ->  Sort  (cost=1531440.69..1556440.54 rows=9999939 width=20) (actual time=2286.796..2296.026 rows=100001 loops=1)
                     Sort Key: s_3.a, s_3.b, s_3.c
                     Sort Method: external merge  Disk: 293552kB
                     ->  Seq Scan on s_3  (cost=0.00..163694.39 rows=9999939 width=20) (actual time=0.032..650.727 rows=10000000 loops=1)
 Planning time: 0.247 ms
 Execution time: 2358.707 ms
(13 rows)

===== 388 [Wed Mar  7 09:44:07 CET 2018] scale:10000000 groups:10000 work_mem:256MB incremental:on max_workers:0 =====
SELECT * FROM (SELECT * FROM s_4 ORDER BY a, b, c, d) foo ORDER BY a, b, c, d, e LIMIT 100000
                                                                QUERY PLAN                                                                 
-------------------------------------------------------------------------------------------------------------------------------------------
 Limit  (cost=1534438.94..1534438.94 rows=1 width=20) (actual time=2319.462..2319.462 rows=0 loops=1)
   ->  Limit  (cost=1531459.83..1533438.94 rows=100000 width=20) (actual time=2289.392..2316.724 rows=100000 loops=1)
         ->  Incremental Sort  (cost=1531459.83..1729371.55 rows=10000054 width=20) (actual time=2289.392..2311.257 rows=100000 loops=1)
               Sort Key: s_4.a, s_4.b, s_4.c, s_4.d, s_4.e
               Presorted Key: s_4.a, s_4.b, s_4.c, s_4.d
               Sort Method: quicksort  Memory: 27kB
               Sort Groups: 3125
               ->  Sort  (cost=1531459.54..1556459.68 rows=10000054 width=20) (actual time=2289.330..2298.560 rows=100001 loops=1)
                     Sort Key: s_4.a, s_4.b, s_4.c, s_4.d
                     Sort Method: external merge  Disk: 293552kB
                     ->  Seq Scan on s_4  (cost=0.00..163695.54 rows=10000054 width=20) (actual time=0.028..652.096 rows=10000000 loops=1)
 Planning time: 0.247 ms
 Execution time: 2361.478 ms
(13 rows)

===== 389 [Wed Mar  7 09:44:19 CET 2018] scale:10000000 groups:10000 work_mem:256MB incremental:off max_workers:0 =====
SELECT * FROM (SELECT * FROM s_1 ORDER BY a) foo ORDER BY a, b LIMIT 100000
                                                                QUERY PLAN                                                                
------------------------------------------------------------------------------------------------------------------------------------------
 Limit  (cost=2538166.58..2538166.58 rows=1 width=20) (actual time=3677.313..3677.313 rows=0 loops=1)
   ->  Limit  (cost=2536916.58..2537166.58 rows=100000 width=20) (actual time=3663.810..3674.566 rows=100000 loops=1)
         ->  Sort  (cost=2536916.58..2561916.43 rows=9999939 width=20) (actual time=3663.809..3669.089 rows=100000 loops=1)
               Sort Key: s_1.a, s_1.b
               Sort Method: top-N heapsort  Memory: 13985kB
               ->  Sort  (cost=1531440.69..1556440.54 rows=9999939 width=20) (actual time=2144.251..3008.533 rows=10000000 loops=1)
                     Sort Key: s_1.a
                     Sort Method: external merge  Disk: 293552kB
                     ->  Seq Scan on s_1  (cost=0.00..163694.39 rows=9999939 width=20) (actual time=0.026..649.318 rows=10000000 loops=1)
 Planning time: 0.228 ms
 Execution time: 3718.079 ms
(11 rows)

===== 390 [Wed Mar  7 09:44:36 CET 2018] scale:10000000 groups:10000 work_mem:256MB incremental:off max_workers:0 =====
SELECT * FROM (SELECT * FROM s_2 ORDER BY a, b) foo ORDER BY a, b, c LIMIT 100000
                                                                QUERY PLAN                                                                 
-------------------------------------------------------------------------------------------------------------------------------------------
 Limit  (cost=2538196.99..2538196.99 rows=1 width=20) (actual time=3816.725..3816.725 rows=0 loops=1)
   ->  Limit  (cost=2536946.99..2537196.99 rows=100000 width=20) (actual time=3804.580..3814.033 rows=100000 loops=1)
         ->  Sort  (cost=2536946.99..2561947.13 rows=10000054 width=20) (actual time=3804.579..3808.607 rows=100000 loops=1)
               Sort Key: s_2.a, s_2.b, s_2.c
               Sort Method: top-N heapsort  Memory: 13957kB
               ->  Sort  (cost=1531459.54..1556459.68 rows=10000054 width=20) (actual time=2275.237..3139.460 rows=10000000 loops=1)
                     Sort Key: s_2.a, s_2.b
                     Sort Method: external merge  Disk: 293552kB
                     ->  Seq Scan on s_2  (cost=0.00..163695.54 rows=10000054 width=20) (actual time=0.031..645.483 rows=10000000 loops=1)
 Planning time: 0.225 ms
 Execution time: 3857.353 ms
(11 rows)

===== 391 [Wed Mar  7 09:44:55 CET 2018] scale:10000000 groups:10000 work_mem:256MB incremental:off max_workers:0 =====
SELECT * FROM (SELECT * FROM s_3 ORDER BY a, b, c) foo ORDER BY a, b, c, d LIMIT 100000
                                                                QUERY PLAN                                                                
------------------------------------------------------------------------------------------------------------------------------------------
 Limit  (cost=2538166.58..2538166.58 rows=1 width=20) (actual time=3934.457..3934.457 rows=0 loops=1)
   ->  Limit  (cost=2536916.58..2537166.58 rows=100000 width=20) (actual time=3922.256..3931.710 rows=100000 loops=1)
         ->  Sort  (cost=2536916.58..2561916.43 rows=9999939 width=20) (actual time=3922.255..3926.267 rows=100000 loops=1)
               Sort Key: s_3.a, s_3.b, s_3.c, s_3.d
               Sort Method: top-N heapsort  Memory: 13957kB
               ->  Sort  (cost=1531440.69..1556440.54 rows=9999939 width=20) (actual time=2284.818..3209.182 rows=10000000 loops=1)
                     Sort Key: s_3.a, s_3.b, s_3.c
                     Sort Method: external merge  Disk: 293552kB
                     ->  Seq Scan on s_3  (cost=0.00..163694.39 rows=9999939 width=20) (actual time=0.031..648.427 rows=10000000 loops=1)
 Planning time: 0.239 ms
 Execution time: 3975.191 ms
(11 rows)

===== 392 [Wed Mar  7 09:45:13 CET 2018] scale:10000000 groups:10000 work_mem:256MB incremental:off max_workers:0 =====
SELECT * FROM (SELECT * FROM s_4 ORDER BY a, b, c, d) foo ORDER BY a, b, c, d, e LIMIT 100000
                                                                QUERY PLAN                                                                 
-------------------------------------------------------------------------------------------------------------------------------------------
 Limit  (cost=2538196.99..2538196.99 rows=1 width=20) (actual time=3933.531..3933.531 rows=0 loops=1)
   ->  Limit  (cost=2536946.99..2537196.99 rows=100000 width=20) (actual time=3921.355..3930.808 rows=100000 loops=1)
         ->  Sort  (cost=2536946.99..2561947.13 rows=10000054 width=20) (actual time=3921.354..3925.368 rows=100000 loops=1)
               Sort Key: s_4.a, s_4.b, s_4.c, s_4.d, s_4.e
               Sort Method: top-N heapsort  Memory: 13957kB
               ->  Sort  (cost=1531459.54..1556459.68 rows=10000054 width=20) (actual time=2284.085..3208.150 rows=10000000 loops=1)
                     Sort Key: s_4.a, s_4.b, s_4.c, s_4.d
                     Sort Method: external merge  Disk: 293552kB
                     ->  Seq Scan on s_4  (cost=0.00..163695.54 rows=10000054 width=20) (actual time=0.028..649.834 rows=10000000 loops=1)
 Planning time: 0.236 ms
 Execution time: 3974.304 ms
(11 rows)

===== 393 [Wed Mar  7 09:45:32 CET 2018] scale:10000000 groups:10000 work_mem:4MB incremental:on max_workers:2 =====
SELECT * FROM (SELECT * FROM s_1 ORDER BY a) foo ORDER BY a, b LIMIT 100000
                                                                       QUERY PLAN                                                                       
--------------------------------------------------------------------------------------------------------------------------------------------------------
 Limit  (cost=738505.78..738505.78 rows=1 width=20) (actual time=1034.702..1034.702 rows=0 loops=1)
   ->  Limit  (cost=735544.69..737505.78 rows=100000 width=20) (actual time=979.132..1031.933 rows=100000 loops=1)
         ->  Incremental Sort  (cost=735544.69..898968.12 rows=8333282 width=20) (actual time=979.132..1026.455 rows=100000 loops=1)
               Sort Key: s_1.a, s_1.b
               Presorted Key: s_1.a
               Sort Method: quicksort  Memory: 132kB
               Sort Groups: 101
               ->  Gather Merge  (cost=735391.06..1707675.17 rows=8333282 width=20) (actual time=978.881..994.750 rows=100505 loops=1)
                     Workers Planned: 2
                     Workers Launched: 2
                     ->  Sort  (cost=734391.04..744807.64 rows=4166641 width=20) (actual time=977.082..980.351 rows=34154 loops=3)
                           Sort Key: s_1.a
                           Sort Method: external merge  Disk: 98096kB
                           Worker 0:  Sort Method: external merge  Disk: 97744kB
                           Worker 1:  Sort Method: external merge  Disk: 97768kB
                           ->  Parallel Seq Scan on s_1  (cost=0.00..105361.41 rows=4166641 width=20) (actual time=0.026..236.594 rows=3333333 loops=3)
 Planning time: 0.247 ms
 Execution time: 1059.135 ms
(18 rows)

===== 394 [Wed Mar  7 09:45:38 CET 2018] scale:10000000 groups:10000 work_mem:4MB incremental:on max_workers:2 =====
SELECT * FROM (SELECT * FROM s_2 ORDER BY a, b) foo ORDER BY a, b, c LIMIT 100000
                                                                       QUERY PLAN                                                                       
--------------------------------------------------------------------------------------------------------------------------------------------------------
 Limit  (cost=738527.52..738527.52 rows=1 width=20) (actual time=1093.039..1093.039 rows=0 loops=1)
   ->  Limit  (cost=735405.60..737527.52 rows=100000 width=20) (actual time=1051.403..1090.277 rows=100000 loops=1)
         ->  Incremental Sort  (cost=735405.60..912233.48 rows=8333378 width=20) (actual time=1051.402..1084.780 rows=100000 loops=1)
               Sort Key: s_2.a, s_2.b, s_2.c
               Presorted Key: s_2.a, s_2.b
               Sort Method: quicksort  Memory: 27kB
               Sort Groups: 3121
               ->  Gather Merge  (cost=735404.16..1707699.48 rows=8333378 width=20) (actual time=1051.361..1069.429 rows=100028 loops=1)
                     Workers Planned: 2
                     Workers Launched: 2
                     ->  Sort  (cost=734404.14..744820.86 rows=4166689 width=20) (actual time=1043.625..1046.933 rows=33945 loops=3)
                           Sort Key: s_2.a, s_2.b
                           Sort Method: external merge  Disk: 95816kB
                           Worker 0:  Sort Method: external merge  Disk: 98896kB
                           Worker 1:  Sort Method: external merge  Disk: 98896kB
                           ->  Parallel Seq Scan on s_2  (cost=0.00..105361.89 rows=4166689 width=20) (actual time=0.027..236.297 rows=3333333 loops=3)
 Planning time: 0.251 ms
 Execution time: 1117.378 ms
(18 rows)

===== 395 [Wed Mar  7 09:45:44 CET 2018] scale:10000000 groups:10000 work_mem:4MB incremental:on max_workers:2 =====
SELECT * FROM (SELECT * FROM s_3 ORDER BY a, b, c) foo ORDER BY a, b, c, d LIMIT 100000
                                                                       QUERY PLAN                                                                       
--------------------------------------------------------------------------------------------------------------------------------------------------------
 Limit  (cost=738514.42..738514.42 rows=1 width=20) (actual time=1086.994..1086.994 rows=0 loops=1)
   ->  Limit  (cost=735392.49..737514.42 rows=100000 width=20) (actual time=1048.294..1084.237 rows=100000 loops=1)
         ->  Incremental Sort  (cost=735392.49..912218.50 rows=8333282 width=20) (actual time=1048.293..1078.717 rows=100000 loops=1)
               Sort Key: s_3.a, s_3.b, s_3.c, s_3.d
               Presorted Key: s_3.a, s_3.b, s_3.c
               Sort Method: quicksort  Memory: 27kB
               Sort Groups: 3125
               ->  Gather Merge  (cost=735391.06..1707675.17 rows=8333282 width=20) (actual time=1048.250..1066.214 rows=100001 loops=1)
                     Workers Planned: 2
                     Workers Launched: 2
                     ->  Sort  (cost=734391.04..744807.64 rows=4166641 width=20) (actual time=1042.101..1045.418 rows=33980 loops=3)
                           Sort Key: s_3.a, s_3.b, s_3.c
                           Sort Method: external merge  Disk: 95920kB
                           Worker 0:  Sort Method: external merge  Disk: 98848kB
                           Worker 1:  Sort Method: external merge  Disk: 98848kB
                           ->  Parallel Seq Scan on s_3  (cost=0.00..105361.41 rows=4166641 width=20) (actual time=0.030..237.521 rows=3333333 loops=3)
 Planning time: 0.261 ms
 Execution time: 1111.334 ms
(18 rows)

===== 396 [Wed Mar  7 09:45:50 CET 2018] scale:10000000 groups:10000 work_mem:4MB incremental:on max_workers:2 =====
SELECT * FROM (SELECT * FROM s_4 ORDER BY a, b, c, d) foo ORDER BY a, b, c, d, e LIMIT 100000
                                                                       QUERY PLAN                                                                       
--------------------------------------------------------------------------------------------------------------------------------------------------------
 Limit  (cost=738527.52..738527.52 rows=1 width=20) (actual time=1091.173..1091.173 rows=0 loops=1)
   ->  Limit  (cost=735405.60..737527.52 rows=100000 width=20) (actual time=1052.450..1088.423 rows=100000 loops=1)
         ->  Incremental Sort  (cost=735405.60..912233.48 rows=8333378 width=20) (actual time=1052.449..1082.893 rows=100000 loops=1)
               Sort Key: s_4.a, s_4.b, s_4.c, s_4.d, s_4.e
               Presorted Key: s_4.a, s_4.b, s_4.c, s_4.d
               Sort Method: quicksort  Memory: 27kB
               Sort Groups: 3125
               ->  Gather Merge  (cost=735404.16..1707699.48 rows=8333378 width=20) (actual time=1052.405..1070.380 rows=100001 loops=1)
                     Workers Planned: 2
                     Workers Launched: 2
                     ->  Sort  (cost=734404.14..744820.86 rows=4166689 width=20) (actual time=1044.303..1047.614 rows=33994 loops=3)
                           Sort Key: s_4.a, s_4.b, s_4.c, s_4.d
                           Sort Method: external merge  Disk: 95832kB
                           Worker 0:  Sort Method: external merge  Disk: 98888kB
                           Worker 1:  Sort Method: external merge  Disk: 98888kB
                           ->  Parallel Seq Scan on s_4  (cost=0.00..105361.89 rows=4166689 width=20) (actual time=0.024..237.689 rows=3333333 loops=3)
 Planning time: 0.264 ms
 Execution time: 1115.471 ms
(18 rows)

===== 397 [Wed Mar  7 09:45:56 CET 2018] scale:10000000 groups:10000 work_mem:4MB incremental:off max_workers:2 =====
SELECT * FROM (SELECT * FROM s_1 ORDER BY a) foo ORDER BY a, b LIMIT 100000
                                                                       QUERY PLAN                                                                       
--------------------------------------------------------------------------------------------------------------------------------------------------------
 Limit  (cost=3091983.65..3091983.65 rows=1 width=20) (actual time=7640.744..7640.744 rows=0 loops=1)
   ->  Limit  (cost=3090733.65..3090983.65 rows=100000 width=20) (actual time=7623.172..7637.920 rows=100000 loops=1)
         ->  Sort  (cost=3090733.65..3111566.86 rows=8333282 width=20) (actual time=7623.171..7632.331 rows=100000 loops=1)
               Sort Key: s_1.a, s_1.b
               Sort Method: external merge  Disk: 293600kB
               ->  Gather Merge  (cost=735391.06..1707675.17 rows=8333282 width=20) (actual time=997.220..2539.697 rows=10000000 loops=1)
                     Workers Planned: 2
                     Workers Launched: 2
                     ->  Sort  (cost=734391.04..744807.64 rows=4166641 width=20) (actual time=987.493..1313.504 rows=3333333 loops=3)
                           Sort Key: s_1.a
                           Sort Method: external merge  Disk: 95472kB
                           Worker 0:  Sort Method: external merge  Disk: 99536kB
                           Worker 1:  Sort Method: external merge  Disk: 98600kB
                           ->  Parallel Seq Scan on s_1  (cost=0.00..105361.41 rows=4166641 width=20) (actual time=0.027..235.883 rows=3333333 loops=3)
 Planning time: 0.237 ms
 Execution time: 7681.824 ms
(16 rows)

===== 398 [Wed Mar  7 09:46:38 CET 2018] scale:10000000 groups:10000 work_mem:4MB incremental:off max_workers:2 =====
SELECT * FROM (SELECT * FROM s_2 ORDER BY a, b) foo ORDER BY a, b, c LIMIT 100000
                                                                       QUERY PLAN                                                                       
--------------------------------------------------------------------------------------------------------------------------------------------------------
 Limit  (cost=3092027.64..3092027.64 rows=1 width=20) (actual time=7136.793..7136.793 rows=0 loops=1)
   ->  Limit  (cost=3090777.64..3091027.64 rows=100000 width=20) (actual time=7119.273..7133.976 rows=100000 loops=1)
         ->  Sort  (cost=3090777.64..3111611.09 rows=8333378 width=20) (actual time=7119.272..7128.384 rows=100000 loops=1)
               Sort Key: s_2.a, s_2.b, s_2.c
               Sort Method: external merge  Disk: 293600kB
               ->  Gather Merge  (cost=735404.16..1707699.48 rows=8333378 width=20) (actual time=1048.616..2785.369 rows=10000000 loops=1)
                     Workers Planned: 2
                     Workers Launched: 2
                     ->  Sort  (cost=734404.14..744820.86 rows=4166689 width=20) (actual time=1042.330..1365.962 rows=3333333 loops=3)
                           Sort Key: s_2.a, s_2.b
                           Sort Method: external merge  Disk: 96056kB
                           Worker 0:  Sort Method: external merge  Disk: 98880kB
                           Worker 1:  Sort Method: external merge  Disk: 98672kB
                           ->  Parallel Seq Scan on s_2  (cost=0.00..105361.89 rows=4166689 width=20) (actual time=0.025..236.117 rows=3333333 loops=3)
 Planning time: 0.252 ms
 Execution time: 7173.396 ms
(16 rows)

===== 399 [Wed Mar  7 09:47:17 CET 2018] scale:10000000 groups:10000 work_mem:4MB incremental:off max_workers:2 =====
SELECT * FROM (SELECT * FROM s_3 ORDER BY a, b, c) foo ORDER BY a, b, c, d LIMIT 100000
                                                                       QUERY PLAN                                                                       
--------------------------------------------------------------------------------------------------------------------------------------------------------
 Limit  (cost=3091983.65..3091983.65 rows=1 width=20) (actual time=5658.377..5658.377 rows=0 loops=1)
   ->  Limit  (cost=3090733.65..3090983.65 rows=100000 width=20) (actual time=5640.975..5655.557 rows=100000 loops=1)
         ->  Sort  (cost=3090733.65..3111566.86 rows=8333282 width=20) (actual time=5640.975..5649.954 rows=100000 loops=1)
               Sort Key: s_3.a, s_3.b, s_3.c, s_3.d
               Sort Method: external merge  Disk: 293600kB
               ->  Gather Merge  (cost=735391.06..1707675.17 rows=8333282 width=20) (actual time=1055.754..2790.318 rows=10000000 loops=1)
                     Workers Planned: 2
                     Workers Launched: 2
                     ->  Sort  (cost=734391.04..744807.64 rows=4166641 width=20) (actual time=1048.454..1374.160 rows=3333333 loops=3)
                           Sort Key: s_3.a, s_3.b, s_3.c
                           Sort Method: external merge  Disk: 95472kB
                           Worker 0:  Sort Method: external merge  Disk: 99064kB
                           Worker 1:  Sort Method: external merge  Disk: 99064kB
                           ->  Parallel Seq Scan on s_3  (cost=0.00..105361.41 rows=4166641 width=20) (actual time=0.025..239.190 rows=3333333 loops=3)
 Planning time: 0.263 ms
 Execution time: 5699.565 ms
(16 rows)

===== 400 [Wed Mar  7 09:47:47 CET 2018] scale:10000000 groups:10000 work_mem:4MB incremental:off max_workers:2 =====
SELECT * FROM (SELECT * FROM s_4 ORDER BY a, b, c, d) foo ORDER BY a, b, c, d, e LIMIT 100000
                                                                       QUERY PLAN                                                                       
--------------------------------------------------------------------------------------------------------------------------------------------------------
 Limit  (cost=3092027.64..3092027.64 rows=1 width=20) (actual time=5610.383..5610.383 rows=0 loops=1)
   ->  Limit  (cost=3090777.64..3091027.64 rows=100000 width=20) (actual time=5592.988..5607.563 rows=100000 loops=1)
         ->  Sort  (cost=3090777.64..3111611.09 rows=8333378 width=20) (actual time=5592.987..5601.954 rows=100000 loops=1)
               Sort Key: s_4.a, s_4.b, s_4.c, s_4.d, s_4.e
               Sort Method: external merge  Disk: 293600kB
               ->  Gather Merge  (cost=735404.16..1707699.48 rows=8333378 width=20) (actual time=1049.668..2775.444 rows=10000000 loops=1)
                     Workers Planned: 2
                     Workers Launched: 2
                     ->  Sort  (cost=734404.14..744820.86 rows=4166689 width=20) (actual time=1043.403..1368.374 rows=3333333 loops=3)
                           Sort Key: s_4.a, s_4.b, s_4.c, s_4.d
                           Sort Method: external merge  Disk: 95920kB
                           Worker 0:  Sort Method: external merge  Disk: 98848kB
                           Worker 1:  Sort Method: external merge  Disk: 98848kB
                           ->  Parallel Seq Scan on s_4  (cost=0.00..105361.89 rows=4166689 width=20) (actual time=0.025..238.026 rows=3333333 loops=3)
 Planning time: 0.257 ms
 Execution time: 5651.599 ms
(16 rows)

===== 401 [Wed Mar  7 09:48:18 CET 2018] scale:10000000 groups:10000 work_mem:8MB incremental:on max_workers:2 =====
SELECT * FROM (SELECT * FROM s_1 ORDER BY a) foo ORDER BY a, b LIMIT 100000
                                                                       QUERY PLAN                                                                       
--------------------------------------------------------------------------------------------------------------------------------------------------------
 Limit  (cost=653056.78..653056.78 rows=1 width=20) (actual time=801.908..801.908 rows=0 loops=1)
   ->  Limit  (cost=650095.69..652056.78 rows=100000 width=20) (actual time=746.402..799.146 rows=100000 loops=1)
         ->  Incremental Sort  (cost=650095.69..813519.12 rows=8333282 width=20) (actual time=746.402..793.667 rows=100000 loops=1)
               Sort Key: s_1.a, s_1.b
               Presorted Key: s_1.a
               Sort Method: quicksort  Memory: 132kB
               Sort Groups: 101
               ->  Gather Merge  (cost=649942.06..1622226.17 rows=8333282 width=20) (actual time=746.150..762.042 rows=100505 loops=1)
                     Workers Planned: 2
                     Workers Launched: 2
                     ->  Sort  (cost=648942.04..659358.64 rows=4166641 width=20) (actual time=744.437..747.698 rows=34124 loops=3)
                           Sort Key: s_1.a
                           Sort Method: external merge  Disk: 97792kB
                           Worker 0:  Sort Method: external merge  Disk: 97864kB
                           Worker 1:  Sort Method: external merge  Disk: 97952kB
                           ->  Parallel Seq Scan on s_1  (cost=0.00..105361.41 rows=4166641 width=20) (actual time=0.024..233.107 rows=3333333 loops=3)
 Planning time: 0.261 ms
 Execution time: 826.562 ms
(18 rows)

===== 402 [Wed Mar  7 09:48:22 CET 2018] scale:10000000 groups:10000 work_mem:8MB incremental:on max_workers:2 =====
SELECT * FROM (SELECT * FROM s_2 ORDER BY a, b) foo ORDER BY a, b, c LIMIT 100000
                                                                       QUERY PLAN                                                                       
--------------------------------------------------------------------------------------------------------------------------------------------------------
 Limit  (cost=653075.02..653075.02 rows=1 width=20) (actual time=844.222..844.222 rows=0 loops=1)
   ->  Limit  (cost=649953.10..652075.02 rows=100000 width=20) (actual time=802.639..841.457 rows=100000 loops=1)
         ->  Incremental Sort  (cost=649953.10..826780.98 rows=8333378 width=20) (actual time=802.639..835.964 rows=100000 loops=1)
               Sort Key: s_2.a, s_2.b, s_2.c
               Presorted Key: s_2.a, s_2.b
               Sort Method: quicksort  Memory: 27kB
               Sort Groups: 3121
               ->  Gather Merge  (cost=649951.66..1622246.98 rows=8333378 width=20) (actual time=802.590..820.636 rows=100028 loops=1)
                     Workers Planned: 2
                     Workers Launched: 2
                     ->  Sort  (cost=648951.64..659368.36 rows=4166689 width=20) (actual time=798.773..802.074 rows=33945 loops=3)
                           Sort Key: s_2.a, s_2.b
                           Sort Method: external merge  Disk: 95528kB
                           Worker 0:  Sort Method: external merge  Disk: 99008kB
                           Worker 1:  Sort Method: external merge  Disk: 99080kB
                           ->  Parallel Seq Scan on s_2  (cost=0.00..105361.89 rows=4166689 width=20) (actual time=0.025..234.106 rows=3333333 loops=3)
 Planning time: 0.250 ms
 Execution time: 869.034 ms
(18 rows)

===== 403 [Wed Mar  7 09:48:26 CET 2018] scale:10000000 groups:10000 work_mem:8MB incremental:on max_workers:2 =====
SELECT * FROM (SELECT * FROM s_3 ORDER BY a, b, c) foo ORDER BY a, b, c, d LIMIT 100000
                                                                       QUERY PLAN                                                                       
--------------------------------------------------------------------------------------------------------------------------------------------------------
 Limit  (cost=653065.42..653065.42 rows=1 width=20) (actual time=841.284..841.284 rows=0 loops=1)
   ->  Limit  (cost=649943.49..652065.42 rows=100000 width=20) (actual time=802.563..838.534 rows=100000 loops=1)
         ->  Incremental Sort  (cost=649943.49..826769.50 rows=8333282 width=20) (actual time=802.563..833.017 rows=100000 loops=1)
               Sort Key: s_3.a, s_3.b, s_3.c, s_3.d
               Presorted Key: s_3.a, s_3.b, s_3.c
               Sort Method: quicksort  Memory: 27kB
               Sort Groups: 3125
               ->  Gather Merge  (cost=649942.06..1622226.17 rows=8333282 width=20) (actual time=802.519..820.500 rows=100001 loops=1)
                     Workers Planned: 2
                     Workers Launched: 2
                     ->  Sort  (cost=648942.04..659358.64 rows=4166641 width=20) (actual time=797.196..800.517 rows=34046 loops=3)
                           Sort Key: s_3.a, s_3.b, s_3.c
                           Sort Method: external merge  Disk: 95712kB
                           Worker 0:  Sort Method: external merge  Disk: 98408kB
                           Worker 1:  Sort Method: external merge  Disk: 99496kB
                           ->  Parallel Seq Scan on s_3  (cost=0.00..105361.41 rows=4166641 width=20) (actual time=0.023..234.725 rows=3333333 loops=3)
 Planning time: 0.258 ms
 Execution time: 865.673 ms
(18 rows)

===== 404 [Wed Mar  7 09:48:31 CET 2018] scale:10000000 groups:10000 work_mem:8MB incremental:on max_workers:2 =====
SELECT * FROM (SELECT * FROM s_4 ORDER BY a, b, c, d) foo ORDER BY a, b, c, d, e LIMIT 100000
                                                                       QUERY PLAN                                                                       
--------------------------------------------------------------------------------------------------------------------------------------------------------
 Limit  (cost=653075.02..653075.02 rows=1 width=20) (actual time=842.778..842.778 rows=0 loops=1)
   ->  Limit  (cost=649953.10..652075.02 rows=100000 width=20) (actual time=804.058..840.030 rows=100000 loops=1)
         ->  Incremental Sort  (cost=649953.10..826780.98 rows=8333378 width=20) (actual time=804.057..834.509 rows=100000 loops=1)
               Sort Key: s_4.a, s_4.b, s_4.c, s_4.d, s_4.e
               Presorted Key: s_4.a, s_4.b, s_4.c, s_4.d
               Sort Method: quicksort  Memory: 27kB
               Sort Groups: 3125
               ->  Gather Merge  (cost=649951.66..1622246.98 rows=8333378 width=20) (actual time=804.014..821.999 rows=100001 loops=1)
                     Workers Planned: 2
                     Workers Launched: 2
                     ->  Sort  (cost=648951.64..659368.36 rows=4166689 width=20) (actual time=799.584..802.891 rows=33956 loops=3)
                           Sort Key: s_4.a, s_4.b, s_4.c, s_4.d
                           Sort Method: external merge  Disk: 95528kB
                           Worker 0:  Sort Method: external merge  Disk: 99048kB
                           Worker 1:  Sort Method: external merge  Disk: 99040kB
                           ->  Parallel Seq Scan on s_4  (cost=0.00..105361.89 rows=4166689 width=20) (actual time=0.022..234.264 rows=3333333 loops=3)
 Planning time: 0.263 ms
 Execution time: 867.519 ms
(18 rows)

===== 405 [Wed Mar  7 09:48:35 CET 2018] scale:10000000 groups:10000 work_mem:8MB incremental:off max_workers:2 =====
SELECT * FROM (SELECT * FROM s_1 ORDER BY a) foo ORDER BY a, b LIMIT 100000
                                                                       QUERY PLAN                                                                       
--------------------------------------------------------------------------------------------------------------------------------------------------------
 Limit  (cost=2440539.49..2440539.49 rows=1 width=20) (actual time=6862.867..6862.867 rows=0 loops=1)
   ->  Limit  (cost=2439289.49..2439539.49 rows=100000 width=20) (actual time=6845.131..6860.049 rows=100000 loops=1)
         ->  Sort  (cost=2439289.49..2460122.70 rows=8333282 width=20) (actual time=6845.130..6854.432 rows=100000 loops=1)
               Sort Key: s_1.a, s_1.b
               Sort Method: external merge  Disk: 293608kB
               ->  Gather Merge  (cost=649942.06..1622226.17 rows=8333282 width=20) (actual time=755.778..2301.289 rows=10000000 loops=1)
                     Workers Planned: 2
                     Workers Launched: 2
                     ->  Sort  (cost=648942.04..659358.64 rows=4166641 width=20) (actual time=750.510..1074.103 rows=3333333 loops=3)
                           Sort Key: s_1.a
                           Sort Method: external merge  Disk: 95608kB
                           Worker 0:  Sort Method: external merge  Disk: 99648kB
                           Worker 1:  Sort Method: external merge  Disk: 98360kB
                           ->  Parallel Seq Scan on s_1  (cost=0.00..105361.41 rows=4166641 width=20) (actual time=0.024..233.828 rows=3333333 loops=3)
 Planning time: 0.248 ms
 Execution time: 6904.255 ms
(16 rows)

===== 406 [Wed Mar  7 09:49:13 CET 2018] scale:10000000 groups:10000 work_mem:8MB incremental:off max_workers:2 =====
SELECT * FROM (SELECT * FROM s_2 ORDER BY a, b) foo ORDER BY a, b, c LIMIT 100000
                                                                       QUERY PLAN                                                                       
--------------------------------------------------------------------------------------------------------------------------------------------------------
 Limit  (cost=2440569.71..2440569.71 rows=1 width=20) (actual time=6208.316..6208.316 rows=0 loops=1)
   ->  Limit  (cost=2439319.71..2439569.71 rows=100000 width=20) (actual time=6190.593..6205.499 rows=100000 loops=1)
         ->  Sort  (cost=2439319.71..2460153.16 rows=8333378 width=20) (actual time=6190.592..6199.876 rows=100000 loops=1)
               Sort Key: s_2.a, s_2.b, s_2.c
               Sort Method: external merge  Disk: 293608kB
               ->  Gather Merge  (cost=649951.66..1622246.98 rows=8333378 width=20) (actual time=804.754..2538.867 rows=10000000 loops=1)
                     Workers Planned: 2
                     Workers Launched: 2
                     ->  Sort  (cost=648951.64..659368.36 rows=4166689 width=20) (actual time=799.780..1122.089 rows=3333333 loops=3)
                           Sort Key: s_2.a, s_2.b
                           Sort Method: external merge  Disk: 95544kB
                           Worker 0:  Sort Method: external merge  Disk: 99256kB
                           Worker 1:  Sort Method: external merge  Disk: 98808kB
                           ->  Parallel Seq Scan on s_2  (cost=0.00..105361.89 rows=4166689 width=20) (actual time=0.029..233.987 rows=3333333 loops=3)
 Planning time: 0.244 ms
 Execution time: 6249.654 ms
(16 rows)

===== 407 [Wed Mar  7 09:49:46 CET 2018] scale:10000000 groups:10000 work_mem:8MB incremental:off max_workers:2 =====
SELECT * FROM (SELECT * FROM s_3 ORDER BY a, b, c) foo ORDER BY a, b, c, d LIMIT 100000
                                                                       QUERY PLAN                                                                       
--------------------------------------------------------------------------------------------------------------------------------------------------------
 Limit  (cost=2440539.49..2440539.49 rows=1 width=20) (actual time=4708.734..4708.734 rows=0 loops=1)
   ->  Limit  (cost=2439289.49..2439539.49 rows=100000 width=20) (actual time=4691.151..4705.906 rows=100000 loops=1)
         ->  Sort  (cost=2439289.49..2460122.70 rows=8333282 width=20) (actual time=4691.150..4700.286 rows=100000 loops=1)
               Sort Key: s_3.a, s_3.b, s_3.c, s_3.d
               Sort Method: external merge  Disk: 293608kB
               ->  Gather Merge  (cost=649942.06..1622226.17 rows=8333282 width=20) (actual time=806.605..2531.132 rows=10000000 loops=1)
                     Workers Planned: 2
                     Workers Launched: 2
                     ->  Sort  (cost=648942.04..659358.64 rows=4166641 width=20) (actual time=801.767..1123.145 rows=3333333 loops=3)
                           Sort Key: s_3.a, s_3.b, s_3.c
                           Sort Method: external merge  Disk: 95528kB
                           Worker 0:  Sort Method: external merge  Disk: 99912kB
                           Worker 1:  Sort Method: external merge  Disk: 98176kB
                           ->  Parallel Seq Scan on s_3  (cost=0.00..105361.41 rows=4166641 width=20) (actual time=0.025..236.289 rows=3333333 loops=3)
 Planning time: 0.252 ms
 Execution time: 4750.015 ms
(16 rows)

===== 408 [Wed Mar  7 09:50:11 CET 2018] scale:10000000 groups:10000 work_mem:8MB incremental:off max_workers:2 =====
SELECT * FROM (SELECT * FROM s_4 ORDER BY a, b, c, d) foo ORDER BY a, b, c, d, e LIMIT 100000
                                                                       QUERY PLAN                                                                       
--------------------------------------------------------------------------------------------------------------------------------------------------------
 Limit  (cost=2440569.71..2440569.71 rows=1 width=20) (actual time=4645.759..4645.759 rows=0 loops=1)
   ->  Limit  (cost=2439319.71..2439569.71 rows=100000 width=20) (actual time=4628.201..4642.945 rows=100000 loops=1)
         ->  Sort  (cost=2439319.71..2460153.16 rows=8333378 width=20) (actual time=4628.200..4637.320 rows=100000 loops=1)
               Sort Key: s_4.a, s_4.b, s_4.c, s_4.d, s_4.e
               Sort Method: external merge  Disk: 293608kB
               ->  Gather Merge  (cost=649951.66..1622246.98 rows=8333378 width=20) (actual time=806.148..2528.995 rows=10000000 loops=1)
                     Workers Planned: 2
                     Workers Launched: 2
                     ->  Sort  (cost=648951.64..659368.36 rows=4166689 width=20) (actual time=801.884..1123.666 rows=3333333 loops=3)
                           Sort Key: s_4.a, s_4.b, s_4.c, s_4.d
                           Sort Method: external merge  Disk: 95528kB
                           Worker 0:  Sort Method: external merge  Disk: 99040kB
                           Worker 1:  Sort Method: external merge  Disk: 99048kB
                           ->  Parallel Seq Scan on s_4  (cost=0.00..105361.89 rows=4166689 width=20) (actual time=0.025..234.258 rows=3333333 loops=3)
 Planning time: 0.257 ms
 Execution time: 4687.091 ms
(16 rows)

===== 409 [Wed Mar  7 09:50:35 CET 2018] scale:10000000 groups:10000 work_mem:16MB incremental:on max_workers:2 =====
SELECT * FROM (SELECT * FROM s_1 ORDER BY a) foo ORDER BY a, b LIMIT 100000
                                                                       QUERY PLAN                                                                       
--------------------------------------------------------------------------------------------------------------------------------------------------------
 Limit  (cost=653015.04..653015.04 rows=1 width=20) (actual time=722.140..722.140 rows=0 loops=1)
   ->  Limit  (cost=650107.37..652015.04 rows=100000 width=20) (actual time=666.573..719.373 rows=100000 loops=1)
         ->  Incremental Sort  (cost=650107.37..840872.55 rows=9999939 width=20) (actual time=666.573..713.904 rows=100000 loops=1)
               Sort Key: s_1.a, s_1.b
               Presorted Key: s_1.a
               Sort Method: quicksort  Memory: 132kB
               Sort Groups: 101
               ->  Gather Merge  (cost=649942.06..1622226.17 rows=8333282 width=20) (actual time=666.318..682.181 rows=100505 loops=1)
                     Workers Planned: 2
                     Workers Launched: 2
                     ->  Sort  (cost=648942.04..659358.64 rows=4166641 width=20) (actual time=664.425..667.741 rows=34220 loops=3)
                           Sort Key: s_1.a
                           Sort Method: external merge  Disk: 97728kB
                           Worker 0:  Sort Method: external merge  Disk: 98280kB
                           Worker 1:  Sort Method: external merge  Disk: 97904kB
                           ->  Parallel Seq Scan on s_1  (cost=0.00..105361.41 rows=4166641 width=20) (actual time=0.026..230.175 rows=3333333 loops=3)
 Planning time: 0.255 ms
 Execution time: 748.054 ms
(18 rows)

===== 410 [Wed Mar  7 09:50:39 CET 2018] scale:10000000 groups:10000 work_mem:16MB incremental:on max_workers:2 =====
SELECT * FROM (SELECT * FROM s_2 ORDER BY a, b) foo ORDER BY a, b, c LIMIT 100000
                                                                       QUERY PLAN                                                                       
--------------------------------------------------------------------------------------------------------------------------------------------------------
 Limit  (cost=653026.73..653026.73 rows=1 width=20) (actual time=762.754..762.754 rows=0 loops=1)
   ->  Limit  (cost=649952.90..652026.73 rows=100000 width=20) (actual time=721.191..759.993 rows=100000 loops=1)
         ->  Incremental Sort  (cost=649952.90..857336.57 rows=10000054 width=20) (actual time=721.190..754.489 rows=100000 loops=1)
               Sort Key: s_2.a, s_2.b, s_2.c
               Presorted Key: s_2.a, s_2.b
               Sort Method: quicksort  Memory: 27kB
               Sort Groups: 3121
               ->  Gather Merge  (cost=649951.66..1622246.98 rows=8333378 width=20) (actual time=721.152..739.176 rows=100028 loops=1)
                     Workers Planned: 2
                     Workers Launched: 2
                     ->  Sort  (cost=648951.64..659368.36 rows=4166689 width=20) (actual time=719.049..722.382 rows=33945 loops=3)
                           Sort Key: s_2.a, s_2.b
                           Sort Method: external merge  Disk: 95784kB
                           Worker 0:  Sort Method: external merge  Disk: 99088kB
                           Worker 1:  Sort Method: external merge  Disk: 99040kB
                           ->  Parallel Seq Scan on s_2  (cost=0.00..105361.89 rows=4166689 width=20) (actual time=0.026..231.941 rows=3333333 loops=3)
 Planning time: 0.257 ms
 Execution time: 788.512 ms
(18 rows)

===== 411 [Wed Mar  7 09:50:43 CET 2018] scale:10000000 groups:10000 work_mem:16MB incremental:on max_workers:2 =====
SELECT * FROM (SELECT * FROM s_3 ORDER BY a, b, c) foo ORDER BY a, b, c, d LIMIT 100000
                                                                       QUERY PLAN                                                                       
--------------------------------------------------------------------------------------------------------------------------------------------------------
 Limit  (cost=653017.12..653017.12 rows=1 width=20) (actual time=761.070..761.070 rows=0 loops=1)
   ->  Limit  (cost=649943.30..652017.12 rows=100000 width=20) (actual time=722.406..758.318 rows=100000 loops=1)
         ->  Incremental Sort  (cost=649943.30..857324.74 rows=9999939 width=20) (actual time=722.405..752.801 rows=100000 loops=1)
               Sort Key: s_3.a, s_3.b, s_3.c, s_3.d
               Presorted Key: s_3.a, s_3.b, s_3.c
               Sort Method: quicksort  Memory: 27kB
               Sort Groups: 3125
               ->  Gather Merge  (cost=649942.06..1622226.17 rows=8333282 width=20) (actual time=722.365..740.295 rows=100001 loops=1)
                     Workers Planned: 2
                     Workers Launched: 2
                     ->  Sort  (cost=648942.04..659358.64 rows=4166641 width=20) (actual time=719.836..723.192 rows=33935 loops=3)
                           Sort Key: s_3.a, s_3.b, s_3.c
                           Sort Method: external merge  Disk: 95784kB
                           Worker 0:  Sort Method: external merge  Disk: 99032kB
                           Worker 1:  Sort Method: external merge  Disk: 99096kB
                           ->  Parallel Seq Scan on s_3  (cost=0.00..105361.41 rows=4166641 width=20) (actual time=0.024..232.476 rows=3333333 loops=3)
 Planning time: 0.259 ms
 Execution time: 786.755 ms
(18 rows)

===== 412 [Wed Mar  7 09:50:47 CET 2018] scale:10000000 groups:10000 work_mem:16MB incremental:on max_workers:2 =====
SELECT * FROM (SELECT * FROM s_4 ORDER BY a, b, c, d) foo ORDER BY a, b, c, d, e LIMIT 100000
                                                                       QUERY PLAN                                                                       
--------------------------------------------------------------------------------------------------------------------------------------------------------
 Limit  (cost=653026.73..653026.73 rows=1 width=20) (actual time=759.732..759.732 rows=0 loops=1)
   ->  Limit  (cost=649952.90..652026.73 rows=100000 width=20) (actual time=721.018..756.983 rows=100000 loops=1)
         ->  Incremental Sort  (cost=649952.90..857336.57 rows=10000054 width=20) (actual time=721.017..751.472 rows=100000 loops=1)
               Sort Key: s_4.a, s_4.b, s_4.c, s_4.d, s_4.e
               Presorted Key: s_4.a, s_4.b, s_4.c, s_4.d
               Sort Method: quicksort  Memory: 27kB
               Sort Groups: 3125
               ->  Gather Merge  (cost=649951.66..1622246.98 rows=8333378 width=20) (actual time=720.975..738.955 rows=100001 loops=1)
                     Workers Planned: 2
                     Workers Launched: 2
                     ->  Sort  (cost=648951.64..659368.36 rows=4166689 width=20) (actual time=719.214..722.571 rows=33971 loops=3)
                           Sort Key: s_4.a, s_4.b, s_4.c, s_4.d
                           Sort Method: external merge  Disk: 95784kB
                           Worker 0:  Sort Method: external merge  Disk: 99072kB
                           Worker 1:  Sort Method: external merge  Disk: 99056kB
                           ->  Parallel Seq Scan on s_4  (cost=0.00..105361.89 rows=4166689 width=20) (actual time=0.023..232.542 rows=3333333 loops=3)
 Planning time: 0.267 ms
 Execution time: 785.423 ms
(18 rows)

===== 413 [Wed Mar  7 09:50:51 CET 2018] scale:10000000 groups:10000 work_mem:16MB incremental:off max_workers:2 =====
SELECT * FROM (SELECT * FROM s_1 ORDER BY a) foo ORDER BY a, b LIMIT 100000
                                                                QUERY PLAN                                                                
------------------------------------------------------------------------------------------------------------------------------------------
 Limit  (cost=2538166.58..2538166.58 rows=1 width=20) (actual time=6647.448..6647.448 rows=0 loops=1)
   ->  Limit  (cost=2536916.58..2537166.58 rows=100000 width=20) (actual time=6629.944..6644.618 rows=100000 loops=1)
         ->  Sort  (cost=2536916.58..2561916.43 rows=9999939 width=20) (actual time=6629.943..6639.024 rows=100000 loops=1)
               Sort Key: s_1.a, s_1.b
               Sort Method: external merge  Disk: 293904kB
               ->  Sort  (cost=1531440.69..1556440.54 rows=9999939 width=20) (actual time=1881.115..2808.364 rows=10000000 loops=1)
                     Sort Key: s_1.a
                     Sort Method: external merge  Disk: 293904kB
                     ->  Seq Scan on s_1  (cost=0.00..163694.39 rows=9999939 width=20) (actual time=0.026..631.467 rows=10000000 loops=1)
 Planning time: 0.231 ms
 Execution time: 6709.694 ms
(11 rows)

===== 414 [Wed Mar  7 09:51:27 CET 2018] scale:10000000 groups:10000 work_mem:16MB incremental:off max_workers:2 =====
SELECT * FROM (SELECT * FROM s_2 ORDER BY a, b) foo ORDER BY a, b, c LIMIT 100000
                                                                QUERY PLAN                                                                 
-------------------------------------------------------------------------------------------------------------------------------------------
 Limit  (cost=2538196.99..2538196.99 rows=1 width=20) (actual time=5944.983..5944.983 rows=0 loops=1)
   ->  Limit  (cost=2536946.99..2537196.99 rows=100000 width=20) (actual time=5927.295..5942.165 rows=100000 loops=1)
         ->  Sort  (cost=2536946.99..2561947.13 rows=10000054 width=20) (actual time=5927.294..5936.568 rows=100000 loops=1)
               Sort Key: s_2.a, s_2.b, s_2.c
               Sort Method: external merge  Disk: 293904kB
               ->  Sort  (cost=1531459.54..1556459.68 rows=10000054 width=20) (actual time=2074.937..3006.548 rows=10000000 loops=1)
                     Sort Key: s_2.a, s_2.b
                     Sort Method: external merge  Disk: 293904kB
                     ->  Seq Scan on s_2  (cost=0.00..163695.54 rows=10000054 width=20) (actual time=0.031..623.256 rows=10000000 loops=1)
 Planning time: 0.240 ms
 Execution time: 6007.306 ms
(11 rows)

===== 415 [Wed Mar  7 09:51:58 CET 2018] scale:10000000 groups:10000 work_mem:16MB incremental:off max_workers:2 =====
SELECT * FROM (SELECT * FROM s_3 ORDER BY a, b, c) foo ORDER BY a, b, c, d LIMIT 100000
                                                                QUERY PLAN                                                                
------------------------------------------------------------------------------------------------------------------------------------------
 Limit  (cost=2538166.58..2538166.58 rows=1 width=20) (actual time=4433.342..4433.342 rows=0 loops=1)
   ->  Limit  (cost=2536916.58..2537166.58 rows=100000 width=20) (actual time=4415.748..4430.521 rows=100000 loops=1)
         ->  Sort  (cost=2536916.58..2561916.43 rows=9999939 width=20) (actual time=4415.747..4424.920 rows=100000 loops=1)
               Sort Key: s_3.a, s_3.b, s_3.c, s_3.d
               Sort Method: external merge  Disk: 293904kB
               ->  Sort  (cost=1531440.69..1556440.54 rows=9999939 width=20) (actual time=2079.178..3010.622 rows=10000000 loops=1)
                     Sort Key: s_3.a, s_3.b, s_3.c
                     Sort Method: external merge  Disk: 293904kB
                     ->  Seq Scan on s_3  (cost=0.00..163694.39 rows=9999939 width=20) (actual time=0.031..625.047 rows=10000000 loops=1)
 Planning time: 0.250 ms
 Execution time: 4495.447 ms
(11 rows)

===== 416 [Wed Mar  7 09:52:20 CET 2018] scale:10000000 groups:10000 work_mem:16MB incremental:off max_workers:2 =====
SELECT * FROM (SELECT * FROM s_4 ORDER BY a, b, c, d) foo ORDER BY a, b, c, d, e LIMIT 100000
                                                                QUERY PLAN                                                                 
-------------------------------------------------------------------------------------------------------------------------------------------
 Limit  (cost=2538196.99..2538196.99 rows=1 width=20) (actual time=4353.204..4353.204 rows=0 loops=1)
   ->  Limit  (cost=2536946.99..2537196.99 rows=100000 width=20) (actual time=4335.655..4350.378 rows=100000 loops=1)
         ->  Sort  (cost=2536946.99..2561947.13 rows=10000054 width=20) (actual time=4335.654..4344.769 rows=100000 loops=1)
               Sort Key: s_4.a, s_4.b, s_4.c, s_4.d, s_4.e
               Sort Method: external merge  Disk: 293904kB
               ->  Sort  (cost=1531459.54..1556459.68 rows=10000054 width=20) (actual time=2081.284..3013.464 rows=10000000 loops=1)
                     Sort Key: s_4.a, s_4.b, s_4.c, s_4.d
                     Sort Method: external merge  Disk: 293904kB
                     ->  Seq Scan on s_4  (cost=0.00..163695.54 rows=10000054 width=20) (actual time=0.028..625.617 rows=10000000 loops=1)
 Planning time: 0.248 ms
 Execution time: 4415.641 ms
(11 rows)

===== 417 [Wed Mar  7 09:52:42 CET 2018] scale:10000000 groups:10000 work_mem:32MB incremental:on max_workers:2 =====
SELECT * FROM (SELECT * FROM s_1 ORDER BY a) foo ORDER BY a, b LIMIT 100000
                                                                       QUERY PLAN                                                                       
--------------------------------------------------------------------------------------------------------------------------------------------------------
 Limit  (cost=653015.04..653015.04 rows=1 width=20) (actual time=746.742..746.742 rows=0 loops=1)
   ->  Limit  (cost=650107.37..652015.04 rows=100000 width=20) (actual time=691.450..743.975 rows=100000 loops=1)
         ->  Incremental Sort  (cost=650107.37..840872.55 rows=9999939 width=20) (actual time=691.449..738.506 rows=100000 loops=1)
               Sort Key: s_1.a, s_1.b
               Presorted Key: s_1.a
               Sort Method: quicksort  Memory: 132kB
               Sort Groups: 101
               ->  Gather Merge  (cost=649942.06..1622226.17 rows=8333282 width=20) (actual time=691.195..706.907 rows=100505 loops=1)
                     Workers Planned: 2
                     Workers Launched: 2
                     ->  Sort  (cost=648942.04..659358.64 rows=4166641 width=20) (actual time=688.703..691.842 rows=34220 loops=3)
                           Sort Key: s_1.a
                           Sort Method: external merge  Disk: 97568kB
                           Worker 0:  Sort Method: external merge  Disk: 97496kB
                           Worker 1:  Sort Method: external merge  Disk: 98520kB
                           ->  Parallel Seq Scan on s_1  (cost=0.00..105361.41 rows=4166641 width=20) (actual time=0.026..230.078 rows=3333333 loops=3)
 Planning time: 0.248 ms
 Execution time: 773.973 ms
(18 rows)

===== 418 [Wed Mar  7 09:52:46 CET 2018] scale:10000000 groups:10000 work_mem:32MB incremental:on max_workers:2 =====
SELECT * FROM (SELECT * FROM s_2 ORDER BY a, b) foo ORDER BY a, b, c LIMIT 100000
                                                                       QUERY PLAN                                                                       
--------------------------------------------------------------------------------------------------------------------------------------------------------
 Limit  (cost=653026.73..653026.73 rows=1 width=20) (actual time=783.734..783.734 rows=0 loops=1)
   ->  Limit  (cost=649952.90..652026.73 rows=100000 width=20) (actual time=742.303..780.970 rows=100000 loops=1)
         ->  Incremental Sort  (cost=649952.90..857336.57 rows=10000054 width=20) (actual time=742.302..775.474 rows=100000 loops=1)
               Sort Key: s_2.a, s_2.b, s_2.c
               Presorted Key: s_2.a, s_2.b
               Sort Method: quicksort  Memory: 27kB
               Sort Groups: 3121
               ->  Gather Merge  (cost=649951.66..1622246.98 rows=8333378 width=20) (actual time=742.262..760.142 rows=100028 loops=1)
                     Workers Planned: 2
                     Workers Launched: 2
                     ->  Sort  (cost=648951.64..659368.36 rows=4166689 width=20) (actual time=736.858..740.019 rows=34049 loops=3)
                           Sort Key: s_2.a, s_2.b
                           Sort Method: external merge  Disk: 94520kB
                           Worker 0:  Sort Method: external merge  Disk: 99488kB
                           Worker 1:  Sort Method: external merge  Disk: 99576kB
                           ->  Parallel Seq Scan on s_2  (cost=0.00..105361.89 rows=4166689 width=20) (actual time=0.025..230.599 rows=3333333 loops=3)
 Planning time: 0.248 ms
 Execution time: 810.907 ms
(18 rows)

===== 419 [Wed Mar  7 09:52:50 CET 2018] scale:10000000 groups:10000 work_mem:32MB incremental:on max_workers:2 =====
SELECT * FROM (SELECT * FROM s_3 ORDER BY a, b, c) foo ORDER BY a, b, c, d LIMIT 100000
                                                                       QUERY PLAN                                                                       
--------------------------------------------------------------------------------------------------------------------------------------------------------
 Limit  (cost=653017.12..653017.12 rows=1 width=20) (actual time=782.029..782.029 rows=0 loops=1)
   ->  Limit  (cost=649943.30..652017.12 rows=100000 width=20) (actual time=743.512..779.278 rows=100000 loops=1)
         ->  Incremental Sort  (cost=649943.30..857324.74 rows=9999939 width=20) (actual time=743.512..773.758 rows=100000 loops=1)
               Sort Key: s_3.a, s_3.b, s_3.c, s_3.d
               Presorted Key: s_3.a, s_3.b, s_3.c
               Sort Method: quicksort  Memory: 27kB
               Sort Groups: 3125
               ->  Gather Merge  (cost=649942.06..1622226.17 rows=8333282 width=20) (actual time=743.469..761.248 rows=100001 loops=1)
                     Workers Planned: 2
                     Workers Launched: 2
                     ->  Sort  (cost=648942.04..659358.64 rows=4166641 width=20) (actual time=738.658..741.836 rows=33997 loops=3)
                           Sort Key: s_3.a, s_3.b, s_3.c
                           Sort Method: external merge  Disk: 94944kB
                           Worker 0:  Sort Method: external merge  Disk: 99328kB
                           Worker 1:  Sort Method: external merge  Disk: 99320kB
                           ->  Parallel Seq Scan on s_3  (cost=0.00..105361.41 rows=4166641 width=20) (actual time=0.025..231.438 rows=3333333 loops=3)
 Planning time: 0.263 ms
 Execution time: 809.179 ms
(18 rows)

===== 420 [Wed Mar  7 09:52:54 CET 2018] scale:10000000 groups:10000 work_mem:32MB incremental:on max_workers:2 =====
SELECT * FROM (SELECT * FROM s_4 ORDER BY a, b, c, d) foo ORDER BY a, b, c, d, e LIMIT 100000
                                                                       QUERY PLAN                                                                       
--------------------------------------------------------------------------------------------------------------------------------------------------------
 Limit  (cost=653026.73..653026.73 rows=1 width=20) (actual time=780.873..780.873 rows=0 loops=1)
   ->  Limit  (cost=649952.90..652026.73 rows=100000 width=20) (actual time=742.353..778.123 rows=100000 loops=1)
         ->  Incremental Sort  (cost=649952.90..857336.57 rows=10000054 width=20) (actual time=742.352..772.615 rows=100000 loops=1)
               Sort Key: s_4.a, s_4.b, s_4.c, s_4.d, s_4.e
               Presorted Key: s_4.a, s_4.b, s_4.c, s_4.d
               Sort Method: quicksort  Memory: 27kB
               Sort Groups: 3125
               ->  Gather Merge  (cost=649951.66..1622246.98 rows=8333378 width=20) (actual time=742.310..760.109 rows=100001 loops=1)
                     Workers Planned: 2
                     Workers Launched: 2
                     ->  Sort  (cost=648951.64..659368.36 rows=4166689 width=20) (actual time=737.450..740.638 rows=34001 loops=3)
                           Sort Key: s_4.a, s_4.b, s_4.c, s_4.d
                           Sort Method: external merge  Disk: 94880kB
                           Worker 0:  Sort Method: external merge  Disk: 99368kB
                           Worker 1:  Sort Method: external merge  Disk: 99336kB
                           ->  Parallel Seq Scan on s_4  (cost=0.00..105361.89 rows=4166689 width=20) (actual time=0.026..231.152 rows=3333333 loops=3)
 Planning time: 0.263 ms
 Execution time: 808.012 ms
(18 rows)

===== 421 [Wed Mar  7 09:52:58 CET 2018] scale:10000000 groups:10000 work_mem:32MB incremental:off max_workers:2 =====
SELECT * FROM (SELECT * FROM s_1 ORDER BY a) foo ORDER BY a, b LIMIT 100000
                                                                QUERY PLAN                                                                
------------------------------------------------------------------------------------------------------------------------------------------
 Limit  (cost=2538166.58..2538166.58 rows=1 width=20) (actual time=3460.041..3460.041 rows=0 loops=1)
   ->  Limit  (cost=2536916.58..2537166.58 rows=100000 width=20) (actual time=3446.531..3457.297 rows=100000 loops=1)
         ->  Sort  (cost=2536916.58..2561916.43 rows=9999939 width=20) (actual time=3446.531..3451.795 rows=100000 loops=1)
               Sort Key: s_1.a, s_1.b
               Sort Method: top-N heapsort  Memory: 13985kB
               ->  Sort  (cost=1531440.69..1556440.54 rows=9999939 width=20) (actual time=1858.460..2790.789 rows=10000000 loops=1)
                     Sort Key: s_1.a
                     Sort Method: external merge  Disk: 293576kB
                     ->  Seq Scan on s_1  (cost=0.00..163694.39 rows=9999939 width=20) (actual time=0.027..629.532 rows=10000000 loops=1)
 Planning time: 0.245 ms
 Execution time: 3494.147 ms
(11 rows)

===== 422 [Wed Mar  7 09:53:15 CET 2018] scale:10000000 groups:10000 work_mem:32MB incremental:off max_workers:2 =====
SELECT * FROM (SELECT * FROM s_2 ORDER BY a, b) foo ORDER BY a, b, c LIMIT 100000
                                                                QUERY PLAN                                                                 
-------------------------------------------------------------------------------------------------------------------------------------------
 Limit  (cost=2538196.99..2538196.99 rows=1 width=20) (actual time=3761.780..3761.780 rows=0 loops=1)
   ->  Limit  (cost=2536946.99..2537196.99 rows=100000 width=20) (actual time=3749.565..3759.031 rows=100000 loops=1)
         ->  Sort  (cost=2536946.99..2561947.13 rows=10000054 width=20) (actual time=3749.565..3753.583 rows=100000 loops=1)
               Sort Key: s_2.a, s_2.b, s_2.c
               Sort Method: top-N heapsort  Memory: 13957kB
               ->  Sort  (cost=1531459.54..1556459.68 rows=10000054 width=20) (actual time=2039.241..3031.590 rows=10000000 loops=1)
                     Sort Key: s_2.a, s_2.b
                     Sort Method: external merge  Disk: 293576kB
                     ->  Seq Scan on s_2  (cost=0.00..163695.54 rows=10000054 width=20) (actual time=0.031..621.316 rows=10000000 loops=1)
 Planning time: 0.240 ms
 Execution time: 3795.783 ms
(11 rows)

===== 423 [Wed Mar  7 09:53:32 CET 2018] scale:10000000 groups:10000 work_mem:32MB incremental:off max_workers:2 =====
SELECT * FROM (SELECT * FROM s_3 ORDER BY a, b, c) foo ORDER BY a, b, c, d LIMIT 100000
                                                                QUERY PLAN                                                                
------------------------------------------------------------------------------------------------------------------------------------------
 Limit  (cost=2538166.58..2538166.58 rows=1 width=20) (actual time=3768.572..3768.572 rows=0 loops=1)
   ->  Limit  (cost=2536916.58..2537166.58 rows=100000 width=20) (actual time=3756.357..3765.818 rows=100000 loops=1)
         ->  Sort  (cost=2536916.58..2561916.43 rows=9999939 width=20) (actual time=3756.356..3760.374 rows=100000 loops=1)
               Sort Key: s_3.a, s_3.b, s_3.c, s_3.d
               Sort Method: top-N heapsort  Memory: 13957kB
               ->  Sort  (cost=1531440.69..1556440.54 rows=9999939 width=20) (actual time=2044.814..3037.996 rows=10000000 loops=1)
                     Sort Key: s_3.a, s_3.b, s_3.c
                     Sort Method: external merge  Disk: 293576kB
                     ->  Seq Scan on s_3  (cost=0.00..163694.39 rows=9999939 width=20) (actual time=0.032..623.806 rows=10000000 loops=1)
 Planning time: 0.253 ms
 Execution time: 3802.533 ms
(11 rows)

===== 424 [Wed Mar  7 09:53:50 CET 2018] scale:10000000 groups:10000 work_mem:32MB incremental:off max_workers:2 =====
SELECT * FROM (SELECT * FROM s_4 ORDER BY a, b, c, d) foo ORDER BY a, b, c, d, e LIMIT 100000
                                                                QUERY PLAN                                                                 
-------------------------------------------------------------------------------------------------------------------------------------------
 Limit  (cost=2538196.99..2538196.99 rows=1 width=20) (actual time=3768.094..3768.094 rows=0 loops=1)
   ->  Limit  (cost=2536946.99..2537196.99 rows=100000 width=20) (actual time=3755.880..3765.333 rows=100000 loops=1)
         ->  Sort  (cost=2536946.99..2561947.13 rows=10000054 width=20) (actual time=3755.879..3759.891 rows=100000 loops=1)
               Sort Key: s_4.a, s_4.b, s_4.c, s_4.d, s_4.e
               Sort Method: top-N heapsort  Memory: 13957kB
               ->  Sort  (cost=1531459.54..1556459.68 rows=10000054 width=20) (actual time=2044.053..3037.599 rows=10000000 loops=1)
                     Sort Key: s_4.a, s_4.b, s_4.c, s_4.d
                     Sort Method: external merge  Disk: 293576kB
                     ->  Seq Scan on s_4  (cost=0.00..163695.54 rows=10000054 width=20) (actual time=0.029..623.544 rows=10000000 loops=1)
 Planning time: 0.246 ms
 Execution time: 3801.993 ms
(11 rows)

===== 425 [Wed Mar  7 09:54:08 CET 2018] scale:10000000 groups:10000 work_mem:64MB incremental:on max_workers:2 =====
SELECT * FROM (SELECT * FROM s_1 ORDER BY a) foo ORDER BY a, b LIMIT 100000
                                                                       QUERY PLAN                                                                       
--------------------------------------------------------------------------------------------------------------------------------------------------------
 Limit  (cost=653015.04..653015.04 rows=1 width=20) (actual time=780.466..780.466 rows=0 loops=1)
   ->  Limit  (cost=650107.37..652015.04 rows=100000 width=20) (actual time=725.250..777.712 rows=100000 loops=1)
         ->  Incremental Sort  (cost=650107.37..840872.55 rows=9999939 width=20) (actual time=725.249..772.232 rows=100000 loops=1)
               Sort Key: s_1.a, s_1.b
               Presorted Key: s_1.a
               Sort Method: quicksort  Memory: 132kB
               Sort Groups: 101
               ->  Gather Merge  (cost=649942.06..1622226.17 rows=8333282 width=20) (actual time=724.987..740.664 rows=100505 loops=1)
                     Workers Planned: 2
                     Workers Launched: 2
                     ->  Sort  (cost=648942.04..659358.64 rows=4166641 width=20) (actual time=722.554..725.697 rows=34221 loops=3)
                           Sort Key: s_1.a
                           Sort Method: external merge  Disk: 97672kB
                           Worker 0:  Sort Method: external merge  Disk: 97840kB
                           Worker 1:  Sort Method: external merge  Disk: 98136kB
                           ->  Parallel Seq Scan on s_1  (cost=0.00..105361.41 rows=4166641 width=20) (actual time=0.024..230.977 rows=3333333 loops=3)
 Planning time: 0.247 ms
 Execution time: 810.682 ms
(18 rows)

===== 426 [Wed Mar  7 09:54:12 CET 2018] scale:10000000 groups:10000 work_mem:64MB incremental:on max_workers:2 =====
SELECT * FROM (SELECT * FROM s_2 ORDER BY a, b) foo ORDER BY a, b, c LIMIT 100000
                                                                       QUERY PLAN                                                                       
--------------------------------------------------------------------------------------------------------------------------------------------------------
 Limit  (cost=653026.73..653026.73 rows=1 width=20) (actual time=821.634..821.634 rows=0 loops=1)
   ->  Limit  (cost=649952.90..652026.73 rows=100000 width=20) (actual time=780.208..818.870 rows=100000 loops=1)
         ->  Incremental Sort  (cost=649952.90..857336.57 rows=10000054 width=20) (actual time=780.208..813.385 rows=100000 loops=1)
               Sort Key: s_2.a, s_2.b, s_2.c
               Presorted Key: s_2.a, s_2.b
               Sort Method: quicksort  Memory: 27kB
               Sort Groups: 3121
               ->  Gather Merge  (cost=649951.66..1622246.98 rows=8333378 width=20) (actual time=780.166..798.048 rows=100028 loops=1)
                     Workers Planned: 2
                     Workers Launched: 2
                     ->  Sort  (cost=648951.64..659368.36 rows=4166689 width=20) (actual time=774.469..777.661 rows=33990 loops=3)
                           Sort Key: s_2.a, s_2.b
                           Sort Method: external merge  Disk: 94432kB
                           Worker 0:  Sort Method: external merge  Disk: 99368kB
                           Worker 1:  Sort Method: external merge  Disk: 99840kB
                           ->  Parallel Seq Scan on s_2  (cost=0.00..105361.89 rows=4166689 width=20) (actual time=0.026..231.068 rows=3333333 loops=3)
 Planning time: 0.253 ms
 Execution time: 851.516 ms
(18 rows)

===== 427 [Wed Mar  7 09:54:16 CET 2018] scale:10000000 groups:10000 work_mem:64MB incremental:on max_workers:2 =====
SELECT * FROM (SELECT * FROM s_3 ORDER BY a, b, c) foo ORDER BY a, b, c, d LIMIT 100000
                                                                       QUERY PLAN                                                                       
--------------------------------------------------------------------------------------------------------------------------------------------------------
 Limit  (cost=653017.12..653017.12 rows=1 width=20) (actual time=817.556..817.556 rows=0 loops=1)
   ->  Limit  (cost=649943.30..652017.12 rows=100000 width=20) (actual time=778.919..814.805 rows=100000 loops=1)
         ->  Incremental Sort  (cost=649943.30..857324.74 rows=9999939 width=20) (actual time=778.918..809.291 rows=100000 loops=1)
               Sort Key: s_3.a, s_3.b, s_3.c, s_3.d
               Presorted Key: s_3.a, s_3.b, s_3.c
               Sort Method: quicksort  Memory: 27kB
               Sort Groups: 3125
               ->  Gather Merge  (cost=649942.06..1622226.17 rows=8333282 width=20) (actual time=778.876..796.666 rows=100001 loops=1)
                     Workers Planned: 2
                     Workers Launched: 2
                     ->  Sort  (cost=648942.04..659358.64 rows=4166641 width=20) (actual time=773.281..776.463 rows=33997 loops=3)
                           Sort Key: s_3.a, s_3.b, s_3.c
                           Sort Method: external merge  Disk: 94784kB
                           Worker 0:  Sort Method: external merge  Disk: 99064kB
                           Worker 1:  Sort Method: external merge  Disk: 99800kB
                           ->  Parallel Seq Scan on s_3  (cost=0.00..105361.41 rows=4166641 width=20) (actual time=0.023..231.086 rows=3333333 loops=3)
 Planning time: 0.265 ms
 Execution time: 847.254 ms
(18 rows)

===== 428 [Wed Mar  7 09:54:20 CET 2018] scale:10000000 groups:10000 work_mem:64MB incremental:on max_workers:2 =====
SELECT * FROM (SELECT * FROM s_4 ORDER BY a, b, c, d) foo ORDER BY a, b, c, d, e LIMIT 100000
                                                                       QUERY PLAN                                                                       
--------------------------------------------------------------------------------------------------------------------------------------------------------
 Limit  (cost=653026.73..653026.73 rows=1 width=20) (actual time=817.558..817.558 rows=0 loops=1)
   ->  Limit  (cost=649952.90..652026.73 rows=100000 width=20) (actual time=778.899..814.807 rows=100000 loops=1)
         ->  Incremental Sort  (cost=649952.90..857336.57 rows=10000054 width=20) (actual time=778.898..809.289 rows=100000 loops=1)
               Sort Key: s_4.a, s_4.b, s_4.c, s_4.d, s_4.e
               Presorted Key: s_4.a, s_4.b, s_4.c, s_4.d
               Sort Method: quicksort  Memory: 27kB
               Sort Groups: 3125
               ->  Gather Merge  (cost=649951.66..1622246.98 rows=8333378 width=20) (actual time=778.856..796.660 rows=100001 loops=1)
                     Workers Planned: 2
                     Workers Launched: 2
                     ->  Sort  (cost=648951.64..659368.36 rows=4166689 width=20) (actual time=773.494..776.689 rows=34046 loops=3)
                           Sort Key: s_4.a, s_4.b, s_4.c, s_4.d
                           Sort Method: external merge  Disk: 94472kB
                           Worker 0:  Sort Method: external merge  Disk: 99480kB
                           Worker 1:  Sort Method: external merge  Disk: 99688kB
                           ->  Parallel Seq Scan on s_4  (cost=0.00..105361.89 rows=4166689 width=20) (actual time=0.025..231.638 rows=3333333 loops=3)
 Planning time: 0.264 ms
 Execution time: 847.327 ms
(18 rows)

===== 429 [Wed Mar  7 09:54:25 CET 2018] scale:10000000 groups:10000 work_mem:64MB incremental:off max_workers:2 =====
SELECT * FROM (SELECT * FROM s_1 ORDER BY a) foo ORDER BY a, b LIMIT 100000
                                                                QUERY PLAN                                                                
------------------------------------------------------------------------------------------------------------------------------------------
 Limit  (cost=2538166.58..2538166.58 rows=1 width=20) (actual time=3510.754..3510.754 rows=0 loops=1)
   ->  Limit  (cost=2536916.58..2537166.58 rows=100000 width=20) (actual time=3497.257..3508.016 rows=100000 loops=1)
         ->  Sort  (cost=2536916.58..2561916.43 rows=9999939 width=20) (actual time=3497.256..3502.528 rows=100000 loops=1)
               Sort Key: s_1.a, s_1.b
               Sort Method: top-N heapsort  Memory: 13985kB
               ->  Sort  (cost=1531440.69..1556440.54 rows=9999939 width=20) (actual time=1876.610..2814.787 rows=10000000 loops=1)
                     Sort Key: s_1.a
                     Sort Method: external merge  Disk: 293648kB
                     ->  Seq Scan on s_1  (cost=0.00..163694.39 rows=9999939 width=20) (actual time=0.026..629.958 rows=10000000 loops=1)
 Planning time: 0.233 ms
 Execution time: 3547.191 ms
(11 rows)

===== 430 [Wed Mar  7 09:54:42 CET 2018] scale:10000000 groups:10000 work_mem:64MB incremental:off max_workers:2 =====
SELECT * FROM (SELECT * FROM s_2 ORDER BY a, b) foo ORDER BY a, b, c LIMIT 100000
                                                                QUERY PLAN                                                                 
-------------------------------------------------------------------------------------------------------------------------------------------
 Limit  (cost=2538196.99..2538196.99 rows=1 width=20) (actual time=3840.638..3840.638 rows=0 loops=1)
   ->  Limit  (cost=2536946.99..2537196.99 rows=100000 width=20) (actual time=3828.412..3837.877 rows=100000 loops=1)
         ->  Sort  (cost=2536946.99..2561947.13 rows=10000054 width=20) (actual time=3828.411..3832.439 rows=100000 loops=1)
               Sort Key: s_2.a, s_2.b, s_2.c
               Sort Method: top-N heapsort  Memory: 13957kB
               ->  Sort  (cost=1531459.54..1556459.68 rows=10000054 width=20) (actual time=2068.490..3083.444 rows=10000000 loops=1)
                     Sort Key: s_2.a, s_2.b
                     Sort Method: external merge  Disk: 293648kB
                     ->  Seq Scan on s_2  (cost=0.00..163695.54 rows=10000054 width=20) (actual time=0.031..622.094 rows=10000000 loops=1)
 Planning time: 0.239 ms
 Execution time: 3876.906 ms
(11 rows)

===== 431 [Wed Mar  7 09:54:59 CET 2018] scale:10000000 groups:10000 work_mem:64MB incremental:off max_workers:2 =====
SELECT * FROM (SELECT * FROM s_3 ORDER BY a, b, c) foo ORDER BY a, b, c, d LIMIT 100000
                                                                QUERY PLAN                                                                
------------------------------------------------------------------------------------------------------------------------------------------
 Limit  (cost=2538166.58..2538166.58 rows=1 width=20) (actual time=3844.826..3844.826 rows=0 loops=1)
   ->  Limit  (cost=2536916.58..2537166.58 rows=100000 width=20) (actual time=3832.675..3842.122 rows=100000 loops=1)
         ->  Sort  (cost=2536916.58..2561916.43 rows=9999939 width=20) (actual time=3832.674..3836.701 rows=100000 loops=1)
               Sort Key: s_3.a, s_3.b, s_3.c, s_3.d
               Sort Method: top-N heapsort  Memory: 13957kB
               ->  Sort  (cost=1531440.69..1556440.54 rows=9999939 width=20) (actual time=2073.228..3087.481 rows=10000000 loops=1)
                     Sort Key: s_3.a, s_3.b, s_3.c
                     Sort Method: external merge  Disk: 293648kB
                     ->  Seq Scan on s_3  (cost=0.00..163694.39 rows=9999939 width=20) (actual time=0.032..624.246 rows=10000000 loops=1)
 Planning time: 0.249 ms
 Execution time: 3881.123 ms
(11 rows)

===== 432 [Wed Mar  7 09:55:17 CET 2018] scale:10000000 groups:10000 work_mem:64MB incremental:off max_workers:2 =====
SELECT * FROM (SELECT * FROM s_4 ORDER BY a, b, c, d) foo ORDER BY a, b, c, d, e LIMIT 100000
                                                                QUERY PLAN                                                                 
-------------------------------------------------------------------------------------------------------------------------------------------
 Limit  (cost=2538196.99..2538196.99 rows=1 width=20) (actual time=3846.938..3846.938 rows=0 loops=1)
   ->  Limit  (cost=2536946.99..2537196.99 rows=100000 width=20) (actual time=3834.724..3844.180 rows=100000 loops=1)
         ->  Sort  (cost=2536946.99..2561947.13 rows=10000054 width=20) (actual time=3834.723..3838.728 rows=100000 loops=1)
               Sort Key: s_4.a, s_4.b, s_4.c, s_4.d, s_4.e
               Sort Method: top-N heapsort  Memory: 13957kB
               ->  Sort  (cost=1531459.54..1556459.68 rows=10000054 width=20) (actual time=2074.107..3089.526 rows=10000000 loops=1)
                     Sort Key: s_4.a, s_4.b, s_4.c, s_4.d
                     Sort Method: external merge  Disk: 293648kB
                     ->  Seq Scan on s_4  (cost=0.00..163695.54 rows=10000054 width=20) (actual time=0.029..623.529 rows=10000000 loops=1)
 Planning time: 0.253 ms
 Execution time: 3883.333 ms
(11 rows)

===== 433 [Wed Mar  7 09:55:35 CET 2018] scale:10000000 groups:10000 work_mem:128MB incremental:on max_workers:2 =====
SELECT * FROM (SELECT * FROM s_1 ORDER BY a) foo ORDER BY a, b LIMIT 100000
                                                                       QUERY PLAN                                                                       
--------------------------------------------------------------------------------------------------------------------------------------------------------
 Limit  (cost=653015.04..653015.04 rows=1 width=20) (actual time=847.047..847.047 rows=0 loops=1)
   ->  Limit  (cost=650107.37..652015.04 rows=100000 width=20) (actual time=791.860..844.315 rows=100000 loops=1)
         ->  Incremental Sort  (cost=650107.37..840872.55 rows=9999939 width=20) (actual time=791.859..838.835 rows=100000 loops=1)
               Sort Key: s_1.a, s_1.b
               Presorted Key: s_1.a
               Sort Method: quicksort  Memory: 132kB
               Sort Groups: 101
               ->  Gather Merge  (cost=649942.06..1622226.17 rows=8333282 width=20) (actual time=791.607..807.297 rows=100505 loops=1)
                     Workers Planned: 2
                     Workers Launched: 2
                     ->  Sort  (cost=648942.04..659358.64 rows=4166641 width=20) (actual time=787.439..790.545 rows=34123 loops=3)
                           Sort Key: s_1.a
                           Sort Method: external merge  Disk: 98856kB
                           Worker 0:  Sort Method: external merge  Disk: 97248kB
                           Worker 1:  Sort Method: external merge  Disk: 97472kB
                           ->  Parallel Seq Scan on s_1  (cost=0.00..105361.41 rows=4166641 width=20) (actual time=0.026..233.958 rows=3333333 loops=3)
 Planning time: 0.251 ms
 Execution time: 881.631 ms
(18 rows)

===== 434 [Wed Mar  7 09:55:40 CET 2018] scale:10000000 groups:10000 work_mem:128MB incremental:on max_workers:2 =====
SELECT * FROM (SELECT * FROM s_2 ORDER BY a, b) foo ORDER BY a, b, c LIMIT 100000
                                                                       QUERY PLAN                                                                       
--------------------------------------------------------------------------------------------------------------------------------------------------------
 Limit  (cost=653026.73..653026.73 rows=1 width=20) (actual time=886.864..886.864 rows=0 loops=1)
   ->  Limit  (cost=649952.90..652026.73 rows=100000 width=20) (actual time=845.419..884.090 rows=100000 loops=1)
         ->  Incremental Sort  (cost=649952.90..857336.57 rows=10000054 width=20) (actual time=845.418..878.596 rows=100000 loops=1)
               Sort Key: s_2.a, s_2.b, s_2.c
               Presorted Key: s_2.a, s_2.b
               Sort Method: quicksort  Memory: 27kB
               Sort Groups: 3121
               ->  Gather Merge  (cost=649951.66..1622246.98 rows=8333378 width=20) (actual time=845.378..863.276 rows=100028 loops=1)
                     Workers Planned: 2
                     Workers Launched: 2
                     ->  Sort  (cost=648951.64..659368.36 rows=4166689 width=20) (actual time=838.599..841.788 rows=33990 loops=3)
                           Sort Key: s_2.a, s_2.b
                           Sort Method: external merge  Disk: 93808kB
                           Worker 0:  Sort Method: external merge  Disk: 99712kB
                           Worker 1:  Sort Method: external merge  Disk: 100048kB
                           ->  Parallel Seq Scan on s_2  (cost=0.00..105361.89 rows=4166689 width=20) (actual time=0.026..234.271 rows=3333333 loops=3)
 Planning time: 0.251 ms
 Execution time: 920.911 ms
(18 rows)

===== 435 [Wed Mar  7 09:55:44 CET 2018] scale:10000000 groups:10000 work_mem:128MB incremental:on max_workers:2 =====
SELECT * FROM (SELECT * FROM s_3 ORDER BY a, b, c) foo ORDER BY a, b, c, d LIMIT 100000
                                                                       QUERY PLAN                                                                       
--------------------------------------------------------------------------------------------------------------------------------------------------------
 Limit  (cost=653017.12..653017.12 rows=1 width=20) (actual time=884.248..884.248 rows=0 loops=1)
   ->  Limit  (cost=649943.30..652017.12 rows=100000 width=20) (actual time=845.750..881.499 rows=100000 loops=1)
         ->  Incremental Sort  (cost=649943.30..857324.74 rows=9999939 width=20) (actual time=845.749..875.983 rows=100000 loops=1)
               Sort Key: s_3.a, s_3.b, s_3.c, s_3.d
               Presorted Key: s_3.a, s_3.b, s_3.c
               Sort Method: quicksort  Memory: 27kB
               Sort Groups: 3125
               ->  Gather Merge  (cost=649942.06..1622226.17 rows=8333282 width=20) (actual time=845.707..863.496 rows=100001 loops=1)
                     Workers Planned: 2
                     Workers Launched: 2
                     ->  Sort  (cost=648942.04..659358.64 rows=4166641 width=20) (actual time=840.244..843.419 rows=33982 loops=3)
                           Sort Key: s_3.a, s_3.b, s_3.c
                           Sort Method: external merge  Disk: 94872kB
                           Worker 0:  Sort Method: external merge  Disk: 99376kB
                           Worker 1:  Sort Method: external merge  Disk: 99320kB
                           ->  Parallel Seq Scan on s_3  (cost=0.00..105361.41 rows=4166641 width=20) (actual time=0.024..234.258 rows=3333333 loops=3)
 Planning time: 0.259 ms
 Execution time: 918.660 ms
(18 rows)

===== 436 [Wed Mar  7 09:55:49 CET 2018] scale:10000000 groups:10000 work_mem:128MB incremental:on max_workers:2 =====
SELECT * FROM (SELECT * FROM s_4 ORDER BY a, b, c, d) foo ORDER BY a, b, c, d, e LIMIT 100000
                                                                       QUERY PLAN                                                                       
--------------------------------------------------------------------------------------------------------------------------------------------------------
 Limit  (cost=653026.73..653026.73 rows=1 width=20) (actual time=884.773..884.773 rows=0 loops=1)
   ->  Limit  (cost=649952.90..652026.73 rows=100000 width=20) (actual time=846.240..882.022 rows=100000 loops=1)
         ->  Incremental Sort  (cost=649952.90..857336.57 rows=10000054 width=20) (actual time=846.240..876.508 rows=100000 loops=1)
               Sort Key: s_4.a, s_4.b, s_4.c, s_4.d, s_4.e
               Presorted Key: s_4.a, s_4.b, s_4.c, s_4.d
               Sort Method: quicksort  Memory: 27kB
               Sort Groups: 3125
               ->  Gather Merge  (cost=649951.66..1622246.98 rows=8333378 width=20) (actual time=846.197..863.998 rows=100001 loops=1)
                     Workers Planned: 2
                     Workers Launched: 2
                     ->  Sort  (cost=648951.64..659368.36 rows=4166689 width=20) (actual time=839.964..843.145 rows=33959 loops=3)
                           Sort Key: s_4.a, s_4.b, s_4.c, s_4.d
                           Sort Method: external merge  Disk: 94400kB
                           Worker 0:  Sort Method: external merge  Disk: 99552kB
                           Worker 1:  Sort Method: external merge  Disk: 99632kB
                           ->  Parallel Seq Scan on s_4  (cost=0.00..105361.89 rows=4166689 width=20) (actual time=0.022..234.471 rows=3333333 loops=3)
 Planning time: 0.272 ms
 Execution time: 918.947 ms
(18 rows)

===== 437 [Wed Mar  7 09:55:54 CET 2018] scale:10000000 groups:10000 work_mem:128MB incremental:off max_workers:2 =====
SELECT * FROM (SELECT * FROM s_1 ORDER BY a) foo ORDER BY a, b LIMIT 100000
                                                                QUERY PLAN                                                                
------------------------------------------------------------------------------------------------------------------------------------------
 Limit  (cost=2538166.58..2538166.58 rows=1 width=20) (actual time=3613.205..3613.205 rows=0 loops=1)
   ->  Limit  (cost=2536916.58..2537166.58 rows=100000 width=20) (actual time=3599.696..3610.465 rows=100000 loops=1)
         ->  Sort  (cost=2536916.58..2561916.43 rows=9999939 width=20) (actual time=3599.695..3604.989 rows=100000 loops=1)
               Sort Key: s_1.a, s_1.b
               Sort Method: top-N heapsort  Memory: 13985kB
               ->  Sort  (cost=1531440.69..1556440.54 rows=9999939 width=20) (actual time=2008.318..2946.944 rows=10000000 loops=1)
                     Sort Key: s_1.a
                     Sort Method: external merge  Disk: 293568kB
                     ->  Seq Scan on s_1  (cost=0.00..163694.39 rows=9999939 width=20) (actual time=0.027..626.567 rows=10000000 loops=1)
 Planning time: 0.235 ms
 Execution time: 3651.773 ms
(11 rows)

===== 438 [Wed Mar  7 09:56:11 CET 2018] scale:10000000 groups:10000 work_mem:128MB incremental:off max_workers:2 =====
SELECT * FROM (SELECT * FROM s_2 ORDER BY a, b) foo ORDER BY a, b, c LIMIT 100000
                                                                QUERY PLAN                                                                 
-------------------------------------------------------------------------------------------------------------------------------------------
 Limit  (cost=2538196.99..2538196.99 rows=1 width=20) (actual time=3862.132..3862.132 rows=0 loops=1)
   ->  Limit  (cost=2536946.99..2537196.99 rows=100000 width=20) (actual time=3849.931..3859.389 rows=100000 loops=1)
         ->  Sort  (cost=2536946.99..2561947.13 rows=10000054 width=20) (actual time=3849.930..3853.939 rows=100000 loops=1)
               Sort Key: s_2.a, s_2.b, s_2.c
               Sort Method: top-N heapsort  Memory: 13957kB
               ->  Sort  (cost=1531459.54..1556459.68 rows=10000054 width=20) (actual time=2131.924..3137.686 rows=10000000 loops=1)
                     Sort Key: s_2.a, s_2.b
                     Sort Method: external merge  Disk: 293568kB
                     ->  Seq Scan on s_2  (cost=0.00..163695.54 rows=10000054 width=20) (actual time=0.040..625.278 rows=10000000 loops=1)
 Planning time: 0.236 ms
 Execution time: 3900.746 ms
(11 rows)

===== 439 [Wed Mar  7 09:56:29 CET 2018] scale:10000000 groups:10000 work_mem:128MB incremental:off max_workers:2 =====
SELECT * FROM (SELECT * FROM s_3 ORDER BY a, b, c) foo ORDER BY a, b, c, d LIMIT 100000
                                                                QUERY PLAN                                                                
------------------------------------------------------------------------------------------------------------------------------------------
 Limit  (cost=2538166.58..2538166.58 rows=1 width=20) (actual time=3869.485..3869.485 rows=0 loops=1)
   ->  Limit  (cost=2536916.58..2537166.58 rows=100000 width=20) (actual time=3857.262..3866.725 rows=100000 loops=1)
         ->  Sort  (cost=2536916.58..2561916.43 rows=9999939 width=20) (actual time=3857.261..3861.278 rows=100000 loops=1)
               Sort Key: s_3.a, s_3.b, s_3.c, s_3.d
               Sort Method: top-N heapsort  Memory: 13957kB
               ->  Sort  (cost=1531440.69..1556440.54 rows=9999939 width=20) (actual time=2138.987..3145.023 rows=10000000 loops=1)
                     Sort Key: s_3.a, s_3.b, s_3.c
                     Sort Method: external merge  Disk: 293568kB
                     ->  Seq Scan on s_3  (cost=0.00..163694.39 rows=9999939 width=20) (actual time=0.031..627.617 rows=10000000 loops=1)
 Planning time: 0.246 ms
 Execution time: 3908.022 ms
(11 rows)

===== 440 [Wed Mar  7 09:56:47 CET 2018] scale:10000000 groups:10000 work_mem:128MB incremental:off max_workers:2 =====
SELECT * FROM (SELECT * FROM s_4 ORDER BY a, b, c, d) foo ORDER BY a, b, c, d, e LIMIT 100000
                                                                QUERY PLAN                                                                 
-------------------------------------------------------------------------------------------------------------------------------------------
 Limit  (cost=2538196.99..2538196.99 rows=1 width=20) (actual time=3869.381..3869.381 rows=0 loops=1)
   ->  Limit  (cost=2536946.99..2537196.99 rows=100000 width=20) (actual time=3857.159..3866.626 rows=100000 loops=1)
         ->  Sort  (cost=2536946.99..2561947.13 rows=10000054 width=20) (actual time=3857.158..3861.180 rows=100000 loops=1)
               Sort Key: s_4.a, s_4.b, s_4.c, s_4.d, s_4.e
               Sort Method: top-N heapsort  Memory: 13957kB
               ->  Sort  (cost=1531459.54..1556459.68 rows=10000054 width=20) (actual time=2139.522..3145.190 rows=10000000 loops=1)
                     Sort Key: s_4.a, s_4.b, s_4.c, s_4.d
                     Sort Method: external merge  Disk: 293568kB
                     ->  Seq Scan on s_4  (cost=0.00..163695.54 rows=10000054 width=20) (actual time=0.028..628.163 rows=10000000 loops=1)
 Planning time: 0.247 ms
 Execution time: 3907.950 ms
(11 rows)

===== 441 [Wed Mar  7 09:57:06 CET 2018] scale:10000000 groups:10000 work_mem:256MB incremental:on max_workers:2 =====
SELECT * FROM (SELECT * FROM s_1 ORDER BY a) foo ORDER BY a, b LIMIT 100000
                                                                       QUERY PLAN                                                                       
--------------------------------------------------------------------------------------------------------------------------------------------------------
 Limit  (cost=567607.78..567607.78 rows=1 width=20) (actual time=887.088..887.088 rows=0 loops=1)
   ->  Limit  (cost=564646.69..566607.78 rows=100000 width=20) (actual time=832.020..884.324 rows=100000 loops=1)
         ->  Incremental Sort  (cost=564646.69..728070.12 rows=8333282 width=20) (actual time=832.019..878.858 rows=100000 loops=1)
               Sort Key: s_1.a, s_1.b
               Presorted Key: s_1.a
               Sort Method: quicksort  Memory: 132kB
               Sort Groups: 101
               ->  Gather Merge  (cost=564493.06..1536777.17 rows=8333282 width=20) (actual time=831.769..847.228 rows=100505 loops=1)
                     Workers Planned: 2
                     Workers Launched: 2
                     ->  Sort  (cost=563493.04..573909.64 rows=4166641 width=20) (actual time=829.002..831.959 rows=34183 loops=3)
                           Sort Key: s_1.a
                           Sort Method: external merge  Disk: 98560kB
                           Worker 0:  Sort Method: external merge  Disk: 97648kB
                           Worker 1:  Sort Method: external merge  Disk: 97352kB
                           ->  Parallel Seq Scan on s_1  (cost=0.00..105361.41 rows=4166641 width=20) (actual time=0.023..237.035 rows=3333333 loops=3)
 Planning time: 0.254 ms
 Execution time: 926.928 ms
(18 rows)

===== 442 [Wed Mar  7 09:57:10 CET 2018] scale:10000000 groups:10000 work_mem:256MB incremental:on max_workers:2 =====
SELECT * FROM (SELECT * FROM s_2 ORDER BY a, b) foo ORDER BY a, b, c LIMIT 100000
                                                                       QUERY PLAN                                                                       
--------------------------------------------------------------------------------------------------------------------------------------------------------
 Limit  (cost=567622.52..567622.52 rows=1 width=20) (actual time=928.376..928.376 rows=0 loops=1)
   ->  Limit  (cost=564500.60..566622.52 rows=100000 width=20) (actual time=887.195..925.616 rows=100000 loops=1)
         ->  Incremental Sort  (cost=564500.60..741328.48 rows=8333378 width=20) (actual time=887.194..920.125 rows=100000 loops=1)
               Sort Key: s_2.a, s_2.b, s_2.c
               Presorted Key: s_2.a, s_2.b
               Sort Method: quicksort  Memory: 27kB
               Sort Groups: 3121
               ->  Gather Merge  (cost=564499.16..1536794.48 rows=8333378 width=20) (actual time=887.153..904.790 rows=100028 loops=1)
                     Workers Planned: 2
                     Workers Launched: 2
                     ->  Sort  (cost=563499.14..573915.86 rows=4166689 width=20) (actual time=882.257..885.293 rows=33945 loops=3)
                           Sort Key: s_2.a, s_2.b
                           Sort Method: external merge  Disk: 95104kB
                           Worker 0:  Sort Method: external merge  Disk: 99360kB
                           Worker 1:  Sort Method: external merge  Disk: 99096kB
                           ->  Parallel Seq Scan on s_2  (cost=0.00..105361.89 rows=4166689 width=20) (actual time=0.025..237.212 rows=3333333 loops=3)
 Planning time: 0.258 ms
 Execution time: 967.572 ms
(18 rows)

===== 443 [Wed Mar  7 09:57:15 CET 2018] scale:10000000 groups:10000 work_mem:256MB incremental:on max_workers:2 =====
SELECT * FROM (SELECT * FROM s_3 ORDER BY a, b, c) foo ORDER BY a, b, c, d LIMIT 100000
                                                                       QUERY PLAN                                                                       
--------------------------------------------------------------------------------------------------------------------------------------------------------
 Limit  (cost=567616.42..567616.42 rows=1 width=20) (actual time=923.599..923.599 rows=0 loops=1)
   ->  Limit  (cost=564494.49..566616.42 rows=100000 width=20) (actual time=885.332..920.845 rows=100000 loops=1)
         ->  Incremental Sort  (cost=564494.49..741320.50 rows=8333282 width=20) (actual time=885.331..915.336 rows=100000 loops=1)
               Sort Key: s_3.a, s_3.b, s_3.c, s_3.d
               Presorted Key: s_3.a, s_3.b, s_3.c
               Sort Method: quicksort  Memory: 27kB
               Sort Groups: 3125
               ->  Gather Merge  (cost=564493.06..1536777.17 rows=8333282 width=20) (actual time=885.290..902.831 rows=100001 loops=1)
                     Workers Planned: 2
                     Workers Launched: 2
                     ->  Sort  (cost=563493.04..573909.64 rows=4166641 width=20) (actual time=880.690..883.678 rows=33984 loops=3)
                           Sort Key: s_3.a, s_3.b, s_3.c
                           Sort Method: external merge  Disk: 95488kB
                           Worker 0:  Sort Method: external merge  Disk: 99120kB
                           Worker 1:  Sort Method: external merge  Disk: 98952kB
                           ->  Parallel Seq Scan on s_3  (cost=0.00..105361.41 rows=4166641 width=20) (actual time=0.025..237.269 rows=3333333 loops=3)
 Planning time: 0.265 ms
 Execution time: 962.747 ms
(18 rows)

===== 444 [Wed Mar  7 09:57:20 CET 2018] scale:10000000 groups:10000 work_mem:256MB incremental:on max_workers:2 =====
SELECT * FROM (SELECT * FROM s_4 ORDER BY a, b, c, d) foo ORDER BY a, b, c, d, e LIMIT 100000
                                                                       QUERY PLAN                                                                       
--------------------------------------------------------------------------------------------------------------------------------------------------------
 Limit  (cost=567622.52..567622.52 rows=1 width=20) (actual time=922.615..922.615 rows=0 loops=1)
   ->  Limit  (cost=564500.60..566622.52 rows=100000 width=20) (actual time=884.329..919.865 rows=100000 loops=1)
         ->  Incremental Sort  (cost=564500.60..741328.48 rows=8333378 width=20) (actual time=884.328..914.347 rows=100000 loops=1)
               Sort Key: s_4.a, s_4.b, s_4.c, s_4.d, s_4.e
               Presorted Key: s_4.a, s_4.b, s_4.c, s_4.d
               Sort Method: quicksort  Memory: 27kB
               Sort Groups: 3125
               ->  Gather Merge  (cost=564499.16..1536794.48 rows=8333378 width=20) (actual time=884.278..901.819 rows=100001 loops=1)
                     Workers Planned: 2
                     Workers Launched: 2
                     ->  Sort  (cost=563499.14..573915.86 rows=4166689 width=20) (actual time=879.752..882.731 rows=33997 loops=3)
                           Sort Key: s_4.a, s_4.b, s_4.c, s_4.d
                           Sort Method: external merge  Disk: 95296kB
                           Worker 0:  Sort Method: external merge  Disk: 99104kB
                           Worker 1:  Sort Method: external merge  Disk: 99152kB
                           ->  Parallel Seq Scan on s_4  (cost=0.00..105361.89 rows=4166689 width=20) (actual time=0.024..237.171 rows=3333333 loops=3)
 Planning time: 0.262 ms
 Execution time: 961.578 ms
(18 rows)

===== 445 [Wed Mar  7 09:57:25 CET 2018] scale:10000000 groups:10000 work_mem:256MB incremental:off max_workers:2 =====
SELECT * FROM (SELECT * FROM s_1 ORDER BY a) foo ORDER BY a, b LIMIT 100000
                                                                       QUERY PLAN                                                                       
--------------------------------------------------------------------------------------------------------------------------------------------------------
 Limit  (cost=2355090.49..2355090.49 rows=1 width=20) (actual time=3085.126..3085.126 rows=0 loops=1)
   ->  Limit  (cost=2353840.49..2354090.49 rows=100000 width=20) (actual time=3071.357..3082.368 rows=100000 loops=1)
         ->  Sort  (cost=2353840.49..2374673.70 rows=8333282 width=20) (actual time=3071.356..3076.906 rows=100000 loops=1)
               Sort Key: s_1.a, s_1.b
               Sort Method: top-N heapsort  Memory: 13984kB
               ->  Gather Merge  (cost=564493.06..1536777.17 rows=8333282 width=20) (actual time=837.445..2341.915 rows=10000000 loops=1)
                     Workers Planned: 2
                     Workers Launched: 2
                     ->  Sort  (cost=563493.04..573909.64 rows=4166641 width=20) (actual time=832.907..1112.847 rows=3333333 loops=3)
                           Sort Key: s_1.a
                           Sort Method: external merge  Disk: 94872kB
                           Worker 0:  Sort Method: external merge  Disk: 99944kB
                           Worker 1:  Sort Method: external merge  Disk: 98744kB
                           ->  Parallel Seq Scan on s_1  (cost=0.00..105361.41 rows=4166641 width=20) (actual time=0.022..236.323 rows=3333333 loops=3)
 Planning time: 0.239 ms
 Execution time: 3098.378 ms
(16 rows)

===== 446 [Wed Mar  7 09:57:40 CET 2018] scale:10000000 groups:10000 work_mem:256MB incremental:off max_workers:2 =====
SELECT * FROM (SELECT * FROM s_2 ORDER BY a, b) foo ORDER BY a, b, c LIMIT 100000
                                                                       QUERY PLAN                                                                       
--------------------------------------------------------------------------------------------------------------------------------------------------------
 Limit  (cost=2355117.21..2355117.21 rows=1 width=20) (actual time=3357.704..3357.704 rows=0 loops=1)
   ->  Limit  (cost=2353867.21..2354117.21 rows=100000 width=20) (actual time=3345.249..3354.946 rows=100000 loops=1)
         ->  Sort  (cost=2353867.21..2374700.66 rows=8333378 width=20) (actual time=3345.249..3349.484 rows=100000 loops=1)
               Sort Key: s_2.a, s_2.b, s_2.c
               Sort Method: top-N heapsort  Memory: 13957kB
               ->  Gather Merge  (cost=564499.16..1536794.48 rows=8333378 width=20) (actual time=883.658..2603.589 rows=10000000 loops=1)
                     Workers Planned: 2
                     Workers Launched: 2
                     ->  Sort  (cost=563499.14..573915.86 rows=4166689 width=20) (actual time=878.651..1161.814 rows=3333333 loops=3)
                           Sort Key: s_2.a, s_2.b
                           Sort Method: external merge  Disk: 94976kB
                           Worker 0:  Sort Method: external merge  Disk: 99464kB
                           Worker 1:  Sort Method: external merge  Disk: 99120kB
                           ->  Parallel Seq Scan on s_2  (cost=0.00..105361.89 rows=4166689 width=20) (actual time=0.026..235.706 rows=3333333 loops=3)
 Planning time: 0.251 ms
 Execution time: 3370.900 ms
(16 rows)

===== 447 [Wed Mar  7 09:57:56 CET 2018] scale:10000000 groups:10000 work_mem:256MB incremental:off max_workers:2 =====
SELECT * FROM (SELECT * FROM s_3 ORDER BY a, b, c) foo ORDER BY a, b, c, d LIMIT 100000
                                                                       QUERY PLAN                                                                       
--------------------------------------------------------------------------------------------------------------------------------------------------------
 Limit  (cost=2355090.49..2355090.49 rows=1 width=20) (actual time=3397.976..3397.976 rows=0 loops=1)
   ->  Limit  (cost=2353840.49..2354090.49 rows=100000 width=20) (actual time=3385.630..3395.236 rows=100000 loops=1)
         ->  Sort  (cost=2353840.49..2374673.70 rows=8333282 width=20) (actual time=3385.629..3389.744 rows=100000 loops=1)
               Sort Key: s_3.a, s_3.b, s_3.c, s_3.d
               Sort Method: top-N heapsort  Memory: 13957kB
               ->  Gather Merge  (cost=564493.06..1536777.17 rows=8333282 width=20) (actual time=884.943..2599.636 rows=10000000 loops=1)
                     Workers Planned: 2
                     Workers Launched: 2
                     ->  Sort  (cost=563493.04..573909.64 rows=4166641 width=20) (actual time=879.739..1161.713 rows=3333333 loops=3)
                           Sort Key: s_3.a, s_3.b, s_3.c
                           Sort Method: external merge  Disk: 95040kB
                           Worker 0:  Sort Method: external merge  Disk: 99456kB
                           Worker 1:  Sort Method: external merge  Disk: 99064kB
                           ->  Parallel Seq Scan on s_3  (cost=0.00..105361.41 rows=4166641 width=20) (actual time=0.023..236.336 rows=3333333 loops=3)
 Planning time: 0.260 ms
 Execution time: 3411.252 ms
(16 rows)

===== 448 [Wed Mar  7 09:58:13 CET 2018] scale:10000000 groups:10000 work_mem:256MB incremental:off max_workers:2 =====
SELECT * FROM (SELECT * FROM s_4 ORDER BY a, b, c, d) foo ORDER BY a, b, c, d, e LIMIT 100000
                                                                       QUERY PLAN                                                                       
--------------------------------------------------------------------------------------------------------------------------------------------------------
 Limit  (cost=2355117.21..2355117.21 rows=1 width=20) (actual time=3326.582..3326.582 rows=0 loops=1)
   ->  Limit  (cost=2353867.21..2354117.21 rows=100000 width=20) (actual time=3314.155..3323.807 rows=100000 loops=1)
         ->  Sort  (cost=2353867.21..2374700.66 rows=8333378 width=20) (actual time=3314.154..3318.339 rows=100000 loops=1)
               Sort Key: s_4.a, s_4.b, s_4.c, s_4.d, s_4.e
               Sort Method: top-N heapsort  Memory: 13957kB
               ->  Gather Merge  (cost=564499.16..1536794.48 rows=8333378 width=20) (actual time=883.863..2589.640 rows=10000000 loops=1)
                     Workers Planned: 2
                     Workers Launched: 2
                     ->  Sort  (cost=563499.14..573915.86 rows=4166689 width=20) (actual time=879.627..1163.052 rows=3333333 loops=3)
                           Sort Key: s_4.a, s_4.b, s_4.c, s_4.d
                           Sort Method: external merge  Disk: 95416kB
                           Worker 0:  Sort Method: external merge  Disk: 98960kB
                           Worker 1:  Sort Method: external merge  Disk: 99176kB
                           ->  Parallel Seq Scan on s_4  (cost=0.00..105361.89 rows=4166689 width=20) (actual time=0.023..236.648 rows=3333333 loops=3)
 Planning time: 0.256 ms
 Execution time: 3339.936 ms
(16 rows)

