===== 1 [Wed Mar  7 03:18:51 CET 2018] scale:10000000 groups:10 work_mem:4MB incremental:on max_workers:0 =====
SELECT * FROM (SELECT * FROM s_1 ORDER BY a) foo ORDER BY a, b
                                                             QUERY PLAN                                                             
------------------------------------------------------------------------------------------------------------------------------------
 Limit  (cost=3331303.75..3331303.75 rows=1 width=20) (actual time=8301.304..8301.304 rows=0 loops=1)
   ->  Incremental Sort  (cost=1856500.19..3231304.36 rows=9999939 width=20) (actual time=3653.289..8047.704 rows=10000000 loops=1)
         Sort Key: s_1.a, s_1.b
         Presorted Key: s_1.a
         Sort Method: external merge  Disk: 29416kB
         Sort Groups: 11
         ->  Sort  (cost=1736519.69..1761519.54 rows=9999939 width=20) (actual time=3506.430..4483.142 rows=10000000 loops=1)
               Sort Key: s_1.a
               Sort Method: external merge  Disk: 293600kB
               ->  Seq Scan on s_1  (cost=0.00..163694.39 rows=9999939 width=20) (actual time=0.565..723.359 rows=10000000 loops=1)
 Planning time: 0.232 ms
 Execution time: 8331.165 ms
(12 rows)

===== 2 [Wed Mar  7 03:19:33 CET 2018] scale:10000000 groups:10 work_mem:4MB incremental:on max_workers:0 =====
SELECT * FROM (SELECT * FROM s_2 ORDER BY a, b) foo ORDER BY a, b, c
                                                             QUERY PLAN                                                              
-------------------------------------------------------------------------------------------------------------------------------------
 Limit  (cost=2953283.09..2953283.09 rows=1 width=20) (actual time=8732.207..8732.207 rows=0 loops=1)
   ->  Incremental Sort  (cost=1744324.99..2853282.55 rows=10000054 width=20) (actual time=3681.569..8478.971 rows=10000000 loops=1)
         Sort Key: s_2.a, s_2.b, s_2.c
         Presorted Key: s_2.a, s_2.b
         Sort Method: external merge  Disk: 2968kB
         Sort Groups: 121
         ->  Sort  (cost=1736542.04..1761542.18 rows=10000054 width=20) (actual time=3673.369..4736.084 rows=10000000 loops=1)
               Sort Key: s_2.a, s_2.b
               Sort Method: external merge  Disk: 293600kB
               ->  Seq Scan on s_2  (cost=0.00..163695.54 rows=10000054 width=20) (actual time=0.029..645.881 rows=10000000 loops=1)
 Planning time: 0.221 ms
 Execution time: 8756.719 ms
(12 rows)

===== 3 [Wed Mar  7 03:20:19 CET 2018] scale:10000000 groups:10 work_mem:4MB incremental:on max_workers:0 =====
SELECT * FROM (SELECT * FROM s_3 ORDER BY a, b, c) foo ORDER BY a, b, c, d
                                                             QUERY PLAN                                                             
------------------------------------------------------------------------------------------------------------------------------------
 Limit  (cost=2780299.59..2780299.59 rows=1 width=20) (actual time=7770.181..7770.181 rows=0 loops=1)
   ->  Incremental Sort  (cost=1737097.27..2680300.20 rows=9999939 width=20) (actual time=3896.274..7517.013 rows=10000000 loops=1)
         Sort Key: s_3.a, s_3.b, s_3.c, s_3.d
         Presorted Key: s_3.a, s_3.b, s_3.c
         Sort Method: quicksort  Memory: 1186kB
         Sort Groups: 1331
         ->  Sort  (cost=1736519.69..1761519.54 rows=9999939 width=20) (actual time=3895.804..4958.796 rows=10000000 loops=1)
               Sort Key: s_3.a, s_3.b, s_3.c
               Sort Method: external merge  Disk: 293600kB
               ->  Seq Scan on s_3  (cost=0.00..163694.39 rows=9999939 width=20) (actual time=0.032..643.528 rows=10000000 loops=1)
 Planning time: 0.229 ms
 Execution time: 7796.979 ms
(12 rows)

===== 4 [Wed Mar  7 03:20:58 CET 2018] scale:10000000 groups:10 work_mem:4MB incremental:on max_workers:0 =====
SELECT * FROM (SELECT * FROM s_4 ORDER BY a, b, c, d) foo ORDER BY a, b, c, d, e
                                                             QUERY PLAN                                                              
-------------------------------------------------------------------------------------------------------------------------------------
 Limit  (cost=2607628.46..2607628.46 rows=1 width=20) (actual time=7965.599..7965.599 rows=0 loops=1)
   ->  Incremental Sort  (cost=1736582.73..2507627.92 rows=10000054 width=20) (actual time=3884.368..7741.236 rows=10000000 loops=1)
         Sort Key: s_4.a, s_4.b, s_4.c, s_4.d, s_4.e
         Presorted Key: s_4.a, s_4.b, s_4.c, s_4.d
         Sort Method: quicksort  Memory: 136kB
         Sort Groups: 14641
         ->  Sort  (cost=1736542.04..1761542.18 rows=10000054 width=20) (actual time=3884.299..4925.304 rows=10000000 loops=1)
               Sort Key: s_4.a, s_4.b, s_4.c, s_4.d
               Sort Method: external merge  Disk: 293600kB
               ->  Seq Scan on s_4  (cost=0.00..163695.54 rows=10000054 width=20) (actual time=0.033..649.976 rows=10000000 loops=1)
 Planning time: 0.234 ms
 Execution time: 7991.543 ms
(12 rows)

===== 5 [Wed Mar  7 03:21:39 CET 2018] scale:10000000 groups:10 work_mem:4MB incremental:off max_workers:0 =====
SELECT * FROM (SELECT * FROM s_1 ORDER BY a) foo ORDER BY a, b
                                                             QUERY PLAN                                                             
------------------------------------------------------------------------------------------------------------------------------------
 Limit  (cost=3559343.47..3559343.47 rows=1 width=20) (actual time=9090.680..9090.680 rows=0 loops=1)
   ->  Sort  (cost=3434344.23..3459344.08 rows=9999939 width=20) (actual time=7930.508..8873.083 rows=10000000 loops=1)
         Sort Key: s_1.a, s_1.b
         Sort Method: external merge  Disk: 293600kB
         ->  Sort  (cost=1736519.69..1761519.54 rows=9999939 width=20) (actual time=3402.008..4371.587 rows=10000000 loops=1)
               Sort Key: s_1.a
               Sort Method: external merge  Disk: 293600kB
               ->  Seq Scan on s_1  (cost=0.00..163694.39 rows=9999939 width=20) (actual time=0.023..638.581 rows=10000000 loops=1)
 Planning time: 0.218 ms
 Execution time: 9142.022 ms
(10 rows)

===== 6 [Wed Mar  7 03:22:28 CET 2018] scale:10000000 groups:10 work_mem:4MB incremental:off max_workers:0 =====
SELECT * FROM (SELECT * FROM s_2 ORDER BY a, b) foo ORDER BY a, b, c
                                                             QUERY PLAN                                                              
-------------------------------------------------------------------------------------------------------------------------------------
 Limit  (cost=3559389.89..3559389.89 rows=1 width=20) (actual time=9688.764..9688.764 rows=0 loops=1)
   ->  Sort  (cost=3434389.22..3459389.35 rows=10000054 width=20) (actual time=8530.594..9469.879 rows=10000000 loops=1)
         Sort Key: s_2.a, s_2.b, s_2.c
         Sort Method: external merge  Disk: 293600kB
         ->  Sort  (cost=1736542.04..1761542.18 rows=10000054 width=20) (actual time=3661.684..4707.375 rows=10000000 loops=1)
               Sort Key: s_2.a, s_2.b
               Sort Method: external merge  Disk: 293600kB
               ->  Seq Scan on s_2  (cost=0.00..163695.54 rows=10000054 width=20) (actual time=0.034..638.109 rows=10000000 loops=1)
 Planning time: 0.218 ms
 Execution time: 9745.996 ms
(10 rows)

===== 7 [Wed Mar  7 03:23:20 CET 2018] scale:10000000 groups:10 work_mem:4MB incremental:off max_workers:0 =====
SELECT * FROM (SELECT * FROM s_3 ORDER BY a, b, c) foo ORDER BY a, b, c, d
                                                             QUERY PLAN                                                             
------------------------------------------------------------------------------------------------------------------------------------
 Limit  (cost=3559343.47..3559343.47 rows=1 width=20) (actual time=10435.687..10435.687 rows=0 loops=1)
   ->  Sort  (cost=3434344.23..3459344.08 rows=9999939 width=20) (actual time=9288.626..10217.285 rows=10000000 loops=1)
         Sort Key: s_3.a, s_3.b, s_3.c, s_3.d
         Sort Method: external merge  Disk: 293600kB
         ->  Sort  (cost=1736519.69..1761519.54 rows=9999939 width=20) (actual time=3790.272..4846.771 rows=10000000 loops=1)
               Sort Key: s_3.a, s_3.b, s_3.c
               Sort Method: external merge  Disk: 293600kB
               ->  Seq Scan on s_3  (cost=0.00..163694.39 rows=9999939 width=20) (actual time=0.031..638.025 rows=10000000 loops=1)
 Planning time: 0.221 ms
 Execution time: 10493.452 ms
(10 rows)

===== 8 [Wed Mar  7 03:24:16 CET 2018] scale:10000000 groups:10 work_mem:4MB incremental:off max_workers:0 =====
SELECT * FROM (SELECT * FROM s_4 ORDER BY a, b, c, d) foo ORDER BY a, b, c, d, e
                                                             QUERY PLAN                                                              
-------------------------------------------------------------------------------------------------------------------------------------
 Limit  (cost=3559389.89..3559389.89 rows=1 width=20) (actual time=11722.056..11722.056 rows=0 loops=1)
   ->  Sort  (cost=3434389.22..3459389.35 rows=10000054 width=20) (actual time=10576.557..11503.669 rows=10000000 loops=1)
         Sort Key: s_4.a, s_4.b, s_4.c, s_4.d, s_4.e
         Sort Method: external merge  Disk: 293600kB
         ->  Sort  (cost=1736542.04..1761542.18 rows=10000054 width=20) (actual time=3880.356..4926.453 rows=10000000 loops=1)
               Sort Key: s_4.a, s_4.b, s_4.c, s_4.d
               Sort Method: external merge  Disk: 293600kB
               ->  Seq Scan on s_4  (cost=0.00..163695.54 rows=10000054 width=20) (actual time=0.027..643.866 rows=10000000 loops=1)
 Planning time: 0.227 ms
 Execution time: 11779.692 ms
(10 rows)

===== 9 [Wed Mar  7 03:25:21 CET 2018] scale:10000000 groups:10 work_mem:8MB incremental:on max_workers:0 =====
SELECT * FROM (SELECT * FROM s_1 ORDER BY a) foo ORDER BY a, b
                                                             QUERY PLAN                                                             
------------------------------------------------------------------------------------------------------------------------------------
 Limit  (cost=3331303.75..3331303.75 rows=1 width=20) (actual time=7433.510..7433.510 rows=0 loops=1)
   ->  Incremental Sort  (cost=1856500.19..3231304.36 rows=9999939 width=20) (actual time=2835.347..7180.273 rows=10000000 loops=1)
         Sort Key: s_1.a, s_1.b
         Presorted Key: s_1.a
         Sort Method: external merge  Disk: 29416kB
         Sort Groups: 11
         ->  Sort  (cost=1736519.69..1761519.54 rows=9999939 width=20) (actual time=2664.766..3631.905 rows=10000000 loops=1)
               Sort Key: s_1.a
               Sort Method: external merge  Disk: 293608kB
               ->  Seq Scan on s_1  (cost=0.00..163694.39 rows=9999939 width=20) (actual time=0.023..641.321 rows=10000000 loops=1)
 Planning time: 0.219 ms
 Execution time: 7465.270 ms
(12 rows)

===== 10 [Wed Mar  7 03:25:59 CET 2018] scale:10000000 groups:10 work_mem:8MB incremental:on max_workers:0 =====
SELECT * FROM (SELECT * FROM s_2 ORDER BY a, b) foo ORDER BY a, b, c
                                                             QUERY PLAN                                                              
-------------------------------------------------------------------------------------------------------------------------------------
 Limit  (cost=2953283.09..2953283.09 rows=1 width=20) (actual time=7953.204..7953.204 rows=0 loops=1)
   ->  Incremental Sort  (cost=1744324.99..2853282.55 rows=10000054 width=20) (actual time=2897.102..7699.445 rows=10000000 loops=1)
         Sort Key: s_2.a, s_2.b, s_2.c
         Presorted Key: s_2.a, s_2.b
         Sort Method: external merge  Disk: 2968kB
         Sort Groups: 121
         ->  Sort  (cost=1736542.04..1761542.18 rows=10000054 width=20) (actual time=2889.253..3947.274 rows=10000000 loops=1)
               Sort Key: s_2.a, s_2.b
               Sort Method: external merge  Disk: 293608kB
               ->  Seq Scan on s_2  (cost=0.00..163695.54 rows=10000054 width=20) (actual time=0.034..637.908 rows=10000000 loops=1)
 Planning time: 0.231 ms
 Execution time: 7983.601 ms
(12 rows)

===== 11 [Wed Mar  7 03:26:40 CET 2018] scale:10000000 groups:10 work_mem:8MB incremental:on max_workers:0 =====
SELECT * FROM (SELECT * FROM s_3 ORDER BY a, b, c) foo ORDER BY a, b, c, d
                                                             QUERY PLAN                                                             
------------------------------------------------------------------------------------------------------------------------------------
 Limit  (cost=2780299.59..2780299.59 rows=1 width=20) (actual time=6844.043..6844.043 rows=0 loops=1)
   ->  Incremental Sort  (cost=1737097.27..2680300.20 rows=9999939 width=20) (actual time=2993.319..6589.993 rows=10000000 loops=1)
         Sort Key: s_3.a, s_3.b, s_3.c, s_3.d
         Presorted Key: s_3.a, s_3.b, s_3.c
         Sort Method: quicksort  Memory: 1186kB
         Sort Groups: 1331
         ->  Sort  (cost=1736519.69..1761519.54 rows=9999939 width=20) (actual time=2992.868..4039.250 rows=10000000 loops=1)
               Sort Key: s_3.a, s_3.b, s_3.c
               Sort Method: external merge  Disk: 293608kB
               ->  Seq Scan on s_3  (cost=0.00..163694.39 rows=9999939 width=20) (actual time=0.031..637.986 rows=10000000 loops=1)
 Planning time: 0.233 ms
 Execution time: 6873.898 ms
(12 rows)

===== 12 [Wed Mar  7 03:27:14 CET 2018] scale:10000000 groups:10 work_mem:8MB incremental:on max_workers:0 =====
SELECT * FROM (SELECT * FROM s_4 ORDER BY a, b, c, d) foo ORDER BY a, b, c, d, e
                                                             QUERY PLAN                                                              
-------------------------------------------------------------------------------------------------------------------------------------
 Limit  (cost=2607628.46..2607628.46 rows=1 width=20) (actual time=7143.093..7143.093 rows=0 loops=1)
   ->  Incremental Sort  (cost=1736582.73..2507627.92 rows=10000054 width=20) (actual time=3061.623..6918.687 rows=10000000 loops=1)
         Sort Key: s_4.a, s_4.b, s_4.c, s_4.d, s_4.e
         Presorted Key: s_4.a, s_4.b, s_4.c, s_4.d
         Sort Method: quicksort  Memory: 136kB
         Sort Groups: 14641
         ->  Sort  (cost=1736542.04..1761542.18 rows=10000054 width=20) (actual time=3061.552..4102.827 rows=10000000 loops=1)
               Sort Key: s_4.a, s_4.b, s_4.c, s_4.d
               Sort Method: external merge  Disk: 293608kB
               ->  Seq Scan on s_4  (cost=0.00..163695.54 rows=10000054 width=20) (actual time=0.029..642.872 rows=10000000 loops=1)
 Planning time: 0.233 ms
 Execution time: 7172.987 ms
(12 rows)

===== 13 [Wed Mar  7 03:27:51 CET 2018] scale:10000000 groups:10 work_mem:8MB incremental:off max_workers:0 =====
SELECT * FROM (SELECT * FROM s_1 ORDER BY a) foo ORDER BY a, b
                                                             QUERY PLAN                                                             
------------------------------------------------------------------------------------------------------------------------------------
 Limit  (cost=3559343.47..3559343.47 rows=1 width=20) (actual time=7855.178..7855.178 rows=0 loops=1)
   ->  Sort  (cost=3434344.23..3459344.08 rows=9999939 width=20) (actual time=6700.913..7636.282 rows=10000000 loops=1)
         Sort Key: s_1.a, s_1.b
         Sort Method: external merge  Disk: 293608kB
         ->  Sort  (cost=1736519.69..1761519.54 rows=9999939 width=20) (actual time=2652.276..3605.245 rows=10000000 loops=1)
               Sort Key: s_1.a
               Sort Method: external merge  Disk: 293608kB
               ->  Seq Scan on s_1  (cost=0.00..163694.39 rows=9999939 width=20) (actual time=0.024..639.738 rows=10000000 loops=1)
 Planning time: 0.216 ms
 Execution time: 7913.211 ms
(10 rows)

===== 14 [Wed Mar  7 03:28:32 CET 2018] scale:10000000 groups:10 work_mem:8MB incremental:off max_workers:0 =====
SELECT * FROM (SELECT * FROM s_2 ORDER BY a, b) foo ORDER BY a, b, c
                                                             QUERY PLAN                                                              
-------------------------------------------------------------------------------------------------------------------------------------
 Limit  (cost=3559389.89..3559389.89 rows=1 width=20) (actual time=8415.545..8415.545 rows=0 loops=1)
   ->  Sort  (cost=3434389.22..3459389.35 rows=10000054 width=20) (actual time=7257.492..8195.448 rows=10000000 loops=1)
         Sort Key: s_2.a, s_2.b, s_2.c
         Sort Method: external merge  Disk: 293608kB
         ->  Sort  (cost=1736542.04..1761542.18 rows=10000054 width=20) (actual time=2880.811..3908.015 rows=10000000 loops=1)
               Sort Key: s_2.a, s_2.b
               Sort Method: external merge  Disk: 293608kB
               ->  Seq Scan on s_2  (cost=0.00..163695.54 rows=10000054 width=20) (actual time=0.035..637.833 rows=10000000 loops=1)
 Planning time: 0.220 ms
 Execution time: 8473.786 ms
(10 rows)

===== 15 [Wed Mar  7 03:29:17 CET 2018] scale:10000000 groups:10 work_mem:8MB incremental:off max_workers:0 =====
SELECT * FROM (SELECT * FROM s_3 ORDER BY a, b, c) foo ORDER BY a, b, c, d
                                                             QUERY PLAN                                                             
------------------------------------------------------------------------------------------------------------------------------------
 Limit  (cost=3559343.47..3559343.47 rows=1 width=20) (actual time=9149.007..9149.007 rows=0 loops=1)
   ->  Sort  (cost=3434344.23..3459344.08 rows=9999939 width=20) (actual time=8003.415..8928.995 rows=10000000 loops=1)
         Sort Key: s_3.a, s_3.b, s_3.c, s_3.d
         Sort Method: external merge  Disk: 293608kB
         ->  Sort  (cost=1736519.69..1761519.54 rows=9999939 width=20) (actual time=2979.908..4018.242 rows=10000000 loops=1)
               Sort Key: s_3.a, s_3.b, s_3.c
               Sort Method: external merge  Disk: 293608kB
               ->  Seq Scan on s_3  (cost=0.00..163694.39 rows=9999939 width=20) (actual time=0.032..637.096 rows=10000000 loops=1)
 Planning time: 0.224 ms
 Execution time: 9207.252 ms
(10 rows)

===== 16 [Wed Mar  7 03:30:06 CET 2018] scale:10000000 groups:10 work_mem:8MB incremental:off max_workers:0 =====
SELECT * FROM (SELECT * FROM s_4 ORDER BY a, b, c, d) foo ORDER BY a, b, c, d, e
                                                             QUERY PLAN                                                              
-------------------------------------------------------------------------------------------------------------------------------------
 Limit  (cost=3559389.89..3559389.89 rows=1 width=20) (actual time=10418.073..10418.073 rows=0 loops=1)
   ->  Sort  (cost=3434389.22..3459389.35 rows=10000054 width=20) (actual time=9269.383..10198.535 rows=10000000 loops=1)
         Sort Key: s_4.a, s_4.b, s_4.c, s_4.d, s_4.e
         Sort Method: external merge  Disk: 293608kB
         ->  Sort  (cost=1736542.04..1761542.18 rows=10000054 width=20) (actual time=3064.386..4105.980 rows=10000000 loops=1)
               Sort Key: s_4.a, s_4.b, s_4.c, s_4.d
               Sort Method: external merge  Disk: 293608kB
               ->  Seq Scan on s_4  (cost=0.00..163695.54 rows=10000054 width=20) (actual time=0.029..641.070 rows=10000000 loops=1)
 Planning time: 0.228 ms
 Execution time: 10476.332 ms
(10 rows)

===== 17 [Wed Mar  7 03:31:02 CET 2018] scale:10000000 groups:10 work_mem:16MB incremental:on max_workers:0 =====
SELECT * FROM (SELECT * FROM s_1 ORDER BY a) foo ORDER BY a, b
                                                             QUERY PLAN                                                             
------------------------------------------------------------------------------------------------------------------------------------
 Limit  (cost=3126224.75..3126224.75 rows=1 width=20) (actual time=6986.641..6986.641 rows=0 loops=1)
   ->  Incremental Sort  (cost=1651421.19..3026225.36 rows=9999939 width=20) (actual time=2080.378..6733.226 rows=10000000 loops=1)
         Sort Key: s_1.a, s_1.b
         Presorted Key: s_1.a
         Sort Method: external merge  Disk: 29440kB
         Sort Groups: 11
         ->  Sort  (cost=1531440.69..1556440.54 rows=9999939 width=20) (actual time=1883.873..2855.062 rows=10000000 loops=1)
               Sort Key: s_1.a
               Sort Method: external merge  Disk: 293904kB
               ->  Seq Scan on s_1  (cost=0.00..163694.39 rows=9999939 width=20) (actual time=0.024..637.918 rows=10000000 loops=1)
 Planning time: 0.219 ms
 Execution time: 7018.803 ms
(12 rows)

===== 18 [Wed Mar  7 03:31:38 CET 2018] scale:10000000 groups:10 work_mem:16MB incremental:on max_workers:0 =====
SELECT * FROM (SELECT * FROM s_2 ORDER BY a, b) foo ORDER BY a, b, c
                                                             QUERY PLAN                                                              
-------------------------------------------------------------------------------------------------------------------------------------
 Limit  (cost=2748200.59..2748200.59 rows=1 width=20) (actual time=6146.089..6146.089 rows=0 loops=1)
   ->  Incremental Sort  (cost=1539242.49..2648200.05 rows=10000054 width=20) (actual time=2027.591..5889.342 rows=10000000 loops=1)
         Sort Key: s_2.a, s_2.b, s_2.c
         Presorted Key: s_2.a, s_2.b
         Sort Method: quicksort  Memory: 10959kB
         Sort Groups: 121
         ->  Sort  (cost=1531459.54..1556459.68 rows=10000054 width=20) (actual time=2019.573..3113.759 rows=10000000 loops=1)
               Sort Key: s_2.a, s_2.b
               Sort Method: external merge  Disk: 293904kB
               ->  Seq Scan on s_2  (cost=0.00..163695.54 rows=10000054 width=20) (actual time=0.033..634.637 rows=10000000 loops=1)
 Planning time: 0.223 ms
 Execution time: 6176.871 ms
(12 rows)

===== 19 [Wed Mar  7 03:32:07 CET 2018] scale:10000000 groups:10 work_mem:16MB incremental:on max_workers:0 =====
SELECT * FROM (SELECT * FROM s_3 ORDER BY a, b, c) foo ORDER BY a, b, c, d
                                                             QUERY PLAN                                                             
------------------------------------------------------------------------------------------------------------------------------------
 Limit  (cost=2575220.59..2575220.59 rows=1 width=20) (actual time=5997.184..5997.184 rows=0 loops=1)
   ->  Incremental Sort  (cost=1532018.27..2475221.20 rows=9999939 width=20) (actual time=2094.247..5743.755 rows=10000000 loops=1)
         Sort Key: s_3.a, s_3.b, s_3.c, s_3.d
         Presorted Key: s_3.a, s_3.b, s_3.c
         Sort Method: quicksort  Memory: 1186kB
         Sort Groups: 1331
         ->  Sort  (cost=1531440.69..1556440.54 rows=9999939 width=20) (actual time=2093.809..3203.056 rows=10000000 loops=1)
               Sort Key: s_3.a, s_3.b, s_3.c
               Sort Method: external merge  Disk: 293904kB
               ->  Seq Scan on s_3  (cost=0.00..163694.39 rows=9999939 width=20) (actual time=0.031..634.776 rows=10000000 loops=1)
 Planning time: 0.226 ms
 Execution time: 6027.581 ms
(12 rows)

===== 20 [Wed Mar  7 03:32:37 CET 2018] scale:10000000 groups:10 work_mem:16MB incremental:on max_workers:0 =====
SELECT * FROM (SELECT * FROM s_4 ORDER BY a, b, c, d) foo ORDER BY a, b, c, d, e
                                                             QUERY PLAN                                                              
-------------------------------------------------------------------------------------------------------------------------------------
 Limit  (cost=2402545.96..2402545.96 rows=1 width=20) (actual time=6348.548..6348.548 rows=0 loops=1)
   ->  Incremental Sort  (cost=1531500.23..2302545.42 rows=10000054 width=20) (actual time=2160.876..6124.459 rows=10000000 loops=1)
         Sort Key: s_4.a, s_4.b, s_4.c, s_4.d, s_4.e
         Presorted Key: s_4.a, s_4.b, s_4.c, s_4.d
         Sort Method: quicksort  Memory: 136kB
         Sort Groups: 14641
         ->  Sort  (cost=1531459.54..1556459.68 rows=10000054 width=20) (actual time=2160.812..3270.045 rows=10000000 loops=1)
               Sort Key: s_4.a, s_4.b, s_4.c, s_4.d
               Sort Method: external merge  Disk: 293904kB
               ->  Seq Scan on s_4  (cost=0.00..163695.54 rows=10000054 width=20) (actual time=0.028..639.278 rows=10000000 loops=1)
 Planning time: 0.233 ms
 Execution time: 6378.762 ms
(12 rows)

===== 21 [Wed Mar  7 03:33:08 CET 2018] scale:10000000 groups:10 work_mem:16MB incremental:off max_workers:0 =====
SELECT * FROM (SELECT * FROM s_1 ORDER BY a) foo ORDER BY a, b
                                                             QUERY PLAN                                                             
------------------------------------------------------------------------------------------------------------------------------------
 Limit  (cost=3149185.47..3149185.47 rows=1 width=20) (actual time=6599.878..6599.878 rows=0 loops=1)
   ->  Sort  (cost=3024186.23..3049186.08 rows=9999939 width=20) (actual time=5370.526..6378.170 rows=10000000 loops=1)
         Sort Key: s_1.a, s_1.b
         Sort Method: external merge  Disk: 293904kB
         ->  Sort  (cost=1531440.69..1556440.54 rows=9999939 width=20) (actual time=1875.388..2835.767 rows=10000000 loops=1)
               Sort Key: s_1.a
               Sort Method: external merge  Disk: 293904kB
               ->  Seq Scan on s_1  (cost=0.00..163694.39 rows=9999939 width=20) (actual time=0.025..637.156 rows=10000000 loops=1)
 Planning time: 0.217 ms
 Execution time: 6657.836 ms
(10 rows)

===== 22 [Wed Mar  7 03:33:42 CET 2018] scale:10000000 groups:10 work_mem:16MB incremental:off max_workers:0 =====
SELECT * FROM (SELECT * FROM s_2 ORDER BY a, b) foo ORDER BY a, b, c
                                                             QUERY PLAN                                                              
-------------------------------------------------------------------------------------------------------------------------------------
 Limit  (cost=3149224.89..3149224.89 rows=1 width=20) (actual time=7070.163..7070.163 rows=0 loops=1)
   ->  Sort  (cost=3024224.22..3049224.35 rows=10000054 width=20) (actual time=5841.762..6848.363 rows=10000000 loops=1)
         Sort Key: s_2.a, s_2.b, s_2.c
         Sort Method: external merge  Disk: 293904kB
         ->  Sort  (cost=1531459.54..1556459.68 rows=10000054 width=20) (actual time=2009.274..3094.620 rows=10000000 loops=1)
               Sort Key: s_2.a, s_2.b
               Sort Method: external merge  Disk: 293904kB
               ->  Seq Scan on s_2  (cost=0.00..163695.54 rows=10000054 width=20) (actual time=0.034..634.052 rows=10000000 loops=1)
 Planning time: 0.222 ms
 Execution time: 7127.375 ms
(10 rows)

===== 23 [Wed Mar  7 03:34:18 CET 2018] scale:10000000 groups:10 work_mem:16MB incremental:off max_workers:0 =====
SELECT * FROM (SELECT * FROM s_3 ORDER BY a, b, c) foo ORDER BY a, b, c, d
                                                             QUERY PLAN                                                             
------------------------------------------------------------------------------------------------------------------------------------
 Limit  (cost=3149185.47..3149185.47 rows=1 width=20) (actual time=7754.394..7754.394 rows=0 loops=1)
   ->  Sort  (cost=3024186.23..3049186.08 rows=9999939 width=20) (actual time=6544.521..7532.728 rows=10000000 loops=1)
         Sort Key: s_3.a, s_3.b, s_3.c, s_3.d
         Sort Method: external merge  Disk: 293904kB
         ->  Sort  (cost=1531440.69..1556440.54 rows=9999939 width=20) (actual time=2080.956..3188.001 rows=10000000 loops=1)
               Sort Key: s_3.a, s_3.b, s_3.c
               Sort Method: external merge  Disk: 293904kB
               ->  Seq Scan on s_3  (cost=0.00..163694.39 rows=9999939 width=20) (actual time=0.031..634.242 rows=10000000 loops=1)
 Planning time: 0.223 ms
 Execution time: 7811.511 ms
(10 rows)

===== 24 [Wed Mar  7 03:34:59 CET 2018] scale:10000000 groups:10 work_mem:16MB incremental:off max_workers:0 =====
SELECT * FROM (SELECT * FROM s_4 ORDER BY a, b, c, d) foo ORDER BY a, b, c, d, e
                                                             QUERY PLAN                                                              
-------------------------------------------------------------------------------------------------------------------------------------
 Limit  (cost=3149224.89..3149224.89 rows=1 width=20) (actual time=8995.122..8995.122 rows=0 loops=1)
   ->  Sort  (cost=3024224.22..3049224.35 rows=10000054 width=20) (actual time=7781.743..8774.043 rows=10000000 loops=1)
         Sort Key: s_4.a, s_4.b, s_4.c, s_4.d, s_4.e
         Sort Method: external merge  Disk: 293904kB
         ->  Sort  (cost=1531459.54..1556459.68 rows=10000054 width=20) (actual time=2167.408..3275.329 rows=10000000 loops=1)
               Sort Key: s_4.a, s_4.b, s_4.c, s_4.d
               Sort Method: external merge  Disk: 293904kB
               ->  Seq Scan on s_4  (cost=0.00..163695.54 rows=10000054 width=20) (actual time=0.034..640.372 rows=10000000 loops=1)
 Planning time: 0.223 ms
 Execution time: 9052.407 ms
(10 rows)

===== 25 [Wed Mar  7 03:35:47 CET 2018] scale:10000000 groups:10 work_mem:32MB incremental:on max_workers:0 =====
SELECT * FROM (SELECT * FROM s_1 ORDER BY a) foo ORDER BY a, b
                                                             QUERY PLAN                                                             
------------------------------------------------------------------------------------------------------------------------------------
 Limit  (cost=3126224.75..3126224.75 rows=1 width=20) (actual time=7184.965..7184.965 rows=0 loops=1)
   ->  Incremental Sort  (cost=1651421.19..3026225.36 rows=9999939 width=20) (actual time=2064.014..6931.465 rows=10000000 loops=1)
         Sort Key: s_1.a, s_1.b
         Presorted Key: s_1.a
         Sort Method: external merge  Disk: 29408kB
         Sort Groups: 11
         ->  Sort  (cost=1531440.69..1556440.54 rows=9999939 width=20) (actual time=1849.377..2821.634 rows=10000000 loops=1)
               Sort Key: s_1.a
               Sort Method: external merge  Disk: 293576kB
               ->  Seq Scan on s_1  (cost=0.00..163694.39 rows=9999939 width=20) (actual time=0.025..637.127 rows=10000000 loops=1)
 Planning time: 0.222 ms
 Execution time: 7217.750 ms
(12 rows)

===== 26 [Wed Mar  7 03:36:23 CET 2018] scale:10000000 groups:10 work_mem:32MB incremental:on max_workers:0 =====
SELECT * FROM (SELECT * FROM s_2 ORDER BY a, b) foo ORDER BY a, b, c
                                                             QUERY PLAN                                                              
-------------------------------------------------------------------------------------------------------------------------------------
 Limit  (cost=2748200.59..2748200.59 rows=1 width=20) (actual time=6100.283..6100.283 rows=0 loops=1)
   ->  Incremental Sort  (cost=1539242.49..2648200.05 rows=10000054 width=20) (actual time=1986.735..5843.464 rows=10000000 loops=1)
         Sort Key: s_2.a, s_2.b, s_2.c
         Presorted Key: s_2.a, s_2.b
         Sort Method: quicksort  Memory: 10959kB
         Sort Groups: 121
         ->  Sort  (cost=1531459.54..1556459.68 rows=10000054 width=20) (actual time=1978.671..3047.935 rows=10000000 loops=1)
               Sort Key: s_2.a, s_2.b
               Sort Method: external merge  Disk: 293576kB
               ->  Seq Scan on s_2  (cost=0.00..163695.54 rows=10000054 width=20) (actual time=0.033..634.757 rows=10000000 loops=1)
 Planning time: 0.220 ms
 Execution time: 6131.902 ms
(12 rows)

===== 27 [Wed Mar  7 03:36:53 CET 2018] scale:10000000 groups:10 work_mem:32MB incremental:on max_workers:0 =====
SELECT * FROM (SELECT * FROM s_3 ORDER BY a, b, c) foo ORDER BY a, b, c, d
                                                             QUERY PLAN                                                             
------------------------------------------------------------------------------------------------------------------------------------
 Limit  (cost=2575220.59..2575220.59 rows=1 width=20) (actual time=5938.646..5938.646 rows=0 loops=1)
   ->  Incremental Sort  (cost=1532018.27..2475221.20 rows=9999939 width=20) (actual time=2078.213..5685.454 rows=10000000 loops=1)
         Sort Key: s_3.a, s_3.b, s_3.c, s_3.d
         Presorted Key: s_3.a, s_3.b, s_3.c
         Sort Method: quicksort  Memory: 1186kB
         Sort Groups: 1331
         ->  Sort  (cost=1531440.69..1556440.54 rows=9999939 width=20) (actual time=2077.740..3146.146 rows=10000000 loops=1)
               Sort Key: s_3.a, s_3.b, s_3.c
               Sort Method: external merge  Disk: 293576kB
               ->  Seq Scan on s_3  (cost=0.00..163694.39 rows=9999939 width=20) (actual time=0.032..635.538 rows=10000000 loops=1)
 Planning time: 0.228 ms
 Execution time: 5969.772 ms
(12 rows)

===== 28 [Wed Mar  7 03:37:21 CET 2018] scale:10000000 groups:10 work_mem:32MB incremental:on max_workers:0 =====
SELECT * FROM (SELECT * FROM s_4 ORDER BY a, b, c, d) foo ORDER BY a, b, c, d, e
                                                             QUERY PLAN                                                              
-------------------------------------------------------------------------------------------------------------------------------------
 Limit  (cost=2402545.96..2402545.96 rows=1 width=20) (actual time=6241.116..6241.116 rows=0 loops=1)
   ->  Incremental Sort  (cost=1531500.23..2302545.42 rows=10000054 width=20) (actual time=2132.039..6016.862 rows=10000000 loops=1)
         Sort Key: s_4.a, s_4.b, s_4.c, s_4.d, s_4.e
         Presorted Key: s_4.a, s_4.b, s_4.c, s_4.d
         Sort Method: quicksort  Memory: 136kB
         Sort Groups: 14641
         ->  Sort  (cost=1531459.54..1556459.68 rows=10000054 width=20) (actual time=2131.975..3193.528 rows=10000000 loops=1)
               Sort Key: s_4.a, s_4.b, s_4.c, s_4.d
               Sort Method: external merge  Disk: 293576kB
               ->  Seq Scan on s_4  (cost=0.00..163695.54 rows=10000054 width=20) (actual time=0.028..637.704 rows=10000000 loops=1)
 Planning time: 0.233 ms
 Execution time: 6272.211 ms
(12 rows)

===== 29 [Wed Mar  7 03:37:53 CET 2018] scale:10000000 groups:10 work_mem:32MB incremental:off max_workers:0 =====
SELECT * FROM (SELECT * FROM s_1 ORDER BY a) foo ORDER BY a, b
                                                             QUERY PLAN                                                             
------------------------------------------------------------------------------------------------------------------------------------
 Limit  (cost=3149185.47..3149185.47 rows=1 width=20) (actual time=6686.858..6686.858 rows=0 loops=1)
   ->  Sort  (cost=3024186.23..3049186.08 rows=9999939 width=20) (actual time=5466.699..6465.099 rows=10000000 loops=1)
         Sort Key: s_1.a, s_1.b
         Sort Method: external merge  Disk: 293576kB
         ->  Sort  (cost=1531440.69..1556440.54 rows=9999939 width=20) (actual time=1840.931..2797.533 rows=10000000 loops=1)
               Sort Key: s_1.a
               Sort Method: external merge  Disk: 293576kB
               ->  Seq Scan on s_1  (cost=0.00..163694.39 rows=9999939 width=20) (actual time=0.024..636.915 rows=10000000 loops=1)
 Planning time: 0.214 ms
 Execution time: 6745.575 ms
(10 rows)

===== 30 [Wed Mar  7 03:38:27 CET 2018] scale:10000000 groups:10 work_mem:32MB incremental:off max_workers:0 =====
SELECT * FROM (SELECT * FROM s_2 ORDER BY a, b) foo ORDER BY a, b, c
                                                             QUERY PLAN                                                              
-------------------------------------------------------------------------------------------------------------------------------------
 Limit  (cost=3149224.89..3149224.89 rows=1 width=20) (actual time=7125.264..7125.264 rows=0 loops=1)
   ->  Sort  (cost=3024224.22..3049224.35 rows=10000054 width=20) (actual time=5944.041..6904.237 rows=10000000 loops=1)
         Sort Key: s_2.a, s_2.b, s_2.c
         Sort Method: external merge  Disk: 293576kB
         ->  Sort  (cost=1531459.54..1556459.68 rows=10000054 width=20) (actual time=1971.518..3031.468 rows=10000000 loops=1)
               Sort Key: s_2.a, s_2.b
               Sort Method: external merge  Disk: 293576kB
               ->  Seq Scan on s_2  (cost=0.00..163695.54 rows=10000054 width=20) (actual time=0.033..633.185 rows=10000000 loops=1)
 Planning time: 0.211 ms
 Execution time: 7184.187 ms
(10 rows)

===== 31 [Wed Mar  7 03:39:03 CET 2018] scale:10000000 groups:10 work_mem:32MB incremental:off max_workers:0 =====
SELECT * FROM (SELECT * FROM s_3 ORDER BY a, b, c) foo ORDER BY a, b, c, d
                                                             QUERY PLAN                                                             
------------------------------------------------------------------------------------------------------------------------------------
 Limit  (cost=3149185.47..3149185.47 rows=1 width=20) (actual time=7797.827..7797.827 rows=0 loops=1)
   ->  Sort  (cost=3024186.23..3049186.08 rows=9999939 width=20) (actual time=6630.103..7576.878 rows=10000000 loops=1)
         Sort Key: s_3.a, s_3.b, s_3.c, s_3.d
         Sort Method: external merge  Disk: 293576kB
         ->  Sort  (cost=1531440.69..1556440.54 rows=9999939 width=20) (actual time=2041.945..3112.403 rows=10000000 loops=1)
               Sort Key: s_3.a, s_3.b, s_3.c
               Sort Method: external merge  Disk: 293576kB
               ->  Seq Scan on s_3  (cost=0.00..163694.39 rows=9999939 width=20) (actual time=0.031..633.566 rows=10000000 loops=1)
 Planning time: 0.218 ms
 Execution time: 7856.651 ms
(10 rows)

===== 32 [Wed Mar  7 03:39:44 CET 2018] scale:10000000 groups:10 work_mem:32MB incremental:off max_workers:0 =====
SELECT * FROM (SELECT * FROM s_4 ORDER BY a, b, c, d) foo ORDER BY a, b, c, d, e
                                                             QUERY PLAN                                                              
-------------------------------------------------------------------------------------------------------------------------------------
 Limit  (cost=3149224.89..3149224.89 rows=1 width=20) (actual time=9004.110..9004.110 rows=0 loops=1)
   ->  Sort  (cost=3024224.22..3049224.35 rows=10000054 width=20) (actual time=7831.221..8783.554 rows=10000000 loops=1)
         Sort Key: s_4.a, s_4.b, s_4.c, s_4.d, s_4.e
         Sort Method: external merge  Disk: 293576kB
         ->  Sort  (cost=1531459.54..1556459.68 rows=10000054 width=20) (actual time=2123.159..3185.182 rows=10000000 loops=1)
               Sort Key: s_4.a, s_4.b, s_4.c, s_4.d
               Sort Method: external merge  Disk: 293576kB
               ->  Seq Scan on s_4  (cost=0.00..163695.54 rows=10000054 width=20) (actual time=0.028..638.544 rows=10000000 loops=1)
 Planning time: 0.222 ms
 Execution time: 9062.996 ms
(10 rows)

===== 33 [Wed Mar  7 03:40:32 CET 2018] scale:10000000 groups:10 work_mem:64MB incremental:on max_workers:0 =====
SELECT * FROM (SELECT * FROM s_1 ORDER BY a) foo ORDER BY a, b
                                                             QUERY PLAN                                                             
------------------------------------------------------------------------------------------------------------------------------------
 Limit  (cost=2921135.25..2921135.25 rows=1 width=20) (actual time=7117.583..7117.583 rows=0 loops=1)
   ->  Incremental Sort  (cost=1632776.69..2821135.86 rows=9999939 width=20) (actual time=2047.445..6862.837 rows=10000000 loops=1)
         Sort Key: s_1.a, s_1.b
         Presorted Key: s_1.a
         Sort Method: external merge  Disk: 29408kB
         Sort Groups: 11
         ->  Sort  (cost=1531440.69..1556440.54 rows=9999939 width=20) (actual time=1881.712..2871.427 rows=10000000 loops=1)
               Sort Key: s_1.a
               Sort Method: external merge  Disk: 293648kB
               ->  Seq Scan on s_1  (cost=0.00..163694.39 rows=9999939 width=20) (actual time=0.024..637.812 rows=10000000 loops=1)
 Planning time: 0.218 ms
 Execution time: 7148.944 ms
(12 rows)

===== 34 [Wed Mar  7 03:41:08 CET 2018] scale:10000000 groups:10 work_mem:64MB incremental:on max_workers:0 =====
SELECT * FROM (SELECT * FROM s_2 ORDER BY a, b) foo ORDER BY a, b, c
                                                             QUERY PLAN                                                              
-------------------------------------------------------------------------------------------------------------------------------------
 Limit  (cost=2748200.59..2748200.59 rows=1 width=20) (actual time=6146.587..6146.587 rows=0 loops=1)
   ->  Incremental Sort  (cost=1539242.49..2648200.05 rows=10000054 width=20) (actual time=2021.346..5890.384 rows=10000000 loops=1)
         Sort Key: s_2.a, s_2.b, s_2.c
         Presorted Key: s_2.a, s_2.b
         Sort Method: quicksort  Memory: 10959kB
         Sort Groups: 121
         ->  Sort  (cost=1531459.54..1556459.68 rows=10000054 width=20) (actual time=2013.979..3074.249 rows=10000000 loops=1)
               Sort Key: s_2.a, s_2.b
               Sort Method: external merge  Disk: 293648kB
               ->  Seq Scan on s_2  (cost=0.00..163695.54 rows=10000054 width=20) (actual time=0.034..635.667 rows=10000000 loops=1)
 Planning time: 0.223 ms
 Execution time: 6176.175 ms
(12 rows)

===== 35 [Wed Mar  7 03:41:38 CET 2018] scale:10000000 groups:10 work_mem:64MB incremental:on max_workers:0 =====
SELECT * FROM (SELECT * FROM s_3 ORDER BY a, b, c) foo ORDER BY a, b, c, d
                                                             QUERY PLAN                                                             
------------------------------------------------------------------------------------------------------------------------------------
 Limit  (cost=2575220.59..2575220.59 rows=1 width=20) (actual time=5928.906..5928.906 rows=0 loops=1)
   ->  Incremental Sort  (cost=1532018.27..2475221.20 rows=9999939 width=20) (actual time=2088.062..5674.946 rows=10000000 loops=1)
         Sort Key: s_3.a, s_3.b, s_3.c, s_3.d
         Presorted Key: s_3.a, s_3.b, s_3.c
         Sort Method: quicksort  Memory: 1186kB
         Sort Groups: 1331
         ->  Sort  (cost=1531440.69..1556440.54 rows=9999939 width=20) (actual time=2087.625..3127.517 rows=10000000 loops=1)
               Sort Key: s_3.a, s_3.b, s_3.c
               Sort Method: external merge  Disk: 293648kB
               ->  Seq Scan on s_3  (cost=0.00..163694.39 rows=9999939 width=20) (actual time=0.032..634.291 rows=10000000 loops=1)
 Planning time: 0.228 ms
 Execution time: 5958.440 ms
(12 rows)

===== 36 [Wed Mar  7 03:42:07 CET 2018] scale:10000000 groups:10 work_mem:64MB incremental:on max_workers:0 =====
SELECT * FROM (SELECT * FROM s_4 ORDER BY a, b, c, d) foo ORDER BY a, b, c, d, e
                                                             QUERY PLAN                                                              
-------------------------------------------------------------------------------------------------------------------------------------
 Limit  (cost=2402545.96..2402545.96 rows=1 width=20) (actual time=6246.469..6246.469 rows=0 loops=1)
   ->  Incremental Sort  (cost=1531500.23..2302545.42 rows=10000054 width=20) (actual time=2154.774..6022.446 rows=10000000 loops=1)
         Sort Key: s_4.a, s_4.b, s_4.c, s_4.d, s_4.e
         Presorted Key: s_4.a, s_4.b, s_4.c, s_4.d
         Sort Method: quicksort  Memory: 136kB
         Sort Groups: 14641
         ->  Sort  (cost=1531459.54..1556459.68 rows=10000054 width=20) (actual time=2154.708..3185.554 rows=10000000 loops=1)
               Sort Key: s_4.a, s_4.b, s_4.c, s_4.d
               Sort Method: external merge  Disk: 293648kB
               ->  Seq Scan on s_4  (cost=0.00..163695.54 rows=10000054 width=20) (actual time=0.032..639.009 rows=10000000 loops=1)
 Planning time: 0.237 ms
 Execution time: 6278.903 ms
(12 rows)

===== 37 [Wed Mar  7 03:42:38 CET 2018] scale:10000000 groups:10 work_mem:64MB incremental:off max_workers:0 =====
SELECT * FROM (SELECT * FROM s_1 ORDER BY a) foo ORDER BY a, b
                                                             QUERY PLAN                                                             
------------------------------------------------------------------------------------------------------------------------------------
 Limit  (cost=3149185.47..3149185.47 rows=1 width=20) (actual time=6850.926..6850.926 rows=0 loops=1)
   ->  Sort  (cost=3024186.23..3049186.08 rows=9999939 width=20) (actual time=5636.240..6628.662 rows=10000000 loops=1)
         Sort Key: s_1.a, s_1.b
         Sort Method: external merge  Disk: 293648kB
         ->  Sort  (cost=1531440.69..1556440.54 rows=9999939 width=20) (actual time=1869.873..2847.216 rows=10000000 loops=1)
               Sort Key: s_1.a
               Sort Method: external merge  Disk: 293648kB
               ->  Seq Scan on s_1  (cost=0.00..163694.39 rows=9999939 width=20) (actual time=0.025..637.037 rows=10000000 loops=1)
 Planning time: 0.220 ms
 Execution time: 6911.225 ms
(10 rows)

===== 38 [Wed Mar  7 03:43:13 CET 2018] scale:10000000 groups:10 work_mem:64MB incremental:off max_workers:0 =====
SELECT * FROM (SELECT * FROM s_2 ORDER BY a, b) foo ORDER BY a, b, c
                                                             QUERY PLAN                                                              
-------------------------------------------------------------------------------------------------------------------------------------
 Limit  (cost=3149224.89..3149224.89 rows=1 width=20) (actual time=7349.140..7349.140 rows=0 loops=1)
   ->  Sort  (cost=3024224.22..3049224.35 rows=10000054 width=20) (actual time=6199.800..7128.992 rows=10000000 loops=1)
         Sort Key: s_2.a, s_2.b, s_2.c
         Sort Method: external merge  Disk: 293648kB
         ->  Sort  (cost=1531459.54..1556459.68 rows=10000054 width=20) (actual time=2001.001..3063.886 rows=10000000 loops=1)
               Sort Key: s_2.a, s_2.b
               Sort Method: external merge  Disk: 293648kB
               ->  Seq Scan on s_2  (cost=0.00..163695.54 rows=10000054 width=20) (actual time=0.034..635.823 rows=10000000 loops=1)
 Planning time: 0.217 ms
 Execution time: 7406.418 ms
(10 rows)

===== 39 [Wed Mar  7 03:43:51 CET 2018] scale:10000000 groups:10 work_mem:64MB incremental:off max_workers:0 =====
SELECT * FROM (SELECT * FROM s_3 ORDER BY a, b, c) foo ORDER BY a, b, c, d
                                                             QUERY PLAN                                                             
------------------------------------------------------------------------------------------------------------------------------------
 Limit  (cost=3149185.47..3149185.47 rows=1 width=20) (actual time=8005.992..8005.992 rows=0 loops=1)
   ->  Sort  (cost=3024186.23..3049186.08 rows=9999939 width=20) (actual time=6864.792..7785.932 rows=10000000 loops=1)
         Sort Key: s_3.a, s_3.b, s_3.c, s_3.d
         Sort Method: external merge  Disk: 293648kB
         ->  Sort  (cost=1531440.69..1556440.54 rows=9999939 width=20) (actual time=2072.640..3141.136 rows=10000000 loops=1)
               Sort Key: s_3.a, s_3.b, s_3.c
               Sort Method: external merge  Disk: 293648kB
               ->  Seq Scan on s_3  (cost=0.00..163694.39 rows=9999939 width=20) (actual time=0.032..634.796 rows=10000000 loops=1)
 Planning time: 0.221 ms
 Execution time: 8063.479 ms
(10 rows)

===== 40 [Wed Mar  7 03:44:32 CET 2018] scale:10000000 groups:10 work_mem:64MB incremental:off max_workers:0 =====
SELECT * FROM (SELECT * FROM s_4 ORDER BY a, b, c, d) foo ORDER BY a, b, c, d, e
                                                             QUERY PLAN                                                              
-------------------------------------------------------------------------------------------------------------------------------------
 Limit  (cost=3149224.89..3149224.89 rows=1 width=20) (actual time=9166.015..9166.015 rows=0 loops=1)
   ->  Sort  (cost=3024224.22..3049224.35 rows=10000054 width=20) (actual time=8024.492..8945.906 rows=10000000 loops=1)
         Sort Key: s_4.a, s_4.b, s_4.c, s_4.d, s_4.e
         Sort Method: external merge  Disk: 293648kB
         ->  Sort  (cost=1531459.54..1556459.68 rows=10000054 width=20) (actual time=2152.119..3189.277 rows=10000000 loops=1)
               Sort Key: s_4.a, s_4.b, s_4.c, s_4.d
               Sort Method: external merge  Disk: 293648kB
               ->  Seq Scan on s_4  (cost=0.00..163695.54 rows=10000054 width=20) (actual time=0.032..639.266 rows=10000000 loops=1)
 Planning time: 0.232 ms
 Execution time: 9223.402 ms
(10 rows)

===== 41 [Wed Mar  7 03:45:22 CET 2018] scale:10000000 groups:10 work_mem:128MB incremental:on max_workers:0 =====
SELECT * FROM (SELECT * FROM s_1 ORDER BY a) foo ORDER BY a, b
                                                             QUERY PLAN                                                             
------------------------------------------------------------------------------------------------------------------------------------
 Limit  (cost=2921135.25..2921135.25 rows=1 width=20) (actual time=6104.836..6104.836 rows=0 loops=1)
   ->  Incremental Sort  (cost=1632776.69..2821135.86 rows=9999939 width=20) (actual time=2109.003..5841.048 rows=10000000 loops=1)
         Sort Key: s_1.a, s_1.b
         Presorted Key: s_1.a
         Sort Method: quicksort  Memory: 102834kB
         Sort Groups: 11
         ->  Sort  (cost=1531440.69..1556440.54 rows=9999939 width=20) (actual time=1945.971..2879.432 rows=10000000 loops=1)
               Sort Key: s_1.a
               Sort Method: external merge  Disk: 293568kB
               ->  Seq Scan on s_1  (cost=0.00..163694.39 rows=9999939 width=20) (actual time=0.023..641.099 rows=10000000 loops=1)
 Planning time: 0.220 ms
 Execution time: 6141.633 ms
(12 rows)

===== 42 [Wed Mar  7 03:45:51 CET 2018] scale:10000000 groups:10 work_mem:128MB incremental:on max_workers:0 =====
SELECT * FROM (SELECT * FROM s_2 ORDER BY a, b) foo ORDER BY a, b, c
                                                             QUERY PLAN                                                              
-------------------------------------------------------------------------------------------------------------------------------------
 Limit  (cost=2748200.59..2748200.59 rows=1 width=20) (actual time=6110.038..6110.038 rows=0 loops=1)
   ->  Incremental Sort  (cost=1539242.49..2648200.05 rows=10000054 width=20) (actual time=2084.330..5854.063 rows=10000000 loops=1)
         Sort Key: s_2.a, s_2.b, s_2.c
         Presorted Key: s_2.a, s_2.b
         Sort Method: quicksort  Memory: 10959kB
         Sort Groups: 121
         ->  Sort  (cost=1531459.54..1556459.68 rows=10000054 width=20) (actual time=2077.550..3048.670 rows=10000000 loops=1)
               Sort Key: s_2.a, s_2.b
               Sort Method: external merge  Disk: 293568kB
               ->  Seq Scan on s_2  (cost=0.00..163695.54 rows=10000054 width=20) (actual time=0.034..639.448 rows=10000000 loops=1)
 Planning time: 0.225 ms
 Execution time: 6140.030 ms
(12 rows)

===== 43 [Wed Mar  7 03:46:21 CET 2018] scale:10000000 groups:10 work_mem:128MB incremental:on max_workers:0 =====
SELECT * FROM (SELECT * FROM s_3 ORDER BY a, b, c) foo ORDER BY a, b, c, d
                                                             QUERY PLAN                                                             
------------------------------------------------------------------------------------------------------------------------------------
 Limit  (cost=2575220.59..2575220.59 rows=1 width=20) (actual time=5958.446..5958.446 rows=0 loops=1)
   ->  Incremental Sort  (cost=1532018.27..2475221.20 rows=9999939 width=20) (actual time=2148.607..5703.979 rows=10000000 loops=1)
         Sort Key: s_3.a, s_3.b, s_3.c, s_3.d
         Presorted Key: s_3.a, s_3.b, s_3.c
         Sort Method: quicksort  Memory: 1186kB
         Sort Groups: 1331
         ->  Sort  (cost=1531440.69..1556440.54 rows=9999939 width=20) (actual time=2148.177..3128.370 rows=10000000 loops=1)
               Sort Key: s_3.a, s_3.b, s_3.c
               Sort Method: external merge  Disk: 293568kB
               ->  Seq Scan on s_3  (cost=0.00..163694.39 rows=9999939 width=20) (actual time=0.031..638.261 rows=10000000 loops=1)
 Planning time: 0.222 ms
 Execution time: 5992.388 ms
(12 rows)

===== 44 [Wed Mar  7 03:46:50 CET 2018] scale:10000000 groups:10 work_mem:128MB incremental:on max_workers:0 =====
SELECT * FROM (SELECT * FROM s_4 ORDER BY a, b, c, d) foo ORDER BY a, b, c, d, e
                                                             QUERY PLAN                                                              
-------------------------------------------------------------------------------------------------------------------------------------
 Limit  (cost=2402545.96..2402545.96 rows=1 width=20) (actual time=6316.126..6316.126 rows=0 loops=1)
   ->  Incremental Sort  (cost=1531500.23..2302545.42 rows=10000054 width=20) (actual time=2283.797..6092.029 rows=10000000 loops=1)
         Sort Key: s_4.a, s_4.b, s_4.c, s_4.d, s_4.e
         Presorted Key: s_4.a, s_4.b, s_4.c, s_4.d
         Sort Method: quicksort  Memory: 136kB
         Sort Groups: 14641
         ->  Sort  (cost=1531459.54..1556459.68 rows=10000054 width=20) (actual time=2283.733..3262.250 rows=10000000 loops=1)
               Sort Key: s_4.a, s_4.b, s_4.c, s_4.d
               Sort Method: external merge  Disk: 293568kB
               ->  Seq Scan on s_4  (cost=0.00..163695.54 rows=10000054 width=20) (actual time=0.032..637.261 rows=10000000 loops=1)
 Planning time: 0.235 ms
 Execution time: 6350.119 ms
(12 rows)

===== 45 [Wed Mar  7 03:47:21 CET 2018] scale:10000000 groups:10 work_mem:128MB incremental:off max_workers:0 =====
SELECT * FROM (SELECT * FROM s_1 ORDER BY a) foo ORDER BY a, b
                                                             QUERY PLAN                                                             
------------------------------------------------------------------------------------------------------------------------------------
 Limit  (cost=3149185.47..3149185.47 rows=1 width=20) (actual time=6880.633..6880.633 rows=0 loops=1)
   ->  Sort  (cost=3024186.23..3049186.08 rows=9999939 width=20) (actual time=5757.248..6661.064 rows=10000000 loops=1)
         Sort Key: s_1.a, s_1.b
         Sort Method: external merge  Disk: 293568kB
         ->  Sort  (cost=1531440.69..1556440.54 rows=9999939 width=20) (actual time=1935.056..2863.870 rows=10000000 loops=1)
               Sort Key: s_1.a
               Sort Method: external merge  Disk: 293568kB
               ->  Seq Scan on s_1  (cost=0.00..163694.39 rows=9999939 width=20) (actual time=0.023..640.412 rows=10000000 loops=1)
 Planning time: 0.212 ms
 Execution time: 6942.311 ms
(10 rows)

===== 46 [Wed Mar  7 03:47:56 CET 2018] scale:10000000 groups:10 work_mem:128MB incremental:off max_workers:0 =====
SELECT * FROM (SELECT * FROM s_2 ORDER BY a, b) foo ORDER BY a, b, c
                                                             QUERY PLAN                                                              
-------------------------------------------------------------------------------------------------------------------------------------
 Limit  (cost=3149224.89..3149224.89 rows=1 width=20) (actual time=7438.761..7438.761 rows=0 loops=1)
   ->  Sort  (cost=3024224.22..3049224.35 rows=10000054 width=20) (actual time=6350.498..7219.762 rows=10000000 loops=1)
         Sort Key: s_2.a, s_2.b, s_2.c
         Sort Method: external merge  Disk: 293568kB
         ->  Sort  (cost=1531459.54..1556459.68 rows=10000054 width=20) (actual time=2065.553..3030.825 rows=10000000 loops=1)
               Sort Key: s_2.a, s_2.b
               Sort Method: external merge  Disk: 293568kB
               ->  Seq Scan on s_2  (cost=0.00..163695.54 rows=10000054 width=20) (actual time=0.033..638.259 rows=10000000 loops=1)
 Planning time: 0.212 ms
 Execution time: 7500.671 ms
(10 rows)

===== 47 [Wed Mar  7 03:48:35 CET 2018] scale:10000000 groups:10 work_mem:128MB incremental:off max_workers:0 =====
SELECT * FROM (SELECT * FROM s_3 ORDER BY a, b, c) foo ORDER BY a, b, c, d
                                                             QUERY PLAN                                                             
------------------------------------------------------------------------------------------------------------------------------------
 Limit  (cost=3149185.47..3149185.47 rows=1 width=20) (actual time=8082.222..8082.222 rows=0 loops=1)
   ->  Sort  (cost=3024186.23..3049186.08 rows=9999939 width=20) (actual time=6997.207..7863.131 rows=10000000 loops=1)
         Sort Key: s_3.a, s_3.b, s_3.c, s_3.d
         Sort Method: external merge  Disk: 293568kB
         ->  Sort  (cost=1531440.69..1556440.54 rows=9999939 width=20) (actual time=2141.894..3110.326 rows=10000000 loops=1)
               Sort Key: s_3.a, s_3.b, s_3.c
               Sort Method: external merge  Disk: 293568kB
               ->  Seq Scan on s_3  (cost=0.00..163694.39 rows=9999939 width=20) (actual time=0.031..638.279 rows=10000000 loops=1)
 Planning time: 0.219 ms
 Execution time: 8144.001 ms
(10 rows)

===== 48 [Wed Mar  7 03:49:17 CET 2018] scale:10000000 groups:10 work_mem:128MB incremental:off max_workers:0 =====
SELECT * FROM (SELECT * FROM s_4 ORDER BY a, b, c, d) foo ORDER BY a, b, c, d, e
                                                             QUERY PLAN                                                              
-------------------------------------------------------------------------------------------------------------------------------------
 Limit  (cost=3149224.89..3149224.89 rows=1 width=20) (actual time=9276.114..9276.114 rows=0 loops=1)
   ->  Sort  (cost=3024224.22..3049224.35 rows=10000054 width=20) (actual time=8203.598..9057.157 rows=10000000 loops=1)
         Sort Key: s_4.a, s_4.b, s_4.c, s_4.d, s_4.e
         Sort Method: external merge  Disk: 293568kB
         ->  Sort  (cost=1531459.54..1556459.68 rows=10000054 width=20) (actual time=2217.793..3182.724 rows=10000000 loops=1)
               Sort Key: s_4.a, s_4.b, s_4.c, s_4.d
               Sort Method: external merge  Disk: 293568kB
               ->  Seq Scan on s_4  (cost=0.00..163695.54 rows=10000054 width=20) (actual time=0.033..643.913 rows=10000000 loops=1)
 Planning time: 0.231 ms
 Execution time: 9337.877 ms
(10 rows)

===== 49 [Wed Mar  7 03:50:07 CET 2018] scale:10000000 groups:10 work_mem:256MB incremental:on max_workers:0 =====
SELECT * FROM (SELECT * FROM s_1 ORDER BY a) foo ORDER BY a, b
                                                             QUERY PLAN                                                             
------------------------------------------------------------------------------------------------------------------------------------
 Limit  (cost=2921135.25..2921135.25 rows=1 width=20) (actual time=6194.986..6194.986 rows=0 loops=1)
   ->  Incremental Sort  (cost=1632776.69..2821135.86 rows=9999939 width=20) (actual time=2244.687..5931.409 rows=10000000 loops=1)
         Sort Key: s_1.a, s_1.b
         Presorted Key: s_1.a
         Sort Method: quicksort  Memory: 102834kB
         Sort Groups: 11
         ->  Sort  (cost=1531440.69..1556440.54 rows=9999939 width=20) (actual time=2084.485..2932.983 rows=10000000 loops=1)
               Sort Key: s_1.a
               Sort Method: external merge  Disk: 293552kB
               ->  Seq Scan on s_1  (cost=0.00..163694.39 rows=9999939 width=20) (actual time=0.024..649.924 rows=10000000 loops=1)
 Planning time: 0.221 ms
 Execution time: 6231.988 ms
(12 rows)

===== 50 [Wed Mar  7 03:50:38 CET 2018] scale:10000000 groups:10 work_mem:256MB incremental:on max_workers:0 =====
SELECT * FROM (SELECT * FROM s_2 ORDER BY a, b) foo ORDER BY a, b, c
                                                             QUERY PLAN                                                              
-------------------------------------------------------------------------------------------------------------------------------------
 Limit  (cost=2748200.59..2748200.59 rows=1 width=20) (actual time=6091.971..6091.971 rows=0 loops=1)
   ->  Incremental Sort  (cost=1539242.49..2648200.05 rows=10000054 width=20) (actual time=2228.790..5835.020 rows=10000000 loops=1)
         Sort Key: s_2.a, s_2.b, s_2.c
         Presorted Key: s_2.a, s_2.b
         Sort Method: quicksort  Memory: 10959kB
         Sort Groups: 121
         ->  Sort  (cost=1531459.54..1556459.68 rows=10000054 width=20) (actual time=2221.226..3074.389 rows=10000000 loops=1)
               Sort Key: s_2.a, s_2.b
               Sort Method: external merge  Disk: 293552kB
               ->  Seq Scan on s_2  (cost=0.00..163695.54 rows=10000054 width=20) (actual time=0.033..649.779 rows=10000000 loops=1)
 Planning time: 0.221 ms
 Execution time: 6128.212 ms
(12 rows)

===== 51 [Wed Mar  7 03:51:07 CET 2018] scale:10000000 groups:10 work_mem:256MB incremental:on max_workers:0 =====
SELECT * FROM (SELECT * FROM s_3 ORDER BY a, b, c) foo ORDER BY a, b, c, d
                                                             QUERY PLAN                                                             
------------------------------------------------------------------------------------------------------------------------------------
 Limit  (cost=2575220.59..2575220.59 rows=1 width=20) (actual time=5993.321..5993.321 rows=0 loops=1)
   ->  Incremental Sort  (cost=1532018.27..2475221.20 rows=9999939 width=20) (actual time=2293.817..5738.356 rows=10000000 loops=1)
         Sort Key: s_3.a, s_3.b, s_3.c, s_3.d
         Presorted Key: s_3.a, s_3.b, s_3.c
         Sort Method: quicksort  Memory: 1186kB
         Sort Groups: 1331
         ->  Sort  (cost=1531440.69..1556440.54 rows=9999939 width=20) (actual time=2293.390..3159.111 rows=10000000 loops=1)
               Sort Key: s_3.a, s_3.b, s_3.c
               Sort Method: external merge  Disk: 293552kB
               ->  Seq Scan on s_3  (cost=0.00..163694.39 rows=9999939 width=20) (actual time=0.032..648.717 rows=10000000 loops=1)
 Planning time: 0.227 ms
 Execution time: 6029.287 ms
(12 rows)

===== 52 [Wed Mar  7 03:51:36 CET 2018] scale:10000000 groups:10 work_mem:256MB incremental:on max_workers:0 =====
SELECT * FROM (SELECT * FROM s_4 ORDER BY a, b, c, d) foo ORDER BY a, b, c, d, e
                                                             QUERY PLAN                                                              
-------------------------------------------------------------------------------------------------------------------------------------
 Limit  (cost=2402545.96..2402545.96 rows=1 width=20) (actual time=6307.505..6307.505 rows=0 loops=1)
   ->  Incremental Sort  (cost=1531500.23..2302545.42 rows=10000054 width=20) (actual time=2409.835..6083.107 rows=10000000 loops=1)
         Sort Key: s_4.a, s_4.b, s_4.c, s_4.d, s_4.e
         Presorted Key: s_4.a, s_4.b, s_4.c, s_4.d
         Sort Method: quicksort  Memory: 136kB
         Sort Groups: 14641
         ->  Sort  (cost=1531459.54..1556459.68 rows=10000054 width=20) (actual time=2409.769..3270.239 rows=10000000 loops=1)
               Sort Key: s_4.a, s_4.b, s_4.c, s_4.d
               Sort Method: external merge  Disk: 293552kB
               ->  Seq Scan on s_4  (cost=0.00..163695.54 rows=10000054 width=20) (actual time=0.030..646.750 rows=10000000 loops=1)
 Planning time: 0.232 ms
 Execution time: 6343.373 ms
(12 rows)

===== 53 [Wed Mar  7 03:52:07 CET 2018] scale:10000000 groups:10 work_mem:256MB incremental:off max_workers:0 =====
SELECT * FROM (SELECT * FROM s_1 ORDER BY a) foo ORDER BY a, b
                                                             QUERY PLAN                                                             
------------------------------------------------------------------------------------------------------------------------------------
 Limit  (cost=3149185.47..3149185.47 rows=1 width=20) (actual time=7032.693..7032.693 rows=0 loops=1)
   ->  Sort  (cost=3024186.23..3049186.08 rows=9999939 width=20) (actual time=6028.648..6814.378 rows=10000000 loops=1)
         Sort Key: s_1.a, s_1.b
         Sort Method: external merge  Disk: 293552kB
         ->  Sort  (cost=1531440.69..1556440.54 rows=9999939 width=20) (actual time=2070.411..2921.646 rows=10000000 loops=1)
               Sort Key: s_1.a
               Sort Method: external merge  Disk: 293552kB
               ->  Seq Scan on s_1  (cost=0.00..163694.39 rows=9999939 width=20) (actual time=0.024..649.062 rows=10000000 loops=1)
 Planning time: 0.229 ms
 Execution time: 7097.961 ms
(10 rows)

===== 54 [Wed Mar  7 03:52:44 CET 2018] scale:10000000 groups:10 work_mem:256MB incremental:off max_workers:0 =====
SELECT * FROM (SELECT * FROM s_2 ORDER BY a, b) foo ORDER BY a, b, c
                                                             QUERY PLAN                                                              
-------------------------------------------------------------------------------------------------------------------------------------
 Limit  (cost=3149224.89..3149224.89 rows=1 width=20) (actual time=7625.945..7625.945 rows=0 loops=1)
   ->  Sort  (cost=3024224.22..3049224.35 rows=10000054 width=20) (actual time=6648.883..7407.612 rows=10000000 loops=1)
         Sort Key: s_2.a, s_2.b, s_2.c
         Sort Method: external merge  Disk: 293552kB
         ->  Sort  (cost=1531459.54..1556459.68 rows=10000054 width=20) (actual time=2211.061..3069.595 rows=10000000 loops=1)
               Sort Key: s_2.a, s_2.b
               Sort Method: external merge  Disk: 293552kB
               ->  Seq Scan on s_2  (cost=0.00..163695.54 rows=10000054 width=20) (actual time=0.034..649.281 rows=10000000 loops=1)
 Planning time: 0.213 ms
 Execution time: 7691.278 ms
(10 rows)

===== 55 [Wed Mar  7 03:53:24 CET 2018] scale:10000000 groups:10 work_mem:256MB incremental:off max_workers:0 =====
SELECT * FROM (SELECT * FROM s_3 ORDER BY a, b, c) foo ORDER BY a, b, c, d
                                                             QUERY PLAN                                                             
------------------------------------------------------------------------------------------------------------------------------------
 Limit  (cost=3149185.47..3149185.47 rows=1 width=20) (actual time=8254.957..8254.957 rows=0 loops=1)
   ->  Sort  (cost=3024186.23..3049186.08 rows=9999939 width=20) (actual time=7279.298..8036.663 rows=10000000 loops=1)
         Sort Key: s_3.a, s_3.b, s_3.c, s_3.d
         Sort Method: external merge  Disk: 293552kB
         ->  Sort  (cost=1531440.69..1556440.54 rows=9999939 width=20) (actual time=2274.936..3134.969 rows=10000000 loops=1)
               Sort Key: s_3.a, s_3.b, s_3.c
               Sort Method: external merge  Disk: 293552kB
               ->  Seq Scan on s_3  (cost=0.00..163694.39 rows=9999939 width=20) (actual time=0.032..646.269 rows=10000000 loops=1)
 Planning time: 0.221 ms
 Execution time: 8320.393 ms
(10 rows)

===== 56 [Wed Mar  7 03:54:07 CET 2018] scale:10000000 groups:10 work_mem:256MB incremental:off max_workers:0 =====
SELECT * FROM (SELECT * FROM s_4 ORDER BY a, b, c, d) foo ORDER BY a, b, c, d, e
                                                             QUERY PLAN                                                              
-------------------------------------------------------------------------------------------------------------------------------------
 Limit  (cost=3149224.89..3149224.89 rows=1 width=20) (actual time=9525.262..9525.262 rows=0 loops=1)
   ->  Sort  (cost=3024224.22..3049224.35 rows=10000054 width=20) (actual time=8538.109..9306.939 rows=10000000 loops=1)
         Sort Key: s_4.a, s_4.b, s_4.c, s_4.d, s_4.e
         Sort Method: external merge  Disk: 293552kB
         ->  Sort  (cost=1531459.54..1556459.68 rows=10000054 width=20) (actual time=2355.487..3232.016 rows=10000000 loops=1)
               Sort Key: s_4.a, s_4.b, s_4.c, s_4.d
               Sort Method: external merge  Disk: 293552kB
               ->  Seq Scan on s_4  (cost=0.00..163695.54 rows=10000054 width=20) (actual time=0.032..653.310 rows=10000000 loops=1)
 Planning time: 0.229 ms
 Execution time: 9590.682 ms
(10 rows)

===== 57 [Wed Mar  7 03:54:58 CET 2018] scale:10000000 groups:10 work_mem:4MB incremental:on max_workers:2 =====
SELECT * FROM (SELECT * FROM s_1 ORDER BY a) foo ORDER BY a, b
                                                                    QUERY PLAN                                                                    
--------------------------------------------------------------------------------------------------------------------------------------------------
 Limit  (cost=3004862.53..3004862.53 rows=1 width=20) (actual time=6325.933..6325.933 rows=0 loops=1)
   ->  Incremental Sort  (cost=920873.42..2921529.71 rows=8333282 width=20) (actual time=1195.608..6104.452 rows=10000000 loops=1)
         Sort Key: s_1.a, s_1.b
         Presorted Key: s_1.a
         Sort Method: external merge  Disk: 29416kB
         Sort Groups: 11
         ->  Gather Merge  (cost=735391.06..1707675.17 rows=8333282 width=20) (actual time=1015.456..2559.571 rows=10000000 loops=1)
               Workers Planned: 2
               Workers Launched: 2
               ->  Sort  (cost=734391.04..744807.64 rows=4166641 width=20) (actual time=1000.278..1330.376 rows=3333333 loops=3)
                     Sort Key: s_1.a
                     Sort Method: external merge  Disk: 95472kB
                     Worker 0:  Sort Method: external merge  Disk: 98112kB
                     Worker 1:  Sort Method: external merge  Disk: 100024kB
                     ->  Parallel Seq Scan on s_1  (cost=0.00..105361.41 rows=4166641 width=20) (actual time=0.023..235.538 rows=3333333 loops=3)
 Planning time: 0.234 ms
 Execution time: 6337.980 ms
(17 rows)

===== 58 [Wed Mar  7 03:55:30 CET 2018] scale:10000000 groups:10 work_mem:4MB incremental:on max_workers:2 =====
SELECT * FROM (SELECT * FROM s_2 ORDER BY a, b) foo ORDER BY a, b, c
                                                                    QUERY PLAN                                                                    
--------------------------------------------------------------------------------------------------------------------------------------------------
 Limit  (cost=2689857.44..2689857.44 rows=1 width=20) (actual time=6881.285..6881.285 rows=0 loops=1)
   ->  Incremental Sort  (cost=749662.70..2606523.66 rows=8333378 width=20) (actual time=1091.462..6659.701 rows=10000000 loops=1)
         Sort Key: s_2.a, s_2.b, s_2.c
         Presorted Key: s_2.a, s_2.b
         Sort Method: external merge  Disk: 2968kB
         Sort Groups: 121
         ->  Gather Merge  (cost=735404.16..1707699.48 rows=8333378 width=20) (actual time=1080.854..2953.307 rows=10000000 loops=1)
               Workers Planned: 2
               Workers Launched: 2
               ->  Sort  (cost=734404.14..744820.86 rows=4166689 width=20) (actual time=1077.680..1428.143 rows=3333333 loops=3)
                     Sort Key: s_2.a, s_2.b
                     Sort Method: external merge  Disk: 98624kB
                     Worker 0:  Sort Method: external merge  Disk: 97488kB
                     Worker 1:  Sort Method: external merge  Disk: 97488kB
                     ->  Parallel Seq Scan on s_2  (cost=0.00..105361.89 rows=4166689 width=20) (actual time=0.027..235.465 rows=3333333 loops=3)
 Planning time: 0.238 ms
 Execution time: 6899.754 ms
(17 rows)

===== 59 [Wed Mar  7 03:56:05 CET 2018] scale:10000000 groups:10 work_mem:4MB incremental:on max_workers:2 =====
SELECT * FROM (SELECT * FROM s_3 ORDER BY a, b, c) foo ORDER BY a, b, c, d
                                                                    QUERY PLAN                                                                    
--------------------------------------------------------------------------------------------------------------------------------------------------
 Limit  (cost=2545703.24..2545703.24 rows=1 width=20) (actual time=5829.157..5829.157 rows=0 loops=1)
   ->  Incremental Sort  (cost=736578.98..2462370.42 rows=8333282 width=20) (actual time=1105.012..5612.465 rows=10000000 loops=1)
         Sort Key: s_3.a, s_3.b, s_3.c, s_3.d
         Presorted Key: s_3.a, s_3.b, s_3.c
         Sort Method: quicksort  Memory: 1186kB
         Sort Groups: 1331
         ->  Gather Merge  (cost=735391.06..1707675.17 rows=8333282 width=20) (actual time=1104.375..3192.656 rows=10000000 loops=1)
               Workers Planned: 2
               Workers Launched: 2
               ->  Sort  (cost=734391.04..744807.64 rows=4166641 width=20) (actual time=1101.916..1453.875 rows=3333333 loops=3)
                     Sort Key: s_3.a, s_3.b, s_3.c
                     Sort Method: external merge  Disk: 98072kB
                     Worker 0:  Sort Method: external merge  Disk: 97784kB
                     Worker 1:  Sort Method: external merge  Disk: 97752kB
                     ->  Parallel Seq Scan on s_3  (cost=0.00..105361.41 rows=4166641 width=20) (actual time=0.032..233.891 rows=3333333 loops=3)
 Planning time: 0.246 ms
 Execution time: 5850.655 ms
(17 rows)

===== 60 [Wed Mar  7 03:56:34 CET 2018] scale:10000000 groups:10 work_mem:4MB incremental:on max_workers:2 =====
SELECT * FROM (SELECT * FROM s_4 ORDER BY a, b, c, d) foo ORDER BY a, b, c, d, e
                                                                    QUERY PLAN                                                                    
--------------------------------------------------------------------------------------------------------------------------------------------------
 Limit  (cost=2401860.33..2401860.33 rows=1 width=20) (actual time=6321.150..6321.150 rows=0 loops=1)
   ->  Incremental Sort  (cost=735502.31..2318526.55 rows=8333378 width=20) (actual time=1127.885..6103.574 rows=10000000 loops=1)
         Sort Key: s_4.a, s_4.b, s_4.c, s_4.d, s_4.e
         Presorted Key: s_4.a, s_4.b, s_4.c, s_4.d
         Sort Method: quicksort  Memory: 136kB
         Sort Groups: 14641
         ->  Gather Merge  (cost=735404.16..1707699.48 rows=8333378 width=20) (actual time=1127.816..3436.268 rows=10000000 loops=1)
               Workers Planned: 2
               Workers Launched: 2
               ->  Sort  (cost=734404.14..744820.86 rows=4166689 width=20) (actual time=1125.321..1473.960 rows=3333333 loops=3)
                     Sort Key: s_4.a, s_4.b, s_4.c, s_4.d
                     Sort Method: external merge  Disk: 98008kB
                     Worker 0:  Sort Method: external merge  Disk: 97816kB
                     Worker 1:  Sort Method: external merge  Disk: 97776kB
                     ->  Parallel Seq Scan on s_4  (cost=0.00..105361.89 rows=4166689 width=20) (actual time=0.026..236.298 rows=3333333 loops=3)
 Planning time: 0.247 ms
 Execution time: 6342.558 ms
(17 rows)

===== 61 [Wed Mar  7 03:57:06 CET 2018] scale:10000000 groups:10 work_mem:4MB incremental:off max_workers:2 =====
SELECT * FROM (SELECT * FROM s_1 ORDER BY a) foo ORDER BY a, b
                                                                    QUERY PLAN                                                                    
--------------------------------------------------------------------------------------------------------------------------------------------------
 Limit  (cost=3194899.68..3194899.68 rows=1 width=20) (actual time=7357.227..7357.227 rows=0 loops=1)
   ->  Sort  (cost=3090733.65..3111566.86 rows=8333282 width=20) (actual time=6197.435..7139.897 rows=10000000 loops=1)
         Sort Key: s_1.a, s_1.b
         Sort Method: external merge  Disk: 293600kB
         ->  Gather Merge  (cost=735391.06..1707675.17 rows=8333282 width=20) (actual time=997.284..2538.794 rows=10000000 loops=1)
               Workers Planned: 2
               Workers Launched: 2
               ->  Sort  (cost=734391.04..744807.64 rows=4166641 width=20) (actual time=987.736..1310.439 rows=3333333 loops=3)
                     Sort Key: s_1.a
                     Sort Method: external merge  Disk: 98888kB
                     Worker 0:  Sort Method: external merge  Disk: 98248kB
                     Worker 1:  Sort Method: external merge  Disk: 96480kB
                     ->  Parallel Seq Scan on s_1  (cost=0.00..105361.41 rows=4166641 width=20) (actual time=0.024..235.989 rows=3333333 loops=3)
 Planning time: 0.228 ms
 Execution time: 7395.472 ms
(15 rows)

===== 62 [Wed Mar  7 03:57:45 CET 2018] scale:10000000 groups:10 work_mem:4MB incremental:off max_workers:2 =====
SELECT * FROM (SELECT * FROM s_2 ORDER BY a, b) foo ORDER BY a, b, c
                                                                    QUERY PLAN                                                                    
--------------------------------------------------------------------------------------------------------------------------------------------------
 Limit  (cost=3194944.87..3194944.87 rows=1 width=20) (actual time=8054.278..8054.278 rows=0 loops=1)
   ->  Sort  (cost=3090777.64..3111611.09 rows=8333378 width=20) (actual time=6894.390..7835.886 rows=10000000 loops=1)
         Sort Key: s_2.a, s_2.b, s_2.c
         Sort Method: external merge  Disk: 293600kB
         ->  Gather Merge  (cost=735404.16..1707699.48 rows=8333378 width=20) (actual time=1079.206..2921.139 rows=10000000 loops=1)
               Workers Planned: 2
               Workers Launched: 2
               ->  Sort  (cost=734404.14..744820.86 rows=4166689 width=20) (actual time=1074.852..1419.632 rows=3333333 loops=3)
                     Sort Key: s_2.a, s_2.b
                     Sort Method: external merge  Disk: 98624kB
                     Worker 0:  Sort Method: external merge  Disk: 97488kB
                     Worker 1:  Sort Method: external merge  Disk: 97496kB
                     ->  Parallel Seq Scan on s_2  (cost=0.00..105361.89 rows=4166689 width=20) (actual time=0.026..236.158 rows=3333333 loops=3)
 Planning time: 0.235 ms
 Execution time: 8092.169 ms
(15 rows)

===== 63 [Wed Mar  7 03:58:27 CET 2018] scale:10000000 groups:10 work_mem:4MB incremental:off max_workers:2 =====
SELECT * FROM (SELECT * FROM s_3 ORDER BY a, b, c) foo ORDER BY a, b, c, d
                                                                    QUERY PLAN                                                                    
--------------------------------------------------------------------------------------------------------------------------------------------------
 Limit  (cost=3194899.68..3194899.68 rows=1 width=20) (actual time=8930.368..8930.368 rows=0 loops=1)
   ->  Sort  (cost=3090733.65..3111566.86 rows=8333282 width=20) (actual time=7782.565..8712.139 rows=10000000 loops=1)
         Sort Key: s_3.a, s_3.b, s_3.c, s_3.d
         Sort Method: external merge  Disk: 293600kB
         ->  Gather Merge  (cost=735391.06..1707675.17 rows=8333282 width=20) (actual time=1105.309..3197.328 rows=10000000 loops=1)
               Workers Planned: 2
               Workers Launched: 2
               ->  Sort  (cost=734391.04..744807.64 rows=4166641 width=20) (actual time=1101.268..1454.071 rows=3333333 loops=3)
                     Sort Key: s_3.a, s_3.b, s_3.c
                     Sort Method: external merge  Disk: 98416kB
                     Worker 0:  Sort Method: external merge  Disk: 97440kB
                     Worker 1:  Sort Method: external merge  Disk: 97744kB
                     ->  Parallel Seq Scan on s_3  (cost=0.00..105361.41 rows=4166641 width=20) (actual time=0.027..235.365 rows=3333333 loops=3)
 Planning time: 0.234 ms
 Execution time: 8968.186 ms
(15 rows)

===== 64 [Wed Mar  7 03:59:15 CET 2018] scale:10000000 groups:10 work_mem:4MB incremental:off max_workers:2 =====
SELECT * FROM (SELECT * FROM s_4 ORDER BY a, b, c, d) foo ORDER BY a, b, c, d, e
                                                                    QUERY PLAN                                                                    
--------------------------------------------------------------------------------------------------------------------------------------------------
 Limit  (cost=3194944.87..3194944.87 rows=1 width=20) (actual time=10322.857..10322.857 rows=0 loops=1)
   ->  Sort  (cost=3090777.64..3111611.09 rows=8333378 width=20) (actual time=9178.344..10104.796 rows=10000000 loops=1)
         Sort Key: s_4.a, s_4.b, s_4.c, s_4.d, s_4.e
         Sort Method: external merge  Disk: 293600kB
         ->  Gather Merge  (cost=735404.16..1707699.48 rows=8333378 width=20) (actual time=1126.863..3412.372 rows=10000000 loops=1)
               Workers Planned: 2
               Workers Launched: 2
               ->  Sort  (cost=734404.14..744820.86 rows=4166689 width=20) (actual time=1123.192..1481.391 rows=3333333 loops=3)
                     Sort Key: s_4.a, s_4.b, s_4.c, s_4.d
                     Sort Method: external merge  Disk: 98416kB
                     Worker 0:  Sort Method: external merge  Disk: 97632kB
                     Worker 1:  Sort Method: external merge  Disk: 97560kB
                     ->  Parallel Seq Scan on s_4  (cost=0.00..105361.89 rows=4166689 width=20) (actual time=0.025..236.993 rows=3333333 loops=3)
 Planning time: 0.239 ms
 Execution time: 10360.794 ms
(15 rows)

===== 65 [Wed Mar  7 04:00:11 CET 2018] scale:10000000 groups:10 work_mem:8MB incremental:on max_workers:2 =====
SELECT * FROM (SELECT * FROM s_1 ORDER BY a) foo ORDER BY a, b
                                                                    QUERY PLAN                                                                    
--------------------------------------------------------------------------------------------------------------------------------------------------
 Limit  (cost=2919413.53..2919413.53 rows=1 width=20) (actual time=6084.583..6084.583 rows=0 loops=1)
   ->  Incremental Sort  (cost=835424.42..2836080.71 rows=8333282 width=20) (actual time=966.944..5862.713 rows=10000000 loops=1)
         Sort Key: s_1.a, s_1.b
         Presorted Key: s_1.a
         Sort Method: external merge  Disk: 29416kB
         Sort Groups: 11
         ->  Gather Merge  (cost=649942.06..1622226.17 rows=8333282 width=20) (actual time=760.629..2306.472 rows=10000000 loops=1)
               Workers Planned: 2
               Workers Launched: 2
               ->  Sort  (cost=648942.04..659358.64 rows=4166641 width=20) (actual time=757.428..1089.608 rows=3333333 loops=3)
                     Sort Key: s_1.a
                     Sort Method: external merge  Disk: 96824kB
                     Worker 0:  Sort Method: external merge  Disk: 98368kB
                     Worker 1:  Sort Method: external merge  Disk: 98416kB
                     ->  Parallel Seq Scan on s_1  (cost=0.00..105361.41 rows=4166641 width=20) (actual time=0.027..232.474 rows=3333333 loops=3)
 Planning time: 0.233 ms
 Execution time: 6096.888 ms
(17 rows)

===== 66 [Wed Mar  7 04:00:41 CET 2018] scale:10000000 groups:10 work_mem:8MB incremental:on max_workers:2 =====
SELECT * FROM (SELECT * FROM s_2 ORDER BY a, b) foo ORDER BY a, b, c
                                                                    QUERY PLAN                                                                    
--------------------------------------------------------------------------------------------------------------------------------------------------
 Limit  (cost=2604404.94..2604404.94 rows=1 width=20) (actual time=6549.749..6549.749 rows=0 loops=1)
   ->  Incremental Sort  (cost=664210.20..2521071.16 rows=8333378 width=20) (actual time=813.809..6328.383 rows=10000000 loops=1)
         Sort Key: s_2.a, s_2.b, s_2.c
         Presorted Key: s_2.a, s_2.b
         Sort Method: external merge  Disk: 2968kB
         Sort Groups: 121
         ->  Gather Merge  (cost=649951.66..1622246.98 rows=8333378 width=20) (actual time=803.240..2683.076 rows=10000000 loops=1)
               Workers Planned: 2
               Workers Launched: 2
               ->  Sort  (cost=648951.64..659368.36 rows=4166689 width=20) (actual time=800.850..1170.889 rows=3333333 loops=3)
                     Sort Key: s_2.a, s_2.b
                     Sort Method: external merge  Disk: 98024kB
                     Worker 0:  Sort Method: external merge  Disk: 97792kB
                     Worker 1:  Sort Method: external merge  Disk: 97792kB
                     ->  Parallel Seq Scan on s_2  (cost=0.00..105361.89 rows=4166689 width=20) (actual time=0.027..232.059 rows=3333333 loops=3)
 Planning time: 0.238 ms
 Execution time: 6568.663 ms
(17 rows)

===== 67 [Wed Mar  7 04:01:14 CET 2018] scale:10000000 groups:10 work_mem:8MB incremental:on max_workers:2 =====
SELECT * FROM (SELECT * FROM s_3 ORDER BY a, b, c) foo ORDER BY a, b, c, d
                                                                    QUERY PLAN                                                                    
--------------------------------------------------------------------------------------------------------------------------------------------------
 Limit  (cost=2460254.24..2460254.24 rows=1 width=20) (actual time=5563.447..5563.447 rows=0 loops=1)
   ->  Incremental Sort  (cost=651129.98..2376921.42 rows=8333282 width=20) (actual time=825.072..5346.815 rows=10000000 loops=1)
         Sort Key: s_3.a, s_3.b, s_3.c, s_3.d
         Presorted Key: s_3.a, s_3.b, s_3.c
         Sort Method: quicksort  Memory: 1186kB
         Sort Groups: 1331
         ->  Gather Merge  (cost=649942.06..1622226.17 rows=8333282 width=20) (actual time=824.425..2928.110 rows=10000000 loops=1)
               Workers Planned: 2
               Workers Launched: 2
               ->  Sort  (cost=648942.04..659358.64 rows=4166641 width=20) (actual time=821.411..1192.991 rows=3333333 loops=3)
                     Sort Key: s_3.a, s_3.b, s_3.c
                     Sort Method: external merge  Disk: 98024kB
                     Worker 0:  Sort Method: external merge  Disk: 97792kB
                     Worker 1:  Sort Method: external merge  Disk: 97792kB
                     ->  Parallel Seq Scan on s_3  (cost=0.00..105361.41 rows=4166641 width=20) (actual time=0.025..231.250 rows=3333333 loops=3)
 Planning time: 0.237 ms
 Execution time: 5581.914 ms
(17 rows)

===== 68 [Wed Mar  7 04:01:42 CET 2018] scale:10000000 groups:10 work_mem:8MB incremental:on max_workers:2 =====
SELECT * FROM (SELECT * FROM s_4 ORDER BY a, b, c, d) foo ORDER BY a, b, c, d, e
                                                                    QUERY PLAN                                                                    
--------------------------------------------------------------------------------------------------------------------------------------------------
 Limit  (cost=2316407.83..2316407.83 rows=1 width=20) (actual time=6071.828..6071.828 rows=0 loops=1)
   ->  Incremental Sort  (cost=650049.81..2233074.05 rows=8333378 width=20) (actual time=850.266..5854.356 rows=10000000 loops=1)
         Sort Key: s_4.a, s_4.b, s_4.c, s_4.d, s_4.e
         Presorted Key: s_4.a, s_4.b, s_4.c, s_4.d
         Sort Method: quicksort  Memory: 136kB
         Sort Groups: 14641
         ->  Gather Merge  (cost=649951.66..1622246.98 rows=8333378 width=20) (actual time=850.200..3187.810 rows=10000000 loops=1)
               Workers Planned: 2
               Workers Launched: 2
               ->  Sort  (cost=648951.64..659368.36 rows=4166689 width=20) (actual time=848.113..1217.216 rows=3333333 loops=3)
                     Sort Key: s_4.a, s_4.b, s_4.c, s_4.d
                     Sort Method: external merge  Disk: 97968kB
                     Worker 0:  Sort Method: external merge  Disk: 97856kB
                     Worker 1:  Sort Method: external merge  Disk: 97792kB
                     ->  Parallel Seq Scan on s_4  (cost=0.00..105361.89 rows=4166689 width=20) (actual time=0.026..232.351 rows=3333333 loops=3)
 Planning time: 0.255 ms
 Execution time: 6093.222 ms
(17 rows)

===== 69 [Wed Mar  7 04:02:12 CET 2018] scale:10000000 groups:10 work_mem:8MB incremental:off max_workers:2 =====
SELECT * FROM (SELECT * FROM s_1 ORDER BY a) foo ORDER BY a, b
                                                                    QUERY PLAN                                                                    
--------------------------------------------------------------------------------------------------------------------------------------------------
 Limit  (cost=3109450.68..3109450.68 rows=1 width=20) (actual time=6650.977..6650.977 rows=0 loops=1)
   ->  Sort  (cost=3005284.65..3026117.86 rows=8333282 width=20) (actual time=5497.524..6432.345 rows=10000000 loops=1)
         Sort Key: s_1.a, s_1.b
         Sort Method: external merge  Disk: 293608kB
         ->  Gather Merge  (cost=649942.06..1622226.17 rows=8333282 width=20) (actual time=743.636..2294.506 rows=10000000 loops=1)
               Workers Planned: 2
               Workers Launched: 2
               ->  Sort  (cost=648942.04..659358.64 rows=4166641 width=20) (actual time=739.526..1062.583 rows=3333333 loops=3)
                     Sort Key: s_1.a
                     Sort Method: external merge  Disk: 98784kB
                     Worker 0:  Sort Method: external merge  Disk: 97424kB
                     Worker 1:  Sort Method: external merge  Disk: 97400kB
                     ->  Parallel Seq Scan on s_1  (cost=0.00..105361.41 rows=4166641 width=20) (actual time=0.023..233.132 rows=3333333 loops=3)
 Planning time: 0.226 ms
 Execution time: 6689.546 ms
(15 rows)

===== 70 [Wed Mar  7 04:02:47 CET 2018] scale:10000000 groups:10 work_mem:8MB incremental:off max_workers:2 =====
SELECT * FROM (SELECT * FROM s_2 ORDER BY a, b) foo ORDER BY a, b, c
                                                                    QUERY PLAN                                                                    
--------------------------------------------------------------------------------------------------------------------------------------------------
 Limit  (cost=3109492.37..3109492.37 rows=1 width=20) (actual time=7297.904..7297.904 rows=0 loops=1)
   ->  Sort  (cost=3005325.14..3026158.59 rows=8333378 width=20) (actual time=6141.243..7078.116 rows=10000000 loops=1)
         Sort Key: s_2.a, s_2.b, s_2.c
         Sort Method: external merge  Disk: 293608kB
         ->  Gather Merge  (cost=649951.66..1622246.98 rows=8333378 width=20) (actual time=806.104..2660.836 rows=10000000 loops=1)
               Workers Planned: 2
               Workers Launched: 2
               ->  Sort  (cost=648951.64..659368.36 rows=4166689 width=20) (actual time=800.912..1166.159 rows=3333333 loops=3)
                     Sort Key: s_2.a, s_2.b
                     Sort Method: external merge  Disk: 98112kB
                     Worker 0:  Sort Method: external merge  Disk: 97792kB
                     Worker 1:  Sort Method: external merge  Disk: 97704kB
                     ->  Parallel Seq Scan on s_2  (cost=0.00..105361.89 rows=4166689 width=20) (actual time=0.027..232.910 rows=3333333 loops=3)
 Planning time: 0.233 ms
 Execution time: 7336.241 ms
(15 rows)

===== 71 [Wed Mar  7 04:03:25 CET 2018] scale:10000000 groups:10 work_mem:8MB incremental:off max_workers:2 =====
SELECT * FROM (SELECT * FROM s_3 ORDER BY a, b, c) foo ORDER BY a, b, c, d
                                                                    QUERY PLAN                                                                    
--------------------------------------------------------------------------------------------------------------------------------------------------
 Limit  (cost=3109450.68..3109450.68 rows=1 width=20) (actual time=8211.520..8211.520 rows=0 loops=1)
   ->  Sort  (cost=3005284.65..3026117.86 rows=8333282 width=20) (actual time=7066.035..7991.825 rows=10000000 loops=1)
         Sort Key: s_3.a, s_3.b, s_3.c, s_3.d
         Sort Method: external merge  Disk: 293608kB
         ->  Gather Merge  (cost=649942.06..1622226.17 rows=8333282 width=20) (actual time=826.574..2945.362 rows=10000000 loops=1)
               Workers Planned: 2
               Workers Launched: 2
               ->  Sort  (cost=648942.04..659358.64 rows=4166641 width=20) (actual time=823.684..1197.198 rows=3333333 loops=3)
                     Sort Key: s_3.a, s_3.b, s_3.c
                     Sort Method: external merge  Disk: 98016kB
                     Worker 0:  Sort Method: external merge  Disk: 97800kB
                     Worker 1:  Sort Method: external merge  Disk: 97792kB
                     ->  Parallel Seq Scan on s_3  (cost=0.00..105361.41 rows=4166641 width=20) (actual time=0.025..230.454 rows=3333333 loops=3)
 Planning time: 0.233 ms
 Execution time: 8249.995 ms
(15 rows)

===== 72 [Wed Mar  7 04:04:08 CET 2018] scale:10000000 groups:10 work_mem:8MB incremental:off max_workers:2 =====
SELECT * FROM (SELECT * FROM s_4 ORDER BY a, b, c, d) foo ORDER BY a, b, c, d, e
                                                                    QUERY PLAN                                                                    
--------------------------------------------------------------------------------------------------------------------------------------------------
 Limit  (cost=3109492.37..3109492.37 rows=1 width=20) (actual time=9583.232..9583.232 rows=0 loops=1)
   ->  Sort  (cost=3005325.14..3026158.59 rows=8333378 width=20) (actual time=8440.058..9363.563 rows=10000000 loops=1)
         Sort Key: s_4.a, s_4.b, s_4.c, s_4.d, s_4.e
         Sort Method: external merge  Disk: 293608kB
         ->  Gather Merge  (cost=649951.66..1622246.98 rows=8333378 width=20) (actual time=850.923..3172.702 rows=10000000 loops=1)
               Workers Planned: 2
               Workers Launched: 2
               ->  Sort  (cost=648951.64..659368.36 rows=4166689 width=20) (actual time=847.765..1224.203 rows=3333333 loops=3)
                     Sort Key: s_4.a, s_4.b, s_4.c, s_4.d
                     Sort Method: external merge  Disk: 98024kB
                     Worker 0:  Sort Method: external merge  Disk: 97792kB
                     Worker 1:  Sort Method: external merge  Disk: 97792kB
                     ->  Parallel Seq Scan on s_4  (cost=0.00..105361.89 rows=4166689 width=20) (actual time=0.028..232.240 rows=3333333 loops=3)
 Planning time: 0.239 ms
 Execution time: 9621.603 ms
(15 rows)

===== 73 [Wed Mar  7 04:04:59 CET 2018] scale:10000000 groups:10 work_mem:16MB incremental:on max_workers:2 =====
SELECT * FROM (SELECT * FROM s_1 ORDER BY a) foo ORDER BY a, b
                                                             QUERY PLAN                                                             
------------------------------------------------------------------------------------------------------------------------------------
 Limit  (cost=3126224.75..3126224.75 rows=1 width=20) (actual time=6998.644..6998.644 rows=0 loops=1)
   ->  Incremental Sort  (cost=1651421.19..3026225.36 rows=9999939 width=20) (actual time=2085.865..6745.327 rows=10000000 loops=1)
         Sort Key: s_1.a, s_1.b
         Presorted Key: s_1.a
         Sort Method: external merge  Disk: 29440kB
         Sort Groups: 11
         ->  Sort  (cost=1531440.69..1556440.54 rows=9999939 width=20) (actual time=1889.242..2861.428 rows=10000000 loops=1)
               Sort Key: s_1.a
               Sort Method: external merge  Disk: 293904kB
               ->  Seq Scan on s_1  (cost=0.00..163694.39 rows=9999939 width=20) (actual time=0.024..629.569 rows=10000000 loops=1)
 Planning time: 0.223 ms
 Execution time: 7031.556 ms
(12 rows)

===== 74 [Wed Mar  7 04:05:35 CET 2018] scale:10000000 groups:10 work_mem:16MB incremental:on max_workers:2 =====
SELECT * FROM (SELECT * FROM s_2 ORDER BY a, b) foo ORDER BY a, b, c
                                                             QUERY PLAN                                                              
-------------------------------------------------------------------------------------------------------------------------------------
 Limit  (cost=2748200.59..2748200.59 rows=1 width=20) (actual time=6159.017..6159.017 rows=0 loops=1)
   ->  Incremental Sort  (cost=1539242.49..2648200.05 rows=10000054 width=20) (actual time=2027.047..5901.975 rows=10000000 loops=1)
         Sort Key: s_2.a, s_2.b, s_2.c
         Presorted Key: s_2.a, s_2.b
         Sort Method: quicksort  Memory: 10959kB
         Sort Groups: 121
         ->  Sort  (cost=1531459.54..1556459.68 rows=10000054 width=20) (actual time=2019.036..3113.950 rows=10000000 loops=1)
               Sort Key: s_2.a, s_2.b
               Sort Method: external merge  Disk: 293904kB
               ->  Seq Scan on s_2  (cost=0.00..163695.54 rows=10000054 width=20) (actual time=0.034..627.501 rows=10000000 loops=1)
 Planning time: 0.233 ms
 Execution time: 6190.519 ms
(12 rows)

===== 75 [Wed Mar  7 04:06:05 CET 2018] scale:10000000 groups:10 work_mem:16MB incremental:on max_workers:2 =====
SELECT * FROM (SELECT * FROM s_3 ORDER BY a, b, c) foo ORDER BY a, b, c, d
                                                             QUERY PLAN                                                             
------------------------------------------------------------------------------------------------------------------------------------
 Limit  (cost=2575220.59..2575220.59 rows=1 width=20) (actual time=6001.932..6001.932 rows=0 loops=1)
   ->  Incremental Sort  (cost=1532018.27..2475221.20 rows=9999939 width=20) (actual time=2083.336..5778.091 rows=10000000 loops=1)
         Sort Key: s_3.a, s_3.b, s_3.c, s_3.d
         Presorted Key: s_3.a, s_3.b, s_3.c
         Sort Method: quicksort  Memory: 1186kB
         Sort Groups: 1331
         ->  Sort  (cost=1531440.69..1556440.54 rows=9999939 width=20) (actual time=2082.903..3187.451 rows=10000000 loops=1)
               Sort Key: s_3.a, s_3.b, s_3.c
               Sort Method: external merge  Disk: 293904kB
               ->  Seq Scan on s_3  (cost=0.00..163694.39 rows=9999939 width=20) (actual time=0.031..625.655 rows=10000000 loops=1)
 Planning time: 0.242 ms
 Execution time: 6033.101 ms
(12 rows)

===== 76 [Wed Mar  7 04:06:34 CET 2018] scale:10000000 groups:10 work_mem:16MB incremental:on max_workers:2 =====
SELECT * FROM (SELECT * FROM s_4 ORDER BY a, b, c, d) foo ORDER BY a, b, c, d, e
                                                             QUERY PLAN                                                              
-------------------------------------------------------------------------------------------------------------------------------------
 Limit  (cost=2402545.96..2402545.96 rows=1 width=20) (actual time=6345.966..6345.966 rows=0 loops=1)
   ->  Incremental Sort  (cost=1531500.23..2302545.42 rows=10000054 width=20) (actual time=2156.753..6121.939 rows=10000000 loops=1)
         Sort Key: s_4.a, s_4.b, s_4.c, s_4.d, s_4.e
         Presorted Key: s_4.a, s_4.b, s_4.c, s_4.d
         Sort Method: quicksort  Memory: 136kB
         Sort Groups: 14641
         ->  Sort  (cost=1531459.54..1556459.68 rows=10000054 width=20) (actual time=2156.688..3265.842 rows=10000000 loops=1)
               Sort Key: s_4.a, s_4.b, s_4.c, s_4.d
               Sort Method: external merge  Disk: 293904kB
               ->  Seq Scan on s_4  (cost=0.00..163695.54 rows=10000054 width=20) (actual time=0.030..630.884 rows=10000000 loops=1)
 Planning time: 0.234 ms
 Execution time: 6377.081 ms
(12 rows)

===== 77 [Wed Mar  7 04:07:05 CET 2018] scale:10000000 groups:10 work_mem:16MB incremental:off max_workers:2 =====
SELECT * FROM (SELECT * FROM s_1 ORDER BY a) foo ORDER BY a, b
                                                             QUERY PLAN                                                             
------------------------------------------------------------------------------------------------------------------------------------
 Limit  (cost=3149185.47..3149185.47 rows=1 width=20) (actual time=6591.138..6591.138 rows=0 loops=1)
   ->  Sort  (cost=3024186.23..3049186.08 rows=9999939 width=20) (actual time=5364.744..6369.440 rows=10000000 loops=1)
         Sort Key: s_1.a, s_1.b
         Sort Method: external merge  Disk: 293904kB
         ->  Sort  (cost=1531440.69..1556440.54 rows=9999939 width=20) (actual time=1870.428..2831.150 rows=10000000 loops=1)
               Sort Key: s_1.a
               Sort Method: external merge  Disk: 293904kB
               ->  Seq Scan on s_1  (cost=0.00..163694.39 rows=9999939 width=20) (actual time=0.024..628.008 rows=10000000 loops=1)
 Planning time: 0.217 ms
 Execution time: 6649.421 ms
(10 rows)

===== 78 [Wed Mar  7 04:07:39 CET 2018] scale:10000000 groups:10 work_mem:16MB incremental:off max_workers:2 =====
SELECT * FROM (SELECT * FROM s_2 ORDER BY a, b) foo ORDER BY a, b, c
                                                             QUERY PLAN                                                              
-------------------------------------------------------------------------------------------------------------------------------------
 Limit  (cost=3149224.89..3149224.89 rows=1 width=20) (actual time=7069.366..7069.366 rows=0 loops=1)
   ->  Sort  (cost=3024224.22..3049224.35 rows=10000054 width=20) (actual time=5840.679..6847.633 rows=10000000 loops=1)
         Sort Key: s_2.a, s_2.b, s_2.c
         Sort Method: external merge  Disk: 293904kB
         ->  Sort  (cost=1531459.54..1556459.68 rows=10000054 width=20) (actual time=2009.128..3095.062 rows=10000000 loops=1)
               Sort Key: s_2.a, s_2.b
               Sort Method: external merge  Disk: 293904kB
               ->  Seq Scan on s_2  (cost=0.00..163695.54 rows=10000054 width=20) (actual time=0.041..626.594 rows=10000000 loops=1)
 Planning time: 0.225 ms
 Execution time: 7126.886 ms
(10 rows)

===== 79 [Wed Mar  7 04:08:15 CET 2018] scale:10000000 groups:10 work_mem:16MB incremental:off max_workers:2 =====
SELECT * FROM (SELECT * FROM s_3 ORDER BY a, b, c) foo ORDER BY a, b, c, d
                                                             QUERY PLAN                                                             
------------------------------------------------------------------------------------------------------------------------------------
 Limit  (cost=3149185.47..3149185.47 rows=1 width=20) (actual time=7773.209..7773.209 rows=0 loops=1)
   ->  Sort  (cost=3024186.23..3049186.08 rows=9999939 width=20) (actual time=6562.659..7551.576 rows=10000000 loops=1)
         Sort Key: s_3.a, s_3.b, s_3.c, s_3.d
         Sort Method: external merge  Disk: 293904kB
         ->  Sort  (cost=1531440.69..1556440.54 rows=9999939 width=20) (actual time=2087.960..3194.206 rows=10000000 loops=1)
               Sort Key: s_3.a, s_3.b, s_3.c
               Sort Method: external merge  Disk: 293904kB
               ->  Seq Scan on s_3  (cost=0.00..163694.39 rows=9999939 width=20) (actual time=0.032..626.723 rows=10000000 loops=1)
 Planning time: 0.229 ms
 Execution time: 7830.672 ms
(10 rows)

===== 80 [Wed Mar  7 04:08:56 CET 2018] scale:10000000 groups:10 work_mem:16MB incremental:off max_workers:2 =====
SELECT * FROM (SELECT * FROM s_4 ORDER BY a, b, c, d) foo ORDER BY a, b, c, d, e
                                                             QUERY PLAN                                                              
-------------------------------------------------------------------------------------------------------------------------------------
 Limit  (cost=3149224.89..3149224.89 rows=1 width=20) (actual time=8982.248..8982.248 rows=0 loops=1)
   ->  Sort  (cost=3024224.22..3049224.35 rows=10000054 width=20) (actual time=7768.604..8761.173 rows=10000000 loops=1)
         Sort Key: s_4.a, s_4.b, s_4.c, s_4.d, s_4.e
         Sort Method: external merge  Disk: 293904kB
         ->  Sort  (cost=1531459.54..1556459.68 rows=10000054 width=20) (actual time=2158.768..3266.374 rows=10000000 loops=1)
               Sort Key: s_4.a, s_4.b, s_4.c, s_4.d
               Sort Method: external merge  Disk: 293904kB
               ->  Seq Scan on s_4  (cost=0.00..163695.54 rows=10000054 width=20) (actual time=0.031..630.271 rows=10000000 loops=1)
 Planning time: 0.232 ms
 Execution time: 9039.770 ms
(10 rows)

===== 81 [Wed Mar  7 04:09:44 CET 2018] scale:10000000 groups:10 work_mem:32MB incremental:on max_workers:2 =====
SELECT * FROM (SELECT * FROM s_1 ORDER BY a) foo ORDER BY a, b
                                                             QUERY PLAN                                                             
------------------------------------------------------------------------------------------------------------------------------------
 Limit  (cost=3126224.75..3126224.75 rows=1 width=20) (actual time=7180.628..7180.628 rows=0 loops=1)
   ->  Incremental Sort  (cost=1651421.19..3026225.36 rows=9999939 width=20) (actual time=2060.833..6926.983 rows=10000000 loops=1)
         Sort Key: s_1.a, s_1.b
         Presorted Key: s_1.a
         Sort Method: external merge  Disk: 29408kB
         Sort Groups: 11
         ->  Sort  (cost=1531440.69..1556440.54 rows=9999939 width=20) (actual time=1846.418..2818.360 rows=10000000 loops=1)
               Sort Key: s_1.a
               Sort Method: external merge  Disk: 293576kB
               ->  Seq Scan on s_1  (cost=0.00..163694.39 rows=9999939 width=20) (actual time=0.023..628.239 rows=10000000 loops=1)
 Planning time: 0.224 ms
 Execution time: 7214.044 ms
(12 rows)

===== 82 [Wed Mar  7 04:10:20 CET 2018] scale:10000000 groups:10 work_mem:32MB incremental:on max_workers:2 =====
SELECT * FROM (SELECT * FROM s_2 ORDER BY a, b) foo ORDER BY a, b, c
                                                             QUERY PLAN                                                              
-------------------------------------------------------------------------------------------------------------------------------------
 Limit  (cost=2748200.59..2748200.59 rows=1 width=20) (actual time=6086.145..6086.145 rows=0 loops=1)
   ->  Incremental Sort  (cost=1539242.49..2648200.05 rows=10000054 width=20) (actual time=1983.109..5829.567 rows=10000000 loops=1)
         Sort Key: s_2.a, s_2.b, s_2.c
         Presorted Key: s_2.a, s_2.b
         Sort Method: quicksort  Memory: 10959kB
         Sort Groups: 121
         ->  Sort  (cost=1531459.54..1556459.68 rows=10000054 width=20) (actual time=1975.050..3043.694 rows=10000000 loops=1)
               Sort Key: s_2.a, s_2.b
               Sort Method: external merge  Disk: 293576kB
               ->  Seq Scan on s_2  (cost=0.00..163695.54 rows=10000054 width=20) (actual time=0.034..626.079 rows=10000000 loops=1)
 Planning time: 0.227 ms
 Execution time: 6118.163 ms
(12 rows)

===== 83 [Wed Mar  7 04:10:50 CET 2018] scale:10000000 groups:10 work_mem:32MB incremental:on max_workers:2 =====
SELECT * FROM (SELECT * FROM s_3 ORDER BY a, b, c) foo ORDER BY a, b, c, d
                                                             QUERY PLAN                                                             
------------------------------------------------------------------------------------------------------------------------------------
 Limit  (cost=2575220.59..2575220.59 rows=1 width=20) (actual time=5916.736..5916.736 rows=0 loops=1)
   ->  Incremental Sort  (cost=1532018.27..2475221.20 rows=9999939 width=20) (actual time=2052.856..5692.882 rows=10000000 loops=1)
         Sort Key: s_3.a, s_3.b, s_3.c, s_3.d
         Presorted Key: s_3.a, s_3.b, s_3.c
         Sort Method: quicksort  Memory: 1186kB
         Sort Groups: 1331
         ->  Sort  (cost=1531440.69..1556440.54 rows=9999939 width=20) (actual time=2052.388..3110.495 rows=10000000 loops=1)
               Sort Key: s_3.a, s_3.b, s_3.c
               Sort Method: external merge  Disk: 293576kB
               ->  Seq Scan on s_3  (cost=0.00..163694.39 rows=9999939 width=20) (actual time=0.030..623.746 rows=10000000 loops=1)
 Planning time: 0.229 ms
 Execution time: 5948.492 ms
(12 rows)

===== 84 [Wed Mar  7 04:11:18 CET 2018] scale:10000000 groups:10 work_mem:32MB incremental:on max_workers:2 =====
SELECT * FROM (SELECT * FROM s_4 ORDER BY a, b, c, d) foo ORDER BY a, b, c, d, e
                                                             QUERY PLAN                                                              
-------------------------------------------------------------------------------------------------------------------------------------
 Limit  (cost=2402545.96..2402545.96 rows=1 width=20) (actual time=6229.359..6229.359 rows=0 loops=1)
   ->  Incremental Sort  (cost=1531500.23..2302545.42 rows=10000054 width=20) (actual time=2127.659..6005.081 rows=10000000 loops=1)
         Sort Key: s_4.a, s_4.b, s_4.c, s_4.d, s_4.e
         Presorted Key: s_4.a, s_4.b, s_4.c, s_4.d
         Sort Method: quicksort  Memory: 136kB
         Sort Groups: 14641
         ->  Sort  (cost=1531459.54..1556459.68 rows=10000054 width=20) (actual time=2127.594..3189.064 rows=10000000 loops=1)
               Sort Key: s_4.a, s_4.b, s_4.c, s_4.d
               Sort Method: external merge  Disk: 293576kB
               ->  Seq Scan on s_4  (cost=0.00..163695.54 rows=10000054 width=20) (actual time=0.031..629.100 rows=10000000 loops=1)
 Planning time: 0.240 ms
 Execution time: 6260.934 ms
(12 rows)

===== 85 [Wed Mar  7 04:11:49 CET 2018] scale:10000000 groups:10 work_mem:32MB incremental:off max_workers:2 =====
SELECT * FROM (SELECT * FROM s_1 ORDER BY a) foo ORDER BY a, b
                                                             QUERY PLAN                                                             
------------------------------------------------------------------------------------------------------------------------------------
 Limit  (cost=3149185.47..3149185.47 rows=1 width=20) (actual time=6705.390..6705.390 rows=0 loops=1)
   ->  Sort  (cost=3024186.23..3049186.08 rows=9999939 width=20) (actual time=5484.556..6483.600 rows=10000000 loops=1)
         Sort Key: s_1.a, s_1.b
         Sort Method: external merge  Disk: 293576kB
         ->  Sort  (cost=1531440.69..1556440.54 rows=9999939 width=20) (actual time=1836.073..2792.929 rows=10000000 loops=1)
               Sort Key: s_1.a
               Sort Method: external merge  Disk: 293576kB
               ->  Seq Scan on s_1  (cost=0.00..163694.39 rows=9999939 width=20) (actual time=0.024..627.034 rows=10000000 loops=1)
 Planning time: 0.223 ms
 Execution time: 6764.266 ms
(10 rows)

===== 86 [Wed Mar  7 04:12:24 CET 2018] scale:10000000 groups:10 work_mem:32MB incremental:off max_workers:2 =====
SELECT * FROM (SELECT * FROM s_2 ORDER BY a, b) foo ORDER BY a, b, c
                                                             QUERY PLAN                                                              
-------------------------------------------------------------------------------------------------------------------------------------
 Limit  (cost=3149224.89..3149224.89 rows=1 width=20) (actual time=7123.918..7123.918 rows=0 loops=1)
   ->  Sort  (cost=3024224.22..3049224.35 rows=10000054 width=20) (actual time=5942.818..6902.914 rows=10000000 loops=1)
         Sort Key: s_2.a, s_2.b, s_2.c
         Sort Method: external merge  Disk: 293576kB
         ->  Sort  (cost=1531459.54..1556459.68 rows=10000054 width=20) (actual time=1965.953..3026.354 rows=10000000 loops=1)
               Sort Key: s_2.a, s_2.b
               Sort Method: external merge  Disk: 293576kB
               ->  Seq Scan on s_2  (cost=0.00..163695.54 rows=10000054 width=20) (actual time=0.034..625.915 rows=10000000 loops=1)
 Planning time: 0.226 ms
 Execution time: 7183.095 ms
(10 rows)

===== 87 [Wed Mar  7 04:13:00 CET 2018] scale:10000000 groups:10 work_mem:32MB incremental:off max_workers:2 =====
SELECT * FROM (SELECT * FROM s_3 ORDER BY a, b, c) foo ORDER BY a, b, c, d
                                                             QUERY PLAN                                                             
------------------------------------------------------------------------------------------------------------------------------------
 Limit  (cost=3149185.47..3149185.47 rows=1 width=20) (actual time=7777.052..7777.052 rows=0 loops=1)
   ->  Sort  (cost=3024186.23..3049186.08 rows=9999939 width=20) (actual time=6607.786..7555.902 rows=10000000 loops=1)
         Sort Key: s_3.a, s_3.b, s_3.c, s_3.d
         Sort Method: external merge  Disk: 293576kB
         ->  Sort  (cost=1531440.69..1556440.54 rows=9999939 width=20) (actual time=2039.672..3101.186 rows=10000000 loops=1)
               Sort Key: s_3.a, s_3.b, s_3.c
               Sort Method: external merge  Disk: 293576kB
               ->  Seq Scan on s_3  (cost=0.00..163694.39 rows=9999939 width=20) (actual time=0.032..624.714 rows=10000000 loops=1)
 Planning time: 0.227 ms
 Execution time: 7836.016 ms
(10 rows)

===== 88 [Wed Mar  7 04:13:41 CET 2018] scale:10000000 groups:10 work_mem:32MB incremental:off max_workers:2 =====
SELECT * FROM (SELECT * FROM s_4 ORDER BY a, b, c, d) foo ORDER BY a, b, c, d, e
                                                             QUERY PLAN                                                              
-------------------------------------------------------------------------------------------------------------------------------------
 Limit  (cost=3149224.89..3149224.89 rows=1 width=20) (actual time=8998.974..8998.974 rows=0 loops=1)
   ->  Sort  (cost=3024224.22..3049224.35 rows=10000054 width=20) (actual time=7826.249..8778.435 rows=10000000 loops=1)
         Sort Key: s_4.a, s_4.b, s_4.c, s_4.d, s_4.e
         Sort Method: external merge  Disk: 293576kB
         ->  Sort  (cost=1531459.54..1556459.68 rows=10000054 width=20) (actual time=2119.676..3181.499 rows=10000000 loops=1)
               Sort Key: s_4.a, s_4.b, s_4.c, s_4.d
               Sort Method: external merge  Disk: 293576kB
               ->  Seq Scan on s_4  (cost=0.00..163695.54 rows=10000054 width=20) (actual time=0.032..629.108 rows=10000000 loops=1)
 Planning time: 0.242 ms
 Execution time: 9057.996 ms
(10 rows)

===== 89 [Wed Mar  7 04:14:29 CET 2018] scale:10000000 groups:10 work_mem:64MB incremental:on max_workers:2 =====
SELECT * FROM (SELECT * FROM s_1 ORDER BY a) foo ORDER BY a, b
                                                             QUERY PLAN                                                             
------------------------------------------------------------------------------------------------------------------------------------
 Limit  (cost=2921135.25..2921135.25 rows=1 width=20) (actual time=7128.677..7128.677 rows=0 loops=1)
   ->  Incremental Sort  (cost=1632776.69..2821135.86 rows=9999939 width=20) (actual time=2047.183..6874.074 rows=10000000 loops=1)
         Sort Key: s_1.a, s_1.b
         Presorted Key: s_1.a
         Sort Method: external merge  Disk: 29408kB
         Sort Groups: 11
         ->  Sort  (cost=1531440.69..1556440.54 rows=9999939 width=20) (actual time=1881.176..2871.101 rows=10000000 loops=1)
               Sort Key: s_1.a
               Sort Method: external merge  Disk: 293648kB
               ->  Seq Scan on s_1  (cost=0.00..163694.39 rows=9999939 width=20) (actual time=0.023..629.019 rows=10000000 loops=1)
 Planning time: 0.222 ms
 Execution time: 7160.312 ms
(12 rows)

===== 90 [Wed Mar  7 04:15:05 CET 2018] scale:10000000 groups:10 work_mem:64MB incremental:on max_workers:2 =====
SELECT * FROM (SELECT * FROM s_2 ORDER BY a, b) foo ORDER BY a, b, c
                                                             QUERY PLAN                                                              
-------------------------------------------------------------------------------------------------------------------------------------
 Limit  (cost=2748200.59..2748200.59 rows=1 width=20) (actual time=6140.446..6140.446 rows=0 loops=1)
   ->  Incremental Sort  (cost=1539242.49..2648200.05 rows=10000054 width=20) (actual time=2019.965..5884.368 rows=10000000 loops=1)
         Sort Key: s_2.a, s_2.b, s_2.c
         Presorted Key: s_2.a, s_2.b
         Sort Method: quicksort  Memory: 10959kB
         Sort Groups: 121
         ->  Sort  (cost=1531459.54..1556459.68 rows=10000054 width=20) (actual time=2012.597..3072.693 rows=10000000 loops=1)
               Sort Key: s_2.a, s_2.b
               Sort Method: external merge  Disk: 293648kB
               ->  Seq Scan on s_2  (cost=0.00..163695.54 rows=10000054 width=20) (actual time=0.036..627.462 rows=10000000 loops=1)
 Planning time: 0.242 ms
 Execution time: 6170.235 ms
(12 rows)

===== 91 [Wed Mar  7 04:15:35 CET 2018] scale:10000000 groups:10 work_mem:64MB incremental:on max_workers:2 =====
SELECT * FROM (SELECT * FROM s_3 ORDER BY a, b, c) foo ORDER BY a, b, c, d
                                                             QUERY PLAN                                                             
------------------------------------------------------------------------------------------------------------------------------------
 Limit  (cost=2575220.59..2575220.59 rows=1 width=20) (actual time=5913.954..5913.954 rows=0 loops=1)
   ->  Incremental Sort  (cost=1532018.27..2475221.20 rows=9999939 width=20) (actual time=2080.028..5690.050 rows=10000000 loops=1)
         Sort Key: s_3.a, s_3.b, s_3.c, s_3.d
         Presorted Key: s_3.a, s_3.b, s_3.c
         Sort Method: quicksort  Memory: 1186kB
         Sort Groups: 1331
         ->  Sort  (cost=1531440.69..1556440.54 rows=9999939 width=20) (actual time=2079.590..3109.155 rows=10000000 loops=1)
               Sort Key: s_3.a, s_3.b, s_3.c
               Sort Method: external merge  Disk: 293648kB
               ->  Seq Scan on s_3  (cost=0.00..163694.39 rows=9999939 width=20) (actual time=0.031..625.640 rows=10000000 loops=1)
 Planning time: 0.230 ms
 Execution time: 5943.682 ms
(12 rows)

===== 92 [Wed Mar  7 04:16:03 CET 2018] scale:10000000 groups:10 work_mem:64MB incremental:on max_workers:2 =====
SELECT * FROM (SELECT * FROM s_4 ORDER BY a, b, c, d) foo ORDER BY a, b, c, d, e
                                                             QUERY PLAN                                                              
-------------------------------------------------------------------------------------------------------------------------------------
 Limit  (cost=2402545.96..2402545.96 rows=1 width=20) (actual time=6242.199..6242.199 rows=0 loops=1)
   ->  Incremental Sort  (cost=1531500.23..2302545.42 rows=10000054 width=20) (actual time=2151.769..6018.136 rows=10000000 loops=1)
         Sort Key: s_4.a, s_4.b, s_4.c, s_4.d, s_4.e
         Presorted Key: s_4.a, s_4.b, s_4.c, s_4.d
         Sort Method: quicksort  Memory: 136kB
         Sort Groups: 14641
         ->  Sort  (cost=1531459.54..1556459.68 rows=10000054 width=20) (actual time=2151.702..3182.596 rows=10000000 loops=1)
               Sort Key: s_4.a, s_4.b, s_4.c, s_4.d
               Sort Method: external merge  Disk: 293648kB
               ->  Seq Scan on s_4  (cost=0.00..163695.54 rows=10000054 width=20) (actual time=0.031..631.034 rows=10000000 loops=1)
 Planning time: 0.237 ms
 Execution time: 6274.823 ms
(12 rows)

===== 93 [Wed Mar  7 04:16:34 CET 2018] scale:10000000 groups:10 work_mem:64MB incremental:off max_workers:2 =====
SELECT * FROM (SELECT * FROM s_1 ORDER BY a) foo ORDER BY a, b
                                                             QUERY PLAN                                                             
------------------------------------------------------------------------------------------------------------------------------------
 Limit  (cost=3149185.47..3149185.47 rows=1 width=20) (actual time=6859.670..6859.670 rows=0 loops=1)
   ->  Sort  (cost=3024186.23..3049186.08 rows=9999939 width=20) (actual time=5645.335..6637.415 rows=10000000 loops=1)
         Sort Key: s_1.a, s_1.b
         Sort Method: external merge  Disk: 293648kB
         ->  Sort  (cost=1531440.69..1556440.54 rows=9999939 width=20) (actual time=1869.383..2846.265 rows=10000000 loops=1)
               Sort Key: s_1.a
               Sort Method: external merge  Disk: 293648kB
               ->  Seq Scan on s_1  (cost=0.00..163694.39 rows=9999939 width=20) (actual time=0.024..628.379 rows=10000000 loops=1)
 Planning time: 0.224 ms
 Execution time: 6920.050 ms
(10 rows)

===== 94 [Wed Mar  7 04:17:09 CET 2018] scale:10000000 groups:10 work_mem:64MB incremental:off max_workers:2 =====
SELECT * FROM (SELECT * FROM s_2 ORDER BY a, b) foo ORDER BY a, b, c
                                                             QUERY PLAN                                                              
-------------------------------------------------------------------------------------------------------------------------------------
 Limit  (cost=3149224.89..3149224.89 rows=1 width=20) (actual time=7344.033..7344.033 rows=0 loops=1)
   ->  Sort  (cost=3024224.22..3049224.35 rows=10000054 width=20) (actual time=6194.709..7123.866 rows=10000000 loops=1)
         Sort Key: s_2.a, s_2.b, s_2.c
         Sort Method: external merge  Disk: 293648kB
         ->  Sort  (cost=1531459.54..1556459.68 rows=10000054 width=20) (actual time=1997.744..3060.951 rows=10000000 loops=1)
               Sort Key: s_2.a, s_2.b
               Sort Method: external merge  Disk: 293648kB
               ->  Seq Scan on s_2  (cost=0.00..163695.54 rows=10000054 width=20) (actual time=0.034..626.579 rows=10000000 loops=1)
 Planning time: 0.223 ms
 Execution time: 7401.665 ms
(10 rows)

===== 95 [Wed Mar  7 04:17:47 CET 2018] scale:10000000 groups:10 work_mem:64MB incremental:off max_workers:2 =====
SELECT * FROM (SELECT * FROM s_3 ORDER BY a, b, c) foo ORDER BY a, b, c, d
                                                             QUERY PLAN                                                             
------------------------------------------------------------------------------------------------------------------------------------
 Limit  (cost=3149185.47..3149185.47 rows=1 width=20) (actual time=7944.635..7944.635 rows=0 loops=1)
   ->  Sort  (cost=3024186.23..3049186.08 rows=9999939 width=20) (actual time=6802.900..7724.483 rows=10000000 loops=1)
         Sort Key: s_3.a, s_3.b, s_3.c, s_3.d
         Sort Method: external merge  Disk: 293648kB
         ->  Sort  (cost=1531440.69..1556440.54 rows=9999939 width=20) (actual time=2071.110..3107.667 rows=10000000 loops=1)
               Sort Key: s_3.a, s_3.b, s_3.c
               Sort Method: external merge  Disk: 293648kB
               ->  Seq Scan on s_3  (cost=0.00..163694.39 rows=9999939 width=20) (actual time=0.031..626.122 rows=10000000 loops=1)
 Planning time: 0.227 ms
 Execution time: 8002.446 ms
(10 rows)

===== 96 [Wed Mar  7 04:18:29 CET 2018] scale:10000000 groups:10 work_mem:64MB incremental:off max_workers:2 =====
SELECT * FROM (SELECT * FROM s_4 ORDER BY a, b, c, d) foo ORDER BY a, b, c, d, e
                                                             QUERY PLAN                                                              
-------------------------------------------------------------------------------------------------------------------------------------
 Limit  (cost=3149224.89..3149224.89 rows=1 width=20) (actual time=9170.820..9170.820 rows=0 loops=1)
   ->  Sort  (cost=3024224.22..3049224.35 rows=10000054 width=20) (actual time=8029.168..8950.641 rows=10000000 loops=1)
         Sort Key: s_4.a, s_4.b, s_4.c, s_4.d, s_4.e
         Sort Method: external merge  Disk: 293648kB
         ->  Sort  (cost=1531459.54..1556459.68 rows=10000054 width=20) (actual time=2151.551..3188.942 rows=10000000 loops=1)
               Sort Key: s_4.a, s_4.b, s_4.c, s_4.d
               Sort Method: external merge  Disk: 293648kB
               ->  Seq Scan on s_4  (cost=0.00..163695.54 rows=10000054 width=20) (actual time=0.033..631.190 rows=10000000 loops=1)
 Planning time: 0.235 ms
 Execution time: 9228.389 ms
(10 rows)

===== 97 [Wed Mar  7 04:19:18 CET 2018] scale:10000000 groups:10 work_mem:128MB incremental:on max_workers:2 =====
SELECT * FROM (SELECT * FROM s_1 ORDER BY a) foo ORDER BY a, b
                                                             QUERY PLAN                                                             
------------------------------------------------------------------------------------------------------------------------------------
 Limit  (cost=2921135.25..2921135.25 rows=1 width=20) (actual time=6107.316..6107.316 rows=0 loops=1)
   ->  Incremental Sort  (cost=1632776.69..2821135.86 rows=9999939 width=20) (actual time=2103.316..5843.961 rows=10000000 loops=1)
         Sort Key: s_1.a, s_1.b
         Presorted Key: s_1.a
         Sort Method: quicksort  Memory: 102834kB
         Sort Groups: 11
         ->  Sort  (cost=1531440.69..1556440.54 rows=9999939 width=20) (actual time=1940.392..2873.522 rows=10000000 loops=1)
               Sort Key: s_1.a
               Sort Method: external merge  Disk: 293568kB
               ->  Seq Scan on s_1  (cost=0.00..163694.39 rows=9999939 width=20) (actual time=0.024..632.266 rows=10000000 loops=1)
 Planning time: 0.225 ms
 Execution time: 6144.252 ms
(12 rows)

===== 98 [Wed Mar  7 04:19:48 CET 2018] scale:10000000 groups:10 work_mem:128MB incremental:on max_workers:2 =====
SELECT * FROM (SELECT * FROM s_2 ORDER BY a, b) foo ORDER BY a, b, c
                                                             QUERY PLAN                                                              
-------------------------------------------------------------------------------------------------------------------------------------
 Limit  (cost=2748200.59..2748200.59 rows=1 width=20) (actual time=6121.303..6121.303 rows=0 loops=1)
   ->  Incremental Sort  (cost=1539242.49..2648200.05 rows=10000054 width=20) (actual time=2083.619..5866.316 rows=10000000 loops=1)
         Sort Key: s_2.a, s_2.b, s_2.c
         Presorted Key: s_2.a, s_2.b
         Sort Method: quicksort  Memory: 10959kB
         Sort Groups: 121
         ->  Sort  (cost=1531459.54..1556459.68 rows=10000054 width=20) (actual time=2076.838..3048.029 rows=10000000 loops=1)
               Sort Key: s_2.a, s_2.b
               Sort Method: external merge  Disk: 293568kB
               ->  Seq Scan on s_2  (cost=0.00..163695.54 rows=10000054 width=20) (actual time=0.036..631.650 rows=10000000 loops=1)
 Planning time: 0.230 ms
 Execution time: 6151.572 ms
(12 rows)

===== 99 [Wed Mar  7 04:20:17 CET 2018] scale:10000000 groups:10 work_mem:128MB incremental:on max_workers:2 =====
SELECT * FROM (SELECT * FROM s_3 ORDER BY a, b, c) foo ORDER BY a, b, c, d
                                                             QUERY PLAN                                                             
------------------------------------------------------------------------------------------------------------------------------------
 Limit  (cost=2575220.59..2575220.59 rows=1 width=20) (actual time=5996.885..5996.885 rows=0 loops=1)
   ->  Incremental Sort  (cost=1532018.27..2475221.20 rows=9999939 width=20) (actual time=2208.545..5773.040 rows=10000000 loops=1)
         Sort Key: s_3.a, s_3.b, s_3.c, s_3.d
         Presorted Key: s_3.a, s_3.b, s_3.c
         Sort Method: quicksort  Memory: 1186kB
         Sort Groups: 1331
         ->  Sort  (cost=1531440.69..1556440.54 rows=9999939 width=20) (actual time=2208.117..3180.579 rows=10000000 loops=1)
               Sort Key: s_3.a, s_3.b, s_3.c
               Sort Method: external merge  Disk: 293568kB
               ->  Seq Scan on s_3  (cost=0.00..163694.39 rows=9999939 width=20) (actual time=0.032..623.971 rows=10000000 loops=1)
 Planning time: 0.232 ms
 Execution time: 6030.966 ms
(12 rows)

===== 100 [Wed Mar  7 04:20:46 CET 2018] scale:10000000 groups:10 work_mem:128MB incremental:on max_workers:2 =====
SELECT * FROM (SELECT * FROM s_4 ORDER BY a, b, c, d) foo ORDER BY a, b, c, d, e
                                                             QUERY PLAN                                                              
-------------------------------------------------------------------------------------------------------------------------------------
 Limit  (cost=2402545.96..2402545.96 rows=1 width=20) (actual time=6302.457..6302.457 rows=0 loops=1)
   ->  Incremental Sort  (cost=1531500.23..2302545.42 rows=10000054 width=20) (actual time=2277.404..6078.285 rows=10000000 loops=1)
         Sort Key: s_4.a, s_4.b, s_4.c, s_4.d, s_4.e
         Presorted Key: s_4.a, s_4.b, s_4.c, s_4.d
         Sort Method: quicksort  Memory: 136kB
         Sort Groups: 14641
         ->  Sort  (cost=1531459.54..1556459.68 rows=10000054 width=20) (actual time=2277.340..3252.457 rows=10000000 loops=1)
               Sort Key: s_4.a, s_4.b, s_4.c, s_4.d
               Sort Method: external merge  Disk: 293568kB
               ->  Seq Scan on s_4  (cost=0.00..163695.54 rows=10000054 width=20) (actual time=0.031..628.215 rows=10000000 loops=1)
 Planning time: 0.234 ms
 Execution time: 6336.548 ms
(12 rows)

===== 101 [Wed Mar  7 04:21:17 CET 2018] scale:10000000 groups:10 work_mem:128MB incremental:off max_workers:2 =====
SELECT * FROM (SELECT * FROM s_1 ORDER BY a) foo ORDER BY a, b
                                                             QUERY PLAN                                                             
------------------------------------------------------------------------------------------------------------------------------------
 Limit  (cost=3149185.47..3149185.47 rows=1 width=20) (actual time=6872.454..6872.454 rows=0 loops=1)
   ->  Sort  (cost=3024186.23..3049186.08 rows=9999939 width=20) (actual time=5749.032..6652.965 rows=10000000 loops=1)
         Sort Key: s_1.a, s_1.b
         Sort Method: external merge  Disk: 293568kB
         ->  Sort  (cost=1531440.69..1556440.54 rows=9999939 width=20) (actual time=1934.685..2863.220 rows=10000000 loops=1)
               Sort Key: s_1.a
               Sort Method: external merge  Disk: 293568kB
               ->  Seq Scan on s_1  (cost=0.00..163694.39 rows=9999939 width=20) (actual time=0.024..631.445 rows=10000000 loops=1)
 Planning time: 0.225 ms
 Execution time: 6934.391 ms
(10 rows)

===== 102 [Wed Mar  7 04:21:53 CET 2018] scale:10000000 groups:10 work_mem:128MB incremental:off max_workers:2 =====
SELECT * FROM (SELECT * FROM s_2 ORDER BY a, b) foo ORDER BY a, b, c
                                                             QUERY PLAN                                                              
-------------------------------------------------------------------------------------------------------------------------------------
 Limit  (cost=3149224.89..3149224.89 rows=1 width=20) (actual time=7434.558..7434.558 rows=0 loops=1)
   ->  Sort  (cost=3024224.22..3049224.35 rows=10000054 width=20) (actual time=6345.605..7215.447 rows=10000000 loops=1)
         Sort Key: s_2.a, s_2.b, s_2.c
         Sort Method: external merge  Disk: 293568kB
         ->  Sort  (cost=1531459.54..1556459.68 rows=10000054 width=20) (actual time=2063.011..3028.894 rows=10000000 loops=1)
               Sort Key: s_2.a, s_2.b
               Sort Method: external merge  Disk: 293568kB
               ->  Seq Scan on s_2  (cost=0.00..163695.54 rows=10000054 width=20) (actual time=0.034..630.550 rows=10000000 loops=1)
 Planning time: 0.229 ms
 Execution time: 7496.382 ms
(10 rows)

===== 103 [Wed Mar  7 04:22:31 CET 2018] scale:10000000 groups:10 work_mem:128MB incremental:off max_workers:2 =====
SELECT * FROM (SELECT * FROM s_3 ORDER BY a, b, c) foo ORDER BY a, b, c, d
                                                             QUERY PLAN                                                             
------------------------------------------------------------------------------------------------------------------------------------
 Limit  (cost=3149185.47..3149185.47 rows=1 width=20) (actual time=8066.096..8066.096 rows=0 loops=1)
   ->  Sort  (cost=3024186.23..3049186.08 rows=9999939 width=20) (actual time=6992.564..7846.958 rows=10000000 loops=1)
         Sort Key: s_3.a, s_3.b, s_3.c, s_3.d
         Sort Method: external merge  Disk: 293568kB
         ->  Sort  (cost=1531440.69..1556440.54 rows=9999939 width=20) (actual time=2141.685..3106.390 rows=10000000 loops=1)
               Sort Key: s_3.a, s_3.b, s_3.c
               Sort Method: external merge  Disk: 293568kB
               ->  Seq Scan on s_3  (cost=0.00..163694.39 rows=9999939 width=20) (actual time=0.032..629.672 rows=10000000 loops=1)
 Planning time: 0.229 ms
 Execution time: 8128.005 ms
(10 rows)

===== 104 [Wed Mar  7 04:23:14 CET 2018] scale:10000000 groups:10 work_mem:128MB incremental:off max_workers:2 =====
SELECT * FROM (SELECT * FROM s_4 ORDER BY a, b, c, d) foo ORDER BY a, b, c, d, e
                                                             QUERY PLAN                                                              
-------------------------------------------------------------------------------------------------------------------------------------
 Limit  (cost=3149224.89..3149224.89 rows=1 width=20) (actual time=9277.408..9277.408 rows=0 loops=1)
   ->  Sort  (cost=3024224.22..3049224.35 rows=10000054 width=20) (actual time=8204.338..9058.395 rows=10000000 loops=1)
         Sort Key: s_4.a, s_4.b, s_4.c, s_4.d, s_4.e
         Sort Method: external merge  Disk: 293568kB
         ->  Sort  (cost=1531459.54..1556459.68 rows=10000054 width=20) (actual time=2214.512..3179.507 rows=10000000 loops=1)
               Sort Key: s_4.a, s_4.b, s_4.c, s_4.d
               Sort Method: external merge  Disk: 293568kB
               ->  Seq Scan on s_4  (cost=0.00..163695.54 rows=10000054 width=20) (actual time=0.032..636.148 rows=10000000 loops=1)
 Planning time: 0.236 ms
 Execution time: 9339.327 ms
(10 rows)

===== 105 [Wed Mar  7 04:24:04 CET 2018] scale:10000000 groups:10 work_mem:256MB incremental:on max_workers:2 =====
SELECT * FROM (SELECT * FROM s_1 ORDER BY a) foo ORDER BY a, b
                                                             QUERY PLAN                                                             
------------------------------------------------------------------------------------------------------------------------------------
 Limit  (cost=2682726.39..2682726.39 rows=1 width=20) (actual time=6186.171..6186.171 rows=0 loops=1)
   ->  Incremental Sort  (cost=1615269.80..2599393.57 rows=8333282 width=20) (actual time=2239.226..5922.439 rows=10000000 loops=1)
         Sort Key: s_1.a, s_1.b
         Presorted Key: s_1.a
         Sort Method: quicksort  Memory: 102834kB
         Sort Groups: 11
         ->  Sort  (cost=1531440.69..1556440.54 rows=9999939 width=20) (actual time=2079.319..2927.744 rows=10000000 loops=1)
               Sort Key: s_1.a
               Sort Method: external merge  Disk: 293552kB
               ->  Seq Scan on s_1  (cost=0.00..163694.39 rows=9999939 width=20) (actual time=0.024..641.549 rows=10000000 loops=1)
 Planning time: 0.227 ms
 Execution time: 6223.288 ms
(12 rows)

===== 106 [Wed Mar  7 04:24:34 CET 2018] scale:10000000 groups:10 work_mem:256MB incremental:on max_workers:2 =====
SELECT * FROM (SELECT * FROM s_2 ORDER BY a, b) foo ORDER BY a, b, c
                                                             QUERY PLAN                                                              
-------------------------------------------------------------------------------------------------------------------------------------
 Limit  (cost=2538617.64..2538617.64 rows=1 width=20) (actual time=6148.282..6148.282 rows=0 loops=1)
   ->  Incremental Sort  (cost=1537889.19..2455283.86 rows=8333378 width=20) (actual time=2213.907..5923.038 rows=10000000 loops=1)
         Sort Key: s_2.a, s_2.b, s_2.c
         Presorted Key: s_2.a, s_2.b
         Sort Method: quicksort  Memory: 10959kB
         Sort Groups: 121
         ->  Sort  (cost=1531459.54..1556459.68 rows=10000054 width=20) (actual time=2206.172..3083.275 rows=10000000 loops=1)
               Sort Key: s_2.a, s_2.b
               Sort Method: external merge  Disk: 293552kB
               ->  Seq Scan on s_2  (cost=0.00..163695.54 rows=10000054 width=20) (actual time=0.035..640.433 rows=10000000 loops=1)
 Planning time: 0.238 ms
 Execution time: 6184.673 ms
(12 rows)

===== 107 [Wed Mar  7 04:25:04 CET 2018] scale:10000000 groups:10 work_mem:256MB incremental:on max_workers:2 =====
SELECT * FROM (SELECT * FROM s_3 ORDER BY a, b, c) foo ORDER BY a, b, c, d
                                                             QUERY PLAN                                                             
------------------------------------------------------------------------------------------------------------------------------------
 Limit  (cost=2394468.60..2394468.60 rows=1 width=20) (actual time=5989.964..5989.964 rows=0 loops=1)
   ->  Incremental Sort  (cost=1531916.90..2311135.78 rows=8333282 width=20) (actual time=2328.917..5766.053 rows=10000000 loops=1)
         Sort Key: s_3.a, s_3.b, s_3.c, s_3.d
         Presorted Key: s_3.a, s_3.b, s_3.c
         Sort Method: quicksort  Memory: 1186kB
         Sort Groups: 1331
         ->  Sort  (cost=1531440.69..1556440.54 rows=9999939 width=20) (actual time=2328.495..3184.365 rows=10000000 loops=1)
               Sort Key: s_3.a, s_3.b, s_3.c
               Sort Method: external merge  Disk: 293552kB
               ->  Seq Scan on s_3  (cost=0.00..163694.39 rows=9999939 width=20) (actual time=0.032..633.263 rows=10000000 loops=1)
 Planning time: 0.243 ms
 Execution time: 6025.838 ms
(12 rows)

===== 108 [Wed Mar  7 04:25:33 CET 2018] scale:10000000 groups:10 work_mem:256MB incremental:on max_workers:2 =====
SELECT * FROM (SELECT * FROM s_4 ORDER BY a, b, c, d) foo ORDER BY a, b, c, d, e
                                                             QUERY PLAN                                                              
-------------------------------------------------------------------------------------------------------------------------------------
 Limit  (cost=2250620.53..2250620.53 rows=1 width=20) (actual time=6303.892..6303.892 rows=0 loops=1)
   ->  Incremental Sort  (cost=1531492.99..2167286.75 rows=8333378 width=20) (actual time=2403.281..6079.664 rows=10000000 loops=1)
         Sort Key: s_4.a, s_4.b, s_4.c, s_4.d, s_4.e
         Presorted Key: s_4.a, s_4.b, s_4.c, s_4.d
         Sort Method: quicksort  Memory: 136kB
         Sort Groups: 14641
         ->  Sort  (cost=1531459.54..1556459.68 rows=10000054 width=20) (actual time=2403.216..3262.752 rows=10000000 loops=1)
               Sort Key: s_4.a, s_4.b, s_4.c, s_4.d
               Sort Method: external merge  Disk: 293552kB
               ->  Seq Scan on s_4  (cost=0.00..163695.54 rows=10000054 width=20) (actual time=0.032..639.273 rows=10000000 loops=1)
 Planning time: 0.246 ms
 Execution time: 6339.772 ms
(12 rows)

===== 109 [Wed Mar  7 04:26:04 CET 2018] scale:10000000 groups:10 work_mem:256MB incremental:off max_workers:2 =====
SELECT * FROM (SELECT * FROM s_1 ORDER BY a) foo ORDER BY a, b
                                                                    QUERY PLAN                                                                    
--------------------------------------------------------------------------------------------------------------------------------------------------
 Limit  (cost=2853103.68..2853103.68 rows=1 width=20) (actual time=6650.182..6650.182 rows=0 loops=1)
   ->  Sort  (cost=2748937.65..2769770.86 rows=8333282 width=20) (actual time=5636.256..6431.615 rows=10000000 loops=1)
         Sort Key: s_1.a, s_1.b
         Sort Method: external merge  Disk: 293552kB
         ->  Gather Merge  (cost=564493.06..1536777.17 rows=8333282 width=20) (actual time=822.207..2358.858 rows=10000000 loops=1)
               Workers Planned: 2
               Workers Launched: 2
               ->  Sort  (cost=563493.04..573909.64 rows=4166641 width=20) (actual time=819.854..1100.618 rows=3333333 loops=3)
                     Sort Key: s_1.a
                     Sort Method: external merge  Disk: 96992kB
                     Worker 0:  Sort Method: external merge  Disk: 98168kB
                     Worker 1:  Sort Method: external merge  Disk: 98400kB
                     ->  Parallel Seq Scan on s_1  (cost=0.00..105361.41 rows=4166641 width=20) (actual time=0.023..236.610 rows=3333333 loops=3)
 Planning time: 0.235 ms
 Execution time: 6693.206 ms
(15 rows)

===== 110 [Wed Mar  7 04:26:38 CET 2018] scale:10000000 groups:10 work_mem:256MB incremental:off max_workers:2 =====
SELECT * FROM (SELECT * FROM s_2 ORDER BY a, b) foo ORDER BY a, b, c
                                                                    QUERY PLAN                                                                    
--------------------------------------------------------------------------------------------------------------------------------------------------
 Limit  (cost=2853138.37..2853138.37 rows=1 width=20) (actual time=7525.067..7525.067 rows=0 loops=1)
   ->  Sort  (cost=2748971.14..2769804.59 rows=8333378 width=20) (actual time=6538.806..7306.404 rows=10000000 loops=1)
         Sort Key: s_2.a, s_2.b, s_2.c
         Sort Method: external merge  Disk: 293552kB
         ->  Gather Merge  (cost=564499.16..1536794.48 rows=8333378 width=20) (actual time=868.527..2699.211 rows=10000000 loops=1)
               Workers Planned: 2
               Workers Launched: 2
               ->  Sort  (cost=563499.14..573915.86 rows=4166689 width=20) (actual time=866.814..1153.629 rows=3333333 loops=3)
                     Sort Key: s_2.a, s_2.b
                     Sort Method: external merge  Disk: 98024kB
                     Worker 0:  Sort Method: external merge  Disk: 97888kB
                     Worker 1:  Sort Method: external merge  Disk: 97648kB
                     ->  Parallel Seq Scan on s_2  (cost=0.00..105361.89 rows=4166689 width=20) (actual time=0.026..236.563 rows=3333333 loops=3)
 Planning time: 0.228 ms
 Execution time: 7566.977 ms
(15 rows)

===== 111 [Wed Mar  7 04:27:18 CET 2018] scale:10000000 groups:10 work_mem:256MB incremental:off max_workers:2 =====
SELECT * FROM (SELECT * FROM s_3 ORDER BY a, b, c) foo ORDER BY a, b, c, d
                                                                    QUERY PLAN                                                                    
--------------------------------------------------------------------------------------------------------------------------------------------------
 Limit  (cost=2853103.68..2853103.68 rows=1 width=20) (actual time=8346.410..8346.410 rows=0 loops=1)
   ->  Sort  (cost=2748937.65..2769770.86 rows=8333282 width=20) (actual time=7363.472..8128.004 rows=10000000 loops=1)
         Sort Key: s_3.a, s_3.b, s_3.c, s_3.d
         Sort Method: external merge  Disk: 293552kB
         ->  Gather Merge  (cost=564493.06..1536777.17 rows=8333282 width=20) (actual time=888.147..2963.764 rows=10000000 loops=1)
               Workers Planned: 2
               Workers Launched: 2
               ->  Sort  (cost=563493.04..573909.64 rows=4166641 width=20) (actual time=886.470..1175.913 rows=3333333 loops=3)
                     Sort Key: s_3.a, s_3.b, s_3.c
                     Sort Method: external merge  Disk: 97688kB
                     Worker 0:  Sort Method: external merge  Disk: 98040kB
                     Worker 1:  Sort Method: external merge  Disk: 97824kB
                     ->  Parallel Seq Scan on s_3  (cost=0.00..105361.41 rows=4166641 width=20) (actual time=0.023..236.350 rows=3333333 loops=3)
 Planning time: 0.240 ms
 Execution time: 8388.120 ms
(15 rows)

===== 112 [Wed Mar  7 04:28:02 CET 2018] scale:10000000 groups:10 work_mem:256MB incremental:off max_workers:2 =====
SELECT * FROM (SELECT * FROM s_4 ORDER BY a, b, c, d) foo ORDER BY a, b, c, d, e
                                                                    QUERY PLAN                                                                    
--------------------------------------------------------------------------------------------------------------------------------------------------
 Limit  (cost=2853138.37..2853138.37 rows=1 width=20) (actual time=9749.135..9749.135 rows=0 loops=1)
   ->  Sort  (cost=2748971.14..2769804.59 rows=8333378 width=20) (actual time=8765.175..9530.667 rows=10000000 loops=1)
         Sort Key: s_4.a, s_4.b, s_4.c, s_4.d, s_4.e
         Sort Method: external merge  Disk: 293552kB
         ->  Gather Merge  (cost=564499.16..1536794.48 rows=8333378 width=20) (actual time=912.154..3233.116 rows=10000000 loops=1)
               Workers Planned: 2
               Workers Launched: 2
               ->  Sort  (cost=563499.14..573915.86 rows=4166689 width=20) (actual time=909.850..1199.815 rows=3333333 loops=3)
                     Sort Key: s_4.a, s_4.b, s_4.c, s_4.d
                     Sort Method: external merge  Disk: 98080kB
                     Worker 0:  Sort Method: external merge  Disk: 97696kB
                     Worker 1:  Sort Method: external merge  Disk: 97784kB
                     ->  Parallel Seq Scan on s_4  (cost=0.00..105361.89 rows=4166689 width=20) (actual time=0.025..238.088 rows=3333333 loops=3)
 Planning time: 0.241 ms
 Execution time: 9790.948 ms
(15 rows)

===== 113 [Wed Mar  7 04:29:59 CET 2018] scale:10000000 groups:100 work_mem:4MB incremental:on max_workers:0 =====
SELECT * FROM (SELECT * FROM s_1 ORDER BY a) foo ORDER BY a, b
                                                             QUERY PLAN                                                              
-------------------------------------------------------------------------------------------------------------------------------------
 Limit  (cost=3171698.85..3171698.85 rows=1 width=20) (actual time=8660.727..8660.727 rows=0 loops=1)
   ->  Incremental Sort  (cost=1748028.71..3071698.31 rows=10000054 width=20) (actual time=3421.467..8408.665 rows=10000000 loops=1)
         Sort Key: s_1.a, s_1.b
         Presorted Key: s_1.a
         Sort Method: external merge  Disk: 2960kB
         Sort Groups: 101
         ->  Sort  (cost=1736542.04..1761542.18 rows=10000054 width=20) (actual time=3400.339..4369.224 rows=10000000 loops=1)
               Sort Key: s_1.a
               Sort Method: external merge  Disk: 293600kB
               ->  Seq Scan on s_1  (cost=0.00..163695.54 rows=10000054 width=20) (actual time=0.020..646.738 rows=10000000 loops=1)
 Planning time: 0.226 ms
 Execution time: 8689.834 ms
(12 rows)

===== 114 [Wed Mar  7 04:30:44 CET 2018] scale:10000000 groups:100 work_mem:4MB incremental:on max_workers:0 =====
SELECT * FROM (SELECT * FROM s_2 ORDER BY a, b) foo ORDER BY a, b, c
                                                             QUERY PLAN                                                              
-------------------------------------------------------------------------------------------------------------------------------------
 Limit  (cost=2633604.98..2633604.98 rows=1 width=20) (actual time=7953.313..7953.313 rows=0 loops=1)
   ->  Incremental Sort  (cost=1736603.00..2533604.44 rows=10000054 width=20) (actual time=3601.028..7697.587 rows=10000000 loops=1)
         Sort Key: s_2.a, s_2.b, s_2.c
         Presorted Key: s_2.a, s_2.b
         Sort Method: quicksort  Memory: 136kB
         Sort Groups: 10201
         ->  Sort  (cost=1736542.04..1761542.18 rows=10000054 width=20) (actual time=3600.893..4570.086 rows=10000000 loops=1)
               Sort Key: s_2.a, s_2.b
               Sort Method: external merge  Disk: 293600kB
               ->  Seq Scan on s_2  (cost=0.00..163695.54 rows=10000054 width=20) (actual time=0.025..645.267 rows=10000000 loops=1)
 Planning time: 0.221 ms
 Execution time: 7978.753 ms
(12 rows)

===== 115 [Wed Mar  7 04:31:25 CET 2018] scale:10000000 groups:100 work_mem:4MB incremental:on max_workers:0 =====
SELECT * FROM (SELECT * FROM s_3 ORDER BY a, b, c) foo ORDER BY a, b, c, d
                                                             QUERY PLAN                                                              
-------------------------------------------------------------------------------------------------------------------------------------
 Limit  (cost=2322641.63..2322641.63 rows=1 width=20) (actual time=7729.043..7729.043 rows=0 loops=1)
   ->  Incremental Sort  (cost=1736542.33..2222641.09 rows=10000054 width=20) (actual time=3681.233..7475.583 rows=10000000 loops=1)
         Sort Key: s_3.a, s_3.b, s_3.c, s_3.d
         Presorted Key: s_3.a, s_3.b, s_3.c
         Sort Method: quicksort  Memory: 29kB
         Sort Groups: 270985
         ->  Sort  (cost=1736542.04..1761542.18 rows=10000054 width=20) (actual time=3681.181..4698.080 rows=10000000 loops=1)
               Sort Key: s_3.a, s_3.b, s_3.c
               Sort Method: external merge  Disk: 293600kB
               ->  Seq Scan on s_3  (cost=0.00..163695.54 rows=10000054 width=20) (actual time=0.031..645.134 rows=10000000 loops=1)
 Planning time: 0.230 ms
 Execution time: 7758.433 ms
(12 rows)

===== 116 [Wed Mar  7 04:32:03 CET 2018] scale:10000000 groups:100 work_mem:4MB incremental:on max_workers:0 =====
SELECT * FROM (SELECT * FROM s_4 ORDER BY a, b, c, d) foo ORDER BY a, b, c, d, e
                                                             QUERY PLAN                                                             
------------------------------------------------------------------------------------------------------------------------------------
 Limit  (cost=2322612.52..2322612.52 rows=1 width=20) (actual time=6752.190..6752.190 rows=0 loops=1)
   ->  Incremental Sort  (cost=1736519.98..2222613.13 rows=9999939 width=20) (actual time=3737.359..6526.124 rows=10000000 loops=1)
         Sort Key: s_4.a, s_4.b, s_4.c, s_4.d, s_4.e
         Presorted Key: s_4.a, s_4.b, s_4.c, s_4.d
         Sort Method: quicksort  Memory: 27kB
         Sort Groups: 312025
         ->  Sort  (cost=1736519.69..1761519.54 rows=9999939 width=20) (actual time=3737.308..4745.642 rows=10000000 loops=1)
               Sort Key: s_4.a, s_4.b, s_4.c, s_4.d
               Sort Method: external merge  Disk: 293600kB
               ->  Seq Scan on s_4  (cost=0.00..163694.39 rows=9999939 width=20) (actual time=0.028..648.231 rows=10000000 loops=1)
 Planning time: 0.242 ms
 Execution time: 6781.564 ms
(12 rows)

===== 117 [Wed Mar  7 04:32:37 CET 2018] scale:10000000 groups:100 work_mem:4MB incremental:off max_workers:0 =====
SELECT * FROM (SELECT * FROM s_1 ORDER BY a) foo ORDER BY a, b
                                                             QUERY PLAN                                                              
-------------------------------------------------------------------------------------------------------------------------------------
 Limit  (cost=3559389.89..3559389.89 rows=1 width=20) (actual time=9562.099..9562.099 rows=0 loops=1)
   ->  Sort  (cost=3434389.22..3459389.35 rows=10000054 width=20) (actual time=8476.358..9342.219 rows=10000000 loops=1)
         Sort Key: s_1.a, s_1.b
         Sort Method: external merge  Disk: 293600kB
         ->  Sort  (cost=1736542.04..1761542.18 rows=10000054 width=20) (actual time=3386.005..4328.363 rows=10000000 loops=1)
               Sort Key: s_1.a
               Sort Method: external merge  Disk: 293600kB
               ->  Seq Scan on s_1  (cost=0.00..163695.54 rows=10000054 width=20) (actual time=0.026..638.909 rows=10000000 loops=1)
 Planning time: 0.222 ms
 Execution time: 9617.174 ms
(10 rows)

===== 118 [Wed Mar  7 04:33:29 CET 2018] scale:10000000 groups:100 work_mem:4MB incremental:off max_workers:0 =====
SELECT * FROM (SELECT * FROM s_2 ORDER BY a, b) foo ORDER BY a, b, c
                                                             QUERY PLAN                                                              
-------------------------------------------------------------------------------------------------------------------------------------
 Limit  (cost=3559389.89..3559389.89 rows=1 width=20) (actual time=10951.149..10951.149 rows=0 loops=1)
   ->  Sort  (cost=3434389.22..3459389.35 rows=10000054 width=20) (actual time=9882.947..10731.757 rows=10000000 loops=1)
         Sort Key: s_2.a, s_2.b, s_2.c
         Sort Method: external merge  Disk: 293600kB
         ->  Sort  (cost=1736542.04..1761542.18 rows=10000054 width=20) (actual time=3593.943..4557.846 rows=10000000 loops=1)
               Sort Key: s_2.a, s_2.b
               Sort Method: external merge  Disk: 293600kB
               ->  Seq Scan on s_2  (cost=0.00..163695.54 rows=10000054 width=20) (actual time=0.029..639.463 rows=10000000 loops=1)
 Planning time: 0.220 ms
 Execution time: 11012.761 ms
(10 rows)

===== 119 [Wed Mar  7 04:34:28 CET 2018] scale:10000000 groups:100 work_mem:4MB incremental:off max_workers:0 =====
SELECT * FROM (SELECT * FROM s_3 ORDER BY a, b, c) foo ORDER BY a, b, c, d
                                                             QUERY PLAN                                                              
-------------------------------------------------------------------------------------------------------------------------------------
 Limit  (cost=3559389.89..3559389.89 rows=1 width=20) (actual time=11884.234..11884.234 rows=0 loops=1)
   ->  Sort  (cost=3434389.22..3459389.35 rows=10000054 width=20) (actual time=10816.655..11664.812 rows=10000000 loops=1)
         Sort Key: s_3.a, s_3.b, s_3.c, s_3.d
         Sort Method: external merge  Disk: 293600kB
         ->  Sort  (cost=1736542.04..1761542.18 rows=10000054 width=20) (actual time=3673.248..4638.528 rows=10000000 loops=1)
               Sort Key: s_3.a, s_3.b, s_3.c
               Sort Method: external merge  Disk: 293600kB
               ->  Seq Scan on s_3  (cost=0.00..163695.54 rows=10000054 width=20) (actual time=0.031..638.985 rows=10000000 loops=1)
 Planning time: 0.220 ms
 Execution time: 11945.728 ms
(10 rows)

===== 120 [Wed Mar  7 04:35:34 CET 2018] scale:10000000 groups:100 work_mem:4MB incremental:off max_workers:0 =====
SELECT * FROM (SELECT * FROM s_4 ORDER BY a, b, c, d) foo ORDER BY a, b, c, d, e
                                                             QUERY PLAN                                                             
------------------------------------------------------------------------------------------------------------------------------------
 Limit  (cost=3559343.47..3559343.47 rows=1 width=20) (actual time=11325.635..11325.635 rows=0 loops=1)
   ->  Sort  (cost=3434344.23..3459344.08 rows=9999939 width=20) (actual time=10258.741..11106.597 rows=10000000 loops=1)
         Sort Key: s_4.a, s_4.b, s_4.c, s_4.d, s_4.e
         Sort Method: external merge  Disk: 293600kB
         ->  Sort  (cost=1736519.69..1761519.54 rows=9999939 width=20) (actual time=3744.108..4703.369 rows=10000000 loops=1)
               Sort Key: s_4.a, s_4.b, s_4.c, s_4.d
               Sort Method: external merge  Disk: 293600kB
               ->  Seq Scan on s_4  (cost=0.00..163694.39 rows=9999939 width=20) (actual time=0.028..641.758 rows=10000000 loops=1)
 Planning time: 0.244 ms
 Execution time: 11387.276 ms
(10 rows)

===== 121 [Wed Mar  7 04:36:36 CET 2018] scale:10000000 groups:100 work_mem:8MB incremental:on max_workers:0 =====
SELECT * FROM (SELECT * FROM s_1 ORDER BY a) foo ORDER BY a, b
                                                             QUERY PLAN                                                              
-------------------------------------------------------------------------------------------------------------------------------------
 Limit  (cost=2966315.35..2966315.35 rows=1 width=20) (actual time=8297.432..8297.432 rows=0 loops=1)
   ->  Incremental Sort  (cost=1745995.21..2866314.81 rows=10000054 width=20) (actual time=2671.190..8043.959 rows=10000000 loops=1)
         Sort Key: s_1.a, s_1.b
         Presorted Key: s_1.a
         Sort Method: external merge  Disk: 2960kB
         Sort Groups: 101
         ->  Sort  (cost=1736542.04..1761542.18 rows=10000054 width=20) (actual time=2653.536..3634.609 rows=10000000 loops=1)
               Sort Key: s_1.a
               Sort Method: external merge  Disk: 293608kB
               ->  Seq Scan on s_1  (cost=0.00..163695.54 rows=10000054 width=20) (actual time=0.026..639.926 rows=10000000 loops=1)
 Planning time: 0.236 ms
 Execution time: 8331.172 ms
(12 rows)

===== 122 [Wed Mar  7 04:37:20 CET 2018] scale:10000000 groups:100 work_mem:8MB incremental:on max_workers:0 =====
SELECT * FROM (SELECT * FROM s_2 ORDER BY a, b) foo ORDER BY a, b, c
                                                             QUERY PLAN                                                              
-------------------------------------------------------------------------------------------------------------------------------------
 Limit  (cost=2633604.98..2633604.98 rows=1 width=20) (actual time=7158.046..7158.046 rows=0 loops=1)
   ->  Incremental Sort  (cost=1736603.00..2533604.44 rows=10000054 width=20) (actual time=2817.927..6902.520 rows=10000000 loops=1)
         Sort Key: s_2.a, s_2.b, s_2.c
         Presorted Key: s_2.a, s_2.b
         Sort Method: quicksort  Memory: 136kB
         Sort Groups: 10201
         ->  Sort  (cost=1736542.04..1761542.18 rows=10000054 width=20) (actual time=2817.792..3792.899 rows=10000000 loops=1)
               Sort Key: s_2.a, s_2.b
               Sort Method: external merge  Disk: 293608kB
               ->  Seq Scan on s_2  (cost=0.00..163695.54 rows=10000054 width=20) (actual time=0.028..638.632 rows=10000000 loops=1)
 Planning time: 0.223 ms
 Execution time: 7191.621 ms
(12 rows)

===== 123 [Wed Mar  7 04:37:56 CET 2018] scale:10000000 groups:100 work_mem:8MB incremental:on max_workers:0 =====
SELECT * FROM (SELECT * FROM s_3 ORDER BY a, b, c) foo ORDER BY a, b, c, d
                                                             QUERY PLAN                                                              
-------------------------------------------------------------------------------------------------------------------------------------
 Limit  (cost=2322641.63..2322641.63 rows=1 width=20) (actual time=6913.055..6913.055 rows=0 loops=1)
   ->  Incremental Sort  (cost=1736542.33..2222641.09 rows=10000054 width=20) (actual time=2904.020..6659.644 rows=10000000 loops=1)
         Sort Key: s_3.a, s_3.b, s_3.c, s_3.d
         Presorted Key: s_3.a, s_3.b, s_3.c
         Sort Method: quicksort  Memory: 29kB
         Sort Groups: 270985
         ->  Sort  (cost=1736542.04..1761542.18 rows=10000054 width=20) (actual time=2903.968..3921.674 rows=10000000 loops=1)
               Sort Key: s_3.a, s_3.b, s_3.c
               Sort Method: external merge  Disk: 293608kB
               ->  Seq Scan on s_3  (cost=0.00..163695.54 rows=10000054 width=20) (actual time=0.031..638.033 rows=10000000 loops=1)
 Planning time: 0.231 ms
 Execution time: 6946.483 ms
(12 rows)

===== 124 [Wed Mar  7 04:38:30 CET 2018] scale:10000000 groups:100 work_mem:8MB incremental:on max_workers:0 =====
SELECT * FROM (SELECT * FROM s_4 ORDER BY a, b, c, d) foo ORDER BY a, b, c, d, e
                                                             QUERY PLAN                                                             
------------------------------------------------------------------------------------------------------------------------------------
 Limit  (cost=2322612.52..2322612.52 rows=1 width=20) (actual time=5989.703..5989.703 rows=0 loops=1)
   ->  Incremental Sort  (cost=1736519.98..2222613.13 rows=9999939 width=20) (actual time=2960.613..5763.402 rows=10000000 loops=1)
         Sort Key: s_4.a, s_4.b, s_4.c, s_4.d, s_4.e
         Presorted Key: s_4.a, s_4.b, s_4.c, s_4.d
         Sort Method: quicksort  Memory: 27kB
         Sort Groups: 312025
         ->  Sort  (cost=1736519.69..1761519.54 rows=9999939 width=20) (actual time=2960.565..3981.262 rows=10000000 loops=1)
               Sort Key: s_4.a, s_4.b, s_4.c, s_4.d
               Sort Method: external merge  Disk: 293608kB
               ->  Seq Scan on s_4  (cost=0.00..163694.39 rows=9999939 width=20) (actual time=0.029..640.170 rows=10000000 loops=1)
 Planning time: 0.247 ms
 Execution time: 6023.123 ms
(12 rows)

===== 125 [Wed Mar  7 04:38:59 CET 2018] scale:10000000 groups:100 work_mem:8MB incremental:off max_workers:0 =====
SELECT * FROM (SELECT * FROM s_1 ORDER BY a) foo ORDER BY a, b
                                                             QUERY PLAN                                                              
-------------------------------------------------------------------------------------------------------------------------------------
 Limit  (cost=3559389.89..3559389.89 rows=1 width=20) (actual time=8407.604..8407.604 rows=0 loops=1)
   ->  Sort  (cost=3434389.22..3459389.35 rows=10000054 width=20) (actual time=7313.307..8187.184 rows=10000000 loops=1)
         Sort Key: s_1.a, s_1.b
         Sort Method: external merge  Disk: 293608kB
         ->  Sort  (cost=1736542.04..1761542.18 rows=10000054 width=20) (actual time=2644.966..3589.905 rows=10000000 loops=1)
               Sort Key: s_1.a
               Sort Method: external merge  Disk: 293608kB
               ->  Seq Scan on s_1  (cost=0.00..163695.54 rows=10000054 width=20) (actual time=0.027..638.013 rows=10000000 loops=1)
 Planning time: 0.220 ms
 Execution time: 8469.571 ms
(10 rows)

===== 126 [Wed Mar  7 04:39:44 CET 2018] scale:10000000 groups:100 work_mem:8MB incremental:off max_workers:0 =====
SELECT * FROM (SELECT * FROM s_2 ORDER BY a, b) foo ORDER BY a, b, c
                                                             QUERY PLAN                                                              
-------------------------------------------------------------------------------------------------------------------------------------
 Limit  (cost=3559389.89..3559389.89 rows=1 width=20) (actual time=9652.027..9652.027 rows=0 loops=1)
   ->  Sort  (cost=3434389.22..3459389.35 rows=10000054 width=20) (actual time=8576.205..9432.111 rows=10000000 loops=1)
         Sort Key: s_2.a, s_2.b, s_2.c
         Sort Method: external merge  Disk: 293608kB
         ->  Sort  (cost=1736542.04..1761542.18 rows=10000054 width=20) (actual time=2815.736..3784.513 rows=10000000 loops=1)
               Sort Key: s_2.a, s_2.b
               Sort Method: external merge  Disk: 293608kB
               ->  Seq Scan on s_2  (cost=0.00..163695.54 rows=10000054 width=20) (actual time=0.031..638.522 rows=10000000 loops=1)
 Planning time: 0.222 ms
 Execution time: 9714.035 ms
(10 rows)

===== 127 [Wed Mar  7 04:40:36 CET 2018] scale:10000000 groups:100 work_mem:8MB incremental:off max_workers:0 =====
SELECT * FROM (SELECT * FROM s_3 ORDER BY a, b, c) foo ORDER BY a, b, c, d
                                                             QUERY PLAN                                                              
-------------------------------------------------------------------------------------------------------------------------------------
 Limit  (cost=3559389.89..3559389.89 rows=1 width=20) (actual time=10504.490..10504.490 rows=0 loops=1)
   ->  Sort  (cost=3434389.22..3459389.35 rows=10000054 width=20) (actual time=9428.471..10284.596 rows=10000000 loops=1)
         Sort Key: s_3.a, s_3.b, s_3.c, s_3.d
         Sort Method: external merge  Disk: 293608kB
         ->  Sort  (cost=1736542.04..1761542.18 rows=10000054 width=20) (actual time=2896.673..3865.628 rows=10000000 loops=1)
               Sort Key: s_3.a, s_3.b, s_3.c
               Sort Method: external merge  Disk: 293608kB
               ->  Seq Scan on s_3  (cost=0.00..163695.54 rows=10000054 width=20) (actual time=0.033..638.332 rows=10000000 loops=1)
 Planning time: 0.224 ms
 Execution time: 10566.468 ms
(10 rows)

===== 128 [Wed Mar  7 04:41:34 CET 2018] scale:10000000 groups:100 work_mem:8MB incremental:off max_workers:0 =====
SELECT * FROM (SELECT * FROM s_4 ORDER BY a, b, c, d) foo ORDER BY a, b, c, d, e
                                                             QUERY PLAN                                                             
------------------------------------------------------------------------------------------------------------------------------------
 Limit  (cost=3559343.47..3559343.47 rows=1 width=20) (actual time=9959.001..9959.001 rows=0 loops=1)
   ->  Sort  (cost=3434344.23..3459344.08 rows=9999939 width=20) (actual time=8877.807..9739.684 rows=10000000 loops=1)
         Sort Key: s_4.a, s_4.b, s_4.c, s_4.d, s_4.e
         Sort Method: external merge  Disk: 293608kB
         ->  Sort  (cost=1736519.69..1761519.54 rows=9999939 width=20) (actual time=2963.580..3933.951 rows=10000000 loops=1)
               Sort Key: s_4.a, s_4.b, s_4.c, s_4.d
               Sort Method: external merge  Disk: 293608kB
               ->  Seq Scan on s_4  (cost=0.00..163694.39 rows=9999939 width=20) (actual time=0.029..640.746 rows=10000000 loops=1)
 Planning time: 0.233 ms
 Execution time: 10020.855 ms
(10 rows)

===== 129 [Wed Mar  7 04:42:28 CET 2018] scale:10000000 groups:100 work_mem:16MB incremental:on max_workers:0 =====
SELECT * FROM (SELECT * FROM s_1 ORDER BY a) foo ORDER BY a, b
                                                             QUERY PLAN                                                              
-------------------------------------------------------------------------------------------------------------------------------------
 Limit  (cost=2761232.85..2761232.85 rows=1 width=20) (actual time=6377.954..6377.954 rows=0 loops=1)
   ->  Incremental Sort  (cost=1540912.71..2661232.31 rows=10000054 width=20) (actual time=1906.987..6120.304 rows=10000000 loops=1)
         Sort Key: s_1.a, s_1.b
         Presorted Key: s_1.a
         Sort Method: quicksort  Memory: 10941kB
         Sort Groups: 101
         ->  Sort  (cost=1531459.54..1556459.68 rows=10000054 width=20) (actual time=1889.458..2840.281 rows=10000000 loops=1)
               Sort Key: s_1.a
               Sort Method: external merge  Disk: 293904kB
               ->  Seq Scan on s_1  (cost=0.00..163695.54 rows=10000054 width=20) (actual time=0.025..636.998 rows=10000000 loops=1)
 Planning time: 0.221 ms
 Execution time: 6412.168 ms
(12 rows)

===== 130 [Wed Mar  7 04:42:59 CET 2018] scale:10000000 groups:100 work_mem:16MB incremental:on max_workers:0 =====
SELECT * FROM (SELECT * FROM s_2 ORDER BY a, b) foo ORDER BY a, b, c
                                                             QUERY PLAN                                                              
-------------------------------------------------------------------------------------------------------------------------------------
 Limit  (cost=2428522.48..2428522.48 rows=1 width=20) (actual time=6391.650..6391.650 rows=0 loops=1)
   ->  Incremental Sort  (cost=1531520.50..2328521.94 rows=10000054 width=20) (actual time=2023.259..6136.383 rows=10000000 loops=1)
         Sort Key: s_2.a, s_2.b, s_2.c
         Presorted Key: s_2.a, s_2.b
         Sort Method: quicksort  Memory: 136kB
         Sort Groups: 10201
         ->  Sort  (cost=1531459.54..1556459.68 rows=10000054 width=20) (actual time=2023.129..3001.054 rows=10000000 loops=1)
               Sort Key: s_2.a, s_2.b
               Sort Method: external merge  Disk: 293904kB
               ->  Seq Scan on s_2  (cost=0.00..163695.54 rows=10000054 width=20) (actual time=0.028..635.177 rows=10000000 loops=1)
 Planning time: 0.228 ms
 Execution time: 6425.362 ms
(12 rows)

===== 131 [Wed Mar  7 04:43:30 CET 2018] scale:10000000 groups:100 work_mem:16MB incremental:on max_workers:0 =====
SELECT * FROM (SELECT * FROM s_3 ORDER BY a, b, c) foo ORDER BY a, b, c, d
                                                             QUERY PLAN                                                              
-------------------------------------------------------------------------------------------------------------------------------------
 Limit  (cost=2117559.13..2117559.13 rows=1 width=20) (actual time=6115.804..6115.804 rows=0 loops=1)
   ->  Incremental Sort  (cost=1531459.83..2017558.59 rows=10000054 width=20) (actual time=2107.249..5862.417 rows=10000000 loops=1)
         Sort Key: s_3.a, s_3.b, s_3.c, s_3.d
         Presorted Key: s_3.a, s_3.b, s_3.c
         Sort Method: quicksort  Memory: 29kB
         Sort Groups: 270985
         ->  Sort  (cost=1531459.54..1556459.68 rows=10000054 width=20) (actual time=2107.197..3121.659 rows=10000000 loops=1)
               Sort Key: s_3.a, s_3.b, s_3.c
               Sort Method: external merge  Disk: 293904kB
               ->  Seq Scan on s_3  (cost=0.00..163695.54 rows=10000054 width=20) (actual time=0.031..634.819 rows=10000000 loops=1)
 Planning time: 0.228 ms
 Execution time: 6149.375 ms
(12 rows)

===== 132 [Wed Mar  7 04:44:00 CET 2018] scale:10000000 groups:100 work_mem:16MB incremental:on max_workers:0 =====
SELECT * FROM (SELECT * FROM s_4 ORDER BY a, b, c, d) foo ORDER BY a, b, c, d, e
                                                             QUERY PLAN                                                             
------------------------------------------------------------------------------------------------------------------------------------
 Limit  (cost=2117533.52..2117533.52 rows=1 width=20) (actual time=5197.874..5197.874 rows=0 loops=1)
   ->  Incremental Sort  (cost=1531440.98..2017534.13 rows=9999939 width=20) (actual time=2163.236..4971.688 rows=10000000 loops=1)
         Sort Key: s_4.a, s_4.b, s_4.c, s_4.d, s_4.e
         Presorted Key: s_4.a, s_4.b, s_4.c, s_4.d
         Sort Method: quicksort  Memory: 27kB
         Sort Groups: 312025
         ->  Sort  (cost=1531440.69..1556440.54 rows=9999939 width=20) (actual time=2163.188..3185.047 rows=10000000 loops=1)
               Sort Key: s_4.a, s_4.b, s_4.c, s_4.d
               Sort Method: external merge  Disk: 293904kB
               ->  Seq Scan on s_4  (cost=0.00..163694.39 rows=9999939 width=20) (actual time=0.028..637.958 rows=10000000 loops=1)
 Planning time: 0.236 ms
 Execution time: 5231.470 ms
(12 rows)

===== 133 [Wed Mar  7 04:44:24 CET 2018] scale:10000000 groups:100 work_mem:16MB incremental:off max_workers:0 =====
SELECT * FROM (SELECT * FROM s_1 ORDER BY a) foo ORDER BY a, b
                                                             QUERY PLAN                                                              
-------------------------------------------------------------------------------------------------------------------------------------
 Limit  (cost=3149224.89..3149224.89 rows=1 width=20) (actual time=7161.259..7161.259 rows=0 loops=1)
   ->  Sort  (cost=3024224.22..3049224.35 rows=10000054 width=20) (actual time=6052.745..6940.934 rows=10000000 loops=1)
         Sort Key: s_1.a, s_1.b
         Sort Method: external merge  Disk: 293904kB
         ->  Sort  (cost=1531459.54..1556459.68 rows=10000054 width=20) (actual time=1879.551..2818.609 rows=10000000 loops=1)
               Sort Key: s_1.a
               Sort Method: external merge  Disk: 293904kB
               ->  Seq Scan on s_1  (cost=0.00..163695.54 rows=10000054 width=20) (actual time=0.026..636.482 rows=10000000 loops=1)
 Planning time: 0.218 ms
 Execution time: 7221.838 ms
(10 rows)

===== 134 [Wed Mar  7 04:45:01 CET 2018] scale:10000000 groups:100 work_mem:16MB incremental:off max_workers:0 =====
SELECT * FROM (SELECT * FROM s_2 ORDER BY a, b) foo ORDER BY a, b, c
                                                             QUERY PLAN                                                              
-------------------------------------------------------------------------------------------------------------------------------------
 Limit  (cost=3149224.89..3149224.89 rows=1 width=20) (actual time=8232.747..8232.747 rows=0 loops=1)
   ->  Sort  (cost=3024224.22..3049224.35 rows=10000054 width=20) (actual time=7159.744..8014.039 rows=10000000 loops=1)
         Sort Key: s_2.a, s_2.b, s_2.c
         Sort Method: external merge  Disk: 293904kB
         ->  Sort  (cost=1531459.54..1556459.68 rows=10000054 width=20) (actual time=2014.241..2981.879 rows=10000000 loops=1)
               Sort Key: s_2.a, s_2.b
               Sort Method: external merge  Disk: 293904kB
               ->  Seq Scan on s_2  (cost=0.00..163695.54 rows=10000054 width=20) (actual time=0.031..634.639 rows=10000000 loops=1)
 Planning time: 0.220 ms
 Execution time: 8293.566 ms
(10 rows)

===== 135 [Wed Mar  7 04:45:45 CET 2018] scale:10000000 groups:100 work_mem:16MB incremental:off max_workers:0 =====
SELECT * FROM (SELECT * FROM s_3 ORDER BY a, b, c) foo ORDER BY a, b, c, d
                                                             QUERY PLAN                                                              
-------------------------------------------------------------------------------------------------------------------------------------
 Limit  (cost=3149224.89..3149224.89 rows=1 width=20) (actual time=9046.331..9046.331 rows=0 loops=1)
   ->  Sort  (cost=3024224.22..3049224.35 rows=10000054 width=20) (actual time=7974.352..8827.689 rows=10000000 loops=1)
         Sort Key: s_3.a, s_3.b, s_3.c, s_3.d
         Sort Method: external merge  Disk: 293904kB
         ->  Sort  (cost=1531459.54..1556459.68 rows=10000054 width=20) (actual time=2094.027..3061.565 rows=10000000 loops=1)
               Sort Key: s_3.a, s_3.b, s_3.c
               Sort Method: external merge  Disk: 293904kB
               ->  Seq Scan on s_3  (cost=0.00..163695.54 rows=10000054 width=20) (actual time=0.031..635.604 rows=10000000 loops=1)
 Planning time: 0.219 ms
 Execution time: 9107.507 ms
(10 rows)

===== 136 [Wed Mar  7 04:46:33 CET 2018] scale:10000000 groups:100 work_mem:16MB incremental:off max_workers:0 =====
SELECT * FROM (SELECT * FROM s_4 ORDER BY a, b, c, d) foo ORDER BY a, b, c, d, e
                                                             QUERY PLAN                                                             
------------------------------------------------------------------------------------------------------------------------------------
 Limit  (cost=3149185.47..3149185.47 rows=1 width=20) (actual time=8471.840..8471.840 rows=0 loops=1)
   ->  Sort  (cost=3024186.23..3049186.08 rows=9999939 width=20) (actual time=7392.845..8253.374 rows=10000000 loops=1)
         Sort Key: s_4.a, s_4.b, s_4.c, s_4.d, s_4.e
         Sort Method: external merge  Disk: 293904kB
         ->  Sort  (cost=1531440.69..1556440.54 rows=9999939 width=20) (actual time=2163.251..3130.807 rows=10000000 loops=1)
               Sort Key: s_4.a, s_4.b, s_4.c, s_4.d
               Sort Method: external merge  Disk: 293904kB
               ->  Seq Scan on s_4  (cost=0.00..163694.39 rows=9999939 width=20) (actual time=0.029..636.847 rows=10000000 loops=1)
 Planning time: 0.229 ms
 Execution time: 8532.939 ms
(10 rows)

===== 137 [Wed Mar  7 04:47:18 CET 2018] scale:10000000 groups:100 work_mem:32MB incremental:on max_workers:0 =====
SELECT * FROM (SELECT * FROM s_1 ORDER BY a) foo ORDER BY a, b
                                                             QUERY PLAN                                                              
-------------------------------------------------------------------------------------------------------------------------------------
 Limit  (cost=2761232.85..2761232.85 rows=1 width=20) (actual time=6344.237..6344.237 rows=0 loops=1)
   ->  Incremental Sort  (cost=1540912.71..2661232.31 rows=10000054 width=20) (actual time=1871.864..6086.676 rows=10000000 loops=1)
         Sort Key: s_1.a, s_1.b
         Presorted Key: s_1.a
         Sort Method: quicksort  Memory: 10941kB
         Sort Groups: 101
         ->  Sort  (cost=1531459.54..1556459.68 rows=10000054 width=20) (actual time=1854.164..2802.674 rows=10000000 loops=1)
               Sort Key: s_1.a
               Sort Method: external merge  Disk: 293576kB
               ->  Seq Scan on s_1  (cost=0.00..163695.54 rows=10000054 width=20) (actual time=0.025..636.679 rows=10000000 loops=1)
 Planning time: 0.225 ms
 Execution time: 6379.193 ms
(12 rows)

===== 138 [Wed Mar  7 04:47:50 CET 2018] scale:10000000 groups:100 work_mem:32MB incremental:on max_workers:0 =====
SELECT * FROM (SELECT * FROM s_2 ORDER BY a, b) foo ORDER BY a, b, c
                                                             QUERY PLAN                                                              
-------------------------------------------------------------------------------------------------------------------------------------
 Limit  (cost=2428522.48..2428522.48 rows=1 width=20) (actual time=6317.855..6317.855 rows=0 loops=1)
   ->  Incremental Sort  (cost=1531520.50..2328521.94 rows=10000054 width=20) (actual time=1986.210..6062.703 rows=10000000 loops=1)
         Sort Key: s_2.a, s_2.b, s_2.c
         Presorted Key: s_2.a, s_2.b
         Sort Method: quicksort  Memory: 136kB
         Sort Groups: 10201
         ->  Sort  (cost=1531459.54..1556459.68 rows=10000054 width=20) (actual time=1986.072..2940.004 rows=10000000 loops=1)
               Sort Key: s_2.a, s_2.b
               Sort Method: external merge  Disk: 293576kB
               ->  Seq Scan on s_2  (cost=0.00..163695.54 rows=10000054 width=20) (actual time=0.033..634.654 rows=10000000 loops=1)
 Planning time: 0.225 ms
 Execution time: 6352.297 ms
(12 rows)

===== 139 [Wed Mar  7 04:48:21 CET 2018] scale:10000000 groups:100 work_mem:32MB incremental:on max_workers:0 =====
SELECT * FROM (SELECT * FROM s_3 ORDER BY a, b, c) foo ORDER BY a, b, c, d
                                                             QUERY PLAN                                                              
-------------------------------------------------------------------------------------------------------------------------------------
 Limit  (cost=2117559.13..2117559.13 rows=1 width=20) (actual time=6070.549..6070.549 rows=0 loops=1)
   ->  Incremental Sort  (cost=1531459.83..2017558.59 rows=10000054 width=20) (actual time=2088.326..5817.136 rows=10000000 loops=1)
         Sort Key: s_3.a, s_3.b, s_3.c, s_3.d
         Presorted Key: s_3.a, s_3.b, s_3.c
         Sort Method: quicksort  Memory: 29kB
         Sort Groups: 270985
         ->  Sort  (cost=1531459.54..1556459.68 rows=10000054 width=20) (actual time=2088.273..3079.622 rows=10000000 loops=1)
               Sort Key: s_3.a, s_3.b, s_3.c
               Sort Method: external merge  Disk: 293576kB
               ->  Seq Scan on s_3  (cost=0.00..163695.54 rows=10000054 width=20) (actual time=0.032..635.591 rows=10000000 loops=1)
 Planning time: 0.235 ms
 Execution time: 6104.986 ms
(12 rows)

===== 140 [Wed Mar  7 04:48:50 CET 2018] scale:10000000 groups:100 work_mem:32MB incremental:on max_workers:0 =====
SELECT * FROM (SELECT * FROM s_4 ORDER BY a, b, c, d) foo ORDER BY a, b, c, d, e
                                                             QUERY PLAN                                                             
------------------------------------------------------------------------------------------------------------------------------------
 Limit  (cost=2117533.52..2117533.52 rows=1 width=20) (actual time=5158.986..5158.986 rows=0 loops=1)
   ->  Incremental Sort  (cost=1531440.98..2017534.13 rows=9999939 width=20) (actual time=2137.157..4933.329 rows=10000000 loops=1)
         Sort Key: s_4.a, s_4.b, s_4.c, s_4.d, s_4.e
         Presorted Key: s_4.a, s_4.b, s_4.c, s_4.d
         Sort Method: quicksort  Memory: 27kB
         Sort Groups: 312025
         ->  Sort  (cost=1531440.69..1556440.54 rows=9999939 width=20) (actual time=2137.109..3139.591 rows=10000000 loops=1)
               Sort Key: s_4.a, s_4.b, s_4.c, s_4.d
               Sort Method: external merge  Disk: 293576kB
               ->  Seq Scan on s_4  (cost=0.00..163694.39 rows=9999939 width=20) (actual time=0.029..636.783 rows=10000000 loops=1)
 Planning time: 0.248 ms
 Execution time: 5193.345 ms
(12 rows)

===== 141 [Wed Mar  7 04:49:14 CET 2018] scale:10000000 groups:100 work_mem:32MB incremental:off max_workers:0 =====
SELECT * FROM (SELECT * FROM s_1 ORDER BY a) foo ORDER BY a, b
                                                             QUERY PLAN                                                              
-------------------------------------------------------------------------------------------------------------------------------------
 Limit  (cost=3149224.89..3149224.89 rows=1 width=20) (actual time=7223.057..7223.057 rows=0 loops=1)
   ->  Sort  (cost=3024224.22..3049224.35 rows=10000054 width=20) (actual time=6151.546..7004.269 rows=10000000 loops=1)
         Sort Key: s_1.a, s_1.b
         Sort Method: external merge  Disk: 293576kB
         ->  Sort  (cost=1531459.54..1556459.68 rows=10000054 width=20) (actual time=1845.614..2781.616 rows=10000000 loops=1)
               Sort Key: s_1.a
               Sort Method: external merge  Disk: 293576kB
               ->  Seq Scan on s_1  (cost=0.00..163695.54 rows=10000054 width=20) (actual time=0.026..634.896 rows=10000000 loops=1)
 Planning time: 0.217 ms
 Execution time: 7285.103 ms
(10 rows)

===== 142 [Wed Mar  7 04:49:51 CET 2018] scale:10000000 groups:100 work_mem:32MB incremental:off max_workers:0 =====
SELECT * FROM (SELECT * FROM s_2 ORDER BY a, b) foo ORDER BY a, b, c
                                                             QUERY PLAN                                                              
-------------------------------------------------------------------------------------------------------------------------------------
 Limit  (cost=3149224.89..3149224.89 rows=1 width=20) (actual time=8246.472..8246.472 rows=0 loops=1)
   ->  Sort  (cost=3024224.22..3049224.35 rows=10000054 width=20) (actual time=7194.218..8028.662 rows=10000000 loops=1)
         Sort Key: s_2.a, s_2.b, s_2.c
         Sort Method: external merge  Disk: 293576kB
         ->  Sort  (cost=1531459.54..1556459.68 rows=10000054 width=20) (actual time=1973.676..2923.818 rows=10000000 loops=1)
               Sort Key: s_2.a, s_2.b
               Sort Method: external merge  Disk: 293576kB
               ->  Seq Scan on s_2  (cost=0.00..163695.54 rows=10000054 width=20) (actual time=0.032..633.218 rows=10000000 loops=1)
 Planning time: 0.223 ms
 Execution time: 8308.969 ms
(10 rows)

===== 143 [Wed Mar  7 04:50:35 CET 2018] scale:10000000 groups:100 work_mem:32MB incremental:off max_workers:0 =====
SELECT * FROM (SELECT * FROM s_3 ORDER BY a, b, c) foo ORDER BY a, b, c, d
                                                             QUERY PLAN                                                              
-------------------------------------------------------------------------------------------------------------------------------------
 Limit  (cost=3149224.89..3149224.89 rows=1 width=20) (actual time=9048.721..9048.721 rows=0 loops=1)
   ->  Sort  (cost=3024224.22..3049224.35 rows=10000054 width=20) (actual time=7996.339..8830.870 rows=10000000 loops=1)
         Sort Key: s_3.a, s_3.b, s_3.c, s_3.d
         Sort Method: external merge  Disk: 293576kB
         ->  Sort  (cost=1531459.54..1556459.68 rows=10000054 width=20) (actual time=2057.153..3008.022 rows=10000000 loops=1)
               Sort Key: s_3.a, s_3.b, s_3.c
               Sort Method: external merge  Disk: 293576kB
               ->  Seq Scan on s_3  (cost=0.00..163695.54 rows=10000054 width=20) (actual time=0.032..633.991 rows=10000000 loops=1)
 Planning time: 0.219 ms
 Execution time: 9111.083 ms
(10 rows)

===== 144 [Wed Mar  7 04:51:24 CET 2018] scale:10000000 groups:100 work_mem:32MB incremental:off max_workers:0 =====
SELECT * FROM (SELECT * FROM s_4 ORDER BY a, b, c, d) foo ORDER BY a, b, c, d, e
                                                             QUERY PLAN                                                             
------------------------------------------------------------------------------------------------------------------------------------
 Limit  (cost=3149185.47..3149185.47 rows=1 width=20) (actual time=8438.519..8438.519 rows=0 loops=1)
   ->  Sort  (cost=3024186.23..3049186.08 rows=9999939 width=20) (actual time=7379.431..8220.908 rows=10000000 loops=1)
         Sort Key: s_4.a, s_4.b, s_4.c, s_4.d, s_4.e
         Sort Method: external merge  Disk: 293576kB
         ->  Sort  (cost=1531440.69..1556440.54 rows=9999939 width=20) (actual time=2125.680..3069.874 rows=10000000 loops=1)
               Sort Key: s_4.a, s_4.b, s_4.c, s_4.d
               Sort Method: external merge  Disk: 293576kB
               ->  Seq Scan on s_4  (cost=0.00..163694.39 rows=9999939 width=20) (actual time=0.028..636.522 rows=10000000 loops=1)
 Planning time: 0.229 ms
 Execution time: 8500.975 ms
(10 rows)

===== 145 [Wed Mar  7 04:52:09 CET 2018] scale:10000000 groups:100 work_mem:64MB incremental:on max_workers:0 =====
SELECT * FROM (SELECT * FROM s_1 ORDER BY a) foo ORDER BY a, b
                                                             QUERY PLAN                                                              
-------------------------------------------------------------------------------------------------------------------------------------
 Limit  (cost=2761232.85..2761232.85 rows=1 width=20) (actual time=6419.713..6419.713 rows=0 loops=1)
   ->  Incremental Sort  (cost=1540912.71..2661232.31 rows=10000054 width=20) (actual time=1903.529..6162.177 rows=10000000 loops=1)
         Sort Key: s_1.a, s_1.b
         Presorted Key: s_1.a
         Sort Method: quicksort  Memory: 10941kB
         Sort Groups: 101
         ->  Sort  (cost=1531459.54..1556459.68 rows=10000054 width=20) (actual time=1886.650..2853.319 rows=10000000 loops=1)
               Sort Key: s_1.a
               Sort Method: external merge  Disk: 293648kB
               ->  Seq Scan on s_1  (cost=0.00..163695.54 rows=10000054 width=20) (actual time=0.027..636.705 rows=10000000 loops=1)
 Planning time: 0.225 ms
 Execution time: 6452.381 ms
(12 rows)

===== 146 [Wed Mar  7 04:52:40 CET 2018] scale:10000000 groups:100 work_mem:64MB incremental:on max_workers:0 =====
SELECT * FROM (SELECT * FROM s_2 ORDER BY a, b) foo ORDER BY a, b, c
                                                             QUERY PLAN                                                              
-------------------------------------------------------------------------------------------------------------------------------------
 Limit  (cost=2428522.48..2428522.48 rows=1 width=20) (actual time=6376.213..6376.213 rows=0 loops=1)
   ->  Incremental Sort  (cost=1531520.50..2328521.94 rows=10000054 width=20) (actual time=2015.942..6120.794 rows=10000000 loops=1)
         Sort Key: s_2.a, s_2.b, s_2.c
         Presorted Key: s_2.a, s_2.b
         Sort Method: quicksort  Memory: 136kB
         Sort Groups: 10201
         ->  Sort  (cost=1531459.54..1556459.68 rows=10000054 width=20) (actual time=2015.805..2979.927 rows=10000000 loops=1)
               Sort Key: s_2.a, s_2.b
               Sort Method: external merge  Disk: 293648kB
               ->  Seq Scan on s_2  (cost=0.00..163695.54 rows=10000054 width=20) (actual time=0.031..634.565 rows=10000000 loops=1)
 Planning time: 0.224 ms
 Execution time: 6411.947 ms
(12 rows)

===== 147 [Wed Mar  7 04:53:11 CET 2018] scale:10000000 groups:100 work_mem:64MB incremental:on max_workers:0 =====
SELECT * FROM (SELECT * FROM s_3 ORDER BY a, b, c) foo ORDER BY a, b, c, d
                                                             QUERY PLAN                                                              
-------------------------------------------------------------------------------------------------------------------------------------
 Limit  (cost=2117559.13..2117559.13 rows=1 width=20) (actual time=6087.576..6087.576 rows=0 loops=1)
   ->  Incremental Sort  (cost=1531459.83..2017558.59 rows=10000054 width=20) (actual time=2105.233..5834.149 rows=10000000 loops=1)
         Sort Key: s_3.a, s_3.b, s_3.c, s_3.d
         Presorted Key: s_3.a, s_3.b, s_3.c
         Sort Method: quicksort  Memory: 29kB
         Sort Groups: 270985
         ->  Sort  (cost=1531459.54..1556459.68 rows=10000054 width=20) (actual time=2105.178..3095.909 rows=10000000 loops=1)
               Sort Key: s_3.a, s_3.b, s_3.c
               Sort Method: external merge  Disk: 293648kB
               ->  Seq Scan on s_3  (cost=0.00..163695.54 rows=10000054 width=20) (actual time=0.033..635.944 rows=10000000 loops=1)
 Planning time: 0.232 ms
 Execution time: 6123.338 ms
(12 rows)

===== 148 [Wed Mar  7 04:53:40 CET 2018] scale:10000000 groups:100 work_mem:64MB incremental:on max_workers:0 =====
SELECT * FROM (SELECT * FROM s_4 ORDER BY a, b, c, d) foo ORDER BY a, b, c, d, e
                                                             QUERY PLAN                                                             
------------------------------------------------------------------------------------------------------------------------------------
 Limit  (cost=2117533.52..2117533.52 rows=1 width=20) (actual time=5175.888..5175.888 rows=0 loops=1)
   ->  Incremental Sort  (cost=1531440.98..2017534.13 rows=9999939 width=20) (actual time=2162.062..4950.128 rows=10000000 loops=1)
         Sort Key: s_4.a, s_4.b, s_4.c, s_4.d, s_4.e
         Presorted Key: s_4.a, s_4.b, s_4.c, s_4.d
         Sort Method: quicksort  Memory: 27kB
         Sort Groups: 312025
         ->  Sort  (cost=1531440.69..1556440.54 rows=9999939 width=20) (actual time=2162.014..3159.957 rows=10000000 loops=1)
               Sort Key: s_4.a, s_4.b, s_4.c, s_4.d
               Sort Method: external merge  Disk: 293648kB
               ->  Seq Scan on s_4  (cost=0.00..163694.39 rows=9999939 width=20) (actual time=0.029..637.201 rows=10000000 loops=1)
 Planning time: 0.245 ms
 Execution time: 5211.541 ms
(12 rows)

===== 149 [Wed Mar  7 04:54:05 CET 2018] scale:10000000 groups:100 work_mem:64MB incremental:off max_workers:0 =====
SELECT * FROM (SELECT * FROM s_1 ORDER BY a) foo ORDER BY a, b
                                                             QUERY PLAN                                                              
-------------------------------------------------------------------------------------------------------------------------------------
 Limit  (cost=3149224.89..3149224.89 rows=1 width=20) (actual time=7436.951..7436.951 rows=0 loops=1)
   ->  Sort  (cost=3024224.22..3049224.35 rows=10000054 width=20) (actual time=6375.245..7218.698 rows=10000000 loops=1)
         Sort Key: s_1.a, s_1.b
         Sort Method: external merge  Disk: 293648kB
         ->  Sort  (cost=1531459.54..1556459.68 rows=10000054 width=20) (actual time=1877.883..2842.394 rows=10000000 loops=1)
               Sort Key: s_1.a
               Sort Method: external merge  Disk: 293648kB
               ->  Seq Scan on s_1  (cost=0.00..163695.54 rows=10000054 width=20) (actual time=0.027..636.444 rows=10000000 loops=1)
 Planning time: 0.217 ms
 Execution time: 7489.463 ms
(10 rows)

===== 150 [Wed Mar  7 04:54:43 CET 2018] scale:10000000 groups:100 work_mem:64MB incremental:off max_workers:0 =====
SELECT * FROM (SELECT * FROM s_2 ORDER BY a, b) foo ORDER BY a, b, c
                                                             QUERY PLAN                                                              
-------------------------------------------------------------------------------------------------------------------------------------
 Limit  (cost=3149224.89..3149224.89 rows=1 width=20) (actual time=8436.598..8436.598 rows=0 loops=1)
   ->  Sort  (cost=3024224.22..3049224.35 rows=10000054 width=20) (actual time=7385.426..8218.806 rows=10000000 loops=1)
         Sort Key: s_2.a, s_2.b, s_2.c
         Sort Method: external merge  Disk: 293648kB
         ->  Sort  (cost=1531459.54..1556459.68 rows=10000054 width=20) (actual time=2007.127..2980.308 rows=10000000 loops=1)
               Sort Key: s_2.a, s_2.b
               Sort Method: external merge  Disk: 293648kB
               ->  Seq Scan on s_2  (cost=0.00..163695.54 rows=10000054 width=20) (actual time=0.031..635.633 rows=10000000 loops=1)
 Planning time: 0.216 ms
 Execution time: 8497.355 ms
(10 rows)

===== 151 [Wed Mar  7 04:55:28 CET 2018] scale:10000000 groups:100 work_mem:64MB incremental:off max_workers:0 =====
SELECT * FROM (SELECT * FROM s_3 ORDER BY a, b, c) foo ORDER BY a, b, c, d
                                                             QUERY PLAN                                                              
-------------------------------------------------------------------------------------------------------------------------------------
 Limit  (cost=3149224.89..3149224.89 rows=1 width=20) (actual time=9235.655..9235.655 rows=0 loops=1)
   ->  Sort  (cost=3024224.22..3049224.35 rows=10000054 width=20) (actual time=8184.567..9017.786 rows=10000000 loops=1)
         Sort Key: s_3.a, s_3.b, s_3.c, s_3.d
         Sort Method: external merge  Disk: 293648kB
         ->  Sort  (cost=1531459.54..1556459.68 rows=10000054 width=20) (actual time=2090.061..3063.475 rows=10000000 loops=1)
               Sort Key: s_3.a, s_3.b, s_3.c
               Sort Method: external merge  Disk: 293648kB
               ->  Seq Scan on s_3  (cost=0.00..163695.54 rows=10000054 width=20) (actual time=0.031..636.023 rows=10000000 loops=1)
 Planning time: 0.219 ms
 Execution time: 9296.561 ms
(10 rows)

===== 152 [Wed Mar  7 04:56:17 CET 2018] scale:10000000 groups:100 work_mem:64MB incremental:off max_workers:0 =====
SELECT * FROM (SELECT * FROM s_4 ORDER BY a, b, c, d) foo ORDER BY a, b, c, d, e
                                                             QUERY PLAN                                                             
------------------------------------------------------------------------------------------------------------------------------------
 Limit  (cost=3149185.47..3149185.47 rows=1 width=20) (actual time=8570.553..8570.553 rows=0 loops=1)
   ->  Sort  (cost=3024186.23..3049186.08 rows=9999939 width=20) (actual time=7520.473..8353.165 rows=10000000 loops=1)
         Sort Key: s_4.a, s_4.b, s_4.c, s_4.d, s_4.e
         Sort Method: external merge  Disk: 293648kB
         ->  Sort  (cost=1531440.69..1556440.54 rows=9999939 width=20) (actual time=2158.121..3102.415 rows=10000000 loops=1)
               Sort Key: s_4.a, s_4.b, s_4.c, s_4.d
               Sort Method: external merge  Disk: 293648kB
               ->  Seq Scan on s_4  (cost=0.00..163694.39 rows=9999939 width=20) (actual time=0.028..637.371 rows=10000000 loops=1)
 Planning time: 0.229 ms
 Execution time: 8631.165 ms
(10 rows)

===== 153 [Wed Mar  7 04:57:03 CET 2018] scale:10000000 groups:100 work_mem:128MB incremental:on max_workers:0 =====
SELECT * FROM (SELECT * FROM s_1 ORDER BY a) foo ORDER BY a, b
                                                             QUERY PLAN                                                              
-------------------------------------------------------------------------------------------------------------------------------------
 Limit  (cost=2761232.85..2761232.85 rows=1 width=20) (actual time=6273.182..6273.182 rows=0 loops=1)
   ->  Incremental Sort  (cost=1540912.71..2661232.31 rows=10000054 width=20) (actual time=1965.926..6057.696 rows=10000000 loops=1)
         Sort Key: s_1.a, s_1.b
         Presorted Key: s_1.a
         Sort Method: quicksort  Memory: 10941kB
         Sort Groups: 101
         ->  Sort  (cost=1531459.54..1556459.68 rows=10000054 width=20) (actual time=1950.636..2878.853 rows=10000000 loops=1)
               Sort Key: s_1.a
               Sort Method: external merge  Disk: 293568kB
               ->  Seq Scan on s_1  (cost=0.00..163695.54 rows=10000054 width=20) (actual time=0.026..641.024 rows=10000000 loops=1)
 Planning time: 0.223 ms
 Execution time: 6311.643 ms
(12 rows)

===== 154 [Wed Mar  7 04:57:34 CET 2018] scale:10000000 groups:100 work_mem:128MB incremental:on max_workers:0 =====
SELECT * FROM (SELECT * FROM s_2 ORDER BY a, b) foo ORDER BY a, b, c
                                                             QUERY PLAN                                                              
-------------------------------------------------------------------------------------------------------------------------------------
 Limit  (cost=2428522.48..2428522.48 rows=1 width=20) (actual time=6285.126..6285.126 rows=0 loops=1)
   ->  Incremental Sort  (cost=1531520.50..2328521.94 rows=10000054 width=20) (actual time=2083.912..6069.804 rows=10000000 loops=1)
         Sort Key: s_2.a, s_2.b, s_2.c
         Presorted Key: s_2.a, s_2.b
         Sort Method: quicksort  Memory: 136kB
         Sort Groups: 10201
         ->  Sort  (cost=1531459.54..1556459.68 rows=10000054 width=20) (actual time=2083.781..3022.274 rows=10000000 loops=1)
               Sort Key: s_2.a, s_2.b
               Sort Method: external merge  Disk: 293568kB
               ->  Seq Scan on s_2  (cost=0.00..163695.54 rows=10000054 width=20) (actual time=0.031..642.943 rows=10000000 loops=1)
 Planning time: 0.225 ms
 Execution time: 6323.375 ms
(12 rows)

===== 155 [Wed Mar  7 04:58:06 CET 2018] scale:10000000 groups:100 work_mem:128MB incremental:on max_workers:0 =====
SELECT * FROM (SELECT * FROM s_3 ORDER BY a, b, c) foo ORDER BY a, b, c, d
                                                             QUERY PLAN                                                              
-------------------------------------------------------------------------------------------------------------------------------------
 Limit  (cost=2117559.13..2117559.13 rows=1 width=20) (actual time=6004.405..6004.405 rows=0 loops=1)
   ->  Incremental Sort  (cost=1531459.83..2017558.59 rows=10000054 width=20) (actual time=2158.061..5785.640 rows=10000000 loops=1)
         Sort Key: s_3.a, s_3.b, s_3.c, s_3.d
         Presorted Key: s_3.a, s_3.b, s_3.c
         Sort Method: quicksort  Memory: 29kB
         Sort Groups: 270985
         ->  Sort  (cost=1531459.54..1556459.68 rows=10000054 width=20) (actual time=2158.005..3130.088 rows=10000000 loops=1)
               Sort Key: s_3.a, s_3.b, s_3.c
               Sort Method: external merge  Disk: 293568kB
               ->  Seq Scan on s_3  (cost=0.00..163695.54 rows=10000054 width=20) (actual time=0.031..638.867 rows=10000000 loops=1)
 Planning time: 0.241 ms
 Execution time: 6042.774 ms
(12 rows)

===== 156 [Wed Mar  7 04:58:35 CET 2018] scale:10000000 groups:100 work_mem:128MB incremental:on max_workers:0 =====
SELECT * FROM (SELECT * FROM s_4 ORDER BY a, b, c, d) foo ORDER BY a, b, c, d, e
                                                             QUERY PLAN                                                             
------------------------------------------------------------------------------------------------------------------------------------
 Limit  (cost=2117533.52..2117533.52 rows=1 width=20) (actual time=5251.145..5251.145 rows=0 loops=1)
   ->  Incremental Sort  (cost=1531440.98..2017534.13 rows=9999939 width=20) (actual time=2297.157..5031.220 rows=10000000 loops=1)
         Sort Key: s_4.a, s_4.b, s_4.c, s_4.d, s_4.e
         Presorted Key: s_4.a, s_4.b, s_4.c, s_4.d
         Sort Method: quicksort  Memory: 27kB
         Sort Groups: 312025
         ->  Sort  (cost=1531440.69..1556440.54 rows=9999939 width=20) (actual time=2297.107..3277.506 rows=10000000 loops=1)
               Sort Key: s_4.a, s_4.b, s_4.c, s_4.d
               Sort Method: external merge  Disk: 293568kB
               ->  Seq Scan on s_4  (cost=0.00..163694.39 rows=9999939 width=20) (actual time=0.029..637.496 rows=10000000 loops=1)
 Planning time: 0.253 ms
 Execution time: 5289.263 ms
(12 rows)

===== 157 [Wed Mar  7 04:59:00 CET 2018] scale:10000000 groups:100 work_mem:128MB incremental:off max_workers:0 =====
SELECT * FROM (SELECT * FROM s_1 ORDER BY a) foo ORDER BY a, b
                                                             QUERY PLAN                                                              
-------------------------------------------------------------------------------------------------------------------------------------
 Limit  (cost=3149224.89..3149224.89 rows=1 width=20) (actual time=7551.707..7551.707 rows=0 loops=1)
   ->  Sort  (cost=3024224.22..3049224.35 rows=10000054 width=20) (actual time=6507.031..7333.936 rows=10000000 loops=1)
         Sort Key: s_1.a, s_1.b
         Sort Method: external merge  Disk: 293568kB
         ->  Sort  (cost=1531459.54..1556459.68 rows=10000054 width=20) (actual time=1943.902..2863.651 rows=10000000 loops=1)
               Sort Key: s_1.a
               Sort Method: external merge  Disk: 293568kB
               ->  Seq Scan on s_1  (cost=0.00..163695.54 rows=10000054 width=20) (actual time=0.027..639.372 rows=10000000 loops=1)
 Planning time: 0.222 ms
 Execution time: 7618.191 ms
(10 rows)

===== 158 [Wed Mar  7 04:59:39 CET 2018] scale:10000000 groups:100 work_mem:128MB incremental:off max_workers:0 =====
SELECT * FROM (SELECT * FROM s_2 ORDER BY a, b) foo ORDER BY a, b, c
                                                             QUERY PLAN                                                              
-------------------------------------------------------------------------------------------------------------------------------------
 Limit  (cost=3149224.89..3149224.89 rows=1 width=20) (actual time=8542.009..8542.009 rows=0 loops=1)
   ->  Sort  (cost=3024224.22..3049224.35 rows=10000054 width=20) (actual time=7502.117..8324.428 rows=10000000 loops=1)
         Sort Key: s_2.a, s_2.b, s_2.c
         Sort Method: external merge  Disk: 293568kB
         ->  Sort  (cost=1531459.54..1556459.68 rows=10000054 width=20) (actual time=2076.275..3000.020 rows=10000000 loops=1)
               Sort Key: s_2.a, s_2.b
               Sort Method: external merge  Disk: 293568kB
               ->  Seq Scan on s_2  (cost=0.00..163695.54 rows=10000054 width=20) (actual time=0.032..639.676 rows=10000000 loops=1)
 Planning time: 0.223 ms
 Execution time: 8608.293 ms
(10 rows)

===== 159 [Wed Mar  7 05:00:25 CET 2018] scale:10000000 groups:100 work_mem:128MB incremental:off max_workers:0 =====
SELECT * FROM (SELECT * FROM s_3 ORDER BY a, b, c) foo ORDER BY a, b, c, d
                                                             QUERY PLAN                                                              
-------------------------------------------------------------------------------------------------------------------------------------
 Limit  (cost=3149224.89..3149224.89 rows=1 width=20) (actual time=9338.046..9338.046 rows=0 loops=1)
   ->  Sort  (cost=3024224.22..3049224.35 rows=10000054 width=20) (actual time=8299.208..9120.458 rows=10000000 loops=1)
         Sort Key: s_3.a, s_3.b, s_3.c, s_3.d
         Sort Method: external merge  Disk: 293568kB
         ->  Sort  (cost=1531459.54..1556459.68 rows=10000054 width=20) (actual time=2158.662..3082.881 rows=10000000 loops=1)
               Sort Key: s_3.a, s_3.b, s_3.c
               Sort Method: external merge  Disk: 293568kB
               ->  Seq Scan on s_3  (cost=0.00..163695.54 rows=10000054 width=20) (actual time=0.030..639.465 rows=10000000 loops=1)
 Planning time: 0.219 ms
 Execution time: 9404.224 ms
(10 rows)

===== 160 [Wed Mar  7 05:01:15 CET 2018] scale:10000000 groups:100 work_mem:128MB incremental:off max_workers:0 =====
SELECT * FROM (SELECT * FROM s_4 ORDER BY a, b, c, d) foo ORDER BY a, b, c, d, e
                                                             QUERY PLAN                                                             
------------------------------------------------------------------------------------------------------------------------------------
 Limit  (cost=3149185.47..3149185.47 rows=1 width=20) (actual time=8717.439..8717.439 rows=0 loops=1)
   ->  Sort  (cost=3024186.23..3049186.08 rows=9999939 width=20) (actual time=7688.604..8500.018 rows=10000000 loops=1)
         Sort Key: s_4.a, s_4.b, s_4.c, s_4.d, s_4.e
         Sort Method: external merge  Disk: 293568kB
         ->  Sort  (cost=1531440.69..1556440.54 rows=9999939 width=20) (actual time=2225.123..3147.708 rows=10000000 loops=1)
               Sort Key: s_4.a, s_4.b, s_4.c, s_4.d
               Sort Method: external merge  Disk: 293568kB
               ->  Seq Scan on s_4  (cost=0.00..163694.39 rows=9999939 width=20) (actual time=0.029..641.877 rows=10000000 loops=1)
 Planning time: 0.232 ms
 Execution time: 8783.569 ms
(10 rows)

===== 161 [Wed Mar  7 05:02:02 CET 2018] scale:10000000 groups:100 work_mem:256MB incremental:on max_workers:0 =====
SELECT * FROM (SELECT * FROM s_1 ORDER BY a) foo ORDER BY a, b
                                                             QUERY PLAN                                                              
-------------------------------------------------------------------------------------------------------------------------------------
 Limit  (cost=2761232.85..2761232.85 rows=1 width=20) (actual time=6484.770..6484.770 rows=0 loops=1)
   ->  Incremental Sort  (cost=1540912.71..2661232.31 rows=10000054 width=20) (actual time=2117.094..6228.906 rows=10000000 loops=1)
         Sort Key: s_1.a, s_1.b
         Presorted Key: s_1.a
         Sort Method: quicksort  Memory: 10941kB
         Sort Groups: 101
         ->  Sort  (cost=1531459.54..1556459.68 rows=10000054 width=20) (actual time=2099.906..2940.176 rows=10000000 loops=1)
               Sort Key: s_1.a
               Sort Method: external merge  Disk: 293552kB
               ->  Seq Scan on s_1  (cost=0.00..163695.54 rows=10000054 width=20) (actual time=0.026..649.038 rows=10000000 loops=1)
 Planning time: 0.223 ms
 Execution time: 6526.504 ms
(12 rows)

===== 162 [Wed Mar  7 05:02:33 CET 2018] scale:10000000 groups:100 work_mem:256MB incremental:on max_workers:0 =====
SELECT * FROM (SELECT * FROM s_2 ORDER BY a, b) foo ORDER BY a, b, c
                                                             QUERY PLAN                                                              
-------------------------------------------------------------------------------------------------------------------------------------
 Limit  (cost=2428522.48..2428522.48 rows=1 width=20) (actual time=6444.077..6444.077 rows=0 loops=1)
   ->  Incremental Sort  (cost=1531520.50..2328521.94 rows=10000054 width=20) (actual time=2233.746..6188.988 rows=10000000 loops=1)
         Sort Key: s_2.a, s_2.b, s_2.c
         Presorted Key: s_2.a, s_2.b
         Sort Method: quicksort  Memory: 136kB
         Sort Groups: 10201
         ->  Sort  (cost=1531459.54..1556459.68 rows=10000054 width=20) (actual time=2233.613..3081.688 rows=10000000 loops=1)
               Sort Key: s_2.a, s_2.b
               Sort Method: external merge  Disk: 293552kB
               ->  Seq Scan on s_2  (cost=0.00..163695.54 rows=10000054 width=20) (actual time=0.031..650.215 rows=10000000 loops=1)
 Planning time: 0.240 ms
 Execution time: 6485.281 ms
(12 rows)

===== 163 [Wed Mar  7 05:03:05 CET 2018] scale:10000000 groups:100 work_mem:256MB incremental:on max_workers:0 =====
SELECT * FROM (SELECT * FROM s_3 ORDER BY a, b, c) foo ORDER BY a, b, c, d
                                                             QUERY PLAN                                                              
-------------------------------------------------------------------------------------------------------------------------------------
 Limit  (cost=2117559.13..2117559.13 rows=1 width=20) (actual time=6213.024..6213.024 rows=0 loops=1)
   ->  Incremental Sort  (cost=1531459.83..2017558.59 rows=10000054 width=20) (actual time=2316.318..5959.619 rows=10000000 loops=1)
         Sort Key: s_3.a, s_3.b, s_3.c, s_3.d
         Presorted Key: s_3.a, s_3.b, s_3.c
         Sort Method: quicksort  Memory: 29kB
         Sort Groups: 270985
         ->  Sort  (cost=1531459.54..1556459.68 rows=10000054 width=20) (actual time=2316.265..3206.768 rows=10000000 loops=1)
               Sort Key: s_3.a, s_3.b, s_3.c
               Sort Method: external merge  Disk: 293552kB
               ->  Seq Scan on s_3  (cost=0.00..163695.54 rows=10000054 width=20) (actual time=0.033..649.199 rows=10000000 loops=1)
 Planning time: 0.231 ms
 Execution time: 6254.257 ms
(12 rows)

===== 164 [Wed Mar  7 05:03:35 CET 2018] scale:10000000 groups:100 work_mem:256MB incremental:on max_workers:0 =====
SELECT * FROM (SELECT * FROM s_4 ORDER BY a, b, c, d) foo ORDER BY a, b, c, d, e
                                                             QUERY PLAN                                                             
------------------------------------------------------------------------------------------------------------------------------------
 Limit  (cost=2117533.52..2117533.52 rows=1 width=20) (actual time=5358.713..5358.713 rows=0 loops=1)
   ->  Incremental Sort  (cost=1531440.98..2017534.13 rows=9999939 width=20) (actual time=2422.851..5133.198 rows=10000000 loops=1)
         Sort Key: s_4.a, s_4.b, s_4.c, s_4.d, s_4.e
         Presorted Key: s_4.a, s_4.b, s_4.c, s_4.d
         Sort Method: quicksort  Memory: 27kB
         Sort Groups: 312025
         ->  Sort  (cost=1531440.69..1556440.54 rows=9999939 width=20) (actual time=2422.802..3323.586 rows=10000000 loops=1)
               Sort Key: s_4.a, s_4.b, s_4.c, s_4.d
               Sort Method: external merge  Disk: 293552kB
               ->  Seq Scan on s_4  (cost=0.00..163694.39 rows=9999939 width=20) (actual time=0.028..645.438 rows=10000000 loops=1)
 Planning time: 0.239 ms
 Execution time: 5400.010 ms
(12 rows)

===== 165 [Wed Mar  7 05:04:00 CET 2018] scale:10000000 groups:100 work_mem:256MB incremental:off max_workers:0 =====
SELECT * FROM (SELECT * FROM s_1 ORDER BY a) foo ORDER BY a, b
                                                             QUERY PLAN                                                              
-------------------------------------------------------------------------------------------------------------------------------------
 Limit  (cost=3149224.89..3149224.89 rows=1 width=20) (actual time=7774.524..7774.524 rows=0 loops=1)
   ->  Sort  (cost=3024224.22..3049224.35 rows=10000054 width=20) (actual time=6806.100..7556.071 rows=10000000 loops=1)
         Sort Key: s_1.a, s_1.b
         Sort Method: external merge  Disk: 293552kB
         ->  Sort  (cost=1531459.54..1556459.68 rows=10000054 width=20) (actual time=2088.522..2938.522 rows=10000000 loops=1)
               Sort Key: s_1.a
               Sort Method: external merge  Disk: 293552kB
               ->  Seq Scan on s_1  (cost=0.00..163695.54 rows=10000054 width=20) (actual time=0.027..649.141 rows=10000000 loops=1)
 Planning time: 0.222 ms
 Execution time: 7846.019 ms
(10 rows)

===== 166 [Wed Mar  7 05:04:41 CET 2018] scale:10000000 groups:100 work_mem:256MB incremental:off max_workers:0 =====
SELECT * FROM (SELECT * FROM s_2 ORDER BY a, b) foo ORDER BY a, b, c
                                                             QUERY PLAN                                                              
-------------------------------------------------------------------------------------------------------------------------------------
 Limit  (cost=3149224.89..3149224.89 rows=1 width=20) (actual time=8743.174..8743.174 rows=0 loops=1)
   ->  Sort  (cost=3024224.22..3049224.35 rows=10000054 width=20) (actual time=7777.597..8524.853 rows=10000000 loops=1)
         Sort Key: s_2.a, s_2.b, s_2.c
         Sort Method: external merge  Disk: 293552kB
         ->  Sort  (cost=1531459.54..1556459.68 rows=10000054 width=20) (actual time=2216.542..3068.579 rows=10000000 loops=1)
               Sort Key: s_2.a, s_2.b
               Sort Method: external merge  Disk: 293552kB
               ->  Seq Scan on s_2  (cost=0.00..163695.54 rows=10000054 width=20) (actual time=0.032..647.855 rows=10000000 loops=1)
 Planning time: 0.222 ms
 Execution time: 8814.586 ms
(10 rows)

===== 167 [Wed Mar  7 05:05:28 CET 2018] scale:10000000 groups:100 work_mem:256MB incremental:off max_workers:0 =====
SELECT * FROM (SELECT * FROM s_3 ORDER BY a, b, c) foo ORDER BY a, b, c, d
                                                             QUERY PLAN                                                              
-------------------------------------------------------------------------------------------------------------------------------------
 Limit  (cost=3149224.89..3149224.89 rows=1 width=20) (actual time=9540.157..9540.157 rows=0 loops=1)
   ->  Sort  (cost=3024224.22..3049224.35 rows=10000054 width=20) (actual time=8574.261..9322.010 rows=10000000 loops=1)
         Sort Key: s_3.a, s_3.b, s_3.c, s_3.d
         Sort Method: external merge  Disk: 293552kB
         ->  Sort  (cost=1531459.54..1556459.68 rows=10000054 width=20) (actual time=2296.987..3149.304 rows=10000000 loops=1)
               Sort Key: s_3.a, s_3.b, s_3.c
               Sort Method: external merge  Disk: 293552kB
               ->  Seq Scan on s_3  (cost=0.00..163695.54 rows=10000054 width=20) (actual time=0.032..647.639 rows=10000000 loops=1)
 Planning time: 0.223 ms
 Execution time: 9611.704 ms
(10 rows)

===== 168 [Wed Mar  7 05:06:19 CET 2018] scale:10000000 groups:100 work_mem:256MB incremental:off max_workers:0 =====
SELECT * FROM (SELECT * FROM s_4 ORDER BY a, b, c, d) foo ORDER BY a, b, c, d, e
                                                             QUERY PLAN                                                             
------------------------------------------------------------------------------------------------------------------------------------
 Limit  (cost=3149185.47..3149185.47 rows=1 width=20) (actual time=8998.738..8998.738 rows=0 loops=1)
   ->  Sort  (cost=3024186.23..3049186.08 rows=9999939 width=20) (actual time=8017.442..8780.108 rows=10000000 loops=1)
         Sort Key: s_4.a, s_4.b, s_4.c, s_4.d, s_4.e
         Sort Method: external merge  Disk: 293552kB
         ->  Sort  (cost=1531440.69..1556440.54 rows=9999939 width=20) (actual time=2369.630..3237.743 rows=10000000 loops=1)
               Sort Key: s_4.a, s_4.b, s_4.c, s_4.d
               Sort Method: external merge  Disk: 293552kB
               ->  Seq Scan on s_4  (cost=0.00..163694.39 rows=9999939 width=20) (actual time=0.029..652.070 rows=10000000 loops=1)
 Planning time: 0.237 ms
 Execution time: 9070.199 ms
(10 rows)

===== 169 [Wed Mar  7 05:07:07 CET 2018] scale:10000000 groups:100 work_mem:4MB incremental:on max_workers:2 =====
SELECT * FROM (SELECT * FROM s_1 ORDER BY a) foo ORDER BY a, b
                                                                    QUERY PLAN                                                                    
--------------------------------------------------------------------------------------------------------------------------------------------------
 Limit  (cost=2700717.59..2700717.59 rows=1 width=20) (actual time=6793.747..6793.747 rows=0 loops=1)
   ->  Incremental Sort  (cost=752593.70..2617383.81 rows=8333378 width=20) (actual time=1028.316..6571.963 rows=10000000 loops=1)
         Sort Key: s_1.a, s_1.b
         Presorted Key: s_1.a
         Sort Method: external merge  Disk: 2960kB
         Sort Groups: 101
         ->  Gather Merge  (cost=735404.16..1707699.48 rows=8333378 width=20) (actual time=1004.111..2573.473 rows=10000000 loops=1)
               Workers Planned: 2
               Workers Launched: 2
               ->  Sort  (cost=734404.14..744820.86 rows=4166689 width=20) (actual time=994.091..1323.308 rows=3333333 loops=3)
                     Sort Key: s_1.a
                     Sort Method: external merge  Disk: 95576kB
                     Worker 0:  Sort Method: external merge  Disk: 98208kB
                     Worker 1:  Sort Method: external merge  Disk: 99824kB
                     ->  Parallel Seq Scan on s_1  (cost=0.00..105361.89 rows=4166689 width=20) (actual time=0.024..235.173 rows=3333333 loops=3)
 Planning time: 0.243 ms
 Execution time: 6805.434 ms
(17 rows)

===== 170 [Wed Mar  7 05:07:42 CET 2018] scale:10000000 groups:100 work_mem:4MB incremental:on max_workers:2 =====
SELECT * FROM (SELECT * FROM s_2 ORDER BY a, b) foo ORDER BY a, b, c
                                                                    QUERY PLAN                                                                    
--------------------------------------------------------------------------------------------------------------------------------------------------
 Limit  (cost=2423492.63..2423492.63 rows=1 width=20) (actual time=6115.162..6115.162 rows=0 loops=1)
   ->  Incremental Sort  (cost=735547.16..2340158.85 rows=8333378 width=20) (actual time=1053.307..5898.243 rows=10000000 loops=1)
         Sort Key: s_2.a, s_2.b, s_2.c
         Presorted Key: s_2.a, s_2.b
         Sort Method: quicksort  Memory: 136kB
         Sort Groups: 10201
         ->  Gather Merge  (cost=735404.16..1707699.48 rows=8333378 width=20) (actual time=1053.154..2866.553 rows=10000000 loops=1)
               Workers Planned: 2
               Workers Launched: 2
               ->  Sort  (cost=734404.14..744820.86 rows=4166689 width=20) (actual time=1046.728..1375.603 rows=3333333 loops=3)
                     Sort Key: s_2.a, s_2.b
                     Sort Method: external merge  Disk: 98616kB
                     Worker 0:  Sort Method: external merge  Disk: 97496kB
                     Worker 1:  Sort Method: external merge  Disk: 97496kB
                     ->  Parallel Seq Scan on s_2  (cost=0.00..105361.89 rows=4166689 width=20) (actual time=0.026..235.699 rows=3333333 loops=3)
 Planning time: 0.241 ms
 Execution time: 6138.685 ms
(17 rows)

===== 171 [Wed Mar  7 05:08:12 CET 2018] scale:10000000 groups:100 work_mem:4MB incremental:on max_workers:2 =====
SELECT * FROM (SELECT * FROM s_3 ORDER BY a, b, c) foo ORDER BY a, b, c, d
                                                                    QUERY PLAN                                                                    
--------------------------------------------------------------------------------------------------------------------------------------------------
 Limit  (cost=2175282.31..2175282.31 rows=1 width=20) (actual time=5995.556..5995.556 rows=0 loops=1)
   ->  Incremental Sort  (cost=735405.60..2091948.53 rows=8333378 width=20) (actual time=1068.749..5777.426 rows=10000000 loops=1)
         Sort Key: s_3.a, s_3.b, s_3.c, s_3.d
         Presorted Key: s_3.a, s_3.b, s_3.c
         Sort Method: quicksort  Memory: 29kB
         Sort Groups: 270985
         ->  Gather Merge  (cost=735404.16..1707699.48 rows=8333378 width=20) (actual time=1068.700..3043.932 rows=10000000 loops=1)
               Workers Planned: 2
               Workers Launched: 2
               ->  Sort  (cost=734404.14..744820.86 rows=4166689 width=20) (actual time=1066.105..1395.443 rows=3333333 loops=3)
                     Sort Key: s_3.a, s_3.b, s_3.c
                     Sort Method: external merge  Disk: 98088kB
                     Worker 0:  Sort Method: external merge  Disk: 97768kB
                     Worker 1:  Sort Method: external merge  Disk: 97744kB
                     ->  Parallel Seq Scan on s_3  (cost=0.00..105361.89 rows=4166689 width=20) (actual time=0.024..233.892 rows=3333333 loops=3)
 Planning time: 0.244 ms
 Execution time: 6013.684 ms
(17 rows)

===== 172 [Wed Mar  7 05:08:42 CET 2018] scale:10000000 groups:100 work_mem:4MB incremental:on max_workers:2 =====
SELECT * FROM (SELECT * FROM s_4 ORDER BY a, b, c, d) foo ORDER BY a, b, c, d, e
                                                                    QUERY PLAN                                                                    
--------------------------------------------------------------------------------------------------------------------------------------------------
 Limit  (cost=2175252.64..2175252.64 rows=1 width=20) (actual time=5110.343..5110.343 rows=0 loops=1)
   ->  Incremental Sort  (cost=735392.49..2091919.82 rows=8333282 width=20) (actual time=1088.977..4893.231 rows=10000000 loops=1)
         Sort Key: s_4.a, s_4.b, s_4.c, s_4.d, s_4.e
         Presorted Key: s_4.a, s_4.b, s_4.c, s_4.d
         Sort Method: quicksort  Memory: 27kB
         Sort Groups: 312025
         ->  Gather Merge  (cost=735391.06..1707675.17 rows=8333282 width=20) (actual time=1088.932..3099.677 rows=10000000 loops=1)
               Workers Planned: 2
               Workers Launched: 2
               ->  Sort  (cost=734391.04..744807.64 rows=4166641 width=20) (actual time=1087.004..1414.912 rows=3333333 loops=3)
                     Sort Key: s_4.a, s_4.b, s_4.c, s_4.d
                     Sort Method: external merge  Disk: 97992kB
                     Worker 0:  Sort Method: external merge  Disk: 97744kB
                     Worker 1:  Sort Method: external merge  Disk: 97864kB
                     ->  Parallel Seq Scan on s_4  (cost=0.00..105361.41 rows=4166641 width=20) (actual time=0.025..235.331 rows=3333333 loops=3)
 Planning time: 0.262 ms
 Execution time: 5134.218 ms
(17 rows)

===== 173 [Wed Mar  7 05:09:07 CET 2018] scale:10000000 groups:100 work_mem:4MB incremental:off max_workers:2 =====
SELECT * FROM (SELECT * FROM s_1 ORDER BY a) foo ORDER BY a, b
                                                                    QUERY PLAN                                                                    
--------------------------------------------------------------------------------------------------------------------------------------------------
 Limit  (cost=3194944.87..3194944.87 rows=1 width=20) (actual time=7900.978..7900.978 rows=0 loops=1)
   ->  Sort  (cost=3090777.64..3111611.09 rows=8333378 width=20) (actual time=6813.099..7681.898 rows=10000000 loops=1)
         Sort Key: s_1.a, s_1.b
         Sort Method: external merge  Disk: 293600kB
         ->  Gather Merge  (cost=735404.16..1707699.48 rows=8333378 width=20) (actual time=986.050..2528.862 rows=10000000 loops=1)
               Workers Planned: 2
               Workers Launched: 2
               ->  Sort  (cost=734404.14..744820.86 rows=4166689 width=20) (actual time=981.841..1302.689 rows=3333333 loops=3)
                     Sort Key: s_1.a
                     Sort Method: external merge  Disk: 98856kB
                     Worker 0:  Sort Method: external merge  Disk: 97768kB
                     Worker 1:  Sort Method: external merge  Disk: 96976kB
                     ->  Parallel Seq Scan on s_1  (cost=0.00..105361.89 rows=4166689 width=20) (actual time=0.025..234.966 rows=3333333 loops=3)
 Planning time: 0.233 ms
 Execution time: 7944.022 ms
(15 rows)

===== 174 [Wed Mar  7 05:09:49 CET 2018] scale:10000000 groups:100 work_mem:4MB incremental:off max_workers:2 =====
SELECT * FROM (SELECT * FROM s_2 ORDER BY a, b) foo ORDER BY a, b, c
                                                                    QUERY PLAN                                                                    
--------------------------------------------------------------------------------------------------------------------------------------------------
 Limit  (cost=3194944.87..3194944.87 rows=1 width=20) (actual time=9417.870..9417.870 rows=0 loops=1)
   ->  Sort  (cost=3090777.64..3111611.09 rows=8333378 width=20) (actual time=8346.566..9198.839 rows=10000000 loops=1)
         Sort Key: s_2.a, s_2.b, s_2.c
         Sort Method: external merge  Disk: 293600kB
         ->  Gather Merge  (cost=735404.16..1707699.48 rows=8333378 width=20) (actual time=1056.753..2874.031 rows=10000000 loops=1)
               Workers Planned: 2
               Workers Launched: 2
               ->  Sort  (cost=734404.14..744820.86 rows=4166689 width=20) (actual time=1050.162..1383.190 rows=3333333 loops=3)
                     Sort Key: s_2.a, s_2.b
                     Sort Method: external merge  Disk: 98632kB
                     Worker 0:  Sort Method: external merge  Disk: 97480kB
                     Worker 1:  Sort Method: external merge  Disk: 97496kB
                     ->  Parallel Seq Scan on s_2  (cost=0.00..105361.89 rows=4166689 width=20) (actual time=0.026..234.665 rows=3333333 loops=3)
 Planning time: 0.231 ms
 Execution time: 9460.767 ms
(15 rows)

===== 175 [Wed Mar  7 05:10:39 CET 2018] scale:10000000 groups:100 work_mem:4MB incremental:off max_workers:2 =====
SELECT * FROM (SELECT * FROM s_3 ORDER BY a, b, c) foo ORDER BY a, b, c, d
                                                                    QUERY PLAN                                                                    
--------------------------------------------------------------------------------------------------------------------------------------------------
 Limit  (cost=3194944.87..3194944.87 rows=1 width=20) (actual time=10449.092..10449.092 rows=0 loops=1)
   ->  Sort  (cost=3090777.64..3111611.09 rows=8333378 width=20) (actual time=9377.896..10229.891 rows=10000000 loops=1)
         Sort Key: s_3.a, s_3.b, s_3.c, s_3.d
         Sort Method: external merge  Disk: 293600kB
         ->  Gather Merge  (cost=735404.16..1707699.48 rows=8333378 width=20) (actual time=1072.154..3046.782 rows=10000000 loops=1)
               Workers Planned: 2
               Workers Launched: 2
               ->  Sort  (cost=734404.14..744820.86 rows=4166689 width=20) (actual time=1068.332..1400.580 rows=3333333 loops=3)
                     Sort Key: s_3.a, s_3.b, s_3.c
                     Sort Method: external merge  Disk: 98264kB
                     Worker 0:  Sort Method: external merge  Disk: 97744kB
                     Worker 1:  Sort Method: external merge  Disk: 97592kB
                     ->  Parallel Seq Scan on s_3  (cost=0.00..105361.89 rows=4166689 width=20) (actual time=0.031..235.454 rows=3333333 loops=3)
 Planning time: 0.240 ms
 Execution time: 10492.008 ms
(15 rows)

===== 176 [Wed Mar  7 05:11:36 CET 2018] scale:10000000 groups:100 work_mem:4MB incremental:off max_workers:2 =====
SELECT * FROM (SELECT * FROM s_4 ORDER BY a, b, c, d) foo ORDER BY a, b, c, d, e
                                                                    QUERY PLAN                                                                    
--------------------------------------------------------------------------------------------------------------------------------------------------
 Limit  (cost=3194899.68..3194899.68 rows=1 width=20) (actual time=9857.269..9857.269 rows=0 loops=1)
   ->  Sort  (cost=3090733.65..3111566.86 rows=8333282 width=20) (actual time=8785.951..9637.971 rows=10000000 loops=1)
         Sort Key: s_4.a, s_4.b, s_4.c, s_4.d, s_4.e
         Sort Method: external merge  Disk: 293600kB
         ->  Gather Merge  (cost=735391.06..1707675.17 rows=8333282 width=20) (actual time=1092.679..3106.234 rows=10000000 loops=1)
               Workers Planned: 2
               Workers Launched: 2
               ->  Sort  (cost=734391.04..744807.64 rows=4166641 width=20) (actual time=1090.137..1422.780 rows=3333333 loops=3)
                     Sort Key: s_4.a, s_4.b, s_4.c, s_4.d
                     Sort Method: external merge  Disk: 97976kB
                     Worker 0:  Sort Method: external merge  Disk: 97848kB
                     Worker 1:  Sort Method: external merge  Disk: 97784kB
                     ->  Parallel Seq Scan on s_4  (cost=0.00..105361.41 rows=4166641 width=20) (actual time=0.023..234.867 rows=3333333 loops=3)
 Planning time: 0.247 ms
 Execution time: 9900.104 ms
(15 rows)

===== 177 [Wed Mar  7 05:12:29 CET 2018] scale:10000000 groups:100 work_mem:8MB incremental:on max_workers:2 =====
SELECT * FROM (SELECT * FROM s_1 ORDER BY a) foo ORDER BY a, b
                                                                    QUERY PLAN                                                                    
--------------------------------------------------------------------------------------------------------------------------------------------------
 Limit  (cost=2615265.09..2615265.09 rows=1 width=20) (actual time=6883.386..6883.386 rows=0 loops=1)
   ->  Incremental Sort  (cost=667141.20..2531931.31 rows=8333378 width=20) (actual time=782.988..6661.311 rows=10000000 loops=1)
         Sort Key: s_1.a, s_1.b
         Presorted Key: s_1.a
         Sort Method: external merge  Disk: 2960kB
         Sort Groups: 101
         ->  Gather Merge  (cost=649951.66..1622246.98 rows=8333378 width=20) (actual time=761.609..2336.048 rows=10000000 loops=1)
               Workers Planned: 2
               Workers Launched: 2
               ->  Sort  (cost=648951.64..659368.36 rows=4166689 width=20) (actual time=757.626..1085.259 rows=3333333 loops=3)
                     Sort Key: s_1.a
                     Sort Method: external merge  Disk: 96056kB
                     Worker 0:  Sort Method: external merge  Disk: 98640kB
                     Worker 1:  Sort Method: external merge  Disk: 98912kB
                     ->  Parallel Seq Scan on s_1  (cost=0.00..105361.89 rows=4166689 width=20) (actual time=0.023..232.454 rows=3333333 loops=3)
 Planning time: 0.249 ms
 Execution time: 6895.331 ms
(17 rows)

===== 178 [Wed Mar  7 05:13:04 CET 2018] scale:10000000 groups:100 work_mem:8MB incremental:on max_workers:2 =====
SELECT * FROM (SELECT * FROM s_2 ORDER BY a, b) foo ORDER BY a, b, c
                                                                    QUERY PLAN                                                                    
--------------------------------------------------------------------------------------------------------------------------------------------------
 Limit  (cost=2338040.13..2338040.13 rows=1 width=20) (actual time=5855.613..5855.613 rows=0 loops=1)
   ->  Incremental Sort  (cost=650094.66..2254706.35 rows=8333378 width=20) (actual time=797.448..5638.653 rows=10000000 loops=1)
         Sort Key: s_2.a, s_2.b, s_2.c
         Presorted Key: s_2.a, s_2.b
         Sort Method: quicksort  Memory: 136kB
         Sort Groups: 10201
         ->  Gather Merge  (cost=649951.66..1622246.98 rows=8333378 width=20) (actual time=797.287..2603.094 rows=10000000 loops=1)
               Workers Planned: 2
               Workers Launched: 2
               ->  Sort  (cost=648951.64..659368.36 rows=4166689 width=20) (actual time=794.625..1124.764 rows=3333333 loops=3)
                     Sort Key: s_2.a, s_2.b
                     Sort Method: external merge  Disk: 97808kB
                     Worker 0:  Sort Method: external merge  Disk: 97792kB
                     Worker 1:  Sort Method: external merge  Disk: 98008kB
                     ->  Parallel Seq Scan on s_2  (cost=0.00..105361.89 rows=4166689 width=20) (actual time=0.025..232.156 rows=3333333 loops=3)
 Planning time: 0.238 ms
 Execution time: 5879.347 ms
(17 rows)

===== 179 [Wed Mar  7 05:13:33 CET 2018] scale:10000000 groups:100 work_mem:8MB incremental:on max_workers:2 =====
SELECT * FROM (SELECT * FROM s_3 ORDER BY a, b, c) foo ORDER BY a, b, c, d
                                                                    QUERY PLAN                                                                    
--------------------------------------------------------------------------------------------------------------------------------------------------
 Limit  (cost=2089829.81..2089829.81 rows=1 width=20) (actual time=5777.025..5777.025 rows=0 loops=1)
   ->  Incremental Sort  (cost=649953.10..2006496.03 rows=8333378 width=20) (actual time=818.637..5559.002 rows=10000000 loops=1)
         Sort Key: s_3.a, s_3.b, s_3.c, s_3.d
         Presorted Key: s_3.a, s_3.b, s_3.c
         Sort Method: quicksort  Memory: 29kB
         Sort Groups: 270985
         ->  Gather Merge  (cost=649951.66..1622246.98 rows=8333378 width=20) (actual time=818.589..2825.571 rows=10000000 loops=1)
               Workers Planned: 2
               Workers Launched: 2
               ->  Sort  (cost=648951.64..659368.36 rows=4166689 width=20) (actual time=816.848..1146.085 rows=3333333 loops=3)
                     Sort Key: s_3.a, s_3.b, s_3.c
                     Sort Method: external merge  Disk: 98024kB
                     Worker 0:  Sort Method: external merge  Disk: 97792kB
                     Worker 1:  Sort Method: external merge  Disk: 97792kB
                     ->  Parallel Seq Scan on s_3  (cost=0.00..105361.89 rows=4166689 width=20) (actual time=0.029..230.326 rows=3333333 loops=3)
 Planning time: 0.249 ms
 Execution time: 5798.282 ms
(17 rows)

===== 180 [Wed Mar  7 05:14:02 CET 2018] scale:10000000 groups:100 work_mem:8MB incremental:on max_workers:2 =====
SELECT * FROM (SELECT * FROM s_4 ORDER BY a, b, c, d) foo ORDER BY a, b, c, d, e
                                                                    QUERY PLAN                                                                    
--------------------------------------------------------------------------------------------------------------------------------------------------
 Limit  (cost=2089803.64..2089803.64 rows=1 width=20) (actual time=4883.477..4883.477 rows=0 loops=1)
   ->  Incremental Sort  (cost=649943.49..2006470.82 rows=8333282 width=20) (actual time=841.056..4666.414 rows=10000000 loops=1)
         Sort Key: s_4.a, s_4.b, s_4.c, s_4.d, s_4.e
         Presorted Key: s_4.a, s_4.b, s_4.c, s_4.d
         Sort Method: quicksort  Memory: 27kB
         Sort Groups: 312025
         ->  Gather Merge  (cost=649942.06..1622226.17 rows=8333282 width=20) (actual time=841.009..2872.574 rows=10000000 loops=1)
               Workers Planned: 2
               Workers Launched: 2
               ->  Sort  (cost=648942.04..659358.64 rows=4166641 width=20) (actual time=838.921..1168.016 rows=3333333 loops=3)
                     Sort Key: s_4.a, s_4.b, s_4.c, s_4.d
                     Sort Method: external merge  Disk: 97840kB
                     Worker 0:  Sort Method: external merge  Disk: 97976kB
                     Worker 1:  Sort Method: external merge  Disk: 97792kB
                     ->  Parallel Seq Scan on s_4  (cost=0.00..105361.41 rows=4166641 width=20) (actual time=0.026..231.852 rows=3333333 loops=3)
 Planning time: 0.256 ms
 Execution time: 4903.144 ms
(17 rows)

===== 181 [Wed Mar  7 05:14:25 CET 2018] scale:10000000 groups:100 work_mem:8MB incremental:off max_workers:2 =====
SELECT * FROM (SELECT * FROM s_1 ORDER BY a) foo ORDER BY a, b
                                                                    QUERY PLAN                                                                    
--------------------------------------------------------------------------------------------------------------------------------------------------
 Limit  (cost=3109492.37..3109492.37 rows=1 width=20) (actual time=7236.450..7236.450 rows=0 loops=1)
   ->  Sort  (cost=3005325.14..3026158.59 rows=8333378 width=20) (actual time=6137.209..7016.412 rows=10000000 loops=1)
         Sort Key: s_1.a, s_1.b
         Sort Method: external merge  Disk: 293608kB
         ->  Gather Merge  (cost=649951.66..1622246.98 rows=8333378 width=20) (actual time=743.213..2287.159 rows=10000000 loops=1)
               Workers Planned: 2
               Workers Launched: 2
               ->  Sort  (cost=648951.64..659368.36 rows=4166689 width=20) (actual time=739.614..1058.127 rows=3333333 loops=3)
                     Sort Key: s_1.a
                     Sort Method: external merge  Disk: 98424kB
                     Worker 0:  Sort Method: external merge  Disk: 97592kB
                     Worker 1:  Sort Method: external merge  Disk: 97600kB
                     ->  Parallel Seq Scan on s_1  (cost=0.00..105361.89 rows=4166689 width=20) (actual time=0.025..232.275 rows=3333333 loops=3)
 Planning time: 0.231 ms
 Execution time: 7279.816 ms
(15 rows)

===== 182 [Wed Mar  7 05:15:03 CET 2018] scale:10000000 groups:100 work_mem:8MB incremental:off max_workers:2 =====
SELECT * FROM (SELECT * FROM s_2 ORDER BY a, b) foo ORDER BY a, b, c
                                                                    QUERY PLAN                                                                    
--------------------------------------------------------------------------------------------------------------------------------------------------
 Limit  (cost=3109492.37..3109492.37 rows=1 width=20) (actual time=8627.945..8627.945 rows=0 loops=1)
   ->  Sort  (cost=3005325.14..3026158.59 rows=8333378 width=20) (actual time=7548.621..8408.429 rows=10000000 loops=1)
         Sort Key: s_2.a, s_2.b, s_2.c
         Sort Method: external merge  Disk: 293608kB
         ->  Gather Merge  (cost=649951.66..1622246.98 rows=8333378 width=20) (actual time=800.156..2610.838 rows=10000000 loops=1)
               Workers Planned: 2
               Workers Launched: 2
               ->  Sort  (cost=648951.64..659368.36 rows=4166689 width=20) (actual time=796.481..1129.014 rows=3333333 loops=3)
                     Sort Key: s_2.a, s_2.b
                     Sort Method: external merge  Disk: 98024kB
                     Worker 0:  Sort Method: external merge  Disk: 97800kB
                     Worker 1:  Sort Method: external merge  Disk: 97792kB
                     ->  Parallel Seq Scan on s_2  (cost=0.00..105361.89 rows=4166689 width=20) (actual time=0.026..232.431 rows=3333333 loops=3)
 Planning time: 0.234 ms
 Execution time: 8671.416 ms
(15 rows)

===== 183 [Wed Mar  7 05:15:49 CET 2018] scale:10000000 groups:100 work_mem:8MB incremental:off max_workers:2 =====
SELECT * FROM (SELECT * FROM s_3 ORDER BY a, b, c) foo ORDER BY a, b, c, d
                                                                    QUERY PLAN                                                                    
--------------------------------------------------------------------------------------------------------------------------------------------------
 Limit  (cost=3109492.37..3109492.37 rows=1 width=20) (actual time=9621.311..9621.311 rows=0 loops=1)
   ->  Sort  (cost=3005325.14..3026158.59 rows=8333378 width=20) (actual time=8540.825..9401.458 rows=10000000 loops=1)
         Sort Key: s_3.a, s_3.b, s_3.c, s_3.d
         Sort Method: external merge  Disk: 293608kB
         ->  Gather Merge  (cost=649951.66..1622246.98 rows=8333378 width=20) (actual time=822.050..2833.786 rows=10000000 loops=1)
               Workers Planned: 2
               Workers Launched: 2
               ->  Sort  (cost=648951.64..659368.36 rows=4166689 width=20) (actual time=819.471..1151.687 rows=3333333 loops=3)
                     Sort Key: s_3.a, s_3.b, s_3.c
                     Sort Method: external merge  Disk: 98024kB
                     Worker 0:  Sort Method: external merge  Disk: 97792kB
                     Worker 1:  Sort Method: external merge  Disk: 97792kB
                     ->  Parallel Seq Scan on s_3  (cost=0.00..105361.89 rows=4166689 width=20) (actual time=0.025..230.979 rows=3333333 loops=3)
 Planning time: 0.239 ms
 Execution time: 9664.502 ms
(15 rows)

===== 184 [Wed Mar  7 05:16:41 CET 2018] scale:10000000 groups:100 work_mem:8MB incremental:off max_workers:2 =====
SELECT * FROM (SELECT * FROM s_4 ORDER BY a, b, c, d) foo ORDER BY a, b, c, d, e
                                                                    QUERY PLAN                                                                    
--------------------------------------------------------------------------------------------------------------------------------------------------
 Limit  (cost=3109450.68..3109450.68 rows=1 width=20) (actual time=9011.498..9011.498 rows=0 loops=1)
   ->  Sort  (cost=3005284.65..3026117.86 rows=8333282 width=20) (actual time=7931.322..8791.733 rows=10000000 loops=1)
         Sort Key: s_4.a, s_4.b, s_4.c, s_4.d, s_4.e
         Sort Method: external merge  Disk: 293608kB
         ->  Gather Merge  (cost=649942.06..1622226.17 rows=8333282 width=20) (actual time=844.335..2882.552 rows=10000000 loops=1)
               Workers Planned: 2
               Workers Launched: 2
               ->  Sort  (cost=648942.04..659358.64 rows=4166641 width=20) (actual time=842.397..1174.259 rows=3333333 loops=3)
                     Sort Key: s_4.a, s_4.b, s_4.c, s_4.d
                     Sort Method: external merge  Disk: 97832kB
                     Worker 0:  Sort Method: external merge  Disk: 97896kB
                     Worker 1:  Sort Method: external merge  Disk: 97896kB
                     ->  Parallel Seq Scan on s_4  (cost=0.00..105361.41 rows=4166641 width=20) (actual time=0.023..231.609 rows=3333333 loops=3)
 Planning time: 0.250 ms
 Execution time: 9054.864 ms
(15 rows)

===== 185 [Wed Mar  7 05:17:29 CET 2018] scale:10000000 groups:100 work_mem:16MB incremental:on max_workers:2 =====
SELECT * FROM (SELECT * FROM s_1 ORDER BY a) foo ORDER BY a, b
                                                             QUERY PLAN                                                              
-------------------------------------------------------------------------------------------------------------------------------------
 Limit  (cost=2761232.85..2761232.85 rows=1 width=20) (actual time=6390.567..6390.567 rows=0 loops=1)
   ->  Incremental Sort  (cost=1540912.71..2661232.31 rows=10000054 width=20) (actual time=1907.696..6134.617 rows=10000000 loops=1)
         Sort Key: s_1.a, s_1.b
         Presorted Key: s_1.a
         Sort Method: quicksort  Memory: 10941kB
         Sort Groups: 101
         ->  Sort  (cost=1531459.54..1556459.68 rows=10000054 width=20) (actual time=1890.175..2842.557 rows=10000000 loops=1)
               Sort Key: s_1.a
               Sort Method: external merge  Disk: 293904kB
               ->  Seq Scan on s_1  (cost=0.00..163695.54 rows=10000054 width=20) (actual time=0.026..629.767 rows=10000000 loops=1)
 Planning time: 0.234 ms
 Execution time: 6425.504 ms
(12 rows)

===== 186 [Wed Mar  7 05:18:00 CET 2018] scale:10000000 groups:100 work_mem:16MB incremental:on max_workers:2 =====
SELECT * FROM (SELECT * FROM s_2 ORDER BY a, b) foo ORDER BY a, b, c
                                                             QUERY PLAN                                                              
-------------------------------------------------------------------------------------------------------------------------------------
 Limit  (cost=2428522.48..2428522.48 rows=1 width=20) (actual time=6388.835..6388.835 rows=0 loops=1)
   ->  Incremental Sort  (cost=1531520.50..2328521.94 rows=10000054 width=20) (actual time=2017.421..6133.429 rows=10000000 loops=1)
         Sort Key: s_2.a, s_2.b, s_2.c
         Presorted Key: s_2.a, s_2.b
         Sort Method: quicksort  Memory: 136kB
         Sort Groups: 10201
         ->  Sort  (cost=1531459.54..1556459.68 rows=10000054 width=20) (actual time=2017.290..2996.412 rows=10000000 loops=1)
               Sort Key: s_2.a, s_2.b
               Sort Method: external merge  Disk: 293904kB
               ->  Seq Scan on s_2  (cost=0.00..163695.54 rows=10000054 width=20) (actual time=0.031..626.904 rows=10000000 loops=1)
 Planning time: 0.233 ms
 Execution time: 6423.360 ms
(12 rows)

===== 187 [Wed Mar  7 05:18:31 CET 2018] scale:10000000 groups:100 work_mem:16MB incremental:on max_workers:2 =====
SELECT * FROM (SELECT * FROM s_3 ORDER BY a, b, c) foo ORDER BY a, b, c, d
                                                             QUERY PLAN                                                              
-------------------------------------------------------------------------------------------------------------------------------------
 Limit  (cost=2117559.13..2117559.13 rows=1 width=20) (actual time=5997.965..5997.965 rows=0 loops=1)
   ->  Incremental Sort  (cost=1531459.83..2017558.59 rows=10000054 width=20) (actual time=2095.896..5772.103 rows=10000000 loops=1)
         Sort Key: s_3.a, s_3.b, s_3.c, s_3.d
         Presorted Key: s_3.a, s_3.b, s_3.c
         Sort Method: quicksort  Memory: 29kB
         Sort Groups: 270985
         ->  Sort  (cost=1531459.54..1556459.68 rows=10000054 width=20) (actual time=2095.843..3111.239 rows=10000000 loops=1)
               Sort Key: s_3.a, s_3.b, s_3.c
               Sort Method: external merge  Disk: 293904kB
               ->  Seq Scan on s_3  (cost=0.00..163695.54 rows=10000054 width=20) (actual time=0.031..626.313 rows=10000000 loops=1)
 Planning time: 0.241 ms
 Execution time: 6032.480 ms
(12 rows)

===== 188 [Wed Mar  7 05:19:01 CET 2018] scale:10000000 groups:100 work_mem:16MB incremental:on max_workers:2 =====
SELECT * FROM (SELECT * FROM s_4 ORDER BY a, b, c, d) foo ORDER BY a, b, c, d, e
                                                             QUERY PLAN                                                             
------------------------------------------------------------------------------------------------------------------------------------
 Limit  (cost=2117533.52..2117533.52 rows=1 width=20) (actual time=5196.220..5196.220 rows=0 loops=1)
   ->  Incremental Sort  (cost=1531440.98..2017534.13 rows=9999939 width=20) (actual time=2161.125..4970.062 rows=10000000 loops=1)
         Sort Key: s_4.a, s_4.b, s_4.c, s_4.d, s_4.e
         Presorted Key: s_4.a, s_4.b, s_4.c, s_4.d
         Sort Method: quicksort  Memory: 27kB
         Sort Groups: 312025
         ->  Sort  (cost=1531440.69..1556440.54 rows=9999939 width=20) (actual time=2161.077..3183.318 rows=10000000 loops=1)
               Sort Key: s_4.a, s_4.b, s_4.c, s_4.d
               Sort Method: external merge  Disk: 293904kB
               ->  Seq Scan on s_4  (cost=0.00..163694.39 rows=9999939 width=20) (actual time=0.028..630.115 rows=10000000 loops=1)
 Planning time: 0.247 ms
 Execution time: 5230.714 ms
(12 rows)

===== 189 [Wed Mar  7 05:19:25 CET 2018] scale:10000000 groups:100 work_mem:16MB incremental:off max_workers:2 =====
SELECT * FROM (SELECT * FROM s_1 ORDER BY a) foo ORDER BY a, b
                                                             QUERY PLAN                                                              
-------------------------------------------------------------------------------------------------------------------------------------
 Limit  (cost=3149224.89..3149224.89 rows=1 width=20) (actual time=7167.530..7167.530 rows=0 loops=1)
   ->  Sort  (cost=3024224.22..3049224.35 rows=10000054 width=20) (actual time=6055.846..6947.282 rows=10000000 loops=1)
         Sort Key: s_1.a, s_1.b
         Sort Method: external merge  Disk: 293904kB
         ->  Sort  (cost=1531459.54..1556459.68 rows=10000054 width=20) (actual time=1876.533..2816.269 rows=10000000 loops=1)
               Sort Key: s_1.a
               Sort Method: external merge  Disk: 293904kB
               ->  Seq Scan on s_1  (cost=0.00..163695.54 rows=10000054 width=20) (actual time=0.027..627.743 rows=10000000 loops=1)
 Planning time: 0.228 ms
 Execution time: 7232.074 ms
(10 rows)

===== 190 [Wed Mar  7 05:20:02 CET 2018] scale:10000000 groups:100 work_mem:16MB incremental:off max_workers:2 =====
SELECT * FROM (SELECT * FROM s_2 ORDER BY a, b) foo ORDER BY a, b, c
                                                             QUERY PLAN                                                              
-------------------------------------------------------------------------------------------------------------------------------------
 Limit  (cost=3149224.89..3149224.89 rows=1 width=20) (actual time=8235.015..8235.015 rows=0 loops=1)
   ->  Sort  (cost=3024224.22..3049224.35 rows=10000054 width=20) (actual time=7159.620..8016.289 rows=10000000 loops=1)
         Sort Key: s_2.a, s_2.b, s_2.c
         Sort Method: external merge  Disk: 293904kB
         ->  Sort  (cost=1531459.54..1556459.68 rows=10000054 width=20) (actual time=2010.924..2978.483 rows=10000000 loops=1)
               Sort Key: s_2.a, s_2.b
               Sort Method: external merge  Disk: 293904kB
               ->  Seq Scan on s_2  (cost=0.00..163695.54 rows=10000054 width=20) (actual time=0.030..626.938 rows=10000000 loops=1)
 Planning time: 0.221 ms
 Execution time: 8299.485 ms
(10 rows)

===== 191 [Wed Mar  7 05:20:46 CET 2018] scale:10000000 groups:100 work_mem:16MB incremental:off max_workers:2 =====
SELECT * FROM (SELECT * FROM s_3 ORDER BY a, b, c) foo ORDER BY a, b, c, d
                                                             QUERY PLAN                                                              
-------------------------------------------------------------------------------------------------------------------------------------
 Limit  (cost=3149224.89..3149224.89 rows=1 width=20) (actual time=9071.612..9071.612 rows=0 loops=1)
   ->  Sort  (cost=3024224.22..3049224.35 rows=10000054 width=20) (actual time=7996.088..8852.993 rows=10000000 loops=1)
         Sort Key: s_3.a, s_3.b, s_3.c, s_3.d
         Sort Method: external merge  Disk: 293904kB
         ->  Sort  (cost=1531459.54..1556459.68 rows=10000054 width=20) (actual time=2097.021..3065.592 rows=10000000 loops=1)
               Sort Key: s_3.a, s_3.b, s_3.c
               Sort Method: external merge  Disk: 293904kB
               ->  Seq Scan on s_3  (cost=0.00..163695.54 rows=10000054 width=20) (actual time=0.032..627.568 rows=10000000 loops=1)
 Planning time: 0.231 ms
 Execution time: 9136.126 ms
(10 rows)

===== 192 [Wed Mar  7 05:21:35 CET 2018] scale:10000000 groups:100 work_mem:16MB incremental:off max_workers:2 =====
SELECT * FROM (SELECT * FROM s_4 ORDER BY a, b, c, d) foo ORDER BY a, b, c, d, e
                                                             QUERY PLAN                                                             
------------------------------------------------------------------------------------------------------------------------------------
 Limit  (cost=3149185.47..3149185.47 rows=1 width=20) (actual time=8471.098..8471.098 rows=0 loops=1)
   ->  Sort  (cost=3024186.23..3049186.08 rows=9999939 width=20) (actual time=7389.021..8252.572 rows=10000000 loops=1)
         Sort Key: s_4.a, s_4.b, s_4.c, s_4.d, s_4.e
         Sort Method: external merge  Disk: 293904kB
         ->  Sort  (cost=1531440.69..1556440.54 rows=9999939 width=20) (actual time=2160.553..3129.051 rows=10000000 loops=1)
               Sort Key: s_4.a, s_4.b, s_4.c, s_4.d
               Sort Method: external merge  Disk: 293904kB
               ->  Seq Scan on s_4  (cost=0.00..163694.39 rows=9999939 width=20) (actual time=0.029..628.554 rows=10000000 loops=1)
 Planning time: 0.250 ms
 Execution time: 8535.481 ms
(10 rows)

===== 193 [Wed Mar  7 05:22:20 CET 2018] scale:10000000 groups:100 work_mem:32MB incremental:on max_workers:2 =====
SELECT * FROM (SELECT * FROM s_1 ORDER BY a) foo ORDER BY a, b
                                                             QUERY PLAN                                                              
-------------------------------------------------------------------------------------------------------------------------------------
 Limit  (cost=2761232.85..2761232.85 rows=1 width=20) (actual time=6365.129..6365.129 rows=0 loops=1)
   ->  Incremental Sort  (cost=1540912.71..2661232.31 rows=10000054 width=20) (actual time=1867.915..6109.718 rows=10000000 loops=1)
         Sort Key: s_1.a, s_1.b
         Presorted Key: s_1.a
         Sort Method: quicksort  Memory: 10941kB
         Sort Groups: 101
         ->  Sort  (cost=1531459.54..1556459.68 rows=10000054 width=20) (actual time=1850.088..2798.572 rows=10000000 loops=1)
               Sort Key: s_1.a
               Sort Method: external merge  Disk: 293576kB
               ->  Seq Scan on s_1  (cost=0.00..163695.54 rows=10000054 width=20) (actual time=0.026..626.648 rows=10000000 loops=1)
 Planning time: 0.233 ms
 Execution time: 6400.819 ms
(12 rows)

===== 194 [Wed Mar  7 05:22:51 CET 2018] scale:10000000 groups:100 work_mem:32MB incremental:on max_workers:2 =====
SELECT * FROM (SELECT * FROM s_2 ORDER BY a, b) foo ORDER BY a, b, c
                                                             QUERY PLAN                                                              
-------------------------------------------------------------------------------------------------------------------------------------
 Limit  (cost=2428522.48..2428522.48 rows=1 width=20) (actual time=6315.748..6315.748 rows=0 loops=1)
   ->  Incremental Sort  (cost=1531520.50..2328521.94 rows=10000054 width=20) (actual time=1982.339..6060.519 rows=10000000 loops=1)
         Sort Key: s_2.a, s_2.b, s_2.c
         Presorted Key: s_2.a, s_2.b
         Sort Method: quicksort  Memory: 136kB
         Sort Groups: 10201
         ->  Sort  (cost=1531459.54..1556459.68 rows=10000054 width=20) (actual time=1982.198..2937.267 rows=10000000 loops=1)
               Sort Key: s_2.a, s_2.b
               Sort Method: external merge  Disk: 293576kB
               ->  Seq Scan on s_2  (cost=0.00..163695.54 rows=10000054 width=20) (actual time=0.031..625.928 rows=10000000 loops=1)
 Planning time: 0.234 ms
 Execution time: 6350.816 ms
(12 rows)

===== 195 [Wed Mar  7 05:23:22 CET 2018] scale:10000000 groups:100 work_mem:32MB incremental:on max_workers:2 =====
SELECT * FROM (SELECT * FROM s_3 ORDER BY a, b, c) foo ORDER BY a, b, c, d
                                                             QUERY PLAN                                                              
-------------------------------------------------------------------------------------------------------------------------------------
 Limit  (cost=2117559.13..2117559.13 rows=1 width=20) (actual time=5963.414..5963.414 rows=0 loops=1)
   ->  Incremental Sort  (cost=1531459.83..2017558.59 rows=10000054 width=20) (actual time=2070.360..5737.906 rows=10000000 loops=1)
         Sort Key: s_3.a, s_3.b, s_3.c, s_3.d
         Presorted Key: s_3.a, s_3.b, s_3.c
         Sort Method: quicksort  Memory: 29kB
         Sort Groups: 270985
         ->  Sort  (cost=1531459.54..1556459.68 rows=10000054 width=20) (actual time=2070.306..3066.045 rows=10000000 loops=1)
               Sort Key: s_3.a, s_3.b, s_3.c
               Sort Method: external merge  Disk: 293576kB
               ->  Seq Scan on s_3  (cost=0.00..163695.54 rows=10000054 width=20) (actual time=0.036..625.102 rows=10000000 loops=1)
 Planning time: 0.238 ms
 Execution time: 5998.395 ms
(12 rows)

===== 196 [Wed Mar  7 05:23:51 CET 2018] scale:10000000 groups:100 work_mem:32MB incremental:on max_workers:2 =====
SELECT * FROM (SELECT * FROM s_4 ORDER BY a, b, c, d) foo ORDER BY a, b, c, d, e
                                                             QUERY PLAN                                                             
------------------------------------------------------------------------------------------------------------------------------------
 Limit  (cost=2117533.52..2117533.52 rows=1 width=20) (actual time=5155.607..5155.607 rows=0 loops=1)
   ->  Incremental Sort  (cost=1531440.98..2017534.13 rows=9999939 width=20) (actual time=2133.615..4929.932 rows=10000000 loops=1)
         Sort Key: s_4.a, s_4.b, s_4.c, s_4.d, s_4.e
         Presorted Key: s_4.a, s_4.b, s_4.c, s_4.d
         Sort Method: quicksort  Memory: 27kB
         Sort Groups: 312025
         ->  Sort  (cost=1531440.69..1556440.54 rows=9999939 width=20) (actual time=2133.568..3136.096 rows=10000000 loops=1)
               Sort Key: s_4.a, s_4.b, s_4.c, s_4.d
               Sort Method: external merge  Disk: 293576kB
               ->  Seq Scan on s_4  (cost=0.00..163694.39 rows=9999939 width=20) (actual time=0.028..627.735 rows=10000000 loops=1)
 Planning time: 0.249 ms
 Execution time: 5190.737 ms
(12 rows)

===== 197 [Wed Mar  7 05:24:15 CET 2018] scale:10000000 groups:100 work_mem:32MB incremental:off max_workers:2 =====
SELECT * FROM (SELECT * FROM s_1 ORDER BY a) foo ORDER BY a, b
                                                             QUERY PLAN                                                              
-------------------------------------------------------------------------------------------------------------------------------------
 Limit  (cost=3149224.89..3149224.89 rows=1 width=20) (actual time=7224.033..7224.033 rows=0 loops=1)
   ->  Sort  (cost=3024224.22..3049224.35 rows=10000054 width=20) (actual time=6149.580..7005.315 rows=10000000 loops=1)
         Sort Key: s_1.a, s_1.b
         Sort Method: external merge  Disk: 293576kB
         ->  Sort  (cost=1531459.54..1556459.68 rows=10000054 width=20) (actual time=1842.309..2779.237 rows=10000000 loops=1)
               Sort Key: s_1.a
               Sort Method: external merge  Disk: 293576kB
               ->  Seq Scan on s_1  (cost=0.00..163695.54 rows=10000054 width=20) (actual time=0.025..627.451 rows=10000000 loops=1)
 Planning time: 0.227 ms
 Execution time: 7289.980 ms
(10 rows)

===== 198 [Wed Mar  7 05:24:52 CET 2018] scale:10000000 groups:100 work_mem:32MB incremental:off max_workers:2 =====
SELECT * FROM (SELECT * FROM s_2 ORDER BY a, b) foo ORDER BY a, b, c
                                                             QUERY PLAN                                                              
-------------------------------------------------------------------------------------------------------------------------------------
 Limit  (cost=3149224.89..3149224.89 rows=1 width=20) (actual time=8257.913..8257.913 rows=0 loops=1)
   ->  Sort  (cost=3024224.22..3049224.35 rows=10000054 width=20) (actual time=7202.049..8040.044 rows=10000000 loops=1)
         Sort Key: s_2.a, s_2.b, s_2.c
         Sort Method: external merge  Disk: 293576kB
         ->  Sort  (cost=1531459.54..1556459.68 rows=10000054 width=20) (actual time=1975.870..2926.853 rows=10000000 loops=1)
               Sort Key: s_2.a, s_2.b
               Sort Method: external merge  Disk: 293576kB
               ->  Seq Scan on s_2  (cost=0.00..163695.54 rows=10000054 width=20) (actual time=0.031..626.117 rows=10000000 loops=1)
 Planning time: 0.228 ms
 Execution time: 8323.911 ms
(10 rows)

===== 199 [Wed Mar  7 05:25:36 CET 2018] scale:10000000 groups:100 work_mem:32MB incremental:off max_workers:2 =====
SELECT * FROM (SELECT * FROM s_3 ORDER BY a, b, c) foo ORDER BY a, b, c, d
                                                             QUERY PLAN                                                              
-------------------------------------------------------------------------------------------------------------------------------------
 Limit  (cost=3149224.89..3149224.89 rows=1 width=20) (actual time=9040.169..9040.169 rows=0 loops=1)
   ->  Sort  (cost=3024224.22..3049224.35 rows=10000054 width=20) (actual time=7985.756..8822.345 rows=10000000 loops=1)
         Sort Key: s_3.a, s_3.b, s_3.c, s_3.d
         Sort Method: external merge  Disk: 293576kB
         ->  Sort  (cost=1531459.54..1556459.68 rows=10000054 width=20) (actual time=2057.829..3002.744 rows=10000000 loops=1)
               Sort Key: s_3.a, s_3.b, s_3.c
               Sort Method: external merge  Disk: 293576kB
               ->  Seq Scan on s_3  (cost=0.00..163695.54 rows=10000054 width=20) (actual time=0.031..626.158 rows=10000000 loops=1)
 Planning time: 0.233 ms
 Execution time: 9106.018 ms
(10 rows)

===== 200 [Wed Mar  7 05:26:25 CET 2018] scale:10000000 groups:100 work_mem:32MB incremental:off max_workers:2 =====
SELECT * FROM (SELECT * FROM s_4 ORDER BY a, b, c, d) foo ORDER BY a, b, c, d, e
                                                             QUERY PLAN                                                             
------------------------------------------------------------------------------------------------------------------------------------
 Limit  (cost=3149185.47..3149185.47 rows=1 width=20) (actual time=8441.998..8441.998 rows=0 loops=1)
   ->  Sort  (cost=3024186.23..3049186.08 rows=9999939 width=20) (actual time=7380.481..8224.353 rows=10000000 loops=1)
         Sort Key: s_4.a, s_4.b, s_4.c, s_4.d, s_4.e
         Sort Method: external merge  Disk: 293576kB
         ->  Sort  (cost=1531440.69..1556440.54 rows=9999939 width=20) (actual time=2123.132..3067.662 rows=10000000 loops=1)
               Sort Key: s_4.a, s_4.b, s_4.c, s_4.d
               Sort Method: external merge  Disk: 293576kB
               ->  Seq Scan on s_4  (cost=0.00..163694.39 rows=9999939 width=20) (actual time=0.029..628.238 rows=10000000 loops=1)
 Planning time: 0.241 ms
 Execution time: 8507.904 ms
(10 rows)

===== 201 [Wed Mar  7 05:27:10 CET 2018] scale:10000000 groups:100 work_mem:64MB incremental:on max_workers:2 =====
SELECT * FROM (SELECT * FROM s_1 ORDER BY a) foo ORDER BY a, b
                                                             QUERY PLAN                                                              
-------------------------------------------------------------------------------------------------------------------------------------
 Limit  (cost=2761232.85..2761232.85 rows=1 width=20) (actual time=6426.256..6426.256 rows=0 loops=1)
   ->  Incremental Sort  (cost=1540912.71..2661232.31 rows=10000054 width=20) (actual time=1903.749..6169.602 rows=10000000 loops=1)
         Sort Key: s_1.a, s_1.b
         Presorted Key: s_1.a
         Sort Method: quicksort  Memory: 10941kB
         Sort Groups: 101
         ->  Sort  (cost=1531459.54..1556459.68 rows=10000054 width=20) (actual time=1886.955..2853.635 rows=10000000 loops=1)
               Sort Key: s_1.a
               Sort Method: external merge  Disk: 293648kB
               ->  Seq Scan on s_1  (cost=0.00..163695.54 rows=10000054 width=20) (actual time=0.026..628.444 rows=10000000 loops=1)
 Planning time: 0.228 ms
 Execution time: 6459.934 ms
(12 rows)

===== 202 [Wed Mar  7 05:27:41 CET 2018] scale:10000000 groups:100 work_mem:64MB incremental:on max_workers:2 =====
SELECT * FROM (SELECT * FROM s_2 ORDER BY a, b) foo ORDER BY a, b, c
                                                             QUERY PLAN                                                              
-------------------------------------------------------------------------------------------------------------------------------------
 Limit  (cost=2428522.48..2428522.48 rows=1 width=20) (actual time=6378.997..6378.997 rows=0 loops=1)
   ->  Incremental Sort  (cost=1531520.50..2328521.94 rows=10000054 width=20) (actual time=2017.710..6123.600 rows=10000000 loops=1)
         Sort Key: s_2.a, s_2.b, s_2.c
         Presorted Key: s_2.a, s_2.b
         Sort Method: quicksort  Memory: 136kB
         Sort Groups: 10201
         ->  Sort  (cost=1531459.54..1556459.68 rows=10000054 width=20) (actual time=2017.578..2982.438 rows=10000000 loops=1)
               Sort Key: s_2.a, s_2.b
               Sort Method: external merge  Disk: 293648kB
               ->  Seq Scan on s_2  (cost=0.00..163695.54 rows=10000054 width=20) (actual time=0.031..627.274 rows=10000000 loops=1)
 Planning time: 0.244 ms
 Execution time: 6415.564 ms
(12 rows)

===== 203 [Wed Mar  7 05:28:12 CET 2018] scale:10000000 groups:100 work_mem:64MB incremental:on max_workers:2 =====
SELECT * FROM (SELECT * FROM s_3 ORDER BY a, b, c) foo ORDER BY a, b, c, d
                                                             QUERY PLAN                                                              
-------------------------------------------------------------------------------------------------------------------------------------
 Limit  (cost=2117559.13..2117559.13 rows=1 width=20) (actual time=5973.444..5973.444 rows=0 loops=1)
   ->  Incremental Sort  (cost=1531459.83..2017558.59 rows=10000054 width=20) (actual time=2093.372..5747.855 rows=10000000 loops=1)
         Sort Key: s_3.a, s_3.b, s_3.c, s_3.d
         Presorted Key: s_3.a, s_3.b, s_3.c
         Sort Method: quicksort  Memory: 29kB
         Sort Groups: 270985
         ->  Sort  (cost=1531459.54..1556459.68 rows=10000054 width=20) (actual time=2093.318..3085.822 rows=10000000 loops=1)
               Sort Key: s_3.a, s_3.b, s_3.c
               Sort Method: external merge  Disk: 293648kB
               ->  Seq Scan on s_3  (cost=0.00..163695.54 rows=10000054 width=20) (actual time=0.032..626.129 rows=10000000 loops=1)
 Planning time: 0.237 ms
 Execution time: 6010.141 ms
(12 rows)

===== 204 [Wed Mar  7 05:28:41 CET 2018] scale:10000000 groups:100 work_mem:64MB incremental:on max_workers:2 =====
SELECT * FROM (SELECT * FROM s_4 ORDER BY a, b, c, d) foo ORDER BY a, b, c, d, e
                                                             QUERY PLAN                                                             
------------------------------------------------------------------------------------------------------------------------------------
 Limit  (cost=2117533.52..2117533.52 rows=1 width=20) (actual time=5171.408..5171.408 rows=0 loops=1)
   ->  Incremental Sort  (cost=1531440.98..2017534.13 rows=9999939 width=20) (actual time=2157.213..4945.665 rows=10000000 loops=1)
         Sort Key: s_4.a, s_4.b, s_4.c, s_4.d, s_4.e
         Presorted Key: s_4.a, s_4.b, s_4.c, s_4.d
         Sort Method: quicksort  Memory: 27kB
         Sort Groups: 312025
         ->  Sort  (cost=1531440.69..1556440.54 rows=9999939 width=20) (actual time=2157.165..3155.381 rows=10000000 loops=1)
               Sort Key: s_4.a, s_4.b, s_4.c, s_4.d
               Sort Method: external merge  Disk: 293648kB
               ->  Seq Scan on s_4  (cost=0.00..163694.39 rows=9999939 width=20) (actual time=0.028..629.267 rows=10000000 loops=1)
 Planning time: 0.247 ms
 Execution time: 5208.064 ms
(12 rows)

===== 205 [Wed Mar  7 05:29:06 CET 2018] scale:10000000 groups:100 work_mem:64MB incremental:off max_workers:2 =====
SELECT * FROM (SELECT * FROM s_1 ORDER BY a) foo ORDER BY a, b
                                                             QUERY PLAN                                                              
-------------------------------------------------------------------------------------------------------------------------------------
 Limit  (cost=3149224.89..3149224.89 rows=1 width=20) (actual time=7433.794..7433.794 rows=0 loops=1)
   ->  Sort  (cost=3024224.22..3049224.35 rows=10000054 width=20) (actual time=6372.184..7215.394 rows=10000000 loops=1)
         Sort Key: s_1.a, s_1.b
         Sort Method: external merge  Disk: 293648kB
         ->  Sort  (cost=1531459.54..1556459.68 rows=10000054 width=20) (actual time=1878.360..2843.307 rows=10000000 loops=1)
               Sort Key: s_1.a
               Sort Method: external merge  Disk: 293648kB
               ->  Seq Scan on s_1  (cost=0.00..163695.54 rows=10000054 width=20) (actual time=0.027..628.024 rows=10000000 loops=1)
 Planning time: 0.225 ms
 Execution time: 7497.448 ms
(10 rows)

===== 206 [Wed Mar  7 05:29:44 CET 2018] scale:10000000 groups:100 work_mem:64MB incremental:off max_workers:2 =====
SELECT * FROM (SELECT * FROM s_2 ORDER BY a, b) foo ORDER BY a, b, c
                                                             QUERY PLAN                                                              
-------------------------------------------------------------------------------------------------------------------------------------
 Limit  (cost=3149224.89..3149224.89 rows=1 width=20) (actual time=8437.122..8437.122 rows=0 loops=1)
   ->  Sort  (cost=3024224.22..3049224.35 rows=10000054 width=20) (actual time=7384.311..8219.401 rows=10000000 loops=1)
         Sort Key: s_2.a, s_2.b, s_2.c
         Sort Method: external merge  Disk: 293648kB
         ->  Sort  (cost=1531459.54..1556459.68 rows=10000054 width=20) (actual time=2006.194..2980.179 rows=10000000 loops=1)
               Sort Key: s_2.a, s_2.b
               Sort Method: external merge  Disk: 293648kB
               ->  Seq Scan on s_2  (cost=0.00..163695.54 rows=10000054 width=20) (actual time=0.031..627.218 rows=10000000 loops=1)
 Planning time: 0.227 ms
 Execution time: 8500.801 ms
(10 rows)

===== 207 [Wed Mar  7 05:30:29 CET 2018] scale:10000000 groups:100 work_mem:64MB incremental:off max_workers:2 =====
SELECT * FROM (SELECT * FROM s_3 ORDER BY a, b, c) foo ORDER BY a, b, c, d
                                                             QUERY PLAN                                                              
-------------------------------------------------------------------------------------------------------------------------------------
 Limit  (cost=3149224.89..3149224.89 rows=1 width=20) (actual time=9196.044..9196.044 rows=0 loops=1)
   ->  Sort  (cost=3024224.22..3049224.35 rows=10000054 width=20) (actual time=8144.034..8978.657 rows=10000000 loops=1)
         Sort Key: s_3.a, s_3.b, s_3.c, s_3.d
         Sort Method: external merge  Disk: 293648kB
         ->  Sort  (cost=1531459.54..1556459.68 rows=10000054 width=20) (actual time=2099.735..3044.267 rows=10000000 loops=1)
               Sort Key: s_3.a, s_3.b, s_3.c
               Sort Method: external merge  Disk: 293648kB
               ->  Seq Scan on s_3  (cost=0.00..163695.54 rows=10000054 width=20) (actual time=0.032..626.761 rows=10000000 loops=1)
 Planning time: 0.230 ms
 Execution time: 9259.691 ms
(10 rows)

===== 208 [Wed Mar  7 05:31:18 CET 2018] scale:10000000 groups:100 work_mem:64MB incremental:off max_workers:2 =====
SELECT * FROM (SELECT * FROM s_4 ORDER BY a, b, c, d) foo ORDER BY a, b, c, d, e
                                                             QUERY PLAN                                                             
------------------------------------------------------------------------------------------------------------------------------------
 Limit  (cost=3149185.47..3149185.47 rows=1 width=20) (actual time=8571.985..8571.985 rows=0 loops=1)
   ->  Sort  (cost=3024186.23..3049186.08 rows=9999939 width=20) (actual time=7519.789..8354.662 rows=10000000 loops=1)
         Sort Key: s_4.a, s_4.b, s_4.c, s_4.d, s_4.e
         Sort Method: external merge  Disk: 293648kB
         ->  Sort  (cost=1531440.69..1556440.54 rows=9999939 width=20) (actual time=2154.796..3099.621 rows=10000000 loops=1)
               Sort Key: s_4.a, s_4.b, s_4.c, s_4.d
               Sort Method: external merge  Disk: 293648kB
               ->  Seq Scan on s_4  (cost=0.00..163694.39 rows=9999939 width=20) (actual time=0.028..629.302 rows=10000000 loops=1)
 Planning time: 0.238 ms
 Execution time: 8635.797 ms
(10 rows)

===== 209 [Wed Mar  7 05:32:04 CET 2018] scale:10000000 groups:100 work_mem:128MB incremental:on max_workers:2 =====
SELECT * FROM (SELECT * FROM s_1 ORDER BY a) foo ORDER BY a, b
                                                             QUERY PLAN                                                              
-------------------------------------------------------------------------------------------------------------------------------------
 Limit  (cost=2761232.85..2761232.85 rows=1 width=20) (actual time=6433.908..6433.908 rows=0 loops=1)
   ->  Incremental Sort  (cost=1540912.71..2661232.31 rows=10000054 width=20) (actual time=1967.606..6178.450 rows=10000000 loops=1)
         Sort Key: s_1.a, s_1.b
         Presorted Key: s_1.a
         Sort Method: quicksort  Memory: 10941kB
         Sort Groups: 101
         ->  Sort  (cost=1531459.54..1556459.68 rows=10000054 width=20) (actual time=1952.255..2877.525 rows=10000000 loops=1)
               Sort Key: s_1.a
               Sort Method: external merge  Disk: 293568kB
               ->  Seq Scan on s_1  (cost=0.00..163695.54 rows=10000054 width=20) (actual time=0.026..632.292 rows=10000000 loops=1)
 Planning time: 0.228 ms
 Execution time: 6473.174 ms
(12 rows)

===== 210 [Wed Mar  7 05:32:35 CET 2018] scale:10000000 groups:100 work_mem:128MB incremental:on max_workers:2 =====
SELECT * FROM (SELECT * FROM s_2 ORDER BY a, b) foo ORDER BY a, b, c
                                                             QUERY PLAN                                                              
-------------------------------------------------------------------------------------------------------------------------------------
 Limit  (cost=2428522.48..2428522.48 rows=1 width=20) (actual time=6402.666..6402.666 rows=0 loops=1)
   ->  Incremental Sort  (cost=1531520.50..2328521.94 rows=10000054 width=20) (actual time=2082.751..6147.739 rows=10000000 loops=1)
         Sort Key: s_2.a, s_2.b, s_2.c
         Presorted Key: s_2.a, s_2.b
         Sort Method: quicksort  Memory: 136kB
         Sort Groups: 10201
         ->  Sort  (cost=1531459.54..1556459.68 rows=10000054 width=20) (actual time=2082.618..3019.353 rows=10000000 loops=1)
               Sort Key: s_2.a, s_2.b
               Sort Method: external merge  Disk: 293568kB
               ->  Seq Scan on s_2  (cost=0.00..163695.54 rows=10000054 width=20) (actual time=0.031..632.052 rows=10000000 loops=1)
 Planning time: 0.231 ms
 Execution time: 6441.682 ms
(12 rows)

===== 211 [Wed Mar  7 05:33:07 CET 2018] scale:10000000 groups:100 work_mem:128MB incremental:on max_workers:2 =====
SELECT * FROM (SELECT * FROM s_3 ORDER BY a, b, c) foo ORDER BY a, b, c, d
                                                             QUERY PLAN                                                              
-------------------------------------------------------------------------------------------------------------------------------------
 Limit  (cost=2117559.13..2117559.13 rows=1 width=20) (actual time=6118.728..6118.728 rows=0 loops=1)
   ->  Incremental Sort  (cost=1531459.83..2017558.59 rows=10000054 width=20) (actual time=2224.967..5893.451 rows=10000000 loops=1)
         Sort Key: s_3.a, s_3.b, s_3.c, s_3.d
         Presorted Key: s_3.a, s_3.b, s_3.c
         Sort Method: quicksort  Memory: 29kB
         Sort Groups: 270985
         ->  Sort  (cost=1531459.54..1556459.68 rows=10000054 width=20) (actual time=2224.912..3196.643 rows=10000000 loops=1)
               Sort Key: s_3.a, s_3.b, s_3.c
               Sort Method: external merge  Disk: 293568kB
               ->  Seq Scan on s_3  (cost=0.00..163695.54 rows=10000054 width=20) (actual time=0.031..624.323 rows=10000000 loops=1)
 Planning time: 0.237 ms
 Execution time: 6157.804 ms
(12 rows)

===== 212 [Wed Mar  7 05:33:36 CET 2018] scale:10000000 groups:100 work_mem:128MB incremental:on max_workers:2 =====
SELECT * FROM (SELECT * FROM s_4 ORDER BY a, b, c, d) foo ORDER BY a, b, c, d, e
                                                             QUERY PLAN                                                             
------------------------------------------------------------------------------------------------------------------------------------
 Limit  (cost=2117533.52..2117533.52 rows=1 width=20) (actual time=5306.537..5306.537 rows=0 loops=1)
   ->  Incremental Sort  (cost=1531440.98..2017534.13 rows=9999939 width=20) (actual time=2289.910..5080.898 rows=10000000 loops=1)
         Sort Key: s_4.a, s_4.b, s_4.c, s_4.d, s_4.e
         Presorted Key: s_4.a, s_4.b, s_4.c, s_4.d
         Sort Method: quicksort  Memory: 27kB
         Sort Groups: 312025
         ->  Sort  (cost=1531440.69..1556440.54 rows=9999939 width=20) (actual time=2289.860..3273.702 rows=10000000 loops=1)
               Sort Key: s_4.a, s_4.b, s_4.c, s_4.d
               Sort Method: external merge  Disk: 293568kB
               ->  Seq Scan on s_4  (cost=0.00..163694.39 rows=9999939 width=20) (actual time=0.028..627.338 rows=10000000 loops=1)
 Planning time: 0.242 ms
 Execution time: 5345.639 ms
(12 rows)

===== 213 [Wed Mar  7 05:34:01 CET 2018] scale:10000000 groups:100 work_mem:128MB incremental:off max_workers:2 =====
SELECT * FROM (SELECT * FROM s_1 ORDER BY a) foo ORDER BY a, b
                                                             QUERY PLAN                                                              
-------------------------------------------------------------------------------------------------------------------------------------
 Limit  (cost=3149224.89..3149224.89 rows=1 width=20) (actual time=7532.701..7532.701 rows=0 loops=1)
   ->  Sort  (cost=3024224.22..3049224.35 rows=10000054 width=20) (actual time=6488.728..7314.983 rows=10000000 loops=1)
         Sort Key: s_1.a, s_1.b
         Sort Method: external merge  Disk: 293568kB
         ->  Sort  (cost=1531459.54..1556459.68 rows=10000054 width=20) (actual time=1939.763..2860.157 rows=10000000 loops=1)
               Sort Key: s_1.a
               Sort Method: external merge  Disk: 293568kB
               ->  Seq Scan on s_1  (cost=0.00..163695.54 rows=10000054 width=20) (actual time=0.027..631.112 rows=10000000 loops=1)
 Planning time: 0.229 ms
 Execution time: 7600.254 ms
(10 rows)

===== 214 [Wed Mar  7 05:34:41 CET 2018] scale:10000000 groups:100 work_mem:128MB incremental:off max_workers:2 =====
SELECT * FROM (SELECT * FROM s_2 ORDER BY a, b) foo ORDER BY a, b, c
                                                             QUERY PLAN                                                              
-------------------------------------------------------------------------------------------------------------------------------------
 Limit  (cost=3149224.89..3149224.89 rows=1 width=20) (actual time=8544.336..8544.336 rows=0 loops=1)
   ->  Sort  (cost=3024224.22..3049224.35 rows=10000054 width=20) (actual time=7503.799..8326.736 rows=10000000 loops=1)
         Sort Key: s_2.a, s_2.b, s_2.c
         Sort Method: external merge  Disk: 293568kB
         ->  Sort  (cost=1531459.54..1556459.68 rows=10000054 width=20) (actual time=2077.646..3002.568 rows=10000000 loops=1)
               Sort Key: s_2.a, s_2.b
               Sort Method: external merge  Disk: 293568kB
               ->  Seq Scan on s_2  (cost=0.00..163695.54 rows=10000054 width=20) (actual time=0.032..631.819 rows=10000000 loops=1)
 Planning time: 0.227 ms
 Execution time: 8611.949 ms
(10 rows)

===== 215 [Wed Mar  7 05:35:26 CET 2018] scale:10000000 groups:100 work_mem:128MB incremental:off max_workers:2 =====
SELECT * FROM (SELECT * FROM s_3 ORDER BY a, b, c) foo ORDER BY a, b, c, d
                                                             QUERY PLAN                                                              
-------------------------------------------------------------------------------------------------------------------------------------
 Limit  (cost=3149224.89..3149224.89 rows=1 width=20) (actual time=9328.269..9328.269 rows=0 loops=1)
   ->  Sort  (cost=3024224.22..3049224.35 rows=10000054 width=20) (actual time=8299.423..9110.952 rows=10000000 loops=1)
         Sort Key: s_3.a, s_3.b, s_3.c, s_3.d
         Sort Method: external merge  Disk: 293568kB
         ->  Sort  (cost=1531459.54..1556459.68 rows=10000054 width=20) (actual time=2159.216..3082.315 rows=10000000 loops=1)
               Sort Key: s_3.a, s_3.b, s_3.c
               Sort Method: external merge  Disk: 293568kB
               ->  Seq Scan on s_3  (cost=0.00..163695.54 rows=10000054 width=20) (actual time=0.037..631.694 rows=10000000 loops=1)
 Planning time: 0.230 ms
 Execution time: 9395.883 ms
(10 rows)

===== 216 [Wed Mar  7 05:36:16 CET 2018] scale:10000000 groups:100 work_mem:128MB incremental:off max_workers:2 =====
SELECT * FROM (SELECT * FROM s_4 ORDER BY a, b, c, d) foo ORDER BY a, b, c, d, e
                                                             QUERY PLAN                                                             
------------------------------------------------------------------------------------------------------------------------------------
 Limit  (cost=3149185.47..3149185.47 rows=1 width=20) (actual time=8725.949..8725.949 rows=0 loops=1)
   ->  Sort  (cost=3024186.23..3049186.08 rows=9999939 width=20) (actual time=7696.385..8508.487 rows=10000000 loops=1)
         Sort Key: s_4.a, s_4.b, s_4.c, s_4.d, s_4.e
         Sort Method: external merge  Disk: 293568kB
         ->  Sort  (cost=1531440.69..1556440.54 rows=9999939 width=20) (actual time=2227.012..3150.220 rows=10000000 loops=1)
               Sort Key: s_4.a, s_4.b, s_4.c, s_4.d
               Sort Method: external merge  Disk: 293568kB
               ->  Seq Scan on s_4  (cost=0.00..163694.39 rows=9999939 width=20) (actual time=0.028..633.753 rows=10000000 loops=1)
 Planning time: 0.242 ms
 Execution time: 8793.698 ms
(10 rows)

===== 217 [Wed Mar  7 05:37:03 CET 2018] scale:10000000 groups:100 work_mem:256MB incremental:on max_workers:2 =====
SELECT * FROM (SELECT * FROM s_1 ORDER BY a) foo ORDER BY a, b
                                                             QUERY PLAN                                                              
-------------------------------------------------------------------------------------------------------------------------------------
 Limit  (cost=2549477.79..2549477.79 rows=1 width=20) (actual time=6445.034..6445.034 rows=0 loops=1)
   ->  Incremental Sort  (cost=1539269.92..2466144.01 rows=8333378 width=20) (actual time=2112.276..6186.266 rows=10000000 loops=1)
         Sort Key: s_1.a, s_1.b
         Presorted Key: s_1.a
         Sort Method: quicksort  Memory: 10941kB
         Sort Groups: 101
         ->  Sort  (cost=1531459.54..1556459.68 rows=10000054 width=20) (actual time=2095.028..2935.338 rows=10000000 loops=1)
               Sort Key: s_1.a
               Sort Method: external merge  Disk: 293552kB
               ->  Seq Scan on s_1  (cost=0.00..163695.54 rows=10000054 width=20) (actual time=0.027..642.238 rows=10000000 loops=1)
 Planning time: 0.242 ms
 Execution time: 6487.620 ms
(12 rows)

===== 218 [Wed Mar  7 05:37:35 CET 2018] scale:10000000 groups:100 work_mem:256MB incremental:on max_workers:2 =====
SELECT * FROM (SELECT * FROM s_2 ORDER BY a, b) foo ORDER BY a, b, c
                                                             QUERY PLAN                                                              
-------------------------------------------------------------------------------------------------------------------------------------
 Limit  (cost=2272252.82..2272252.82 rows=1 width=20) (actual time=6526.605..6526.605 rows=0 loops=1)
   ->  Incremental Sort  (cost=1531509.68..2188919.04 rows=8333378 width=20) (actual time=2215.523..6302.292 rows=10000000 loops=1)
         Sort Key: s_2.a, s_2.b, s_2.c
         Presorted Key: s_2.a, s_2.b
         Sort Method: quicksort  Memory: 136kB
         Sort Groups: 10201
         ->  Sort  (cost=1531459.54..1556459.68 rows=10000054 width=20) (actual time=2215.388..3084.493 rows=10000000 loops=1)
               Sort Key: s_2.a, s_2.b
               Sort Method: external merge  Disk: 293552kB
               ->  Seq Scan on s_2  (cost=0.00..163695.54 rows=10000054 width=20) (actual time=0.031..640.111 rows=10000000 loops=1)
 Planning time: 0.235 ms
 Execution time: 6568.534 ms
(12 rows)

===== 219 [Wed Mar  7 05:38:07 CET 2018] scale:10000000 groups:100 work_mem:256MB incremental:on max_workers:2 =====
SELECT * FROM (SELECT * FROM s_3 ORDER BY a, b, c) foo ORDER BY a, b, c, d
                                                             QUERY PLAN                                                              
-------------------------------------------------------------------------------------------------------------------------------------
 Limit  (cost=2024042.51..2024042.51 rows=1 width=20) (actual time=6162.598..6162.598 rows=0 loops=1)
   ->  Incremental Sort  (cost=1531459.84..1940708.73 rows=8333378 width=20) (actual time=2354.204..5937.370 rows=10000000 loops=1)
         Sort Key: s_3.a, s_3.b, s_3.c, s_3.d
         Presorted Key: s_3.a, s_3.b, s_3.c
         Sort Method: quicksort  Memory: 29kB
         Sort Groups: 270985
         ->  Sort  (cost=1531459.54..1556459.68 rows=10000054 width=20) (actual time=2354.150..3243.739 rows=10000000 loops=1)
               Sort Key: s_3.a, s_3.b, s_3.c
               Sort Method: external merge  Disk: 293552kB
               ->  Seq Scan on s_3  (cost=0.00..163695.54 rows=10000054 width=20) (actual time=0.031..634.128 rows=10000000 loops=1)
 Planning time: 0.238 ms
 Execution time: 6204.598 ms
(12 rows)

===== 220 [Wed Mar  7 05:38:36 CET 2018] scale:10000000 groups:100 work_mem:256MB incremental:on max_workers:2 =====
SELECT * FROM (SELECT * FROM s_4 ORDER BY a, b, c, d) foo ORDER BY a, b, c, d, e
                                                             QUERY PLAN                                                             
------------------------------------------------------------------------------------------------------------------------------------
 Limit  (cost=2024018.01..2024018.01 rows=1 width=20) (actual time=5354.827..5354.827 rows=0 loops=1)
   ->  Incremental Sort  (cost=1531440.99..1940685.19 rows=8333282 width=20) (actual time=2418.513..5129.273 rows=10000000 loops=1)
         Sort Key: s_4.a, s_4.b, s_4.c, s_4.d, s_4.e
         Presorted Key: s_4.a, s_4.b, s_4.c, s_4.d
         Sort Method: quicksort  Memory: 27kB
         Sort Groups: 312025
         ->  Sort  (cost=1531440.69..1556440.54 rows=9999939 width=20) (actual time=2418.462..3320.088 rows=10000000 loops=1)
               Sort Key: s_4.a, s_4.b, s_4.c, s_4.d
               Sort Method: external merge  Disk: 293552kB
               ->  Seq Scan on s_4  (cost=0.00..163694.39 rows=9999939 width=20) (actual time=0.029..637.601 rows=10000000 loops=1)
 Planning time: 0.254 ms
 Execution time: 5396.863 ms
(12 rows)

===== 221 [Wed Mar  7 05:39:01 CET 2018] scale:10000000 groups:100 work_mem:256MB incremental:off max_workers:2 =====
SELECT * FROM (SELECT * FROM s_1 ORDER BY a) foo ORDER BY a, b
                                                                    QUERY PLAN                                                                    
--------------------------------------------------------------------------------------------------------------------------------------------------
 Limit  (cost=2853138.37..2853138.37 rows=1 width=20) (actual time=7404.996..7404.996 rows=0 loops=1)
   ->  Sort  (cost=2748971.14..2769804.59 rows=8333378 width=20) (actual time=6425.225..7186.656 rows=10000000 loops=1)
         Sort Key: s_1.a, s_1.b
         Sort Method: external merge  Disk: 293552kB
         ->  Gather Merge  (cost=564499.16..1536794.48 rows=8333378 width=20) (actual time=827.672..2375.528 rows=10000000 loops=1)
               Workers Planned: 2
               Workers Launched: 2
               ->  Sort  (cost=563499.14..573915.86 rows=4166689 width=20) (actual time=825.777..1107.590 rows=3333333 loops=3)
                     Sort Key: s_1.a
                     Sort Method: external merge  Disk: 97088kB
                     Worker 0:  Sort Method: external merge  Disk: 98216kB
                     Worker 1:  Sort Method: external merge  Disk: 98256kB
                     ->  Parallel Seq Scan on s_1  (cost=0.00..105361.89 rows=4166689 width=20) (actual time=0.024..236.269 rows=3333333 loops=3)
 Planning time: 0.237 ms
 Execution time: 7453.136 ms
(15 rows)

===== 222 [Wed Mar  7 05:39:40 CET 2018] scale:10000000 groups:100 work_mem:256MB incremental:off max_workers:2 =====
SELECT * FROM (SELECT * FROM s_2 ORDER BY a, b) foo ORDER BY a, b, c
                                                                    QUERY PLAN                                                                    
--------------------------------------------------------------------------------------------------------------------------------------------------
 Limit  (cost=2853138.37..2853138.37 rows=1 width=20) (actual time=8640.362..8640.362 rows=0 loops=1)
   ->  Sort  (cost=2748971.14..2769804.59 rows=8333378 width=20) (actual time=7663.681..8421.934 rows=10000000 loops=1)
         Sort Key: s_2.a, s_2.b, s_2.c
         Sort Method: external merge  Disk: 293552kB
         ->  Gather Merge  (cost=564499.16..1536794.48 rows=8333378 width=20) (actual time=876.290..2689.340 rows=10000000 loops=1)
               Workers Planned: 2
               Workers Launched: 2
               ->  Sort  (cost=563499.14..573915.86 rows=4166689 width=20) (actual time=874.514..1164.046 rows=3333333 loops=3)
                     Sort Key: s_2.a, s_2.b
                     Sort Method: external merge  Disk: 97872kB
                     Worker 0:  Sort Method: external merge  Disk: 97936kB
                     Worker 1:  Sort Method: external merge  Disk: 97752kB
                     ->  Parallel Seq Scan on s_2  (cost=0.00..105361.89 rows=4166689 width=20) (actual time=0.026..236.457 rows=3333333 loops=3)
 Planning time: 0.237 ms
 Execution time: 8684.911 ms
(15 rows)

===== 223 [Wed Mar  7 05:40:26 CET 2018] scale:10000000 groups:100 work_mem:256MB incremental:off max_workers:2 =====
SELECT * FROM (SELECT * FROM s_3 ORDER BY a, b, c) foo ORDER BY a, b, c, d
                                                                    QUERY PLAN                                                                    
--------------------------------------------------------------------------------------------------------------------------------------------------
 Limit  (cost=2853138.37..2853138.37 rows=1 width=20) (actual time=9606.830..9606.830 rows=0 loops=1)
   ->  Sort  (cost=2748971.14..2769804.59 rows=8333378 width=20) (actual time=8630.293..9388.259 rows=10000000 loops=1)
         Sort Key: s_3.a, s_3.b, s_3.c, s_3.d
         Sort Method: external merge  Disk: 293552kB
         ->  Gather Merge  (cost=564499.16..1536794.48 rows=8333378 width=20) (actual time=900.599..2928.884 rows=10000000 loops=1)
               Workers Planned: 2
               Workers Launched: 2
               ->  Sort  (cost=563499.14..573915.86 rows=4166689 width=20) (actual time=898.495..1187.707 rows=3333333 loops=3)
                     Sort Key: s_3.a, s_3.b, s_3.c
                     Sort Method: external merge  Disk: 97992kB
                     Worker 0:  Sort Method: external merge  Disk: 97800kB
                     Worker 1:  Sort Method: external merge  Disk: 97768kB
                     ->  Parallel Seq Scan on s_3  (cost=0.00..105361.89 rows=4166689 width=20) (actual time=0.025..237.041 rows=3333333 loops=3)
 Planning time: 0.239 ms
 Execution time: 9651.400 ms
(15 rows)

===== 224 [Wed Mar  7 05:41:18 CET 2018] scale:10000000 groups:100 work_mem:256MB incremental:off max_workers:2 =====
SELECT * FROM (SELECT * FROM s_4 ORDER BY a, b, c, d) foo ORDER BY a, b, c, d, e
                                                                    QUERY PLAN                                                                    
--------------------------------------------------------------------------------------------------------------------------------------------------
 Limit  (cost=2853103.68..2853103.68 rows=1 width=20) (actual time=8961.109..8961.109 rows=0 loops=1)
   ->  Sort  (cost=2748937.65..2769770.86 rows=8333282 width=20) (actual time=7983.981..8742.548 rows=10000000 loops=1)
         Sort Key: s_4.a, s_4.b, s_4.c, s_4.d, s_4.e
         Sort Method: external merge  Disk: 293552kB
         ->  Gather Merge  (cost=564493.06..1536777.17 rows=8333282 width=20) (actual time=923.636..2960.264 rows=10000000 loops=1)
               Workers Planned: 2
               Workers Launched: 2
               ->  Sort  (cost=563493.04..573909.64 rows=4166641 width=20) (actual time=921.504..1212.648 rows=3333333 loops=3)
                     Sort Key: s_4.a, s_4.b, s_4.c, s_4.d
                     Sort Method: external merge  Disk: 98024kB
                     Worker 0:  Sort Method: external merge  Disk: 97568kB
                     Worker 1:  Sort Method: external merge  Disk: 97968kB
                     ->  Parallel Seq Scan on s_4  (cost=0.00..105361.41 rows=4166641 width=20) (actual time=0.023..237.931 rows=3333333 loops=3)
 Planning time: 0.245 ms
 Execution time: 9005.703 ms
(15 rows)

===== 225 [Wed Mar  7 05:43:10 CET 2018] scale:10000000 groups:1000 work_mem:4MB incremental:on max_workers:0 =====
SELECT * FROM (SELECT * FROM s_1 ORDER BY a) foo ORDER BY a, b
                                                             QUERY PLAN                                                             
------------------------------------------------------------------------------------------------------------------------------------
 Limit  (cost=2800846.30..2800846.30 rows=1 width=20) (actual time=7840.856..7840.856 rows=0 loops=1)
   ->  Incremental Sort  (cost=1737308.21..2700846.91 rows=9999939 width=20) (actual time=3383.201..7588.622 rows=10000000 loops=1)
         Sort Key: s_1.a, s_1.b
         Presorted Key: s_1.a
         Sort Method: quicksort  Memory: 1192kB
         Sort Groups: 1001
         ->  Sort  (cost=1736519.69..1761519.54 rows=9999939 width=20) (actual time=3381.236..4324.299 rows=10000000 loops=1)
               Sort Key: s_1.a
               Sort Method: external merge  Disk: 293600kB
               ->  Seq Scan on s_1  (cost=0.00..163694.39 rows=9999939 width=20) (actual time=0.020..648.562 rows=10000000 loops=1)
 Planning time: 0.234 ms
 Execution time: 7869.895 ms
(12 rows)

===== 226 [Wed Mar  7 05:43:50 CET 2018] scale:10000000 groups:1000 work_mem:4MB incremental:on max_workers:0 =====
SELECT * FROM (SELECT * FROM s_2 ORDER BY a, b) foo ORDER BY a, b, c
                                                             QUERY PLAN                                                             
------------------------------------------------------------------------------------------------------------------------------------
 Limit  (cost=2322612.52..2322612.52 rows=1 width=20) (actual time=7131.276..7131.276 rows=0 loops=1)
   ->  Incremental Sort  (cost=1736519.98..2222613.13 rows=9999939 width=20) (actual time=3518.508..6875.241 rows=10000000 loops=1)
         Sort Key: s_2.a, s_2.b, s_2.c
         Presorted Key: s_2.a, s_2.b
         Sort Method: quicksort  Memory: 29kB
         Sort Groups: 270377
         ->  Sort  (cost=1736519.69..1761519.54 rows=9999939 width=20) (actual time=3518.449..4504.915 rows=10000000 loops=1)
               Sort Key: s_2.a, s_2.b
               Sort Method: external merge  Disk: 293600kB
               ->  Seq Scan on s_2  (cost=0.00..163694.39 rows=9999939 width=20) (actual time=0.027..646.754 rows=10000000 loops=1)
 Planning time: 0.235 ms
 Execution time: 7160.651 ms
(12 rows)

===== 227 [Wed Mar  7 05:44:26 CET 2018] scale:10000000 groups:1000 work_mem:4MB incremental:on max_workers:0 =====
SELECT * FROM (SELECT * FROM s_3 ORDER BY a, b, c) foo ORDER BY a, b, c, d
                                                             QUERY PLAN                                                             
------------------------------------------------------------------------------------------------------------------------------------
 Limit  (cost=2322612.52..2322612.52 rows=1 width=20) (actual time=6294.847..6294.847 rows=0 loops=1)
   ->  Incremental Sort  (cost=1736519.98..2222613.13 rows=9999939 width=20) (actual time=3587.478..6040.517 rows=10000000 loops=1)
         Sort Key: s_3.a, s_3.b, s_3.c, s_3.d
         Presorted Key: s_3.a, s_3.b, s_3.c
         Sort Method: quicksort  Memory: 27kB
         Sort Groups: 312451
         ->  Sort  (cost=1736519.69..1761519.54 rows=9999939 width=20) (actual time=3587.422..4590.951 rows=10000000 loops=1)
               Sort Key: s_3.a, s_3.b, s_3.c
               Sort Method: external merge  Disk: 293600kB
               ->  Seq Scan on s_3  (cost=0.00..163694.39 rows=9999939 width=20) (actual time=0.032..649.997 rows=10000000 loops=1)
 Planning time: 0.257 ms
 Execution time: 6324.220 ms
(12 rows)

===== 228 [Wed Mar  7 05:44:56 CET 2018] scale:10000000 groups:1000 work_mem:4MB incremental:on max_workers:0 =====
SELECT * FROM (SELECT * FROM s_4 ORDER BY a, b, c, d) foo ORDER BY a, b, c, d, e
                                                             QUERY PLAN                                                              
-------------------------------------------------------------------------------------------------------------------------------------
 Limit  (cost=2322641.63..2322641.63 rows=1 width=20) (actual time=6054.515..6054.515 rows=0 loops=1)
   ->  Incremental Sort  (cost=1736542.33..2222641.09 rows=10000054 width=20) (actual time=3569.491..5828.257 rows=10000000 loops=1)
         Sort Key: s_4.a, s_4.b, s_4.c, s_4.d, s_4.e
         Presorted Key: s_4.a, s_4.b, s_4.c, s_4.d
         Sort Method: quicksort  Memory: 27kB
         Sort Groups: 312500
         ->  Sort  (cost=1736542.04..1761542.18 rows=10000054 width=20) (actual time=3569.438..4559.690 rows=10000000 loops=1)
               Sort Key: s_4.a, s_4.b, s_4.c, s_4.d
               Sort Method: external merge  Disk: 293600kB
               ->  Seq Scan on s_4  (cost=0.00..163695.54 rows=10000054 width=20) (actual time=0.031..646.798 rows=10000000 loops=1)
 Planning time: 0.249 ms
 Execution time: 6083.948 ms
(12 rows)

===== 229 [Wed Mar  7 05:45:25 CET 2018] scale:10000000 groups:1000 work_mem:4MB incremental:off max_workers:0 =====
SELECT * FROM (SELECT * FROM s_1 ORDER BY a) foo ORDER BY a, b
                                                             QUERY PLAN                                                             
------------------------------------------------------------------------------------------------------------------------------------
 Limit  (cost=3559343.47..3559343.47 rows=1 width=20) (actual time=10372.495..10372.495 rows=0 loops=1)
   ->  Sort  (cost=3434344.23..3459344.08 rows=9999939 width=20) (actual time=9314.251..10152.590 rows=10000000 loops=1)
         Sort Key: s_1.a, s_1.b
         Sort Method: external merge  Disk: 293600kB
         ->  Sort  (cost=1736519.69..1761519.54 rows=9999939 width=20) (actual time=3364.450..4300.282 rows=10000000 loops=1)
               Sort Key: s_1.a
               Sort Method: external merge  Disk: 293600kB
               ->  Seq Scan on s_1  (cost=0.00..163694.39 rows=9999939 width=20) (actual time=0.026..641.047 rows=10000000 loops=1)
 Planning time: 0.229 ms
 Execution time: 10426.954 ms
(10 rows)

===== 230 [Wed Mar  7 05:46:21 CET 2018] scale:10000000 groups:1000 work_mem:4MB incremental:off max_workers:0 =====
SELECT * FROM (SELECT * FROM s_2 ORDER BY a, b) foo ORDER BY a, b, c
                                                             QUERY PLAN                                                             
------------------------------------------------------------------------------------------------------------------------------------
 Limit  (cost=3559343.47..3559343.47 rows=1 width=20) (actual time=10721.149..10721.149 rows=0 loops=1)
   ->  Sort  (cost=3434344.23..3459344.08 rows=9999939 width=20) (actual time=9671.689..10501.446 rows=10000000 loops=1)
         Sort Key: s_2.a, s_2.b, s_2.c
         Sort Method: external merge  Disk: 293600kB
         ->  Sort  (cost=1736519.69..1761519.54 rows=9999939 width=20) (actual time=3510.935..4452.816 rows=10000000 loops=1)
               Sort Key: s_2.a, s_2.b
               Sort Method: external merge  Disk: 293600kB
               ->  Seq Scan on s_2  (cost=0.00..163694.39 rows=9999939 width=20) (actual time=0.031..639.464 rows=10000000 loops=1)
 Planning time: 0.232 ms
 Execution time: 10783.124 ms
(10 rows)

===== 231 [Wed Mar  7 05:47:20 CET 2018] scale:10000000 groups:1000 work_mem:4MB incremental:off max_workers:0 =====
SELECT * FROM (SELECT * FROM s_3 ORDER BY a, b, c) foo ORDER BY a, b, c, d
                                                             QUERY PLAN                                                             
------------------------------------------------------------------------------------------------------------------------------------
 Limit  (cost=3559343.47..3559343.47 rows=1 width=20) (actual time=9745.434..9745.434 rows=0 loops=1)
   ->  Sort  (cost=3434344.23..3459344.08 rows=9999939 width=20) (actual time=8695.376..9525.826 rows=10000000 loops=1)
         Sort Key: s_3.a, s_3.b, s_3.c, s_3.d
         Sort Method: external merge  Disk: 293600kB
         ->  Sort  (cost=1736519.69..1761519.54 rows=9999939 width=20) (actual time=3575.756..4516.709 rows=10000000 loops=1)
               Sort Key: s_3.a, s_3.b, s_3.c
               Sort Method: external merge  Disk: 293600kB
               ->  Seq Scan on s_3  (cost=0.00..163694.39 rows=9999939 width=20) (actual time=0.031..642.341 rows=10000000 loops=1)
 Planning time: 0.243 ms
 Execution time: 9807.451 ms
(10 rows)

===== 232 [Wed Mar  7 05:48:12 CET 2018] scale:10000000 groups:1000 work_mem:4MB incremental:off max_workers:0 =====
SELECT * FROM (SELECT * FROM s_4 ORDER BY a, b, c, d) foo ORDER BY a, b, c, d, e
                                                             QUERY PLAN                                                              
-------------------------------------------------------------------------------------------------------------------------------------
 Limit  (cost=3559389.89..3559389.89 rows=1 width=20) (actual time=8452.814..8452.814 rows=0 loops=1)
   ->  Sort  (cost=3434389.22..3459389.35 rows=10000054 width=20) (actual time=7404.528..8233.576 rows=10000000 loops=1)
         Sort Key: s_4.a, s_4.b, s_4.c, s_4.d, s_4.e
         Sort Method: external merge  Disk: 293600kB
         ->  Sort  (cost=1736542.04..1761542.18 rows=10000054 width=20) (actual time=3585.701..4522.763 rows=10000000 loops=1)
               Sort Key: s_4.a, s_4.b, s_4.c, s_4.d
               Sort Method: external merge  Disk: 293600kB
               ->  Seq Scan on s_4  (cost=0.00..163695.54 rows=10000054 width=20) (actual time=0.034..641.065 rows=10000000 loops=1)
 Planning time: 0.256 ms
 Execution time: 8514.913 ms
(10 rows)

===== 233 [Wed Mar  7 05:48:57 CET 2018] scale:10000000 groups:1000 work_mem:8MB incremental:on max_workers:0 =====
SELECT * FROM (SELECT * FROM s_1 ORDER BY a) foo ORDER BY a, b
                                                             QUERY PLAN                                                             
------------------------------------------------------------------------------------------------------------------------------------
 Limit  (cost=2800846.30..2800846.30 rows=1 width=20) (actual time=7089.427..7089.427 rows=0 loops=1)
   ->  Incremental Sort  (cost=1737308.21..2700846.91 rows=9999939 width=20) (actual time=2648.235..6837.357 rows=10000000 loops=1)
         Sort Key: s_1.a, s_1.b
         Presorted Key: s_1.a
         Sort Method: quicksort  Memory: 1192kB
         Sort Groups: 1001
         ->  Sort  (cost=1736519.69..1761519.54 rows=9999939 width=20) (actual time=2646.285..3588.783 rows=10000000 loops=1)
               Sort Key: s_1.a
               Sort Method: external merge  Disk: 293608kB
               ->  Seq Scan on s_1  (cost=0.00..163694.39 rows=9999939 width=20) (actual time=0.026..642.586 rows=10000000 loops=1)
 Planning time: 0.234 ms
 Execution time: 7122.598 ms
(12 rows)

===== 234 [Wed Mar  7 05:49:33 CET 2018] scale:10000000 groups:1000 work_mem:8MB incremental:on max_workers:0 =====
SELECT * FROM (SELECT * FROM s_2 ORDER BY a, b) foo ORDER BY a, b, c
                                                             QUERY PLAN                                                             
------------------------------------------------------------------------------------------------------------------------------------
 Limit  (cost=2322612.52..2322612.52 rows=1 width=20) (actual time=6390.888..6390.888 rows=0 loops=1)
   ->  Incremental Sort  (cost=1736519.98..2222613.13 rows=9999939 width=20) (actual time=2783.270..6134.712 rows=10000000 loops=1)
         Sort Key: s_2.a, s_2.b, s_2.c
         Presorted Key: s_2.a, s_2.b
         Sort Method: quicksort  Memory: 29kB
         Sort Groups: 270377
         ->  Sort  (cost=1736519.69..1761519.54 rows=9999939 width=20) (actual time=2783.215..3768.745 rows=10000000 loops=1)
               Sort Key: s_2.a, s_2.b
               Sort Method: external merge  Disk: 293608kB
               ->  Seq Scan on s_2  (cost=0.00..163694.39 rows=9999939 width=20) (actual time=0.030..637.914 rows=10000000 loops=1)
 Planning time: 0.245 ms
 Execution time: 6424.457 ms
(12 rows)

===== 235 [Wed Mar  7 05:50:04 CET 2018] scale:10000000 groups:1000 work_mem:8MB incremental:on max_workers:0 =====
SELECT * FROM (SELECT * FROM s_3 ORDER BY a, b, c) foo ORDER BY a, b, c, d
                                                             QUERY PLAN                                                             
------------------------------------------------------------------------------------------------------------------------------------
 Limit  (cost=2322612.52..2322612.52 rows=1 width=20) (actual time=5513.533..5513.533 rows=0 loops=1)
   ->  Incremental Sort  (cost=1736519.98..2222613.13 rows=9999939 width=20) (actual time=2856.916..5258.962 rows=10000000 loops=1)
         Sort Key: s_3.a, s_3.b, s_3.c, s_3.d
         Presorted Key: s_3.a, s_3.b, s_3.c
         Sort Method: quicksort  Memory: 27kB
         Sort Groups: 312451
         ->  Sort  (cost=1736519.69..1761519.54 rows=9999939 width=20) (actual time=2856.863..3850.222 rows=10000000 loops=1)
               Sort Key: s_3.a, s_3.b, s_3.c
               Sort Method: external merge  Disk: 293608kB
               ->  Seq Scan on s_3  (cost=0.00..163694.39 rows=9999939 width=20) (actual time=0.031..640.630 rows=10000000 loops=1)
 Planning time: 0.239 ms
 Execution time: 5547.188 ms
(12 rows)

===== 236 [Wed Mar  7 05:50:30 CET 2018] scale:10000000 groups:1000 work_mem:8MB incremental:on max_workers:0 =====
SELECT * FROM (SELECT * FROM s_4 ORDER BY a, b, c, d) foo ORDER BY a, b, c, d, e
                                                             QUERY PLAN                                                              
-------------------------------------------------------------------------------------------------------------------------------------
 Limit  (cost=2322641.63..2322641.63 rows=1 width=20) (actual time=5333.581..5333.581 rows=0 loops=1)
   ->  Incremental Sort  (cost=1736542.33..2222641.09 rows=10000054 width=20) (actual time=2842.198..5106.828 rows=10000000 loops=1)
         Sort Key: s_4.a, s_4.b, s_4.c, s_4.d, s_4.e
         Presorted Key: s_4.a, s_4.b, s_4.c, s_4.d
         Sort Method: quicksort  Memory: 27kB
         Sort Groups: 312500
         ->  Sort  (cost=1736542.04..1761542.18 rows=10000054 width=20) (actual time=2842.145..3836.210 rows=10000000 loops=1)
               Sort Key: s_4.a, s_4.b, s_4.c, s_4.d
               Sort Method: external merge  Disk: 293608kB
               ->  Seq Scan on s_4  (cost=0.00..163695.54 rows=10000054 width=20) (actual time=0.038..638.246 rows=10000000 loops=1)
 Planning time: 0.251 ms
 Execution time: 5367.310 ms
(12 rows)

===== 237 [Wed Mar  7 05:50:55 CET 2018] scale:10000000 groups:1000 work_mem:8MB incremental:off max_workers:0 =====
SELECT * FROM (SELECT * FROM s_1 ORDER BY a) foo ORDER BY a, b
                                                             QUERY PLAN                                                             
------------------------------------------------------------------------------------------------------------------------------------
 Limit  (cost=3559343.47..3559343.47 rows=1 width=20) (actual time=9028.327..9028.327 rows=0 loops=1)
   ->  Sort  (cost=3434344.23..3459344.08 rows=9999939 width=20) (actual time=7975.729..8808.654 rows=10000000 loops=1)
         Sort Key: s_1.a, s_1.b
         Sort Method: external merge  Disk: 293608kB
         ->  Sort  (cost=1736519.69..1761519.54 rows=9999939 width=20) (actual time=2634.791..3571.356 rows=10000000 loops=1)
               Sort Key: s_1.a
               Sort Method: external merge  Disk: 293608kB
               ->  Seq Scan on s_1  (cost=0.00..163694.39 rows=9999939 width=20) (actual time=0.026..639.809 rows=10000000 loops=1)
 Planning time: 0.230 ms
 Execution time: 9090.695 ms
(10 rows)

===== 238 [Wed Mar  7 05:51:44 CET 2018] scale:10000000 groups:1000 work_mem:8MB incremental:off max_workers:0 =====
SELECT * FROM (SELECT * FROM s_2 ORDER BY a, b) foo ORDER BY a, b, c
                                                             QUERY PLAN                                                             
------------------------------------------------------------------------------------------------------------------------------------
 Limit  (cost=3559343.47..3559343.47 rows=1 width=20) (actual time=9355.546..9355.546 rows=0 loops=1)
   ->  Sort  (cost=3434344.23..3459344.08 rows=9999939 width=20) (actual time=8306.664..9136.053 rows=10000000 loops=1)
         Sort Key: s_2.a, s_2.b, s_2.c
         Sort Method: external merge  Disk: 293608kB
         ->  Sort  (cost=1736519.69..1761519.54 rows=9999939 width=20) (actual time=2781.598..3719.949 rows=10000000 loops=1)
               Sort Key: s_2.a, s_2.b
               Sort Method: external merge  Disk: 293608kB
               ->  Seq Scan on s_2  (cost=0.00..163694.39 rows=9999939 width=20) (actual time=0.032..639.654 rows=10000000 loops=1)
 Planning time: 0.234 ms
 Execution time: 9417.961 ms
(10 rows)

===== 239 [Wed Mar  7 05:52:34 CET 2018] scale:10000000 groups:1000 work_mem:8MB incremental:off max_workers:0 =====
SELECT * FROM (SELECT * FROM s_3 ORDER BY a, b, c) foo ORDER BY a, b, c, d
                                                             QUERY PLAN                                                             
------------------------------------------------------------------------------------------------------------------------------------
 Limit  (cost=3559343.47..3559343.47 rows=1 width=20) (actual time=8377.829..8377.829 rows=0 loops=1)
   ->  Sort  (cost=3434344.23..3459344.08 rows=9999939 width=20) (actual time=7328.796..8158.370 rows=10000000 loops=1)
         Sort Key: s_3.a, s_3.b, s_3.c, s_3.d
         Sort Method: external merge  Disk: 293608kB
         ->  Sort  (cost=1736519.69..1761519.54 rows=9999939 width=20) (actual time=2851.964..3790.548 rows=10000000 loops=1)
               Sort Key: s_3.a, s_3.b, s_3.c
               Sort Method: external merge  Disk: 293608kB
               ->  Seq Scan on s_3  (cost=0.00..163694.39 rows=9999939 width=20) (actual time=0.032..641.630 rows=10000000 loops=1)
 Planning time: 0.240 ms
 Execution time: 8440.203 ms
(10 rows)

===== 240 [Wed Mar  7 05:53:19 CET 2018] scale:10000000 groups:1000 work_mem:8MB incremental:off max_workers:0 =====
SELECT * FROM (SELECT * FROM s_4 ORDER BY a, b, c, d) foo ORDER BY a, b, c, d, e
                                                             QUERY PLAN                                                              
-------------------------------------------------------------------------------------------------------------------------------------
 Limit  (cost=3559389.89..3559389.89 rows=1 width=20) (actual time=7043.380..7043.380 rows=0 loops=1)
   ->  Sort  (cost=3434389.22..3459389.35 rows=10000054 width=20) (actual time=5990.056..6824.630 rows=10000000 loops=1)
         Sort Key: s_4.a, s_4.b, s_4.c, s_4.d, s_4.e
         Sort Method: external merge  Disk: 293608kB
         ->  Sort  (cost=1736542.04..1761542.18 rows=10000054 width=20) (actual time=2849.361..3788.856 rows=10000000 loops=1)
               Sort Key: s_4.a, s_4.b, s_4.c, s_4.d
               Sort Method: external merge  Disk: 293608kB
               ->  Seq Scan on s_4  (cost=0.00..163695.54 rows=10000054 width=20) (actual time=0.035..638.099 rows=10000000 loops=1)
 Planning time: 0.242 ms
 Execution time: 7105.990 ms
(10 rows)

===== 241 [Wed Mar  7 05:53:55 CET 2018] scale:10000000 groups:1000 work_mem:16MB incremental:on max_workers:0 =====
SELECT * FROM (SELECT * FROM s_1 ORDER BY a) foo ORDER BY a, b
                                                             QUERY PLAN                                                             
------------------------------------------------------------------------------------------------------------------------------------
 Limit  (cost=2595767.30..2595767.30 rows=1 width=20) (actual time=6344.112..6344.112 rows=0 loops=1)
   ->  Incremental Sort  (cost=1532229.21..2495767.91 rows=9999939 width=20) (actual time=1893.820..6092.158 rows=10000000 loops=1)
         Sort Key: s_1.a, s_1.b
         Presorted Key: s_1.a
         Sort Method: quicksort  Memory: 1192kB
         Sort Groups: 1001
         ->  Sort  (cost=1531440.69..1556440.54 rows=9999939 width=20) (actual time=1891.894..2830.233 rows=10000000 loops=1)
               Sort Key: s_1.a
               Sort Method: external merge  Disk: 293904kB
               ->  Seq Scan on s_1  (cost=0.00..163694.39 rows=9999939 width=20) (actual time=0.026..638.528 rows=10000000 loops=1)
 Planning time: 0.232 ms
 Execution time: 6373.809 ms
(12 rows)

===== 242 [Wed Mar  7 05:54:26 CET 2018] scale:10000000 groups:1000 work_mem:16MB incremental:on max_workers:0 =====
SELECT * FROM (SELECT * FROM s_2 ORDER BY a, b) foo ORDER BY a, b, c
                                                             QUERY PLAN                                                             
------------------------------------------------------------------------------------------------------------------------------------
 Limit  (cost=2117533.52..2117533.52 rows=1 width=20) (actual time=5636.526..5636.526 rows=0 loops=1)
   ->  Incremental Sort  (cost=1531440.98..2017534.13 rows=9999939 width=20) (actual time=2029.859..5380.379 rows=10000000 loops=1)
         Sort Key: s_2.a, s_2.b, s_2.c
         Presorted Key: s_2.a, s_2.b
         Sort Method: quicksort  Memory: 29kB
         Sort Groups: 270377
         ->  Sort  (cost=1531440.69..1556440.54 rows=9999939 width=20) (actual time=2029.804..3013.455 rows=10000000 loops=1)
               Sort Key: s_2.a, s_2.b
               Sort Method: external merge  Disk: 293904kB
               ->  Seq Scan on s_2  (cost=0.00..163694.39 rows=9999939 width=20) (actual time=0.031..635.318 rows=10000000 loops=1)
 Planning time: 0.241 ms
 Execution time: 5670.227 ms
(12 rows)

===== 243 [Wed Mar  7 05:54:53 CET 2018] scale:10000000 groups:1000 work_mem:16MB incremental:on max_workers:0 =====
SELECT * FROM (SELECT * FROM s_3 ORDER BY a, b, c) foo ORDER BY a, b, c, d
                                                             QUERY PLAN                                                             
------------------------------------------------------------------------------------------------------------------------------------
 Limit  (cost=2117533.52..2117533.52 rows=1 width=20) (actual time=4756.994..4756.994 rows=0 loops=1)
   ->  Incremental Sort  (cost=1531440.98..2017534.13 rows=9999939 width=20) (actual time=2099.309..4502.459 rows=10000000 loops=1)
         Sort Key: s_3.a, s_3.b, s_3.c, s_3.d
         Presorted Key: s_3.a, s_3.b, s_3.c
         Sort Method: quicksort  Memory: 27kB
         Sort Groups: 312451
         ->  Sort  (cost=1531440.69..1556440.54 rows=9999939 width=20) (actual time=2099.255..3090.104 rows=10000000 loops=1)
               Sort Key: s_3.a, s_3.b, s_3.c
               Sort Method: external merge  Disk: 293904kB
               ->  Seq Scan on s_3  (cost=0.00..163694.39 rows=9999939 width=20) (actual time=0.031..638.707 rows=10000000 loops=1)
 Planning time: 0.244 ms
 Execution time: 4790.999 ms
(12 rows)

===== 244 [Wed Mar  7 05:55:14 CET 2018] scale:10000000 groups:1000 work_mem:16MB incremental:on max_workers:0 =====
SELECT * FROM (SELECT * FROM s_4 ORDER BY a, b, c, d) foo ORDER BY a, b, c, d, e
                                                             QUERY PLAN                                                              
-------------------------------------------------------------------------------------------------------------------------------------
 Limit  (cost=2117559.13..2117559.13 rows=1 width=20) (actual time=4580.268..4580.268 rows=0 loops=1)
   ->  Incremental Sort  (cost=1531459.83..2017558.59 rows=10000054 width=20) (actual time=2088.388..4354.383 rows=10000000 loops=1)
         Sort Key: s_4.a, s_4.b, s_4.c, s_4.d, s_4.e
         Presorted Key: s_4.a, s_4.b, s_4.c, s_4.d
         Sort Method: quicksort  Memory: 27kB
         Sort Groups: 312500
         ->  Sort  (cost=1531459.54..1556459.68 rows=10000054 width=20) (actual time=2088.333..3080.074 rows=10000000 loops=1)
               Sort Key: s_4.a, s_4.b, s_4.c, s_4.d
               Sort Method: external merge  Disk: 293904kB
               ->  Seq Scan on s_4  (cost=0.00..163695.54 rows=10000054 width=20) (actual time=0.031..637.246 rows=10000000 loops=1)
 Planning time: 0.250 ms
 Execution time: 4613.986 ms
(12 rows)

===== 245 [Wed Mar  7 05:55:34 CET 2018] scale:10000000 groups:1000 work_mem:16MB incremental:off max_workers:0 =====
SELECT * FROM (SELECT * FROM s_1 ORDER BY a) foo ORDER BY a, b
                                                             QUERY PLAN                                                             
------------------------------------------------------------------------------------------------------------------------------------
 Limit  (cost=3149185.47..3149185.47 rows=1 width=20) (actual time=7684.869..7684.869 rows=0 loops=1)
   ->  Sort  (cost=3024186.23..3049186.08 rows=9999939 width=20) (actual time=6636.982..7466.550 rows=10000000 loops=1)
         Sort Key: s_1.a, s_1.b
         Sort Method: external merge  Disk: 293904kB
         ->  Sort  (cost=1531440.69..1556440.54 rows=9999939 width=20) (actual time=1882.557..2813.300 rows=10000000 loops=1)
               Sort Key: s_1.a
               Sort Method: external merge  Disk: 293904kB
               ->  Seq Scan on s_1  (cost=0.00..163694.39 rows=9999939 width=20) (actual time=0.026..637.249 rows=10000000 loops=1)
 Planning time: 0.238 ms
 Execution time: 7746.128 ms
(10 rows)

===== 246 [Wed Mar  7 05:56:15 CET 2018] scale:10000000 groups:1000 work_mem:16MB incremental:off max_workers:0 =====
SELECT * FROM (SELECT * FROM s_2 ORDER BY a, b) foo ORDER BY a, b, c
                                                             QUERY PLAN                                                             
------------------------------------------------------------------------------------------------------------------------------------
 Limit  (cost=3149185.47..3149185.47 rows=1 width=20) (actual time=7988.476..7988.476 rows=0 loops=1)
   ->  Sort  (cost=3024186.23..3049186.08 rows=9999939 width=20) (actual time=6947.462..7770.307 rows=10000000 loops=1)
         Sort Key: s_2.a, s_2.b, s_2.c
         Sort Method: external merge  Disk: 293904kB
         ->  Sort  (cost=1531440.69..1556440.54 rows=9999939 width=20) (actual time=2027.638..2961.713 rows=10000000 loops=1)
               Sort Key: s_2.a, s_2.b
               Sort Method: external merge  Disk: 293904kB
               ->  Seq Scan on s_2  (cost=0.00..163694.39 rows=9999939 width=20) (actual time=0.030..635.748 rows=10000000 loops=1)
 Planning time: 0.231 ms
 Execution time: 8042.149 ms
(10 rows)

===== 247 [Wed Mar  7 05:56:57 CET 2018] scale:10000000 groups:1000 work_mem:16MB incremental:off max_workers:0 =====
SELECT * FROM (SELECT * FROM s_3 ORDER BY a, b, c) foo ORDER BY a, b, c, d
                                                             QUERY PLAN                                                             
------------------------------------------------------------------------------------------------------------------------------------
 Limit  (cost=3149185.47..3149185.47 rows=1 width=20) (actual time=6919.025..6919.025 rows=0 loops=1)
   ->  Sort  (cost=3024186.23..3049186.08 rows=9999939 width=20) (actual time=5877.691..6700.903 rows=10000000 loops=1)
         Sort Key: s_3.a, s_3.b, s_3.c, s_3.d
         Sort Method: external merge  Disk: 293904kB
         ->  Sort  (cost=1531440.69..1556440.54 rows=9999939 width=20) (actual time=2084.162..3017.422 rows=10000000 loops=1)
               Sort Key: s_3.a, s_3.b, s_3.c
               Sort Method: external merge  Disk: 293904kB
               ->  Seq Scan on s_3  (cost=0.00..163694.39 rows=9999939 width=20) (actual time=0.031..637.699 rows=10000000 loops=1)
 Planning time: 0.240 ms
 Execution time: 6980.624 ms
(10 rows)

===== 248 [Wed Mar  7 05:57:33 CET 2018] scale:10000000 groups:1000 work_mem:16MB incremental:off max_workers:0 =====
SELECT * FROM (SELECT * FROM s_4 ORDER BY a, b, c, d) foo ORDER BY a, b, c, d, e
                                                             QUERY PLAN                                                              
-------------------------------------------------------------------------------------------------------------------------------------
 Limit  (cost=3149224.89..3149224.89 rows=1 width=20) (actual time=5547.079..5547.079 rows=0 loops=1)
   ->  Sort  (cost=3024224.22..3049224.35 rows=10000054 width=20) (actual time=4499.723..5328.896 rows=10000000 loops=1)
         Sort Key: s_4.a, s_4.b, s_4.c, s_4.d, s_4.e
         Sort Method: external merge  Disk: 293904kB
         ->  Sort  (cost=1531459.54..1556459.68 rows=10000054 width=20) (actual time=2090.174..3023.670 rows=10000000 loops=1)
               Sort Key: s_4.a, s_4.b, s_4.c, s_4.d
               Sort Method: external merge  Disk: 293904kB
               ->  Seq Scan on s_4  (cost=0.00..163695.54 rows=10000054 width=20) (actual time=0.034..634.687 rows=10000000 loops=1)
 Planning time: 0.247 ms
 Execution time: 5608.739 ms
(10 rows)

===== 249 [Wed Mar  7 05:58:00 CET 2018] scale:10000000 groups:1000 work_mem:32MB incremental:on max_workers:0 =====
SELECT * FROM (SELECT * FROM s_1 ORDER BY a) foo ORDER BY a, b
                                                             QUERY PLAN                                                             
------------------------------------------------------------------------------------------------------------------------------------
 Limit  (cost=2595767.30..2595767.30 rows=1 width=20) (actual time=6293.345..6293.345 rows=0 loops=1)
   ->  Incremental Sort  (cost=1532229.21..2495767.91 rows=9999939 width=20) (actual time=1856.455..6041.471 rows=10000000 loops=1)
         Sort Key: s_1.a, s_1.b
         Presorted Key: s_1.a
         Sort Method: quicksort  Memory: 1192kB
         Sort Groups: 1001
         ->  Sort  (cost=1531440.69..1556440.54 rows=9999939 width=20) (actual time=1854.411..2787.803 rows=10000000 loops=1)
               Sort Key: s_1.a
               Sort Method: external merge  Disk: 293576kB
               ->  Seq Scan on s_1  (cost=0.00..163694.39 rows=9999939 width=20) (actual time=0.026..638.282 rows=10000000 loops=1)
 Planning time: 0.237 ms
 Execution time: 6327.964 ms
(12 rows)

===== 250 [Wed Mar  7 05:58:31 CET 2018] scale:10000000 groups:1000 work_mem:32MB incremental:on max_workers:0 =====
SELECT * FROM (SELECT * FROM s_2 ORDER BY a, b) foo ORDER BY a, b, c
                                                             QUERY PLAN                                                             
------------------------------------------------------------------------------------------------------------------------------------
 Limit  (cost=2117533.52..2117533.52 rows=1 width=20) (actual time=5602.210..5602.210 rows=0 loops=1)
   ->  Incremental Sort  (cost=1531440.98..2017534.13 rows=9999939 width=20) (actual time=1993.813..5346.204 rows=10000000 loops=1)
         Sort Key: s_2.a, s_2.b, s_2.c
         Presorted Key: s_2.a, s_2.b
         Sort Method: quicksort  Memory: 29kB
         Sort Groups: 270377
         ->  Sort  (cost=1531440.69..1556440.54 rows=9999939 width=20) (actual time=1993.758..2974.702 rows=10000000 loops=1)
               Sort Key: s_2.a, s_2.b
               Sort Method: external merge  Disk: 293576kB
               ->  Seq Scan on s_2  (cost=0.00..163694.39 rows=9999939 width=20) (actual time=0.031..635.192 rows=10000000 loops=1)
 Planning time: 0.235 ms
 Execution time: 5636.874 ms
(12 rows)

===== 251 [Wed Mar  7 05:58:57 CET 2018] scale:10000000 groups:1000 work_mem:32MB incremental:on max_workers:0 =====
SELECT * FROM (SELECT * FROM s_3 ORDER BY a, b, c) foo ORDER BY a, b, c, d
                                                             QUERY PLAN                                                             
------------------------------------------------------------------------------------------------------------------------------------
 Limit  (cost=2117533.52..2117533.52 rows=1 width=20) (actual time=4725.377..4725.377 rows=0 loops=1)
   ->  Incremental Sort  (cost=1531440.98..2017534.13 rows=9999939 width=20) (actual time=2084.597..4471.327 rows=10000000 loops=1)
         Sort Key: s_3.a, s_3.b, s_3.c, s_3.d
         Presorted Key: s_3.a, s_3.b, s_3.c
         Sort Method: quicksort  Memory: 27kB
         Sort Groups: 312451
         ->  Sort  (cost=1531440.69..1556440.54 rows=9999939 width=20) (actual time=2084.541..3069.284 rows=10000000 loops=1)
               Sort Key: s_3.a, s_3.b, s_3.c
               Sort Method: external merge  Disk: 293576kB
               ->  Seq Scan on s_3  (cost=0.00..163694.39 rows=9999939 width=20) (actual time=0.032..638.144 rows=10000000 loops=1)
 Planning time: 0.244 ms
 Execution time: 4759.827 ms
(12 rows)

===== 252 [Wed Mar  7 05:59:18 CET 2018] scale:10000000 groups:1000 work_mem:32MB incremental:on max_workers:0 =====
SELECT * FROM (SELECT * FROM s_4 ORDER BY a, b, c, d) foo ORDER BY a, b, c, d, e
                                                             QUERY PLAN                                                              
-------------------------------------------------------------------------------------------------------------------------------------
 Limit  (cost=2117559.13..2117559.13 rows=1 width=20) (actual time=4556.687..4556.687 rows=0 loops=1)
   ->  Incremental Sort  (cost=1531459.83..2017558.59 rows=10000054 width=20) (actual time=2061.918..4331.054 rows=10000000 loops=1)
         Sort Key: s_4.a, s_4.b, s_4.c, s_4.d, s_4.e
         Presorted Key: s_4.a, s_4.b, s_4.c, s_4.d
         Sort Method: quicksort  Memory: 27kB
         Sort Groups: 312500
         ->  Sort  (cost=1531459.54..1556459.68 rows=10000054 width=20) (actual time=2061.863..3050.151 rows=10000000 loops=1)
               Sort Key: s_4.a, s_4.b, s_4.c, s_4.d
               Sort Method: external merge  Disk: 293576kB
               ->  Seq Scan on s_4  (cost=0.00..163695.54 rows=10000054 width=20) (actual time=0.031..633.630 rows=10000000 loops=1)
 Planning time: 0.249 ms
 Execution time: 4591.041 ms
(12 rows)

===== 253 [Wed Mar  7 05:59:39 CET 2018] scale:10000000 groups:1000 work_mem:32MB incremental:off max_workers:0 =====
SELECT * FROM (SELECT * FROM s_1 ORDER BY a) foo ORDER BY a, b
                                                             QUERY PLAN                                                             
------------------------------------------------------------------------------------------------------------------------------------
 Limit  (cost=3149185.47..3149185.47 rows=1 width=20) (actual time=7699.275..7699.275 rows=0 loops=1)
   ->  Sort  (cost=3024186.23..3049186.08 rows=9999939 width=20) (actual time=6658.148..7481.508 rows=10000000 loops=1)
         Sort Key: s_1.a, s_1.b
         Sort Method: external merge  Disk: 293576kB
         ->  Sort  (cost=1531440.69..1556440.54 rows=9999939 width=20) (actual time=1847.678..2780.145 rows=10000000 loops=1)
               Sort Key: s_1.a
               Sort Method: external merge  Disk: 293576kB
               ->  Seq Scan on s_1  (cost=0.00..163694.39 rows=9999939 width=20) (actual time=0.026..636.749 rows=10000000 loops=1)
 Planning time: 0.227 ms
 Execution time: 7762.090 ms
(10 rows)

===== 254 [Wed Mar  7 06:00:19 CET 2018] scale:10000000 groups:1000 work_mem:32MB incremental:off max_workers:0 =====
SELECT * FROM (SELECT * FROM s_2 ORDER BY a, b) foo ORDER BY a, b, c
                                                             QUERY PLAN                                                             
------------------------------------------------------------------------------------------------------------------------------------
 Limit  (cost=3149185.47..3149185.47 rows=1 width=20) (actual time=7930.158..7930.158 rows=0 loops=1)
   ->  Sort  (cost=3024186.23..3049186.08 rows=9999939 width=20) (actual time=6892.365..7712.522 rows=10000000 loops=1)
         Sort Key: s_2.a, s_2.b, s_2.c
         Sort Method: external merge  Disk: 293576kB
         ->  Sort  (cost=1531440.69..1556440.54 rows=9999939 width=20) (actual time=1986.766..2920.650 rows=10000000 loops=1)
               Sort Key: s_2.a, s_2.b
               Sort Method: external merge  Disk: 293576kB
               ->  Seq Scan on s_2  (cost=0.00..163694.39 rows=9999939 width=20) (actual time=0.030..633.395 rows=10000000 loops=1)
 Planning time: 0.224 ms
 Execution time: 7993.375 ms
(10 rows)

===== 255 [Wed Mar  7 06:01:01 CET 2018] scale:10000000 groups:1000 work_mem:32MB incremental:off max_workers:0 =====
SELECT * FROM (SELECT * FROM s_3 ORDER BY a, b, c) foo ORDER BY a, b, c, d
                                                             QUERY PLAN                                                             
------------------------------------------------------------------------------------------------------------------------------------
 Limit  (cost=3149185.47..3149185.47 rows=1 width=20) (actual time=6921.033..6921.033 rows=0 loops=1)
   ->  Sort  (cost=3024186.23..3049186.08 rows=9999939 width=20) (actual time=5883.543..6703.452 rows=10000000 loops=1)
         Sort Key: s_3.a, s_3.b, s_3.c, s_3.d
         Sort Method: external merge  Disk: 293576kB
         ->  Sort  (cost=1531440.69..1556440.54 rows=9999939 width=20) (actual time=2050.604..2985.190 rows=10000000 loops=1)
               Sort Key: s_3.a, s_3.b, s_3.c
               Sort Method: external merge  Disk: 293576kB
               ->  Seq Scan on s_3  (cost=0.00..163694.39 rows=9999939 width=20) (actual time=0.032..637.767 rows=10000000 loops=1)
 Planning time: 0.236 ms
 Execution time: 6983.904 ms
(10 rows)

===== 256 [Wed Mar  7 06:01:37 CET 2018] scale:10000000 groups:1000 work_mem:32MB incremental:off max_workers:0 =====
SELECT * FROM (SELECT * FROM s_4 ORDER BY a, b, c, d) foo ORDER BY a, b, c, d, e
                                                             QUERY PLAN                                                              
-------------------------------------------------------------------------------------------------------------------------------------
 Limit  (cost=3149224.89..3149224.89 rows=1 width=20) (actual time=5518.647..5518.647 rows=0 loops=1)
   ->  Sort  (cost=3024224.22..3049224.35 rows=10000054 width=20) (actual time=4474.890..5301.260 rows=10000000 loops=1)
         Sort Key: s_4.a, s_4.b, s_4.c, s_4.d, s_4.e
         Sort Method: external merge  Disk: 293576kB
         ->  Sort  (cost=1531459.54..1556459.68 rows=10000054 width=20) (actual time=2050.660..2978.688 rows=10000000 loops=1)
               Sort Key: s_4.a, s_4.b, s_4.c, s_4.d
               Sort Method: external merge  Disk: 293576kB
               ->  Seq Scan on s_4  (cost=0.00..163695.54 rows=10000054 width=20) (actual time=0.035..634.886 rows=10000000 loops=1)
 Planning time: 0.240 ms
 Execution time: 5581.734 ms
(10 rows)

===== 257 [Wed Mar  7 06:02:04 CET 2018] scale:10000000 groups:1000 work_mem:64MB incremental:on max_workers:0 =====
SELECT * FROM (SELECT * FROM s_1 ORDER BY a) foo ORDER BY a, b
                                                             QUERY PLAN                                                             
------------------------------------------------------------------------------------------------------------------------------------
 Limit  (cost=2595767.30..2595767.30 rows=1 width=20) (actual time=6386.794..6386.794 rows=0 loops=1)
   ->  Incremental Sort  (cost=1532229.21..2495767.91 rows=9999939 width=20) (actual time=1895.110..6135.277 rows=10000000 loops=1)
         Sort Key: s_1.a, s_1.b
         Presorted Key: s_1.a
         Sort Method: quicksort  Memory: 1192kB
         Sort Groups: 1001
         ->  Sort  (cost=1531440.69..1556440.54 rows=9999939 width=20) (actual time=1893.252..2847.972 rows=10000000 loops=1)
               Sort Key: s_1.a
               Sort Method: external merge  Disk: 293648kB
               ->  Seq Scan on s_1  (cost=0.00..163694.39 rows=9999939 width=20) (actual time=0.026..638.207 rows=10000000 loops=1)
 Planning time: 0.225 ms
 Execution time: 6419.853 ms
(12 rows)

===== 258 [Wed Mar  7 06:02:35 CET 2018] scale:10000000 groups:1000 work_mem:64MB incremental:on max_workers:0 =====
SELECT * FROM (SELECT * FROM s_2 ORDER BY a, b) foo ORDER BY a, b, c
                                                             QUERY PLAN                                                             
------------------------------------------------------------------------------------------------------------------------------------
 Limit  (cost=2117533.52..2117533.52 rows=1 width=20) (actual time=5676.937..5676.937 rows=0 loops=1)
   ->  Incremental Sort  (cost=1531440.98..2017534.13 rows=9999939 width=20) (actual time=2028.390..5421.112 rows=10000000 loops=1)
         Sort Key: s_2.a, s_2.b, s_2.c
         Presorted Key: s_2.a, s_2.b
         Sort Method: quicksort  Memory: 29kB
         Sort Groups: 270377
         ->  Sort  (cost=1531440.69..1556440.54 rows=9999939 width=20) (actual time=2028.333..3025.349 rows=10000000 loops=1)
               Sort Key: s_2.a, s_2.b
               Sort Method: external merge  Disk: 293648kB
               ->  Seq Scan on s_2  (cost=0.00..163694.39 rows=9999939 width=20) (actual time=0.031..635.570 rows=10000000 loops=1)
 Planning time: 0.234 ms
 Execution time: 5712.895 ms
(12 rows)

===== 259 [Wed Mar  7 06:03:02 CET 2018] scale:10000000 groups:1000 work_mem:64MB incremental:on max_workers:0 =====
SELECT * FROM (SELECT * FROM s_3 ORDER BY a, b, c) foo ORDER BY a, b, c, d
                                                             QUERY PLAN                                                             
------------------------------------------------------------------------------------------------------------------------------------
 Limit  (cost=2117533.52..2117533.52 rows=1 width=20) (actual time=4750.752..4750.752 rows=0 loops=1)
   ->  Incremental Sort  (cost=1531440.98..2017534.13 rows=9999939 width=20) (actual time=2099.551..4496.486 rows=10000000 loops=1)
         Sort Key: s_3.a, s_3.b, s_3.c, s_3.d
         Presorted Key: s_3.a, s_3.b, s_3.c
         Sort Method: quicksort  Memory: 27kB
         Sort Groups: 312451
         ->  Sort  (cost=1531440.69..1556440.54 rows=9999939 width=20) (actual time=2099.498..3089.704 rows=10000000 loops=1)
               Sort Key: s_3.a, s_3.b, s_3.c
               Sort Method: external merge  Disk: 293648kB
               ->  Seq Scan on s_3  (cost=0.00..163694.39 rows=9999939 width=20) (actual time=0.032..638.763 rows=10000000 loops=1)
 Planning time: 0.247 ms
 Execution time: 4786.620 ms
(12 rows)

===== 260 [Wed Mar  7 06:03:23 CET 2018] scale:10000000 groups:1000 work_mem:64MB incremental:on max_workers:0 =====
SELECT * FROM (SELECT * FROM s_4 ORDER BY a, b, c, d) foo ORDER BY a, b, c, d, e
                                                             QUERY PLAN                                                              
-------------------------------------------------------------------------------------------------------------------------------------
 Limit  (cost=2117559.13..2117559.13 rows=1 width=20) (actual time=4584.640..4584.640 rows=0 loops=1)
   ->  Incremental Sort  (cost=1531459.83..2017558.59 rows=10000054 width=20) (actual time=2089.777..4358.884 rows=10000000 loops=1)
         Sort Key: s_4.a, s_4.b, s_4.c, s_4.d, s_4.e
         Presorted Key: s_4.a, s_4.b, s_4.c, s_4.d
         Sort Method: quicksort  Memory: 27kB
         Sort Groups: 312500
         ->  Sort  (cost=1531459.54..1556459.68 rows=10000054 width=20) (actual time=2089.721..3081.419 rows=10000000 loops=1)
               Sort Key: s_4.a, s_4.b, s_4.c, s_4.d
               Sort Method: external merge  Disk: 293648kB
               ->  Seq Scan on s_4  (cost=0.00..163695.54 rows=10000054 width=20) (actual time=0.031..635.131 rows=10000000 loops=1)
 Planning time: 0.248 ms
 Execution time: 4620.630 ms
(12 rows)

===== 261 [Wed Mar  7 06:03:44 CET 2018] scale:10000000 groups:1000 work_mem:64MB incremental:off max_workers:0 =====
SELECT * FROM (SELECT * FROM s_1 ORDER BY a) foo ORDER BY a, b
                                                             QUERY PLAN                                                             
------------------------------------------------------------------------------------------------------------------------------------
 Limit  (cost=3149185.47..3149185.47 rows=1 width=20) (actual time=7946.617..7946.617 rows=0 loops=1)
   ->  Sort  (cost=3024186.23..3049186.08 rows=9999939 width=20) (actual time=6902.119..7728.705 rows=10000000 loops=1)
         Sort Key: s_1.a, s_1.b
         Sort Method: external merge  Disk: 293648kB
         ->  Sort  (cost=1531440.69..1556440.54 rows=9999939 width=20) (actual time=1878.308..2841.025 rows=10000000 loops=1)
               Sort Key: s_1.a
               Sort Method: external merge  Disk: 293648kB
               ->  Seq Scan on s_1  (cost=0.00..163694.39 rows=9999939 width=20) (actual time=0.026..637.859 rows=10000000 loops=1)
 Planning time: 0.224 ms
 Execution time: 8000.956 ms
(10 rows)

===== 262 [Wed Mar  7 06:04:25 CET 2018] scale:10000000 groups:1000 work_mem:64MB incremental:off max_workers:0 =====
SELECT * FROM (SELECT * FROM s_2 ORDER BY a, b) foo ORDER BY a, b, c
                                                             QUERY PLAN                                                             
------------------------------------------------------------------------------------------------------------------------------------
 Limit  (cost=3149185.47..3149185.47 rows=1 width=20) (actual time=8111.625..8111.625 rows=0 loops=1)
   ->  Sort  (cost=3024186.23..3049186.08 rows=9999939 width=20) (actual time=7069.442..7894.031 rows=10000000 loops=1)
         Sort Key: s_2.a, s_2.b, s_2.c
         Sort Method: external merge  Disk: 293648kB
         ->  Sort  (cost=1531440.69..1556440.54 rows=9999939 width=20) (actual time=2016.361..2980.082 rows=10000000 loops=1)
               Sort Key: s_2.a, s_2.b
               Sort Method: external merge  Disk: 293648kB
               ->  Seq Scan on s_2  (cost=0.00..163694.39 rows=9999939 width=20) (actual time=0.031..636.122 rows=10000000 loops=1)
 Planning time: 0.228 ms
 Execution time: 8173.111 ms
(10 rows)

===== 263 [Wed Mar  7 06:05:08 CET 2018] scale:10000000 groups:1000 work_mem:64MB incremental:off max_workers:0 =====
SELECT * FROM (SELECT * FROM s_3 ORDER BY a, b, c) foo ORDER BY a, b, c, d
                                                             QUERY PLAN                                                             
------------------------------------------------------------------------------------------------------------------------------------
 Limit  (cost=3149185.47..3149185.47 rows=1 width=20) (actual time=7107.586..7107.586 rows=0 loops=1)
   ->  Sort  (cost=3024186.23..3049186.08 rows=9999939 width=20) (actual time=6065.414..6890.017 rows=10000000 loops=1)
         Sort Key: s_3.a, s_3.b, s_3.c, s_3.d
         Sort Method: external merge  Disk: 293648kB
         ->  Sort  (cost=1531440.69..1556440.54 rows=9999939 width=20) (actual time=2084.183..3047.762 rows=10000000 loops=1)
               Sort Key: s_3.a, s_3.b, s_3.c
               Sort Method: external merge  Disk: 293648kB
               ->  Seq Scan on s_3  (cost=0.00..163694.39 rows=9999939 width=20) (actual time=0.032..638.853 rows=10000000 loops=1)
 Planning time: 0.232 ms
 Execution time: 7168.935 ms
(10 rows)

===== 264 [Wed Mar  7 06:05:44 CET 2018] scale:10000000 groups:1000 work_mem:64MB incremental:off max_workers:0 =====
SELECT * FROM (SELECT * FROM s_4 ORDER BY a, b, c, d) foo ORDER BY a, b, c, d, e
                                                             QUERY PLAN                                                              
-------------------------------------------------------------------------------------------------------------------------------------
 Limit  (cost=3149224.89..3149224.89 rows=1 width=20) (actual time=5716.373..5716.373 rows=0 loops=1)
   ->  Sort  (cost=3024224.22..3049224.35 rows=10000054 width=20) (actual time=4674.992..5499.311 rows=10000000 loops=1)
         Sort Key: s_4.a, s_4.b, s_4.c, s_4.d, s_4.e
         Sort Method: external merge  Disk: 293648kB
         ->  Sort  (cost=1531459.54..1556459.68 rows=10000054 width=20) (actual time=2083.735..3018.043 rows=10000000 loops=1)
               Sort Key: s_4.a, s_4.b, s_4.c, s_4.d
               Sort Method: external merge  Disk: 293648kB
               ->  Seq Scan on s_4  (cost=0.00..163695.54 rows=10000054 width=20) (actual time=0.035..635.136 rows=10000000 loops=1)
 Planning time: 0.239 ms
 Execution time: 5777.862 ms
(10 rows)

===== 265 [Wed Mar  7 06:06:13 CET 2018] scale:10000000 groups:1000 work_mem:128MB incremental:on max_workers:0 =====
SELECT * FROM (SELECT * FROM s_1 ORDER BY a) foo ORDER BY a, b
                                                             QUERY PLAN                                                             
------------------------------------------------------------------------------------------------------------------------------------
 Limit  (cost=2595767.30..2595767.30 rows=1 width=20) (actual time=6399.484..6399.484 rows=0 loops=1)
   ->  Incremental Sort  (cost=1532229.21..2495767.91 rows=9999939 width=20) (actual time=1957.703..6147.926 rows=10000000 loops=1)
         Sort Key: s_1.a, s_1.b
         Presorted Key: s_1.a
         Sort Method: quicksort  Memory: 1192kB
         Sort Groups: 1001
         ->  Sort  (cost=1531440.69..1556440.54 rows=9999939 width=20) (actual time=1955.843..2878.424 rows=10000000 loops=1)
               Sort Key: s_1.a
               Sort Method: external merge  Disk: 293568kB
               ->  Seq Scan on s_1  (cost=0.00..163694.39 rows=9999939 width=20) (actual time=0.026..642.580 rows=10000000 loops=1)
 Planning time: 0.229 ms
 Execution time: 6438.104 ms
(12 rows)

===== 266 [Wed Mar  7 06:06:44 CET 2018] scale:10000000 groups:1000 work_mem:128MB incremental:on max_workers:0 =====
SELECT * FROM (SELECT * FROM s_2 ORDER BY a, b) foo ORDER BY a, b, c
                                                             QUERY PLAN                                                             
------------------------------------------------------------------------------------------------------------------------------------
 Limit  (cost=2117533.52..2117533.52 rows=1 width=20) (actual time=5690.686..5690.686 rows=0 loops=1)
   ->  Incremental Sort  (cost=1531440.98..2017534.13 rows=9999939 width=20) (actual time=2094.601..5434.699 rows=10000000 loops=1)
         Sort Key: s_2.a, s_2.b, s_2.c
         Presorted Key: s_2.a, s_2.b
         Sort Method: quicksort  Memory: 29kB
         Sort Groups: 270377
         ->  Sort  (cost=1531440.69..1556440.54 rows=9999939 width=20) (actual time=2094.545..3064.883 rows=10000000 loops=1)
               Sort Key: s_2.a, s_2.b
               Sort Method: external merge  Disk: 293568kB
               ->  Seq Scan on s_2  (cost=0.00..163694.39 rows=9999939 width=20) (actual time=0.031..639.615 rows=10000000 loops=1)
 Planning time: 0.239 ms
 Execution time: 5729.186 ms
(12 rows)

===== 267 [Wed Mar  7 06:07:11 CET 2018] scale:10000000 groups:1000 work_mem:128MB incremental:on max_workers:0 =====
SELECT * FROM (SELECT * FROM s_3 ORDER BY a, b, c) foo ORDER BY a, b, c, d
                                                             QUERY PLAN                                                             
------------------------------------------------------------------------------------------------------------------------------------
 Limit  (cost=2117533.52..2117533.52 rows=1 width=20) (actual time=4816.035..4816.035 rows=0 loops=1)
   ->  Incremental Sort  (cost=1531440.98..2017534.13 rows=9999939 width=20) (actual time=2160.137..4561.577 rows=10000000 loops=1)
         Sort Key: s_3.a, s_3.b, s_3.c, s_3.d
         Presorted Key: s_3.a, s_3.b, s_3.c
         Sort Method: quicksort  Memory: 27kB
         Sort Groups: 312451
         ->  Sort  (cost=1531440.69..1556440.54 rows=9999939 width=20) (actual time=2160.073..3140.567 rows=10000000 loops=1)
               Sort Key: s_3.a, s_3.b, s_3.c
               Sort Method: external merge  Disk: 293568kB
               ->  Seq Scan on s_3  (cost=0.00..163694.39 rows=9999939 width=20) (actual time=0.031..641.795 rows=10000000 loops=1)
 Planning time: 0.244 ms
 Execution time: 4854.700 ms
(12 rows)

===== 268 [Wed Mar  7 06:07:33 CET 2018] scale:10000000 groups:1000 work_mem:128MB incremental:on max_workers:0 =====
SELECT * FROM (SELECT * FROM s_4 ORDER BY a, b, c, d) foo ORDER BY a, b, c, d, e
                                                             QUERY PLAN                                                              
-------------------------------------------------------------------------------------------------------------------------------------
 Limit  (cost=2117559.13..2117559.13 rows=1 width=20) (actual time=4722.276..4722.276 rows=0 loops=1)
   ->  Incremental Sort  (cost=1531459.83..2017558.59 rows=10000054 width=20) (actual time=2221.165..4496.545 rows=10000000 loops=1)
         Sort Key: s_4.a, s_4.b, s_4.c, s_4.d, s_4.e
         Presorted Key: s_4.a, s_4.b, s_4.c, s_4.d
         Sort Method: quicksort  Memory: 27kB
         Sort Groups: 312500
         ->  Sort  (cost=1531459.54..1556459.68 rows=10000054 width=20) (actual time=2221.112..3205.118 rows=10000000 loops=1)
               Sort Key: s_4.a, s_4.b, s_4.c, s_4.d
               Sort Method: external merge  Disk: 293568kB
               ->  Seq Scan on s_4  (cost=0.00..163695.54 rows=10000054 width=20) (actual time=0.031..633.237 rows=10000000 loops=1)
 Planning time: 0.251 ms
 Execution time: 4760.911 ms
(12 rows)

===== 269 [Wed Mar  7 06:07:54 CET 2018] scale:10000000 groups:1000 work_mem:128MB incremental:off max_workers:0 =====
SELECT * FROM (SELECT * FROM s_1 ORDER BY a) foo ORDER BY a, b
                                                             QUERY PLAN                                                             
------------------------------------------------------------------------------------------------------------------------------------
 Limit  (cost=3149185.47..3149185.47 rows=1 width=20) (actual time=7992.208..7992.208 rows=0 loops=1)
   ->  Sort  (cost=3024186.23..3049186.08 rows=9999939 width=20) (actual time=6955.021..7774.604 rows=10000000 loops=1)
         Sort Key: s_1.a, s_1.b
         Sort Method: external merge  Disk: 293568kB
         ->  Sort  (cost=1531440.69..1556440.54 rows=9999939 width=20) (actual time=1946.569..2865.204 rows=10000000 loops=1)
               Sort Key: s_1.a
               Sort Method: external merge  Disk: 293568kB
               ->  Seq Scan on s_1  (cost=0.00..163694.39 rows=9999939 width=20) (actual time=0.031..641.021 rows=10000000 loops=1)
 Planning time: 0.228 ms
 Execution time: 8059.648 ms
(10 rows)

===== 270 [Wed Mar  7 06:08:36 CET 2018] scale:10000000 groups:1000 work_mem:128MB incremental:off max_workers:0 =====
SELECT * FROM (SELECT * FROM s_2 ORDER BY a, b) foo ORDER BY a, b, c
                                                             QUERY PLAN                                                             
------------------------------------------------------------------------------------------------------------------------------------
 Limit  (cost=3149185.47..3149185.47 rows=1 width=20) (actual time=8208.790..8208.790 rows=0 loops=1)
   ->  Sort  (cost=3024186.23..3049186.08 rows=9999939 width=20) (actual time=7173.568..7991.276 rows=10000000 loops=1)
         Sort Key: s_2.a, s_2.b, s_2.c
         Sort Method: external merge  Disk: 293568kB
         ->  Sort  (cost=1531440.69..1556440.54 rows=9999939 width=20) (actual time=2081.197..3000.270 rows=10000000 loops=1)
               Sort Key: s_2.a, s_2.b
               Sort Method: external merge  Disk: 293568kB
               ->  Seq Scan on s_2  (cost=0.00..163694.39 rows=9999939 width=20) (actual time=0.031..638.747 rows=10000000 loops=1)
 Planning time: 0.242 ms
 Execution time: 8275.866 ms
(10 rows)

===== 271 [Wed Mar  7 06:09:20 CET 2018] scale:10000000 groups:1000 work_mem:128MB incremental:off max_workers:0 =====
SELECT * FROM (SELECT * FROM s_3 ORDER BY a, b, c) foo ORDER BY a, b, c, d
                                                             QUERY PLAN                                                             
------------------------------------------------------------------------------------------------------------------------------------
 Limit  (cost=3149185.47..3149185.47 rows=1 width=20) (actual time=7216.884..7216.884 rows=0 loops=1)
   ->  Sort  (cost=3024186.23..3049186.08 rows=9999939 width=20) (actual time=6180.622..6999.363 rows=10000000 loops=1)
         Sort Key: s_3.a, s_3.b, s_3.c, s_3.d
         Sort Method: external merge  Disk: 293568kB
         ->  Sort  (cost=1531440.69..1556440.54 rows=9999939 width=20) (actual time=2152.111..3071.749 rows=10000000 loops=1)
               Sort Key: s_3.a, s_3.b, s_3.c
               Sort Method: external merge  Disk: 293568kB
               ->  Seq Scan on s_3  (cost=0.00..163694.39 rows=9999939 width=20) (actual time=0.032..642.760 rows=10000000 loops=1)
 Planning time: 0.232 ms
 Execution time: 7283.854 ms
(10 rows)

===== 272 [Wed Mar  7 06:09:57 CET 2018] scale:10000000 groups:1000 work_mem:128MB incremental:off max_workers:0 =====
SELECT * FROM (SELECT * FROM s_4 ORDER BY a, b, c, d) foo ORDER BY a, b, c, d, e
                                                             QUERY PLAN                                                              
-------------------------------------------------------------------------------------------------------------------------------------
 Limit  (cost=3149224.89..3149224.89 rows=1 width=20) (actual time=5976.514..5976.514 rows=0 loops=1)
   ->  Sort  (cost=3024224.22..3049224.35 rows=10000054 width=20) (actual time=4951.520..5759.136 rows=10000000 loops=1)
         Sort Key: s_4.a, s_4.b, s_4.c, s_4.d, s_4.e
         Sort Method: external merge  Disk: 293568kB
         ->  Sort  (cost=1531459.54..1556459.68 rows=10000054 width=20) (actual time=2150.605..3068.917 rows=10000000 loops=1)
               Sort Key: s_4.a, s_4.b, s_4.c, s_4.d
               Sort Method: external merge  Disk: 293568kB
               ->  Seq Scan on s_4  (cost=0.00..163695.54 rows=10000054 width=20) (actual time=0.039..639.013 rows=10000000 loops=1)
 Planning time: 0.244 ms
 Execution time: 6043.648 ms
(10 rows)

===== 273 [Wed Mar  7 06:10:27 CET 2018] scale:10000000 groups:1000 work_mem:256MB incremental:on max_workers:0 =====
SELECT * FROM (SELECT * FROM s_1 ORDER BY a) foo ORDER BY a, b
                                                             QUERY PLAN                                                             
------------------------------------------------------------------------------------------------------------------------------------
 Limit  (cost=2595767.30..2595767.30 rows=1 width=20) (actual time=6282.092..6282.092 rows=0 loops=1)
   ->  Incremental Sort  (cost=1532229.21..2495767.91 rows=9999939 width=20) (actual time=2093.685..6066.725 rows=10000000 loops=1)
         Sort Key: s_1.a, s_1.b
         Presorted Key: s_1.a
         Sort Method: quicksort  Memory: 1192kB
         Sort Groups: 1001
         ->  Sort  (cost=1531440.69..1556440.54 rows=9999939 width=20) (actual time=2091.796..2931.043 rows=10000000 loops=1)
               Sort Key: s_1.a
               Sort Method: external merge  Disk: 293552kB
               ->  Seq Scan on s_1  (cost=0.00..163694.39 rows=9999939 width=20) (actual time=0.026..652.696 rows=10000000 loops=1)
 Planning time: 0.240 ms
 Execution time: 6323.330 ms
(12 rows)

===== 274 [Wed Mar  7 06:10:59 CET 2018] scale:10000000 groups:1000 work_mem:256MB incremental:on max_workers:0 =====
SELECT * FROM (SELECT * FROM s_2 ORDER BY a, b) foo ORDER BY a, b, c
                                                             QUERY PLAN                                                             
------------------------------------------------------------------------------------------------------------------------------------
 Limit  (cost=2117533.52..2117533.52 rows=1 width=20) (actual time=5581.620..5581.620 rows=0 loops=1)
   ->  Incremental Sort  (cost=1531440.98..2017534.13 rows=9999939 width=20) (actual time=2233.906..5362.815 rows=10000000 loops=1)
         Sort Key: s_2.a, s_2.b, s_2.c
         Presorted Key: s_2.a, s_2.b
         Sort Method: quicksort  Memory: 29kB
         Sort Groups: 270377
         ->  Sort  (cost=1531440.69..1556440.54 rows=9999939 width=20) (actual time=2233.845..3120.552 rows=10000000 loops=1)
               Sort Key: s_2.a, s_2.b
               Sort Method: external merge  Disk: 293552kB
               ->  Seq Scan on s_2  (cost=0.00..163694.39 rows=9999939 width=20) (actual time=0.031..652.270 rows=10000000 loops=1)
 Planning time: 0.242 ms
 Execution time: 5623.095 ms
(12 rows)

===== 275 [Wed Mar  7 06:11:26 CET 2018] scale:10000000 groups:1000 work_mem:256MB incremental:on max_workers:0 =====
SELECT * FROM (SELECT * FROM s_3 ORDER BY a, b, c) foo ORDER BY a, b, c, d
                                                             QUERY PLAN                                                             
------------------------------------------------------------------------------------------------------------------------------------
 Limit  (cost=2117533.52..2117533.52 rows=1 width=20) (actual time=4721.746..4721.746 rows=0 loops=1)
   ->  Incremental Sort  (cost=1531440.98..2017534.13 rows=9999939 width=20) (actual time=2294.775..4503.532 rows=10000000 loops=1)
         Sort Key: s_3.a, s_3.b, s_3.c, s_3.d
         Presorted Key: s_3.a, s_3.b, s_3.c
         Sort Method: quicksort  Memory: 27kB
         Sort Groups: 312451
         ->  Sort  (cost=1531440.69..1556440.54 rows=9999939 width=20) (actual time=2294.718..3197.100 rows=10000000 loops=1)
               Sort Key: s_3.a, s_3.b, s_3.c
               Sort Method: external merge  Disk: 293552kB
               ->  Seq Scan on s_3  (cost=0.00..163694.39 rows=9999939 width=20) (actual time=0.031..651.844 rows=10000000 loops=1)
 Planning time: 0.256 ms
 Execution time: 4763.131 ms
(12 rows)

===== 276 [Wed Mar  7 06:11:48 CET 2018] scale:10000000 groups:1000 work_mem:256MB incremental:on max_workers:0 =====
SELECT * FROM (SELECT * FROM s_4 ORDER BY a, b, c, d) foo ORDER BY a, b, c, d, e
                                                             QUERY PLAN                                                              
-------------------------------------------------------------------------------------------------------------------------------------
 Limit  (cost=2117559.13..2117559.13 rows=1 width=20) (actual time=4707.913..4707.913 rows=0 loops=1)
   ->  Incremental Sort  (cost=1531459.83..2017558.59 rows=10000054 width=20) (actual time=2351.179..4487.020 rows=10000000 loops=1)
         Sort Key: s_4.a, s_4.b, s_4.c, s_4.d, s_4.e
         Presorted Key: s_4.a, s_4.b, s_4.c, s_4.d
         Sort Method: quicksort  Memory: 27kB
         Sort Groups: 312500
         ->  Sort  (cost=1531459.54..1556459.68 rows=10000054 width=20) (actual time=2351.123..3253.703 rows=10000000 loops=1)
               Sort Key: s_4.a, s_4.b, s_4.c, s_4.d
               Sort Method: external merge  Disk: 293552kB
               ->  Seq Scan on s_4  (cost=0.00..163695.54 rows=10000054 width=20) (actual time=0.032..645.006 rows=10000000 loops=1)
 Planning time: 0.252 ms
 Execution time: 4749.393 ms
(12 rows)

===== 277 [Wed Mar  7 06:12:09 CET 2018] scale:10000000 groups:1000 work_mem:256MB incremental:off max_workers:0 =====
SELECT * FROM (SELECT * FROM s_1 ORDER BY a) foo ORDER BY a, b
                                                             QUERY PLAN                                                             
------------------------------------------------------------------------------------------------------------------------------------
 Limit  (cost=3149185.47..3149185.47 rows=1 width=20) (actual time=8191.995..8191.995 rows=0 loops=1)
   ->  Sort  (cost=3024186.23..3049186.08 rows=9999939 width=20) (actual time=7227.508..7973.835 rows=10000000 loops=1)
         Sort Key: s_1.a, s_1.b
         Sort Method: external merge  Disk: 293552kB
         ->  Sort  (cost=1531440.69..1556440.54 rows=9999939 width=20) (actual time=2082.778..2932.888 rows=10000000 loops=1)
               Sort Key: s_1.a
               Sort Method: external merge  Disk: 293552kB
               ->  Seq Scan on s_1  (cost=0.00..163694.39 rows=9999939 width=20) (actual time=0.027..649.770 rows=10000000 loops=1)
 Planning time: 0.226 ms
 Execution time: 8263.580 ms
(10 rows)

===== 278 [Wed Mar  7 06:12:53 CET 2018] scale:10000000 groups:1000 work_mem:256MB incremental:off max_workers:0 =====
SELECT * FROM (SELECT * FROM s_2 ORDER BY a, b) foo ORDER BY a, b, c
                                                             QUERY PLAN                                                             
------------------------------------------------------------------------------------------------------------------------------------
 Limit  (cost=3149185.47..3149185.47 rows=1 width=20) (actual time=8425.340..8425.340 rows=0 loops=1)
   ->  Sort  (cost=3024186.23..3049186.08 rows=9999939 width=20) (actual time=7460.545..8207.120 rows=10000000 loops=1)
         Sort Key: s_2.a, s_2.b, s_2.c
         Sort Method: external merge  Disk: 293552kB
         ->  Sort  (cost=1531440.69..1556440.54 rows=9999939 width=20) (actual time=2224.379..3075.485 rows=10000000 loops=1)
               Sort Key: s_2.a, s_2.b
               Sort Method: external merge  Disk: 293552kB
               ->  Seq Scan on s_2  (cost=0.00..163694.39 rows=9999939 width=20) (actual time=0.032..649.434 rows=10000000 loops=1)
 Planning time: 0.229 ms
 Execution time: 8497.341 ms
(10 rows)

===== 279 [Wed Mar  7 06:13:37 CET 2018] scale:10000000 groups:1000 work_mem:256MB incremental:off max_workers:0 =====
SELECT * FROM (SELECT * FROM s_3 ORDER BY a, b, c) foo ORDER BY a, b, c, d
                                                             QUERY PLAN                                                             
------------------------------------------------------------------------------------------------------------------------------------
 Limit  (cost=3149185.47..3149185.47 rows=1 width=20) (actual time=7425.062..7425.062 rows=0 loops=1)
   ->  Sort  (cost=3024186.23..3049186.08 rows=9999939 width=20) (actual time=6459.401..7206.923 rows=10000000 loops=1)
         Sort Key: s_3.a, s_3.b, s_3.c, s_3.d
         Sort Method: external merge  Disk: 293552kB
         ->  Sort  (cost=1531440.69..1556440.54 rows=9999939 width=20) (actual time=2292.958..3143.678 rows=10000000 loops=1)
               Sort Key: s_3.a, s_3.b, s_3.c
               Sort Method: external merge  Disk: 293552kB
               ->  Seq Scan on s_3  (cost=0.00..163694.39 rows=9999939 width=20) (actual time=0.032..650.844 rows=10000000 loops=1)
 Planning time: 0.241 ms
 Execution time: 7496.894 ms
(10 rows)

===== 280 [Wed Mar  7 06:14:16 CET 2018] scale:10000000 groups:1000 work_mem:256MB incremental:off max_workers:0 =====
SELECT * FROM (SELECT * FROM s_4 ORDER BY a, b, c, d) foo ORDER BY a, b, c, d, e
                                                             QUERY PLAN                                                              
-------------------------------------------------------------------------------------------------------------------------------------
 Limit  (cost=3149224.89..3149224.89 rows=1 width=20) (actual time=6277.062..6277.062 rows=0 loops=1)
   ->  Sort  (cost=3024224.22..3049224.35 rows=10000054 width=20) (actual time=5297.511..6058.435 rows=10000000 loops=1)
         Sort Key: s_4.a, s_4.b, s_4.c, s_4.d, s_4.e
         Sort Method: external merge  Disk: 293552kB
         ->  Sort  (cost=1531459.54..1556459.68 rows=10000054 width=20) (actual time=2295.096..3161.562 rows=10000000 loops=1)
               Sort Key: s_4.a, s_4.b, s_4.c, s_4.d
               Sort Method: external merge  Disk: 293552kB
               ->  Seq Scan on s_4  (cost=0.00..163695.54 rows=10000054 width=20) (actual time=0.034..648.705 rows=10000000 loops=1)
 Planning time: 0.239 ms
 Execution time: 6349.072 ms
(10 rows)

===== 281 [Wed Mar  7 06:14:48 CET 2018] scale:10000000 groups:1000 work_mem:4MB incremental:on max_workers:2 =====
SELECT * FROM (SELECT * FROM s_1 ORDER BY a) foo ORDER BY a, b
                                                                    QUERY PLAN                                                                    
--------------------------------------------------------------------------------------------------------------------------------------------------
 Limit  (cost=2562824.39..2562824.39 rows=1 width=20) (actual time=5927.281..5927.281 rows=0 loops=1)
   ->  Incremental Sort  (cost=736987.71..2479491.57 rows=8333282 width=20) (actual time=1004.269..5710.778 rows=10000000 loops=1)
         Sort Key: s_1.a, s_1.b
         Presorted Key: s_1.a
         Sort Method: quicksort  Memory: 1192kB
         Sort Groups: 1001
         ->  Gather Merge  (cost=735391.06..1707675.17 rows=8333282 width=20) (actual time=1001.798..2540.544 rows=10000000 loops=1)
               Workers Planned: 2
               Workers Launched: 2
               ->  Sort  (cost=734391.04..744807.64 rows=4166641 width=20) (actual time=995.630..1320.473 rows=3333333 loops=3)
                     Sort Key: s_1.a
                     Sort Method: external merge  Disk: 96536kB
                     Worker 0:  Sort Method: external merge  Disk: 98304kB
                     Worker 1:  Sort Method: external merge  Disk: 98768kB
                     ->  Parallel Seq Scan on s_1  (cost=0.00..105361.41 rows=4166641 width=20) (actual time=0.024..234.788 rows=3333333 loops=3)
 Planning time: 0.244 ms
 Execution time: 5950.268 ms
(17 rows)

===== 282 [Wed Mar  7 06:15:17 CET 2018] scale:10000000 groups:1000 work_mem:4MB incremental:on max_workers:2 =====
SELECT * FROM (SELECT * FROM s_2 ORDER BY a, b) foo ORDER BY a, b, c
                                                                    QUERY PLAN                                                                    
--------------------------------------------------------------------------------------------------------------------------------------------------
 Limit  (cost=2175252.64..2175252.64 rows=1 width=20) (actual time=5417.370..5417.370 rows=0 loops=1)
   ->  Incremental Sort  (cost=735392.49..2091919.82 rows=8333282 width=20) (actual time=1047.969..5198.821 rows=10000000 loops=1)
         Sort Key: s_2.a, s_2.b, s_2.c
         Presorted Key: s_2.a, s_2.b
         Sort Method: quicksort  Memory: 29kB
         Sort Groups: 270377
         ->  Gather Merge  (cost=735391.06..1707675.17 rows=8333282 width=20) (actual time=1047.916..2828.142 rows=10000000 loops=1)
               Workers Planned: 2
               Workers Launched: 2
               ->  Sort  (cost=734391.04..744807.64 rows=4166641 width=20) (actual time=1045.904..1369.778 rows=3333333 loops=3)
                     Sort Key: s_2.a, s_2.b
                     Sort Method: external merge  Disk: 97856kB
                     Worker 0:  Sort Method: external merge  Disk: 97872kB
                     Worker 1:  Sort Method: external merge  Disk: 97880kB
                     ->  Parallel Seq Scan on s_2  (cost=0.00..105361.41 rows=4166641 width=20) (actual time=0.025..234.641 rows=3333333 loops=3)
 Planning time: 0.255 ms
 Execution time: 5441.164 ms
(17 rows)

===== 283 [Wed Mar  7 06:15:43 CET 2018] scale:10000000 groups:1000 work_mem:4MB incremental:on max_workers:2 =====
SELECT * FROM (SELECT * FROM s_3 ORDER BY a, b, c) foo ORDER BY a, b, c, d
                                                                    QUERY PLAN                                                                    
--------------------------------------------------------------------------------------------------------------------------------------------------
 Limit  (cost=2175252.64..2175252.64 rows=1 width=20) (actual time=4414.987..4414.987 rows=0 loops=1)
   ->  Incremental Sort  (cost=735392.49..2091919.82 rows=8333282 width=20) (actual time=1057.522..4197.102 rows=10000000 loops=1)
         Sort Key: s_3.a, s_3.b, s_3.c, s_3.d
         Presorted Key: s_3.a, s_3.b, s_3.c
         Sort Method: quicksort  Memory: 27kB
         Sort Groups: 312451
         ->  Gather Merge  (cost=735391.06..1707675.17 rows=8333282 width=20) (actual time=1057.472..2823.593 rows=10000000 loops=1)
               Workers Planned: 2
               Workers Launched: 2
               ->  Sort  (cost=734391.04..744807.64 rows=4166641 width=20) (actual time=1055.748..1379.290 rows=3333333 loops=3)
                     Sort Key: s_3.a, s_3.b, s_3.c
                     Sort Method: external merge  Disk: 98048kB
                     Worker 0:  Sort Method: external merge  Disk: 97744kB
                     Worker 1:  Sort Method: external merge  Disk: 97816kB
                     ->  Parallel Seq Scan on s_3  (cost=0.00..105361.41 rows=4166641 width=20) (actual time=0.024..235.886 rows=3333333 loops=3)
 Planning time: 0.259 ms
 Execution time: 4438.695 ms
(17 rows)

===== 284 [Wed Mar  7 06:16:04 CET 2018] scale:10000000 groups:1000 work_mem:4MB incremental:on max_workers:2 =====
SELECT * FROM (SELECT * FROM s_4 ORDER BY a, b, c, d) foo ORDER BY a, b, c, d, e
                                                                    QUERY PLAN                                                                    
--------------------------------------------------------------------------------------------------------------------------------------------------
 Limit  (cost=2175282.31..2175282.31 rows=1 width=20) (actual time=4366.451..4366.451 rows=0 loops=1)
   ->  Incremental Sort  (cost=735405.60..2091948.53 rows=8333378 width=20) (actual time=1060.928..4149.602 rows=10000000 loops=1)
         Sort Key: s_4.a, s_4.b, s_4.c, s_4.d, s_4.e
         Presorted Key: s_4.a, s_4.b, s_4.c, s_4.d
         Sort Method: quicksort  Memory: 27kB
         Sort Groups: 312500
         ->  Gather Merge  (cost=735404.16..1707699.48 rows=8333378 width=20) (actual time=1060.878..2864.499 rows=10000000 loops=1)
               Workers Planned: 2
               Workers Launched: 2
               ->  Sort  (cost=734404.14..744820.86 rows=4166689 width=20) (actual time=1058.800..1382.620 rows=3333333 loops=3)
                     Sort Key: s_4.a, s_4.b, s_4.c, s_4.d
                     Sort Method: external merge  Disk: 97848kB
                     Worker 0:  Sort Method: external merge  Disk: 97880kB
                     Worker 1:  Sort Method: external merge  Disk: 97880kB
                     ->  Parallel Seq Scan on s_4  (cost=0.00..105361.89 rows=4166689 width=20) (actual time=0.026..234.410 rows=3333333 loops=3)
 Planning time: 0.270 ms
 Execution time: 4386.042 ms
(17 rows)

===== 285 [Wed Mar  7 06:16:24 CET 2018] scale:10000000 groups:1000 work_mem:4MB incremental:off max_workers:2 =====
SELECT * FROM (SELECT * FROM s_1 ORDER BY a) foo ORDER BY a, b
                                                                    QUERY PLAN                                                                    
--------------------------------------------------------------------------------------------------------------------------------------------------
 Limit  (cost=3194899.68..3194899.68 rows=1 width=20) (actual time=8572.965..8572.965 rows=0 loops=1)
   ->  Sort  (cost=3090733.65..3111566.86 rows=8333282 width=20) (actual time=7515.475..8353.617 rows=10000000 loops=1)
         Sort Key: s_1.a, s_1.b
         Sort Method: external merge  Disk: 293600kB
         ->  Gather Merge  (cost=735391.06..1707675.17 rows=8333282 width=20) (actual time=989.836..2535.080 rows=10000000 loops=1)
               Workers Planned: 2
               Workers Launched: 2
               ->  Sort  (cost=734391.04..744807.64 rows=4166641 width=20) (actual time=982.565..1306.355 rows=3333333 loops=3)
                     Sort Key: s_1.a
                     Sort Method: external merge  Disk: 98888kB
                     Worker 0:  Sort Method: external merge  Disk: 97992kB
                     Worker 1:  Sort Method: external merge  Disk: 96728kB
                     ->  Parallel Seq Scan on s_1  (cost=0.00..105361.41 rows=4166641 width=20) (actual time=0.024..236.420 rows=3333333 loops=3)
 Planning time: 0.237 ms
 Execution time: 8615.605 ms
(15 rows)

===== 286 [Wed Mar  7 06:17:10 CET 2018] scale:10000000 groups:1000 work_mem:4MB incremental:off max_workers:2 =====
SELECT * FROM (SELECT * FROM s_2 ORDER BY a, b) foo ORDER BY a, b, c
                                                                    QUERY PLAN                                                                    
--------------------------------------------------------------------------------------------------------------------------------------------------
 Limit  (cost=3194899.68..3194899.68 rows=1 width=20) (actual time=9228.280..9228.280 rows=0 loops=1)
   ->  Sort  (cost=3090733.65..3111566.86 rows=8333282 width=20) (actual time=8178.401..9008.984 rows=10000000 loops=1)
         Sort Key: s_2.a, s_2.b, s_2.c
         Sort Method: external merge  Disk: 293600kB
         ->  Gather Merge  (cost=735391.06..1707675.17 rows=8333282 width=20) (actual time=1046.928..2820.105 rows=10000000 loops=1)
               Workers Planned: 2
               Workers Launched: 2
               ->  Sort  (cost=734391.04..744807.64 rows=4166641 width=20) (actual time=1041.932..1369.331 rows=3333333 loops=3)
                     Sort Key: s_2.a, s_2.b
                     Sort Method: external merge  Disk: 98616kB
                     Worker 0:  Sort Method: external merge  Disk: 97488kB
                     Worker 1:  Sort Method: external merge  Disk: 97504kB
                     ->  Parallel Seq Scan on s_2  (cost=0.00..105361.41 rows=4166641 width=20) (actual time=0.024..235.741 rows=3333333 loops=3)
 Planning time: 0.245 ms
 Execution time: 9270.995 ms
(15 rows)

===== 287 [Wed Mar  7 06:18:00 CET 2018] scale:10000000 groups:1000 work_mem:4MB incremental:off max_workers:2 =====
SELECT * FROM (SELECT * FROM s_3 ORDER BY a, b, c) foo ORDER BY a, b, c, d
                                                                    QUERY PLAN                                                                    
--------------------------------------------------------------------------------------------------------------------------------------------------
 Limit  (cost=3194899.68..3194899.68 rows=1 width=20) (actual time=8196.587..8196.587 rows=0 loops=1)
   ->  Sort  (cost=3090733.65..3111566.86 rows=8333282 width=20) (actual time=7145.273..7977.004 rows=10000000 loops=1)
         Sort Key: s_3.a, s_3.b, s_3.c, s_3.d
         Sort Method: external merge  Disk: 293600kB
         ->  Gather Merge  (cost=735391.06..1707675.17 rows=8333282 width=20) (actual time=1059.731..2824.795 rows=10000000 loops=1)
               Workers Planned: 2
               Workers Launched: 2
               ->  Sort  (cost=734391.04..744807.64 rows=4166641 width=20) (actual time=1053.955..1381.207 rows=3333333 loops=3)
                     Sort Key: s_3.a, s_3.b, s_3.c
                     Sort Method: external merge  Disk: 98584kB
                     Worker 0:  Sort Method: external merge  Disk: 97512kB
                     Worker 1:  Sort Method: external merge  Disk: 97512kB
                     ->  Parallel Seq Scan on s_3  (cost=0.00..105361.41 rows=4166641 width=20) (actual time=0.025..236.563 rows=3333333 loops=3)
 Planning time: 0.250 ms
 Execution time: 8239.339 ms
(15 rows)

===== 288 [Wed Mar  7 06:18:43 CET 2018] scale:10000000 groups:1000 work_mem:4MB incremental:off max_workers:2 =====
SELECT * FROM (SELECT * FROM s_4 ORDER BY a, b, c, d) foo ORDER BY a, b, c, d, e
                                                                    QUERY PLAN                                                                    
--------------------------------------------------------------------------------------------------------------------------------------------------
 Limit  (cost=3194944.87..3194944.87 rows=1 width=20) (actual time=6854.110..6854.110 rows=0 loops=1)
   ->  Sort  (cost=3090777.64..3111611.09 rows=8333378 width=20) (actual time=5803.466..6634.534 rows=10000000 loops=1)
         Sort Key: s_4.a, s_4.b, s_4.c, s_4.d, s_4.e
         Sort Method: external merge  Disk: 293600kB
         ->  Gather Merge  (cost=735404.16..1707699.48 rows=8333378 width=20) (actual time=1056.272..2810.183 rows=10000000 loops=1)
               Workers Planned: 2
               Workers Launched: 2
               ->  Sort  (cost=734404.14..744820.86 rows=4166689 width=20) (actual time=1051.823..1377.558 rows=3333333 loops=3)
                     Sort Key: s_4.a, s_4.b, s_4.c, s_4.d
                     Sort Method: external merge  Disk: 98376kB
                     Worker 0:  Sort Method: external merge  Disk: 97616kB
                     Worker 1:  Sort Method: external merge  Disk: 97616kB
                     ->  Parallel Seq Scan on s_4  (cost=0.00..105361.89 rows=4166689 width=20) (actual time=0.026..235.320 rows=3333333 loops=3)
 Planning time: 0.260 ms
 Execution time: 6896.798 ms
(15 rows)

===== 289 [Wed Mar  7 06:19:18 CET 2018] scale:10000000 groups:1000 work_mem:8MB incremental:on max_workers:2 =====
SELECT * FROM (SELECT * FROM s_1 ORDER BY a) foo ORDER BY a, b
                                                                    QUERY PLAN                                                                    
--------------------------------------------------------------------------------------------------------------------------------------------------
 Limit  (cost=2477375.39..2477375.39 rows=1 width=20) (actual time=5647.445..5647.445 rows=0 loops=1)
   ->  Incremental Sort  (cost=651538.71..2394042.57 rows=8333282 width=20) (actual time=765.270..5431.265 rows=10000000 loops=1)
         Sort Key: s_1.a, s_1.b
         Presorted Key: s_1.a
         Sort Method: quicksort  Memory: 1192kB
         Sort Groups: 1001
         ->  Gather Merge  (cost=649942.06..1622226.17 rows=8333282 width=20) (actual time=762.793..2301.081 rows=10000000 loops=1)
               Workers Planned: 2
               Workers Launched: 2
               ->  Sort  (cost=648942.04..659358.64 rows=4166641 width=20) (actual time=758.822..1079.230 rows=3333333 loops=3)
                     Sort Key: s_1.a
                     Sort Method: external merge  Disk: 96008kB
                     Worker 0:  Sort Method: external merge  Disk: 98800kB
                     Worker 1:  Sort Method: external merge  Disk: 98808kB
                     ->  Parallel Seq Scan on s_1  (cost=0.00..105361.41 rows=4166641 width=20) (actual time=0.023..233.339 rows=3333333 loops=3)
 Planning time: 0.246 ms
 Execution time: 5671.269 ms
(17 rows)

===== 290 [Wed Mar  7 06:19:46 CET 2018] scale:10000000 groups:1000 work_mem:8MB incremental:on max_workers:2 =====
SELECT * FROM (SELECT * FROM s_2 ORDER BY a, b) foo ORDER BY a, b, c
                                                                    QUERY PLAN                                                                    
--------------------------------------------------------------------------------------------------------------------------------------------------
 Limit  (cost=2089803.64..2089803.64 rows=1 width=20) (actual time=5129.062..5129.062 rows=0 loops=1)
   ->  Incremental Sort  (cost=649943.49..2006470.82 rows=8333282 width=20) (actual time=794.204..4910.530 rows=10000000 loops=1)
         Sort Key: s_2.a, s_2.b, s_2.c
         Presorted Key: s_2.a, s_2.b
         Sort Method: quicksort  Memory: 29kB
         Sort Groups: 270377
         ->  Gather Merge  (cost=649942.06..1622226.17 rows=8333282 width=20) (actual time=794.151..2540.407 rows=10000000 loops=1)
               Workers Planned: 2
               Workers Launched: 2
               ->  Sort  (cost=648942.04..659358.64 rows=4166641 width=20) (actual time=791.359..1113.798 rows=3333333 loops=3)
                     Sort Key: s_2.a, s_2.b
                     Sort Method: external merge  Disk: 98336kB
                     Worker 0:  Sort Method: external merge  Disk: 97680kB
                     Worker 1:  Sort Method: external merge  Disk: 97600kB
                     ->  Parallel Seq Scan on s_2  (cost=0.00..105361.41 rows=4166641 width=20) (actual time=0.031..233.539 rows=3333333 loops=3)
 Planning time: 0.250 ms
 Execution time: 5153.123 ms
(17 rows)

===== 291 [Wed Mar  7 06:20:11 CET 2018] scale:10000000 groups:1000 work_mem:8MB incremental:on max_workers:2 =====
SELECT * FROM (SELECT * FROM s_3 ORDER BY a, b, c) foo ORDER BY a, b, c, d
                                                                    QUERY PLAN                                                                    
--------------------------------------------------------------------------------------------------------------------------------------------------
 Limit  (cost=2089803.64..2089803.64 rows=1 width=20) (actual time=4192.499..4192.499 rows=0 loops=1)
   ->  Incremental Sort  (cost=649943.49..2006470.82 rows=8333282 width=20) (actual time=816.763..3974.645 rows=10000000 loops=1)
         Sort Key: s_3.a, s_3.b, s_3.c, s_3.d
         Presorted Key: s_3.a, s_3.b, s_3.c
         Sort Method: quicksort  Memory: 27kB
         Sort Groups: 312451
         ->  Gather Merge  (cost=649942.06..1622226.17 rows=8333282 width=20) (actual time=816.716..2600.777 rows=10000000 loops=1)
               Workers Planned: 2
               Workers Launched: 2
               ->  Sort  (cost=648942.04..659358.64 rows=4166641 width=20) (actual time=814.950..1137.899 rows=3333333 loops=3)
                     Sort Key: s_3.a, s_3.b, s_3.c
                     Sort Method: external merge  Disk: 97848kB
                     Worker 0:  Sort Method: external merge  Disk: 97880kB
                     Worker 1:  Sort Method: external merge  Disk: 97880kB
                     ->  Parallel Seq Scan on s_3  (cost=0.00..105361.41 rows=4166641 width=20) (actual time=0.026..231.842 rows=3333333 loops=3)
 Planning time: 0.257 ms
 Execution time: 4216.838 ms
(17 rows)

===== 292 [Wed Mar  7 06:20:30 CET 2018] scale:10000000 groups:1000 work_mem:8MB incremental:on max_workers:2 =====
SELECT * FROM (SELECT * FROM s_4 ORDER BY a, b, c, d) foo ORDER BY a, b, c, d, e
                                                                    QUERY PLAN                                                                    
--------------------------------------------------------------------------------------------------------------------------------------------------
 Limit  (cost=2089829.81..2089829.81 rows=1 width=20) (actual time=4101.571..4101.571 rows=0 loops=1)
   ->  Incremental Sort  (cost=649953.10..2006496.03 rows=8333378 width=20) (actual time=811.968..3884.933 rows=10000000 loops=1)
         Sort Key: s_4.a, s_4.b, s_4.c, s_4.d, s_4.e
         Presorted Key: s_4.a, s_4.b, s_4.c, s_4.d
         Sort Method: quicksort  Memory: 27kB
         Sort Groups: 312500
         ->  Gather Merge  (cost=649951.66..1622246.98 rows=8333378 width=20) (actual time=811.920..2600.656 rows=10000000 loops=1)
               Workers Planned: 2
               Workers Launched: 2
               ->  Sort  (cost=648951.64..659368.36 rows=4166689 width=20) (actual time=809.903..1132.307 rows=3333333 loops=3)
                     Sort Key: s_4.a, s_4.b, s_4.c, s_4.d
                     Sort Method: external merge  Disk: 98024kB
                     Worker 0:  Sort Method: external merge  Disk: 97792kB
                     Worker 1:  Sort Method: external merge  Disk: 97792kB
                     ->  Parallel Seq Scan on s_4  (cost=0.00..105361.89 rows=4166689 width=20) (actual time=0.027..230.962 rows=3333333 loops=3)
 Planning time: 0.275 ms
 Execution time: 4123.252 ms
(17 rows)

===== 293 [Wed Mar  7 06:20:49 CET 2018] scale:10000000 groups:1000 work_mem:8MB incremental:off max_workers:2 =====
SELECT * FROM (SELECT * FROM s_1 ORDER BY a) foo ORDER BY a, b
                                                                    QUERY PLAN                                                                    
--------------------------------------------------------------------------------------------------------------------------------------------------
 Limit  (cost=3109450.68..3109450.68 rows=1 width=20) (actual time=7863.074..7863.074 rows=0 loops=1)
   ->  Sort  (cost=3005284.65..3026117.86 rows=8333282 width=20) (actual time=6806.452..7643.972 rows=10000000 loops=1)
         Sort Key: s_1.a, s_1.b
         Sort Method: external merge  Disk: 293608kB
         ->  Gather Merge  (cost=649942.06..1622226.17 rows=8333282 width=20) (actual time=743.654..2279.877 rows=10000000 loops=1)
               Workers Planned: 2
               Workers Launched: 2
               ->  Sort  (cost=648942.04..659358.64 rows=4166641 width=20) (actual time=739.149..1059.773 rows=3333333 loops=3)
                     Sort Key: s_1.a
                     Sort Method: external merge  Disk: 98416kB
                     Worker 0:  Sort Method: external merge  Disk: 97792kB
                     Worker 1:  Sort Method: external merge  Disk: 97400kB
                     ->  Parallel Seq Scan on s_1  (cost=0.00..105361.41 rows=4166641 width=20) (actual time=0.023..233.282 rows=3333333 loops=3)
 Planning time: 0.237 ms
 Execution time: 7906.281 ms
(15 rows)

===== 294 [Wed Mar  7 06:21:31 CET 2018] scale:10000000 groups:1000 work_mem:8MB incremental:off max_workers:2 =====
SELECT * FROM (SELECT * FROM s_2 ORDER BY a, b) foo ORDER BY a, b, c
                                                                    QUERY PLAN                                                                    
--------------------------------------------------------------------------------------------------------------------------------------------------
 Limit  (cost=3109450.68..3109450.68 rows=1 width=20) (actual time=8352.373..8352.373 rows=0 loops=1)
   ->  Sort  (cost=3005284.65..3026117.86 rows=8333282 width=20) (actual time=7301.974..8133.405 rows=10000000 loops=1)
         Sort Key: s_2.a, s_2.b, s_2.c
         Sort Method: external merge  Disk: 293608kB
         ->  Gather Merge  (cost=649942.06..1622226.17 rows=8333282 width=20) (actual time=800.182..2577.070 rows=10000000 loops=1)
               Workers Planned: 2
               Workers Launched: 2
               ->  Sort  (cost=648942.04..659358.64 rows=4166641 width=20) (actual time=798.558..1123.438 rows=3333333 loops=3)
                     Sort Key: s_2.a, s_2.b
                     Sort Method: external merge  Disk: 98024kB
                     Worker 0:  Sort Method: external merge  Disk: 97792kB
                     Worker 1:  Sort Method: external merge  Disk: 97792kB
                     ->  Parallel Seq Scan on s_2  (cost=0.00..105361.41 rows=4166641 width=20) (actual time=0.026..231.587 rows=3333333 loops=3)
 Planning time: 0.243 ms
 Execution time: 8395.535 ms
(15 rows)

===== 295 [Wed Mar  7 06:22:15 CET 2018] scale:10000000 groups:1000 work_mem:8MB incremental:off max_workers:2 =====
SELECT * FROM (SELECT * FROM s_3 ORDER BY a, b, c) foo ORDER BY a, b, c, d
                                                                    QUERY PLAN                                                                    
--------------------------------------------------------------------------------------------------------------------------------------------------
 Limit  (cost=3109450.68..3109450.68 rows=1 width=20) (actual time=7285.726..7285.726 rows=0 loops=1)
   ->  Sort  (cost=3005284.65..3026117.86 rows=8333282 width=20) (actual time=6235.096..7066.539 rows=10000000 loops=1)
         Sort Key: s_3.a, s_3.b, s_3.c, s_3.d
         Sort Method: external merge  Disk: 293608kB
         ->  Gather Merge  (cost=649942.06..1622226.17 rows=8333282 width=20) (actual time=815.153..2563.183 rows=10000000 loops=1)
               Workers Planned: 2
               Workers Launched: 2
               ->  Sort  (cost=648942.04..659358.64 rows=4166641 width=20) (actual time=809.842..1133.996 rows=3333333 loops=3)
                     Sort Key: s_3.a, s_3.b, s_3.c
                     Sort Method: external merge  Disk: 98184kB
                     Worker 0:  Sort Method: external merge  Disk: 97632kB
                     Worker 1:  Sort Method: external merge  Disk: 97792kB
                     ->  Parallel Seq Scan on s_3  (cost=0.00..105361.41 rows=4166641 width=20) (actual time=0.022..233.021 rows=3333333 loops=3)
 Planning time: 0.253 ms
 Execution time: 7328.770 ms
(15 rows)

===== 296 [Wed Mar  7 06:22:53 CET 2018] scale:10000000 groups:1000 work_mem:8MB incremental:off max_workers:2 =====
SELECT * FROM (SELECT * FROM s_4 ORDER BY a, b, c, d) foo ORDER BY a, b, c, d, e
                                                                    QUERY PLAN                                                                    
--------------------------------------------------------------------------------------------------------------------------------------------------
 Limit  (cost=3109492.37..3109492.37 rows=1 width=20) (actual time=5927.129..5927.129 rows=0 loops=1)
   ->  Sort  (cost=3005325.14..3026158.59 rows=8333378 width=20) (actual time=4876.439..5707.975 rows=10000000 loops=1)
         Sort Key: s_4.a, s_4.b, s_4.c, s_4.d, s_4.e
         Sort Method: external merge  Disk: 293608kB
         ->  Gather Merge  (cost=649951.66..1622246.98 rows=8333378 width=20) (actual time=816.392..2575.520 rows=10000000 loops=1)
               Workers Planned: 2
               Workers Launched: 2
               ->  Sort  (cost=648951.64..659368.36 rows=4166689 width=20) (actual time=812.844..1136.739 rows=3333333 loops=3)
                     Sort Key: s_4.a, s_4.b, s_4.c, s_4.d
                     Sort Method: external merge  Disk: 98024kB
                     Worker 0:  Sort Method: external merge  Disk: 97792kB
                     Worker 1:  Sort Method: external merge  Disk: 97792kB
                     ->  Parallel Seq Scan on s_4  (cost=0.00..105361.89 rows=4166689 width=20) (actual time=0.027..231.084 rows=3333333 loops=3)
 Planning time: 0.258 ms
 Execution time: 5969.999 ms
(15 rows)

===== 297 [Wed Mar  7 06:23:22 CET 2018] scale:10000000 groups:1000 work_mem:16MB incremental:on max_workers:2 =====
SELECT * FROM (SELECT * FROM s_1 ORDER BY a) foo ORDER BY a, b
                                                             QUERY PLAN                                                             
------------------------------------------------------------------------------------------------------------------------------------
 Limit  (cost=2595767.30..2595767.30 rows=1 width=20) (actual time=6322.908..6322.908 rows=0 loops=1)
   ->  Incremental Sort  (cost=1532229.21..2495767.91 rows=9999939 width=20) (actual time=1889.304..6071.183 rows=10000000 loops=1)
         Sort Key: s_1.a, s_1.b
         Presorted Key: s_1.a
         Sort Method: quicksort  Memory: 1192kB
         Sort Groups: 1001
         ->  Sort  (cost=1531440.69..1556440.54 rows=9999939 width=20) (actual time=1887.377..2826.014 rows=10000000 loops=1)
               Sort Key: s_1.a
               Sort Method: external merge  Disk: 293904kB
               ->  Seq Scan on s_1  (cost=0.00..163694.39 rows=9999939 width=20) (actual time=0.023..630.774 rows=10000000 loops=1)
 Planning time: 0.240 ms
 Execution time: 6357.082 ms
(12 rows)

===== 298 [Wed Mar  7 06:23:54 CET 2018] scale:10000000 groups:1000 work_mem:16MB incremental:on max_workers:2 =====
SELECT * FROM (SELECT * FROM s_2 ORDER BY a, b) foo ORDER BY a, b, c
                                                             QUERY PLAN                                                             
------------------------------------------------------------------------------------------------------------------------------------
 Limit  (cost=2117533.52..2117533.52 rows=1 width=20) (actual time=5633.112..5633.112 rows=0 loops=1)
   ->  Incremental Sort  (cost=1531440.98..2017534.13 rows=9999939 width=20) (actual time=2026.027..5377.029 rows=10000000 loops=1)
         Sort Key: s_2.a, s_2.b, s_2.c
         Presorted Key: s_2.a, s_2.b
         Sort Method: quicksort  Memory: 29kB
         Sort Groups: 270377
         ->  Sort  (cost=1531440.69..1556440.54 rows=9999939 width=20) (actual time=2025.965..3009.651 rows=10000000 loops=1)
               Sort Key: s_2.a, s_2.b
               Sort Method: external merge  Disk: 293904kB
               ->  Seq Scan on s_2  (cost=0.00..163694.39 rows=9999939 width=20) (actual time=0.032..626.991 rows=10000000 loops=1)
 Planning time: 0.240 ms
 Execution time: 5667.235 ms
(12 rows)

===== 299 [Wed Mar  7 06:24:20 CET 2018] scale:10000000 groups:1000 work_mem:16MB incremental:on max_workers:2 =====
SELECT * FROM (SELECT * FROM s_3 ORDER BY a, b, c) foo ORDER BY a, b, c, d
                                                             QUERY PLAN                                                             
------------------------------------------------------------------------------------------------------------------------------------
 Limit  (cost=2117533.52..2117533.52 rows=1 width=20) (actual time=4617.955..4617.955 rows=0 loops=1)
   ->  Incremental Sort  (cost=1531440.98..2017534.13 rows=9999939 width=20) (actual time=2084.090..4391.772 rows=10000000 loops=1)
         Sort Key: s_3.a, s_3.b, s_3.c, s_3.d
         Presorted Key: s_3.a, s_3.b, s_3.c
         Sort Method: quicksort  Memory: 27kB
         Sort Groups: 312451
         ->  Sort  (cost=1531440.69..1556440.54 rows=9999939 width=20) (actual time=2084.035..3076.031 rows=10000000 loops=1)
               Sort Key: s_3.a, s_3.b, s_3.c
               Sort Method: external merge  Disk: 293904kB
               ->  Seq Scan on s_3  (cost=0.00..163694.39 rows=9999939 width=20) (actual time=0.028..628.991 rows=10000000 loops=1)
 Planning time: 0.245 ms
 Execution time: 4652.141 ms
(12 rows)

===== 300 [Wed Mar  7 06:24:41 CET 2018] scale:10000000 groups:1000 work_mem:16MB incremental:on max_workers:2 =====
SELECT * FROM (SELECT * FROM s_4 ORDER BY a, b, c, d) foo ORDER BY a, b, c, d, e
                                                             QUERY PLAN                                                              
-------------------------------------------------------------------------------------------------------------------------------------
 Limit  (cost=2117559.13..2117559.13 rows=1 width=20) (actual time=4579.673..4579.673 rows=0 loops=1)
   ->  Incremental Sort  (cost=1531459.83..2017558.59 rows=10000054 width=20) (actual time=2087.618..4353.803 rows=10000000 loops=1)
         Sort Key: s_4.a, s_4.b, s_4.c, s_4.d, s_4.e
         Presorted Key: s_4.a, s_4.b, s_4.c, s_4.d
         Sort Method: quicksort  Memory: 27kB
         Sort Groups: 312500
         ->  Sort  (cost=1531459.54..1556459.68 rows=10000054 width=20) (actual time=2087.564..3079.487 rows=10000000 loops=1)
               Sort Key: s_4.a, s_4.b, s_4.c, s_4.d
               Sort Method: external merge  Disk: 293904kB
               ->  Seq Scan on s_4  (cost=0.00..163695.54 rows=10000054 width=20) (actual time=0.032..626.215 rows=10000000 loops=1)
 Planning time: 0.265 ms
 Execution time: 4613.846 ms
(12 rows)

===== 301 [Wed Mar  7 06:25:02 CET 2018] scale:10000000 groups:1000 work_mem:16MB incremental:off max_workers:2 =====
SELECT * FROM (SELECT * FROM s_1 ORDER BY a) foo ORDER BY a, b
                                                             QUERY PLAN                                                             
------------------------------------------------------------------------------------------------------------------------------------
 Limit  (cost=3149185.47..3149185.47 rows=1 width=20) (actual time=7683.336..7683.336 rows=0 loops=1)
   ->  Sort  (cost=3024186.23..3049186.08 rows=9999939 width=20) (actual time=6634.354..7464.962 rows=10000000 loops=1)
         Sort Key: s_1.a, s_1.b
         Sort Method: external merge  Disk: 293904kB
         ->  Sort  (cost=1531440.69..1556440.54 rows=9999939 width=20) (actual time=1876.245..2807.581 rows=10000000 loops=1)
               Sort Key: s_1.a
               Sort Method: external merge  Disk: 293904kB
               ->  Seq Scan on s_1  (cost=0.00..163694.39 rows=9999939 width=20) (actual time=0.024..629.288 rows=10000000 loops=1)
 Planning time: 0.239 ms
 Execution time: 7747.319 ms
(10 rows)

===== 302 [Wed Mar  7 06:25:42 CET 2018] scale:10000000 groups:1000 work_mem:16MB incremental:off max_workers:2 =====
SELECT * FROM (SELECT * FROM s_2 ORDER BY a, b) foo ORDER BY a, b, c
                                                             QUERY PLAN                                                             
------------------------------------------------------------------------------------------------------------------------------------
 Limit  (cost=3149185.47..3149185.47 rows=1 width=20) (actual time=7921.380..7921.380 rows=0 loops=1)
   ->  Sort  (cost=3024186.23..3049186.08 rows=9999939 width=20) (actual time=6878.694..7703.261 rows=10000000 loops=1)
         Sort Key: s_2.a, s_2.b, s_2.c
         Sort Method: external merge  Disk: 293904kB
         ->  Sort  (cost=1531440.69..1556440.54 rows=9999939 width=20) (actual time=2017.572..2951.678 rows=10000000 loops=1)
               Sort Key: s_2.a, s_2.b
               Sort Method: external merge  Disk: 293904kB
               ->  Seq Scan on s_2  (cost=0.00..163694.39 rows=9999939 width=20) (actual time=0.032..627.216 rows=10000000 loops=1)
 Planning time: 0.240 ms
 Execution time: 7985.344 ms
(10 rows)

===== 303 [Wed Mar  7 06:26:24 CET 2018] scale:10000000 groups:1000 work_mem:16MB incremental:off max_workers:2 =====
SELECT * FROM (SELECT * FROM s_3 ORDER BY a, b, c) foo ORDER BY a, b, c, d
                                                             QUERY PLAN                                                             
------------------------------------------------------------------------------------------------------------------------------------
 Limit  (cost=3149185.47..3149185.47 rows=1 width=20) (actual time=6942.587..6942.587 rows=0 loops=1)
   ->  Sort  (cost=3024186.23..3049186.08 rows=9999939 width=20) (actual time=5899.546..6724.576 rows=10000000 loops=1)
         Sort Key: s_3.a, s_3.b, s_3.c, s_3.d
         Sort Method: external merge  Disk: 293904kB
         ->  Sort  (cost=1531440.69..1556440.54 rows=9999939 width=20) (actual time=2089.694..3024.502 rows=10000000 loops=1)
               Sort Key: s_3.a, s_3.b, s_3.c
               Sort Method: external merge  Disk: 293904kB
               ->  Seq Scan on s_3  (cost=0.00..163694.39 rows=9999939 width=20) (actual time=0.030..629.416 rows=10000000 loops=1)
 Planning time: 0.242 ms
 Execution time: 7006.705 ms
(10 rows)

===== 304 [Wed Mar  7 06:27:00 CET 2018] scale:10000000 groups:1000 work_mem:16MB incremental:off max_workers:2 =====
SELECT * FROM (SELECT * FROM s_4 ORDER BY a, b, c, d) foo ORDER BY a, b, c, d, e
                                                             QUERY PLAN                                                              
-------------------------------------------------------------------------------------------------------------------------------------
 Limit  (cost=3149224.89..3149224.89 rows=1 width=20) (actual time=5543.990..5543.990 rows=0 loops=1)
   ->  Sort  (cost=3024224.22..3049224.35 rows=10000054 width=20) (actual time=4494.381..5325.882 rows=10000000 loops=1)
         Sort Key: s_4.a, s_4.b, s_4.c, s_4.d, s_4.e
         Sort Method: external merge  Disk: 293904kB
         ->  Sort  (cost=1531459.54..1556459.68 rows=10000054 width=20) (actual time=2084.658..3018.275 rows=10000000 loops=1)
               Sort Key: s_4.a, s_4.b, s_4.c, s_4.d
               Sort Method: external merge  Disk: 293904kB
               ->  Seq Scan on s_4  (cost=0.00..163695.54 rows=10000054 width=20) (actual time=0.034..626.163 rows=10000000 loops=1)
 Planning time: 0.251 ms
 Execution time: 5607.962 ms
(10 rows)

===== 305 [Wed Mar  7 06:27:27 CET 2018] scale:10000000 groups:1000 work_mem:32MB incremental:on max_workers:2 =====
SELECT * FROM (SELECT * FROM s_1 ORDER BY a) foo ORDER BY a, b
                                                             QUERY PLAN                                                             
------------------------------------------------------------------------------------------------------------------------------------
 Limit  (cost=2595767.30..2595767.30 rows=1 width=20) (actual time=6299.495..6299.495 rows=0 loops=1)
   ->  Incremental Sort  (cost=1532229.21..2495767.91 rows=9999939 width=20) (actual time=1856.075..6047.377 rows=10000000 loops=1)
         Sort Key: s_1.a, s_1.b
         Presorted Key: s_1.a
         Sort Method: quicksort  Memory: 1192kB
         Sort Groups: 1001
         ->  Sort  (cost=1531440.69..1556440.54 rows=9999939 width=20) (actual time=1854.027..2788.559 rows=10000000 loops=1)
               Sort Key: s_1.a
               Sort Method: external merge  Disk: 293576kB
               ->  Seq Scan on s_1  (cost=0.00..163694.39 rows=9999939 width=20) (actual time=0.024..630.686 rows=10000000 loops=1)
 Planning time: 0.249 ms
 Execution time: 6334.224 ms
(12 rows)

===== 306 [Wed Mar  7 06:27:58 CET 2018] scale:10000000 groups:1000 work_mem:32MB incremental:on max_workers:2 =====
SELECT * FROM (SELECT * FROM s_2 ORDER BY a, b) foo ORDER BY a, b, c
                                                             QUERY PLAN                                                             
------------------------------------------------------------------------------------------------------------------------------------
 Limit  (cost=2117533.52..2117533.52 rows=1 width=20) (actual time=5595.338..5595.338 rows=0 loops=1)
   ->  Incremental Sort  (cost=1531440.98..2017534.13 rows=9999939 width=20) (actual time=1987.721..5339.285 rows=10000000 loops=1)
         Sort Key: s_2.a, s_2.b, s_2.c
         Presorted Key: s_2.a, s_2.b
         Sort Method: quicksort  Memory: 29kB
         Sort Groups: 270377
         ->  Sort  (cost=1531440.69..1556440.54 rows=9999939 width=20) (actual time=1987.666..2967.470 rows=10000000 loops=1)
               Sort Key: s_2.a, s_2.b
               Sort Method: external merge  Disk: 293576kB
               ->  Seq Scan on s_2  (cost=0.00..163694.39 rows=9999939 width=20) (actual time=0.032..626.230 rows=10000000 loops=1)
 Planning time: 0.241 ms
 Execution time: 5630.070 ms
(12 rows)

===== 307 [Wed Mar  7 06:28:24 CET 2018] scale:10000000 groups:1000 work_mem:32MB incremental:on max_workers:2 =====
SELECT * FROM (SELECT * FROM s_3 ORDER BY a, b, c) foo ORDER BY a, b, c, d
                                                             QUERY PLAN                                                             
------------------------------------------------------------------------------------------------------------------------------------
 Limit  (cost=2117533.52..2117533.52 rows=1 width=20) (actual time=4597.355..4597.355 rows=0 loops=1)
   ->  Incremental Sort  (cost=1531440.98..2017534.13 rows=9999939 width=20) (actual time=2061.437..4371.781 rows=10000000 loops=1)
         Sort Key: s_3.a, s_3.b, s_3.c, s_3.d
         Presorted Key: s_3.a, s_3.b, s_3.c
         Sort Method: quicksort  Memory: 27kB
         Sort Groups: 312451
         ->  Sort  (cost=1531440.69..1556440.54 rows=9999939 width=20) (actual time=2061.384..3050.160 rows=10000000 loops=1)
               Sort Key: s_3.a, s_3.b, s_3.c
               Sort Method: external merge  Disk: 293576kB
               ->  Seq Scan on s_3  (cost=0.00..163694.39 rows=9999939 width=20) (actual time=0.028..627.446 rows=10000000 loops=1)
 Planning time: 0.256 ms
 Execution time: 4631.983 ms
(12 rows)

===== 308 [Wed Mar  7 06:28:45 CET 2018] scale:10000000 groups:1000 work_mem:32MB incremental:on max_workers:2 =====
SELECT * FROM (SELECT * FROM s_4 ORDER BY a, b, c, d) foo ORDER BY a, b, c, d, e
                                                             QUERY PLAN                                                              
-------------------------------------------------------------------------------------------------------------------------------------
 Limit  (cost=2117559.13..2117559.13 rows=1 width=20) (actual time=4551.587..4551.587 rows=0 loops=1)
   ->  Incremental Sort  (cost=1531459.83..2017558.59 rows=10000054 width=20) (actual time=2057.192..4325.893 rows=10000000 loops=1)
         Sort Key: s_4.a, s_4.b, s_4.c, s_4.d, s_4.e
         Presorted Key: s_4.a, s_4.b, s_4.c, s_4.d
         Sort Method: quicksort  Memory: 27kB
         Sort Groups: 312500
         ->  Sort  (cost=1531459.54..1556459.68 rows=10000054 width=20) (actual time=2057.139..3045.274 rows=10000000 loops=1)
               Sort Key: s_4.a, s_4.b, s_4.c, s_4.d
               Sort Method: external merge  Disk: 293576kB
               ->  Seq Scan on s_4  (cost=0.00..163695.54 rows=10000054 width=20) (actual time=0.032..624.660 rows=10000000 loops=1)
 Planning time: 0.259 ms
 Execution time: 4586.318 ms
(12 rows)

===== 309 [Wed Mar  7 06:29:06 CET 2018] scale:10000000 groups:1000 work_mem:32MB incremental:off max_workers:2 =====
SELECT * FROM (SELECT * FROM s_1 ORDER BY a) foo ORDER BY a, b
                                                             QUERY PLAN                                                             
------------------------------------------------------------------------------------------------------------------------------------
 Limit  (cost=3149185.47..3149185.47 rows=1 width=20) (actual time=7695.758..7695.758 rows=0 loops=1)
   ->  Sort  (cost=3024186.23..3049186.08 rows=9999939 width=20) (actual time=6652.886..7477.983 rows=10000000 loops=1)
         Sort Key: s_1.a, s_1.b
         Sort Method: external merge  Disk: 293576kB
         ->  Sort  (cost=1531440.69..1556440.54 rows=9999939 width=20) (actual time=1842.058..2773.947 rows=10000000 loops=1)
               Sort Key: s_1.a
               Sort Method: external merge  Disk: 293576kB
               ->  Seq Scan on s_1  (cost=0.00..163694.39 rows=9999939 width=20) (actual time=0.029..628.010 rows=10000000 loops=1)
 Planning time: 0.231 ms
 Execution time: 7760.781 ms
(10 rows)

===== 310 [Wed Mar  7 06:29:46 CET 2018] scale:10000000 groups:1000 work_mem:32MB incremental:off max_workers:2 =====
SELECT * FROM (SELECT * FROM s_2 ORDER BY a, b) foo ORDER BY a, b, c
                                                             QUERY PLAN                                                             
------------------------------------------------------------------------------------------------------------------------------------
 Limit  (cost=3149185.47..3149185.47 rows=1 width=20) (actual time=7926.204..7926.204 rows=0 loops=1)
   ->  Sort  (cost=3024186.23..3049186.08 rows=9999939 width=20) (actual time=6886.766..7708.644 rows=10000000 loops=1)
         Sort Key: s_2.a, s_2.b, s_2.c
         Sort Method: external merge  Disk: 293576kB
         ->  Sort  (cost=1531440.69..1556440.54 rows=9999939 width=20) (actual time=1981.270..2915.517 rows=10000000 loops=1)
               Sort Key: s_2.a, s_2.b
               Sort Method: external merge  Disk: 293576kB
               ->  Seq Scan on s_2  (cost=0.00..163694.39 rows=9999939 width=20) (actual time=0.031..625.370 rows=10000000 loops=1)
 Planning time: 0.235 ms
 Execution time: 7991.540 ms
(10 rows)

===== 311 [Wed Mar  7 06:30:28 CET 2018] scale:10000000 groups:1000 work_mem:32MB incremental:off max_workers:2 =====
SELECT * FROM (SELECT * FROM s_3 ORDER BY a, b, c) foo ORDER BY a, b, c, d
                                                             QUERY PLAN                                                             
------------------------------------------------------------------------------------------------------------------------------------
 Limit  (cost=3149185.47..3149185.47 rows=1 width=20) (actual time=6904.550..6904.550 rows=0 loops=1)
   ->  Sort  (cost=3024186.23..3049186.08 rows=9999939 width=20) (actual time=5865.023..6686.946 rows=10000000 loops=1)
         Sort Key: s_3.a, s_3.b, s_3.c, s_3.d
         Sort Method: external merge  Disk: 293576kB
         ->  Sort  (cost=1531440.69..1556440.54 rows=9999939 width=20) (actual time=2048.503..2976.392 rows=10000000 loops=1)
               Sort Key: s_3.a, s_3.b, s_3.c
               Sort Method: external merge  Disk: 293576kB
               ->  Seq Scan on s_3  (cost=0.00..163694.39 rows=9999939 width=20) (actual time=0.029..627.504 rows=10000000 loops=1)
 Planning time: 0.242 ms
 Execution time: 6969.822 ms
(10 rows)

===== 312 [Wed Mar  7 06:31:04 CET 2018] scale:10000000 groups:1000 work_mem:32MB incremental:off max_workers:2 =====
SELECT * FROM (SELECT * FROM s_4 ORDER BY a, b, c, d) foo ORDER BY a, b, c, d, e
                                                             QUERY PLAN                                                              
-------------------------------------------------------------------------------------------------------------------------------------
 Limit  (cost=3149224.89..3149224.89 rows=1 width=20) (actual time=5523.405..5523.405 rows=0 loops=1)
   ->  Sort  (cost=3024224.22..3049224.35 rows=10000054 width=20) (actual time=4477.921..5306.006 rows=10000000 loops=1)
         Sort Key: s_4.a, s_4.b, s_4.c, s_4.d, s_4.e
         Sort Method: external merge  Disk: 293576kB
         ->  Sort  (cost=1531459.54..1556459.68 rows=10000054 width=20) (actual time=2050.602..2978.821 rows=10000000 loops=1)
               Sort Key: s_4.a, s_4.b, s_4.c, s_4.d
               Sort Method: external merge  Disk: 293576kB
               ->  Seq Scan on s_4  (cost=0.00..163695.54 rows=10000054 width=20) (actual time=0.035..626.246 rows=10000000 loops=1)
 Planning time: 0.250 ms
 Execution time: 5588.618 ms
(10 rows)

===== 313 [Wed Mar  7 06:31:31 CET 2018] scale:10000000 groups:1000 work_mem:64MB incremental:on max_workers:2 =====
SELECT * FROM (SELECT * FROM s_1 ORDER BY a) foo ORDER BY a, b
                                                             QUERY PLAN                                                             
------------------------------------------------------------------------------------------------------------------------------------
 Limit  (cost=2595767.30..2595767.30 rows=1 width=20) (actual time=6387.581..6387.581 rows=0 loops=1)
   ->  Incremental Sort  (cost=1532229.21..2495767.91 rows=9999939 width=20) (actual time=1889.894..6135.992 rows=10000000 loops=1)
         Sort Key: s_1.a, s_1.b
         Presorted Key: s_1.a
         Sort Method: quicksort  Memory: 1192kB
         Sort Groups: 1001
         ->  Sort  (cost=1531440.69..1556440.54 rows=9999939 width=20) (actual time=1888.027..2843.692 rows=10000000 loops=1)
               Sort Key: s_1.a
               Sort Method: external merge  Disk: 293648kB
               ->  Seq Scan on s_1  (cost=0.00..163694.39 rows=9999939 width=20) (actual time=0.023..630.768 rows=10000000 loops=1)
 Planning time: 0.239 ms
 Execution time: 6420.912 ms
(12 rows)

===== 314 [Wed Mar  7 06:32:02 CET 2018] scale:10000000 groups:1000 work_mem:64MB incremental:on max_workers:2 =====
SELECT * FROM (SELECT * FROM s_2 ORDER BY a, b) foo ORDER BY a, b, c
                                                             QUERY PLAN                                                             
------------------------------------------------------------------------------------------------------------------------------------
 Limit  (cost=2117533.52..2117533.52 rows=1 width=20) (actual time=5676.844..5676.844 rows=0 loops=1)
   ->  Incremental Sort  (cost=1531440.98..2017534.13 rows=9999939 width=20) (actual time=2026.003..5421.032 rows=10000000 loops=1)
         Sort Key: s_2.a, s_2.b, s_2.c
         Presorted Key: s_2.a, s_2.b
         Sort Method: quicksort  Memory: 29kB
         Sort Groups: 270377
         ->  Sort  (cost=1531440.69..1556440.54 rows=9999939 width=20) (actual time=2025.945..3024.976 rows=10000000 loops=1)
               Sort Key: s_2.a, s_2.b
               Sort Method: external merge  Disk: 293648kB
               ->  Seq Scan on s_2  (cost=0.00..163694.39 rows=9999939 width=20) (actual time=0.031..628.232 rows=10000000 loops=1)
 Planning time: 0.247 ms
 Execution time: 5713.073 ms
(12 rows)

===== 315 [Wed Mar  7 06:32:29 CET 2018] scale:10000000 groups:1000 work_mem:64MB incremental:on max_workers:2 =====
SELECT * FROM (SELECT * FROM s_3 ORDER BY a, b, c) foo ORDER BY a, b, c, d
                                                             QUERY PLAN                                                             
------------------------------------------------------------------------------------------------------------------------------------
 Limit  (cost=2117533.52..2117533.52 rows=1 width=20) (actual time=4625.506..4625.506 rows=0 loops=1)
   ->  Incremental Sort  (cost=1531440.98..2017534.13 rows=9999939 width=20) (actual time=2088.125..4399.916 rows=10000000 loops=1)
         Sort Key: s_3.a, s_3.b, s_3.c, s_3.d
         Presorted Key: s_3.a, s_3.b, s_3.c
         Sort Method: quicksort  Memory: 27kB
         Sort Groups: 312451
         ->  Sort  (cost=1531440.69..1556440.54 rows=9999939 width=20) (actual time=2088.065..3080.750 rows=10000000 loops=1)
               Sort Key: s_3.a, s_3.b, s_3.c
               Sort Method: external merge  Disk: 293648kB
               ->  Seq Scan on s_3  (cost=0.00..163694.39 rows=9999939 width=20) (actual time=0.030..629.470 rows=10000000 loops=1)
 Planning time: 0.249 ms
 Execution time: 4661.697 ms
(12 rows)

===== 316 [Wed Mar  7 06:32:50 CET 2018] scale:10000000 groups:1000 work_mem:64MB incremental:on max_workers:2 =====
SELECT * FROM (SELECT * FROM s_4 ORDER BY a, b, c, d) foo ORDER BY a, b, c, d, e
                                                             QUERY PLAN                                                              
-------------------------------------------------------------------------------------------------------------------------------------
 Limit  (cost=2117559.13..2117559.13 rows=1 width=20) (actual time=4576.298..4576.298 rows=0 loops=1)
   ->  Incremental Sort  (cost=1531459.83..2017558.59 rows=10000054 width=20) (actual time=2081.433..4350.552 rows=10000000 loops=1)
         Sort Key: s_4.a, s_4.b, s_4.c, s_4.d, s_4.e
         Presorted Key: s_4.a, s_4.b, s_4.c, s_4.d
         Sort Method: quicksort  Memory: 27kB
         Sort Groups: 312500
         ->  Sort  (cost=1531459.54..1556459.68 rows=10000054 width=20) (actual time=2081.377..3073.238 rows=10000000 loops=1)
               Sort Key: s_4.a, s_4.b, s_4.c, s_4.d
               Sort Method: external merge  Disk: 293648kB
               ->  Seq Scan on s_4  (cost=0.00..163695.54 rows=10000054 width=20) (actual time=0.032..627.336 rows=10000000 loops=1)
 Planning time: 0.263 ms
 Execution time: 4612.448 ms
(12 rows)

===== 317 [Wed Mar  7 06:33:10 CET 2018] scale:10000000 groups:1000 work_mem:64MB incremental:off max_workers:2 =====
SELECT * FROM (SELECT * FROM s_1 ORDER BY a) foo ORDER BY a, b
                                                             QUERY PLAN                                                             
------------------------------------------------------------------------------------------------------------------------------------
 Limit  (cost=3149185.47..3149185.47 rows=1 width=20) (actual time=7915.753..7915.753 rows=0 loops=1)
   ->  Sort  (cost=3024186.23..3049186.08 rows=9999939 width=20) (actual time=6843.592..7692.960 rows=10000000 loops=1)
         Sort Key: s_1.a, s_1.b
         Sort Method: external merge  Disk: 293648kB
         ->  Sort  (cost=1531440.69..1556440.54 rows=9999939 width=20) (actual time=1873.628..2838.031 rows=10000000 loops=1)
               Sort Key: s_1.a
               Sort Method: external merge  Disk: 293648kB
               ->  Seq Scan on s_1  (cost=0.00..163694.39 rows=9999939 width=20) (actual time=0.024..629.094 rows=10000000 loops=1)
 Planning time: 0.231 ms
 Execution time: 7970.821 ms
(10 rows)

===== 318 [Wed Mar  7 06:33:52 CET 2018] scale:10000000 groups:1000 work_mem:64MB incremental:off max_workers:2 =====
SELECT * FROM (SELECT * FROM s_2 ORDER BY a, b) foo ORDER BY a, b, c
                                                             QUERY PLAN                                                             
------------------------------------------------------------------------------------------------------------------------------------
 Limit  (cost=3149185.47..3149185.47 rows=1 width=20) (actual time=8113.201..8113.201 rows=0 loops=1)
   ->  Sort  (cost=3024186.23..3049186.08 rows=9999939 width=20) (actual time=7067.709..7895.644 rows=10000000 loops=1)
         Sort Key: s_2.a, s_2.b, s_2.c
         Sort Method: external merge  Disk: 293648kB
         ->  Sort  (cost=1531440.69..1556440.54 rows=9999939 width=20) (actual time=2012.548..2976.287 rows=10000000 loops=1)
               Sort Key: s_2.a, s_2.b
               Sort Method: external merge  Disk: 293648kB
               ->  Seq Scan on s_2  (cost=0.00..163694.39 rows=9999939 width=20) (actual time=0.031..627.143 rows=10000000 loops=1)
 Planning time: 0.246 ms
 Execution time: 8168.266 ms
(10 rows)

===== 319 [Wed Mar  7 06:34:34 CET 2018] scale:10000000 groups:1000 work_mem:64MB incremental:off max_workers:2 =====
SELECT * FROM (SELECT * FROM s_3 ORDER BY a, b, c) foo ORDER BY a, b, c, d
                                                             QUERY PLAN                                                             
------------------------------------------------------------------------------------------------------------------------------------
 Limit  (cost=3149185.47..3149185.47 rows=1 width=20) (actual time=7054.956..7054.956 rows=0 loops=1)
   ->  Sort  (cost=3024186.23..3049186.08 rows=9999939 width=20) (actual time=6012.060..6837.796 rows=10000000 loops=1)
         Sort Key: s_3.a, s_3.b, s_3.c, s_3.d
         Sort Method: external merge  Disk: 293648kB
         ->  Sort  (cost=1531440.69..1556440.54 rows=9999939 width=20) (actual time=2084.546..3019.182 rows=10000000 loops=1)
               Sort Key: s_3.a, s_3.b, s_3.c
               Sort Method: external merge  Disk: 293648kB
               ->  Seq Scan on s_3  (cost=0.00..163694.39 rows=9999939 width=20) (actual time=0.029..630.388 rows=10000000 loops=1)
 Planning time: 0.242 ms
 Execution time: 7118.078 ms
(10 rows)

===== 320 [Wed Mar  7 06:35:11 CET 2018] scale:10000000 groups:1000 work_mem:64MB incremental:off max_workers:2 =====
SELECT * FROM (SELECT * FROM s_4 ORDER BY a, b, c, d) foo ORDER BY a, b, c, d, e
                                                             QUERY PLAN                                                              
-------------------------------------------------------------------------------------------------------------------------------------
 Limit  (cost=3149224.89..3149224.89 rows=1 width=20) (actual time=5718.358..5718.358 rows=0 loops=1)
   ->  Sort  (cost=3024224.22..3049224.35 rows=10000054 width=20) (actual time=4676.045..5501.382 rows=10000000 loops=1)
         Sort Key: s_4.a, s_4.b, s_4.c, s_4.d, s_4.e
         Sort Method: external merge  Disk: 293648kB
         ->  Sort  (cost=1531459.54..1556459.68 rows=10000054 width=20) (actual time=2079.179..3013.770 rows=10000000 loops=1)
               Sort Key: s_4.a, s_4.b, s_4.c, s_4.d
               Sort Method: external merge  Disk: 293648kB
               ->  Seq Scan on s_4  (cost=0.00..163695.54 rows=10000054 width=20) (actual time=0.035..626.819 rows=10000000 loops=1)
 Planning time: 0.251 ms
 Execution time: 5781.509 ms
(10 rows)

===== 321 [Wed Mar  7 06:35:39 CET 2018] scale:10000000 groups:1000 work_mem:128MB incremental:on max_workers:2 =====
SELECT * FROM (SELECT * FROM s_1 ORDER BY a) foo ORDER BY a, b
                                                             QUERY PLAN                                                             
------------------------------------------------------------------------------------------------------------------------------------
 Limit  (cost=2595767.30..2595767.30 rows=1 width=20) (actual time=6392.994..6392.994 rows=0 loops=1)
   ->  Incremental Sort  (cost=1532229.21..2495767.91 rows=9999939 width=20) (actual time=1953.536..6141.132 rows=10000000 loops=1)
         Sort Key: s_1.a, s_1.b
         Presorted Key: s_1.a
         Sort Method: quicksort  Memory: 1192kB
         Sort Groups: 1001
         ->  Sort  (cost=1531440.69..1556440.54 rows=9999939 width=20) (actual time=1951.671..2874.299 rows=10000000 loops=1)
               Sort Key: s_1.a
               Sort Method: external merge  Disk: 293568kB
               ->  Seq Scan on s_1  (cost=0.00..163694.39 rows=9999939 width=20) (actual time=0.024..634.559 rows=10000000 loops=1)
 Planning time: 0.238 ms
 Execution time: 6431.724 ms
(12 rows)

===== 322 [Wed Mar  7 06:36:11 CET 2018] scale:10000000 groups:1000 work_mem:128MB incremental:on max_workers:2 =====
SELECT * FROM (SELECT * FROM s_2 ORDER BY a, b) foo ORDER BY a, b, c
                                                             QUERY PLAN                                                             
------------------------------------------------------------------------------------------------------------------------------------
 Limit  (cost=2117533.52..2117533.52 rows=1 width=20) (actual time=5686.328..5686.328 rows=0 loops=1)
   ->  Incremental Sort  (cost=1531440.98..2017534.13 rows=9999939 width=20) (actual time=2089.386..5430.360 rows=10000000 loops=1)
         Sort Key: s_2.a, s_2.b, s_2.c
         Presorted Key: s_2.a, s_2.b
         Sort Method: quicksort  Memory: 29kB
         Sort Groups: 270377
         ->  Sort  (cost=1531440.69..1556440.54 rows=9999939 width=20) (actual time=2089.329..3060.425 rows=10000000 loops=1)
               Sort Key: s_2.a, s_2.b
               Sort Method: external merge  Disk: 293568kB
               ->  Seq Scan on s_2  (cost=0.00..163694.39 rows=9999939 width=20) (actual time=0.030..631.578 rows=10000000 loops=1)
 Planning time: 0.239 ms
 Execution time: 5725.055 ms
(12 rows)

===== 323 [Wed Mar  7 06:36:38 CET 2018] scale:10000000 groups:1000 work_mem:128MB incremental:on max_workers:2 =====
SELECT * FROM (SELECT * FROM s_3 ORDER BY a, b, c) foo ORDER BY a, b, c, d
                                                             QUERY PLAN                                                             
------------------------------------------------------------------------------------------------------------------------------------
 Limit  (cost=2117533.52..2117533.52 rows=1 width=20) (actual time=4760.545..4760.545 rows=0 loops=1)
   ->  Incremental Sort  (cost=1531440.98..2017534.13 rows=9999939 width=20) (actual time=2213.082..4534.958 rows=10000000 loops=1)
         Sort Key: s_3.a, s_3.b, s_3.c, s_3.d
         Presorted Key: s_3.a, s_3.b, s_3.c
         Sort Method: quicksort  Memory: 27kB
         Sort Groups: 312451
         ->  Sort  (cost=1531440.69..1556440.54 rows=9999939 width=20) (actual time=2213.023..3199.343 rows=10000000 loops=1)
               Sort Key: s_3.a, s_3.b, s_3.c
               Sort Method: external merge  Disk: 293568kB
               ->  Seq Scan on s_3  (cost=0.00..163694.39 rows=9999939 width=20) (actual time=0.028..626.981 rows=10000000 loops=1)
 Planning time: 0.247 ms
 Execution time: 4799.314 ms
(12 rows)

===== 324 [Wed Mar  7 06:36:59 CET 2018] scale:10000000 groups:1000 work_mem:128MB incremental:on max_workers:2 =====
SELECT * FROM (SELECT * FROM s_4 ORDER BY a, b, c, d) foo ORDER BY a, b, c, d, e
                                                             QUERY PLAN                                                              
-------------------------------------------------------------------------------------------------------------------------------------
 Limit  (cost=2117559.13..2117559.13 rows=1 width=20) (actual time=4714.769..4714.769 rows=0 loops=1)
   ->  Incremental Sort  (cost=1531459.83..2017558.59 rows=10000054 width=20) (actual time=2212.464..4488.996 rows=10000000 loops=1)
         Sort Key: s_4.a, s_4.b, s_4.c, s_4.d, s_4.e
         Presorted Key: s_4.a, s_4.b, s_4.c, s_4.d
         Sort Method: quicksort  Memory: 27kB
         Sort Groups: 312500
         ->  Sort  (cost=1531459.54..1556459.68 rows=10000054 width=20) (actual time=2212.405..3197.838 rows=10000000 loops=1)
               Sort Key: s_4.a, s_4.b, s_4.c, s_4.d
               Sort Method: external merge  Disk: 293568kB
               ->  Seq Scan on s_4  (cost=0.00..163695.54 rows=10000054 width=20) (actual time=0.032..624.886 rows=10000000 loops=1)
 Planning time: 0.256 ms
 Execution time: 4753.505 ms
(12 rows)

===== 325 [Wed Mar  7 06:37:20 CET 2018] scale:10000000 groups:1000 work_mem:128MB incremental:off max_workers:2 =====
SELECT * FROM (SELECT * FROM s_1 ORDER BY a) foo ORDER BY a, b
                                                             QUERY PLAN                                                             
------------------------------------------------------------------------------------------------------------------------------------
 Limit  (cost=3149185.47..3149185.47 rows=1 width=20) (actual time=7986.845..7986.845 rows=0 loops=1)
   ->  Sort  (cost=3024186.23..3049186.08 rows=9999939 width=20) (actual time=6949.600..7769.231 rows=10000000 loops=1)
         Sort Key: s_1.a, s_1.b
         Sort Method: external merge  Disk: 293568kB
         ->  Sort  (cost=1531440.69..1556440.54 rows=9999939 width=20) (actual time=1942.586..2862.423 rows=10000000 loops=1)
               Sort Key: s_1.a
               Sort Method: external merge  Disk: 293568kB
               ->  Seq Scan on s_1  (cost=0.00..163694.39 rows=9999939 width=20) (actual time=0.024..633.051 rows=10000000 loops=1)
 Planning time: 0.242 ms
 Execution time: 8054.706 ms
(10 rows)

===== 326 [Wed Mar  7 06:38:03 CET 2018] scale:10000000 groups:1000 work_mem:128MB incremental:off max_workers:2 =====
SELECT * FROM (SELECT * FROM s_2 ORDER BY a, b) foo ORDER BY a, b, c
                                                             QUERY PLAN                                                             
------------------------------------------------------------------------------------------------------------------------------------
 Limit  (cost=3149185.47..3149185.47 rows=1 width=20) (actual time=8206.534..8206.534 rows=0 loops=1)
   ->  Sort  (cost=3024186.23..3049186.08 rows=9999939 width=20) (actual time=7170.444..7988.949 rows=10000000 loops=1)
         Sort Key: s_2.a, s_2.b, s_2.c
         Sort Method: external merge  Disk: 293568kB
         ->  Sort  (cost=1531440.69..1556440.54 rows=9999939 width=20) (actual time=2077.622..2996.960 rows=10000000 loops=1)
               Sort Key: s_2.a, s_2.b
               Sort Method: external merge  Disk: 293568kB
               ->  Seq Scan on s_2  (cost=0.00..163694.39 rows=9999939 width=20) (actual time=0.031..630.469 rows=10000000 loops=1)
 Planning time: 0.241 ms
 Execution time: 8274.521 ms
(10 rows)

===== 327 [Wed Mar  7 06:38:46 CET 2018] scale:10000000 groups:1000 work_mem:128MB incremental:off max_workers:2 =====
SELECT * FROM (SELECT * FROM s_3 ORDER BY a, b, c) foo ORDER BY a, b, c, d
                                                             QUERY PLAN                                                             
------------------------------------------------------------------------------------------------------------------------------------
 Limit  (cost=3149185.47..3149185.47 rows=1 width=20) (actual time=7202.448..7202.448 rows=0 loops=1)
   ->  Sort  (cost=3024186.23..3049186.08 rows=9999939 width=20) (actual time=6176.782..6985.138 rows=10000000 loops=1)
         Sort Key: s_3.a, s_3.b, s_3.c, s_3.d
         Sort Method: external merge  Disk: 293568kB
         ->  Sort  (cost=1531440.69..1556440.54 rows=9999939 width=20) (actual time=2149.576..3068.121 rows=10000000 loops=1)
               Sort Key: s_3.a, s_3.b, s_3.c
               Sort Method: external merge  Disk: 293568kB
               ->  Seq Scan on s_3  (cost=0.00..163694.39 rows=9999939 width=20) (actual time=0.030..633.948 rows=10000000 loops=1)
 Planning time: 0.247 ms
 Execution time: 7270.351 ms
(10 rows)

===== 328 [Wed Mar  7 06:39:23 CET 2018] scale:10000000 groups:1000 work_mem:128MB incremental:off max_workers:2 =====
SELECT * FROM (SELECT * FROM s_4 ORDER BY a, b, c, d) foo ORDER BY a, b, c, d, e
                                                             QUERY PLAN                                                              
-------------------------------------------------------------------------------------------------------------------------------------
 Limit  (cost=3149224.89..3149224.89 rows=1 width=20) (actual time=5983.032..5983.032 rows=0 loops=1)
   ->  Sort  (cost=3024224.22..3049224.35 rows=10000054 width=20) (actual time=4957.520..5765.707 rows=10000000 loops=1)
         Sort Key: s_4.a, s_4.b, s_4.c, s_4.d, s_4.e
         Sort Method: external merge  Disk: 293568kB
         ->  Sort  (cost=1531459.54..1556459.68 rows=10000054 width=20) (actual time=2149.595..3068.111 rows=10000000 loops=1)
               Sort Key: s_4.a, s_4.b, s_4.c, s_4.d
               Sort Method: external merge  Disk: 293568kB
               ->  Seq Scan on s_4  (cost=0.00..163695.54 rows=10000054 width=20) (actual time=0.035..631.606 rows=10000000 loops=1)
 Planning time: 0.256 ms
 Execution time: 6051.029 ms
(10 rows)

===== 329 [Wed Mar  7 06:39:53 CET 2018] scale:10000000 groups:1000 work_mem:256MB incremental:on max_workers:2 =====
SELECT * FROM (SELECT * FROM s_1 ORDER BY a) foo ORDER BY a, b
                                                             QUERY PLAN                                                             
------------------------------------------------------------------------------------------------------------------------------------
 Limit  (cost=2411589.75..2411589.75 rows=1 width=20) (actual time=6441.651..6441.651 rows=0 loops=1)
   ->  Incremental Sort  (cost=1532091.00..2328256.93 rows=8333282 width=20) (actual time=2108.553..6189.835 rows=10000000 loops=1)
         Sort Key: s_1.a, s_1.b
         Presorted Key: s_1.a
         Sort Method: quicksort  Memory: 1192kB
         Sort Groups: 1001
         ->  Sort  (cost=1531440.69..1556440.54 rows=9999939 width=20) (actual time=2106.657..2946.682 rows=10000000 loops=1)
               Sort Key: s_1.a
               Sort Method: external merge  Disk: 293552kB
               ->  Seq Scan on s_1  (cost=0.00..163694.39 rows=9999939 width=20) (actual time=0.024..642.826 rows=10000000 loops=1)
 Planning time: 0.246 ms
 Execution time: 6483.129 ms
(12 rows)

===== 330 [Wed Mar  7 06:40:25 CET 2018] scale:10000000 groups:1000 work_mem:256MB incremental:on max_workers:2 =====
SELECT * FROM (SELECT * FROM s_2 ORDER BY a, b) foo ORDER BY a, b, c
                                                             QUERY PLAN                                                             
------------------------------------------------------------------------------------------------------------------------------------
 Limit  (cost=2024018.01..2024018.01 rows=1 width=20) (actual time=5821.317..5821.317 rows=0 loops=1)
   ->  Incremental Sort  (cost=1531440.99..1940685.19 rows=8333282 width=20) (actual time=2225.301..5597.523 rows=10000000 loops=1)
         Sort Key: s_2.a, s_2.b, s_2.c
         Presorted Key: s_2.a, s_2.b
         Sort Method: quicksort  Memory: 29kB
         Sort Groups: 270377
         ->  Sort  (cost=1531440.69..1556440.54 rows=9999939 width=20) (actual time=2225.245..3152.318 rows=10000000 loops=1)
               Sort Key: s_2.a, s_2.b
               Sort Method: external merge  Disk: 293552kB
               ->  Seq Scan on s_2  (cost=0.00..163694.39 rows=9999939 width=20) (actual time=0.031..640.877 rows=10000000 loops=1)
 Planning time: 0.249 ms
 Execution time: 5858.746 ms
(12 rows)

===== 331 [Wed Mar  7 06:40:53 CET 2018] scale:10000000 groups:1000 work_mem:256MB incremental:on max_workers:2 =====
SELECT * FROM (SELECT * FROM s_3 ORDER BY a, b, c) foo ORDER BY a, b, c, d
                                                             QUERY PLAN                                                             
------------------------------------------------------------------------------------------------------------------------------------
 Limit  (cost=2024018.01..2024018.01 rows=1 width=20) (actual time=4810.783..4810.783 rows=0 loops=1)
   ->  Incremental Sort  (cost=1531440.99..1940685.19 rows=8333282 width=20) (actual time=2343.020..4585.198 rows=10000000 loops=1)
         Sort Key: s_3.a, s_3.b, s_3.c, s_3.d
         Presorted Key: s_3.a, s_3.b, s_3.c
         Sort Method: quicksort  Memory: 27kB
         Sort Groups: 312451
         ->  Sort  (cost=1531440.69..1556440.54 rows=9999939 width=20) (actual time=2342.964..3248.945 rows=10000000 loops=1)
               Sort Key: s_3.a, s_3.b, s_3.c
               Sort Method: external merge  Disk: 293552kB
               ->  Seq Scan on s_3  (cost=0.00..163694.39 rows=9999939 width=20) (actual time=0.029..637.060 rows=10000000 loops=1)
 Planning time: 0.249 ms
 Execution time: 4852.293 ms
(12 rows)

===== 332 [Wed Mar  7 06:41:14 CET 2018] scale:10000000 groups:1000 work_mem:256MB incremental:on max_workers:2 =====
SELECT * FROM (SELECT * FROM s_4 ORDER BY a, b, c, d) foo ORDER BY a, b, c, d, e
                                                             QUERY PLAN                                                              
-------------------------------------------------------------------------------------------------------------------------------------
 Limit  (cost=2024042.51..2024042.51 rows=1 width=20) (actual time=4771.050..4771.050 rows=0 loops=1)
   ->  Incremental Sort  (cost=1531459.84..1940708.73 rows=8333378 width=20) (actual time=2344.567..4545.766 rows=10000000 loops=1)
         Sort Key: s_4.a, s_4.b, s_4.c, s_4.d, s_4.e
         Presorted Key: s_4.a, s_4.b, s_4.c, s_4.d
         Sort Method: quicksort  Memory: 27kB
         Sort Groups: 312500
         ->  Sort  (cost=1531459.54..1556459.68 rows=10000054 width=20) (actual time=2344.512..3250.299 rows=10000000 loops=1)
               Sort Key: s_4.a, s_4.b, s_4.c, s_4.d
               Sort Method: external merge  Disk: 293552kB
               ->  Seq Scan on s_4  (cost=0.00..163695.54 rows=10000054 width=20) (actual time=0.032..635.147 rows=10000000 loops=1)
 Planning time: 0.264 ms
 Execution time: 4812.564 ms
(12 rows)

===== 333 [Wed Mar  7 06:41:36 CET 2018] scale:10000000 groups:1000 work_mem:256MB incremental:off max_workers:2 =====
SELECT * FROM (SELECT * FROM s_1 ORDER BY a) foo ORDER BY a, b
                                                                    QUERY PLAN                                                                    
--------------------------------------------------------------------------------------------------------------------------------------------------
 Limit  (cost=2853103.68..2853103.68 rows=1 width=20) (actual time=7830.398..7830.398 rows=0 loops=1)
   ->  Sort  (cost=2748937.65..2769770.86 rows=8333282 width=20) (actual time=6852.198..7612.020 rows=10000000 loops=1)
         Sort Key: s_1.a, s_1.b
         Sort Method: external merge  Disk: 293552kB
         ->  Gather Merge  (cost=564493.06..1536777.17 rows=8333282 width=20) (actual time=827.174..2369.137 rows=10000000 loops=1)
               Workers Planned: 2
               Workers Launched: 2
               ->  Sort  (cost=563493.04..573909.64 rows=4166641 width=20) (actual time=825.361..1108.568 rows=3333333 loops=3)
                     Sort Key: s_1.a
                     Sort Method: external merge  Disk: 97376kB
                     Worker 0:  Sort Method: external merge  Disk: 98064kB
                     Worker 1:  Sort Method: external merge  Disk: 98112kB
                     ->  Parallel Seq Scan on s_1  (cost=0.00..105361.41 rows=4166641 width=20) (actual time=0.025..236.567 rows=3333333 loops=3)
 Planning time: 0.250 ms
 Execution time: 7878.002 ms
(15 rows)

===== 334 [Wed Mar  7 06:42:17 CET 2018] scale:10000000 groups:1000 work_mem:256MB incremental:off max_workers:2 =====
SELECT * FROM (SELECT * FROM s_2 ORDER BY a, b) foo ORDER BY a, b, c
                                                                    QUERY PLAN                                                                    
--------------------------------------------------------------------------------------------------------------------------------------------------
 Limit  (cost=2853103.68..2853103.68 rows=1 width=20) (actual time=8304.637..8304.637 rows=0 loops=1)
   ->  Sort  (cost=2748937.65..2769770.86 rows=8333282 width=20) (actual time=7328.549..8085.962 rows=10000000 loops=1)
         Sort Key: s_2.a, s_2.b, s_2.c
         Sort Method: external merge  Disk: 293552kB
         ->  Gather Merge  (cost=564493.06..1536777.17 rows=8333282 width=20) (actual time=877.541..2675.299 rows=10000000 loops=1)
               Workers Planned: 2
               Workers Launched: 2
               ->  Sort  (cost=563493.04..573909.64 rows=4166641 width=20) (actual time=875.931..1165.349 rows=3333333 loops=3)
                     Sort Key: s_2.a, s_2.b
                     Sort Method: external merge  Disk: 97568kB
                     Worker 0:  Sort Method: external merge  Disk: 97896kB
                     Worker 1:  Sort Method: external merge  Disk: 98096kB
                     ->  Parallel Seq Scan on s_2  (cost=0.00..105361.41 rows=4166641 width=20) (actual time=0.024..236.301 rows=3333333 loops=3)
 Planning time: 0.248 ms
 Execution time: 8349.636 ms
(15 rows)

===== 335 [Wed Mar  7 06:43:01 CET 2018] scale:10000000 groups:1000 work_mem:256MB incremental:off max_workers:2 =====
SELECT * FROM (SELECT * FROM s_3 ORDER BY a, b, c) foo ORDER BY a, b, c, d
                                                                    QUERY PLAN                                                                    
--------------------------------------------------------------------------------------------------------------------------------------------------
 Limit  (cost=2853103.68..2853103.68 rows=1 width=20) (actual time=7259.843..7259.843 rows=0 loops=1)
   ->  Sort  (cost=2748937.65..2769770.86 rows=8333282 width=20) (actual time=6283.955..7041.273 rows=10000000 loops=1)
         Sort Key: s_3.a, s_3.b, s_3.c, s_3.d
         Sort Method: external merge  Disk: 293552kB
         ->  Gather Merge  (cost=564493.06..1536777.17 rows=8333282 width=20) (actual time=896.930..2699.403 rows=10000000 loops=1)
               Workers Planned: 2
               Workers Launched: 2
               ->  Sort  (cost=563493.04..573909.64 rows=4166641 width=20) (actual time=894.930..1186.278 rows=3333333 loops=3)
                     Sort Key: s_3.a, s_3.b, s_3.c
                     Sort Method: external merge  Disk: 97936kB
                     Worker 0:  Sort Method: external merge  Disk: 97640kB
                     Worker 1:  Sort Method: external merge  Disk: 97976kB
                     ->  Parallel Seq Scan on s_3  (cost=0.00..105361.41 rows=4166641 width=20) (actual time=0.025..237.764 rows=3333333 loops=3)
 Planning time: 0.256 ms
 Execution time: 7305.046 ms
(15 rows)

===== 336 [Wed Mar  7 06:43:39 CET 2018] scale:10000000 groups:1000 work_mem:256MB incremental:off max_workers:2 =====
SELECT * FROM (SELECT * FROM s_4 ORDER BY a, b, c, d) foo ORDER BY a, b, c, d, e
                                                                    QUERY PLAN                                                                    
--------------------------------------------------------------------------------------------------------------------------------------------------
 Limit  (cost=2853138.37..2853138.37 rows=1 width=20) (actual time=6050.104..6050.104 rows=0 loops=1)
   ->  Sort  (cost=2748971.14..2769804.59 rows=8333378 width=20) (actual time=5074.658..5831.592 rows=10000000 loops=1)
         Sort Key: s_4.a, s_4.b, s_4.c, s_4.d, s_4.e
         Sort Method: external merge  Disk: 293552kB
         ->  Gather Merge  (cost=564499.16..1536794.48 rows=8333378 width=20) (actual time=896.018..2693.273 rows=10000000 loops=1)
               Workers Planned: 2
               Workers Launched: 2
               ->  Sort  (cost=563499.14..573915.86 rows=4166689 width=20) (actual time=894.237..1185.215 rows=3333333 loops=3)
                     Sort Key: s_4.a, s_4.b, s_4.c, s_4.d
                     Sort Method: external merge  Disk: 97232kB
                     Worker 0:  Sort Method: external merge  Disk: 97984kB
                     Worker 1:  Sort Method: external merge  Disk: 98344kB
                     ->  Parallel Seq Scan on s_4  (cost=0.00..105361.89 rows=4166689 width=20) (actual time=0.026..237.125 rows=3333333 loops=3)
 Planning time: 0.257 ms
 Execution time: 6095.137 ms
(15 rows)

===== 337 [Wed Mar  7 06:45:13 CET 2018] scale:10000000 groups:10000 work_mem:4MB incremental:on max_workers:0 =====
SELECT * FROM (SELECT * FROM s_1 ORDER BY a) foo ORDER BY a, b
                                                             QUERY PLAN                                                              
-------------------------------------------------------------------------------------------------------------------------------------
 Limit  (cost=2638711.40..2638711.40 rows=1 width=20) (actual time=7782.691..7782.691 rows=0 loops=1)
   ->  Incremental Sort  (cost=1736608.02..2538710.86 rows=10000054 width=20) (actual time=3380.393..7527.450 rows=10000000 loops=1)
         Sort Key: s_1.a, s_1.b
         Presorted Key: s_1.a
         Sort Method: quicksort  Memory: 136kB
         Sort Groups: 10001
         ->  Sort  (cost=1736542.04..1761542.18 rows=10000054 width=20) (actual time=3380.158..4324.561 rows=10000000 loops=1)
               Sort Key: s_1.a
               Sort Method: external merge  Disk: 293600kB
               ->  Seq Scan on s_1  (cost=0.00..163695.54 rows=10000054 width=20) (actual time=0.021..648.827 rows=10000000 loops=1)
 Planning time: 0.236 ms
 Execution time: 7811.628 ms
(12 rows)

===== 338 [Wed Mar  7 06:45:53 CET 2018] scale:10000000 groups:10000 work_mem:4MB incremental:on max_workers:0 =====
SELECT * FROM (SELECT * FROM s_2 ORDER BY a, b) foo ORDER BY a, b, c
                                                             QUERY PLAN                                                              
-------------------------------------------------------------------------------------------------------------------------------------
 Limit  (cost=2322641.63..2322641.63 rows=1 width=20) (actual time=6216.893..6216.893 rows=0 loops=1)
   ->  Incremental Sort  (cost=1736542.33..2222641.09 rows=10000054 width=20) (actual time=3505.870..5964.873 rows=10000000 loops=1)
         Sort Key: s_2.a, s_2.b, s_2.c
         Presorted Key: s_2.a, s_2.b
         Sort Method: quicksort  Memory: 27kB
         Sort Groups: 312008
         ->  Sort  (cost=1736542.04..1761542.18 rows=10000054 width=20) (actual time=3505.816..4497.750 rows=10000000 loops=1)
               Sort Key: s_2.a, s_2.b
               Sort Method: external merge  Disk: 293600kB
               ->  Seq Scan on s_2  (cost=0.00..163695.54 rows=10000054 width=20) (actual time=0.025..646.247 rows=10000000 loops=1)
 Planning time: 0.246 ms
 Execution time: 6245.754 ms
(12 rows)

===== 339 [Wed Mar  7 06:46:23 CET 2018] scale:10000000 groups:10000 work_mem:4MB incremental:on max_workers:0 =====
SELECT * FROM (SELECT * FROM s_3 ORDER BY a, b, c) foo ORDER BY a, b, c, d
                                                             QUERY PLAN                                                              
-------------------------------------------------------------------------------------------------------------------------------------
 Limit  (cost=2322641.63..2322641.63 rows=1 width=20) (actual time=6105.940..6105.940 rows=0 loops=1)
   ->  Incremental Sort  (cost=1736542.33..2222641.09 rows=10000054 width=20) (actual time=3508.269..5851.692 rows=10000000 loops=1)
         Sort Key: s_3.a, s_3.b, s_3.c, s_3.d
         Presorted Key: s_3.a, s_3.b, s_3.c
         Sort Method: quicksort  Memory: 27kB
         Sort Groups: 312500
         ->  Sort  (cost=1736542.04..1761542.18 rows=10000054 width=20) (actual time=3508.215..4509.810 rows=10000000 loops=1)
               Sort Key: s_3.a, s_3.b, s_3.c
               Sort Method: external merge  Disk: 293600kB
               ->  Seq Scan on s_3  (cost=0.00..163695.54 rows=10000054 width=20) (actual time=0.031..648.393 rows=10000000 loops=1)
 Planning time: 0.258 ms
 Execution time: 6134.911 ms
(12 rows)

===== 340 [Wed Mar  7 06:46:52 CET 2018] scale:10000000 groups:10000 work_mem:4MB incremental:on max_workers:0 =====
SELECT * FROM (SELECT * FROM s_4 ORDER BY a, b, c, d) foo ORDER BY a, b, c, d, e
                                                             QUERY PLAN                                                              
-------------------------------------------------------------------------------------------------------------------------------------
 Limit  (cost=2322641.63..2322641.63 rows=1 width=20) (actual time=5914.749..5914.749 rows=0 loops=1)
   ->  Incremental Sort  (cost=1736542.33..2222641.09 rows=10000054 width=20) (actual time=3494.170..5688.557 rows=10000000 loops=1)
         Sort Key: s_4.a, s_4.b, s_4.c, s_4.d, s_4.e
         Presorted Key: s_4.a, s_4.b, s_4.c, s_4.d
         Sort Method: quicksort  Memory: 27kB
         Sort Groups: 312500
         ->  Sort  (cost=1736542.04..1761542.18 rows=10000054 width=20) (actual time=3494.116..4481.588 rows=10000000 loops=1)
               Sort Key: s_4.a, s_4.b, s_4.c, s_4.d
               Sort Method: external merge  Disk: 293600kB
               ->  Seq Scan on s_4  (cost=0.00..163695.54 rows=10000054 width=20) (actual time=0.030..646.955 rows=10000000 loops=1)
 Planning time: 0.248 ms
 Execution time: 5943.890 ms
(12 rows)

===== 341 [Wed Mar  7 06:47:21 CET 2018] scale:10000000 groups:10000 work_mem:4MB incremental:off max_workers:0 =====
SELECT * FROM (SELECT * FROM s_1 ORDER BY a) foo ORDER BY a, b
                                                             QUERY PLAN                                                              
-------------------------------------------------------------------------------------------------------------------------------------
 Limit  (cost=3559389.89..3559389.89 rows=1 width=20) (actual time=10346.491..10346.491 rows=0 loops=1)
   ->  Sort  (cost=3434389.22..3459389.35 rows=10000054 width=20) (actual time=9297.573..10126.714 rows=10000000 loops=1)
         Sort Key: s_1.a, s_1.b
         Sort Method: external merge  Disk: 293600kB
         ->  Sort  (cost=1736542.04..1761542.18 rows=10000054 width=20) (actual time=3359.988..4294.062 rows=10000000 loops=1)
               Sort Key: s_1.a
               Sort Method: external merge  Disk: 293600kB
               ->  Seq Scan on s_1  (cost=0.00..163695.54 rows=10000054 width=20) (actual time=0.027..641.201 rows=10000000 loops=1)
 Planning time: 0.245 ms
 Execution time: 10406.261 ms
(10 rows)

===== 342 [Wed Mar  7 06:48:17 CET 2018] scale:10000000 groups:10000 work_mem:4MB incremental:off max_workers:0 =====
SELECT * FROM (SELECT * FROM s_2 ORDER BY a, b) foo ORDER BY a, b, c
                                                             QUERY PLAN                                                              
-------------------------------------------------------------------------------------------------------------------------------------
 Limit  (cost=3559389.89..3559389.89 rows=1 width=20) (actual time=9684.663..9684.663 rows=0 loops=1)
   ->  Sort  (cost=3434389.22..3459389.35 rows=10000054 width=20) (actual time=8637.976..9464.931 rows=10000000 loops=1)
         Sort Key: s_2.a, s_2.b, s_2.c
         Sort Method: external merge  Disk: 293600kB
         ->  Sort  (cost=1736542.04..1761542.18 rows=10000054 width=20) (actual time=3491.692..4429.337 rows=10000000 loops=1)
               Sort Key: s_2.a, s_2.b
               Sort Method: external merge  Disk: 293600kB
               ->  Seq Scan on s_2  (cost=0.00..163695.54 rows=10000054 width=20) (actual time=0.032..639.166 rows=10000000 loops=1)
 Planning time: 0.239 ms
 Execution time: 9744.740 ms
(10 rows)

===== 343 [Wed Mar  7 06:49:09 CET 2018] scale:10000000 groups:10000 work_mem:4MB incremental:off max_workers:0 =====
SELECT * FROM (SELECT * FROM s_3 ORDER BY a, b, c) foo ORDER BY a, b, c, d
                                                             QUERY PLAN                                                              
-------------------------------------------------------------------------------------------------------------------------------------
 Limit  (cost=3559389.89..3559389.89 rows=1 width=20) (actual time=8260.232..8260.232 rows=0 loops=1)
   ->  Sort  (cost=3434389.22..3459389.35 rows=10000054 width=20) (actual time=7213.907..8040.568 rows=10000000 loops=1)
         Sort Key: s_3.a, s_3.b, s_3.c, s_3.d
         Sort Method: external merge  Disk: 293600kB
         ->  Sort  (cost=1736542.04..1761542.18 rows=10000054 width=20) (actual time=3501.730..4439.587 rows=10000000 loops=1)
               Sort Key: s_3.a, s_3.b, s_3.c
               Sort Method: external merge  Disk: 293600kB
               ->  Seq Scan on s_3  (cost=0.00..163695.54 rows=10000054 width=20) (actual time=0.032..642.805 rows=10000000 loops=1)
 Planning time: 0.243 ms
 Execution time: 8320.351 ms
(10 rows)

===== 344 [Wed Mar  7 06:49:53 CET 2018] scale:10000000 groups:10000 work_mem:4MB incremental:off max_workers:0 =====
SELECT * FROM (SELECT * FROM s_4 ORDER BY a, b, c, d) foo ORDER BY a, b, c, d, e
                                                             QUERY PLAN                                                              
-------------------------------------------------------------------------------------------------------------------------------------
 Limit  (cost=3559389.89..3559389.89 rows=1 width=20) (actual time=8242.680..8242.680 rows=0 loops=1)
   ->  Sort  (cost=3434389.22..3459389.35 rows=10000054 width=20) (actual time=7197.306..8023.352 rows=10000000 loops=1)
         Sort Key: s_4.a, s_4.b, s_4.c, s_4.d, s_4.e
         Sort Method: external merge  Disk: 293600kB
         ->  Sort  (cost=1736542.04..1761542.18 rows=10000054 width=20) (actual time=3498.776..4433.685 rows=10000000 loops=1)
               Sort Key: s_4.a, s_4.b, s_4.c, s_4.d
               Sort Method: external merge  Disk: 293600kB
               ->  Seq Scan on s_4  (cost=0.00..163695.54 rows=10000054 width=20) (actual time=0.030..640.118 rows=10000000 loops=1)
 Planning time: 0.245 ms
 Execution time: 8302.985 ms
(10 rows)

===== 345 [Wed Mar  7 06:50:37 CET 2018] scale:10000000 groups:10000 work_mem:8MB incremental:on max_workers:0 =====
SELECT * FROM (SELECT * FROM s_1 ORDER BY a) foo ORDER BY a, b
                                                             QUERY PLAN                                                              
-------------------------------------------------------------------------------------------------------------------------------------
 Limit  (cost=2638711.40..2638711.40 rows=1 width=20) (actual time=6910.007..6910.007 rows=0 loops=1)
   ->  Incremental Sort  (cost=1736608.02..2538710.86 rows=10000054 width=20) (actual time=2641.838..6694.216 rows=10000000 loops=1)
         Sort Key: s_1.a, s_1.b
         Presorted Key: s_1.a
         Sort Method: quicksort  Memory: 136kB
         Sort Groups: 10001
         ->  Sort  (cost=1736542.04..1761542.18 rows=10000054 width=20) (actual time=2641.600..3582.170 rows=10000000 loops=1)
               Sort Key: s_1.a
               Sort Method: external merge  Disk: 293608kB
               ->  Seq Scan on s_1  (cost=0.00..163695.54 rows=10000054 width=20) (actual time=0.027..640.596 rows=10000000 loops=1)
 Planning time: 0.239 ms
 Execution time: 6942.546 ms
(12 rows)

===== 346 [Wed Mar  7 06:51:12 CET 2018] scale:10000000 groups:10000 work_mem:8MB incremental:on max_workers:0 =====
SELECT * FROM (SELECT * FROM s_2 ORDER BY a, b) foo ORDER BY a, b, c
                                                             QUERY PLAN                                                              
-------------------------------------------------------------------------------------------------------------------------------------
 Limit  (cost=2322641.63..2322641.63 rows=1 width=20) (actual time=5395.055..5395.055 rows=0 loops=1)
   ->  Incremental Sort  (cost=1736542.33..2222641.09 rows=10000054 width=20) (actual time=2781.476..5174.880 rows=10000000 loops=1)
         Sort Key: s_2.a, s_2.b, s_2.c
         Presorted Key: s_2.a, s_2.b
         Sort Method: quicksort  Memory: 27kB
         Sort Groups: 312008
         ->  Sort  (cost=1736542.04..1761542.18 rows=10000054 width=20) (actual time=2781.416..3770.194 rows=10000000 loops=1)
               Sort Key: s_2.a, s_2.b
               Sort Method: external merge  Disk: 293608kB
               ->  Seq Scan on s_2  (cost=0.00..163695.54 rows=10000054 width=20) (actual time=0.030..642.031 rows=10000000 loops=1)
 Planning time: 0.244 ms
 Execution time: 5427.688 ms
(12 rows)

===== 347 [Wed Mar  7 06:51:38 CET 2018] scale:10000000 groups:10000 work_mem:8MB incremental:on max_workers:0 =====
SELECT * FROM (SELECT * FROM s_3 ORDER BY a, b, c) foo ORDER BY a, b, c, d
                                                             QUERY PLAN                                                              
-------------------------------------------------------------------------------------------------------------------------------------
 Limit  (cost=2322641.63..2322641.63 rows=1 width=20) (actual time=5205.763..5205.763 rows=0 loops=1)
   ->  Incremental Sort  (cost=1736542.33..2222641.09 rows=10000054 width=20) (actual time=2787.037..4987.109 rows=10000000 loops=1)
         Sort Key: s_3.a, s_3.b, s_3.c, s_3.d
         Presorted Key: s_3.a, s_3.b, s_3.c
         Sort Method: quicksort  Memory: 27kB
         Sort Groups: 312500
         ->  Sort  (cost=1736542.04..1761542.18 rows=10000054 width=20) (actual time=2786.976..3782.820 rows=10000000 loops=1)
               Sort Key: s_3.a, s_3.b, s_3.c
               Sort Method: external merge  Disk: 293608kB
               ->  Seq Scan on s_3  (cost=0.00..163695.54 rows=10000054 width=20) (actual time=0.030..640.798 rows=10000000 loops=1)
 Planning time: 0.253 ms
 Execution time: 5238.304 ms
(12 rows)

===== 348 [Wed Mar  7 06:52:02 CET 2018] scale:10000000 groups:10000 work_mem:8MB incremental:on max_workers:0 =====
SELECT * FROM (SELECT * FROM s_4 ORDER BY a, b, c, d) foo ORDER BY a, b, c, d, e
                                                             QUERY PLAN                                                              
-------------------------------------------------------------------------------------------------------------------------------------
 Limit  (cost=2322641.63..2322641.63 rows=1 width=20) (actual time=5187.772..5187.772 rows=0 loops=1)
   ->  Incremental Sort  (cost=1736542.33..2222641.09 rows=10000054 width=20) (actual time=2789.249..4967.597 rows=10000000 loops=1)
         Sort Key: s_4.a, s_4.b, s_4.c, s_4.d, s_4.e
         Presorted Key: s_4.a, s_4.b, s_4.c, s_4.d
         Sort Method: quicksort  Memory: 27kB
         Sort Groups: 312500
         ->  Sort  (cost=1736542.04..1761542.18 rows=10000054 width=20) (actual time=2789.190..3780.977 rows=10000000 loops=1)
               Sort Key: s_4.a, s_4.b, s_4.c, s_4.d
               Sort Method: external merge  Disk: 293608kB
               ->  Seq Scan on s_4  (cost=0.00..163695.54 rows=10000054 width=20) (actual time=0.031..639.582 rows=10000000 loops=1)
 Planning time: 0.266 ms
 Execution time: 5220.583 ms
(12 rows)

===== 349 [Wed Mar  7 06:52:27 CET 2018] scale:10000000 groups:10000 work_mem:8MB incremental:off max_workers:0 =====
SELECT * FROM (SELECT * FROM s_1 ORDER BY a) foo ORDER BY a, b
                                                             QUERY PLAN                                                              
-------------------------------------------------------------------------------------------------------------------------------------
 Limit  (cost=3559389.89..3559389.89 rows=1 width=20) (actual time=9070.193..9070.193 rows=0 loops=1)
   ->  Sort  (cost=3434389.22..3459389.35 rows=10000054 width=20) (actual time=8024.215..8850.766 rows=10000000 loops=1)
         Sort Key: s_1.a, s_1.b
         Sort Method: external merge  Disk: 293608kB
         ->  Sort  (cost=1736542.04..1761542.18 rows=10000054 width=20) (actual time=2639.089..3574.127 rows=10000000 loops=1)
               Sort Key: s_1.a
               Sort Method: external merge  Disk: 293608kB
               ->  Seq Scan on s_1  (cost=0.00..163695.54 rows=10000054 width=20) (actual time=0.027..640.987 rows=10000000 loops=1)
 Planning time: 0.241 ms
 Execution time: 9130.964 ms
(10 rows)

===== 350 [Wed Mar  7 06:53:16 CET 2018] scale:10000000 groups:10000 work_mem:8MB incremental:off max_workers:0 =====
SELECT * FROM (SELECT * FROM s_2 ORDER BY a, b) foo ORDER BY a, b, c
                                                             QUERY PLAN                                                              
-------------------------------------------------------------------------------------------------------------------------------------
 Limit  (cost=3559389.89..3559389.89 rows=1 width=20) (actual time=8310.347..8310.347 rows=0 loops=1)
   ->  Sort  (cost=3434389.22..3459389.35 rows=10000054 width=20) (actual time=7264.757..8090.918 rows=10000000 loops=1)
         Sort Key: s_2.a, s_2.b, s_2.c
         Sort Method: external merge  Disk: 293608kB
         ->  Sort  (cost=1736542.04..1761542.18 rows=10000054 width=20) (actual time=2769.305..3704.979 rows=10000000 loops=1)
               Sort Key: s_2.a, s_2.b
               Sort Method: external merge  Disk: 293608kB
               ->  Seq Scan on s_2  (cost=0.00..163695.54 rows=10000054 width=20) (actual time=0.032..637.938 rows=10000000 loops=1)
 Planning time: 0.246 ms
 Execution time: 8371.054 ms
(10 rows)

===== 351 [Wed Mar  7 06:54:00 CET 2018] scale:10000000 groups:10000 work_mem:8MB incremental:off max_workers:0 =====
SELECT * FROM (SELECT * FROM s_3 ORDER BY a, b, c) foo ORDER BY a, b, c, d
                                                             QUERY PLAN                                                              
-------------------------------------------------------------------------------------------------------------------------------------
 Limit  (cost=3559389.89..3559389.89 rows=1 width=20) (actual time=6831.424..6831.424 rows=0 loops=1)
   ->  Sort  (cost=3434389.22..3459389.35 rows=10000054 width=20) (actual time=5786.322..6612.015 rows=10000000 loops=1)
         Sort Key: s_3.a, s_3.b, s_3.c, s_3.d
         Sort Method: external merge  Disk: 293608kB
         ->  Sort  (cost=1736542.04..1761542.18 rows=10000054 width=20) (actual time=2776.635..3711.685 rows=10000000 loops=1)
               Sort Key: s_3.a, s_3.b, s_3.c
               Sort Method: external merge  Disk: 293608kB
               ->  Seq Scan on s_3  (cost=0.00..163695.54 rows=10000054 width=20) (actual time=0.032..641.863 rows=10000000 loops=1)
 Planning time: 0.243 ms
 Execution time: 6892.283 ms
(10 rows)

===== 352 [Wed Mar  7 06:54:35 CET 2018] scale:10000000 groups:10000 work_mem:8MB incremental:off max_workers:0 =====
SELECT * FROM (SELECT * FROM s_4 ORDER BY a, b, c, d) foo ORDER BY a, b, c, d, e
                                                             QUERY PLAN                                                              
-------------------------------------------------------------------------------------------------------------------------------------
 Limit  (cost=3559389.89..3559389.89 rows=1 width=20) (actual time=6835.381..6835.381 rows=0 loops=1)
   ->  Sort  (cost=3434389.22..3459389.35 rows=10000054 width=20) (actual time=5784.930..6616.647 rows=10000000 loops=1)
         Sort Key: s_4.a, s_4.b, s_4.c, s_4.d, s_4.e
         Sort Method: external merge  Disk: 293608kB
         ->  Sort  (cost=1736542.04..1761542.18 rows=10000054 width=20) (actual time=2779.389..3716.559 rows=10000000 loops=1)
               Sort Key: s_4.a, s_4.b, s_4.c, s_4.d
               Sort Method: external merge  Disk: 293608kB
               ->  Seq Scan on s_4  (cost=0.00..163695.54 rows=10000054 width=20) (actual time=0.032..639.595 rows=10000000 loops=1)
 Planning time: 0.252 ms
 Execution time: 6896.197 ms
(10 rows)

===== 353 [Wed Mar  7 06:55:10 CET 2018] scale:10000000 groups:10000 work_mem:16MB incremental:on max_workers:0 =====
SELECT * FROM (SELECT * FROM s_1 ORDER BY a) foo ORDER BY a, b
                                                             QUERY PLAN                                                              
-------------------------------------------------------------------------------------------------------------------------------------
 Limit  (cost=2433628.90..2433628.90 rows=1 width=20) (actual time=6314.288..6314.288 rows=0 loops=1)
   ->  Incremental Sort  (cost=1531525.52..2333628.36 rows=10000054 width=20) (actual time=1897.320..6058.960 rows=10000000 loops=1)
         Sort Key: s_1.a, s_1.b
         Presorted Key: s_1.a
         Sort Method: quicksort  Memory: 136kB
         Sort Groups: 10001
         ->  Sort  (cost=1531459.54..1556459.68 rows=10000054 width=20) (actual time=1897.094..2838.569 rows=10000000 loops=1)
               Sort Key: s_1.a
               Sort Method: external merge  Disk: 293904kB
               ->  Seq Scan on s_1  (cost=0.00..163695.54 rows=10000054 width=20) (actual time=0.027..640.637 rows=10000000 loops=1)
 Planning time: 0.242 ms
 Execution time: 6347.032 ms
(12 rows)

===== 354 [Wed Mar  7 06:55:41 CET 2018] scale:10000000 groups:10000 work_mem:16MB incremental:on max_workers:0 =====
SELECT * FROM (SELECT * FROM s_2 ORDER BY a, b) foo ORDER BY a, b, c
                                                             QUERY PLAN                                                              
-------------------------------------------------------------------------------------------------------------------------------------
 Limit  (cost=2117559.13..2117559.13 rows=1 width=20) (actual time=4728.740..4728.740 rows=0 loops=1)
   ->  Incremental Sort  (cost=1531459.83..2017558.59 rows=10000054 width=20) (actual time=2025.957..4476.637 rows=10000000 loops=1)
         Sort Key: s_2.a, s_2.b, s_2.c
         Presorted Key: s_2.a, s_2.b
         Sort Method: quicksort  Memory: 27kB
         Sort Groups: 312008
         ->  Sort  (cost=1531459.54..1556459.68 rows=10000054 width=20) (actual time=2025.904..3012.093 rows=10000000 loops=1)
               Sort Key: s_2.a, s_2.b
               Sort Method: external merge  Disk: 293904kB
               ->  Seq Scan on s_2  (cost=0.00..163695.54 rows=10000054 width=20) (actual time=0.028..635.990 rows=10000000 loops=1)
 Planning time: 0.246 ms
 Execution time: 4761.633 ms
(12 rows)

===== 355 [Wed Mar  7 06:56:02 CET 2018] scale:10000000 groups:10000 work_mem:16MB incremental:on max_workers:0 =====
SELECT * FROM (SELECT * FROM s_3 ORDER BY a, b, c) foo ORDER BY a, b, c, d
                                                             QUERY PLAN                                                              
-------------------------------------------------------------------------------------------------------------------------------------
 Limit  (cost=2117559.13..2117559.13 rows=1 width=20) (actual time=4575.533..4575.533 rows=0 loops=1)
   ->  Incremental Sort  (cost=1531459.83..2017558.59 rows=10000054 width=20) (actual time=2033.281..4321.172 rows=10000000 loops=1)
         Sort Key: s_3.a, s_3.b, s_3.c, s_3.d
         Presorted Key: s_3.a, s_3.b, s_3.c
         Sort Method: quicksort  Memory: 27kB
         Sort Groups: 312500
         ->  Sort  (cost=1531459.54..1556459.68 rows=10000054 width=20) (actual time=2033.228..3020.044 rows=10000000 loops=1)
               Sort Key: s_3.a, s_3.b, s_3.c
               Sort Method: external merge  Disk: 293904kB
               ->  Seq Scan on s_3  (cost=0.00..163695.54 rows=10000054 width=20) (actual time=0.031..637.924 rows=10000000 loops=1)
 Planning time: 0.248 ms
 Execution time: 4608.351 ms
(12 rows)

===== 356 [Wed Mar  7 06:56:22 CET 2018] scale:10000000 groups:10000 work_mem:16MB incremental:on max_workers:0 =====
SELECT * FROM (SELECT * FROM s_4 ORDER BY a, b, c, d) foo ORDER BY a, b, c, d, e
                                                             QUERY PLAN                                                              
-------------------------------------------------------------------------------------------------------------------------------------
 Limit  (cost=2117559.13..2117559.13 rows=1 width=20) (actual time=4448.201..4448.201 rows=0 loops=1)
   ->  Incremental Sort  (cost=1531459.83..2017558.59 rows=10000054 width=20) (actual time=2021.920..4222.273 rows=10000000 loops=1)
         Sort Key: s_4.a, s_4.b, s_4.c, s_4.d, s_4.e
         Presorted Key: s_4.a, s_4.b, s_4.c, s_4.d
         Sort Method: quicksort  Memory: 27kB
         Sort Groups: 312500
         ->  Sort  (cost=1531459.54..1556459.68 rows=10000054 width=20) (actual time=2021.866..3009.366 rows=10000000 loops=1)
               Sort Key: s_4.a, s_4.b, s_4.c, s_4.d
               Sort Method: external merge  Disk: 293904kB
               ->  Seq Scan on s_4  (cost=0.00..163695.54 rows=10000054 width=20) (actual time=0.030..635.685 rows=10000000 loops=1)
 Planning time: 0.244 ms
 Execution time: 4480.990 ms
(12 rows)

===== 357 [Wed Mar  7 06:56:42 CET 2018] scale:10000000 groups:10000 work_mem:16MB incremental:off max_workers:0 =====
SELECT * FROM (SELECT * FROM s_1 ORDER BY a) foo ORDER BY a, b
                                                             QUERY PLAN                                                              
-------------------------------------------------------------------------------------------------------------------------------------
 Limit  (cost=3149224.89..3149224.89 rows=1 width=20) (actual time=7670.111..7670.111 rows=0 loops=1)
   ->  Sort  (cost=3024224.22..3049224.35 rows=10000054 width=20) (actual time=6632.238..7452.032 rows=10000000 loops=1)
         Sort Key: s_1.a, s_1.b
         Sort Method: external merge  Disk: 293904kB
         ->  Sort  (cost=1531459.54..1556459.68 rows=10000054 width=20) (actual time=1879.829..2808.899 rows=10000000 loops=1)
               Sort Key: s_1.a
               Sort Method: external merge  Disk: 293904kB
               ->  Seq Scan on s_1  (cost=0.00..163695.54 rows=10000054 width=20) (actual time=0.026..638.490 rows=10000000 loops=1)
 Planning time: 0.228 ms
 Execution time: 7729.883 ms
(10 rows)

===== 358 [Wed Mar  7 06:57:23 CET 2018] scale:10000000 groups:10000 work_mem:16MB incremental:off max_workers:0 =====
SELECT * FROM (SELECT * FROM s_2 ORDER BY a, b) foo ORDER BY a, b, c
                                                             QUERY PLAN                                                              
-------------------------------------------------------------------------------------------------------------------------------------
 Limit  (cost=3149224.89..3149224.89 rows=1 width=20) (actual time=6868.088..6868.088 rows=0 loops=1)
   ->  Sort  (cost=3024224.22..3049224.35 rows=10000054 width=20) (actual time=5830.050..6650.017 rows=10000000 loops=1)
         Sort Key: s_2.a, s_2.b, s_2.c
         Sort Method: external merge  Disk: 293904kB
         ->  Sort  (cost=1531459.54..1556459.68 rows=10000054 width=20) (actual time=2016.433..2946.627 rows=10000000 loops=1)
               Sort Key: s_2.a, s_2.b
               Sort Method: external merge  Disk: 293904kB
               ->  Seq Scan on s_2  (cost=0.00..163695.54 rows=10000054 width=20) (actual time=0.031..636.592 rows=10000000 loops=1)
 Planning time: 0.234 ms
 Execution time: 6928.295 ms
(10 rows)

===== 359 [Wed Mar  7 06:57:58 CET 2018] scale:10000000 groups:10000 work_mem:16MB incremental:off max_workers:0 =====
SELECT * FROM (SELECT * FROM s_3 ORDER BY a, b, c) foo ORDER BY a, b, c, d
                                                             QUERY PLAN                                                              
-------------------------------------------------------------------------------------------------------------------------------------
 Limit  (cost=3149224.89..3149224.89 rows=1 width=20) (actual time=5349.607..5349.607 rows=0 loops=1)
   ->  Sort  (cost=3024224.22..3049224.35 rows=10000054 width=20) (actual time=4312.989..5131.457 rows=10000000 loops=1)
         Sort Key: s_3.a, s_3.b, s_3.c, s_3.d
         Sort Method: external merge  Disk: 293904kB
         ->  Sort  (cost=1531459.54..1556459.68 rows=10000054 width=20) (actual time=2017.999..2947.456 rows=10000000 loops=1)
               Sort Key: s_3.a, s_3.b, s_3.c
               Sort Method: external merge  Disk: 293904kB
               ->  Seq Scan on s_3  (cost=0.00..163695.54 rows=10000054 width=20) (actual time=0.031..637.385 rows=10000000 loops=1)
 Planning time: 0.240 ms
 Execution time: 5409.848 ms
(10 rows)

===== 360 [Wed Mar  7 06:58:25 CET 2018] scale:10000000 groups:10000 work_mem:16MB incremental:off max_workers:0 =====
SELECT * FROM (SELECT * FROM s_4 ORDER BY a, b, c, d) foo ORDER BY a, b, c, d, e
                                                             QUERY PLAN                                                              
-------------------------------------------------------------------------------------------------------------------------------------
 Limit  (cost=3149224.89..3149224.89 rows=1 width=20) (actual time=5303.180..5303.180 rows=0 loops=1)
   ->  Sort  (cost=3024224.22..3049224.35 rows=10000054 width=20) (actual time=4259.585..5085.077 rows=10000000 loops=1)
         Sort Key: s_4.a, s_4.b, s_4.c, s_4.d, s_4.e
         Sort Method: external merge  Disk: 293904kB
         ->  Sort  (cost=1531459.54..1556459.68 rows=10000054 width=20) (actual time=2025.695..2956.355 rows=10000000 loops=1)
               Sort Key: s_4.a, s_4.b, s_4.c, s_4.d
               Sort Method: external merge  Disk: 293904kB
               ->  Seq Scan on s_4  (cost=0.00..163695.54 rows=10000054 width=20) (actual time=0.032..637.080 rows=10000000 loops=1)
 Planning time: 0.243 ms
 Execution time: 5363.498 ms
(10 rows)

===== 361 [Wed Mar  7 06:58:50 CET 2018] scale:10000000 groups:10000 work_mem:32MB incremental:on max_workers:0 =====
SELECT * FROM (SELECT * FROM s_1 ORDER BY a) foo ORDER BY a, b
                                                             QUERY PLAN                                                              
-------------------------------------------------------------------------------------------------------------------------------------
 Limit  (cost=2433628.90..2433628.90 rows=1 width=20) (actual time=6254.648..6254.648 rows=0 loops=1)
   ->  Incremental Sort  (cost=1531525.52..2333628.36 rows=10000054 width=20) (actual time=1858.638..5999.501 rows=10000000 loops=1)
         Sort Key: s_1.a, s_1.b
         Presorted Key: s_1.a
         Sort Method: quicksort  Memory: 136kB
         Sort Groups: 10001
         ->  Sort  (cost=1531459.54..1556459.68 rows=10000054 width=20) (actual time=1858.397..2792.779 rows=10000000 loops=1)
               Sort Key: s_1.a
               Sort Method: external merge  Disk: 293576kB
               ->  Seq Scan on s_1  (cost=0.00..163695.54 rows=10000054 width=20) (actual time=0.027..637.686 rows=10000000 loops=1)
 Planning time: 0.235 ms
 Execution time: 6288.420 ms
(12 rows)

===== 362 [Wed Mar  7 06:59:21 CET 2018] scale:10000000 groups:10000 work_mem:32MB incremental:on max_workers:0 =====
SELECT * FROM (SELECT * FROM s_2 ORDER BY a, b) foo ORDER BY a, b, c
                                                             QUERY PLAN                                                              
-------------------------------------------------------------------------------------------------------------------------------------
 Limit  (cost=2117559.13..2117559.13 rows=1 width=20) (actual time=4697.218..4697.218 rows=0 loops=1)
   ->  Incremental Sort  (cost=1531459.83..2017558.59 rows=10000054 width=20) (actual time=1989.744..4445.141 rows=10000000 loops=1)
         Sort Key: s_2.a, s_2.b, s_2.c
         Presorted Key: s_2.a, s_2.b
         Sort Method: quicksort  Memory: 27kB
         Sort Groups: 312008
         ->  Sort  (cost=1531459.54..1556459.68 rows=10000054 width=20) (actual time=1989.691..2974.969 rows=10000000 loops=1)
               Sort Key: s_2.a, s_2.b
               Sort Method: external merge  Disk: 293576kB
               ->  Seq Scan on s_2  (cost=0.00..163695.54 rows=10000054 width=20) (actual time=0.029..634.522 rows=10000000 loops=1)
 Planning time: 0.244 ms
 Execution time: 4730.899 ms
(12 rows)

===== 363 [Wed Mar  7 06:59:42 CET 2018] scale:10000000 groups:10000 work_mem:32MB incremental:on max_workers:0 =====
SELECT * FROM (SELECT * FROM s_3 ORDER BY a, b, c) foo ORDER BY a, b, c, d
                                                             QUERY PLAN                                                              
-------------------------------------------------------------------------------------------------------------------------------------
 Limit  (cost=2117559.13..2117559.13 rows=1 width=20) (actual time=4541.965..4541.965 rows=0 loops=1)
   ->  Incremental Sort  (cost=1531459.83..2017558.59 rows=10000054 width=20) (actual time=2015.128..4288.049 rows=10000000 loops=1)
         Sort Key: s_3.a, s_3.b, s_3.c, s_3.d
         Presorted Key: s_3.a, s_3.b, s_3.c
         Sort Method: quicksort  Memory: 27kB
         Sort Groups: 312500
         ->  Sort  (cost=1531459.54..1556459.68 rows=10000054 width=20) (actual time=2015.074..2997.123 rows=10000000 loops=1)
               Sort Key: s_3.a, s_3.b, s_3.c
               Sort Method: external merge  Disk: 293576kB
               ->  Seq Scan on s_3  (cost=0.00..163695.54 rows=10000054 width=20) (actual time=0.031..638.910 rows=10000000 loops=1)
 Planning time: 0.247 ms
 Execution time: 4575.701 ms
(12 rows)

===== 364 [Wed Mar  7 07:00:02 CET 2018] scale:10000000 groups:10000 work_mem:32MB incremental:on max_workers:0 =====
SELECT * FROM (SELECT * FROM s_4 ORDER BY a, b, c, d) foo ORDER BY a, b, c, d, e
                                                             QUERY PLAN                                                              
-------------------------------------------------------------------------------------------------------------------------------------
 Limit  (cost=2117559.13..2117559.13 rows=1 width=20) (actual time=4431.961..4431.961 rows=0 loops=1)
   ->  Incremental Sort  (cost=1531459.83..2017558.59 rows=10000054 width=20) (actual time=2001.090..4206.289 rows=10000000 loops=1)
         Sort Key: s_4.a, s_4.b, s_4.c, s_4.d, s_4.e
         Presorted Key: s_4.a, s_4.b, s_4.c, s_4.d
         Sort Method: quicksort  Memory: 27kB
         Sort Groups: 312500
         ->  Sort  (cost=1531459.54..1556459.68 rows=10000054 width=20) (actual time=2001.038..2987.534 rows=10000000 loops=1)
               Sort Key: s_4.a, s_4.b, s_4.c, s_4.d
               Sort Method: external merge  Disk: 293576kB
               ->  Seq Scan on s_4  (cost=0.00..163695.54 rows=10000054 width=20) (actual time=0.032..635.524 rows=10000000 loops=1)
 Planning time: 0.253 ms
 Execution time: 4465.743 ms
(12 rows)

===== 365 [Wed Mar  7 07:00:22 CET 2018] scale:10000000 groups:10000 work_mem:32MB incremental:off max_workers:0 =====
SELECT * FROM (SELECT * FROM s_1 ORDER BY a) foo ORDER BY a, b
                                                             QUERY PLAN                                                              
-------------------------------------------------------------------------------------------------------------------------------------
 Limit  (cost=3149224.89..3149224.89 rows=1 width=20) (actual time=7692.673..7692.673 rows=0 loops=1)
   ->  Sort  (cost=3024224.22..3049224.35 rows=10000054 width=20) (actual time=6656.949..7475.046 rows=10000000 loops=1)
         Sort Key: s_1.a, s_1.b
         Sort Method: external merge  Disk: 293576kB
         ->  Sort  (cost=1531459.54..1556459.68 rows=10000054 width=20) (actual time=1846.888..2778.477 rows=10000000 loops=1)
               Sort Key: s_1.a
               Sort Method: external merge  Disk: 293576kB
               ->  Seq Scan on s_1  (cost=0.00..163695.54 rows=10000054 width=20) (actual time=0.026..636.934 rows=10000000 loops=1)
 Planning time: 0.228 ms
 Execution time: 7754.490 ms
(10 rows)

===== 366 [Wed Mar  7 07:01:02 CET 2018] scale:10000000 groups:10000 work_mem:32MB incremental:off max_workers:0 =====
SELECT * FROM (SELECT * FROM s_2 ORDER BY a, b) foo ORDER BY a, b, c
                                                             QUERY PLAN                                                              
-------------------------------------------------------------------------------------------------------------------------------------
 Limit  (cost=3149224.89..3149224.89 rows=1 width=20) (actual time=6866.265..6866.265 rows=0 loops=1)
   ->  Sort  (cost=3024224.22..3049224.35 rows=10000054 width=20) (actual time=5831.753..6648.722 rows=10000000 loops=1)
         Sort Key: s_2.a, s_2.b, s_2.c
         Sort Method: external merge  Disk: 293576kB
         ->  Sort  (cost=1531459.54..1556459.68 rows=10000054 width=20) (actual time=1977.859..2909.724 rows=10000000 loops=1)
               Sort Key: s_2.a, s_2.b
               Sort Method: external merge  Disk: 293576kB
               ->  Seq Scan on s_2  (cost=0.00..163695.54 rows=10000054 width=20) (actual time=0.031..634.028 rows=10000000 loops=1)
 Planning time: 0.243 ms
 Execution time: 6928.698 ms
(10 rows)

===== 367 [Wed Mar  7 07:01:38 CET 2018] scale:10000000 groups:10000 work_mem:32MB incremental:off max_workers:0 =====
SELECT * FROM (SELECT * FROM s_3 ORDER BY a, b, c) foo ORDER BY a, b, c, d
                                                             QUERY PLAN                                                              
-------------------------------------------------------------------------------------------------------------------------------------
 Limit  (cost=3149224.89..3149224.89 rows=1 width=20) (actual time=5366.422..5366.422 rows=0 loops=1)
   ->  Sort  (cost=3024224.22..3049224.35 rows=10000054 width=20) (actual time=4331.437..5148.889 rows=10000000 loops=1)
         Sort Key: s_3.a, s_3.b, s_3.c, s_3.d
         Sort Method: external merge  Disk: 293576kB
         ->  Sort  (cost=1531459.54..1556459.68 rows=10000054 width=20) (actual time=1987.182..2919.184 rows=10000000 loops=1)
               Sort Key: s_3.a, s_3.b, s_3.c
               Sort Method: external merge  Disk: 293576kB
               ->  Seq Scan on s_3  (cost=0.00..163695.54 rows=10000054 width=20) (actual time=0.030..637.381 rows=10000000 loops=1)
 Planning time: 0.239 ms
 Execution time: 5428.684 ms
(10 rows)

===== 368 [Wed Mar  7 07:02:04 CET 2018] scale:10000000 groups:10000 work_mem:32MB incremental:off max_workers:0 =====
SELECT * FROM (SELECT * FROM s_4 ORDER BY a, b, c, d) foo ORDER BY a, b, c, d, e
                                                             QUERY PLAN                                                              
-------------------------------------------------------------------------------------------------------------------------------------
 Limit  (cost=3149224.89..3149224.89 rows=1 width=20) (actual time=5198.384..5198.384 rows=0 loops=1)
   ->  Sort  (cost=3024224.22..3049224.35 rows=10000054 width=20) (actual time=4157.822..4981.056 rows=10000000 loops=1)
         Sort Key: s_4.a, s_4.b, s_4.c, s_4.d, s_4.e
         Sort Method: external merge  Disk: 293576kB
         ->  Sort  (cost=1531459.54..1556459.68 rows=10000054 width=20) (actual time=1985.226..2911.040 rows=10000000 loops=1)
               Sort Key: s_4.a, s_4.b, s_4.c, s_4.d
               Sort Method: external merge  Disk: 293576kB
               ->  Seq Scan on s_4  (cost=0.00..163695.54 rows=10000054 width=20) (actual time=0.032..634.758 rows=10000000 loops=1)
 Planning time: 0.243 ms
 Execution time: 5260.582 ms
(10 rows)

===== 369 [Wed Mar  7 07:02:30 CET 2018] scale:10000000 groups:10000 work_mem:64MB incremental:on max_workers:0 =====
SELECT * FROM (SELECT * FROM s_1 ORDER BY a) foo ORDER BY a, b
                                                             QUERY PLAN                                                              
-------------------------------------------------------------------------------------------------------------------------------------
 Limit  (cost=2433628.90..2433628.90 rows=1 width=20) (actual time=6181.899..6181.899 rows=0 loops=1)
   ->  Incremental Sort  (cost=1531525.52..2333628.36 rows=10000054 width=20) (actual time=1880.935..5966.088 rows=10000000 loops=1)
         Sort Key: s_1.a, s_1.b
         Presorted Key: s_1.a
         Sort Method: quicksort  Memory: 136kB
         Sort Groups: 10001
         ->  Sort  (cost=1531459.54..1556459.68 rows=10000054 width=20) (actual time=1880.703..2827.177 rows=10000000 loops=1)
               Sort Key: s_1.a
               Sort Method: external merge  Disk: 293648kB
               ->  Seq Scan on s_1  (cost=0.00..163695.54 rows=10000054 width=20) (actual time=0.028..638.000 rows=10000000 loops=1)
 Planning time: 0.243 ms
 Execution time: 6214.429 ms
(12 rows)

===== 370 [Wed Mar  7 07:03:01 CET 2018] scale:10000000 groups:10000 work_mem:64MB incremental:on max_workers:0 =====
SELECT * FROM (SELECT * FROM s_2 ORDER BY a, b) foo ORDER BY a, b, c
                                                             QUERY PLAN                                                              
-------------------------------------------------------------------------------------------------------------------------------------
 Limit  (cost=2117559.13..2117559.13 rows=1 width=20) (actual time=4670.683..4670.683 rows=0 loops=1)
   ->  Incremental Sort  (cost=1531459.83..2017558.59 rows=10000054 width=20) (actual time=2025.324..4450.662 rows=10000000 loops=1)
         Sort Key: s_2.a, s_2.b, s_2.c
         Presorted Key: s_2.a, s_2.b
         Sort Method: quicksort  Memory: 27kB
         Sort Groups: 312008
         ->  Sort  (cost=1531459.54..1556459.68 rows=10000054 width=20) (actual time=2025.268..3026.047 rows=10000000 loops=1)
               Sort Key: s_2.a, s_2.b
               Sort Method: external merge  Disk: 293648kB
               ->  Seq Scan on s_2  (cost=0.00..163695.54 rows=10000054 width=20) (actual time=0.029..638.747 rows=10000000 loops=1)
 Planning time: 0.250 ms
 Execution time: 4706.180 ms
(12 rows)

===== 371 [Wed Mar  7 07:03:22 CET 2018] scale:10000000 groups:10000 work_mem:64MB incremental:on max_workers:0 =====
SELECT * FROM (SELECT * FROM s_3 ORDER BY a, b, c) foo ORDER BY a, b, c, d
                                                             QUERY PLAN                                                              
-------------------------------------------------------------------------------------------------------------------------------------
 Limit  (cost=2117559.13..2117559.13 rows=1 width=20) (actual time=4426.205..4426.205 rows=0 loops=1)
   ->  Incremental Sort  (cost=1531459.83..2017558.59 rows=10000054 width=20) (actual time=2021.582..4208.348 rows=10000000 loops=1)
         Sort Key: s_3.a, s_3.b, s_3.c, s_3.d
         Presorted Key: s_3.a, s_3.b, s_3.c
         Sort Method: quicksort  Memory: 27kB
         Sort Groups: 312500
         ->  Sort  (cost=1531459.54..1556459.68 rows=10000054 width=20) (actual time=2021.526..3008.966 rows=10000000 loops=1)
               Sort Key: s_3.a, s_3.b, s_3.c
               Sort Method: external merge  Disk: 293648kB
               ->  Seq Scan on s_3  (cost=0.00..163695.54 rows=10000054 width=20) (actual time=0.031..638.334 rows=10000000 loops=1)
 Planning time: 0.253 ms
 Execution time: 4461.728 ms
(12 rows)

===== 372 [Wed Mar  7 07:03:42 CET 2018] scale:10000000 groups:10000 work_mem:64MB incremental:on max_workers:0 =====
SELECT * FROM (SELECT * FROM s_4 ORDER BY a, b, c, d) foo ORDER BY a, b, c, d, e
                                                             QUERY PLAN                                                              
-------------------------------------------------------------------------------------------------------------------------------------
 Limit  (cost=2117559.13..2117559.13 rows=1 width=20) (actual time=4421.150..4421.150 rows=0 loops=1)
   ->  Incremental Sort  (cost=1531459.83..2017558.59 rows=10000054 width=20) (actual time=2021.453..4201.167 rows=10000000 loops=1)
         Sort Key: s_4.a, s_4.b, s_4.c, s_4.d, s_4.e
         Presorted Key: s_4.a, s_4.b, s_4.c, s_4.d
         Sort Method: quicksort  Memory: 27kB
         Sort Groups: 312500
         ->  Sort  (cost=1531459.54..1556459.68 rows=10000054 width=20) (actual time=2021.397..3010.004 rows=10000000 loops=1)
               Sort Key: s_4.a, s_4.b, s_4.c, s_4.d
               Sort Method: external merge  Disk: 293648kB
               ->  Seq Scan on s_4  (cost=0.00..163695.54 rows=10000054 width=20) (actual time=0.030..636.598 rows=10000000 loops=1)
 Planning time: 0.249 ms
 Execution time: 4456.617 ms
(12 rows)

===== 373 [Wed Mar  7 07:04:02 CET 2018] scale:10000000 groups:10000 work_mem:64MB incremental:off max_workers:0 =====
SELECT * FROM (SELECT * FROM s_1 ORDER BY a) foo ORDER BY a, b
                                                             QUERY PLAN                                                              
-------------------------------------------------------------------------------------------------------------------------------------
 Limit  (cost=3149224.89..3149224.89 rows=1 width=20) (actual time=7886.212..7886.212 rows=0 loops=1)
   ->  Sort  (cost=3024224.22..3049224.35 rows=10000054 width=20) (actual time=6844.811..7668.434 rows=10000000 loops=1)
         Sort Key: s_1.a, s_1.b
         Sort Method: external merge  Disk: 293648kB
         ->  Sort  (cost=1531459.54..1556459.68 rows=10000054 width=20) (actual time=1882.311..2844.981 rows=10000000 loops=1)
               Sort Key: s_1.a
               Sort Method: external merge  Disk: 293648kB
               ->  Seq Scan on s_1  (cost=0.00..163695.54 rows=10000054 width=20) (actual time=0.027..637.716 rows=10000000 loops=1)
 Planning time: 0.238 ms
 Execution time: 7947.322 ms
(10 rows)

===== 374 [Wed Mar  7 07:04:43 CET 2018] scale:10000000 groups:10000 work_mem:64MB incremental:off max_workers:0 =====
SELECT * FROM (SELECT * FROM s_2 ORDER BY a, b) foo ORDER BY a, b, c
                                                             QUERY PLAN                                                              
-------------------------------------------------------------------------------------------------------------------------------------
 Limit  (cost=3149224.89..3149224.89 rows=1 width=20) (actual time=7057.942..7057.942 rows=0 loops=1)
   ->  Sort  (cost=3024224.22..3049224.35 rows=10000054 width=20) (actual time=6017.211..6840.332 rows=10000000 loops=1)
         Sort Key: s_2.a, s_2.b, s_2.c
         Sort Method: external merge  Disk: 293648kB
         ->  Sort  (cost=1531459.54..1556459.68 rows=10000054 width=20) (actual time=2014.252..2977.687 rows=10000000 loops=1)
               Sort Key: s_2.a, s_2.b
               Sort Method: external merge  Disk: 293648kB
               ->  Seq Scan on s_2  (cost=0.00..163695.54 rows=10000054 width=20) (actual time=0.031..636.353 rows=10000000 loops=1)
 Planning time: 0.239 ms
 Execution time: 7119.105 ms
(10 rows)

===== 375 [Wed Mar  7 07:05:20 CET 2018] scale:10000000 groups:10000 work_mem:64MB incremental:off max_workers:0 =====
SELECT * FROM (SELECT * FROM s_3 ORDER BY a, b, c) foo ORDER BY a, b, c, d
                                                             QUERY PLAN                                                              
-------------------------------------------------------------------------------------------------------------------------------------
 Limit  (cost=3149224.89..3149224.89 rows=1 width=20) (actual time=5582.986..5582.986 rows=0 loops=1)
   ->  Sort  (cost=3024224.22..3049224.35 rows=10000054 width=20) (actual time=4542.539..5365.434 rows=10000000 loops=1)
         Sort Key: s_3.a, s_3.b, s_3.c, s_3.d
         Sort Method: external merge  Disk: 293648kB
         ->  Sort  (cost=1531459.54..1556459.68 rows=10000054 width=20) (actual time=2017.110..2979.940 rows=10000000 loops=1)
               Sort Key: s_3.a, s_3.b, s_3.c
               Sort Method: external merge  Disk: 293648kB
               ->  Seq Scan on s_3  (cost=0.00..163695.54 rows=10000054 width=20) (actual time=0.031..638.194 rows=10000000 loops=1)
 Planning time: 0.242 ms
 Execution time: 5644.076 ms
(10 rows)

===== 376 [Wed Mar  7 07:05:47 CET 2018] scale:10000000 groups:10000 work_mem:64MB incremental:off max_workers:0 =====
SELECT * FROM (SELECT * FROM s_4 ORDER BY a, b, c, d) foo ORDER BY a, b, c, d, e
                                                             QUERY PLAN                                                              
-------------------------------------------------------------------------------------------------------------------------------------
 Limit  (cost=3149224.89..3149224.89 rows=1 width=20) (actual time=5278.831..5278.831 rows=0 loops=1)
   ->  Sort  (cost=3024224.22..3049224.35 rows=10000054 width=20) (actual time=4238.516..5061.792 rows=10000000 loops=1)
         Sort Key: s_4.a, s_4.b, s_4.c, s_4.d, s_4.e
         Sort Method: external merge  Disk: 293648kB
         ->  Sort  (cost=1531459.54..1556459.68 rows=10000054 width=20) (actual time=2022.304..2956.731 rows=10000000 loops=1)
               Sort Key: s_4.a, s_4.b, s_4.c, s_4.d
               Sort Method: external merge  Disk: 293648kB
               ->  Seq Scan on s_4  (cost=0.00..163695.54 rows=10000054 width=20) (actual time=0.031..637.803 rows=10000000 loops=1)
 Planning time: 0.242 ms
 Execution time: 5339.938 ms
(10 rows)

===== 377 [Wed Mar  7 07:06:13 CET 2018] scale:10000000 groups:10000 work_mem:128MB incremental:on max_workers:0 =====
SELECT * FROM (SELECT * FROM s_1 ORDER BY a) foo ORDER BY a, b
                                                             QUERY PLAN                                                              
-------------------------------------------------------------------------------------------------------------------------------------
 Limit  (cost=2433628.90..2433628.90 rows=1 width=20) (actual time=6357.930..6357.930 rows=0 loops=1)
   ->  Incremental Sort  (cost=1531525.52..2333628.36 rows=10000054 width=20) (actual time=1959.882..6102.926 rows=10000000 loops=1)
         Sort Key: s_1.a, s_1.b
         Presorted Key: s_1.a
         Sort Method: quicksort  Memory: 136kB
         Sort Groups: 10001
         ->  Sort  (cost=1531459.54..1556459.68 rows=10000054 width=20) (actual time=1959.651..2887.755 rows=10000000 loops=1)
               Sort Key: s_1.a
               Sort Method: external merge  Disk: 293568kB
               ->  Seq Scan on s_1  (cost=0.00..163695.54 rows=10000054 width=20) (actual time=0.027..643.522 rows=10000000 loops=1)
 Planning time: 0.236 ms
 Execution time: 6396.139 ms
(12 rows)

===== 378 [Wed Mar  7 07:06:44 CET 2018] scale:10000000 groups:10000 work_mem:128MB incremental:on max_workers:0 =====
SELECT * FROM (SELECT * FROM s_2 ORDER BY a, b) foo ORDER BY a, b, c
                                                             QUERY PLAN                                                              
-------------------------------------------------------------------------------------------------------------------------------------
 Limit  (cost=2117559.13..2117559.13 rows=1 width=20) (actual time=4792.600..4792.600 rows=0 loops=1)
   ->  Incremental Sort  (cost=1531459.83..2017558.59 rows=10000054 width=20) (actual time=2088.361..4540.642 rows=10000000 loops=1)
         Sort Key: s_2.a, s_2.b, s_2.c
         Presorted Key: s_2.a, s_2.b
         Sort Method: quicksort  Memory: 27kB
         Sort Groups: 312008
         ->  Sort  (cost=1531459.54..1556459.68 rows=10000054 width=20) (actual time=2088.307..3072.455 rows=10000000 loops=1)
               Sort Key: s_2.a, s_2.b
               Sort Method: external merge  Disk: 293568kB
               ->  Seq Scan on s_2  (cost=0.00..163695.54 rows=10000054 width=20) (actual time=0.028..640.098 rows=10000000 loops=1)
 Planning time: 0.237 ms
 Execution time: 4830.711 ms
(12 rows)

===== 379 [Wed Mar  7 07:07:06 CET 2018] scale:10000000 groups:10000 work_mem:128MB incremental:on max_workers:0 =====
SELECT * FROM (SELECT * FROM s_3 ORDER BY a, b, c) foo ORDER BY a, b, c, d
                                                             QUERY PLAN                                                              
-------------------------------------------------------------------------------------------------------------------------------------
 Limit  (cost=2117559.13..2117559.13 rows=1 width=20) (actual time=4649.636..4649.636 rows=0 loops=1)
   ->  Incremental Sort  (cost=1531459.83..2017558.59 rows=10000054 width=20) (actual time=2101.171..4395.191 rows=10000000 loops=1)
         Sort Key: s_3.a, s_3.b, s_3.c, s_3.d
         Presorted Key: s_3.a, s_3.b, s_3.c
         Sort Method: quicksort  Memory: 27kB
         Sort Groups: 312500
         ->  Sort  (cost=1531459.54..1556459.68 rows=10000054 width=20) (actual time=2101.117..3079.597 rows=10000000 loops=1)
               Sort Key: s_3.a, s_3.b, s_3.c
               Sort Method: external merge  Disk: 293568kB
               ->  Seq Scan on s_3  (cost=0.00..163695.54 rows=10000054 width=20) (actual time=0.031..642.552 rows=10000000 loops=1)
 Planning time: 0.251 ms
 Execution time: 4687.563 ms
(12 rows)

===== 380 [Wed Mar  7 07:07:27 CET 2018] scale:10000000 groups:10000 work_mem:128MB incremental:on max_workers:0 =====
SELECT * FROM (SELECT * FROM s_4 ORDER BY a, b, c, d) foo ORDER BY a, b, c, d, e
                                                             QUERY PLAN                                                              
-------------------------------------------------------------------------------------------------------------------------------------
 Limit  (cost=2117559.13..2117559.13 rows=1 width=20) (actual time=4606.082..4606.082 rows=0 loops=1)
   ->  Incremental Sort  (cost=1531459.83..2017558.59 rows=10000054 width=20) (actual time=2163.795..4380.274 rows=10000000 loops=1)
         Sort Key: s_4.a, s_4.b, s_4.c, s_4.d, s_4.e
         Presorted Key: s_4.a, s_4.b, s_4.c, s_4.d
         Sort Method: quicksort  Memory: 27kB
         Sort Groups: 312500
         ->  Sort  (cost=1531459.54..1556459.68 rows=10000054 width=20) (actual time=2163.741..3150.780 rows=10000000 loops=1)
               Sort Key: s_4.a, s_4.b, s_4.c, s_4.d
               Sort Method: external merge  Disk: 293568kB
               ->  Seq Scan on s_4  (cost=0.00..163695.54 rows=10000054 width=20) (actual time=0.030..634.632 rows=10000000 loops=1)
 Planning time: 0.251 ms
 Execution time: 4644.405 ms
(12 rows)

===== 381 [Wed Mar  7 07:07:47 CET 2018] scale:10000000 groups:10000 work_mem:128MB incremental:off max_workers:0 =====
SELECT * FROM (SELECT * FROM s_1 ORDER BY a) foo ORDER BY a, b
                                                             QUERY PLAN                                                              
-------------------------------------------------------------------------------------------------------------------------------------
 Limit  (cost=3149224.89..3149224.89 rows=1 width=20) (actual time=7991.123..7991.123 rows=0 loops=1)
   ->  Sort  (cost=3024224.22..3049224.35 rows=10000054 width=20) (actual time=6954.392..7773.568 rows=10000000 loops=1)
         Sort Key: s_1.a, s_1.b
         Sort Method: external merge  Disk: 293568kB
         ->  Sort  (cost=1531459.54..1556459.68 rows=10000054 width=20) (actual time=1948.329..2867.133 rows=10000000 loops=1)
               Sort Key: s_1.a
               Sort Method: external merge  Disk: 293568kB
               ->  Seq Scan on s_1  (cost=0.00..163695.54 rows=10000054 width=20) (actual time=0.027..642.192 rows=10000000 loops=1)
 Planning time: 0.236 ms
 Execution time: 8059.278 ms
(10 rows)

===== 382 [Wed Mar  7 07:08:29 CET 2018] scale:10000000 groups:10000 work_mem:128MB incremental:off max_workers:0 =====
SELECT * FROM (SELECT * FROM s_2 ORDER BY a, b) foo ORDER BY a, b, c
                                                             QUERY PLAN                                                              
-------------------------------------------------------------------------------------------------------------------------------------
 Limit  (cost=3149224.89..3149224.89 rows=1 width=20) (actual time=7164.116..7164.116 rows=0 loops=1)
   ->  Sort  (cost=3024224.22..3049224.35 rows=10000054 width=20) (actual time=6128.129..6946.660 rows=10000000 loops=1)
         Sort Key: s_2.a, s_2.b, s_2.c
         Sort Method: external merge  Disk: 293568kB
         ->  Sort  (cost=1531459.54..1556459.68 rows=10000054 width=20) (actual time=2080.265..3000.887 rows=10000000 loops=1)
               Sort Key: s_2.a, s_2.b
               Sort Method: external merge  Disk: 293568kB
               ->  Seq Scan on s_2  (cost=0.00..163695.54 rows=10000054 width=20) (actual time=0.032..639.415 rows=10000000 loops=1)
 Planning time: 0.233 ms
 Execution time: 7232.030 ms
(10 rows)

===== 383 [Wed Mar  7 07:09:06 CET 2018] scale:10000000 groups:10000 work_mem:128MB incremental:off max_workers:0 =====
SELECT * FROM (SELECT * FROM s_3 ORDER BY a, b, c) foo ORDER BY a, b, c, d
                                                             QUERY PLAN                                                              
-------------------------------------------------------------------------------------------------------------------------------------
 Limit  (cost=3149224.89..3149224.89 rows=1 width=20) (actual time=5762.756..5762.756 rows=0 loops=1)
   ->  Sort  (cost=3024224.22..3049224.35 rows=10000054 width=20) (actual time=4726.952..5545.301 rows=10000000 loops=1)
         Sort Key: s_3.a, s_3.b, s_3.c, s_3.d
         Sort Method: external merge  Disk: 293568kB
         ->  Sort  (cost=1531459.54..1556459.68 rows=10000054 width=20) (actual time=2087.379..3007.987 rows=10000000 loops=1)
               Sort Key: s_3.a, s_3.b, s_3.c
               Sort Method: external merge  Disk: 293568kB
               ->  Seq Scan on s_3  (cost=0.00..163695.54 rows=10000054 width=20) (actual time=0.032..642.285 rows=10000000 loops=1)
 Planning time: 0.250 ms
 Execution time: 5830.714 ms
(10 rows)

===== 384 [Wed Mar  7 07:09:35 CET 2018] scale:10000000 groups:10000 work_mem:128MB incremental:off max_workers:0 =====
SELECT * FROM (SELECT * FROM s_4 ORDER BY a, b, c, d) foo ORDER BY a, b, c, d, e
                                                             QUERY PLAN                                                              
-------------------------------------------------------------------------------------------------------------------------------------
 Limit  (cost=3149224.89..3149224.89 rows=1 width=20) (actual time=5356.390..5356.390 rows=0 loops=1)
   ->  Sort  (cost=3024224.22..3049224.35 rows=10000054 width=20) (actual time=4332.099..5139.071 rows=10000000 loops=1)
         Sort Key: s_4.a, s_4.b, s_4.c, s_4.d, s_4.e
         Sort Method: external merge  Disk: 293568kB
         ->  Sort  (cost=1531459.54..1556459.68 rows=10000054 width=20) (actual time=2086.270..3005.643 rows=10000000 loops=1)
               Sort Key: s_4.a, s_4.b, s_4.c, s_4.d
               Sort Method: external merge  Disk: 293568kB
               ->  Seq Scan on s_4  (cost=0.00..163695.54 rows=10000054 width=20) (actual time=0.031..640.153 rows=10000000 loops=1)
 Planning time: 0.247 ms
 Execution time: 5424.337 ms
(10 rows)

===== 385 [Wed Mar  7 07:10:01 CET 2018] scale:10000000 groups:10000 work_mem:256MB incremental:on max_workers:0 =====
SELECT * FROM (SELECT * FROM s_1 ORDER BY a) foo ORDER BY a, b
                                                             QUERY PLAN                                                              
-------------------------------------------------------------------------------------------------------------------------------------
 Limit  (cost=2433628.90..2433628.90 rows=1 width=20) (actual time=6402.458..6402.458 rows=0 loops=1)
   ->  Incremental Sort  (cost=1531525.52..2333628.36 rows=10000054 width=20) (actual time=2114.259..6147.370 rows=10000000 loops=1)
         Sort Key: s_1.a, s_1.b
         Presorted Key: s_1.a
         Sort Method: quicksort  Memory: 136kB
         Sort Groups: 10001
         ->  Sort  (cost=1531459.54..1556459.68 rows=10000054 width=20) (actual time=2114.020..2955.585 rows=10000000 loops=1)
               Sort Key: s_1.a
               Sort Method: external merge  Disk: 293552kB
               ->  Seq Scan on s_1  (cost=0.00..163695.54 rows=10000054 width=20) (actual time=0.028..651.986 rows=10000000 loops=1)
 Planning time: 0.238 ms
 Execution time: 6444.022 ms
(12 rows)

===== 386 [Wed Mar  7 07:10:33 CET 2018] scale:10000000 groups:10000 work_mem:256MB incremental:on max_workers:0 =====
SELECT * FROM (SELECT * FROM s_2 ORDER BY a, b) foo ORDER BY a, b, c
                                                             QUERY PLAN                                                              
-------------------------------------------------------------------------------------------------------------------------------------
 Limit  (cost=2117559.13..2117559.13 rows=1 width=20) (actual time=4869.832..4869.832 rows=0 loops=1)
   ->  Incremental Sort  (cost=1531459.83..2017558.59 rows=10000054 width=20) (actual time=2258.940..4617.864 rows=10000000 loops=1)
         Sort Key: s_2.a, s_2.b, s_2.c
         Presorted Key: s_2.a, s_2.b
         Sort Method: quicksort  Memory: 27kB
         Sort Groups: 312008
         ->  Sort  (cost=1531459.54..1556459.68 rows=10000054 width=20) (actual time=2258.887..3160.279 rows=10000000 loops=1)
               Sort Key: s_2.a, s_2.b
               Sort Method: external merge  Disk: 293552kB
               ->  Seq Scan on s_2  (cost=0.00..163695.54 rows=10000054 width=20) (actual time=0.029..666.595 rows=10000000 loops=1)
 Planning time: 0.246 ms
 Execution time: 4911.338 ms
(12 rows)

===== 387 [Wed Mar  7 07:10:55 CET 2018] scale:10000000 groups:10000 work_mem:256MB incremental:on max_workers:0 =====
SELECT * FROM (SELECT * FROM s_3 ORDER BY a, b, c) foo ORDER BY a, b, c, d
                                                             QUERY PLAN                                                              
-------------------------------------------------------------------------------------------------------------------------------------
 Limit  (cost=2117559.13..2117559.13 rows=1 width=20) (actual time=4717.628..4717.628 rows=0 loops=1)
   ->  Incremental Sort  (cost=1531459.83..2017558.59 rows=10000054 width=20) (actual time=2245.350..4463.415 rows=10000000 loops=1)
         Sort Key: s_3.a, s_3.b, s_3.c, s_3.d
         Presorted Key: s_3.a, s_3.b, s_3.c
         Sort Method: quicksort  Memory: 27kB
         Sort Groups: 312500
         ->  Sort  (cost=1531459.54..1556459.68 rows=10000054 width=20) (actual time=2245.297..3144.753 rows=10000000 loops=1)
               Sort Key: s_3.a, s_3.b, s_3.c
               Sort Method: external merge  Disk: 293552kB
               ->  Seq Scan on s_3  (cost=0.00..163695.54 rows=10000054 width=20) (actual time=0.031..651.487 rows=10000000 loops=1)
 Planning time: 0.251 ms
 Execution time: 4759.257 ms
(12 rows)

===== 388 [Wed Mar  7 07:11:16 CET 2018] scale:10000000 groups:10000 work_mem:256MB incremental:on max_workers:0 =====
SELECT * FROM (SELECT * FROM s_4 ORDER BY a, b, c, d) foo ORDER BY a, b, c, d, e
                                                             QUERY PLAN                                                              
-------------------------------------------------------------------------------------------------------------------------------------
 Limit  (cost=2117559.13..2117559.13 rows=1 width=20) (actual time=4651.209..4651.209 rows=0 loops=1)
   ->  Incremental Sort  (cost=1531459.83..2017558.59 rows=10000054 width=20) (actual time=2288.513..4425.869 rows=10000000 loops=1)
         Sort Key: s_4.a, s_4.b, s_4.c, s_4.d, s_4.e
         Presorted Key: s_4.a, s_4.b, s_4.c, s_4.d
         Sort Method: quicksort  Memory: 27kB
         Sort Groups: 312500
         ->  Sort  (cost=1531459.54..1556459.68 rows=10000054 width=20) (actual time=2288.460..3193.889 rows=10000000 loops=1)
               Sort Key: s_4.a, s_4.b, s_4.c, s_4.d
               Sort Method: external merge  Disk: 293552kB
               ->  Seq Scan on s_4  (cost=0.00..163695.54 rows=10000054 width=20) (actual time=0.031..643.941 rows=10000000 loops=1)
 Planning time: 0.258 ms
 Execution time: 4692.689 ms
(12 rows)

===== 389 [Wed Mar  7 07:11:37 CET 2018] scale:10000000 groups:10000 work_mem:256MB incremental:off max_workers:0 =====
SELECT * FROM (SELECT * FROM s_1 ORDER BY a) foo ORDER BY a, b
                                                             QUERY PLAN                                                              
-------------------------------------------------------------------------------------------------------------------------------------
 Limit  (cost=3149224.89..3149224.89 rows=1 width=20) (actual time=8200.917..8200.917 rows=0 loops=1)
   ->  Sort  (cost=3024224.22..3049224.35 rows=10000054 width=20) (actual time=7235.156..7982.733 rows=10000000 loops=1)
         Sort Key: s_1.a, s_1.b
         Sort Method: external merge  Disk: 293552kB
         ->  Sort  (cost=1531459.54..1556459.68 rows=10000054 width=20) (actual time=2090.887..2940.391 rows=10000000 loops=1)
               Sort Key: s_1.a
               Sort Method: external merge  Disk: 293552kB
               ->  Seq Scan on s_1  (cost=0.00..163695.54 rows=10000054 width=20) (actual time=0.026..650.548 rows=10000000 loops=1)
 Planning time: 0.229 ms
 Execution time: 8273.268 ms
(10 rows)

===== 390 [Wed Mar  7 07:12:20 CET 2018] scale:10000000 groups:10000 work_mem:256MB incremental:off max_workers:0 =====
SELECT * FROM (SELECT * FROM s_2 ORDER BY a, b) foo ORDER BY a, b, c
                                                             QUERY PLAN                                                              
-------------------------------------------------------------------------------------------------------------------------------------
 Limit  (cost=3149224.89..3149224.89 rows=1 width=20) (actual time=7382.103..7382.103 rows=0 loops=1)
   ->  Sort  (cost=3024224.22..3049224.35 rows=10000054 width=20) (actual time=6417.099..7163.945 rows=10000000 loops=1)
         Sort Key: s_2.a, s_2.b, s_2.c
         Sort Method: external merge  Disk: 293552kB
         ->  Sort  (cost=1531459.54..1556459.68 rows=10000054 width=20) (actual time=2234.276..3084.202 rows=10000000 loops=1)
               Sort Key: s_2.a, s_2.b
               Sort Method: external merge  Disk: 293552kB
               ->  Seq Scan on s_2  (cost=0.00..163695.54 rows=10000054 width=20) (actual time=0.032..649.905 rows=10000000 loops=1)
 Planning time: 0.238 ms
 Execution time: 7454.294 ms
(10 rows)

===== 391 [Wed Mar  7 07:12:59 CET 2018] scale:10000000 groups:10000 work_mem:256MB incremental:off max_workers:0 =====
SELECT * FROM (SELECT * FROM s_3 ORDER BY a, b, c) foo ORDER BY a, b, c, d
                                                             QUERY PLAN                                                              
-------------------------------------------------------------------------------------------------------------------------------------
 Limit  (cost=3149224.89..3149224.89 rows=1 width=20) (actual time=5951.606..5951.606 rows=0 loops=1)
   ->  Sort  (cost=3024224.22..3049224.35 rows=10000054 width=20) (actual time=4986.230..5733.422 rows=10000000 loops=1)
         Sort Key: s_3.a, s_3.b, s_3.c, s_3.d
         Sort Method: external merge  Disk: 293552kB
         ->  Sort  (cost=1531459.54..1556459.68 rows=10000054 width=20) (actual time=2232.153..3082.549 rows=10000000 loops=1)
               Sort Key: s_3.a, s_3.b, s_3.c
               Sort Method: external merge  Disk: 293552kB
               ->  Seq Scan on s_3  (cost=0.00..163695.54 rows=10000054 width=20) (actual time=0.032..650.684 rows=10000000 loops=1)
 Planning time: 0.244 ms
 Execution time: 6023.805 ms
(10 rows)

===== 392 [Wed Mar  7 07:13:29 CET 2018] scale:10000000 groups:10000 work_mem:256MB incremental:off max_workers:0 =====
SELECT * FROM (SELECT * FROM s_4 ORDER BY a, b, c, d) foo ORDER BY a, b, c, d, e
                                                             QUERY PLAN                                                              
-------------------------------------------------------------------------------------------------------------------------------------
 Limit  (cost=3149224.89..3149224.89 rows=1 width=20) (actual time=5582.555..5582.555 rows=0 loops=1)
   ->  Sort  (cost=3024224.22..3049224.35 rows=10000054 width=20) (actual time=4603.443..5363.958 rows=10000000 loops=1)
         Sort Key: s_4.a, s_4.b, s_4.c, s_4.d, s_4.e
         Sort Method: external merge  Disk: 293552kB
         ->  Sort  (cost=1531459.54..1556459.68 rows=10000054 width=20) (actual time=2240.874..3106.909 rows=10000000 loops=1)
               Sort Key: s_4.a, s_4.b, s_4.c, s_4.d
               Sort Method: external merge  Disk: 293552kB
               ->  Seq Scan on s_4  (cost=0.00..163695.54 rows=10000054 width=20) (actual time=0.031..649.833 rows=10000000 loops=1)
 Planning time: 0.243 ms
 Execution time: 5654.737 ms
(10 rows)

===== 393 [Wed Mar  7 07:13:56 CET 2018] scale:10000000 groups:10000 work_mem:4MB incremental:on max_workers:2 =====
SELECT * FROM (SELECT * FROM s_1 ORDER BY a) foo ORDER BY a, b
                                                                    QUERY PLAN                                                                    
--------------------------------------------------------------------------------------------------------------------------------------------------
 Limit  (cost=2427745.65..2427745.65 rows=1 width=20) (actual time=5857.127..5857.127 rows=0 loops=1)
   ->  Incremental Sort  (cost=735558.13..2344411.87 rows=8333378 width=20) (actual time=1000.818..5640.899 rows=10000000 loops=1)
         Sort Key: s_1.a, s_1.b
         Presorted Key: s_1.a
         Sort Method: quicksort  Memory: 136kB
         Sort Groups: 10001
         ->  Gather Merge  (cost=735404.16..1707699.48 rows=8333378 width=20) (actual time=1000.540..2531.578 rows=10000000 loops=1)
               Workers Planned: 2
               Workers Launched: 2
               ->  Sort  (cost=734404.14..744820.86 rows=4166689 width=20) (actual time=992.426..1316.798 rows=3333333 loops=3)
                     Sort Key: s_1.a
                     Sort Method: external merge  Disk: 95472kB
                     Worker 0:  Sort Method: external merge  Disk: 98936kB
                     Worker 1:  Sort Method: external merge  Disk: 99200kB
                     ->  Parallel Seq Scan on s_1  (cost=0.00..105361.89 rows=4166689 width=20) (actual time=0.025..235.535 rows=3333333 loops=3)
 Planning time: 0.251 ms
 Execution time: 5880.944 ms
(17 rows)

===== 394 [Wed Mar  7 07:14:25 CET 2018] scale:10000000 groups:10000 work_mem:4MB incremental:on max_workers:2 =====
SELECT * FROM (SELECT * FROM s_2 ORDER BY a, b) foo ORDER BY a, b, c
                                                                    QUERY PLAN                                                                    
--------------------------------------------------------------------------------------------------------------------------------------------------
 Limit  (cost=2175282.31..2175282.31 rows=1 width=20) (actual time=4501.143..4501.143 rows=0 loops=1)
   ->  Incremental Sort  (cost=735405.60..2091948.53 rows=8333378 width=20) (actual time=1045.109..4284.694 rows=10000000 loops=1)
         Sort Key: s_2.a, s_2.b, s_2.c
         Presorted Key: s_2.a, s_2.b
         Sort Method: quicksort  Memory: 27kB
         Sort Groups: 312008
         ->  Gather Merge  (cost=735404.16..1707699.48 rows=8333378 width=20) (actual time=1045.060..2784.446 rows=10000000 loops=1)
               Workers Planned: 2
               Workers Launched: 2
               ->  Sort  (cost=734404.14..744820.86 rows=4166689 width=20) (actual time=1039.391..1363.043 rows=3333333 loops=3)
                     Sort Key: s_2.a, s_2.b
                     Sort Method: external merge  Disk: 98632kB
                     Worker 0:  Sort Method: external merge  Disk: 97504kB
                     Worker 1:  Sort Method: external merge  Disk: 97472kB
                     ->  Parallel Seq Scan on s_2  (cost=0.00..105361.89 rows=4166689 width=20) (actual time=0.025..235.927 rows=3333333 loops=3)
 Planning time: 0.263 ms
 Execution time: 4525.482 ms
(17 rows)

===== 395 [Wed Mar  7 07:14:46 CET 2018] scale:10000000 groups:10000 work_mem:4MB incremental:on max_workers:2 =====
SELECT * FROM (SELECT * FROM s_3 ORDER BY a, b, c) foo ORDER BY a, b, c, d
                                                                    QUERY PLAN                                                                    
--------------------------------------------------------------------------------------------------------------------------------------------------
 Limit  (cost=2175282.31..2175282.31 rows=1 width=20) (actual time=4245.661..4245.661 rows=0 loops=1)
   ->  Incremental Sort  (cost=735405.60..2091948.53 rows=8333378 width=20) (actual time=1043.998..4029.278 rows=10000000 loops=1)
         Sort Key: s_3.a, s_3.b, s_3.c, s_3.d
         Presorted Key: s_3.a, s_3.b, s_3.c
         Sort Method: quicksort  Memory: 27kB
         Sort Groups: 312500
         ->  Gather Merge  (cost=735404.16..1707699.48 rows=8333378 width=20) (actual time=1043.951..2773.735 rows=10000000 loops=1)
               Workers Planned: 2
               Workers Launched: 2
               ->  Sort  (cost=734404.14..744820.86 rows=4166689 width=20) (actual time=1038.431..1361.919 rows=3333333 loops=3)
                     Sort Key: s_3.a, s_3.b, s_3.c
                     Sort Method: external merge  Disk: 98624kB
                     Worker 0:  Sort Method: external merge  Disk: 97496kB
                     Worker 1:  Sort Method: external merge  Disk: 97488kB
                     ->  Parallel Seq Scan on s_3  (cost=0.00..105361.89 rows=4166689 width=20) (actual time=0.026..237.564 rows=3333333 loops=3)
 Planning time: 0.270 ms
 Execution time: 4269.831 ms
(17 rows)

===== 396 [Wed Mar  7 07:15:06 CET 2018] scale:10000000 groups:10000 work_mem:4MB incremental:on max_workers:2 =====
SELECT * FROM (SELECT * FROM s_4 ORDER BY a, b, c, d) foo ORDER BY a, b, c, d, e
                                                                    QUERY PLAN                                                                    
--------------------------------------------------------------------------------------------------------------------------------------------------
 Limit  (cost=2175282.31..2175282.31 rows=1 width=20) (actual time=4200.992..4200.992 rows=0 loops=1)
   ->  Incremental Sort  (cost=735405.60..2091948.53 rows=8333378 width=20) (actual time=1056.374..3982.323 rows=10000000 loops=1)
         Sort Key: s_4.a, s_4.b, s_4.c, s_4.d, s_4.e
         Presorted Key: s_4.a, s_4.b, s_4.c, s_4.d
         Sort Method: quicksort  Memory: 27kB
         Sort Groups: 312500
         ->  Gather Merge  (cost=735404.16..1707699.48 rows=8333378 width=20) (actual time=1056.322..2786.676 rows=10000000 loops=1)
               Workers Planned: 2
               Workers Launched: 2
               ->  Sort  (cost=734404.14..744820.86 rows=4166689 width=20) (actual time=1048.837..1371.612 rows=3333333 loops=3)
                     Sort Key: s_4.a, s_4.b, s_4.c, s_4.d
                     Sort Method: external merge  Disk: 95712kB
                     Worker 0:  Sort Method: external merge  Disk: 98952kB
                     Worker 1:  Sort Method: external merge  Disk: 98944kB
                     ->  Parallel Seq Scan on s_4  (cost=0.00..105361.89 rows=4166689 width=20) (actual time=0.025..236.698 rows=3333333 loops=3)
 Planning time: 0.277 ms
 Execution time: 4225.102 ms
(17 rows)

===== 397 [Wed Mar  7 07:15:26 CET 2018] scale:10000000 groups:10000 work_mem:4MB incremental:off max_workers:2 =====
SELECT * FROM (SELECT * FROM s_1 ORDER BY a) foo ORDER BY a, b
                                                                    QUERY PLAN                                                                    
--------------------------------------------------------------------------------------------------------------------------------------------------
 Limit  (cost=3194944.87..3194944.87 rows=1 width=20) (actual time=8720.985..8720.985 rows=0 loops=1)
   ->  Sort  (cost=3090777.64..3111611.09 rows=8333378 width=20) (actual time=7668.832..8501.799 rows=10000000 loops=1)
         Sort Key: s_1.a, s_1.b
         Sort Method: external merge  Disk: 293600kB
         ->  Gather Merge  (cost=735404.16..1707699.48 rows=8333378 width=20) (actual time=988.292..2533.967 rows=10000000 loops=1)
               Workers Planned: 2
               Workers Launched: 2
               ->  Sort  (cost=734404.14..744820.86 rows=4166689 width=20) (actual time=984.227..1314.894 rows=3333333 loops=3)
                     Sort Key: s_1.a
                     Sort Method: external merge  Disk: 98608kB
                     Worker 0:  Sort Method: external merge  Disk: 97504kB
                     Worker 1:  Sort Method: external merge  Disk: 97488kB
                     ->  Parallel Seq Scan on s_1  (cost=0.00..105361.89 rows=4166689 width=20) (actual time=0.025..234.896 rows=3333333 loops=3)
 Planning time: 0.245 ms
 Execution time: 8764.283 ms
(15 rows)

===== 398 [Wed Mar  7 07:16:12 CET 2018] scale:10000000 groups:10000 work_mem:4MB incremental:off max_workers:2 =====
SELECT * FROM (SELECT * FROM s_2 ORDER BY a, b) foo ORDER BY a, b, c
                                                                    QUERY PLAN                                                                    
--------------------------------------------------------------------------------------------------------------------------------------------------
 Limit  (cost=3194944.87..3194944.87 rows=1 width=20) (actual time=8198.766..8198.766 rows=0 loops=1)
   ->  Sort  (cost=3090777.64..3111611.09 rows=8333378 width=20) (actual time=7149.251..7979.416 rows=10000000 loops=1)
         Sort Key: s_2.a, s_2.b, s_2.c
         Sort Method: external merge  Disk: 293600kB
         ->  Gather Merge  (cost=735404.16..1707699.48 rows=8333378 width=20) (actual time=1047.679..2793.136 rows=10000000 loops=1)
               Workers Planned: 2
               Workers Launched: 2
               ->  Sort  (cost=734404.14..744820.86 rows=4166689 width=20) (actual time=1042.470..1369.719 rows=3333333 loops=3)
                     Sort Key: s_2.a, s_2.b
                     Sort Method: external merge  Disk: 98624kB
                     Worker 0:  Sort Method: external merge  Disk: 97496kB
                     Worker 1:  Sort Method: external merge  Disk: 97488kB
                     ->  Parallel Seq Scan on s_2  (cost=0.00..105361.89 rows=4166689 width=20) (actual time=0.028..235.562 rows=3333333 loops=3)
 Planning time: 0.255 ms
 Execution time: 8241.834 ms
(15 rows)

===== 399 [Wed Mar  7 07:16:56 CET 2018] scale:10000000 groups:10000 work_mem:4MB incremental:off max_workers:2 =====
SELECT * FROM (SELECT * FROM s_3 ORDER BY a, b, c) foo ORDER BY a, b, c, d
                                                                    QUERY PLAN                                                                    
--------------------------------------------------------------------------------------------------------------------------------------------------
 Limit  (cost=3194944.87..3194944.87 rows=1 width=20) (actual time=6764.777..6764.777 rows=0 loops=1)
   ->  Sort  (cost=3090777.64..3111611.09 rows=8333378 width=20) (actual time=5714.339..6545.151 rows=10000000 loops=1)
         Sort Key: s_3.a, s_3.b, s_3.c, s_3.d
         Sort Method: external merge  Disk: 293600kB
         ->  Gather Merge  (cost=735404.16..1707699.48 rows=8333378 width=20) (actual time=1047.530..2786.209 rows=10000000 loops=1)
               Workers Planned: 2
               Workers Launched: 2
               ->  Sort  (cost=734404.14..744820.86 rows=4166689 width=20) (actual time=1042.811..1370.362 rows=3333333 loops=3)
                     Sort Key: s_3.a, s_3.b, s_3.c
                     Sort Method: external merge  Disk: 98624kB
                     Worker 0:  Sort Method: external merge  Disk: 97488kB
                     Worker 1:  Sort Method: external merge  Disk: 97488kB
                     ->  Parallel Seq Scan on s_3  (cost=0.00..105361.89 rows=4166689 width=20) (actual time=0.026..236.132 rows=3333333 loops=3)
 Planning time: 0.258 ms
 Execution time: 6807.889 ms
(15 rows)

===== 400 [Wed Mar  7 07:17:30 CET 2018] scale:10000000 groups:10000 work_mem:4MB incremental:off max_workers:2 =====
SELECT * FROM (SELECT * FROM s_4 ORDER BY a, b, c, d) foo ORDER BY a, b, c, d, e
                                                                    QUERY PLAN                                                                    
--------------------------------------------------------------------------------------------------------------------------------------------------
 Limit  (cost=3194944.87..3194944.87 rows=1 width=20) (actual time=6711.981..6711.981 rows=0 loops=1)
   ->  Sort  (cost=3090777.64..3111611.09 rows=8333378 width=20) (actual time=5662.416..6492.248 rows=10000000 loops=1)
         Sort Key: s_4.a, s_4.b, s_4.c, s_4.d, s_4.e
         Sort Method: external merge  Disk: 293600kB
         ->  Gather Merge  (cost=735404.16..1707699.48 rows=8333378 width=20) (actual time=1043.306..2768.769 rows=10000000 loops=1)
               Workers Planned: 2
               Workers Launched: 2
               ->  Sort  (cost=734404.14..744820.86 rows=4166689 width=20) (actual time=1039.303..1366.400 rows=3333333 loops=3)
                     Sort Key: s_4.a, s_4.b, s_4.c, s_4.d
                     Sort Method: external merge  Disk: 98432kB
                     Worker 0:  Sort Method: external merge  Disk: 97592kB
                     Worker 1:  Sort Method: external merge  Disk: 97584kB
                     ->  Parallel Seq Scan on s_4  (cost=0.00..105361.89 rows=4166689 width=20) (actual time=0.024..237.746 rows=3333333 loops=3)
 Planning time: 0.270 ms
 Execution time: 6755.226 ms
(15 rows)

===== 401 [Wed Mar  7 07:18:05 CET 2018] scale:10000000 groups:10000 work_mem:8MB incremental:on max_workers:2 =====
SELECT * FROM (SELECT * FROM s_1 ORDER BY a) foo ORDER BY a, b
                                                                    QUERY PLAN                                                                    
--------------------------------------------------------------------------------------------------------------------------------------------------
 Limit  (cost=2342293.15..2342293.15 rows=1 width=20) (actual time=5652.694..5652.694 rows=0 loops=1)
   ->  Incremental Sort  (cost=650105.63..2258959.37 rows=8333378 width=20) (actual time=761.008..5435.856 rows=10000000 loops=1)
         Sort Key: s_1.a, s_1.b
         Presorted Key: s_1.a
         Sort Method: quicksort  Memory: 136kB
         Sort Groups: 10001
         ->  Gather Merge  (cost=649951.66..1622246.98 rows=8333378 width=20) (actual time=760.727..2293.717 rows=10000000 loops=1)
               Workers Planned: 2
               Workers Launched: 2
               ->  Sort  (cost=648951.64..659368.36 rows=4166689 width=20) (actual time=757.063..1082.798 rows=3333333 loops=3)
                     Sort Key: s_1.a
                     Sort Method: external merge  Disk: 96312kB
                     Worker 0:  Sort Method: external merge  Disk: 98512kB
                     Worker 1:  Sort Method: external merge  Disk: 98784kB
                     ->  Parallel Seq Scan on s_1  (cost=0.00..105361.89 rows=4166689 width=20) (actual time=0.026..232.677 rows=3333333 loops=3)
 Planning time: 0.256 ms
 Execution time: 5675.669 ms
(17 rows)

===== 402 [Wed Mar  7 07:18:33 CET 2018] scale:10000000 groups:10000 work_mem:8MB incremental:on max_workers:2 =====
SELECT * FROM (SELECT * FROM s_2 ORDER BY a, b) foo ORDER BY a, b, c
                                                                    QUERY PLAN                                                                    
--------------------------------------------------------------------------------------------------------------------------------------------------
 Limit  (cost=2089829.81..2089829.81 rows=1 width=20) (actual time=4261.896..4261.896 rows=0 loops=1)
   ->  Incremental Sort  (cost=649953.10..2006496.03 rows=8333378 width=20) (actual time=797.592..4043.077 rows=10000000 loops=1)
         Sort Key: s_2.a, s_2.b, s_2.c
         Presorted Key: s_2.a, s_2.b
         Sort Method: quicksort  Memory: 27kB
         Sort Groups: 312008
         ->  Gather Merge  (cost=649951.66..1622246.98 rows=8333378 width=20) (actual time=797.540..2521.273 rows=10000000 loops=1)
               Workers Planned: 2
               Workers Launched: 2
               ->  Sort  (cost=648951.64..659368.36 rows=4166689 width=20) (actual time=795.307..1117.779 rows=3333333 loops=3)
                     Sort Key: s_2.a, s_2.b
                     Sort Method: external merge  Disk: 98024kB
                     Worker 0:  Sort Method: external merge  Disk: 97792kB
                     Worker 1:  Sort Method: external merge  Disk: 97792kB
                     ->  Parallel Seq Scan on s_2  (cost=0.00..105361.89 rows=4166689 width=20) (actual time=0.025..232.700 rows=3333333 loops=3)
 Planning time: 0.268 ms
 Execution time: 4283.803 ms
(17 rows)

===== 403 [Wed Mar  7 07:18:53 CET 2018] scale:10000000 groups:10000 work_mem:8MB incremental:on max_workers:2 =====
SELECT * FROM (SELECT * FROM s_3 ORDER BY a, b, c) foo ORDER BY a, b, c, d
                                                                    QUERY PLAN                                                                    
--------------------------------------------------------------------------------------------------------------------------------------------------
 Limit  (cost=2089829.81..2089829.81 rows=1 width=20) (actual time=4027.382..4027.382 rows=0 loops=1)
   ->  Incremental Sort  (cost=649953.10..2006496.03 rows=8333378 width=20) (actual time=799.841..3809.550 rows=10000000 loops=1)
         Sort Key: s_3.a, s_3.b, s_3.c, s_3.d
         Presorted Key: s_3.a, s_3.b, s_3.c
         Sort Method: quicksort  Memory: 27kB
         Sort Groups: 312500
         ->  Gather Merge  (cost=649951.66..1622246.98 rows=8333378 width=20) (actual time=799.794..2543.983 rows=10000000 loops=1)
               Workers Planned: 2
               Workers Launched: 2
               ->  Sort  (cost=648951.64..659368.36 rows=4166689 width=20) (actual time=798.163..1120.777 rows=3333333 loops=3)
                     Sort Key: s_3.a, s_3.b, s_3.c
                     Sort Method: external merge  Disk: 97848kB
                     Worker 0:  Sort Method: external merge  Disk: 97848kB
                     Worker 1:  Sort Method: external merge  Disk: 97912kB
                     ->  Parallel Seq Scan on s_3  (cost=0.00..105361.89 rows=4166689 width=20) (actual time=0.026..232.013 rows=3333333 loops=3)
 Planning time: 0.271 ms
 Execution time: 4052.066 ms
(17 rows)

===== 404 [Wed Mar  7 07:19:11 CET 2018] scale:10000000 groups:10000 work_mem:8MB incremental:on max_workers:2 =====
SELECT * FROM (SELECT * FROM s_4 ORDER BY a, b, c, d) foo ORDER BY a, b, c, d, e
                                                                    QUERY PLAN                                                                    
--------------------------------------------------------------------------------------------------------------------------------------------------
 Limit  (cost=2089829.81..2089829.81 rows=1 width=20) (actual time=3994.784..3994.784 rows=0 loops=1)
   ->  Incremental Sort  (cost=649953.10..2006496.03 rows=8333378 width=20) (actual time=797.772..3778.019 rows=10000000 loops=1)
         Sort Key: s_4.a, s_4.b, s_4.c, s_4.d, s_4.e
         Presorted Key: s_4.a, s_4.b, s_4.c, s_4.d
         Sort Method: quicksort  Memory: 27kB
         Sort Groups: 312500
         ->  Gather Merge  (cost=649951.66..1622246.98 rows=8333378 width=20) (actual time=797.725..2556.754 rows=10000000 loops=1)
               Workers Planned: 2
               Workers Launched: 2
               ->  Sort  (cost=648951.64..659368.36 rows=4166689 width=20) (actual time=796.139..1118.397 rows=3333333 loops=3)
                     Sort Key: s_4.a, s_4.b, s_4.c, s_4.d
                     Sort Method: external merge  Disk: 97944kB
                     Worker 0:  Sort Method: external merge  Disk: 97856kB
                     Worker 1:  Sort Method: external merge  Disk: 97816kB
                     ->  Parallel Seq Scan on s_4  (cost=0.00..105361.89 rows=4166689 width=20) (actual time=0.025..232.474 rows=3333333 loops=3)
 Planning time: 0.271 ms
 Execution time: 4018.640 ms
(17 rows)

===== 405 [Wed Mar  7 07:19:29 CET 2018] scale:10000000 groups:10000 work_mem:8MB incremental:off max_workers:2 =====
SELECT * FROM (SELECT * FROM s_1 ORDER BY a) foo ORDER BY a, b
                                                                    QUERY PLAN                                                                    
--------------------------------------------------------------------------------------------------------------------------------------------------
 Limit  (cost=3109492.37..3109492.37 rows=1 width=20) (actual time=7910.371..7910.371 rows=0 loops=1)
   ->  Sort  (cost=3005325.14..3026158.59 rows=8333378 width=20) (actual time=6859.264..7691.452 rows=10000000 loops=1)
         Sort Key: s_1.a, s_1.b
         Sort Method: external merge  Disk: 293608kB
         ->  Gather Merge  (cost=649951.66..1622246.98 rows=8333378 width=20) (actual time=742.427..2283.822 rows=10000000 loops=1)
               Workers Planned: 2
               Workers Launched: 2
               ->  Sort  (cost=648951.64..659368.36 rows=4166689 width=20) (actual time=739.137..1064.914 rows=3333333 loops=3)
                     Sort Key: s_1.a
                     Sort Method: external merge  Disk: 98256kB
                     Worker 0:  Sort Method: external merge  Disk: 97712kB
                     Worker 1:  Sort Method: external merge  Disk: 97648kB
                     ->  Parallel Seq Scan on s_1  (cost=0.00..105361.89 rows=4166689 width=20) (actual time=0.023..233.528 rows=3333333 loops=3)
 Planning time: 0.244 ms
 Execution time: 7954.153 ms
(15 rows)

===== 406 [Wed Mar  7 07:20:11 CET 2018] scale:10000000 groups:10000 work_mem:8MB incremental:off max_workers:2 =====
SELECT * FROM (SELECT * FROM s_2 ORDER BY a, b) foo ORDER BY a, b, c
                                                                    QUERY PLAN                                                                    
--------------------------------------------------------------------------------------------------------------------------------------------------
 Limit  (cost=3109492.37..3109492.37 rows=1 width=20) (actual time=7287.545..7287.545 rows=0 loops=1)
   ->  Sort  (cost=3005325.14..3026158.59 rows=8333378 width=20) (actual time=6237.942..7068.531 rows=10000000 loops=1)
         Sort Key: s_2.a, s_2.b, s_2.c
         Sort Method: external merge  Disk: 293608kB
         ->  Gather Merge  (cost=649951.66..1622246.98 rows=8333378 width=20) (actual time=799.219..2535.563 rows=10000000 loops=1)
               Workers Planned: 2
               Workers Launched: 2
               ->  Sort  (cost=648951.64..659368.36 rows=4166689 width=20) (actual time=796.707..1121.136 rows=3333333 loops=3)
                     Sort Key: s_2.a, s_2.b
                     Sort Method: external merge  Disk: 97928kB
                     Worker 0:  Sort Method: external merge  Disk: 97896kB
                     Worker 1:  Sort Method: external merge  Disk: 97792kB
                     ->  Parallel Seq Scan on s_2  (cost=0.00..105361.89 rows=4166689 width=20) (actual time=0.026..232.288 rows=3333333 loops=3)
 Planning time: 0.254 ms
 Execution time: 7331.222 ms
(15 rows)

===== 407 [Wed Mar  7 07:20:48 CET 2018] scale:10000000 groups:10000 work_mem:8MB incremental:off max_workers:2 =====
SELECT * FROM (SELECT * FROM s_3 ORDER BY a, b, c) foo ORDER BY a, b, c, d
                                                                    QUERY PLAN                                                                    
--------------------------------------------------------------------------------------------------------------------------------------------------
 Limit  (cost=3109492.37..3109492.37 rows=1 width=20) (actual time=5804.491..5804.491 rows=0 loops=1)
   ->  Sort  (cost=3005325.14..3026158.59 rows=8333378 width=20) (actual time=4755.157..5585.311 rows=10000000 loops=1)
         Sort Key: s_3.a, s_3.b, s_3.c, s_3.d
         Sort Method: external merge  Disk: 293608kB
         ->  Gather Merge  (cost=649951.66..1622246.98 rows=8333378 width=20) (actual time=801.447..2533.616 rows=10000000 loops=1)
               Workers Planned: 2
               Workers Launched: 2
               ->  Sort  (cost=648951.64..659368.36 rows=4166689 width=20) (actual time=799.059..1123.386 rows=3333333 loops=3)
                     Sort Key: s_3.a, s_3.b, s_3.c
                     Sort Method: external merge  Disk: 98024kB
                     Worker 0:  Sort Method: external merge  Disk: 97792kB
                     Worker 1:  Sort Method: external merge  Disk: 97792kB
                     ->  Parallel Seq Scan on s_3  (cost=0.00..105361.89 rows=4166689 width=20) (actual time=0.025..232.180 rows=3333333 loops=3)
 Planning time: 0.266 ms
 Execution time: 5848.334 ms
(15 rows)

===== 408 [Wed Mar  7 07:21:18 CET 2018] scale:10000000 groups:10000 work_mem:8MB incremental:off max_workers:2 =====
SELECT * FROM (SELECT * FROM s_4 ORDER BY a, b, c, d) foo ORDER BY a, b, c, d, e
                                                                    QUERY PLAN                                                                    
--------------------------------------------------------------------------------------------------------------------------------------------------
 Limit  (cost=3109492.37..3109492.37 rows=1 width=20) (actual time=5738.050..5738.050 rows=0 loops=1)
   ->  Sort  (cost=3005325.14..3026158.59 rows=8333378 width=20) (actual time=4688.735..5518.903 rows=10000000 loops=1)
         Sort Key: s_4.a, s_4.b, s_4.c, s_4.d, s_4.e
         Sort Method: external merge  Disk: 293608kB
         ->  Gather Merge  (cost=649951.66..1622246.98 rows=8333378 width=20) (actual time=796.196..2516.998 rows=10000000 loops=1)
               Workers Planned: 2
               Workers Launched: 2
               ->  Sort  (cost=648951.64..659368.36 rows=4166689 width=20) (actual time=793.754..1116.759 rows=3333333 loops=3)
                     Sort Key: s_4.a, s_4.b, s_4.c, s_4.d
                     Sort Method: external merge  Disk: 98168kB
                     Worker 0:  Sort Method: external merge  Disk: 97736kB
                     Worker 1:  Sort Method: external merge  Disk: 97712kB
                     ->  Parallel Seq Scan on s_4  (cost=0.00..105361.89 rows=4166689 width=20) (actual time=0.026..232.979 rows=3333333 loops=3)
 Planning time: 0.257 ms
 Execution time: 5781.946 ms
(15 rows)

===== 409 [Wed Mar  7 07:21:46 CET 2018] scale:10000000 groups:10000 work_mem:16MB incremental:on max_workers:2 =====
SELECT * FROM (SELECT * FROM s_1 ORDER BY a) foo ORDER BY a, b
                                                             QUERY PLAN                                                              
-------------------------------------------------------------------------------------------------------------------------------------
 Limit  (cost=2433628.90..2433628.90 rows=1 width=20) (actual time=6310.134..6310.134 rows=0 loops=1)
   ->  Incremental Sort  (cost=1531525.52..2333628.36 rows=10000054 width=20) (actual time=1891.550..6054.844 rows=10000000 loops=1)
         Sort Key: s_1.a, s_1.b
         Presorted Key: s_1.a
         Sort Method: quicksort  Memory: 136kB
         Sort Groups: 10001
         ->  Sort  (cost=1531459.54..1556459.68 rows=10000054 width=20) (actual time=1891.323..2834.861 rows=10000000 loops=1)
               Sort Key: s_1.a
               Sort Method: external merge  Disk: 293904kB
               ->  Seq Scan on s_1  (cost=0.00..163695.54 rows=10000054 width=20) (actual time=0.027..631.066 rows=10000000 loops=1)
 Planning time: 0.245 ms
 Execution time: 6344.831 ms
(12 rows)

===== 410 [Wed Mar  7 07:22:17 CET 2018] scale:10000000 groups:10000 work_mem:16MB incremental:on max_workers:2 =====
SELECT * FROM (SELECT * FROM s_2 ORDER BY a, b) foo ORDER BY a, b, c
                                                             QUERY PLAN                                                              
-------------------------------------------------------------------------------------------------------------------------------------
 Limit  (cost=2117559.13..2117559.13 rows=1 width=20) (actual time=4728.414..4728.414 rows=0 loops=1)
   ->  Incremental Sort  (cost=1531459.83..2017558.59 rows=10000054 width=20) (actual time=2022.603..4476.385 rows=10000000 loops=1)
         Sort Key: s_2.a, s_2.b, s_2.c
         Presorted Key: s_2.a, s_2.b
         Sort Method: quicksort  Memory: 27kB
         Sort Groups: 312008
         ->  Sort  (cost=1531459.54..1556459.68 rows=10000054 width=20) (actual time=2022.549..3011.870 rows=10000000 loops=1)
               Sort Key: s_2.a, s_2.b
               Sort Method: external merge  Disk: 293904kB
               ->  Seq Scan on s_2  (cost=0.00..163695.54 rows=10000054 width=20) (actual time=0.028..627.591 rows=10000000 loops=1)
 Planning time: 0.250 ms
 Execution time: 4762.985 ms
(12 rows)

===== 411 [Wed Mar  7 07:22:39 CET 2018] scale:10000000 groups:10000 work_mem:16MB incremental:on max_workers:2 =====
SELECT * FROM (SELECT * FROM s_3 ORDER BY a, b, c) foo ORDER BY a, b, c, d
                                                             QUERY PLAN                                                              
-------------------------------------------------------------------------------------------------------------------------------------
 Limit  (cost=2117559.13..2117559.13 rows=1 width=20) (actual time=4450.938..4450.938 rows=0 loops=1)
   ->  Incremental Sort  (cost=1531459.83..2017558.59 rows=10000054 width=20) (actual time=2022.112..4224.542 rows=10000000 loops=1)
         Sort Key: s_3.a, s_3.b, s_3.c, s_3.d
         Presorted Key: s_3.a, s_3.b, s_3.c
         Sort Method: quicksort  Memory: 27kB
         Sort Groups: 312500
         ->  Sort  (cost=1531459.54..1556459.68 rows=10000054 width=20) (actual time=2022.059..3012.706 rows=10000000 loops=1)
               Sort Key: s_3.a, s_3.b, s_3.c
               Sort Method: external merge  Disk: 293904kB
               ->  Seq Scan on s_3  (cost=0.00..163695.54 rows=10000054 width=20) (actual time=0.030..629.098 rows=10000000 loops=1)
 Planning time: 0.257 ms
 Execution time: 4485.547 ms
(12 rows)

===== 412 [Wed Mar  7 07:22:59 CET 2018] scale:10000000 groups:10000 work_mem:16MB incremental:on max_workers:2 =====
SELECT * FROM (SELECT * FROM s_4 ORDER BY a, b, c, d) foo ORDER BY a, b, c, d, e
                                                             QUERY PLAN                                                              
-------------------------------------------------------------------------------------------------------------------------------------
 Limit  (cost=2117559.13..2117559.13 rows=1 width=20) (actual time=4449.116..4449.116 rows=0 loops=1)
   ->  Incremental Sort  (cost=1531459.83..2017558.59 rows=10000054 width=20) (actual time=2019.886..4223.262 rows=10000000 loops=1)
         Sort Key: s_4.a, s_4.b, s_4.c, s_4.d, s_4.e
         Presorted Key: s_4.a, s_4.b, s_4.c, s_4.d
         Sort Method: quicksort  Memory: 27kB
         Sort Groups: 312500
         ->  Sort  (cost=1531459.54..1556459.68 rows=10000054 width=20) (actual time=2019.832..3010.371 rows=10000000 loops=1)
               Sort Key: s_4.a, s_4.b, s_4.c, s_4.d
               Sort Method: external merge  Disk: 293904kB
               ->  Seq Scan on s_4  (cost=0.00..163695.54 rows=10000054 width=20) (actual time=0.031..627.564 rows=10000000 loops=1)
 Planning time: 0.267 ms
 Execution time: 4483.628 ms
(12 rows)

===== 413 [Wed Mar  7 07:23:19 CET 2018] scale:10000000 groups:10000 work_mem:16MB incremental:off max_workers:2 =====
SELECT * FROM (SELECT * FROM s_1 ORDER BY a) foo ORDER BY a, b
                                                             QUERY PLAN                                                              
-------------------------------------------------------------------------------------------------------------------------------------
 Limit  (cost=3149224.89..3149224.89 rows=1 width=20) (actual time=7694.083..7694.083 rows=0 loops=1)
   ->  Sort  (cost=3024224.22..3049224.35 rows=10000054 width=20) (actual time=6652.449..7475.951 rows=10000000 loops=1)
         Sort Key: s_1.a, s_1.b
         Sort Method: external merge  Disk: 293904kB
         ->  Sort  (cost=1531459.54..1556459.68 rows=10000054 width=20) (actual time=1885.086..2817.556 rows=10000000 loops=1)
               Sort Key: s_1.a
               Sort Method: external merge  Disk: 293904kB
               ->  Seq Scan on s_1  (cost=0.00..163695.54 rows=10000054 width=20) (actual time=0.024..629.923 rows=10000000 loops=1)
 Planning time: 0.244 ms
 Execution time: 7759.118 ms
(10 rows)

===== 414 [Wed Mar  7 07:23:59 CET 2018] scale:10000000 groups:10000 work_mem:16MB incremental:off max_workers:2 =====
SELECT * FROM (SELECT * FROM s_2 ORDER BY a, b) foo ORDER BY a, b, c
                                                             QUERY PLAN                                                              
-------------------------------------------------------------------------------------------------------------------------------------
 Limit  (cost=3149224.89..3149224.89 rows=1 width=20) (actual time=6871.429..6871.429 rows=0 loops=1)
   ->  Sort  (cost=3024224.22..3049224.35 rows=10000054 width=20) (actual time=5831.151..6653.398 rows=10000000 loops=1)
         Sort Key: s_2.a, s_2.b, s_2.c
         Sort Method: external merge  Disk: 293904kB
         ->  Sort  (cost=1531459.54..1556459.68 rows=10000054 width=20) (actual time=2011.867..2944.414 rows=10000000 loops=1)
               Sort Key: s_2.a, s_2.b
               Sort Method: external merge  Disk: 293904kB
               ->  Seq Scan on s_2  (cost=0.00..163695.54 rows=10000054 width=20) (actual time=0.032..626.883 rows=10000000 loops=1)
 Planning time: 0.242 ms
 Execution time: 6936.356 ms
(10 rows)

===== 415 [Wed Mar  7 07:24:35 CET 2018] scale:10000000 groups:10000 work_mem:16MB incremental:off max_workers:2 =====
SELECT * FROM (SELECT * FROM s_3 ORDER BY a, b, c) foo ORDER BY a, b, c, d
                                                             QUERY PLAN                                                              
-------------------------------------------------------------------------------------------------------------------------------------
 Limit  (cost=3149224.89..3149224.89 rows=1 width=20) (actual time=5388.072..5388.072 rows=0 loops=1)
   ->  Sort  (cost=3024224.22..3049224.35 rows=10000054 width=20) (actual time=4347.349..5170.064 rows=10000000 loops=1)
         Sort Key: s_3.a, s_3.b, s_3.c, s_3.d
         Sort Method: external merge  Disk: 293904kB
         ->  Sort  (cost=1531459.54..1556459.68 rows=10000054 width=20) (actual time=2024.645..2957.846 rows=10000000 loops=1)
               Sort Key: s_3.a, s_3.b, s_3.c
               Sort Method: external merge  Disk: 293904kB
               ->  Seq Scan on s_3  (cost=0.00..163695.54 rows=10000054 width=20) (actual time=0.030..628.307 rows=10000000 loops=1)
 Planning time: 0.250 ms
 Execution time: 5452.939 ms
(10 rows)

===== 416 [Wed Mar  7 07:25:01 CET 2018] scale:10000000 groups:10000 work_mem:16MB incremental:off max_workers:2 =====
SELECT * FROM (SELECT * FROM s_4 ORDER BY a, b, c, d) foo ORDER BY a, b, c, d, e
                                                             QUERY PLAN                                                              
-------------------------------------------------------------------------------------------------------------------------------------
 Limit  (cost=3149224.89..3149224.89 rows=1 width=20) (actual time=5311.325..5311.325 rows=0 loops=1)
   ->  Sort  (cost=3024224.22..3049224.35 rows=10000054 width=20) (actual time=4264.605..5093.272 rows=10000000 loops=1)
         Sort Key: s_4.a, s_4.b, s_4.c, s_4.d, s_4.e
         Sort Method: external merge  Disk: 293904kB
         ->  Sort  (cost=1531459.54..1556459.68 rows=10000054 width=20) (actual time=2023.934..2957.018 rows=10000000 loops=1)
               Sort Key: s_4.a, s_4.b, s_4.c, s_4.d
               Sort Method: external merge  Disk: 293904kB
               ->  Seq Scan on s_4  (cost=0.00..163695.54 rows=10000054 width=20) (actual time=0.033..628.280 rows=10000000 loops=1)
 Planning time: 0.257 ms
 Execution time: 5376.129 ms
(10 rows)

===== 417 [Wed Mar  7 07:25:27 CET 2018] scale:10000000 groups:10000 work_mem:32MB incremental:on max_workers:2 =====
SELECT * FROM (SELECT * FROM s_1 ORDER BY a) foo ORDER BY a, b
                                                             QUERY PLAN                                                              
-------------------------------------------------------------------------------------------------------------------------------------
 Limit  (cost=2433628.90..2433628.90 rows=1 width=20) (actual time=6252.777..6252.777 rows=0 loops=1)
   ->  Incremental Sort  (cost=1531525.52..2333628.36 rows=10000054 width=20) (actual time=1854.296..5997.557 rows=10000000 loops=1)
         Sort Key: s_1.a, s_1.b
         Presorted Key: s_1.a
         Sort Method: quicksort  Memory: 136kB
         Sort Groups: 10001
         ->  Sort  (cost=1531459.54..1556459.68 rows=10000054 width=20) (actual time=1854.060..2791.082 rows=10000000 loops=1)
               Sort Key: s_1.a
               Sort Method: external merge  Disk: 293576kB
               ->  Seq Scan on s_1  (cost=0.00..163695.54 rows=10000054 width=20) (actual time=0.026..629.898 rows=10000000 loops=1)
 Planning time: 0.250 ms
 Execution time: 6288.014 ms
(12 rows)

===== 418 [Wed Mar  7 07:25:58 CET 2018] scale:10000000 groups:10000 work_mem:32MB incremental:on max_workers:2 =====
SELECT * FROM (SELECT * FROM s_2 ORDER BY a, b) foo ORDER BY a, b, c
                                                             QUERY PLAN                                                              
-------------------------------------------------------------------------------------------------------------------------------------
 Limit  (cost=2117559.13..2117559.13 rows=1 width=20) (actual time=4697.652..4697.652 rows=0 loops=1)
   ->  Incremental Sort  (cost=1531459.83..2017558.59 rows=10000054 width=20) (actual time=1988.352..4445.676 rows=10000000 loops=1)
         Sort Key: s_2.a, s_2.b, s_2.c
         Presorted Key: s_2.a, s_2.b
         Sort Method: quicksort  Memory: 27kB
         Sort Groups: 312008
         ->  Sort  (cost=1531459.54..1556459.68 rows=10000054 width=20) (actual time=1988.298..2975.989 rows=10000000 loops=1)
               Sort Key: s_2.a, s_2.b
               Sort Method: external merge  Disk: 293576kB
               ->  Seq Scan on s_2  (cost=0.00..163695.54 rows=10000054 width=20) (actual time=0.028..626.877 rows=10000000 loops=1)
 Planning time: 0.267 ms
 Execution time: 4732.804 ms
(12 rows)

===== 419 [Wed Mar  7 07:26:19 CET 2018] scale:10000000 groups:10000 work_mem:32MB incremental:on max_workers:2 =====
SELECT * FROM (SELECT * FROM s_3 ORDER BY a, b, c) foo ORDER BY a, b, c, d
                                                             QUERY PLAN                                                              
-------------------------------------------------------------------------------------------------------------------------------------
 Limit  (cost=2117559.13..2117559.13 rows=1 width=20) (actual time=4426.495..4426.495 rows=0 loops=1)
   ->  Incremental Sort  (cost=1531459.83..2017558.59 rows=10000054 width=20) (actual time=1997.437..4201.016 rows=10000000 loops=1)
         Sort Key: s_3.a, s_3.b, s_3.c, s_3.d
         Presorted Key: s_3.a, s_3.b, s_3.c
         Sort Method: quicksort  Memory: 27kB
         Sort Groups: 312500
         ->  Sort  (cost=1531459.54..1556459.68 rows=10000054 width=20) (actual time=1997.384..2985.913 rows=10000000 loops=1)
               Sort Key: s_3.a, s_3.b, s_3.c
               Sort Method: external merge  Disk: 293576kB
               ->  Seq Scan on s_3  (cost=0.00..163695.54 rows=10000054 width=20) (actual time=0.032..627.968 rows=10000000 loops=1)
 Planning time: 0.261 ms
 Execution time: 4461.581 ms
(12 rows)

===== 420 [Wed Mar  7 07:26:39 CET 2018] scale:10000000 groups:10000 work_mem:32MB incremental:on max_workers:2 =====
SELECT * FROM (SELECT * FROM s_4 ORDER BY a, b, c, d) foo ORDER BY a, b, c, d, e
                                                             QUERY PLAN                                                              
-------------------------------------------------------------------------------------------------------------------------------------
 Limit  (cost=2117559.13..2117559.13 rows=1 width=20) (actual time=4428.670..4428.670 rows=0 loops=1)
   ->  Incremental Sort  (cost=1531459.83..2017558.59 rows=10000054 width=20) (actual time=1996.107..4203.063 rows=10000000 loops=1)
         Sort Key: s_4.a, s_4.b, s_4.c, s_4.d, s_4.e
         Presorted Key: s_4.a, s_4.b, s_4.c, s_4.d
         Sort Method: quicksort  Memory: 27kB
         Sort Groups: 312500
         ->  Sort  (cost=1531459.54..1556459.68 rows=10000054 width=20) (actual time=1996.054..2984.796 rows=10000000 loops=1)
               Sort Key: s_4.a, s_4.b, s_4.c, s_4.d
               Sort Method: external merge  Disk: 293576kB
               ->  Seq Scan on s_4  (cost=0.00..163695.54 rows=10000054 width=20) (actual time=0.031..626.519 rows=10000000 loops=1)
 Planning time: 0.259 ms
 Execution time: 4463.727 ms
(12 rows)

===== 421 [Wed Mar  7 07:26:58 CET 2018] scale:10000000 groups:10000 work_mem:32MB incremental:off max_workers:2 =====
SELECT * FROM (SELECT * FROM s_1 ORDER BY a) foo ORDER BY a, b
                                                             QUERY PLAN                                                              
-------------------------------------------------------------------------------------------------------------------------------------
 Limit  (cost=3149224.89..3149224.89 rows=1 width=20) (actual time=7697.594..7697.594 rows=0 loops=1)
   ->  Sort  (cost=3024224.22..3049224.35 rows=10000054 width=20) (actual time=6658.953..7479.997 rows=10000000 loops=1)
         Sort Key: s_1.a, s_1.b
         Sort Method: external merge  Disk: 293576kB
         ->  Sort  (cost=1531459.54..1556459.68 rows=10000054 width=20) (actual time=1843.445..2776.860 rows=10000000 loops=1)
               Sort Key: s_1.a
               Sort Method: external merge  Disk: 293576kB
               ->  Seq Scan on s_1  (cost=0.00..163695.54 rows=10000054 width=20) (actual time=0.024..627.863 rows=10000000 loops=1)
 Planning time: 0.244 ms
 Execution time: 7763.928 ms
(10 rows)

===== 422 [Wed Mar  7 07:27:39 CET 2018] scale:10000000 groups:10000 work_mem:32MB incremental:off max_workers:2 =====
SELECT * FROM (SELECT * FROM s_2 ORDER BY a, b) foo ORDER BY a, b, c
                                                             QUERY PLAN                                                              
-------------------------------------------------------------------------------------------------------------------------------------
 Limit  (cost=3149224.89..3149224.89 rows=1 width=20) (actual time=6872.627..6872.627 rows=0 loops=1)
   ->  Sort  (cost=3024224.22..3049224.35 rows=10000054 width=20) (actual time=5834.532..6655.048 rows=10000000 loops=1)
         Sort Key: s_2.a, s_2.b, s_2.c
         Sort Method: external merge  Disk: 293576kB
         ->  Sort  (cost=1531459.54..1556459.68 rows=10000054 width=20) (actual time=1974.894..2908.534 rows=10000000 loops=1)
               Sort Key: s_2.a, s_2.b
               Sort Method: external merge  Disk: 293576kB
               ->  Seq Scan on s_2  (cost=0.00..163695.54 rows=10000054 width=20) (actual time=0.031..626.503 rows=10000000 loops=1)
 Planning time: 0.254 ms
 Execution time: 6939.000 ms
(10 rows)

===== 423 [Wed Mar  7 07:28:14 CET 2018] scale:10000000 groups:10000 work_mem:32MB incremental:off max_workers:2 =====
SELECT * FROM (SELECT * FROM s_3 ORDER BY a, b, c) foo ORDER BY a, b, c, d
                                                             QUERY PLAN                                                              
-------------------------------------------------------------------------------------------------------------------------------------
 Limit  (cost=3149224.89..3149224.89 rows=1 width=20) (actual time=5362.616..5362.616 rows=0 loops=1)
   ->  Sort  (cost=3024224.22..3049224.35 rows=10000054 width=20) (actual time=4325.432..5145.004 rows=10000000 loops=1)
         Sort Key: s_3.a, s_3.b, s_3.c, s_3.d
         Sort Method: external merge  Disk: 293576kB
         ->  Sort  (cost=1531459.54..1556459.68 rows=10000054 width=20) (actual time=1986.696..2914.140 rows=10000000 loops=1)
               Sort Key: s_3.a, s_3.b, s_3.c
               Sort Method: external merge  Disk: 293576kB
               ->  Seq Scan on s_3  (cost=0.00..163695.54 rows=10000054 width=20) (actual time=0.046..628.169 rows=10000000 loops=1)
 Planning time: 0.290 ms
 Execution time: 5429.261 ms
(10 rows)

===== 424 [Wed Mar  7 07:28:41 CET 2018] scale:10000000 groups:10000 work_mem:32MB incremental:off max_workers:2 =====
SELECT * FROM (SELECT * FROM s_4 ORDER BY a, b, c, d) foo ORDER BY a, b, c, d, e
                                                             QUERY PLAN                                                              
-------------------------------------------------------------------------------------------------------------------------------------
 Limit  (cost=3149224.89..3149224.89 rows=1 width=20) (actual time=5212.695..5212.695 rows=0 loops=1)
   ->  Sort  (cost=3024224.22..3049224.35 rows=10000054 width=20) (actual time=4168.757..4995.350 rows=10000000 loops=1)
         Sort Key: s_4.a, s_4.b, s_4.c, s_4.d, s_4.e
         Sort Method: external merge  Disk: 293576kB
         ->  Sort  (cost=1531459.54..1556459.68 rows=10000054 width=20) (actual time=1987.686..2915.176 rows=10000000 loops=1)
               Sort Key: s_4.a, s_4.b, s_4.c, s_4.d
               Sort Method: external merge  Disk: 293576kB
               ->  Seq Scan on s_4  (cost=0.00..163695.54 rows=10000054 width=20) (actual time=0.030..628.274 rows=10000000 loops=1)
 Planning time: 0.248 ms
 Execution time: 5278.965 ms
(10 rows)

===== 425 [Wed Mar  7 07:29:06 CET 2018] scale:10000000 groups:10000 work_mem:64MB incremental:on max_workers:2 =====
SELECT * FROM (SELECT * FROM s_1 ORDER BY a) foo ORDER BY a, b
                                                             QUERY PLAN                                                              
-------------------------------------------------------------------------------------------------------------------------------------
 Limit  (cost=2433628.90..2433628.90 rows=1 width=20) (actual time=6327.575..6327.575 rows=0 loops=1)
   ->  Incremental Sort  (cost=1531525.52..2333628.36 rows=10000054 width=20) (actual time=1890.810..6072.160 rows=10000000 loops=1)
         Sort Key: s_1.a, s_1.b
         Presorted Key: s_1.a
         Sort Method: quicksort  Memory: 136kB
         Sort Groups: 10001
         ->  Sort  (cost=1531459.54..1556459.68 rows=10000054 width=20) (actual time=1890.581..2846.799 rows=10000000 loops=1)
               Sort Key: s_1.a
               Sort Method: external merge  Disk: 293648kB
               ->  Seq Scan on s_1  (cost=0.00..163695.54 rows=10000054 width=20) (actual time=0.027..630.392 rows=10000000 loops=1)
 Planning time: 0.246 ms
 Execution time: 6357.211 ms
(12 rows)

===== 426 [Wed Mar  7 07:29:37 CET 2018] scale:10000000 groups:10000 work_mem:64MB incremental:on max_workers:2 =====
SELECT * FROM (SELECT * FROM s_2 ORDER BY a, b) foo ORDER BY a, b, c
                                                             QUERY PLAN                                                              
-------------------------------------------------------------------------------------------------------------------------------------
 Limit  (cost=2117559.13..2117559.13 rows=1 width=20) (actual time=4786.212..4786.212 rows=0 loops=1)
   ->  Incremental Sort  (cost=1531459.83..2017558.59 rows=10000054 width=20) (actual time=2029.867..4534.382 rows=10000000 loops=1)
         Sort Key: s_2.a, s_2.b, s_2.c
         Presorted Key: s_2.a, s_2.b
         Sort Method: quicksort  Memory: 27kB
         Sort Groups: 312008
         ->  Sort  (cost=1531459.54..1556459.68 rows=10000054 width=20) (actual time=2029.813..3038.068 rows=10000000 loops=1)
               Sort Key: s_2.a, s_2.b
               Sort Method: external merge  Disk: 293648kB
               ->  Seq Scan on s_2  (cost=0.00..163695.54 rows=10000054 width=20) (actual time=0.028..628.009 rows=10000000 loops=1)
 Planning time: 0.243 ms
 Execution time: 4823.020 ms
(12 rows)

===== 427 [Wed Mar  7 07:29:59 CET 2018] scale:10000000 groups:10000 work_mem:64MB incremental:on max_workers:2 =====
SELECT * FROM (SELECT * FROM s_3 ORDER BY a, b, c) foo ORDER BY a, b, c, d
                                                             QUERY PLAN                                                              
-------------------------------------------------------------------------------------------------------------------------------------
 Limit  (cost=2117559.13..2117559.13 rows=1 width=20) (actual time=4452.236..4452.236 rows=0 loops=1)
   ->  Incremental Sort  (cost=1531459.83..2017558.59 rows=10000054 width=20) (actual time=2020.189..4226.654 rows=10000000 loops=1)
         Sort Key: s_3.a, s_3.b, s_3.c, s_3.d
         Presorted Key: s_3.a, s_3.b, s_3.c
         Sort Method: quicksort  Memory: 27kB
         Sort Groups: 312500
         ->  Sort  (cost=1531459.54..1556459.68 rows=10000054 width=20) (actual time=2020.135..3013.670 rows=10000000 loops=1)
               Sort Key: s_3.a, s_3.b, s_3.c
               Sort Method: external merge  Disk: 293648kB
               ->  Seq Scan on s_3  (cost=0.00..163695.54 rows=10000054 width=20) (actual time=0.031..629.194 rows=10000000 loops=1)
 Planning time: 0.266 ms
 Execution time: 4488.726 ms
(12 rows)

===== 428 [Wed Mar  7 07:30:19 CET 2018] scale:10000000 groups:10000 work_mem:64MB incremental:on max_workers:2 =====
SELECT * FROM (SELECT * FROM s_4 ORDER BY a, b, c, d) foo ORDER BY a, b, c, d, e
                                                             QUERY PLAN                                                              
-------------------------------------------------------------------------------------------------------------------------------------
 Limit  (cost=2117559.13..2117559.13 rows=1 width=20) (actual time=4452.734..4452.734 rows=0 loops=1)
   ->  Incremental Sort  (cost=1531459.83..2017558.59 rows=10000054 width=20) (actual time=2019.625..4226.933 rows=10000000 loops=1)
         Sort Key: s_4.a, s_4.b, s_4.c, s_4.d, s_4.e
         Presorted Key: s_4.a, s_4.b, s_4.c, s_4.d
         Sort Method: quicksort  Memory: 27kB
         Sort Groups: 312500
         ->  Sort  (cost=1531459.54..1556459.68 rows=10000054 width=20) (actual time=2019.572..3012.610 rows=10000000 loops=1)
               Sort Key: s_4.a, s_4.b, s_4.c, s_4.d
               Sort Method: external merge  Disk: 293648kB
               ->  Seq Scan on s_4  (cost=0.00..163695.54 rows=10000054 width=20) (actual time=0.031..628.694 rows=10000000 loops=1)
 Planning time: 0.261 ms
 Execution time: 4489.419 ms
(12 rows)

===== 429 [Wed Mar  7 07:30:39 CET 2018] scale:10000000 groups:10000 work_mem:64MB incremental:off max_workers:2 =====
SELECT * FROM (SELECT * FROM s_1 ORDER BY a) foo ORDER BY a, b
                                                             QUERY PLAN                                                              
-------------------------------------------------------------------------------------------------------------------------------------
 Limit  (cost=3149224.89..3149224.89 rows=1 width=20) (actual time=7892.447..7892.447 rows=0 loops=1)
   ->  Sort  (cost=3024224.22..3049224.35 rows=10000054 width=20) (actual time=6848.905..7674.710 rows=10000000 loops=1)
         Sort Key: s_1.a, s_1.b
         Sort Method: external merge  Disk: 293648kB
         ->  Sort  (cost=1531459.54..1556459.68 rows=10000054 width=20) (actual time=1882.209..2846.735 rows=10000000 loops=1)
               Sort Key: s_1.a
               Sort Method: external merge  Disk: 293648kB
               ->  Seq Scan on s_1  (cost=0.00..163695.54 rows=10000054 width=20) (actual time=0.027..630.355 rows=10000000 loops=1)
 Planning time: 0.242 ms
 Execution time: 7956.962 ms
(10 rows)

===== 430 [Wed Mar  7 07:31:20 CET 2018] scale:10000000 groups:10000 work_mem:64MB incremental:off max_workers:2 =====
SELECT * FROM (SELECT * FROM s_2 ORDER BY a, b) foo ORDER BY a, b, c
                                                             QUERY PLAN                                                              
-------------------------------------------------------------------------------------------------------------------------------------
 Limit  (cost=3149224.89..3149224.89 rows=1 width=20) (actual time=7057.650..7057.650 rows=0 loops=1)
   ->  Sort  (cost=3024224.22..3049224.35 rows=10000054 width=20) (actual time=6014.585..6840.070 rows=10000000 loops=1)
         Sort Key: s_2.a, s_2.b, s_2.c
         Sort Method: external merge  Disk: 293648kB
         ->  Sort  (cost=1531459.54..1556459.68 rows=10000054 width=20) (actual time=2008.212..2973.051 rows=10000000 loops=1)
               Sort Key: s_2.a, s_2.b
               Sort Method: external merge  Disk: 293648kB
               ->  Seq Scan on s_2  (cost=0.00..163695.54 rows=10000054 width=20) (actual time=0.031..626.808 rows=10000000 loops=1)
 Planning time: 0.243 ms
 Execution time: 7122.191 ms
(10 rows)

===== 431 [Wed Mar  7 07:31:56 CET 2018] scale:10000000 groups:10000 work_mem:64MB incremental:off max_workers:2 =====
SELECT * FROM (SELECT * FROM s_3 ORDER BY a, b, c) foo ORDER BY a, b, c, d
                                                             QUERY PLAN                                                              
-------------------------------------------------------------------------------------------------------------------------------------
 Limit  (cost=3149224.89..3149224.89 rows=1 width=20) (actual time=5567.854..5567.854 rows=0 loops=1)
   ->  Sort  (cost=3024224.22..3049224.35 rows=10000054 width=20) (actual time=4495.082..5344.868 rows=10000000 loops=1)
         Sort Key: s_3.a, s_3.b, s_3.c, s_3.d
         Sort Method: external merge  Disk: 293648kB
         ->  Sort  (cost=1531459.54..1556459.68 rows=10000054 width=20) (actual time=2017.165..2953.271 rows=10000000 loops=1)
               Sort Key: s_3.a, s_3.b, s_3.c
               Sort Method: external merge  Disk: 293648kB
               ->  Seq Scan on s_3  (cost=0.00..163695.54 rows=10000054 width=20) (actual time=0.031..628.963 rows=10000000 loops=1)
 Planning time: 0.257 ms
 Execution time: 5624.062 ms
(10 rows)

===== 432 [Wed Mar  7 07:32:24 CET 2018] scale:10000000 groups:10000 work_mem:64MB incremental:off max_workers:2 =====
SELECT * FROM (SELECT * FROM s_4 ORDER BY a, b, c, d) foo ORDER BY a, b, c, d, e
                                                             QUERY PLAN                                                              
-------------------------------------------------------------------------------------------------------------------------------------
 Limit  (cost=3149224.89..3149224.89 rows=1 width=20) (actual time=5288.136..5288.136 rows=0 loops=1)
   ->  Sort  (cost=3024224.22..3049224.35 rows=10000054 width=20) (actual time=4244.927..5071.040 rows=10000000 loops=1)
         Sort Key: s_4.a, s_4.b, s_4.c, s_4.d, s_4.e
         Sort Method: external merge  Disk: 293648kB
         ->  Sort  (cost=1531459.54..1556459.68 rows=10000054 width=20) (actual time=2018.761..2954.356 rows=10000000 loops=1)
               Sort Key: s_4.a, s_4.b, s_4.c, s_4.d
               Sort Method: external merge  Disk: 293648kB
               ->  Seq Scan on s_4  (cost=0.00..163695.54 rows=10000054 width=20) (actual time=0.032..629.306 rows=10000000 loops=1)
 Planning time: 0.254 ms
 Execution time: 5352.545 ms
(10 rows)

===== 433 [Wed Mar  7 07:32:50 CET 2018] scale:10000000 groups:10000 work_mem:128MB incremental:on max_workers:2 =====
SELECT * FROM (SELECT * FROM s_1 ORDER BY a) foo ORDER BY a, b
                                                             QUERY PLAN                                                              
-------------------------------------------------------------------------------------------------------------------------------------
 Limit  (cost=2433628.90..2433628.90 rows=1 width=20) (actual time=6357.089..6357.089 rows=0 loops=1)
   ->  Incremental Sort  (cost=1531525.52..2333628.36 rows=10000054 width=20) (actual time=1958.818..6102.133 rows=10000000 loops=1)
         Sort Key: s_1.a, s_1.b
         Presorted Key: s_1.a
         Sort Method: quicksort  Memory: 136kB
         Sort Groups: 10001
         ->  Sort  (cost=1531459.54..1556459.68 rows=10000054 width=20) (actual time=1958.588..2888.945 rows=10000000 loops=1)
               Sort Key: s_1.a
               Sort Method: external merge  Disk: 293568kB
               ->  Seq Scan on s_1  (cost=0.00..163695.54 rows=10000054 width=20) (actual time=0.027..634.767 rows=10000000 loops=1)
 Planning time: 0.258 ms
 Execution time: 6396.217 ms
(12 rows)

===== 434 [Wed Mar  7 07:33:21 CET 2018] scale:10000000 groups:10000 work_mem:128MB incremental:on max_workers:2 =====
SELECT * FROM (SELECT * FROM s_2 ORDER BY a, b) foo ORDER BY a, b, c
                                                             QUERY PLAN                                                              
-------------------------------------------------------------------------------------------------------------------------------------
 Limit  (cost=2117559.13..2117559.13 rows=1 width=20) (actual time=4792.012..4792.012 rows=0 loops=1)
   ->  Incremental Sort  (cost=1531459.83..2017558.59 rows=10000054 width=20) (actual time=2086.035..4540.043 rows=10000000 loops=1)
         Sort Key: s_2.a, s_2.b, s_2.c
         Presorted Key: s_2.a, s_2.b
         Sort Method: quicksort  Memory: 27kB
         Sort Groups: 312008
         ->  Sort  (cost=1531459.54..1556459.68 rows=10000054 width=20) (actual time=2085.979..3071.878 rows=10000000 loops=1)
               Sort Key: s_2.a, s_2.b
               Sort Method: external merge  Disk: 293568kB
               ->  Seq Scan on s_2  (cost=0.00..163695.54 rows=10000054 width=20) (actual time=0.029..632.039 rows=10000000 loops=1)
 Planning time: 0.251 ms
 Execution time: 4831.210 ms
(12 rows)

===== 435 [Wed Mar  7 07:33:43 CET 2018] scale:10000000 groups:10000 work_mem:128MB incremental:on max_workers:2 =====
SELECT * FROM (SELECT * FROM s_3 ORDER BY a, b, c) foo ORDER BY a, b, c, d
                                                             QUERY PLAN                                                              
-------------------------------------------------------------------------------------------------------------------------------------
 Limit  (cost=2117559.13..2117559.13 rows=1 width=20) (actual time=4595.920..4595.920 rows=0 loops=1)
   ->  Incremental Sort  (cost=1531459.83..2017558.59 rows=10000054 width=20) (actual time=2152.452..4370.226 rows=10000000 loops=1)
         Sort Key: s_3.a, s_3.b, s_3.c, s_3.d
         Presorted Key: s_3.a, s_3.b, s_3.c
         Sort Method: quicksort  Memory: 27kB
         Sort Groups: 312500
         ->  Sort  (cost=1531459.54..1556459.68 rows=10000054 width=20) (actual time=2152.399..3139.532 rows=10000000 loops=1)
               Sort Key: s_3.a, s_3.b, s_3.c
               Sort Method: external merge  Disk: 293568kB
               ->  Seq Scan on s_3  (cost=0.00..163695.54 rows=10000054 width=20) (actual time=0.032..626.230 rows=10000000 loops=1)
 Planning time: 0.257 ms
 Execution time: 4635.048 ms
(12 rows)

===== 436 [Wed Mar  7 07:34:03 CET 2018] scale:10000000 groups:10000 work_mem:128MB incremental:on max_workers:2 =====
SELECT * FROM (SELECT * FROM s_4 ORDER BY a, b, c, d) foo ORDER BY a, b, c, d, e
                                                             QUERY PLAN                                                              
-------------------------------------------------------------------------------------------------------------------------------------
 Limit  (cost=2117559.13..2117559.13 rows=1 width=20) (actual time=4592.607..4592.607 rows=0 loops=1)
   ->  Incremental Sort  (cost=1531459.83..2017558.59 rows=10000054 width=20) (actual time=2149.968..4366.889 rows=10000000 loops=1)
         Sort Key: s_4.a, s_4.b, s_4.c, s_4.d, s_4.e
         Presorted Key: s_4.a, s_4.b, s_4.c, s_4.d
         Sort Method: quicksort  Memory: 27kB
         Sort Groups: 312500
         ->  Sort  (cost=1531459.54..1556459.68 rows=10000054 width=20) (actual time=2149.914..3137.146 rows=10000000 loops=1)
               Sort Key: s_4.a, s_4.b, s_4.c, s_4.d
               Sort Method: external merge  Disk: 293568kB
               ->  Seq Scan on s_4  (cost=0.00..163695.54 rows=10000054 width=20) (actual time=0.031..625.747 rows=10000000 loops=1)
 Planning time: 0.259 ms
 Execution time: 4631.831 ms
(12 rows)

===== 437 [Wed Mar  7 07:34:24 CET 2018] scale:10000000 groups:10000 work_mem:128MB incremental:off max_workers:2 =====
SELECT * FROM (SELECT * FROM s_1 ORDER BY a) foo ORDER BY a, b
                                                             QUERY PLAN                                                              
-------------------------------------------------------------------------------------------------------------------------------------
 Limit  (cost=3149224.89..3149224.89 rows=1 width=20) (actual time=7984.675..7984.675 rows=0 loops=1)
   ->  Sort  (cost=3024224.22..3049224.35 rows=10000054 width=20) (actual time=6949.395..7767.179 rows=10000000 loops=1)
         Sort Key: s_1.a, s_1.b
         Sort Method: external merge  Disk: 293568kB
         ->  Sort  (cost=1531459.54..1556459.68 rows=10000054 width=20) (actual time=1943.844..2864.083 rows=10000000 loops=1)
               Sort Key: s_1.a
               Sort Method: external merge  Disk: 293568kB
               ->  Seq Scan on s_1  (cost=0.00..163695.54 rows=10000054 width=20) (actual time=0.027..633.099 rows=10000000 loops=1)
 Planning time: 0.244 ms
 Execution time: 8053.202 ms
(10 rows)

===== 438 [Wed Mar  7 07:35:06 CET 2018] scale:10000000 groups:10000 work_mem:128MB incremental:off max_workers:2 =====
SELECT * FROM (SELECT * FROM s_2 ORDER BY a, b) foo ORDER BY a, b, c
                                                             QUERY PLAN                                                              
-------------------------------------------------------------------------------------------------------------------------------------
 Limit  (cost=3149224.89..3149224.89 rows=1 width=20) (actual time=7160.871..7160.871 rows=0 loops=1)
   ->  Sort  (cost=3024224.22..3049224.35 rows=10000054 width=20) (actual time=6125.756..6943.355 rows=10000000 loops=1)
         Sort Key: s_2.a, s_2.b, s_2.c
         Sort Method: external merge  Disk: 293568kB
         ->  Sort  (cost=1531459.54..1556459.68 rows=10000054 width=20) (actual time=2077.913..2998.434 rows=10000000 loops=1)
               Sort Key: s_2.a, s_2.b
               Sort Method: external merge  Disk: 293568kB
               ->  Seq Scan on s_2  (cost=0.00..163695.54 rows=10000054 width=20) (actual time=0.032..630.736 rows=10000000 loops=1)
 Planning time: 0.241 ms
 Execution time: 7229.370 ms
(10 rows)

===== 439 [Wed Mar  7 07:35:43 CET 2018] scale:10000000 groups:10000 work_mem:128MB incremental:off max_workers:2 =====
SELECT * FROM (SELECT * FROM s_3 ORDER BY a, b, c) foo ORDER BY a, b, c, d
                                                             QUERY PLAN                                                              
-------------------------------------------------------------------------------------------------------------------------------------
 Limit  (cost=3149224.89..3149224.89 rows=1 width=20) (actual time=5752.934..5752.934 rows=0 loops=1)
   ->  Sort  (cost=3024224.22..3049224.35 rows=10000054 width=20) (actual time=4728.460..5535.660 rows=10000000 loops=1)
         Sort Key: s_3.a, s_3.b, s_3.c, s_3.d
         Sort Method: external merge  Disk: 293568kB
         ->  Sort  (cost=1531459.54..1556459.68 rows=10000054 width=20) (actual time=2087.216..3006.310 rows=10000000 loops=1)
               Sort Key: s_3.a, s_3.b, s_3.c
               Sort Method: external merge  Disk: 293568kB
               ->  Seq Scan on s_3  (cost=0.00..163695.54 rows=10000054 width=20) (actual time=0.032..633.251 rows=10000000 loops=1)
 Planning time: 0.258 ms
 Execution time: 5821.455 ms
(10 rows)

===== 440 [Wed Mar  7 07:36:12 CET 2018] scale:10000000 groups:10000 work_mem:128MB incremental:off max_workers:2 =====
SELECT * FROM (SELECT * FROM s_4 ORDER BY a, b, c, d) foo ORDER BY a, b, c, d, e
                                                             QUERY PLAN                                                              
-------------------------------------------------------------------------------------------------------------------------------------
 Limit  (cost=3149224.89..3149224.89 rows=1 width=20) (actual time=5357.324..5357.324 rows=0 loops=1)
   ->  Sort  (cost=3024224.22..3049224.35 rows=10000054 width=20) (actual time=4333.209..5139.939 rows=10000000 loops=1)
         Sort Key: s_4.a, s_4.b, s_4.c, s_4.d, s_4.e
         Sort Method: external merge  Disk: 293568kB
         ->  Sort  (cost=1531459.54..1556459.68 rows=10000054 width=20) (actual time=2088.695..3007.452 rows=10000000 loops=1)
               Sort Key: s_4.a, s_4.b, s_4.c, s_4.d
               Sort Method: external merge  Disk: 293568kB
               ->  Seq Scan on s_4  (cost=0.00..163695.54 rows=10000054 width=20) (actual time=0.032..631.739 rows=10000000 loops=1)
 Planning time: 0.253 ms
 Execution time: 5426.003 ms
(10 rows)

===== 441 [Wed Mar  7 07:36:38 CET 2018] scale:10000000 groups:10000 work_mem:256MB incremental:on max_workers:2 =====
SELECT * FROM (SELECT * FROM s_1 ORDER BY a) foo ORDER BY a, b
                                                             QUERY PLAN                                                              
-------------------------------------------------------------------------------------------------------------------------------------
 Limit  (cost=2276505.85..2276505.85 rows=1 width=20) (actual time=6392.303..6392.303 rows=0 loops=1)
   ->  Incremental Sort  (cost=1531513.81..2193172.07 rows=8333378 width=20) (actual time=2102.540..6137.081 rows=10000000 loops=1)
         Sort Key: s_1.a, s_1.b
         Presorted Key: s_1.a
         Sort Method: quicksort  Memory: 136kB
         Sort Groups: 10001
         ->  Sort  (cost=1531459.54..1556459.68 rows=10000054 width=20) (actual time=2102.311..2945.118 rows=10000000 loops=1)
               Sort Key: s_1.a
               Sort Method: external merge  Disk: 293552kB
               ->  Seq Scan on s_1  (cost=0.00..163695.54 rows=10000054 width=20) (actual time=0.027..643.376 rows=10000000 loops=1)
 Planning time: 0.244 ms
 Execution time: 6429.764 ms
(12 rows)

===== 442 [Wed Mar  7 07:37:10 CET 2018] scale:10000000 groups:10000 work_mem:256MB incremental:on max_workers:2 =====
SELECT * FROM (SELECT * FROM s_2 ORDER BY a, b) foo ORDER BY a, b, c
                                                             QUERY PLAN                                                              
-------------------------------------------------------------------------------------------------------------------------------------
 Limit  (cost=2024042.51..2024042.51 rows=1 width=20) (actual time=4973.158..4973.158 rows=0 loops=1)
   ->  Incremental Sort  (cost=1531459.84..1940708.73 rows=8333378 width=20) (actual time=2230.629..4748.932 rows=10000000 loops=1)
         Sort Key: s_2.a, s_2.b, s_2.c
         Presorted Key: s_2.a, s_2.b
         Sort Method: quicksort  Memory: 27kB
         Sort Groups: 312008
         ->  Sort  (cost=1531459.54..1556459.68 rows=10000054 width=20) (actual time=2230.576..3165.413 rows=10000000 loops=1)
               Sort Key: s_2.a, s_2.b
               Sort Method: external merge  Disk: 293552kB
               ->  Seq Scan on s_2  (cost=0.00..163695.54 rows=10000054 width=20) (actual time=0.029..641.261 rows=10000000 loops=1)
 Planning time: 0.254 ms
 Execution time: 5014.807 ms
(12 rows)

===== 443 [Wed Mar  7 07:37:32 CET 2018] scale:10000000 groups:10000 work_mem:256MB incremental:on max_workers:2 =====
SELECT * FROM (SELECT * FROM s_3 ORDER BY a, b, c) foo ORDER BY a, b, c, d
                                                             QUERY PLAN                                                              
-------------------------------------------------------------------------------------------------------------------------------------
 Limit  (cost=2024042.51..2024042.51 rows=1 width=20) (actual time=4644.248..4644.248 rows=0 loops=1)
   ->  Incremental Sort  (cost=1531459.84..1940708.73 rows=8333378 width=20) (actual time=2283.901..4418.720 rows=10000000 loops=1)
         Sort Key: s_3.a, s_3.b, s_3.c, s_3.d
         Presorted Key: s_3.a, s_3.b, s_3.c
         Sort Method: quicksort  Memory: 27kB
         Sort Groups: 312500
         ->  Sort  (cost=1531459.54..1556459.68 rows=10000054 width=20) (actual time=2283.847..3189.396 rows=10000000 loops=1)
               Sort Key: s_3.a, s_3.b, s_3.c
               Sort Method: external merge  Disk: 293552kB
               ->  Seq Scan on s_3  (cost=0.00..163695.54 rows=10000054 width=20) (actual time=0.031..637.238 rows=10000000 loops=1)
 Planning time: 0.261 ms
 Execution time: 4685.689 ms
(12 rows)

===== 444 [Wed Mar  7 07:37:53 CET 2018] scale:10000000 groups:10000 work_mem:256MB incremental:on max_workers:2 =====
SELECT * FROM (SELECT * FROM s_4 ORDER BY a, b, c, d) foo ORDER BY a, b, c, d, e
                                                             QUERY PLAN                                                              
-------------------------------------------------------------------------------------------------------------------------------------
 Limit  (cost=2024042.51..2024042.51 rows=1 width=20) (actual time=4648.119..4648.119 rows=0 loops=1)
   ->  Incremental Sort  (cost=1531459.84..1940708.73 rows=8333378 width=20) (actual time=2283.887..4422.829 rows=10000000 loops=1)
         Sort Key: s_4.a, s_4.b, s_4.c, s_4.d, s_4.e
         Presorted Key: s_4.a, s_4.b, s_4.c, s_4.d
         Sort Method: quicksort  Memory: 27kB
         Sort Groups: 312500
         ->  Sort  (cost=1531459.54..1556459.68 rows=10000054 width=20) (actual time=2283.832..3190.863 rows=10000000 loops=1)
               Sort Key: s_4.a, s_4.b, s_4.c, s_4.d
               Sort Method: external merge  Disk: 293552kB
               ->  Seq Scan on s_4  (cost=0.00..163695.54 rows=10000054 width=20) (actual time=0.031..636.269 rows=10000000 loops=1)
 Planning time: 0.272 ms
 Execution time: 4689.484 ms
(12 rows)

===== 445 [Wed Mar  7 07:38:14 CET 2018] scale:10000000 groups:10000 work_mem:256MB incremental:off max_workers:2 =====
SELECT * FROM (SELECT * FROM s_1 ORDER BY a) foo ORDER BY a, b
                                                                    QUERY PLAN                                                                    
--------------------------------------------------------------------------------------------------------------------------------------------------
 Limit  (cost=2853138.37..2853138.37 rows=1 width=20) (actual time=7821.798..7821.798 rows=0 loops=1)
   ->  Sort  (cost=2748971.14..2769804.59 rows=8333378 width=20) (actual time=6843.657..7603.447 rows=10000000 loops=1)
         Sort Key: s_1.a, s_1.b
         Sort Method: external merge  Disk: 293552kB
         ->  Gather Merge  (cost=564499.16..1536794.48 rows=8333378 width=20) (actual time=830.771..2360.276 rows=10000000 loops=1)
               Workers Planned: 2
               Workers Launched: 2
               ->  Sort  (cost=563499.14..573915.86 rows=4166689 width=20) (actual time=828.711..1114.647 rows=3333333 loops=3)
                     Sort Key: s_1.a
                     Sort Method: external merge  Disk: 97352kB
                     Worker 0:  Sort Method: external merge  Disk: 98416kB
                     Worker 1:  Sort Method: external merge  Disk: 97784kB
                     ->  Parallel Seq Scan on s_1  (cost=0.00..105361.89 rows=4166689 width=20) (actual time=0.024..237.034 rows=3333333 loops=3)
 Planning time: 0.252 ms
 Execution time: 7868.109 ms
(15 rows)

===== 446 [Wed Mar  7 07:38:55 CET 2018] scale:10000000 groups:10000 work_mem:256MB incremental:off max_workers:2 =====
SELECT * FROM (SELECT * FROM s_2 ORDER BY a, b) foo ORDER BY a, b, c
                                                                    QUERY PLAN                                                                    
--------------------------------------------------------------------------------------------------------------------------------------------------
 Limit  (cost=2853138.37..2853138.37 rows=1 width=20) (actual time=7212.887..7212.887 rows=0 loops=1)
   ->  Sort  (cost=2748971.14..2769804.59 rows=8333378 width=20) (actual time=6236.963..6994.470 rows=10000000 loops=1)
         Sort Key: s_2.a, s_2.b, s_2.c
         Sort Method: external merge  Disk: 293552kB
         ->  Gather Merge  (cost=564499.16..1536794.48 rows=8333378 width=20) (actual time=879.491..2640.577 rows=10000000 loops=1)
               Workers Planned: 2
               Workers Launched: 2
               ->  Sort  (cost=563499.14..573915.86 rows=4166689 width=20) (actual time=877.476..1167.168 rows=3333333 loops=3)
                     Sort Key: s_2.a, s_2.b
                     Sort Method: external merge  Disk: 97568kB
                     Worker 0:  Sort Method: external merge  Disk: 98144kB
                     Worker 1:  Sort Method: external merge  Disk: 97840kB
                     ->  Parallel Seq Scan on s_2  (cost=0.00..105361.89 rows=4166689 width=20) (actual time=0.025..236.707 rows=3333333 loops=3)
 Planning time: 0.247 ms
 Execution time: 7257.463 ms
(15 rows)

===== 447 [Wed Mar  7 07:39:32 CET 2018] scale:10000000 groups:10000 work_mem:256MB incremental:off max_workers:2 =====
SELECT * FROM (SELECT * FROM s_3 ORDER BY a, b, c) foo ORDER BY a, b, c, d
                                                                    QUERY PLAN                                                                    
--------------------------------------------------------------------------------------------------------------------------------------------------
 Limit  (cost=2853138.37..2853138.37 rows=1 width=20) (actual time=5789.367..5789.367 rows=0 loops=1)
   ->  Sort  (cost=2748971.14..2769804.59 rows=8333378 width=20) (actual time=4813.711..5570.865 rows=10000000 loops=1)
         Sort Key: s_3.a, s_3.b, s_3.c, s_3.d
         Sort Method: external merge  Disk: 293552kB
         ->  Gather Merge  (cost=564499.16..1536794.48 rows=8333378 width=20) (actual time=882.385..2644.694 rows=10000000 loops=1)
               Workers Planned: 2
               Workers Launched: 2
               ->  Sort  (cost=563499.14..573915.86 rows=4166689 width=20) (actual time=879.642..1168.743 rows=3333333 loops=3)
                     Sort Key: s_3.a, s_3.b, s_3.c
                     Sort Method: external merge  Disk: 97800kB
                     Worker 0:  Sort Method: external merge  Disk: 97424kB
                     Worker 1:  Sort Method: external merge  Disk: 98336kB
                     ->  Parallel Seq Scan on s_3  (cost=0.00..105361.89 rows=4166689 width=20) (actual time=0.026..237.866 rows=3333333 loops=3)
 Planning time: 0.258 ms
 Execution time: 5833.951 ms
(15 rows)

===== 448 [Wed Mar  7 07:40:01 CET 2018] scale:10000000 groups:10000 work_mem:256MB incremental:off max_workers:2 =====
SELECT * FROM (SELECT * FROM s_4 ORDER BY a, b, c, d) foo ORDER BY a, b, c, d, e
                                                                    QUERY PLAN                                                                    
--------------------------------------------------------------------------------------------------------------------------------------------------
 Limit  (cost=2853138.37..2853138.37 rows=1 width=20) (actual time=5348.392..5348.392 rows=0 loops=1)
   ->  Sort  (cost=2748971.14..2769804.59 rows=8333378 width=20) (actual time=4372.785..5129.845 rows=10000000 loops=1)
         Sort Key: s_4.a, s_4.b, s_4.c, s_4.d, s_4.e
         Sort Method: external merge  Disk: 293552kB
         ->  Gather Merge  (cost=564499.16..1536794.48 rows=8333378 width=20) (actual time=880.641..2642.862 rows=10000000 loops=1)
               Workers Planned: 2
               Workers Launched: 2
               ->  Sort  (cost=563499.14..573915.86 rows=4166689 width=20) (actual time=878.750..1168.584 rows=3333333 loops=3)
                     Sort Key: s_4.a, s_4.b, s_4.c, s_4.d
                     Sort Method: external merge  Disk: 97960kB
                     Worker 0:  Sort Method: external merge  Disk: 97544kB
                     Worker 1:  Sort Method: external merge  Disk: 98056kB
                     ->  Parallel Seq Scan on s_4  (cost=0.00..105361.89 rows=4166689 width=20) (actual time=0.026..237.779 rows=3333333 loops=3)
 Planning time: 0.263 ms
 Execution time: 5392.951 ms
(15 rows)

